
           ####    G N O M   ---   Version 4.5a revised 09/02/02     ####

                                                  Sat Nov  4 16:59:23 2017
           ===    Run No   1   ===
 Run title:  0.000132994 0 0


  Number of points omitted at the end:         172
   *******   Working Directory :
   *******    Input file(s) : 25578_02B_S024_0_01.sub
           Condition P(rmin) = 0 is used. 
           Condition P(rmax) = 0 is used. 

          Experimental conditions for the first run
          -----------------------------------------

          Highest ALPHA is found to be   0.1991E+02

  The measure of inconsistency AN1 equals to    0.1112E+01

          Warning: using the chosen range in the real space 
             it is not possible to fit the data set within the
             given error band. 
     Alpha    Discrp  Oscill  Stabil  Sysdev  Positv  Valcen    Total   
  0.1991E+05 23.1129  1.1440  0.9144  0.2603  1.0000  0.8680  0.00001
  0.3981E+04 18.0469  1.1433  0.7011  0.4247  1.0000  0.8691  0.00001
  0.7962E+03  9.5663  1.1484  0.3283  0.2694  1.0000  0.8731  0.00001
  0.1592E+03  4.4950  1.2247  0.1367  0.3151  1.0000  0.8797  0.00001
  0.3185E+02  1.8742  1.4278  0.0976  0.4612  1.0000  0.8840  0.52169
  0.6370E+01  0.7691  1.5755  0.0406  0.6073  1.0000  0.8891  0.61070
  0.1274E+01  0.5608  1.6376  0.0144  0.7169  1.0000  0.8919  0.61821
  0.2548E+00  0.5429  1.6605  0.0076  0.7443  1.0000  0.8928  0.66371
  0.5096E-01  0.5403  1.6847  0.0166  0.7626  1.0000  0.8925  0.49324
  0.1019E-01  0.5368  1.8608  0.0454  0.7534  0.9998  0.8877  0.10000
  0.2038E-02  0.5333  2.4804  0.0711  0.7352  0.9984  0.8766  0.10000
  0.4077E-03  0.5306  4.0500  0.1599  0.7260  0.9915  0.8501  0.10000
  0.8154E-04  0.5277  7.3501  0.1771  0.7443  0.9601  0.7792  0.10000
  0.1631E-04  0.5264 10.5713  0.3796  0.7443  0.9039  0.6892  0.10000
  0.3261E-05  0.5248 13.7872  0.5980  0.7443  0.8324  0.3883  0.10000
  0.6523E-06  0.5234 13.4588  0.5107  0.7352  0.7851  0.3533  0.10000
  0.1305E-06  0.5215 14.0718  0.6891  0.7443  0.7439  0.3226  0.10000
  0.2609E-07  0.5177 15.5709  0.5308  0.7534  0.7211  0.2986  0.10000
  0.5218E-08  0.5148 17.1288  0.3639  0.7534  0.7151  0.2979  0.10000
  0.1044E-08  0.5127 19.2483  0.8405  0.7534  0.7190  0.2675  0.10000
  0.2087E-09  0.5071 18.7870  0.7478  0.7534  0.7211  0.2927  0.10000
  0.4175E-10  0.4938 21.5676  0.7296  0.7534  0.7317  0.3230  0.10000
  0.8349E-11  0.4555 25.0302  0.7241  0.7534  0.7267  0.3095  0.10000
  0.1670E-11  0.3766 27.3470  0.5467  0.7717  0.7259  0.2802  0.10000
  0.3340E-12  0.2689 32.5760  0.3984  0.7443  0.7315  0.3451  0.10000
  0.6679E-13  0.1473 39.8265  0.3024  0.7443  0.7062  0.2936  0.10000
  0.1336E-13  0.0565 44.0664  0.1772  0.7443  0.6726  0.4414  0.10000
  0.2672E-14  0.0149 45.6114  0.0586  0.7717  0.6513  0.5151  0.10000
  0.5344E-15  0.0032 45.9992  0.0134  0.7808  0.6448  0.5345  0.10000
  0.1069E-15  0.0006 46.0812  0.0027  0.7808  0.6433  0.5387  0.10000
  0.2137E-16  0.0001 46.0978  0.0006  0.7808  0.6430  0.5395  0.10000

          ***  Golden section search to maximize estimate ***
     Alpha    Discrp  Oscill  Stabil  Sysdev  Positv  Valcen    Total   
  0.4712E+00  0.5455  1.6538  0.0088  0.7260  1.0000  0.8925  0.64022
  0.2015E+00  0.5424  1.6628  0.0077  0.7534  1.0000  0.8928  0.66048
  0.3222E+00  0.5437  1.6581  0.0079  0.7443  1.0000  0.8927  0.65771
  0.2329E+00  0.5427  1.6614  0.0076  0.7443  1.0000  0.8928  0.66620
  0.2204E+00  0.5426  1.6619  0.0076  0.7534  1.0000  0.8928  0.66855
  0.2130E+00  0.5425  1.6623  0.0076  0.7534  1.0000  0.8928  0.66553
  0.2251E+00  0.5426  1.6617  0.0076  0.7534  1.0000  0.8928  0.67039
  0.2281E+00  0.5426  1.6616  0.0076  0.7534  1.0000  0.8928  0.67151
  0.2299E+00  0.5427  1.6615  0.0076  0.7534  1.0000  0.8928  0.67156
  0.2311E+00  0.5427  1.6614  0.0076  0.7443  1.0000  0.8928  0.66643
  0.2292E+00  0.5426  1.6615  0.0076  0.7534  1.0000  0.8928  0.67165
  0.2288E+00  0.5426  1.6615  0.0076  0.7534  1.0000  0.8928  0.67170
  0.2285E+00  0.5426  1.6616  0.0076  0.7534  1.0000  0.8928  0.67167
  0.2288E+00  0.5426  1.6615  0.0076  0.7534  1.0000  0.8928  0.67170



             ####            Final results            ####

 Parameter    DISCRP    OSCILL    STABIL    SYSDEV    POSITV    VALCEN
 Weight        1.000     3.000     3.000     4.000     1.000     1.000
 Sigma         0.500     0.600     0.120     0.200     0.120     0.120
 Ideal         1.000     1.100     0.000     1.000     1.000     0.950
 Current       0.543     1.662     0.008     0.753     1.000     0.893
                - - - - - - - - - - - - - - - - - - - - - - - - - 
 Estimate      0.433     0.416     0.996     0.219     1.000     0.797

  Angular   range    :     from    0.0085   to    0.3427
  Real space range   :     from      0.00   to     99.12

  Highest ALPHA (theor) :   0.199E+05                 JOB = 0
  Current ALPHA         :   0.229E+00   Rg :  0.260E+02   I(0) :   0.227E+03

           Total  estimate : 0.672  which is  A REASONABLE  solution

      S          J EXP       ERROR       J REG       I REG

  0.0000E+00                                      0.2269E+03
  0.7751E-03                                      0.2269E+03
  0.1550E-02                                      0.2268E+03
  0.2325E-02                                      0.2266E+03
  0.3100E-02                                      0.2264E+03
  0.3875E-02                                      0.2262E+03
  0.4651E-02                                      0.2258E+03
  0.5426E-02                                      0.2254E+03
  0.6201E-02                                      0.2250E+03
  0.6976E-02                                      0.2245E+03
  0.7751E-02                                      0.2239E+03
  0.8526E-02  0.2443E+03  0.5307E+02  0.2232E+03  0.2232E+03
  0.9289E-02  0.2355E+03  0.2701E+02  0.2226E+03  0.2226E+03
  0.1005E-01  0.2545E+03  0.1705E+02  0.2218E+03  0.2218E+03
  0.1082E-01  0.2440E+03  0.1343E+02  0.2210E+03  0.2210E+03
  0.1158E-01  0.2266E+03  0.1125E+02  0.2202E+03  0.2202E+03
  0.1234E-01  0.2104E+03  0.9868E+01  0.2193E+03  0.2193E+03
  0.1310E-01  0.2181E+03  0.8767E+01  0.2183E+03  0.2183E+03
  0.1387E-01  0.2217E+03  0.7149E+01  0.2173E+03  0.2173E+03
  0.1463E-01  0.2107E+03  0.6596E+01  0.2163E+03  0.2163E+03
  0.1539E-01  0.2214E+03  0.6023E+01  0.2152E+03  0.2152E+03
  0.1616E-01  0.2225E+03  0.5787E+01  0.2140E+03  0.2140E+03
  0.1692E-01  0.2085E+03  0.5218E+01  0.2128E+03  0.2128E+03
  0.1768E-01  0.2082E+03  0.4805E+01  0.2116E+03  0.2116E+03
  0.1845E-01  0.2094E+03  0.4728E+01  0.2103E+03  0.2103E+03
  0.1921E-01  0.2082E+03  0.4431E+01  0.2089E+03  0.2089E+03
  0.1997E-01  0.2058E+03  0.4470E+01  0.2075E+03  0.2075E+03
  0.2073E-01  0.2068E+03  0.4204E+01  0.2061E+03  0.2061E+03
  0.2150E-01  0.2126E+03  0.3976E+01  0.2046E+03  0.2046E+03
  0.2226E-01  0.2033E+03  0.3945E+01  0.2031E+03  0.2031E+03
  0.2302E-01  0.2023E+03  0.3660E+01  0.2016E+03  0.2016E+03
  0.2379E-01  0.1980E+03  0.3755E+01  0.2000E+03  0.2000E+03
  0.2455E-01  0.1978E+03  0.3551E+01  0.1983E+03  0.1983E+03
  0.2531E-01  0.1936E+03  0.3566E+01  0.1967E+03  0.1967E+03
  0.2608E-01  0.1930E+03  0.3452E+01  0.1950E+03  0.1950E+03
  0.2684E-01  0.1975E+03  0.3282E+01  0.1932E+03  0.1932E+03
  0.2760E-01  0.1907E+03  0.3329E+01  0.1915E+03  0.1915E+03
  0.2836E-01  0.1873E+03  0.3211E+01  0.1897E+03  0.1897E+03
  0.2913E-01  0.1905E+03  0.3223E+01  0.1879E+03  0.1879E+03
  0.2989E-01  0.1863E+03  0.3136E+01  0.1860E+03  0.1860E+03
  0.3065E-01  0.1852E+03  0.2969E+01  0.1841E+03  0.1841E+03
  0.3142E-01  0.1858E+03  0.2922E+01  0.1822E+03  0.1822E+03
  0.3218E-01  0.1763E+03  0.2809E+01  0.1803E+03  0.1803E+03
  0.3294E-01  0.1676E+03  0.2805E+01  0.1783E+03  0.1783E+03
  0.3371E-01  0.1740E+03  0.2774E+01  0.1763E+03  0.1763E+03
  0.3447E-01  0.1706E+03  0.2770E+01  0.1744E+03  0.1744E+03
  0.3523E-01  0.1744E+03  0.2821E+01  0.1723E+03  0.1723E+03
  0.3599E-01  0.1702E+03  0.2699E+01  0.1703E+03  0.1703E+03
  0.3676E-01  0.1663E+03  0.2753E+01  0.1682E+03  0.1682E+03
  0.3752E-01  0.1628E+03  0.2641E+01  0.1662E+03  0.1662E+03
  0.3828E-01  0.1581E+03  0.2677E+01  0.1641E+03  0.1641E+03
  0.3905E-01  0.1612E+03  0.2671E+01  0.1620E+03  0.1620E+03
  0.3981E-01  0.1620E+03  0.2537E+01  0.1599E+03  0.1599E+03
  0.4057E-01  0.1582E+03  0.2590E+01  0.1578E+03  0.1578E+03
  0.4134E-01  0.1583E+03  0.2450E+01  0.1557E+03  0.1557E+03
  0.4210E-01  0.1553E+03  0.2457E+01  0.1535E+03  0.1535E+03
  0.4286E-01  0.1550E+03  0.2398E+01  0.1514E+03  0.1514E+03
  0.4362E-01  0.1517E+03  0.2393E+01  0.1493E+03  0.1493E+03
  0.4439E-01  0.1433E+03  0.2380E+01  0.1471E+03  0.1471E+03
  0.4515E-01  0.1474E+03  0.2329E+01  0.1450E+03  0.1450E+03
  0.4591E-01  0.1455E+03  0.2404E+01  0.1428E+03  0.1428E+03
  0.4668E-01  0.1472E+03  0.2269E+01  0.1407E+03  0.1407E+03
  0.4744E-01  0.1428E+03  0.2318E+01  0.1385E+03  0.1385E+03
  0.4820E-01  0.1389E+03  0.2338E+01  0.1364E+03  0.1364E+03
  0.4897E-01  0.1323E+03  0.2236E+01  0.1342E+03  0.1342E+03
  0.4973E-01  0.1311E+03  0.2278E+01  0.1321E+03  0.1321E+03
  0.5049E-01  0.1349E+03  0.2192E+01  0.1299E+03  0.1299E+03
  0.5125E-01  0.1287E+03  0.2179E+01  0.1278E+03  0.1278E+03
  0.5202E-01  0.1273E+03  0.2188E+01  0.1256E+03  0.1256E+03
  0.5278E-01  0.1247E+03  0.2117E+01  0.1235E+03  0.1235E+03
  0.5354E-01  0.1201E+03  0.2149E+01  0.1214E+03  0.1214E+03
  0.5431E-01  0.1149E+03  0.2128E+01  0.1193E+03  0.1193E+03
  0.5507E-01  0.1140E+03  0.2177E+01  0.1172E+03  0.1172E+03
  0.5583E-01  0.1188E+03  0.2105E+01  0.1151E+03  0.1151E+03
  0.5660E-01  0.1176E+03  0.2055E+01  0.1130E+03  0.1130E+03
  0.5736E-01  0.1068E+03  0.1992E+01  0.1110E+03  0.1110E+03
  0.5812E-01  0.1054E+03  0.1933E+01  0.1089E+03  0.1089E+03
  0.5888E-01  0.1028E+03  0.1985E+01  0.1069E+03  0.1069E+03
  0.5965E-01  0.1014E+03  0.1950E+01  0.1049E+03  0.1049E+03
  0.6041E-01  0.9946E+02  0.1966E+01  0.1028E+03  0.1028E+03
  0.6117E-01  0.1035E+03  0.1988E+01  0.1008E+03  0.1008E+03
  0.6194E-01  0.9839E+02  0.1951E+01  0.9887E+02  0.9887E+02
  0.6270E-01  0.9575E+02  0.1947E+01  0.9690E+02  0.9690E+02
  0.6346E-01  0.9770E+02  0.1911E+01  0.9495E+02  0.9495E+02
  0.6423E-01  0.9525E+02  0.1945E+01  0.9302E+02  0.9302E+02
  0.6499E-01  0.9060E+02  0.1893E+01  0.9111E+02  0.9111E+02
  0.6575E-01  0.9135E+02  0.1912E+01  0.8921E+02  0.8921E+02
  0.6651E-01  0.8843E+02  0.1908E+01  0.8734E+02  0.8734E+02
  0.6728E-01  0.8564E+02  0.1839E+01  0.8548E+02  0.8548E+02
  0.6804E-01  0.8474E+02  0.1817E+01  0.8364E+02  0.8364E+02
  0.6880E-01  0.8078E+02  0.1794E+01  0.8182E+02  0.8182E+02
  0.6957E-01  0.8169E+02  0.1795E+01  0.8002E+02  0.8002E+02
  0.7033E-01  0.8183E+02  0.1796E+01  0.7824E+02  0.7824E+02
  0.7109E-01  0.7845E+02  0.1751E+01  0.7648E+02  0.7648E+02
  0.7186E-01  0.7116E+02  0.1780E+01  0.7475E+02  0.7475E+02
  0.7262E-01  0.7123E+02  0.1750E+01  0.7303E+02  0.7303E+02
  0.7338E-01  0.7216E+02  0.1728E+01  0.7133E+02  0.7133E+02
  0.7414E-01  0.7015E+02  0.1740E+01  0.6966E+02  0.6966E+02
  0.7491E-01  0.6800E+02  0.1719E+01  0.6801E+02  0.6801E+02
  0.7567E-01  0.6659E+02  0.1729E+01  0.6637E+02  0.6637E+02
  0.7643E-01  0.6283E+02  0.1692E+01  0.6477E+02  0.6477E+02
  0.7720E-01  0.5967E+02  0.1690E+01  0.6318E+02  0.6318E+02
  0.7796E-01  0.6039E+02  0.1645E+01  0.6161E+02  0.6161E+02
  0.7872E-01  0.6015E+02  0.1668E+01  0.6007E+02  0.6007E+02
  0.7949E-01  0.5632E+02  0.1661E+01  0.5855E+02  0.5855E+02
  0.8025E-01  0.5669E+02  0.1608E+01  0.5705E+02  0.5705E+02
  0.8101E-01  0.5472E+02  0.1644E+01  0.5558E+02  0.5558E+02
  0.8177E-01  0.5523E+02  0.1594E+01  0.5413E+02  0.5413E+02
  0.8254E-01  0.5220E+02  0.1625E+01  0.5270E+02  0.5270E+02
  0.8330E-01  0.5197E+02  0.1618E+01  0.5129E+02  0.5129E+02
  0.8406E-01  0.5257E+02  0.1594E+01  0.4991E+02  0.4991E+02
  0.8483E-01  0.4854E+02  0.1604E+01  0.4855E+02  0.4855E+02
  0.8559E-01  0.4598E+02  0.1539E+01  0.4721E+02  0.4721E+02
  0.8635E-01  0.4484E+02  0.1599E+01  0.4589E+02  0.4589E+02
  0.8712E-01  0.4420E+02  0.1565E+01  0.4460E+02  0.4460E+02
  0.8788E-01  0.4493E+02  0.1555E+01  0.4333E+02  0.4333E+02
  0.8864E-01  0.4508E+02  0.1534E+01  0.4208E+02  0.4208E+02
  0.8940E-01  0.3985E+02  0.1494E+01  0.4086E+02  0.4086E+02
  0.9017E-01  0.4151E+02  0.1510E+01  0.3966E+02  0.3966E+02
  0.9093E-01  0.4152E+02  0.1480E+01  0.3848E+02  0.3848E+02
  0.9169E-01  0.3447E+02  0.1491E+01  0.3732E+02  0.3732E+02
  0.9246E-01  0.3424E+02  0.1509E+01  0.3619E+02  0.3619E+02
  0.9322E-01  0.3737E+02  0.1510E+01  0.3507E+02  0.3507E+02
  0.9398E-01  0.3495E+02  0.1532E+01  0.3398E+02  0.3398E+02
  0.9475E-01  0.3413E+02  0.1498E+01  0.3292E+02  0.3292E+02
  0.9551E-01  0.3317E+02  0.1509E+01  0.3187E+02  0.3187E+02
  0.9627E-01  0.3088E+02  0.1482E+01  0.3085E+02  0.3085E+02
  0.9703E-01  0.2827E+02  0.1433E+01  0.2985E+02  0.2985E+02
  0.9780E-01  0.2867E+02  0.1444E+01  0.2887E+02  0.2887E+02
  0.9856E-01  0.2687E+02  0.1397E+01  0.2791E+02  0.2791E+02
  0.9932E-01  0.2642E+02  0.1399E+01  0.2698E+02  0.2698E+02
  0.1001E+00  0.2636E+02  0.1360E+01  0.2606E+02  0.2606E+02
  0.1008E+00  0.2580E+02  0.1380E+01  0.2517E+02  0.2517E+02
  0.1016E+00  0.2525E+02  0.1412E+01  0.2430E+02  0.2430E+02
  0.1024E+00  0.2364E+02  0.1376E+01  0.2345E+02  0.2345E+02
  0.1031E+00  0.2448E+02  0.1409E+01  0.2262E+02  0.2262E+02
  0.1039E+00  0.2297E+02  0.1374E+01  0.2181E+02  0.2181E+02
  0.1047E+00  0.2302E+02  0.1412E+01  0.2102E+02  0.2102E+02
  0.1054E+00  0.2080E+02  0.1401E+01  0.2025E+02  0.2025E+02
  0.1062E+00  0.1821E+02  0.1377E+01  0.1951E+02  0.1951E+02
  0.1070E+00  0.1805E+02  0.1394E+01  0.1878E+02  0.1878E+02
  0.1077E+00  0.1584E+02  0.1355E+01  0.1807E+02  0.1807E+02
  0.1085E+00  0.1752E+02  0.1380E+01  0.1738E+02  0.1738E+02
  0.1092E+00  0.1309E+02  0.1359E+01  0.1672E+02  0.1672E+02
  0.1100E+00  0.1445E+02  0.1343E+01  0.1607E+02  0.1607E+02
  0.1108E+00  0.1556E+02  0.1350E+01  0.1544E+02  0.1544E+02
  0.1115E+00  0.1470E+02  0.1319E+01  0.1483E+02  0.1483E+02
  0.1123E+00  0.1506E+02  0.1313E+01  0.1424E+02  0.1424E+02
  0.1131E+00  0.1471E+02  0.1295E+01  0.1366E+02  0.1366E+02
  0.1138E+00  0.1393E+02  0.1333E+01  0.1311E+02  0.1311E+02
  0.1146E+00  0.1311E+02  0.1302E+01  0.1257E+02  0.1257E+02
  0.1153E+00  0.1153E+02  0.1292E+01  0.1205E+02  0.1205E+02
  0.1161E+00  0.1079E+02  0.1313E+01  0.1155E+02  0.1155E+02
  0.1169E+00  0.1110E+02  0.1297E+01  0.1107E+02  0.1107E+02
  0.1176E+00  0.1028E+02  0.1309E+01  0.1060E+02  0.1060E+02
  0.1184E+00  0.7544E+01  0.1299E+01  0.1015E+02  0.1015E+02
  0.1192E+00  0.1034E+02  0.1308E+01  0.9719E+01  0.9719E+01
  0.1199E+00  0.1015E+02  0.1302E+01  0.9302E+01  0.9302E+01
  0.1207E+00  0.6929E+01  0.1278E+01  0.8901E+01  0.8901E+01
  0.1215E+00  0.9443E+01  0.1307E+01  0.8517E+01  0.8517E+01
  0.1222E+00  0.7726E+01  0.1276E+01  0.8147E+01  0.8147E+01
  0.1230E+00  0.6682E+01  0.1275E+01  0.7793E+01  0.7793E+01
  0.1237E+00  0.7526E+01  0.1277E+01  0.7455E+01  0.7455E+01
  0.1245E+00  0.7472E+01  0.1265E+01  0.7130E+01  0.7130E+01
  0.1253E+00  0.7505E+01  0.1273E+01  0.6820E+01  0.6820E+01
  0.1260E+00  0.6126E+01  0.1252E+01  0.6525E+01  0.6525E+01
  0.1268E+00  0.6865E+01  0.1251E+01  0.6243E+01  0.6243E+01
  0.1276E+00  0.6586E+01  0.1254E+01  0.5974E+01  0.5974E+01
  0.1283E+00  0.6756E+01  0.1254E+01  0.5719E+01  0.5719E+01
  0.1291E+00  0.3596E+01  0.1259E+01  0.5476E+01  0.5476E+01
  0.1298E+00  0.4600E+01  0.1248E+01  0.5246E+01  0.5246E+01
  0.1306E+00  0.7611E+01  0.1286E+01  0.5029E+01  0.5029E+01
  0.1314E+00  0.7956E+01  0.1282E+01  0.4823E+01  0.4823E+01
  0.1321E+00  0.6499E+01  0.1260E+01  0.4629E+01  0.4629E+01
  0.1329E+00  0.7313E+01  0.1282E+01  0.4446E+01  0.4446E+01
  0.1337E+00  0.3626E+01  0.1250E+01  0.4274E+01  0.4274E+01
  0.1344E+00  0.2704E+01  0.1281E+01  0.4113E+01  0.4113E+01
  0.1352E+00  0.1881E+01  0.1259E+01  0.3961E+01  0.3961E+01
  0.1359E+00  0.2404E+01  0.1290E+01  0.3820E+01  0.3820E+01
  0.1367E+00  0.1483E+01  0.1274E+01  0.3689E+01  0.3689E+01
  0.1375E+00  0.4118E+01  0.1265E+01  0.3566E+01  0.3566E+01
  0.1382E+00  0.3416E+01  0.1279E+01  0.3453E+01  0.3453E+01
  0.1390E+00  0.2460E+01  0.1285E+01  0.3348E+01  0.3348E+01
  0.1398E+00  0.2425E+01  0.1304E+01  0.3252E+01  0.3252E+01
  0.1405E+00  0.1903E+01  0.1298E+01  0.3163E+01  0.3163E+01
  0.1413E+00  0.1956E+01  0.1283E+01  0.3083E+01  0.3083E+01
  0.1421E+00  0.4950E+01  0.1305E+01  0.3009E+01  0.3009E+01
  0.1428E+00  0.2705E+01  0.1294E+01  0.2942E+01  0.2942E+01
  0.1436E+00  0.1832E+01  0.1285E+01  0.2883E+01  0.2883E+01
  0.1443E+00  0.1931E+01  0.1282E+01  0.2829E+01  0.2829E+01
  0.1451E+00 -0.4160E+00  0.1282E+01  0.2782E+01  0.2782E+01
  0.1459E+00  0.8200E+00  0.1275E+01  0.2740E+01  0.2740E+01
  0.1466E+00  0.5209E+01  0.1262E+01  0.2703E+01  0.2703E+01
  0.1474E+00  0.4185E+01  0.1286E+01  0.2672E+01  0.2672E+01
  0.1482E+00  0.3038E+01  0.1262E+01  0.2646E+01  0.2646E+01
  0.1489E+00  0.1625E+01  0.1268E+01  0.2624E+01  0.2624E+01
  0.1497E+00  0.4193E+01  0.1261E+01  0.2606E+01  0.2606E+01
  0.1504E+00  0.1122E+01  0.1258E+01  0.2593E+01  0.2593E+01
  0.1512E+00  0.2198E+01  0.1282E+01  0.2583E+01  0.2583E+01
  0.1520E+00  0.4481E+01  0.1273E+01  0.2576E+01  0.2576E+01
  0.1527E+00  0.4880E+01  0.1290E+01  0.2573E+01  0.2573E+01
  0.1535E+00  0.3911E+01  0.1285E+01  0.2572E+01  0.2572E+01
  0.1543E+00  0.1650E+01  0.1291E+01  0.2574E+01  0.2574E+01
  0.1550E+00  0.3363E+01  0.1316E+01  0.2579E+01  0.2579E+01
  0.1558E+00  0.2743E+01  0.1295E+01  0.2586E+01  0.2586E+01
  0.1565E+00  0.1027E+01  0.1298E+01  0.2594E+01  0.2594E+01
  0.1573E+00  0.3129E+01  0.1293E+01  0.2605E+01  0.2605E+01
  0.1581E+00  0.2318E+01  0.1298E+01  0.2617E+01  0.2617E+01
  0.1588E+00  0.4001E+01  0.1290E+01  0.2630E+01  0.2630E+01
  0.1596E+00  0.6730E+00  0.1268E+01  0.2644E+01  0.2644E+01
  0.1604E+00  0.2060E+01  0.1277E+01  0.2659E+01  0.2659E+01
  0.1611E+00  0.3439E+01  0.1258E+01  0.2675E+01  0.2675E+01
  0.1619E+00  0.3479E+01  0.1263E+01  0.2692E+01  0.2692E+01
  0.1627E+00  0.4729E+01  0.1238E+01  0.2709E+01  0.2709E+01
  0.1634E+00  0.3261E+01  0.1259E+01  0.2726E+01  0.2726E+01
  0.1642E+00  0.9400E+00  0.1274E+01  0.2743E+01  0.2743E+01
  0.1649E+00  0.3440E+00  0.1266E+01  0.2761E+01  0.2761E+01
  0.1657E+00  0.2563E+01  0.1296E+01  0.2777E+01  0.2777E+01
  0.1665E+00  0.2606E+01  0.1258E+01  0.2794E+01  0.2794E+01
  0.1672E+00  0.2680E+00  0.1283E+01  0.2810E+01  0.2810E+01
  0.1680E+00  0.1525E+01  0.1277E+01  0.2826E+01  0.2826E+01
  0.1688E+00  0.2230E+01  0.1292E+01  0.2841E+01  0.2841E+01
  0.1695E+00  0.2193E+01  0.1300E+01  0.2856E+01  0.2856E+01
  0.1703E+00  0.6065E+01  0.1293E+01  0.2869E+01  0.2869E+01
  0.1710E+00  0.4048E+01  0.1296E+01  0.2882E+01  0.2882E+01
  0.1718E+00  0.2198E+01  0.1294E+01  0.2894E+01  0.2894E+01
  0.1726E+00  0.3279E+01  0.1281E+01  0.2904E+01  0.2904E+01
  0.1733E+00  0.5125E+01  0.1284E+01  0.2914E+01  0.2914E+01
  0.1741E+00  0.4922E+01  0.1268E+01  0.2923E+01  0.2923E+01
  0.1749E+00  0.2157E+01  0.1278E+01  0.2930E+01  0.2930E+01
  0.1756E+00  0.9399E-01  0.1253E+01  0.2936E+01  0.2936E+01
  0.1764E+00  0.1087E+01  0.1253E+01  0.2941E+01  0.2941E+01
  0.1772E+00  0.3207E+01  0.1251E+01  0.2945E+01  0.2945E+01
  0.1779E+00  0.5332E+01  0.1257E+01  0.2948E+01  0.2948E+01
  0.1787E+00  0.4496E+01  0.1253E+01  0.2949E+01  0.2949E+01
  0.1794E+00  0.3686E+01  0.1236E+01  0.2949E+01  0.2949E+01
  0.1802E+00  0.3410E+01  0.1276E+01  0.2947E+01  0.2947E+01
  0.1810E+00  0.2708E+01  0.1264E+01  0.2945E+01  0.2945E+01
  0.1817E+00  0.3275E+01  0.1248E+01  0.2941E+01  0.2941E+01
  0.1825E+00  0.4265E+01  0.1272E+01  0.2936E+01  0.2936E+01
  0.1833E+00  0.2544E+01  0.1257E+01  0.2930E+01  0.2930E+01
  0.1840E+00  0.3078E+01  0.1279E+01  0.2922E+01  0.2922E+01
  0.1848E+00  0.2060E+01  0.1262E+01  0.2913E+01  0.2913E+01
  0.1855E+00  0.2277E+01  0.1275E+01  0.2904E+01  0.2904E+01
  0.1863E+00  0.2207E+01  0.1284E+01  0.2893E+01  0.2893E+01
  0.1871E+00  0.3693E+01  0.1270E+01  0.2881E+01  0.2881E+01
  0.1878E+00  0.3314E+01  0.1290E+01  0.2868E+01  0.2868E+01
  0.1886E+00  0.1748E+01  0.1267E+01  0.2854E+01  0.2854E+01
  0.1894E+00  0.2326E+01  0.1261E+01  0.2839E+01  0.2839E+01
  0.1901E+00  0.5330E+00  0.1268E+01  0.2823E+01  0.2823E+01
  0.1909E+00  0.1072E+01  0.1252E+01  0.2807E+01  0.2807E+01
  0.1916E+00  0.2241E+01  0.1257E+01  0.2790E+01  0.2790E+01
  0.1924E+00  0.1513E+01  0.1244E+01  0.2771E+01  0.2771E+01
  0.1932E+00 -0.8972E-02  0.1251E+01  0.2753E+01  0.2753E+01
  0.1939E+00  0.1766E+01  0.1258E+01  0.2733E+01  0.2733E+01
  0.1947E+00  0.2405E+01  0.1231E+01  0.2713E+01  0.2713E+01
  0.1955E+00  0.4913E+01  0.1253E+01  0.2693E+01  0.2693E+01
  0.1962E+00  0.5759E+01  0.1223E+01  0.2672E+01  0.2672E+01
  0.1970E+00  0.5032E+01  0.1252E+01  0.2650E+01  0.2650E+01
  0.1978E+00  0.4407E+01  0.1240E+01  0.2628E+01  0.2628E+01
  0.1985E+00  0.1844E+01  0.1244E+01  0.2606E+01  0.2606E+01
  0.1993E+00  0.2037E+01  0.1225E+01  0.2584E+01  0.2584E+01
  0.2000E+00  0.3644E+01  0.1216E+01  0.2561E+01  0.2561E+01
  0.2008E+00  0.2858E+01  0.1214E+01  0.2539E+01  0.2539E+01
  0.2016E+00  0.4349E+01  0.1228E+01  0.2516E+01  0.2516E+01
  0.2023E+00  0.2069E+01  0.1223E+01  0.2493E+01  0.2493E+01
  0.2031E+00  0.1186E+01  0.1235E+01  0.2470E+01  0.2470E+01
  0.2039E+00  0.2725E+01  0.1220E+01  0.2447E+01  0.2447E+01
  0.2046E+00  0.4294E+01  0.1223E+01  0.2424E+01  0.2424E+01
  0.2054E+00  0.3588E+01  0.1234E+01  0.2402E+01  0.2402E+01
  0.2061E+00  0.4100E+01  0.1250E+01  0.2379E+01  0.2379E+01
  0.2069E+00  0.2659E+01  0.1261E+01  0.2357E+01  0.2357E+01
  0.2077E+00  0.1926E+01  0.1241E+01  0.2335E+01  0.2335E+01
  0.2084E+00  0.1062E+01  0.1251E+01  0.2313E+01  0.2313E+01
  0.2092E+00  0.2524E+01  0.1249E+01  0.2291E+01  0.2291E+01
  0.2100E+00  0.3745E+01  0.1241E+01  0.2270E+01  0.2270E+01
  0.2107E+00  0.3465E+01  0.1227E+01  0.2249E+01  0.2249E+01
  0.2115E+00  0.2749E+01  0.1242E+01  0.2229E+01  0.2229E+01
  0.2122E+00  0.3227E+01  0.1230E+01  0.2209E+01  0.2209E+01
  0.2130E+00  0.2734E+01  0.1215E+01  0.2189E+01  0.2189E+01
  0.2138E+00  0.9400E+00  0.1206E+01  0.2170E+01  0.2170E+01
  0.2145E+00  0.8110E+00  0.1211E+01  0.2151E+01  0.2151E+01
  0.2153E+00 -0.1006E+01  0.1217E+01  0.2133E+01  0.2133E+01
  0.2161E+00 -0.4080E+00  0.1228E+01  0.2115E+01  0.2115E+01
  0.2168E+00  0.5470E+00  0.1206E+01  0.2098E+01  0.2098E+01
  0.2176E+00  0.2096E+01  0.1228E+01  0.2082E+01  0.2082E+01
  0.2184E+00  0.6598E-01  0.1215E+01  0.2066E+01  0.2066E+01
  0.2191E+00  0.3912E+01  0.1229E+01  0.2050E+01  0.2050E+01
  0.2199E+00  0.4846E+01  0.1218E+01  0.2035E+01  0.2035E+01
  0.2206E+00  0.1560E+01  0.1208E+01  0.2021E+01  0.2021E+01
  0.2214E+00 -0.7794E-01  0.1211E+01  0.2007E+01  0.2007E+01
  0.2222E+00  0.6930E+00  0.1196E+01  0.1993E+01  0.1993E+01
  0.2229E+00  0.6560E+00  0.1201E+01  0.1981E+01  0.1981E+01
  0.2237E+00  0.6710E+00  0.1210E+01  0.1968E+01  0.1968E+01
  0.2245E+00  0.1544E+01  0.1217E+01  0.1957E+01  0.1957E+01
  0.2252E+00  0.2732E+01  0.1227E+01  0.1946E+01  0.1946E+01
  0.2260E+00  0.2279E+01  0.1220E+01  0.1935E+01  0.1935E+01
  0.2267E+00  0.8580E+00  0.1230E+01  0.1925E+01  0.1925E+01
  0.2275E+00  0.4460E+00  0.1233E+01  0.1915E+01  0.1915E+01
  0.2283E+00  0.2616E+01  0.1261E+01  0.1906E+01  0.1906E+01
  0.2290E+00  0.1306E+01  0.1246E+01  0.1898E+01  0.1898E+01
  0.2298E+00  0.1872E+01  0.1249E+01  0.1890E+01  0.1890E+01
  0.2306E+00  0.1702E+01  0.1265E+01  0.1882E+01  0.1882E+01
  0.2313E+00 -0.4290E+00  0.1241E+01  0.1875E+01  0.1875E+01
  0.2321E+00  0.1703E+01  0.1263E+01  0.1869E+01  0.1869E+01
  0.2329E+00  0.5465E+01  0.1248E+01  0.1863E+01  0.1863E+01
  0.2336E+00  0.3754E+01  0.1263E+01  0.1857E+01  0.1857E+01
  0.2344E+00  0.3618E+01  0.1286E+01  0.1852E+01  0.1852E+01
  0.2351E+00  0.1125E+01  0.1294E+01  0.1847E+01  0.1847E+01
  0.2359E+00  0.3207E+01  0.1332E+01  0.1842E+01  0.1842E+01
  0.2367E+00  0.2420E+01  0.1323E+01  0.1838E+01  0.1838E+01
  0.2374E+00  0.3204E+01  0.1341E+01  0.1834E+01  0.1834E+01
  0.2382E+00  0.3209E+01  0.1357E+01  0.1830E+01  0.1830E+01
  0.2390E+00  0.3972E+01  0.1364E+01  0.1827E+01  0.1827E+01
  0.2397E+00  0.3250E+01  0.1368E+01  0.1824E+01  0.1824E+01
  0.2405E+00 -0.6730E+00  0.1362E+01  0.1822E+01  0.1822E+01
  0.2412E+00  0.1329E+01  0.1379E+01  0.1819E+01  0.1819E+01
  0.2420E+00  0.4360E+00  0.1392E+01  0.1817E+01  0.1817E+01
  0.2428E+00  0.7580E+00  0.1395E+01  0.1815E+01  0.1815E+01
  0.2435E+00  0.2954E+01  0.1401E+01  0.1813E+01  0.1813E+01
  0.2443E+00  0.2320E+01  0.1403E+01  0.1812E+01  0.1812E+01
  0.2451E+00  0.2807E+01  0.1416E+01  0.1810E+01  0.1810E+01
  0.2458E+00  0.4047E+01  0.1420E+01  0.1809E+01  0.1809E+01
  0.2466E+00  0.7160E+00  0.1455E+01  0.1808E+01  0.1808E+01
  0.2473E+00  0.3112E+01  0.1453E+01  0.1807E+01  0.1807E+01
  0.2481E+00  0.2501E+01  0.1454E+01  0.1806E+01  0.1806E+01
  0.2489E+00 -0.4360E+00  0.1476E+01  0.1805E+01  0.1805E+01
  0.2496E+00 -0.3168E+01  0.1462E+01  0.1805E+01  0.1805E+01
  0.2504E+00 -0.1279E+01  0.1495E+01  0.1804E+01  0.1804E+01
  0.2512E+00  0.2834E+01  0.1496E+01  0.1804E+01  0.1804E+01
  0.2519E+00  0.8040E+00  0.1485E+01  0.1803E+01  0.1803E+01
  0.2527E+00  0.4108E+01  0.1475E+01  0.1802E+01  0.1802E+01
  0.2535E+00  0.6001E+01  0.1461E+01  0.1802E+01  0.1802E+01
  0.2542E+00  0.2217E+01  0.1507E+01  0.1802E+01  0.1802E+01
  0.2550E+00  0.1862E+01  0.1489E+01  0.1801E+01  0.1801E+01
  0.2557E+00  0.1650E+01  0.1485E+01  0.1800E+01  0.1800E+01
  0.2565E+00  0.3630E+01  0.1475E+01  0.1800E+01  0.1800E+01
  0.2573E+00  0.1583E+01  0.1469E+01  0.1799E+01  0.1799E+01
  0.2580E+00  0.1575E+01  0.1486E+01  0.1799E+01  0.1799E+01
  0.2588E+00  0.5636E+01  0.1488E+01  0.1798E+01  0.1798E+01
  0.2596E+00  0.1885E+01  0.1492E+01  0.1797E+01  0.1797E+01
  0.2603E+00 -0.1139E+01  0.1490E+01  0.1796E+01  0.1796E+01
  0.2611E+00 -0.2940E+01  0.1491E+01  0.1795E+01  0.1795E+01
  0.2618E+00  0.3146E+01  0.1516E+01  0.1794E+01  0.1794E+01
  0.2626E+00  0.1975E+01  0.1451E+01  0.1793E+01  0.1793E+01
  0.2634E+00  0.6560E+00  0.1504E+01  0.1791E+01  0.1791E+01
  0.2641E+00  0.3284E+01  0.1523E+01  0.1790E+01  0.1790E+01
  0.2649E+00  0.4100E+00  0.1528E+01  0.1788E+01  0.1788E+01
  0.2657E+00  0.3793E+01  0.1550E+01  0.1786E+01  0.1786E+01
  0.2664E+00  0.1787E+01  0.1527E+01  0.1785E+01  0.1785E+01
  0.2672E+00  0.1417E+01  0.1542E+01  0.1782E+01  0.1782E+01
  0.2679E+00 -0.4780E+00  0.1522E+01  0.1780E+01  0.1780E+01
  0.2687E+00 -0.2322E+01  0.1549E+01  0.1778E+01  0.1778E+01
  0.2695E+00 -0.9660E+00  0.1541E+01  0.1775E+01  0.1775E+01
  0.2702E+00 -0.1344E+01  0.1532E+01  0.1772E+01  0.1772E+01
  0.2710E+00  0.2985E+01  0.1552E+01  0.1769E+01  0.1769E+01
  0.2718E+00  0.6130E+01  0.1508E+01  0.1766E+01  0.1766E+01
  0.2725E+00  0.3896E+01  0.1532E+01  0.1763E+01  0.1763E+01
  0.2733E+00  0.4970E+00  0.1546E+01  0.1759E+01  0.1759E+01
  0.2741E+00  0.1904E+01  0.1538E+01  0.1755E+01  0.1755E+01
  0.2748E+00  0.2593E+01  0.1555E+01  0.1751E+01  0.1751E+01
  0.2756E+00  0.4212E+01  0.1523E+01  0.1747E+01  0.1747E+01
  0.2763E+00  0.3451E+01  0.1576E+01  0.1743E+01  0.1743E+01
  0.2771E+00  0.2246E+01  0.1555E+01  0.1738E+01  0.1738E+01
  0.2779E+00 -0.1804E+01  0.1582E+01  0.1733E+01  0.1733E+01
  0.2786E+00 -0.1770E+01  0.1600E+01  0.1728E+01  0.1728E+01
  0.2794E+00 -0.3780E+01  0.1591E+01  0.1723E+01  0.1723E+01
  0.2802E+00  0.5940E+00  0.1603E+01  0.1717E+01  0.1717E+01
  0.2809E+00  0.2356E+01  0.1587E+01  0.1711E+01  0.1711E+01
  0.2817E+00  0.2779E+01  0.1561E+01  0.1705E+01  0.1705E+01
  0.2824E+00  0.3848E+01  0.1557E+01  0.1699E+01  0.1699E+01
  0.2832E+00  0.1200E+01  0.1583E+01  0.1693E+01  0.1693E+01
  0.2840E+00  0.1719E+01  0.1604E+01  0.1686E+01  0.1686E+01
  0.2847E+00  0.3483E+01  0.1569E+01  0.1679E+01  0.1679E+01
  0.2855E+00  0.3990E+01  0.1589E+01  0.1672E+01  0.1672E+01
  0.2863E+00  0.2673E+01  0.1573E+01  0.1665E+01  0.1665E+01
  0.2870E+00 -0.1872E+01  0.1561E+01  0.1657E+01  0.1657E+01
  0.2878E+00  0.2860E+00  0.1599E+01  0.1650E+01  0.1650E+01
  0.2885E+00  0.6820E+00  0.1576E+01  0.1642E+01  0.1642E+01
  0.2893E+00 -0.2971E+00  0.1610E+01  0.1634E+01  0.1634E+01
  0.2901E+00  0.1552E+01  0.1589E+01  0.1625E+01  0.1625E+01
  0.2908E+00  0.3930E+01  0.1622E+01  0.1617E+01  0.1617E+01
  0.2916E+00  0.2486E+01  0.1637E+01  0.1608E+01  0.1608E+01
  0.2924E+00  0.5556E+01  0.1621E+01  0.1599E+01  0.1599E+01
  0.2931E+00  0.7381E+01  0.1641E+01  0.1590E+01  0.1590E+01
  0.2939E+00  0.3536E+01  0.1610E+01  0.1581E+01  0.1581E+01
  0.2947E+00  0.3673E+01  0.1629E+01  0.1571E+01  0.1571E+01
  0.2954E+00  0.8640E+00  0.1579E+01  0.1562E+01  0.1562E+01
  0.2962E+00  0.3941E+01  0.1602E+01  0.1552E+01  0.1552E+01
  0.2969E+00  0.2034E+01  0.1605E+01  0.1542E+01  0.1542E+01
  0.2977E+00  0.3366E+01  0.1590E+01  0.1532E+01  0.1532E+01
  0.2985E+00  0.3490E+01  0.1619E+01  0.1522E+01  0.1522E+01
  0.2992E+00  0.2232E+01  0.1566E+01  0.1512E+01  0.1512E+01
  0.3000E+00 -0.3320E+00  0.1594E+01  0.1502E+01  0.1502E+01
  0.3008E+00 -0.2010E+01  0.1614E+01  0.1491E+01  0.1491E+01
  0.3015E+00 -0.2570E+00  0.1599E+01  0.1481E+01  0.1481E+01
  0.3023E+00  0.3794E+01  0.1654E+01  0.1470E+01  0.1470E+01
  0.3030E+00  0.6300E+01  0.1628E+01  0.1459E+01  0.1459E+01
  0.3038E+00  0.4500E+01  0.1694E+01  0.1449E+01  0.1449E+01
  0.3046E+00  0.3557E+01  0.1683E+01  0.1438E+01  0.1438E+01
  0.3053E+00  0.2029E+01  0.1695E+01  0.1427E+01  0.1427E+01
  0.3061E+00  0.1599E+01  0.1713E+01  0.1416E+01  0.1416E+01
  0.3069E+00  0.1091E+01  0.1672E+01  0.1405E+01  0.1405E+01
  0.3076E+00  0.5340E+00  0.1677E+01  0.1394E+01  0.1394E+01
  0.3084E+00 -0.3598E+01  0.1649E+01  0.1384E+01  0.1384E+01
  0.3092E+00 -0.4078E+01  0.1688E+01  0.1373E+01  0.1373E+01
  0.3099E+00  0.3220E+00  0.1667E+01  0.1362E+01  0.1362E+01
  0.3107E+00  0.3368E+01  0.1649E+01  0.1351E+01  0.1351E+01
  0.3114E+00  0.1195E+01  0.1669E+01  0.1340E+01  0.1340E+01
  0.3122E+00 -0.3070E+00  0.1655E+01  0.1330E+01  0.1330E+01
  0.3130E+00  0.2003E+01  0.1648E+01  0.1319E+01  0.1319E+01
  0.3137E+00  0.2902E+01  0.1623E+01  0.1309E+01  0.1309E+01
  0.3145E+00 -0.1153E+01  0.1638E+01  0.1298E+01  0.1298E+01
  0.3153E+00  0.8197E-01  0.1676E+01  0.1288E+01  0.1288E+01
  0.3160E+00 -0.4045E+01  0.1665E+01  0.1278E+01  0.1278E+01
  0.3168E+00 -0.5081E+00  0.1696E+01  0.1268E+01  0.1268E+01
  0.3175E+00  0.3032E+01  0.1692E+01  0.1258E+01  0.1258E+01
  0.3183E+00  0.1461E+01  0.1747E+01  0.1248E+01  0.1248E+01
  0.3191E+00  0.8590E+00  0.1775E+01  0.1238E+01  0.1238E+01
  0.3198E+00  0.3291E+01  0.1768E+01  0.1229E+01  0.1229E+01
  0.3206E+00  0.1819E+01  0.1736E+01  0.1219E+01  0.1219E+01
  0.3214E+00  0.2734E+01  0.1691E+01  0.1210E+01  0.1210E+01
  0.3221E+00 -0.1869E+01  0.1706E+01  0.1201E+01  0.1201E+01
  0.3229E+00  0.1689E+00  0.1709E+01  0.1193E+01  0.1193E+01
  0.3236E+00  0.8301E-01  0.1674E+01  0.1184E+01  0.1184E+01
  0.3244E+00 -0.1421E+01  0.1676E+01  0.1176E+01  0.1176E+01
  0.3252E+00 -0.1996E+01  0.1692E+01  0.1167E+01  0.1167E+01
  0.3259E+00 -0.2680E+00  0.1674E+01  0.1159E+01  0.1159E+01
  0.3267E+00  0.1275E+01  0.1685E+01  0.1151E+01  0.1151E+01
  0.3275E+00  0.2558E+01  0.1696E+01  0.1144E+01  0.1144E+01
  0.3282E+00  0.4090E+01  0.1711E+01  0.1136E+01  0.1136E+01
  0.3290E+00  0.4248E+01  0.1707E+01  0.1129E+01  0.1129E+01
  0.3298E+00  0.1818E+01  0.1749E+01  0.1122E+01  0.1122E+01
  0.3305E+00  0.8050E+00  0.1747E+01  0.1116E+01  0.1116E+01
  0.3313E+00 -0.2877E+01  0.1758E+01  0.1109E+01  0.1109E+01
  0.3320E+00  0.7890E+00  0.1745E+01  0.1103E+01  0.1103E+01
  0.3328E+00  0.1707E+01  0.1717E+01  0.1097E+01  0.1097E+01
  0.3336E+00  0.1930E+00  0.1715E+01  0.1091E+01  0.1091E+01
  0.3343E+00  0.2078E+01  0.1740E+01  0.1085E+01  0.1085E+01
  0.3351E+00  0.1829E+01  0.1724E+01  0.1080E+01  0.1080E+01
  0.3359E+00  0.3214E+01  0.1735E+01  0.1075E+01  0.1075E+01
  0.3366E+00  0.1151E+01  0.1714E+01  0.1070E+01  0.1070E+01
  0.3374E+00 -0.6240E+00  0.1698E+01  0.1065E+01  0.1065E+01
  0.3381E+00  0.2286E+01  0.1741E+01  0.1060E+01  0.1060E+01
  0.3389E+00 -0.2950E+00  0.1746E+01  0.1056E+01  0.1056E+01
  0.3397E+00  0.4080E+00  0.1702E+01  0.1051E+01  0.1051E+01
  0.3404E+00  0.3152E+01  0.1744E+01  0.1047E+01  0.1047E+01
  0.3412E+00  0.3675E+01  0.1735E+01  0.1043E+01  0.1043E+01
  0.3420E+00  0.1834E+01  0.1768E+01  0.1040E+01  0.1040E+01
  0.3427E+00 -0.1080E+00  0.1801E+01  0.1036E+01  0.1036E+01

           Distance distribution  function of particle  


       R          P(R)      ERROR

  0.0000E+00  0.0000E+00  0.0000E+00
  0.9912E+00  0.1057E-01  0.1326E-02
  0.1982E+01  0.2194E-01  0.2041E-02
  0.2974E+01  0.3413E-01  0.2209E-02
  0.3965E+01  0.4718E-01  0.1939E-02
  0.4956E+01  0.6112E-01  0.1401E-02
  0.5947E+01  0.7601E-01  0.9610E-03
  0.6938E+01  0.9188E-01  0.1243E-02
  0.7930E+01  0.1088E+00  0.1956E-02
  0.8921E+01  0.1267E+00  0.2635E-02
  0.9912E+01  0.1457E+00  0.3113E-02
  0.1090E+02  0.1656E+00  0.3325E-02
  0.1189E+02  0.1866E+00  0.3260E-02
  0.1289E+02  0.2083E+00  0.2958E-02
  0.1388E+02  0.2309E+00  0.2522E-02
  0.1487E+02  0.2540E+00  0.2137E-02
  0.1586E+02  0.2775E+00  0.2054E-02
  0.1685E+02  0.3012E+00  0.2361E-02
  0.1784E+02  0.3249E+00  0.2871E-02
  0.1883E+02  0.3482E+00  0.3370E-02
  0.1982E+02  0.3710E+00  0.3735E-02
  0.2082E+02  0.3929E+00  0.3916E-02
  0.2181E+02  0.4137E+00  0.3912E-02
  0.2280E+02  0.4331E+00  0.3767E-02
  0.2379E+02  0.4509E+00  0.3562E-02
  0.2478E+02  0.4667E+00  0.3396E-02
  0.2577E+02  0.4805E+00  0.3348E-02
  0.2676E+02  0.4921E+00  0.3437E-02
  0.2775E+02  0.5012E+00  0.3609E-02
  0.2874E+02  0.5079E+00  0.3786E-02
  0.2974E+02  0.5120E+00  0.3905E-02
  0.3073E+02  0.5136E+00  0.3938E-02
  0.3172E+02  0.5127E+00  0.3900E-02
  0.3271E+02  0.5094E+00  0.3832E-02
  0.3370E+02  0.5037E+00  0.3791E-02
  0.3469E+02  0.4959E+00  0.3819E-02
  0.3568E+02  0.4861E+00  0.3918E-02
  0.3667E+02  0.4744E+00  0.4056E-02
  0.3767E+02  0.4612E+00  0.4181E-02
  0.3866E+02  0.4465E+00  0.4250E-02
  0.3965E+02  0.4306E+00  0.4247E-02
  0.4064E+02  0.4136E+00  0.4186E-02
  0.4163E+02  0.3957E+00  0.4113E-02
  0.4262E+02  0.3770E+00  0.4086E-02
  0.4361E+02  0.3576E+00  0.4150E-02
  0.4460E+02  0.3377E+00  0.4310E-02
  0.4560E+02  0.3174E+00  0.4530E-02
  0.4659E+02  0.2966E+00  0.4748E-02
  0.4758E+02  0.2756E+00  0.4910E-02
  0.4857E+02  0.2543E+00  0.4985E-02
  0.4956E+02  0.2330E+00  0.4971E-02
  0.5055E+02  0.2117E+00  0.4899E-02
  0.5154E+02  0.1906E+00  0.4827E-02
  0.5253E+02  0.1698E+00  0.4817E-02
  0.5352E+02  0.1497E+00  0.4913E-02
  0.5452E+02  0.1304E+00  0.5115E-02
  0.5551E+02  0.1121E+00  0.5385E-02
  0.5650E+02  0.9507E-01  0.5665E-02
  0.5749E+02  0.7957E-01  0.5906E-02
  0.5848E+02  0.6577E-01  0.6078E-02
  0.5947E+02  0.5383E-01  0.6179E-02
  0.6046E+02  0.4383E-01  0.6229E-02
  0.6145E+02  0.3582E-01  0.6265E-02
  0.6245E+02  0.2977E-01  0.6322E-02
  0.6344E+02  0.2556E-01  0.6424E-02
  0.6443E+02  0.2304E-01  0.6572E-02
  0.6542E+02  0.2198E-01  0.6748E-02
  0.6641E+02  0.2210E-01  0.6925E-02
  0.6740E+02  0.2312E-01  0.7076E-02
  0.6839E+02  0.2471E-01  0.7188E-02
  0.6938E+02  0.2659E-01  0.7258E-02
  0.7038E+02  0.2848E-01  0.7294E-02
  0.7137E+02  0.3015E-01  0.7304E-02
  0.7236E+02  0.3141E-01  0.7294E-02
  0.7335E+02  0.3217E-01  0.7259E-02
  0.7434E+02  0.3237E-01  0.7190E-02
  0.7533E+02  0.3201E-01  0.7078E-02
  0.7632E+02  0.3117E-01  0.6926E-02
  0.7731E+02  0.2994E-01  0.6756E-02
  0.7830E+02  0.2845E-01  0.6610E-02
  0.7930E+02  0.2684E-01  0.6545E-02
  0.8029E+02  0.2522E-01  0.6605E-02
  0.8128E+02  0.2371E-01  0.6801E-02
  0.8227E+02  0.2237E-01  0.7099E-02
  0.8326E+02  0.2121E-01  0.7431E-02
  0.8425E+02  0.2023E-01  0.7719E-02
  0.8524E+02  0.1937E-01  0.7904E-02
  0.8623E+02  0.1852E-01  0.7956E-02
  0.8723E+02  0.1761E-01  0.7891E-02
  0.8822E+02  0.1651E-01  0.7765E-02
  0.8921E+02  0.1514E-01  0.7669E-02
  0.9020E+02  0.1344E-01  0.7694E-02
  0.9119E+02  0.1142E-01  0.7883E-02
  0.9218E+02  0.9118E-02  0.8191E-02
  0.9317E+02  0.6644E-02  0.8490E-02
  0.9416E+02  0.4166E-02  0.8600E-02
  0.9516E+02  0.1898E-02  0.8327E-02
  0.9615E+02  0.8977E-04  0.7486E-02
  0.9714E+02 -0.9947E-03  0.5910E-02
  0.9813E+02 -0.1100E-02  0.3454E-02
  0.9912E+02  0.0000E+00  0.0000E+00
          Reciprocal space: Rg =   25.97     , I(0) =   0.2269E+03
     Real space: Rg =   25.98 +- 0.301  I(0) =   0.2269E+03 +-  0.1280E+01
