
           ####    G N O M   ---   Version 4.5a revised 09/02/02     ####

                                                  Sat Nov  4 16:59:24 2017
           ===    Run No   1   ===
 Run title:  0.000132994 0 0


  Number of points omitted at the end:           2

          To optimize the performance, some input data points 
           have been joined. New number of points equals to 305

   *******   Working Directory :
   *******    Input file(s) : 25578_02D_S028_0_01.sub
           Condition P(rmin) = 0 is used. 
           Condition P(rmax) = 0 is used. 

          Experimental conditions for the first run
          -----------------------------------------

          Highest ALPHA is found to be   0.1792E+03

  The measure of inconsistency AN1 equals to    0.1326E+01

          Warning: using the chosen range in the real space 
             it is not possible to fit the data set within the
             given error band. 
     Alpha    Discrp  Oscill  Stabil  Sysdev  Positv  Valcen    Total   
  0.1792E+06 81.4302  1.1186  0.8410  0.0592  1.0000  0.8752  0.00001
  0.3585E+05 53.0679  1.1060  0.5346  0.3750  1.0000  0.8813  0.00001
  0.7170E+04 24.2925  1.0994  0.2135  0.3618  1.0000  0.8967  0.00001
  0.1434E+04 10.3967  1.1878  0.1028  0.4145  1.0000  0.9149  0.00001
  0.2868E+03  3.6126  1.3274  0.0552  0.4934  1.0000  0.9267  0.00001
  0.5736E+02  1.3184  1.4027  0.0180  0.6908  1.0000  0.9312  0.62104
  0.1147E+02  0.9549  1.4299  0.0060  0.8355  1.0000  0.9317  0.67583
  0.2294E+01  0.9220  1.4414  0.0042  0.8750  1.0000  0.9314  0.66120
  0.4589E+00  0.9168  1.4526  0.0063  0.9013  1.0000  0.9312  0.63635
  0.9178E-01  0.9135  1.4924  0.0136  0.9013  1.0000  0.9310  0.10000
  0.1836E-01  0.9109  1.6307  0.0156  0.9145  1.0000  0.9307  0.10000
  0.3671E-02  0.9100  1.8523  0.0211  0.9013  0.9998  0.9302  0.10000
  0.7342E-03  0.9094  2.3882  0.0446  0.9013  0.9994  0.9284  0.10000
  0.1468E-03  0.9087  4.7392  0.1704  0.9013  0.9958  0.9152  0.10000
  0.2937E-04  0.9074 11.4553  0.3079  0.9145  0.9585  0.8335  0.10000
  0.5874E-05  0.9058 19.1569  0.7528  0.9013  0.8578  0.6053  0.10000
  0.1175E-05  0.9020 20.1998  0.7765  0.8882  0.7723  0.2787  0.10000
  0.2349E-06  0.8966 20.5979  0.4112  0.9013  0.7342  0.2466  0.10000
  0.4699E-07  0.8931 24.3446  0.7465  0.9145  0.7163  0.2150  0.10000
  0.9398E-08  0.8850 23.2876  0.9362  0.9408  0.7142  0.2473  0.10000
  0.1880E-08  0.8593 22.0052  0.8620  0.9408  0.7006  0.2937  0.10000
  0.3759E-09  0.7884 23.0318  0.6577  0.9539  0.6829  0.3214  0.10000
  0.7518E-10  0.6535 28.9899  0.4580  0.9013  0.6639  0.3696  0.10000
  0.1504E-10  0.4657 38.9381  0.3823  0.9145  0.6585  0.3817  0.10000
  0.3007E-11  0.2775 47.0906  0.3527  0.8882  0.6706  0.3380  0.10000
  0.6015E-12  0.1222 51.6954  0.2390  0.8882  0.6860  0.2937  0.10000
  0.1203E-12  0.0349 53.6661  0.0844  0.8487  0.6950  0.2675  0.10000
  0.2406E-13  0.0077 54.1934  0.0196  0.8618  0.6975  0.2698  0.10000
  0.4812E-14  0.0016 54.3062  0.0041  0.8618  0.6980  0.2701  0.10000
  0.9623E-15  0.0003 54.3290  0.0008  0.8618  0.6981  0.2702  0.10000
  0.1925E-15  0.0001 54.3336  0.0002  0.8618  0.6981  0.2702  0.10000

          ***  Golden section search to maximize estimate ***
     Alpha    Discrp  Oscill  Stabil  Sysdev  Positv  Valcen    Total   
  0.4243E+01  0.9273  1.4377  0.0044  0.8618  1.0000  0.9315  0.66796
  0.7846E+01  0.9395  1.4333  0.0051  0.8487  1.0000  0.9316  0.67532
  0.5366E+01  0.9308  1.4361  0.0046  0.8618  1.0000  0.9315  0.67522
  0.6786E+01  0.9356  1.4344  0.0049  0.8618  1.0000  0.9316  0.68258
  0.7173E+01  0.9370  1.4340  0.0049  0.8618  1.0000  0.9316  0.68434
  0.7423E+01  0.9379  1.4337  0.0050  0.8618  1.0000  0.9316  0.68542
  0.7582E+01  0.9385  1.4336  0.0050  0.8618  1.0000  0.9316  0.68610
  0.7681E+01  0.9389  1.4335  0.0051  0.8487  1.0000  0.9316  0.67465
  0.7520E+01  0.9383  1.4336  0.0050  0.8618  1.0000  0.9316  0.68584
  0.7620E+01  0.9386  1.4335  0.0050  0.8618  1.0000  0.9316  0.68626
  0.7643E+01  0.9387  1.4335  0.0051  0.8618  1.0000  0.9316  0.68636
  0.7658E+01  0.9388  1.4335  0.0051  0.8618  1.0000  0.9316  0.68642
  0.7658E+01  0.9388  1.4335  0.0051  0.8618  1.0000  0.9316  0.68642



             ####            Final results            ####

 Parameter    DISCRP    OSCILL    STABIL    SYSDEV    POSITV    VALCEN
 Weight        1.000     3.000     3.000     4.000     1.000     1.000
 Sigma         0.500     0.600     0.120     0.200     0.120     0.120
 Ideal         1.000     1.100     0.000     1.000     1.000     0.950
 Current       0.939     1.434     0.005     0.862     1.000     0.932
                - - - - - - - - - - - - - - - - - - - - - - - - - 
 Estimate      0.985     0.734     0.998     0.621     1.000     0.977

  Angular   range    :     from    0.0089   to    0.4724
  Real space range   :     from      0.00   to     87.29

  Highest ALPHA (theor) :   0.179E+06                 JOB = 0
  Current ALPHA         :   0.766E+01   Rg :  0.258E+02   I(0) :   0.784E+03

           Total  estimate : 0.686  which is  A REASONABLE  solution

      S          J EXP       ERROR       J REG       I REG

  0.0000E+00                                      0.7836E+03
  0.1782E-02                                      0.7830E+03
  0.3563E-02                                      0.7814E+03
  0.5345E-02                                      0.7786E+03
  0.7126E-02                                      0.7748E+03
  0.8908E-02  0.7854E+03  0.3011E+02  0.7699E+03  0.7699E+03
  0.1043E-01  0.7866E+03  0.1126E+02  0.7649E+03  0.7649E+03
  0.1196E-01  0.7591E+03  0.7619E+01  0.7591E+03  0.7591E+03
  0.1349E-01  0.7565E+03  0.6116E+01  0.7526E+03  0.7526E+03
  0.1501E-01  0.7542E+03  0.4681E+01  0.7454E+03  0.7454E+03
  0.1654E-01  0.7480E+03  0.4198E+01  0.7374E+03  0.7374E+03
  0.1806E-01  0.7402E+03  0.3672E+01  0.7289E+03  0.7289E+03
  0.1959E-01  0.7242E+03  0.3389E+01  0.7196E+03  0.7196E+03
  0.2112E-01  0.7118E+03  0.3156E+01  0.7098E+03  0.7098E+03
  0.2264E-01  0.7010E+03  0.3087E+01  0.6994E+03  0.6994E+03
  0.2417E-01  0.6853E+03  0.2876E+01  0.6884E+03  0.6884E+03
  0.2569E-01  0.6746E+03  0.2726E+01  0.6769E+03  0.6769E+03
  0.2722E-01  0.6698E+03  0.2638E+01  0.6650E+03  0.6650E+03
  0.2875E-01  0.6482E+03  0.2540E+01  0.6525E+03  0.6525E+03
  0.3027E-01  0.6350E+03  0.2404E+01  0.6397E+03  0.6397E+03
  0.3180E-01  0.6217E+03  0.2273E+01  0.6265E+03  0.6265E+03
  0.3332E-01  0.6085E+03  0.2210E+01  0.6129E+03  0.6129E+03
  0.3485E-01  0.5945E+03  0.2147E+01  0.5990E+03  0.5990E+03
  0.3638E-01  0.5916E+03  0.2140E+01  0.5848E+03  0.5848E+03
  0.3790E-01  0.5730E+03  0.2100E+01  0.5704E+03  0.5704E+03
  0.3943E-01  0.5576E+03  0.2060E+01  0.5558E+03  0.5558E+03
  0.4095E-01  0.5443E+03  0.1957E+01  0.5411E+03  0.5411E+03
  0.4248E-01  0.5265E+03  0.1894E+01  0.5261E+03  0.5261E+03
  0.4401E-01  0.5084E+03  0.1873E+01  0.5111E+03  0.5111E+03
  0.4553E-01  0.4942E+03  0.1798E+01  0.4961E+03  0.4961E+03
  0.4706E-01  0.4758E+03  0.1785E+01  0.4809E+03  0.4809E+03
  0.4858E-01  0.4624E+03  0.1726E+01  0.4658E+03  0.4658E+03
  0.5011E-01  0.4525E+03  0.1689E+01  0.4507E+03  0.4507E+03
  0.5164E-01  0.4358E+03  0.1674E+01  0.4357E+03  0.4357E+03
  0.5316E-01  0.4227E+03  0.1634E+01  0.4208E+03  0.4208E+03
  0.5469E-01  0.4003E+03  0.1629E+01  0.4060E+03  0.4060E+03
  0.5621E-01  0.3865E+03  0.1558E+01  0.3913E+03  0.3913E+03
  0.5774E-01  0.3805E+03  0.1515E+01  0.3767E+03  0.3767E+03
  0.5927E-01  0.3583E+03  0.1483E+01  0.3624E+03  0.3624E+03
  0.6079E-01  0.3485E+03  0.1453E+01  0.3483E+03  0.3483E+03
  0.6232E-01  0.3367E+03  0.1469E+01  0.3343E+03  0.3343E+03
  0.6384E-01  0.3239E+03  0.1450E+01  0.3207E+03  0.3207E+03
  0.6537E-01  0.3095E+03  0.1406E+01  0.3073E+03  0.3073E+03
  0.6690E-01  0.2947E+03  0.1387E+01  0.2941E+03  0.2941E+03
  0.6842E-01  0.2837E+03  0.1356E+01  0.2813E+03  0.2813E+03
  0.6995E-01  0.2718E+03  0.1317E+01  0.2687E+03  0.2687E+03
  0.7147E-01  0.2574E+03  0.1288E+01  0.2565E+03  0.2565E+03
  0.7300E-01  0.2479E+03  0.1289E+01  0.2446E+03  0.2446E+03
  0.7453E-01  0.2328E+03  0.1287E+01  0.2330E+03  0.2330E+03
  0.7605E-01  0.2228E+03  0.1286E+01  0.2217E+03  0.2217E+03
  0.7758E-01  0.2147E+03  0.1219E+01  0.2108E+03  0.2108E+03
  0.7910E-01  0.1990E+03  0.1212E+01  0.2002E+03  0.2002E+03
  0.8063E-01  0.1919E+03  0.1180E+01  0.1899E+03  0.1899E+03
  0.8216E-01  0.1807E+03  0.1167E+01  0.1801E+03  0.1801E+03
  0.8368E-01  0.1682E+03  0.1148E+01  0.1705E+03  0.1705E+03
  0.8521E-01  0.1594E+03  0.1150E+01  0.1613E+03  0.1613E+03
  0.8673E-01  0.1525E+03  0.1121E+01  0.1524E+03  0.1524E+03
  0.8826E-01  0.1434E+03  0.1090E+01  0.1439E+03  0.1439E+03
  0.8979E-01  0.1367E+03  0.1076E+01  0.1357E+03  0.1357E+03
  0.9131E-01  0.1279E+03  0.1058E+01  0.1279E+03  0.1279E+03
  0.9284E-01  0.1262E+03  0.1062E+01  0.1204E+03  0.1204E+03
  0.9436E-01  0.1114E+03  0.1070E+01  0.1132E+03  0.1132E+03
  0.9589E-01  0.1071E+03  0.1052E+01  0.1063E+03  0.1063E+03
  0.9742E-01  0.1005E+03  0.1022E+01  0.9972E+02  0.9972E+02
  0.9894E-01  0.9400E+02  0.9937E+00  0.9347E+02  0.9347E+02
  0.1005E+00  0.8519E+02  0.9780E+00  0.8752E+02  0.8752E+02
  0.1020E+00  0.8078E+02  0.9812E+00  0.8186E+02  0.8186E+02
  0.1035E+00  0.7606E+02  0.9847E+00  0.7649E+02  0.7649E+02
  0.1050E+00  0.6955E+02  0.9993E+00  0.7140E+02  0.7140E+02
  0.1066E+00  0.6592E+02  0.9775E+00  0.6659E+02  0.6659E+02
  0.1081E+00  0.6169E+02  0.9559E+00  0.6203E+02  0.6203E+02
  0.1096E+00  0.5735E+02  0.9403E+00  0.5773E+02  0.5773E+02
  0.1112E+00  0.5025E+02  0.9385E+00  0.5368E+02  0.5368E+02
  0.1127E+00  0.4987E+02  0.9202E+00  0.4987E+02  0.4987E+02
  0.1142E+00  0.4552E+02  0.9144E+00  0.4629E+02  0.4629E+02
  0.1157E+00  0.4313E+02  0.9162E+00  0.4294E+02  0.4294E+02
  0.1173E+00  0.4026E+02  0.9141E+00  0.3980E+02  0.3980E+02
  0.1188E+00  0.3657E+02  0.9033E+00  0.3686E+02  0.3686E+02
  0.1203E+00  0.3316E+02  0.8999E+00  0.3413E+02  0.3413E+02
  0.1218E+00  0.3146E+02  0.8857E+00  0.3159E+02  0.3159E+02
  0.1234E+00  0.2804E+02  0.8900E+00  0.2923E+02  0.2923E+02
  0.1249E+00  0.2668E+02  0.8807E+00  0.2705E+02  0.2705E+02
  0.1264E+00  0.2457E+02  0.8679E+00  0.2503E+02  0.2503E+02
  0.1279E+00  0.2327E+02  0.8711E+00  0.2318E+02  0.2318E+02
  0.1295E+00  0.2254E+02  0.8683E+00  0.2148E+02  0.2148E+02
  0.1310E+00  0.2078E+02  0.8668E+00  0.1992E+02  0.1992E+02
  0.1325E+00  0.2096E+02  0.8858E+00  0.1850E+02  0.1850E+02
  0.1340E+00  0.1741E+02  0.8789E+00  0.1721E+02  0.1721E+02
  0.1356E+00  0.1714E+02  0.8801E+00  0.1604E+02  0.1604E+02
  0.1371E+00  0.1399E+02  0.8761E+00  0.1499E+02  0.1499E+02
  0.1386E+00  0.1505E+02  0.8904E+00  0.1405E+02  0.1405E+02
  0.1401E+00  0.1216E+02  0.9009E+00  0.1321E+02  0.1321E+02
  0.1417E+00  0.1379E+02  0.9050E+00  0.1246E+02  0.1246E+02
  0.1432E+00  0.1190E+02  0.9020E+00  0.1181E+02  0.1181E+02
  0.1447E+00  0.9738E+01  0.8836E+00  0.1124E+02  0.1124E+02
  0.1462E+00  0.1091E+02  0.8831E+00  0.1074E+02  0.1074E+02
  0.1478E+00  0.1050E+02  0.8685E+00  0.1031E+02  0.1031E+02
  0.1493E+00  0.9922E+01  0.8655E+00  0.9953E+01  0.9953E+01
  0.1508E+00  0.9361E+01  0.8675E+00  0.9652E+01  0.9652E+01
  0.1524E+00  0.1005E+02  0.8864E+00  0.9403E+01  0.9403E+01
  0.1539E+00  0.6622E+01  0.9011E+00  0.9203E+01  0.9203E+01
  0.1554E+00  0.5113E+01  0.9045E+00  0.9047E+01  0.9047E+01
  0.1569E+00  0.7307E+01  0.8940E+00  0.8929E+01  0.8929E+01
  0.1585E+00  0.7949E+01  0.8908E+00  0.8845E+01  0.8845E+01
  0.1600E+00  0.1080E+02  0.8859E+00  0.8791E+01  0.8791E+01
  0.1615E+00  0.8406E+01  0.8755E+00  0.8762E+01  0.8762E+01
  0.1630E+00  0.7661E+01  0.8692E+00  0.8755E+01  0.8755E+01
  0.1646E+00  0.1002E+02  0.8788E+00  0.8767E+01  0.8767E+01
  0.1661E+00  0.8107E+01  0.8801E+00  0.8792E+01  0.8792E+01
  0.1676E+00  0.9291E+01  0.8903E+00  0.8830E+01  0.8830E+01
  0.1691E+00  0.9993E+01  0.8884E+00  0.8876E+01  0.8876E+01
  0.1707E+00  0.9435E+01  0.8850E+00  0.8928E+01  0.8928E+01
  0.1722E+00  0.7281E+01  0.8834E+00  0.8984E+01  0.8984E+01
  0.1737E+00  0.8716E+01  0.8896E+00  0.9041E+01  0.9041E+01
  0.1752E+00  0.9663E+01  0.8836E+00  0.9097E+01  0.9097E+01
  0.1768E+00  0.6755E+01  0.8723E+00  0.9152E+01  0.9152E+01
  0.1783E+00  0.7571E+01  0.8649E+00  0.9203E+01  0.9203E+01
  0.1798E+00  0.7442E+01  0.8586E+00  0.9249E+01  0.9249E+01
  0.1813E+00  0.1210E+02  0.8655E+00  0.9289E+01  0.9289E+01
  0.1829E+00  0.7704E+01  0.8621E+00  0.9323E+01  0.9323E+01
  0.1844E+00  0.1107E+02  0.8751E+00  0.9350E+01  0.9350E+01
  0.1859E+00  0.1059E+02  0.8927E+00  0.9368E+01  0.9368E+01
  0.1875E+00  0.1210E+02  0.8836E+00  0.9379E+01  0.9379E+01
  0.1890E+00  0.1114E+02  0.8701E+00  0.9381E+01  0.9381E+01
  0.1905E+00  0.1021E+02  0.8741E+00  0.9376E+01  0.9376E+01
  0.1920E+00  0.9367E+01  0.8563E+00  0.9362E+01  0.9362E+01
  0.1936E+00  0.7675E+01  0.8610E+00  0.9340E+01  0.9340E+01
  0.1951E+00  0.9414E+01  0.8584E+00  0.9312E+01  0.9312E+01
  0.1966E+00  0.1092E+02  0.8580E+00  0.9276E+01  0.9276E+01
  0.1981E+00  0.7646E+01  0.8544E+00  0.9233E+01  0.9233E+01
  0.1997E+00  0.7752E+01  0.8434E+00  0.9185E+01  0.9185E+01
  0.2012E+00  0.1042E+02  0.8334E+00  0.9132E+01  0.9132E+01
  0.2027E+00  0.9854E+01  0.8411E+00  0.9073E+01  0.9073E+01
  0.2042E+00  0.9195E+01  0.8477E+00  0.9011E+01  0.9011E+01
  0.2058E+00  0.9880E+01  0.8500E+00  0.8945E+01  0.8945E+01
  0.2073E+00  0.8454E+01  0.8676E+00  0.8877E+01  0.8877E+01
  0.2088E+00  0.7048E+01  0.8640E+00  0.8806E+01  0.8806E+01
  0.2103E+00  0.7415E+01  0.8526E+00  0.8735E+01  0.8735E+01
  0.2119E+00  0.8341E+01  0.8471E+00  0.8662E+01  0.8662E+01
  0.2134E+00  0.5564E+01  0.8371E+00  0.8588E+01  0.8588E+01
  0.2149E+00  0.9542E+01  0.8291E+00  0.8515E+01  0.8515E+01
  0.2164E+00  0.1012E+02  0.8358E+00  0.8443E+01  0.8443E+01
  0.2180E+00  0.1066E+02  0.8386E+00  0.8371E+01  0.8371E+01
  0.2195E+00  0.5869E+01  0.8383E+00  0.8300E+01  0.8300E+01
  0.2210E+00  0.9277E+01  0.8370E+00  0.8232E+01  0.8232E+01
  0.2225E+00  0.9694E+01  0.8324E+00  0.8165E+01  0.8165E+01
  0.2241E+00  0.8577E+01  0.8366E+00  0.8099E+01  0.8099E+01
  0.2256E+00  0.7530E+01  0.8460E+00  0.8036E+01  0.8036E+01
  0.2271E+00  0.9601E+01  0.8588E+00  0.7976E+01  0.7976E+01
  0.2287E+00  0.6084E+01  0.8685E+00  0.7917E+01  0.7917E+01
  0.2302E+00  0.7497E+01  0.8590E+00  0.7860E+01  0.7860E+01
  0.2317E+00  0.8516E+01  0.8640E+00  0.7806E+01  0.7806E+01
  0.2332E+00  0.4793E+01  0.8740E+00  0.7753E+01  0.7753E+01
  0.2348E+00  0.8226E+01  0.8914E+00  0.7702E+01  0.7702E+01
  0.2363E+00  0.7879E+01  0.9125E+00  0.7653E+01  0.7653E+01
  0.2378E+00  0.9842E+01  0.9206E+00  0.7605E+01  0.7605E+01
  0.2393E+00  0.8443E+01  0.9439E+00  0.7559E+01  0.7559E+01
  0.2409E+00  0.7135E+01  0.9452E+00  0.7513E+01  0.7513E+01
  0.2424E+00  0.5369E+01  0.9566E+00  0.7468E+01  0.7468E+01
  0.2439E+00  0.9032E+01  0.9673E+00  0.7424E+01  0.7424E+01
  0.2454E+00  0.9359E+01  0.9863E+00  0.7381E+01  0.7381E+01
  0.2470E+00  0.7094E+01  0.9972E+00  0.7337E+01  0.7337E+01
  0.2485E+00  0.6324E+01  0.1022E+01  0.7294E+01  0.7294E+01
  0.2500E+00  0.5495E+01  0.1022E+01  0.7250E+01  0.7250E+01
  0.2515E+00  0.7467E+01  0.1027E+01  0.7206E+01  0.7206E+01
  0.2531E+00  0.1019E+02  0.1024E+01  0.7162E+01  0.7162E+01
  0.2546E+00  0.7542E+01  0.1030E+01  0.7117E+01  0.7117E+01
  0.2561E+00  0.5372E+01  0.1020E+01  0.7072E+01  0.7072E+01
  0.2576E+00  0.6055E+01  0.1026E+01  0.7026E+01  0.7026E+01
  0.2592E+00  0.5926E+01  0.1033E+01  0.6979E+01  0.6979E+01
  0.2607E+00  0.7940E+01  0.1038E+01  0.6932E+01  0.6932E+01
  0.2622E+00  0.7643E+01  0.1038E+01  0.6885E+01  0.6885E+01
  0.2638E+00  0.7293E+01  0.1051E+01  0.6837E+01  0.6837E+01
  0.2653E+00  0.4218E+01  0.1069E+01  0.6790E+01  0.6790E+01
  0.2668E+00  0.8004E+01  0.1064E+01  0.6741E+01  0.6741E+01
  0.2683E+00  0.7148E+01  0.1054E+01  0.6692E+01  0.6692E+01
  0.2699E+00  0.5429E+01  0.1051E+01  0.6644E+01  0.6644E+01
  0.2714E+00  0.7286E+01  0.1049E+01  0.6596E+01  0.6596E+01
  0.2729E+00  0.5004E+01  0.1067E+01  0.6549E+01  0.6549E+01
  0.2744E+00  0.3111E+01  0.1056E+01  0.6502E+01  0.6502E+01
  0.2760E+00  0.5206E+01  0.1070E+01  0.6456E+01  0.6456E+01
  0.2775E+00  0.8280E+01  0.1088E+01  0.6412E+01  0.6412E+01
  0.2790E+00  0.5811E+01  0.1089E+01  0.6368E+01  0.6368E+01
  0.2805E+00  0.6337E+01  0.1078E+01  0.6326E+01  0.6326E+01
  0.2821E+00  0.9074E+01  0.1079E+01  0.6286E+01  0.6286E+01
  0.2836E+00  0.6156E+01  0.1103E+01  0.6247E+01  0.6247E+01
  0.2851E+00  0.5909E+01  0.1078E+01  0.6210E+01  0.6210E+01
  0.2866E+00  0.6072E+01  0.1093E+01  0.6175E+01  0.6175E+01
  0.2882E+00  0.4860E+01  0.1094E+01  0.6142E+01  0.6142E+01
  0.2897E+00  0.6845E+01  0.1106E+01  0.6112E+01  0.6112E+01
  0.2912E+00  0.7186E+01  0.1118E+01  0.6083E+01  0.6083E+01
  0.2927E+00  0.6621E+01  0.1117E+01  0.6057E+01  0.6057E+01
  0.2943E+00  0.6038E+01  0.1110E+01  0.6033E+01  0.6033E+01
  0.2958E+00  0.5193E+01  0.1107E+01  0.6011E+01  0.6011E+01
  0.2973E+00  0.9255E+01  0.1105E+01  0.5991E+01  0.5991E+01
  0.2988E+00  0.7891E+01  0.1110E+01  0.5974E+01  0.5974E+01
  0.3004E+00  0.4865E+01  0.1103E+01  0.5958E+01  0.5958E+01
  0.3019E+00  0.3772E+01  0.1124E+01  0.5944E+01  0.5944E+01
  0.3034E+00  0.2323E+01  0.1154E+01  0.5930E+01  0.5930E+01
  0.3050E+00  0.2747E+01  0.1166E+01  0.5920E+01  0.5920E+01
  0.3065E+00  0.6019E+01  0.1169E+01  0.5910E+01  0.5910E+01
  0.3080E+00  0.4084E+01  0.1146E+01  0.5901E+01  0.5901E+01
  0.3095E+00  0.5719E+01  0.1147E+01  0.5893E+01  0.5893E+01
  0.3111E+00  0.5668E+01  0.1135E+01  0.5886E+01  0.5886E+01
  0.3126E+00  0.1024E+02  0.1129E+01  0.5879E+01  0.5879E+01
  0.3141E+00  0.6125E+01  0.1124E+01  0.5872E+01  0.5872E+01
  0.3156E+00  0.6962E+01  0.1161E+01  0.5865E+01  0.5865E+01
  0.3172E+00  0.6588E+01  0.1199E+01  0.5859E+01  0.5859E+01
  0.3187E+00  0.6723E+01  0.1208E+01  0.5851E+01  0.5851E+01
  0.3202E+00  0.4781E+01  0.1189E+01  0.5843E+01  0.5843E+01
  0.3217E+00  0.6974E+01  0.1176E+01  0.5835E+01  0.5835E+01
  0.3233E+00  0.7314E+01  0.1158E+01  0.5825E+01  0.5825E+01
  0.3248E+00  0.6163E+01  0.1160E+01  0.5815E+01  0.5815E+01
  0.3263E+00  0.8174E+01  0.1170E+01  0.5803E+01  0.5803E+01
  0.3278E+00  0.4999E+01  0.1183E+01  0.5791E+01  0.5791E+01
  0.3294E+00  0.4307E+01  0.1203E+01  0.5777E+01  0.5777E+01
  0.3309E+00  0.6065E+01  0.1216E+01  0.5761E+01  0.5761E+01
  0.3324E+00  0.4396E+01  0.1210E+01  0.5744E+01  0.5744E+01
  0.3339E+00  0.3872E+01  0.1195E+01  0.5726E+01  0.5726E+01
  0.3355E+00  0.4233E+01  0.1194E+01  0.5707E+01  0.5707E+01
  0.3370E+00  0.7851E+01  0.1179E+01  0.5686E+01  0.5686E+01
  0.3385E+00  0.4712E+01  0.1200E+01  0.5664E+01  0.5664E+01
  0.3401E+00  0.6257E+01  0.1203E+01  0.5640E+01  0.5640E+01
  0.3416E+00  0.5320E+01  0.1210E+01  0.5616E+01  0.5616E+01
  0.3431E+00  0.5259E+01  0.1224E+01  0.5591E+01  0.5591E+01
  0.3446E+00  0.8680E+01  0.1231E+01  0.5565E+01  0.5565E+01
  0.3462E+00  0.4884E+01  0.1210E+01  0.5538E+01  0.5538E+01
  0.3477E+00  0.3981E+01  0.1214E+01  0.5511E+01  0.5511E+01
  0.3492E+00  0.4348E+01  0.1202E+01  0.5483E+01  0.5483E+01
  0.3507E+00  0.4319E+01  0.1202E+01  0.5455E+01  0.5455E+01
  0.3523E+00  0.2063E+01  0.1206E+01  0.5426E+01  0.5426E+01
  0.3538E+00  0.4871E+01  0.1241E+01  0.5398E+01  0.5398E+01
  0.3553E+00  0.8928E+01  0.1265E+01  0.5370E+01  0.5370E+01
  0.3568E+00  0.5699E+01  0.1237E+01  0.5343E+01  0.5343E+01
  0.3584E+00  0.5061E+01  0.1230E+01  0.5316E+01  0.5316E+01
  0.3599E+00  0.6542E+01  0.1210E+01  0.5289E+01  0.5289E+01
  0.3614E+00  0.9369E+01  0.1234E+01  0.5263E+01  0.5263E+01
  0.3629E+00  0.6616E+01  0.1230E+01  0.5238E+01  0.5238E+01
  0.3645E+00  0.3723E+01  0.1238E+01  0.5213E+01  0.5213E+01
  0.3660E+00  0.3668E+01  0.1238E+01  0.5190E+01  0.5190E+01
  0.3675E+00  0.4991E+01  0.1256E+01  0.5167E+01  0.5167E+01
  0.3690E+00  0.7042E+01  0.1249E+01  0.5146E+01  0.5146E+01
  0.3706E+00  0.4416E+01  0.1228E+01  0.5126E+01  0.5126E+01
  0.3721E+00  0.2756E+01  0.1213E+01  0.5106E+01  0.5106E+01
  0.3736E+00  0.4956E+01  0.1247E+01  0.5088E+01  0.5088E+01
  0.3752E+00  0.6439E+01  0.1265E+01  0.5070E+01  0.5070E+01
  0.3767E+00  0.4319E+01  0.1269E+01  0.5054E+01  0.5054E+01
  0.3782E+00  0.7530E+01  0.1292E+01  0.5038E+01  0.5038E+01
  0.3797E+00  0.3551E+01  0.1249E+01  0.5023E+01  0.5023E+01
  0.3813E+00  0.6868E+01  0.1235E+01  0.5009E+01  0.5009E+01
  0.3828E+00  0.7577E+01  0.1235E+01  0.4995E+01  0.4995E+01
  0.3843E+00  0.4266E+01  0.1242E+01  0.4982E+01  0.4982E+01
  0.3858E+00  0.3034E+01  0.1286E+01  0.4969E+01  0.4969E+01
  0.3874E+00  0.7396E+01  0.1281E+01  0.4957E+01  0.4957E+01
  0.3889E+00  0.1353E+01  0.1250E+01  0.4944E+01  0.4944E+01
  0.3904E+00  0.3799E+01  0.1226E+01  0.4932E+01  0.4932E+01
  0.3919E+00  0.4734E+01  0.1238E+01  0.4919E+01  0.4919E+01
  0.3935E+00  0.6979E+01  0.1258E+01  0.4907E+01  0.4907E+01
  0.3950E+00  0.6095E+01  0.1264E+01  0.4893E+01  0.4893E+01
  0.3965E+00  0.4702E+01  0.1268E+01  0.4880E+01  0.4880E+01
  0.3980E+00  0.2023E+01  0.1255E+01  0.4866E+01  0.4866E+01
  0.3996E+00  0.4257E+01  0.1253E+01  0.4851E+01  0.4851E+01
  0.4011E+00  0.4257E+01  0.1253E+01  0.4836E+01  0.4836E+01
  0.4026E+00  0.7548E+01  0.1270E+01  0.4819E+01  0.4819E+01
  0.4041E+00  0.7118E+01  0.1279E+01  0.4802E+01  0.4802E+01
  0.4057E+00  0.5645E+01  0.1277E+01  0.4784E+01  0.4784E+01
  0.4072E+00  0.3776E+01  0.1256E+01  0.4765E+01  0.4765E+01
  0.4087E+00  0.2982E+01  0.1246E+01  0.4746E+01  0.4746E+01
  0.4102E+00  0.5303E+01  0.1246E+01  0.4725E+01  0.4725E+01
  0.4118E+00  0.5663E+01  0.1250E+01  0.4703E+01  0.4703E+01
  0.4133E+00  0.1076E+01  0.1269E+01  0.4680E+01  0.4680E+01
  0.4148E+00  0.5604E+01  0.1278E+01  0.4657E+01  0.4657E+01
  0.4164E+00  0.7280E+01  0.1290E+01  0.4633E+01  0.4633E+01
  0.4179E+00  0.4039E+01  0.1255E+01  0.4608E+01  0.4608E+01
  0.4194E+00  0.2438E+01  0.1267E+01  0.4582E+01  0.4582E+01
  0.4209E+00  0.6539E+01  0.1267E+01  0.4555E+01  0.4555E+01
  0.4225E+00  0.5712E+01  0.1291E+01  0.4528E+01  0.4528E+01
  0.4240E+00  0.8645E+01  0.1309E+01  0.4501E+01  0.4501E+01
  0.4255E+00  0.6340E+01  0.1310E+01  0.4473E+01  0.4473E+01
  0.4270E+00  0.5176E+01  0.1293E+01  0.4444E+01  0.4444E+01
  0.4286E+00  0.1078E+02  0.1316E+01  0.4415E+01  0.4415E+01
  0.4301E+00  0.3800E+01  0.1301E+01  0.4387E+01  0.4387E+01
  0.4316E+00  0.3117E+01  0.1311E+01  0.4358E+01  0.4358E+01
  0.4331E+00  0.3370E+01  0.1338E+01  0.4329E+01  0.4329E+01
  0.4347E+00  0.1265E+00  0.1459E+01  0.4300E+01  0.4300E+01
  0.4362E+00  0.2797E+01  0.1520E+01  0.4271E+01  0.4271E+01
  0.4377E+00  0.9468E+01  0.1592E+01  0.4243E+01  0.4243E+01
  0.4392E+00  0.3463E+01  0.1711E+01  0.4214E+01  0.4214E+01
  0.4408E+00  0.6124E+01  0.1795E+01  0.4186E+01  0.4186E+01
  0.4423E+00  0.2909E+01  0.1833E+01  0.4158E+01  0.4158E+01
  0.4438E+00  0.1058E+02  0.1887E+01  0.4131E+01  0.4131E+01
  0.4453E+00  0.8070E+01  0.4508E+01  0.4104E+01  0.4104E+01
  0.4469E+00  0.6161E+01  0.4316E+01  0.4078E+01  0.4078E+01
  0.4484E+00  0.6380E+00  0.4005E+01  0.4052E+01  0.4052E+01
  0.4499E+00  0.3111E+01  0.4500E+01  0.4026E+01  0.4026E+01
  0.4515E+00  0.8890E+01  0.4790E+01  0.4001E+01  0.4001E+01
  0.4530E+00  0.4674E+01  0.5020E+01  0.3976E+01  0.3976E+01
  0.4545E+00  0.7531E+01  0.5353E+01  0.3952E+01  0.3952E+01
  0.4560E+00  0.8059E+01  0.6099E+01  0.3927E+01  0.3927E+01
  0.4576E+00  0.3498E+01  0.6989E+01  0.3904E+01  0.3904E+01
  0.4591E+00  0.3952E+01  0.8280E+01  0.3880E+01  0.3880E+01
  0.4606E+00  0.8202E+01  0.1036E+02  0.3857E+01  0.3857E+01
  0.4621E+00  0.1313E+02  0.1386E+02  0.3834E+01  0.3834E+01
  0.4637E+00  0.5147E+01  0.1921E+02  0.3811E+01  0.3811E+01
  0.4652E+00 -0.4025E+02  0.1322E+02  0.3789E+01  0.3789E+01
  0.4667E+00 -0.8020E-01  0.5253E+01  0.3766E+01  0.3766E+01
  0.4682E+00 -0.1074E+01  0.2460E+01  0.3744E+01  0.3744E+01
  0.4698E+00  0.1469E+02  0.4283E+01  0.3721E+01  0.3721E+01
  0.4713E+00  0.3733E+02  0.1436E+02  0.3699E+01  0.3699E+01
  0.4724E+00 -0.1281E+02  0.2601E+02  0.3682E+01  0.3682E+01

           Distance distribution  function of particle  


       R          P(R)      ERROR

  0.0000E+00  0.0000E+00  0.0000E+00
  0.8729E+00  0.5383E-01  0.1406E-02
  0.1746E+01  0.1004E+00  0.2113E-02
  0.2619E+01  0.1405E+00  0.2223E-02
  0.3492E+01  0.1757E+00  0.1905E-02
  0.4364E+01  0.2076E+00  0.1449E-02
  0.5237E+01  0.2385E+00  0.1355E-02
  0.6110E+01  0.2702E+00  0.1826E-02
  0.6983E+01  0.3048E+00  0.2444E-02
  0.7856E+01  0.3439E+00  0.2919E-02
  0.8729E+01  0.3889E+00  0.3146E-02
  0.9602E+01  0.4406E+00  0.3121E-02
  0.1047E+02  0.4991E+00  0.2931E-02
  0.1135E+02  0.5641E+00  0.2737E-02
  0.1222E+02  0.6351E+00  0.2721E-02
  0.1309E+02  0.7107E+00  0.2950E-02
  0.1397E+02  0.7895E+00  0.3310E-02
  0.1484E+02  0.8702E+00  0.3633E-02
  0.1571E+02  0.9510E+00  0.3797E-02
  0.1659E+02  0.1031E+01  0.3754E-02
  0.1746E+02  0.1108E+01  0.3535E-02
  0.1833E+02  0.1181E+01  0.3242E-02
  0.1920E+02  0.1251E+01  0.3046E-02
  0.2008E+02  0.1316E+01  0.3097E-02
  0.2095E+02  0.1376E+01  0.3399E-02
  0.2182E+02  0.1432E+01  0.3812E-02
  0.2270E+02  0.1483E+01  0.4178E-02
  0.2357E+02  0.1530E+01  0.4391E-02
  0.2444E+02  0.1573E+01  0.4416E-02
  0.2531E+02  0.1612E+01  0.4278E-02
  0.2619E+02  0.1647E+01  0.4059E-02
  0.2706E+02  0.1677E+01  0.3880E-02
  0.2793E+02  0.1703E+01  0.3855E-02
  0.2881E+02  0.1724E+01  0.4024E-02
  0.2968E+02  0.1740E+01  0.4331E-02
  0.3055E+02  0.1749E+01  0.4674E-02
  0.3142E+02  0.1752E+01  0.4970E-02
  0.3230E+02  0.1749E+01  0.5177E-02
  0.3317E+02  0.1738E+01  0.5296E-02
  0.3404E+02  0.1721E+01  0.5358E-02
  0.3492E+02  0.1698E+01  0.5404E-02
  0.3579E+02  0.1668E+01  0.5468E-02
  0.3666E+02  0.1632E+01  0.5555E-02
  0.3753E+02  0.1591E+01  0.5646E-02
  0.3841E+02  0.1546E+01  0.5713E-02
  0.3928E+02  0.1496E+01  0.5731E-02
  0.4015E+02  0.1443E+01  0.5698E-02
  0.4103E+02  0.1388E+01  0.5637E-02
  0.4190E+02  0.1330E+01  0.5590E-02
  0.4277E+02  0.1270E+01  0.5600E-02
  0.4365E+02  0.1209E+01  0.5696E-02
  0.4452E+02  0.1147E+01  0.5870E-02
  0.4539E+02  0.1084E+01  0.6086E-02
  0.4626E+02  0.1021E+01  0.6294E-02
  0.4714E+02  0.9578E+00  0.6445E-02
  0.4801E+02  0.8953E+00  0.6506E-02
  0.4888E+02  0.8337E+00  0.6463E-02
  0.4976E+02  0.7735E+00  0.6320E-02
  0.5063E+02  0.7152E+00  0.6099E-02
  0.5150E+02  0.6592E+00  0.5834E-02
  0.5237E+02  0.6059E+00  0.5568E-02
  0.5325E+02  0.5557E+00  0.5350E-02
  0.5412E+02  0.5088E+00  0.5229E-02
  0.5499E+02  0.4653E+00  0.5242E-02
  0.5587E+02  0.4253E+00  0.5406E-02
  0.5674E+02  0.3887E+00  0.5707E-02
  0.5761E+02  0.3554E+00  0.6106E-02
  0.5848E+02  0.3250E+00  0.6547E-02
  0.5936E+02  0.2974E+00  0.6972E-02
  0.6023E+02  0.2722E+00  0.7326E-02
  0.6110E+02  0.2491E+00  0.7564E-02
  0.6198E+02  0.2280E+00  0.7659E-02
  0.6285E+02  0.2085E+00  0.7602E-02
  0.6372E+02  0.1905E+00  0.7406E-02
  0.6459E+02  0.1741E+00  0.7108E-02
  0.6547E+02  0.1591E+00  0.6770E-02
  0.6634E+02  0.1455E+00  0.6468E-02
  0.6721E+02  0.1333E+00  0.6280E-02
  0.6809E+02  0.1227E+00  0.6259E-02
  0.6896E+02  0.1135E+00  0.6404E-02
  0.6983E+02  0.1057E+00  0.6665E-02
  0.7070E+02  0.9929E-01  0.6962E-02
  0.7158E+02  0.9408E-01  0.7215E-02
  0.7245E+02  0.8993E-01  0.7360E-02
  0.7332E+02  0.8663E-01  0.7359E-02
  0.7420E+02  0.8398E-01  0.7201E-02
  0.7507E+02  0.8175E-01  0.6910E-02
  0.7594E+02  0.7972E-01  0.6541E-02
  0.7682E+02  0.7772E-01  0.6176E-02
  0.7769E+02  0.7556E-01  0.5919E-02
  0.7856E+02  0.7310E-01  0.5854E-02
  0.7943E+02  0.7020E-01  0.6004E-02
  0.8031E+02  0.6676E-01  0.6312E-02
  0.8118E+02  0.6264E-01  0.6660E-02
  0.8205E+02  0.5771E-01  0.6913E-02
  0.8293E+02  0.5182E-01  0.6943E-02
  0.8380E+02  0.4477E-01  0.6632E-02
  0.8467E+02  0.3635E-01  0.5875E-02
  0.8554E+02  0.2628E-01  0.4577E-02
  0.8642E+02  0.1427E-01  0.2647E-02
  0.8729E+02  0.0000E+00  0.0000E+00
          Reciprocal space: Rg =   25.81     , I(0) =   0.7836E+03
     Real space: Rg =   25.81 +- 0.053  I(0) =   0.7836E+03 +-  0.1055E+01
