
           ####    G N O M   ---   Version 4.5a revised 09/02/02     ####

                                                  Sat Nov  4 16:59:24 2017
           ===    Run No   1   ===
 Run title:  0.000132994 0 0


  Number of points omitted at the end:          68

          To optimize the performance, some input data points 
           have been joined. New number of points equals to 272

   *******   Working Directory :
   *******    Input file(s) : 25578_02C_S026_0_01.sub
           Condition P(rmin) = 0 is used. 
           Condition P(rmax) = 0 is used. 

          Experimental conditions for the first run
          -----------------------------------------

          Highest ALPHA is found to be   0.7876E+02

  The measure of inconsistency AN1 equals to    0.1087E+01

          Warning: using the chosen range in the real space 
             it is not possible to fit the data set within the
             given error band. 
     Alpha    Discrp  Oscill  Stabil  Sysdev  Positv  Valcen    Total   
  0.7876E+05 55.2948  1.1421  0.8557  0.0886  1.0000  0.8688  0.00001
  0.1575E+05 37.2909  1.1375  0.5586  0.4059  1.0000  0.8722  0.00001
  0.3150E+04 17.6221  1.1460  0.2188  0.3173  1.0000  0.8813  0.00001
  0.6300E+03  7.9562  1.2635  0.1194  0.4354  1.0000  0.8920  0.00001
  0.1260E+03  2.8933  1.4429  0.0660  0.5092  1.0000  0.8993  0.00001
  0.2520E+02  1.1755  1.5396  0.0218  0.8635  1.0000  0.9037  0.78190
  0.5040E+01  0.9211  1.5756  0.0101  0.9815  1.0000  0.9045  0.88925
  0.1008E+01  0.8860  1.6035  0.0116  0.9373  1.0000  0.9042  0.66473
  0.2016E+00  0.8755  1.6456  0.0100  0.9520  0.9998  0.9039  0.10000
  0.4032E-01  0.8722  1.7157  0.0163  0.9373  0.9995  0.9036  0.10000
  0.8065E-02  0.8706  1.8660  0.0154  0.9373  0.9992  0.9032  0.10000
  0.1613E-02  0.8702  1.9872  0.0116  0.9520  0.9990  0.9032  0.10000
  0.3226E-03  0.8702  2.1487  0.0415  0.9520  0.9989  0.9043  0.10000
  0.6452E-04  0.8700  3.7455  0.1555  0.9520  0.9972  0.9025  0.10000
  0.1290E-04  0.8696  9.0885  0.2810  0.9520  0.9688  0.8121  0.10000
  0.2581E-05  0.8694 13.2125  0.2640  0.9520  0.9086  0.6833  0.10000
  0.5161E-06  0.8692 15.9993  0.6902  0.9520  0.8466  0.3880  0.10000
  0.1032E-06  0.8688 17.5106  0.8554  0.9520  0.7721  0.3355  0.10000
  0.2065E-07  0.8671 18.9893  0.9007  0.9520  0.7279  0.3129  0.10000
  0.4129E-08  0.8607 20.1292  0.8089  0.9520  0.7196  0.3109  0.10000
  0.8258E-09  0.8443 22.7545  0.6371  0.9963  0.7254  0.3374  0.10000
  0.1652E-09  0.8056 28.9766  0.7372  1.0185  0.7417  0.3723  0.10000
  0.3303E-10  0.7064 32.9666  0.6379  0.9889  0.7405  0.3799  0.10000
  0.6606E-11  0.5407 37.7210  0.4855  1.0037  0.7291  0.3862  0.10000
  0.1321E-11  0.3362 43.8859  0.3865  1.0332  0.6955  0.3539  0.10000
  0.2643E-12  0.1558 47.6397  0.2690  1.0775  0.6638  0.2880  0.10000
  0.5285E-13  0.0472 49.2331  0.1033  1.0627  0.6450  0.2468  0.10000
  0.1057E-13  0.0106 49.6784  0.0249  1.0627  0.6387  0.2388  0.10000
  0.2114E-14  0.0022 49.7760  0.0052  1.0627  0.6372  0.2370  0.10000
  0.4228E-15  0.0004 49.7959  0.0010  1.0627  0.6369  0.2366  0.10000
  0.8456E-16  0.0001 49.7999  0.0002  1.0627  0.6368  0.2365  0.10000

          ***  Golden section search to maximize estimate ***
     Alpha    Discrp  Oscill  Stabil  Sysdev  Positv  Valcen    Total   
  0.9321E+01  0.9602  1.5654  0.0113  0.9373  1.0000  0.9045  0.85417
  0.3985E+01  0.9125  1.5791  0.0103  0.9963  1.0000  0.9045  0.86160
  0.6374E+01  0.9324  1.5719  0.0101  0.9668  1.0000  0.9045  0.88591
  0.4608E+01  0.9176  1.5769  0.0101  0.9815  1.0000  0.9045  0.87918
  0.5513E+01  0.9250  1.5742  0.0101  0.9668  1.0000  0.9045  0.89243
  0.5828E+01  0.9277  1.5733  0.0101  0.9668  1.0000  0.9045  0.88981
  0.5328E+01  0.9235  1.5747  0.0100  0.9668  1.0000  0.9045  0.89414
  0.5216E+01  0.9225  1.5751  0.0101  0.9815  1.0000  0.9045  0.89293
  0.5398E+01  0.9241  1.5745  0.0100  0.9668  1.0000  0.9045  0.89348
  0.5285E+01  0.9231  1.5749  0.0101  0.9668  1.0000  0.9045  0.89431
  0.5258E+01  0.9229  1.5749  0.0101  0.9668  1.0000  0.9045  0.89378
  0.5301E+01  0.9233  1.5748  0.0101  0.9668  1.0000  0.9045  0.89440
  0.5311E+01  0.9233  1.5748  0.0100  0.9668  1.0000  0.9045  0.89430
  0.5295E+01  0.9232  1.5748  0.0101  0.9668  1.0000  0.9045  0.89446
  0.5295E+01  0.9232  1.5748  0.0101  0.9668  1.0000  0.9045  0.89446



             ####            Final results            ####

 Parameter    DISCRP    OSCILL    STABIL    SYSDEV    POSITV    VALCEN
 Weight        1.000     3.000     3.000     4.000     1.000     1.000
 Sigma         0.500     0.600     0.120     0.200     0.120     0.120
 Ideal         1.000     1.100     0.000     1.000     1.000     0.950
 Current       0.923     1.575     0.010     0.967     1.000     0.905
                - - - - - - - - - - - - - - - - - - - - - - - - - 
 Estimate      0.977     0.535     0.993     1.000     1.000     0.866

  Angular   range    :     from    0.0089   to    0.4221
  Real space range   :     from      0.00   to     95.38

  Highest ALPHA (theor) :   0.788E+05                 JOB = 0
  Current ALPHA         :   0.529E+01   Rg :  0.256E+02   I(0) :   0.477E+03

           Total  estimate : 0.894  which is    A GOOD      solution

      S          J EXP       ERROR       J REG       I REG

  0.0000E+00                                      0.4766E+03
  0.1782E-02                                      0.4763E+03
  0.3563E-02                                      0.4753E+03
  0.5345E-02                                      0.4736E+03
  0.7126E-02                                      0.4713E+03
  0.8908E-02  0.5074E+03  0.3176E+02  0.4684E+03  0.4684E+03
  0.1043E-01  0.4767E+03  0.1166E+02  0.4654E+03  0.4654E+03
  0.1196E-01  0.4583E+03  0.7932E+01  0.4619E+03  0.4619E+03
  0.1349E-01  0.4528E+03  0.6116E+01  0.4580E+03  0.4580E+03
  0.1501E-01  0.4563E+03  0.4522E+01  0.4537E+03  0.4537E+03
  0.1654E-01  0.4487E+03  0.4078E+01  0.4489E+03  0.4489E+03
  0.1806E-01  0.4478E+03  0.3554E+01  0.4438E+03  0.4438E+03
  0.1959E-01  0.4334E+03  0.3344E+01  0.4383E+03  0.4383E+03
  0.2112E-01  0.4306E+03  0.3145E+01  0.4324E+03  0.4324E+03
  0.2264E-01  0.4268E+03  0.3126E+01  0.4261E+03  0.4261E+03
  0.2417E-01  0.4144E+03  0.2757E+01  0.4195E+03  0.4195E+03
  0.2569E-01  0.4092E+03  0.2684E+01  0.4127E+03  0.4127E+03
  0.2722E-01  0.3985E+03  0.2579E+01  0.4055E+03  0.4055E+03
  0.2875E-01  0.4009E+03  0.2507E+01  0.3980E+03  0.3980E+03
  0.3027E-01  0.3921E+03  0.2300E+01  0.3903E+03  0.3903E+03
  0.3180E-01  0.3823E+03  0.2165E+01  0.3824E+03  0.3824E+03
  0.3332E-01  0.3742E+03  0.2091E+01  0.3742E+03  0.3742E+03
  0.3485E-01  0.3727E+03  0.2075E+01  0.3659E+03  0.3659E+03
  0.3638E-01  0.3634E+03  0.2036E+01  0.3574E+03  0.3574E+03
  0.3790E-01  0.3451E+03  0.2044E+01  0.3487E+03  0.3487E+03
  0.3943E-01  0.3423E+03  0.1967E+01  0.3400E+03  0.3400E+03
  0.4095E-01  0.3344E+03  0.1911E+01  0.3311E+03  0.3311E+03
  0.4248E-01  0.3224E+03  0.1825E+01  0.3221E+03  0.3221E+03
  0.4401E-01  0.3106E+03  0.1778E+01  0.3131E+03  0.3131E+03
  0.4553E-01  0.3001E+03  0.1742E+01  0.3040E+03  0.3040E+03
  0.4706E-01  0.2954E+03  0.1757E+01  0.2949E+03  0.2949E+03
  0.4858E-01  0.2866E+03  0.1690E+01  0.2859E+03  0.2859E+03
  0.5011E-01  0.2758E+03  0.1639E+01  0.2768E+03  0.2768E+03
  0.5164E-01  0.2668E+03  0.1610E+01  0.2677E+03  0.2677E+03
  0.5316E-01  0.2573E+03  0.1569E+01  0.2587E+03  0.2587E+03
  0.5469E-01  0.2513E+03  0.1577E+01  0.2497E+03  0.2497E+03
  0.5621E-01  0.2409E+03  0.1544E+01  0.2409E+03  0.2409E+03
  0.5774E-01  0.2343E+03  0.1483E+01  0.2321E+03  0.2321E+03
  0.5927E-01  0.2264E+03  0.1449E+01  0.2234E+03  0.2234E+03
  0.6079E-01  0.2170E+03  0.1435E+01  0.2149E+03  0.2149E+03
  0.6232E-01  0.2053E+03  0.1417E+01  0.2064E+03  0.2064E+03
  0.6384E-01  0.1973E+03  0.1407E+01  0.1981E+03  0.1981E+03
  0.6537E-01  0.1946E+03  0.1409E+01  0.1900E+03  0.1900E+03
  0.6690E-01  0.1827E+03  0.1361E+01  0.1820E+03  0.1820E+03
  0.6842E-01  0.1747E+03  0.1316E+01  0.1742E+03  0.1742E+03
  0.6995E-01  0.1646E+03  0.1298E+01  0.1665E+03  0.1665E+03
  0.7147E-01  0.1616E+03  0.1278E+01  0.1590E+03  0.1590E+03
  0.7300E-01  0.1503E+03  0.1278E+01  0.1517E+03  0.1517E+03
  0.7453E-01  0.1418E+03  0.1269E+01  0.1446E+03  0.1446E+03
  0.7605E-01  0.1369E+03  0.1233E+01  0.1377E+03  0.1377E+03
  0.7758E-01  0.1313E+03  0.1220E+01  0.1310E+03  0.1310E+03
  0.7910E-01  0.1229E+03  0.1194E+01  0.1245E+03  0.1245E+03
  0.8063E-01  0.1198E+03  0.1185E+01  0.1182E+03  0.1182E+03
  0.8216E-01  0.1132E+03  0.1171E+01  0.1121E+03  0.1121E+03
  0.8368E-01  0.1078E+03  0.1150E+01  0.1062E+03  0.1062E+03
  0.8521E-01  0.1003E+03  0.1141E+01  0.1005E+03  0.1005E+03
  0.8673E-01  0.9378E+02  0.1128E+01  0.9498E+02  0.9498E+02
  0.8826E-01  0.9118E+02  0.1104E+01  0.8969E+02  0.8969E+02
  0.8979E-01  0.8643E+02  0.1081E+01  0.8460E+02  0.8460E+02
  0.9131E-01  0.8018E+02  0.1064E+01  0.7972E+02  0.7972E+02
  0.9284E-01  0.7466E+02  0.1075E+01  0.7504E+02  0.7504E+02
  0.9436E-01  0.6865E+02  0.1092E+01  0.7055E+02  0.7055E+02
  0.9589E-01  0.6498E+02  0.1072E+01  0.6626E+02  0.6626E+02
  0.9742E-01  0.6329E+02  0.1028E+01  0.6216E+02  0.6216E+02
  0.9894E-01  0.5914E+02  0.1008E+01  0.5826E+02  0.5826E+02
  0.1005E+00  0.5483E+02  0.9931E+00  0.5453E+02  0.5453E+02
  0.1020E+00  0.5320E+02  0.9800E+00  0.5099E+02  0.5099E+02
  0.1035E+00  0.4672E+02  0.1001E+01  0.4763E+02  0.4763E+02
  0.1050E+00  0.4271E+02  0.1000E+01  0.4445E+02  0.4445E+02
  0.1066E+00  0.4330E+02  0.9889E+00  0.4143E+02  0.4143E+02
  0.1081E+00  0.3814E+02  0.9741E+00  0.3858E+02  0.3858E+02
  0.1096E+00  0.3344E+02  0.9559E+00  0.3590E+02  0.3590E+02
  0.1112E+00  0.3280E+02  0.9476E+00  0.3337E+02  0.3337E+02
  0.1127E+00  0.3271E+02  0.9376E+00  0.3099E+02  0.3099E+02
  0.1142E+00  0.2816E+02  0.9232E+00  0.2876E+02  0.2876E+02
  0.1157E+00  0.2479E+02  0.9249E+00  0.2668E+02  0.2668E+02
  0.1173E+00  0.2346E+02  0.9210E+00  0.2473E+02  0.2473E+02
  0.1188E+00  0.2451E+02  0.9228E+00  0.2291E+02  0.2291E+02
  0.1203E+00  0.2389E+02  0.9139E+00  0.2123E+02  0.2123E+02
  0.1218E+00  0.1947E+02  0.9182E+00  0.1966E+02  0.1966E+02
  0.1234E+00  0.1953E+02  0.9135E+00  0.1822E+02  0.1822E+02
  0.1249E+00  0.1654E+02  0.8936E+00  0.1688E+02  0.1688E+02
  0.1264E+00  0.1748E+02  0.8942E+00  0.1565E+02  0.1565E+02
  0.1279E+00  0.1110E+02  0.8977E+00  0.1453E+02  0.1453E+02
  0.1295E+00  0.1350E+02  0.8844E+00  0.1350E+02  0.1350E+02
  0.1310E+00  0.1166E+02  0.8970E+00  0.1256E+02  0.1256E+02
  0.1325E+00  0.9666E+01  0.8963E+00  0.1171E+02  0.1171E+02
  0.1340E+00  0.9230E+01  0.8952E+00  0.1094E+02  0.1094E+02
  0.1356E+00  0.9547E+01  0.8974E+00  0.1025E+02  0.1025E+02
  0.1371E+00  0.1144E+02  0.8974E+00  0.9626E+01  0.9626E+01
  0.1386E+00  0.9367E+01  0.9073E+00  0.9071E+01  0.9071E+01
  0.1401E+00  0.8463E+01  0.9185E+00  0.8578E+01  0.8578E+01
  0.1417E+00  0.5335E+01  0.9226E+00  0.8141E+01  0.8141E+01
  0.1432E+00  0.8141E+01  0.9108E+00  0.7758E+01  0.7758E+01
  0.1447E+00  0.7204E+01  0.9054E+00  0.7422E+01  0.7422E+01
  0.1462E+00  0.7257E+01  0.9028E+00  0.7131E+01  0.7131E+01
  0.1478E+00  0.6445E+01  0.9029E+00  0.6880E+01  0.6880E+01
  0.1493E+00  0.3756E+01  0.8911E+00  0.6665E+01  0.6665E+01
  0.1508E+00  0.7890E+01  0.8914E+00  0.6482E+01  0.6482E+01
  0.1524E+00  0.3717E+01  0.9049E+00  0.6329E+01  0.6329E+01
  0.1539E+00  0.3418E+01  0.9050E+00  0.6199E+01  0.6199E+01
  0.1554E+00  0.6468E+01  0.9218E+00  0.6093E+01  0.6093E+01
  0.1569E+00  0.6771E+01  0.9137E+00  0.6006E+01  0.6006E+01
  0.1585E+00  0.5859E+01  0.9169E+00  0.5936E+01  0.5936E+01
  0.1600E+00  0.6549E+01  0.8944E+00  0.5880E+01  0.5880E+01
  0.1615E+00  0.4854E+01  0.8951E+00  0.5835E+01  0.5835E+01
  0.1630E+00  0.4874E+01  0.8878E+00  0.5800E+01  0.5800E+01
  0.1646E+00  0.6747E+01  0.8973E+00  0.5773E+01  0.5773E+01
  0.1661E+00  0.6709E+01  0.9039E+00  0.5751E+01  0.5751E+01
  0.1676E+00  0.6401E+01  0.9056E+00  0.5734E+01  0.5734E+01
  0.1691E+00  0.6588E+01  0.9084E+00  0.5720E+01  0.5720E+01
  0.1707E+00  0.6098E+01  0.9157E+00  0.5707E+01  0.5707E+01
  0.1722E+00  0.5877E+01  0.8979E+00  0.5695E+01  0.5695E+01
  0.1737E+00  0.6909E+01  0.9054E+00  0.5684E+01  0.5684E+01
  0.1752E+00  0.4190E+01  0.9004E+00  0.5672E+01  0.5672E+01
  0.1768E+00  0.6763E+01  0.8964E+00  0.5658E+01  0.5658E+01
  0.1783E+00  0.3963E+01  0.8881E+00  0.5644E+01  0.5644E+01
  0.1798E+00  0.7324E+01  0.8784E+00  0.5627E+01  0.5627E+01
  0.1813E+00  0.5791E+01  0.8847E+00  0.5609E+01  0.5609E+01
  0.1829E+00  0.7706E+01  0.8893E+00  0.5589E+01  0.5589E+01
  0.1844E+00  0.4678E+01  0.9007E+00  0.5567E+01  0.5567E+01
  0.1859E+00  0.4756E+01  0.9028E+00  0.5543E+01  0.5543E+01
  0.1875E+00  0.5412E+01  0.9090E+00  0.5517E+01  0.5517E+01
  0.1890E+00  0.4242E+01  0.8925E+00  0.5491E+01  0.5491E+01
  0.1905E+00  0.7917E+01  0.8919E+00  0.5463E+01  0.5463E+01
  0.1920E+00  0.6306E+01  0.8852E+00  0.5435E+01  0.5435E+01
  0.1936E+00  0.5726E+01  0.8825E+00  0.5407E+01  0.5407E+01
  0.1951E+00  0.5552E+01  0.8755E+00  0.5378E+01  0.5378E+01
  0.1966E+00  0.5888E+01  0.8753E+00  0.5350E+01  0.5350E+01
  0.1981E+00  0.3741E+01  0.8804E+00  0.5322E+01  0.5322E+01
  0.1997E+00  0.5396E+01  0.8689E+00  0.5295E+01  0.5295E+01
  0.2012E+00  0.4479E+01  0.8616E+00  0.5269E+01  0.5269E+01
  0.2027E+00  0.7005E+00  0.8579E+00  0.5245E+01  0.5245E+01
  0.2042E+00  0.2332E+01  0.8722E+00  0.5222E+01  0.5222E+01
  0.2058E+00  0.5403E+01  0.8749E+00  0.5201E+01  0.5201E+01
  0.2073E+00  0.4691E+01  0.8828E+00  0.5182E+01  0.5182E+01
  0.2088E+00  0.4238E+01  0.8827E+00  0.5164E+01  0.5164E+01
  0.2103E+00  0.6063E+01  0.8775E+00  0.5148E+01  0.5148E+01
  0.2119E+00  0.6342E+01  0.8664E+00  0.5135E+01  0.5135E+01
  0.2134E+00  0.6589E+01  0.8542E+00  0.5122E+01  0.5122E+01
  0.2149E+00  0.6833E+01  0.8437E+00  0.5112E+01  0.5112E+01
  0.2164E+00  0.4167E+01  0.8594E+00  0.5103E+01  0.5103E+01
  0.2180E+00  0.4844E+01  0.8655E+00  0.5095E+01  0.5095E+01
  0.2195E+00  0.5109E+01  0.8653E+00  0.5088E+01  0.5088E+01
  0.2210E+00  0.3039E+01  0.8627E+00  0.5082E+01  0.5082E+01
  0.2225E+00  0.6828E+01  0.8455E+00  0.5076E+01  0.5076E+01
  0.2241E+00  0.5903E+01  0.8518E+00  0.5070E+01  0.5070E+01
  0.2256E+00  0.5045E+01  0.8617E+00  0.5065E+01  0.5065E+01
  0.2271E+00  0.4246E+01  0.8727E+00  0.5059E+01  0.5059E+01
  0.2287E+00  0.5495E+01  0.8781E+00  0.5052E+01  0.5052E+01
  0.2302E+00  0.5018E+01  0.8842E+00  0.5044E+01  0.5044E+01
  0.2317E+00  0.6381E+01  0.8801E+00  0.5035E+01  0.5035E+01
  0.2332E+00  0.5250E+01  0.8798E+00  0.5025E+01  0.5025E+01
  0.2348E+00  0.6263E+01  0.9116E+00  0.5013E+01  0.5013E+01
  0.2363E+00  0.6268E+01  0.9353E+00  0.4998E+01  0.4998E+01
  0.2378E+00  0.6336E+01  0.9514E+00  0.4982E+01  0.4982E+01
  0.2393E+00  0.3864E+01  0.9533E+00  0.4963E+01  0.4963E+01
  0.2409E+00  0.3863E+01  0.9660E+00  0.4942E+01  0.4942E+01
  0.2424E+00  0.5731E+01  0.9864E+00  0.4919E+01  0.4919E+01
  0.2439E+00  0.5971E+01  0.9960E+00  0.4893E+01  0.4893E+01
  0.2454E+00  0.6044E+01  0.1011E+01  0.4864E+01  0.4864E+01
  0.2470E+00  0.5408E+01  0.1029E+01  0.4833E+01  0.4833E+01
  0.2485E+00  0.5323E+01  0.1039E+01  0.4800E+01  0.4800E+01
  0.2500E+00  0.3473E+01  0.1047E+01  0.4765E+01  0.4765E+01
  0.2515E+00  0.2493E+01  0.1044E+01  0.4727E+01  0.4727E+01
  0.2531E+00  0.3582E+01  0.1041E+01  0.4688E+01  0.4688E+01
  0.2546E+00  0.6175E+01  0.1055E+01  0.4646E+01  0.4646E+01
  0.2561E+00  0.5892E+01  0.1038E+01  0.4604E+01  0.4604E+01
  0.2576E+00  0.4906E+01  0.1042E+01  0.4560E+01  0.4560E+01
  0.2592E+00  0.4421E+01  0.1050E+01  0.4516E+01  0.4516E+01
  0.2607E+00  0.5386E+01  0.1047E+01  0.4470E+01  0.4470E+01
  0.2622E+00  0.1967E+01  0.1044E+01  0.4425E+01  0.4425E+01
  0.2638E+00  0.3552E+01  0.1077E+01  0.4380E+01  0.4380E+01
  0.2653E+00  0.4797E+01  0.1090E+01  0.4334E+01  0.4334E+01
  0.2668E+00  0.4620E+01  0.1088E+01  0.4290E+01  0.4290E+01
  0.2683E+00  0.4950E+01  0.1077E+01  0.4247E+01  0.4247E+01
  0.2699E+00  0.1606E+01  0.1080E+01  0.4204E+01  0.4204E+01
  0.2714E+00  0.2473E+01  0.1072E+01  0.4164E+01  0.4164E+01
  0.2729E+00  0.5404E+01  0.1092E+01  0.4124E+01  0.4124E+01
  0.2744E+00  0.2818E+01  0.1083E+01  0.4087E+01  0.4087E+01
  0.2760E+00  0.4647E+01  0.1107E+01  0.4052E+01  0.4052E+01
  0.2775E+00  0.6540E+01  0.1119E+01  0.4020E+01  0.4020E+01
  0.2790E+00  0.5438E+01  0.1126E+01  0.3990E+01  0.3990E+01
  0.2805E+00  0.1731E+01  0.1108E+01  0.3962E+01  0.3962E+01
  0.2821E+00  0.3659E+01  0.1112E+01  0.3937E+01  0.3937E+01
  0.2836E+00  0.3579E+01  0.1126E+01  0.3914E+01  0.3914E+01
  0.2851E+00  0.2261E+01  0.1114E+01  0.3895E+01  0.3895E+01
  0.2866E+00  0.2478E+01  0.1125E+01  0.3877E+01  0.3877E+01
  0.2882E+00  0.5322E+01  0.1132E+01  0.3863E+01  0.3863E+01
  0.2897E+00  0.1844E+01  0.1146E+01  0.3851E+01  0.3851E+01
  0.2912E+00  0.3878E+01  0.1142E+01  0.3841E+01  0.3841E+01
  0.2927E+00  0.2086E+01  0.1156E+01  0.3833E+01  0.3833E+01
  0.2943E+00  0.4916E+01  0.1134E+01  0.3827E+01  0.3827E+01
  0.2958E+00  0.1143E+01  0.1128E+01  0.3824E+01  0.3824E+01
  0.2973E+00  0.3354E+01  0.1119E+01  0.3821E+01  0.3821E+01
  0.2988E+00  0.2533E+01  0.1117E+01  0.3821E+01  0.3821E+01
  0.3004E+00  0.3735E+01  0.1136E+01  0.3821E+01  0.3821E+01
  0.3019E+00  0.3939E+01  0.1162E+01  0.3822E+01  0.3822E+01
  0.3034E+00  0.2908E+01  0.1175E+01  0.3825E+01  0.3825E+01
  0.3050E+00  0.1534E+01  0.1177E+01  0.3827E+01  0.3827E+01
  0.3065E+00  0.4102E+01  0.1183E+01  0.3830E+01  0.3830E+01
  0.3080E+00  0.6038E+01  0.1180E+01  0.3832E+01  0.3832E+01
  0.3095E+00  0.5781E+01  0.1186E+01  0.3835E+01  0.3835E+01
  0.3111E+00  0.5332E+01  0.1165E+01  0.3837E+01  0.3837E+01
  0.3126E+00  0.5861E+01  0.1170E+01  0.3838E+01  0.3838E+01
  0.3141E+00  0.6639E+01  0.1159E+01  0.3839E+01  0.3839E+01
  0.3156E+00  0.3800E+01  0.1177E+01  0.3839E+01  0.3839E+01
  0.3172E+00  0.2562E+01  0.1204E+01  0.3837E+01  0.3837E+01
  0.3187E+00  0.4064E+01  0.1224E+01  0.3834E+01  0.3834E+01
  0.3202E+00  0.5717E+01  0.1207E+01  0.3831E+01  0.3831E+01
  0.3217E+00  0.4959E+01  0.1204E+01  0.3825E+01  0.3825E+01
  0.3233E+00  0.3523E+01  0.1190E+01  0.3818E+01  0.3818E+01
  0.3248E+00  0.2846E+01  0.1187E+01  0.3809E+01  0.3809E+01
  0.3263E+00  0.4108E+01  0.1189E+01  0.3799E+01  0.3799E+01
  0.3278E+00  0.9490E+00  0.1205E+01  0.3787E+01  0.3787E+01
  0.3294E+00  0.3899E+01  0.1219E+01  0.3774E+01  0.3774E+01
  0.3309E+00  0.5583E+01  0.1246E+01  0.3760E+01  0.3760E+01
  0.3324E+00  0.5462E+01  0.1237E+01  0.3744E+01  0.3744E+01
  0.3339E+00  0.3267E+01  0.1229E+01  0.3727E+01  0.3727E+01
  0.3355E+00  0.4439E+01  0.1220E+01  0.3708E+01  0.3708E+01
  0.3370E+00  0.4100E+01  0.1197E+01  0.3689E+01  0.3689E+01
  0.3385E+00  0.3285E+01  0.1225E+01  0.3668E+01  0.3668E+01
  0.3401E+00  0.3840E+01  0.1221E+01  0.3646E+01  0.3646E+01
  0.3416E+00  0.6079E+01  0.1240E+01  0.3624E+01  0.3624E+01
  0.3431E+00  0.3526E+01  0.1244E+01  0.3601E+01  0.3601E+01
  0.3446E+00  0.3350E+01  0.1271E+01  0.3577E+01  0.3577E+01
  0.3462E+00  0.7282E+01  0.1222E+01  0.3553E+01  0.3553E+01
  0.3477E+00  0.4459E+01  0.1226E+01  0.3528E+01  0.3528E+01
  0.3492E+00  0.1922E+01  0.1228E+01  0.3504E+01  0.3504E+01
  0.3507E+00  0.3327E+01  0.1217E+01  0.3479E+01  0.3479E+01
  0.3523E+00  0.4496E+01  0.1240E+01  0.3454E+01  0.3454E+01
  0.3538E+00  0.4466E+01  0.1272E+01  0.3429E+01  0.3429E+01
  0.3553E+00  0.3154E+01  0.1269E+01  0.3405E+01  0.3405E+01
  0.3568E+00  0.3703E+01  0.1262E+01  0.3380E+01  0.3380E+01
  0.3584E+00  0.1353E+01  0.1261E+01  0.3356E+01  0.3356E+01
  0.3599E+00  0.4859E+01  0.1254E+01  0.3332E+01  0.3332E+01
  0.3614E+00  0.2922E+01  0.1238E+01  0.3308E+01  0.3308E+01
  0.3629E+00  0.2945E+01  0.1237E+01  0.3285E+01  0.3285E+01
  0.3645E+00  0.6228E+01  0.1283E+01  0.3262E+01  0.3262E+01
  0.3660E+00  0.4152E+01  0.1286E+01  0.3240E+01  0.3240E+01
  0.3675E+00  0.4967E+01  0.1291E+01  0.3218E+01  0.3218E+01
  0.3690E+00  0.3920E+01  0.1273E+01  0.3196E+01  0.3196E+01
  0.3706E+00  0.1720E+01  0.1250E+01  0.3174E+01  0.3174E+01
  0.3721E+00  0.2071E+01  0.1234E+01  0.3153E+01  0.3153E+01
  0.3736E+00 -0.9385E+00  0.1265E+01  0.3132E+01  0.3132E+01
  0.3752E+00  0.5000E+00  0.1266E+01  0.3112E+01  0.3112E+01
  0.3767E+00  0.4866E+01  0.1318E+01  0.3091E+01  0.3091E+01
  0.3782E+00  0.4889E+01  0.1290E+01  0.3071E+01  0.3071E+01
  0.3797E+00  0.1749E+01  0.1270E+01  0.3051E+01  0.3051E+01
  0.3813E+00  0.3570E+01  0.1252E+01  0.3030E+01  0.3030E+01
  0.3828E+00  0.4910E+01  0.1266E+01  0.3010E+01  0.3010E+01
  0.3843E+00  0.6741E+01  0.1273E+01  0.2990E+01  0.2990E+01
  0.3858E+00  0.5840E+01  0.1306E+01  0.2970E+01  0.2970E+01
  0.3874E+00  0.2447E+01  0.1313E+01  0.2949E+01  0.2949E+01
  0.3889E+00  0.5732E+01  0.1290E+01  0.2929E+01  0.2929E+01
  0.3904E+00  0.4635E+00  0.1272E+01  0.2908E+01  0.2908E+01
  0.3919E+00  0.5163E+01  0.1260E+01  0.2888E+01  0.2888E+01
  0.3935E+00  0.2895E+01  0.1282E+01  0.2867E+01  0.2867E+01
  0.3950E+00  0.1414E+01  0.1294E+01  0.2846E+01  0.2846E+01
  0.3965E+00  0.3465E+01  0.1309E+01  0.2825E+01  0.2825E+01
  0.3980E+00  0.2592E+01  0.1287E+01  0.2803E+01  0.2803E+01
  0.3996E+00  0.2401E+01  0.1294E+01  0.2782E+01  0.2782E+01
  0.4011E+00  0.2504E+01  0.1281E+01  0.2760E+01  0.2760E+01
  0.4026E+00 -0.1065E+01  0.1287E+01  0.2739E+01  0.2739E+01
  0.4041E+00  0.2207E+01  0.1292E+01  0.2717E+01  0.2717E+01
  0.4057E+00  0.4925E+01  0.1299E+01  0.2695E+01  0.2695E+01
  0.4072E+00  0.1642E+01  0.1286E+01  0.2674E+01  0.2674E+01
  0.4087E+00  0.1687E+01  0.1275E+01  0.2652E+01  0.2652E+01
  0.4102E+00  0.1480E+01  0.1280E+01  0.2631E+01  0.2631E+01
  0.4118E+00  0.3859E+01  0.1277E+01  0.2609E+01  0.2609E+01
  0.4133E+00  0.3015E+01  0.1309E+01  0.2588E+01  0.2588E+01
  0.4148E+00  0.4620E+01  0.1304E+01  0.2567E+01  0.2567E+01
  0.4164E+00  0.8135E+00  0.1314E+01  0.2546E+01  0.2546E+01
  0.4179E+00  0.5124E+01  0.1297E+01  0.2526E+01  0.2526E+01
  0.4194E+00  0.1764E+01  0.1297E+01  0.2506E+01  0.2506E+01
  0.4209E+00  0.2294E+01  0.1301E+01  0.2486E+01  0.2486E+01
  0.4221E+00  0.1300E+01  0.1857E+01  0.2471E+01  0.2471E+01

           Distance distribution  function of particle  


       R          P(R)      ERROR

  0.0000E+00  0.0000E+00  0.0000E+00
  0.9538E+00  0.3245E-01  0.1172E-02
  0.1908E+01  0.6200E-01  0.1794E-02
  0.2861E+01  0.8908E-01  0.1938E-02
  0.3815E+01  0.1143E+00  0.1728E-02
  0.4769E+01  0.1386E+00  0.1355E-02
  0.5723E+01  0.1628E+00  0.1149E-02
  0.6677E+01  0.1880E+00  0.1393E-02
  0.7630E+01  0.2150E+00  0.1878E-02
  0.8584E+01  0.2448E+00  0.2332E-02
  0.9538E+01  0.2780E+00  0.2637E-02
  0.1049E+02  0.3149E+00  0.2764E-02
  0.1145E+02  0.3557E+00  0.2737E-02
  0.1240E+02  0.4003E+00  0.2618E-02
  0.1335E+02  0.4483E+00  0.2488E-02
  0.1431E+02  0.4990E+00  0.2420E-02
  0.1526E+02  0.5516E+00  0.2440E-02
  0.1621E+02  0.6052E+00  0.2520E-02
  0.1717E+02  0.6588E+00  0.2616E-02
  0.1812E+02  0.7114E+00  0.2700E-02
  0.1908E+02  0.7622E+00  0.2769E-02
  0.2003E+02  0.8101E+00  0.2844E-02
  0.2098E+02  0.8547E+00  0.2942E-02
  0.2194E+02  0.8953E+00  0.3064E-02
  0.2289E+02  0.9317E+00  0.3186E-02
  0.2384E+02  0.9636E+00  0.3278E-02
  0.2480E+02  0.9909E+00  0.3319E-02
  0.2575E+02  0.1014E+01  0.3308E-02
  0.2671E+02  0.1033E+01  0.3271E-02
  0.2766E+02  0.1047E+01  0.3255E-02
  0.2861E+02  0.1057E+01  0.3307E-02
  0.2957E+02  0.1064E+01  0.3450E-02
  0.3052E+02  0.1067E+01  0.3670E-02
  0.3148E+02  0.1066E+01  0.3924E-02
  0.3243E+02  0.1061E+01  0.4167E-02
  0.3338E+02  0.1052E+01  0.4365E-02
  0.3434E+02  0.1040E+01  0.4502E-02
  0.3529E+02  0.1023E+01  0.4581E-02
  0.3624E+02  0.1003E+01  0.4613E-02
  0.3720E+02  0.9789E+00  0.4613E-02
  0.3815E+02  0.9509E+00  0.4593E-02
  0.3911E+02  0.9193E+00  0.4563E-02
  0.4006E+02  0.8845E+00  0.4528E-02
  0.4101E+02  0.8467E+00  0.4498E-02
  0.4197E+02  0.8066E+00  0.4488E-02
  0.4292E+02  0.7646E+00  0.4515E-02
  0.4387E+02  0.7214E+00  0.4591E-02
  0.4483E+02  0.6775E+00  0.4713E-02
  0.4578E+02  0.6336E+00  0.4859E-02
  0.4674E+02  0.5903E+00  0.4995E-02
  0.4769E+02  0.5480E+00  0.5085E-02
  0.4864E+02  0.5071E+00  0.5097E-02
  0.4960E+02  0.4681E+00  0.5017E-02
  0.5055E+02  0.4310E+00  0.4851E-02
  0.5151E+02  0.3961E+00  0.4624E-02
  0.5246E+02  0.3633E+00  0.4386E-02
  0.5341E+02  0.3327E+00  0.4201E-02
  0.5437E+02  0.3040E+00  0.4134E-02
  0.5532E+02  0.2773E+00  0.4221E-02
  0.5627E+02  0.2522E+00  0.4455E-02
  0.5723E+02  0.2287E+00  0.4788E-02
  0.5818E+02  0.2066E+00  0.5156E-02
  0.5914E+02  0.1857E+00  0.5498E-02
  0.6009E+02  0.1660E+00  0.5766E-02
  0.6104E+02  0.1474E+00  0.5927E-02
  0.6200E+02  0.1299E+00  0.5966E-02
  0.6295E+02  0.1136E+00  0.5887E-02
  0.6390E+02  0.9848E-01  0.5709E-02
  0.6486E+02  0.8466E-01  0.5473E-02
  0.6581E+02  0.7223E-01  0.5235E-02
  0.6677E+02  0.6128E-01  0.5056E-02
  0.6772E+02  0.5191E-01  0.4987E-02
  0.6867E+02  0.4415E-01  0.5049E-02
  0.6963E+02  0.3802E-01  0.5221E-02
  0.7058E+02  0.3349E-01  0.5451E-02
  0.7153E+02  0.3049E-01  0.5680E-02
  0.7249E+02  0.2890E-01  0.5855E-02
  0.7344E+02  0.2855E-01  0.5942E-02
  0.7440E+02  0.2923E-01  0.5924E-02
  0.7535E+02  0.3071E-01  0.5806E-02
  0.7630E+02  0.3271E-01  0.5606E-02
  0.7726E+02  0.3497E-01  0.5361E-02
  0.7821E+02  0.3720E-01  0.5114E-02
  0.7917E+02  0.3915E-01  0.4914E-02
  0.8012E+02  0.4058E-01  0.4801E-02
  0.8107E+02  0.4129E-01  0.4798E-02
  0.8203E+02  0.4115E-01  0.4907E-02
  0.8298E+02  0.4006E-01  0.5107E-02
  0.8393E+02  0.3799E-01  0.5372E-02
  0.8489E+02  0.3499E-01  0.5673E-02
  0.8584E+02  0.3115E-01  0.5981E-02
  0.8680E+02  0.2666E-01  0.6270E-02
  0.8775E+02  0.2171E-01  0.6506E-02
  0.8870E+02  0.1657E-01  0.6648E-02
  0.8966E+02  0.1153E-01  0.6644E-02
  0.9061E+02  0.6901E-02  0.6435E-02
  0.9156E+02  0.2986E-02  0.5953E-02
  0.9252E+02  0.8367E-04  0.5132E-02
  0.9347E+02 -0.1533E-02  0.3906E-02
  0.9443E+02 -0.1625E-02  0.2213E-02
  0.9538E+02  0.0000E+00  0.0000E+00
          Reciprocal space: Rg =   25.62     , I(0) =   0.4766E+03
     Real space: Rg =   25.63 +- 0.125  I(0) =   0.4766E+03 +-  0.1203E+01
