
           ####    G N O M   ---   Version 4.5a revised 09/02/02     ####

                                                  Sat Nov  4 16:59:25 2017
           ===    Run No   1   ===
 Run title:  0.000132994 0 0


 Standard deviations are estimated by polynomial smoothing


          To optimize the performance, some input data points 
           have been joined. New number of points equals to 306

   *******   Working Directory :
   *******    Input file(s) : 25578_02E_S030_0_01.sub
           Condition P(rmin) = 0 is used. 
           Condition P(rmax) = 0 is used. 

          Experimental conditions for the first run
          -----------------------------------------

          Highest ALPHA is found to be   0.2752E+03

  The measure of inconsistency AN1 equals to    0.1278E+01

          Warning: using the chosen range in the real space 
             it is not possible to fit the data set within the
             given error band. 
     Alpha    Discrp  Oscill  Stabil  Sysdev  Positv  Valcen    Total   
  0.2752E+06101.3608  1.1046  0.8282  0.0721  1.0000  0.8792  0.00001
  0.5504E+05 64.4506  1.0859  0.5166  0.2164  1.0000  0.8874  0.00001
  0.1101E+05 28.7988  1.0708  0.2115  0.3213  1.0000  0.9065  0.00001
  0.2202E+04 11.7174  1.1384  0.0905  0.2885  1.0000  0.9275  0.00001
  0.4403E+03  4.0745  1.2487  0.0471  0.4328  1.0000  0.9411  0.00001
  0.8807E+02  1.5269  1.3139  0.0180  0.7607  1.0000  0.9456  0.56143
  0.1761E+02  1.0104  1.3459  0.0087  0.8393  1.0000  0.9459  0.60335
  0.3523E+01  0.9222  1.3708  0.0094  0.8656  1.0000  0.9455  0.10000
  0.7045E+00  0.8958  1.4072  0.0086  0.8525  1.0000  0.9452  0.10000
  0.1409E+00  0.8867  1.4739  0.0198  0.8262  1.0000  0.9454  0.10000
  0.2818E-01  0.8703  2.0557  0.0783  0.8262  1.0000  0.9453  0.10000
  0.5636E-02  0.8348  4.6992  0.1474  0.8459  0.9959  0.9320  0.10000
  0.1127E-02  0.8074  8.3969  0.2299  0.8590  0.9738  0.8679  0.10000
  0.2255E-03  0.7820 14.0159  0.4934  0.8721  0.9056  0.7190  0.10000
  0.4509E-04  0.7585 17.0822  0.2832  0.8918  0.8384  0.3585  0.10000
  0.9018E-05  0.7507 20.0183  0.5074  0.8787  0.7857  0.3638  0.10000
  0.1804E-05  0.7437 20.4693  0.5932  0.8787  0.7637  0.2486  0.10000
  0.3607E-06  0.7392 19.6795  0.2501  0.8852  0.7451  0.2568  0.10000
  0.7215E-07  0.7379 21.5715  0.5277  0.8852  0.7470  0.2603  0.10000
  0.1443E-07  0.7354 23.1654  0.8684  0.8852  0.7280  0.3404  0.10000
  0.2886E-08  0.7257 24.1437  0.8694  0.9115  0.7256  0.3675  0.10000
  0.5772E-09  0.6918 27.2025  0.7273  0.9115  0.7312  0.3757  0.00000

          ***  Golden section search to maximize estimate ***
     Alpha    Discrp  Oscill  Stabil  Sysdev  Positv  Valcen    Total   
  0.3257E+02  1.1075  1.3359  0.0109  0.8393  1.0000  0.9460  0.61826
  0.4762E+02  1.2154  1.3286  0.0131  0.8656  1.0000  0.9459  0.64803
  0.6023E+02  1.3104  1.3234  0.0148  0.8262  1.0000  0.9459  0.61372
  0.4119E+02  1.1684  1.3315  0.0122  0.8525  1.0000  0.9460  0.63441
  0.5209E+02  1.2487  1.3266  0.0138  0.8525  1.0000  0.9459  0.63681
  0.4506E+02  1.1965  1.3297  0.0128  0.8656  1.0000  0.9460  0.64745
  0.4928E+02  1.2277  1.3278  0.0134  0.8525  1.0000  0.9459  0.63648
  0.4663E+02  1.2080  1.3290  0.0130  0.8656  1.0000  0.9459  0.64782
  0.4825E+02  1.2200  1.3283  0.0132  0.8656  1.0000  0.9459  0.64814
  0.4864E+02  1.2230  1.3281  0.0133  0.8525  1.0000  0.9459  0.63638
  0.4801E+02  1.2183  1.3284  0.0132  0.8656  1.0000  0.9459  0.64810
  0.4840E+02  1.2212  1.3282  0.0133  0.8656  1.0000  0.9459  0.64817
  0.4840E+02  1.2212  1.3282  0.0133  0.8656  1.0000  0.9459  0.64817



             ####            Final results            ####

 Parameter    DISCRP    OSCILL    STABIL    SYSDEV    POSITV    VALCEN
 Weight        1.000     3.000     3.000     4.000     1.000     1.000
 Sigma         0.500     0.600     0.120     0.200     0.120     0.120
 Ideal         1.000     1.100     0.000     1.000     1.000     0.950
 Current       1.221     1.328     0.013     0.866     1.000     0.946
                - - - - - - - - - - - - - - - - - - - - - - - - - 
 Estimate      0.822     0.865     0.988     0.637     1.000     0.999

  Angular   range    :     from    0.0089   to    0.4740
  Real space range   :     from      0.00   to     81.53

  Highest ALPHA (theor) :   0.275E+06                 JOB = 0
  Current ALPHA         :   0.484E+02   Rg :  0.259E+02   I(0) :   0.104E+04

           Total  estimate : 0.648  which is  A REASONABLE  solution

      S          J EXP       ERROR       J REG       I REG

  0.0000E+00                                      0.1037E+04
  0.1782E-02                                      0.1036E+04
  0.3563E-02                                      0.1034E+04
  0.5345E-02                                      0.1031E+04
  0.7126E-02                                      0.1025E+04
  0.8908E-02  0.9645E+03  0.2776E+02  0.1019E+04  0.1019E+04
  0.1043E-01  0.1019E+04  0.1121E+02  0.1012E+04  0.1012E+04
  0.1196E-01  0.1002E+04  0.8225E+01  0.1005E+04  0.1005E+04
  0.1349E-01  0.1008E+04  0.6399E+01  0.9960E+03  0.9960E+03
  0.1501E-01  0.9918E+03  0.4967E+01  0.9864E+03  0.9864E+03
  0.1654E-01  0.9826E+03  0.4288E+01  0.9758E+03  0.9758E+03
  0.1806E-01  0.9723E+03  0.3796E+01  0.9644E+03  0.9644E+03
  0.1959E-01  0.9699E+03  0.3766E+01  0.9521E+03  0.9521E+03
  0.2112E-01  0.9456E+03  0.3319E+01  0.9391E+03  0.9391E+03
  0.2264E-01  0.9393E+03  0.3180E+01  0.9252E+03  0.9252E+03
  0.2417E-01  0.9050E+03  0.3015E+01  0.9106E+03  0.9106E+03
  0.2569E-01  0.8942E+03  0.2893E+01  0.8953E+03  0.8953E+03
  0.2722E-01  0.8799E+03  0.2726E+01  0.8793E+03  0.8793E+03
  0.2875E-01  0.8665E+03  0.2752E+01  0.8628E+03  0.8628E+03
  0.3027E-01  0.8474E+03  0.2539E+01  0.8457E+03  0.8457E+03
  0.3180E-01  0.8224E+03  0.2471E+01  0.8280E+03  0.8280E+03
  0.3332E-01  0.8078E+03  0.2354E+01  0.8100E+03  0.8100E+03
  0.3485E-01  0.7940E+03  0.2256E+01  0.7914E+03  0.7914E+03
  0.3638E-01  0.7793E+03  0.2228E+01  0.7725E+03  0.7725E+03
  0.3790E-01  0.7467E+03  0.2198E+01  0.7533E+03  0.7533E+03
  0.3943E-01  0.7317E+03  0.2146E+01  0.7339E+03  0.7339E+03
  0.4095E-01  0.7163E+03  0.2097E+01  0.7141E+03  0.7141E+03
  0.4248E-01  0.6947E+03  0.1995E+01  0.6943E+03  0.6943E+03
  0.4401E-01  0.6730E+03  0.1914E+01  0.6742E+03  0.6742E+03
  0.4553E-01  0.6510E+03  0.1886E+01  0.6541E+03  0.6541E+03
  0.4706E-01  0.6335E+03  0.1840E+01  0.6340E+03  0.6340E+03
  0.4858E-01  0.6114E+03  0.1812E+01  0.6138E+03  0.6138E+03
  0.5011E-01  0.5899E+03  0.1797E+01  0.5937E+03  0.5937E+03
  0.5164E-01  0.5766E+03  0.1765E+01  0.5736E+03  0.5736E+03
  0.5316E-01  0.5553E+03  0.1682E+01  0.5537E+03  0.5537E+03
  0.5469E-01  0.5355E+03  0.1669E+01  0.5340E+03  0.5340E+03
  0.5621E-01  0.5134E+03  0.1635E+01  0.5144E+03  0.5144E+03
  0.5774E-01  0.4903E+03  0.1561E+01  0.4950E+03  0.4950E+03
  0.5927E-01  0.4737E+03  0.1520E+01  0.4759E+03  0.4759E+03
  0.6079E-01  0.4566E+03  0.1529E+01  0.4571E+03  0.4571E+03
  0.6232E-01  0.4398E+03  0.1497E+01  0.4386E+03  0.4386E+03
  0.6384E-01  0.4183E+03  0.1481E+01  0.4204E+03  0.4204E+03
  0.6537E-01  0.4013E+03  0.1442E+01  0.4026E+03  0.4026E+03
  0.6690E-01  0.3875E+03  0.1418E+01  0.3852E+03  0.3852E+03
  0.6842E-01  0.3688E+03  0.1405E+01  0.3681E+03  0.3681E+03
  0.6995E-01  0.3508E+03  0.1341E+01  0.3515E+03  0.3515E+03
  0.7147E-01  0.3364E+03  0.1300E+01  0.3353E+03  0.3353E+03
  0.7300E-01  0.3206E+03  0.1316E+01  0.3195E+03  0.3195E+03
  0.7453E-01  0.3037E+03  0.1283E+01  0.3042E+03  0.3042E+03
  0.7605E-01  0.2935E+03  0.1301E+01  0.2893E+03  0.2893E+03
  0.7758E-01  0.2787E+03  0.1274E+01  0.2749E+03  0.2749E+03
  0.7910E-01  0.2661E+03  0.1248E+01  0.2610E+03  0.2610E+03
  0.8063E-01  0.2544E+03  0.1217E+01  0.2475E+03  0.2475E+03
  0.8216E-01  0.2366E+03  0.1191E+01  0.2345E+03  0.2345E+03
  0.8368E-01  0.2267E+03  0.1178E+01  0.2220E+03  0.2220E+03
  0.8521E-01  0.2139E+03  0.1173E+01  0.2099E+03  0.2099E+03
  0.8673E-01  0.2011E+03  0.1142E+01  0.1984E+03  0.1984E+03
  0.8826E-01  0.1898E+03  0.1122E+01  0.1872E+03  0.1872E+03
  0.8979E-01  0.1812E+03  0.1096E+01  0.1766E+03  0.1766E+03
  0.9131E-01  0.1696E+03  0.1069E+01  0.1664E+03  0.1664E+03
  0.9284E-01  0.1566E+03  0.1081E+01  0.1566E+03  0.1566E+03
  0.9436E-01  0.1471E+03  0.1080E+01  0.1473E+03  0.1473E+03
  0.9589E-01  0.1387E+03  0.1059E+01  0.1384E+03  0.1384E+03
  0.9742E-01  0.1315E+03  0.1045E+01  0.1299E+03  0.1299E+03
  0.9894E-01  0.1240E+03  0.1012E+01  0.1219E+03  0.1219E+03
  0.1005E+00  0.1144E+03  0.9901E+00  0.1142E+03  0.1142E+03
  0.1020E+00  0.1065E+03  0.9921E+00  0.1069E+03  0.1069E+03
  0.1035E+00  0.9917E+02  0.1003E+01  0.1000E+03  0.1000E+03
  0.1050E+00  0.8977E+02  0.1005E+01  0.9351E+02  0.9351E+02
  0.1066E+00  0.8513E+02  0.9874E+00  0.8733E+02  0.8733E+02
  0.1081E+00  0.8180E+02  0.9641E+00  0.8150E+02  0.8150E+02
  0.1096E+00  0.7646E+02  0.9535E+00  0.7600E+02  0.7600E+02
  0.1112E+00  0.7079E+02  0.9390E+00  0.7082E+02  0.7082E+02
  0.1127E+00  0.6645E+02  0.9281E+00  0.6595E+02  0.6595E+02
  0.1142E+00  0.6067E+02  0.9263E+00  0.6137E+02  0.6137E+02
  0.1157E+00  0.5592E+02  0.9118E+00  0.5708E+02  0.5708E+02
  0.1173E+00  0.5203E+02  0.9209E+00  0.5306E+02  0.5306E+02
  0.1188E+00  0.4848E+02  0.9160E+00  0.4931E+02  0.4931E+02
  0.1203E+00  0.4373E+02  0.9094E+00  0.4580E+02  0.4580E+02
  0.1218E+00  0.3718E+02  0.8982E+00  0.4253E+02  0.4253E+02
  0.1234E+00  0.3677E+02  0.8876E+00  0.3950E+02  0.3950E+02
  0.1249E+00  0.3461E+02  0.8721E+00  0.3668E+02  0.3668E+02
  0.1264E+00  0.3085E+02  0.8724E+00  0.3407E+02  0.3407E+02
  0.1279E+00  0.2970E+02  0.8803E+00  0.3166E+02  0.3166E+02
  0.1295E+00  0.2743E+02  0.8698E+00  0.2944E+02  0.2944E+02
  0.1310E+00  0.2543E+02  0.8867E+00  0.2740E+02  0.2740E+02
  0.1325E+00  0.2528E+02  0.8837E+00  0.2553E+02  0.2553E+02
  0.1340E+00  0.2010E+02  0.8794E+00  0.2383E+02  0.2383E+02
  0.1356E+00  0.2024E+02  0.8819E+00  0.2227E+02  0.2227E+02
  0.1371E+00  0.2357E+02  0.8802E+00  0.2086E+02  0.2086E+02
  0.1386E+00  0.1839E+02  0.8940E+00  0.1959E+02  0.1959E+02
  0.1401E+00  0.1684E+02  0.8979E+00  0.1844E+02  0.1844E+02
  0.1417E+00  0.1463E+02  0.9006E+00  0.1742E+02  0.1742E+02
  0.1432E+00  0.1489E+02  0.8960E+00  0.1651E+02  0.1651E+02
  0.1447E+00  0.1616E+02  0.8858E+00  0.1571E+02  0.1571E+02
  0.1462E+00  0.1290E+02  0.8830E+00  0.1500E+02  0.1500E+02
  0.1478E+00  0.1460E+02  0.8796E+00  0.1439E+02  0.1439E+02
  0.1493E+00  0.1311E+02  0.8696E+00  0.1386E+02  0.1386E+02
  0.1508E+00  0.1101E+02  0.8814E+00  0.1341E+02  0.1341E+02
  0.1524E+00  0.1315E+02  0.8976E+00  0.1304E+02  0.1304E+02
  0.1539E+00  0.1335E+02  0.8941E+00  0.1273E+02  0.1273E+02
  0.1554E+00  0.1060E+02  0.8948E+00  0.1248E+02  0.1248E+02
  0.1569E+00  0.1047E+02  0.8937E+00  0.1228E+02  0.1228E+02
  0.1585E+00  0.1292E+02  0.9007E+00  0.1214E+02  0.1214E+02
  0.1600E+00  0.1156E+02  0.8816E+00  0.1204E+02  0.1204E+02
  0.1615E+00  0.1401E+02  0.8699E+00  0.1198E+02  0.1198E+02
  0.1630E+00  0.1294E+02  0.8664E+00  0.1195E+02  0.1195E+02
  0.1646E+00  0.1229E+02  0.8753E+00  0.1195E+02  0.1195E+02
  0.1661E+00  0.1038E+02  0.8802E+00  0.1198E+02  0.1198E+02
  0.1676E+00  0.1308E+02  0.8907E+00  0.1203E+02  0.1203E+02
  0.1691E+00  0.1281E+02  0.8878E+00  0.1209E+02  0.1209E+02
  0.1707E+00  0.1229E+02  0.8887E+00  0.1217E+02  0.1217E+02
  0.1722E+00  0.1244E+02  0.8844E+00  0.1225E+02  0.1225E+02
  0.1737E+00  0.1258E+02  0.8838E+00  0.1235E+02  0.1235E+02
  0.1752E+00  0.1076E+02  0.8755E+00  0.1244E+02  0.1244E+02
  0.1768E+00  0.1259E+02  0.8811E+00  0.1253E+02  0.1253E+02
  0.1783E+00  0.1197E+02  0.8647E+00  0.1263E+02  0.1263E+02
  0.1798E+00  0.1440E+02  0.8593E+00  0.1271E+02  0.1271E+02
  0.1813E+00  0.1395E+02  0.8693E+00  0.1279E+02  0.1279E+02
  0.1829E+00  0.1404E+02  0.8696E+00  0.1287E+02  0.1287E+02
  0.1844E+00  0.1409E+02  0.8707E+00  0.1293E+02  0.1293E+02
  0.1859E+00  0.1374E+02  0.8897E+00  0.1297E+02  0.1297E+02
  0.1875E+00  0.1138E+02  0.8912E+00  0.1301E+02  0.1301E+02
  0.1890E+00  0.1343E+02  0.8782E+00  0.1303E+02  0.1303E+02
  0.1905E+00  0.1249E+02  0.8781E+00  0.1304E+02  0.1304E+02
  0.1920E+00  0.1320E+02  0.8611E+00  0.1303E+02  0.1303E+02
  0.1936E+00  0.1194E+02  0.8632E+00  0.1301E+02  0.1301E+02
  0.1951E+00  0.1244E+02  0.8624E+00  0.1298E+02  0.1298E+02
  0.1966E+00  0.1274E+02  0.8572E+00  0.1293E+02  0.1293E+02
  0.1981E+00  0.1355E+02  0.8612E+00  0.1286E+02  0.1286E+02
  0.1997E+00  0.1347E+02  0.8442E+00  0.1278E+02  0.1278E+02
  0.2012E+00  0.1135E+02  0.8439E+00  0.1269E+02  0.1269E+02
  0.2027E+00  0.1237E+02  0.8437E+00  0.1258E+02  0.1258E+02
  0.2042E+00  0.1310E+02  0.8444E+00  0.1247E+02  0.1247E+02
  0.2058E+00  0.1148E+02  0.8574E+00  0.1234E+02  0.1234E+02
  0.2073E+00  0.1182E+02  0.8713E+00  0.1221E+02  0.1221E+02
  0.2088E+00  0.1100E+02  0.8728E+00  0.1206E+02  0.1206E+02
  0.2103E+00  0.1290E+02  0.8596E+00  0.1191E+02  0.1191E+02
  0.2119E+00  0.1267E+02  0.8591E+00  0.1176E+02  0.1176E+02
  0.2134E+00  0.1022E+02  0.8395E+00  0.1160E+02  0.1160E+02
  0.2149E+00  0.1005E+02  0.8380E+00  0.1144E+02  0.1144E+02
  0.2164E+00  0.1093E+02  0.8464E+00  0.1127E+02  0.1127E+02
  0.2180E+00  0.1184E+02  0.8505E+00  0.1111E+02  0.1111E+02
  0.2195E+00  0.1385E+02  0.8472E+00  0.1095E+02  0.1095E+02
  0.2210E+00  0.1105E+02  0.8394E+00  0.1078E+02  0.1078E+02
  0.2225E+00  0.1017E+02  0.8238E+00  0.1063E+02  0.1063E+02
  0.2241E+00  0.9289E+01  0.8351E+00  0.1047E+02  0.1047E+02
  0.2256E+00  0.1262E+02  0.8496E+00  0.1032E+02  0.1032E+02
  0.2271E+00  0.1197E+02  0.8524E+00  0.1018E+02  0.1018E+02
  0.2287E+00  0.1301E+02  0.8648E+00  0.1005E+02  0.1005E+02
  0.2302E+00  0.7776E+01  0.8653E+00  0.9919E+01  0.9919E+01
  0.2317E+00  0.9288E+01  0.8675E+00  0.9799E+01  0.9799E+01
  0.2332E+00  0.9126E+01  0.8713E+00  0.9687E+01  0.9687E+01
  0.2348E+00  0.9683E+01  0.8921E+00  0.9584E+01  0.9584E+01
  0.2363E+00  0.6689E+01  0.9152E+00  0.9490E+01  0.9490E+01
  0.2378E+00  0.6092E+01  0.9207E+00  0.9405E+01  0.9405E+01
  0.2393E+00  0.8971E+01  0.9298E+00  0.9329E+01  0.9329E+01
  0.2409E+00  0.9950E+01  0.9474E+00  0.9262E+01  0.9262E+01
  0.2424E+00  0.6507E+01  0.9543E+00  0.9203E+01  0.9203E+01
  0.2439E+00  0.9501E+01  0.9743E+00  0.9153E+01  0.9153E+01
  0.2454E+00  0.1052E+02  0.9890E+00  0.9111E+01  0.9111E+01
  0.2470E+00  0.8695E+01  0.1004E+01  0.9077E+01  0.9077E+01
  0.2485E+00  0.9797E+01  0.1018E+01  0.9049E+01  0.9049E+01
  0.2500E+00  0.1241E+02  0.1019E+01  0.9028E+01  0.9028E+01
  0.2515E+00  0.1049E+02  0.1033E+01  0.9013E+01  0.9013E+01
  0.2531E+00  0.8138E+01  0.1020E+01  0.9003E+01  0.9003E+01
  0.2546E+00  0.7890E+01  0.1024E+01  0.8998E+01  0.8998E+01
  0.2561E+00  0.8480E+01  0.1014E+01  0.8996E+01  0.8996E+01
  0.2576E+00  0.1011E+02  0.1036E+01  0.8998E+01  0.8998E+01
  0.2592E+00  0.1050E+02  0.1033E+01  0.9003E+01  0.9003E+01
  0.2607E+00  0.6943E+01  0.1034E+01  0.9009E+01  0.9009E+01
  0.2622E+00  0.6675E+01  0.1031E+01  0.9016E+01  0.9016E+01
  0.2638E+00  0.8273E+01  0.1054E+01  0.9023E+01  0.9023E+01
  0.2653E+00  0.9381E+01  0.1061E+01  0.9031E+01  0.9031E+01
  0.2668E+00  0.9433E+01  0.1072E+01  0.9038E+01  0.9038E+01
  0.2683E+00  0.8640E+01  0.1053E+01  0.9043E+01  0.9043E+01
  0.2699E+00  0.6930E+01  0.1060E+01  0.9047E+01  0.9047E+01
  0.2714E+00  0.6742E+01  0.1054E+01  0.9048E+01  0.9048E+01
  0.2729E+00  0.9126E+01  0.1057E+01  0.9047E+01  0.9047E+01
  0.2744E+00  0.8243E+01  0.1066E+01  0.9043E+01  0.9043E+01
  0.2760E+00  0.1006E+02  0.1068E+01  0.9037E+01  0.9037E+01
  0.2775E+00  0.4980E+01  0.1101E+01  0.9026E+01  0.9026E+01
  0.2790E+00  0.7465E+01  0.1102E+01  0.9013E+01  0.9013E+01
  0.2805E+00  0.8664E+01  0.1099E+01  0.8996E+01  0.8996E+01
  0.2821E+00  0.9455E+01  0.1082E+01  0.8976E+01  0.8976E+01
  0.2836E+00  0.8985E+01  0.1101E+01  0.8952E+01  0.8952E+01
  0.2851E+00  0.8024E+01  0.1079E+01  0.8926E+01  0.8926E+01
  0.2866E+00  0.8608E+01  0.1086E+01  0.8895E+01  0.8895E+01
  0.2882E+00  0.1037E+02  0.1090E+01  0.8862E+01  0.8862E+01
  0.2897E+00  0.8484E+01  0.1112E+01  0.8827E+01  0.8827E+01
  0.2912E+00  0.5289E+01  0.1130E+01  0.8789E+01  0.8789E+01
  0.2927E+00  0.9841E+01  0.1118E+01  0.8749E+01  0.8749E+01
  0.2943E+00  0.9537E+01  0.1116E+01  0.8708E+01  0.8708E+01
  0.2958E+00  0.1051E+02  0.1114E+01  0.8664E+01  0.8664E+01
  0.2973E+00  0.1221E+02  0.1103E+01  0.8621E+01  0.8621E+01
  0.2988E+00  0.8428E+01  0.1102E+01  0.8576E+01  0.8576E+01
  0.3004E+00  0.9310E+01  0.1105E+01  0.8531E+01  0.8531E+01
  0.3019E+00  0.9919E+01  0.1143E+01  0.8486E+01  0.8486E+01
  0.3034E+00  0.9195E+01  0.1158E+01  0.8441E+01  0.8441E+01
  0.3050E+00  0.6795E+01  0.1159E+01  0.8397E+01  0.8397E+01
  0.3065E+00  0.6171E+01  0.1165E+01  0.8355E+01  0.8355E+01
  0.3080E+00  0.9963E+01  0.1143E+01  0.8313E+01  0.8313E+01
  0.3095E+00  0.7465E+01  0.1139E+01  0.8273E+01  0.8273E+01
  0.3111E+00  0.8197E+01  0.1135E+01  0.8235E+01  0.8235E+01
  0.3126E+00  0.9360E+01  0.1136E+01  0.8198E+01  0.8198E+01
  0.3141E+00  0.8129E+01  0.1135E+01  0.8164E+01  0.8164E+01
  0.3156E+00  0.1208E+02  0.1148E+01  0.8132E+01  0.8132E+01
  0.3172E+00  0.7595E+01  0.1193E+01  0.8102E+01  0.8102E+01
  0.3187E+00  0.8432E+01  0.1202E+01  0.8074E+01  0.8074E+01
  0.3202E+00  0.8597E+01  0.1185E+01  0.8048E+01  0.8048E+01
  0.3217E+00  0.8741E+01  0.1183E+01  0.8025E+01  0.8025E+01
  0.3233E+00  0.7254E+01  0.1163E+01  0.8003E+01  0.8003E+01
  0.3248E+00  0.9568E+01  0.1155E+01  0.7984E+01  0.7984E+01
  0.3263E+00  0.8259E+01  0.1173E+01  0.7966E+01  0.7966E+01
  0.3278E+00  0.3472E+01  0.1182E+01  0.7950E+01  0.7950E+01
  0.3294E+00  0.8912E+01  0.1206E+01  0.7935E+01  0.7935E+01
  0.3309E+00  0.7887E+01  0.1221E+01  0.7922E+01  0.7922E+01
  0.3324E+00  0.6989E+01  0.1212E+01  0.7910E+01  0.7910E+01
  0.3339E+00  0.9380E+01  0.1199E+01  0.7898E+01  0.7898E+01
  0.3355E+00  0.7099E+01  0.1189E+01  0.7886E+01  0.7886E+01
  0.3370E+00  0.8801E+01  0.1169E+01  0.7875E+01  0.7875E+01
  0.3385E+00  0.8775E+01  0.1186E+01  0.7864E+01  0.7864E+01
  0.3401E+00  0.6917E+01  0.1180E+01  0.7853E+01  0.7853E+01
  0.3416E+00  0.1003E+02  0.1206E+01  0.7840E+01  0.7840E+01
  0.3431E+00  0.1045E+02  0.1230E+01  0.7827E+01  0.7827E+01
  0.3446E+00  0.8249E+01  0.1223E+01  0.7813E+01  0.7813E+01
  0.3462E+00  0.8968E+01  0.1198E+01  0.7798E+01  0.7798E+01
  0.3477E+00  0.8901E+01  0.1221E+01  0.7781E+01  0.7781E+01
  0.3492E+00  0.8476E+01  0.1194E+01  0.7762E+01  0.7762E+01
  0.3507E+00  0.9830E+01  0.1192E+01  0.7742E+01  0.7742E+01
  0.3523E+00  0.6618E+01  0.1220E+01  0.7720E+01  0.7720E+01
  0.3538E+00  0.1063E+02  0.1250E+01  0.7696E+01  0.7696E+01
  0.3553E+00  0.1140E+02  0.1241E+01  0.7669E+01  0.7669E+01
  0.3568E+00  0.5457E+01  0.1230E+01  0.7641E+01  0.7641E+01
  0.3584E+00  0.7074E+01  0.1237E+01  0.7610E+01  0.7610E+01
  0.3599E+00  0.1046E+02  0.1222E+01  0.7578E+01  0.7578E+01
  0.3614E+00  0.7014E+01  0.1222E+01  0.7543E+01  0.7543E+01
  0.3629E+00  0.8327E+01  0.1195E+01  0.7506E+01  0.7506E+01
  0.3645E+00  0.8052E+01  0.1239E+01  0.7468E+01  0.7468E+01
  0.3660E+00  0.9719E+01  0.1245E+01  0.7428E+01  0.7428E+01
  0.3675E+00  0.8444E+01  0.1247E+01  0.7386E+01  0.7386E+01
  0.3690E+00  0.6309E+01  0.1237E+01  0.7343E+01  0.7343E+01
  0.3706E+00  0.7370E+01  0.1223E+01  0.7299E+01  0.7299E+01
  0.3721E+00  0.6247E+01  0.1211E+01  0.7253E+01  0.7253E+01
  0.3736E+00  0.8621E+01  0.1223E+01  0.7207E+01  0.7207E+01
  0.3752E+00  0.8375E+01  0.1259E+01  0.7160E+01  0.7160E+01
  0.3767E+00  0.8602E+01  0.1284E+01  0.7113E+01  0.7113E+01
  0.3782E+00  0.8568E+01  0.1271E+01  0.7065E+01  0.7065E+01
  0.3797E+00  0.7509E+01  0.1232E+01  0.7018E+01  0.7018E+01
  0.3813E+00  0.6969E+01  0.1225E+01  0.6970E+01  0.6970E+01
  0.3828E+00  0.1003E+02  0.1241E+01  0.6923E+01  0.6923E+01
  0.3843E+00  0.7830E+01  0.1256E+01  0.6877E+01  0.6877E+01
  0.3858E+00  0.6603E+01  0.1270E+01  0.6831E+01  0.6831E+01
  0.3874E+00  0.4858E+01  0.1274E+01  0.6786E+01  0.6786E+01
  0.3889E+00  0.6917E+01  0.1253E+01  0.6742E+01  0.6742E+01
  0.3904E+00  0.6862E+01  0.1251E+01  0.6700E+01  0.6700E+01
  0.3919E+00  0.6732E+01  0.1227E+01  0.6658E+01  0.6658E+01
  0.3935E+00  0.8247E+01  0.1267E+01  0.6618E+01  0.6618E+01
  0.3950E+00  0.6813E+01  0.1267E+01  0.6579E+01  0.6579E+01
  0.3965E+00  0.2358E+01  0.1280E+01  0.6542E+01  0.6542E+01
  0.3980E+00  0.5398E+01  0.1258E+01  0.6505E+01  0.6505E+01
  0.3996E+00  0.7104E+01  0.1259E+01  0.6471E+01  0.6471E+01
  0.4011E+00  0.8238E+01  0.1229E+01  0.6437E+01  0.6437E+01
  0.4026E+00  0.8525E+01  0.1268E+01  0.6405E+01  0.6405E+01
  0.4041E+00  0.7611E+01  0.1275E+01  0.6374E+01  0.6374E+01
  0.4057E+00  0.6395E+01  0.1288E+01  0.6344E+01  0.6344E+01
  0.4072E+00  0.4748E+01  0.1265E+01  0.6315E+01  0.6315E+01
  0.4087E+00  0.3935E+01  0.1245E+01  0.6287E+01  0.6287E+01
  0.4102E+00  0.8872E+01  0.1246E+01  0.6259E+01  0.6259E+01
  0.4118E+00  0.6967E+01  0.1264E+01  0.6232E+01  0.6232E+01
  0.4133E+00  0.9892E+01  0.1266E+01  0.6206E+01  0.6206E+01
  0.4148E+00  0.9465E+01  0.1281E+01  0.6180E+01  0.6180E+01
  0.4164E+00  0.1086E+02  0.1281E+01  0.6154E+01  0.6154E+01
  0.4179E+00  0.1227E+02  0.1257E+01  0.6128E+01  0.6128E+01
  0.4194E+00  0.6942E+01  0.1266E+01  0.6102E+01  0.6102E+01
  0.4209E+00  0.7828E+01  0.1279E+01  0.6075E+01  0.6075E+01
  0.4225E+00  0.8050E+01  0.1300E+01  0.6048E+01  0.6048E+01
  0.4240E+00  0.8533E+01  0.1299E+01  0.6020E+01  0.6020E+01
  0.4255E+00  0.7510E+01  0.1315E+01  0.5992E+01  0.5992E+01
  0.4270E+00  0.8096E+01  0.1299E+01  0.5963E+01  0.5963E+01
  0.4286E+00  0.7674E+01  0.1321E+01  0.5933E+01  0.5933E+01
  0.4301E+00  0.6539E+01  0.1309E+01  0.5902E+01  0.5902E+01
  0.4316E+00  0.1046E+02  0.1342E+01  0.5870E+01  0.5870E+01
  0.4331E+00  0.9502E+01  0.1343E+01  0.5837E+01  0.5837E+01
  0.4347E+00  0.9618E+01  0.1488E+01  0.5802E+01  0.5802E+01
  0.4362E+00  0.1517E+01  0.1519E+01  0.5767E+01  0.5767E+01
  0.4377E+00  0.6046E+01  0.1592E+01  0.5730E+01  0.5730E+01
  0.4392E+00  0.5364E+01  0.1709E+01  0.5693E+01  0.5693E+01
  0.4408E+00  0.1178E+02  0.1817E+01  0.5654E+01  0.5654E+01
  0.4423E+00  0.8730E+01  0.1863E+01  0.5614E+01  0.5614E+01
  0.4438E+00  0.5081E+01  0.1872E+01  0.5574E+01  0.5574E+01
  0.4453E+00  0.5319E+01  0.4490E+01  0.5532E+01  0.5532E+01
  0.4469E+00  0.3158E+01  0.4329E+01  0.5490E+01  0.5490E+01
  0.4484E+00  0.6754E+01  0.3999E+01  0.5448E+01  0.5448E+01
  0.4499E+00  0.9114E+01  0.4482E+01  0.5405E+01  0.5405E+01
  0.4515E+00  0.7309E+01  0.4779E+01  0.5361E+01  0.5361E+01
  0.4530E+00  0.6183E+01  0.5060E+01  0.5317E+01  0.5317E+01
  0.4545E+00  0.1655E+00  0.5296E+01  0.5273E+01  0.5273E+01
  0.4560E+00  0.7476E+01  0.6041E+01  0.5230E+01  0.5230E+01
  0.4576E+00  0.1522E+02  0.6940E+01  0.5186E+01  0.5186E+01
  0.4591E+00  0.8464E+01  0.8289E+01  0.5143E+01  0.5143E+01
  0.4606E+00  0.3506E+01  0.1037E+02  0.5100E+01  0.5100E+01
  0.4621E+00  0.3634E+01  0.1387E+02  0.5058E+01  0.5058E+01
  0.4637E+00  0.1800E+02  0.1919E+02  0.5016E+01  0.5016E+01
  0.4652E+00 -0.2548E+01  0.1315E+02  0.4976E+01  0.4976E+01
  0.4667E+00 -0.5634E+01  0.4619E+01  0.4936E+01  0.4936E+01
  0.4682E+00 -0.1788E+02  0.4667E+01  0.4897E+01  0.4897E+01
  0.4698E+00  0.1325E+02  0.4521E+01  0.4859E+01  0.4859E+01
  0.4713E+00 -0.5993E+01  0.1396E+02  0.4822E+01  0.4822E+01
  0.4728E+00  0.2252E+02  0.1873E+02  0.4786E+01  0.4786E+01
  0.4740E+00 -0.7020E-01  0.1225E+02  0.4761E+01  0.4761E+01

           Distance distribution  function of particle  


       R          P(R)      ERROR

  0.0000E+00  0.0000E+00  0.0000E+00
  0.8153E+00  0.6689E-01  0.9066E-03
  0.1631E+01  0.1257E+00  0.1448E-02
  0.2446E+01  0.1774E+00  0.1666E-02
  0.3261E+01  0.2231E+00  0.1627E-02
  0.4077E+01  0.2645E+00  0.1428E-02
  0.4892E+01  0.3035E+00  0.1214E-02
  0.5707E+01  0.3422E+00  0.1168E-02
  0.6522E+01  0.3827E+00  0.1363E-02
  0.7338E+01  0.4268E+00  0.1681E-02
  0.8153E+01  0.4762E+00  0.1989E-02
  0.8968E+01  0.5321E+00  0.2221E-02
  0.9784E+01  0.5953E+00  0.2354E-02
  0.1060E+02  0.6661E+00  0.2399E-02
  0.1141E+02  0.7444E+00  0.2389E-02
  0.1223E+02  0.8296E+00  0.2368E-02
  0.1304E+02  0.9206E+00  0.2371E-02
  0.1386E+02  0.1016E+01  0.2414E-02
  0.1468E+02  0.1115E+01  0.2485E-02
  0.1549E+02  0.1215E+01  0.2555E-02
  0.1631E+02  0.1315E+01  0.2598E-02
  0.1712E+02  0.1413E+01  0.2601E-02
  0.1794E+02  0.1508E+01  0.2571E-02
  0.1875E+02  0.1599E+01  0.2532E-02
  0.1957E+02  0.1685E+01  0.2516E-02
  0.2038E+02  0.1765E+01  0.2549E-02
  0.2120E+02  0.1840E+01  0.2635E-02
  0.2201E+02  0.1908E+01  0.2754E-02
  0.2283E+02  0.1970E+01  0.2875E-02
  0.2364E+02  0.2025E+01  0.2966E-02
  0.2446E+02  0.2075E+01  0.3006E-02
  0.2527E+02  0.2120E+01  0.2994E-02
  0.2609E+02  0.2159E+01  0.2942E-02
  0.2690E+02  0.2192E+01  0.2879E-02
  0.2772E+02  0.2220E+01  0.2842E-02
  0.2854E+02  0.2243E+01  0.2862E-02
  0.2935E+02  0.2260E+01  0.2952E-02
  0.3017E+02  0.2272E+01  0.3102E-02
  0.3098E+02  0.2277E+01  0.3286E-02
  0.3180E+02  0.2277E+01  0.3474E-02
  0.3261E+02  0.2270E+01  0.3644E-02
  0.3343E+02  0.2256E+01  0.3781E-02
  0.3424E+02  0.2236E+01  0.3880E-02
  0.3506E+02  0.2210E+01  0.3943E-02
  0.3587E+02  0.2177E+01  0.3977E-02
  0.3669E+02  0.2138E+01  0.3986E-02
  0.3750E+02  0.2093E+01  0.3978E-02
  0.3832E+02  0.2044E+01  0.3957E-02
  0.3913E+02  0.1989E+01  0.3928E-02
  0.3995E+02  0.1930E+01  0.3898E-02
  0.4077E+02  0.1867E+01  0.3877E-02
  0.4158E+02  0.1801E+01  0.3873E-02
  0.4240E+02  0.1732E+01  0.3895E-02
  0.4321E+02  0.1660E+01  0.3948E-02
  0.4403E+02  0.1587E+01  0.4028E-02
  0.4484E+02  0.1512E+01  0.4124E-02
  0.4566E+02  0.1435E+01  0.4220E-02
  0.4647E+02  0.1358E+01  0.4299E-02
  0.4729E+02  0.1281E+01  0.4343E-02
  0.4810E+02  0.1205E+01  0.4343E-02
  0.4892E+02  0.1128E+01  0.4294E-02
  0.4973E+02  0.1054E+01  0.4196E-02
  0.5055E+02  0.9805E+00  0.4062E-02
  0.5136E+02  0.9097E+00  0.3907E-02
  0.5218E+02  0.8416E+00  0.3754E-02
  0.5299E+02  0.7765E+00  0.3629E-02
  0.5381E+02  0.7150E+00  0.3558E-02
  0.5463E+02  0.6572E+00  0.3560E-02
  0.5544E+02  0.6033E+00  0.3641E-02
  0.5626E+02  0.5534E+00  0.3793E-02
  0.5707E+02  0.5077E+00  0.3996E-02
  0.5789E+02  0.4659E+00  0.4224E-02
  0.5870E+02  0.4280E+00  0.4449E-02
  0.5952E+02  0.3938E+00  0.4649E-02
  0.6033E+02  0.3630E+00  0.4803E-02
  0.6115E+02  0.3355E+00  0.4899E-02
  0.6196E+02  0.3109E+00  0.4931E-02
  0.6278E+02  0.2891E+00  0.4900E-02
  0.6359E+02  0.2699E+00  0.4816E-02
  0.6441E+02  0.2529E+00  0.4695E-02
  0.6522E+02  0.2381E+00  0.4563E-02
  0.6604E+02  0.2252E+00  0.4447E-02
  0.6685E+02  0.2140E+00  0.4374E-02
  0.6767E+02  0.2045E+00  0.4366E-02
  0.6849E+02  0.1964E+00  0.4428E-02
  0.6930E+02  0.1895E+00  0.4554E-02
  0.7012E+02  0.1834E+00  0.4721E-02
  0.7093E+02  0.1780E+00  0.4901E-02
  0.7175E+02  0.1729E+00  0.5067E-02
  0.7256E+02  0.1677E+00  0.5192E-02
  0.7338E+02  0.1621E+00  0.5256E-02
  0.7419E+02  0.1555E+00  0.5242E-02
  0.7501E+02  0.1477E+00  0.5139E-02
  0.7582E+02  0.1383E+00  0.4938E-02
  0.7664E+02  0.1268E+00  0.4631E-02
  0.7745E+02  0.1130E+00  0.4210E-02
  0.7827E+02  0.9650E-01  0.3667E-02
  0.7908E+02  0.7715E-01  0.2989E-02
  0.7990E+02  0.5472E-01  0.2164E-02
  0.8071E+02  0.2904E-01  0.1173E-02
  0.8153E+02  0.0000E+00  0.0000E+00
          Reciprocal space: Rg =   25.86     , I(0) =   0.1037E+04
     Real space: Rg =   25.86 +- 0.028  I(0) =   0.1037E+04 +-  0.9447E+00
