
           ####    G N O M   ---   Version 4.5a revised 09/02/02     ####

                                                  Sat Nov  4 16:59:26 2017
           ===    Run No   1   ===
 Run title:  0.000132994 0 0


  Number of points omitted at the end:          11

          To optimize the performance, some input data points 
           have been joined. New number of points equals to 300

   *******   Working Directory :
   *******    Input file(s) : 25578_02F_S032_0_01.sub
           Condition P(rmin) = 0 is used. 
           Condition P(rmax) = 0 is used. 

          Experimental conditions for the first run
          -----------------------------------------

          Highest ALPHA is found to be   0.1193E+04

  The measure of inconsistency AN1 equals to    0.1215E+01

          Warning: using the chosen range in the real space 
             it is not possible to fit the data set within the
             given error band. 
     Alpha    Discrp  Oscill  Stabil  Sysdev  Positv  Valcen    Total   
  0.1193E+07161.6961  1.2099  0.9213  0.0067  1.0000  0.8490  0.00001
  0.2386E+06129.8856  1.1975  0.7266  0.0468  1.0000  0.8530  0.00001
  0.4773E+05 74.1730  1.1783  0.3786  0.2207  1.0000  0.8642  0.00001
  0.9545E+04 34.1745  1.2567  0.1500  0.2676  1.0000  0.8739  0.00001
  0.1909E+04 12.4510  1.4568  0.0855  0.3746  1.0000  0.8749  0.00001
  0.3818E+03  3.4907  1.5844  0.0287  0.4682  1.0000  0.8762  0.00001
  0.7636E+02  1.1864  1.6289  0.0082  0.7358  1.0000  0.8767  0.62405
  0.1527E+02  0.8347  1.6451  0.0053  0.8696  1.0000  0.8770  0.72975
  0.3055E+01  0.7680  1.6607  0.0061  0.8829  1.0000  0.8775  0.71272
  0.6109E+00  0.7476  1.6841  0.0072  0.9097  1.0000  0.8776  0.61946
  0.1222E+00  0.7387  1.7365  0.0092  0.9365  1.0000  0.8771  0.10000
  0.2444E-01  0.7338  1.8808  0.0200  0.9632  0.9998  0.8768  0.10000
  0.4887E-02  0.7284  2.5632  0.0640  0.9498  0.9992  0.8744  0.10000
  0.9774E-03  0.7186  5.7424  0.1779  0.9498  0.9931  0.8482  0.10000
  0.1955E-03  0.7085 10.8626  0.1639  0.9498  0.9649  0.7815  0.10000
  0.3910E-04  0.7048 15.1909  0.3324  0.9498  0.9216  0.6789  0.10000
  0.7820E-05  0.7019 19.9401  0.3961  0.9365  0.8552  0.5500  0.10000
  0.1564E-05  0.7006 21.5930  0.1906  0.9365  0.8248  0.4242  0.10000
  0.3128E-06  0.7001 27.7395  0.5340  0.9365  0.8163  0.2878  0.10000
  0.6256E-07  0.6980 37.4521  0.9304  0.9365  0.7504  0.2426  0.10000
  0.1251E-07  0.6882 39.0512  0.9272  0.9365  0.7082  0.2625  0.10000
  0.2502E-08  0.6502 40.5136  0.8153  0.9231  0.6998  0.2949  0.10000
  0.5005E-09  0.5512 42.4671  0.6557  0.9365  0.7095  0.3221  0.10000
  0.1001E-09  0.3994 43.6936  0.5133  0.8696  0.7196  0.2871  0.10000
  0.2002E-10  0.2400 45.3611  0.3608  0.9097  0.7231  0.2293  0.10000
  0.4004E-11  0.1212 48.1745  0.2719  0.9498  0.7018  0.3577  0.10000
  0.8007E-12  0.0440 50.7656  0.1538  0.9632  0.6580  0.5288  0.10000
  0.1601E-12  0.0108 51.7076  0.0429  0.9498  0.6379  0.5884  0.10000
  0.3203E-13  0.0023 51.9218  0.0092  0.9498  0.6330  0.6018  0.10000
  0.6406E-14  0.0005 51.9658  0.0019  0.9498  0.6320  0.6045  0.10000
  0.1281E-14  0.0001 51.9746  0.0004  0.9498  0.6318  0.6050  0.10000

          ***  Golden section search to maximize estimate ***
     Alpha    Discrp  Oscill  Stabil  Sysdev  Positv  Valcen    Total   
  0.5648E+01  0.7849  1.6540  0.0061  0.8696  1.0000  0.8773  0.72180
  0.1044E+02  0.8111  1.6483  0.0057  0.9097  1.0000  0.8771  0.76295
  0.1208E+02  0.8193  1.6470  0.0055  0.8963  1.0000  0.8770  0.75267
  0.9549E+01  0.8066  1.6490  0.0057  0.8963  1.0000  0.8771  0.75170
  0.1104E+02  0.8141  1.6478  0.0056  0.9097  1.0000  0.8771  0.76318
  0.1143E+02  0.8160  1.6475  0.0056  0.9097  1.0000  0.8771  0.76329
  0.1167E+02  0.8173  1.6473  0.0055  0.8963  1.0000  0.8771  0.75257
  0.1128E+02  0.8153  1.6476  0.0056  0.9097  1.0000  0.8771  0.76325
  0.1152E+02  0.8165  1.6474  0.0056  0.8963  1.0000  0.8771  0.75253
  0.1137E+02  0.8158  1.6475  0.0056  0.9097  1.0000  0.8771  0.76328
  0.1146E+02  0.8162  1.6475  0.0056  0.8963  1.0000  0.8771  0.75252
  0.1140E+02  0.8159  1.6475  0.0056  0.9097  1.0000  0.8771  0.76329
  0.1143E+02  0.8160  1.6475  0.0056  0.9097  1.0000  0.8771  0.76329



             ####            Final results            ####

 Parameter    DISCRP    OSCILL    STABIL    SYSDEV    POSITV    VALCEN
 Weight        1.000     3.000     3.000     4.000     1.000     1.000
 Sigma         0.500     0.600     0.120     0.200     0.120     0.120
 Ideal         1.000     1.100     0.000     1.000     1.000     0.950
 Current       0.816     1.648     0.006     0.910     1.000     0.877
                - - - - - - - - - - - - - - - - - - - - - - - - - 
 Estimate      0.873     0.435     0.998     0.816     1.000     0.691

  Angular   range    :     from    0.0089   to    0.4652
  Real space range   :     from      0.00   to    104.70

  Highest ALPHA (theor) :   0.119E+07                 JOB = 0
  Current ALPHA         :   0.114E+02   Rg :  0.281E+02   I(0) :   0.277E+04

           Total  estimate : 0.763  which is    A GOOD      solution

      S          J EXP       ERROR       J REG       I REG

  0.0000E+00                                      0.2775E+04
  0.1782E-02                                      0.2772E+04
  0.3563E-02                                      0.2766E+04
  0.5345E-02                                      0.2754E+04
  0.7126E-02                                      0.2738E+04
  0.8908E-02  0.2623E+04  0.4921E+02  0.2717E+04  0.2717E+04
  0.1043E-01  0.2662E+04  0.1896E+02  0.2696E+04  0.2696E+04
  0.1196E-01  0.2636E+04  0.1328E+02  0.2672E+04  0.2672E+04
  0.1349E-01  0.2656E+04  0.1067E+02  0.2645E+04  0.2645E+04
  0.1501E-01  0.2603E+04  0.8855E+01  0.2615E+04  0.2615E+04
  0.1654E-01  0.2580E+04  0.7716E+01  0.2582E+04  0.2582E+04
  0.1806E-01  0.2568E+04  0.7034E+01  0.2547E+04  0.2547E+04
  0.1959E-01  0.2514E+04  0.6417E+01  0.2509E+04  0.2509E+04
  0.2112E-01  0.2479E+04  0.6240E+01  0.2469E+04  0.2469E+04
  0.2264E-01  0.2441E+04  0.6520E+01  0.2426E+04  0.2426E+04
  0.2417E-01  0.2387E+04  0.5676E+01  0.2382E+04  0.2382E+04
  0.2569E-01  0.2345E+04  0.5678E+01  0.2336E+04  0.2336E+04
  0.2722E-01  0.2287E+04  0.5197E+01  0.2288E+04  0.2288E+04
  0.2875E-01  0.2245E+04  0.4979E+01  0.2238E+04  0.2238E+04
  0.3027E-01  0.2191E+04  0.4983E+01  0.2188E+04  0.2188E+04
  0.3180E-01  0.2132E+04  0.4563E+01  0.2136E+04  0.2136E+04
  0.3332E-01  0.2077E+04  0.4365E+01  0.2083E+04  0.2083E+04
  0.3485E-01  0.2022E+04  0.4356E+01  0.2029E+04  0.2029E+04
  0.3638E-01  0.1963E+04  0.4140E+01  0.1974E+04  0.1974E+04
  0.3790E-01  0.1911E+04  0.4050E+01  0.1919E+04  0.1919E+04
  0.3943E-01  0.1861E+04  0.3984E+01  0.1864E+04  0.1864E+04
  0.4095E-01  0.1807E+04  0.3840E+01  0.1808E+04  0.1808E+04
  0.4248E-01  0.1746E+04  0.3695E+01  0.1753E+04  0.1753E+04
  0.4401E-01  0.1702E+04  0.3612E+01  0.1697E+04  0.1697E+04
  0.4553E-01  0.1634E+04  0.3427E+01  0.1642E+04  0.1642E+04
  0.4706E-01  0.1579E+04  0.3434E+01  0.1587E+04  0.1587E+04
  0.4858E-01  0.1527E+04  0.3378E+01  0.1532E+04  0.1532E+04
  0.5011E-01  0.1486E+04  0.3144E+01  0.1478E+04  0.1478E+04
  0.5164E-01  0.1430E+04  0.3128E+01  0.1425E+04  0.1425E+04
  0.5316E-01  0.1372E+04  0.3005E+01  0.1372E+04  0.1372E+04
  0.5469E-01  0.1318E+04  0.3023E+01  0.1320E+04  0.1320E+04
  0.5621E-01  0.1273E+04  0.2814E+01  0.1269E+04  0.1269E+04
  0.5774E-01  0.1227E+04  0.2792E+01  0.1219E+04  0.1219E+04
  0.5927E-01  0.1176E+04  0.2677E+01  0.1170E+04  0.1170E+04
  0.6079E-01  0.1133E+04  0.2546E+01  0.1122E+04  0.1122E+04
  0.6232E-01  0.1072E+04  0.2579E+01  0.1075E+04  0.1075E+04
  0.6384E-01  0.1024E+04  0.2539E+01  0.1029E+04  0.1029E+04
  0.6537E-01  0.9885E+03  0.2497E+01  0.9839E+03  0.9839E+03
  0.6690E-01  0.9455E+03  0.2396E+01  0.9404E+03  0.9404E+03
  0.6842E-01  0.8977E+03  0.2317E+01  0.8981E+03  0.8981E+03
  0.6995E-01  0.8563E+03  0.2205E+01  0.8569E+03  0.8569E+03
  0.7147E-01  0.8179E+03  0.2197E+01  0.8170E+03  0.8170E+03
  0.7300E-01  0.7798E+03  0.2212E+01  0.7783E+03  0.7783E+03
  0.7453E-01  0.7396E+03  0.2162E+01  0.7407E+03  0.7407E+03
  0.7605E-01  0.7030E+03  0.2124E+01  0.7044E+03  0.7044E+03
  0.7758E-01  0.6684E+03  0.2033E+01  0.6693E+03  0.6693E+03
  0.7910E-01  0.6317E+03  0.1970E+01  0.6354E+03  0.6354E+03
  0.8063E-01  0.6026E+03  0.1927E+01  0.6027E+03  0.6027E+03
  0.8216E-01  0.5753E+03  0.1895E+01  0.5711E+03  0.5711E+03
  0.8368E-01  0.5405E+03  0.1835E+01  0.5406E+03  0.5406E+03
  0.8521E-01  0.5093E+03  0.1857E+01  0.5113E+03  0.5113E+03
  0.8673E-01  0.4818E+03  0.1741E+01  0.4831E+03  0.4831E+03
  0.8826E-01  0.4587E+03  0.1684E+01  0.4560E+03  0.4560E+03
  0.8979E-01  0.4308E+03  0.1657E+01  0.4300E+03  0.4300E+03
  0.9131E-01  0.4063E+03  0.1644E+01  0.4050E+03  0.4050E+03
  0.9284E-01  0.3810E+03  0.1633E+01  0.3811E+03  0.3811E+03
  0.9436E-01  0.3566E+03  0.1619E+01  0.3581E+03  0.3581E+03
  0.9589E-01  0.3403E+03  0.1575E+01  0.3362E+03  0.3362E+03
  0.9742E-01  0.3166E+03  0.1533E+01  0.3153E+03  0.3153E+03
  0.9894E-01  0.2930E+03  0.1489E+01  0.2953E+03  0.2953E+03
  0.1005E+00  0.2738E+03  0.1458E+01  0.2762E+03  0.2762E+03
  0.1020E+00  0.2540E+03  0.1430E+01  0.2581E+03  0.2581E+03
  0.1035E+00  0.2418E+03  0.1448E+01  0.2408E+03  0.2408E+03
  0.1050E+00  0.2258E+03  0.1450E+01  0.2244E+03  0.2244E+03
  0.1066E+00  0.2078E+03  0.1422E+01  0.2089E+03  0.2089E+03
  0.1081E+00  0.1953E+03  0.1411E+01  0.1942E+03  0.1942E+03
  0.1096E+00  0.1796E+03  0.1342E+01  0.1804E+03  0.1804E+03
  0.1112E+00  0.1651E+03  0.1324E+01  0.1673E+03  0.1673E+03
  0.1127E+00  0.1577E+03  0.1287E+01  0.1550E+03  0.1550E+03
  0.1142E+00  0.1443E+03  0.1276E+01  0.1435E+03  0.1435E+03
  0.1157E+00  0.1339E+03  0.1268E+01  0.1326E+03  0.1326E+03
  0.1173E+00  0.1221E+03  0.1265E+01  0.1225E+03  0.1225E+03
  0.1188E+00  0.1156E+03  0.1285E+01  0.1131E+03  0.1131E+03
  0.1203E+00  0.1024E+03  0.1246E+01  0.1043E+03  0.1043E+03
  0.1218E+00  0.9497E+02  0.1237E+01  0.9616E+02  0.9616E+02
  0.1234E+00  0.8710E+02  0.1224E+01  0.8863E+02  0.8863E+02
  0.1249E+00  0.8179E+02  0.1201E+01  0.8168E+02  0.8168E+02
  0.1264E+00  0.7497E+02  0.1195E+01  0.7529E+02  0.7529E+02
  0.1279E+00  0.6852E+02  0.1186E+01  0.6943E+02  0.6943E+02
  0.1295E+00  0.6408E+02  0.1184E+01  0.6408E+02  0.6408E+02
  0.1310E+00  0.5881E+02  0.1214E+01  0.5921E+02  0.5921E+02
  0.1325E+00  0.5484E+02  0.1191E+01  0.5480E+02  0.5480E+02
  0.1340E+00  0.5069E+02  0.1179E+01  0.5081E+02  0.5081E+02
  0.1356E+00  0.4820E+02  0.1185E+01  0.4723E+02  0.4723E+02
  0.1371E+00  0.4398E+02  0.1175E+01  0.4402E+02  0.4402E+02
  0.1386E+00  0.4174E+02  0.1215E+01  0.4117E+02  0.4117E+02
  0.1401E+00  0.3940E+02  0.1209E+01  0.3864E+02  0.3864E+02
  0.1417E+00  0.3533E+02  0.1218E+01  0.3641E+02  0.3641E+02
  0.1432E+00  0.3536E+02  0.1228E+01  0.3447E+02  0.3447E+02
  0.1447E+00  0.3045E+02  0.1198E+01  0.3277E+02  0.3277E+02
  0.1462E+00  0.2970E+02  0.1180E+01  0.3132E+02  0.3132E+02
  0.1478E+00  0.3088E+02  0.1169E+01  0.3007E+02  0.3007E+02
  0.1493E+00  0.2751E+02  0.1169E+01  0.2902E+02  0.2902E+02
  0.1508E+00  0.2681E+02  0.1179E+01  0.2813E+02  0.2813E+02
  0.1524E+00  0.2953E+02  0.1197E+01  0.2741E+02  0.2741E+02
  0.1539E+00  0.2658E+02  0.1187E+01  0.2682E+02  0.2682E+02
  0.1554E+00  0.2294E+02  0.1212E+01  0.2635E+02  0.2635E+02
  0.1569E+00  0.2570E+02  0.1208E+01  0.2599E+02  0.2599E+02
  0.1585E+00  0.2357E+02  0.1196E+01  0.2572E+02  0.2572E+02
  0.1600E+00  0.2498E+02  0.1172E+01  0.2553E+02  0.2553E+02
  0.1615E+00  0.2552E+02  0.1168E+01  0.2541E+02  0.2541E+02
  0.1630E+00  0.2665E+02  0.1161E+01  0.2534E+02  0.2534E+02
  0.1646E+00  0.2659E+02  0.1179E+01  0.2532E+02  0.2532E+02
  0.1661E+00  0.2655E+02  0.1182E+01  0.2535E+02  0.2535E+02
  0.1676E+00  0.2516E+02  0.1202E+01  0.2540E+02  0.2540E+02
  0.1691E+00  0.2156E+02  0.1195E+01  0.2548E+02  0.2548E+02
  0.1707E+00  0.2655E+02  0.1198E+01  0.2558E+02  0.2558E+02
  0.1722E+00  0.2536E+02  0.1178E+01  0.2569E+02  0.2569E+02
  0.1737E+00  0.2477E+02  0.1188E+01  0.2580E+02  0.2580E+02
  0.1752E+00  0.2669E+02  0.1180E+01  0.2593E+02  0.2593E+02
  0.1768E+00  0.2553E+02  0.1173E+01  0.2605E+02  0.2605E+02
  0.1783E+00  0.2714E+02  0.1154E+01  0.2618E+02  0.2618E+02
  0.1798E+00  0.2565E+02  0.1146E+01  0.2629E+02  0.2629E+02
  0.1813E+00  0.2612E+02  0.1176E+01  0.2640E+02  0.2640E+02
  0.1829E+00  0.2713E+02  0.1165E+01  0.2651E+02  0.2651E+02
  0.1844E+00  0.2668E+02  0.1168E+01  0.2660E+02  0.2660E+02
  0.1859E+00  0.2865E+02  0.1197E+01  0.2668E+02  0.2668E+02
  0.1875E+00  0.2794E+02  0.1189E+01  0.2674E+02  0.2674E+02
  0.1890E+00  0.2717E+02  0.1178E+01  0.2679E+02  0.2679E+02
  0.1905E+00  0.2728E+02  0.1150E+01  0.2683E+02  0.2683E+02
  0.1920E+00  0.2768E+02  0.1147E+01  0.2685E+02  0.2685E+02
  0.1936E+00  0.2866E+02  0.1137E+01  0.2685E+02  0.2685E+02
  0.1951E+00  0.2708E+02  0.1155E+01  0.2683E+02  0.2683E+02
  0.1966E+00  0.2620E+02  0.1143E+01  0.2680E+02  0.2680E+02
  0.1981E+00  0.2697E+02  0.1159E+01  0.2674E+02  0.2674E+02
  0.1997E+00  0.2715E+02  0.1141E+01  0.2667E+02  0.2667E+02
  0.2012E+00  0.2737E+02  0.1131E+01  0.2657E+02  0.2657E+02
  0.2027E+00  0.2680E+02  0.1142E+01  0.2646E+02  0.2646E+02
  0.2042E+00  0.2494E+02  0.1123E+01  0.2633E+02  0.2633E+02
  0.2058E+00  0.2336E+02  0.1142E+01  0.2617E+02  0.2617E+02
  0.2073E+00  0.2859E+02  0.1162E+01  0.2600E+02  0.2600E+02
  0.2088E+00  0.2450E+02  0.1163E+01  0.2580E+02  0.2580E+02
  0.2103E+00  0.2566E+02  0.1149E+01  0.2559E+02  0.2559E+02
  0.2119E+00  0.2145E+02  0.1125E+01  0.2536E+02  0.2536E+02
  0.2134E+00  0.2305E+02  0.1110E+01  0.2511E+02  0.2511E+02
  0.2149E+00  0.2589E+02  0.1102E+01  0.2484E+02  0.2484E+02
  0.2164E+00  0.2540E+02  0.1117E+01  0.2456E+02  0.2456E+02
  0.2180E+00  0.2519E+02  0.1123E+01  0.2426E+02  0.2426E+02
  0.2195E+00  0.2200E+02  0.1120E+01  0.2395E+02  0.2395E+02
  0.2210E+00  0.2309E+02  0.1112E+01  0.2363E+02  0.2363E+02
  0.2225E+00  0.2247E+02  0.1107E+01  0.2330E+02  0.2330E+02
  0.2241E+00  0.2492E+02  0.1116E+01  0.2297E+02  0.2297E+02
  0.2256E+00  0.2561E+02  0.1137E+01  0.2263E+02  0.2263E+02
  0.2271E+00  0.2171E+02  0.1153E+01  0.2228E+02  0.2228E+02
  0.2287E+00  0.2418E+02  0.1150E+01  0.2193E+02  0.2193E+02
  0.2302E+00  0.2295E+02  0.1147E+01  0.2159E+02  0.2159E+02
  0.2317E+00  0.2315E+02  0.1156E+01  0.2124E+02  0.2124E+02
  0.2332E+00  0.2248E+02  0.1157E+01  0.2090E+02  0.2090E+02
  0.2348E+00  0.1858E+02  0.1190E+01  0.2057E+02  0.2057E+02
  0.2363E+00  0.1876E+02  0.1225E+01  0.2024E+02  0.2024E+02
  0.2378E+00  0.2054E+02  0.1244E+01  0.1993E+02  0.1993E+02
  0.2393E+00  0.1779E+02  0.1268E+01  0.1963E+02  0.1963E+02
  0.2409E+00  0.1775E+02  0.1251E+01  0.1934E+02  0.1934E+02
  0.2424E+00  0.2114E+02  0.1283E+01  0.1906E+02  0.1906E+02
  0.2439E+00  0.1677E+02  0.1302E+01  0.1881E+02  0.1881E+02
  0.2454E+00  0.2066E+02  0.1328E+01  0.1856E+02  0.1856E+02
  0.2470E+00  0.1861E+02  0.1358E+01  0.1834E+02  0.1834E+02
  0.2485E+00  0.1667E+02  0.1375E+01  0.1813E+02  0.1813E+02
  0.2500E+00  0.1691E+02  0.1356E+01  0.1794E+02  0.1794E+02
  0.2515E+00  0.2081E+02  0.1360E+01  0.1777E+02  0.1777E+02
  0.2531E+00  0.1772E+02  0.1348E+01  0.1762E+02  0.1762E+02
  0.2546E+00  0.1533E+02  0.1350E+01  0.1749E+02  0.1749E+02
  0.2561E+00  0.1732E+02  0.1357E+01  0.1737E+02  0.1737E+02
  0.2576E+00  0.1595E+02  0.1376E+01  0.1726E+02  0.1726E+02
  0.2592E+00  0.1755E+02  0.1379E+01  0.1718E+02  0.1718E+02
  0.2607E+00  0.1649E+02  0.1371E+01  0.1710E+02  0.1710E+02
  0.2622E+00  0.1816E+02  0.1368E+01  0.1704E+02  0.1704E+02
  0.2638E+00  0.1398E+02  0.1394E+01  0.1699E+02  0.1699E+02
  0.2653E+00  0.1813E+02  0.1393E+01  0.1695E+02  0.1695E+02
  0.2668E+00  0.1576E+02  0.1419E+01  0.1692E+02  0.1692E+02
  0.2683E+00  0.1561E+02  0.1425E+01  0.1689E+02  0.1689E+02
  0.2699E+00  0.1378E+02  0.1413E+01  0.1687E+02  0.1687E+02
  0.2714E+00  0.1532E+02  0.1403E+01  0.1686E+02  0.1686E+02
  0.2729E+00  0.1456E+02  0.1419E+01  0.1685E+02  0.1685E+02
  0.2744E+00  0.1726E+02  0.1424E+01  0.1683E+02  0.1683E+02
  0.2760E+00  0.1390E+02  0.1413E+01  0.1682E+02  0.1682E+02
  0.2775E+00  0.1622E+02  0.1433E+01  0.1681E+02  0.1681E+02
  0.2790E+00  0.2029E+02  0.1452E+01  0.1679E+02  0.1679E+02
  0.2805E+00  0.1957E+02  0.1436E+01  0.1678E+02  0.1678E+02
  0.2821E+00  0.1649E+02  0.1440E+01  0.1676E+02  0.1676E+02
  0.2836E+00  0.1745E+02  0.1472E+01  0.1673E+02  0.1673E+02
  0.2851E+00  0.2118E+02  0.1429E+01  0.1670E+02  0.1670E+02
  0.2866E+00  0.1663E+02  0.1441E+01  0.1666E+02  0.1666E+02
  0.2882E+00  0.2105E+02  0.1440E+01  0.1663E+02  0.1663E+02
  0.2897E+00  0.1801E+02  0.1476E+01  0.1658E+02  0.1658E+02
  0.2912E+00  0.1300E+02  0.1486E+01  0.1653E+02  0.1653E+02
  0.2927E+00  0.1515E+02  0.1496E+01  0.1647E+02  0.1647E+02
  0.2943E+00  0.1684E+02  0.1484E+01  0.1641E+02  0.1641E+02
  0.2958E+00  0.1665E+02  0.1494E+01  0.1635E+02  0.1635E+02
  0.2973E+00  0.1909E+02  0.1452E+01  0.1628E+02  0.1628E+02
  0.2988E+00  0.1424E+02  0.1456E+01  0.1621E+02  0.1621E+02
  0.3004E+00  0.1614E+02  0.1487E+01  0.1614E+02  0.1614E+02
  0.3019E+00  0.1729E+02  0.1515E+01  0.1607E+02  0.1607E+02
  0.3034E+00  0.1349E+02  0.1563E+01  0.1599E+02  0.1599E+02
  0.3050E+00  0.1486E+02  0.1522E+01  0.1592E+02  0.1592E+02
  0.3065E+00  0.1498E+02  0.1557E+01  0.1585E+02  0.1585E+02
  0.3080E+00  0.1285E+02  0.1530E+01  0.1577E+02  0.1577E+02
  0.3095E+00  0.1601E+02  0.1532E+01  0.1570E+02  0.1570E+02
  0.3111E+00  0.1702E+02  0.1493E+01  0.1563E+02  0.1563E+02
  0.3126E+00  0.1257E+02  0.1512E+01  0.1557E+02  0.1557E+02
  0.3141E+00  0.1899E+02  0.1514E+01  0.1550E+02  0.1550E+02
  0.3156E+00  0.1743E+02  0.1527E+01  0.1544E+02  0.1544E+02
  0.3172E+00  0.1743E+02  0.1587E+01  0.1538E+02  0.1538E+02
  0.3187E+00  0.1515E+02  0.1602E+01  0.1533E+02  0.1533E+02
  0.3202E+00  0.1594E+02  0.1594E+01  0.1528E+02  0.1528E+02
  0.3217E+00  0.1396E+02  0.1597E+01  0.1523E+02  0.1523E+02
  0.3233E+00  0.1430E+02  0.1575E+01  0.1518E+02  0.1518E+02
  0.3248E+00  0.1132E+02  0.1522E+01  0.1514E+02  0.1514E+02
  0.3263E+00  0.1666E+02  0.1545E+01  0.1510E+02  0.1510E+02
  0.3278E+00  0.1767E+02  0.1576E+01  0.1506E+02  0.1506E+02
  0.3294E+00  0.1386E+02  0.1582E+01  0.1502E+02  0.1502E+02
  0.3309E+00  0.1560E+02  0.1605E+01  0.1498E+02  0.1498E+02
  0.3324E+00  0.1682E+02  0.1630E+01  0.1495E+02  0.1495E+02
  0.3339E+00  0.1512E+02  0.1579E+01  0.1491E+02  0.1491E+02
  0.3355E+00  0.1124E+02  0.1574E+01  0.1487E+02  0.1487E+02
  0.3370E+00  0.1510E+02  0.1546E+01  0.1484E+02  0.1484E+02
  0.3385E+00  0.1098E+02  0.1571E+01  0.1480E+02  0.1480E+02
  0.3401E+00  0.1147E+02  0.1581E+01  0.1475E+02  0.1475E+02
  0.3416E+00  0.1707E+02  0.1597E+01  0.1471E+02  0.1471E+02
  0.3431E+00  0.1289E+02  0.1613E+01  0.1466E+02  0.1466E+02
  0.3446E+00  0.1770E+02  0.1613E+01  0.1461E+02  0.1461E+02
  0.3462E+00  0.1422E+02  0.1614E+01  0.1456E+02  0.1456E+02
  0.3477E+00  0.1343E+02  0.1611E+01  0.1450E+02  0.1450E+02
  0.3492E+00  0.1615E+02  0.1568E+01  0.1444E+02  0.1444E+02
  0.3507E+00  0.1416E+02  0.1592E+01  0.1438E+02  0.1438E+02
  0.3523E+00  0.1686E+02  0.1625E+01  0.1431E+02  0.1431E+02
  0.3538E+00  0.1514E+02  0.1657E+01  0.1424E+02  0.1424E+02
  0.3553E+00  0.1439E+02  0.1643E+01  0.1417E+02  0.1417E+02
  0.3568E+00  0.1828E+02  0.1628E+01  0.1409E+02  0.1409E+02
  0.3584E+00  0.1786E+02  0.1637E+01  0.1401E+02  0.1401E+02
  0.3599E+00  0.1463E+02  0.1619E+01  0.1393E+02  0.1393E+02
  0.3614E+00  0.1869E+02  0.1627E+01  0.1385E+02  0.1385E+02
  0.3629E+00  0.1437E+02  0.1605E+01  0.1376E+02  0.1376E+02
  0.3645E+00  0.9954E+01  0.1683E+01  0.1368E+02  0.1368E+02
  0.3660E+00  0.1432E+02  0.1684E+01  0.1360E+02  0.1360E+02
  0.3675E+00  0.1578E+02  0.1637E+01  0.1351E+02  0.1351E+02
  0.3690E+00  0.9899E+01  0.1642E+01  0.1343E+02  0.1343E+02
  0.3706E+00  0.1085E+02  0.1598E+01  0.1335E+02  0.1335E+02
  0.3721E+00  0.1266E+02  0.1624E+01  0.1328E+02  0.1328E+02
  0.3736E+00  0.1597E+02  0.1640E+01  0.1320E+02  0.1320E+02
  0.3752E+00  0.1401E+02  0.1679E+01  0.1313E+02  0.1313E+02
  0.3767E+00  0.1043E+02  0.1716E+01  0.1307E+02  0.1307E+02
  0.3782E+00  0.6980E+01  0.1694E+01  0.1301E+02  0.1301E+02
  0.3797E+00  0.9822E+01  0.1618E+01  0.1295E+02  0.1295E+02
  0.3813E+00  0.7392E+01  0.1661E+01  0.1290E+02  0.1290E+02
  0.3828E+00  0.9479E+01  0.1666E+01  0.1285E+02  0.1285E+02
  0.3843E+00  0.1285E+02  0.1655E+01  0.1281E+02  0.1281E+02
  0.3858E+00  0.1506E+02  0.1690E+01  0.1277E+02  0.1277E+02
  0.3874E+00  0.1339E+02  0.1686E+01  0.1274E+02  0.1274E+02
  0.3889E+00  0.1136E+02  0.1665E+01  0.1271E+02  0.1271E+02
  0.3904E+00  0.1370E+02  0.1670E+01  0.1269E+02  0.1269E+02
  0.3919E+00  0.1331E+02  0.1651E+01  0.1268E+02  0.1268E+02
  0.3935E+00  0.6801E+01  0.1663E+01  0.1266E+02  0.1266E+02
  0.3950E+00  0.1168E+02  0.1678E+01  0.1266E+02  0.1266E+02
  0.3965E+00  0.1602E+02  0.1694E+01  0.1265E+02  0.1265E+02
  0.3980E+00  0.1518E+02  0.1654E+01  0.1265E+02  0.1265E+02
  0.3996E+00  0.1459E+02  0.1672E+01  0.1265E+02  0.1265E+02
  0.4011E+00  0.1650E+02  0.1666E+01  0.1266E+02  0.1266E+02
  0.4026E+00  0.1624E+02  0.1694E+01  0.1267E+02  0.1267E+02
  0.4041E+00  0.1308E+02  0.1681E+01  0.1267E+02  0.1267E+02
  0.4057E+00  0.6196E+01  0.1695E+01  0.1268E+02  0.1268E+02
  0.4072E+00  0.7915E+01  0.1669E+01  0.1269E+02  0.1269E+02
  0.4087E+00  0.8870E+01  0.1666E+01  0.1270E+02  0.1270E+02
  0.4102E+00  0.1199E+02  0.1670E+01  0.1271E+02  0.1271E+02
  0.4118E+00  0.1405E+02  0.1676E+01  0.1271E+02  0.1271E+02
  0.4133E+00  0.1215E+02  0.1705E+01  0.1272E+02  0.1272E+02
  0.4148E+00  0.1034E+02  0.1720E+01  0.1272E+02  0.1272E+02
  0.4164E+00  0.1318E+02  0.1721E+01  0.1272E+02  0.1272E+02
  0.4179E+00  0.1156E+02  0.1682E+01  0.1272E+02  0.1272E+02
  0.4194E+00  0.1629E+02  0.1708E+01  0.1271E+02  0.1271E+02
  0.4209E+00  0.1445E+02  0.1684E+01  0.1270E+02  0.1270E+02
  0.4225E+00  0.1633E+02  0.1712E+01  0.1268E+02  0.1268E+02
  0.4240E+00  0.1625E+02  0.1693E+01  0.1266E+02  0.1266E+02
  0.4255E+00  0.1256E+02  0.1726E+01  0.1264E+02  0.1264E+02
  0.4270E+00  0.1498E+02  0.1723E+01  0.1261E+02  0.1261E+02
  0.4286E+00  0.1337E+02  0.1723E+01  0.1258E+02  0.1258E+02
  0.4301E+00  0.1562E+02  0.1729E+01  0.1254E+02  0.1254E+02
  0.4316E+00  0.1485E+02  0.1774E+01  0.1250E+02  0.1250E+02
  0.4331E+00  0.1794E+02  0.1782E+01  0.1246E+02  0.1246E+02
  0.4347E+00  0.1690E+02  0.1966E+01  0.1241E+02  0.1241E+02
  0.4362E+00  0.1704E+02  0.2024E+01  0.1235E+02  0.1235E+02
  0.4377E+00  0.1179E+02  0.2143E+01  0.1229E+02  0.1229E+02
  0.4392E+00  0.1118E+02  0.2289E+01  0.1223E+02  0.1223E+02
  0.4408E+00  0.7284E+01  0.2371E+01  0.1217E+02  0.1217E+02
  0.4423E+00  0.1475E+02  0.2459E+01  0.1210E+02  0.1210E+02
  0.4438E+00  0.1638E+02  0.2560E+01  0.1203E+02  0.1203E+02
  0.4453E+00  0.1328E+02  0.6037E+01  0.1195E+02  0.1195E+02
  0.4469E+00  0.1624E+02  0.5806E+01  0.1188E+02  0.1188E+02
  0.4484E+00  0.1285E+02  0.5336E+01  0.1180E+02  0.1180E+02
  0.4499E+00  0.1377E+02  0.5983E+01  0.1172E+02  0.1172E+02
  0.4515E+00  0.2341E+02  0.6383E+01  0.1164E+02  0.1164E+02
  0.4530E+00  0.1465E+02  0.6715E+01  0.1156E+02  0.1156E+02
  0.4545E+00  0.1438E+02  0.7109E+01  0.1148E+02  0.1148E+02
  0.4560E+00  0.9128E+01  0.8107E+01  0.1140E+02  0.1140E+02
  0.4576E+00  0.7775E+01  0.9250E+01  0.1131E+02  0.1131E+02
  0.4591E+00  0.3736E+01  0.1084E+02  0.1123E+02  0.1123E+02
  0.4606E+00  0.1134E+02  0.1379E+02  0.1115E+02  0.1115E+02
  0.4621E+00  0.2061E+01  0.1837E+02  0.1107E+02  0.1107E+02
  0.4637E+00  0.4064E+01  0.2067E+02  0.1099E+02  0.1099E+02
  0.4652E+00 -0.1412E+01  0.1315E+02  0.1091E+02  0.1091E+02

           Distance distribution  function of particle  


       R          P(R)      ERROR

  0.0000E+00  0.0000E+00  0.0000E+00
  0.1047E+01  0.1848E+00  0.3011E-02
  0.2094E+01  0.3404E+00  0.4004E-02
  0.3141E+01  0.4731E+00  0.3423E-02
  0.4188E+01  0.5927E+00  0.2142E-02
  0.5235E+01  0.7107E+00  0.2263E-02
  0.6282E+01  0.8390E+00  0.3906E-02
  0.7329E+01  0.9883E+00  0.5275E-02
  0.8376E+01  0.1166E+01  0.5800E-02
  0.9423E+01  0.1377E+01  0.5422E-02
  0.1047E+02  0.1622E+01  0.4492E-02
  0.1152E+02  0.1896E+01  0.3906E-02
  0.1256E+02  0.2194E+01  0.4541E-02
  0.1361E+02  0.2506E+01  0.5856E-02
  0.1466E+02  0.2824E+01  0.6906E-02
  0.1570E+02  0.3138E+01  0.7208E-02
  0.1675E+02  0.3441E+01  0.6673E-02
  0.1780E+02  0.3729E+01  0.5576E-02
  0.1885E+02  0.3998E+01  0.4656E-02
  0.1989E+02  0.4247E+01  0.4866E-02
  0.2094E+02  0.4478E+01  0.6071E-02
  0.2199E+02  0.4693E+01  0.7322E-02
  0.2303E+02  0.4892E+01  0.8018E-02
  0.2408E+02  0.5077E+01  0.7977E-02
  0.2513E+02  0.5248E+01  0.7353E-02
  0.2617E+02  0.5403E+01  0.6612E-02
  0.2722E+02  0.5538E+01  0.6387E-02
  0.2827E+02  0.5650E+01  0.6952E-02
  0.2932E+02  0.5736E+01  0.7920E-02
  0.3036E+02  0.5791E+01  0.8759E-02
  0.3141E+02  0.5813E+01  0.9189E-02
  0.3246E+02  0.5802E+01  0.9224E-02
  0.3350E+02  0.5758E+01  0.9093E-02
  0.3455E+02  0.5684E+01  0.9100E-02
  0.3560E+02  0.5583E+01  0.9403E-02
  0.3664E+02  0.5459E+01  0.9904E-02
  0.3769E+02  0.5316E+01  0.1036E-01
  0.3874E+02  0.5157E+01  0.1057E-01
  0.3979E+02  0.4985E+01  0.1051E-01
  0.4083E+02  0.4800E+01  0.1032E-01
  0.4188E+02  0.4603E+01  0.1022E-01
  0.4293E+02  0.4395E+01  0.1038E-01
  0.4397E+02  0.4174E+01  0.1081E-01
  0.4502E+02  0.3942E+01  0.1133E-01
  0.4607E+02  0.3700E+01  0.1177E-01
  0.4711E+02  0.3450E+01  0.1199E-01
  0.4816E+02  0.3196E+01  0.1197E-01
  0.4921E+02  0.2943E+01  0.1177E-01
  0.5026E+02  0.2696E+01  0.1146E-01
  0.5130E+02  0.2461E+01  0.1110E-01
  0.5235E+02  0.2243E+01  0.1074E-01
  0.5340E+02  0.2044E+01  0.1040E-01
  0.5444E+02  0.1868E+01  0.1019E-01
  0.5549E+02  0.1714E+01  0.1023E-01
  0.5654E+02  0.1580E+01  0.1062E-01
  0.5758E+02  0.1465E+01  0.1137E-01
  0.5863E+02  0.1364E+01  0.1237E-01
  0.5968E+02  0.1274E+01  0.1340E-01
  0.6073E+02  0.1192E+01  0.1426E-01
  0.6177E+02  0.1115E+01  0.1480E-01
  0.6282E+02  0.1042E+01  0.1492E-01
  0.6387E+02  0.9732E+00  0.1460E-01
  0.6491E+02  0.9080E+00  0.1392E-01
  0.6596E+02  0.8482E+00  0.1309E-01
  0.6701E+02  0.7949E+00  0.1236E-01
  0.6805E+02  0.7491E+00  0.1204E-01
  0.6910E+02  0.7110E+00  0.1228E-01
  0.7015E+02  0.6800E+00  0.1296E-01
  0.7120E+02  0.6546E+00  0.1379E-01
  0.7224E+02  0.6327E+00  0.1443E-01
  0.7329E+02  0.6117E+00  0.1463E-01
  0.7434E+02  0.5893E+00  0.1430E-01
  0.7538E+02  0.5636E+00  0.1347E-01
  0.7643E+02  0.5335E+00  0.1235E-01
  0.7748E+02  0.4991E+00  0.1128E-01
  0.7852E+02  0.4613E+00  0.1065E-01
  0.7957E+02  0.4221E+00  0.1069E-01
  0.8062E+02  0.3838E+00  0.1131E-01
  0.8167E+02  0.3488E+00  0.1216E-01
  0.8271E+02  0.3194E+00  0.1291E-01
  0.8376E+02  0.2968E+00  0.1338E-01
  0.8481E+02  0.2815E+00  0.1354E-01
  0.8585E+02  0.2729E+00  0.1349E-01
  0.8690E+02  0.2692E+00  0.1343E-01
  0.8795E+02  0.2683E+00  0.1356E-01
  0.8899E+02  0.2675E+00  0.1398E-01
  0.9004E+02  0.2644E+00  0.1463E-01
  0.9109E+02  0.2571E+00  0.1535E-01
  0.9214E+02  0.2443E+00  0.1596E-01
  0.9318E+02  0.2259E+00  0.1636E-01
  0.9423E+02  0.2028E+00  0.1656E-01
  0.9528E+02  0.1763E+00  0.1667E-01
  0.9632E+02  0.1486E+00  0.1688E-01
  0.9737E+02  0.1216E+00  0.1732E-01
  0.9842E+02  0.9715E-01  0.1792E-01
  0.9946E+02  0.7631E-01  0.1839E-01
  0.1005E+03  0.5931E-01  0.1825E-01
  0.1016E+03  0.4535E-01  0.1692E-01
  0.1026E+03  0.3265E-01  0.1380E-01
  0.1037E+03  0.1860E-01  0.8334E-02
  0.1047E+03  0.0000E+00  0.0000E+00
          Reciprocal space: Rg =   28.14     , I(0) =   0.2775E+04
     Real space: Rg =   28.18 +- 0.058  I(0) =   0.2775E+04 +-  0.2947E+01
