
           ####    G N O M   ---   Version 4.5a revised 09/02/02     ####

                                                  Sat Nov  4 16:51:49 2017
           ===    Run No   1   ===
 Run title:  0.000357376 0 0


  Number of points omitted at the end:         200
   *******   Working Directory :
   *******    Input file(s) : 25533_01C_S018_0_01.sub
           Condition P(rmin) = 0 is used. 
           Condition P(rmax) = 0 is used. 

          Experimental conditions for the first run
          -----------------------------------------

          Highest ALPHA is found to be   0.1442E+04

  The measure of inconsistency AN1 equals to    0.1154E+01

          Warning: using the chosen range in the real space 
             it is not possible to fit the data set within the
             given error band. 
     Alpha    Discrp  Oscill  Stabil  Sysdev  Positv  Valcen    Total   
  0.1442E+07157.4526  1.2755  0.9532  0.0000  1.0000  0.8323  0.00001
  0.2884E+06138.7678  1.2777  0.8293  0.2700  1.0000  0.8314  0.00001
  0.5769E+05 90.7552  1.2917  0.5005  0.0165  1.0000  0.8270  0.00001
  0.1154E+05 43.7576  1.3826  0.1826  0.0165  1.0000  0.8066  0.00001
  0.2307E+04 17.7966  1.6547  0.1218  0.0165  1.0000  0.7585  0.00001
  0.4615E+03  5.0816  1.8724  0.0459  0.2700  1.0000  0.7244  0.00001
  0.9230E+02  1.4749  1.9457  0.0117  0.4132  1.0000  0.7137  0.47219
  0.1846E+02  0.9749  1.9637  0.0029  0.7218  1.0000  0.7112  0.49374
  0.3692E+01  0.9437  1.9684  0.0025  0.6777  1.0000  0.7107  0.41868
  0.7384E+00  0.9368  1.9771  0.0071  0.6667  1.0000  0.7106  0.34695
  0.1477E+00  0.9248  2.0581  0.0272  0.6887  1.0000  0.7110  0.10000
  0.2953E-01  0.8990  2.7350  0.0635  0.7218  0.9992  0.7109  0.10000
  0.5907E-02  0.8759  4.3976  0.0880  0.7328  0.9947  0.7016  0.10000
  0.1181E-02  0.8574  8.1541  0.2753  0.7328  0.9758  0.6553  0.10000
  0.2363E-03  0.8344 14.4212  0.2913  0.7328  0.9084  0.5107  0.10000
  0.4726E-04  0.8213 19.6768  0.5797  0.7218  0.8309  0.4103  0.10000
  0.9451E-05  0.8033 21.1822  0.6854  0.7107  0.7729  0.2723  0.10000
  0.1890E-05  0.7858 21.3633  0.3304  0.7328  0.7423  0.2606  0.10000
  0.3780E-06  0.7781 24.5000  0.7314  0.7218  0.7241  0.2602  0.10000
  0.7561E-07  0.7660 22.4450  0.6980  0.7218  0.7160  0.2505  0.10000
  0.1512E-07  0.7518 23.1966  0.5063  0.7328  0.6981  0.2670  0.10000
  0.3024E-08  0.7298 29.1017  0.7511  0.7328  0.6905  0.2654  0.10000
  0.6049E-09  0.6679 33.2571  0.7259  0.7218  0.7176  0.3046  0.10000
  0.1210E-09  0.5373 36.4180  0.5625  0.7769  0.7172  0.3536  0.10000
  0.2419E-10  0.3549 41.8963  0.3970  0.8209  0.7135  0.4079  0.10000
  0.4839E-11  0.1723 48.0497  0.2731  0.7769  0.7309  0.4035  0.10000
  0.9678E-12  0.0541 51.1841  0.1115  0.7769  0.7370  0.3870  0.10000
  0.1936E-12  0.0124 52.1073  0.0280  0.7548  0.7378  0.3801  0.10000
  0.3871E-13  0.0026 52.3126  0.0059  0.7548  0.7379  0.3784  0.10000
  0.7742E-14  0.0005 52.3546  0.0012  0.7548  0.7379  0.3780  0.10000
  0.1548E-14  0.0001 52.3630  0.0002  0.7548  0.7379  0.3780  0.10000

          ***  Golden section search to maximize estimate ***
     Alpha    Discrp  Oscill  Stabil  Sysdev  Positv  Valcen    Total   
  0.4991E+02  1.1350  1.9557  0.0068  0.6006  1.0000  0.7123  0.49013
  0.2699E+02  1.0068  1.9614  0.0040  0.7218  1.0000  0.7115  0.50472
  0.2334E+02  0.9920  1.9624  0.0035  0.7218  1.0000  0.7113  0.50070
  0.2952E+02  1.0181  1.9608  0.0043  0.7107  1.0000  0.7115  0.50268
  0.2554E+02  1.0007  1.9618  0.0038  0.7218  1.0000  0.7114  0.50321
  0.2793E+02  1.0109  1.9612  0.0041  0.7107  1.0000  0.7115  0.50123
  0.2643E+02  1.0044  1.9616  0.0039  0.7218  1.0000  0.7114  0.50415
  0.2735E+02  1.0083  1.9614  0.0040  0.7218  1.0000  0.7115  0.50507
  0.2757E+02  1.0093  1.9613  0.0040  0.7218  1.0000  0.7115  0.50529
  0.2771E+02  1.0099  1.9613  0.0041  0.7218  1.0000  0.7115  0.50542
  0.2779E+02  1.0103  1.9612  0.0041  0.7218  1.0000  0.7115  0.50550
  0.2779E+02  1.0103  1.9612  0.0041  0.7218  1.0000  0.7115  0.50550



             ####            Final results            ####

 Parameter    DISCRP    OSCILL    STABIL    SYSDEV    POSITV    VALCEN
 Weight        1.000     3.000     3.000     4.000     1.000     1.000
 Sigma         0.500     0.600     0.120     0.200     0.120     0.120
 Ideal         1.000     1.100     0.000     1.000     1.000     0.950
 Current       1.010     1.961     0.004     0.722     1.000     0.711
                - - - - - - - - - - - - - - - - - - - - - - - - - 
 Estimate      1.000     0.127     0.999     0.144     1.000     0.019

  Angular   range    :     from    0.0087   to    0.3463
  Real space range   :     from      0.00   to    118.40

  Highest ALPHA (theor) :   0.144E+07                 JOB = 0
  Current ALPHA         :   0.278E+02   Rg :  0.275E+02   I(0) :   0.192E+03

           Total  estimate : 0.506  which is  A REASONABLE  solution

      S          J EXP       ERROR       J REG       I REG

  0.0000E+00                                      0.1921E+03
  0.9696E-03                                      0.1921E+03
  0.1939E-02                                      0.1919E+03
  0.2909E-02                                      0.1917E+03
  0.3878E-02                                      0.1914E+03
  0.4848E-02                                      0.1910E+03
  0.5818E-02                                      0.1905E+03
  0.6787E-02                                      0.1899E+03
  0.7757E-02                                      0.1892E+03
  0.8726E-02  0.2229E+03  0.7167E+01  0.1885E+03  0.1885E+03
  0.9656E-02  0.2054E+03  0.4829E+01  0.1877E+03  0.1877E+03
  0.1059E-01  0.2008E+03  0.3252E+01  0.1868E+03  0.1868E+03
  0.1152E-01  0.1959E+03  0.2451E+01  0.1858E+03  0.1858E+03
  0.1245E-01  0.1949E+03  0.1879E+01  0.1848E+03  0.1848E+03
  0.1338E-01  0.1905E+03  0.1601E+01  0.1837E+03  0.1837E+03
  0.1431E-01  0.1866E+03  0.1277E+01  0.1825E+03  0.1825E+03
  0.1524E-01  0.1853E+03  0.9876E+00  0.1813E+03  0.1813E+03
  0.1617E-01  0.1827E+03  0.8611E+00  0.1800E+03  0.1800E+03
  0.1710E-01  0.1811E+03  0.7791E+00  0.1786E+03  0.1786E+03
  0.1803E-01  0.1793E+03  0.7294E+00  0.1772E+03  0.1772E+03
  0.1896E-01  0.1758E+03  0.6905E+00  0.1757E+03  0.1757E+03
  0.1989E-01  0.1739E+03  0.6362E+00  0.1742E+03  0.1742E+03
  0.2081E-01  0.1722E+03  0.6144E+00  0.1726E+03  0.1726E+03
  0.2174E-01  0.1699E+03  0.6166E+00  0.1709E+03  0.1709E+03
  0.2267E-01  0.1678E+03  0.5734E+00  0.1693E+03  0.1693E+03
  0.2360E-01  0.1669E+03  0.5360E+00  0.1675E+03  0.1675E+03
  0.2453E-01  0.1651E+03  0.5293E+00  0.1658E+03  0.1658E+03
  0.2546E-01  0.1642E+03  0.5097E+00  0.1639E+03  0.1639E+03
  0.2639E-01  0.1621E+03  0.4973E+00  0.1621E+03  0.1621E+03
  0.2732E-01  0.1600E+03  0.4585E+00  0.1602E+03  0.1602E+03
  0.2825E-01  0.1579E+03  0.4312E+00  0.1583E+03  0.1583E+03
  0.2918E-01  0.1563E+03  0.4308E+00  0.1564E+03  0.1564E+03
  0.3011E-01  0.1540E+03  0.4169E+00  0.1544E+03  0.1544E+03
  0.3104E-01  0.1514E+03  0.4135E+00  0.1524E+03  0.1524E+03
  0.3197E-01  0.1494E+03  0.4046E+00  0.1504E+03  0.1504E+03
  0.3290E-01  0.1470E+03  0.3971E+00  0.1484E+03  0.1484E+03
  0.3383E-01  0.1452E+03  0.3953E+00  0.1463E+03  0.1463E+03
  0.3476E-01  0.1436E+03  0.3917E+00  0.1443E+03  0.1443E+03
  0.3569E-01  0.1413E+03  0.3829E+00  0.1422E+03  0.1422E+03
  0.3662E-01  0.1394E+03  0.3736E+00  0.1401E+03  0.1401E+03
  0.3755E-01  0.1376E+03  0.3700E+00  0.1380E+03  0.1380E+03
  0.3848E-01  0.1359E+03  0.3667E+00  0.1359E+03  0.1359E+03
  0.3941E-01  0.1336E+03  0.3424E+00  0.1338E+03  0.1338E+03
  0.4034E-01  0.1315E+03  0.3428E+00  0.1317E+03  0.1317E+03
  0.4127E-01  0.1287E+03  0.3437E+00  0.1296E+03  0.1296E+03
  0.4220E-01  0.1275E+03  0.3309E+00  0.1275E+03  0.1275E+03
  0.4313E-01  0.1255E+03  0.3746E+00  0.1254E+03  0.1254E+03
  0.4406E-01  0.1237E+03  0.3801E+00  0.1233E+03  0.1233E+03
  0.4499E-01  0.1214E+03  0.3246E+00  0.1212E+03  0.1212E+03
  0.4592E-01  0.1191E+03  0.3139E+00  0.1191E+03  0.1191E+03
  0.4685E-01  0.1177E+03  0.3101E+00  0.1171E+03  0.1171E+03
  0.4778E-01  0.1154E+03  0.2972E+00  0.1150E+03  0.1150E+03
  0.4871E-01  0.1135E+03  0.3063E+00  0.1130E+03  0.1130E+03
  0.4964E-01  0.1114E+03  0.2966E+00  0.1109E+03  0.1109E+03
  0.5057E-01  0.1096E+03  0.2915E+00  0.1089E+03  0.1089E+03
  0.5150E-01  0.1074E+03  0.2835E+00  0.1069E+03  0.1069E+03
  0.5243E-01  0.1060E+03  0.2873E+00  0.1049E+03  0.1049E+03
  0.5336E-01  0.1033E+03  0.2820E+00  0.1029E+03  0.1029E+03
  0.5429E-01  0.1017E+03  0.2787E+00  0.1010E+03  0.1010E+03
  0.5522E-01  0.9990E+02  0.2755E+00  0.9903E+02  0.9903E+02
  0.5615E-01  0.9788E+02  0.2742E+00  0.9710E+02  0.9710E+02
  0.5708E-01  0.9515E+02  0.2660E+00  0.9520E+02  0.9520E+02
  0.5801E-01  0.9327E+02  0.2667E+00  0.9331E+02  0.9331E+02
  0.5894E-01  0.9177E+02  0.2641E+00  0.9144E+02  0.9144E+02
  0.5987E-01  0.9032E+02  0.2531E+00  0.8959E+02  0.8959E+02
  0.6080E-01  0.8843E+02  0.2505E+00  0.8776E+02  0.8776E+02
  0.6173E-01  0.8619E+02  0.2550E+00  0.8595E+02  0.8595E+02
  0.6266E-01  0.8427E+02  0.2476E+00  0.8416E+02  0.8416E+02
  0.6359E-01  0.8236E+02  0.2424E+00  0.8240E+02  0.8240E+02
  0.6452E-01  0.8059E+02  0.2414E+00  0.8065E+02  0.8065E+02
  0.6545E-01  0.7909E+02  0.2402E+00  0.7892E+02  0.7892E+02
  0.6638E-01  0.7740E+02  0.2337E+00  0.7722E+02  0.7722E+02
  0.6731E-01  0.7565E+02  0.2321E+00  0.7554E+02  0.7554E+02
  0.6824E-01  0.7407E+02  0.2377E+00  0.7387E+02  0.7387E+02
  0.6917E-01  0.7265E+02  0.2359E+00  0.7223E+02  0.7223E+02
  0.7010E-01  0.7082E+02  0.2282E+00  0.7062E+02  0.7062E+02
  0.7103E-01  0.6902E+02  0.2296E+00  0.6902E+02  0.6902E+02
  0.7196E-01  0.6772E+02  0.2498E+00  0.6744E+02  0.6744E+02
  0.7289E-01  0.6585E+02  0.2234E+00  0.6589E+02  0.6589E+02
  0.7382E-01  0.6488E+02  0.2234E+00  0.6436E+02  0.6436E+02
  0.7475E-01  0.6302E+02  0.2178E+00  0.6285E+02  0.6285E+02
  0.7568E-01  0.6142E+02  0.2172E+00  0.6137E+02  0.6137E+02
  0.7661E-01  0.6006E+02  0.2178E+00  0.5990E+02  0.5990E+02
  0.7754E-01  0.5833E+02  0.2095E+00  0.5846E+02  0.5846E+02
  0.7847E-01  0.5689E+02  0.2084E+00  0.5704E+02  0.5704E+02
  0.7940E-01  0.5552E+02  0.2022E+00  0.5565E+02  0.5565E+02
  0.8033E-01  0.5400E+02  0.2033E+00  0.5427E+02  0.5427E+02
  0.8126E-01  0.5278E+02  0.2040E+00  0.5292E+02  0.5292E+02
  0.8219E-01  0.5154E+02  0.1957E+00  0.5159E+02  0.5159E+02
  0.8312E-01  0.5018E+02  0.1971E+00  0.5028E+02  0.5028E+02
  0.8405E-01  0.4892E+02  0.1989E+00  0.4900E+02  0.4900E+02
  0.8498E-01  0.4828E+02  0.1995E+00  0.4774E+02  0.4774E+02
  0.8591E-01  0.4674E+02  0.1950E+00  0.4650E+02  0.4650E+02
  0.8684E-01  0.4521E+02  0.1894E+00  0.4529E+02  0.4529E+02
  0.8777E-01  0.4396E+02  0.1903E+00  0.4410E+02  0.4410E+02
  0.8870E-01  0.4295E+02  0.1902E+00  0.4293E+02  0.4293E+02
  0.8963E-01  0.4192E+02  0.1843E+00  0.4178E+02  0.4178E+02
  0.9056E-01  0.4082E+02  0.1858E+00  0.4066E+02  0.4066E+02
  0.9149E-01  0.3973E+02  0.1842E+00  0.3955E+02  0.3955E+02
  0.9242E-01  0.3841E+02  0.1826E+00  0.3848E+02  0.3848E+02
  0.9335E-01  0.3763E+02  0.1801E+00  0.3742E+02  0.3742E+02
  0.9428E-01  0.3625E+02  0.1772E+00  0.3639E+02  0.3639E+02
  0.9521E-01  0.3552E+02  0.1783E+00  0.3538E+02  0.3538E+02
  0.9614E-01  0.3433E+02  0.1792E+00  0.3439E+02  0.3439E+02
  0.9707E-01  0.3378E+02  0.1767E+00  0.3343E+02  0.3343E+02
  0.9800E-01  0.3261E+02  0.1748E+00  0.3249E+02  0.3249E+02
  0.9893E-01  0.3153E+02  0.1753E+00  0.3157E+02  0.3157E+02
  0.9986E-01  0.3094E+02  0.1738E+00  0.3067E+02  0.3067E+02
  0.1008E+00  0.3010E+02  0.1714E+00  0.2979E+02  0.2979E+02
  0.1017E+00  0.2905E+02  0.1710E+00  0.2894E+02  0.2894E+02
  0.1026E+00  0.2806E+02  0.1657E+00  0.2810E+02  0.2810E+02
  0.1036E+00  0.2732E+02  0.1641E+00  0.2729E+02  0.2729E+02
  0.1045E+00  0.2676E+02  0.1627E+00  0.2650E+02  0.2650E+02
  0.1054E+00  0.2626E+02  0.1632E+00  0.2573E+02  0.2573E+02
  0.1064E+00  0.2546E+02  0.1624E+00  0.2498E+02  0.2498E+02
  0.1073E+00  0.2453E+02  0.1622E+00  0.2425E+02  0.2425E+02
  0.1082E+00  0.2354E+02  0.1576E+00  0.2354E+02  0.2354E+02
  0.1092E+00  0.2255E+02  0.1600E+00  0.2285E+02  0.2285E+02
  0.1101E+00  0.2199E+02  0.1613E+00  0.2218E+02  0.2218E+02
  0.1110E+00  0.2152E+02  0.1600E+00  0.2153E+02  0.2153E+02
  0.1119E+00  0.2114E+02  0.1577E+00  0.2090E+02  0.2090E+02
  0.1129E+00  0.2015E+02  0.1563E+00  0.2028E+02  0.2028E+02
  0.1138E+00  0.1962E+02  0.1571E+00  0.1968E+02  0.1968E+02
  0.1147E+00  0.1929E+02  0.1525E+00  0.1910E+02  0.1910E+02
  0.1157E+00  0.1859E+02  0.1527E+00  0.1854E+02  0.1854E+02
  0.1166E+00  0.1777E+02  0.1497E+00  0.1799E+02  0.1799E+02
  0.1175E+00  0.1740E+02  0.1497E+00  0.1746E+02  0.1746E+02
  0.1185E+00  0.1701E+02  0.1509E+00  0.1695E+02  0.1695E+02
  0.1194E+00  0.1663E+02  0.1473E+00  0.1645E+02  0.1645E+02
  0.1203E+00  0.1625E+02  0.1467E+00  0.1596E+02  0.1596E+02
  0.1212E+00  0.1522E+02  0.1497E+00  0.1549E+02  0.1549E+02
  0.1222E+00  0.1451E+02  0.1479E+00  0.1504E+02  0.1504E+02
  0.1231E+00  0.1418E+02  0.1498E+00  0.1459E+02  0.1459E+02
  0.1240E+00  0.1413E+02  0.1446E+00  0.1416E+02  0.1416E+02
  0.1250E+00  0.1408E+02  0.1418E+00  0.1375E+02  0.1375E+02
  0.1259E+00  0.1369E+02  0.1417E+00  0.1334E+02  0.1334E+02
  0.1268E+00  0.1320E+02  0.1400E+00  0.1295E+02  0.1295E+02
  0.1278E+00  0.1242E+02  0.1417E+00  0.1257E+02  0.1257E+02
  0.1287E+00  0.1233E+02  0.1428E+00  0.1220E+02  0.1220E+02
  0.1296E+00  0.1208E+02  0.1418E+00  0.1184E+02  0.1184E+02
  0.1305E+00  0.1149E+02  0.1416E+00  0.1150E+02  0.1150E+02
  0.1315E+00  0.1111E+02  0.1417E+00  0.1116E+02  0.1116E+02
  0.1324E+00  0.1045E+02  0.1431E+00  0.1083E+02  0.1083E+02
  0.1333E+00  0.1005E+02  0.1388E+00  0.1052E+02  0.1052E+02
  0.1343E+00  0.9902E+01  0.1383E+00  0.1021E+02  0.1021E+02
  0.1352E+00  0.9583E+01  0.1389E+00  0.9908E+01  0.9908E+01
  0.1361E+00  0.9646E+01  0.1391E+00  0.9617E+01  0.9617E+01
  0.1371E+00  0.9145E+01  0.1407E+00  0.9335E+01  0.9335E+01
  0.1380E+00  0.8851E+01  0.1401E+00  0.9061E+01  0.9061E+01
  0.1389E+00  0.8713E+01  0.1375E+00  0.8795E+01  0.8795E+01
  0.1398E+00  0.8741E+01  0.1380E+00  0.8537E+01  0.8537E+01
  0.1408E+00  0.8244E+01  0.1366E+00  0.8286E+01  0.8286E+01
  0.1417E+00  0.7614E+01  0.1343E+00  0.8043E+01  0.8043E+01
  0.1426E+00  0.7745E+01  0.1321E+00  0.7806E+01  0.7806E+01
  0.1436E+00  0.7560E+01  0.1321E+00  0.7577E+01  0.7577E+01
  0.1445E+00  0.7363E+01  0.1536E+00  0.7354E+01  0.7354E+01
  0.1454E+00  0.7016E+01  0.1353E+00  0.7138E+01  0.7138E+01
  0.1464E+00  0.6749E+01  0.1322E+00  0.6928E+01  0.6928E+01
  0.1473E+00  0.6422E+01  0.1336E+00  0.6724E+01  0.6724E+01
  0.1482E+00  0.6374E+01  0.1319E+00  0.6527E+01  0.6527E+01
  0.1491E+00  0.6409E+01  0.1318E+00  0.6335E+01  0.6335E+01
  0.1501E+00  0.6045E+01  0.1311E+00  0.6149E+01  0.6149E+01
  0.1510E+00  0.6067E+01  0.1330E+00  0.5969E+01  0.5969E+01
  0.1519E+00  0.5890E+01  0.1352E+00  0.5794E+01  0.5794E+01
  0.1529E+00  0.5569E+01  0.1354E+00  0.5625E+01  0.5625E+01
  0.1538E+00  0.5590E+01  0.1313E+00  0.5461E+01  0.5461E+01
  0.1547E+00  0.5456E+01  0.1342E+00  0.5302E+01  0.5302E+01
  0.1556E+00  0.5161E+01  0.1317E+00  0.5148E+01  0.5148E+01
  0.1566E+00  0.4681E+01  0.1301E+00  0.4999E+01  0.4999E+01
  0.1575E+00  0.4871E+01  0.1281E+00  0.4855E+01  0.4855E+01
  0.1584E+00  0.4754E+01  0.1269E+00  0.4715E+01  0.4715E+01
  0.1594E+00  0.4610E+01  0.1249E+00  0.4580E+01  0.4580E+01
  0.1603E+00  0.4722E+01  0.1252E+00  0.4449E+01  0.4449E+01
  0.1612E+00  0.4161E+01  0.1266E+00  0.4323E+01  0.4323E+01
  0.1622E+00  0.4218E+01  0.1257E+00  0.4201E+01  0.4201E+01
  0.1631E+00  0.4050E+01  0.1248E+00  0.4083E+01  0.4083E+01
  0.1640E+00  0.4122E+01  0.1237E+00  0.3969E+01  0.3969E+01
  0.1649E+00  0.3904E+01  0.1246E+00  0.3859E+01  0.3859E+01
  0.1659E+00  0.3712E+01  0.1253E+00  0.3753E+01  0.3753E+01
  0.1668E+00  0.3709E+01  0.1235E+00  0.3651E+01  0.3651E+01
  0.1677E+00  0.3288E+01  0.1247E+00  0.3551E+01  0.3551E+01
  0.1687E+00  0.3407E+01  0.1258E+00  0.3456E+01  0.3456E+01
  0.1696E+00  0.3577E+01  0.1255E+00  0.3363E+01  0.3363E+01
  0.1705E+00  0.3553E+01  0.1268E+00  0.3274E+01  0.3274E+01
  0.1715E+00  0.3421E+01  0.1244E+00  0.3188E+01  0.3188E+01
  0.1724E+00  0.2944E+01  0.1251E+00  0.3105E+01  0.3105E+01
  0.1733E+00  0.2758E+01  0.1264E+00  0.3025E+01  0.3025E+01
  0.1742E+00  0.2523E+01  0.1234E+00  0.2947E+01  0.2947E+01
  0.1752E+00  0.2881E+01  0.1233E+00  0.2872E+01  0.2872E+01
  0.1761E+00  0.2604E+01  0.1215E+00  0.2800E+01  0.2800E+01
  0.1770E+00  0.2519E+01  0.1211E+00  0.2730E+01  0.2730E+01
  0.1780E+00  0.2687E+01  0.1199E+00  0.2662E+01  0.2662E+01
  0.1789E+00  0.2686E+01  0.1194E+00  0.2596E+01  0.2596E+01
  0.1798E+00  0.2559E+01  0.1195E+00  0.2533E+01  0.2533E+01
  0.1808E+00  0.2109E+01  0.1180E+00  0.2471E+01  0.2471E+01
  0.1817E+00  0.2167E+01  0.1191E+00  0.2412E+01  0.2412E+01
  0.1826E+00  0.2155E+01  0.1181E+00  0.2354E+01  0.2354E+01
  0.1835E+00  0.2236E+01  0.1183E+00  0.2298E+01  0.2298E+01
  0.1845E+00  0.2061E+01  0.1194E+00  0.2244E+01  0.2244E+01
  0.1854E+00  0.2097E+01  0.1174E+00  0.2191E+01  0.2191E+01
  0.1863E+00  0.2198E+01  0.1178E+00  0.2140E+01  0.2140E+01
  0.1873E+00  0.1975E+01  0.1177E+00  0.2090E+01  0.2090E+01
  0.1882E+00  0.1789E+01  0.1146E+00  0.2042E+01  0.2042E+01
  0.1891E+00  0.2050E+01  0.1172E+00  0.1995E+01  0.1995E+01
  0.1901E+00  0.1644E+01  0.1162E+00  0.1949E+01  0.1949E+01
  0.1910E+00  0.1583E+01  0.1140E+00  0.1904E+01  0.1904E+01
  0.1919E+00  0.1905E+01  0.1154E+00  0.1861E+01  0.1861E+01
  0.1928E+00  0.2015E+01  0.1137E+00  0.1819E+01  0.1819E+01
  0.1938E+00  0.1801E+01  0.1148E+00  0.1778E+01  0.1778E+01
  0.1947E+00  0.1790E+01  0.1155E+00  0.1737E+01  0.1737E+01
  0.1956E+00  0.1601E+01  0.1146E+00  0.1698E+01  0.1698E+01
  0.1966E+00  0.1719E+01  0.1145E+00  0.1660E+01  0.1660E+01
  0.1975E+00  0.1644E+01  0.1139E+00  0.1623E+01  0.1623E+01
  0.1984E+00  0.1626E+01  0.1157E+00  0.1587E+01  0.1587E+01
  0.1994E+00  0.1456E+01  0.1150E+00  0.1552E+01  0.1552E+01
  0.2003E+00  0.1420E+01  0.1150E+00  0.1518E+01  0.1518E+01
  0.2012E+00  0.1505E+01  0.1149E+00  0.1484E+01  0.1484E+01
  0.2021E+00  0.1490E+01  0.1135E+00  0.1452E+01  0.1452E+01
  0.2031E+00  0.1579E+01  0.1136E+00  0.1421E+01  0.1421E+01
  0.2040E+00  0.1363E+01  0.1132E+00  0.1390E+01  0.1390E+01
  0.2049E+00  0.1233E+01  0.1120E+00  0.1361E+01  0.1361E+01
  0.2059E+00  0.1194E+01  0.1127E+00  0.1332E+01  0.1332E+01
  0.2068E+00  0.1320E+01  0.1125E+00  0.1305E+01  0.1305E+01
  0.2077E+00  0.1149E+01  0.1114E+00  0.1278E+01  0.1278E+01
  0.2087E+00  0.1431E+01  0.1123E+00  0.1252E+01  0.1252E+01
  0.2096E+00  0.1510E+01  0.1112E+00  0.1227E+01  0.1227E+01
  0.2105E+00  0.1406E+01  0.1112E+00  0.1203E+01  0.1203E+01
  0.2114E+00  0.1215E+01  0.1110E+00  0.1180E+01  0.1180E+01
  0.2124E+00  0.1056E+01  0.1089E+00  0.1158E+01  0.1158E+01
  0.2133E+00  0.1017E+01  0.1105E+00  0.1136E+01  0.1136E+01
  0.2142E+00  0.1054E+01  0.1094E+00  0.1116E+01  0.1116E+01
  0.2152E+00  0.1023E+01  0.1080E+00  0.1097E+01  0.1097E+01
  0.2161E+00  0.1121E+01  0.1080E+00  0.1078E+01  0.1078E+01
  0.2170E+00  0.1063E+01  0.1076E+00  0.1060E+01  0.1060E+01
  0.2180E+00  0.9555E+00  0.1099E+00  0.1043E+01  0.1043E+01
  0.2189E+00  0.9311E+00  0.1051E+00  0.1027E+01  0.1027E+01
  0.2198E+00  0.7872E+00  0.1064E+00  0.1012E+01  0.1012E+01
  0.2207E+00  0.8646E+00  0.1049E+00  0.9973E+00  0.9973E+00
  0.2217E+00  0.7233E+00  0.1053E+00  0.9835E+00  0.9835E+00
  0.2226E+00  0.8640E+00  0.1058E+00  0.9706E+00  0.9706E+00
  0.2235E+00  0.7903E+00  0.1042E+00  0.9584E+00  0.9584E+00
  0.2245E+00  0.8380E+00  0.1046E+00  0.9469E+00  0.9469E+00
  0.2254E+00  0.1206E+01  0.1041E+00  0.9360E+00  0.9360E+00
  0.2263E+00  0.1019E+01  0.1064E+00  0.9258E+00  0.9258E+00
  0.2273E+00  0.9891E+00  0.1060E+00  0.9161E+00  0.9161E+00
  0.2282E+00  0.1096E+01  0.1071E+00  0.9071E+00  0.9071E+00
  0.2291E+00  0.8034E+00  0.1127E+00  0.8986E+00  0.8986E+00
  0.2300E+00  0.8465E+00  0.1085E+00  0.8906E+00  0.8906E+00
  0.2310E+00  0.7774E+00  0.1095E+00  0.8830E+00  0.8830E+00
  0.2319E+00  0.5393E+00  0.1093E+00  0.8760E+00  0.8760E+00
  0.2328E+00  0.6632E+00  0.1090E+00  0.8693E+00  0.8693E+00
  0.2338E+00  0.1013E+01  0.1101E+00  0.8630E+00  0.8630E+00
  0.2347E+00  0.8024E+00  0.1090E+00  0.8570E+00  0.8570E+00
  0.2356E+00  0.8089E+00  0.1084E+00  0.8513E+00  0.8513E+00
  0.2365E+00  0.8161E+00  0.1081E+00  0.8460E+00  0.8460E+00
  0.2375E+00  0.7633E+00  0.1074E+00  0.8408E+00  0.8408E+00
  0.2384E+00  0.6934E+00  0.1088E+00  0.8359E+00  0.8359E+00
  0.2393E+00  0.7674E+00  0.1084E+00  0.8311E+00  0.8311E+00
  0.2403E+00  0.8414E+00  0.1076E+00  0.8265E+00  0.8265E+00
  0.2412E+00  0.7761E+00  0.1083E+00  0.8221E+00  0.8221E+00
  0.2421E+00  0.5337E+00  0.1090E+00  0.8177E+00  0.8177E+00
  0.2431E+00  0.7401E+00  0.1102E+00  0.8134E+00  0.8134E+00
  0.2440E+00  0.8169E+00  0.1080E+00  0.8092E+00  0.8092E+00
  0.2449E+00  0.7550E+00  0.1105E+00  0.8050E+00  0.8050E+00
  0.2458E+00  0.6304E+00  0.1088E+00  0.8008E+00  0.8008E+00
  0.2468E+00  0.6890E+00  0.1086E+00  0.7967E+00  0.7967E+00
  0.2477E+00  0.6908E+00  0.1092E+00  0.7925E+00  0.7925E+00
  0.2486E+00  0.1181E+01  0.1062E+00  0.7882E+00  0.7882E+00
  0.2496E+00  0.9309E+00  0.1073E+00  0.7840E+00  0.7840E+00
  0.2505E+00  0.9833E+00  0.1077E+00  0.7798E+00  0.7798E+00
  0.2514E+00  0.9853E+00  0.1066E+00  0.7755E+00  0.7755E+00
  0.2524E+00  0.6894E+00  0.1066E+00  0.7712E+00  0.7712E+00
  0.2533E+00  0.8830E+00  0.1092E+00  0.7668E+00  0.7668E+00
  0.2542E+00  0.1002E+01  0.1073E+00  0.7624E+00  0.7624E+00
  0.2551E+00  0.7256E+00  0.1074E+00  0.7579E+00  0.7579E+00
  0.2561E+00  0.6720E+00  0.1075E+00  0.7534E+00  0.7534E+00
  0.2570E+00  0.6510E+00  0.1089E+00  0.7488E+00  0.7488E+00
  0.2579E+00  0.5961E+00  0.1086E+00  0.7441E+00  0.7441E+00
  0.2589E+00  0.8108E+00  0.1086E+00  0.7395E+00  0.7395E+00
  0.2598E+00  0.6815E+00  0.1103E+00  0.7348E+00  0.7348E+00
  0.2607E+00  0.6527E+00  0.1066E+00  0.7301E+00  0.7301E+00
  0.2617E+00  0.7806E+00  0.1074E+00  0.7254E+00  0.7254E+00
  0.2626E+00  0.7643E+00  0.1050E+00  0.7207E+00  0.7207E+00
  0.2635E+00  0.7180E+00  0.1059E+00  0.7159E+00  0.7159E+00
  0.2644E+00  0.6340E+00  0.1062E+00  0.7112E+00  0.7112E+00
  0.2654E+00  0.6255E+00  0.1046E+00  0.7064E+00  0.7064E+00
  0.2663E+00  0.8916E+00  0.1060E+00  0.7017E+00  0.7017E+00
  0.2672E+00  0.7806E+00  0.1059E+00  0.6971E+00  0.6971E+00
  0.2682E+00  0.5773E+00  0.1047E+00  0.6924E+00  0.6924E+00
  0.2691E+00  0.6525E+00  0.1058E+00  0.6878E+00  0.6878E+00
  0.2700E+00  0.7851E+00  0.1063E+00  0.6832E+00  0.6832E+00
  0.2710E+00  0.9153E+00  0.1070E+00  0.6787E+00  0.6787E+00
  0.2719E+00  0.8540E+00  0.1063E+00  0.6743E+00  0.6743E+00
  0.2728E+00  0.7780E+00  0.1085E+00  0.6699E+00  0.6699E+00
  0.2737E+00  0.8497E+00  0.1070E+00  0.6655E+00  0.6655E+00
  0.2747E+00  0.7026E+00  0.1077E+00  0.6613E+00  0.6613E+00
  0.2756E+00  0.7311E+00  0.1068E+00  0.6570E+00  0.6570E+00
  0.2765E+00  0.4911E+00  0.1066E+00  0.6530E+00  0.6530E+00
  0.2775E+00  0.5073E+00  0.1071E+00  0.6488E+00  0.6488E+00
  0.2784E+00  0.5970E+00  0.1067E+00  0.6448E+00  0.6448E+00
  0.2793E+00  0.5723E+00  0.1062E+00  0.6408E+00  0.6408E+00
  0.2803E+00  0.5402E+00  0.1064E+00  0.6369E+00  0.6369E+00
  0.2812E+00  0.5795E+00  0.1062E+00  0.6330E+00  0.6330E+00
  0.2821E+00  0.7978E+00  0.1053E+00  0.6292E+00  0.6292E+00
  0.2830E+00  0.6804E+00  0.1068E+00  0.6255E+00  0.6255E+00
  0.2840E+00  0.3947E+00  0.1080E+00  0.6217E+00  0.6217E+00
  0.2849E+00  0.3095E+00  0.1108E+00  0.6181E+00  0.6181E+00
  0.2858E+00  0.4410E+00  0.1119E+00  0.6144E+00  0.6144E+00
  0.2868E+00  0.4880E+00  0.1116E+00  0.6108E+00  0.6108E+00
  0.2877E+00  0.4635E+00  0.1117E+00  0.6072E+00  0.6072E+00
  0.2886E+00  0.6503E+00  0.1135E+00  0.6036E+00  0.6036E+00
  0.2896E+00  0.7658E+00  0.1140E+00  0.6000E+00  0.6000E+00
  0.2905E+00  0.6475E+00  0.1179E+00  0.5965E+00  0.5965E+00
  0.2914E+00  0.9787E+00  0.1189E+00  0.5929E+00  0.5929E+00
  0.2923E+00  0.9206E+00  0.1180E+00  0.5893E+00  0.5893E+00
  0.2933E+00  0.6712E+00  0.1182E+00  0.5857E+00  0.5857E+00
  0.2942E+00  0.5220E+00  0.1190E+00  0.5822E+00  0.5822E+00
  0.2951E+00  0.2518E+00  0.1215E+00  0.5786E+00  0.5786E+00
  0.2961E+00  0.5295E+00  0.1199E+00  0.5749E+00  0.5749E+00
  0.2970E+00  0.5695E+00  0.1217E+00  0.5713E+00  0.5713E+00
  0.2979E+00  0.5703E+00  0.1225E+00  0.5676E+00  0.5676E+00
  0.2989E+00  0.5269E+00  0.1229E+00  0.5639E+00  0.5639E+00
  0.2998E+00  0.5824E+00  0.1235E+00  0.5602E+00  0.5602E+00
  0.3007E+00  0.7507E+00  0.1247E+00  0.5565E+00  0.5565E+00
  0.3016E+00  0.7100E+00  0.1256E+00  0.5527E+00  0.5527E+00
  0.3026E+00  0.3273E+00  0.1258E+00  0.5490E+00  0.5490E+00
  0.3035E+00  0.4699E+00  0.1256E+00  0.5452E+00  0.5452E+00
  0.3044E+00  0.6005E+00  0.1241E+00  0.5414E+00  0.5414E+00
  0.3054E+00  0.6979E+00  0.1250E+00  0.5376E+00  0.5376E+00
  0.3063E+00  0.5763E+00  0.1258E+00  0.5337E+00  0.5337E+00
  0.3072E+00  0.6336E+00  0.1264E+00  0.5299E+00  0.5299E+00
  0.3082E+00  0.5964E+00  0.1251E+00  0.5261E+00  0.5261E+00
  0.3091E+00  0.3135E+00  0.1258E+00  0.5223E+00  0.5223E+00
  0.3100E+00  0.4316E+00  0.1286E+00  0.5185E+00  0.5185E+00
  0.3109E+00  0.5955E+00  0.1290E+00  0.5147E+00  0.5147E+00
  0.3119E+00  0.5590E+00  0.1303E+00  0.5109E+00  0.5109E+00
  0.3128E+00  0.2684E+00  0.1311E+00  0.5071E+00  0.5071E+00
  0.3137E+00  0.4506E+00  0.1333E+00  0.5034E+00  0.5034E+00
  0.3147E+00  0.7028E+00  0.1341E+00  0.4998E+00  0.4998E+00
  0.3156E+00  0.3430E+00  0.1320E+00  0.4961E+00  0.4961E+00
  0.3165E+00  0.7037E+00  0.1334E+00  0.4926E+00  0.4926E+00
  0.3174E+00  0.7181E+00  0.1332E+00  0.4890E+00  0.4890E+00
  0.3184E+00  0.5088E+00  0.1335E+00  0.4856E+00  0.4856E+00
  0.3193E+00  0.3157E+00  0.1337E+00  0.4823E+00  0.4823E+00
  0.3202E+00  0.2502E+00  0.1340E+00  0.4789E+00  0.4789E+00
  0.3212E+00  0.4774E+00  0.1340E+00  0.4756E+00  0.4756E+00
  0.3221E+00  0.6307E+00  0.1370E+00  0.4724E+00  0.4724E+00
  0.3230E+00  0.5223E+00  0.1372E+00  0.4693E+00  0.4693E+00
  0.3240E+00  0.5227E+00  0.1362E+00  0.4663E+00  0.4663E+00
  0.3249E+00  0.2364E+00  0.1367E+00  0.4634E+00  0.4634E+00
  0.3258E+00  0.3380E+00  0.1382E+00  0.4605E+00  0.4605E+00
  0.3267E+00  0.4587E+00  0.1370E+00  0.4577E+00  0.4577E+00
  0.3277E+00  0.4121E+00  0.1392E+00  0.4550E+00  0.4550E+00
  0.3286E+00  0.5590E+00  0.1398E+00  0.4524E+00  0.4524E+00
  0.3295E+00  0.5314E+00  0.1432E+00  0.4498E+00  0.4498E+00
  0.3305E+00  0.5793E+00  0.1427E+00  0.4474E+00  0.4474E+00
  0.3314E+00  0.2908E+00  0.1438E+00  0.4449E+00  0.4449E+00
  0.3323E+00  0.3370E+00  0.1457E+00  0.4426E+00  0.4426E+00
  0.3333E+00  0.4352E+00  0.1442E+00  0.4405E+00  0.4405E+00
  0.3342E+00  0.5608E+00  0.1430E+00  0.4382E+00  0.4382E+00
  0.3351E+00  0.3541E+00  0.1434E+00  0.4360E+00  0.4360E+00
  0.3360E+00  0.1934E+00  0.1456E+00  0.4339E+00  0.4339E+00
  0.3370E+00  0.2851E+00  0.1448E+00  0.4319E+00  0.4319E+00
  0.3379E+00  0.3567E+00  0.1448E+00  0.4299E+00  0.4299E+00
  0.3388E+00  0.1372E+00  0.1431E+00  0.4279E+00  0.4279E+00
  0.3398E+00  0.4656E+00  0.1474E+00  0.4260E+00  0.4260E+00
  0.3407E+00  0.5205E+00  0.1476E+00  0.4240E+00  0.4240E+00
  0.3416E+00  0.5880E+00  0.1484E+00  0.4221E+00  0.4221E+00
  0.3426E+00  0.4169E+00  0.1485E+00  0.4203E+00  0.4203E+00
  0.3435E+00  0.7542E+00  0.1500E+00  0.4184E+00  0.4184E+00
  0.3444E+00  0.6706E+00  0.1521E+00  0.4165E+00  0.4165E+00
  0.3453E+00  0.2955E+00  0.1541E+00  0.4146E+00  0.4146E+00
  0.3463E+00  0.2997E+00  0.1530E+00  0.4127E+00  0.4127E+00

           Distance distribution  function of particle  


       R          P(R)      ERROR

  0.0000E+00  0.0000E+00  0.0000E+00
  0.1184E+01  0.6682E-02  0.1064E-03
  0.2368E+01  0.1725E-01  0.1529E-03
  0.3552E+01  0.3153E-01  0.1497E-03
  0.4736E+01  0.4927E-01  0.1157E-03
  0.5920E+01  0.7012E-01  0.8947E-04
  0.7104E+01  0.9364E-01  0.1190E-03
  0.8288E+01  0.1193E+00  0.1760E-03
  0.9472E+01  0.1466E+00  0.2243E-03
  0.1066E+02  0.1749E+00  0.2505E-03
  0.1184E+02  0.2036E+00  0.2521E-03
  0.1302E+02  0.2322E+00  0.2355E-03
  0.1421E+02  0.2599E+00  0.2157E-03
  0.1539E+02  0.2864E+00  0.2127E-03
  0.1658E+02  0.3110E+00  0.2357E-03
  0.1776E+02  0.3334E+00  0.2735E-03
  0.1894E+02  0.3532E+00  0.3090E-03
  0.2013E+02  0.3701E+00  0.3318E-03
  0.2131E+02  0.3838E+00  0.3393E-03
  0.2250E+02  0.3944E+00  0.3361E-03
  0.2368E+02  0.4017E+00  0.3321E-03
  0.2486E+02  0.4058E+00  0.3369E-03
  0.2605E+02  0.4069E+00  0.3534E-03
  0.2723E+02  0.4050E+00  0.3758E-03
  0.2842E+02  0.4004E+00  0.3942E-03
  0.2960E+02  0.3934E+00  0.4006E-03
  0.3078E+02  0.3843E+00  0.3925E-03
  0.3197E+02  0.3734E+00  0.3738E-03
  0.3315E+02  0.3610E+00  0.3541E-03
  0.3434E+02  0.3474E+00  0.3454E-03
  0.3552E+02  0.3330E+00  0.3547E-03
  0.3670E+02  0.3180E+00  0.3780E-03
  0.3789E+02  0.3026E+00  0.4046E-03
  0.3907E+02  0.2871E+00  0.4243E-03
  0.4026E+02  0.2716E+00  0.4321E-03
  0.4144E+02  0.2563E+00  0.4290E-03
  0.4262E+02  0.2413E+00  0.4213E-03
  0.4381E+02  0.2267E+00  0.4179E-03
  0.4499E+02  0.2125E+00  0.4255E-03
  0.4618E+02  0.1988E+00  0.4448E-03
  0.4736E+02  0.1855E+00  0.4705E-03
  0.4854E+02  0.1727E+00  0.4959E-03
  0.4973E+02  0.1604E+00  0.5169E-03
  0.5091E+02  0.1485E+00  0.5335E-03
  0.5210E+02  0.1372E+00  0.5490E-03
  0.5328E+02  0.1263E+00  0.5679E-03
  0.5446E+02  0.1160E+00  0.5924E-03
  0.5565E+02  0.1063E+00  0.6210E-03
  0.5683E+02  0.9712E-01  0.6487E-03
  0.5802E+02  0.8857E-01  0.6695E-03
  0.5920E+02  0.8065E-01  0.6790E-03
  0.6038E+02  0.7339E-01  0.6760E-03
  0.6157E+02  0.6680E-01  0.6631E-03
  0.6275E+02  0.6087E-01  0.6461E-03
  0.6394E+02  0.5560E-01  0.6320E-03
  0.6512E+02  0.5095E-01  0.6269E-03
  0.6630E+02  0.4689E-01  0.6325E-03
  0.6749E+02  0.4335E-01  0.6465E-03
  0.6867E+02  0.4029E-01  0.6642E-03
  0.6986E+02  0.3764E-01  0.6810E-03
  0.7104E+02  0.3533E-01  0.6944E-03
  0.7222E+02  0.3329E-01  0.7046E-03
  0.7341E+02  0.3148E-01  0.7132E-03
  0.7459E+02  0.2983E-01  0.7222E-03
  0.7578E+02  0.2831E-01  0.7320E-03
  0.7696E+02  0.2688E-01  0.7416E-03
  0.7814E+02  0.2553E-01  0.7483E-03
  0.7933E+02  0.2424E-01  0.7491E-03
  0.8051E+02  0.2301E-01  0.7417E-03
  0.8170E+02  0.2184E-01  0.7256E-03
  0.8288E+02  0.2074E-01  0.7022E-03
  0.8406E+02  0.1972E-01  0.6750E-03
  0.8525E+02  0.1878E-01  0.6483E-03
  0.8643E+02  0.1794E-01  0.6268E-03
  0.8762E+02  0.1719E-01  0.6143E-03
  0.8880E+02  0.1655E-01  0.6125E-03
  0.8998E+02  0.1599E-01  0.6217E-03
  0.9117E+02  0.1553E-01  0.6414E-03
  0.9235E+02  0.1513E-01  0.6707E-03
  0.9354E+02  0.1480E-01  0.7089E-03
  0.9472E+02  0.1451E-01  0.7547E-03
  0.9590E+02  0.1425E-01  0.8056E-03
  0.9709E+02  0.1399E-01  0.8576E-03
  0.9827E+02  0.1373E-01  0.9055E-03
  0.9946E+02  0.1344E-01  0.9439E-03
  0.1006E+03  0.1311E-01  0.9680E-03
  0.1018E+03  0.1274E-01  0.9749E-03
  0.1030E+03  0.1231E-01  0.9648E-03
  0.1042E+03  0.1182E-01  0.9409E-03
  0.1054E+03  0.1128E-01  0.9102E-03
  0.1066E+03  0.1069E-01  0.8817E-03
  0.1077E+03  0.1004E-01  0.8635E-03
  0.1089E+03  0.9344E-02  0.8590E-03
  0.1101E+03  0.8598E-02  0.8638E-03
  0.1113E+03  0.7793E-02  0.8662E-03
  0.1125E+03  0.6914E-02  0.8504E-03
  0.1137E+03  0.5935E-02  0.7999E-03
  0.1148E+03  0.4815E-02  0.7002E-03
  0.1160E+03  0.3500E-02  0.5392E-03
  0.1172E+03  0.1922E-02  0.3078E-03
  0.1184E+03  0.0000E+00  0.0000E+00
          Reciprocal space: Rg =   27.51     , I(0) =   0.1921E+03
     Real space: Rg =   27.60 +- 0.083  I(0) =   0.1921E+03 +-  0.2339E+00
