
           ####    G N O M   ---   Version 4.5a revised 09/02/02     ####

                                                  Sat Nov  4 16:51:53 2017
           ===    Run No   1   ===
 Run title:  0.0003414 0 0


  Number of points omitted at the end:           8

          To optimize the performance, some input data points 
           have been joined. New number of points equals to 279

   *******   Working Directory :
   *******    Input file(s) : 25533_02C_S100_0_10.sub
           Condition P(rmin) = 0 is used. 
           Condition P(rmax) = 0 is used. 

          Experimental conditions for the first run
          -----------------------------------------

          Highest ALPHA is found to be   0.8857E+01

  The measure of inconsistency AN1 equals to    0.1664E+01

          Warning: using the chosen range in the real space 
             it is not possible to fit the data set within the
             given error band. 
     Alpha    Discrp  Oscill  Stabil  Sysdev  Positv  Valcen    Total   
  0.8857E+04 19.4766  1.1062  0.7755  0.4748  1.0000  0.8775  0.00001
  0.1771E+04 10.8642  1.0957  0.4237  0.5252  1.0000  0.8826  0.00001
  0.3543E+03  4.3936  1.0927  0.1445  0.5252  1.0000  0.8943  0.00001
  0.7085E+02  2.1670  1.1531  0.0676  0.6547  1.0000  0.9075  0.46137
  0.1417E+02  1.5142  1.2486  0.0341  0.7266  1.0000  0.9166  0.58863
  0.2834E+01  1.3541  1.3562  0.0279  0.8129  1.0000  0.9182  0.73151
  0.5668E+00  1.2901  1.5530  0.0355  0.8561  1.0000  0.9157  0.67986
  0.1134E+00  1.2667  1.8364  0.0361  0.8417  0.9999  0.9139  0.49146
  0.2267E-01  1.2601  2.1731  0.0439  0.8417  0.9996  0.9114  0.44776
  0.4535E-02  1.2573  2.7512  0.0497  0.8417  0.9989  0.9067  0.10000
  0.9069E-03  1.2560  3.8293  0.1424  0.8561  0.9977  0.9029  0.10000
  0.1814E-03  1.2528  9.3031  0.5030  0.8417  0.9771  0.7723  0.10000
  0.3628E-04  1.2432 15.1700  0.6492  0.8705  0.8542  0.3877  0.10000
  0.7255E-05  1.2322 16.3004  0.3114  0.8849  0.7783  0.3098  0.10000
  0.1451E-05  1.2292 17.5123  0.2340  0.8993  0.7563  0.2849  0.10000
  0.2902E-06  1.2283 19.6632  0.4330  0.8993  0.7345  0.2791  0.10000
  0.5804E-07  1.2278 19.4507  0.3543  0.8993  0.7292  0.2966  0.10000
  0.1161E-07  1.2273 20.4670  0.7468  0.8993  0.7335  0.2761  0.10000
  0.2322E-08  1.2256 22.2221  0.9598  0.8993  0.7242  0.2521  0.10000
  0.4643E-09  1.2174 22.5071  0.9431  0.8849  0.7170  0.2623  0.10000
  0.9287E-10  1.1845 23.5395  0.8003  0.8849  0.7156  0.2744  0.10000
  0.1857E-10  1.0987 27.5324  0.5805  0.8705  0.7158  0.2900  0.10000
  0.3715E-11  0.9420 36.0363  0.5647  0.8705  0.7077  0.2839  0.10000
  0.7429E-12  0.6777 42.5745  0.5290  0.9281  0.6996  0.2955  0.10000
  0.1486E-12  0.3477 45.2564  0.3419  0.9281  0.6931  0.3252  0.10000
  0.2972E-13  0.1125 46.7031  0.1301  0.9281  0.6874  0.3287  0.10000
  0.5944E-14  0.0262 47.3064  0.0328  0.9137  0.6854  0.3281  0.10000
  0.1189E-14  0.0054 47.4624  0.0069  0.9137  0.6849  0.3277  0.10000
  0.2377E-15  0.0011 47.4955  0.0014  0.9137  0.6848  0.3276  0.10000
  0.4755E-16  0.0002 47.5023  0.0003  0.9137  0.6848  0.3276  0.10000
  0.9510E-17  0.0000 47.5036  0.0001  0.9137  0.6848  0.3276  0.10000

          ***  Golden section search to maximize estimate ***
     Alpha    Discrp  Oscill  Stabil  Sysdev  Positv  Valcen    Total   
  0.1533E+01  1.3234  1.4177  0.0315  0.8273  1.0000  0.9173  0.78325
  0.1048E+01  1.3084  1.4645  0.0332  0.8417  1.0000  0.9167  0.76994
  0.1938E+01  1.3341  1.3922  0.0302  0.8129  1.0000  0.9177  0.75532
  0.1326E+01  1.3173  1.4348  0.0322  0.8273  1.0000  0.9171  0.79349
  0.1212E+01  1.3138  1.4458  0.0326  0.8273  1.0000  0.9169  0.77998
  0.1401E+01  1.3196  1.4282  0.0319  0.8417  1.0000  0.9172  0.80218
  0.1450E+01  1.3210  1.4241  0.0318  0.8417  1.0000  0.9172  0.79975
  0.1372E+01  1.3187  1.4307  0.0320  0.8417  1.0000  0.9171  0.80370
  0.1354E+01  1.3182  1.4322  0.0321  0.8417  1.0000  0.9171  0.80464
  0.1343E+01  1.3179  1.4332  0.0321  0.8273  1.0000  0.9171  0.79260
  0.1361E+01  1.3184  1.4316  0.0321  0.8417  1.0000  0.9171  0.80428
  0.1350E+01  1.3181  1.4326  0.0321  0.8417  1.0000  0.9171  0.80487
  0.1347E+01  1.3180  1.4328  0.0321  0.8273  1.0000  0.9171  0.79237
  0.1351E+01  1.3181  1.4325  0.0321  0.8417  1.0000  0.9171  0.80478
  0.1349E+01  1.3180  1.4327  0.0321  0.8273  1.0000  0.9171  0.79229
  0.1350E+01  1.3181  1.4326  0.0321  0.8417  1.0000  0.9171  0.80483
  0.1349E+01  1.3180  1.4326  0.0321  0.8273  1.0000  0.9171  0.79225
  0.1350E+01  1.3181  1.4326  0.0321  0.8417  1.0000  0.9171  0.80487



             ####            Final results            ####

 Parameter    DISCRP    OSCILL    STABIL    SYSDEV    POSITV    VALCEN
 Weight        1.000     3.000     3.000     4.000     1.000     1.000
 Sigma         0.500     0.600     0.120     0.200     0.120     0.120
 Ideal         1.000     1.100     0.000     1.000     1.000     0.950
 Current       1.318     1.433     0.032     0.842     1.000     0.917
                - - - - - - - - - - - - - - - - - - - - - - - - - 
 Estimate      0.667     0.735     0.931     0.535     1.000     0.928

  Angular   range    :     from    0.0082   to    0.5252
  Real space range   :     from      0.00   to     74.64

  Highest ALPHA (theor) :   0.886E+04                 JOB = 0
  Current ALPHA         :   0.135E+01   Rg :  0.235E+02   I(0) :   0.256E+03

           Total  estimate : 0.805  which is    A GOOD      solution

      S          J EXP       ERROR       J REG       I REG

  0.0000E+00                                      0.2557E+03
  0.2061E-02                                      0.2555E+03
  0.4122E-02                                      0.2549E+03
  0.6183E-02                                      0.2539E+03
  0.8244E-02  0.1523E+03  0.5863E+02  0.2526E+03  0.2526E+03
  0.1010E-01  0.2400E+03  0.2086E+02  0.2510E+03  0.2510E+03
  0.1196E-01  0.2189E+03  0.1365E+02  0.2491E+03  0.2491E+03
  0.1382E-01  0.2309E+03  0.9046E+01  0.2469E+03  0.2469E+03
  0.1568E-01  0.2367E+03  0.6785E+01  0.2444E+03  0.2444E+03
  0.1754E-01  0.2501E+03  0.5726E+01  0.2417E+03  0.2417E+03
  0.1940E-01  0.2705E+03  0.6049E+01  0.2386E+03  0.2386E+03
  0.2126E-01  0.2330E+03  0.4854E+01  0.2353E+03  0.2353E+03
  0.2312E-01  0.2188E+03  0.4351E+01  0.2318E+03  0.2318E+03
  0.2498E-01  0.2137E+03  0.3848E+01  0.2281E+03  0.2281E+03
  0.2684E-01  0.2247E+03  0.3485E+01  0.2241E+03  0.2241E+03
  0.2870E-01  0.2242E+03  0.3103E+01  0.2199E+03  0.2199E+03
  0.3056E-01  0.2211E+03  0.3088E+01  0.2155E+03  0.2155E+03
  0.3242E-01  0.2079E+03  0.3025E+01  0.2109E+03  0.2109E+03
  0.3428E-01  0.2016E+03  0.2877E+01  0.2062E+03  0.2062E+03
  0.3614E-01  0.1999E+03  0.2819E+01  0.2014E+03  0.2014E+03
  0.3800E-01  0.2035E+03  0.2662E+01  0.1964E+03  0.1964E+03
  0.3986E-01  0.1910E+03  0.2655E+01  0.1913E+03  0.1913E+03
  0.4172E-01  0.1950E+03  0.2537E+01  0.1862E+03  0.1862E+03
  0.4357E-01  0.1853E+03  0.2442E+01  0.1809E+03  0.1809E+03
  0.4543E-01  0.1748E+03  0.2442E+01  0.1756E+03  0.1756E+03
  0.4729E-01  0.1695E+03  0.2321E+01  0.1703E+03  0.1703E+03
  0.4915E-01  0.1649E+03  0.2392E+01  0.1649E+03  0.1649E+03
  0.5101E-01  0.1556E+03  0.2252E+01  0.1595E+03  0.1595E+03
  0.5287E-01  0.1549E+03  0.2193E+01  0.1541E+03  0.1541E+03
  0.5473E-01  0.1473E+03  0.2189E+01  0.1488E+03  0.1488E+03
  0.5659E-01  0.1473E+03  0.2139E+01  0.1434E+03  0.1434E+03
  0.5845E-01  0.1399E+03  0.2097E+01  0.1382E+03  0.1382E+03
  0.6031E-01  0.1330E+03  0.2065E+01  0.1329E+03  0.1329E+03
  0.6217E-01  0.1276E+03  0.2011E+01  0.1278E+03  0.1278E+03
  0.6403E-01  0.1148E+03  0.1955E+01  0.1227E+03  0.1227E+03
  0.6589E-01  0.1165E+03  0.1918E+01  0.1177E+03  0.1177E+03
  0.6775E-01  0.1095E+03  0.1913E+01  0.1128E+03  0.1128E+03
  0.6961E-01  0.1131E+03  0.1913E+01  0.1080E+03  0.1080E+03
  0.7147E-01  0.9533E+02  0.1864E+01  0.1034E+03  0.1034E+03
  0.7333E-01  0.1016E+03  0.1841E+01  0.9883E+02  0.9883E+02
  0.7519E-01  0.9911E+02  0.1818E+01  0.9441E+02  0.9441E+02
  0.7705E-01  0.8736E+02  0.1787E+01  0.9013E+02  0.9013E+02
  0.7891E-01  0.8150E+02  0.1755E+01  0.8597E+02  0.8597E+02
  0.8076E-01  0.8493E+02  0.1727E+01  0.8196E+02  0.8196E+02
  0.8262E-01  0.8002E+02  0.1716E+01  0.7808E+02  0.7808E+02
  0.8448E-01  0.7168E+02  0.1730E+01  0.7435E+02  0.7435E+02
  0.8634E-01  0.7548E+02  0.1675E+01  0.7076E+02  0.7076E+02
  0.8820E-01  0.6896E+02  0.1647E+01  0.6732E+02  0.6732E+02
  0.9006E-01  0.6264E+02  0.1636E+01  0.6401E+02  0.6401E+02
  0.9192E-01  0.6543E+02  0.1594E+01  0.6085E+02  0.6085E+02
  0.9378E-01  0.5911E+02  0.1604E+01  0.5783E+02  0.5783E+02
  0.9564E-01  0.5675E+02  0.1600E+01  0.5494E+02  0.5494E+02
  0.9750E-01  0.5388E+02  0.1592E+01  0.5219E+02  0.5219E+02
  0.9936E-01  0.5291E+02  0.1570E+01  0.4957E+02  0.4957E+02
  0.1012E+00  0.5055E+02  0.1531E+01  0.4708E+02  0.4708E+02
  0.1031E+00  0.4267E+02  0.1506E+01  0.4471E+02  0.4471E+02
  0.1049E+00  0.3927E+02  0.1463E+01  0.4246E+02  0.4246E+02
  0.1068E+00  0.4361E+02  0.1486E+01  0.4032E+02  0.4032E+02
  0.1087E+00  0.3559E+02  0.1460E+01  0.3830E+02  0.3830E+02
  0.1105E+00  0.3391E+02  0.1437E+01  0.3638E+02  0.3638E+02
  0.1124E+00  0.3266E+02  0.1444E+01  0.3456E+02  0.3456E+02
  0.1142E+00  0.2882E+02  0.1414E+01  0.3284E+02  0.3284E+02
  0.1161E+00  0.3077E+02  0.1400E+01  0.3121E+02  0.3121E+02
  0.1180E+00  0.2767E+02  0.1392E+01  0.2967E+02  0.2967E+02
  0.1198E+00  0.3044E+02  0.1379E+01  0.2820E+02  0.2820E+02
  0.1217E+00  0.2495E+02  0.1374E+01  0.2682E+02  0.2682E+02
  0.1235E+00  0.2504E+02  0.1365E+01  0.2551E+02  0.2551E+02
  0.1254E+00  0.2852E+02  0.1339E+01  0.2426E+02  0.2426E+02
  0.1273E+00  0.2223E+02  0.1365E+01  0.2308E+02  0.2308E+02
  0.1291E+00  0.1554E+02  0.1346E+01  0.2196E+02  0.2196E+02
  0.1310E+00  0.2181E+02  0.1343E+01  0.2090E+02  0.2090E+02
  0.1328E+00  0.2491E+02  0.1323E+01  0.1989E+02  0.1989E+02
  0.1347E+00  0.1970E+02  0.1313E+01  0.1893E+02  0.1893E+02
  0.1366E+00  0.1767E+02  0.1345E+01  0.1802E+02  0.1802E+02
  0.1384E+00  0.1630E+02  0.1336E+01  0.1715E+02  0.1715E+02
  0.1403E+00  0.1991E+02  0.1301E+01  0.1632E+02  0.1632E+02
  0.1421E+00  0.1841E+02  0.1261E+01  0.1553E+02  0.1553E+02
  0.1440E+00  0.1310E+02  0.1446E+01  0.1478E+02  0.1478E+02
  0.1458E+00  0.1213E+02  0.1285E+01  0.1406E+02  0.1406E+02
  0.1477E+00  0.1416E+02  0.1288E+01  0.1337E+02  0.1337E+02
  0.1496E+00  0.1390E+02  0.1280E+01  0.1272E+02  0.1272E+02
  0.1514E+00  0.1533E+02  0.1271E+01  0.1210E+02  0.1210E+02
  0.1533E+00  0.8985E+01  0.1247E+01  0.1150E+02  0.1150E+02
  0.1551E+00  0.1140E+02  0.1244E+01  0.1094E+02  0.1094E+02
  0.1570E+00  0.4675E+01  0.1226E+01  0.1040E+02  0.1040E+02
  0.1589E+00  0.9775E+01  0.1203E+01  0.9884E+01  0.9884E+01
  0.1607E+00  0.8780E+01  0.1194E+01  0.9396E+01  0.9396E+01
  0.1626E+00  0.6355E+01  0.1190E+01  0.8934E+01  0.8934E+01
  0.1644E+00  0.7720E+01  0.1205E+01  0.8496E+01  0.8496E+01
  0.1663E+00  0.9530E+01  0.1203E+01  0.8082E+01  0.8082E+01
  0.1682E+00  0.9475E+01  0.1220E+01  0.7692E+01  0.7692E+01
  0.1700E+00  0.8590E+01  0.1212E+01  0.7325E+01  0.7325E+01
  0.1719E+00  0.7095E+01  0.1217E+01  0.6981E+01  0.6981E+01
  0.1737E+00  0.4970E+01  0.1202E+01  0.6659E+01  0.6659E+01
  0.1756E+00  0.4915E+01  0.1165E+01  0.6359E+01  0.6359E+01
  0.1775E+00  0.5130E+01  0.1148E+01  0.6082E+01  0.6082E+01
  0.1793E+00  0.6840E+01  0.1143E+01  0.5825E+01  0.5825E+01
  0.1812E+00  0.8775E+01  0.1147E+01  0.5589E+01  0.5589E+01
  0.1830E+00  0.3195E+01  0.1154E+01  0.5373E+01  0.5373E+01
  0.1849E+00  0.6400E+01  0.1166E+01  0.5177E+01  0.5177E+01
  0.1868E+00  0.5130E+01  0.1141E+01  0.5000E+01  0.5000E+01
  0.1886E+00  0.1795E+01  0.1112E+01  0.4842E+01  0.4842E+01
  0.1905E+00  0.4075E+01  0.1096E+01  0.4701E+01  0.4701E+01
  0.1923E+00  0.4040E+01  0.1105E+01  0.4577E+01  0.4577E+01
  0.1942E+00  0.7590E+01  0.1106E+01  0.4470E+01  0.4470E+01
  0.1961E+00  0.1006E+02  0.1126E+01  0.4378E+01  0.4378E+01
  0.1979E+00  0.2225E+01  0.1115E+01  0.4301E+01  0.4301E+01
  0.1998E+00  0.3135E+01  0.1109E+01  0.4237E+01  0.4237E+01
  0.2016E+00  0.6875E+01  0.1103E+01  0.4186E+01  0.4186E+01
  0.2035E+00  0.2075E+01  0.1091E+01  0.4147E+01  0.4147E+01
  0.2054E+00  0.3145E+01  0.1086E+01  0.4118E+01  0.4118E+01
  0.2072E+00  0.4725E+01  0.1080E+01  0.4100E+01  0.4100E+01
  0.2091E+00 -0.4700E+00  0.1084E+01  0.4090E+01  0.4090E+01
  0.2109E+00  0.4105E+01  0.1061E+01  0.4088E+01  0.4088E+01
  0.2128E+00 -0.8901E+00  0.1045E+01  0.4093E+01  0.4093E+01
  0.2146E+00  0.6265E+01  0.1051E+01  0.4104E+01  0.4104E+01
  0.2165E+00  0.2190E+01  0.1037E+01  0.4120E+01  0.4120E+01
  0.2184E+00  0.4145E+01  0.1028E+01  0.4140E+01  0.4140E+01
  0.2202E+00  0.5030E+01  0.1019E+01  0.4163E+01  0.4163E+01
  0.2221E+00  0.3095E+01  0.1024E+01  0.4189E+01  0.4189E+01
  0.2239E+00  0.7185E+01  0.1025E+01  0.4216E+01  0.4216E+01
  0.2258E+00  0.9360E+01  0.1019E+01  0.4244E+01  0.4244E+01
  0.2277E+00  0.2785E+01  0.1054E+01  0.4272E+01  0.4272E+01
  0.2295E+00  0.2165E+01  0.1045E+01  0.4299E+01  0.4299E+01
  0.2314E+00  0.1310E+01  0.1063E+01  0.4325E+01  0.4325E+01
  0.2332E+00  0.3925E+01  0.1061E+01  0.4350E+01  0.4350E+01
  0.2351E+00  0.3950E+01  0.1047E+01  0.4373E+01  0.4373E+01
  0.2370E+00  0.1660E+01  0.1042E+01  0.4393E+01  0.4393E+01
  0.2388E+00  0.2095E+01  0.1042E+01  0.4410E+01  0.4410E+01
  0.2407E+00  0.4810E+01  0.1039E+01  0.4424E+01  0.4424E+01
  0.2425E+00  0.5050E+01  0.1057E+01  0.4434E+01  0.4434E+01
  0.2444E+00  0.7005E+01  0.1053E+01  0.4441E+01  0.4441E+01
  0.2463E+00  0.5420E+01  0.1060E+01  0.4445E+01  0.4445E+01
  0.2481E+00  0.4325E+01  0.1048E+01  0.4444E+01  0.4444E+01
  0.2500E+00  0.6145E+01  0.1045E+01  0.4440E+01  0.4440E+01
  0.2518E+00  0.5705E+01  0.1040E+01  0.4432E+01  0.4432E+01
  0.2537E+00  0.5430E+01  0.1042E+01  0.4420E+01  0.4420E+01
  0.2556E+00  0.4560E+01  0.1046E+01  0.4405E+01  0.4405E+01
  0.2574E+00  0.8605E+01  0.1042E+01  0.4386E+01  0.4386E+01
  0.2593E+00  0.4330E+01  0.1049E+01  0.4364E+01  0.4364E+01
  0.2611E+00  0.5685E+01  0.1028E+01  0.4339E+01  0.4339E+01
  0.2630E+00  0.4890E+01  0.1026E+01  0.4311E+01  0.4311E+01
  0.2649E+00  0.5490E+01  0.1031E+01  0.4280E+01  0.4280E+01
  0.2667E+00  0.6085E+01  0.1043E+01  0.4246E+01  0.4246E+01
  0.2686E+00  0.5155E+01  0.1025E+01  0.4210E+01  0.4210E+01
  0.2704E+00  0.5400E+01  0.1034E+01  0.4172E+01  0.4172E+01
  0.2723E+00  0.1020E+01  0.1031E+01  0.4133E+01  0.4133E+01
  0.2742E+00  0.3750E+01  0.1039E+01  0.4091E+01  0.4091E+01
  0.2760E+00 -0.3680E+01  0.1041E+01  0.4049E+01  0.4049E+01
  0.2779E+00  0.2420E+01  0.1039E+01  0.4005E+01  0.4005E+01
  0.2797E+00  0.3005E+01  0.1033E+01  0.3961E+01  0.3961E+01
  0.2816E+00  0.5950E+01  0.1031E+01  0.3915E+01  0.3915E+01
  0.2835E+00  0.6595E+01  0.1048E+01  0.3870E+01  0.3870E+01
  0.2853E+00  0.9045E+01  0.1073E+01  0.3824E+01  0.3824E+01
  0.2872E+00  0.3105E+01  0.1088E+01  0.3778E+01  0.3778E+01
  0.2890E+00  0.1635E+01  0.1120E+01  0.3732E+01  0.3732E+01
  0.2909E+00  0.3570E+01  0.1160E+01  0.3686E+01  0.3686E+01
  0.2927E+00  0.4750E+00  0.1149E+01  0.3641E+01  0.3641E+01
  0.2946E+00  0.7450E+00  0.1150E+01  0.3596E+01  0.3596E+01
  0.2965E+00  0.1780E+01  0.1163E+01  0.3552E+01  0.3552E+01
  0.2983E+00  0.1190E+01  0.1185E+01  0.3508E+01  0.3508E+01
  0.3002E+00  0.4940E+01  0.1209E+01  0.3466E+01  0.3466E+01
  0.3020E+00  0.6550E+00  0.1214E+01  0.3424E+01  0.3424E+01
  0.3039E+00  0.1140E+01  0.1211E+01  0.3383E+01  0.3383E+01
  0.3058E+00  0.4510E+01  0.1226E+01  0.3344E+01  0.3344E+01
  0.3076E+00  0.2345E+01  0.1216E+01  0.3306E+01  0.3306E+01
  0.3095E+00  0.7555E+01  0.1254E+01  0.3269E+01  0.3269E+01
  0.3113E+00  0.8315E+01  0.1247E+01  0.3233E+01  0.3233E+01
  0.3132E+00  0.5415E+01  0.1292E+01  0.3199E+01  0.3199E+01
  0.3151E+00  0.5670E+01  0.1297E+01  0.3166E+01  0.3166E+01
  0.3169E+00  0.9150E+00  0.1304E+01  0.3135E+01  0.3135E+01
  0.3188E+00  0.3425E+01  0.1308E+01  0.3105E+01  0.3105E+01
  0.3206E+00  0.7350E+01  0.1345E+01  0.3077E+01  0.3077E+01
  0.3225E+00  0.6415E+01  0.1318E+01  0.3051E+01  0.3051E+01
  0.3244E+00 -0.5350E+00  0.1319E+01  0.3026E+01  0.3026E+01
  0.3262E+00  0.1360E+01  0.1322E+01  0.3003E+01  0.3003E+01
  0.3281E+00  0.2045E+01  0.1337E+01  0.2982E+01  0.2982E+01
  0.3299E+00  0.6925E+01  0.1521E+01  0.2963E+01  0.2963E+01
  0.3318E+00  0.1300E+01  0.1717E+01  0.2946E+01  0.2946E+01
  0.3337E+00 -0.2610E+01  0.1409E+01  0.2931E+01  0.2931E+01
  0.3355E+00  0.4730E+01  0.1401E+01  0.2918E+01  0.2918E+01
  0.3374E+00  0.7475E+01  0.1383E+01  0.2906E+01  0.2906E+01
  0.3392E+00  0.1525E+01  0.1389E+01  0.2897E+01  0.2897E+01
  0.3411E+00  0.8502E-01  0.1435E+01  0.2891E+01  0.2891E+01
  0.3430E+00 -0.1225E+01  0.1468E+01  0.2886E+01  0.2886E+01
  0.3448E+00 -0.4425E+01  0.1509E+01  0.2883E+01  0.2883E+01
  0.3467E+00  0.3890E+01  0.1509E+01  0.2883E+01  0.2883E+01
  0.3485E+00  0.6130E+01  0.1530E+01  0.2885E+01  0.2885E+01
  0.3504E+00  0.1010E+01  0.1485E+01  0.2889E+01  0.2889E+01
  0.3523E+00 -0.6301E+00  0.1488E+01  0.2895E+01  0.2895E+01
  0.3541E+00  0.7550E+00  0.1483E+01  0.2904E+01  0.2904E+01
  0.3560E+00  0.1970E+01  0.1511E+01  0.2914E+01  0.2914E+01
  0.3578E+00 -0.1585E+01  0.1541E+01  0.2927E+01  0.2927E+01
  0.3597E+00  0.9850E+00  0.1569E+01  0.2941E+01  0.2941E+01
  0.3616E+00  0.1890E+01  0.1571E+01  0.2958E+01  0.2958E+01
  0.3634E+00  0.8101E+00  0.1572E+01  0.2976E+01  0.2976E+01
  0.3653E+00  0.3750E+00  0.1574E+01  0.2996E+01  0.2996E+01
  0.3671E+00  0.1500E+00  0.1578E+01  0.3017E+01  0.3017E+01
  0.3690E+00 -0.3080E+01  0.1606E+01  0.3040E+01  0.3040E+01
  0.3708E+00  0.5255E+01  0.1554E+01  0.3064E+01  0.3064E+01
  0.3727E+00 -0.1950E+00  0.1577E+01  0.3090E+01  0.3090E+01
  0.3746E+00  0.8425E+01  0.1599E+01  0.3116E+01  0.3116E+01
  0.3764E+00  0.6550E+01  0.1613E+01  0.3143E+01  0.3143E+01
  0.3783E+00 -0.4999E-01  0.1588E+01  0.3171E+01  0.3171E+01
  0.3801E+00  0.3275E+01  0.1580E+01  0.3200E+01  0.3200E+01
  0.3820E+00  0.5365E+01  0.1576E+01  0.3228E+01  0.3228E+01
  0.3839E+00 -0.4849E+00  0.1554E+01  0.3257E+01  0.3257E+01
  0.3857E+00  0.7800E+00  0.1590E+01  0.3286E+01  0.3286E+01
  0.3876E+00  0.1960E+01  0.1635E+01  0.3314E+01  0.3314E+01
  0.3894E+00  0.5550E+01  0.1660E+01  0.3342E+01  0.3342E+01
  0.3913E+00  0.5565E+01  0.1627E+01  0.3370E+01  0.3370E+01
  0.3932E+00  0.9230E+01  0.1615E+01  0.3396E+01  0.3396E+01
  0.3950E+00  0.3480E+01  0.1591E+01  0.3422E+01  0.3422E+01
  0.3969E+00  0.1109E+02  0.1583E+01  0.3447E+01  0.3447E+01
  0.3987E+00  0.7950E+01  0.1615E+01  0.3470E+01  0.3470E+01
  0.4006E+00  0.1600E+01  0.1647E+01  0.3492E+01  0.3492E+01
  0.4025E+00  0.7400E+00  0.1653E+01  0.3513E+01  0.3513E+01
  0.4043E+00  0.6515E+01  0.1645E+01  0.3531E+01  0.3531E+01
  0.4062E+00  0.2950E+01  0.1607E+01  0.3548E+01  0.3548E+01
  0.4080E+00  0.3290E+01  0.1592E+01  0.3564E+01  0.3564E+01
  0.4099E+00  0.5295E+01  0.1618E+01  0.3577E+01  0.3577E+01
  0.4118E+00  0.8665E+01  0.1649E+01  0.3588E+01  0.3588E+01
  0.4136E+00  0.4260E+01  0.1663E+01  0.3598E+01  0.3598E+01
  0.4155E+00  0.5055E+01  0.1651E+01  0.3605E+01  0.3605E+01
  0.4173E+00  0.3500E+00  0.1633E+01  0.3610E+01  0.3610E+01
  0.4192E+00  0.4130E+01  0.1617E+01  0.3613E+01  0.3613E+01
  0.4211E+00  0.3105E+01  0.1631E+01  0.3615E+01  0.3615E+01
  0.4229E+00  0.1485E+01  0.1673E+01  0.3614E+01  0.3614E+01
  0.4248E+00  0.1090E+01  0.1659E+01  0.3611E+01  0.3611E+01
  0.4266E+00  0.4900E+01  0.1665E+01  0.3606E+01  0.3606E+01
  0.4285E+00  0.9075E+01  0.1649E+01  0.3600E+01  0.3600E+01
  0.4304E+00  0.5845E+01  0.1602E+01  0.3592E+01  0.3592E+01
  0.4322E+00  0.9365E+01  0.1598E+01  0.3582E+01  0.3582E+01
  0.4341E+00  0.6750E+01  0.1636E+01  0.3570E+01  0.3570E+01
  0.4359E+00  0.1239E+02  0.1683E+01  0.3557E+01  0.3557E+01
  0.4378E+00  0.2580E+01  0.1646E+01  0.3542E+01  0.3542E+01
  0.4396E+00  0.4475E+01  0.1615E+01  0.3526E+01  0.3526E+01
  0.4415E+00  0.1945E+01  0.1615E+01  0.3509E+01  0.3509E+01
  0.4434E+00  0.4395E+01  0.1639E+01  0.3491E+01  0.3491E+01
  0.4452E+00  0.5560E+01  0.1633E+01  0.3472E+01  0.3472E+01
  0.4471E+00  0.4570E+01  0.1669E+01  0.3453E+01  0.3453E+01
  0.4489E+00 -0.5400E+00  0.1652E+01  0.3432E+01  0.3432E+01
  0.4508E+00  0.4380E+01  0.1667E+01  0.3411E+01  0.3411E+01
  0.4527E+00 -0.1525E+01  0.1647E+01  0.3389E+01  0.3389E+01
  0.4545E+00  0.6065E+01  0.1630E+01  0.3367E+01  0.3367E+01
  0.4564E+00  0.5965E+01  0.1656E+01  0.3345E+01  0.3345E+01
  0.4582E+00  0.9360E+01  0.1665E+01  0.3322E+01  0.3322E+01
  0.4601E+00 -0.4800E+00  0.1671E+01  0.3299E+01  0.3299E+01
  0.4620E+00  0.8375E+01  0.1658E+01  0.3276E+01  0.3276E+01
  0.4638E+00  0.1013E+02  0.1641E+01  0.3253E+01  0.3253E+01
  0.4657E+00  0.8500E+00  0.1620E+01  0.3230E+01  0.3230E+01
  0.4675E+00  0.4525E+01  0.1649E+01  0.3208E+01  0.3208E+01
  0.4694E+00  0.4715E+01  0.1631E+01  0.3185E+01  0.3185E+01
  0.4713E+00  0.5485E+01  0.1663E+01  0.3163E+01  0.3163E+01
  0.4731E+00 -0.4580E+01  0.1646E+01  0.3140E+01  0.3140E+01
  0.4750E+00  0.2350E+01  0.1650E+01  0.3119E+01  0.3119E+01
  0.4768E+00  0.7025E+01  0.1764E+01  0.3097E+01  0.3097E+01
  0.4787E+00  0.3125E+01  0.1829E+01  0.3075E+01  0.3075E+01
  0.4806E+00  0.2440E+01  0.1900E+01  0.3054E+01  0.3054E+01
  0.4824E+00  0.2305E+01  0.1977E+01  0.3034E+01  0.3034E+01
  0.4843E+00  0.1200E+01  0.2008E+01  0.3013E+01  0.3013E+01
  0.4861E+00  0.1410E+01  0.2073E+01  0.2993E+01  0.2993E+01
  0.4880E+00 -0.9250E+00  0.2140E+01  0.2973E+01  0.2973E+01
  0.4899E+00  0.8740E+01  0.2218E+01  0.2953E+01  0.2953E+01
  0.4917E+00  0.3240E+01  0.2299E+01  0.2933E+01  0.2933E+01
  0.4936E+00  0.1219E+02  0.2389E+01  0.2914E+01  0.2914E+01
  0.4954E+00 -0.5850E+00  0.2527E+01  0.2895E+01  0.2895E+01
  0.4973E+00  0.1375E+01  0.2578E+01  0.2875E+01  0.2875E+01
  0.4992E+00 -0.5575E+01  0.2684E+01  0.2856E+01  0.2856E+01
  0.5010E+00  0.2750E+00  0.2822E+01  0.2838E+01  0.2838E+01
  0.5029E+00  0.3330E+01  0.2956E+01  0.2819E+01  0.2819E+01
  0.5047E+00  0.7510E+01  0.3058E+01  0.2800E+01  0.2800E+01
  0.5066E+00  0.1752E+02  0.3272E+01  0.2782E+01  0.2782E+01
  0.5085E+00  0.1375E+01  0.3318E+01  0.2763E+01  0.2763E+01
  0.5103E+00 -0.5699E+00  0.3454E+01  0.2744E+01  0.2744E+01
  0.5122E+00 -0.2945E+01  0.3657E+01  0.2726E+01  0.2726E+01
  0.5140E+00  0.6855E+01  0.4131E+01  0.2707E+01  0.2707E+01
  0.5159E+00  0.7550E+00  0.3955E+01  0.2689E+01  0.2689E+01
  0.5177E+00  0.3600E+01  0.4456E+01  0.2671E+01  0.2671E+01
  0.5196E+00  0.7830E+01  0.4691E+01  0.2652E+01  0.2652E+01
  0.5215E+00  0.2519E+02  0.5301E+01  0.2634E+01  0.2634E+01
  0.5233E+00  0.6370E+01  0.5917E+01  0.2615E+01  0.2615E+01
  0.5252E+00  0.2089E+02  0.7262E+01  0.2597E+01  0.2597E+01

           Distance distribution  function of particle  


       R          P(R)      ERROR

  0.0000E+00  0.0000E+00  0.0000E+00
  0.7464E+00  0.3838E-01  0.1622E-02
  0.1493E+01  0.6769E-01  0.2552E-02
  0.2239E+01  0.8873E-01  0.2869E-02
  0.2986E+01  0.1028E+00  0.2698E-02
  0.3732E+01  0.1114E+00  0.2231E-02
  0.4478E+01  0.1166E+00  0.1778E-02
  0.5225E+01  0.1202E+00  0.1784E-02
  0.5971E+01  0.1241E+00  0.2315E-02
  0.6718E+01  0.1300E+00  0.3005E-02
  0.7464E+01  0.1393E+00  0.3601E-02
  0.8210E+01  0.1530E+00  0.3998E-02
  0.8957E+01  0.1716E+00  0.4168E-02
  0.9703E+01  0.1950E+00  0.4138E-02
  0.1045E+02  0.2230E+00  0.3976E-02
  0.1120E+02  0.2546E+00  0.3772E-02
  0.1194E+02  0.2888E+00  0.3621E-02
  0.1269E+02  0.3243E+00  0.3581E-02
  0.1344E+02  0.3597E+00  0.3654E-02
  0.1418E+02  0.3938E+00  0.3794E-02
  0.1493E+02  0.4255E+00  0.3948E-02
  0.1567E+02  0.4538E+00  0.4082E-02
  0.1642E+02  0.4781E+00  0.4188E-02
  0.1717E+02  0.4982E+00  0.4278E-02
  0.1791E+02  0.5141E+00  0.4369E-02
  0.1866E+02  0.5262E+00  0.4466E-02
  0.1941E+02  0.5351E+00  0.4564E-02
  0.2015E+02  0.5414E+00  0.4646E-02
  0.2090E+02  0.5461E+00  0.4696E-02
  0.2165E+02  0.5497E+00  0.4714E-02
  0.2239E+02  0.5532E+00  0.4713E-02
  0.2314E+02  0.5568E+00  0.4724E-02
  0.2388E+02  0.5611E+00  0.4786E-02
  0.2463E+02  0.5660E+00  0.4926E-02
  0.2538E+02  0.5715E+00  0.5150E-02
  0.2612E+02  0.5771E+00  0.5435E-02
  0.2687E+02  0.5824E+00  0.5745E-02
  0.2762E+02  0.5866E+00  0.6039E-02
  0.2836E+02  0.5892E+00  0.6282E-02
  0.2911E+02  0.5895E+00  0.6454E-02
  0.2986E+02  0.5869E+00  0.6546E-02
  0.3060E+02  0.5809E+00  0.6563E-02
  0.3135E+02  0.5713E+00  0.6518E-02
  0.3210E+02  0.5580E+00  0.6432E-02
  0.3284E+02  0.5412E+00  0.6331E-02
  0.3359E+02  0.5213E+00  0.6242E-02
  0.3433E+02  0.4988E+00  0.6192E-02
  0.3508E+02  0.4743E+00  0.6200E-02
  0.3583E+02  0.4488E+00  0.6275E-02
  0.3657E+02  0.4230E+00  0.6408E-02
  0.3732E+02  0.3977E+00  0.6580E-02
  0.3807E+02  0.3736E+00  0.6758E-02
  0.3881E+02  0.3515E+00  0.6906E-02
  0.3956E+02  0.3316E+00  0.6991E-02
  0.4031E+02  0.3144E+00  0.6988E-02
  0.4105E+02  0.3000E+00  0.6887E-02
  0.4180E+02  0.2882E+00  0.6697E-02
  0.4254E+02  0.2789E+00  0.6445E-02
  0.4329E+02  0.2717E+00  0.6180E-02
  0.4404E+02  0.2661E+00  0.5969E-02
  0.4478E+02  0.2617E+00  0.5879E-02
  0.4553E+02  0.2578E+00  0.5959E-02
  0.4628E+02  0.2540E+00  0.6215E-02
  0.4702E+02  0.2499E+00  0.6605E-02
  0.4777E+02  0.2450E+00  0.7064E-02
  0.4852E+02  0.2392E+00  0.7519E-02
  0.4926E+02  0.2322E+00  0.7908E-02
  0.5001E+02  0.2241E+00  0.8186E-02
  0.5076E+02  0.2150E+00  0.8326E-02
  0.5150E+02  0.2050E+00  0.8321E-02
  0.5225E+02  0.1944E+00  0.8183E-02
  0.5299E+02  0.1834E+00  0.7944E-02
  0.5374E+02  0.1724E+00  0.7652E-02
  0.5449E+02  0.1615E+00  0.7368E-02
  0.5523E+02  0.1511E+00  0.7153E-02
  0.5598E+02  0.1413E+00  0.7057E-02
  0.5673E+02  0.1322E+00  0.7100E-02
  0.5747E+02  0.1237E+00  0.7264E-02
  0.5822E+02  0.1159E+00  0.7502E-02
  0.5897E+02  0.1087E+00  0.7756E-02
  0.5971E+02  0.1018E+00  0.7969E-02
  0.6046E+02  0.9523E-01  0.8100E-02
  0.6120E+02  0.8873E-01  0.8128E-02
  0.6195E+02  0.8217E-01  0.8052E-02
  0.6270E+02  0.7545E-01  0.7892E-02
  0.6344E+02  0.6849E-01  0.7689E-02
  0.6419E+02  0.6130E-01  0.7495E-02
  0.6494E+02  0.5390E-01  0.7365E-02
  0.6568E+02  0.4641E-01  0.7338E-02
  0.6643E+02  0.3895E-01  0.7429E-02
  0.6718E+02  0.3170E-01  0.7612E-02
  0.6792E+02  0.2483E-01  0.7834E-02
  0.6867E+02  0.1853E-01  0.8026E-02
  0.6942E+02  0.1296E-01  0.8111E-02
  0.7016E+02  0.8254E-02  0.8015E-02
  0.7091E+02  0.4517E-02  0.7668E-02
  0.7165E+02  0.1791E-02  0.7007E-02
  0.7240E+02  0.6687E-04  0.5968E-02
  0.7315E+02 -0.7186E-03  0.4492E-02
  0.7389E+02 -0.6845E-03  0.2522E-02
  0.7464E+02  0.0000E+00  0.0000E+00
          Reciprocal space: Rg =   23.50     , I(0) =   0.2557E+03
     Real space: Rg =   23.50 +- 0.150  I(0) =   0.2557E+03 +-  0.1267E+01
