
           ####    G N O M   ---   Version 4.5a revised 09/02/02     ####

                                                  Sat Nov  4 16:51:56 2017
           ===    Run No   1   ===
 Run title:  0.0003414 0 0


  Number of points omitted at the end:         207
 Standard deviations are estimated by polynomial smoothing

   *******   Working Directory :
   *******    Input file(s) : 25533_02E_S104_0_01.sub
           Condition P(rmin) = 0 is used. 
           Condition P(rmax) = 0 is used. 

          Experimental conditions for the first run
          -----------------------------------------

          Highest ALPHA is found to be   0.3097E+02

  The measure of inconsistency AN1 equals to    0.1050E+01

          Warning: using the chosen range in the real space 
             it is not possible to fit the data set within the
             given error band. 
     Alpha    Discrp  Oscill  Stabil  Sysdev  Positv  Valcen    Total   
  0.3097E+05 31.6204  1.1525  0.8997  0.0111  1.0000  0.8651  0.00001
  0.6194E+04 23.5062  1.1520  0.6596  0.3343  1.0000  0.8660  0.00001
  0.1239E+04 11.3072  1.1581  0.2855  0.2563  1.0000  0.8685  0.00001
  0.2478E+03  4.6771  1.2253  0.1114  0.2786  1.0000  0.8705  0.00001
  0.4955E+02  1.7710  1.3664  0.0671  0.4457  1.0000  0.8703  0.54295
  0.9911E+01  0.8489  1.4527  0.0229  0.7131  1.0000  0.8718  0.66951
  0.1982E+01  0.7183  1.4894  0.0080  0.8357  1.0000  0.8727  0.70659
  0.3964E+00  0.7073  1.5045  0.0062  0.8579  1.0000  0.8725  0.66719
  0.7929E-01  0.7042  1.5370  0.0214  0.8691  1.0000  0.8712  0.55292
  0.1586E-01  0.6985  1.8036  0.0443  0.8357  0.9997  0.8669  0.10000
  0.3171E-02  0.6942  2.4612  0.0524  0.8134  0.9981  0.8618  0.10000
  0.6343E-03  0.6914  3.9988  0.1563  0.8134  0.9915  0.8585  0.10000
  0.1269E-03  0.6885  7.4258  0.1827  0.8134  0.9659  0.8247  0.10000
  0.2537E-04  0.6867 12.0732  0.5195  0.8022  0.9128  0.6805  0.10000
  0.5074E-05  0.6834 15.8572  0.6506  0.8022  0.8203  0.3703  0.10000
  0.1015E-05  0.6801 17.4499  0.4595  0.8022  0.7596  0.2694  0.10000
  0.2030E-06  0.6771 18.6304  0.9433  0.8245  0.7303  0.2867  0.10000
  0.4059E-07  0.6700 16.4174  0.6972  0.8245  0.7169  0.3051  0.10000
  0.8119E-08  0.6627 16.7063  0.3299  0.8245  0.7114  0.3111  0.10000
  0.1624E-08  0.6593 19.5165  0.7615  0.8134  0.7070  0.3041  0.10000
  0.3248E-09  0.6521 18.2700  0.8139  0.8357  0.6936  0.2967  0.10000
  0.6495E-10  0.6383 19.2866  0.5597  0.8357  0.6916  0.3311  0.10000
  0.1299E-10  0.6123 26.0279  0.6566  0.8357  0.7038  0.3534  0.10000
  0.2598E-11  0.5442 33.5933  0.6297  0.8357  0.7147  0.3034  0.10000
  0.5196E-12  0.4159 39.9492  0.5119  0.8468  0.7225  0.2881  0.10000
  0.1039E-12  0.2484 45.4248  0.3876  0.8468  0.7176  0.2784  0.10000
  0.2078E-13  0.1013 48.3976  0.2236  0.8468  0.6806  0.4336  0.10000
  0.4157E-14  0.0273 49.2179  0.0738  0.8802  0.6477  0.5234  0.10000
  0.8314E-15  0.0059 49.3772  0.0169  0.8579  0.6368  0.5485  0.10000
  0.1663E-15  0.0012 49.4081  0.0035  0.8468  0.6344  0.5540  0.10000
  0.3325E-16  0.0002 49.4143  0.0007  0.8468  0.6338  0.5551  0.10000

          ***  Golden section search to maximize estimate ***
     Alpha    Discrp  Oscill  Stabil  Sysdev  Positv  Valcen    Total   
  0.7331E+00  0.7089  1.4999  0.0050  0.8579  1.0000  0.8727  0.69565
  0.1356E+01  0.7130  1.4942  0.0063  0.8468  1.0000  0.8727  0.70577
  0.9271E+00  0.7100  1.4980  0.0053  0.8579  1.0000  0.8727  0.70399
  0.1172E+01  0.7116  1.4957  0.0058  0.8579  1.0000  0.8727  0.71147
  0.1239E+01  0.7121  1.4951  0.0060  0.8468  1.0000  0.8727  0.70311
  0.1133E+01  0.7114  1.4961  0.0057  0.8579  1.0000  0.8727  0.71042
  0.1198E+01  0.7118  1.4955  0.0059  0.8579  1.0000  0.8727  0.71212
  0.1213E+01  0.7119  1.4954  0.0059  0.8468  1.0000  0.8727  0.70248
  0.1188E+01  0.7117  1.4956  0.0058  0.8579  1.0000  0.8727  0.71187
  0.1204E+01  0.7118  1.4955  0.0059  0.8579  1.0000  0.8727  0.71227
  0.1207E+01  0.7119  1.4954  0.0059  0.8579  1.0000  0.8727  0.71236
  0.1210E+01  0.7119  1.4954  0.0059  0.8468  1.0000  0.8727  0.70238
  0.1206E+01  0.7119  1.4954  0.0059  0.8579  1.0000  0.8727  0.71233
  0.1208E+01  0.7119  1.4954  0.0059  0.8579  1.0000  0.8727  0.71238
  0.1209E+01  0.7119  1.4954  0.0059  0.8579  1.0000  0.8727  0.71240
  0.1209E+01  0.7119  1.4954  0.0059  0.8579  1.0000  0.8727  0.71241
  0.1209E+01  0.7119  1.4954  0.0059  0.8468  1.0000  0.8727  0.70237
  0.1209E+01  0.7119  1.4954  0.0059  0.8579  1.0000  0.8727  0.71241



             ####            Final results            ####

 Parameter    DISCRP    OSCILL    STABIL    SYSDEV    POSITV    VALCEN
 Weight        1.000     3.000     3.000     4.000     1.000     1.000
 Sigma         0.500     0.600     0.120     0.200     0.120     0.120
 Ideal         1.000     1.100     0.000     1.000     1.000     0.950
 Current       0.712     1.495     0.006     0.858     1.000     0.873
                - - - - - - - - - - - - - - - - - - - - - - - - - 
 Estimate      0.717     0.648     0.998     0.604     1.000     0.661

  Angular   range    :     from    0.0068   to    0.3406
  Real space range   :     from      0.00   to     88.73

  Highest ALPHA (theor) :   0.310E+05                 JOB = 0
  Current ALPHA         :   0.121E+01   Rg :  0.243E+02   I(0) :   0.594E+03

           Total  estimate : 0.712  which is  A REASONABLE  solution

      S          J EXP       ERROR       J REG       I REG

  0.0000E+00                                      0.5936E+03
  0.9785E-03                                      0.5935E+03
  0.1957E-02                                      0.5932E+03
  0.2936E-02                                      0.5926E+03
  0.3914E-02                                      0.5918E+03
  0.4893E-02                                      0.5908E+03
  0.5871E-02                                      0.5896E+03
  0.6850E-02  0.3592E+03  0.1144E+03  0.5882E+03  0.5882E+03
  0.7779E-02  0.4949E+03  0.1153E+03  0.5866E+03  0.5866E+03
  0.8709E-02  0.6307E+03  0.7675E+02  0.5848E+03  0.5848E+03
  0.9639E-02  0.6670E+03  0.4461E+02  0.5829E+03  0.5829E+03
  0.1057E-01  0.6780E+03  0.3511E+02  0.5807E+03  0.5807E+03
  0.1150E-01  0.6548E+03  0.3038E+02  0.5784E+03  0.5784E+03
  0.1243E-01  0.6006E+03  0.2558E+02  0.5759E+03  0.5759E+03
  0.1336E-01  0.5962E+03  0.1956E+02  0.5732E+03  0.5732E+03
  0.1429E-01  0.5856E+03  0.1611E+02  0.5703E+03  0.5703E+03
  0.1522E-01  0.5827E+03  0.1477E+02  0.5673E+03  0.5673E+03
  0.1615E-01  0.5886E+03  0.1294E+02  0.5640E+03  0.5640E+03
  0.1708E-01  0.5923E+03  0.1250E+02  0.5606E+03  0.5606E+03
  0.1801E-01  0.5899E+03  0.1089E+02  0.5571E+03  0.5571E+03
  0.1894E-01  0.5860E+03  0.1069E+02  0.5533E+03  0.5533E+03
  0.1987E-01  0.5659E+03  0.9639E+01  0.5495E+03  0.5495E+03
  0.2080E-01  0.5348E+03  0.9588E+01  0.5454E+03  0.5454E+03
  0.2173E-01  0.5322E+03  0.1011E+02  0.5413E+03  0.5413E+03
  0.2266E-01  0.5245E+03  0.8774E+01  0.5369E+03  0.5369E+03
  0.2359E-01  0.5148E+03  0.8958E+01  0.5325E+03  0.5325E+03
  0.2451E-01  0.5120E+03  0.8038E+01  0.5279E+03  0.5279E+03
  0.2544E-01  0.5253E+03  0.7685E+01  0.5231E+03  0.5231E+03
  0.2637E-01  0.5224E+03  0.7325E+01  0.5183E+03  0.5183E+03
  0.2730E-01  0.5156E+03  0.6668E+01  0.5133E+03  0.5133E+03
  0.2823E-01  0.5107E+03  0.6410E+01  0.5082E+03  0.5082E+03
  0.2916E-01  0.4996E+03  0.6384E+01  0.5030E+03  0.5030E+03
  0.3009E-01  0.4927E+03  0.6360E+01  0.4977E+03  0.4977E+03
  0.3102E-01  0.4848E+03  0.6262E+01  0.4923E+03  0.4923E+03
  0.3195E-01  0.4919E+03  0.6297E+01  0.4868E+03  0.4868E+03
  0.3288E-01  0.4862E+03  0.6074E+01  0.4812E+03  0.4812E+03
  0.3381E-01  0.4693E+03  0.5983E+01  0.4755E+03  0.4755E+03
  0.3474E-01  0.4539E+03  0.5939E+01  0.4697E+03  0.4697E+03
  0.3567E-01  0.4645E+03  0.5621E+01  0.4639E+03  0.4639E+03
  0.3660E-01  0.4540E+03  0.5679E+01  0.4580E+03  0.4580E+03
  0.3753E-01  0.4573E+03  0.5688E+01  0.4520E+03  0.4520E+03
  0.3846E-01  0.4397E+03  0.5367E+01  0.4460E+03  0.4460E+03
  0.3939E-01  0.4312E+03  0.5582E+01  0.4399E+03  0.4399E+03
  0.4032E-01  0.4347E+03  0.5112E+01  0.4338E+03  0.4338E+03
  0.4125E-01  0.4318E+03  0.5308E+01  0.4276E+03  0.4276E+03
  0.4218E-01  0.4120E+03  0.5141E+01  0.4214E+03  0.4214E+03
  0.4311E-01  0.4045E+03  0.4836E+01  0.4152E+03  0.4152E+03
  0.4404E-01  0.4071E+03  0.4912E+01  0.4089E+03  0.4089E+03
  0.4497E-01  0.4040E+03  0.4787E+01  0.4027E+03  0.4027E+03
  0.4590E-01  0.4018E+03  0.4928E+01  0.3963E+03  0.3963E+03
  0.4683E-01  0.3983E+03  0.4730E+01  0.3900E+03  0.3900E+03
  0.4776E-01  0.3915E+03  0.4684E+01  0.3837E+03  0.3837E+03
  0.4869E-01  0.3696E+03  0.4703E+01  0.3774E+03  0.3774E+03
  0.4962E-01  0.3689E+03  0.4619E+01  0.3710E+03  0.3710E+03
  0.5055E-01  0.3536E+03  0.4572E+01  0.3647E+03  0.3647E+03
  0.5148E-01  0.3469E+03  0.4407E+01  0.3584E+03  0.3584E+03
  0.5241E-01  0.3416E+03  0.4397E+01  0.3521E+03  0.3521E+03
  0.5334E-01  0.3437E+03  0.4394E+01  0.3458E+03  0.3458E+03
  0.5427E-01  0.3354E+03  0.4400E+01  0.3396E+03  0.3396E+03
  0.5520E-01  0.3339E+03  0.4460E+01  0.3333E+03  0.3333E+03
  0.5613E-01  0.3381E+03  0.4237E+01  0.3271E+03  0.3271E+03
  0.5706E-01  0.3319E+03  0.4333E+01  0.3210E+03  0.3210E+03
  0.5799E-01  0.3074E+03  0.4259E+01  0.3148E+03  0.3148E+03
  0.5892E-01  0.3127E+03  0.4190E+01  0.3087E+03  0.3087E+03
  0.5985E-01  0.3051E+03  0.4144E+01  0.3027E+03  0.3027E+03
  0.6078E-01  0.3062E+03  0.4069E+01  0.2967E+03  0.2967E+03
  0.6170E-01  0.3004E+03  0.4154E+01  0.2907E+03  0.2907E+03
  0.6263E-01  0.2825E+03  0.3966E+01  0.2848E+03  0.2848E+03
  0.6356E-01  0.2811E+03  0.3933E+01  0.2789E+03  0.2789E+03
  0.6449E-01  0.2690E+03  0.3897E+01  0.2731E+03  0.2731E+03
  0.6542E-01  0.2708E+03  0.3887E+01  0.2674E+03  0.2674E+03
  0.6635E-01  0.2695E+03  0.3870E+01  0.2617E+03  0.2617E+03
  0.6728E-01  0.2590E+03  0.3729E+01  0.2561E+03  0.2561E+03
  0.6821E-01  0.2513E+03  0.3846E+01  0.2506E+03  0.2506E+03
  0.6914E-01  0.2422E+03  0.3804E+01  0.2451E+03  0.2451E+03
  0.7007E-01  0.2475E+03  0.3770E+01  0.2397E+03  0.2397E+03
  0.7100E-01  0.2443E+03  0.3815E+01  0.2343E+03  0.2343E+03
  0.7193E-01  0.2281E+03  0.3676E+01  0.2291E+03  0.2291E+03
  0.7286E-01  0.2196E+03  0.3740E+01  0.2239E+03  0.2239E+03
  0.7379E-01  0.2223E+03  0.3639E+01  0.2188E+03  0.2188E+03
  0.7472E-01  0.2161E+03  0.3612E+01  0.2137E+03  0.2137E+03
  0.7565E-01  0.2086E+03  0.3585E+01  0.2088E+03  0.2088E+03
  0.7658E-01  0.2066E+03  0.3527E+01  0.2039E+03  0.2039E+03
  0.7751E-01  0.2028E+03  0.3577E+01  0.1990E+03  0.1990E+03
  0.7844E-01  0.1922E+03  0.3602E+01  0.1943E+03  0.1943E+03
  0.7937E-01  0.1944E+03  0.3491E+01  0.1897E+03  0.1897E+03
  0.8030E-01  0.1856E+03  0.3593E+01  0.1851E+03  0.1851E+03
  0.8123E-01  0.1736E+03  0.3389E+01  0.1806E+03  0.1806E+03
  0.8216E-01  0.1710E+03  0.3454E+01  0.1762E+03  0.1762E+03
  0.8309E-01  0.1724E+03  0.3362E+01  0.1718E+03  0.1718E+03
  0.8402E-01  0.1643E+03  0.3391E+01  0.1676E+03  0.1676E+03
  0.8495E-01  0.1705E+03  0.3374E+01  0.1634E+03  0.1634E+03
  0.8588E-01  0.1588E+03  0.3337E+01  0.1593E+03  0.1593E+03
  0.8681E-01  0.1534E+03  0.3272E+01  0.1553E+03  0.1553E+03
  0.8774E-01  0.1522E+03  0.3210E+01  0.1514E+03  0.1514E+03
  0.8867E-01  0.1498E+03  0.3280E+01  0.1475E+03  0.1475E+03
  0.8960E-01  0.1474E+03  0.3181E+01  0.1438E+03  0.1438E+03
  0.9053E-01  0.1429E+03  0.3196E+01  0.1401E+03  0.1401E+03
  0.9146E-01  0.1297E+03  0.3211E+01  0.1365E+03  0.1365E+03
  0.9239E-01  0.1303E+03  0.3172E+01  0.1329E+03  0.1329E+03
  0.9332E-01  0.1270E+03  0.3183E+01  0.1295E+03  0.1295E+03
  0.9425E-01  0.1352E+03  0.3105E+01  0.1261E+03  0.1261E+03
  0.9518E-01  0.1265E+03  0.3137E+01  0.1228E+03  0.1228E+03
  0.9611E-01  0.1181E+03  0.3097E+01  0.1195E+03  0.1195E+03
  0.9704E-01  0.1136E+03  0.3097E+01  0.1164E+03  0.1164E+03
  0.9797E-01  0.1133E+03  0.3106E+01  0.1133E+03  0.1133E+03
  0.9890E-01  0.1142E+03  0.2994E+01  0.1103E+03  0.1103E+03
  0.9982E-01  0.1103E+03  0.3057E+01  0.1073E+03  0.1073E+03
  0.1008E+00  0.1032E+03  0.3008E+01  0.1045E+03  0.1045E+03
  0.1017E+00  0.1050E+03  0.2964E+01  0.1017E+03  0.1017E+03
  0.1026E+00  0.9893E+02  0.2889E+01  0.9893E+02  0.9893E+02
  0.1035E+00  0.8901E+02  0.2849E+01  0.9627E+02  0.9627E+02
  0.1045E+00  0.9369E+02  0.2896E+01  0.9367E+02  0.9367E+02
  0.1054E+00  0.9536E+02  0.2888E+01  0.9114E+02  0.9114E+02
  0.1063E+00  0.8113E+02  0.2911E+01  0.8867E+02  0.8867E+02
  0.1073E+00  0.7994E+02  0.2918E+01  0.8626E+02  0.8626E+02
  0.1082E+00  0.7948E+02  0.2833E+01  0.8392E+02  0.8392E+02
  0.1091E+00  0.8241E+02  0.2895E+01  0.8164E+02  0.8164E+02
  0.1101E+00  0.8756E+02  0.2799E+01  0.7942E+02  0.7942E+02
  0.1110E+00  0.7489E+02  0.2830E+01  0.7726E+02  0.7726E+02
  0.1119E+00  0.7413E+02  0.2856E+01  0.7515E+02  0.7515E+02
  0.1128E+00  0.6698E+02  0.2809E+01  0.7311E+02  0.7311E+02
  0.1138E+00  0.6438E+02  0.2814E+01  0.7112E+02  0.7112E+02
  0.1147E+00  0.6785E+02  0.2708E+01  0.6918E+02  0.6918E+02
  0.1156E+00  0.6521E+02  0.2734E+01  0.6730E+02  0.6730E+02
  0.1166E+00  0.6748E+02  0.2679E+01  0.6547E+02  0.6547E+02
  0.1175E+00  0.6257E+02  0.2713E+01  0.6369E+02  0.6369E+02
  0.1184E+00  0.6015E+02  0.2661E+01  0.6196E+02  0.6196E+02
  0.1193E+00  0.5934E+02  0.2676E+01  0.6029E+02  0.6029E+02
  0.1203E+00  0.5952E+02  0.2732E+01  0.5866E+02  0.5866E+02
  0.1212E+00  0.5722E+02  0.2662E+01  0.5707E+02  0.5707E+02
  0.1221E+00  0.5534E+02  0.2724E+01  0.5554E+02  0.5554E+02
  0.1231E+00  0.5411E+02  0.2657E+01  0.5404E+02  0.5404E+02
  0.1240E+00  0.5263E+02  0.2646E+01  0.5260E+02  0.5260E+02
  0.1249E+00  0.4720E+02  0.2635E+01  0.5119E+02  0.5119E+02
  0.1259E+00  0.4954E+02  0.2557E+01  0.4983E+02  0.4983E+02
  0.1268E+00  0.5539E+02  0.2595E+01  0.4850E+02  0.4850E+02
  0.1277E+00  0.5264E+02  0.2566E+01  0.4722E+02  0.4722E+02
  0.1286E+00  0.5056E+02  0.2646E+01  0.4598E+02  0.4598E+02
  0.1296E+00  0.5193E+02  0.2603E+01  0.4477E+02  0.4477E+02
  0.1305E+00  0.4898E+02  0.2567E+01  0.4360E+02  0.4360E+02
  0.1314E+00  0.3695E+02  0.2622E+01  0.4247E+02  0.4247E+02
  0.1324E+00  0.4014E+02  0.2565E+01  0.4137E+02  0.4137E+02
  0.1333E+00  0.4267E+02  0.2605E+01  0.4031E+02  0.4031E+02
  0.1342E+00  0.4106E+02  0.2587E+01  0.3928E+02  0.3928E+02
  0.1352E+00  0.3673E+02  0.2514E+01  0.3828E+02  0.3828E+02
  0.1361E+00  0.3438E+02  0.2593E+01  0.3731E+02  0.3731E+02
  0.1370E+00  0.3472E+02  0.2497E+01  0.3638E+02  0.3638E+02
  0.1379E+00  0.3717E+02  0.2548E+01  0.3547E+02  0.3547E+02
  0.1389E+00  0.3468E+02  0.2513E+01  0.3459E+02  0.3459E+02
  0.1398E+00  0.3557E+02  0.2499E+01  0.3374E+02  0.3374E+02
  0.1407E+00  0.3032E+02  0.2512E+01  0.3292E+02  0.3292E+02
  0.1417E+00  0.2606E+02  0.2443E+01  0.3212E+02  0.3212E+02
  0.1426E+00  0.2900E+02  0.2462E+01  0.3135E+02  0.3135E+02
  0.1435E+00  0.2838E+02  0.2942E+01  0.3060E+02  0.3060E+02
  0.1445E+00  0.3602E+02  0.2614E+01  0.2988E+02  0.2988E+02
  0.1454E+00  0.3335E+02  0.2451E+01  0.2918E+02  0.2918E+02
  0.1463E+00  0.3051E+02  0.2458E+01  0.2850E+02  0.2850E+02
  0.1472E+00  0.2930E+02  0.2480E+01  0.2784E+02  0.2784E+02
  0.1482E+00  0.3087E+02  0.2495E+01  0.2721E+02  0.2721E+02
  0.1491E+00  0.3384E+02  0.2579E+01  0.2659E+02  0.2659E+02
  0.1500E+00  0.2594E+02  0.2419E+01  0.2600E+02  0.2600E+02
  0.1510E+00  0.2542E+02  0.2453E+01  0.2542E+02  0.2542E+02
  0.1519E+00  0.2149E+02  0.2466E+01  0.2486E+02  0.2486E+02
  0.1528E+00  0.2221E+02  0.2416E+01  0.2432E+02  0.2432E+02
  0.1538E+00  0.2062E+02  0.2425E+01  0.2379E+02  0.2379E+02
  0.1547E+00  0.2210E+02  0.2500E+01  0.2329E+02  0.2329E+02
  0.1556E+00  0.1903E+02  0.2409E+01  0.2279E+02  0.2279E+02
  0.1565E+00  0.2152E+02  0.2428E+01  0.2231E+02  0.2231E+02
  0.1575E+00  0.2078E+02  0.2369E+01  0.2185E+02  0.2185E+02
  0.1584E+00  0.2409E+02  0.2362E+01  0.2140E+02  0.2140E+02
  0.1593E+00  0.2010E+02  0.2296E+01  0.2097E+02  0.2097E+02
  0.1603E+00  0.1781E+02  0.2328E+01  0.2054E+02  0.2054E+02
  0.1612E+00  0.1656E+02  0.2325E+01  0.2013E+02  0.2013E+02
  0.1621E+00  0.1850E+02  0.2284E+01  0.1973E+02  0.1973E+02
  0.1630E+00  0.1832E+02  0.2343E+01  0.1935E+02  0.1935E+02
  0.1640E+00  0.1806E+02  0.2347E+01  0.1897E+02  0.1897E+02
  0.1649E+00  0.1955E+02  0.2352E+01  0.1861E+02  0.1861E+02
  0.1658E+00  0.2023E+02  0.2289E+01  0.1825E+02  0.1825E+02
  0.1668E+00  0.1579E+02  0.2333E+01  0.1790E+02  0.1790E+02
  0.1677E+00  0.1391E+02  0.2345E+01  0.1757E+02  0.1757E+02
  0.1686E+00  0.1968E+02  0.2324E+01  0.1724E+02  0.1724E+02
  0.1696E+00  0.1780E+02  0.2422E+01  0.1692E+02  0.1692E+02
  0.1705E+00  0.1624E+02  0.2357E+01  0.1661E+02  0.1661E+02
  0.1714E+00  0.1655E+02  0.2356E+01  0.1631E+02  0.1631E+02
  0.1723E+00  0.1733E+02  0.2342E+01  0.1602E+02  0.1602E+02
  0.1733E+00  0.1161E+02  0.2301E+01  0.1573E+02  0.1573E+02
  0.1742E+00  0.1359E+02  0.2299E+01  0.1545E+02  0.1545E+02
  0.1751E+00  0.1719E+02  0.2242E+01  0.1518E+02  0.1518E+02
  0.1761E+00  0.1543E+02  0.2283E+01  0.1491E+02  0.1491E+02
  0.1770E+00  0.1321E+02  0.2253E+01  0.1465E+02  0.1465E+02
  0.1779E+00  0.7490E+01  0.2254E+01  0.1440E+02  0.1440E+02
  0.1789E+00  0.1551E+02  0.2242E+01  0.1415E+02  0.1415E+02
  0.1798E+00  0.1283E+02  0.2248E+01  0.1391E+02  0.1391E+02
  0.1807E+00  0.1451E+02  0.2241E+01  0.1367E+02  0.1367E+02
  0.1816E+00  0.2036E+02  0.2232E+01  0.1344E+02  0.1344E+02
  0.1826E+00  0.1442E+02  0.2251E+01  0.1322E+02  0.1322E+02
  0.1835E+00  0.1111E+02  0.2224E+01  0.1300E+02  0.1300E+02
  0.1844E+00  0.1044E+02  0.2206E+01  0.1278E+02  0.1278E+02
  0.1854E+00  0.1497E+02  0.2219E+01  0.1257E+02  0.1257E+02
  0.1863E+00  0.1453E+02  0.2197E+01  0.1237E+02  0.1237E+02
  0.1872E+00  0.8490E+01  0.2191E+01  0.1217E+02  0.1217E+02
  0.1882E+00  0.1068E+02  0.2182E+01  0.1197E+02  0.1197E+02
  0.1891E+00  0.1076E+02  0.2144E+01  0.1178E+02  0.1178E+02
  0.1900E+00  0.1528E+02  0.2160E+01  0.1160E+02  0.1160E+02
  0.1909E+00  0.1211E+02  0.2100E+01  0.1142E+02  0.1142E+02
  0.1919E+00  0.1148E+02  0.2156E+01  0.1124E+02  0.1124E+02
  0.1928E+00  0.9280E+01  0.2112E+01  0.1107E+02  0.1107E+02
  0.1937E+00  0.1344E+02  0.2176E+01  0.1090E+02  0.1090E+02
  0.1947E+00  0.1489E+02  0.2238E+01  0.1073E+02  0.1073E+02
  0.1956E+00  0.9710E+01  0.2164E+01  0.1058E+02  0.1058E+02
  0.1965E+00  0.8880E+01  0.2167E+01  0.1042E+02  0.1042E+02
  0.1974E+00  0.1330E+02  0.2135E+01  0.1027E+02  0.1027E+02
  0.1984E+00  0.1125E+02  0.2173E+01  0.1012E+02  0.1012E+02
  0.1993E+00  0.8180E+01  0.2176E+01  0.9980E+01  0.9980E+01
  0.2002E+00  0.9320E+01  0.2115E+01  0.9842E+01  0.9842E+01
  0.2012E+00  0.1075E+02  0.2121E+01  0.9707E+01  0.9707E+01
  0.2021E+00  0.8240E+01  0.2112E+01  0.9577E+01  0.9577E+01
  0.2030E+00  0.1262E+02  0.2155E+01  0.9451E+01  0.9451E+01
  0.2040E+00  0.9650E+01  0.2121E+01  0.9329E+01  0.9329E+01
  0.2049E+00  0.7500E+01  0.2101E+01  0.9211E+01  0.9211E+01
  0.2058E+00  0.8960E+01  0.2101E+01  0.9097E+01  0.9097E+01
  0.2067E+00  0.8500E+01  0.2100E+01  0.8987E+01  0.8987E+01
  0.2077E+00  0.6970E+01  0.2119E+01  0.8881E+01  0.8881E+01
  0.2086E+00  0.8460E+01  0.2083E+01  0.8780E+01  0.8780E+01
  0.2095E+00  0.8380E+01  0.2102E+01  0.8681E+01  0.8681E+01
  0.2105E+00  0.5210E+01  0.2080E+01  0.8587E+01  0.8587E+01
  0.2114E+00  0.6340E+01  0.2049E+01  0.8497E+01  0.8497E+01
  0.2123E+00  0.9220E+01  0.2050E+01  0.8411E+01  0.8411E+01
  0.2133E+00  0.4400E+01  0.2013E+01  0.8328E+01  0.8328E+01
  0.2142E+00  0.7050E+01  0.2031E+01  0.8249E+01  0.8249E+01
  0.2151E+00  0.1091E+02  0.2002E+01  0.8174E+01  0.8174E+01
  0.2160E+00  0.7250E+01  0.2005E+01  0.8102E+01  0.8102E+01
  0.2170E+00  0.5320E+01  0.2027E+01  0.8034E+01  0.8034E+01
  0.2179E+00  0.7920E+01  0.1992E+01  0.7970E+01  0.7970E+01
  0.2188E+00  0.5910E+01  0.2018E+01  0.7909E+01  0.7909E+01
  0.2198E+00  0.6820E+01  0.1975E+01  0.7851E+01  0.7851E+01
  0.2207E+00  0.1190E+02  0.2008E+01  0.7797E+01  0.7797E+01
  0.2216E+00  0.8670E+01  0.1992E+01  0.7746E+01  0.7746E+01
  0.2226E+00  0.2720E+01  0.1951E+01  0.7698E+01  0.7698E+01
  0.2235E+00  0.8230E+01  0.1968E+01  0.7654E+01  0.7654E+01
  0.2244E+00  0.9600E+01  0.1912E+01  0.7612E+01  0.7612E+01
  0.2253E+00  0.9110E+01  0.1948E+01  0.7573E+01  0.7573E+01
  0.2263E+00  0.9890E+01  0.2006E+01  0.7537E+01  0.7537E+01
  0.2272E+00  0.1354E+02  0.1999E+01  0.7504E+01  0.7504E+01
  0.2281E+00  0.9810E+01  0.2036E+01  0.7474E+01  0.7474E+01
  0.2291E+00  0.6920E+01  0.1985E+01  0.7446E+01  0.7446E+01
  0.2300E+00  0.7710E+01  0.2030E+01  0.7421E+01  0.7421E+01
  0.2309E+00  0.5210E+01  0.2064E+01  0.7398E+01  0.7398E+01
  0.2319E+00  0.8650E+01  0.2053E+01  0.7377E+01  0.7377E+01
  0.2328E+00  0.7390E+01  0.2060E+01  0.7359E+01  0.7359E+01
  0.2337E+00  0.5420E+01  0.2068E+01  0.7342E+01  0.7342E+01
  0.2346E+00  0.6330E+01  0.2079E+01  0.7328E+01  0.7328E+01
  0.2356E+00  0.3310E+01  0.2000E+01  0.7315E+01  0.7315E+01
  0.2365E+00  0.5660E+01  0.1997E+01  0.7304E+01  0.7304E+01
  0.2374E+00  0.9140E+01  0.2032E+01  0.7295E+01  0.7295E+01
  0.2384E+00  0.4410E+01  0.2027E+01  0.7287E+01  0.7287E+01
  0.2393E+00  0.5520E+01  0.2029E+01  0.7281E+01  0.7281E+01
  0.2402E+00  0.4230E+01  0.2002E+01  0.7276E+01  0.7276E+01
  0.2411E+00  0.4940E+01  0.2023E+01  0.7273E+01  0.7273E+01
  0.2421E+00  0.7920E+01  0.2065E+01  0.7270E+01  0.7270E+01
  0.2430E+00  0.5900E+01  0.2068E+01  0.7269E+01  0.7269E+01
  0.2439E+00  0.9430E+01  0.2052E+01  0.7268E+01  0.7268E+01
  0.2449E+00  0.8970E+01  0.2023E+01  0.7269E+01  0.7269E+01
  0.2458E+00  0.9310E+01  0.2048E+01  0.7270E+01  0.7270E+01
  0.2467E+00  0.6800E+01  0.2037E+01  0.7271E+01  0.7271E+01
  0.2477E+00  0.7030E+01  0.2035E+01  0.7274E+01  0.7274E+01
  0.2486E+00  0.9760E+01  0.2023E+01  0.7276E+01  0.7276E+01
  0.2495E+00  0.6000E+01  0.2030E+01  0.7280E+01  0.7280E+01
  0.2504E+00  0.9110E+01  0.2053E+01  0.7283E+01  0.7283E+01
  0.2514E+00  0.5990E+01  0.2022E+01  0.7287E+01  0.7287E+01
  0.2523E+00  0.5900E+01  0.2009E+01  0.7291E+01  0.7291E+01
  0.2532E+00  0.8670E+01  0.2010E+01  0.7295E+01  0.7295E+01
  0.2542E+00  0.3970E+01  0.2013E+01  0.7299E+01  0.7299E+01
  0.2551E+00  0.4180E+01  0.2034E+01  0.7303E+01  0.7303E+01
  0.2560E+00  0.5740E+01  0.2000E+01  0.7306E+01  0.7306E+01
  0.2570E+00  0.7390E+01  0.2025E+01  0.7310E+01  0.7310E+01
  0.2579E+00  0.8950E+01  0.2003E+01  0.7314E+01  0.7314E+01
  0.2588E+00  0.7410E+01  0.2065E+01  0.7317E+01  0.7317E+01
  0.2597E+00  0.8110E+01  0.2066E+01  0.7320E+01  0.7320E+01
  0.2607E+00  0.8630E+01  0.2010E+01  0.7322E+01  0.7322E+01
  0.2616E+00  0.1193E+02  0.1996E+01  0.7325E+01  0.7325E+01
  0.2625E+00  0.1024E+02  0.1979E+01  0.7326E+01  0.7326E+01
  0.2635E+00  0.3160E+01  0.1966E+01  0.7328E+01  0.7328E+01
  0.2644E+00  0.6030E+01  0.1966E+01  0.7328E+01  0.7328E+01
  0.2653E+00  0.6810E+01  0.1981E+01  0.7329E+01  0.7329E+01
  0.2662E+00  0.6670E+01  0.2019E+01  0.7329E+01  0.7329E+01
  0.2672E+00  0.7680E+01  0.1983E+01  0.7328E+01  0.7328E+01
  0.2681E+00  0.8130E+01  0.1967E+01  0.7327E+01  0.7327E+01
  0.2690E+00  0.5970E+01  0.1955E+01  0.7325E+01  0.7325E+01
  0.2700E+00  0.4300E+01  0.1986E+01  0.7322E+01  0.7322E+01
  0.2709E+00  0.8460E+01  0.1972E+01  0.7319E+01  0.7319E+01
  0.2718E+00  0.7210E+01  0.1962E+01  0.7316E+01  0.7316E+01
  0.2728E+00  0.7100E+01  0.2012E+01  0.7311E+01  0.7311E+01
  0.2737E+00  0.9200E+01  0.1988E+01  0.7307E+01  0.7307E+01
  0.2746E+00  0.5840E+01  0.2012E+01  0.7301E+01  0.7301E+01
  0.2755E+00  0.4530E+01  0.2012E+01  0.7295E+01  0.7295E+01
  0.2765E+00  0.6170E+01  0.1987E+01  0.7289E+01  0.7289E+01
  0.2774E+00  0.7000E+01  0.2036E+01  0.7281E+01  0.7281E+01
  0.2783E+00  0.8060E+01  0.1977E+01  0.7274E+01  0.7274E+01
  0.2793E+00  0.1073E+02  0.2021E+01  0.7265E+01  0.7265E+01
  0.2802E+00  0.1102E+02  0.1994E+01  0.7256E+01  0.7256E+01
  0.2811E+00  0.9080E+01  0.1970E+01  0.7247E+01  0.7247E+01
  0.2821E+00  0.6830E+01  0.2071E+01  0.7237E+01  0.7237E+01
  0.2830E+00  0.7390E+01  0.2036E+01  0.7226E+01  0.7226E+01
  0.2839E+00  0.7010E+01  0.2078E+01  0.7215E+01  0.7215E+01
  0.2848E+00  0.7230E+01  0.2047E+01  0.7204E+01  0.7204E+01
  0.2858E+00  0.1281E+02  0.2090E+01  0.7192E+01  0.7192E+01
  0.2867E+00  0.7200E+01  0.2121E+01  0.7180E+01  0.7180E+01
  0.2876E+00  0.6600E+01  0.2108E+01  0.7167E+01  0.7167E+01
  0.2886E+00  0.1218E+02  0.2158E+01  0.7153E+01  0.7153E+01
  0.2895E+00  0.1209E+02  0.2157E+01  0.7140E+01  0.7140E+01
  0.2904E+00  0.5310E+01  0.2261E+01  0.7125E+01  0.7125E+01
  0.2914E+00  0.5930E+01  0.2188E+01  0.7111E+01  0.7111E+01
  0.2923E+00  0.2780E+01  0.2166E+01  0.7096E+01  0.7096E+01
  0.2932E+00  0.8150E+01  0.2247E+01  0.7081E+01  0.7081E+01
  0.2941E+00  0.8600E+01  0.2186E+01  0.7065E+01  0.7065E+01
  0.2951E+00  0.7070E+01  0.2240E+01  0.7049E+01  0.7049E+01
  0.2960E+00  0.6460E+01  0.2304E+01  0.7032E+01  0.7032E+01
  0.2969E+00  0.5820E+01  0.2230E+01  0.7016E+01  0.7016E+01
  0.2979E+00  0.2340E+01  0.2405E+01  0.6999E+01  0.6999E+01
  0.2988E+00  0.1720E+01  0.2268E+01  0.6981E+01  0.6981E+01
  0.2997E+00  0.8510E+01  0.2314E+01  0.6963E+01  0.6963E+01
  0.3007E+00  0.6900E+01  0.2371E+01  0.6945E+01  0.6945E+01
  0.3016E+00  0.5370E+01  0.2341E+01  0.6927E+01  0.6927E+01
  0.3025E+00  0.7120E+01  0.2363E+01  0.6909E+01  0.6909E+01
  0.3034E+00  0.8500E+01  0.2345E+01  0.6890E+01  0.6890E+01
  0.3044E+00  0.7510E+01  0.2553E+01  0.6870E+01  0.6870E+01
  0.3053E+00  0.7000E+01  0.2700E+01  0.6851E+01  0.6851E+01
  0.3062E+00  0.6250E+01  0.2363E+01  0.6831E+01  0.6831E+01
  0.3072E+00  0.7600E+01  0.2334E+01  0.6811E+01  0.6811E+01
  0.3081E+00  0.4850E+01  0.2328E+01  0.6791E+01  0.6791E+01
  0.3090E+00  0.1110E+02  0.2431E+01  0.6770E+01  0.6770E+01
  0.3099E+00  0.9630E+01  0.2376E+01  0.6749E+01  0.6749E+01
  0.3109E+00  0.5130E+01  0.2412E+01  0.6728E+01  0.6728E+01
  0.3118E+00  0.9520E+01  0.2398E+01  0.6707E+01  0.6707E+01
  0.3127E+00  0.2490E+01  0.2470E+01  0.6685E+01  0.6685E+01
  0.3137E+00  0.3730E+01  0.2522E+01  0.6663E+01  0.6663E+01
  0.3146E+00  0.8930E+01  0.2483E+01  0.6641E+01  0.6641E+01
  0.3155E+00  0.2230E+01  0.2523E+01  0.6619E+01  0.6619E+01
  0.3165E+00  0.1238E+02  0.2561E+01  0.6596E+01  0.6596E+01
  0.3174E+00  0.9800E+01  0.2588E+01  0.6573E+01  0.6573E+01
  0.3183E+00  0.1210E+01  0.2535E+01  0.6550E+01  0.6550E+01
  0.3192E+00  0.7460E+01  0.2512E+01  0.6526E+01  0.6526E+01
  0.3202E+00  0.8820E+01  0.2555E+01  0.6502E+01  0.6502E+01
  0.3211E+00  0.7690E+01  0.2509E+01  0.6478E+01  0.6478E+01
  0.3220E+00  0.4790E+01  0.2558E+01  0.6454E+01  0.6454E+01
  0.3230E+00  0.4620E+01  0.2593E+01  0.6429E+01  0.6429E+01
  0.3239E+00  0.2200E+00  0.2554E+01  0.6405E+01  0.6405E+01
  0.3248E+00  0.8210E+01  0.2707E+01  0.6380E+01  0.6380E+01
  0.3258E+00  0.3730E+01  0.2599E+01  0.6354E+01  0.6354E+01
  0.3267E+00  0.3790E+01  0.2578E+01  0.6329E+01  0.6329E+01
  0.3276E+00  0.1125E+02  0.2604E+01  0.6303E+01  0.6303E+01
  0.3285E+00  0.9930E+01  0.2627E+01  0.6277E+01  0.6277E+01
  0.3295E+00  0.9820E+01  0.2706E+01  0.6251E+01  0.6251E+01
  0.3304E+00  0.1150E+02  0.2700E+01  0.6224E+01  0.6224E+01
  0.3313E+00  0.6270E+01  0.2668E+01  0.6198E+01  0.6198E+01
  0.3323E+00  0.1620E+01  0.2652E+01  0.6171E+01  0.6171E+01
  0.3332E+00  0.7610E+01  0.2721E+01  0.6144E+01  0.6144E+01
  0.3341E+00  0.6830E+01  0.2740E+01  0.6117E+01  0.6117E+01
  0.3351E+00  0.5900E+01  0.2730E+01  0.6090E+01  0.6090E+01
  0.3360E+00  0.5990E+01  0.2748E+01  0.6062E+01  0.6062E+01
  0.3369E+00  0.9580E+01  0.2747E+01  0.6034E+01  0.6034E+01
  0.3378E+00  0.9230E+01  0.2718E+01  0.6007E+01  0.6007E+01
  0.3388E+00  0.9280E+01  0.2665E+01  0.5979E+01  0.5979E+01
  0.3397E+00  0.7100E+01  0.2713E+01  0.5951E+01  0.5951E+01
  0.3406E+00  0.3240E+01  0.2780E+01  0.5923E+01  0.5923E+01

           Distance distribution  function of particle  


       R          P(R)      ERROR

  0.0000E+00  0.0000E+00  0.0000E+00
  0.8873E+00  0.4832E-01  0.1668E-02
  0.1775E+01  0.9486E-01  0.2672E-02
  0.2662E+01  0.1399E+00  0.3072E-02
  0.3549E+01  0.1839E+00  0.2965E-02
  0.4437E+01  0.2275E+00  0.2498E-02
  0.5324E+01  0.2712E+00  0.1914E-02
  0.6211E+01  0.3159E+00  0.1677E-02
  0.7098E+01  0.3622E+00  0.2144E-02
  0.7986E+01  0.4107E+00  0.2971E-02
  0.8873E+01  0.4620E+00  0.3793E-02
  0.9760E+01  0.5162E+00  0.4439E-02
  0.1065E+02  0.5737E+00  0.4830E-02
  0.1153E+02  0.6341E+00  0.4943E-02
  0.1242E+02  0.6972E+00  0.4804E-02
  0.1331E+02  0.7624E+00  0.4486E-02
  0.1420E+02  0.8290E+00  0.4118E-02
  0.1508E+02  0.8958E+00  0.3871E-02
  0.1597E+02  0.9619E+00  0.3899E-02
  0.1686E+02  0.1026E+01  0.4228E-02
  0.1775E+02  0.1087E+01  0.4747E-02
  0.1863E+02  0.1144E+01  0.5302E-02
  0.1952E+02  0.1195E+01  0.5774E-02
  0.2041E+02  0.1240E+01  0.6096E-02
  0.2130E+02  0.1278E+01  0.6248E-02
  0.2218E+02  0.1308E+01  0.6254E-02
  0.2307E+02  0.1331E+01  0.6171E-02
  0.2396E+02  0.1345E+01  0.6081E-02
  0.2484E+02  0.1351E+01  0.6062E-02
  0.2573E+02  0.1350E+01  0.6162E-02
  0.2662E+02  0.1342E+01  0.6375E-02
  0.2751E+02  0.1328E+01  0.6646E-02
  0.2839E+02  0.1308E+01  0.6901E-02
  0.2928E+02  0.1283E+01  0.7071E-02
  0.3017E+02  0.1255E+01  0.7115E-02
  0.3106E+02  0.1224E+01  0.7023E-02
  0.3194E+02  0.1191E+01  0.6824E-02
  0.3283E+02  0.1156E+01  0.6581E-02
  0.3372E+02  0.1121E+01  0.6380E-02
  0.3460E+02  0.1085E+01  0.6307E-02
  0.3549E+02  0.1050E+01  0.6411E-02
  0.3638E+02  0.1015E+01  0.6679E-02
  0.3727E+02  0.9800E+00  0.7048E-02
  0.3815E+02  0.9458E+00  0.7431E-02
  0.3904E+02  0.9120E+00  0.7753E-02
  0.3993E+02  0.8785E+00  0.7963E-02
  0.4082E+02  0.8452E+00  0.8044E-02
  0.4170E+02  0.8119E+00  0.8011E-02
  0.4259E+02  0.7786E+00  0.7907E-02
  0.4348E+02  0.7451E+00  0.7793E-02
  0.4437E+02  0.7113E+00  0.7734E-02
  0.4525E+02  0.6773E+00  0.7777E-02
  0.4614E+02  0.6430E+00  0.7936E-02
  0.4703E+02  0.6086E+00  0.8194E-02
  0.4791E+02  0.5742E+00  0.8509E-02
  0.4880E+02  0.5399E+00  0.8837E-02
  0.4969E+02  0.5059E+00  0.9148E-02
  0.5058E+02  0.4724E+00  0.9430E-02
  0.5146E+02  0.4395E+00  0.9693E-02
  0.5235E+02  0.4076E+00  0.9959E-02
  0.5324E+02  0.3767E+00  0.1025E-01
  0.5413E+02  0.3470E+00  0.1059E-01
  0.5501E+02  0.3186E+00  0.1098E-01
  0.5590E+02  0.2917E+00  0.1138E-01
  0.5679E+02  0.2663E+00  0.1176E-01
  0.5767E+02  0.2426E+00  0.1208E-01
  0.5856E+02  0.2205E+00  0.1230E-01
  0.5945E+02  0.2000E+00  0.1239E-01
  0.6034E+02  0.1812E+00  0.1236E-01
  0.6122E+02  0.1641E+00  0.1221E-01
  0.6211E+02  0.1486E+00  0.1198E-01
  0.6300E+02  0.1347E+00  0.1173E-01
  0.6389E+02  0.1224E+00  0.1151E-01
  0.6477E+02  0.1115E+00  0.1136E-01
  0.6566E+02  0.1019E+00  0.1133E-01
  0.6655E+02  0.9359E-01  0.1141E-01
  0.6743E+02  0.8643E-01  0.1158E-01
  0.6832E+02  0.8027E-01  0.1181E-01
  0.6921E+02  0.7496E-01  0.1204E-01
  0.7010E+02  0.7038E-01  0.1225E-01
  0.7098E+02  0.6635E-01  0.1242E-01
  0.7187E+02  0.6274E-01  0.1253E-01
  0.7276E+02  0.5942E-01  0.1261E-01
  0.7365E+02  0.5627E-01  0.1266E-01
  0.7453E+02  0.5319E-01  0.1272E-01
  0.7542E+02  0.5012E-01  0.1280E-01
  0.7631E+02  0.4701E-01  0.1291E-01
  0.7720E+02  0.4387E-01  0.1305E-01
  0.7808E+02  0.4069E-01  0.1322E-01
  0.7897E+02  0.3751E-01  0.1338E-01
  0.7986E+02  0.3437E-01  0.1350E-01
  0.8074E+02  0.3132E-01  0.1354E-01
  0.8163E+02  0.2838E-01  0.1346E-01
  0.8252E+02  0.2558E-01  0.1319E-01
  0.8341E+02  0.2288E-01  0.1267E-01
  0.8429E+02  0.2020E-01  0.1183E-01
  0.8518E+02  0.1741E-01  0.1059E-01
  0.8607E+02  0.1431E-01  0.8876E-02
  0.8696E+02  0.1061E-01  0.6594E-02
  0.8784E+02  0.5984E-02  0.3663E-02
  0.8873E+02  0.0000E+00  0.0000E+00
          Reciprocal space: Rg =   24.28     , I(0) =   0.5936E+03
     Real space: Rg =   24.29 +- 0.172  I(0) =   0.5936E+03 +-  0.2481E+01
