
           ####    G N O M   ---   Version 4.5a revised 09/02/02     ####

                                                  Sat Nov  4 16:51:54 2017
           ===    Run No   1   ===
 Run title:  0.0003414 0 0


  Number of points omitted at the end:         250
 Standard deviations are estimated by polynomial smoothing

   *******   Working Directory :
   *******    Input file(s) : 25533_02D_S102_0_01.sub
           Condition P(rmin) = 0 is used. 
           Condition P(rmax) = 0 is used. 

          Experimental conditions for the first run
          -----------------------------------------

          Highest ALPHA is found to be   0.4841E+02

  The measure of inconsistency AN1 equals to    0.1055E+01

          Warning: using the chosen range in the real space 
             it is not possible to fit the data set within the
             given error band. 
     Alpha    Discrp  Oscill  Stabil  Sysdev  Positv  Valcen    Total   
  0.4841E+05 35.8099  1.2461  0.9343  0.0000  1.0000  0.8410  0.00001
  0.9681E+04 29.7183  1.2555  0.7604  0.0000  1.0000  0.8386  0.00001
  0.1936E+04 16.9168  1.2972  0.3817  0.2532  1.0000  0.8278  0.00001
  0.3873E+03  7.2873  1.4345  0.1454  0.2722  1.0000  0.7949  0.00001
  0.7745E+02  2.9190  1.6645  0.1014  0.3101  1.0000  0.7498  0.00001
  0.1549E+02  1.1936  1.8245  0.0395  0.5190  1.0000  0.7271  0.52973
  0.3098E+01  0.8239  1.9036  0.0148  0.6203  1.0000  0.7187  0.55942
  0.6196E+00  0.7819  1.9399  0.0080  0.6962  1.0000  0.7150  0.49653
  0.1239E+00  0.7760  1.9726  0.0185  0.7089  0.9999  0.7122  0.35732
  0.2478E-01  0.7714  2.1054  0.0370  0.7215  0.9997  0.7071  0.10000
  0.4957E-02  0.7665  2.7387  0.0930  0.7215  0.9985  0.6933  0.10000
  0.9914E-03  0.7604  4.7729  0.1161  0.7342  0.9884  0.6646  0.10000
  0.1983E-03  0.7582  6.5338  0.0737  0.7215  0.9742  0.6394  0.10000
  0.3965E-04  0.7576  8.6231  0.1827  0.7215  0.9586  0.6216  0.10000
  0.7931E-05  0.7570 14.0970  0.4599  0.7089  0.9175  0.5555  0.10000
  0.1586E-05  0.7559 19.2039  0.8818  0.7089  0.8101  0.3387  0.10000
  0.3172E-06  0.7532 19.3533  0.6042  0.7342  0.7386  0.2791  0.10000
  0.6345E-07  0.7502 21.3930  0.8219  0.7342  0.7180  0.2697  0.10000
  0.1269E-07  0.7434 19.0730  0.9238  0.7342  0.7126  0.2832  0.10000
  0.2538E-08  0.7273 18.1645  0.5930  0.7342  0.7074  0.2878  0.10000
  0.5076E-09  0.7124 20.3654  0.4306  0.7595  0.7015  0.2899  0.10000
  0.1015E-09  0.6913 27.2173  0.8010  0.7405  0.7128  0.2562  0.10000
  0.2030E-10  0.6316 30.8051  0.6572  0.7532  0.7264  0.2665  0.10000
  0.4061E-11  0.5234 36.7617  0.5366  0.7658  0.7244  0.3240  0.10000
  0.8121E-12  0.3699 42.6401  0.4931  0.7532  0.7224  0.3238  0.10000
  0.1624E-12  0.1917 46.7744  0.3177  0.7785  0.7215  0.2870  0.10000
  0.3248E-13  0.0651 49.6801  0.1380  0.7722  0.7194  0.2890  0.10000
  0.6497E-14  0.0156 50.8228  0.0372  0.8101  0.7197  0.2862  0.10000
  0.1299E-14  0.0033 51.1013  0.0080  0.8228  0.7199  0.2855  0.10000
  0.2599E-15  0.0007 51.1595  0.0016  0.8228  0.7200  0.2853  0.10000
  0.5198E-16  0.0001 51.1712  0.0003  0.8228  0.7200  0.2853  0.10000

          ***  Golden section search to maximize estimate ***
     Alpha    Discrp  Oscill  Stabil  Sysdev  Positv  Valcen    Total   
  0.1675E+01  0.7961  1.9210  0.0105  0.6962  1.0000  0.7170  0.59946
  0.1146E+01  0.7882  1.9293  0.0088  0.7215  1.0000  0.7161  0.57269
  0.2119E+01  0.8039  1.9150  0.0119  0.6709  1.0000  0.7176  0.58170
  0.1449E+01  0.7925  1.9244  0.0098  0.7089  1.0000  0.7166  0.59066
  0.1833E+01  0.7987  1.9188  0.0110  0.6962  1.0000  0.7172  0.59530
  0.1585E+01  0.7946  1.9224  0.0102  0.6962  1.0000  0.7168  0.59454
  0.1734E+01  0.7971  1.9202  0.0107  0.6962  1.0000  0.7170  0.59804
  0.1640E+01  0.7955  1.9216  0.0104  0.6962  1.0000  0.7169  0.59760
  0.1697E+01  0.7965  1.9207  0.0106  0.6962  1.0000  0.7170  0.59911
  0.1662E+01  0.7959  1.9212  0.0105  0.6962  1.0000  0.7169  0.59875
  0.1684E+01  0.7962  1.9209  0.0105  0.6962  1.0000  0.7170  0.59953
  0.1689E+01  0.7963  1.9209  0.0106  0.6962  1.0000  0.7170  0.59937
  0.1681E+01  0.7962  1.9210  0.0105  0.6962  1.0000  0.7170  0.59962
  0.1679E+01  0.7961  1.9210  0.0105  0.6962  1.0000  0.7170  0.59963
  0.1677E+01  0.7961  1.9210  0.0105  0.6962  1.0000  0.7170  0.59956
  0.1679E+01  0.7962  1.9210  0.0105  0.6962  1.0000  0.7170  0.59966
  0.1679E+01  0.7962  1.9210  0.0105  0.6962  1.0000  0.7170  0.59966



             ####            Final results            ####

 Parameter    DISCRP    OSCILL    STABIL    SYSDEV    POSITV    VALCEN
 Weight        1.000     3.000     3.000     4.000     1.000     1.000
 Sigma         0.500     0.600     0.120     0.200     0.120     0.120
 Ideal         1.000     1.100     0.000     1.000     1.000     0.950
 Current       0.796     1.921     0.011     0.696     1.000     0.717
                - - - - - - - - - - - - - - - - - - - - - - - - - 
 Estimate      0.847     0.154     0.992     0.100     1.000     0.023

  Angular   range    :     from    0.0068   to    0.3007
  Real space range   :     from      0.00   to    115.70

  Highest ALPHA (theor) :   0.484E+05                 JOB = 0
  Current ALPHA         :   0.168E+01   Rg :  0.268E+02   I(0) :   0.493E+03

           Total  estimate : 0.600  which is  A REASONABLE  solution

      S          J EXP       ERROR       J REG       I REG

  0.0000E+00                                      0.4933E+03
  0.9785E-03                                      0.4932E+03
  0.1957E-02                                      0.4928E+03
  0.2936E-02                                      0.4923E+03
  0.3914E-02                                      0.4915E+03
  0.4893E-02                                      0.4905E+03
  0.5871E-02                                      0.4892E+03
  0.6850E-02  0.4951E+03  0.7761E+02  0.4878E+03  0.4878E+03
  0.7779E-02  0.6154E+03  0.1074E+03  0.4862E+03  0.4862E+03
  0.8709E-02  0.6059E+03  0.6181E+02  0.4844E+03  0.4844E+03
  0.9639E-02  0.5542E+03  0.3605E+02  0.4825E+03  0.4825E+03
  0.1057E-01  0.5545E+03  0.2704E+02  0.4803E+03  0.4803E+03
  0.1150E-01  0.4972E+03  0.2266E+02  0.4780E+03  0.4780E+03
  0.1243E-01  0.5049E+03  0.1952E+02  0.4755E+03  0.4755E+03
  0.1336E-01  0.4826E+03  0.1610E+02  0.4728E+03  0.4728E+03
  0.1429E-01  0.4924E+03  0.1279E+02  0.4700E+03  0.4700E+03
  0.1522E-01  0.4871E+03  0.1123E+02  0.4670E+03  0.4670E+03
  0.1615E-01  0.4706E+03  0.9813E+01  0.4638E+03  0.4638E+03
  0.1708E-01  0.4663E+03  0.9810E+01  0.4605E+03  0.4605E+03
  0.1801E-01  0.4600E+03  0.8571E+01  0.4570E+03  0.4570E+03
  0.1894E-01  0.4575E+03  0.8467E+01  0.4534E+03  0.4534E+03
  0.1987E-01  0.4470E+03  0.7735E+01  0.4496E+03  0.4496E+03
  0.2080E-01  0.4393E+03  0.7514E+01  0.4458E+03  0.4458E+03
  0.2173E-01  0.4409E+03  0.7600E+01  0.4418E+03  0.4418E+03
  0.2266E-01  0.4475E+03  0.7767E+01  0.4376E+03  0.4376E+03
  0.2359E-01  0.4419E+03  0.6804E+01  0.4334E+03  0.4334E+03
  0.2451E-01  0.4213E+03  0.6220E+01  0.4291E+03  0.4291E+03
  0.2544E-01  0.4197E+03  0.6122E+01  0.4246E+03  0.4246E+03
  0.2637E-01  0.4136E+03  0.5897E+01  0.4201E+03  0.4201E+03
  0.2730E-01  0.4067E+03  0.5350E+01  0.4155E+03  0.4155E+03
  0.2823E-01  0.4064E+03  0.5179E+01  0.4108E+03  0.4108E+03
  0.2916E-01  0.4074E+03  0.4893E+01  0.4060E+03  0.4060E+03
  0.3009E-01  0.3991E+03  0.4901E+01  0.4012E+03  0.4012E+03
  0.3102E-01  0.4029E+03  0.4741E+01  0.3963E+03  0.3963E+03
  0.3195E-01  0.3883E+03  0.4760E+01  0.3913E+03  0.3913E+03
  0.3288E-01  0.3792E+03  0.4806E+01  0.3863E+03  0.3863E+03
  0.3381E-01  0.3759E+03  0.4829E+01  0.3813E+03  0.3813E+03
  0.3474E-01  0.3705E+03  0.4646E+01  0.3762E+03  0.3762E+03
  0.3567E-01  0.3676E+03  0.4350E+01  0.3711E+03  0.3711E+03
  0.3660E-01  0.3652E+03  0.4490E+01  0.3659E+03  0.3659E+03
  0.3753E-01  0.3569E+03  0.4366E+01  0.3607E+03  0.3607E+03
  0.3846E-01  0.3484E+03  0.4176E+01  0.3555E+03  0.3555E+03
  0.3939E-01  0.3410E+03  0.4246E+01  0.3503E+03  0.3503E+03
  0.4032E-01  0.3450E+03  0.3994E+01  0.3451E+03  0.3451E+03
  0.4125E-01  0.3371E+03  0.4077E+01  0.3399E+03  0.3399E+03
  0.4218E-01  0.3370E+03  0.3996E+01  0.3347E+03  0.3347E+03
  0.4311E-01  0.3342E+03  0.3801E+01  0.3295E+03  0.3295E+03
  0.4404E-01  0.3214E+03  0.3988E+01  0.3243E+03  0.3243E+03
  0.4497E-01  0.3199E+03  0.3831E+01  0.3191E+03  0.3191E+03
  0.4590E-01  0.3138E+03  0.3915E+01  0.3139E+03  0.3139E+03
  0.4683E-01  0.3147E+03  0.3742E+01  0.3088E+03  0.3088E+03
  0.4776E-01  0.3010E+03  0.3618E+01  0.3036E+03  0.3036E+03
  0.4869E-01  0.2924E+03  0.3664E+01  0.2985E+03  0.2985E+03
  0.4962E-01  0.2983E+03  0.3615E+01  0.2934E+03  0.2934E+03
  0.5055E-01  0.2905E+03  0.3603E+01  0.2884E+03  0.2884E+03
  0.5148E-01  0.2933E+03  0.3470E+01  0.2834E+03  0.2834E+03
  0.5241E-01  0.2857E+03  0.3506E+01  0.2784E+03  0.2784E+03
  0.5334E-01  0.2772E+03  0.3491E+01  0.2734E+03  0.2734E+03
  0.5427E-01  0.2708E+03  0.3435E+01  0.2685E+03  0.2685E+03
  0.5520E-01  0.2729E+03  0.3417E+01  0.2636E+03  0.2636E+03
  0.5613E-01  0.2630E+03  0.3381E+01  0.2588E+03  0.2588E+03
  0.5706E-01  0.2612E+03  0.3396E+01  0.2540E+03  0.2540E+03
  0.5799E-01  0.2537E+03  0.3359E+01  0.2493E+03  0.2493E+03
  0.5892E-01  0.2461E+03  0.3273E+01  0.2446E+03  0.2446E+03
  0.5985E-01  0.2393E+03  0.3292E+01  0.2399E+03  0.2399E+03
  0.6078E-01  0.2388E+03  0.3201E+01  0.2353E+03  0.2353E+03
  0.6170E-01  0.2308E+03  0.3255E+01  0.2307E+03  0.2307E+03
  0.6263E-01  0.2268E+03  0.3167E+01  0.2262E+03  0.2262E+03
  0.6356E-01  0.2221E+03  0.3056E+01  0.2218E+03  0.2218E+03
  0.6449E-01  0.2170E+03  0.3134E+01  0.2173E+03  0.2173E+03
  0.6542E-01  0.2140E+03  0.3015E+01  0.2130E+03  0.2130E+03
  0.6635E-01  0.2052E+03  0.3037E+01  0.2086E+03  0.2086E+03
  0.6728E-01  0.1997E+03  0.2934E+01  0.2044E+03  0.2044E+03
  0.6821E-01  0.2019E+03  0.3030E+01  0.2001E+03  0.2001E+03
  0.6914E-01  0.2020E+03  0.3138E+01  0.1960E+03  0.1960E+03
  0.7007E-01  0.1964E+03  0.3174E+01  0.1919E+03  0.1919E+03
  0.7100E-01  0.1892E+03  0.3024E+01  0.1878E+03  0.1878E+03
  0.7193E-01  0.1747E+03  0.2927E+01  0.1838E+03  0.1838E+03
  0.7286E-01  0.1785E+03  0.2940E+01  0.1798E+03  0.1798E+03
  0.7379E-01  0.1745E+03  0.2831E+01  0.1759E+03  0.1759E+03
  0.7472E-01  0.1706E+03  0.2853E+01  0.1720E+03  0.1720E+03
  0.7565E-01  0.1610E+03  0.2881E+01  0.1682E+03  0.1682E+03
  0.7658E-01  0.1627E+03  0.2810E+01  0.1644E+03  0.1644E+03
  0.7751E-01  0.1536E+03  0.2827E+01  0.1607E+03  0.1607E+03
  0.7844E-01  0.1524E+03  0.2694E+01  0.1571E+03  0.1571E+03
  0.7937E-01  0.1491E+03  0.2714E+01  0.1535E+03  0.1535E+03
  0.8030E-01  0.1479E+03  0.2748E+01  0.1499E+03  0.1499E+03
  0.8123E-01  0.1468E+03  0.2713E+01  0.1464E+03  0.1464E+03
  0.8216E-01  0.1431E+03  0.2710E+01  0.1430E+03  0.1430E+03
  0.8309E-01  0.1396E+03  0.2728E+01  0.1396E+03  0.1396E+03
  0.8402E-01  0.1391E+03  0.2758E+01  0.1362E+03  0.1362E+03
  0.8495E-01  0.1386E+03  0.2700E+01  0.1329E+03  0.1329E+03
  0.8588E-01  0.1295E+03  0.2639E+01  0.1297E+03  0.1297E+03
  0.8681E-01  0.1325E+03  0.2603E+01  0.1265E+03  0.1265E+03
  0.8774E-01  0.1296E+03  0.2560E+01  0.1234E+03  0.1234E+03
  0.8867E-01  0.1265E+03  0.2635E+01  0.1203E+03  0.1203E+03
  0.8960E-01  0.1136E+03  0.2541E+01  0.1173E+03  0.1173E+03
  0.9053E-01  0.1088E+03  0.2557E+01  0.1144E+03  0.1144E+03
  0.9146E-01  0.1118E+03  0.2541E+01  0.1115E+03  0.1115E+03
  0.9239E-01  0.1079E+03  0.2488E+01  0.1086E+03  0.1086E+03
  0.9332E-01  0.1099E+03  0.2546E+01  0.1058E+03  0.1058E+03
  0.9425E-01  0.1061E+03  0.2495E+01  0.1031E+03  0.1031E+03
  0.9518E-01  0.1049E+03  0.2527E+01  0.1004E+03  0.1004E+03
  0.9611E-01  0.1050E+03  0.2505E+01  0.9779E+02  0.9779E+02
  0.9704E-01  0.9313E+02  0.2476E+01  0.9522E+02  0.9522E+02
  0.9797E-01  0.9386E+02  0.2517E+01  0.9272E+02  0.9272E+02
  0.9890E-01  0.9428E+02  0.2433E+01  0.9027E+02  0.9027E+02
  0.9982E-01  0.8663E+02  0.2450E+01  0.8787E+02  0.8787E+02
  0.1008E+00  0.8995E+02  0.2401E+01  0.8554E+02  0.8554E+02
  0.1017E+00  0.8504E+02  0.2376E+01  0.8326E+02  0.8326E+02
  0.1026E+00  0.8078E+02  0.2342E+01  0.8104E+02  0.8104E+02
  0.1035E+00  0.7638E+02  0.2313E+01  0.7887E+02  0.7887E+02
  0.1045E+00  0.7403E+02  0.2331E+01  0.7676E+02  0.7676E+02
  0.1054E+00  0.7499E+02  0.2295E+01  0.7471E+02  0.7471E+02
  0.1063E+00  0.7422E+02  0.2333E+01  0.7271E+02  0.7271E+02
  0.1073E+00  0.7530E+02  0.2327E+01  0.7076E+02  0.7076E+02
  0.1082E+00  0.7194E+02  0.2272E+01  0.6887E+02  0.6887E+02
  0.1091E+00  0.6668E+02  0.2304E+01  0.6703E+02  0.6703E+02
  0.1101E+00  0.6416E+02  0.2252E+01  0.6525E+02  0.6525E+02
  0.1110E+00  0.6215E+02  0.2286E+01  0.6352E+02  0.6352E+02
  0.1119E+00  0.6204E+02  0.2286E+01  0.6183E+02  0.6183E+02
  0.1128E+00  0.5562E+02  0.2251E+01  0.6021E+02  0.6021E+02
  0.1138E+00  0.5330E+02  0.2256E+01  0.5862E+02  0.5862E+02
  0.1147E+00  0.5763E+02  0.2191E+01  0.5709E+02  0.5709E+02
  0.1156E+00  0.5839E+02  0.2214E+01  0.5561E+02  0.5561E+02
  0.1166E+00  0.5634E+02  0.2166E+01  0.5417E+02  0.5417E+02
  0.1175E+00  0.5010E+02  0.2198E+01  0.5278E+02  0.5278E+02
  0.1184E+00  0.4737E+02  0.2151E+01  0.5143E+02  0.5143E+02
  0.1193E+00  0.5170E+02  0.2135E+01  0.5013E+02  0.5013E+02
  0.1203E+00  0.4847E+02  0.2155E+01  0.4887E+02  0.4887E+02
  0.1212E+00  0.4684E+02  0.2136E+01  0.4765E+02  0.4765E+02
  0.1221E+00  0.4575E+02  0.2144E+01  0.4647E+02  0.4647E+02
  0.1231E+00  0.4279E+02  0.2116E+01  0.4532E+02  0.4532E+02
  0.1240E+00  0.4335E+02  0.2129E+01  0.4422E+02  0.4422E+02
  0.1249E+00  0.4201E+02  0.2135E+01  0.4315E+02  0.4315E+02
  0.1259E+00  0.4504E+02  0.2054E+01  0.4212E+02  0.4212E+02
  0.1268E+00  0.4188E+02  0.2098E+01  0.4112E+02  0.4112E+02
  0.1277E+00  0.3684E+02  0.2130E+01  0.4015E+02  0.4015E+02
  0.1286E+00  0.3470E+02  0.2124E+01  0.3922E+02  0.3922E+02
  0.1296E+00  0.3122E+02  0.2092E+01  0.3831E+02  0.3831E+02
  0.1305E+00  0.3119E+02  0.2076E+01  0.3743E+02  0.3743E+02
  0.1314E+00  0.3759E+02  0.2108E+01  0.3658E+02  0.3658E+02
  0.1324E+00  0.3813E+02  0.2061E+01  0.3576E+02  0.3576E+02
  0.1333E+00  0.3575E+02  0.2083E+01  0.3496E+02  0.3496E+02
  0.1342E+00  0.3490E+02  0.2081E+01  0.3418E+02  0.3418E+02
  0.1352E+00  0.3875E+02  0.2053E+01  0.3343E+02  0.3343E+02
  0.1361E+00  0.3375E+02  0.2119E+01  0.3270E+02  0.3270E+02
  0.1370E+00  0.2950E+02  0.2063E+01  0.3199E+02  0.3199E+02
  0.1379E+00  0.2987E+02  0.2120E+01  0.3130E+02  0.3130E+02
  0.1389E+00  0.3171E+02  0.2020E+01  0.3063E+02  0.3063E+02
  0.1398E+00  0.2859E+02  0.1998E+01  0.2997E+02  0.2997E+02
  0.1407E+00  0.3040E+02  0.2014E+01  0.2934E+02  0.2934E+02
  0.1417E+00  0.3516E+02  0.1962E+01  0.2872E+02  0.2872E+02
  0.1426E+00  0.3288E+02  0.1981E+01  0.2811E+02  0.2811E+02
  0.1435E+00  0.3048E+02  0.2371E+01  0.2752E+02  0.2752E+02
  0.1445E+00  0.2716E+02  0.2120E+01  0.2695E+02  0.2695E+02
  0.1454E+00  0.2778E+02  0.1988E+01  0.2638E+02  0.2638E+02
  0.1463E+00  0.2672E+02  0.1962E+01  0.2583E+02  0.2583E+02
  0.1472E+00  0.2575E+02  0.1991E+01  0.2530E+02  0.2530E+02
  0.1482E+00  0.2769E+02  0.1965E+01  0.2477E+02  0.2477E+02
  0.1491E+00  0.1994E+02  0.2010E+01  0.2426E+02  0.2426E+02
  0.1500E+00  0.2161E+02  0.1996E+01  0.2376E+02  0.2376E+02
  0.1510E+00  0.2363E+02  0.1982E+01  0.2327E+02  0.2327E+02
  0.1519E+00  0.2401E+02  0.2005E+01  0.2279E+02  0.2279E+02
  0.1528E+00  0.1928E+02  0.1939E+01  0.2232E+02  0.2232E+02
  0.1538E+00  0.2124E+02  0.1967E+01  0.2186E+02  0.2186E+02
  0.1547E+00  0.2157E+02  0.1938E+01  0.2141E+02  0.2141E+02
  0.1556E+00  0.2156E+02  0.1934E+01  0.2097E+02  0.2097E+02
  0.1565E+00  0.2092E+02  0.1932E+01  0.2053E+02  0.2053E+02
  0.1575E+00  0.1888E+02  0.1894E+01  0.2011E+02  0.2011E+02
  0.1584E+00  0.1860E+02  0.1906E+01  0.1970E+02  0.1970E+02
  0.1593E+00  0.2131E+02  0.1869E+01  0.1930E+02  0.1930E+02
  0.1603E+00  0.1796E+02  0.1885E+01  0.1890E+02  0.1890E+02
  0.1612E+00  0.1639E+02  0.1855E+01  0.1852E+02  0.1852E+02
  0.1621E+00  0.1483E+02  0.1834E+01  0.1815E+02  0.1815E+02
  0.1630E+00  0.1601E+02  0.1881E+01  0.1778E+02  0.1778E+02
  0.1640E+00  0.1705E+02  0.1861E+01  0.1742E+02  0.1742E+02
  0.1649E+00  0.1707E+02  0.1871E+01  0.1708E+02  0.1708E+02
  0.1658E+00  0.2011E+02  0.1843E+01  0.1674E+02  0.1674E+02
  0.1668E+00  0.1663E+02  0.1917E+01  0.1641E+02  0.1641E+02
  0.1677E+00  0.1521E+02  0.1924E+01  0.1609E+02  0.1609E+02
  0.1686E+00  0.1406E+02  0.1873E+01  0.1578E+02  0.1578E+02
  0.1696E+00  0.1332E+02  0.1909E+01  0.1548E+02  0.1548E+02
  0.1705E+00  0.1570E+02  0.1873E+01  0.1518E+02  0.1518E+02
  0.1714E+00  0.1393E+02  0.1891E+01  0.1490E+02  0.1490E+02
  0.1723E+00  0.1171E+02  0.1885E+01  0.1463E+02  0.1463E+02
  0.1733E+00  0.8080E+01  0.1839E+01  0.1436E+02  0.1436E+02
  0.1742E+00  0.1479E+02  0.1869E+01  0.1411E+02  0.1411E+02
  0.1751E+00  0.1257E+02  0.1814E+01  0.1386E+02  0.1386E+02
  0.1761E+00  0.1562E+02  0.1836E+01  0.1362E+02  0.1362E+02
  0.1770E+00  0.1501E+02  0.1802E+01  0.1339E+02  0.1339E+02
  0.1779E+00  0.1628E+02  0.1792E+01  0.1317E+02  0.1317E+02
  0.1789E+00  0.1855E+02  0.1795E+01  0.1296E+02  0.1296E+02
  0.1798E+00  0.1674E+02  0.1778E+01  0.1276E+02  0.1276E+02
  0.1807E+00  0.1294E+02  0.1803E+01  0.1256E+02  0.1256E+02
  0.1816E+00  0.1049E+02  0.1776E+01  0.1238E+02  0.1238E+02
  0.1826E+00  0.1285E+02  0.1811E+01  0.1220E+02  0.1220E+02
  0.1835E+00  0.7940E+01  0.1801E+01  0.1203E+02  0.1203E+02
  0.1844E+00  0.1095E+02  0.1771E+01  0.1186E+02  0.1186E+02
  0.1854E+00  0.7230E+01  0.1777E+01  0.1171E+02  0.1171E+02
  0.1863E+00  0.1028E+02  0.1758E+01  0.1156E+02  0.1156E+02
  0.1872E+00  0.9040E+01  0.1765E+01  0.1141E+02  0.1141E+02
  0.1882E+00  0.1018E+02  0.1765E+01  0.1128E+02  0.1128E+02
  0.1891E+00  0.1066E+02  0.1717E+01  0.1115E+02  0.1115E+02
  0.1900E+00  0.1107E+02  0.1727E+01  0.1103E+02  0.1103E+02
  0.1909E+00  0.8220E+01  0.1695E+01  0.1091E+02  0.1091E+02
  0.1919E+00  0.9090E+01  0.1737E+01  0.1080E+02  0.1080E+02
  0.1928E+00  0.1233E+02  0.1713E+01  0.1069E+02  0.1069E+02
  0.1937E+00  0.1313E+02  0.1721E+01  0.1059E+02  0.1059E+02
  0.1947E+00  0.8470E+01  0.1762E+01  0.1050E+02  0.1050E+02
  0.1956E+00  0.1192E+02  0.1749E+01  0.1041E+02  0.1041E+02
  0.1965E+00  0.1134E+02  0.1753E+01  0.1032E+02  0.1032E+02
  0.1974E+00  0.1021E+02  0.1724E+01  0.1024E+02  0.1024E+02
  0.1984E+00  0.5550E+01  0.1758E+01  0.1016E+02  0.1016E+02
  0.1993E+00  0.8070E+01  0.1777E+01  0.1008E+02  0.1008E+02
  0.2002E+00  0.1171E+02  0.1707E+01  0.1001E+02  0.1001E+02
  0.2012E+00  0.1199E+02  0.1724E+01  0.9944E+01  0.9944E+01
  0.2021E+00  0.1410E+02  0.1696E+01  0.9880E+01  0.9880E+01
  0.2030E+00  0.1175E+02  0.1725E+01  0.9818E+01  0.9818E+01
  0.2040E+00  0.9650E+01  0.1691E+01  0.9758E+01  0.9758E+01
  0.2049E+00  0.5500E+01  0.1696E+01  0.9702E+01  0.9702E+01
  0.2058E+00  0.9500E+01  0.1695E+01  0.9648E+01  0.9648E+01
  0.2067E+00  0.1173E+02  0.1682E+01  0.9596E+01  0.9596E+01
  0.2077E+00  0.9950E+01  0.1699E+01  0.9546E+01  0.9546E+01
  0.2086E+00  0.5050E+01  0.1669E+01  0.9498E+01  0.9498E+01
  0.2095E+00  0.5890E+01  0.1710E+01  0.9452E+01  0.9452E+01
  0.2105E+00  0.1147E+02  0.1671E+01  0.9408E+01  0.9408E+01
  0.2114E+00  0.8700E+01  0.1651E+01  0.9365E+01  0.9365E+01
  0.2123E+00  0.6020E+01  0.1645E+01  0.9324E+01  0.9324E+01
  0.2133E+00  0.6980E+01  0.1609E+01  0.9285E+01  0.9285E+01
  0.2142E+00  0.8790E+01  0.1630E+01  0.9246E+01  0.9246E+01
  0.2151E+00  0.7920E+01  0.1633E+01  0.9210E+01  0.9210E+01
  0.2160E+00  0.6990E+01  0.1612E+01  0.9174E+01  0.9174E+01
  0.2170E+00  0.1173E+02  0.1614E+01  0.9140E+01  0.9140E+01
  0.2179E+00  0.1012E+02  0.1594E+01  0.9107E+01  0.9107E+01
  0.2188E+00  0.1084E+02  0.1607E+01  0.9075E+01  0.9075E+01
  0.2198E+00  0.1292E+02  0.1589E+01  0.9045E+01  0.9045E+01
  0.2207E+00  0.1074E+02  0.1598E+01  0.9015E+01  0.9015E+01
  0.2216E+00  0.1093E+02  0.1597E+01  0.8987E+01  0.8987E+01
  0.2226E+00  0.8450E+01  0.1580E+01  0.8960E+01  0.8960E+01
  0.2235E+00  0.7750E+01  0.1622E+01  0.8934E+01  0.8934E+01
  0.2244E+00  0.6660E+01  0.1545E+01  0.8909E+01  0.8909E+01
  0.2253E+00  0.1205E+02  0.1572E+01  0.8885E+01  0.8885E+01
  0.2263E+00  0.1171E+02  0.1613E+01  0.8862E+01  0.8862E+01
  0.2272E+00  0.8440E+01  0.1646E+01  0.8841E+01  0.8841E+01
  0.2281E+00  0.6510E+01  0.1634E+01  0.8821E+01  0.8821E+01
  0.2291E+00  0.7060E+01  0.1609E+01  0.8801E+01  0.8801E+01
  0.2300E+00  0.7920E+01  0.1655E+01  0.8783E+01  0.8783E+01
  0.2309E+00  0.4950E+01  0.1662E+01  0.8766E+01  0.8766E+01
  0.2319E+00  0.7630E+01  0.1650E+01  0.8749E+01  0.8749E+01
  0.2328E+00  0.8560E+01  0.1665E+01  0.8734E+01  0.8734E+01
  0.2337E+00  0.5500E+01  0.1631E+01  0.8720E+01  0.8720E+01
  0.2346E+00  0.8390E+01  0.1647E+01  0.8707E+01  0.8707E+01
  0.2356E+00  0.7060E+01  0.1613E+01  0.8694E+01  0.8694E+01
  0.2365E+00  0.7040E+01  0.1622E+01  0.8683E+01  0.8683E+01
  0.2374E+00  0.9680E+01  0.1625E+01  0.8672E+01  0.8672E+01
  0.2384E+00  0.5920E+01  0.1616E+01  0.8663E+01  0.8663E+01
  0.2393E+00  0.7470E+01  0.1634E+01  0.8654E+01  0.8654E+01
  0.2402E+00  0.7310E+01  0.1608E+01  0.8645E+01  0.8645E+01
  0.2411E+00  0.1015E+02  0.1618E+01  0.8638E+01  0.8638E+01
  0.2421E+00  0.1401E+02  0.1655E+01  0.8630E+01  0.8630E+01
  0.2430E+00  0.1290E+02  0.1653E+01  0.8623E+01  0.8623E+01
  0.2439E+00  0.9430E+01  0.1656E+01  0.8617E+01  0.8617E+01
  0.2449E+00  0.8660E+01  0.1631E+01  0.8611E+01  0.8611E+01
  0.2458E+00  0.9750E+01  0.1696E+01  0.8605E+01  0.8605E+01
  0.2467E+00  0.7470E+01  0.1874E+01  0.8599E+01  0.8599E+01
  0.2477E+00  0.5070E+01  0.1730E+01  0.8594E+01  0.8594E+01
  0.2486E+00  0.8160E+01  0.1634E+01  0.8588E+01  0.8588E+01
  0.2495E+00  0.8690E+01  0.1620E+01  0.8582E+01  0.8582E+01
  0.2504E+00  0.8800E+01  0.1640E+01  0.8576E+01  0.8576E+01
  0.2514E+00  0.7900E+01  0.1615E+01  0.8570E+01  0.8570E+01
  0.2523E+00  0.9780E+01  0.1645E+01  0.8564E+01  0.8564E+01
  0.2532E+00  0.8360E+01  0.1619E+01  0.8557E+01  0.8557E+01
  0.2542E+00  0.8430E+01  0.1648E+01  0.8549E+01  0.8549E+01
  0.2551E+00  0.6570E+01  0.1641E+01  0.8541E+01  0.8541E+01
  0.2560E+00  0.8330E+01  0.1633E+01  0.8533E+01  0.8533E+01
  0.2570E+00  0.1128E+02  0.1638E+01  0.8523E+01  0.8523E+01
  0.2579E+00  0.6670E+01  0.1619E+01  0.8513E+01  0.8513E+01
  0.2588E+00  0.7660E+01  0.1640E+01  0.8502E+01  0.8502E+01
  0.2597E+00  0.4900E+01  0.1631E+01  0.8490E+01  0.8490E+01
  0.2607E+00  0.9580E+01  0.1606E+01  0.8477E+01  0.8477E+01
  0.2616E+00  0.8790E+01  0.1610E+01  0.8463E+01  0.8463E+01
  0.2625E+00  0.1259E+02  0.1591E+01  0.8447E+01  0.8447E+01
  0.2635E+00  0.1112E+02  0.1590E+01  0.8431E+01  0.8431E+01
  0.2644E+00  0.1058E+02  0.1599E+01  0.8414E+01  0.8414E+01
  0.2653E+00  0.1312E+02  0.1600E+01  0.8395E+01  0.8395E+01
  0.2662E+00  0.8370E+01  0.1637E+01  0.8376E+01  0.8376E+01
  0.2672E+00  0.6420E+01  0.1583E+01  0.8355E+01  0.8355E+01
  0.2681E+00  0.1058E+02  0.1596E+01  0.8333E+01  0.8333E+01
  0.2690E+00  0.8210E+01  0.1581E+01  0.8310E+01  0.8310E+01
  0.2700E+00  0.1186E+02  0.1607E+01  0.8285E+01  0.8285E+01
  0.2709E+00  0.8660E+01  0.1611E+01  0.8260E+01  0.8260E+01
  0.2718E+00  0.8190E+01  0.1603E+01  0.8233E+01  0.8233E+01
  0.2728E+00  0.8450E+01  0.1618E+01  0.8205E+01  0.8205E+01
  0.2737E+00  0.7830E+01  0.1595E+01  0.8176E+01  0.8176E+01
  0.2746E+00  0.9640E+01  0.1638E+01  0.8146E+01  0.8146E+01
  0.2755E+00  0.5930E+01  0.1628E+01  0.8115E+01  0.8115E+01
  0.2765E+00  0.6190E+01  0.1607E+01  0.8083E+01  0.8083E+01
  0.2774E+00  0.8670E+01  0.1637E+01  0.8050E+01  0.8050E+01
  0.2783E+00  0.9210E+01  0.1609E+01  0.8016E+01  0.8016E+01
  0.2793E+00  0.8040E+01  0.1604E+01  0.7981E+01  0.7981E+01
  0.2802E+00  0.6870E+01  0.1598E+01  0.7946E+01  0.7946E+01
  0.2811E+00  0.8700E+01  0.1599E+01  0.7909E+01  0.7909E+01
  0.2821E+00  0.7530E+01  0.1644E+01  0.7872E+01  0.7872E+01
  0.2830E+00  0.7120E+01  0.1628E+01  0.7835E+01  0.7835E+01
  0.2839E+00  0.7810E+01  0.1648E+01  0.7797E+01  0.7797E+01
  0.2848E+00  0.9670E+01  0.1681E+01  0.7758E+01  0.7758E+01
  0.2858E+00  0.5560E+01  0.1671E+01  0.7719E+01  0.7719E+01
  0.2867E+00  0.5630E+01  0.1703E+01  0.7679E+01  0.7679E+01
  0.2876E+00  0.3420E+01  0.1685E+01  0.7639E+01  0.7639E+01
  0.2886E+00  0.5590E+01  0.1747E+01  0.7599E+01  0.7599E+01
  0.2895E+00  0.8510E+01  0.1718E+01  0.7559E+01  0.7559E+01
  0.2904E+00  0.1123E+02  0.1768E+01  0.7518E+01  0.7518E+01
  0.2914E+00  0.1127E+02  0.1802E+01  0.7477E+01  0.7477E+01
  0.2923E+00  0.8230E+01  0.1746E+01  0.7437E+01  0.7437E+01
  0.2932E+00  0.8540E+01  0.1843E+01  0.7396E+01  0.7396E+01
  0.2941E+00  0.7720E+01  0.1771E+01  0.7355E+01  0.7355E+01
  0.2951E+00  0.8560E+01  0.1810E+01  0.7314E+01  0.7314E+01
  0.2960E+00  0.8410E+01  0.1804E+01  0.7273E+01  0.7273E+01
  0.2969E+00  0.6990E+01  0.1802E+01  0.7233E+01  0.7233E+01
  0.2979E+00  0.6380E+01  0.1859E+01  0.7192E+01  0.7192E+01
  0.2988E+00  0.9720E+01  0.1812E+01  0.7152E+01  0.7152E+01
  0.2997E+00  0.1069E+02  0.1874E+01  0.7112E+01  0.7112E+01
  0.3007E+00  0.1061E+02  0.1893E+01  0.7072E+01  0.7072E+01

           Distance distribution  function of particle  


       R          P(R)      ERROR

  0.0000E+00  0.0000E+00  0.0000E+00
  0.1157E+01  0.5824E-01  0.1351E-02
  0.2314E+01  0.1133E+00  0.2083E-02
  0.3471E+01  0.1655E+00  0.2268E-02
  0.4628E+01  0.2157E+00  0.2033E-02
  0.5785E+01  0.2647E+00  0.1588E-02
  0.6942E+01  0.3135E+00  0.1329E-02
  0.8099E+01  0.3629E+00  0.1658E-02
  0.9256E+01  0.4138E+00  0.2322E-02
  0.1041E+02  0.4668E+00  0.2967E-02
  0.1157E+02  0.5223E+00  0.3426E-02
  0.1273E+02  0.5800E+00  0.3634E-02
  0.1388E+02  0.6397E+00  0.3593E-02
  0.1504E+02  0.7005E+00  0.3368E-02
  0.1620E+02  0.7614E+00  0.3091E-02
  0.1736E+02  0.8209E+00  0.2950E-02
  0.1851E+02  0.8775E+00  0.3095E-02
  0.1967E+02  0.9296E+00  0.3501E-02
  0.2083E+02  0.9755E+00  0.4014E-02
  0.2198E+02  0.1014E+01  0.4478E-02
  0.2314E+02  0.1044E+01  0.4791E-02
  0.2430E+02  0.1064E+01  0.4908E-02
  0.2545E+02  0.1074E+01  0.4833E-02
  0.2661E+02  0.1074E+01  0.4617E-02
  0.2777E+02  0.1065E+01  0.4347E-02
  0.2893E+02  0.1047E+01  0.4130E-02
  0.3008E+02  0.1020E+01  0.4056E-02
  0.3124E+02  0.9876E+00  0.4149E-02
  0.3240E+02  0.9497E+00  0.4358E-02
  0.3355E+02  0.9082E+00  0.4600E-02
  0.3471E+02  0.8646E+00  0.4807E-02
  0.3587E+02  0.8202E+00  0.4948E-02
  0.3702E+02  0.7761E+00  0.5028E-02
  0.3818E+02  0.7333E+00  0.5083E-02
  0.3934E+02  0.6924E+00  0.5154E-02
  0.4050E+02  0.6538E+00  0.5269E-02
  0.4165E+02  0.6176E+00  0.5429E-02
  0.4281E+02  0.5838E+00  0.5607E-02
  0.4397E+02  0.5519E+00  0.5765E-02
  0.4512E+02  0.5218E+00  0.5875E-02
  0.4628E+02  0.4928E+00  0.5932E-02
  0.4744E+02  0.4647E+00  0.5958E-02
  0.4859E+02  0.4370E+00  0.6000E-02
  0.4975E+02  0.4095E+00  0.6111E-02
  0.5091E+02  0.3819E+00  0.6328E-02
  0.5206E+02  0.3543E+00  0.6649E-02
  0.5322E+02  0.3266E+00  0.7037E-02
  0.5438E+02  0.2991E+00  0.7431E-02
  0.5554E+02  0.2721E+00  0.7772E-02
  0.5669E+02  0.2457E+00  0.8016E-02
  0.5785E+02  0.2204E+00  0.8141E-02
  0.5901E+02  0.1966E+00  0.8152E-02
  0.6016E+02  0.1744E+00  0.8074E-02
  0.6132E+02  0.1541E+00  0.7950E-02
  0.6248E+02  0.1358E+00  0.7826E-02
  0.6364E+02  0.1197E+00  0.7739E-02
  0.6479E+02  0.1056E+00  0.7712E-02
  0.6595E+02  0.9364E-01  0.7748E-02
  0.6711E+02  0.8351E-01  0.7836E-02
  0.6826E+02  0.7510E-01  0.7960E-02
  0.6942E+02  0.6818E-01  0.8107E-02
  0.7058E+02  0.6255E-01  0.8273E-02
  0.7173E+02  0.5802E-01  0.8456E-02
  0.7289E+02  0.5440E-01  0.8651E-02
  0.7405E+02  0.5155E-01  0.8852E-02
  0.7520E+02  0.4933E-01  0.9040E-02
  0.7636E+02  0.4766E-01  0.9194E-02
  0.7752E+02  0.4649E-01  0.9290E-02
  0.7868E+02  0.4576E-01  0.9311E-02
  0.7983E+02  0.4545E-01  0.9248E-02
  0.8099E+02  0.4554E-01  0.9106E-02
  0.8215E+02  0.4600E-01  0.8900E-02
  0.8330E+02  0.4681E-01  0.8654E-02
  0.8446E+02  0.4791E-01  0.8395E-02
  0.8562E+02  0.4924E-01  0.8151E-02
  0.8678E+02  0.5073E-01  0.7943E-02
  0.8793E+02  0.5228E-01  0.7790E-02
  0.8909E+02  0.5379E-01  0.7706E-02
  0.9025E+02  0.5516E-01  0.7709E-02
  0.9140E+02  0.5626E-01  0.7815E-02
  0.9256E+02  0.5699E-01  0.8037E-02
  0.9372E+02  0.5723E-01  0.8377E-02
  0.9487E+02  0.5690E-01  0.8819E-02
  0.9603E+02  0.5593E-01  0.9330E-02
  0.9719E+02  0.5425E-01  0.9862E-02
  0.9834E+02  0.5185E-01  0.1036E-01
  0.9950E+02  0.4872E-01  0.1079E-01
  0.1007E+03  0.4492E-01  0.1110E-01
  0.1018E+03  0.4051E-01  0.1127E-01
  0.1030E+03  0.3560E-01  0.1132E-01
  0.1041E+03  0.3034E-01  0.1123E-01
  0.1053E+03  0.2490E-01  0.1104E-01
  0.1064E+03  0.1948E-01  0.1076E-01
  0.1076E+03  0.1429E-01  0.1039E-01
  0.1088E+03  0.9554E-02  0.9902E-02
  0.1099E+03  0.5474E-02  0.9239E-02
  0.1111E+03  0.2242E-02  0.8320E-02
  0.1122E+03  0.1016E-04  0.7043E-02
  0.1134E+03 -0.1121E-02  0.5300E-02
  0.1145E+03 -0.1113E-02  0.2984E-02
  0.1157E+03  0.0000E+00  0.0000E+00
          Reciprocal space: Rg =   26.79     , I(0) =   0.4933E+03
     Real space: Rg =   26.84 +- 0.380  I(0) =   0.4933E+03 +-  0.2733E+01
