
           ####    G N O M   ---   Version 4.5a revised 09/02/02     ####

                                                  Sat Nov  4 16:51:50 2017
           ===    Run No   1   ===
 Run title:  0.000357376 0 0


  Number of points omitted at the end:         465
   *******   Working Directory :
   *******    Input file(s) : 25533_01D_S020_0_01.sub
           Condition P(rmin) = 0 is used. 
           Condition P(rmax) = 0 is used. 

 Warning: Dmax*Smin =  5.988   is greater than Pi !


          Experimental conditions for the first run
          -----------------------------------------

          Highest ALPHA is found to be   0.8340E-01

  The measure of inconsistency AN1 equals to    0.5752E+00
     Alpha    Discrp  Oscill  Stabil  Sysdev  Positv  Valcen    Total   
  0.8340E+02  1.7890  2.7339  0.9893  0.3516  1.0000  0.6583  0.17425
  0.1668E+02  1.7869  2.7361  0.9860  0.3516  1.0000  0.6582  0.17438
  0.3336E+01  1.7763  2.7473  0.9700  0.3516  1.0000  0.6579  0.17499
  0.6672E+00  1.7282  2.8040  0.8954  0.3516  1.0000  0.6564  0.17841
  0.1334E+00  1.5631  3.0973  0.6268  0.3736  1.0000  0.6486  0.19767
  0.2669E-01  1.2650  4.5689  0.3474  0.5055  1.0000  0.6114  0.27945
  0.5338E-02  0.9624  7.2136  0.4334  0.7253  0.9790  0.5758  0.41688
  0.1068E-02  0.8018  6.5054  0.5312  0.9011  0.9506  0.7670  0.50079
  0.2135E-03  0.7400  4.1568  0.5637  0.9890  0.9902  0.9341  0.10000
  0.4270E-04  0.7138  2.7849  0.4105  0.9890  0.9990  0.9226  0.10000
  0.8541E-05  0.7034  2.4425  0.1771  0.9451  0.9999  0.8973  0.10000
  0.1708E-05  0.7016  2.4531  0.0507  1.0330  1.0000  0.8875  0.10000
  0.3416E-06  0.7008  3.3505  0.1116  0.9890  0.9998  0.8810  0.10000
  0.6833E-07  0.6983  9.1666  0.4683  1.0330  0.9771  0.8221  0.10000
  0.1367E-07  0.6907 16.3537  0.6857  1.0330  0.8381  0.3747  0.10000
  0.2733E-08  0.6808 18.0668  0.4100  1.0330  0.7278  0.2743  0.10000
  0.5466E-09  0.6743 20.1726  0.7649  0.9451  0.6874  0.2460  0.10000
  0.1093E-09  0.6635 18.6752  0.6457  0.9011  0.6897  0.2535  0.10000
  0.2186E-10  0.6550 18.1989  0.2450  0.9011  0.6921  0.2613  0.10000
  0.4373E-11  0.6533 19.5049  0.2082  0.9451  0.6917  0.2453  0.10000
  0.8746E-12  0.6527 24.2508  0.5215  0.9451  0.6958  0.1681  0.10000
  0.1749E-12  0.6517 26.4149  0.9183  0.9451  0.7120  0.1643  0.10000
  0.3498E-13  0.6486 23.4339  0.9566  0.9451  0.7086  0.3098  0.10000
  0.6996E-14  0.6378 23.3004  0.7985  0.9451  0.7067  0.3402  0.10000
  0.1399E-14  0.6109 25.3099  0.7034  0.9890  0.6996  0.3493  0.10000
  0.2799E-15  0.5533 27.8651  0.6967  0.9890  0.6890  0.3660  0.10000
  0.5597E-16  0.4506 28.6699  0.5814  0.9670  0.7079  0.3582  0.00000

          ***  Golden section search to maximize estimate ***
     Alpha    Discrp  Oscill  Stabil  Sysdev  Positv  Valcen    Total   
  0.1974E-02  0.8460  7.1650  0.4613  0.8132  0.9447  0.6760  0.37595
  0.8066E-04  0.7220  3.1617  0.4924  0.9890  0.9976  0.9345  0.10000
  0.1350E-02  0.8168  6.8016  0.5076  0.8132  0.9461  0.7330  0.36747
  0.3980E-03  0.7573  5.0260  0.5722  0.9451  0.9782  0.8677  0.43879
  0.1168E-02  0.8073  6.6238  0.5228  0.8571  0.9486  0.7543  0.41068
  0.7324E-03  0.7817  5.9593  0.5567  0.9451  0.9609  0.8149  0.56523
  0.5802E-03  0.7713  5.6016  0.5657  0.9011  0.9679  0.8389  0.52399
  0.8458E-03  0.7889  6.1750  0.5487  0.9011  0.9567  0.7979  0.53041
  0.6700E-03  0.7776  5.8234  0.5606  0.9451  0.9636  0.8246  0.56391
  0.7738E-03  0.7844  6.0424  0.5539  0.9451  0.9593  0.8086  0.54985
  0.7079E-03  0.7801  5.9076  0.5583  0.9451  0.9619  0.8187  0.57534
  0.6932E-03  0.7791  5.8755  0.5592  0.9451  0.9625  0.8210  0.57339
  0.7172E-03  0.7807  5.9274  0.5577  0.9451  0.9615  0.8173  0.57142
  0.7023E-03  0.7797  5.8953  0.5586  0.9451  0.9621  0.8196  0.57700
  0.6988E-03  0.7795  5.8878  0.5589  0.9451  0.9623  0.8201  0.57562
  0.7023E-03  0.7797  5.8953  0.5586  0.9451  0.9621  0.8196  0.57700



             ####            Final results            ####

 Parameter    DISCRP    OSCILL    STABIL    SYSDEV    POSITV    VALCEN
 Weight        1.000     3.000     3.000     4.000     1.000     1.000
 Sigma         0.500     0.600     0.120     0.200     0.120     0.120
 Ideal         1.000     1.100     0.000     1.000     1.000     0.950
 Current       0.780     5.895     0.559     0.945     0.962     0.820
                - - - - - - - - - - - - - - - - - - - - - - - - - 
 Estimate      0.824     0.000     0.000     1.000     0.905     0.307

  Angular   range    :     from    0.0152   to    0.0999
  Real space range   :     from      0.00   to    393.00

  Highest ALPHA (theor) :   0.834E+02                 JOB = 0
  Current ALPHA         :   0.702E-03   Rg :  0.137E+03   I(0) :   0.186E+01

           Total  estimate : 0.577  which is  A REASONABLE  solution

      S          J EXP       ERROR       J REG       I REG

  0.0000E+00                                      0.1861E+01
  0.9522E-03                                      0.1851E+01
  0.1904E-02                                      0.1820E+01
  0.2857E-02                                      0.1769E+01
  0.3809E-02                                      0.1700E+01
  0.4761E-02                                      0.1614E+01
  0.5713E-02                                      0.1513E+01
  0.6666E-02                                      0.1399E+01
  0.7618E-02                                      0.1276E+01
  0.8570E-02                                      0.1146E+01
  0.9522E-02                                      0.1011E+01
  0.1047E-01                                      0.8765E+00
  0.1143E-01                                      0.7440E+00
  0.1238E-01                                      0.6169E+00
  0.1333E-01                                      0.4980E+00
  0.1428E-01                                      0.3897E+00
  0.1524E-01  0.1300E+00  0.8786E+00  0.2941E+00  0.2941E+00
  0.1617E-01  0.4640E+00  0.7759E+00  0.2146E+00  0.2146E+00
  0.1710E-01  0.6340E+00  0.7252E+00  0.1497E+00  0.1497E+00
  0.1803E-01  0.2440E+00  0.6221E+00  0.9986E-01  0.9986E-01
  0.1896E-01  0.3450E+00  0.5668E+00  0.6519E-01  0.6519E-01
  0.1989E-01  0.3390E+00  0.5348E+00  0.4515E-01  0.4515E-01
  0.2081E-01 -0.4810E+00  0.4916E+00  0.3877E-01  0.3877E-01
  0.2174E-01 -0.1099E+01  0.4670E+00  0.4467E-01  0.4467E-01
  0.2267E-01 -0.2650E+00  0.4357E+00  0.6114E-01  0.6114E-01
  0.2360E-01  0.1170E+00  0.4072E+00  0.8622E-01  0.8622E-01
  0.2453E-01  0.2000E+00  0.4055E+00  0.1178E+00  0.1178E+00
  0.2546E-01  0.8540E+00  0.3832E+00  0.1536E+00  0.1536E+00
  0.2639E-01  0.3600E-01  0.3714E+00  0.1917E+00  0.1917E+00
  0.2732E-01 -0.2300E+00  0.3408E+00  0.2299E+00  0.2299E+00
  0.2825E-01  0.1410E+00  0.3217E+00  0.2664E+00  0.2664E+00
  0.2918E-01  0.3150E+00  0.3180E+00  0.2998E+00  0.2998E+00
  0.3011E-01  0.8490E+00  0.3139E+00  0.3289E+00  0.3289E+00
  0.3104E-01  0.5240E+00  0.3121E+00  0.3528E+00  0.3528E+00
  0.3197E-01  0.5120E+00  0.2992E+00  0.3710E+00  0.3710E+00
  0.3290E-01  0.2010E+00  0.2897E+00  0.3835E+00  0.3835E+00
  0.3383E-01  0.5530E+00  0.2926E+00  0.3903E+00  0.3903E+00
  0.3476E-01  0.4400E+00  0.2975E+00  0.3920E+00  0.3920E+00
  0.3569E-01  0.1410E+00  0.2843E+00  0.3892E+00  0.3892E+00
  0.3662E-01 -0.6800E-01  0.2755E+00  0.3827E+00  0.3827E+00
  0.3755E-01  0.7195E+00  0.2852E+00  0.3735E+00  0.3735E+00
  0.3848E-01  0.5670E+00  0.2740E+00  0.3625E+00  0.3625E+00
  0.3941E-01  0.1973E+00  0.2619E+00  0.3506E+00  0.3506E+00
  0.4034E-01  0.2143E+00  0.2576E+00  0.3385E+00  0.3385E+00
  0.4127E-01  0.3840E+00  0.2637E+00  0.3271E+00  0.3271E+00
  0.4220E-01  0.7222E+00  0.2631E+00  0.3168E+00  0.3168E+00
  0.4313E-01  0.7076E+00  0.2574E+00  0.3081E+00  0.3081E+00
  0.4406E-01  0.3261E+00  0.2462E+00  0.3011E+00  0.3011E+00
  0.4499E-01 -0.1347E+00  0.2513E+00  0.2961E+00  0.2961E+00
  0.4592E-01  0.1553E+00  0.2573E+00  0.2929E+00  0.2929E+00
  0.4685E-01  0.3601E+00  0.2457E+00  0.2915E+00  0.2915E+00
  0.4778E-01  0.1703E+00  0.2455E+00  0.2918E+00  0.2918E+00
  0.4871E-01  0.2070E-01  0.2298E+00  0.2933E+00  0.2933E+00
  0.4964E-01 -0.1087E+00  0.2251E+00  0.2961E+00  0.2961E+00
  0.5057E-01  0.2662E+00  0.2205E+00  0.2998E+00  0.2998E+00
  0.5150E-01  0.2279E+00  0.2179E+00  0.3042E+00  0.3042E+00
  0.5243E-01  0.3257E+00  0.2215E+00  0.3091E+00  0.3091E+00
  0.5336E-01  0.4466E+00  0.2178E+00  0.3146E+00  0.3146E+00
  0.5429E-01 -0.1570E-01  0.6978E+00  0.3204E+00  0.3204E+00
  0.5522E-01  0.3372E+00  0.6548E+00  0.3265E+00  0.3265E+00
  0.5615E-01  0.7232E+00  0.3730E+00  0.3330E+00  0.3330E+00
  0.5708E-01  0.1541E+00  0.2176E+00  0.3396E+00  0.3396E+00
  0.5801E-01  0.2304E+00  0.2108E+00  0.3465E+00  0.3465E+00
  0.5894E-01  0.4570E+00  0.2082E+00  0.3536E+00  0.3536E+00
  0.5987E-01  0.2402E+00  0.2023E+00  0.3607E+00  0.3607E+00
  0.6080E-01  0.4796E+00  0.2036E+00  0.3677E+00  0.3677E+00
  0.6173E-01  0.2198E+00  0.2036E+00  0.3746E+00  0.3746E+00
  0.6266E-01  0.3206E+00  0.2008E+00  0.3812E+00  0.3812E+00
  0.6359E-01  0.3886E+00  0.1966E+00  0.3873E+00  0.3873E+00
  0.6452E-01  0.3885E+00  0.1980E+00  0.3926E+00  0.3926E+00
  0.6545E-01  0.4571E+00  0.1946E+00  0.3971E+00  0.3971E+00
  0.6638E-01  0.3185E+00  0.1912E+00  0.4006E+00  0.4006E+00
  0.6731E-01  0.3148E+00  0.1929E+00  0.4029E+00  0.4029E+00
  0.6824E-01  0.6173E+00  0.1922E+00  0.4039E+00  0.4039E+00
  0.6917E-01  0.8062E+00  0.1923E+00  0.4037E+00  0.4037E+00
  0.7010E-01  0.6810E+00  0.1890E+00  0.4022E+00  0.4022E+00
  0.7103E-01  0.7503E+00  0.1886E+00  0.3994E+00  0.3994E+00
  0.7196E-01  0.4726E+00  0.1891E+00  0.3956E+00  0.3956E+00
  0.7289E-01  0.4001E+00  0.1846E+00  0.3908E+00  0.3908E+00
  0.7382E-01  0.4052E+00  0.1864E+00  0.3852E+00  0.3852E+00
  0.7475E-01  0.4950E+00  0.1819E+00  0.3789E+00  0.3789E+00
  0.7568E-01  0.3503E+00  0.1821E+00  0.3723E+00  0.3723E+00
  0.7661E-01  0.6018E+00  0.1797E+00  0.3654E+00  0.3654E+00
  0.7754E-01  0.3423E+00  0.1795E+00  0.3585E+00  0.3585E+00
  0.7847E-01  0.5951E+00  0.1790E+00  0.3516E+00  0.3516E+00
  0.7940E-01 -0.8260E-01  0.1734E+00  0.3448E+00  0.3448E+00
  0.8033E-01  0.1940E+00  0.1740E+00  0.3383E+00  0.3383E+00
  0.8126E-01  0.3138E+00  0.1740E+00  0.3321E+00  0.3321E+00
  0.8219E-01  0.4640E+00  0.1705E+00  0.3261E+00  0.3261E+00
  0.8312E-01  0.3566E+00  0.1693E+00  0.3203E+00  0.3203E+00
  0.8405E-01  0.2971E+00  0.1708E+00  0.3147E+00  0.3147E+00
  0.8498E-01  0.6457E+00  0.1719E+00  0.3092E+00  0.3092E+00
  0.8591E-01  0.3916E+00  0.1700E+00  0.3038E+00  0.3038E+00
  0.8684E-01  0.2156E+00  0.1654E+00  0.2984E+00  0.2984E+00
  0.8777E-01  0.2033E+00  0.1657E+00  0.2930E+00  0.2930E+00
  0.8870E-01  0.2443E+00  0.1669E+00  0.2875E+00  0.2875E+00
  0.8963E-01  0.4750E+00  0.1633E+00  0.2819E+00  0.2819E+00
  0.9056E-01  0.4199E+00  0.1632E+00  0.2762E+00  0.2762E+00
  0.9149E-01  0.3973E+00  0.1658E+00  0.2704E+00  0.2704E+00
  0.9242E-01  0.1523E+00  0.1621E+00  0.2646E+00  0.2646E+00
  0.9335E-01  0.3350E+00  0.1608E+00  0.2588E+00  0.2588E+00
  0.9428E-01  0.1360E+00  0.1584E+00  0.2531E+00  0.2531E+00
  0.9521E-01  0.2429E+00  0.1581E+00  0.2475E+00  0.2475E+00
  0.9614E-01  0.1442E+00  0.1602E+00  0.2420E+00  0.2420E+00
  0.9707E-01  0.5949E+00  0.1588E+00  0.2368E+00  0.2368E+00
  0.9800E-01  0.1769E+00  0.1571E+00  0.2317E+00  0.2317E+00
  0.9893E-01 -0.1299E+00  0.1563E+00  0.2269E+00  0.2269E+00
  0.9986E-01  0.3945E+00  0.1566E+00  0.2223E+00  0.2223E+00

           Distance distribution  function of particle  


       R          P(R)      ERROR

  0.0000E+00  0.0000E+00  0.0000E+00
  0.5614E+01  0.8264E-03  0.7415E-04
  0.1123E+02  0.1284E-02  0.1020E-03
  0.1684E+02  0.1415E-02  0.1012E-03
  0.2246E+02  0.1281E-02  0.1007E-03
  0.2807E+02  0.9599E-03  0.1223E-03
  0.3369E+02  0.5367E-03  0.1550E-03
  0.3930E+02  0.9270E-04  0.1811E-03
  0.4491E+02 -0.3017E-03  0.1946E-03
  0.5053E+02 -0.5937E-03  0.1998E-03
  0.5614E+02 -0.7527E-03  0.2074E-03
  0.6176E+02 -0.7712E-03  0.2253E-03
  0.6737E+02 -0.6630E-03  0.2521E-03
  0.7299E+02 -0.4587E-03  0.2804E-03
  0.7860E+02 -0.1996E-03  0.3048E-03
  0.8421E+02  0.6965E-04  0.3239E-03
  0.8983E+02  0.3080E-03  0.3401E-03
  0.9544E+02  0.4836E-03  0.3560E-03
  0.1011E+03  0.5781E-03  0.3731E-03
  0.1067E+03  0.5874E-03  0.3912E-03
  0.1123E+03  0.5212E-03  0.4095E-03
  0.1179E+03  0.3999E-03  0.4276E-03
  0.1235E+03  0.2504E-03  0.4457E-03
  0.1291E+03  0.1015E-03  0.4630E-03
  0.1347E+03 -0.2042E-04  0.4784E-03
  0.1404E+03 -0.9519E-04  0.4905E-03
  0.1460E+03 -0.1104E-03  0.4988E-03
  0.1516E+03 -0.6230E-04  0.5046E-03
  0.1572E+03  0.4513E-04  0.5099E-03
  0.1628E+03  0.2018E-03  0.5166E-03
  0.1684E+03  0.3934E-03  0.5252E-03
  0.1740E+03  0.6042E-03  0.5348E-03
  0.1797E+03  0.8181E-03  0.5436E-03
  0.1853E+03  0.1020E-02  0.5500E-03
  0.1909E+03  0.1199E-02  0.5537E-03
  0.1965E+03  0.1343E-02  0.5553E-03
  0.2021E+03  0.1447E-02  0.5561E-03
  0.2077E+03  0.1505E-02  0.5573E-03
  0.2133E+03  0.1518E-02  0.5600E-03
  0.2190E+03  0.1487E-02  0.5641E-03
  0.2246E+03  0.1417E-02  0.5690E-03
  0.2302E+03  0.1317E-02  0.5736E-03
  0.2358E+03  0.1196E-02  0.5766E-03
  0.2414E+03  0.1066E-02  0.5770E-03
  0.2470E+03  0.9379E-03  0.5743E-03
  0.2526E+03  0.8196E-03  0.5681E-03
  0.2583E+03  0.7173E-03  0.5582E-03
  0.2639E+03  0.6329E-03  0.5450E-03
  0.2695E+03  0.5645E-03  0.5293E-03
  0.2751E+03  0.5066E-03  0.5126E-03
  0.2807E+03  0.4520E-03  0.4967E-03
  0.2863E+03  0.3931E-03  0.4836E-03
  0.2919E+03  0.3242E-03  0.4743E-03
  0.2976E+03  0.2425E-03  0.4687E-03
  0.3032E+03  0.1492E-03  0.4659E-03
  0.3088E+03  0.4933E-04  0.4649E-03
  0.3144E+03 -0.4902E-04  0.4646E-03
  0.3200E+03 -0.1364E-03  0.4643E-03
  0.3256E+03 -0.2040E-03  0.4633E-03
  0.3312E+03 -0.2453E-03  0.4602E-03
  0.3369E+03 -0.2576E-03  0.4531E-03
  0.3425E+03 -0.2424E-03  0.4401E-03
  0.3481E+03 -0.2054E-03  0.4194E-03
  0.3537E+03 -0.1552E-03  0.3901E-03
  0.3593E+03 -0.1016E-03  0.3520E-03
  0.3649E+03 -0.5367E-04  0.3056E-03
  0.3705E+03 -0.1814E-04  0.2522E-03
  0.3762E+03  0.1997E-05  0.1934E-03
  0.3818E+03  0.7881E-05  0.1310E-03
  0.3874E+03  0.4562E-05  0.6616E-04
  0.3930E+03  0.0000E+00  0.0000E+00
          Reciprocal space: Rg =  137.26     , I(0) =   0.1862E+01
     Real space: Rg =  135.85 +-75.598  I(0) =   0.1861E+01 +-  0.1253E+01
