
           ####    G N O M   ---   Version 4.5a revised 09/02/02     ####

                                                  Sat Nov  4 16:52:08 2017
           ===    Run No   1   ===
 Run title:  0.010641 16.968633 2.976326


   *******   Working Directory :
   *******    Input file(s) : 25533_C5_4.mccd.dat
           Condition P(rmin) = 0 is used. 
           Condition P(rmax) = 0 is used. 

          Experimental conditions for the first run
          -----------------------------------------

          Highest ALPHA is found to be   0.7908E+01

  The measure of inconsistency AN1 equals to    0.8916E+00
     Alpha    Discrp  Oscill  Stabil  Sysdev  Positv  Valcen    Total   
  0.7908E+04 13.9125  1.1125  0.9118  0.1447  1.0000  0.8762  0.00001
  0.1582E+04 10.7070  1.1014  0.6986  0.4255  1.0000  0.8801  0.00001
  0.3163E+03  5.4292  1.0757  0.3489  0.2383  1.0000  0.8922  0.00001
  0.6326E+02  2.0840  1.0811  0.1201  0.2681  1.0000  0.9090  0.10000
  0.1265E+02  0.8375  1.1417  0.0454  0.6681  1.0000  0.9204  0.50825
  0.2531E+01  0.5442  1.1947  0.0201  0.8298  1.0000  0.9258  0.10000
  0.5061E+00  0.5015  1.2301  0.0130  0.8383  1.0000  0.9272  0.10000
  0.1012E+00  0.4950  1.2580  0.0087  0.8553  1.0000  0.9274  0.10000
  0.2024E-01  0.4935  1.2961  0.0167  0.8468  1.0000  0.9274  0.10000
  0.4049E-02  0.4922  1.4726  0.0354  0.8638  1.0000  0.9267  0.10000
  0.8098E-03  0.4903  2.3684  0.1428  0.8894  1.0000  0.9186  0.10000
  0.1620E-03  0.4860  5.9989  0.3590  0.8979  0.9867  0.8587  0.10000
  0.3239E-04  0.4813  9.3561  0.2516  0.8979  0.9312  0.5853  0.10000
  0.6478E-05  0.4797 11.6767  0.4774  0.9149  0.8729  0.4714  0.10000
  0.1296E-05  0.4778 12.7851  0.7237  0.9234  0.8079  0.3830  0.10000
  0.2591E-06  0.4759 11.7413  0.3881  0.9234  0.7570  0.3667  0.10000
  0.5183E-07  0.4752 10.5364  0.4331  0.9319  0.7371  0.3863  0.10000
  0.1037E-07  0.4745 10.4559  0.6512  0.9319  0.7173  0.3890  0.10000
  0.2073E-08  0.4733 10.8745  0.4984  0.9319  0.7077  0.3882  0.10000
  0.4146E-09  0.4723 11.0947  0.5900  0.9149  0.7069  0.4181  0.10000
  0.8292E-10  0.4698 13.0360  0.8152  0.9234  0.7146  0.4107  0.10000
  0.1658E-10  0.4617 14.4206  0.7435  0.9319  0.7200  0.3920  0.10000
  0.3317E-11  0.4437 16.1656  0.6546  0.9404  0.7176  0.3898  0.10000
  0.6634E-12  0.4101 20.1045  0.5184  0.9149  0.7169  0.4247  0.10000
  0.1327E-12  0.3489 28.6419  0.4975  0.8979  0.7366  0.3791  0.10000
  0.2653E-13  0.2439 37.6707  0.4490  0.9319  0.7541  0.2934  0.10000
  0.5307E-14  0.1187 44.0199  0.2763  0.9064  0.7661  0.2717  0.10000
  0.1061E-14  0.0368 47.3716  0.1064  0.9404  0.7693  0.2502  0.10000
  0.2123E-15  0.0085 48.4481  0.0271  0.9660  0.7687  0.2520  0.10000
  0.4246E-16  0.0017 48.6974  0.0057  0.9660  0.7684  0.2532  0.10000
  0.8491E-17  0.0004 48.7490  0.0012  0.9660  0.7683  0.2535  0.10000

          ***  Golden section search to maximize estimate ***
     Alpha    Discrp  Oscill  Stabil  Sysdev  Positv  Valcen    Total   
  0.2340E+02  1.1483  1.1163  0.0626  0.4894  1.0000  0.9168  0.47589
  0.2823E-01  0.4938  1.2841  0.0134  0.8468  1.0000  0.9274  0.10000
  0.1600E+02  0.9374  1.1321  0.0512  0.5660  1.0000  0.9191  0.49513
  0.1229E+01  0.5153  1.2119  0.0162  0.8468  1.0000  0.9267  0.10000
  0.1384E+02  0.8731  1.1380  0.0475  0.6340  1.0000  0.9199  0.50213
  0.5192E+01  0.6144  1.1740  0.0283  0.7872  1.0000  0.9240  0.55301
  0.2994E+01  0.5555  1.1903  0.0216  0.8213  1.0000  0.9254  0.10000
  0.7296E+01  0.6757  1.1626  0.0340  0.7617  1.0000  0.9229  0.54074
  0.4207E+01  0.5871  1.1806  0.0254  0.7957  1.0000  0.9246  0.55610
  0.3695E+01  0.5734  1.1844  0.0238  0.8213  1.0000  0.9250  0.57457
  0.3410E+01  0.5660  1.1867  0.0229  0.8298  1.0000  0.9252  0.10000
  0.3883E+01  0.5784  1.1829  0.0243  0.8213  1.0000  0.9249  0.57537
  0.4004E+01  0.5816  1.1820  0.0247  0.8128  1.0000  0.9248  0.56876
  0.3810E+01  0.5765  1.1835  0.0241  0.8213  1.0000  0.9249  0.57507
  0.3929E+01  0.5796  1.1826  0.0245  0.8213  1.0000  0.9248  0.57556
  0.3957E+01  0.5804  1.1824  0.0246  0.8213  1.0000  0.9248  0.57567
  0.3975E+01  0.5808  1.1823  0.0246  0.8213  1.0000  0.9248  0.57575
  0.3986E+01  0.5811  1.1822  0.0247  0.8213  1.0000  0.9248  0.57579
  0.3993E+01  0.5813  1.1821  0.0247  0.8128  1.0000  0.9248  0.56872
  0.3982E+01  0.5810  1.1822  0.0247  0.8213  1.0000  0.9248  0.57577
  0.3986E+01  0.5811  1.1822  0.0247  0.8213  1.0000  0.9248  0.57579



             ####            Final results            ####

 Parameter    DISCRP    OSCILL    STABIL    SYSDEV    POSITV    VALCEN
 Weight        1.000     3.000     3.000     4.000     1.000     1.000
 Sigma         0.500     0.600     0.120     0.200     0.120     0.120
 Ideal         1.000     1.100     0.000     1.000     1.000     0.950
 Current       0.581     1.182     0.025     0.821     1.000     0.925
                - - - - - - - - - - - - - - - - - - - - - - - - - 
 Estimate      0.496     0.981     0.959     0.450     1.000     0.957

  Angular   range    :     from    0.0112   to    0.3225
  Real space range   :     from      0.00   to     73.30

  Highest ALPHA (theor) :   0.791E+04                 JOB = 0
  Current ALPHA         :   0.399E+01   Rg :  0.249E+02   I(0) :   0.213E+02

           Total  estimate : 0.576  which is  A REASONABLE  solution

      S          J EXP       ERROR       J REG       I REG

  0.0000E+00                                      0.2125E+02
  0.6250E-03                                      0.2125E+02
  0.1250E-02                                      0.2124E+02
  0.1875E-02                                      0.2124E+02
  0.2500E-02                                      0.2122E+02
  0.3125E-02                                      0.2121E+02
  0.3750E-02                                      0.2119E+02
  0.4375E-02                                      0.2117E+02
  0.5000E-02                                      0.2114E+02
  0.5625E-02                                      0.2111E+02
  0.6250E-02                                      0.2108E+02
  0.6875E-02                                      0.2105E+02
  0.7500E-02                                      0.2101E+02
  0.8125E-02                                      0.2096E+02
  0.8750E-02                                      0.2092E+02
  0.9375E-02                                      0.2087E+02
  0.1000E-01                                      0.2082E+02
  0.1063E-01                                      0.2076E+02
  0.1125E-01  0.1405E+02  0.4163E+01  0.2070E+02  0.2070E+02
  0.1186E-01  0.4777E+01  0.6077E+01  0.2064E+02  0.2064E+02
  0.1247E-01  0.2301E+02  0.1310E+01  0.2058E+02  0.2058E+02
  0.1307E-01  0.2066E+02  0.1836E+01  0.2052E+02  0.2052E+02
  0.1368E-01  0.1928E+02  0.2305E+01  0.2045E+02  0.2045E+02
  0.1429E-01  0.2189E+02  0.1978E+01  0.2038E+02  0.2038E+02
  0.1490E-01  0.1799E+02  0.1959E+01  0.2030E+02  0.2030E+02
  0.1551E-01  0.2258E+02  0.1576E+01  0.2022E+02  0.2022E+02
  0.1611E-01  0.1951E+02  0.2005E+01  0.2014E+02  0.2014E+02
  0.1672E-01  0.2216E+02  0.1511E+01  0.2006E+02  0.2006E+02
  0.1733E-01  0.1978E+02  0.1813E+01  0.1998E+02  0.1998E+02
  0.1794E-01  0.2011E+02  0.1013E+01  0.1989E+02  0.1989E+02
  0.1855E-01  0.2153E+02  0.1114E+01  0.1980E+02  0.1980E+02
  0.1916E-01  0.2102E+02  0.1039E+01  0.1970E+02  0.1970E+02
  0.1976E-01  0.2059E+02  0.1422E+01  0.1961E+02  0.1961E+02
  0.2037E-01  0.1921E+02  0.1019E+01  0.1951E+02  0.1951E+02
  0.2098E-01  0.1906E+02  0.1136E+01  0.1941E+02  0.1941E+02
  0.2159E-01  0.1817E+02  0.7736E+00  0.1931E+02  0.1931E+02
  0.2219E-01  0.1962E+02  0.9177E+00  0.1920E+02  0.1920E+02
  0.2280E-01  0.1918E+02  0.7239E+00  0.1909E+02  0.1909E+02
  0.2341E-01  0.1862E+02  0.8136E+00  0.1898E+02  0.1898E+02
  0.2402E-01  0.2012E+02  0.6917E+00  0.1887E+02  0.1887E+02
  0.2463E-01  0.1878E+02  0.6993E+00  0.1876E+02  0.1876E+02
  0.2524E-01  0.1853E+02  0.7035E+00  0.1864E+02  0.1864E+02
  0.2584E-01  0.1937E+02  0.6162E+00  0.1852E+02  0.1852E+02
  0.2645E-01  0.1832E+02  0.4883E+00  0.1840E+02  0.1840E+02
  0.2706E-01  0.1839E+02  0.6286E+00  0.1828E+02  0.1828E+02
  0.2767E-01  0.1849E+02  0.5794E+00  0.1816E+02  0.1816E+02
  0.2828E-01  0.1761E+02  0.5263E+00  0.1803E+02  0.1803E+02
  0.2888E-01  0.1829E+02  0.5963E+00  0.1790E+02  0.1790E+02
  0.2949E-01  0.1836E+02  0.5404E+00  0.1777E+02  0.1777E+02
  0.3010E-01  0.1821E+02  0.5793E+00  0.1764E+02  0.1764E+02
  0.3071E-01  0.1922E+02  0.5451E+00  0.1751E+02  0.1751E+02
  0.3132E-01  0.1742E+02  0.6467E+00  0.1737E+02  0.1737E+02
  0.3192E-01  0.1718E+02  0.6013E+00  0.1724E+02  0.1724E+02
  0.3253E-01  0.1674E+02  0.6388E+00  0.1710E+02  0.1710E+02
  0.3314E-01  0.1671E+02  0.5428E+00  0.1696E+02  0.1696E+02
  0.3375E-01  0.1694E+02  0.4754E+00  0.1682E+02  0.1682E+02
  0.3436E-01  0.1708E+02  0.5383E+00  0.1668E+02  0.1668E+02
  0.3496E-01  0.1691E+02  0.5123E+00  0.1654E+02  0.1654E+02
  0.3557E-01  0.1587E+02  0.4632E+00  0.1639E+02  0.1639E+02
  0.3618E-01  0.1574E+02  0.5484E+00  0.1625E+02  0.1625E+02
  0.3679E-01  0.1660E+02  0.5093E+00  0.1610E+02  0.1610E+02
  0.3740E-01  0.1589E+02  0.5352E+00  0.1596E+02  0.1596E+02
  0.3800E-01  0.1647E+02  0.4647E+00  0.1581E+02  0.1581E+02
  0.3861E-01  0.1635E+02  0.4124E+00  0.1566E+02  0.1566E+02
  0.3922E-01  0.1604E+02  0.4225E+00  0.1551E+02  0.1551E+02
  0.3983E-01  0.1523E+02  0.3930E+00  0.1536E+02  0.1536E+02
  0.4044E-01  0.1527E+02  0.3905E+00  0.1521E+02  0.1521E+02
  0.4104E-01  0.1437E+02  0.3926E+00  0.1506E+02  0.1506E+02
  0.4165E-01  0.1468E+02  0.4715E+00  0.1490E+02  0.1490E+02
  0.4226E-01  0.1488E+02  0.3960E+00  0.1475E+02  0.1475E+02
  0.4287E-01  0.1559E+02  0.4163E+00  0.1460E+02  0.1460E+02
  0.4348E-01  0.1503E+02  0.4115E+00  0.1444E+02  0.1444E+02
  0.4409E-01  0.1536E+02  0.3937E+00  0.1429E+02  0.1429E+02
  0.4469E-01  0.1453E+02  0.4233E+00  0.1413E+02  0.1413E+02
  0.4530E-01  0.1352E+02  0.4431E+00  0.1398E+02  0.1398E+02
  0.4591E-01  0.1341E+02  0.4396E+00  0.1382E+02  0.1382E+02
  0.4652E-01  0.1306E+02  0.4281E+00  0.1367E+02  0.1367E+02
  0.4713E-01  0.1300E+02  0.3974E+00  0.1351E+02  0.1351E+02
  0.4773E-01  0.1343E+02  0.3480E+00  0.1336E+02  0.1336E+02
  0.4834E-01  0.1275E+02  0.3535E+00  0.1320E+02  0.1320E+02
  0.4895E-01  0.1253E+02  0.3144E+00  0.1305E+02  0.1305E+02
  0.4956E-01  0.1292E+02  0.3799E+00  0.1289E+02  0.1289E+02
  0.5017E-01  0.1244E+02  0.3651E+00  0.1274E+02  0.1274E+02
  0.5078E-01  0.1311E+02  0.3966E+00  0.1258E+02  0.1258E+02
  0.5138E-01  0.1252E+02  0.3302E+00  0.1243E+02  0.1243E+02
  0.5199E-01  0.1280E+02  0.3799E+00  0.1227E+02  0.1227E+02
  0.5260E-01  0.1251E+02  0.3169E+00  0.1212E+02  0.1212E+02
  0.5321E-01  0.1187E+02  0.4054E+00  0.1197E+02  0.1197E+02
  0.5382E-01  0.1271E+02  0.3747E+00  0.1181E+02  0.1181E+02
  0.5442E-01  0.1148E+02  0.3677E+00  0.1166E+02  0.1166E+02
  0.5503E-01  0.1160E+02  0.3446E+00  0.1151E+02  0.1151E+02
  0.5564E-01  0.1192E+02  0.3241E+00  0.1136E+02  0.1136E+02
  0.5625E-01  0.1092E+02  0.3550E+00  0.1121E+02  0.1121E+02
  0.5686E-01  0.1107E+02  0.3469E+00  0.1106E+02  0.1106E+02
  0.5746E-01  0.1119E+02  0.3304E+00  0.1091E+02  0.1091E+02
  0.5807E-01  0.1083E+02  0.3384E+00  0.1076E+02  0.1076E+02
  0.5868E-01  0.1105E+02  0.3760E+00  0.1061E+02  0.1061E+02
  0.5929E-01  0.1023E+02  0.3220E+00  0.1046E+02  0.1046E+02
  0.5990E-01  0.9856E+01  0.3477E+00  0.1032E+02  0.1032E+02
  0.6050E-01  0.9302E+01  0.3430E+00  0.1017E+02  0.1017E+02
  0.6111E-01  0.9567E+01  0.3569E+00  0.1002E+02  0.1002E+02
  0.6172E-01  0.9212E+01  0.3403E+00  0.9881E+01  0.9881E+01
  0.6233E-01  0.9296E+01  0.3404E+00  0.9738E+01  0.9738E+01
  0.6294E-01  0.9092E+01  0.2760E+00  0.9596E+01  0.9596E+01
  0.6354E-01  0.9303E+01  0.3431E+00  0.9455E+01  0.9455E+01
  0.6415E-01  0.9080E+01  0.3129E+00  0.9316E+01  0.9316E+01
  0.6476E-01  0.8726E+01  0.3076E+00  0.9177E+01  0.9177E+01
  0.6537E-01  0.8913E+01  0.3377E+00  0.9039E+01  0.9039E+01
  0.6598E-01  0.8786E+01  0.3235E+00  0.8902E+01  0.8902E+01
  0.6659E-01  0.8779E+01  0.2907E+00  0.8767E+01  0.8767E+01
  0.6719E-01  0.8405E+01  0.2583E+00  0.8633E+01  0.8633E+01
  0.6780E-01  0.8635E+01  0.3568E+00  0.8500E+01  0.8500E+01
  0.6841E-01  0.8136E+01  0.2767E+00  0.8368E+01  0.8368E+01
  0.6902E-01  0.8389E+01  0.3093E+00  0.8238E+01  0.8238E+01
  0.6963E-01  0.8376E+01  0.3020E+00  0.8109E+01  0.8109E+01
  0.7023E-01  0.8505E+01  0.3018E+00  0.7981E+01  0.7981E+01
  0.7084E-01  0.8343E+01  0.2797E+00  0.7854E+01  0.7854E+01
  0.7145E-01  0.8349E+01  0.2749E+00  0.7729E+01  0.7729E+01
  0.7206E-01  0.8018E+01  0.2968E+00  0.7605E+01  0.7605E+01
  0.7267E-01  0.7938E+01  0.3020E+00  0.7482E+01  0.7482E+01
  0.7327E-01  0.7539E+01  0.2865E+00  0.7361E+01  0.7361E+01
  0.7388E-01  0.7503E+01  0.2881E+00  0.7241E+01  0.7241E+01
  0.7449E-01  0.6829E+01  0.2563E+00  0.7122E+01  0.7122E+01
  0.7510E-01  0.7219E+01  0.2814E+00  0.7005E+01  0.7005E+01
  0.7571E-01  0.6814E+01  0.2887E+00  0.6889E+01  0.6889E+01
  0.7631E-01  0.6524E+01  0.2666E+00  0.6775E+01  0.6775E+01
  0.7692E-01  0.6557E+01  0.2766E+00  0.6662E+01  0.6662E+01
  0.7753E-01  0.7029E+01  0.2726E+00  0.6551E+01  0.6551E+01
  0.7814E-01  0.6304E+01  0.2858E+00  0.6441E+01  0.6441E+01
  0.7875E-01  0.7066E+01  0.2816E+00  0.6332E+01  0.6332E+01
  0.7935E-01  0.7027E+01  0.2688E+00  0.6225E+01  0.6225E+01
  0.7996E-01  0.7230E+01  0.2631E+00  0.6119E+01  0.6119E+01
  0.8057E-01  0.6669E+01  0.2705E+00  0.6015E+01  0.6015E+01
  0.8118E-01  0.6744E+01  0.2722E+00  0.5912E+01  0.5912E+01
  0.8179E-01  0.6180E+01  0.2464E+00  0.5811E+01  0.5811E+01
  0.8239E-01  0.5721E+01  0.2659E+00  0.5711E+01  0.5711E+01
  0.8300E-01  0.5750E+01  0.2545E+00  0.5612E+01  0.5612E+01
  0.8361E-01  0.5572E+01  0.2699E+00  0.5515E+01  0.5515E+01
  0.8422E-01  0.5589E+01  0.2522E+00  0.5419E+01  0.5419E+01
  0.8483E-01  0.5092E+01  0.2833E+00  0.5325E+01  0.5325E+01
  0.8544E-01  0.5411E+01  0.2474E+00  0.5232E+01  0.5232E+01
  0.8604E-01  0.5136E+01  0.2271E+00  0.5141E+01  0.5141E+01
  0.8665E-01  0.5494E+01  0.2522E+00  0.5051E+01  0.5051E+01
  0.8726E-01  0.4962E+01  0.2463E+00  0.4963E+01  0.4963E+01
  0.8787E-01  0.5232E+01  0.2426E+00  0.4875E+01  0.4875E+01
  0.8847E-01  0.4489E+01  0.2712E+00  0.4790E+01  0.4790E+01
  0.8908E-01  0.4106E+01  0.2785E+00  0.4705E+01  0.4705E+01
  0.8969E-01  0.4417E+01  0.2601E+00  0.4623E+01  0.4623E+01
  0.9030E-01  0.4397E+01  0.2455E+00  0.4541E+01  0.4541E+01
  0.9091E-01  0.4185E+01  0.2303E+00  0.4461E+01  0.4461E+01
  0.9151E-01  0.4218E+01  0.2624E+00  0.4382E+01  0.4382E+01
  0.9212E-01  0.4352E+01  0.2652E+00  0.4304E+01  0.4304E+01
  0.9273E-01  0.4429E+01  0.2831E+00  0.4228E+01  0.4228E+01
  0.9334E-01  0.4344E+01  0.2717E+00  0.4153E+01  0.4153E+01
  0.9395E-01  0.3632E+01  0.2520E+00  0.4080E+01  0.4080E+01
  0.9456E-01  0.3888E+01  0.2255E+00  0.4007E+01  0.4007E+01
  0.9516E-01  0.3791E+01  0.2572E+00  0.3936E+01  0.3936E+01
  0.9577E-01  0.3885E+01  0.2320E+00  0.3867E+01  0.3867E+01
  0.9638E-01  0.3867E+01  0.2596E+00  0.3798E+01  0.3798E+01
  0.9699E-01  0.3897E+01  0.2311E+00  0.3731E+01  0.3731E+01
  0.9760E-01  0.3794E+01  0.2496E+00  0.3665E+01  0.3665E+01
  0.9820E-01  0.4096E+01  0.2261E+00  0.3600E+01  0.3600E+01
  0.9881E-01  0.3669E+01  0.2234E+00  0.3536E+01  0.3536E+01
  0.9942E-01  0.4045E+01  0.2383E+00  0.3474E+01  0.3474E+01
  0.1000E+00  0.3517E+01  0.2519E+00  0.3413E+01  0.3413E+01
  0.1006E+00  0.3432E+01  0.2495E+00  0.3353E+01  0.3353E+01
  0.1012E+00  0.3842E+01  0.2296E+00  0.3294E+01  0.3294E+01
  0.1019E+00  0.3427E+01  0.2127E+00  0.3236E+01  0.3236E+01
  0.1025E+00  0.3207E+01  0.2234E+00  0.3179E+01  0.3179E+01
  0.1031E+00  0.3498E+01  0.2247E+00  0.3123E+01  0.3123E+01
  0.1037E+00  0.3089E+01  0.2336E+00  0.3068E+01  0.3068E+01
  0.1043E+00  0.2950E+01  0.2521E+00  0.3015E+01  0.3015E+01
  0.1049E+00  0.3525E+01  0.2088E+00  0.2962E+01  0.2962E+01
  0.1055E+00  0.2745E+01  0.2355E+00  0.2910E+01  0.2910E+01
  0.1061E+00  0.3001E+01  0.2066E+00  0.2860E+01  0.2860E+01
  0.1067E+00  0.2884E+01  0.2387E+00  0.2810E+01  0.2810E+01
  0.1073E+00  0.3153E+01  0.2177E+00  0.2761E+01  0.2761E+01
  0.1079E+00  0.3214E+01  0.2187E+00  0.2713E+01  0.2713E+01
  0.1085E+00  0.2979E+01  0.2300E+00  0.2667E+01  0.2667E+01
  0.1091E+00  0.2817E+01  0.2099E+00  0.2621E+01  0.2621E+01
  0.1098E+00  0.2994E+01  0.2409E+00  0.2576E+01  0.2576E+01
  0.1104E+00  0.2491E+01  0.2825E+00  0.2531E+01  0.2531E+01
  0.1110E+00  0.2687E+01  0.2206E+00  0.2488E+01  0.2488E+01
  0.1116E+00  0.2396E+01  0.2195E+00  0.2446E+01  0.2446E+01
  0.1122E+00  0.2333E+01  0.2435E+00  0.2404E+01  0.2404E+01
  0.1128E+00  0.2390E+01  0.2143E+00  0.2363E+01  0.2363E+01
  0.1134E+00  0.2550E+01  0.2223E+00  0.2323E+01  0.2323E+01
  0.1140E+00  0.2315E+01  0.2169E+00  0.2283E+01  0.2283E+01
  0.1146E+00  0.2520E+01  0.2025E+00  0.2245E+01  0.2245E+01
  0.1152E+00  0.2402E+01  0.2067E+00  0.2207E+01  0.2207E+01
  0.1158E+00  0.2189E+01  0.2230E+00  0.2170E+01  0.2170E+01
  0.1164E+00  0.2261E+01  0.2144E+00  0.2134E+01  0.2134E+01
  0.1171E+00  0.2112E+01  0.2073E+00  0.2098E+01  0.2098E+01
  0.1177E+00  0.1844E+01  0.2166E+00  0.2063E+01  0.2063E+01
  0.1183E+00  0.1840E+01  0.2112E+00  0.2028E+01  0.2028E+01
  0.1189E+00  0.1782E+01  0.2012E+00  0.1995E+01  0.1995E+01
  0.1195E+00  0.1717E+01  0.2018E+00  0.1961E+01  0.1961E+01
  0.1201E+00  0.1616E+01  0.2069E+00  0.1929E+01  0.1929E+01
  0.1207E+00  0.1807E+01  0.1968E+00  0.1897E+01  0.1897E+01
  0.1213E+00  0.1815E+01  0.2191E+00  0.1866E+01  0.1866E+01
  0.1219E+00  0.1879E+01  0.2025E+00  0.1835E+01  0.1835E+01
  0.1225E+00  0.1921E+01  0.2111E+00  0.1805E+01  0.1805E+01
  0.1231E+00  0.2391E+01  0.2046E+00  0.1775E+01  0.1775E+01
  0.1237E+00  0.1440E+01  0.1987E+00  0.1746E+01  0.1746E+01
  0.1244E+00  0.1283E+01  0.1980E+00  0.1717E+01  0.1717E+01
  0.1250E+00  0.1503E+01  0.2064E+00  0.1689E+01  0.1689E+01
  0.1256E+00  0.1757E+01  0.2086E+00  0.1662E+01  0.1662E+01
  0.1262E+00  0.1394E+01  0.1874E+00  0.1635E+01  0.1635E+01
  0.1268E+00  0.1684E+01  0.2023E+00  0.1608E+01  0.1608E+01
  0.1274E+00  0.1487E+01  0.1944E+00  0.1582E+01  0.1582E+01
  0.1280E+00  0.1422E+01  0.1982E+00  0.1556E+01  0.1556E+01
  0.1286E+00  0.1280E+01  0.2110E+00  0.1531E+01  0.1531E+01
  0.1292E+00  0.1453E+01  0.1987E+00  0.1506E+01  0.1506E+01
  0.1298E+00  0.1378E+01  0.2119E+00  0.1481E+01  0.1481E+01
  0.1304E+00  0.1481E+01  0.2061E+00  0.1457E+01  0.1457E+01
  0.1310E+00  0.1606E+01  0.1971E+00  0.1434E+01  0.1434E+01
  0.1316E+00  0.1117E+01  0.2118E+00  0.1410E+01  0.1410E+01
  0.1323E+00  0.1615E+01  0.1997E+00  0.1388E+01  0.1388E+01
  0.1329E+00  0.1303E+01  0.2013E+00  0.1365E+01  0.1365E+01
  0.1335E+00  0.1613E+01  0.2087E+00  0.1343E+01  0.1343E+01
  0.1341E+00  0.1337E+01  0.1994E+00  0.1321E+01  0.1321E+01
  0.1347E+00  0.8019E+00  0.1917E+00  0.1300E+01  0.1300E+01
  0.1353E+00  0.1202E+01  0.1744E+00  0.1279E+01  0.1279E+01
  0.1359E+00  0.1034E+01  0.2027E+00  0.1258E+01  0.1258E+01
  0.1365E+00  0.1057E+01  0.1904E+00  0.1237E+01  0.1237E+01
  0.1371E+00  0.1224E+01  0.1952E+00  0.1217E+01  0.1217E+01
  0.1377E+00  0.9739E+00  0.2120E+00  0.1197E+01  0.1197E+01
  0.1383E+00  0.9111E+00  0.1944E+00  0.1178E+01  0.1178E+01
  0.1389E+00  0.8124E+00  0.1864E+00  0.1159E+01  0.1159E+01
  0.1396E+00  0.7707E+00  0.1849E+00  0.1140E+01  0.1140E+01
  0.1402E+00  0.1138E+01  0.1924E+00  0.1121E+01  0.1121E+01
  0.1408E+00  0.8788E+00  0.2030E+00  0.1103E+01  0.1103E+01
  0.1414E+00  0.8241E+00  0.1866E+00  0.1085E+01  0.1085E+01
  0.1420E+00  0.1234E+01  0.1800E+00  0.1067E+01  0.1067E+01
  0.1426E+00  0.8468E+00  0.1775E+00  0.1049E+01  0.1049E+01
  0.1432E+00  0.9415E+00  0.1776E+00  0.1032E+01  0.1032E+01
  0.1438E+00  0.8445E+00  0.2575E+00  0.1015E+01  0.1015E+01
  0.1444E+00  0.8658E+00  0.2700E+00  0.9983E+00  0.9983E+00
  0.1450E+00  0.1070E+01  0.1905E+00  0.9818E+00  0.9818E+00
  0.1456E+00  0.1182E+01  0.1953E+00  0.9656E+00  0.9656E+00
  0.1462E+00  0.1172E+01  0.1748E+00  0.9496E+00  0.9496E+00
  0.1468E+00  0.1226E+01  0.1978E+00  0.9338E+00  0.9338E+00
  0.1475E+00  0.8620E+00  0.1761E+00  0.9182E+00  0.9182E+00
  0.1481E+00  0.7982E+00  0.1909E+00  0.9029E+00  0.9029E+00
  0.1487E+00  0.9197E+00  0.1767E+00  0.8879E+00  0.8879E+00
  0.1493E+00  0.6888E+00  0.1806E+00  0.8730E+00  0.8730E+00
  0.1499E+00  0.8215E+00  0.1856E+00  0.8584E+00  0.8584E+00
  0.1505E+00  0.4903E+00  0.1691E+00  0.8440E+00  0.8440E+00
  0.1511E+00  0.7589E+00  0.1884E+00  0.8298E+00  0.8298E+00
  0.1517E+00  0.7620E+00  0.1712E+00  0.8159E+00  0.8159E+00
  0.1523E+00  0.8459E+00  0.1760E+00  0.8021E+00  0.8021E+00
  0.1529E+00  0.1160E+01  0.1675E+00  0.7886E+00  0.7886E+00
  0.1535E+00  0.1154E+01  0.4073E+00  0.7753E+00  0.7753E+00
  0.1541E+00  0.7798E+00  0.1806E+00  0.7622E+00  0.7622E+00
  0.1548E+00  0.5646E+00  0.1782E+00  0.7493E+00  0.7493E+00
  0.1554E+00  0.5828E+00  0.1786E+00  0.7366E+00  0.7366E+00
  0.1560E+00  0.6572E+00  0.1866E+00  0.7241E+00  0.7241E+00
  0.1566E+00  0.2583E+00  0.1847E+00  0.7118E+00  0.7118E+00
  0.1572E+00  0.4074E+00  0.1802E+00  0.6998E+00  0.6998E+00
  0.1578E+00  0.5665E+00  0.1928E+00  0.6879E+00  0.6879E+00
  0.1584E+00  0.2930E+00  0.1705E+00  0.6762E+00  0.6762E+00
  0.1590E+00  0.9362E+00  0.1840E+00  0.6647E+00  0.6647E+00
  0.1596E+00  0.6002E+00  0.1677E+00  0.6535E+00  0.6535E+00
  0.1602E+00  0.6913E+00  0.1779E+00  0.6424E+00  0.6424E+00
  0.1608E+00  0.6743E+00  0.1607E+00  0.6315E+00  0.6315E+00
  0.1614E+00  0.5961E+00  0.1684E+00  0.6208E+00  0.6208E+00
  0.1620E+00  0.4939E+00  0.1680E+00  0.6103E+00  0.6103E+00
  0.1627E+00  0.3962E+00  0.1672E+00  0.6000E+00  0.6000E+00
  0.1633E+00  0.6443E+00  0.1697E+00  0.5899E+00  0.5899E+00
  0.1639E+00  0.4875E+00  0.1662E+00  0.5800E+00  0.5800E+00
  0.1645E+00  0.3965E+00  0.1662E+00  0.5703E+00  0.5703E+00
  0.1651E+00  0.4137E+00  0.1759E+00  0.5607E+00  0.5607E+00
  0.1657E+00  0.5138E+00  0.1604E+00  0.5514E+00  0.5514E+00
  0.1663E+00  0.7150E+00  0.1580E+00  0.5422E+00  0.5422E+00
  0.1669E+00  0.3546E+00  0.1762E+00  0.5332E+00  0.5332E+00
  0.1675E+00  0.7473E+00  0.1637E+00  0.5244E+00  0.5244E+00
  0.1681E+00  0.2672E+00  0.1759E+00  0.5158E+00  0.5158E+00
  0.1687E+00  0.3350E+00  0.1642E+00  0.5073E+00  0.5073E+00
  0.1693E+00  0.1517E+00  0.1695E+00  0.4991E+00  0.4991E+00
  0.1700E+00  0.2449E+00  0.1506E+00  0.4910E+00  0.4910E+00
  0.1706E+00  0.3416E+00  0.1700E+00  0.4831E+00  0.4831E+00
  0.1712E+00  0.3829E+00  0.1671E+00  0.4754E+00  0.4754E+00
  0.1718E+00  0.5921E+00  0.1625E+00  0.4678E+00  0.4678E+00
  0.1724E+00  0.3421E+00  0.1814E+00  0.4604E+00  0.4604E+00
  0.1730E+00  0.4104E+00  0.1670E+00  0.4532E+00  0.4532E+00
  0.1736E+00  0.4283E+00  0.1761E+00  0.4462E+00  0.4462E+00
  0.1742E+00  0.2286E+00  0.1803E+00  0.4393E+00  0.4393E+00
  0.1748E+00  0.4920E+00  0.1679E+00  0.4326E+00  0.4326E+00
  0.1754E+00  0.4625E+00  0.1653E+00  0.4260E+00  0.4260E+00
  0.1760E+00  0.5604E+00  0.1764E+00  0.4197E+00  0.4197E+00
  0.1766E+00  0.3624E+00  0.1637E+00  0.4134E+00  0.4134E+00
  0.1773E+00  0.4505E+00  0.1716E+00  0.4074E+00  0.4074E+00
  0.1779E+00  0.1646E+00  0.1669E+00  0.4015E+00  0.4015E+00
  0.1785E+00  0.2221E+00  0.1696E+00  0.3957E+00  0.3957E+00
  0.1791E+00  0.8431E-01  0.1764E+00  0.3901E+00  0.3901E+00
  0.1797E+00  0.2811E+00  0.1700E+00  0.3847E+00  0.3847E+00
  0.1803E+00  0.1958E+00  0.1734E+00  0.3794E+00  0.3794E+00
  0.1809E+00  0.2109E+00  0.1679E+00  0.3743E+00  0.3743E+00
  0.1815E+00  0.6178E+00  0.1656E+00  0.3693E+00  0.3693E+00
  0.1827E+00  0.3718E+00  0.1548E+00  0.3597E+00  0.3597E+00
  0.1833E+00  0.2344E+00  0.1625E+00  0.3551E+00  0.3551E+00
  0.1845E+00  0.1914E+00  0.1524E+00  0.3464E+00  0.3464E+00
  0.1852E+00  0.4076E+00  0.1673E+00  0.3422E+00  0.3422E+00
  0.1864E+00  0.3016E+00  0.1577E+00  0.3343E+00  0.3343E+00
  0.1870E+00  0.2514E+00  0.1634E+00  0.3305E+00  0.3305E+00
  0.1876E+00  0.3405E+00  0.1639E+00  0.3268E+00  0.3268E+00
  0.1882E+00  0.2681E+00  0.1594E+00  0.3233E+00  0.3233E+00
  0.1888E+00  0.4301E+00  0.1648E+00  0.3199E+00  0.3199E+00
  0.1894E+00  0.3061E+00  0.1615E+00  0.3165E+00  0.3165E+00
  0.1900E+00  0.1650E+00  0.1659E+00  0.3133E+00  0.3133E+00
  0.1906E+00  0.2664E+00  0.1709E+00  0.3103E+00  0.3103E+00
  0.1912E+00  0.2544E+00  0.1639E+00  0.3073E+00  0.3073E+00
  0.1918E+00  0.3509E+00  0.1566E+00  0.3044E+00  0.3044E+00
  0.1925E+00  0.2200E+00  0.1608E+00  0.3016E+00  0.3016E+00
  0.1931E+00  0.2301E+00  0.1559E+00  0.2989E+00  0.2989E+00
  0.1937E+00  0.2451E+00  0.1611E+00  0.2963E+00  0.2963E+00
  0.1943E+00  0.3296E+00  0.1587E+00  0.2938E+00  0.2938E+00
  0.1949E+00  0.3778E+00  0.1594E+00  0.2914E+00  0.2914E+00
  0.1955E+00  0.2521E+00  0.1518E+00  0.2891E+00  0.2891E+00
  0.1961E+00  0.3768E+00  0.1505E+00  0.2868E+00  0.2868E+00
  0.1973E+00  0.2611E+00  0.1636E+00  0.2826E+00  0.2826E+00
  0.1979E+00  0.1199E+00  0.1520E+00  0.2806E+00  0.2806E+00
  0.1991E+00  0.1686E+00  0.1504E+00  0.2768E+00  0.2768E+00
  0.1997E+00  0.2395E+00  0.1597E+00  0.2750E+00  0.2750E+00
  0.2004E+00  0.4283E-01  0.1515E+00  0.2733E+00  0.2733E+00
  0.2010E+00  0.2204E+00  0.1536E+00  0.2716E+00  0.2716E+00
  0.2016E+00  0.1874E+00  0.1468E+00  0.2700E+00  0.2700E+00
  0.2028E+00  0.1933E+00  0.1509E+00  0.2670E+00  0.2670E+00
  0.2034E+00  0.1804E+00  0.1457E+00  0.2655E+00  0.2655E+00
  0.2040E+00  0.3244E+00  0.1557E+00  0.2641E+00  0.2641E+00
  0.2046E+00  0.9761E-01  0.1561E+00  0.2628E+00  0.2628E+00
  0.2052E+00  0.1051E+00  0.1535E+00  0.2614E+00  0.2614E+00
  0.2058E+00  0.3231E+00  0.1434E+00  0.2602E+00  0.2602E+00
  0.2064E+00  0.1389E+00  0.1487E+00  0.2590E+00  0.2590E+00
  0.2070E+00  0.3936E+00  0.1523E+00  0.2578E+00  0.2578E+00
  0.2077E+00  0.1874E+00  0.1456E+00  0.2566E+00  0.2566E+00
  0.2083E+00  0.4206E+00  0.1558E+00  0.2555E+00  0.2555E+00
  0.2089E+00  0.2212E+00  0.1531E+00  0.2544E+00  0.2544E+00
  0.2095E+00  0.4829E+00  0.1505E+00  0.2533E+00  0.2533E+00
  0.2101E+00  0.1362E+00  0.1581E+00  0.2523E+00  0.2523E+00
  0.2107E+00  0.2518E+00  0.1480E+00  0.2513E+00  0.2513E+00
  0.2113E+00  0.1914E+00  0.1490E+00  0.2503E+00  0.2503E+00
  0.2119E+00  0.3114E+00  0.1469E+00  0.2493E+00  0.2493E+00
  0.2125E+00  0.3108E+00  0.1486E+00  0.2484E+00  0.2484E+00
  0.2131E+00  0.7406E+00  0.1508E+00  0.2474E+00  0.2474E+00
  0.2137E+00  0.4286E+00  0.1520E+00  0.2465E+00  0.2465E+00
  0.2143E+00  0.4114E+00  0.1430E+00  0.2456E+00  0.2456E+00
  0.2149E+00  0.6463E+00  0.1461E+00  0.2447E+00  0.2447E+00
  0.2162E+00  0.6339E-01  0.1485E+00  0.2429E+00  0.2429E+00
  0.2180E+00  0.7576E-01  0.1479E+00  0.2403E+00  0.2403E+00
  0.2186E+00  0.1365E+00  0.1396E+00  0.2394E+00  0.2394E+00
  0.2192E+00  0.1261E+00  0.1489E+00  0.2386E+00  0.2386E+00
  0.2198E+00  0.6981E-01  0.1437E+00  0.2377E+00  0.2377E+00
  0.2204E+00  0.6630E-01  0.1598E+00  0.2368E+00  0.2368E+00
  0.2210E+00  0.1602E+00  0.1396E+00  0.2360E+00  0.2360E+00
  0.2216E+00  0.4018E+00  0.1471E+00  0.2351E+00  0.2351E+00
  0.2222E+00  0.9493E-01  0.1397E+00  0.2342E+00  0.2342E+00
  0.2228E+00  0.7476E-01  0.1538E+00  0.2334E+00  0.2334E+00
  0.2235E+00  0.9077E-01  0.1477E+00  0.2325E+00  0.2325E+00
  0.2241E+00  0.1961E+00  0.1429E+00  0.2316E+00  0.2316E+00
  0.2247E+00  0.4191E+00  0.1401E+00  0.2307E+00  0.2307E+00
  0.2253E+00  0.5508E-01  0.2297E+00  0.2298E+00  0.2298E+00
  0.2259E+00  0.1952E+00  0.1861E+00  0.2289E+00  0.2289E+00
  0.2265E+00  0.1148E+00  0.1423E+00  0.2280E+00  0.2280E+00
  0.2277E+00  0.1823E+00  0.1447E+00  0.2262E+00  0.2262E+00
  0.2283E+00  0.8108E-01  0.1371E+00  0.2252E+00  0.2252E+00
  0.2314E+00  0.3324E-01  0.1295E+00  0.2205E+00  0.2205E+00
  0.2320E+00  0.1899E+00  0.1350E+00  0.2195E+00  0.2195E+00
  0.2326E+00  0.2114E+00  0.1364E+00  0.2185E+00  0.2185E+00
  0.2332E+00  0.2555E+00  0.1421E+00  0.2175E+00  0.2175E+00
  0.2338E+00  0.8169E-01  0.1675E+00  0.2165E+00  0.2165E+00
  0.2344E+00  0.1595E+00  0.3297E+00  0.2155E+00  0.2155E+00
  0.2356E+00  0.2085E+00  0.4295E+00  0.2135E+00  0.2135E+00
  0.2362E+00  0.3159E+00  0.1416E+00  0.2124E+00  0.2124E+00
  0.2368E+00  0.6586E-01  0.1297E+00  0.2114E+00  0.2114E+00
  0.2374E+00  0.2572E+00  0.1462E+00  0.2104E+00  0.2104E+00
  0.2380E+00  0.4880E-01  0.1375E+00  0.2093E+00  0.2093E+00
  0.2387E+00  0.2682E+00  0.1359E+00  0.2083E+00  0.2083E+00
  0.2393E+00  0.2866E+00  0.1346E+00  0.2073E+00  0.2073E+00
  0.2399E+00  0.9789E-01  0.1382E+00  0.2062E+00  0.2062E+00
  0.2405E+00  0.1907E+00  0.1358E+00  0.2051E+00  0.2051E+00
  0.2411E+00  0.1232E+00  0.1347E+00  0.2041E+00  0.2041E+00
  0.2417E+00  0.1141E+00  0.1359E+00  0.2030E+00  0.2030E+00
  0.2423E+00  0.5063E+00  0.1430E+00  0.2020E+00  0.2020E+00
  0.2429E+00  0.1019E+00  0.1280E+00  0.2009E+00  0.2009E+00
  0.2441E+00  0.8162E-01  0.1349E+00  0.1988E+00  0.1988E+00
  0.2447E+00  0.2710E-01  0.1360E+00  0.1978E+00  0.1978E+00
  0.2453E+00  0.1436E+00  0.1253E+00  0.1967E+00  0.1967E+00
  0.2460E+00  0.1034E+00  0.1390E+00  0.1957E+00  0.1957E+00
  0.2466E+00  0.2254E+00  0.1349E+00  0.1947E+00  0.1947E+00
  0.2472E+00  0.1799E+00  0.1305E+00  0.1936E+00  0.1936E+00
  0.2478E+00  0.2172E+00  0.1367E+00  0.1926E+00  0.1926E+00
  0.2484E+00  0.6065E+00  0.1306E+00  0.1916E+00  0.1916E+00
  0.2490E+00  0.1813E+00  0.1314E+00  0.1906E+00  0.1906E+00
  0.2496E+00  0.2685E+00  0.1247E+00  0.1896E+00  0.1896E+00
  0.2502E+00  0.4003E+00  0.1393E+00  0.1886E+00  0.1886E+00
  0.2508E+00  0.1210E+00  0.1324E+00  0.1876E+00  0.1876E+00
  0.2514E+00  0.2461E+00  0.1305E+00  0.1867E+00  0.1867E+00
  0.2526E+00  0.1585E+00  0.1343E+00  0.1847E+00  0.1847E+00
  0.2532E+00  0.6845E-01  0.1278E+00  0.1838E+00  0.1838E+00
  0.2539E+00  0.2006E+00  0.1343E+00  0.1829E+00  0.1829E+00
  0.2545E+00  0.2533E+00  0.1277E+00  0.1820E+00  0.1820E+00
  0.2551E+00  0.5909E-01  0.1408E+00  0.1811E+00  0.1811E+00
  0.2557E+00  0.1551E+00  0.1300E+00  0.1802E+00  0.1802E+00
  0.2563E+00  0.1511E+00  0.1317E+00  0.1794E+00  0.1794E+00
  0.2569E+00  0.1921E+00  0.1269E+00  0.1785E+00  0.1785E+00
  0.2575E+00  0.3418E+00  0.1342E+00  0.1777E+00  0.1777E+00
  0.2581E+00  0.2917E+00  0.1309E+00  0.1769E+00  0.1769E+00
  0.2587E+00  0.2429E+00  0.1283E+00  0.1761E+00  0.1761E+00
  0.2593E+00  0.1759E+00  0.1338E+00  0.1753E+00  0.1753E+00
  0.2605E+00  0.2463E-01  0.1298E+00  0.1738E+00  0.1738E+00
  0.2612E+00  0.3338E+00  0.1262E+00  0.1731E+00  0.1731E+00
  0.2624E+00  0.3891E-01  0.1293E+00  0.1717E+00  0.1717E+00
  0.2648E+00  0.2065E+00  0.1261E+00  0.1692E+00  0.1692E+00
  0.2654E+00  0.8388E-02  0.1193E+00  0.1686E+00  0.1686E+00
  0.2678E+00  0.1334E+00  0.1253E+00  0.1665E+00  0.1665E+00
  0.2691E+00  0.2249E+00  0.1257E+00  0.1655E+00  0.1655E+00
  0.2715E+00  0.1066E-01  0.1258E+00  0.1639E+00  0.1639E+00
  0.2721E+00  0.1317E+00  0.1293E+00  0.1635E+00  0.1635E+00
  0.2727E+00  0.1503E+00  0.1228E+00  0.1632E+00  0.1632E+00
  0.2733E+00  0.1176E+00  0.1233E+00  0.1628E+00  0.1628E+00
  0.2739E+00  0.1261E+00  0.1316E+00  0.1625E+00  0.1625E+00
  0.2745E+00  0.2351E+00  0.1255E+00  0.1622E+00  0.1622E+00
  0.2751E+00  0.1832E+00  0.1191E+00  0.1620E+00  0.1620E+00
  0.2757E+00  0.7879E-01  0.1770E+00  0.1617E+00  0.1617E+00
  0.2763E+00  0.2706E-01  0.1817E+00  0.1615E+00  0.1615E+00
  0.2770E+00  0.6227E-01  0.2788E+00  0.1613E+00  0.1613E+00
  0.2788E+00  0.7312E-01  0.1210E+00  0.1607E+00  0.1607E+00
  0.2800E+00  0.1966E-01  0.1235E+00  0.1604E+00  0.1604E+00
  0.2812E+00  0.1821E+00  0.1228E+00  0.1601E+00  0.1601E+00
  0.2818E+00  0.3334E+00  0.1239E+00  0.1600E+00  0.1600E+00
  0.2824E+00  0.2009E+00  0.1223E+00  0.1599E+00  0.1599E+00
  0.2830E+00  0.2338E+00  0.1292E+00  0.1598E+00  0.1598E+00
  0.2836E+00  0.1650E+00  0.1248E+00  0.1597E+00  0.1597E+00
  0.2843E+00  0.9090E-01  0.1615E+00  0.1597E+00  0.1597E+00
  0.2849E+00  0.2470E+00  0.1487E+00  0.1596E+00  0.1596E+00
  0.2855E+00  0.2643E-01  0.1290E+00  0.1595E+00  0.1595E+00
  0.2861E+00  0.6600E-01  0.1239E+00  0.1595E+00  0.1595E+00
  0.2867E+00  0.3339E+00  0.1209E+00  0.1594E+00  0.1594E+00
  0.2873E+00  0.2112E+00  0.1218E+00  0.1594E+00  0.1594E+00
  0.2879E+00  0.2058E+00  0.1195E+00  0.1594E+00  0.1594E+00
  0.2885E+00  0.1714E+00  0.1238E+00  0.1593E+00  0.1593E+00
  0.2891E+00  0.2518E+00  0.1147E+00  0.1593E+00  0.1593E+00
  0.2897E+00  0.2758E+00  0.1217E+00  0.1593E+00  0.1593E+00
  0.2903E+00  0.2443E+00  0.1191E+00  0.1593E+00  0.1593E+00
  0.2909E+00  0.1700E+00  0.1158E+00  0.1592E+00  0.1592E+00
  0.2915E+00  0.1565E-01  0.2146E+00  0.1592E+00  0.1592E+00
  0.2934E+00  0.1928E+00  0.1165E+00  0.1592E+00  0.1592E+00
  0.2952E+00  0.1145E+00  0.1187E+00  0.1591E+00  0.1591E+00
  0.2958E+00  0.2260E+00  0.1158E+00  0.1590E+00  0.1590E+00
  0.2964E+00  0.1816E+00  0.1188E+00  0.1590E+00  0.1590E+00
  0.2970E+00  0.9460E-01  0.1171E+00  0.1590E+00  0.1590E+00
  0.2982E+00  0.2154E+00  0.1139E+00  0.1589E+00  0.1589E+00
  0.2988E+00  0.2216E+00  0.1148E+00  0.1588E+00  0.1588E+00
  0.2995E+00  0.4764E+00  0.1112E+00  0.1587E+00  0.1587E+00
  0.3001E+00  0.2681E+00  0.1124E+00  0.1586E+00  0.1586E+00
  0.3007E+00  0.3184E+00  0.1113E+00  0.1585E+00  0.1585E+00
  0.3013E+00  0.2066E+00  0.1122E+00  0.1584E+00  0.1584E+00
  0.3019E+00  0.3160E+00  0.1076E+00  0.1583E+00  0.1583E+00
  0.3025E+00  0.2387E+00  0.1158E+00  0.1582E+00  0.1582E+00
  0.3031E+00  0.2967E+00  0.1067E+00  0.1581E+00  0.1581E+00
  0.3037E+00  0.2993E+00  0.1098E+00  0.1579E+00  0.1579E+00
  0.3043E+00  0.2667E+00  0.1050E+00  0.1578E+00  0.1578E+00
  0.3049E+00  0.2001E+00  0.1135E+00  0.1576E+00  0.1576E+00
  0.3055E+00  0.2408E+00  0.1074E+00  0.1574E+00  0.1574E+00
  0.3061E+00  0.1492E+00  0.1155E+00  0.1573E+00  0.1573E+00
  0.3074E+00  0.2413E+00  0.1105E+00  0.1568E+00  0.1568E+00
  0.3080E+00  0.1388E-01  0.1024E+00  0.1566E+00  0.1566E+00
  0.3086E+00  0.1851E+00  0.1151E+00  0.1564E+00  0.1564E+00
  0.3092E+00  0.1595E+00  0.1016E+00  0.1561E+00  0.1561E+00
  0.3098E+00  0.8851E-01  0.1120E+00  0.1558E+00  0.1558E+00
  0.3104E+00  0.2276E+00  0.1056E+00  0.1556E+00  0.1556E+00
  0.3110E+00  0.2459E+00  0.1059E+00  0.1553E+00  0.1553E+00
  0.3116E+00  0.2494E+00  0.1101E+00  0.1550E+00  0.1550E+00
  0.3122E+00  0.1945E+00  0.1114E+00  0.1546E+00  0.1546E+00
  0.3128E+00  0.1563E+00  0.1050E+00  0.1543E+00  0.1543E+00
  0.3134E+00  0.3402E+00  0.1102E+00  0.1539E+00  0.1539E+00
  0.3146E+00  0.4345E-01  0.1013E+00  0.1532E+00  0.1532E+00
  0.3159E+00  0.7658E-01  0.1258E+00  0.1524E+00  0.1524E+00
  0.3165E+00  0.4858E-01  0.1374E+00  0.1520E+00  0.1520E+00
  0.3177E+00  0.1283E+00  0.1405E+00  0.1511E+00  0.1511E+00
  0.3183E+00  0.1397E+00  0.1293E+00  0.1506E+00  0.1506E+00
  0.3189E+00  0.3544E+00  0.1407E+00  0.1501E+00  0.1501E+00
  0.3195E+00  0.2407E+00  0.1579E+00  0.1496E+00  0.1496E+00
  0.3201E+00  0.2395E+00  0.1634E+00  0.1491E+00  0.1491E+00
  0.3207E+00  0.3015E+00  0.1836E+00  0.1486E+00  0.1486E+00
  0.3213E+00  0.2841E+00  0.2121E+00  0.1481E+00  0.1481E+00
  0.3219E+00  0.3703E+00  0.2805E+00  0.1476E+00  0.1476E+00
  0.3225E+00  0.4822E+00  0.3838E+00  0.1470E+00  0.1470E+00

           Distance distribution  function of particle  


       R          P(R)      ERROR

  0.0000E+00  0.0000E+00  0.0000E+00
  0.7330E+00  0.8971E-03  0.4904E-04
  0.1466E+01  0.1866E-02  0.8538E-04
  0.2199E+01  0.2908E-02  0.1097E-03
  0.2932E+01  0.4023E-02  0.1230E-03
  0.3665E+01  0.5210E-02  0.1268E-03
  0.4398E+01  0.6470E-02  0.1230E-03
  0.5131E+01  0.7802E-02  0.1141E-03
  0.5864E+01  0.9206E-02  0.1034E-03
  0.6597E+01  0.1068E-01  0.9517E-04
  0.7330E+01  0.1222E-01  0.9377E-04
  0.8063E+01  0.1382E-01  0.1011E-03
  0.8796E+01  0.1549E-01  0.1153E-03
  0.9529E+01  0.1720E-01  0.1329E-03
  0.1026E+02  0.1897E-01  0.1508E-03
  0.1099E+02  0.2077E-01  0.1668E-03
  0.1173E+02  0.2259E-01  0.1797E-03
  0.1246E+02  0.2444E-01  0.1889E-03
  0.1319E+02  0.2629E-01  0.1943E-03
  0.1393E+02  0.2813E-01  0.1963E-03
  0.1466E+02  0.2994E-01  0.1957E-03
  0.1539E+02  0.3172E-01  0.1937E-03
  0.1613E+02  0.3345E-01  0.1916E-03
  0.1686E+02  0.3511E-01  0.1906E-03
  0.1759E+02  0.3669E-01  0.1920E-03
  0.1832E+02  0.3817E-01  0.1963E-03
  0.1906E+02  0.3954E-01  0.2034E-03
  0.1979E+02  0.4080E-01  0.2127E-03
  0.2052E+02  0.4193E-01  0.2234E-03
  0.2126E+02  0.4291E-01  0.2346E-03
  0.2199E+02  0.4376E-01  0.2454E-03
  0.2272E+02  0.4446E-01  0.2554E-03
  0.2346E+02  0.4500E-01  0.2641E-03
  0.2419E+02  0.4540E-01  0.2718E-03
  0.2492E+02  0.4565E-01  0.2784E-03
  0.2566E+02  0.4576E-01  0.2844E-03
  0.2639E+02  0.4572E-01  0.2901E-03
  0.2712E+02  0.4556E-01  0.2958E-03
  0.2785E+02  0.4528E-01  0.3018E-03
  0.2859E+02  0.4488E-01  0.3081E-03
  0.2932E+02  0.4439E-01  0.3146E-03
  0.3005E+02  0.4380E-01  0.3210E-03
  0.3079E+02  0.4314E-01  0.3271E-03
  0.3152E+02  0.4240E-01  0.3325E-03
  0.3225E+02  0.4161E-01  0.3369E-03
  0.3298E+02  0.4078E-01  0.3401E-03
  0.3372E+02  0.3990E-01  0.3421E-03
  0.3445E+02  0.3900E-01  0.3431E-03
  0.3518E+02  0.3808E-01  0.3432E-03
  0.3592E+02  0.3715E-01  0.3427E-03
  0.3665E+02  0.3620E-01  0.3421E-03
  0.3738E+02  0.3525E-01  0.3416E-03
  0.3812E+02  0.3430E-01  0.3415E-03
  0.3885E+02  0.3335E-01  0.3419E-03
  0.3958E+02  0.3240E-01  0.3428E-03
  0.4031E+02  0.3146E-01  0.3441E-03
  0.4105E+02  0.3052E-01  0.3455E-03
  0.4178E+02  0.2958E-01  0.3467E-03
  0.4251E+02  0.2865E-01  0.3475E-03
  0.4325E+02  0.2772E-01  0.3477E-03
  0.4398E+02  0.2680E-01  0.3472E-03
  0.4471E+02  0.2588E-01  0.3460E-03
  0.4545E+02  0.2496E-01  0.3444E-03
  0.4618E+02  0.2405E-01  0.3425E-03
  0.4691E+02  0.2315E-01  0.3406E-03
  0.4764E+02  0.2226E-01  0.3392E-03
  0.4838E+02  0.2139E-01  0.3383E-03
  0.4911E+02  0.2052E-01  0.3382E-03
  0.4984E+02  0.1967E-01  0.3389E-03
  0.5058E+02  0.1884E-01  0.3402E-03
  0.5131E+02  0.1804E-01  0.3419E-03
  0.5204E+02  0.1726E-01  0.3437E-03
  0.5278E+02  0.1650E-01  0.3455E-03
  0.5351E+02  0.1577E-01  0.3469E-03
  0.5424E+02  0.1507E-01  0.3479E-03
  0.5498E+02  0.1440E-01  0.3485E-03
  0.5571E+02  0.1376E-01  0.3486E-03
  0.5644E+02  0.1315E-01  0.3486E-03
  0.5717E+02  0.1257E-01  0.3485E-03
  0.5791E+02  0.1201E-01  0.3485E-03
  0.5864E+02  0.1148E-01  0.3488E-03
  0.5937E+02  0.1096E-01  0.3494E-03
  0.6011E+02  0.1046E-01  0.3502E-03
  0.6084E+02  0.9977E-02  0.3509E-03
  0.6157E+02  0.9498E-02  0.3512E-03
  0.6230E+02  0.9022E-02  0.3507E-03
  0.6304E+02  0.8545E-02  0.3488E-03
  0.6377E+02  0.8062E-02  0.3451E-03
  0.6450E+02  0.7570E-02  0.3392E-03
  0.6524E+02  0.7064E-02  0.3306E-03
  0.6597E+02  0.6541E-02  0.3191E-03
  0.6670E+02  0.5998E-02  0.3044E-03
  0.6744E+02  0.5433E-02  0.2863E-03
  0.6817E+02  0.4844E-02  0.2647E-03
  0.6890E+02  0.4230E-02  0.2394E-03
  0.6964E+02  0.3590E-02  0.2102E-03
  0.7037E+02  0.2923E-02  0.1770E-03
  0.7110E+02  0.2230E-02  0.1397E-03
  0.7183E+02  0.1511E-02  0.9789E-04
  0.7257E+02  0.7677E-03  0.5143E-04
  0.7330E+02  0.0000E+00  0.0000E+00
          Reciprocal space: Rg =   24.88     , I(0) =   0.2125E+02
     Real space: Rg =   24.88 +- 0.096  I(0) =   0.2125E+02 +-  0.1240E+00
