
           ####    G N O M   ---   Version 4.5a revised 09/02/02     ####

                                                  Sat Nov  4 16:51:59 2017
           ===    Run No   1   ===
 Run title:  0.010641 129.856366 6.929132



          To optimize the performance, some input data points 
           have been joined. New number of points equals to 257

   *******   Working Directory :
   *******    Input file(s) : 25533_C11_1.mccd.dat
           Condition P(rmin) = 0 is used. 
           Condition P(rmax) = 0 is used. 

          Experimental conditions for the first run
          -----------------------------------------

          Highest ALPHA is found to be   0.3431E+03

  The measure of inconsistency AN1 equals to    0.9734E+00
     Alpha    Discrp  Oscill  Stabil  Sysdev  Positv  Valcen    Total   
  0.3431E+06 81.8565  1.3153  0.9553  0.0000  1.0000  0.8221  0.00001
  0.6863E+05 72.4545  1.3114  0.8384  0.0000  1.0000  0.8225  0.00001
  0.1373E+05 47.9615  1.3029  0.5274  0.1250  1.0000  0.8230  0.00001
  0.2745E+04 22.7655  1.3492  0.2003  0.0156  1.0000  0.8140  0.00001
  0.5490E+03  8.8409  1.5602  0.1091  0.1563  1.0000  0.7811  0.00001
  0.1098E+03  2.6494  1.7391  0.0426  0.2969  1.0000  0.7562  0.00002
  0.2196E+02  1.0560  1.8051  0.0109  0.5938  1.0000  0.7475  0.54149
  0.4392E+01  0.8847  1.8232  0.0029  0.7344  1.0000  0.7450  0.56911
  0.8785E+00  0.8751  1.8280  0.0022  0.7813  1.0000  0.7444  0.57812
  0.1757E+00  0.8734  1.8351  0.0079  0.7813  1.0000  0.7444  0.47982
  0.3514E-01  0.8689  1.9399  0.0358  0.7813  0.9999  0.7455  0.10000
  0.7028E-02  0.8553  3.0293  0.1036  0.7656  0.9982  0.7483  0.10000
  0.1406E-02  0.8386  5.8559  0.1233  0.7656  0.9864  0.7316  0.10000
  0.2811E-03  0.8277 10.2302  0.3780  0.7656  0.9516  0.6544  0.10000
  0.5622E-04  0.8105 16.4902  0.5082  0.7500  0.8542  0.4087  0.10000
  0.1124E-04  0.7962 19.9172  0.4958  0.7344  0.7785  0.2660  0.10000
  0.2249E-05  0.7815 20.8000  0.8820  0.7656  0.7458  0.2508  0.10000
  0.4498E-06  0.7539 19.0442  0.5335  0.7500  0.7255  0.2710  0.10000
  0.8995E-07  0.7369 20.2527  0.3561  0.7813  0.7177  0.2724  0.10000
  0.1799E-07  0.7266 22.2595  0.8507  0.7656  0.7131  0.2726  0.10000
  0.3598E-08  0.7059 20.2206  0.6171  0.7500  0.7063  0.2856  0.10000
  0.7196E-09  0.6818 22.8699  0.5130  0.7813  0.7099  0.3708  0.10000
  0.1439E-09  0.6360 31.0332  0.6441  0.7500  0.7224  0.4317  0.10000
  0.2879E-10  0.5390 37.6537  0.5907  0.7500  0.7128  0.3676  0.10000
  0.5757E-11  0.3853 43.1063  0.4847  0.7188  0.6941  0.2533  0.10000
  0.1151E-11  0.2072 47.7904  0.3492  0.7734  0.6834  0.2608  0.10000
  0.2303E-12  0.0755 50.0086  0.1805  0.8359  0.6930  0.2563  0.10000
  0.4606E-13  0.0190 50.6353  0.0531  0.8516  0.7040  0.2518  0.10000
  0.9211E-14  0.0040 50.7812  0.0117  0.8516  0.7075  0.2506  0.10000
  0.1842E-14  0.0008 50.8117  0.0024  0.8516  0.7083  0.2504  0.10000
  0.3684E-15  0.0002 50.8178  0.0005  0.8516  0.7085  0.2503  0.10000

          ***  Golden section search to maximize estimate ***
     Alpha    Discrp  Oscill  Stabil  Sysdev  Positv  Valcen    Total   
  0.1624E+01  0.8764  1.8267  0.0019  0.7813  1.0000  0.7446  0.59093
  0.2375E+01  0.8780  1.8257  0.0021  0.7656  1.0000  0.7447  0.58401
  0.1284E+01  0.8758  1.8272  0.0020  0.7813  1.0000  0.7445  0.58734
  0.1878E+01  0.8769  1.8264  0.0020  0.7813  1.0000  0.7446  0.59252
  0.2054E+01  0.8772  1.8261  0.0020  0.7656  1.0000  0.7447  0.58299
  0.1777E+01  0.8767  1.8265  0.0019  0.7813  1.0000  0.7446  0.59196
  0.1944E+01  0.8770  1.8263  0.0020  0.7813  1.0000  0.7446  0.59284
  0.1985E+01  0.8771  1.8262  0.0020  0.7813  1.0000  0.7446  0.59303
  0.2011E+01  0.8772  1.8262  0.0020  0.7813  1.0000  0.7446  0.59314
  0.2028E+01  0.8772  1.8261  0.0020  0.7656  1.0000  0.7446  0.58288
  0.2001E+01  0.8771  1.8262  0.0020  0.7813  1.0000  0.7446  0.59310
  0.2018E+01  0.8772  1.8262  0.0020  0.7813  1.0000  0.7446  0.59317
  0.2021E+01  0.8772  1.8262  0.0020  0.7813  1.0000  0.7446  0.59318
  0.2024E+01  0.8772  1.8262  0.0020  0.7813  1.0000  0.7446  0.59319
  0.2025E+01  0.8772  1.8261  0.0020  0.7656  1.0000  0.7446  0.58287
  0.2023E+01  0.8772  1.8262  0.0020  0.7813  1.0000  0.7446  0.59319
  0.2024E+01  0.8772  1.8262  0.0020  0.7813  1.0000  0.7446  0.59319



             ####            Final results            ####

 Parameter    DISCRP    OSCILL    STABIL    SYSDEV    POSITV    VALCEN
 Weight        1.000     3.000     3.000     4.000     1.000     1.000
 Sigma         0.500     0.600     0.120     0.200     0.120     0.120
 Ideal         1.000     1.100     0.000     1.000     1.000     0.950
 Current       0.877     1.826     0.002     0.781     1.000     0.745
                - - - - - - - - - - - - - - - - - - - - - - - - - 
 Estimate      0.941     0.231     1.000     0.302     1.000     0.053

  Angular   range    :     from    0.0116   to    0.3225
  Real space range   :     from      0.00   to    114.30

  Highest ALPHA (theor) :   0.343E+06                 JOB = 0
  Current ALPHA         :   0.202E+01   Rg :  0.281E+02   I(0) :   0.121E+03

           Total  estimate : 0.593  which is  A REASONABLE  solution

      S          J EXP       ERROR       J REG       I REG

  0.0000E+00                                      0.1209E+03
  0.1284E-02                                      0.1208E+03
  0.2568E-02                                      0.1207E+03
  0.3851E-02                                      0.1204E+03
  0.5135E-02                                      0.1201E+03
  0.6419E-02                                      0.1196E+03
  0.7703E-02                                      0.1190E+03
  0.8986E-02                                      0.1183E+03
  0.1027E-01                                      0.1176E+03
  0.1155E-01  0.1249E+03  0.2537E+01  0.1167E+03  0.1167E+03
  0.1277E-01  0.1202E+03  0.1769E+01  0.1158E+03  0.1158E+03
  0.1399E-01  0.1175E+03  0.1856E+01  0.1148E+03  0.1148E+03
  0.1520E-01  0.1150E+03  0.1147E+01  0.1138E+03  0.1138E+03
  0.1642E-01  0.1149E+03  0.9577E+00  0.1126E+03  0.1126E+03
  0.1763E-01  0.1140E+03  0.1009E+01  0.1114E+03  0.1114E+03
  0.1885E-01  0.1116E+03  0.9485E+00  0.1102E+03  0.1102E+03
  0.2007E-01  0.1101E+03  0.8657E+00  0.1088E+03  0.1088E+03
  0.2128E-01  0.1084E+03  0.7168E+00  0.1074E+03  0.1074E+03
  0.2250E-01  0.1058E+03  0.6248E+00  0.1060E+03  0.1060E+03
  0.2371E-01  0.1043E+03  0.6913E+00  0.1045E+03  0.1045E+03
  0.2493E-01  0.1030E+03  0.7421E+00  0.1030E+03  0.1030E+03
  0.2615E-01  0.1008E+03  0.6795E+00  0.1014E+03  0.1014E+03
  0.2736E-01  0.9893E+02  0.6456E+00  0.9975E+02  0.9975E+02
  0.2858E-01  0.9734E+02  0.6724E+00  0.9810E+02  0.9810E+02
  0.2980E-01  0.9581E+02  0.5775E+00  0.9641E+02  0.9641E+02
  0.3101E-01  0.9431E+02  0.5121E+00  0.9469E+02  0.9469E+02
  0.3223E-01  0.9313E+02  0.5476E+00  0.9295E+02  0.9295E+02
  0.3344E-01  0.9011E+02  0.5135E+00  0.9119E+02  0.9119E+02
  0.3466E-01  0.8885E+02  0.5235E+00  0.8942E+02  0.8942E+02
  0.3588E-01  0.8617E+02  0.4953E+00  0.8763E+02  0.8763E+02
  0.3709E-01  0.8386E+02  0.5059E+00  0.8583E+02  0.8583E+02
  0.3831E-01  0.8266E+02  0.4769E+00  0.8403E+02  0.8403E+02
  0.3953E-01  0.8135E+02  0.4540E+00  0.8223E+02  0.8223E+02
  0.4074E-01  0.8046E+02  0.4779E+00  0.8043E+02  0.8043E+02
  0.4196E-01  0.7836E+02  0.4785E+00  0.7863E+02  0.7863E+02
  0.4317E-01  0.7701E+02  0.4581E+00  0.7684E+02  0.7684E+02
  0.4439E-01  0.7573E+02  0.4467E+00  0.7506E+02  0.7506E+02
  0.4561E-01  0.7468E+02  0.3985E+00  0.7329E+02  0.7329E+02
  0.4682E-01  0.7237E+02  0.3920E+00  0.7153E+02  0.7153E+02
  0.4804E-01  0.7026E+02  0.3767E+00  0.6979E+02  0.6979E+02
  0.4925E-01  0.6782E+02  0.3582E+00  0.6807E+02  0.6807E+02
  0.5047E-01  0.6626E+02  0.3549E+00  0.6637E+02  0.6637E+02
  0.5169E-01  0.6489E+02  0.3645E+00  0.6469E+02  0.6469E+02
  0.5290E-01  0.6300E+02  0.3601E+00  0.6303E+02  0.6303E+02
  0.5412E-01  0.6136E+02  0.3604E+00  0.6139E+02  0.6139E+02
  0.5534E-01  0.5998E+02  0.3581E+00  0.5978E+02  0.5978E+02
  0.5655E-01  0.5848E+02  0.5741E+00  0.5820E+02  0.5820E+02
  0.5777E-01  0.5695E+02  0.3104E+00  0.5664E+02  0.5664E+02
  0.5898E-01  0.5577E+02  0.3209E+00  0.5510E+02  0.5510E+02
  0.6020E-01  0.5410E+02  0.3110E+00  0.5360E+02  0.5360E+02
  0.6142E-01  0.5205E+02  0.3433E+00  0.5212E+02  0.5212E+02
  0.6263E-01  0.5129E+02  0.3229E+00  0.5067E+02  0.5067E+02
  0.6385E-01  0.4934E+02  0.3288E+00  0.4925E+02  0.4925E+02
  0.6506E-01  0.4774E+02  0.3055E+00  0.4786E+02  0.4786E+02
  0.6628E-01  0.4662E+02  0.2899E+00  0.4650E+02  0.4650E+02
  0.6750E-01  0.4476E+02  0.2545E+00  0.4516E+02  0.4516E+02
  0.6871E-01  0.4392E+02  0.2812E+00  0.4385E+02  0.4385E+02
  0.6993E-01  0.4287E+02  0.2701E+00  0.4257E+02  0.4257E+02
  0.7114E-01  0.4156E+02  0.2546E+00  0.4132E+02  0.4132E+02
  0.7236E-01  0.4055E+02  0.2645E+00  0.4009E+02  0.4009E+02
  0.7358E-01  0.3942E+02  0.2460E+00  0.3889E+02  0.3889E+02
  0.7479E-01  0.3792E+02  0.2501E+00  0.3772E+02  0.3772E+02
  0.7601E-01  0.3648E+02  0.2323E+00  0.3657E+02  0.3657E+02
  0.7723E-01  0.3545E+02  0.2135E+00  0.3546E+02  0.3546E+02
  0.7844E-01  0.3447E+02  0.2324E+00  0.3436E+02  0.3436E+02
  0.7966E-01  0.3309E+02  0.2641E+00  0.3329E+02  0.3329E+02
  0.8087E-01  0.3194E+02  0.2495E+00  0.3225E+02  0.3225E+02
  0.8209E-01  0.3110E+02  0.2268E+00  0.3123E+02  0.3123E+02
  0.8331E-01  0.2945E+02  0.2273E+00  0.3023E+02  0.3023E+02
  0.8452E-01  0.2873E+02  0.2155E+00  0.2926E+02  0.2926E+02
  0.8574E-01  0.2775E+02  0.2111E+00  0.2831E+02  0.2831E+02
  0.8696E-01  0.2678E+02  0.2255E+00  0.2739E+02  0.2739E+02
  0.8817E-01  0.2646E+02  0.5066E+00  0.2649E+02  0.2649E+02
  0.8939E-01  0.2565E+02  0.2042E+00  0.2561E+02  0.2561E+02
  0.9060E-01  0.2481E+02  0.2130E+00  0.2475E+02  0.2475E+02
  0.9182E-01  0.2425E+02  0.2010E+00  0.2391E+02  0.2391E+02
  0.9304E-01  0.2324E+02  0.1967E+00  0.2310E+02  0.2310E+02
  0.9425E-01  0.2223E+02  0.1842E+00  0.2231E+02  0.2231E+02
  0.9547E-01  0.2168E+02  0.1961E+00  0.2154E+02  0.2154E+02
  0.9668E-01  0.2070E+02  0.1991E+00  0.2079E+02  0.2079E+02
  0.9790E-01  0.2017E+02  0.1873E+00  0.2006E+02  0.2006E+02
  0.9912E-01  0.1964E+02  0.1950E+00  0.1935E+02  0.1935E+02
  0.1003E+00  0.1896E+02  0.1839E+00  0.1866E+02  0.1866E+02
  0.1015E+00  0.1800E+02  0.1967E+00  0.1800E+02  0.1800E+02
  0.1028E+00  0.1754E+02  0.1862E+00  0.1735E+02  0.1735E+02
  0.1040E+00  0.1660E+02  0.1730E+00  0.1672E+02  0.1672E+02
  0.1052E+00  0.1603E+02  0.1774E+00  0.1611E+02  0.1611E+02
  0.1064E+00  0.1547E+02  0.1687E+00  0.1552E+02  0.1552E+02
  0.1076E+00  0.1478E+02  0.1591E+00  0.1495E+02  0.1495E+02
  0.1088E+00  0.1439E+02  0.1643E+00  0.1440E+02  0.1440E+02
  0.1101E+00  0.1420E+02  0.1668E+00  0.1387E+02  0.1387E+02
  0.1113E+00  0.1377E+02  0.1568E+00  0.1335E+02  0.1335E+02
  0.1125E+00  0.1306E+02  0.1584E+00  0.1285E+02  0.1285E+02
  0.1137E+00  0.1243E+02  0.1613E+00  0.1238E+02  0.1238E+02
  0.1149E+00  0.1193E+02  0.1589E+00  0.1191E+02  0.1191E+02
  0.1161E+00  0.1133E+02  0.1627E+00  0.1147E+02  0.1147E+02
  0.1174E+00  0.1126E+02  0.1610E+00  0.1104E+02  0.1104E+02
  0.1186E+00  0.1061E+02  0.1487E+00  0.1063E+02  0.1063E+02
  0.1198E+00  0.1015E+02  0.1550E+00  0.1023E+02  0.1023E+02
  0.1210E+00  0.9675E+01  0.1589E+00  0.9846E+01  0.9846E+01
  0.1222E+00  0.9583E+01  0.1452E+00  0.9479E+01  0.9479E+01
  0.1234E+00  0.9351E+01  0.1417E+00  0.9127E+01  0.9127E+01
  0.1247E+00  0.8918E+01  0.1427E+00  0.8788E+01  0.8788E+01
  0.1259E+00  0.8338E+01  0.1436E+00  0.8464E+01  0.8464E+01
  0.1271E+00  0.8049E+01  0.1457E+00  0.8152E+01  0.8152E+01
  0.1283E+00  0.7640E+01  0.1389E+00  0.7854E+01  0.7854E+01
  0.1295E+00  0.7276E+01  0.1463E+00  0.7568E+01  0.7568E+01
  0.1307E+00  0.7191E+01  0.1454E+00  0.7293E+01  0.7293E+01
  0.1320E+00  0.7039E+01  0.1394E+00  0.7030E+01  0.7030E+01
  0.1332E+00  0.6798E+01  0.1463E+00  0.6779E+01  0.6779E+01
  0.1344E+00  0.6319E+01  0.1513E+00  0.6538E+01  0.6538E+01
  0.1356E+00  0.5986E+01  0.1397E+00  0.6307E+01  0.6307E+01
  0.1368E+00  0.5937E+01  0.1361E+00  0.6085E+01  0.6085E+01
  0.1380E+00  0.6132E+01  0.1402E+00  0.5873E+01  0.5873E+01
  0.1392E+00  0.5623E+01  0.1430E+00  0.5671E+01  0.5671E+01
  0.1405E+00  0.5423E+01  0.1436E+00  0.5476E+01  0.5476E+01
  0.1417E+00  0.5193E+01  0.1417E+00  0.5290E+01  0.5290E+01
  0.1429E+00  0.5130E+01  0.1378E+00  0.5112E+01  0.5112E+01
  0.1441E+00  0.4972E+01  0.1473E+00  0.4941E+01  0.4941E+01
  0.1453E+00  0.4947E+01  0.1420E+00  0.4778E+01  0.4778E+01
  0.1465E+00  0.4730E+01  0.1330E+00  0.4621E+01  0.4621E+01
  0.1478E+00  0.4686E+01  0.1293E+00  0.4471E+01  0.4471E+01
  0.1490E+00  0.4364E+01  0.1323E+00  0.4326E+01  0.4326E+01
  0.1502E+00  0.3938E+01  0.1232E+00  0.4188E+01  0.4188E+01
  0.1514E+00  0.3907E+01  0.1273E+00  0.4055E+01  0.4055E+01
  0.1526E+00  0.4050E+01  0.1325E+00  0.3928E+01  0.3928E+01
  0.1538E+00  0.3635E+01  0.1329E+00  0.3806E+01  0.3806E+01
  0.1551E+00  0.3554E+01  0.1339E+00  0.3689E+01  0.3689E+01
  0.1563E+00  0.3544E+01  0.1232E+00  0.3576E+01  0.3576E+01
  0.1575E+00  0.3542E+01  0.1243E+00  0.3468E+01  0.3468E+01
  0.1587E+00  0.3560E+01  0.1256E+00  0.3364E+01  0.3364E+01
  0.1599E+00  0.3354E+01  0.1281E+00  0.3264E+01  0.3264E+01
  0.1611E+00  0.2856E+01  0.1279E+00  0.3167E+01  0.3167E+01
  0.1624E+00  0.2933E+01  0.1177E+00  0.3075E+01  0.3075E+01
  0.1636E+00  0.3235E+01  0.1228E+00  0.2986E+01  0.2986E+01
  0.1648E+00  0.3013E+01  0.1166E+00  0.2900E+01  0.2900E+01
  0.1660E+00  0.2873E+01  0.1184E+00  0.2818E+01  0.2818E+01
  0.1672E+00  0.2950E+01  0.1248E+00  0.2739E+01  0.2739E+01
  0.1684E+00  0.2792E+01  0.1190E+00  0.2662E+01  0.2662E+01
  0.1696E+00  0.2652E+01  0.1166E+00  0.2589E+01  0.2589E+01
  0.1709E+00  0.2643E+01  0.1386E+00  0.2518E+01  0.2518E+01
  0.1721E+00  0.2659E+01  0.1234E+00  0.2449E+01  0.2449E+01
  0.1733E+00  0.2426E+01  0.1204E+00  0.2384E+01  0.2384E+01
  0.1745E+00  0.2264E+01  0.1271E+00  0.2320E+01  0.2320E+01
  0.1757E+00  0.2651E+01  0.1554E+00  0.2259E+01  0.2259E+01
  0.1769E+00  0.2028E+01  0.2312E+00  0.2200E+01  0.2200E+01
  0.1782E+00  0.1953E+01  0.7039E+00  0.2142E+01  0.2142E+01
  0.1794E+00  0.2073E+01  0.1177E+00  0.2087E+01  0.2087E+01
  0.1806E+00  0.1772E+01  0.1154E+00  0.2034E+01  0.2034E+01
  0.1818E+00  0.1531E+01  0.1160E+00  0.1983E+01  0.1983E+01
  0.1830E+00  0.1641E+01  0.1190E+00  0.1933E+01  0.1933E+01
  0.1842E+00  0.1529E+01  0.1190E+00  0.1885E+01  0.1885E+01
  0.1855E+00  0.1741E+01  0.1212E+00  0.1839E+01  0.1839E+01
  0.1867E+00  0.1681E+01  0.1462E+00  0.1794E+01  0.1794E+01
  0.1879E+00  0.1834E+01  0.1148E+00  0.1750E+01  0.1750E+01
  0.1891E+00  0.1690E+01  0.1141E+00  0.1709E+01  0.1709E+01
  0.1903E+00  0.1614E+01  0.1127E+00  0.1668E+01  0.1668E+01
  0.1915E+00  0.1766E+01  0.1111E+00  0.1629E+01  0.1629E+01
  0.1928E+00  0.1795E+01  0.1123E+00  0.1591E+01  0.1591E+01
  0.1940E+00  0.1701E+01  0.1152E+00  0.1554E+01  0.1554E+01
  0.1952E+00  0.1653E+01  0.1759E+00  0.1519E+01  0.1519E+01
  0.1964E+00  0.1518E+01  0.1084E+00  0.1485E+01  0.1485E+01
  0.1976E+00  0.1203E+01  0.1060E+00  0.1452E+01  0.1452E+01
  0.1988E+00  0.1367E+01  0.1075E+00  0.1420E+01  0.1420E+01
  0.2001E+00  0.1318E+01  0.1078E+00  0.1389E+01  0.1389E+01
  0.2013E+00  0.1300E+01  0.1096E+00  0.1359E+01  0.1359E+01
  0.2025E+00  0.1479E+01  0.1152E+00  0.1331E+01  0.1331E+01
  0.2037E+00  0.1525E+01  0.1050E+00  0.1304E+01  0.1304E+01
  0.2049E+00  0.1328E+01  0.1026E+00  0.1277E+01  0.1277E+01
  0.2061E+00  0.1261E+01  0.2021E+00  0.1252E+01  0.1252E+01
  0.2073E+00  0.1239E+01  0.2156E+00  0.1228E+01  0.1228E+01
  0.2086E+00  0.1072E+01  0.1653E+00  0.1205E+01  0.1205E+01
  0.2098E+00  0.1219E+01  0.1042E+00  0.1183E+01  0.1183E+01
  0.2110E+00  0.1267E+01  0.1028E+00  0.1162E+01  0.1162E+01
  0.2122E+00  0.1014E+01  0.1054E+00  0.1142E+01  0.1142E+01
  0.2134E+00  0.1094E+01  0.1104E+00  0.1123E+01  0.1123E+01
  0.2146E+00  0.1075E+01  0.1044E+00  0.1105E+01  0.1105E+01
  0.2159E+00  0.1155E+01  0.1011E+00  0.1088E+01  0.1088E+01
  0.2171E+00  0.1131E+01  0.1593E+00  0.1072E+01  0.1072E+01
  0.2183E+00  0.7904E+00  0.1787E+00  0.1058E+01  0.1058E+01
  0.2195E+00  0.1228E+01  0.1031E+00  0.1044E+01  0.1044E+01
  0.2207E+00  0.1010E+01  0.1022E+00  0.1031E+01  0.1031E+01
  0.2219E+00  0.1225E+01  0.9828E-01  0.1019E+01  0.1019E+01
  0.2232E+00  0.1032E+01  0.9963E-01  0.1008E+01  0.1008E+01
  0.2244E+00  0.9995E+00  0.9534E-01  0.9978E+00  0.9978E+00
  0.2256E+00  0.1076E+01  0.9737E-01  0.9886E+00  0.9886E+00
  0.2268E+00  0.1019E+01  0.9752E-01  0.9801E+00  0.9801E+00
  0.2280E+00  0.7376E+00  0.1003E+00  0.9725E+00  0.9725E+00
  0.2292E+00  0.7125E+00  0.9808E-01  0.9657E+00  0.9657E+00
  0.2304E+00  0.9314E+00  0.9919E-01  0.9595E+00  0.9595E+00
  0.2317E+00  0.7655E+00  0.9997E-01  0.9540E+00  0.9540E+00
  0.2329E+00  0.9065E+00  0.1044E+00  0.9493E+00  0.9493E+00
  0.2341E+00  0.9062E+00  0.1025E+00  0.9451E+00  0.9451E+00
  0.2353E+00  0.8193E+00  0.9904E-01  0.9414E+00  0.9414E+00
  0.2365E+00  0.9547E+00  0.9707E-01  0.9383E+00  0.9383E+00
  0.2377E+00  0.8827E+00  0.9617E-01  0.9356E+00  0.9356E+00
  0.2390E+00  0.9694E+00  0.9996E-01  0.9334E+00  0.9334E+00
  0.2402E+00  0.8949E+00  0.9513E-01  0.9315E+00  0.9315E+00
  0.2414E+00  0.8019E+00  0.1022E+00  0.9300E+00  0.9300E+00
  0.2426E+00  0.1150E+01  0.1016E+00  0.9287E+00  0.9287E+00
  0.2438E+00  0.1181E+01  0.1386E+00  0.9277E+00  0.9277E+00
  0.2450E+00  0.8048E+00  0.9345E-01  0.9269E+00  0.9269E+00
  0.2463E+00  0.8750E+00  0.9298E-01  0.9262E+00  0.9262E+00
  0.2475E+00  0.9146E+00  0.9396E-01  0.9257E+00  0.9257E+00
  0.2487E+00  0.1010E+01  0.9524E-01  0.9253E+00  0.9253E+00
  0.2499E+00  0.1060E+01  0.9380E-01  0.9249E+00  0.9249E+00
  0.2511E+00  0.8562E+00  0.9204E-01  0.9245E+00  0.9245E+00
  0.2523E+00  0.9441E+00  0.9614E-01  0.9242E+00  0.9242E+00
  0.2536E+00  0.1001E+01  0.9409E-01  0.9238E+00  0.9238E+00
  0.2548E+00  0.9072E+00  0.9902E-01  0.9234E+00  0.9234E+00
  0.2560E+00  0.1014E+01  0.9995E-01  0.9229E+00  0.9229E+00
  0.2572E+00  0.8809E+00  0.9436E-01  0.9223E+00  0.9223E+00
  0.2584E+00  0.8611E+00  0.8959E-01  0.9217E+00  0.9217E+00
  0.2596E+00  0.9820E+00  0.9134E-01  0.9210E+00  0.9210E+00
  0.2608E+00  0.9854E+00  0.9510E-01  0.9201E+00  0.9201E+00
  0.2621E+00  0.1041E+01  0.9566E-01  0.9191E+00  0.9191E+00
  0.2633E+00  0.9697E+00  0.8964E-01  0.9181E+00  0.9181E+00
  0.2645E+00  0.8898E+00  0.9202E-01  0.9169E+00  0.9169E+00
  0.2657E+00  0.8393E+00  0.9232E-01  0.9156E+00  0.9156E+00
  0.2669E+00  0.7595E+00  0.8921E-01  0.9142E+00  0.9142E+00
  0.2681E+00  0.7854E+00  0.9162E-01  0.9127E+00  0.9127E+00
  0.2694E+00  0.8190E+00  0.9108E-01  0.9112E+00  0.9112E+00
  0.2706E+00  0.9205E+00  0.9375E-01  0.9096E+00  0.9096E+00
  0.2718E+00  0.1136E+01  0.9194E-01  0.9078E+00  0.9078E+00
  0.2730E+00  0.9867E+00  0.8909E-01  0.9060E+00  0.9060E+00
  0.2742E+00  0.8981E+00  0.8705E-01  0.9042E+00  0.9042E+00
  0.2754E+00  0.1030E+01  0.8674E-01  0.9023E+00  0.9023E+00
  0.2767E+00  0.9334E+00  0.8585E-01  0.9004E+00  0.9004E+00
  0.2779E+00  0.7448E+00  0.8564E-01  0.8985E+00  0.8985E+00
  0.2791E+00  0.9277E+00  0.8648E-01  0.8965E+00  0.8965E+00
  0.2803E+00  0.9095E+00  0.8669E-01  0.8946E+00  0.8946E+00
  0.2815E+00  0.8167E+00  0.8645E-01  0.8926E+00  0.8926E+00
  0.2827E+00  0.8835E+00  0.8520E-01  0.8906E+00  0.8906E+00
  0.2839E+00  0.8805E+00  0.8254E-01  0.8886E+00  0.8886E+00
  0.2852E+00  0.7946E+00  0.8269E-01  0.8867E+00  0.8867E+00
  0.2864E+00  0.8808E+00  0.8273E-01  0.8847E+00  0.8847E+00
  0.2876E+00  0.8982E+00  0.8273E-01  0.8827E+00  0.8827E+00
  0.2888E+00  0.8702E+00  0.8161E-01  0.8807E+00  0.8807E+00
  0.2900E+00  0.9921E+00  0.8568E-01  0.8787E+00  0.8787E+00
  0.2912E+00  0.8407E+00  0.8348E-01  0.8767E+00  0.8767E+00
  0.2925E+00  0.8990E+00  0.8179E-01  0.8747E+00  0.8747E+00
  0.2937E+00  0.9719E+00  0.8059E-01  0.8726E+00  0.8726E+00
  0.2949E+00  0.7913E+00  0.8253E-01  0.8705E+00  0.8705E+00
  0.2961E+00  0.8795E+00  0.8167E-01  0.8683E+00  0.8683E+00
  0.2973E+00  0.8315E+00  0.8019E-01  0.8661E+00  0.8661E+00
  0.2985E+00  0.8802E+00  0.8288E-01  0.8638E+00  0.8638E+00
  0.2998E+00  0.6371E+00  0.8309E-01  0.8615E+00  0.8615E+00
  0.3010E+00  0.6904E+00  0.7970E-01  0.8590E+00  0.8590E+00
  0.3022E+00  0.8057E+00  0.8104E-01  0.8565E+00  0.8565E+00
  0.3034E+00  0.1019E+01  0.7854E-01  0.8538E+00  0.8538E+00
  0.3046E+00  0.9831E+00  0.8028E-01  0.8510E+00  0.8510E+00
  0.3058E+00  0.9577E+00  0.7663E-01  0.8481E+00  0.8481E+00
  0.3070E+00  0.8406E+00  0.7301E-01  0.8450E+00  0.8450E+00
  0.3083E+00  0.8945E+00  0.7788E-01  0.8418E+00  0.8418E+00
  0.3095E+00  0.9026E+00  0.2483E+00  0.8384E+00  0.8384E+00
  0.3107E+00  0.7196E+00  0.1319E+00  0.8348E+00  0.8348E+00
  0.3119E+00  0.7743E+00  0.7650E-01  0.8312E+00  0.8312E+00
  0.3131E+00  0.1003E+01  0.7700E-01  0.8273E+00  0.8273E+00
  0.3143E+00  0.9060E+00  0.7684E-01  0.8233E+00  0.8233E+00
  0.3156E+00  0.8753E+00  0.8038E-01  0.8191E+00  0.8191E+00
  0.3168E+00  0.7393E+00  0.9159E-01  0.8148E+00  0.8148E+00
  0.3180E+00  0.7138E+00  0.9704E-01  0.8103E+00  0.8103E+00
  0.3192E+00  0.5403E+00  0.1066E+00  0.8057E+00  0.8057E+00
  0.3204E+00  0.1004E+01  0.1355E+00  0.8009E+00  0.8009E+00
  0.3216E+00  0.9257E+00  0.2330E+00  0.7959E+00  0.7959E+00
  0.3225E+00  0.1021E+01  0.2337E+01  0.7921E+00  0.7921E+00

           Distance distribution  function of particle  


       R          P(R)      ERROR

  0.0000E+00  0.0000E+00  0.0000E+00
  0.1143E+01  0.7894E-02  0.1871E-03
  0.2286E+01  0.1649E-01  0.2699E-03
  0.3429E+01  0.2583E-01  0.2631E-03
  0.4572E+01  0.3596E-01  0.1910E-03
  0.5715E+01  0.4693E-01  0.1048E-03
  0.6858E+01  0.5879E-01  0.1449E-03
  0.8001E+01  0.7155E-01  0.2626E-03
  0.9144E+01  0.8519E-01  0.3637E-03
  0.1029E+02  0.9964E-01  0.4227E-03
  0.1143E+02  0.1148E+00  0.4308E-03
  0.1257E+02  0.1304E+00  0.3913E-03
  0.1372E+02  0.1462E+00  0.3221E-03
  0.1486E+02  0.1619E+00  0.2639E-03
  0.1600E+02  0.1772E+00  0.2743E-03
  0.1714E+02  0.1918E+00  0.3519E-03
  0.1829E+02  0.2052E+00  0.4426E-03
  0.1943E+02  0.2171E+00  0.5090E-03
  0.2057E+02  0.2273E+00  0.5338E-03
  0.2172E+02  0.2356E+00  0.5138E-03
  0.2286E+02  0.2417E+00  0.4596E-03
  0.2400E+02  0.2457E+00  0.3977E-03
  0.2515E+02  0.2476E+00  0.3713E-03
  0.2629E+02  0.2474E+00  0.4095E-03
  0.2743E+02  0.2454E+00  0.4900E-03
  0.2857E+02  0.2417E+00  0.5710E-03
  0.2972E+02  0.2368E+00  0.6232E-03
  0.3086E+02  0.2307E+00  0.6327E-03
  0.3200E+02  0.2238E+00  0.5984E-03
  0.3315E+02  0.2164E+00  0.5327E-03
  0.3429E+02  0.2087E+00  0.4635E-03
  0.3543E+02  0.2008E+00  0.4323E-03
  0.3658E+02  0.1930E+00  0.4662E-03
  0.3772E+02  0.1851E+00  0.5458E-03
  0.3886E+02  0.1774E+00  0.6318E-03
  0.4001E+02  0.1697E+00  0.6963E-03
  0.4115E+02  0.1622E+00  0.7274E-03
  0.4229E+02  0.1546E+00  0.7266E-03
  0.4343E+02  0.1471E+00  0.7067E-03
  0.4458E+02  0.1395E+00  0.6883E-03
  0.4572E+02  0.1319E+00  0.6908E-03
  0.4686E+02  0.1242E+00  0.7207E-03
  0.4801E+02  0.1165E+00  0.7673E-03
  0.4915E+02  0.1089E+00  0.8120E-03
  0.5029E+02  0.1014E+00  0.8393E-03
  0.5144E+02  0.9407E-01  0.8433E-03
  0.5258E+02  0.8705E-01  0.8290E-03
  0.5372E+02  0.8039E-01  0.8109E-03
  0.5486E+02  0.7416E-01  0.8068E-03
  0.5601E+02  0.6841E-01  0.8279E-03
  0.5715E+02  0.6315E-01  0.8707E-03
  0.5829E+02  0.5841E-01  0.9191E-03
  0.5944E+02  0.5418E-01  0.9542E-03
  0.6058E+02  0.5041E-01  0.9626E-03
  0.6172E+02  0.4708E-01  0.9400E-03
  0.6287E+02  0.4413E-01  0.8932E-03
  0.6401E+02  0.4152E-01  0.8395E-03
  0.6515E+02  0.3920E-01  0.8028E-03
  0.6629E+02  0.3713E-01  0.8033E-03
  0.6744E+02  0.3527E-01  0.8447E-03
  0.6858E+02  0.3360E-01  0.9130E-03
  0.6972E+02  0.3211E-01  0.9882E-03
  0.7087E+02  0.3077E-01  0.1056E-02
  0.7201E+02  0.2957E-01  0.1111E-02
  0.7315E+02  0.2850E-01  0.1157E-02
  0.7430E+02  0.2753E-01  0.1197E-02
  0.7544E+02  0.2666E-01  0.1236E-02
  0.7658E+02  0.2583E-01  0.1273E-02
  0.7772E+02  0.2504E-01  0.1300E-02
  0.7887E+02  0.2423E-01  0.1307E-02
  0.8001E+02  0.2338E-01  0.1287E-02
  0.8115E+02  0.2247E-01  0.1239E-02
  0.8230E+02  0.2147E-01  0.1172E-02
  0.8344E+02  0.2037E-01  0.1106E-02
  0.8458E+02  0.1919E-01  0.1069E-02
  0.8572E+02  0.1794E-01  0.1082E-02
  0.8687E+02  0.1664E-01  0.1146E-02
  0.8801E+02  0.1533E-01  0.1239E-02
  0.8915E+02  0.1405E-01  0.1330E-02
  0.9030E+02  0.1285E-01  0.1392E-02
  0.9144E+02  0.1175E-01  0.1412E-02
  0.9258E+02  0.1079E-01  0.1383E-02
  0.9373E+02  0.9969E-02  0.1315E-02
  0.9487E+02  0.9287E-02  0.1224E-02
  0.9601E+02  0.8728E-02  0.1137E-02
  0.9716E+02  0.8262E-02  0.1080E-02
  0.9830E+02  0.7853E-02  0.1071E-02
  0.9944E+02  0.7461E-02  0.1103E-02
  0.1006E+03  0.7049E-02  0.1157E-02
  0.1017E+03  0.6590E-02  0.1215E-02
  0.1029E+03  0.6067E-02  0.1267E-02
  0.1040E+03  0.5482E-02  0.1315E-02
  0.1052E+03  0.4848E-02  0.1371E-02
  0.1063E+03  0.4192E-02  0.1444E-02
  0.1074E+03  0.3546E-02  0.1529E-02
  0.1086E+03  0.2940E-02  0.1601E-02
  0.1097E+03  0.2391E-02  0.1619E-02
  0.1109E+03  0.1890E-02  0.1530E-02
  0.1120E+03  0.1394E-02  0.1272E-02
  0.1132E+03  0.8119E-03  0.7825E-03
  0.1143E+03  0.0000E+00  0.0000E+00
          Reciprocal space: Rg =   28.14     , I(0) =   0.1209E+03
     Real space: Rg =   28.27 +- 0.180  I(0) =   0.1209E+03 +-  0.3473E+00
