
           ####    G N O M   ---   Version 4.5a revised 09/02/02     ####

                                                  Sat Nov  4 16:52:11 2017
           ===    Run No   1   ===
 Run title:  0.010641 30.217917 5.047822


   *******   Working Directory :
   *******    Input file(s) : 25533_C7_4.mccd.dat
           Condition P(rmin) = 0 is used. 
           Condition P(rmax) = 0 is used. 

          Experimental conditions for the first run
          -----------------------------------------

          Highest ALPHA is found to be   0.3341E+02

  The measure of inconsistency AN1 equals to    0.9333E+00
     Alpha    Discrp  Oscill  Stabil  Sysdev  Positv  Valcen    Total   
  0.3341E+05 23.5793  1.1837  0.9476  0.0000  1.0000  0.8574  0.00001
  0.6683E+04 20.1928  1.1801  0.8097  0.0157  1.0000  0.8585  0.00001
  0.1337E+04 12.0915  1.1690  0.4760  0.3796  1.0000  0.8626  0.00001
  0.2673E+03  4.8892  1.1731  0.1673  0.2701  1.0000  0.8694  0.00001
  0.5346E+02  1.8602  1.2553  0.0712  0.4540  1.0000  0.8721  0.44675
  0.1069E+02  0.7996  1.3491  0.0307  0.7280  1.0000  0.8740  0.56463
  0.2139E+01  0.6002  1.3962  0.0106  0.8376  1.0000  0.8753  0.57342
  0.4277E+00  0.5757  1.4267  0.0147  0.8297  1.0000  0.8757  0.10000
  0.8554E-01  0.5598  1.5398  0.0265  0.8767  1.0000  0.8746  0.10000
  0.1711E-01  0.5444  2.0050  0.0779  0.8767  0.9998  0.8680  0.10000
  0.3422E-02  0.5211  3.8685  0.1539  0.9002  0.9955  0.8418  0.10000
  0.6843E-03  0.5072  5.9702  0.0862  0.8845  0.9830  0.8028  0.10000
  0.1369E-03  0.5050  7.0578  0.1130  0.8845  0.9729  0.7856  0.10000
  0.2737E-04  0.5043  8.5293  0.1524  0.8845  0.9578  0.7706  0.10000
  0.5475E-05  0.5041  9.8652  0.1247  0.8924  0.9414  0.7411  0.10000
  0.1095E-05  0.5041 11.2161  0.4258  0.9002  0.9253  0.6308  0.10000
  0.2190E-06  0.5040 12.4171  0.7436  0.9002  0.8641  0.4334  0.10000
  0.4380E-07  0.5036 13.5110  0.8752  0.9080  0.7582  0.3291  0.10000
  0.8759E-08  0.5023 14.1191  0.7808  0.9159  0.7213  0.3128  0.10000
  0.1752E-08  0.5002 14.3114  0.5010  0.9237  0.7170  0.3132  0.10000
  0.3504E-09  0.4983 15.6732  0.6142  0.9237  0.7267  0.3117  0.10000
  0.7008E-10  0.4932 19.0334  0.8116  0.9159  0.7294  0.2718  0.10000
  0.1402E-10  0.4758 22.8841  0.7027  0.9237  0.7165  0.2772  0.10000
  0.2803E-11  0.4284 29.6130  0.6393  0.9159  0.6875  0.2792  0.10000
  0.5606E-12  0.3296 36.1907  0.5423  0.9237  0.6755  0.2701  0.10000
  0.1121E-12  0.1931 41.2247  0.3663  0.9237  0.6840  0.2266  0.10000
  0.2242E-13  0.0777 45.4641  0.1949  0.9237  0.6828  0.2222  0.10000
  0.4485E-14  0.0215 47.5799  0.0724  0.9080  0.6862  0.2145  0.10000
  0.8970E-15  0.0047 48.1780  0.0177  0.9002  0.6893  0.2114  0.10000
  0.1794E-15  0.0010 48.3087  0.0037  0.9002  0.6902  0.2106  0.10000
  0.3588E-16  0.0002 48.3353  0.0008  0.9002  0.6904  0.2104  0.10000

          ***  Golden section search to maximize estimate ***
     Alpha    Discrp  Oscill  Stabil  Sysdev  Positv  Valcen    Total   
  0.3955E+01  0.6318  1.3831  0.0151  0.8689  1.0000  0.8749  0.62932
  0.5782E+01  0.6716  1.3723  0.0198  0.8376  1.0000  0.8746  0.61776
  0.3127E+01  0.6162  1.3886  0.0129  0.8532  1.0000  0.8751  0.60457
  0.4572E+01  0.6445  1.3792  0.0167  0.8845  1.0000  0.8748  0.64965
  0.5001E+01  0.6538  1.3767  0.0178  0.8532  1.0000  0.8748  0.62557
  0.4326E+01  0.6393  1.3808  0.0161  0.8767  1.0000  0.8749  0.64031
  0.4732E+01  0.6479  1.3783  0.0171  0.8767  1.0000  0.8748  0.64427
  0.4476E+01  0.6425  1.3798  0.0165  0.8767  1.0000  0.8749  0.64183
  0.4632E+01  0.6458  1.3789  0.0169  0.8845  1.0000  0.8748  0.65022
  0.4670E+01  0.6466  1.3787  0.0170  0.8845  1.0000  0.8748  0.65058
  0.4693E+01  0.6471  1.3785  0.0170  0.8767  1.0000  0.8748  0.64391
  0.4656E+01  0.6463  1.3787  0.0169  0.8845  1.0000  0.8748  0.65044
  0.4679E+01  0.6468  1.3786  0.0170  0.8767  1.0000  0.8748  0.64378
  0.4665E+01  0.6465  1.3787  0.0170  0.8845  1.0000  0.8748  0.65053
  0.4670E+01  0.6466  1.3787  0.0170  0.8845  1.0000  0.8748  0.65058



             ####            Final results            ####

 Parameter    DISCRP    OSCILL    STABIL    SYSDEV    POSITV    VALCEN
 Weight        1.000     3.000     3.000     4.000     1.000     1.000
 Sigma         0.500     0.600     0.120     0.200     0.120     0.120
 Ideal         1.000     1.100     0.000     1.000     1.000     0.950
 Current       0.647     1.379     0.017     0.885     1.000     0.875
                - - - - - - - - - - - - - - - - - - - - - - - - - 
 Estimate      0.607     0.806     0.980     0.717     1.000     0.675

  Angular   range    :     from    0.0112   to    0.3225
  Real space range   :     from      0.00   to     90.09

  Highest ALPHA (theor) :   0.334E+05                 JOB = 0
  Current ALPHA         :   0.467E+01   Rg :  0.270E+02   I(0) :   0.389E+02

           Total  estimate : 0.651  which is  A REASONABLE  solution

      S          J EXP       ERROR       J REG       I REG

  0.0000E+00                                      0.3887E+02
  0.6250E-03                                      0.3887E+02
  0.1250E-02                                      0.3886E+02
  0.1875E-02                                      0.3884E+02
  0.2500E-02                                      0.3881E+02
  0.3125E-02                                      0.3878E+02
  0.3750E-02                                      0.3874E+02
  0.4375E-02                                      0.3869E+02
  0.5000E-02                                      0.3863E+02
  0.5625E-02                                      0.3857E+02
  0.6250E-02                                      0.3850E+02
  0.6875E-02                                      0.3843E+02
  0.7500E-02                                      0.3834E+02
  0.8125E-02                                      0.3825E+02
  0.8750E-02                                      0.3815E+02
  0.9375E-02                                      0.3805E+02
  0.1000E-01                                      0.3794E+02
  0.1063E-01                                      0.3782E+02
  0.1125E-01  0.3586E+02  0.3748E+01  0.3769E+02  0.3769E+02
  0.1186E-01  0.4099E+02  0.5565E+01  0.3756E+02  0.3756E+02
  0.1247E-01  0.3511E+02  0.2802E+01  0.3743E+02  0.3743E+02
  0.1307E-01  0.3469E+02  0.2871E+01  0.3729E+02  0.3729E+02
  0.1368E-01  0.4087E+02  0.2054E+01  0.3714E+02  0.3714E+02
  0.1429E-01  0.3552E+02  0.2202E+01  0.3699E+02  0.3699E+02
  0.1490E-01  0.4177E+02  0.1565E+01  0.3683E+02  0.3683E+02
  0.1551E-01  0.3434E+02  0.1885E+01  0.3667E+02  0.3667E+02
  0.1611E-01  0.3736E+02  0.1788E+01  0.3650E+02  0.3650E+02
  0.1672E-01  0.3793E+02  0.1640E+01  0.3632E+02  0.3632E+02
  0.1733E-01  0.3521E+02  0.1685E+01  0.3614E+02  0.3614E+02
  0.1794E-01  0.3621E+02  0.1426E+01  0.3596E+02  0.3596E+02
  0.1855E-01  0.3599E+02  0.9534E+00  0.3577E+02  0.3577E+02
  0.1916E-01  0.3666E+02  0.1246E+01  0.3557E+02  0.3557E+02
  0.1976E-01  0.3660E+02  0.1067E+01  0.3537E+02  0.3537E+02
  0.2037E-01  0.3651E+02  0.1156E+01  0.3516E+02  0.3516E+02
  0.2098E-01  0.3670E+02  0.1206E+01  0.3495E+02  0.3495E+02
  0.2159E-01  0.3515E+02  0.9070E+00  0.3474E+02  0.3474E+02
  0.2219E-01  0.3407E+02  0.9307E+00  0.3452E+02  0.3452E+02
  0.2280E-01  0.3397E+02  0.6886E+00  0.3429E+02  0.3429E+02
  0.2341E-01  0.3425E+02  0.8835E+00  0.3406E+02  0.3406E+02
  0.2402E-01  0.3404E+02  0.8170E+00  0.3383E+02  0.3383E+02
  0.2463E-01  0.3346E+02  0.6779E+00  0.3359E+02  0.3359E+02
  0.2524E-01  0.3329E+02  0.7637E+00  0.3335E+02  0.3335E+02
  0.2584E-01  0.3352E+02  0.7081E+00  0.3311E+02  0.3311E+02
  0.2645E-01  0.3323E+02  0.7266E+00  0.3286E+02  0.3286E+02
  0.2706E-01  0.3393E+02  0.6068E+00  0.3261E+02  0.3261E+02
  0.2767E-01  0.3243E+02  0.6142E+00  0.3235E+02  0.3235E+02
  0.2828E-01  0.3279E+02  0.5793E+00  0.3209E+02  0.3209E+02
  0.2888E-01  0.3242E+02  0.6676E+00  0.3183E+02  0.3183E+02
  0.2949E-01  0.3238E+02  0.6253E+00  0.3157E+02  0.3157E+02
  0.3010E-01  0.3190E+02  0.5574E+00  0.3130E+02  0.3130E+02
  0.3071E-01  0.3134E+02  0.5597E+00  0.3103E+02  0.3103E+02
  0.3132E-01  0.3158E+02  0.6280E+00  0.3076E+02  0.3076E+02
  0.3192E-01  0.3097E+02  0.4790E+00  0.3048E+02  0.3048E+02
  0.3253E-01  0.2946E+02  0.6072E+00  0.3021E+02  0.3021E+02
  0.3314E-01  0.2871E+02  0.5500E+00  0.2993E+02  0.2993E+02
  0.3375E-01  0.2951E+02  0.5978E+00  0.2965E+02  0.2965E+02
  0.3436E-01  0.2960E+02  0.5187E+00  0.2936E+02  0.2936E+02
  0.3496E-01  0.2898E+02  0.6005E+00  0.2908E+02  0.2908E+02
  0.3557E-01  0.2812E+02  0.4744E+00  0.2879E+02  0.2879E+02
  0.3618E-01  0.2815E+02  0.5206E+00  0.2851E+02  0.2851E+02
  0.3679E-01  0.2786E+02  0.4185E+00  0.2822E+02  0.2822E+02
  0.3740E-01  0.2807E+02  0.5541E+00  0.2793E+02  0.2793E+02
  0.3800E-01  0.2740E+02  0.5200E+00  0.2764E+02  0.2764E+02
  0.3861E-01  0.2748E+02  0.4370E+00  0.2734E+02  0.2734E+02
  0.3922E-01  0.2619E+02  0.4743E+00  0.2705E+02  0.2705E+02
  0.3983E-01  0.2740E+02  0.4800E+00  0.2676E+02  0.2676E+02
  0.4044E-01  0.2582E+02  0.4823E+00  0.2647E+02  0.2647E+02
  0.4104E-01  0.2623E+02  0.4694E+00  0.2617E+02  0.2617E+02
  0.4165E-01  0.2520E+02  0.4750E+00  0.2588E+02  0.2588E+02
  0.4226E-01  0.2557E+02  0.4710E+00  0.2558E+02  0.2558E+02
  0.4287E-01  0.2470E+02  0.4687E+00  0.2529E+02  0.2529E+02
  0.4348E-01  0.2454E+02  0.4884E+00  0.2499E+02  0.2499E+02
  0.4409E-01  0.2439E+02  0.4681E+00  0.2470E+02  0.2470E+02
  0.4469E-01  0.2484E+02  0.4287E+00  0.2440E+02  0.2440E+02
  0.4530E-01  0.2400E+02  0.4600E+00  0.2411E+02  0.2411E+02
  0.4591E-01  0.2373E+02  0.4051E+00  0.2382E+02  0.2382E+02
  0.4652E-01  0.2273E+02  0.3760E+00  0.2352E+02  0.2352E+02
  0.4713E-01  0.2327E+02  0.4081E+00  0.2323E+02  0.2323E+02
  0.4773E-01  0.2336E+02  0.4115E+00  0.2294E+02  0.2294E+02
  0.4834E-01  0.2282E+02  0.4779E+00  0.2265E+02  0.2265E+02
  0.4895E-01  0.2233E+02  0.3879E+00  0.2236E+02  0.2236E+02
  0.4956E-01  0.2268E+02  0.4483E+00  0.2208E+02  0.2208E+02
  0.5017E-01  0.2148E+02  0.3809E+00  0.2179E+02  0.2179E+02
  0.5078E-01  0.2190E+02  0.3892E+00  0.2150E+02  0.2150E+02
  0.5138E-01  0.2099E+02  0.4092E+00  0.2122E+02  0.2122E+02
  0.5199E-01  0.2094E+02  0.3996E+00  0.2094E+02  0.2094E+02
  0.5260E-01  0.2047E+02  0.3625E+00  0.2066E+02  0.2066E+02
  0.5321E-01  0.2051E+02  0.3846E+00  0.2038E+02  0.2038E+02
  0.5382E-01  0.2001E+02  0.3680E+00  0.2010E+02  0.2010E+02
  0.5442E-01  0.2004E+02  0.4075E+00  0.1983E+02  0.1983E+02
  0.5503E-01  0.1939E+02  0.3434E+00  0.1955E+02  0.1955E+02
  0.5564E-01  0.2048E+02  0.4033E+00  0.1928E+02  0.1928E+02
  0.5625E-01  0.1911E+02  0.3850E+00  0.1901E+02  0.1901E+02
  0.5686E-01  0.1942E+02  0.3611E+00  0.1874E+02  0.1874E+02
  0.5746E-01  0.1860E+02  0.3562E+00  0.1848E+02  0.1848E+02
  0.5807E-01  0.1805E+02  0.3718E+00  0.1822E+02  0.1822E+02
  0.5868E-01  0.1788E+02  0.3893E+00  0.1795E+02  0.1795E+02
  0.5929E-01  0.1756E+02  0.3279E+00  0.1770E+02  0.1770E+02
  0.5990E-01  0.1738E+02  0.3560E+00  0.1744E+02  0.1744E+02
  0.6050E-01  0.1744E+02  0.3205E+00  0.1719E+02  0.1719E+02
  0.6111E-01  0.1735E+02  0.3303E+00  0.1693E+02  0.1693E+02
  0.6172E-01  0.1617E+02  0.3387E+00  0.1668E+02  0.1668E+02
  0.6233E-01  0.1604E+02  0.3280E+00  0.1644E+02  0.1644E+02
  0.6294E-01  0.1596E+02  0.3493E+00  0.1619E+02  0.1619E+02
  0.6354E-01  0.1626E+02  0.3094E+00  0.1595E+02  0.1595E+02
  0.6415E-01  0.1531E+02  0.2903E+00  0.1571E+02  0.1571E+02
  0.6476E-01  0.1576E+02  0.3575E+00  0.1548E+02  0.1548E+02
  0.6537E-01  0.1566E+02  0.3350E+00  0.1524E+02  0.1524E+02
  0.6598E-01  0.1525E+02  0.3662E+00  0.1501E+02  0.1501E+02
  0.6659E-01  0.1512E+02  0.3220E+00  0.1478E+02  0.1478E+02
  0.6719E-01  0.1520E+02  0.3518E+00  0.1456E+02  0.1456E+02
  0.6780E-01  0.1490E+02  0.3689E+00  0.1434E+02  0.1434E+02
  0.6841E-01  0.1462E+02  0.3360E+00  0.1412E+02  0.1412E+02
  0.6902E-01  0.1425E+02  0.3440E+00  0.1390E+02  0.1390E+02
  0.6963E-01  0.1395E+02  0.3421E+00  0.1368E+02  0.1368E+02
  0.7023E-01  0.1374E+02  0.2856E+00  0.1347E+02  0.1347E+02
  0.7084E-01  0.1312E+02  0.2886E+00  0.1326E+02  0.1326E+02
  0.7145E-01  0.1337E+02  0.2823E+00  0.1306E+02  0.1306E+02
  0.7206E-01  0.1268E+02  0.2738E+00  0.1285E+02  0.1285E+02
  0.7267E-01  0.1285E+02  0.3005E+00  0.1265E+02  0.1265E+02
  0.7327E-01  0.1291E+02  0.2706E+00  0.1245E+02  0.1245E+02
  0.7388E-01  0.1249E+02  0.2787E+00  0.1226E+02  0.1226E+02
  0.7449E-01  0.1206E+02  0.2707E+00  0.1206E+02  0.1206E+02
  0.7510E-01  0.1184E+02  0.3346E+00  0.1187E+02  0.1187E+02
  0.7571E-01  0.1192E+02  0.2852E+00  0.1169E+02  0.1169E+02
  0.7631E-01  0.1195E+02  0.2843E+00  0.1150E+02  0.1150E+02
  0.7692E-01  0.1159E+02  0.2683E+00  0.1132E+02  0.1132E+02
  0.7753E-01  0.1149E+02  0.2851E+00  0.1114E+02  0.1114E+02
  0.7814E-01  0.1085E+02  0.7749E+00  0.1097E+02  0.1097E+02
  0.7875E-01  0.1120E+02  0.9096E+00  0.1079E+02  0.1079E+02
  0.7935E-01  0.1083E+02  0.3695E+00  0.1062E+02  0.1062E+02
  0.7996E-01  0.1062E+02  0.4525E+00  0.1045E+02  0.1045E+02
  0.8057E-01  0.1046E+02  0.2668E+00  0.1029E+02  0.1029E+02
  0.8118E-01  0.9562E+01  0.2758E+00  0.1012E+02  0.1012E+02
  0.8179E-01  0.1030E+02  0.2994E+00  0.9960E+01  0.9960E+01
  0.8239E-01  0.9869E+01  0.2652E+00  0.9802E+01  0.9802E+01
  0.8300E-01  0.9881E+01  0.2794E+00  0.9645E+01  0.9645E+01
  0.8361E-01  0.9926E+01  0.2601E+00  0.9492E+01  0.9492E+01
  0.8422E-01  0.9525E+01  0.2429E+00  0.9340E+01  0.9340E+01
  0.8483E-01  0.9749E+01  0.2733E+00  0.9191E+01  0.9191E+01
  0.8544E-01  0.9158E+01  0.2575E+00  0.9045E+01  0.9045E+01
  0.8604E-01  0.9466E+01  0.2432E+00  0.8900E+01  0.8900E+01
  0.8665E-01  0.8698E+01  0.2429E+00  0.8759E+01  0.8759E+01
  0.8726E-01  0.8971E+01  0.2626E+00  0.8619E+01  0.8619E+01
  0.8787E-01  0.8897E+01  0.2585E+00  0.8481E+01  0.8481E+01
  0.8847E-01  0.8448E+01  0.2666E+00  0.8346E+01  0.8346E+01
  0.8908E-01  0.7906E+01  0.2555E+00  0.8213E+01  0.8213E+01
  0.8969E-01  0.8483E+01  0.2659E+00  0.8082E+01  0.8082E+01
  0.9030E-01  0.7879E+01  0.2682E+00  0.7953E+01  0.7953E+01
  0.9091E-01  0.8132E+01  0.2602E+00  0.7827E+01  0.7827E+01
  0.9151E-01  0.8047E+01  0.2700E+00  0.7702E+01  0.7702E+01
  0.9212E-01  0.8031E+01  0.2466E+00  0.7579E+01  0.7579E+01
  0.9273E-01  0.8133E+01  0.2629E+00  0.7458E+01  0.7458E+01
  0.9334E-01  0.7568E+01  0.2430E+00  0.7340E+01  0.7340E+01
  0.9395E-01  0.7629E+01  0.2451E+00  0.7223E+01  0.7223E+01
  0.9456E-01  0.7280E+01  0.2500E+00  0.7108E+01  0.7108E+01
  0.9516E-01  0.7328E+01  0.2546E+00  0.6995E+01  0.6995E+01
  0.9577E-01  0.6874E+01  0.2331E+00  0.6884E+01  0.6884E+01
  0.9638E-01  0.6396E+01  0.2428E+00  0.6774E+01  0.6774E+01
  0.9699E-01  0.6505E+01  0.2335E+00  0.6666E+01  0.6666E+01
  0.9760E-01  0.6336E+01  0.2645E+00  0.6561E+01  0.6561E+01
  0.9820E-01  0.6483E+01  0.2436E+00  0.6456E+01  0.6456E+01
  0.9881E-01  0.6342E+01  0.2407E+00  0.6354E+01  0.6354E+01
  0.9942E-01  0.6471E+01  0.2666E+00  0.6253E+01  0.6253E+01
  0.1000E+00  0.5900E+01  0.2383E+00  0.6153E+01  0.6153E+01
  0.1006E+00  0.5538E+01  0.2388E+00  0.6056E+01  0.6056E+01
  0.1012E+00  0.5963E+01  0.2353E+00  0.5959E+01  0.5959E+01
  0.1019E+00  0.5891E+01  0.2436E+00  0.5865E+01  0.5865E+01
  0.1025E+00  0.6175E+01  0.2280E+00  0.5771E+01  0.5771E+01
  0.1031E+00  0.6007E+01  0.2239E+00  0.5680E+01  0.5680E+01
  0.1037E+00  0.5471E+01  0.2370E+00  0.5589E+01  0.5589E+01
  0.1043E+00  0.5844E+01  0.2186E+00  0.5500E+01  0.5500E+01
  0.1049E+00  0.5655E+01  0.2217E+00  0.5413E+01  0.5413E+01
  0.1055E+00  0.5441E+01  0.2065E+00  0.5327E+01  0.5327E+01
  0.1061E+00  0.5475E+01  0.2185E+00  0.5242E+01  0.5242E+01
  0.1067E+00  0.5079E+01  0.2384E+00  0.5159E+01  0.5159E+01
  0.1073E+00  0.4900E+01  0.1964E+00  0.5077E+01  0.5077E+01
  0.1079E+00  0.4761E+01  0.2174E+00  0.4996E+01  0.4996E+01
  0.1085E+00  0.4494E+01  0.2371E+00  0.4916E+01  0.4916E+01
  0.1091E+00  0.5003E+01  0.2152E+00  0.4838E+01  0.4838E+01
  0.1098E+00  0.4549E+01  0.2334E+00  0.4761E+01  0.4761E+01
  0.1104E+00  0.4688E+01  0.2281E+00  0.4685E+01  0.4685E+01
  0.1110E+00  0.4016E+01  0.2143E+00  0.4610E+01  0.4610E+01
  0.1116E+00  0.4443E+01  0.2174E+00  0.4536E+01  0.4536E+01
  0.1122E+00  0.4307E+01  0.2177E+00  0.4464E+01  0.4464E+01
  0.1128E+00  0.4415E+01  0.1971E+00  0.4392E+01  0.4392E+01
  0.1134E+00  0.4339E+01  0.2242E+00  0.4322E+01  0.4322E+01
  0.1140E+00  0.4478E+01  0.2030E+00  0.4252E+01  0.4252E+01
  0.1146E+00  0.4323E+01  0.2305E+00  0.4184E+01  0.4184E+01
  0.1152E+00  0.3855E+01  0.2163E+00  0.4117E+01  0.4117E+01
  0.1158E+00  0.3956E+01  0.2084E+00  0.4051E+01  0.4051E+01
  0.1164E+00  0.3537E+01  0.2129E+00  0.3986E+01  0.3986E+01
  0.1171E+00  0.3601E+01  0.2723E+00  0.3922E+01  0.3922E+01
  0.1177E+00  0.3275E+01  0.2732E+00  0.3859E+01  0.3859E+01
  0.1183E+00  0.3778E+01  0.2227E+00  0.3796E+01  0.3796E+01
  0.1189E+00  0.3685E+01  0.2220E+00  0.3735E+01  0.3735E+01
  0.1195E+00  0.3600E+01  0.2189E+00  0.3675E+01  0.3675E+01
  0.1201E+00  0.3816E+01  0.2187E+00  0.3616E+01  0.3616E+01
  0.1207E+00  0.3659E+01  0.2145E+00  0.3557E+01  0.3557E+01
  0.1213E+00  0.3600E+01  0.2232E+00  0.3500E+01  0.3500E+01
  0.1219E+00  0.3907E+01  0.1962E+00  0.3443E+01  0.3443E+01
  0.1225E+00  0.3473E+01  0.1970E+00  0.3387E+01  0.3387E+01
  0.1231E+00  0.3481E+01  0.2105E+00  0.3332E+01  0.3332E+01
  0.1237E+00  0.3015E+01  0.2020E+00  0.3278E+01  0.3278E+01
  0.1244E+00  0.2992E+01  0.2116E+00  0.3225E+01  0.3225E+01
  0.1250E+00  0.3191E+01  0.2104E+00  0.3173E+01  0.3173E+01
  0.1256E+00  0.2912E+01  0.2049E+00  0.3121E+01  0.3121E+01
  0.1262E+00  0.3169E+01  0.2042E+00  0.3071E+01  0.3071E+01
  0.1268E+00  0.3041E+01  0.2050E+00  0.3021E+01  0.3021E+01
  0.1274E+00  0.2964E+01  0.1881E+00  0.2972E+01  0.2972E+01
  0.1280E+00  0.3129E+01  0.2026E+00  0.2923E+01  0.2923E+01
  0.1286E+00  0.2835E+01  0.2162E+00  0.2876E+01  0.2876E+01
  0.1292E+00  0.3006E+01  0.2110E+00  0.2829E+01  0.2829E+01
  0.1298E+00  0.2673E+01  0.2679E+00  0.2783E+01  0.2783E+01
  0.1304E+00  0.2648E+01  0.3424E+00  0.2738E+01  0.2738E+01
  0.1310E+00  0.2351E+01  0.3955E+00  0.2694E+01  0.2694E+01
  0.1316E+00  0.2483E+01  0.5758E+00  0.2650E+01  0.2650E+01
  0.1323E+00  0.2490E+01  0.1935E+00  0.2607E+01  0.2607E+01
  0.1329E+00  0.1988E+01  0.2109E+00  0.2565E+01  0.2565E+01
  0.1335E+00  0.2204E+01  0.1950E+00  0.2523E+01  0.2523E+01
  0.1341E+00  0.2163E+01  0.2110E+00  0.2483E+01  0.2483E+01
  0.1347E+00  0.2211E+01  0.2051E+00  0.2443E+01  0.2443E+01
  0.1353E+00  0.2330E+01  0.1942E+00  0.2403E+01  0.2403E+01
  0.1359E+00  0.2222E+01  0.2131E+00  0.2364E+01  0.2364E+01
  0.1365E+00  0.2247E+01  0.3300E+00  0.2326E+01  0.2326E+01
  0.1371E+00  0.1888E+01  0.1985E+00  0.2289E+01  0.2289E+01
  0.1377E+00  0.2140E+01  0.5374E+00  0.2252E+01  0.2252E+01
  0.1383E+00  0.1972E+01  0.6040E+00  0.2216E+01  0.2216E+01
  0.1389E+00  0.2024E+01  0.2874E+00  0.2181E+01  0.2181E+01
  0.1396E+00  0.1766E+01  0.6700E+00  0.2147E+01  0.2147E+01
  0.1402E+00  0.1928E+01  0.7113E+00  0.2112E+01  0.2112E+01
  0.1408E+00  0.1996E+01  0.4901E+00  0.2079E+01  0.2079E+01
  0.1414E+00  0.2371E+01  0.9782E+00  0.2046E+01  0.2046E+01
  0.1420E+00  0.2137E+01  0.4804E+00  0.2014E+01  0.2014E+01
  0.1426E+00  0.2197E+01  0.3998E+00  0.1983E+01  0.1983E+01
  0.1432E+00  0.1972E+01  0.7310E+00  0.1952E+01  0.1952E+01
  0.1438E+00  0.2139E+01  0.2818E+00  0.1921E+01  0.1921E+01
  0.1444E+00  0.1924E+01  0.3390E+00  0.1892E+01  0.1892E+01
  0.1450E+00  0.2037E+01  0.5950E+00  0.1863E+01  0.1863E+01
  0.1456E+00  0.1943E+01  0.2880E+00  0.1834E+01  0.1834E+01
  0.1462E+00  0.2134E+01  0.6454E+00  0.1806E+01  0.1806E+01
  0.1468E+00  0.1603E+01  0.2739E+00  0.1779E+01  0.1779E+01
  0.1475E+00  0.2002E+01  0.6614E+00  0.1752E+01  0.1752E+01
  0.1481E+00  0.1918E+01  0.1877E+00  0.1725E+01  0.1725E+01
  0.1487E+00  0.1830E+01  0.2246E+00  0.1699E+01  0.1699E+01
  0.1493E+00  0.1609E+01  0.1845E+00  0.1674E+01  0.1674E+01
  0.1499E+00  0.1663E+01  0.1823E+00  0.1649E+01  0.1649E+01
  0.1505E+00  0.1531E+01  0.2010E+00  0.1625E+01  0.1625E+01
  0.1511E+00  0.1432E+01  0.1946E+00  0.1601E+01  0.1601E+01
  0.1517E+00  0.1202E+01  0.1808E+00  0.1578E+01  0.1578E+01
  0.1523E+00  0.2009E+01  0.1867E+00  0.1555E+01  0.1555E+01
  0.1529E+00  0.1632E+01  0.1769E+00  0.1533E+01  0.1533E+01
  0.1535E+00  0.1416E+01  0.1761E+00  0.1511E+01  0.1511E+01
  0.1541E+00  0.1780E+01  0.1720E+00  0.1490E+01  0.1490E+01
  0.1548E+00  0.1816E+01  0.1784E+00  0.1469E+01  0.1469E+01
  0.1554E+00  0.1618E+01  0.1681E+00  0.1449E+01  0.1449E+01
  0.1560E+00  0.1805E+01  0.1776E+00  0.1429E+01  0.1429E+01
  0.1566E+00  0.1493E+01  0.1720E+00  0.1409E+01  0.1409E+01
  0.1572E+00  0.1484E+01  0.1806E+00  0.1390E+01  0.1390E+01
  0.1578E+00  0.1472E+01  0.1754E+00  0.1371E+01  0.1371E+01
  0.1584E+00  0.1285E+01  0.1827E+00  0.1353E+01  0.1353E+01
  0.1590E+00  0.1189E+01  0.1821E+00  0.1335E+01  0.1335E+01
  0.1596E+00  0.1054E+01  0.1694E+00  0.1318E+01  0.1318E+01
  0.1602E+00  0.1301E+01  0.1780E+00  0.1301E+01  0.1301E+01
  0.1608E+00  0.1028E+01  0.1755E+00  0.1284E+01  0.1284E+01
  0.1614E+00  0.1253E+01  0.1823E+00  0.1268E+01  0.1268E+01
  0.1620E+00  0.1485E+01  0.1638E+00  0.1252E+01  0.1252E+01
  0.1627E+00  0.1159E+01  0.1683E+00  0.1236E+01  0.1236E+01
  0.1633E+00  0.1445E+01  0.1724E+00  0.1221E+01  0.1221E+01
  0.1639E+00  0.1406E+01  0.1569E+00  0.1206E+01  0.1206E+01
  0.1645E+00  0.1111E+01  0.1784E+00  0.1191E+01  0.1191E+01
  0.1651E+00  0.1203E+01  0.1646E+00  0.1177E+01  0.1177E+01
  0.1657E+00  0.1108E+01  0.1763E+00  0.1163E+01  0.1163E+01
  0.1663E+00  0.1244E+01  0.1623E+00  0.1149E+01  0.1149E+01
  0.1669E+00  0.1315E+01  0.1647E+00  0.1136E+01  0.1136E+01
  0.1675E+00  0.9880E+00  0.1680E+00  0.1122E+01  0.1122E+01
  0.1681E+00  0.1325E+01  0.1780E+00  0.1110E+01  0.1110E+01
  0.1687E+00  0.7372E+00  0.1647E+00  0.1097E+01  0.1097E+01
  0.1693E+00  0.1126E+01  0.1666E+00  0.1085E+01  0.1085E+01
  0.1700E+00  0.7516E+00  0.1727E+00  0.1073E+01  0.1073E+01
  0.1706E+00  0.1064E+01  0.1660E+00  0.1061E+01  0.1061E+01
  0.1712E+00  0.6188E+00  0.1654E+00  0.1050E+01  0.1050E+01
  0.1718E+00  0.6070E+00  0.1680E+00  0.1038E+01  0.1038E+01
  0.1724E+00  0.6776E+00  0.1780E+00  0.1027E+01  0.1027E+01
  0.1730E+00  0.1094E+01  0.1633E+00  0.1017E+01  0.1017E+01
  0.1736E+00  0.6545E+00  0.1575E+00  0.1006E+01  0.1006E+01
  0.1742E+00  0.1158E+01  0.1654E+00  0.9957E+00  0.9957E+00
  0.1748E+00  0.7027E+00  0.1654E+00  0.9856E+00  0.9856E+00
  0.1754E+00  0.8263E+00  0.1637E+00  0.9757E+00  0.9757E+00
  0.1760E+00  0.1224E+01  0.1619E+00  0.9660E+00  0.9660E+00
  0.1766E+00  0.8720E+00  0.1739E+00  0.9565E+00  0.9565E+00
  0.1773E+00  0.9355E+00  0.1775E+00  0.9472E+00  0.9472E+00
  0.1779E+00  0.1036E+01  0.1687E+00  0.9380E+00  0.9380E+00
  0.1785E+00  0.7206E+00  0.1711E+00  0.9291E+00  0.9291E+00
  0.1791E+00  0.5988E+00  0.1735E+00  0.9204E+00  0.9204E+00
  0.1797E+00  0.8271E+00  0.1754E+00  0.9118E+00  0.9118E+00
  0.1803E+00  0.8320E+00  0.1674E+00  0.9034E+00  0.9034E+00
  0.1809E+00  0.7938E+00  0.1667E+00  0.8951E+00  0.8951E+00
  0.1815E+00  0.6858E+00  0.1600E+00  0.8871E+00  0.8871E+00
  0.1821E+00  0.8057E+00  0.1545E+00  0.8791E+00  0.8791E+00
  0.1827E+00  0.1547E+00  0.1715E+00  0.8714E+00  0.8714E+00
  0.1833E+00  0.4666E+00  0.1626E+00  0.8638E+00  0.8638E+00
  0.1839E+00  0.5397E+00  0.1770E+00  0.8563E+00  0.8563E+00
  0.1845E+00  0.5345E+00  0.1584E+00  0.8490E+00  0.8490E+00
  0.1852E+00  0.8045E+00  0.1631E+00  0.8418E+00  0.8418E+00
  0.1858E+00  0.4981E+00  0.1631E+00  0.8347E+00  0.8347E+00
  0.1864E+00  0.4204E+00  0.1568E+00  0.8278E+00  0.8278E+00
  0.1870E+00  0.6368E+00  0.1635E+00  0.8210E+00  0.8210E+00
  0.1876E+00  0.6431E+00  0.1650E+00  0.8144E+00  0.8144E+00
  0.1882E+00  0.6985E+00  0.1533E+00  0.8079E+00  0.8079E+00
  0.1888E+00  0.7086E+00  0.1596E+00  0.8015E+00  0.8015E+00
  0.1894E+00  0.7172E+00  0.1492E+00  0.7952E+00  0.7952E+00
  0.1900E+00  0.3883E+00  0.1646E+00  0.7890E+00  0.7890E+00
  0.1906E+00  0.1089E+01  0.1612E+00  0.7830E+00  0.7830E+00
  0.1912E+00  0.7862E+00  0.1654E+00  0.7770E+00  0.7770E+00
  0.1918E+00  0.9335E+00  0.1568E+00  0.7712E+00  0.7712E+00
  0.1925E+00  0.1005E+01  0.1566E+00  0.7655E+00  0.7655E+00
  0.1931E+00  0.8692E+00  0.1486E+00  0.7599E+00  0.7599E+00
  0.1937E+00  0.5894E+00  0.1509E+00  0.7544E+00  0.7544E+00
  0.1943E+00  0.6567E+00  0.1636E+00  0.7490E+00  0.7490E+00
  0.1949E+00  0.7450E+00  0.1584E+00  0.7438E+00  0.7438E+00
  0.1955E+00  0.6600E+00  0.1616E+00  0.7386E+00  0.7386E+00
  0.1961E+00  0.9101E+00  0.1508E+00  0.7335E+00  0.7335E+00
  0.1967E+00  0.6496E+00  0.1589E+00  0.7285E+00  0.7285E+00
  0.1973E+00  0.5775E+00  0.1500E+00  0.7237E+00  0.7237E+00
  0.1979E+00  0.3582E+00  0.1560E+00  0.7189E+00  0.7189E+00
  0.1985E+00  0.4574E+00  0.1546E+00  0.7142E+00  0.7142E+00
  0.1991E+00  0.2579E+00  0.1632E+00  0.7096E+00  0.7096E+00
  0.1997E+00  0.3982E+00  0.1520E+00  0.7051E+00  0.7051E+00
  0.2004E+00  0.6450E+00  0.1442E+00  0.7007E+00  0.7007E+00
  0.2010E+00  0.6773E+00  0.1469E+00  0.6964E+00  0.6964E+00
  0.2016E+00  0.7406E+00  0.1486E+00  0.6922E+00  0.6922E+00
  0.2022E+00  0.7791E+00  0.1588E+00  0.6881E+00  0.6881E+00
  0.2028E+00  0.8319E+00  0.1534E+00  0.6841E+00  0.6841E+00
  0.2034E+00  0.7923E+00  0.1492E+00  0.6801E+00  0.6801E+00
  0.2040E+00  0.7546E+00  0.1502E+00  0.6763E+00  0.6763E+00
  0.2046E+00  0.1044E+01  0.1542E+00  0.6725E+00  0.6725E+00
  0.2052E+00  0.6226E+00  0.1550E+00  0.6688E+00  0.6688E+00
  0.2058E+00  0.6394E+00  0.1419E+00  0.6652E+00  0.6652E+00
  0.2064E+00  0.6830E+00  0.1514E+00  0.6617E+00  0.6617E+00
  0.2070E+00  0.4900E+00  0.1550E+00  0.6582E+00  0.6582E+00
  0.2077E+00  0.7627E+00  0.1522E+00  0.6549E+00  0.6549E+00
  0.2083E+00  0.4722E+00  0.1527E+00  0.6516E+00  0.6516E+00
  0.2089E+00  0.3480E+00  0.1471E+00  0.6484E+00  0.6484E+00
  0.2095E+00  0.8823E+00  0.1413E+00  0.6453E+00  0.6453E+00
  0.2101E+00  0.4426E+00  0.1445E+00  0.6423E+00  0.6423E+00
  0.2107E+00  0.6507E+00  0.1461E+00  0.6393E+00  0.6393E+00
  0.2113E+00  0.6759E+00  0.1521E+00  0.6364E+00  0.6364E+00
  0.2119E+00  0.5803E+00  0.1500E+00  0.6336E+00  0.6336E+00
  0.2125E+00  0.5839E+00  0.1465E+00  0.6309E+00  0.6309E+00
  0.2131E+00  0.4600E+00  0.1517E+00  0.6282E+00  0.6282E+00
  0.2137E+00  0.4046E+00  0.1576E+00  0.6257E+00  0.6257E+00
  0.2143E+00  0.3804E+00  0.1438E+00  0.6231E+00  0.6231E+00
  0.2149E+00  0.4908E+00  0.1482E+00  0.6207E+00  0.6207E+00
  0.2156E+00  0.7783E+00  0.1406E+00  0.6183E+00  0.6183E+00
  0.2162E+00  0.5471E+00  0.1531E+00  0.6160E+00  0.6160E+00
  0.2168E+00  0.8384E+00  0.1570E+00  0.6137E+00  0.6137E+00
  0.2174E+00  0.6611E+00  0.1439E+00  0.6115E+00  0.6115E+00
  0.2180E+00  0.3988E+00  0.1647E+00  0.6094E+00  0.6094E+00
  0.2186E+00  0.5675E+00  0.1442E+00  0.6073E+00  0.6073E+00
  0.2192E+00  0.7850E+00  0.1468E+00  0.6053E+00  0.6053E+00
  0.2198E+00  0.5019E+00  0.1391E+00  0.6034E+00  0.6034E+00
  0.2204E+00  0.7104E+00  0.1419E+00  0.6015E+00  0.6015E+00
  0.2210E+00  0.7759E+00  0.1456E+00  0.5997E+00  0.5997E+00
  0.2216E+00  0.5856E+00  0.1427E+00  0.5979E+00  0.5979E+00
  0.2222E+00  0.6603E+00  0.1465E+00  0.5961E+00  0.5961E+00
  0.2228E+00  0.5407E+00  0.1459E+00  0.5945E+00  0.5945E+00
  0.2235E+00  0.6486E+00  0.1490E+00  0.5928E+00  0.5928E+00
  0.2241E+00  0.8386E+00  0.1625E+00  0.5912E+00  0.5912E+00
  0.2247E+00  0.7201E+00  0.1489E+00  0.5897E+00  0.5897E+00
  0.2253E+00  0.7271E+00  0.1899E+00  0.5882E+00  0.5882E+00
  0.2259E+00  0.8333E+00  0.1534E+00  0.5867E+00  0.5867E+00
  0.2265E+00  0.5774E+00  0.1480E+00  0.5853E+00  0.5853E+00
  0.2271E+00  0.7436E+00  0.1404E+00  0.5839E+00  0.5839E+00
  0.2277E+00  0.8664E+00  0.1521E+00  0.5826E+00  0.5826E+00
  0.2283E+00  0.7330E+00  0.1449E+00  0.5813E+00  0.5813E+00
  0.2289E+00  0.6328E+00  0.1426E+00  0.5800E+00  0.5800E+00
  0.2295E+00  0.5412E+00  0.1365E+00  0.5788E+00  0.5788E+00
  0.2301E+00  0.5013E+00  0.1380E+00  0.5776E+00  0.5776E+00
  0.2308E+00  0.7705E+00  0.1316E+00  0.5764E+00  0.5764E+00
  0.2314E+00  0.5621E+00  0.1371E+00  0.5752E+00  0.5752E+00
  0.2320E+00  0.4713E+00  0.1353E+00  0.5741E+00  0.5741E+00
  0.2326E+00  0.8890E+00  0.1333E+00  0.5729E+00  0.5729E+00
  0.2332E+00  0.4614E+00  0.1389E+00  0.5719E+00  0.5719E+00
  0.2338E+00  0.5426E+00  0.1275E+00  0.5708E+00  0.5708E+00
  0.2344E+00  0.5521E+00  0.1370E+00  0.5697E+00  0.5697E+00
  0.2350E+00  0.3626E+00  0.1296E+00  0.5687E+00  0.5687E+00
  0.2356E+00  0.5247E+00  0.1364E+00  0.5676E+00  0.5676E+00
  0.2362E+00  0.3078E+00  0.1344E+00  0.5666E+00  0.5666E+00
  0.2368E+00  0.2230E+00  0.1368E+00  0.5656E+00  0.5656E+00
  0.2374E+00  0.6261E+00  0.1378E+00  0.5646E+00  0.5646E+00
  0.2380E+00  0.4114E+00  0.1387E+00  0.5636E+00  0.5636E+00
  0.2387E+00  0.5633E+00  0.1483E+00  0.5626E+00  0.5626E+00
  0.2393E+00  0.4272E+00  0.1394E+00  0.5617E+00  0.5617E+00
  0.2399E+00  0.7623E+00  0.1346E+00  0.5607E+00  0.5607E+00
  0.2405E+00  0.9327E+00  0.1321E+00  0.5597E+00  0.5597E+00
  0.2411E+00  0.5743E+00  0.1438E+00  0.5588E+00  0.5588E+00
  0.2417E+00  0.6901E+00  0.1401E+00  0.5578E+00  0.5578E+00
  0.2423E+00  0.3665E+00  0.1352E+00  0.5568E+00  0.5568E+00
  0.2429E+00  0.6129E+00  0.1353E+00  0.5558E+00  0.5558E+00
  0.2435E+00  0.3416E+00  0.1474E+00  0.5548E+00  0.5548E+00
  0.2441E+00  0.5665E+00  0.1389E+00  0.5539E+00  0.5539E+00
  0.2447E+00  0.2537E+00  0.1336E+00  0.5529E+00  0.5529E+00
  0.2453E+00  0.5518E+00  0.1351E+00  0.5519E+00  0.5519E+00
  0.2460E+00  0.5627E+00  0.1313E+00  0.5509E+00  0.5509E+00
  0.2466E+00  0.2666E+00  0.1369E+00  0.5499E+00  0.5499E+00
  0.2472E+00  0.5606E+00  0.1339E+00  0.5488E+00  0.5488E+00
  0.2478E+00  0.4911E+00  0.1312E+00  0.5478E+00  0.5478E+00
  0.2484E+00  0.3820E+00  0.1331E+00  0.5467E+00  0.5467E+00
  0.2490E+00  0.5338E+00  0.1376E+00  0.5457E+00  0.5457E+00
  0.2496E+00  0.2517E+00  0.1295E+00  0.5446E+00  0.5446E+00
  0.2502E+00  0.3148E+00  0.1429E+00  0.5435E+00  0.5435E+00
  0.2508E+00  0.5032E+00  0.1297E+00  0.5424E+00  0.5424E+00
  0.2514E+00  0.7131E+00  0.1355E+00  0.5413E+00  0.5413E+00
  0.2520E+00  0.7629E+00  0.1312E+00  0.5402E+00  0.5402E+00
  0.2526E+00  0.6165E+00  0.1329E+00  0.5391E+00  0.5391E+00
  0.2532E+00  0.5152E+00  0.1320E+00  0.5379E+00  0.5379E+00
  0.2539E+00  0.4204E+00  0.1280E+00  0.5367E+00  0.5367E+00
  0.2545E+00  0.5299E+00  0.1340E+00  0.5356E+00  0.5356E+00
  0.2551E+00  0.5600E+00  0.1327E+00  0.5344E+00  0.5344E+00
  0.2557E+00  0.3591E+00  0.1318E+00  0.5332E+00  0.5332E+00
  0.2563E+00  0.3042E+00  0.1291E+00  0.5319E+00  0.5319E+00
  0.2569E+00  0.3180E+00  0.1320E+00  0.5307E+00  0.5307E+00
  0.2575E+00  0.5947E+00  0.1290E+00  0.5294E+00  0.5294E+00
  0.2581E+00  0.3934E+00  0.1278E+00  0.5282E+00  0.5282E+00
  0.2587E+00  0.6132E+00  0.1271E+00  0.5269E+00  0.5269E+00
  0.2593E+00  0.6945E+00  0.1240E+00  0.5256E+00  0.5256E+00
  0.2599E+00  0.7221E+00  0.1293E+00  0.5243E+00  0.5243E+00
  0.2605E+00  0.5032E+00  0.1218E+00  0.5229E+00  0.5229E+00
  0.2612E+00  0.5569E+00  0.1242E+00  0.5216E+00  0.5216E+00
  0.2618E+00  0.5360E+00  0.1323E+00  0.5203E+00  0.5203E+00
  0.2624E+00  0.4065E+00  0.1274E+00  0.5189E+00  0.5189E+00
  0.2630E+00  0.6448E+00  0.1362E+00  0.5175E+00  0.5175E+00
  0.2636E+00  0.4300E+00  0.1247E+00  0.5161E+00  0.5161E+00
  0.2642E+00  0.5263E+00  0.1314E+00  0.5147E+00  0.5147E+00
  0.2648E+00  0.7084E+00  0.1351E+00  0.5133E+00  0.5133E+00
  0.2654E+00  0.5724E+00  0.1288E+00  0.5119E+00  0.5119E+00
  0.2660E+00  0.4746E+00  0.1221E+00  0.5105E+00  0.5105E+00
  0.2666E+00  0.5935E+00  0.1307E+00  0.5090E+00  0.5090E+00
  0.2672E+00  0.5277E+00  0.1290E+00  0.5076E+00  0.5076E+00
  0.2678E+00  0.5558E+00  0.1252E+00  0.5061E+00  0.5061E+00
  0.2684E+00  0.3898E+00  0.1306E+00  0.5047E+00  0.5047E+00
  0.2691E+00  0.3526E+00  0.1244E+00  0.5032E+00  0.5032E+00
  0.2697E+00  0.4080E+00  0.1215E+00  0.5018E+00  0.5018E+00
  0.2703E+00  0.3391E+00  0.1291E+00  0.5003E+00  0.5003E+00
  0.2709E+00  0.5104E+00  0.1248E+00  0.4988E+00  0.4988E+00
  0.2715E+00  0.3828E+00  0.1210E+00  0.4973E+00  0.4973E+00
  0.2721E+00  0.6042E+00  0.1310E+00  0.4958E+00  0.4958E+00
  0.2727E+00  0.5418E+00  0.1267E+00  0.4944E+00  0.4944E+00
  0.2733E+00  0.4665E+00  0.1256E+00  0.4929E+00  0.4929E+00
  0.2739E+00  0.5709E+00  0.1260E+00  0.4914E+00  0.4914E+00
  0.2745E+00  0.4872E+00  0.1223E+00  0.4899E+00  0.4899E+00
  0.2751E+00  0.5196E+00  0.1363E+00  0.4884E+00  0.4884E+00
  0.2757E+00  0.7911E+00  0.1224E+00  0.4869E+00  0.4869E+00
  0.2763E+00  0.6489E+00  0.1242E+00  0.4854E+00  0.4854E+00
  0.2770E+00  0.7340E+00  0.1225E+00  0.4840E+00  0.4840E+00
  0.2776E+00  0.5891E+00  0.1265E+00  0.4825E+00  0.4825E+00
  0.2782E+00  0.7026E+00  0.1232E+00  0.4810E+00  0.4810E+00
  0.2788E+00  0.5856E+00  0.1190E+00  0.4795E+00  0.4795E+00
  0.2794E+00  0.6383E+00  0.1207E+00  0.4780E+00  0.4780E+00
  0.2800E+00  0.5324E+00  0.1219E+00  0.4766E+00  0.4766E+00
  0.2806E+00  0.4997E+00  0.1137E+00  0.4751E+00  0.4751E+00
  0.2812E+00  0.5267E+00  0.1278E+00  0.4737E+00  0.4737E+00
  0.2818E+00  0.5459E+00  0.1232E+00  0.4722E+00  0.4722E+00
  0.2824E+00  0.7175E+00  0.1233E+00  0.4708E+00  0.4708E+00
  0.2830E+00  0.4685E+00  0.1327E+00  0.4693E+00  0.4693E+00
  0.2836E+00  0.6400E+00  0.1158E+00  0.4679E+00  0.4679E+00
  0.2843E+00  0.6155E+00  0.1208E+00  0.4665E+00  0.4665E+00
  0.2849E+00  0.4625E+00  0.1179E+00  0.4651E+00  0.4651E+00
  0.2855E+00  0.4373E+00  0.1192E+00  0.4636E+00  0.4636E+00
  0.2861E+00  0.7509E+00  0.1181E+00  0.4622E+00  0.4622E+00
  0.2867E+00  0.4746E+00  0.1217E+00  0.4608E+00  0.4608E+00
  0.2873E+00  0.4582E+00  0.1129E+00  0.4595E+00  0.4595E+00
  0.2879E+00  0.1671E+00  0.1136E+00  0.4581E+00  0.4581E+00
  0.2885E+00  0.2803E+00  0.1166E+00  0.4567E+00  0.4567E+00
  0.2891E+00  0.2739E+00  0.1181E+00  0.4553E+00  0.4553E+00
  0.2897E+00  0.3865E+00  0.1161E+00  0.4540E+00  0.4540E+00
  0.2903E+00  0.2800E+00  0.1179E+00  0.4526E+00  0.4526E+00
  0.2909E+00  0.6208E+00  0.1123E+00  0.4513E+00  0.4513E+00
  0.2915E+00  0.6459E+00  0.1146E+00  0.4499E+00  0.4499E+00
  0.2922E+00  0.3501E+00  0.1098E+00  0.4486E+00  0.4486E+00
  0.2928E+00  0.3959E+00  0.1113E+00  0.4473E+00  0.4473E+00
  0.2934E+00  0.3571E+00  0.1188E+00  0.4460E+00  0.4460E+00
  0.2940E+00  0.5375E+00  0.1132E+00  0.4447E+00  0.4447E+00
  0.2946E+00  0.4358E+00  0.1152E+00  0.4434E+00  0.4434E+00
  0.2952E+00  0.5011E+00  0.1121E+00  0.4421E+00  0.4421E+00
  0.2958E+00  0.4930E+00  0.1177E+00  0.4408E+00  0.4408E+00
  0.2964E+00  0.4879E+00  0.1101E+00  0.4395E+00  0.4395E+00
  0.2970E+00  0.4645E+00  0.1161E+00  0.4382E+00  0.4382E+00
  0.2976E+00  0.4223E+00  0.1158E+00  0.4369E+00  0.4369E+00
  0.2982E+00  0.4847E+00  0.1131E+00  0.4357E+00  0.4357E+00
  0.2988E+00  0.5766E+00  0.1097E+00  0.4344E+00  0.4344E+00
  0.2995E+00  0.7438E+00  0.1131E+00  0.4331E+00  0.4331E+00
  0.3001E+00  0.2571E+00  0.1041E+00  0.4319E+00  0.4319E+00
  0.3007E+00  0.6718E+00  0.1143E+00  0.4306E+00  0.4306E+00
  0.3013E+00  0.6004E+00  0.1130E+00  0.4294E+00  0.4294E+00
  0.3019E+00  0.4004E+00  0.1068E+00  0.4281E+00  0.4281E+00
  0.3025E+00  0.5369E+00  0.1117E+00  0.4269E+00  0.4269E+00
  0.3031E+00  0.2385E+00  0.1143E+00  0.4256E+00  0.4256E+00
  0.3037E+00  0.4508E+00  0.1071E+00  0.4244E+00  0.4244E+00
  0.3043E+00  0.4823E+00  0.1098E+00  0.4231E+00  0.4231E+00
  0.3049E+00  0.4993E+00  0.1105E+00  0.4219E+00  0.4219E+00
  0.3055E+00  0.5286E+00  0.1031E+00  0.4206E+00  0.4206E+00
  0.3061E+00  0.4524E+00  0.1242E+00  0.4194E+00  0.4194E+00
  0.3067E+00  0.4489E+00  0.1003E+00  0.4181E+00  0.4181E+00
  0.3074E+00  0.2602E+00  0.1107E+00  0.4169E+00  0.4169E+00
  0.3080E+00  0.4337E+00  0.1096E+00  0.4156E+00  0.4156E+00
  0.3086E+00  0.2603E+00  0.1143E+00  0.4144E+00  0.4144E+00
  0.3092E+00  0.3641E+00  0.1031E+00  0.4131E+00  0.4131E+00
  0.3098E+00  0.4747E+00  0.1156E+00  0.4118E+00  0.4118E+00
  0.3104E+00  0.3781E+00  0.1078E+00  0.4106E+00  0.4106E+00
  0.3110E+00  0.4121E+00  0.1132E+00  0.4093E+00  0.4093E+00
  0.3116E+00  0.4073E+00  0.1096E+00  0.4080E+00  0.4080E+00
  0.3122E+00  0.4054E+00  0.1047E+00  0.4067E+00  0.4067E+00
  0.3128E+00  0.3950E+00  0.1002E+00  0.4055E+00  0.4055E+00
  0.3134E+00  0.5971E+00  0.1036E+00  0.4042E+00  0.4042E+00
  0.3140E+00  0.3055E+00  0.1054E+00  0.4029E+00  0.4029E+00
  0.3146E+00  0.4199E+00  0.9978E-01  0.4016E+00  0.4016E+00
  0.3153E+00  0.3714E+00  0.1086E+00  0.4003E+00  0.4003E+00
  0.3159E+00  0.4767E+00  0.1177E+00  0.3990E+00  0.3990E+00
  0.3165E+00  0.3510E+00  0.1257E+00  0.3976E+00  0.3976E+00
  0.3171E+00  0.3097E+00  0.1275E+00  0.3963E+00  0.3963E+00
  0.3177E+00  0.4185E+00  0.1318E+00  0.3950E+00  0.3950E+00
  0.3183E+00  0.4860E+00  0.1399E+00  0.3937E+00  0.3937E+00
  0.3189E+00  0.4909E+00  0.1582E+00  0.3923E+00  0.3923E+00
  0.3195E+00  0.3832E+00  0.1441E+00  0.3910E+00  0.3910E+00
  0.3201E+00  0.6195E+00  0.5557E+00  0.3896E+00  0.3896E+00
  0.3207E+00  0.6388E+00  0.1741E+00  0.3882E+00  0.3882E+00
  0.3219E+00  0.7656E+00  0.2698E+00  0.3855E+00  0.3855E+00
  0.3225E+00  0.1434E+00  0.7456E+00  0.3841E+00  0.3841E+00

           Distance distribution  function of particle  


       R          P(R)      ERROR

  0.0000E+00  0.0000E+00  0.0000E+00
  0.9009E+00  0.2849E-02  0.5406E-04
  0.1802E+01  0.5683E-02  0.8965E-04
  0.2703E+01  0.8510E-02  0.1084E-03
  0.3604E+01  0.1134E-01  0.1129E-03
  0.4505E+01  0.1418E-01  0.1070E-03
  0.5405E+01  0.1706E-01  0.9611E-04
  0.6306E+01  0.1998E-01  0.8774E-04
  0.7207E+01  0.2297E-01  0.8963E-04
  0.8108E+01  0.2603E-01  0.1034E-03
  0.9009E+01  0.2918E-01  0.1239E-03
  0.9910E+01  0.3241E-01  0.1451E-03
  0.1081E+02  0.3573E-01  0.1633E-03
  0.1171E+02  0.3913E-01  0.1764E-03
  0.1261E+02  0.4259E-01  0.1842E-03
  0.1351E+02  0.4609E-01  0.1873E-03
  0.1441E+02  0.4960E-01  0.1875E-03
  0.1532E+02  0.5308E-01  0.1873E-03
  0.1622E+02  0.5650E-01  0.1891E-03
  0.1712E+02  0.5981E-01  0.1947E-03
  0.1802E+02  0.6296E-01  0.2044E-03
  0.1892E+02  0.6592E-01  0.2171E-03
  0.1982E+02  0.6864E-01  0.2310E-03
  0.2072E+02  0.7107E-01  0.2444E-03
  0.2162E+02  0.7318E-01  0.2560E-03
  0.2252E+02  0.7495E-01  0.2656E-03
  0.2342E+02  0.7635E-01  0.2735E-03
  0.2432E+02  0.7737E-01  0.2808E-03
  0.2523E+02  0.7800E-01  0.2890E-03
  0.2613E+02  0.7824E-01  0.2994E-03
  0.2703E+02  0.7812E-01  0.3128E-03
  0.2793E+02  0.7765E-01  0.3290E-03
  0.2883E+02  0.7685E-01  0.3471E-03
  0.2973E+02  0.7576E-01  0.3654E-03
  0.3063E+02  0.7441E-01  0.3823E-03
  0.3153E+02  0.7284E-01  0.3963E-03
  0.3243E+02  0.7109E-01  0.4061E-03
  0.3333E+02  0.6921E-01  0.4114E-03
  0.3423E+02  0.6722E-01  0.4119E-03
  0.3514E+02  0.6517E-01  0.4083E-03
  0.3604E+02  0.6308E-01  0.4014E-03
  0.3694E+02  0.6099E-01  0.3926E-03
  0.3784E+02  0.5891E-01  0.3832E-03
  0.3874E+02  0.5686E-01  0.3744E-03
  0.3964E+02  0.5486E-01  0.3673E-03
  0.4054E+02  0.5291E-01  0.3621E-03
  0.4144E+02  0.5102E-01  0.3591E-03
  0.4234E+02  0.4919E-01  0.3578E-03
  0.4324E+02  0.4742E-01  0.3579E-03
  0.4414E+02  0.4570E-01  0.3590E-03
  0.4505E+02  0.4403E-01  0.3608E-03
  0.4595E+02  0.4241E-01  0.3632E-03
  0.4685E+02  0.4082E-01  0.3663E-03
  0.4775E+02  0.3928E-01  0.3701E-03
  0.4865E+02  0.3776E-01  0.3745E-03
  0.4955E+02  0.3627E-01  0.3795E-03
  0.5045E+02  0.3482E-01  0.3847E-03
  0.5135E+02  0.3339E-01  0.3898E-03
  0.5225E+02  0.3199E-01  0.3943E-03
  0.5315E+02  0.3062E-01  0.3981E-03
  0.5405E+02  0.2929E-01  0.4011E-03
  0.5495E+02  0.2800E-01  0.4033E-03
  0.5586E+02  0.2675E-01  0.4048E-03
  0.5676E+02  0.2554E-01  0.4060E-03
  0.5766E+02  0.2437E-01  0.4070E-03
  0.5856E+02  0.2324E-01  0.4080E-03
  0.5946E+02  0.2216E-01  0.4090E-03
  0.6036E+02  0.2112E-01  0.4099E-03
  0.6126E+02  0.2012E-01  0.4105E-03
  0.6216E+02  0.1916E-01  0.4109E-03
  0.6306E+02  0.1823E-01  0.4108E-03
  0.6396E+02  0.1734E-01  0.4106E-03
  0.6486E+02  0.1647E-01  0.4106E-03
  0.6577E+02  0.1562E-01  0.4113E-03
  0.6667E+02  0.1480E-01  0.4134E-03
  0.6757E+02  0.1399E-01  0.4175E-03
  0.6847E+02  0.1321E-01  0.4240E-03
  0.6937E+02  0.1245E-01  0.4331E-03
  0.7027E+02  0.1170E-01  0.4448E-03
  0.7117E+02  0.1098E-01  0.4586E-03
  0.7207E+02  0.1029E-01  0.4742E-03
  0.7297E+02  0.9623E-02  0.4908E-03
  0.7387E+02  0.8986E-02  0.5078E-03
  0.7477E+02  0.8382E-02  0.5248E-03
  0.7568E+02  0.7814E-02  0.5409E-03
  0.7658E+02  0.7281E-02  0.5558E-03
  0.7748E+02  0.6785E-02  0.5685E-03
  0.7838E+02  0.6323E-02  0.5784E-03
  0.7928E+02  0.5892E-02  0.5845E-03
  0.8018E+02  0.5488E-02  0.5859E-03
  0.8108E+02  0.5103E-02  0.5813E-03
  0.8198E+02  0.4730E-02  0.5696E-03
  0.8288E+02  0.4359E-02  0.5498E-03
  0.8378E+02  0.3979E-02  0.5206E-03
  0.8468E+02  0.3577E-02  0.4813E-03
  0.8559E+02  0.3140E-02  0.4309E-03
  0.8649E+02  0.2657E-02  0.3690E-03
  0.8739E+02  0.2113E-02  0.2950E-03
  0.8829E+02  0.1496E-02  0.2088E-03
  0.8919E+02  0.7951E-03  0.1105E-03
  0.9009E+02  0.0000E+00  0.0000E+00
          Reciprocal space: Rg =   26.99     , I(0) =   0.3887E+02
     Real space: Rg =   27.03 +- 0.137  I(0) =   0.3887E+02 +-  0.1882E+00
