
           ####    G N O M   ---   Version 4.5a revised 09/02/02     ####

                                                  Sat Nov  4 16:52:00 2017
           ===    Run No   1   ===
 Run title:  0.010641 124.835319 2.443285



          To optimize the performance, some input data points 
           have been joined. New number of points equals to 257

   *******   Working Directory :
   *******    Input file(s) : 25533_C11_3.mccd.dat
           Condition P(rmin) = 0 is used. 
           Condition P(rmax) = 0 is used. 

          Experimental conditions for the first run
          -----------------------------------------

          Highest ALPHA is found to be   0.4718E+04

  The measure of inconsistency AN1 equals to    0.8833E+00
     Alpha    Discrp  Oscill  Stabil  Sysdev  Positv  Valcen    Total   
  0.4718E+07166.3938  1.5210  0.9765  0.0000  1.0000  0.7832  0.00001
  0.9435E+06158.9125  1.5050  0.9271  0.0000  1.0000  0.7851  0.00001
  0.1887E+06133.0040  1.4444  0.7603  0.0313  1.0000  0.7923  0.00001
  0.3774E+05 86.3810  1.3505  0.4745  0.0078  1.0000  0.8048  0.00001
  0.7548E+04 41.3882  1.4312  0.1939  0.0234  1.0000  0.7939  0.00001
  0.1510E+04 14.3224  1.6700  0.1040  0.1094  1.0000  0.7540  0.00001
  0.3019E+03  3.6939  1.8161  0.0386  0.3672  1.0000  0.7308  0.00001
  0.6039E+02  1.1036  1.8580  0.0092  0.5547  1.0000  0.7246  0.52445
  0.1208E+02  0.7867  1.8681  0.0030  0.6328  1.0000  0.7232  0.46425
  0.2415E+01  0.7601  1.8724  0.0023  0.6953  1.0000  0.7228  0.41044
  0.4831E+00  0.7547  1.8783  0.0043  0.6953  1.0000  0.7228  0.36291
  0.9662E-01  0.7515  1.8958  0.0076  0.6641  1.0000  0.7229  0.10000
  0.1932E-01  0.7479  2.0091  0.0259  0.6641  1.0000  0.7222  0.10000
  0.3865E-02  0.7417  2.7547  0.0749  0.6484  0.9991  0.7181  0.10000
  0.7729E-03  0.7287  6.5831  0.3105  0.6797  0.9874  0.6833  0.10000
  0.1546E-03  0.6965 13.8760  0.5028  0.6797  0.9065  0.5012  0.10000
  0.3092E-04  0.6698 15.8718  0.2628  0.6641  0.8406  0.3471  0.10000
  0.6183E-05  0.6642 15.3528  0.2788  0.6797  0.8203  0.3437  0.10000
  0.1237E-05  0.6614 14.8866  0.4595  0.6797  0.7887  0.3293  0.10000
  0.2473E-06  0.6577 16.5563  0.6161  0.6641  0.7375  0.3033  0.10000
  0.4947E-07  0.6476 20.0999  0.7931  0.6719  0.6944  0.3669  0.10000
  0.9894E-08  0.6168 23.5258  0.6479  0.6563  0.6918  0.3904  0.10000
  0.1979E-08  0.5550 29.4921  0.5872  0.6875  0.7296  0.3774  0.10000
  0.3957E-09  0.4633 33.9909  0.5295  0.7031  0.7485  0.3000  0.10000
  0.7915E-10  0.3489 39.3143  0.4670  0.7188  0.7244  0.2896  0.10000
  0.1583E-10  0.2060 45.4230  0.3921  0.6875  0.7068  0.2954  0.10000
  0.3166E-11  0.0764 48.4910  0.1844  0.6563  0.7239  0.3353  0.10000
  0.6332E-12  0.0189 49.3454  0.0503  0.6875  0.7357  0.3412  0.10000
  0.1266E-12  0.0040 49.5371  0.0109  0.6875  0.7388  0.3410  0.10000
  0.2533E-13  0.0008 49.5768  0.0022  0.6875  0.7395  0.3408  0.10000
  0.5065E-14  0.0002 49.5848  0.0004  0.6875  0.7396  0.3408  0.00000

          ***  Golden section search to maximize estimate ***
     Alpha    Discrp  Oscill  Stabil  Sysdev  Positv  Valcen    Total   
  0.3265E+02  0.8885  1.8634  0.0053  0.6172  1.0000  0.7238  0.51019
  0.7637E+02  1.2525  1.8550  0.0114  0.4766  1.0000  0.7250  0.51820
  0.4775E+02  0.9970  1.8604  0.0074  0.5547  1.0000  0.7243  0.52077
  0.6605E+02  1.1548  1.8569  0.0100  0.5078  1.0000  0.7248  0.52278
  0.5521E+02  1.0585  1.8590  0.0085  0.5547  1.0000  0.7245  0.52384
  0.6249E+02  1.1224  1.8576  0.0095  0.5234  1.0000  0.7247  0.52359
  0.5835E+02  1.0857  1.8584  0.0089  0.5547  1.0000  0.7245  0.52435
  0.6118E+02  1.1107  1.8579  0.0093  0.5234  1.0000  0.7246  0.52367
  0.5960E+02  1.0966  1.8582  0.0091  0.5547  1.0000  0.7246  0.52443
  0.6069E+02  1.1063  1.8580  0.0092  0.5391  1.0000  0.7246  0.52400
  0.6008E+02  1.1009  1.8581  0.0091  0.5547  1.0000  0.7246  0.52444
  0.6050E+02  1.1046  1.8580  0.0092  0.5547  1.0000  0.7246  0.52445
  0.6039E+02  1.1036  1.8580  0.0092  0.5547  1.0000  0.7246  0.52445



             ####            Final results            ####

 Parameter    DISCRP    OSCILL    STABIL    SYSDEV    POSITV    VALCEN
 Weight        1.000     3.000     3.000     4.000     1.000     1.000
 Sigma         0.500     0.600     0.120     0.200     0.120     0.120
 Ideal         1.000     1.100     0.000     1.000     1.000     0.950
 Current       1.104     1.858     0.009     0.555     1.000     0.725
                - - - - - - - - - - - - - - - - - - - - - - - - - 
 Estimate      0.958     0.203     0.994     0.007     1.000     0.029

  Angular   range    :     from    0.0116   to    0.3225
  Real space range   :     from      0.00   to    120.40

  Highest ALPHA (theor) :   0.472E+07                 JOB = 0
  Current ALPHA         :   0.604E+02   Rg :  0.294E+02   I(0) :   0.130E+03

           Total  estimate : 0.524  which is  A REASONABLE  solution

      S          J EXP       ERROR       J REG       I REG

  0.0000E+00                                      0.1305E+03
  0.1284E-02                                      0.1304E+03
  0.2568E-02                                      0.1302E+03
  0.3851E-02                                      0.1299E+03
  0.5135E-02                                      0.1295E+03
  0.6419E-02                                      0.1289E+03
  0.7703E-02                                      0.1283E+03
  0.8986E-02                                      0.1275E+03
  0.1027E-01                                      0.1266E+03
  0.1155E-01  0.1282E+03  0.7321E+00  0.1256E+03  0.1256E+03
  0.1277E-01  0.1258E+03  0.9070E+00  0.1245E+03  0.1245E+03
  0.1399E-01  0.1240E+03  0.1438E+01  0.1233E+03  0.1233E+03
  0.1520E-01  0.1239E+03  0.5234E+00  0.1221E+03  0.1221E+03
  0.1642E-01  0.1220E+03  0.5049E+00  0.1208E+03  0.1208E+03
  0.1763E-01  0.1196E+03  0.4924E+00  0.1194E+03  0.1194E+03
  0.1885E-01  0.1180E+03  0.4547E+00  0.1179E+03  0.1179E+03
  0.2007E-01  0.1165E+03  0.4792E+00  0.1164E+03  0.1164E+03
  0.2128E-01  0.1145E+03  0.4752E+00  0.1148E+03  0.1148E+03
  0.2250E-01  0.1124E+03  0.4437E+00  0.1131E+03  0.1131E+03
  0.2371E-01  0.1111E+03  0.4614E+00  0.1114E+03  0.1114E+03
  0.2493E-01  0.1091E+03  0.3979E+00  0.1096E+03  0.1096E+03
  0.2615E-01  0.1071E+03  0.3283E+00  0.1077E+03  0.1077E+03
  0.2736E-01  0.1056E+03  0.3330E+00  0.1059E+03  0.1059E+03
  0.2858E-01  0.1038E+03  0.3571E+00  0.1040E+03  0.1040E+03
  0.2980E-01  0.1017E+03  0.2971E+00  0.1020E+03  0.1020E+03
  0.3101E-01  0.9958E+02  0.3259E+00  0.1001E+03  0.1001E+03
  0.3223E-01  0.9752E+02  0.3125E+00  0.9810E+02  0.9810E+02
  0.3344E-01  0.9527E+02  0.3051E+00  0.9610E+02  0.9610E+02
  0.3466E-01  0.9369E+02  0.2943E+00  0.9409E+02  0.9409E+02
  0.3588E-01  0.9178E+02  0.2966E+00  0.9207E+02  0.9207E+02
  0.3709E-01  0.8967E+02  0.2892E+00  0.9004E+02  0.9004E+02
  0.3831E-01  0.8788E+02  0.2787E+00  0.8802E+02  0.8802E+02
  0.3953E-01  0.8605E+02  0.2874E+00  0.8599E+02  0.8599E+02
  0.4074E-01  0.8436E+02  0.2594E+00  0.8398E+02  0.8398E+02
  0.4196E-01  0.8228E+02  0.2706E+00  0.8197E+02  0.8197E+02
  0.4317E-01  0.8049E+02  0.2806E+00  0.7998E+02  0.7998E+02
  0.4439E-01  0.7839E+02  0.2814E+00  0.7800E+02  0.7800E+02
  0.4561E-01  0.7678E+02  0.2656E+00  0.7605E+02  0.7605E+02
  0.4682E-01  0.7486E+02  0.2552E+00  0.7411E+02  0.7411E+02
  0.4804E-01  0.7278E+02  0.2620E+00  0.7220E+02  0.7220E+02
  0.4925E-01  0.7087E+02  0.2538E+00  0.7031E+02  0.7031E+02
  0.5047E-01  0.6910E+02  0.2451E+00  0.6844E+02  0.6844E+02
  0.5169E-01  0.6728E+02  0.2490E+00  0.6661E+02  0.6661E+02
  0.5290E-01  0.6539E+02  0.2336E+00  0.6481E+02  0.6481E+02
  0.5412E-01  0.6356E+02  0.2248E+00  0.6303E+02  0.6303E+02
  0.5534E-01  0.6191E+02  0.2247E+00  0.6129E+02  0.6129E+02
  0.5655E-01  0.6005E+02  0.2216E+00  0.5958E+02  0.5958E+02
  0.5777E-01  0.5825E+02  0.2098E+00  0.5791E+02  0.5791E+02
  0.5898E-01  0.5660E+02  0.2074E+00  0.5626E+02  0.5626E+02
  0.6020E-01  0.5527E+02  0.1967E+00  0.5466E+02  0.5466E+02
  0.6142E-01  0.5371E+02  0.1863E+00  0.5308E+02  0.5308E+02
  0.6263E-01  0.5211E+02  0.1888E+00  0.5154E+02  0.5154E+02
  0.6385E-01  0.5045E+02  0.1722E+00  0.5003E+02  0.5003E+02
  0.6506E-01  0.4886E+02  0.1709E+00  0.4856E+02  0.4856E+02
  0.6628E-01  0.4738E+02  0.1695E+00  0.4712E+02  0.4712E+02
  0.6750E-01  0.4595E+02  0.1639E+00  0.4571E+02  0.4571E+02
  0.6871E-01  0.4469E+02  0.1634E+00  0.4434E+02  0.4434E+02
  0.6993E-01  0.4330E+02  0.1589E+00  0.4299E+02  0.4299E+02
  0.7114E-01  0.4178E+02  0.1486E+00  0.4168E+02  0.4168E+02
  0.7236E-01  0.4060E+02  0.1460E+00  0.4041E+02  0.4041E+02
  0.7358E-01  0.3950E+02  0.1462E+00  0.3916E+02  0.3916E+02
  0.7479E-01  0.3819E+02  0.1391E+00  0.3794E+02  0.3794E+02
  0.7601E-01  0.3701E+02  0.1312E+00  0.3675E+02  0.3675E+02
  0.7723E-01  0.3583E+02  0.1252E+00  0.3559E+02  0.3559E+02
  0.7844E-01  0.3467E+02  0.1254E+00  0.3446E+02  0.3446E+02
  0.7966E-01  0.3354E+02  0.1206E+00  0.3336E+02  0.3336E+02
  0.8087E-01  0.3248E+02  0.1226E+00  0.3229E+02  0.3229E+02
  0.8209E-01  0.3143E+02  0.1243E+00  0.3124E+02  0.3124E+02
  0.8331E-01  0.3042E+02  0.1181E+00  0.3022E+02  0.3022E+02
  0.8452E-01  0.2945E+02  0.1104E+00  0.2923E+02  0.2923E+02
  0.8574E-01  0.2849E+02  0.1077E+00  0.2826E+02  0.2826E+02
  0.8696E-01  0.2747E+02  0.1057E+00  0.2732E+02  0.2732E+02
  0.8817E-01  0.2630E+02  0.9824E-01  0.2641E+02  0.2641E+02
  0.8939E-01  0.2542E+02  0.9720E-01  0.2551E+02  0.2551E+02
  0.9060E-01  0.2460E+02  0.9353E-01  0.2465E+02  0.2465E+02
  0.9182E-01  0.2385E+02  0.8922E-01  0.2380E+02  0.2380E+02
  0.9304E-01  0.2318E+02  0.8943E-01  0.2298E+02  0.2298E+02
  0.9425E-01  0.2228E+02  0.8543E-01  0.2219E+02  0.2219E+02
  0.9547E-01  0.2148E+02  0.8759E-01  0.2141E+02  0.2141E+02
  0.9668E-01  0.2072E+02  0.8118E-01  0.2066E+02  0.2066E+02
  0.9790E-01  0.1984E+02  0.8501E-01  0.1993E+02  0.1993E+02
  0.9912E-01  0.1936E+02  0.7766E-01  0.1923E+02  0.1923E+02
  0.1003E+00  0.1871E+02  0.7287E-01  0.1854E+02  0.1854E+02
  0.1015E+00  0.1794E+02  0.7217E-01  0.1788E+02  0.1788E+02
  0.1028E+00  0.1732E+02  0.7245E-01  0.1724E+02  0.1724E+02
  0.1040E+00  0.1665E+02  0.6881E-01  0.1661E+02  0.1661E+02
  0.1052E+00  0.1605E+02  0.6533E-01  0.1601E+02  0.1601E+02
  0.1064E+00  0.1551E+02  0.6780E-01  0.1543E+02  0.1543E+02
  0.1076E+00  0.1492E+02  0.7669E-01  0.1487E+02  0.1487E+02
  0.1088E+00  0.1432E+02  0.6998E-01  0.1432E+02  0.1432E+02
  0.1101E+00  0.1372E+02  0.6125E-01  0.1380E+02  0.1380E+02
  0.1113E+00  0.1338E+02  0.6154E-01  0.1329E+02  0.1329E+02
  0.1125E+00  0.1280E+02  0.5884E-01  0.1280E+02  0.1280E+02
  0.1137E+00  0.1229E+02  0.5504E-01  0.1233E+02  0.1233E+02
  0.1149E+00  0.1186E+02  0.5255E-01  0.1188E+02  0.1188E+02
  0.1161E+00  0.1150E+02  0.5371E-01  0.1144E+02  0.1144E+02
  0.1174E+00  0.1111E+02  0.5078E-01  0.1102E+02  0.1102E+02
  0.1186E+00  0.1059E+02  0.5310E-01  0.1061E+02  0.1061E+02
  0.1198E+00  0.1023E+02  0.5224E-01  0.1022E+02  0.1022E+02
  0.1210E+00  0.9775E+01  0.4803E-01  0.9843E+01  0.9843E+01
  0.1222E+00  0.9447E+01  0.4694E-01  0.9481E+01  0.9481E+01
  0.1234E+00  0.9104E+01  0.4752E-01  0.9132E+01  0.9132E+01
  0.1247E+00  0.8785E+01  0.4612E-01  0.8797E+01  0.8797E+01
  0.1259E+00  0.8486E+01  0.4455E-01  0.8475E+01  0.8475E+01
  0.1271E+00  0.8231E+01  0.4630E-01  0.8166E+01  0.8166E+01
  0.1283E+00  0.7831E+01  0.4373E-01  0.7868E+01  0.7868E+01
  0.1295E+00  0.7577E+01  0.4500E-01  0.7582E+01  0.7582E+01
  0.1307E+00  0.7277E+01  0.4345E-01  0.7307E+01  0.7307E+01
  0.1320E+00  0.6995E+01  0.4327E-01  0.7042E+01  0.7042E+01
  0.1332E+00  0.6685E+01  0.4322E-01  0.6788E+01  0.6788E+01
  0.1344E+00  0.6522E+01  0.4323E-01  0.6543E+01  0.6543E+01
  0.1356E+00  0.6312E+01  0.4029E-01  0.6308E+01  0.6308E+01
  0.1368E+00  0.6030E+01  0.4168E-01  0.6082E+01  0.6082E+01
  0.1380E+00  0.5873E+01  0.4095E-01  0.5865E+01  0.5865E+01
  0.1392E+00  0.5684E+01  0.4019E-01  0.5656E+01  0.5656E+01
  0.1405E+00  0.5519E+01  0.4101E-01  0.5455E+01  0.5455E+01
  0.1417E+00  0.5275E+01  0.3935E-01  0.5262E+01  0.5262E+01
  0.1429E+00  0.5107E+01  0.3859E-01  0.5076E+01  0.5076E+01
  0.1441E+00  0.4788E+01  0.3863E-01  0.4898E+01  0.4898E+01
  0.1453E+00  0.4654E+01  0.3735E-01  0.4726E+01  0.4726E+01
  0.1465E+00  0.4516E+01  0.3788E-01  0.4561E+01  0.4561E+01
  0.1478E+00  0.4368E+01  0.3653E-01  0.4402E+01  0.4402E+01
  0.1490E+00  0.4194E+01  0.3569E-01  0.4249E+01  0.4249E+01
  0.1502E+00  0.4064E+01  0.3485E-01  0.4102E+01  0.4102E+01
  0.1514E+00  0.3943E+01  0.3445E-01  0.3961E+01  0.3961E+01
  0.1526E+00  0.3808E+01  0.3524E-01  0.3825E+01  0.3825E+01
  0.1538E+00  0.3696E+01  0.3297E-01  0.3694E+01  0.3694E+01
  0.1551E+00  0.3610E+01  0.3571E-01  0.3569E+01  0.3569E+01
  0.1563E+00  0.3435E+01  0.3321E-01  0.3448E+01  0.3448E+01
  0.1575E+00  0.3333E+01  0.3454E-01  0.3331E+01  0.3331E+01
  0.1587E+00  0.3153E+01  0.3492E-01  0.3220E+01  0.3220E+01
  0.1599E+00  0.3042E+01  0.3250E-01  0.3113E+01  0.3113E+01
  0.1611E+00  0.3043E+01  0.3177E-01  0.3009E+01  0.3009E+01
  0.1624E+00  0.2972E+01  0.3231E-01  0.2910E+01  0.2910E+01
  0.1636E+00  0.2810E+01  0.3383E-01  0.2815E+01  0.2815E+01
  0.1648E+00  0.2657E+01  0.3269E-01  0.2724E+01  0.2724E+01
  0.1660E+00  0.2601E+01  0.3096E-01  0.2636E+01  0.2636E+01
  0.1672E+00  0.2520E+01  0.3305E-01  0.2551E+01  0.2551E+01
  0.1684E+00  0.2500E+01  0.3434E-01  0.2470E+01  0.2470E+01
  0.1696E+00  0.2408E+01  0.3176E-01  0.2393E+01  0.2393E+01
  0.1709E+00  0.2347E+01  0.3226E-01  0.2318E+01  0.2318E+01
  0.1721E+00  0.2228E+01  0.3094E-01  0.2246E+01  0.2246E+01
  0.1733E+00  0.2190E+01  0.3251E-01  0.2178E+01  0.2178E+01
  0.1745E+00  0.2096E+01  0.3237E-01  0.2112E+01  0.2112E+01
  0.1757E+00  0.2063E+01  0.3206E-01  0.2048E+01  0.2048E+01
  0.1769E+00  0.2003E+01  0.3148E-01  0.1987E+01  0.1987E+01
  0.1782E+00  0.1935E+01  0.3220E-01  0.1929E+01  0.1929E+01
  0.1794E+00  0.1901E+01  0.3182E-01  0.1873E+01  0.1873E+01
  0.1806E+00  0.1839E+01  0.3009E-01  0.1819E+01  0.1819E+01
  0.1818E+00  0.1719E+01  0.3154E-01  0.1768E+01  0.1768E+01
  0.1830E+00  0.1680E+01  0.3061E-01  0.1719E+01  0.1719E+01
  0.1842E+00  0.1633E+01  0.3068E-01  0.1671E+01  0.1671E+01
  0.1855E+00  0.1598E+01  0.3065E-01  0.1626E+01  0.1626E+01
  0.1867E+00  0.1583E+01  0.3149E-01  0.1583E+01  0.1583E+01
  0.1879E+00  0.1443E+01  0.2955E-01  0.1541E+01  0.1541E+01
  0.1891E+00  0.1412E+01  0.2919E-01  0.1501E+01  0.1501E+01
  0.1903E+00  0.1454E+01  0.3020E-01  0.1463E+01  0.1463E+01
  0.1915E+00  0.1380E+01  0.3074E-01  0.1427E+01  0.1427E+01
  0.1928E+00  0.1358E+01  0.2942E-01  0.1392E+01  0.1392E+01
  0.1940E+00  0.1340E+01  0.3064E-01  0.1359E+01  0.1359E+01
  0.1952E+00  0.1301E+01  0.3063E-01  0.1327E+01  0.1327E+01
  0.1964E+00  0.1250E+01  0.2777E-01  0.1297E+01  0.1297E+01
  0.1976E+00  0.1239E+01  0.2929E-01  0.1269E+01  0.1269E+01
  0.1988E+00  0.1228E+01  0.2916E-01  0.1241E+01  0.1241E+01
  0.2001E+00  0.1216E+01  0.3019E-01  0.1215E+01  0.1215E+01
  0.2013E+00  0.1161E+01  0.2798E-01  0.1191E+01  0.1191E+01
  0.2025E+00  0.1143E+01  0.2728E-01  0.1167E+01  0.1167E+01
  0.2037E+00  0.1152E+01  0.2875E-01  0.1145E+01  0.1145E+01
  0.2049E+00  0.1163E+01  0.3174E-01  0.1125E+01  0.1125E+01
  0.2061E+00  0.1167E+01  0.3625E-01  0.1105E+01  0.1105E+01
  0.2073E+00  0.1102E+01  0.3654E-01  0.1086E+01  0.1086E+01
  0.2086E+00  0.1132E+01  0.3008E-01  0.1069E+01  0.1069E+01
  0.2098E+00  0.1067E+01  0.2819E-01  0.1052E+01  0.1052E+01
  0.2110E+00  0.9852E+00  0.2848E-01  0.1037E+01  0.1037E+01
  0.2122E+00  0.1025E+01  0.2753E-01  0.1023E+01  0.1023E+01
  0.2134E+00  0.9950E+00  0.2692E-01  0.1009E+01  0.1009E+01
  0.2146E+00  0.9228E+00  0.2640E-01  0.9964E+00  0.9964E+00
  0.2159E+00  0.9735E+00  0.2812E-01  0.9846E+00  0.9846E+00
  0.2171E+00  0.9648E+00  0.2675E-01  0.9736E+00  0.9736E+00
  0.2183E+00  0.9941E+00  0.2607E-01  0.9633E+00  0.9633E+00
  0.2195E+00  0.9127E+00  0.2792E-01  0.9537E+00  0.9537E+00
  0.2207E+00  0.9581E+00  0.2736E-01  0.9448E+00  0.9448E+00
  0.2219E+00  0.9566E+00  0.2622E-01  0.9364E+00  0.9364E+00
  0.2232E+00  0.8873E+00  0.2615E-01  0.9285E+00  0.9285E+00
  0.2244E+00  0.8750E+00  0.2726E-01  0.9212E+00  0.9212E+00
  0.2256E+00  0.9305E+00  0.2735E-01  0.9143E+00  0.9143E+00
  0.2268E+00  0.9131E+00  0.2676E-01  0.9078E+00  0.9078E+00
  0.2280E+00  0.8351E+00  0.2705E-01  0.9017E+00  0.9017E+00
  0.2292E+00  0.8669E+00  0.2580E-01  0.8958E+00  0.8958E+00
  0.2304E+00  0.9175E+00  0.2610E-01  0.8903E+00  0.8903E+00
  0.2317E+00  0.8802E+00  0.2804E-01  0.8850E+00  0.8850E+00
  0.2329E+00  0.8688E+00  0.2650E-01  0.8800E+00  0.8800E+00
  0.2341E+00  0.9065E+00  0.2609E-01  0.8750E+00  0.8750E+00
  0.2353E+00  0.8731E+00  0.2674E-01  0.8702E+00  0.8702E+00
  0.2365E+00  0.8110E+00  0.2725E-01  0.8655E+00  0.8655E+00
  0.2377E+00  0.8598E+00  0.2536E-01  0.8609E+00  0.8609E+00
  0.2390E+00  0.8483E+00  0.2550E-01  0.8564E+00  0.8564E+00
  0.2402E+00  0.8119E+00  0.2544E-01  0.8520E+00  0.8520E+00
  0.2414E+00  0.8409E+00  0.2627E-01  0.8476E+00  0.8476E+00
  0.2426E+00  0.8353E+00  0.2595E-01  0.8432E+00  0.8432E+00
  0.2438E+00  0.8207E+00  0.2575E-01  0.8389E+00  0.8389E+00
  0.2450E+00  0.8697E+00  0.2493E-01  0.8346E+00  0.8346E+00
  0.2463E+00  0.8555E+00  0.2642E-01  0.8303E+00  0.8303E+00
  0.2475E+00  0.8510E+00  0.3654E-01  0.8261E+00  0.8261E+00
  0.2487E+00  0.8477E+00  0.2985E-01  0.8218E+00  0.8218E+00
  0.2499E+00  0.8145E+00  0.2532E-01  0.8176E+00  0.8176E+00
  0.2511E+00  0.8234E+00  0.2432E-01  0.8135E+00  0.8135E+00
  0.2523E+00  0.8495E+00  0.2507E-01  0.8094E+00  0.8094E+00
  0.2536E+00  0.8382E+00  0.2506E-01  0.8053E+00  0.8053E+00
  0.2548E+00  0.7816E+00  0.2628E-01  0.8013E+00  0.8013E+00
  0.2560E+00  0.7380E+00  0.2682E-01  0.7974E+00  0.7974E+00
  0.2572E+00  0.7450E+00  0.2565E-01  0.7936E+00  0.7936E+00
  0.2584E+00  0.7825E+00  0.2433E-01  0.7899E+00  0.7899E+00
  0.2596E+00  0.7512E+00  0.2452E-01  0.7862E+00  0.7862E+00
  0.2608E+00  0.7496E+00  0.2456E-01  0.7827E+00  0.7827E+00
  0.2621E+00  0.8116E+00  0.2493E-01  0.7793E+00  0.7793E+00
  0.2633E+00  0.7903E+00  0.2411E-01  0.7761E+00  0.7761E+00
  0.2645E+00  0.8182E+00  0.2463E-01  0.7730E+00  0.7730E+00
  0.2657E+00  0.7571E+00  0.2471E-01  0.7700E+00  0.7700E+00
  0.2669E+00  0.7306E+00  0.2414E-01  0.7672E+00  0.7672E+00
  0.2681E+00  0.7799E+00  0.2419E-01  0.7644E+00  0.7644E+00
  0.2694E+00  0.7736E+00  0.2321E-01  0.7619E+00  0.7619E+00
  0.2706E+00  0.7623E+00  0.2336E-01  0.7595E+00  0.7595E+00
  0.2718E+00  0.7545E+00  0.2402E-01  0.7571E+00  0.7571E+00
  0.2730E+00  0.7218E+00  0.2411E-01  0.7550E+00  0.7550E+00
  0.2742E+00  0.7523E+00  0.2458E-01  0.7529E+00  0.7529E+00
  0.2754E+00  0.7204E+00  0.2416E-01  0.7510E+00  0.7510E+00
  0.2767E+00  0.7353E+00  0.2457E-01  0.7491E+00  0.7491E+00
  0.2779E+00  0.7742E+00  0.2420E-01  0.7473E+00  0.7473E+00
  0.2791E+00  0.7930E+00  0.2671E-01  0.7456E+00  0.7456E+00
  0.2803E+00  0.7636E+00  0.2311E-01  0.7439E+00  0.7439E+00
  0.2815E+00  0.7262E+00  0.2369E-01  0.7423E+00  0.7423E+00
  0.2827E+00  0.7283E+00  0.2346E-01  0.7406E+00  0.7406E+00
  0.2839E+00  0.7560E+00  0.2253E-01  0.7390E+00  0.7390E+00
  0.2852E+00  0.7386E+00  0.2264E-01  0.7374E+00  0.7374E+00
  0.2864E+00  0.7007E+00  0.2249E-01  0.7358E+00  0.7358E+00
  0.2876E+00  0.7328E+00  0.2224E-01  0.7341E+00  0.7341E+00
  0.2888E+00  0.7529E+00  0.2250E-01  0.7323E+00  0.7323E+00
  0.2900E+00  0.7724E+00  0.2221E-01  0.7305E+00  0.7305E+00
  0.2912E+00  0.7284E+00  0.2145E-01  0.7287E+00  0.7287E+00
  0.2925E+00  0.7041E+00  0.2257E-01  0.7267E+00  0.7267E+00
  0.2937E+00  0.7484E+00  0.2158E-01  0.7246E+00  0.7246E+00
  0.2949E+00  0.7461E+00  0.2099E-01  0.7224E+00  0.7224E+00
  0.2961E+00  0.7176E+00  0.2097E-01  0.7201E+00  0.7201E+00
  0.2973E+00  0.7130E+00  0.2186E-01  0.7177E+00  0.7177E+00
  0.2985E+00  0.7104E+00  0.2117E-01  0.7152E+00  0.7152E+00
  0.2998E+00  0.7195E+00  0.2208E-01  0.7125E+00  0.7125E+00
  0.3010E+00  0.6823E+00  0.2082E-01  0.7097E+00  0.7097E+00
  0.3022E+00  0.6746E+00  0.2073E-01  0.7068E+00  0.7068E+00
  0.3034E+00  0.7060E+00  0.2074E-01  0.7038E+00  0.7038E+00
  0.3046E+00  0.7082E+00  0.2141E-01  0.7006E+00  0.7006E+00
  0.3058E+00  0.7008E+00  0.2024E-01  0.6973E+00  0.6973E+00
  0.3070E+00  0.7015E+00  0.2014E-01  0.6939E+00  0.6939E+00
  0.3083E+00  0.6801E+00  0.1996E-01  0.6904E+00  0.6904E+00
  0.3095E+00  0.6437E+00  0.2159E-01  0.6868E+00  0.6868E+00
  0.3107E+00  0.6683E+00  0.1951E-01  0.6831E+00  0.6831E+00
  0.3119E+00  0.7163E+00  0.2067E-01  0.6793E+00  0.6793E+00
  0.3131E+00  0.7446E+00  0.2033E-01  0.6755E+00  0.6755E+00
  0.3143E+00  0.7301E+00  0.2011E-01  0.6715E+00  0.6715E+00
  0.3156E+00  0.6869E+00  0.2103E-01  0.6675E+00  0.6675E+00
  0.3168E+00  0.7190E+00  0.2325E-01  0.6635E+00  0.6635E+00
  0.3180E+00  0.7349E+00  0.2480E-01  0.6594E+00  0.6594E+00
  0.3192E+00  0.6500E+00  0.2933E-01  0.6552E+00  0.6552E+00
  0.3204E+00  0.5883E+00  0.3226E-01  0.6511E+00  0.6511E+00
  0.3216E+00  0.6285E+00  0.4852E-01  0.6468E+00  0.6468E+00
  0.3225E+00  0.5457E+00  0.1946E+00  0.6437E+00  0.6437E+00

           Distance distribution  function of particle  


       R          P(R)      ERROR

  0.0000E+00  0.0000E+00  0.0000E+00
  0.1204E+01  0.7174E-02  0.3667E-04
  0.2408E+01  0.1564E-01  0.5209E-04
  0.3612E+01  0.2541E-01  0.4980E-04
  0.4816E+01  0.3646E-01  0.3636E-04
  0.6020E+01  0.4878E-01  0.2747E-04
  0.7224E+01  0.6231E-01  0.4230E-04
  0.8428E+01  0.7697E-01  0.6557E-04
  0.9632E+01  0.9262E-01  0.8499E-04
  0.1084E+02  0.1091E+00  0.9652E-04
  0.1204E+02  0.1261E+00  0.9978E-04
  0.1324E+02  0.1433E+00  0.9748E-04
  0.1445E+02  0.1605E+00  0.9515E-04
  0.1565E+02  0.1771E+00  0.9887E-04
  0.1686E+02  0.1930E+00  0.1104E-03
  0.1806E+02  0.2075E+00  0.1259E-03
  0.1926E+02  0.2206E+00  0.1399E-03
  0.2047E+02  0.2317E+00  0.1488E-03
  0.2167E+02  0.2408E+00  0.1515E-03
  0.2288E+02  0.2476E+00  0.1494E-03
  0.2408E+02  0.2522E+00  0.1465E-03
  0.2528E+02  0.2545E+00  0.1473E-03
  0.2649E+02  0.2547E+00  0.1542E-03
  0.2769E+02  0.2530E+00  0.1656E-03
  0.2890E+02  0.2495E+00  0.1775E-03
  0.3010E+02  0.2446E+00  0.1859E-03
  0.3130E+02  0.2385E+00  0.1885E-03
  0.3251E+02  0.2316E+00  0.1857E-03
  0.3371E+02  0.2239E+00  0.1803E-03
  0.3492E+02  0.2159E+00  0.1767E-03
  0.3612E+02  0.2076E+00  0.1791E-03
  0.3732E+02  0.1993E+00  0.1885E-03
  0.3853E+02  0.1909E+00  0.2025E-03
  0.3973E+02  0.1825E+00  0.2168E-03
  0.4094E+02  0.1743E+00  0.2283E-03
  0.4214E+02  0.1661E+00  0.2355E-03
  0.4334E+02  0.1581E+00  0.2389E-03
  0.4455E+02  0.1501E+00  0.2408E-03
  0.4575E+02  0.1423E+00  0.2434E-03
  0.4696E+02  0.1345E+00  0.2483E-03
  0.4816E+02  0.1270E+00  0.2555E-03
  0.4936E+02  0.1196E+00  0.2635E-03
  0.5057E+02  0.1125E+00  0.2704E-03
  0.5177E+02  0.1057E+00  0.2752E-03
  0.5298E+02  0.9914E-01  0.2781E-03
  0.5418E+02  0.9298E-01  0.2800E-03
  0.5538E+02  0.8719E-01  0.2825E-03
  0.5659E+02  0.8177E-01  0.2861E-03
  0.5779E+02  0.7672E-01  0.2902E-03
  0.5900E+02  0.7201E-01  0.2932E-03
  0.6020E+02  0.6761E-01  0.2930E-03
  0.6140E+02  0.6350E-01  0.2885E-03
  0.6261E+02  0.5964E-01  0.2800E-03
  0.6381E+02  0.5599E-01  0.2699E-03
  0.6502E+02  0.5255E-01  0.2619E-03
  0.6622E+02  0.4930E-01  0.2604E-03
  0.6742E+02  0.4623E-01  0.2679E-03
  0.6863E+02  0.4336E-01  0.2840E-03
  0.6983E+02  0.4070E-01  0.3058E-03
  0.7104E+02  0.3825E-01  0.3295E-03
  0.7224E+02  0.3604E-01  0.3523E-03
  0.7344E+02  0.3406E-01  0.3722E-03
  0.7465E+02  0.3230E-01  0.3882E-03
  0.7585E+02  0.3077E-01  0.4000E-03
  0.7706E+02  0.2942E-01  0.4074E-03
  0.7826E+02  0.2822E-01  0.4103E-03
  0.7946E+02  0.2715E-01  0.4088E-03
  0.8067E+02  0.2614E-01  0.4037E-03
  0.8187E+02  0.2516E-01  0.3965E-03
  0.8308E+02  0.2418E-01  0.3897E-03
  0.8428E+02  0.2316E-01  0.3862E-03
  0.8548E+02  0.2208E-01  0.3881E-03
  0.8669E+02  0.2094E-01  0.3958E-03
  0.8789E+02  0.1975E-01  0.4074E-03
  0.8910E+02  0.1852E-01  0.4195E-03
  0.9030E+02  0.1726E-01  0.4285E-03
  0.9150E+02  0.1602E-01  0.4317E-03
  0.9271E+02  0.1480E-01  0.4282E-03
  0.9391E+02  0.1364E-01  0.4188E-03
  0.9512E+02  0.1256E-01  0.4061E-03
  0.9632E+02  0.1156E-01  0.3936E-03
  0.9752E+02  0.1065E-01  0.3851E-03
  0.9873E+02  0.9832E-02  0.3827E-03
  0.9993E+02  0.9086E-02  0.3868E-03
  0.1011E+03  0.8406E-02  0.3956E-03
  0.1023E+03  0.7778E-02  0.4066E-03
  0.1035E+03  0.7190E-02  0.4177E-03
  0.1047E+03  0.6633E-02  0.4277E-03
  0.1060E+03  0.6098E-02  0.4366E-03
  0.1072E+03  0.5585E-02  0.4447E-03
  0.1084E+03  0.5092E-02  0.4527E-03
  0.1096E+03  0.4621E-02  0.4604E-03
  0.1108E+03  0.4172E-02  0.4669E-03
  0.1120E+03  0.3743E-02  0.4699E-03
  0.1132E+03  0.3327E-02  0.4658E-03
  0.1144E+03  0.2912E-02  0.4500E-03
  0.1156E+03  0.2478E-02  0.4172E-03
  0.1168E+03  0.2000E-02  0.3615E-03
  0.1180E+03  0.1449E-02  0.2769E-03
  0.1192E+03  0.7934E-03  0.1579E-03
  0.1204E+03  0.0000E+00  0.0000E+00
          Reciprocal space: Rg =   29.38     , I(0) =   0.1305E+03
     Real space: Rg =   29.53 +- 0.088  I(0) =   0.1305E+03 +-  0.1891E+00
