
           ####    G N O M   ---   Version 4.5a revised 09/02/02     ####

                                                  Sat Nov  4 16:52:01 2017
           ===    Run No   1   ===
 Run title:  0.010641 131.151830 3.515364



          To optimize the performance, some input data points 
           have been joined. New number of points equals to 257

   *******   Working Directory :
   *******    Input file(s) : 25533_C11_4.mccd.dat
           Condition P(rmin) = 0 is used. 
           Condition P(rmax) = 0 is used. 

          Experimental conditions for the first run
          -----------------------------------------

          Highest ALPHA is found to be   0.3365E+03

  The measure of inconsistency AN1 equals to    0.8869E+00
     Alpha    Discrp  Oscill  Stabil  Sysdev  Positv  Valcen    Total   
  0.3365E+06 77.9439  1.2328  0.9362  0.0000  1.0000  0.8431  0.00001
  0.6731E+05 64.8835  1.2161  0.7748  0.1875  1.0000  0.8474  0.00001
  0.1346E+05 38.2463  1.1756  0.4496  0.0234  1.0000  0.8606  0.00001
  0.2692E+04 15.8824  1.1805  0.1705  0.0234  1.0000  0.8753  0.00001
  0.5384E+03  5.2667  1.2676  0.0562  0.1250  1.0000  0.8790  0.00001
  0.1077E+03  2.0531  1.3329  0.0200  0.3906  1.0000  0.8790  0.42654
  0.2154E+02  1.4636  1.3689  0.0142  0.5781  1.0000  0.8783  0.10000
  0.4308E+01  1.2862  1.4255  0.0179  0.5469  1.0000  0.8776  0.10000
  0.8615E+00  1.1842  1.5695  0.0295  0.5156  1.0000  0.8754  0.10000
  0.1723E+00  1.0875  2.1233  0.0657  0.6094  1.0000  0.8679  0.10000
  0.3446E-01  1.0154  3.2229  0.0642  0.7266  0.9994  0.8574  0.10000
  0.6892E-02  0.9796  5.0444  0.1971  0.7266  0.9957  0.8535  0.10000
  0.1378E-02  0.9389  9.0614  0.2428  0.7031  0.9709  0.8117  0.10000
  0.2757E-03  0.9156 13.2424  0.5015  0.6875  0.9196  0.6349  0.10000
  0.5514E-04  0.8818 15.6837  0.7471  0.6563  0.8339  0.3581  0.10000
  0.1103E-04  0.8396 15.4463  0.3562  0.6953  0.7686  0.3078  0.10000
  0.2205E-05  0.8244 17.2995  0.4260  0.6953  0.7471  0.2785  0.10000
  0.4411E-06  0.8121 18.4027  0.8049  0.6797  0.7286  0.2889  0.10000
  0.8822E-07  0.7954 16.8249  0.4116  0.6953  0.7173  0.2958  0.10000
  0.1764E-07  0.7887 18.4458  0.2911  0.6875  0.7080  0.2825  0.10000
  0.3529E-08  0.7839 24.7120  0.9026  0.6563  0.7087  0.2227  0.10000
  0.7057E-09  0.7693 24.1538  0.8399  0.6875  0.7148  0.2645  0.10000
  0.1411E-09  0.7311 24.7838  0.7858  0.6641  0.7161  0.3205  0.10000
  0.2823E-10  0.6474 26.5580  0.6305  0.6953  0.7106  0.3566  0.10000
  0.5646E-11  0.5031 31.7149  0.4993  0.7656  0.7234  0.3233  0.10000
  0.1129E-11  0.3052 38.6633  0.3577  0.7813  0.7472  0.2581  0.10000
  0.2258E-12  0.1264 44.2955  0.2002  0.8125  0.7750  0.2527  0.10000
  0.4517E-13  0.0347 46.8760  0.0696  0.8438  0.7879  0.2597  0.10000
  0.9034E-14  0.0076 47.5655  0.0163  0.8281  0.7910  0.2651  0.10000
  0.1807E-14  0.0015 47.7131  0.0034  0.8281  0.7917  0.2665  0.10000
  0.3613E-15  0.0003 47.7430  0.0007  0.8281  0.7918  0.2668  0.10000

          ***  Golden section search to maximize estimate ***
     Alpha    Discrp  Oscill  Stabil  Sysdev  Positv  Valcen    Total   
  0.1991E+03  2.7482  1.3135  0.0293  0.2500  1.0000  0.8791  0.00001
  0.3039E+00  1.1239  1.8393  0.0555  0.5469  1.0000  0.8714  0.10000
  0.1362E+03  2.2649  1.3262  0.0229  0.3594  1.0000  0.8791  0.43063
  0.1575E+03  2.4266  1.3216  0.0251  0.2813  1.0000  0.8791  0.43301
  0.1722E+03  2.5401  1.3186  0.0266  0.2656  1.0000  0.8791  0.00008
  0.1490E+03  2.3618  1.3234  0.0242  0.2656  1.0000  0.8791  0.43213
  0.1629E+03  2.4687  1.3205  0.0257  0.2813  1.0000  0.8791  0.43352
  0.1664E+03  2.4955  1.3198  0.0260  0.2813  1.0000  0.8791  0.43383
  0.1686E+03  2.5124  1.3193  0.0263  0.2656  1.0000  0.8791  0.43401
  0.1700E+03  2.5229  1.3191  0.0264  0.2500  1.0000  0.8791  0.00009
  0.1678E+03  2.5059  1.3195  0.0262  0.2656  1.0000  0.8791  0.43394
  0.1691E+03  2.5164  1.3192  0.0263  0.2500  1.0000  0.8791  0.43406
  0.1691E+03  2.5164  1.3192  0.0263  0.2500  1.0000  0.8791  0.43406



             ####            Final results            ####

 Parameter    DISCRP    OSCILL    STABIL    SYSDEV    POSITV    VALCEN
 Weight        1.000     3.000     3.000     4.000     1.000     1.000
 Sigma         0.500     0.600     0.120     0.200     0.120     0.120
 Ideal         1.000     1.100     0.000     1.000     1.000     0.950
 Current       2.516     1.319     0.026     0.250     1.000     0.879
                - - - - - - - - - - - - - - - - - - - - - - - - - 
 Estimate      0.000     0.875     0.953     0.000     1.000     0.705

  Angular   range    :     from    0.0116   to    0.3225
  Real space range   :     from      0.00   to     92.10

  Highest ALPHA (theor) :   0.337E+06                 JOB = 0
  Current ALPHA         :   0.169E+03   Rg :  0.292E+02   I(0) :   0.135E+03

           Total  estimate : 0.434  which is  A SUSPICIOUS  solution

      S          J EXP       ERROR       J REG       I REG

  0.0000E+00                                      0.1345E+03
  0.1284E-02                                      0.1345E+03
  0.2568E-02                                      0.1343E+03
  0.3851E-02                                      0.1340E+03
  0.5135E-02                                      0.1335E+03
  0.6419E-02                                      0.1330E+03
  0.7703E-02                                      0.1323E+03
  0.8986E-02                                      0.1315E+03
  0.1027E-01                                      0.1306E+03
  0.1155E-01  0.1392E+03  0.2430E+01  0.1295E+03  0.1295E+03
  0.1277E-01  0.1352E+03  0.1571E+01  0.1285E+03  0.1285E+03
  0.1399E-01  0.1328E+03  0.1564E+01  0.1273E+03  0.1273E+03
  0.1520E-01  0.1285E+03  0.1072E+01  0.1260E+03  0.1260E+03
  0.1642E-01  0.1327E+03  0.1167E+01  0.1247E+03  0.1247E+03
  0.1763E-01  0.1286E+03  0.1329E+01  0.1232E+03  0.1232E+03
  0.1885E-01  0.1264E+03  0.1144E+01  0.1217E+03  0.1217E+03
  0.2007E-01  0.1248E+03  0.1015E+01  0.1201E+03  0.1201E+03
  0.2128E-01  0.1230E+03  0.8390E+00  0.1184E+03  0.1184E+03
  0.2250E-01  0.1204E+03  0.7899E+00  0.1167E+03  0.1167E+03
  0.2371E-01  0.1185E+03  0.8943E+00  0.1149E+03  0.1149E+03
  0.2493E-01  0.1151E+03  0.6685E+00  0.1130E+03  0.1130E+03
  0.2615E-01  0.1135E+03  0.7700E+00  0.1111E+03  0.1111E+03
  0.2736E-01  0.1112E+03  0.7168E+00  0.1091E+03  0.1091E+03
  0.2858E-01  0.1088E+03  0.6639E+00  0.1071E+03  0.1071E+03
  0.2980E-01  0.1066E+03  0.6919E+00  0.1050E+03  0.1050E+03
  0.3101E-01  0.1032E+03  0.6518E+00  0.1029E+03  0.1029E+03
  0.3223E-01  0.1011E+03  0.6214E+00  0.1008E+03  0.1008E+03
  0.3344E-01  0.9790E+02  0.5722E+00  0.9863E+02  0.9863E+02
  0.3466E-01  0.9695E+02  0.5484E+00  0.9645E+02  0.9645E+02
  0.3588E-01  0.9350E+02  0.6186E+00  0.9426E+02  0.9426E+02
  0.3709E-01  0.9128E+02  0.6274E+00  0.9206E+02  0.9206E+02
  0.3831E-01  0.8935E+02  0.5498E+00  0.8984E+02  0.8984E+02
  0.3953E-01  0.8675E+02  0.4814E+00  0.8763E+02  0.8763E+02
  0.4074E-01  0.8437E+02  0.4673E+00  0.8542E+02  0.8542E+02
  0.4196E-01  0.8211E+02  0.4440E+00  0.8320E+02  0.8320E+02
  0.4317E-01  0.8072E+02  0.4400E+00  0.8100E+02  0.8100E+02
  0.4439E-01  0.7811E+02  0.4324E+00  0.7882E+02  0.7882E+02
  0.4561E-01  0.7618E+02  0.4138E+00  0.7665E+02  0.7665E+02
  0.4682E-01  0.7439E+02  0.4491E+00  0.7450E+02  0.7450E+02
  0.4804E-01  0.7275E+02  0.4306E+00  0.7237E+02  0.7237E+02
  0.4925E-01  0.7071E+02  0.4022E+00  0.7027E+02  0.7027E+02
  0.5047E-01  0.6855E+02  0.3941E+00  0.6819E+02  0.6819E+02
  0.5169E-01  0.6670E+02  0.3871E+00  0.6615E+02  0.6615E+02
  0.5290E-01  0.6489E+02  0.3760E+00  0.6414E+02  0.6414E+02
  0.5412E-01  0.6301E+02  0.3831E+00  0.6217E+02  0.6217E+02
  0.5534E-01  0.6093E+02  0.3897E+00  0.6023E+02  0.6023E+02
  0.5655E-01  0.5880E+02  0.3390E+00  0.5834E+02  0.5834E+02
  0.5777E-01  0.5718E+02  0.3501E+00  0.5648E+02  0.5648E+02
  0.5898E-01  0.5555E+02  0.3679E+00  0.5467E+02  0.5467E+02
  0.6020E-01  0.5377E+02  0.3074E+00  0.5290E+02  0.5290E+02
  0.6142E-01  0.5255E+02  0.3235E+00  0.5118E+02  0.5118E+02
  0.6263E-01  0.4991E+02  0.3153E+00  0.4950E+02  0.4950E+02
  0.6385E-01  0.4806E+02  0.3296E+00  0.4787E+02  0.4787E+02
  0.6506E-01  0.4756E+02  0.3140E+00  0.4628E+02  0.4628E+02
  0.6628E-01  0.4652E+02  0.3427E+00  0.4474E+02  0.4474E+02
  0.6750E-01  0.4450E+02  0.3162E+00  0.4325E+02  0.4325E+02
  0.6871E-01  0.4280E+02  0.2544E+00  0.4180E+02  0.4180E+02
  0.6993E-01  0.4192E+02  0.2601E+00  0.4039E+02  0.4039E+02
  0.7114E-01  0.4058E+02  0.2815E+00  0.3904E+02  0.3904E+02
  0.7236E-01  0.3956E+02  0.2635E+00  0.3772E+02  0.3772E+02
  0.7358E-01  0.3818E+02  0.2537E+00  0.3645E+02  0.3645E+02
  0.7479E-01  0.3624E+02  0.2605E+00  0.3522E+02  0.3522E+02
  0.7601E-01  0.3569E+02  0.2465E+00  0.3404E+02  0.3404E+02
  0.7723E-01  0.3466E+02  0.2328E+00  0.3290E+02  0.3290E+02
  0.7844E-01  0.3325E+02  0.2402E+00  0.3179E+02  0.3179E+02
  0.7966E-01  0.3250E+02  0.2376E+00  0.3073E+02  0.3073E+02
  0.8087E-01  0.3109E+02  0.2397E+00  0.2970E+02  0.2970E+02
  0.8209E-01  0.3020E+02  0.2332E+00  0.2871E+02  0.2871E+02
  0.8331E-01  0.2926E+02  0.2231E+00  0.2775E+02  0.2775E+02
  0.8452E-01  0.2806E+02  0.2391E+00  0.2683E+02  0.2683E+02
  0.8574E-01  0.2674E+02  0.2196E+00  0.2595E+02  0.2595E+02
  0.8696E-01  0.2572E+02  0.2157E+00  0.2509E+02  0.2509E+02
  0.8817E-01  0.2528E+02  0.2030E+00  0.2426E+02  0.2426E+02
  0.8939E-01  0.2457E+02  0.2086E+00  0.2347E+02  0.2347E+02
  0.9060E-01  0.2387E+02  0.2105E+00  0.2270E+02  0.2270E+02
  0.9182E-01  0.2291E+02  0.1996E+00  0.2195E+02  0.2195E+02
  0.9304E-01  0.2218E+02  0.2025E+00  0.2124E+02  0.2124E+02
  0.9425E-01  0.2132E+02  0.1840E+00  0.2054E+02  0.2054E+02
  0.9547E-01  0.2050E+02  0.1999E+00  0.1987E+02  0.1987E+02
  0.9668E-01  0.1948E+02  0.1857E+00  0.1922E+02  0.1922E+02
  0.9790E-01  0.1900E+02  0.1987E+00  0.1860E+02  0.1860E+02
  0.9912E-01  0.1844E+02  0.2845E+00  0.1799E+02  0.1799E+02
  0.1003E+00  0.1764E+02  0.1799E+00  0.1740E+02  0.1740E+02
  0.1015E+00  0.1727E+02  0.1790E+00  0.1683E+02  0.1683E+02
  0.1028E+00  0.1653E+02  0.1791E+00  0.1628E+02  0.1628E+02
  0.1040E+00  0.1603E+02  0.1858E+00  0.1575E+02  0.1575E+02
  0.1052E+00  0.1502E+02  0.1712E+00  0.1523E+02  0.1523E+02
  0.1064E+00  0.1438E+02  0.1651E+00  0.1472E+02  0.1472E+02
  0.1076E+00  0.1424E+02  0.1628E+00  0.1423E+02  0.1423E+02
  0.1088E+00  0.1360E+02  0.1692E+00  0.1376E+02  0.1376E+02
  0.1101E+00  0.1265E+02  0.1728E+00  0.1330E+02  0.1330E+02
  0.1113E+00  0.1211E+02  0.1545E+00  0.1285E+02  0.1285E+02
  0.1125E+00  0.1249E+02  0.1628E+00  0.1241E+02  0.1241E+02
  0.1137E+00  0.1204E+02  0.1650E+00  0.1199E+02  0.1199E+02
  0.1149E+00  0.1118E+02  0.1533E+00  0.1158E+02  0.1158E+02
  0.1161E+00  0.1090E+02  0.1563E+00  0.1118E+02  0.1118E+02
  0.1174E+00  0.1037E+02  0.1621E+00  0.1080E+02  0.1080E+02
  0.1186E+00  0.9992E+01  0.1545E+00  0.1042E+02  0.1042E+02
  0.1198E+00  0.9890E+01  0.1656E+00  0.1006E+02  0.1006E+02
  0.1210E+00  0.9565E+01  0.1604E+00  0.9705E+01  0.9705E+01
  0.1222E+00  0.8776E+01  0.1559E+00  0.9362E+01  0.9362E+01
  0.1234E+00  0.8523E+01  0.1487E+00  0.9031E+01  0.9031E+01
  0.1247E+00  0.8315E+01  0.1437E+00  0.8710E+01  0.8710E+01
  0.1259E+00  0.8217E+01  0.1385E+00  0.8399E+01  0.8399E+01
  0.1271E+00  0.7823E+01  0.1475E+00  0.8099E+01  0.8099E+01
  0.1283E+00  0.7385E+01  0.1484E+00  0.7809E+01  0.7809E+01
  0.1295E+00  0.7197E+01  0.1473E+00  0.7530E+01  0.7530E+01
  0.1307E+00  0.6903E+01  0.1424E+00  0.7260E+01  0.7260E+01
  0.1320E+00  0.6660E+01  0.1393E+00  0.7000E+01  0.7000E+01
  0.1332E+00  0.6612E+01  0.1427E+00  0.6750E+01  0.6750E+01
  0.1344E+00  0.6603E+01  0.2768E+00  0.6509E+01  0.6509E+01
  0.1356E+00  0.6249E+01  0.1601E+00  0.6278E+01  0.6278E+01
  0.1368E+00  0.6006E+01  0.1439E+00  0.6055E+01  0.6055E+01
  0.1380E+00  0.5583E+01  0.1422E+00  0.5842E+01  0.5842E+01
  0.1392E+00  0.5471E+01  0.1434E+00  0.5638E+01  0.5638E+01
  0.1405E+00  0.5143E+01  0.1392E+00  0.5443E+01  0.5443E+01
  0.1417E+00  0.5211E+01  0.1368E+00  0.5256E+01  0.5256E+01
  0.1429E+00  0.5074E+01  0.1389E+00  0.5077E+01  0.5077E+01
  0.1441E+00  0.4716E+01  0.1363E+00  0.4906E+01  0.4906E+01
  0.1453E+00  0.4632E+01  0.2308E+00  0.4743E+01  0.4743E+01
  0.1465E+00  0.4598E+01  0.1719E+00  0.4588E+01  0.4588E+01
  0.1478E+00  0.4544E+01  0.1462E+00  0.4440E+01  0.4440E+01
  0.1490E+00  0.4360E+01  0.1417E+00  0.4299E+01  0.4299E+01
  0.1502E+00  0.4334E+01  0.1336E+00  0.4164E+01  0.4164E+01
  0.1514E+00  0.4103E+01  0.1304E+00  0.4036E+01  0.4036E+01
  0.1526E+00  0.3916E+01  0.1352E+00  0.3914E+01  0.3914E+01
  0.1538E+00  0.3828E+01  0.1260E+00  0.3798E+01  0.3798E+01
  0.1551E+00  0.3386E+01  0.1250E+00  0.3687E+01  0.3687E+01
  0.1563E+00  0.3556E+01  0.1287E+00  0.3582E+01  0.3582E+01
  0.1575E+00  0.3369E+01  0.1403E+00  0.3481E+01  0.3481E+01
  0.1587E+00  0.2912E+01  0.1379E+00  0.3385E+01  0.3385E+01
  0.1599E+00  0.3083E+01  0.1195E+00  0.3293E+01  0.3293E+01
  0.1611E+00  0.3008E+01  0.1217E+00  0.3206E+01  0.3206E+01
  0.1624E+00  0.2951E+01  0.1228E+00  0.3122E+01  0.3122E+01
  0.1636E+00  0.3018E+01  0.1215E+00  0.3042E+01  0.3042E+01
  0.1648E+00  0.3081E+01  0.1174E+00  0.2964E+01  0.2964E+01
  0.1660E+00  0.2987E+01  0.1250E+00  0.2890E+01  0.2890E+01
  0.1672E+00  0.2882E+01  0.1252E+00  0.2819E+01  0.2819E+01
  0.1684E+00  0.2624E+01  0.1180E+00  0.2750E+01  0.2750E+01
  0.1696E+00  0.2489E+01  0.1190E+00  0.2683E+01  0.2683E+01
  0.1709E+00  0.2221E+01  0.1206E+00  0.2619E+01  0.2619E+01
  0.1721E+00  0.2206E+01  0.1191E+00  0.2556E+01  0.2556E+01
  0.1733E+00  0.2184E+01  0.1235E+00  0.2495E+01  0.2495E+01
  0.1745E+00  0.2095E+01  0.1263E+00  0.2436E+01  0.2436E+01
  0.1757E+00  0.1971E+01  0.1182E+00  0.2378E+01  0.2378E+01
  0.1769E+00  0.1971E+01  0.1492E+00  0.2321E+01  0.2321E+01
  0.1782E+00  0.2023E+01  0.1293E+00  0.2266E+01  0.2266E+01
  0.1794E+00  0.1597E+01  0.1221E+00  0.2212E+01  0.2212E+01
  0.1806E+00  0.1623E+01  0.3152E+00  0.2159E+01  0.2159E+01
  0.1818E+00  0.1558E+01  0.1508E+00  0.2108E+01  0.2108E+01
  0.1830E+00  0.1155E+01  0.1204E+00  0.2057E+01  0.2057E+01
  0.1842E+00  0.1464E+01  0.1169E+00  0.2007E+01  0.2007E+01
  0.1855E+00  0.1621E+01  0.1161E+00  0.1958E+01  0.1958E+01
  0.1867E+00  0.1368E+01  0.1555E+00  0.1910E+01  0.1910E+01
  0.1879E+00  0.1587E+01  0.1126E+00  0.1863E+01  0.1863E+01
  0.1891E+00  0.1706E+01  0.1187E+00  0.1817E+01  0.1817E+01
  0.1903E+00  0.1546E+01  0.1075E+00  0.1772E+01  0.1772E+01
  0.1915E+00  0.1404E+01  0.1150E+00  0.1728E+01  0.1728E+01
  0.1928E+00  0.1250E+01  0.1132E+00  0.1685E+01  0.1685E+01
  0.1940E+00  0.1128E+01  0.1122E+00  0.1643E+01  0.1643E+01
  0.1952E+00  0.1475E+01  0.1191E+00  0.1602E+01  0.1602E+01
  0.1964E+00  0.1301E+01  0.1042E+00  0.1562E+01  0.1562E+01
  0.1976E+00  0.1269E+01  0.1082E+00  0.1524E+01  0.1524E+01
  0.1988E+00  0.1192E+01  0.1098E+00  0.1487E+01  0.1487E+01
  0.2001E+00  0.1211E+01  0.1085E+00  0.1451E+01  0.1451E+01
  0.2013E+00  0.1074E+01  0.1054E+00  0.1416E+01  0.1416E+01
  0.2025E+00  0.1190E+01  0.1141E+00  0.1382E+01  0.1382E+01
  0.2037E+00  0.1269E+01  0.1110E+00  0.1350E+01  0.1350E+01
  0.2049E+00  0.1028E+01  0.1077E+00  0.1320E+01  0.1320E+01
  0.2061E+00  0.1037E+01  0.1054E+00  0.1291E+01  0.1291E+01
  0.2073E+00  0.1008E+01  0.1029E+00  0.1263E+01  0.1263E+01
  0.2086E+00  0.1005E+01  0.1075E+00  0.1237E+01  0.1237E+01
  0.2098E+00  0.1051E+01  0.1151E+00  0.1212E+01  0.1212E+01
  0.2110E+00  0.9042E+00  0.1112E+00  0.1188E+01  0.1188E+01
  0.2122E+00  0.9237E+00  0.1054E+00  0.1166E+01  0.1166E+01
  0.2134E+00  0.1111E+01  0.1064E+00  0.1146E+01  0.1146E+01
  0.2146E+00  0.1087E+01  0.2050E+00  0.1126E+01  0.1126E+01
  0.2159E+00  0.9806E+00  0.2048E+00  0.1108E+01  0.1108E+01
  0.2171E+00  0.7563E+00  0.1306E+00  0.1092E+01  0.1092E+01
  0.2183E+00  0.6895E+00  0.1064E+00  0.1077E+01  0.1077E+01
  0.2195E+00  0.8933E+00  0.1006E+00  0.1062E+01  0.1062E+01
  0.2207E+00  0.1031E+01  0.1026E+00  0.1050E+01  0.1050E+01
  0.2219E+00  0.9812E+00  0.1039E+00  0.1038E+01  0.1038E+01
  0.2232E+00  0.1068E+01  0.1004E+00  0.1027E+01  0.1027E+01
  0.2244E+00  0.9739E+00  0.1049E+00  0.1017E+01  0.1017E+01
  0.2256E+00  0.9862E+00  0.1024E+00  0.1008E+01  0.1008E+01
  0.2268E+00  0.1088E+01  0.9737E-01  0.9999E+00  0.9999E+00
  0.2280E+00  0.9462E+00  0.1018E+00  0.9925E+00  0.9925E+00
  0.2292E+00  0.1015E+01  0.1008E+00  0.9857E+00  0.9857E+00
  0.2304E+00  0.9518E+00  0.9781E-01  0.9796E+00  0.9796E+00
  0.2317E+00  0.8975E+00  0.9725E-01  0.9739E+00  0.9739E+00
  0.2329E+00  0.8340E+00  0.9972E-01  0.9687E+00  0.9687E+00
  0.2341E+00  0.9496E+00  0.9822E-01  0.9639E+00  0.9639E+00
  0.2353E+00  0.7130E+00  0.9929E-01  0.9593E+00  0.9593E+00
  0.2365E+00  0.6788E+00  0.9435E-01  0.9550E+00  0.9550E+00
  0.2377E+00  0.8900E+00  0.9581E-01  0.9508E+00  0.9508E+00
  0.2390E+00  0.9032E+00  0.9640E-01  0.9467E+00  0.9467E+00
  0.2402E+00  0.7845E+00  0.9673E-01  0.9427E+00  0.9427E+00
  0.2414E+00  0.8330E+00  0.9585E-01  0.9386E+00  0.9386E+00
  0.2426E+00  0.8163E+00  0.9479E-01  0.9345E+00  0.9345E+00
  0.2438E+00  0.7582E+00  0.9505E-01  0.9302E+00  0.9302E+00
  0.2450E+00  0.7336E+00  0.1081E+00  0.9259E+00  0.9259E+00
  0.2463E+00  0.7474E+00  0.1247E+00  0.9213E+00  0.9213E+00
  0.2475E+00  0.6815E+00  0.9273E-01  0.9165E+00  0.9165E+00
  0.2487E+00  0.8979E+00  0.9880E-01  0.9116E+00  0.9116E+00
  0.2499E+00  0.8253E+00  0.9341E-01  0.9063E+00  0.9063E+00
  0.2511E+00  0.8825E+00  0.9677E-01  0.9009E+00  0.9009E+00
  0.2523E+00  0.9011E+00  0.9524E-01  0.8952E+00  0.8952E+00
  0.2536E+00  0.9245E+00  0.9264E-01  0.8892E+00  0.8892E+00
  0.2548E+00  0.8548E+00  0.9533E-01  0.8830E+00  0.8830E+00
  0.2560E+00  0.8582E+00  0.9234E-01  0.8766E+00  0.8766E+00
  0.2572E+00  0.7372E+00  0.9152E-01  0.8700E+00  0.8700E+00
  0.2584E+00  0.5723E+00  0.9088E-01  0.8632E+00  0.8632E+00
  0.2596E+00  0.7223E+00  0.9768E-01  0.8562E+00  0.8562E+00
  0.2608E+00  0.5898E+00  0.1010E+00  0.8490E+00  0.8490E+00
  0.2621E+00  0.7396E+00  0.1020E+00  0.8418E+00  0.8418E+00
  0.2633E+00  0.9530E+00  0.2516E+00  0.8344E+00  0.8344E+00
  0.2645E+00  0.7103E+00  0.9598E-01  0.8270E+00  0.8270E+00
  0.2657E+00  0.7449E+00  0.9180E-01  0.8196E+00  0.8196E+00
  0.2669E+00  0.7968E+00  0.9237E-01  0.8121E+00  0.8121E+00
  0.2681E+00  0.7274E+00  0.9552E-01  0.8047E+00  0.8047E+00
  0.2694E+00  0.7974E+00  0.8818E-01  0.7974E+00  0.7974E+00
  0.2706E+00  0.7367E+00  0.8742E-01  0.7903E+00  0.7903E+00
  0.2718E+00  0.6552E+00  0.9109E-01  0.7831E+00  0.7831E+00
  0.2730E+00  0.6158E+00  0.9068E-01  0.7762E+00  0.7762E+00
  0.2742E+00  0.5832E+00  0.2369E+00  0.7695E+00  0.7695E+00
  0.2754E+00  0.8010E+00  0.9608E-01  0.7629E+00  0.7629E+00
  0.2767E+00  0.9443E+00  0.8968E-01  0.7566E+00  0.7566E+00
  0.2779E+00  0.7924E+00  0.1050E+00  0.7506E+00  0.7506E+00
  0.2791E+00  0.9072E+00  0.1097E+00  0.7448E+00  0.7448E+00
  0.2803E+00  0.8315E+00  0.9837E-01  0.7393E+00  0.7393E+00
  0.2815E+00  0.5427E+00  0.9802E-01  0.7340E+00  0.7340E+00
  0.2827E+00  0.7255E+00  0.9353E-01  0.7291E+00  0.7291E+00
  0.2839E+00  0.8000E+00  0.8713E-01  0.7244E+00  0.7244E+00
  0.2852E+00  0.9013E+00  0.9642E-01  0.7201E+00  0.7201E+00
  0.2864E+00  0.1010E+01  0.8517E-01  0.7160E+00  0.7160E+00
  0.2876E+00  0.8603E+00  0.8215E-01  0.7122E+00  0.7122E+00
  0.2888E+00  0.8096E+00  0.8252E-01  0.7087E+00  0.7087E+00
  0.2900E+00  0.6456E+00  0.8096E-01  0.7054E+00  0.7054E+00
  0.2912E+00  0.7692E+00  0.8518E-01  0.7024E+00  0.7024E+00
  0.2925E+00  0.8561E+00  0.7932E-01  0.6995E+00  0.6995E+00
  0.2937E+00  0.8185E+00  0.8015E-01  0.6969E+00  0.6969E+00
  0.2949E+00  0.7322E+00  0.7943E-01  0.6944E+00  0.6944E+00
  0.2961E+00  0.7276E+00  0.8167E-01  0.6920E+00  0.6920E+00
  0.2973E+00  0.8785E+00  0.8124E-01  0.6899E+00  0.6899E+00
  0.2985E+00  0.7964E+00  0.7905E-01  0.6877E+00  0.6877E+00
  0.2998E+00  0.8438E+00  0.8170E-01  0.6856E+00  0.6856E+00
  0.3010E+00  0.8993E+00  0.7923E-01  0.6836E+00  0.6836E+00
  0.3022E+00  0.7701E+00  0.7711E-01  0.6816E+00  0.6816E+00
  0.3034E+00  0.8107E+00  0.7573E-01  0.6795E+00  0.6795E+00
  0.3046E+00  0.7805E+00  0.7485E-01  0.6774E+00  0.6774E+00
  0.3058E+00  0.7426E+00  0.7684E-01  0.6752E+00  0.6752E+00
  0.3070E+00  0.5338E+00  0.1569E+00  0.6730E+00  0.6730E+00
  0.3083E+00  0.6089E+00  0.1331E+00  0.6706E+00  0.6706E+00
  0.3095E+00  0.6671E+00  0.8300E-01  0.6681E+00  0.6681E+00
  0.3107E+00  0.7031E+00  0.7409E-01  0.6654E+00  0.6654E+00
  0.3119E+00  0.8822E+00  0.7543E-01  0.6626E+00  0.6626E+00
  0.3131E+00  0.7459E+00  0.7490E-01  0.6595E+00  0.6595E+00
  0.3143E+00  0.7354E+00  0.8036E-01  0.6563E+00  0.6563E+00
  0.3156E+00  0.7192E+00  0.9110E-01  0.6528E+00  0.6528E+00
  0.3168E+00  0.7295E+00  0.9055E-01  0.6492E+00  0.6492E+00
  0.3180E+00  0.6530E+00  0.9927E-01  0.6453E+00  0.6453E+00
  0.3192E+00  0.8694E+00  0.1077E+00  0.6412E+00  0.6412E+00
  0.3204E+00  0.9269E+00  0.1212E+00  0.6370E+00  0.6370E+00
  0.3216E+00  0.6714E+00  0.1722E+00  0.6325E+00  0.6325E+00
  0.3225E+00  0.8345E+00  0.7642E+00  0.6289E+00  0.6289E+00

           Distance distribution  function of particle  


       R          P(R)      ERROR

  0.0000E+00  0.0000E+00  0.0000E+00
  0.9210E+00  0.5129E-02  0.4936E-04
  0.1842E+01  0.1113E-01  0.8244E-04
  0.2763E+01  0.1798E-01  0.1009E-03
  0.3684E+01  0.2566E-01  0.1072E-03
  0.4605E+01  0.3414E-01  0.1054E-03
  0.5526E+01  0.4338E-01  0.1006E-03
  0.6447E+01  0.5333E-01  0.9953E-04
  0.7368E+01  0.6391E-01  0.1071E-03
  0.8289E+01  0.7505E-01  0.1237E-03
  0.9210E+01  0.8667E-01  0.1454E-03
  0.1013E+02  0.9866E-01  0.1682E-03
  0.1105E+02  0.1109E+00  0.1889E-03
  0.1197E+02  0.1233E+00  0.2060E-03
  0.1289E+02  0.1357E+00  0.2187E-03
  0.1381E+02  0.1480E+00  0.2272E-03
  0.1474E+02  0.1600E+00  0.2325E-03
  0.1566E+02  0.1717E+00  0.2361E-03
  0.1658E+02  0.1828E+00  0.2394E-03
  0.1750E+02  0.1932E+00  0.2439E-03
  0.1842E+02  0.2029E+00  0.2503E-03
  0.1934E+02  0.2117E+00  0.2585E-03
  0.2026E+02  0.2196E+00  0.2679E-03
  0.2118E+02  0.2264E+00  0.2775E-03
  0.2210E+02  0.2322E+00  0.2863E-03
  0.2302E+02  0.2369E+00  0.2936E-03
  0.2395E+02  0.2405E+00  0.2991E-03
  0.2487E+02  0.2430E+00  0.3027E-03
  0.2579E+02  0.2444E+00  0.3048E-03
  0.2671E+02  0.2449E+00  0.3060E-03
  0.2763E+02  0.2444E+00  0.3069E-03
  0.2855E+02  0.2431E+00  0.3078E-03
  0.2947E+02  0.2411E+00  0.3091E-03
  0.3039E+02  0.2384E+00  0.3107E-03
  0.3131E+02  0.2351E+00  0.3126E-03
  0.3223E+02  0.2313E+00  0.3148E-03
  0.3316E+02  0.2272E+00  0.3172E-03
  0.3408E+02  0.2228E+00  0.3200E-03
  0.3500E+02  0.2181E+00  0.3238E-03
  0.3592E+02  0.2132E+00  0.3291E-03
  0.3684E+02  0.2083E+00  0.3362E-03
  0.3776E+02  0.2032E+00  0.3456E-03
  0.3868E+02  0.1981E+00  0.3571E-03
  0.3960E+02  0.1930E+00  0.3702E-03
  0.4052E+02  0.1879E+00  0.3842E-03
  0.4145E+02  0.1828E+00  0.3982E-03
  0.4237E+02  0.1776E+00  0.4115E-03
  0.4329E+02  0.1725E+00  0.4233E-03
  0.4421E+02  0.1674E+00  0.4332E-03
  0.4513E+02  0.1623E+00  0.4410E-03
  0.4605E+02  0.1572E+00  0.4470E-03
  0.4697E+02  0.1521E+00  0.4515E-03
  0.4789E+02  0.1470E+00  0.4550E-03
  0.4881E+02  0.1419E+00  0.4582E-03
  0.4973E+02  0.1369E+00  0.4615E-03
  0.5065E+02  0.1319E+00  0.4653E-03
  0.5158E+02  0.1270E+00  0.4696E-03
  0.5250E+02  0.1222E+00  0.4744E-03
  0.5342E+02  0.1175E+00  0.4793E-03
  0.5434E+02  0.1129E+00  0.4839E-03
  0.5526E+02  0.1084E+00  0.4876E-03
  0.5618E+02  0.1041E+00  0.4901E-03
  0.5710E+02  0.1000E+00  0.4908E-03
  0.5802E+02  0.9601E-01  0.4897E-03
  0.5894E+02  0.9219E-01  0.4865E-03
  0.5986E+02  0.8852E-01  0.4813E-03
  0.6079E+02  0.8501E-01  0.4745E-03
  0.6171E+02  0.8164E-01  0.4664E-03
  0.6263E+02  0.7842E-01  0.4578E-03
  0.6355E+02  0.7531E-01  0.4493E-03
  0.6447E+02  0.7233E-01  0.4418E-03
  0.6539E+02  0.6945E-01  0.4363E-03
  0.6631E+02  0.6668E-01  0.4334E-03
  0.6723E+02  0.6399E-01  0.4336E-03
  0.6815E+02  0.6138E-01  0.4370E-03
  0.6907E+02  0.5886E-01  0.4433E-03
  0.7000E+02  0.5641E-01  0.4520E-03
  0.7092E+02  0.5404E-01  0.4620E-03
  0.7184E+02  0.5174E-01  0.4724E-03
  0.7276E+02  0.4951E-01  0.4820E-03
  0.7368E+02  0.4736E-01  0.4901E-03
  0.7460E+02  0.4527E-01  0.4957E-03
  0.7552E+02  0.4324E-01  0.4983E-03
  0.7644E+02  0.4128E-01  0.4977E-03
  0.7736E+02  0.3935E-01  0.4937E-03
  0.7828E+02  0.3747E-01  0.4863E-03
  0.7921E+02  0.3560E-01  0.4757E-03
  0.8013E+02  0.3373E-01  0.4622E-03
  0.8105E+02  0.3185E-01  0.4460E-03
  0.8197E+02  0.2992E-01  0.4273E-03
  0.8289E+02  0.2793E-01  0.4062E-03
  0.8381E+02  0.2585E-01  0.3828E-03
  0.8473E+02  0.2367E-01  0.3569E-03
  0.8565E+02  0.2134E-01  0.3280E-03
  0.8657E+02  0.1887E-01  0.2959E-03
  0.8749E+02  0.1622E-01  0.2599E-03
  0.8842E+02  0.1339E-01  0.2193E-03
  0.8934E+02  0.1036E-01  0.1735E-03
  0.9026E+02  0.7117E-02  0.1220E-03
  0.9118E+02  0.3665E-02  0.6430E-04
  0.9210E+02  0.0000E+00  0.0000E+00
          Reciprocal space: Rg =   29.17     , I(0) =   0.1345E+03
     Real space: Rg =   29.22 +- 0.037  I(0) =   0.1345E+03 +-  0.2065E+00
