
           ####    G N O M   ---   Version 4.5a revised 09/02/02     ####

                                                  Sat Nov  4 16:52:06 2017
           ===    Run No   1   ===
 Run title:  0.010641 23.275779 1.408402


   *******   Working Directory :
   *******    Input file(s) : 25533_C5_2.mccd.dat
           Condition P(rmin) = 0 is used. 
           Condition P(rmax) = 0 is used. 

          Experimental conditions for the first run
          -----------------------------------------

          Highest ALPHA is found to be   0.3213E+02

  The measure of inconsistency AN1 equals to    0.9616E+00
     Alpha    Discrp  Oscill  Stabil  Sysdev  Positv  Valcen    Total   
  0.3213E+05 28.3115  1.1271  0.9248  0.0866  1.0000  0.8726  0.00001
  0.6427E+04 22.6949  1.1168  0.7365  0.3189  1.0000  0.8762  0.00001
  0.1285E+04 12.3571  1.0921  0.3905  0.0984  1.0000  0.8881  0.00001
  0.2571E+03  4.9930  1.1033  0.1410  0.1339  1.0000  0.9060  0.00001
  0.5141E+02  1.7505  1.1881  0.0597  0.4488  1.0000  0.9191  0.47918
  0.1028E+02  0.6330  1.2578  0.0224  0.6772  1.0000  0.9264  0.60621
  0.2056E+01  0.4306  1.2871  0.0080  0.7480  1.0000  0.9292  0.68431
  0.4113E+00  0.4094  1.3017  0.0093  0.7559  1.0000  0.9300  0.74202
  0.8226E-01  0.4024  1.3332  0.0190  0.7480  1.0000  0.9302  0.53537
  0.1645E-01  0.3961  1.4610  0.0232  0.7402  1.0000  0.9296  0.10000
  0.3290E-02  0.3922  1.8065  0.0686  0.7559  0.9992  0.9258  0.10000
  0.6581E-03  0.3865  3.3722  0.1513  0.7795  0.9935  0.9062  0.10000
  0.1316E-03  0.3821  5.7830  0.1723  0.7638  0.9758  0.8614  0.10000
  0.2632E-04  0.3791  9.3874  0.5845  0.7874  0.9307  0.7649  0.10000
  0.5265E-05  0.3732 11.4734  0.5980  0.7795  0.8410  0.4422  0.10000
  0.1053E-05  0.3690 10.9076  0.3656  0.7874  0.7828  0.4077  0.10000
  0.2106E-06  0.3669 10.3129  0.5872  0.7874  0.7498  0.3983  0.10000
  0.4212E-07  0.3625 11.2474  0.6082  0.7874  0.7223  0.3627  0.10000
  0.8423E-08  0.3580 11.5490  0.3226  0.7953  0.7151  0.3474  0.10000
  0.1685E-08  0.3567 11.2600  0.3719  0.8031  0.7192  0.3660  0.10000
  0.3369E-09  0.3550 12.7478  0.6876  0.8031  0.7226  0.4106  0.10000
  0.6739E-10  0.3498 15.6411  0.7218  0.8031  0.7143  0.4335  0.10000
  0.1348E-10  0.3343 19.0553  0.7476  0.8031  0.7126  0.4212  0.10000
  0.2695E-11  0.2956 22.6657  0.5475  0.7874  0.7256  0.3674  0.10000
  0.5391E-12  0.2356 29.1131  0.4402  0.7795  0.7467  0.3023  0.10000
  0.1078E-12  0.1632 36.6777  0.3910  0.7874  0.7412  0.3205  0.10000
  0.2156E-13  0.0892 43.7535  0.3160  0.7953  0.7480  0.3252  0.10000
  0.4313E-14  0.0324 47.8713  0.1670  0.8110  0.7797  0.2864  0.10000
  0.8626E-15  0.0080 49.0543  0.0468  0.8110  0.7949  0.2644  0.10000
  0.1725E-15  0.0017 49.3075  0.0101  0.8110  0.7987  0.2590  0.10000
  0.3450E-16  0.0003 49.3588  0.0021  0.8110  0.7995  0.2578  0.10000

          ***  Golden section search to maximize estimate ***
     Alpha    Discrp  Oscill  Stabil  Sysdev  Positv  Valcen    Total   
  0.7606E+00  0.4136  1.2962  0.0081  0.7480  1.0000  0.9298  0.72815
  0.3252E+00  0.4083  1.3040  0.0100  0.7480  1.0000  0.9300  0.72462
  0.5202E+00  0.4108  1.2995  0.0087  0.7480  1.0000  0.9299  0.73945
  0.3760E+00  0.4090  1.3025  0.0095  0.7480  1.0000  0.9300  0.73356
  0.4499E+00  0.4099  1.3008  0.0091  0.7638  1.0000  0.9299  0.74971
  0.4755E+00  0.4102  1.3003  0.0089  0.7559  1.0000  0.9299  0.74550
  0.4347E+00  0.4097  1.3011  0.0091  0.7638  1.0000  0.9299  0.74869
  0.4595E+00  0.4100  1.3006  0.0090  0.7559  1.0000  0.9299  0.74556
  0.4440E+00  0.4098  1.3009  0.0091  0.7638  1.0000  0.9299  0.74934
  0.4535E+00  0.4100  1.3007  0.0090  0.7559  1.0000  0.9299  0.74522
  0.4477E+00  0.4099  1.3009  0.0091  0.7638  1.0000  0.9299  0.74957
  0.4513E+00  0.4099  1.3008  0.0090  0.7638  1.0000  0.9299  0.74980
  0.4521E+00  0.4099  1.3008  0.0090  0.7559  1.0000  0.9299  0.74514
  0.4508E+00  0.4099  1.3008  0.0091  0.7638  1.0000  0.9299  0.74976
  0.4516E+00  0.4099  1.3008  0.0090  0.7559  1.0000  0.9299  0.74511
  0.4513E+00  0.4099  1.3008  0.0090  0.7638  1.0000  0.9299  0.74980



             ####            Final results            ####

 Parameter    DISCRP    OSCILL    STABIL    SYSDEV    POSITV    VALCEN
 Weight        1.000     3.000     3.000     4.000     1.000     1.000
 Sigma         0.500     0.600     0.120     0.200     0.120     0.120
 Ideal         1.000     1.100     0.000     1.000     1.000     0.950
 Current       0.410     1.301     0.009     0.764     1.000     0.930
                - - - - - - - - - - - - - - - - - - - - - - - - - 
 Estimate      0.248     0.894     0.994     0.248     1.000     0.972

  Angular   range    :     from    0.0112   to    0.3225
  Real space range   :     from      0.00   to     74.52

  Highest ALPHA (theor) :   0.321E+05                 JOB = 0
  Current ALPHA         :   0.451E+00   Rg :  0.235E+02   I(0) :   0.212E+02

           Total  estimate : 0.750  which is  A REASONABLE  solution

      S          J EXP       ERROR       J REG       I REG

  0.0000E+00                                      0.2119E+02
  0.6250E-03                                      0.2119E+02
  0.1250E-02                                      0.2119E+02
  0.1875E-02                                      0.2118E+02
  0.2500E-02                                      0.2117E+02
  0.3125E-02                                      0.2116E+02
  0.3750E-02                                      0.2114E+02
  0.4375E-02                                      0.2112E+02
  0.5000E-02                                      0.2110E+02
  0.5625E-02                                      0.2107E+02
  0.6250E-02                                      0.2104E+02
  0.6875E-02                                      0.2101E+02
  0.7500E-02                                      0.2098E+02
  0.8125E-02                                      0.2094E+02
  0.8750E-02                                      0.2090E+02
  0.9375E-02                                      0.2085E+02
  0.1000E-01                                      0.2081E+02
  0.1063E-01                                      0.2076E+02
  0.1125E-01  0.1532E+02  0.1896E+01  0.2071E+02  0.2071E+02
  0.1186E-01  0.2088E+02  0.5929E+00  0.2065E+02  0.2065E+02
  0.1247E-01  0.1851E+02  0.1091E+01  0.2060E+02  0.2060E+02
  0.1307E-01  0.1901E+02  0.1126E+01  0.2054E+02  0.2054E+02
  0.1368E-01  0.1851E+02  0.1135E+01  0.2048E+02  0.2048E+02
  0.1429E-01  0.1987E+02  0.9870E+00  0.2041E+02  0.2041E+02
  0.1490E-01  0.2110E+02  0.7088E+00  0.2034E+02  0.2034E+02
  0.1551E-01  0.2128E+02  0.8235E+00  0.2028E+02  0.2028E+02
  0.1611E-01  0.2071E+02  0.8654E+00  0.2020E+02  0.2020E+02
  0.1672E-01  0.2193E+02  0.7899E+00  0.2013E+02  0.2013E+02
  0.1733E-01  0.2085E+02  0.6005E+00  0.2005E+02  0.2005E+02
  0.1794E-01  0.2067E+02  0.9218E+00  0.1997E+02  0.1997E+02
  0.1855E-01  0.2095E+02  0.6152E+00  0.1989E+02  0.1989E+02
  0.1916E-01  0.2009E+02  0.5235E+00  0.1981E+02  0.1981E+02
  0.1976E-01  0.2005E+02  0.4852E+00  0.1972E+02  0.1972E+02
  0.2037E-01  0.1930E+02  0.4454E+00  0.1963E+02  0.1963E+02
  0.2098E-01  0.1997E+02  0.4329E+00  0.1954E+02  0.1954E+02
  0.2159E-01  0.1937E+02  0.4859E+00  0.1945E+02  0.1945E+02
  0.2219E-01  0.1914E+02  0.3028E+00  0.1936E+02  0.1936E+02
  0.2280E-01  0.1967E+02  0.3799E+00  0.1926E+02  0.1926E+02
  0.2341E-01  0.1897E+02  0.4170E+00  0.1916E+02  0.1916E+02
  0.2402E-01  0.1881E+02  0.3362E+00  0.1906E+02  0.1906E+02
  0.2463E-01  0.1898E+02  0.4303E+00  0.1895E+02  0.1895E+02
  0.2524E-01  0.1890E+02  0.3913E+00  0.1885E+02  0.1885E+02
  0.2584E-01  0.1906E+02  0.3772E+00  0.1874E+02  0.1874E+02
  0.2645E-01  0.1837E+02  0.3284E+00  0.1863E+02  0.1863E+02
  0.2706E-01  0.1857E+02  0.3560E+00  0.1852E+02  0.1852E+02
  0.2767E-01  0.1830E+02  0.2825E+00  0.1841E+02  0.1841E+02
  0.2828E-01  0.1819E+02  0.2989E+00  0.1829E+02  0.1829E+02
  0.2888E-01  0.1804E+02  0.3384E+00  0.1818E+02  0.1818E+02
  0.2949E-01  0.1825E+02  0.3083E+00  0.1806E+02  0.1806E+02
  0.3010E-01  0.1768E+02  0.3636E+00  0.1794E+02  0.1794E+02
  0.3071E-01  0.1773E+02  0.2964E+00  0.1782E+02  0.1782E+02
  0.3132E-01  0.1798E+02  0.2957E+00  0.1769E+02  0.1769E+02
  0.3192E-01  0.1780E+02  0.2899E+00  0.1757E+02  0.1757E+02
  0.3253E-01  0.1798E+02  0.2693E+00  0.1744E+02  0.1744E+02
  0.3314E-01  0.1727E+02  0.2598E+00  0.1732E+02  0.1732E+02
  0.3375E-01  0.1757E+02  0.2439E+00  0.1719E+02  0.1719E+02
  0.3436E-01  0.1767E+02  0.2468E+00  0.1706E+02  0.1706E+02
  0.3496E-01  0.1730E+02  0.2588E+00  0.1693E+02  0.1693E+02
  0.3557E-01  0.1720E+02  0.2339E+00  0.1679E+02  0.1679E+02
  0.3618E-01  0.1671E+02  0.2641E+00  0.1666E+02  0.1666E+02
  0.3679E-01  0.1654E+02  0.2813E+00  0.1652E+02  0.1652E+02
  0.3740E-01  0.1654E+02  0.2487E+00  0.1639E+02  0.1639E+02
  0.3800E-01  0.1615E+02  0.2813E+00  0.1625E+02  0.1625E+02
  0.3861E-01  0.1592E+02  0.2294E+00  0.1611E+02  0.1611E+02
  0.3922E-01  0.1577E+02  0.2504E+00  0.1597E+02  0.1597E+02
  0.3983E-01  0.1587E+02  0.2349E+00  0.1583E+02  0.1583E+02
  0.4044E-01  0.1539E+02  0.2321E+00  0.1569E+02  0.1569E+02
  0.4104E-01  0.1529E+02  0.2052E+00  0.1555E+02  0.1555E+02
  0.4165E-01  0.1509E+02  0.2784E+00  0.1541E+02  0.1541E+02
  0.4226E-01  0.1511E+02  0.2052E+00  0.1527E+02  0.1527E+02
  0.4287E-01  0.1441E+02  0.2096E+00  0.1512E+02  0.1512E+02
  0.4348E-01  0.1459E+02  0.2151E+00  0.1498E+02  0.1498E+02
  0.4409E-01  0.1459E+02  0.1967E+00  0.1483E+02  0.1483E+02
  0.4469E-01  0.1461E+02  0.2152E+00  0.1469E+02  0.1469E+02
  0.4530E-01  0.1460E+02  0.2202E+00  0.1454E+02  0.1454E+02
  0.4591E-01  0.1439E+02  0.2345E+00  0.1440E+02  0.1440E+02
  0.4652E-01  0.1433E+02  0.2364E+00  0.1425E+02  0.1425E+02
  0.4713E-01  0.1392E+02  0.2026E+00  0.1410E+02  0.1410E+02
  0.4773E-01  0.1377E+02  0.2165E+00  0.1396E+02  0.1396E+02
  0.4834E-01  0.1382E+02  0.1916E+00  0.1381E+02  0.1381E+02
  0.4895E-01  0.1371E+02  0.1821E+00  0.1366E+02  0.1366E+02
  0.4956E-01  0.1364E+02  0.2023E+00  0.1351E+02  0.1351E+02
  0.5017E-01  0.1372E+02  0.1748E+00  0.1336E+02  0.1336E+02
  0.5078E-01  0.1336E+02  0.1956E+00  0.1322E+02  0.1322E+02
  0.5138E-01  0.1276E+02  0.1751E+00  0.1307E+02  0.1307E+02
  0.5199E-01  0.1279E+02  0.2211E+00  0.1292E+02  0.1292E+02
  0.5260E-01  0.1231E+02  0.1631E+00  0.1277E+02  0.1277E+02
  0.5321E-01  0.1260E+02  0.2001E+00  0.1262E+02  0.1262E+02
  0.5382E-01  0.1235E+02  0.1868E+00  0.1248E+02  0.1248E+02
  0.5442E-01  0.1232E+02  0.1899E+00  0.1233E+02  0.1233E+02
  0.5503E-01  0.1217E+02  0.2036E+00  0.1218E+02  0.1218E+02
  0.5564E-01  0.1218E+02  0.1893E+00  0.1203E+02  0.1203E+02
  0.5625E-01  0.1189E+02  0.1925E+00  0.1189E+02  0.1189E+02
  0.5686E-01  0.1181E+02  0.1670E+00  0.1174E+02  0.1174E+02
  0.5746E-01  0.1195E+02  0.1954E+00  0.1159E+02  0.1159E+02
  0.5807E-01  0.1130E+02  0.1814E+00  0.1145E+02  0.1145E+02
  0.5868E-01  0.1132E+02  0.1933E+00  0.1130E+02  0.1130E+02
  0.5929E-01  0.1110E+02  0.1835E+00  0.1116E+02  0.1116E+02
  0.5990E-01  0.1095E+02  0.1863E+00  0.1101E+02  0.1101E+02
  0.6050E-01  0.1097E+02  0.1553E+00  0.1087E+02  0.1087E+02
  0.6111E-01  0.1081E+02  0.1781E+00  0.1073E+02  0.1073E+02
  0.6172E-01  0.1066E+02  0.1917E+00  0.1058E+02  0.1058E+02
  0.6233E-01  0.1067E+02  0.1715E+00  0.1044E+02  0.1044E+02
  0.6294E-01  0.1037E+02  0.1644E+00  0.1030E+02  0.1030E+02
  0.6354E-01  0.1041E+02  0.1813E+00  0.1016E+02  0.1016E+02
  0.6415E-01  0.9727E+01  0.1632E+00  0.1002E+02  0.1002E+02
  0.6476E-01  0.9821E+01  0.1760E+00  0.9882E+01  0.9882E+01
  0.6537E-01  0.9766E+01  0.1620E+00  0.9743E+01  0.9743E+01
  0.6598E-01  0.9555E+01  0.1575E+00  0.9606E+01  0.9606E+01
  0.6659E-01  0.9536E+01  0.1616E+00  0.9469E+01  0.9469E+01
  0.6719E-01  0.9321E+01  0.1576E+00  0.9334E+01  0.9334E+01
  0.6780E-01  0.8881E+01  0.1724E+00  0.9199E+01  0.9199E+01
  0.6841E-01  0.8981E+01  0.1662E+00  0.9065E+01  0.9065E+01
  0.6902E-01  0.8738E+01  0.1466E+00  0.8932E+01  0.8932E+01
  0.6963E-01  0.8818E+01  0.1473E+00  0.8801E+01  0.8801E+01
  0.7023E-01  0.8812E+01  0.1526E+00  0.8670E+01  0.8670E+01
  0.7084E-01  0.8425E+01  0.1517E+00  0.8540E+01  0.8540E+01
  0.7145E-01  0.8580E+01  0.1511E+00  0.8411E+01  0.8411E+01
  0.7206E-01  0.8216E+01  0.1429E+00  0.8283E+01  0.8283E+01
  0.7267E-01  0.8347E+01  0.1371E+00  0.8157E+01  0.8157E+01
  0.7327E-01  0.8148E+01  0.1481E+00  0.8031E+01  0.8031E+01
  0.7388E-01  0.7914E+01  0.1395E+00  0.7907E+01  0.7907E+01
  0.7449E-01  0.7858E+01  0.1338E+00  0.7783E+01  0.7783E+01
  0.7510E-01  0.7813E+01  0.1245E+00  0.7661E+01  0.7661E+01
  0.7571E-01  0.7540E+01  0.1430E+00  0.7540E+01  0.7540E+01
  0.7631E-01  0.7631E+01  0.1403E+00  0.7420E+01  0.7420E+01
  0.7692E-01  0.7220E+01  0.1448E+00  0.7301E+01  0.7301E+01
  0.7753E-01  0.7132E+01  0.1538E+00  0.7184E+01  0.7184E+01
  0.7814E-01  0.7221E+01  0.1516E+00  0.7068E+01  0.7068E+01
  0.7875E-01  0.7106E+01  0.1356E+00  0.6953E+01  0.6953E+01
  0.7935E-01  0.6923E+01  0.1491E+00  0.6839E+01  0.6839E+01
  0.7996E-01  0.6822E+01  0.1360E+00  0.6727E+01  0.6727E+01
  0.8057E-01  0.6714E+01  0.1298E+00  0.6615E+01  0.6615E+01
  0.8118E-01  0.6682E+01  0.1341E+00  0.6505E+01  0.6505E+01
  0.8179E-01  0.6618E+01  0.1365E+00  0.6397E+01  0.6397E+01
  0.8239E-01  0.6315E+01  0.1216E+00  0.6289E+01  0.6289E+01
  0.8300E-01  0.6134E+01  0.1283E+00  0.6183E+01  0.6183E+01
  0.8361E-01  0.6044E+01  0.1263E+00  0.6078E+01  0.6078E+01
  0.8422E-01  0.5964E+01  0.1250E+00  0.5974E+01  0.5974E+01
  0.8483E-01  0.5682E+01  0.1309E+00  0.5872E+01  0.5872E+01
  0.8544E-01  0.5847E+01  0.1383E+00  0.5771E+01  0.5771E+01
  0.8604E-01  0.5566E+01  0.1304E+00  0.5671E+01  0.5671E+01
  0.8665E-01  0.5415E+01  0.1335E+00  0.5573E+01  0.5573E+01
  0.8726E-01  0.5532E+01  0.1223E+00  0.5476E+01  0.5476E+01
  0.8787E-01  0.5295E+01  0.1132E+00  0.5380E+01  0.5380E+01
  0.8847E-01  0.5044E+01  0.1324E+00  0.5285E+01  0.5285E+01
  0.8908E-01  0.5099E+01  0.1298E+00  0.5192E+01  0.5192E+01
  0.8969E-01  0.4955E+01  0.1112E+00  0.5100E+01  0.5100E+01
  0.9030E-01  0.4772E+01  0.1251E+00  0.5009E+01  0.5009E+01
  0.9091E-01  0.4844E+01  0.1275E+00  0.4920E+01  0.4920E+01
  0.9151E-01  0.4815E+01  0.1306E+00  0.4832E+01  0.4832E+01
  0.9212E-01  0.4942E+01  0.1230E+00  0.4745E+01  0.4745E+01
  0.9273E-01  0.4767E+01  0.1220E+00  0.4660E+01  0.4660E+01
  0.9334E-01  0.4614E+01  0.1300E+00  0.4575E+01  0.4575E+01
  0.9395E-01  0.4516E+01  0.1250E+00  0.4492E+01  0.4492E+01
  0.9456E-01  0.4363E+01  0.1159E+00  0.4411E+01  0.4411E+01
  0.9516E-01  0.4310E+01  0.1341E+00  0.4330E+01  0.4330E+01
  0.9577E-01  0.4014E+01  0.1145E+00  0.4251E+01  0.4251E+01
  0.9638E-01  0.4076E+01  0.1144E+00  0.4173E+01  0.4173E+01
  0.9699E-01  0.4100E+01  0.1134E+00  0.4096E+01  0.4096E+01
  0.9760E-01  0.4225E+01  0.1185E+00  0.4021E+01  0.4021E+01
  0.9820E-01  0.3763E+01  0.1203E+00  0.3947E+01  0.3947E+01
  0.9881E-01  0.3814E+01  0.1114E+00  0.3874E+01  0.3874E+01
  0.9942E-01  0.3882E+01  0.1218E+00  0.3802E+01  0.3802E+01
  0.1000E+00  0.3849E+01  0.1124E+00  0.3731E+01  0.3731E+01
  0.1006E+00  0.3712E+01  0.1228E+00  0.3662E+01  0.3662E+01
  0.1012E+00  0.3629E+01  0.1144E+00  0.3594E+01  0.3594E+01
  0.1019E+00  0.3533E+01  0.1263E+00  0.3526E+01  0.3526E+01
  0.1025E+00  0.3380E+01  0.1176E+00  0.3460E+01  0.3460E+01
  0.1031E+00  0.3324E+01  0.1192E+00  0.3395E+01  0.3395E+01
  0.1037E+00  0.3531E+01  0.1131E+00  0.3332E+01  0.3332E+01
  0.1043E+00  0.3265E+01  0.1141E+00  0.3269E+01  0.3269E+01
  0.1049E+00  0.3297E+01  0.1130E+00  0.3208E+01  0.3208E+01
  0.1055E+00  0.3317E+01  0.1123E+00  0.3147E+01  0.3147E+01
  0.1061E+00  0.3282E+01  0.1063E+00  0.3088E+01  0.3088E+01
  0.1067E+00  0.3148E+01  0.1129E+00  0.3030E+01  0.3030E+01
  0.1073E+00  0.3072E+01  0.1065E+00  0.2972E+01  0.2972E+01
  0.1079E+00  0.2867E+01  0.1148E+00  0.2916E+01  0.2916E+01
  0.1085E+00  0.2794E+01  0.1162E+00  0.2861E+01  0.2861E+01
  0.1091E+00  0.2861E+01  0.1003E+00  0.2807E+01  0.2807E+01
  0.1098E+00  0.2891E+01  0.1066E+00  0.2754E+01  0.2754E+01
  0.1104E+00  0.2582E+01  0.1098E+00  0.2702E+01  0.2702E+01
  0.1110E+00  0.2738E+01  0.1061E+00  0.2651E+01  0.2651E+01
  0.1116E+00  0.2540E+01  0.1099E+00  0.2600E+01  0.2600E+01
  0.1122E+00  0.2533E+01  0.1084E+00  0.2551E+01  0.2551E+01
  0.1128E+00  0.2459E+01  0.1110E+00  0.2503E+01  0.2503E+01
  0.1134E+00  0.2367E+01  0.1122E+00  0.2455E+01  0.2455E+01
  0.1140E+00  0.2516E+01  0.1087E+00  0.2409E+01  0.2409E+01
  0.1146E+00  0.2196E+01  0.1087E+00  0.2363E+01  0.2363E+01
  0.1152E+00  0.2338E+01  0.1029E+00  0.2318E+01  0.2318E+01
  0.1158E+00  0.2221E+01  0.1167E+00  0.2274E+01  0.2274E+01
  0.1164E+00  0.2367E+01  0.1052E+00  0.2231E+01  0.2231E+01
  0.1171E+00  0.2143E+01  0.1037E+00  0.2189E+01  0.2189E+01
  0.1177E+00  0.2160E+01  0.1018E+00  0.2148E+01  0.2148E+01
  0.1183E+00  0.2115E+01  0.1022E+00  0.2107E+01  0.2107E+01
  0.1189E+00  0.2158E+01  0.1135E+00  0.2067E+01  0.2067E+01
  0.1195E+00  0.2119E+01  0.9977E-01  0.2028E+01  0.2028E+01
  0.1201E+00  0.1969E+01  0.1043E+00  0.1990E+01  0.1990E+01
  0.1207E+00  0.2106E+01  0.9925E-01  0.1953E+01  0.1953E+01
  0.1213E+00  0.1945E+01  0.1068E+00  0.1916E+01  0.1916E+01
  0.1219E+00  0.1971E+01  0.9324E-01  0.1880E+01  0.1880E+01
  0.1225E+00  0.2023E+01  0.1032E+00  0.1844E+01  0.1844E+01
  0.1231E+00  0.1863E+01  0.9446E-01  0.1810E+01  0.1810E+01
  0.1237E+00  0.2018E+01  0.9090E-01  0.1776E+01  0.1776E+01
  0.1244E+00  0.1740E+01  0.1033E+00  0.1742E+01  0.1742E+01
  0.1250E+00  0.1737E+01  0.9607E-01  0.1709E+01  0.1709E+01
  0.1256E+00  0.1741E+01  0.1024E+00  0.1677E+01  0.1677E+01
  0.1262E+00  0.1687E+01  0.9773E-01  0.1646E+01  0.1646E+01
  0.1268E+00  0.1560E+01  0.9281E-01  0.1615E+01  0.1615E+01
  0.1274E+00  0.1601E+01  0.1006E+00  0.1585E+01  0.1585E+01
  0.1280E+00  0.1522E+01  0.1001E+00  0.1555E+01  0.1555E+01
  0.1286E+00  0.1344E+01  0.9351E-01  0.1526E+01  0.1526E+01
  0.1292E+00  0.1360E+01  0.1054E+00  0.1498E+01  0.1498E+01
  0.1298E+00  0.1292E+01  0.9577E-01  0.1470E+01  0.1470E+01
  0.1304E+00  0.1300E+01  0.1022E+00  0.1443E+01  0.1443E+01
  0.1310E+00  0.1319E+01  0.1008E+00  0.1416E+01  0.1416E+01
  0.1316E+00  0.1223E+01  0.1034E+00  0.1389E+01  0.1389E+01
  0.1323E+00  0.1275E+01  0.9715E-01  0.1364E+01  0.1364E+01
  0.1329E+00  0.1332E+01  0.1003E+00  0.1338E+01  0.1338E+01
  0.1335E+00  0.1166E+01  0.8921E-01  0.1313E+01  0.1313E+01
  0.1341E+00  0.1323E+01  0.9614E-01  0.1289E+01  0.1289E+01
  0.1347E+00  0.1214E+01  0.9364E-01  0.1265E+01  0.1265E+01
  0.1353E+00  0.1281E+01  0.9149E-01  0.1242E+01  0.1242E+01
  0.1359E+00  0.1140E+01  0.9724E-01  0.1219E+01  0.1219E+01
  0.1365E+00  0.1124E+01  0.8834E-01  0.1196E+01  0.1196E+01
  0.1371E+00  0.1098E+01  0.9600E-01  0.1174E+01  0.1174E+01
  0.1377E+00  0.8782E+00  0.9254E-01  0.1152E+01  0.1152E+01
  0.1383E+00  0.1003E+01  0.9716E-01  0.1131E+01  0.1131E+01
  0.1389E+00  0.8588E+00  0.9350E-01  0.1110E+01  0.1110E+01
  0.1396E+00  0.1024E+01  0.9698E-01  0.1089E+01  0.1089E+01
  0.1402E+00  0.9998E+00  0.9424E-01  0.1069E+01  0.1069E+01
  0.1408E+00  0.1041E+01  0.9909E-01  0.1049E+01  0.1049E+01
  0.1414E+00  0.9160E+00  0.8852E-01  0.1030E+01  0.1030E+01
  0.1420E+00  0.1227E+01  0.9385E-01  0.1011E+01  0.1011E+01
  0.1426E+00  0.1014E+01  0.9214E-01  0.9920E+00  0.9920E+00
  0.1432E+00  0.1109E+01  0.9749E-01  0.9736E+00  0.9736E+00
  0.1438E+00  0.1066E+01  0.9500E-01  0.9555E+00  0.9555E+00
  0.1444E+00  0.8707E+00  0.9084E-01  0.9378E+00  0.9378E+00
  0.1450E+00  0.9482E+00  0.8658E-01  0.9203E+00  0.9203E+00
  0.1456E+00  0.9143E+00  0.9717E-01  0.9032E+00  0.9032E+00
  0.1462E+00  0.7456E+00  0.9976E-01  0.8864E+00  0.8864E+00
  0.1468E+00  0.8664E+00  0.8722E-01  0.8699E+00  0.8699E+00
  0.1475E+00  0.8082E+00  0.9446E-01  0.8537E+00  0.8537E+00
  0.1481E+00  0.8160E+00  0.1896E+00  0.8377E+00  0.8377E+00
  0.1487E+00  0.8339E+00  0.9674E-01  0.8221E+00  0.8221E+00
  0.1493E+00  0.6186E+00  0.9882E-01  0.8067E+00  0.8067E+00
  0.1499E+00  0.6592E+00  0.1163E+00  0.7916E+00  0.7916E+00
  0.1505E+00  0.7243E+00  0.9363E-01  0.7767E+00  0.7767E+00
  0.1511E+00  0.6605E+00  0.9517E-01  0.7621E+00  0.7621E+00
  0.1517E+00  0.7045E+00  0.9014E-01  0.7478E+00  0.7478E+00
  0.1523E+00  0.7431E+00  0.8723E-01  0.7337E+00  0.7337E+00
  0.1529E+00  0.7564E+00  0.8950E-01  0.7199E+00  0.7199E+00
  0.1535E+00  0.9006E+00  0.8661E-01  0.7063E+00  0.7063E+00
  0.1541E+00  0.7952E+00  0.8220E-01  0.6929E+00  0.6929E+00
  0.1548E+00  0.8492E+00  0.8825E-01  0.6797E+00  0.6797E+00
  0.1554E+00  0.7712E+00  0.8377E-01  0.6668E+00  0.6668E+00
  0.1560E+00  0.8727E+00  0.8573E-01  0.6541E+00  0.6541E+00
  0.1566E+00  0.7356E+00  0.9288E-01  0.6417E+00  0.6417E+00
  0.1572E+00  0.7493E+00  0.8440E-01  0.6294E+00  0.6294E+00
  0.1578E+00  0.6513E+00  0.9311E-01  0.6174E+00  0.6174E+00
  0.1584E+00  0.4319E+00  0.8413E-01  0.6056E+00  0.6056E+00
  0.1590E+00  0.6765E+00  0.8530E-01  0.5939E+00  0.5939E+00
  0.1596E+00  0.6334E+00  0.8495E-01  0.5825E+00  0.5825E+00
  0.1602E+00  0.4185E+00  0.8174E-01  0.5713E+00  0.5713E+00
  0.1608E+00  0.5511E+00  0.7936E-01  0.5603E+00  0.5603E+00
  0.1614E+00  0.4554E+00  0.8272E-01  0.5494E+00  0.5494E+00
  0.1620E+00  0.5767E+00  0.8314E-01  0.5388E+00  0.5388E+00
  0.1627E+00  0.5813E+00  0.8089E-01  0.5284E+00  0.5284E+00
  0.1633E+00  0.5338E+00  0.8192E-01  0.5181E+00  0.5181E+00
  0.1639E+00  0.5178E+00  0.8606E-01  0.5080E+00  0.5080E+00
  0.1645E+00  0.6058E+00  0.8436E-01  0.4981E+00  0.4981E+00
  0.1651E+00  0.6000E+00  0.9086E-01  0.4884E+00  0.4884E+00
  0.1657E+00  0.6428E+00  0.9178E-01  0.4789E+00  0.4789E+00
  0.1663E+00  0.4771E+00  0.7718E-01  0.4695E+00  0.4695E+00
  0.1669E+00  0.4600E+00  0.8013E-01  0.4603E+00  0.4603E+00
  0.1675E+00  0.4867E+00  0.8371E-01  0.4513E+00  0.4513E+00
  0.1681E+00  0.3727E+00  0.8599E-01  0.4425E+00  0.4425E+00
  0.1687E+00  0.5085E+00  0.8296E-01  0.4338E+00  0.4338E+00
  0.1693E+00  0.3836E+00  0.7892E-01  0.4253E+00  0.4253E+00
  0.1700E+00  0.4522E+00  0.7374E-01  0.4169E+00  0.4169E+00
  0.1706E+00  0.4231E+00  0.8248E-01  0.4087E+00  0.4087E+00
  0.1712E+00  0.2016E+00  0.8050E-01  0.4007E+00  0.4007E+00
  0.1718E+00  0.4309E+00  0.7813E-01  0.3928E+00  0.3928E+00
  0.1724E+00  0.2377E+00  0.8416E-01  0.3851E+00  0.3851E+00
  0.1730E+00  0.3699E+00  0.8074E-01  0.3776E+00  0.3776E+00
  0.1736E+00  0.3659E+00  0.8762E-01  0.3702E+00  0.3702E+00
  0.1742E+00  0.3109E+00  0.7725E-01  0.3630E+00  0.3630E+00
  0.1748E+00  0.3177E+00  0.8736E-01  0.3559E+00  0.3559E+00
  0.1754E+00  0.3835E+00  0.8229E-01  0.3489E+00  0.3489E+00
  0.1760E+00  0.3820E+00  0.8879E-01  0.3421E+00  0.3421E+00
  0.1766E+00  0.2948E+00  0.7912E-01  0.3355E+00  0.3355E+00
  0.1773E+00  0.3048E+00  0.8633E-01  0.3290E+00  0.3290E+00
  0.1779E+00  0.2743E+00  0.7769E-01  0.3227E+00  0.3227E+00
  0.1785E+00  0.3462E+00  0.8764E-01  0.3165E+00  0.3165E+00
  0.1791E+00  0.4418E+00  0.8458E-01  0.3104E+00  0.3104E+00
  0.1797E+00  0.3993E+00  0.8228E-01  0.3045E+00  0.3045E+00
  0.1803E+00  0.3101E+00  0.8953E-01  0.2987E+00  0.2987E+00
  0.1809E+00  0.2914E+00  0.8611E-01  0.2931E+00  0.2931E+00
  0.1815E+00  0.3819E+00  0.8111E-01  0.2875E+00  0.2875E+00
  0.1821E+00  0.3253E+00  0.7910E-01  0.2822E+00  0.2822E+00
  0.1827E+00  0.4973E+00  0.8008E-01  0.2769E+00  0.2769E+00
  0.1833E+00  0.3226E+00  0.7934E-01  0.2718E+00  0.2718E+00
  0.1839E+00  0.4180E+00  0.8191E-01  0.2669E+00  0.2669E+00
  0.1845E+00  0.3973E+00  0.7454E-01  0.2620E+00  0.2620E+00
  0.1852E+00  0.2535E+00  0.7712E-01  0.2573E+00  0.2573E+00
  0.1858E+00  0.2073E+00  0.8339E-01  0.2528E+00  0.2528E+00
  0.1864E+00  0.1852E+00  0.7917E-01  0.2483E+00  0.2483E+00
  0.1870E+00  0.2978E+00  0.7037E-01  0.2440E+00  0.2440E+00
  0.1876E+00  0.2125E+00  0.8283E-01  0.2398E+00  0.2398E+00
  0.1882E+00  0.1878E+00  0.7629E-01  0.2357E+00  0.2357E+00
  0.1888E+00  0.1792E+00  0.8081E-01  0.2317E+00  0.2317E+00
  0.1894E+00  0.1613E+00  0.8340E-01  0.2279E+00  0.2279E+00
  0.1900E+00  0.9170E-01  0.2407E+00  0.2241E+00  0.2241E+00
  0.1906E+00  0.1035E+00  0.8589E-01  0.2205E+00  0.2205E+00
  0.1912E+00  0.4204E-01  0.1150E+00  0.2170E+00  0.2170E+00
  0.1918E+00  0.1393E+00  0.7485E-01  0.2137E+00  0.2137E+00
  0.1925E+00  0.2068E+00  0.8216E-01  0.2104E+00  0.2104E+00
  0.1931E+00  0.1810E+00  0.7619E-01  0.2072E+00  0.2072E+00
  0.1937E+00  0.1249E+00  0.7595E-01  0.2042E+00  0.2042E+00
  0.1943E+00  0.1163E+00  0.7039E-01  0.2012E+00  0.2012E+00
  0.1949E+00  0.1350E+00  0.7749E-01  0.1984E+00  0.1984E+00
  0.1955E+00  0.2659E+00  0.9947E-01  0.1956E+00  0.1956E+00
  0.1961E+00  0.2208E+00  0.9100E-01  0.1930E+00  0.1930E+00
  0.1967E+00  0.2663E+00  0.1516E+00  0.1904E+00  0.1904E+00
  0.1973E+00  0.1052E+00  0.9615E-01  0.1880E+00  0.1880E+00
  0.1979E+00  0.2633E+00  0.7743E-01  0.1856E+00  0.1856E+00
  0.1985E+00  0.1707E+00  0.6997E-01  0.1834E+00  0.1834E+00
  0.1991E+00  0.1897E+00  0.7076E-01  0.1812E+00  0.1812E+00
  0.1997E+00  0.1292E+00  0.7471E-01  0.1792E+00  0.1792E+00
  0.2004E+00  0.1542E+00  0.7797E-01  0.1772E+00  0.1772E+00
  0.2010E+00  0.4683E-01  0.7518E-01  0.1753E+00  0.1753E+00
  0.2016E+00  0.1593E+00  0.7334E-01  0.1735E+00  0.1735E+00
  0.2022E+00  0.1501E+00  0.7304E-01  0.1718E+00  0.1718E+00
  0.2028E+00  0.1201E+00  0.7070E-01  0.1701E+00  0.1701E+00
  0.2034E+00  0.1986E+00  0.7115E-01  0.1685E+00  0.1685E+00
  0.2040E+00  0.2747E+00  0.7167E-01  0.1671E+00  0.1671E+00
  0.2046E+00  0.7324E-01  0.7509E-01  0.1656E+00  0.1656E+00
  0.2052E+00  0.1315E+00  0.7564E-01  0.1643E+00  0.1643E+00
  0.2058E+00  0.2080E+00  0.7641E-01  0.1630E+00  0.1630E+00
  0.2064E+00  0.1623E+00  0.6768E-01  0.1618E+00  0.1618E+00
  0.2070E+00  0.1020E+00  0.7627E-01  0.1607E+00  0.1607E+00
  0.2077E+00  0.1125E+00  0.7479E-01  0.1597E+00  0.1597E+00
  0.2083E+00  0.1755E+00  0.7686E-01  0.1587E+00  0.1587E+00
  0.2089E+00  0.1729E+00  0.7300E-01  0.1577E+00  0.1577E+00
  0.2095E+00  0.1742E+00  0.7411E-01  0.1569E+00  0.1569E+00
  0.2101E+00  0.1616E+00  0.7561E-01  0.1560E+00  0.1560E+00
  0.2107E+00  0.6451E-01  0.7578E-01  0.1553E+00  0.1553E+00
  0.2113E+00  0.3784E-01  0.7175E-01  0.1546E+00  0.1546E+00
  0.2119E+00  0.1098E+00  0.7453E-01  0.1539E+00  0.1539E+00
  0.2125E+00  0.6918E-01  0.7474E-01  0.1533E+00  0.1533E+00
  0.2131E+00  0.8330E-01  0.7329E-01  0.1528E+00  0.1528E+00
  0.2137E+00  0.1695E+00  0.7213E-01  0.1523E+00  0.1523E+00
  0.2143E+00  0.1468E+00  0.7519E-01  0.1518E+00  0.1518E+00
  0.2149E+00  0.2456E+00  0.7122E-01  0.1514E+00  0.1514E+00
  0.2156E+00  0.1503E+00  0.6786E-01  0.1511E+00  0.1511E+00
  0.2162E+00  0.1230E+00  0.6992E-01  0.1507E+00  0.1507E+00
  0.2168E+00  0.1641E+00  0.7214E-01  0.1505E+00  0.1505E+00
  0.2174E+00  0.6456E-01  0.7074E-01  0.1502E+00  0.1502E+00
  0.2180E+00  0.1739E+00  0.6813E-01  0.1500E+00  0.1500E+00
  0.2186E+00  0.2594E+00  0.7251E-01  0.1498E+00  0.1498E+00
  0.2192E+00  0.1700E+00  0.7505E-01  0.1497E+00  0.1497E+00
  0.2198E+00  0.3005E+00  0.7194E-01  0.1495E+00  0.1495E+00
  0.2204E+00  0.8043E-01  0.7209E-01  0.1495E+00  0.1495E+00
  0.2210E+00  0.2170E+00  0.7360E-01  0.1494E+00  0.1494E+00
  0.2216E+00  0.1896E+00  0.7406E-01  0.1494E+00  0.1494E+00
  0.2222E+00  0.2263E+00  0.6834E-01  0.1494E+00  0.1494E+00
  0.2228E+00  0.1686E+00  0.7067E-01  0.1494E+00  0.1494E+00
  0.2235E+00  0.1290E+00  0.6908E-01  0.1494E+00  0.1494E+00
  0.2241E+00  0.1239E+00  0.7049E-01  0.1495E+00  0.1495E+00
  0.2247E+00  0.2016E-01  0.7159E-01  0.1495E+00  0.1495E+00
  0.2253E+00  0.1794E+00  0.7435E-01  0.1496E+00  0.1496E+00
  0.2259E+00  0.4796E-02  0.7410E-01  0.1497E+00  0.1497E+00
  0.2277E+00  0.2054E-01  0.7029E-01  0.1502E+00  0.1502E+00
  0.2283E+00  0.8273E-01  0.7256E-01  0.1503E+00  0.1503E+00
  0.2289E+00  0.9443E-01  0.7150E-01  0.1505E+00  0.1505E+00
  0.2295E+00  0.1004E+00  0.7149E-01  0.1507E+00  0.1507E+00
  0.2308E+00  0.1055E+00  0.6758E-01  0.1511E+00  0.1511E+00
  0.2314E+00  0.1678E+00  0.7118E-01  0.1513E+00  0.1513E+00
  0.2320E+00  0.2176E+00  0.7185E-01  0.1515E+00  0.1515E+00
  0.2326E+00  0.2016E+00  0.7047E-01  0.1517E+00  0.1517E+00
  0.2332E+00  0.2339E+00  0.7425E-01  0.1519E+00  0.1519E+00
  0.2338E+00  0.2472E+00  0.6991E-01  0.1521E+00  0.1521E+00
  0.2344E+00  0.1840E+00  0.6777E-01  0.1524E+00  0.1524E+00
  0.2350E+00  0.2572E+00  0.6737E-01  0.1526E+00  0.1526E+00
  0.2356E+00  0.2112E+00  0.6867E-01  0.1528E+00  0.1528E+00
  0.2362E+00  0.2225E+00  0.6972E-01  0.1530E+00  0.1530E+00
  0.2368E+00  0.1437E+00  0.6588E-01  0.1532E+00  0.1532E+00
  0.2374E+00  0.2334E+00  0.6900E-01  0.1535E+00  0.1535E+00
  0.2380E+00  0.1154E+00  0.6680E-01  0.1537E+00  0.1537E+00
  0.2387E+00  0.1840E+00  0.6946E-01  0.1539E+00  0.1539E+00
  0.2393E+00  0.8430E-01  0.6787E-01  0.1541E+00  0.1541E+00
  0.2399E+00  0.2067E+00  0.6957E-01  0.1543E+00  0.1543E+00
  0.2405E+00  0.2573E+00  0.6785E-01  0.1545E+00  0.1545E+00
  0.2411E+00  0.2088E+00  0.6776E-01  0.1547E+00  0.1547E+00
  0.2417E+00  0.3158E+00  0.9974E-01  0.1549E+00  0.1549E+00
  0.2423E+00  0.1570E+00  0.6369E-01  0.1551E+00  0.1551E+00
  0.2429E+00  0.2041E+00  0.6472E-01  0.1553E+00  0.1553E+00
  0.2435E+00  0.2952E+00  0.6906E-01  0.1555E+00  0.1555E+00
  0.2441E+00  0.9516E-01  0.6669E-01  0.1556E+00  0.1556E+00
  0.2447E+00  0.2733E+00  0.6792E-01  0.1558E+00  0.1558E+00
  0.2453E+00  0.2459E+00  0.6627E-01  0.1560E+00  0.1560E+00
  0.2460E+00  0.1629E+00  0.6775E-01  0.1561E+00  0.1561E+00
  0.2466E+00  0.3162E+00  0.6536E-01  0.1563E+00  0.1563E+00
  0.2472E+00  0.2085E+00  0.6316E-01  0.1564E+00  0.1564E+00
  0.2478E+00  0.1021E+00  0.6776E-01  0.1565E+00  0.1565E+00
  0.2484E+00  0.2076E+00  0.6488E-01  0.1567E+00  0.1567E+00
  0.2490E+00  0.3781E-01  0.6434E-01  0.1568E+00  0.1568E+00
  0.2496E+00  0.1240E+00  0.6367E-01  0.1569E+00  0.1569E+00
  0.2508E+00  0.1880E+00  0.6564E-01  0.1571E+00  0.1571E+00
  0.2514E+00  0.1147E+00  0.6952E-01  0.1572E+00  0.1572E+00
  0.2520E+00  0.1437E+00  0.6211E-01  0.1573E+00  0.1573E+00
  0.2526E+00  0.2133E+00  0.6804E-01  0.1574E+00  0.1574E+00
  0.2532E+00  0.5686E-01  0.6150E-01  0.1574E+00  0.1574E+00
  0.2539E+00  0.1379E+00  0.6399E-01  0.1575E+00  0.1575E+00
  0.2545E+00  0.1504E+00  0.6292E-01  0.1576E+00  0.1576E+00
  0.2551E+00  0.1375E+00  0.6066E-01  0.1576E+00  0.1576E+00
  0.2557E+00  0.1587E+00  0.6255E-01  0.1577E+00  0.1577E+00
  0.2563E+00  0.1596E+00  0.6226E-01  0.1578E+00  0.1578E+00
  0.2569E+00  0.1152E-01  0.6566E-01  0.1578E+00  0.1578E+00
  0.2575E+00  0.1845E+00  0.6640E-01  0.1578E+00  0.1578E+00
  0.2581E+00  0.9268E-01  0.6404E-01  0.1579E+00  0.1579E+00
  0.2587E+00  0.1436E+00  0.5724E-01  0.1579E+00  0.1579E+00
  0.2593E+00  0.1127E+00  0.6146E-01  0.1580E+00  0.1580E+00
  0.2599E+00  0.1161E+00  0.6127E-01  0.1580E+00  0.1580E+00
  0.2605E+00  0.2327E-01  0.6486E-01  0.1580E+00  0.1580E+00
  0.2612E+00  0.1422E+00  0.6372E-01  0.1580E+00  0.1580E+00
  0.2618E+00  0.1075E+00  0.6537E-01  0.1581E+00  0.1581E+00
  0.2624E+00  0.2583E+00  0.6763E-01  0.1581E+00  0.1581E+00
  0.2630E+00  0.1255E+00  0.6658E-01  0.1581E+00  0.1581E+00
  0.2636E+00  0.1442E+00  0.6484E-01  0.1581E+00  0.1581E+00
  0.2642E+00  0.2409E+00  0.6636E-01  0.1581E+00  0.1581E+00
  0.2648E+00  0.1788E+00  0.6145E-01  0.1581E+00  0.1581E+00
  0.2654E+00  0.2325E+00  0.6261E-01  0.1582E+00  0.1582E+00
  0.2660E+00  0.2072E+00  0.6257E-01  0.1582E+00  0.1582E+00
  0.2666E+00  0.2427E+00  0.1797E+00  0.1582E+00  0.1582E+00
  0.2672E+00  0.2862E+00  0.6144E-01  0.1582E+00  0.1582E+00
  0.2678E+00  0.7593E-01  0.7377E-01  0.1582E+00  0.1582E+00
  0.2684E+00  0.1736E+00  0.5836E-01  0.1582E+00  0.1582E+00
  0.2691E+00  0.2079E+00  0.5854E-01  0.1583E+00  0.1583E+00
  0.2697E+00  0.1995E+00  0.6354E-01  0.1583E+00  0.1583E+00
  0.2703E+00  0.2630E+00  0.5876E-01  0.1583E+00  0.1583E+00
  0.2709E+00  0.1365E+00  0.6274E-01  0.1583E+00  0.1583E+00
  0.2715E+00  0.1765E+00  0.6249E-01  0.1584E+00  0.1584E+00
  0.2721E+00  0.1603E+00  0.6133E-01  0.1584E+00  0.1584E+00
  0.2727E+00  0.2223E+00  0.6025E-01  0.1584E+00  0.1584E+00
  0.2733E+00  0.1116E+00  0.6144E-01  0.1585E+00  0.1585E+00
  0.2739E+00  0.2196E+00  0.6047E-01  0.1585E+00  0.1585E+00
  0.2745E+00  0.1714E-01  0.6133E-01  0.1586E+00  0.1586E+00
  0.2751E+00  0.1099E+00  0.6276E-01  0.1586E+00  0.1586E+00
  0.2757E+00  0.2092E+00  0.6296E-01  0.1587E+00  0.1587E+00
  0.2763E+00  0.1839E+00  0.6380E-01  0.1587E+00  0.1587E+00
  0.2770E+00  0.1771E+00  0.7872E-01  0.1588E+00  0.1588E+00
  0.2776E+00  0.1093E+00  0.6574E-01  0.1589E+00  0.1589E+00
  0.2782E+00  0.1261E+00  0.1121E+00  0.1590E+00  0.1590E+00
  0.2788E+00  0.8999E-01  0.6208E-01  0.1590E+00  0.1590E+00
  0.2794E+00  0.1099E+00  0.7153E-01  0.1591E+00  0.1591E+00
  0.2800E+00  0.4503E-01  0.6115E-01  0.1592E+00  0.1592E+00
  0.2806E+00  0.5924E-02  0.6062E-01  0.1593E+00  0.1593E+00
  0.2812E+00  0.7380E-01  0.6128E-01  0.1594E+00  0.1594E+00
  0.2818E+00  0.6551E-01  0.5821E-01  0.1595E+00  0.1595E+00
  0.2824E+00  0.1130E+00  0.6047E-01  0.1597E+00  0.1597E+00
  0.2830E+00  0.2418E+00  0.5838E-01  0.1598E+00  0.1598E+00
  0.2836E+00  0.1971E+00  0.5782E-01  0.1599E+00  0.1599E+00
  0.2843E+00  0.1307E+00  0.6036E-01  0.1600E+00  0.1600E+00
  0.2849E+00  0.1929E+00  0.5736E-01  0.1602E+00  0.1602E+00
  0.2855E+00  0.1380E+00  0.5890E-01  0.1603E+00  0.1603E+00
  0.2861E+00  0.1706E+00  0.5730E-01  0.1605E+00  0.1605E+00
  0.2867E+00  0.1308E+00  0.5765E-01  0.1606E+00  0.1606E+00
  0.2873E+00  0.1669E+00  0.6040E-01  0.1608E+00  0.1608E+00
  0.2879E+00  0.1749E+00  0.6038E-01  0.1610E+00  0.1610E+00
  0.2885E+00  0.8310E-03  0.9536E-01  0.1611E+00  0.1611E+00
  0.2891E+00  0.1158E+00  0.7820E-01  0.1613E+00  0.1613E+00
  0.2897E+00  0.5652E-01  0.5658E-01  0.1615E+00  0.1615E+00
  0.2903E+00  0.1003E+00  0.5957E-01  0.1617E+00  0.1617E+00
  0.2909E+00  0.1032E+00  0.1320E+00  0.1619E+00  0.1619E+00
  0.2915E+00  0.1756E+00  0.5892E-01  0.1621E+00  0.1621E+00
  0.2922E+00  0.1914E+00  0.5690E-01  0.1623E+00  0.1623E+00
  0.2928E+00  0.1079E+00  0.5683E-01  0.1625E+00  0.1625E+00
  0.2934E+00  0.1572E+00  0.5633E-01  0.1627E+00  0.1627E+00
  0.2940E+00  0.2189E+00  0.5297E-01  0.1629E+00  0.1629E+00
  0.2946E+00  0.2143E+00  0.5590E-01  0.1631E+00  0.1631E+00
  0.2952E+00  0.1806E+00  0.5624E-01  0.1633E+00  0.1633E+00
  0.2958E+00  0.1499E+00  0.6011E-01  0.1635E+00  0.1635E+00
  0.2964E+00  0.1935E+00  0.5377E-01  0.1638E+00  0.1638E+00
  0.2970E+00  0.1836E+00  0.5795E-01  0.1640E+00  0.1640E+00
  0.2976E+00  0.2192E+00  0.5510E-01  0.1642E+00  0.1642E+00
  0.2982E+00  0.1026E+00  0.5650E-01  0.1645E+00  0.1645E+00
  0.2988E+00  0.1422E+00  0.5336E-01  0.1647E+00  0.1647E+00
  0.2995E+00  0.1594E+00  0.5378E-01  0.1649E+00  0.1649E+00
  0.3001E+00  0.1918E+00  0.5451E-01  0.1651E+00  0.1651E+00
  0.3007E+00  0.2809E+00  0.5844E-01  0.1654E+00  0.1654E+00
  0.3013E+00  0.1992E+00  0.5562E-01  0.1656E+00  0.1656E+00
  0.3019E+00  0.1983E+00  0.5318E-01  0.1658E+00  0.1658E+00
  0.3025E+00  0.2141E+00  0.5731E-01  0.1661E+00  0.1661E+00
  0.3031E+00  0.2179E+00  0.5568E-01  0.1663E+00  0.1663E+00
  0.3037E+00  0.2221E+00  0.5542E-01  0.1665E+00  0.1665E+00
  0.3043E+00  0.1966E+00  0.5509E-01  0.1668E+00  0.1668E+00
  0.3049E+00  0.2424E+00  0.5508E-01  0.1670E+00  0.1670E+00
  0.3055E+00  0.1415E+00  0.5580E-01  0.1672E+00  0.1672E+00
  0.3061E+00  0.1172E+00  0.5725E-01  0.1674E+00  0.1674E+00
  0.3067E+00  0.1469E+00  0.5657E-01  0.1677E+00  0.1677E+00
  0.3074E+00  0.1174E+00  0.5534E-01  0.1679E+00  0.1679E+00
  0.3080E+00  0.2606E+00  0.5047E-01  0.1681E+00  0.1681E+00
  0.3086E+00  0.2140E+00  0.5505E-01  0.1683E+00  0.1683E+00
  0.3092E+00  0.1526E+00  0.5104E-01  0.1685E+00  0.1685E+00
  0.3098E+00  0.1640E+00  0.5356E-01  0.1687E+00  0.1687E+00
  0.3104E+00  0.1288E+00  0.5045E-01  0.1689E+00  0.1689E+00
  0.3110E+00  0.6703E-01  0.5529E-01  0.1691E+00  0.1691E+00
  0.3116E+00  0.1697E+00  0.5180E-01  0.1692E+00  0.1692E+00
  0.3122E+00  0.9593E-01  0.5288E-01  0.1694E+00  0.1694E+00
  0.3128E+00  0.1567E+00  0.5260E-01  0.1696E+00  0.1696E+00
  0.3134E+00  0.8363E-01  0.5250E-01  0.1697E+00  0.1697E+00
  0.3140E+00  0.1821E+00  0.5283E-01  0.1699E+00  0.1699E+00
  0.3146E+00  0.1142E+00  0.5342E-01  0.1700E+00  0.1700E+00
  0.3153E+00  0.1497E+00  0.5446E-01  0.1702E+00  0.1702E+00
  0.3159E+00  0.1306E+00  0.5928E-01  0.1703E+00  0.1703E+00
  0.3165E+00  0.2648E+00  0.5916E-01  0.1704E+00  0.1704E+00
  0.3171E+00  0.2012E+00  0.6161E-01  0.1705E+00  0.1705E+00
  0.3177E+00  0.3146E+00  0.6552E-01  0.1706E+00  0.1706E+00
  0.3183E+00  0.2810E+00  0.6704E-01  0.1707E+00  0.1707E+00
  0.3189E+00  0.1698E+00  0.7098E-01  0.1708E+00  0.1708E+00
  0.3195E+00  0.2725E+00  0.7041E-01  0.1709E+00  0.1709E+00
  0.3201E+00  0.1908E+00  0.8122E-01  0.1709E+00  0.1709E+00
  0.3207E+00  0.2719E+00  0.8755E-01  0.1710E+00  0.1710E+00
  0.3213E+00  0.1262E+00  0.1070E+00  0.1710E+00  0.1710E+00
  0.3219E+00  0.3533E+00  0.1400E+00  0.1711E+00  0.1711E+00
  0.3225E+00  0.7981E-01  0.4070E+00  0.1711E+00  0.1711E+00

           Distance distribution  function of particle  


       R          P(R)      ERROR

  0.0000E+00  0.0000E+00  0.0000E+00
  0.7452E+00  0.1127E-02  0.6011E-04
  0.1490E+01  0.2247E-02  0.9971E-04
  0.2236E+01  0.3367E-02  0.1200E-03
  0.2981E+01  0.4494E-02  0.1231E-03
  0.3726E+01  0.5642E-02  0.1117E-03
  0.4471E+01  0.6822E-02  0.8970E-04
  0.5216E+01  0.8050E-02  0.6319E-04
  0.5962E+01  0.9341E-02  0.4669E-04
  0.6707E+01  0.1071E-01  0.6033E-04
  0.7452E+01  0.1217E-01  0.9137E-04
  0.8197E+01  0.1373E-01  0.1237E-03
  0.8942E+01  0.1540E-01  0.1511E-03
  0.9688E+01  0.1718E-01  0.1707E-03
  0.1043E+02  0.1908E-01  0.1809E-03
  0.1118E+02  0.2108E-01  0.1811E-03
  0.1192E+02  0.2317E-01  0.1718E-03
  0.1267E+02  0.2535E-01  0.1547E-03
  0.1341E+02  0.2758E-01  0.1329E-03
  0.1416E+02  0.2986E-01  0.1124E-03
  0.1490E+02  0.3214E-01  0.1022E-03
  0.1565E+02  0.3440E-01  0.1102E-03
  0.1639E+02  0.3662E-01  0.1334E-03
  0.1714E+02  0.3875E-01  0.1632E-03
  0.1788E+02  0.4077E-01  0.1924E-03
  0.1863E+02  0.4265E-01  0.2168E-03
  0.1938E+02  0.4436E-01  0.2337E-03
  0.2012E+02  0.4589E-01  0.2417E-03
  0.2087E+02  0.4720E-01  0.2404E-03
  0.2161E+02  0.4830E-01  0.2304E-03
  0.2236E+02  0.4917E-01  0.2137E-03
  0.2310E+02  0.4980E-01  0.1934E-03
  0.2385E+02  0.5020E-01  0.1748E-03
  0.2459E+02  0.5038E-01  0.1646E-03
  0.2534E+02  0.5035E-01  0.1683E-03
  0.2608E+02  0.5012E-01  0.1861E-03
  0.2683E+02  0.4970E-01  0.2129E-03
  0.2757E+02  0.4913E-01  0.2425E-03
  0.2832E+02  0.4842E-01  0.2702E-03
  0.2906E+02  0.4760E-01  0.2925E-03
  0.2981E+02  0.4668E-01  0.3075E-03
  0.3055E+02  0.4569E-01  0.3144E-03
  0.3130E+02  0.4465E-01  0.3132E-03
  0.3204E+02  0.4357E-01  0.3053E-03
  0.3279E+02  0.4247E-01  0.2926E-03
  0.3353E+02  0.4136E-01  0.2782E-03
  0.3428E+02  0.4025E-01  0.2654E-03
  0.3502E+02  0.3914E-01  0.2577E-03
  0.3577E+02  0.3804E-01  0.2569E-03
  0.3651E+02  0.3694E-01  0.2629E-03
  0.3726E+02  0.3585E-01  0.2734E-03
  0.3801E+02  0.3477E-01  0.2852E-03
  0.3875E+02  0.3368E-01  0.2951E-03
  0.3950E+02  0.3259E-01  0.3007E-03
  0.4024E+02  0.3149E-01  0.3008E-03
  0.4099E+02  0.3039E-01  0.2953E-03
  0.4173E+02  0.2927E-01  0.2852E-03
  0.4248E+02  0.2815E-01  0.2731E-03
  0.4322E+02  0.2701E-01  0.2624E-03
  0.4397E+02  0.2587E-01  0.2570E-03
  0.4471E+02  0.2473E-01  0.2601E-03
  0.4546E+02  0.2359E-01  0.2722E-03
  0.4620E+02  0.2246E-01  0.2916E-03
  0.4695E+02  0.2135E-01  0.3145E-03
  0.4769E+02  0.2027E-01  0.3370E-03
  0.4844E+02  0.1922E-01  0.3558E-03
  0.4918E+02  0.1821E-01  0.3684E-03
  0.4993E+02  0.1724E-01  0.3734E-03
  0.5067E+02  0.1632E-01  0.3705E-03
  0.5142E+02  0.1545E-01  0.3605E-03
  0.5216E+02  0.1463E-01  0.3453E-03
  0.5291E+02  0.1386E-01  0.3282E-03
  0.5365E+02  0.1314E-01  0.3132E-03
  0.5440E+02  0.1245E-01  0.3048E-03
  0.5514E+02  0.1179E-01  0.3062E-03
  0.5589E+02  0.1116E-01  0.3181E-03
  0.5664E+02  0.1055E-01  0.3380E-03
  0.5738E+02  0.9940E-02  0.3621E-03
  0.5813E+02  0.9335E-02  0.3859E-03
  0.5887E+02  0.8724E-02  0.4057E-03
  0.5962E+02  0.8105E-02  0.4189E-03
  0.6036E+02  0.7472E-02  0.4238E-03
  0.6111E+02  0.6828E-02  0.4199E-03
  0.6185E+02  0.6172E-02  0.4080E-03
  0.6260E+02  0.5511E-02  0.3901E-03
  0.6334E+02  0.4849E-02  0.3695E-03
  0.6409E+02  0.4197E-02  0.3510E-03
  0.6483E+02  0.3564E-02  0.3404E-03
  0.6558E+02  0.2960E-02  0.3427E-03
  0.6632E+02  0.2397E-02  0.3599E-03
  0.6707E+02  0.1886E-02  0.3897E-03
  0.6781E+02  0.1435E-02  0.4269E-03
  0.6856E+02  0.1052E-02  0.4649E-03
  0.6930E+02  0.7409E-03  0.4970E-03
  0.7005E+02  0.5012E-03  0.5167E-03
  0.7079E+02  0.3293E-03  0.5176E-03
  0.7154E+02  0.2163E-03  0.4930E-03
  0.7228E+02  0.1484E-03  0.4363E-03
  0.7303E+02  0.1066E-03  0.3401E-03
  0.7377E+02  0.6671E-04  0.1973E-03
  0.7452E+02  0.0000E+00  0.0000E+00
          Reciprocal space: Rg =   23.51     , I(0) =   0.2119E+02
     Real space: Rg =   23.51 +- 0.089  I(0) =   0.2119E+02 +-  0.7543E-01
