
           ####    G N O M   ---   Version 4.5a revised 09/02/02     ####

                                                  Sat Nov  4 16:51:52 2017
           ===    Run No   1   ===
 Run title:  0.0003414 0 0


  Number of points omitted at the end:         349
 Standard deviations are estimated by polynomial smoothing

   *******   Working Directory :
   *******    Input file(s) : 25533_02B_S098_0_01.sub
           Condition P(rmin) = 0 is used. 
           Condition P(rmax) = 0 is used. 

          Experimental conditions for the first run
          -----------------------------------------

          Highest ALPHA is found to be   0.3062E+01

  The measure of inconsistency AN1 equals to    0.9177E+00
     Alpha    Discrp  Oscill  Stabil  Sysdev  Positv  Valcen    Total   
  0.3062E+04  4.1790  1.5749  0.9702  0.2396  1.0000  0.7698  0.00001
  0.6123E+03  3.9326  1.5886  0.8969  0.2396  1.0000  0.7669  0.00001
  0.1225E+03  3.0921  1.6551  0.6384  0.2581  1.0000  0.7525  0.00001
  0.2449E+02  1.7760  1.9294  0.2233  0.4793  1.0000  0.6920  0.19067
  0.4899E+01  1.0616  2.5125  0.1286  0.6544  1.0000  0.5482  0.33336
  0.9797E+00  0.9152  2.9276  0.0659  0.7097  1.0000  0.4350  0.53519
  0.1959E+00  0.8926  3.1910  0.0785  0.7281  0.9993  0.3993  0.31459
  0.3919E-01  0.8828  3.6866  0.0992  0.7281  0.9928  0.3528  0.10000
  0.7838E-02  0.8790  4.3299  0.0603  0.7465  0.9835  0.3548  0.10000
  0.1568E-02  0.8784  4.7028  0.0495  0.7465  0.9773  0.3536  0.10000
  0.3135E-03  0.8782  5.6071  0.1647  0.7465  0.9647  0.3563  0.10000
  0.6270E-04  0.8776 11.1514  0.4906  0.7465  0.8994  0.3588  0.10000
  0.1254E-04  0.8760 17.8785  0.6302  0.7465  0.7715  0.2775  0.10000
  0.2508E-05  0.8734 20.3207  0.7389  0.7465  0.7174  0.2838  0.10000
  0.5016E-06  0.8685 18.9591  0.8640  0.7465  0.7183  0.2652  0.10000
  0.1003E-06  0.8593 17.4547  0.5776  0.7465  0.7133  0.2688  0.10000
  0.2006E-07  0.8521 16.3253  0.5453  0.7742  0.7120  0.2747  0.10000
  0.4013E-08  0.8415 17.4437  0.6536  0.7742  0.7104  0.2696  0.10000
  0.8026E-09  0.8261 18.8182  0.3774  0.7926  0.7101  0.2646  0.10000
  0.1605E-09  0.8194 21.0758  0.3187  0.8111  0.7152  0.2514  0.10000
  0.3210E-10  0.8131 27.4916  0.8161  0.7926  0.7267  0.2084  0.10000
  0.6421E-11  0.7915 29.2028  0.8572  0.8111  0.7084  0.3502  0.10000
  0.1284E-11  0.7276 30.2969  0.7180  0.7926  0.7135  0.3748  0.10000
  0.2568E-12  0.6122 32.5792  0.5272  0.7742  0.7073  0.3987  0.10000
  0.5137E-13  0.4661 38.0755  0.4489  0.7373  0.7151  0.3759  0.10000
  0.1027E-13  0.2849 45.4782  0.3824  0.7373  0.7460  0.2907  0.10000
  0.2055E-14  0.1124 50.1398  0.2074  0.8111  0.7667  0.3654  0.10000
  0.4109E-15  0.0291 51.4438  0.0635  0.8479  0.7751  0.4001  0.10000
  0.8218E-16  0.0062 51.7081  0.0163  0.8295  0.7775  0.4092  0.10000
  0.1644E-16  0.0013 51.7602  0.0029  0.8295  0.7781  0.4112  0.10000
  0.3287E-17  0.0003 51.7707  0.0006  0.8295  0.7782  0.4116  0.10000

          ***  Golden section search to maximize estimate ***
     Alpha    Discrp  Oscill  Stabil  Sysdev  Positv  Valcen    Total   
  0.1812E+01  0.9409  2.8053  0.0842  0.6728  1.0000  0.4670  0.44172
  0.7747E+00  0.9095  2.9668  0.0627  0.7097  1.0000  0.4260  0.54651
  0.6700E+00  0.9067  2.9898  0.0619  0.7097  1.0000  0.4213  0.52226
  0.8474E+00  0.9115  2.9522  0.0637  0.7097  1.0000  0.4293  0.55745
  0.8957E+00  0.9129  2.9429  0.0644  0.7097  1.0000  0.4314  0.54880
  0.8188E+00  0.9108  2.9578  0.0633  0.7097  1.0000  0.4280  0.55502
  0.8655E+00  0.9120  2.9487  0.0639  0.7097  1.0000  0.4301  0.55412
  0.8364E+00  0.9112  2.9543  0.0635  0.7097  1.0000  0.4288  0.55815
  0.8296E+00  0.9110  2.9557  0.0634  0.7097  1.0000  0.4285  0.55696
  0.8405E+00  0.9113  2.9535  0.0636  0.7097  1.0000  0.4290  0.55873
  0.8431E+00  0.9114  2.9530  0.0636  0.7097  1.0000  0.4291  0.55824
  0.8389E+00  0.9113  2.9538  0.0635  0.7097  1.0000  0.4289  0.55860
  0.8415E+00  0.9114  2.9533  0.0636  0.7097  1.0000  0.4290  0.55854
  0.8399E+00  0.9113  2.9536  0.0636  0.7097  1.0000  0.4289  0.55877
  0.8396E+00  0.9113  2.9537  0.0636  0.7097  1.0000  0.4289  0.55871
  0.8402E+00  0.9113  2.9536  0.0636  0.7097  1.0000  0.4289  0.55880
  0.8403E+00  0.9113  2.9536  0.0636  0.7097  1.0000  0.4290  0.55877
  0.8401E+00  0.9113  2.9536  0.0636  0.7097  1.0000  0.4289  0.55880
  0.8402E+00  0.9113  2.9536  0.0636  0.7097  1.0000  0.4289  0.55880



             ####            Final results            ####

 Parameter    DISCRP    OSCILL    STABIL    SYSDEV    POSITV    VALCEN
 Weight        1.000     3.000     3.000     4.000     1.000     1.000
 Sigma         0.500     0.600     0.120     0.200     0.120     0.120
 Ideal         1.000     1.100     0.000     1.000     1.000     0.950
 Current       0.911     2.954     0.064     0.710     1.000     0.429
                - - - - - - - - - - - - - - - - - - - - - - - - - 
 Estimate      0.969     0.000     0.755     0.122     1.000     0.000

  Angular   range    :     from    0.0068   to    0.2086
  Real space range   :     from      0.00   to    205.40

  Highest ALPHA (theor) :   0.306E+04                 JOB = 0
  Current ALPHA         :   0.840E+00   Rg :  0.500E+02   I(0) :   0.559E+02

           Total  estimate : 0.559  which is  A REASONABLE  solution

      S          J EXP       ERROR       J REG       I REG

  0.0000E+00                                      0.5593E+02
  0.9785E-03                                      0.5589E+02
  0.1957E-02                                      0.5575E+02
  0.2936E-02                                      0.5553E+02
  0.3914E-02                                      0.5521E+02
  0.4893E-02                                      0.5481E+02
  0.5871E-02                                      0.5433E+02
  0.6850E-02  0.1347E+03  0.3416E+02  0.5378E+02  0.5378E+02
  0.7779E-02  0.9863E+02  0.1053E+03  0.5318E+02  0.5318E+02
  0.8709E-02  0.8777E+02  0.6058E+02  0.5252E+02  0.5252E+02
  0.9639E-02 -0.2763E+02  0.3340E+02  0.5180E+02  0.5180E+02
  0.1057E-01  0.5289E+02  0.2568E+02  0.5104E+02  0.5104E+02
  0.1150E-01  0.5317E+02  0.2200E+02  0.5023E+02  0.5023E+02
  0.1243E-01  0.3056E+02  0.1887E+02  0.4937E+02  0.4937E+02
  0.1336E-01  0.4024E+02  0.1465E+02  0.4849E+02  0.4849E+02
  0.1429E-01  0.5351E+02  0.1216E+02  0.4757E+02  0.4757E+02
  0.1522E-01  0.4331E+02  0.1038E+02  0.4664E+02  0.4664E+02
  0.1615E-01  0.4243E+02  0.9421E+01  0.4568E+02  0.4568E+02
  0.1708E-01  0.5052E+02  0.9439E+01  0.4472E+02  0.4472E+02
  0.1801E-01  0.4803E+02  0.8144E+01  0.4375E+02  0.4375E+02
  0.1894E-01  0.4093E+02  0.7837E+01  0.4277E+02  0.4277E+02
  0.1987E-01  0.3610E+02  0.7257E+01  0.4181E+02  0.4181E+02
  0.2080E-01  0.3873E+02  0.7001E+01  0.4085E+02  0.4085E+02
  0.2173E-01  0.4106E+02  0.6975E+01  0.3990E+02  0.3990E+02
  0.2266E-01  0.4762E+02  0.6369E+01  0.3898E+02  0.3898E+02
  0.2359E-01  0.3681E+02  0.6455E+01  0.3807E+02  0.3807E+02
  0.2451E-01  0.3805E+02  0.5832E+01  0.3718E+02  0.3718E+02
  0.2544E-01  0.3696E+02  0.5731E+01  0.3632E+02  0.3632E+02
  0.2637E-01  0.3050E+02  0.5452E+01  0.3549E+02  0.3549E+02
  0.2730E-01  0.2985E+02  0.4989E+01  0.3469E+02  0.3469E+02
  0.2823E-01  0.3615E+02  0.4887E+01  0.3391E+02  0.3391E+02
  0.2916E-01  0.2895E+02  0.4625E+01  0.3317E+02  0.3317E+02
  0.3009E-01  0.2924E+02  0.4587E+01  0.3246E+02  0.3246E+02
  0.3102E-01  0.3671E+02  0.4389E+01  0.3177E+02  0.3177E+02
  0.3195E-01  0.3454E+02  0.4386E+01  0.3112E+02  0.3112E+02
  0.3288E-01  0.3643E+02  0.4421E+01  0.3050E+02  0.3050E+02
  0.3381E-01  0.3163E+02  0.4261E+01  0.2991E+02  0.2991E+02
  0.3474E-01  0.2952E+02  0.4351E+01  0.2934E+02  0.2934E+02
  0.3567E-01  0.3240E+02  0.4140E+01  0.2880E+02  0.2880E+02
  0.3660E-01  0.2879E+02  0.4113E+01  0.2828E+02  0.2828E+02
  0.3753E-01  0.2252E+02  0.4143E+01  0.2778E+02  0.2778E+02
  0.3846E-01  0.2067E+02  0.4068E+01  0.2730E+02  0.2730E+02
  0.3939E-01  0.1782E+02  0.4047E+01  0.2684E+02  0.2684E+02
  0.4032E-01  0.3029E+02  0.3736E+01  0.2640E+02  0.2640E+02
  0.4125E-01  0.2673E+02  0.3868E+01  0.2597E+02  0.2597E+02
  0.4218E-01  0.2240E+02  0.3745E+01  0.2555E+02  0.2555E+02
  0.4311E-01  0.2206E+02  0.3619E+01  0.2515E+02  0.2515E+02
  0.4404E-01  0.2535E+02  0.3718E+01  0.2475E+02  0.2475E+02
  0.4497E-01  0.2856E+02  0.3511E+01  0.2435E+02  0.2435E+02
  0.4590E-01  0.2832E+02  0.3594E+01  0.2397E+02  0.2397E+02
  0.4683E-01  0.3188E+02  0.3482E+01  0.2359E+02  0.2359E+02
  0.4776E-01  0.2919E+02  0.3604E+01  0.2321E+02  0.2321E+02
  0.4869E-01  0.1837E+02  0.3523E+01  0.2283E+02  0.2283E+02
  0.4962E-01  0.2008E+02  0.3397E+01  0.2246E+02  0.2246E+02
  0.5055E-01  0.1762E+02  0.3380E+01  0.2209E+02  0.2209E+02
  0.5148E-01  0.1292E+02  0.3269E+01  0.2172E+02  0.2172E+02
  0.5241E-01  0.2533E+02  0.3305E+01  0.2135E+02  0.2135E+02
  0.5334E-01  0.2734E+02  0.3284E+01  0.2098E+02  0.2098E+02
  0.5427E-01  0.2127E+02  0.3193E+01  0.2061E+02  0.2061E+02
  0.5520E-01  0.2424E+02  0.3203E+01  0.2025E+02  0.2025E+02
  0.5613E-01  0.2740E+02  0.3151E+01  0.1988E+02  0.1988E+02
  0.5706E-01  0.1791E+02  0.3311E+01  0.1952E+02  0.1952E+02
  0.5799E-01  0.1507E+02  0.3343E+01  0.1916E+02  0.1916E+02
  0.5892E-01  0.1975E+02  0.3081E+01  0.1881E+02  0.1881E+02
  0.5985E-01  0.2134E+02  0.3128E+01  0.1845E+02  0.1845E+02
  0.6078E-01  0.1496E+02  0.3025E+01  0.1811E+02  0.1811E+02
  0.6170E-01  0.1546E+02  0.3080E+01  0.1777E+02  0.1777E+02
  0.6263E-01  0.1949E+02  0.3001E+01  0.1743E+02  0.1743E+02
  0.6356E-01  0.1857E+02  0.2946E+01  0.1710E+02  0.1710E+02
  0.6449E-01  0.2359E+02  0.2949E+01  0.1678E+02  0.1678E+02
  0.6542E-01  0.1756E+02  0.2886E+01  0.1646E+02  0.1646E+02
  0.6635E-01  0.1873E+02  0.2917E+01  0.1615E+02  0.1615E+02
  0.6728E-01  0.1448E+02  0.2794E+01  0.1585E+02  0.1585E+02
  0.6821E-01  0.1234E+02  0.2897E+01  0.1555E+02  0.1555E+02
  0.6914E-01  0.1456E+02  0.2884E+01  0.1527E+02  0.1527E+02
  0.7007E-01  0.1836E+02  0.2789E+01  0.1499E+02  0.1499E+02
  0.7100E-01  0.1609E+02  0.2883E+01  0.1472E+02  0.1472E+02
  0.7193E-01  0.1300E+02  0.2781E+01  0.1445E+02  0.1445E+02
  0.7286E-01  0.1337E+02  0.2883E+01  0.1420E+02  0.1420E+02
  0.7379E-01  0.1192E+02  0.2863E+01  0.1395E+02  0.1395E+02
  0.7472E-01  0.1458E+02  0.2737E+01  0.1371E+02  0.1371E+02
  0.7565E-01  0.1476E+02  0.2711E+01  0.1347E+02  0.1347E+02
  0.7658E-01  0.1407E+02  0.2659E+01  0.1324E+02  0.1324E+02
  0.7751E-01  0.9610E+01  0.2697E+01  0.1302E+02  0.1302E+02
  0.7844E-01  0.9140E+01  0.2562E+01  0.1280E+02  0.1280E+02
  0.7937E-01  0.1235E+02  0.2613E+01  0.1259E+02  0.1259E+02
  0.8030E-01  0.1581E+02  0.2739E+01  0.1238E+02  0.1238E+02
  0.8123E-01  0.1963E+02  0.2616E+01  0.1218E+02  0.1218E+02
  0.8216E-01  0.1566E+02  0.2627E+01  0.1198E+02  0.1198E+02
  0.8309E-01  0.6820E+01  0.2572E+01  0.1178E+02  0.1178E+02
  0.8402E-01  0.7560E+01  0.2699E+01  0.1159E+02  0.1159E+02
  0.8495E-01  0.1016E+02  0.2622E+01  0.1140E+02  0.1140E+02
  0.8588E-01  0.9560E+01  0.2535E+01  0.1121E+02  0.1121E+02
  0.8681E-01  0.2027E+02  0.2532E+01  0.1102E+02  0.1102E+02
  0.8774E-01  0.1895E+02  0.2467E+01  0.1084E+02  0.1084E+02
  0.8867E-01  0.1091E+02  0.2497E+01  0.1065E+02  0.1065E+02
  0.8960E-01  0.1337E+02  0.2478E+01  0.1047E+02  0.1047E+02
  0.9053E-01  0.1538E+02  0.2434E+01  0.1029E+02  0.1029E+02
  0.9146E-01  0.1401E+02  0.2425E+01  0.1012E+02  0.1012E+02
  0.9239E-01  0.1150E+02  0.2434E+01  0.9943E+01  0.9943E+01
  0.9332E-01  0.5240E+01  0.2431E+01  0.9770E+01  0.9770E+01
  0.9425E-01  0.7830E+01  0.2381E+01  0.9599E+01  0.9599E+01
  0.9518E-01  0.7500E+01  0.2374E+01  0.9430E+01  0.9430E+01
  0.9611E-01  0.8200E+01  0.2383E+01  0.9263E+01  0.9263E+01
  0.9704E-01  0.9980E+01  0.2389E+01  0.9099E+01  0.9099E+01
  0.9797E-01  0.8590E+01  0.2408E+01  0.8936E+01  0.8936E+01
  0.9890E-01  0.8780E+01  0.2317E+01  0.8776E+01  0.8776E+01
  0.9982E-01  0.9700E+01  0.2348E+01  0.8618E+01  0.8618E+01
  0.1008E+00  0.1001E+02  0.2294E+01  0.8463E+01  0.8463E+01
  0.1017E+00  0.8890E+01  0.2286E+01  0.8311E+01  0.8311E+01
  0.1026E+00  0.7490E+01  0.2300E+01  0.8162E+01  0.8162E+01
  0.1035E+00  0.8310E+01  0.2268E+01  0.8015E+01  0.8015E+01
  0.1045E+00  0.7790E+01  0.2281E+01  0.7871E+01  0.7871E+01
  0.1054E+00  0.8940E+01  0.2223E+01  0.7730E+01  0.7730E+01
  0.1063E+00  0.8850E+01  0.2233E+01  0.7592E+01  0.7592E+01
  0.1073E+00  0.5130E+01  0.2219E+01  0.7457E+01  0.7457E+01
  0.1082E+00  0.1011E+02  0.2240E+01  0.7325E+01  0.7325E+01
  0.1091E+00  0.1224E+02  0.2235E+01  0.7196E+01  0.7196E+01
  0.1101E+00  0.8240E+01  0.2210E+01  0.7069E+01  0.7069E+01
  0.1110E+00  0.8730E+01  0.2233E+01  0.6946E+01  0.6946E+01
  0.1119E+00  0.6770E+01  0.2193E+01  0.6824E+01  0.6824E+01
  0.1128E+00  0.5820E+01  0.2232E+01  0.6706E+01  0.6706E+01
  0.1138E+00  0.8260E+01  0.2186E+01  0.6590E+01  0.6590E+01
  0.1147E+00  0.9770E+01  0.2123E+01  0.6476E+01  0.6476E+01
  0.1156E+00  0.5440E+01  0.2147E+01  0.6365E+01  0.6365E+01
  0.1166E+00  0.3770E+01  0.2179E+01  0.6256E+01  0.6256E+01
  0.1175E+00  0.9380E+01  0.2126E+01  0.6149E+01  0.6149E+01
  0.1184E+00  0.8970E+01  0.2098E+01  0.6044E+01  0.6044E+01
  0.1193E+00  0.3220E+01  0.2092E+01  0.5941E+01  0.5941E+01
  0.1203E+00  0.3650E+01  0.2153E+01  0.5840E+01  0.5840E+01
  0.1212E+00  0.3900E+01  0.2071E+01  0.5741E+01  0.5741E+01
  0.1221E+00  0.5750E+01  0.2085E+01  0.5643E+01  0.5643E+01
  0.1231E+00  0.6770E+01  0.2077E+01  0.5548E+01  0.5548E+01
  0.1240E+00  0.7580E+01  0.2068E+01  0.5454E+01  0.5454E+01
  0.1249E+00  0.4660E+01  0.2051E+01  0.5362E+01  0.5362E+01
  0.1259E+00  0.2590E+01  0.2000E+01  0.5272E+01  0.5272E+01
  0.1268E+00  0.4620E+01  0.2045E+01  0.5183E+01  0.5183E+01
  0.1277E+00  0.8930E+01  0.1984E+01  0.5096E+01  0.5096E+01
  0.1286E+00  0.6370E+01  0.2038E+01  0.5011E+01  0.5011E+01
  0.1296E+00  0.2340E+01  0.2041E+01  0.4928E+01  0.4928E+01
  0.1305E+00 -0.1750E+01  0.2008E+01  0.4846E+01  0.4846E+01
  0.1314E+00  0.1530E+01  0.2057E+01  0.4766E+01  0.4766E+01
  0.1324E+00  0.7040E+01  0.2022E+01  0.4689E+01  0.4689E+01
  0.1333E+00  0.8020E+01  0.2031E+01  0.4613E+01  0.4613E+01
  0.1342E+00  0.4580E+01  0.2020E+01  0.4539E+01  0.4539E+01
  0.1352E+00  0.8580E+01  0.1981E+01  0.4467E+01  0.4467E+01
  0.1361E+00  0.5910E+01  0.2040E+01  0.4397E+01  0.4397E+01
  0.1370E+00  0.2330E+01  0.1951E+01  0.4329E+01  0.4329E+01
  0.1379E+00  0.7760E+01  0.2003E+01  0.4263E+01  0.4263E+01
  0.1389E+00  0.3840E+01  0.1956E+01  0.4199E+01  0.4199E+01
  0.1398E+00  0.3000E+01  0.1982E+01  0.4138E+01  0.4138E+01
  0.1407E+00  0.2890E+01  0.1981E+01  0.4078E+01  0.4078E+01
  0.1417E+00  0.2380E+01  0.1931E+01  0.4020E+01  0.4020E+01
  0.1426E+00  0.5005E-01  0.1941E+01  0.3963E+01  0.3963E+01
  0.1435E+00  0.3850E+01  0.2263E+01  0.3909E+01  0.3909E+01
  0.1445E+00 -0.2000E+00  0.2004E+01  0.3856E+01  0.3856E+01
  0.1454E+00  0.2950E+01  0.1924E+01  0.3806E+01  0.3806E+01
  0.1463E+00  0.1550E+01  0.1900E+01  0.3756E+01  0.3756E+01
  0.1472E+00  0.4299E+00  0.1955E+01  0.3709E+01  0.3709E+01
  0.1482E+00  0.2150E+01  0.1915E+01  0.3662E+01  0.3662E+01
  0.1491E+00  0.1710E+01  0.1935E+01  0.3618E+01  0.3618E+01
  0.1500E+00  0.4540E+01  0.1939E+01  0.3574E+01  0.3574E+01
  0.1510E+00  0.5950E+01  0.1923E+01  0.3532E+01  0.3532E+01
  0.1519E+00  0.6570E+01  0.1939E+01  0.3491E+01  0.3491E+01
  0.1528E+00  0.2840E+01  0.1916E+01  0.3450E+01  0.3450E+01
  0.1538E+00  0.9700E+00  0.1937E+01  0.3411E+01  0.3411E+01
  0.1547E+00  0.4340E+01  0.1943E+01  0.3373E+01  0.3373E+01
  0.1556E+00  0.2460E+01  0.1890E+01  0.3335E+01  0.3335E+01
  0.1565E+00 -0.3301E+00  0.1899E+01  0.3298E+01  0.3298E+01
  0.1575E+00  0.3350E+01  0.1867E+01  0.3262E+01  0.3262E+01
  0.1584E+00  0.1930E+01  0.1848E+01  0.3227E+01  0.3227E+01
  0.1593E+00  0.5160E+01  0.1822E+01  0.3191E+01  0.3191E+01
  0.1603E+00  0.1960E+01  0.1834E+01  0.3157E+01  0.3157E+01
  0.1612E+00  0.1000E-09  0.1831E+01  0.3123E+01  0.3123E+01
  0.1621E+00  0.4310E+01  0.1811E+01  0.3089E+01  0.3089E+01
  0.1630E+00  0.3810E+01  0.1837E+01  0.3055E+01  0.3055E+01
  0.1640E+00  0.6350E+01  0.1814E+01  0.3022E+01  0.3022E+01
  0.1649E+00  0.6430E+01  0.1823E+01  0.2989E+01  0.2989E+01
  0.1658E+00  0.1490E+01  0.1817E+01  0.2957E+01  0.2957E+01
  0.1668E+00  0.4030E+01  0.1829E+01  0.2925E+01  0.2925E+01
  0.1677E+00  0.4410E+01  0.1840E+01  0.2893E+01  0.2893E+01
  0.1686E+00  0.6880E+01  0.1839E+01  0.2861E+01  0.2861E+01
  0.1696E+00  0.5730E+01  0.1851E+01  0.2829E+01  0.2829E+01
  0.1705E+00  0.7290E+01  0.1818E+01  0.2798E+01  0.2798E+01
  0.1714E+00  0.8360E+01  0.1850E+01  0.2768E+01  0.2768E+01
  0.1723E+00  0.4820E+01  0.1850E+01  0.2737E+01  0.2737E+01
  0.1733E+00 -0.4260E+01  0.1794E+01  0.2707E+01  0.2707E+01
  0.1742E+00 -0.2990E+01  0.1815E+01  0.2677E+01  0.2677E+01
  0.1751E+00  0.1430E+01  0.1765E+01  0.2647E+01  0.2647E+01
  0.1761E+00  0.2470E+01  0.1818E+01  0.2618E+01  0.2618E+01
  0.1770E+00  0.8199E+00  0.1773E+01  0.2589E+01  0.2589E+01
  0.1779E+00  0.3500E+00  0.1758E+01  0.2561E+01  0.2561E+01
  0.1789E+00 -0.3700E+00  0.1759E+01  0.2533E+01  0.2533E+01
  0.1798E+00 -0.2400E+00  0.1802E+01  0.2505E+01  0.2505E+01
  0.1807E+00  0.1640E+01  0.1765E+01  0.2478E+01  0.2478E+01
  0.1816E+00  0.3520E+01  0.1725E+01  0.2451E+01  0.2451E+01
  0.1826E+00  0.3850E+01  0.1754E+01  0.2424E+01  0.2424E+01
  0.1835E+00  0.5330E+01  0.1754E+01  0.2398E+01  0.2398E+01
  0.1844E+00  0.6400E+01  0.1726E+01  0.2372E+01  0.2372E+01
  0.1854E+00  0.5180E+01  0.1741E+01  0.2347E+01  0.2347E+01
  0.1863E+00  0.6180E+01  0.1732E+01  0.2322E+01  0.2322E+01
  0.1872E+00  0.3490E+01  0.1725E+01  0.2298E+01  0.2298E+01
  0.1882E+00  0.3600E+01  0.1712E+01  0.2274E+01  0.2274E+01
  0.1891E+00  0.7200E+00  0.1684E+01  0.2250E+01  0.2250E+01
  0.1900E+00 -0.5801E+00  0.1696E+01  0.2227E+01  0.2227E+01
  0.1909E+00 -0.1120E+01  0.1713E+01  0.2204E+01  0.2204E+01
  0.1919E+00  0.1230E+01  0.1707E+01  0.2181E+01  0.2181E+01
  0.1928E+00  0.3760E+01  0.1670E+01  0.2159E+01  0.2159E+01
  0.1937E+00  0.3710E+01  0.1696E+01  0.2137E+01  0.2137E+01
  0.1947E+00  0.1190E+01  0.1694E+01  0.2116E+01  0.2116E+01
  0.1956E+00 -0.9299E+00  0.1701E+01  0.2095E+01  0.2095E+01
  0.1965E+00  0.1000E-09  0.1709E+01  0.2075E+01  0.2075E+01
  0.1974E+00  0.4330E+01  0.1675E+01  0.2054E+01  0.2054E+01
  0.1984E+00  0.1600E+00  0.1714E+01  0.2034E+01  0.2034E+01
  0.1993E+00 -0.2160E+01  0.1696E+01  0.2015E+01  0.2015E+01
  0.2002E+00  0.4500E+01  0.1686E+01  0.1995E+01  0.1995E+01
  0.2012E+00  0.3450E+01  0.1697E+01  0.1976E+01  0.1976E+01
  0.2021E+00 -0.8199E+00  0.1683E+01  0.1958E+01  0.1958E+01
  0.2030E+00 -0.8800E+00  0.1691E+01  0.1940E+01  0.1940E+01
  0.2040E+00  0.3190E+01  0.1675E+01  0.1921E+01  0.1921E+01
  0.2049E+00  0.4830E+01  0.1683E+01  0.1904E+01  0.1904E+01
  0.2058E+00  0.6000E+01  0.1667E+01  0.1886E+01  0.1886E+01
  0.2067E+00  0.1930E+01  0.1646E+01  0.1869E+01  0.1869E+01
  0.2077E+00 -0.1470E+01  0.1673E+01  0.1852E+01  0.1852E+01
  0.2086E+00  0.1200E+01  0.1653E+01  0.1835E+01  0.1835E+01

           Distance distribution  function of particle  


       R          P(R)      ERROR

  0.0000E+00  0.0000E+00  0.0000E+00
  0.2054E+01  0.1262E-01  0.6343E-03
  0.4108E+01  0.2397E-01  0.1015E-02
  0.6162E+01  0.3405E-01  0.1185E-02
  0.8216E+01  0.4285E-01  0.1212E-02
  0.1027E+02  0.5038E-01  0.1185E-02
  0.1232E+02  0.5666E-01  0.1202E-02
  0.1438E+02  0.6172E-01  0.1316E-02
  0.1643E+02  0.6557E-01  0.1505E-02
  0.1849E+02  0.6828E-01  0.1714E-02
  0.2054E+02  0.6990E-01  0.1898E-02
  0.2259E+02  0.7052E-01  0.2036E-02
  0.2465E+02  0.7022E-01  0.2127E-02
  0.2670E+02  0.6911E-01  0.2182E-02
  0.2876E+02  0.6731E-01  0.2217E-02
  0.3081E+02  0.6493E-01  0.2242E-02
  0.3286E+02  0.6208E-01  0.2262E-02
  0.3492E+02  0.5890E-01  0.2276E-02
  0.3697E+02  0.5549E-01  0.2280E-02
  0.3903E+02  0.5195E-01  0.2278E-02
  0.4108E+02  0.4840E-01  0.2279E-02
  0.4313E+02  0.4490E-01  0.2296E-02
  0.4519E+02  0.4154E-01  0.2341E-02
  0.4724E+02  0.3838E-01  0.2419E-02
  0.4930E+02  0.3546E-01  0.2527E-02
  0.5135E+02  0.3283E-01  0.2652E-02
  0.5340E+02  0.3052E-01  0.2780E-02
  0.5546E+02  0.2853E-01  0.2898E-02
  0.5751E+02  0.2686E-01  0.3000E-02
  0.5957E+02  0.2551E-01  0.3083E-02
  0.6162E+02  0.2445E-01  0.3150E-02
  0.6367E+02  0.2365E-01  0.3203E-02
  0.6573E+02  0.2306E-01  0.3248E-02
  0.6778E+02  0.2264E-01  0.3287E-02
  0.6984E+02  0.2232E-01  0.3324E-02
  0.7189E+02  0.2205E-01  0.3359E-02
  0.7394E+02  0.2177E-01  0.3390E-02
  0.7600E+02  0.2144E-01  0.3415E-02
  0.7805E+02  0.2102E-01  0.3434E-02
  0.8011E+02  0.2048E-01  0.3445E-02
  0.8216E+02  0.1982E-01  0.3450E-02
  0.8421E+02  0.1903E-01  0.3455E-02
  0.8627E+02  0.1814E-01  0.3465E-02
  0.8832E+02  0.1717E-01  0.3488E-02
  0.9038E+02  0.1618E-01  0.3527E-02
  0.9243E+02  0.1519E-01  0.3584E-02
  0.9448E+02  0.1426E-01  0.3656E-02
  0.9654E+02  0.1343E-01  0.3736E-02
  0.9859E+02  0.1274E-01  0.3818E-02
  0.1006E+03  0.1221E-01  0.3897E-02
  0.1027E+03  0.1184E-01  0.3970E-02
  0.1048E+03  0.1163E-01  0.4036E-02
  0.1068E+03  0.1156E-01  0.4100E-02
  0.1089E+03  0.1161E-01  0.4163E-02
  0.1109E+03  0.1174E-01  0.4229E-02
  0.1130E+03  0.1192E-01  0.4296E-02
  0.1150E+03  0.1209E-01  0.4366E-02
  0.1171E+03  0.1224E-01  0.4435E-02
  0.1191E+03  0.1233E-01  0.4503E-02
  0.1212E+03  0.1235E-01  0.4569E-02
  0.1232E+03  0.1229E-01  0.4634E-02
  0.1253E+03  0.1215E-01  0.4701E-02
  0.1273E+03  0.1194E-01  0.4772E-02
  0.1294E+03  0.1169E-01  0.4848E-02
  0.1315E+03  0.1142E-01  0.4930E-02
  0.1335E+03  0.1114E-01  0.5017E-02
  0.1356E+03  0.1088E-01  0.5108E-02
  0.1376E+03  0.1065E-01  0.5199E-02
  0.1397E+03  0.1046E-01  0.5290E-02
  0.1417E+03  0.1031E-01  0.5378E-02
  0.1438E+03  0.1020E-01  0.5461E-02
  0.1458E+03  0.1011E-01  0.5538E-02
  0.1479E+03  0.1002E-01  0.5605E-02
  0.1499E+03  0.9911E-02  0.5662E-02
  0.1520E+03  0.9772E-02  0.5704E-02
  0.1541E+03  0.9579E-02  0.5730E-02
  0.1561E+03  0.9321E-02  0.5737E-02
  0.1582E+03  0.8986E-02  0.5722E-02
  0.1602E+03  0.8573E-02  0.5685E-02
  0.1623E+03  0.8082E-02  0.5623E-02
  0.1643E+03  0.7522E-02  0.5538E-02
  0.1664E+03  0.6904E-02  0.5429E-02
  0.1684E+03  0.6242E-02  0.5297E-02
  0.1705E+03  0.5555E-02  0.5142E-02
  0.1725E+03  0.4860E-02  0.4966E-02
  0.1746E+03  0.4175E-02  0.4769E-02
  0.1766E+03  0.3516E-02  0.4552E-02
  0.1787E+03  0.2897E-02  0.4317E-02
  0.1808E+03  0.2329E-02  0.4066E-02
  0.1828E+03  0.1822E-02  0.3800E-02
  0.1849E+03  0.1380E-02  0.3520E-02
  0.1869E+03  0.1006E-02  0.3229E-02
  0.1890E+03  0.6990E-03  0.2926E-02
  0.1910E+03  0.4562E-03  0.2611E-02
  0.1931E+03  0.2719E-03  0.2284E-02
  0.1951E+03  0.1393E-03  0.1944E-02
  0.1972E+03  0.5072E-04  0.1590E-02
  0.1992E+03 -0.1633E-05  0.1220E-02
  0.2013E+03 -0.2450E-04  0.8320E-03
  0.2033E+03 -0.2303E-04  0.4257E-03
  0.2054E+03  0.0000E+00  0.0000E+00
          Reciprocal space: Rg =   49.96     , I(0) =   0.5593E+02
     Real space: Rg =   50.58 +- 8.010  I(0) =   0.5593E+02 +-  0.5876E+01
