
           ####    G N O M   ---   Version 4.5a revised 09/02/02     ####

                                                  Sat Nov  4 16:51:47 2017
           ===    Run No   1   ===
 Run title:  0.000357376 0 0


  Number of points omitted at the end:          54
   *******   Working Directory :
   *******    Input file(s) : 25533_01B_S008_0_01.sub
           Condition P(rmin) = 0 is used. 
           Condition P(rmax) = 0 is used. 

          Experimental conditions for the first run
          -----------------------------------------

          Highest ALPHA is found to be   0.6345E+01

  The measure of inconsistency AN1 equals to    0.1153E+01

          Warning: using the chosen range in the real space 
             it is not possible to fit the data set within the
             given error band. 
     Alpha    Discrp  Oscill  Stabil  Sysdev  Positv  Valcen    Total   
  0.6345E+04 13.5152  1.1402  0.9035  0.5187  1.0000  0.8689  0.00001
  0.1269E+04 10.2196  1.1378  0.6711  0.5187  1.0000  0.8705  0.00001
  0.2538E+03  5.1772  1.1401  0.3010  0.4086  1.0000  0.8752  0.00001
  0.5076E+02  2.3118  1.2181  0.1201  0.4322  1.0000  0.8799  0.39267
  0.1015E+02  0.9662  1.3902  0.0732  0.6719  1.0000  0.8791  0.61710
  0.2030E+01  0.6109  1.4853  0.0240  0.7191  1.0000  0.8792  0.70445
  0.4061E+00  0.5730  1.5263  0.0154  0.7426  1.0000  0.8799  0.67039
  0.8122E-01  0.5645  1.5815  0.0144  0.7269  1.0000  0.8799  0.54086
  0.1624E-01  0.5623  1.6441  0.0121  0.7191  0.9999  0.8798  0.43199
  0.3249E-02  0.5618  1.7279  0.0221  0.7230  0.9998  0.8800  0.10000
  0.6497E-03  0.5614  2.0929  0.0610  0.7230  0.9996  0.8809  0.33522
  0.1299E-03  0.5607  3.6818  0.1368  0.7230  0.9973  0.8750  0.23934
  0.2599E-04  0.5598  8.1245  0.3566  0.7230  0.9766  0.8383  0.10000
  0.5198E-05  0.5582 14.0004  0.4090  0.7466  0.8967  0.4830  0.10000
  0.1040E-05  0.5574 15.7817  0.1984  0.7387  0.8459  0.4165  0.10000
  0.2079E-06  0.5572 16.7625  0.4658  0.7387  0.8331  0.4374  0.10000
  0.4158E-07  0.5568 18.8724  0.8962  0.7387  0.7611  0.3655  0.10000
  0.8317E-08  0.5551 19.4879  0.9006  0.7308  0.7183  0.2766  0.10000
  0.1663E-08  0.5498 19.8380  0.6810  0.7308  0.7101  0.2627  0.10000
  0.3327E-09  0.5433 21.5698  0.4326  0.7308  0.7117  0.2849  0.10000
  0.6653E-10  0.5355 27.6733  0.8102  0.7308  0.7201  0.2899  0.10000
  0.1331E-10  0.5093 30.2118  0.8072  0.7230  0.7147  0.2930  0.10000
  0.2661E-11  0.4416 32.7788  0.6326  0.7387  0.7004  0.3805  0.10000
  0.5323E-12  0.3283 37.0551  0.4959  0.7466  0.6794  0.3731  0.10000
  0.1065E-12  0.1829 42.1848  0.3558  0.7387  0.6656  0.2870  0.10000
  0.2129E-13  0.0664 45.2952  0.1591  0.7623  0.6603  0.2707  0.10000
  0.4258E-14  0.0173 46.8335  0.0529  0.7859  0.6539  0.2642  0.10000
  0.8516E-15  0.0038 47.3658  0.0132  0.7937  0.6501  0.2620  0.10000
  0.1703E-15  0.0008 47.4923  0.0028  0.7937  0.6493  0.2615  0.10000
  0.3406E-16  0.0002 47.5186  0.0006  0.7937  0.6491  0.2614  0.10000
  0.6813E-17  0.0000 47.5239  0.0001  0.7937  0.6490  0.2614  0.10000

          ***  Golden section search to maximize estimate ***
     Alpha    Discrp  Oscill  Stabil  Sysdev  Positv  Valcen    Total   
  0.1098E+01  0.5872  1.5026  0.0168  0.7426  1.0000  0.8795  0.71854
  0.7509E+00  0.5800  1.5116  0.0153  0.7426  1.0000  0.8797  0.70378
  0.1389E+01  0.5939  1.4966  0.0188  0.7426  1.0000  0.8794  0.72088
  0.1605E+01  0.5993  1.4926  0.0204  0.7426  1.0000  0.8793  0.71888
  0.1269E+01  0.5911  1.4990  0.0179  0.7426  1.0000  0.8795  0.72213
  0.1201E+01  0.5895  1.5004  0.0174  0.7426  1.0000  0.8795  0.72152
  0.1314E+01  0.5921  1.4981  0.0182  0.7426  1.0000  0.8794  0.72165
  0.1243E+01  0.5905  1.4995  0.0177  0.7426  1.0000  0.8795  0.72243
  0.1227E+01  0.5901  1.4998  0.0176  0.7426  1.0000  0.8795  0.72220
  0.1253E+01  0.5907  1.4993  0.0178  0.7426  1.0000  0.8795  0.72231
  0.1237E+01  0.5903  1.4996  0.0177  0.7426  1.0000  0.8795  0.72246
  0.1233E+01  0.5902  1.4997  0.0177  0.7426  1.0000  0.8795  0.72236
  0.1239E+01  0.5904  1.4996  0.0177  0.7426  1.0000  0.8795  0.72247
  0.1241E+01  0.5904  1.4996  0.0177  0.7426  1.0000  0.8795  0.72246
  0.1238E+01  0.5904  1.4996  0.0177  0.7426  1.0000  0.8795  0.72248
  0.1238E+01  0.5903  1.4996  0.0177  0.7426  1.0000  0.8795  0.72249
  0.1237E+01  0.5903  1.4996  0.0177  0.7426  1.0000  0.8795  0.72248
  0.1238E+01  0.5904  1.4996  0.0177  0.7426  1.0000  0.8795  0.72249
  0.1238E+01  0.5904  1.4996  0.0177  0.7426  1.0000  0.8795  0.72249



             ####            Final results            ####

 Parameter    DISCRP    OSCILL    STABIL    SYSDEV    POSITV    VALCEN
 Weight        1.000     3.000     3.000     4.000     1.000     1.000
 Sigma         0.500     0.600     0.120     0.200     0.120     0.120
 Ideal         1.000     1.100     0.000     1.000     1.000     0.950
 Current       0.590     1.500     0.018     0.743     1.000     0.879
                - - - - - - - - - - - - - - - - - - - - - - - - - 
 Estimate      0.511     0.642     0.978     0.191     1.000     0.708

  Angular   range    :     from    0.0087   to    0.4820
  Real space range   :     from      0.00   to     87.08

  Highest ALPHA (theor) :   0.635E+04                 JOB = 0
  Current ALPHA         :   0.124E+01   Rg :  0.238E+02   I(0) :   0.152E+02

           Total  estimate : 0.722  which is  A REASONABLE  solution

      S          J EXP       ERROR       J REG       I REG

  0.0000E+00                                      0.1522E+02
  0.9696E-03                                      0.1521E+02
  0.1939E-02                                      0.1520E+02
  0.2909E-02                                      0.1519E+02
  0.3878E-02                                      0.1517E+02
  0.4848E-02                                      0.1515E+02
  0.5818E-02                                      0.1512E+02
  0.6787E-02                                      0.1508E+02
  0.7757E-02                                      0.1504E+02
  0.8726E-02  0.1097E+02  0.6186E+01  0.1500E+02  0.1500E+02
  0.9656E-02  0.1118E+02  0.4401E+01  0.1495E+02  0.1495E+02
  0.1059E-01  0.1209E+02  0.3120E+01  0.1490E+02  0.1490E+02
  0.1152E-01  0.1385E+02  0.2263E+01  0.1484E+02  0.1484E+02
  0.1245E-01  0.1292E+02  0.1763E+01  0.1478E+02  0.1478E+02
  0.1338E-01  0.1250E+02  0.1374E+01  0.1471E+02  0.1471E+02
  0.1431E-01  0.1405E+02  0.1018E+01  0.1464E+02  0.1464E+02
  0.1524E-01  0.1403E+02  0.8882E+00  0.1457E+02  0.1457E+02
  0.1617E-01  0.1458E+02  0.7439E+00  0.1449E+02  0.1449E+02
  0.1710E-01  0.1367E+02  0.6523E+00  0.1440E+02  0.1440E+02
  0.1803E-01  0.1479E+02  0.6102E+00  0.1431E+02  0.1431E+02
  0.1896E-01  0.1458E+02  0.5665E+00  0.1422E+02  0.1422E+02
  0.1989E-01  0.1500E+02  0.5486E+00  0.1413E+02  0.1413E+02
  0.2081E-01  0.1513E+02  0.5051E+00  0.1403E+02  0.1403E+02
  0.2174E-01  0.1433E+02  0.4659E+00  0.1392E+02  0.1392E+02
  0.2267E-01  0.1413E+02  0.4378E+00  0.1381E+02  0.1381E+02
  0.2360E-01  0.1380E+02  0.4140E+00  0.1370E+02  0.1370E+02
  0.2453E-01  0.1266E+02  0.4092E+00  0.1359E+02  0.1359E+02
  0.2546E-01  0.1310E+02  0.3991E+00  0.1347E+02  0.1347E+02
  0.2639E-01  0.1409E+02  0.3742E+00  0.1335E+02  0.1335E+02
  0.2732E-01  0.1349E+02  0.3485E+00  0.1323E+02  0.1323E+02
  0.2825E-01  0.1298E+02  0.3314E+00  0.1310E+02  0.1310E+02
  0.2918E-01  0.1298E+02  0.3272E+00  0.1297E+02  0.1297E+02
  0.3011E-01  0.1236E+02  0.3151E+00  0.1284E+02  0.1284E+02
  0.3104E-01  0.1228E+02  0.3114E+00  0.1270E+02  0.1270E+02
  0.3197E-01  0.1236E+02  0.3142E+00  0.1256E+02  0.1256E+02
  0.3290E-01  0.1233E+02  0.2999E+00  0.1242E+02  0.1242E+02
  0.3383E-01  0.1227E+02  0.3031E+00  0.1228E+02  0.1228E+02
  0.3476E-01  0.1188E+02  0.2889E+00  0.1214E+02  0.1214E+02
  0.3569E-01  0.1205E+02  0.2920E+00  0.1199E+02  0.1199E+02
  0.3662E-01  0.1226E+02  0.2851E+00  0.1184E+02  0.1184E+02
  0.3755E-01  0.1194E+02  0.2787E+00  0.1169E+02  0.1169E+02
  0.3848E-01  0.1174E+02  0.2761E+00  0.1154E+02  0.1154E+02
  0.3941E-01  0.1129E+02  0.2664E+00  0.1138E+02  0.1138E+02
  0.4034E-01  0.1058E+02  0.2621E+00  0.1123E+02  0.1123E+02
  0.4127E-01  0.1091E+02  0.2591E+00  0.1107E+02  0.1107E+02
  0.4220E-01  0.1067E+02  0.2566E+00  0.1092E+02  0.1092E+02
  0.4313E-01  0.1056E+02  0.2533E+00  0.1076E+02  0.1076E+02
  0.4406E-01  0.1038E+02  0.2440E+00  0.1060E+02  0.1060E+02
  0.4499E-01  0.1037E+02  0.2498E+00  0.1044E+02  0.1044E+02
  0.4592E-01  0.1033E+02  0.2408E+00  0.1028E+02  0.1028E+02
  0.4685E-01  0.1040E+02  0.2372E+00  0.1011E+02  0.1011E+02
  0.4778E-01  0.1041E+02  0.2394E+00  0.9952E+01  0.9952E+01
  0.4871E-01  0.9899E+01  0.2294E+00  0.9790E+01  0.9790E+01
  0.4964E-01  0.9736E+01  0.2311E+00  0.9628E+01  0.9628E+01
  0.5057E-01  0.9510E+01  0.2263E+00  0.9465E+01  0.9465E+01
  0.5150E-01  0.9804E+01  0.2230E+00  0.9303E+01  0.9303E+01
  0.5243E-01  0.8834E+01  0.2289E+00  0.9140E+01  0.9140E+01
  0.5336E-01  0.8504E+01  0.2255E+00  0.8978E+01  0.8978E+01
  0.5429E-01  0.8864E+01  0.2218E+00  0.8816E+01  0.8816E+01
  0.5522E-01  0.8440E+01  0.2204E+00  0.8655E+01  0.8655E+01
  0.5615E-01  0.8396E+01  0.2195E+00  0.8494E+01  0.8494E+01
  0.5708E-01  0.8519E+01  0.2190E+00  0.8334E+01  0.8334E+01
  0.5801E-01  0.8278E+01  0.2120E+00  0.8175E+01  0.8175E+01
  0.5894E-01  0.8291E+01  0.2088E+00  0.8016E+01  0.8016E+01
  0.5987E-01  0.8100E+01  0.2089E+00  0.7858E+01  0.7858E+01
  0.6080E-01  0.8153E+01  0.2015E+00  0.7702E+01  0.7702E+01
  0.6173E-01  0.7863E+01  0.2198E+00  0.7546E+01  0.7546E+01
  0.6266E-01  0.7805E+01  0.2088E+00  0.7392E+01  0.7392E+01
  0.6359E-01  0.7479E+01  0.2067E+00  0.7238E+01  0.7238E+01
  0.6452E-01  0.7326E+01  0.2032E+00  0.7086E+01  0.7086E+01
  0.6545E-01  0.7437E+01  0.1993E+00  0.6936E+01  0.6936E+01
  0.6638E-01  0.6916E+01  0.1933E+00  0.6787E+01  0.6787E+01
  0.6731E-01  0.6554E+01  0.1911E+00  0.6639E+01  0.6639E+01
  0.6824E-01  0.6556E+01  0.1931E+00  0.6493E+01  0.6493E+01
  0.6917E-01  0.6432E+01  0.1932E+00  0.6348E+01  0.6348E+01
  0.7010E-01  0.5969E+01  0.1925E+00  0.6206E+01  0.6206E+01
  0.7103E-01  0.5982E+01  0.1877E+00  0.6065E+01  0.6065E+01
  0.7196E-01  0.5848E+01  0.1888E+00  0.5925E+01  0.5925E+01
  0.7289E-01  0.5828E+01  0.1846E+00  0.5788E+01  0.5788E+01
  0.7382E-01  0.5746E+01  0.1863E+00  0.5652E+01  0.5652E+01
  0.7475E-01  0.5816E+01  0.1900E+00  0.5518E+01  0.5518E+01
  0.7568E-01  0.5578E+01  0.1807E+00  0.5387E+01  0.5387E+01
  0.7661E-01  0.4712E+01  0.1813E+00  0.5257E+01  0.5257E+01
  0.7754E-01  0.4822E+01  0.1800E+00  0.5129E+01  0.5129E+01
  0.7847E-01  0.5032E+01  0.1762E+00  0.5003E+01  0.5003E+01
  0.7940E-01  0.5495E+01  0.1775E+00  0.4879E+01  0.4879E+01
  0.8033E-01  0.5342E+01  0.1761E+00  0.4757E+01  0.4757E+01
  0.8126E-01  0.4844E+01  0.1737E+00  0.4638E+01  0.4638E+01
  0.8219E-01  0.4201E+01  0.1744E+00  0.4520E+01  0.4520E+01
  0.8312E-01  0.3639E+01  0.1716E+00  0.4404E+01  0.4404E+01
  0.8405E-01  0.3825E+01  0.1723E+00  0.4291E+01  0.4291E+01
  0.8498E-01  0.4388E+01  0.1717E+00  0.4180E+01  0.4180E+01
  0.8591E-01  0.4027E+01  0.1708E+00  0.4070E+01  0.4070E+01
  0.8684E-01  0.3788E+01  0.1654E+00  0.3963E+01  0.3963E+01
  0.8777E-01  0.3876E+01  0.1677E+00  0.3858E+01  0.3858E+01
  0.8870E-01  0.3823E+01  0.1673E+00  0.3755E+01  0.3755E+01
  0.8963E-01  0.3777E+01  0.1646E+00  0.3655E+01  0.3655E+01
  0.9056E-01  0.3969E+01  0.1613E+00  0.3556E+01  0.3556E+01
  0.9149E-01  0.3595E+01  0.1616E+00  0.3460E+01  0.3460E+01
  0.9242E-01  0.3117E+01  0.1625E+00  0.3365E+01  0.3365E+01
  0.9335E-01  0.3205E+01  0.1636E+00  0.3273E+01  0.3273E+01
  0.9428E-01  0.3239E+01  0.1663E+00  0.3182E+01  0.3182E+01
  0.9521E-01  0.3053E+01  0.1573E+00  0.3094E+01  0.3094E+01
  0.9614E-01  0.3220E+01  0.1595E+00  0.3008E+01  0.3008E+01
  0.9707E-01  0.3060E+01  0.1588E+00  0.2924E+01  0.2924E+01
  0.9800E-01  0.3102E+01  0.1575E+00  0.2841E+01  0.2841E+01
  0.9893E-01  0.2530E+01  0.1564E+00  0.2761E+01  0.2761E+01
  0.9986E-01  0.2648E+01  0.1579E+00  0.2683E+01  0.2683E+01
  0.1008E+00  0.2539E+01  0.1533E+00  0.2606E+01  0.2606E+01
  0.1017E+00  0.2324E+01  0.1522E+00  0.2532E+01  0.2532E+01
  0.1026E+00  0.2560E+01  0.1489E+00  0.2459E+01  0.2459E+01
  0.1036E+00  0.2278E+01  0.1496E+00  0.2388E+01  0.2388E+01
  0.1045E+00  0.2399E+01  0.1494E+00  0.2319E+01  0.2319E+01
  0.1054E+00  0.2080E+01  0.1491E+00  0.2252E+01  0.2252E+01
  0.1064E+00  0.2200E+01  0.1478E+00  0.2187E+01  0.2187E+01
  0.1073E+00  0.2508E+01  0.1533E+00  0.2123E+01  0.2123E+01
  0.1082E+00  0.2074E+01  0.1465E+00  0.2061E+01  0.2061E+01
  0.1092E+00  0.1910E+01  0.1477E+00  0.2001E+01  0.2001E+01
  0.1101E+00  0.1916E+01  0.1443E+00  0.1942E+01  0.1942E+01
  0.1110E+00  0.1973E+01  0.1459E+00  0.1885E+01  0.1885E+01
  0.1119E+00  0.2103E+01  0.1459E+00  0.1830E+01  0.1830E+01
  0.1129E+00  0.2097E+01  0.1446E+00  0.1776E+01  0.1776E+01
  0.1138E+00  0.1844E+01  0.1419E+00  0.1723E+01  0.1723E+01
  0.1147E+00  0.1666E+01  0.1404E+00  0.1672E+01  0.1672E+01
  0.1157E+00  0.1495E+01  0.1417E+00  0.1623E+01  0.1623E+01
  0.1166E+00  0.1464E+01  0.1380E+00  0.1575E+01  0.1575E+01
  0.1175E+00  0.1537E+01  0.1394E+00  0.1528E+01  0.1528E+01
  0.1185E+00  0.1501E+01  0.1391E+00  0.1483E+01  0.1483E+01
  0.1194E+00  0.1518E+01  0.1396E+00  0.1439E+01  0.1439E+01
  0.1203E+00  0.1545E+01  0.1378E+00  0.1396E+01  0.1396E+01
  0.1212E+00  0.1525E+01  0.1382E+00  0.1354E+01  0.1354E+01
  0.1222E+00  0.1350E+01  0.1369E+00  0.1314E+01  0.1314E+01
  0.1231E+00  0.1626E+01  0.1369E+00  0.1275E+01  0.1275E+01
  0.1240E+00  0.1149E+01  0.1354E+00  0.1237E+01  0.1237E+01
  0.1250E+00  0.1012E+01  0.1349E+00  0.1201E+01  0.1201E+01
  0.1259E+00  0.1079E+01  0.1324E+00  0.1165E+01  0.1165E+01
  0.1268E+00  0.9978E+00  0.1334E+00  0.1131E+01  0.1131E+01
  0.1278E+00  0.1242E+01  0.1333E+00  0.1097E+01  0.1097E+01
  0.1287E+00  0.1148E+01  0.1354E+00  0.1065E+01  0.1065E+01
  0.1296E+00  0.7910E+00  0.1328E+00  0.1033E+01  0.1033E+01
  0.1305E+00  0.8637E+00  0.1323E+00  0.1003E+01  0.1003E+01
  0.1315E+00  0.8876E+00  0.1318E+00  0.9731E+00  0.9731E+00
  0.1324E+00  0.7219E+00  0.1323E+00  0.9445E+00  0.9445E+00
  0.1333E+00  0.9700E+00  0.1334E+00  0.9167E+00  0.9167E+00
  0.1343E+00  0.1078E+01  0.1327E+00  0.8898E+00  0.8898E+00
  0.1352E+00  0.8399E+00  0.1326E+00  0.8638E+00  0.8638E+00
  0.1361E+00  0.9557E+00  0.1315E+00  0.8385E+00  0.8385E+00
  0.1371E+00  0.7119E+00  0.1314E+00  0.8141E+00  0.8141E+00
  0.1380E+00  0.5815E+00  0.1299E+00  0.7904E+00  0.7904E+00
  0.1389E+00  0.7052E+00  0.1304E+00  0.7674E+00  0.7674E+00
  0.1398E+00  0.6688E+00  0.1289E+00  0.7452E+00  0.7452E+00
  0.1408E+00  0.5609E+00  0.1305E+00  0.7237E+00  0.7237E+00
  0.1417E+00  0.5624E+00  0.1285E+00  0.7028E+00  0.7028E+00
  0.1426E+00  0.9521E+00  0.1272E+00  0.6826E+00  0.6826E+00
  0.1436E+00  0.8587E+00  0.1270E+00  0.6630E+00  0.6630E+00
  0.1445E+00  0.4169E+00  0.1459E+00  0.6440E+00  0.6440E+00
  0.1454E+00  0.4448E+00  0.1297E+00  0.6256E+00  0.6256E+00
  0.1464E+00  0.6171E+00  0.1248E+00  0.6078E+00  0.6078E+00
  0.1473E+00  0.3789E+00  0.1265E+00  0.5906E+00  0.5906E+00
  0.1482E+00  0.4219E+00  0.1255E+00  0.5739E+00  0.5739E+00
  0.1491E+00  0.3238E+00  0.1259E+00  0.5577E+00  0.5577E+00
  0.1501E+00  0.5299E+00  0.1264E+00  0.5420E+00  0.5420E+00
  0.1510E+00  0.3572E+00  0.1268E+00  0.5269E+00  0.5269E+00
  0.1519E+00  0.4544E+00  0.1282E+00  0.5121E+00  0.5121E+00
  0.1529E+00  0.3087E+00  0.1265E+00  0.4979E+00  0.4979E+00
  0.1538E+00  0.6402E+00  0.1262E+00  0.4840E+00  0.4840E+00
  0.1547E+00  0.5163E+00  0.1268E+00  0.4707E+00  0.4707E+00
  0.1556E+00  0.4161E+00  0.1243E+00  0.4577E+00  0.4577E+00
  0.1566E+00  0.4337E+00  0.1271E+00  0.4451E+00  0.4451E+00
  0.1575E+00  0.4209E+00  0.1252E+00  0.4329E+00  0.4329E+00
  0.1584E+00  0.5670E+00  0.1221E+00  0.4211E+00  0.4211E+00
  0.1594E+00  0.4558E+00  0.1228E+00  0.4097E+00  0.4097E+00
  0.1603E+00  0.5509E+00  0.1225E+00  0.3985E+00  0.3985E+00
  0.1612E+00  0.5953E+00  0.1211E+00  0.3878E+00  0.3878E+00
  0.1622E+00  0.3514E+00  0.1206E+00  0.3773E+00  0.3773E+00
  0.1631E+00  0.1701E+00  0.1194E+00  0.3672E+00  0.3672E+00
  0.1640E+00  0.1530E+00  0.1195E+00  0.3574E+00  0.3574E+00
  0.1649E+00  0.2058E+00  0.1192E+00  0.3479E+00  0.3479E+00
  0.1659E+00  0.6362E+00  0.1201E+00  0.3386E+00  0.3386E+00
  0.1668E+00  0.2604E+00  0.1195E+00  0.3297E+00  0.3297E+00
  0.1677E+00  0.2772E+00  0.1198E+00  0.3210E+00  0.3210E+00
  0.1687E+00  0.4370E-01  0.1215E+00  0.3125E+00  0.3125E+00
  0.1696E+00  0.2545E+00  0.1213E+00  0.3043E+00  0.3043E+00
  0.1705E+00  0.2576E+00  0.1240E+00  0.2964E+00  0.2964E+00
  0.1715E+00  0.2847E+00  0.1210E+00  0.2887E+00  0.2887E+00
  0.1724E+00  0.4202E+00  0.1201E+00  0.2812E+00  0.2812E+00
  0.1733E+00  0.1735E+00  0.1218E+00  0.2739E+00  0.2739E+00
  0.1742E+00  0.1577E+00  0.1189E+00  0.2668E+00  0.2668E+00
  0.1752E+00  0.3525E+00  0.1180E+00  0.2600E+00  0.2600E+00
  0.1761E+00  0.4031E+00  0.1201E+00  0.2533E+00  0.2533E+00
  0.1770E+00  0.3195E+00  0.1155E+00  0.2469E+00  0.2469E+00
  0.1780E+00  0.3646E+00  0.1161E+00  0.2406E+00  0.2406E+00
  0.1789E+00  0.3664E+00  0.1157E+00  0.2345E+00  0.2345E+00
  0.1798E+00  0.2001E+00  0.1146E+00  0.2286E+00  0.2286E+00
  0.1808E+00  0.1151E+00  0.1164E+00  0.2228E+00  0.2228E+00
  0.1817E+00  0.1995E+00  0.1189E+00  0.2172E+00  0.2172E+00
  0.1826E+00  0.3753E+00  0.1167E+00  0.2118E+00  0.2118E+00
  0.1835E+00  0.1589E+00  0.1154E+00  0.2065E+00  0.2065E+00
  0.1845E+00  0.1360E+00  0.1143E+00  0.2014E+00  0.2014E+00
  0.1854E+00  0.4930E-01  0.1136E+00  0.1964E+00  0.1964E+00
  0.1863E+00  0.5869E-01  0.1141E+00  0.1916E+00  0.1916E+00
  0.1873E+00  0.4098E+00  0.1152E+00  0.1869E+00  0.1869E+00
  0.1882E+00  0.6343E+00  0.1136E+00  0.1823E+00  0.1823E+00
  0.1891E+00  0.5066E+00  0.1116E+00  0.1779E+00  0.1779E+00
  0.1901E+00  0.1521E+00  0.1120E+00  0.1735E+00  0.1735E+00
  0.1910E+00 -0.1338E+00  0.1098E+00  0.1694E+00  0.1694E+00
  0.1919E+00 -0.6970E-01  0.1117E+00  0.1653E+00  0.1653E+00
  0.1928E+00 -0.1940E-01  0.1111E+00  0.1613E+00  0.1613E+00
  0.1938E+00  0.5399E-01  0.1112E+00  0.1575E+00  0.1575E+00
  0.1947E+00  0.6239E-01  0.1108E+00  0.1538E+00  0.1538E+00
  0.1956E+00  0.6910E-01  0.1110E+00  0.1502E+00  0.1502E+00
  0.1966E+00  0.9710E-01  0.1116E+00  0.1466E+00  0.1466E+00
  0.1975E+00  0.6740E-01  0.1116E+00  0.1432E+00  0.1432E+00
  0.1984E+00  0.2428E+00  0.1124E+00  0.1399E+00  0.1399E+00
  0.1994E+00  0.2070E+00  0.1118E+00  0.1367E+00  0.1367E+00
  0.2003E+00  0.1415E+00  0.1107E+00  0.1336E+00  0.1336E+00
  0.2012E+00  0.1530E-01  0.1109E+00  0.1306E+00  0.1306E+00
  0.2021E+00  0.1751E+00  0.1111E+00  0.1277E+00  0.1277E+00
  0.2031E+00  0.1438E+00  0.1094E+00  0.1249E+00  0.1249E+00
  0.2040E+00  0.1269E+00  0.1113E+00  0.1221E+00  0.1221E+00
  0.2049E+00  0.2699E-01  0.1084E+00  0.1195E+00  0.1195E+00
  0.2059E+00 -0.7840E-01  0.1086E+00  0.1169E+00  0.1169E+00
  0.2068E+00 -0.8880E-01  0.1077E+00  0.1144E+00  0.1144E+00
  0.2077E+00 -0.1247E+00  0.1078E+00  0.1120E+00  0.1120E+00
  0.2087E+00  0.5029E-01  0.1082E+00  0.1097E+00  0.1097E+00
  0.2096E+00 -0.9630E-01  0.1072E+00  0.1075E+00  0.1075E+00
  0.2105E+00 -0.1642E+00  0.1081E+00  0.1053E+00  0.1053E+00
  0.2114E+00  0.2834E+00  0.1068E+00  0.1032E+00  0.1032E+00
  0.2124E+00  0.3254E+00  0.1054E+00  0.1013E+00  0.1013E+00
  0.2133E+00  0.1812E+00  0.1055E+00  0.9933E-01  0.9933E-01
  0.2142E+00 -0.1530E-01  0.1047E+00  0.9747E-01  0.9747E-01
  0.2152E+00 -0.2020E-01  0.1049E+00  0.9569E-01  0.9569E-01
  0.2161E+00  0.1703E+00  0.1035E+00  0.9397E-01  0.9397E-01
  0.2170E+00  0.3536E+00  0.1032E+00  0.9233E-01  0.9233E-01
  0.2180E+00  0.3594E+00  0.1035E+00  0.9075E-01  0.9075E-01
  0.2189E+00 -0.1390E-01  0.1013E+00  0.8924E-01  0.8924E-01
  0.2198E+00 -0.8260E-01  0.1031E+00  0.8780E-01  0.8780E-01
  0.2207E+00 -0.9400E-01  0.1023E+00  0.8641E-01  0.8641E-01
  0.2217E+00  0.9180E-01  0.1017E+00  0.8509E-01  0.8509E-01
  0.2226E+00  0.2341E+00  0.1020E+00  0.8383E-01  0.8383E-01
  0.2235E+00 -0.1072E+00  0.1012E+00  0.8263E-01  0.8263E-01
  0.2245E+00  0.1450E+00  0.1004E+00  0.8149E-01  0.8149E-01
  0.2254E+00  0.1623E+00  0.1001E+00  0.8040E-01  0.8040E-01
  0.2263E+00 -0.8301E-02  0.1026E+00  0.7937E-01  0.7937E-01
  0.2273E+00 -0.9360E-01  0.1037E+00  0.7840E-01  0.7840E-01
  0.2282E+00 -0.9598E-02  0.1028E+00  0.7747E-01  0.7747E-01
  0.2291E+00  0.1330E+00  0.1051E+00  0.7660E-01  0.7660E-01
  0.2300E+00 -0.6740E-01  0.1053E+00  0.7577E-01  0.7577E-01
  0.2310E+00  0.1958E+00  0.1053E+00  0.7501E-01  0.7501E-01
  0.2319E+00  0.3327E+00  0.1054E+00  0.7427E-01  0.7427E-01
  0.2328E+00  0.2258E+00  0.1049E+00  0.7358E-01  0.7358E-01
  0.2338E+00  0.1165E+00  0.1052E+00  0.7293E-01  0.7293E-01
  0.2347E+00  0.2348E+00  0.1051E+00  0.7233E-01  0.7233E-01
  0.2356E+00 -0.4250E-01  0.1057E+00  0.7176E-01  0.7176E-01
  0.2365E+00 -0.5870E-01  0.1054E+00  0.7124E-01  0.7124E-01
  0.2375E+00 -0.1159E+00  0.1037E+00  0.7075E-01  0.7075E-01
  0.2384E+00  0.1115E+00  0.1053E+00  0.7029E-01  0.7029E-01
  0.2393E+00 -0.7210E-01  0.1053E+00  0.6987E-01  0.6987E-01
  0.2403E+00 -0.8490E-01  0.1055E+00  0.6947E-01  0.6947E-01
  0.2412E+00  0.7550E-01  0.1061E+00  0.6911E-01  0.6911E-01
  0.2421E+00 -0.5690E-01  0.1056E+00  0.6877E-01  0.6877E-01
  0.2431E+00 -0.4140E-01  0.1049E+00  0.6846E-01  0.6846E-01
  0.2440E+00  0.1853E+00  0.1047E+00  0.6818E-01  0.6818E-01
  0.2449E+00  0.5270E-01  0.1054E+00  0.6791E-01  0.6791E-01
  0.2458E+00  0.2580E-01  0.1049E+00  0.6767E-01  0.6767E-01
  0.2468E+00  0.1270E+00  0.1050E+00  0.6745E-01  0.6745E-01
  0.2477E+00  0.1877E+00  0.1053E+00  0.6724E-01  0.6724E-01
  0.2486E+00 -0.1780E-01  0.1037E+00  0.6705E-01  0.6705E-01
  0.2496E+00  0.3070E-01  0.1037E+00  0.6687E-01  0.6687E-01
  0.2505E+00  0.2502E+00  0.1047E+00  0.6670E-01  0.6670E-01
  0.2514E+00  0.2144E+00  0.1038E+00  0.6655E-01  0.6655E-01
  0.2524E+00  0.1465E+00  0.1048E+00  0.6640E-01  0.6640E-01
  0.2533E+00  0.1738E+00  0.1047E+00  0.6626E-01  0.6626E-01
  0.2542E+00  0.1758E+00  0.1043E+00  0.6612E-01  0.6612E-01
  0.2551E+00 -0.1677E+00  0.1057E+00  0.6599E-01  0.6599E-01
  0.2561E+00  0.1920E-01  0.1045E+00  0.6587E-01  0.6587E-01
  0.2570E+00 -0.1267E+00  0.1043E+00  0.6574E-01  0.6574E-01
  0.2579E+00  0.1385E+00  0.1062E+00  0.6561E-01  0.6561E-01
  0.2589E+00 -0.1137E+00  0.1041E+00  0.6549E-01  0.6549E-01
  0.2598E+00 -0.9770E-01  0.1043E+00  0.6536E-01  0.6536E-01
  0.2607E+00 -0.1000E+00  0.1024E+00  0.6523E-01  0.6523E-01
  0.2617E+00 -0.1002E+00  0.1033E+00  0.6508E-01  0.6508E-01
  0.2626E+00  0.7420E-01  0.1026E+00  0.6494E-01  0.6494E-01
  0.2635E+00  0.2391E+00  0.1020E+00  0.6478E-01  0.6478E-01
  0.2644E+00  0.2296E+00  0.1011E+00  0.6462E-01  0.6462E-01
  0.2654E+00 -0.7060E-01  0.1040E+00  0.6445E-01  0.6445E-01
  0.2663E+00  0.1231E-01  0.1051E+00  0.6427E-01  0.6427E-01
  0.2672E+00  0.2279E+00  0.1037E+00  0.6408E-01  0.6408E-01
  0.2682E+00  0.1335E+00  0.1025E+00  0.6387E-01  0.6387E-01
  0.2691E+00 -0.7900E-01  0.1040E+00  0.6365E-01  0.6365E-01
  0.2700E+00  0.2748E+00  0.1050E+00  0.6342E-01  0.6342E-01
  0.2710E+00  0.3713E+00  0.1035E+00  0.6317E-01  0.6317E-01
  0.2719E+00  0.3732E+00  0.1035E+00  0.6292E-01  0.6292E-01
  0.2728E+00  0.1026E+00  0.1030E+00  0.6265E-01  0.6265E-01
  0.2737E+00 -0.2410E-01  0.1037E+00  0.6236E-01  0.6236E-01
  0.2747E+00  0.7090E-01  0.1044E+00  0.6206E-01  0.6206E-01
  0.2756E+00 -0.7590E-01  0.1032E+00  0.6174E-01  0.6174E-01
  0.2765E+00  0.7290E-01  0.1044E+00  0.6140E-01  0.6140E-01
  0.2775E+00 -0.1080E-01  0.1035E+00  0.6105E-01  0.6105E-01
  0.2784E+00 -0.2990E-01  0.1046E+00  0.6069E-01  0.6069E-01
  0.2793E+00  0.6850E-01  0.1045E+00  0.6030E-01  0.6030E-01
  0.2803E+00  0.1246E+00  0.1033E+00  0.5990E-01  0.5990E-01
  0.2812E+00  0.3197E-02  0.1048E+00  0.5949E-01  0.5949E-01
  0.2821E+00 -0.1133E+00  0.1023E+00  0.5906E-01  0.5906E-01
  0.2830E+00 -0.1720E+00  0.1048E+00  0.5861E-01  0.5861E-01
  0.2840E+00 -0.7520E-01  0.1057E+00  0.5815E-01  0.5815E-01
  0.2849E+00  0.1560E+00  0.1074E+00  0.5767E-01  0.5767E-01
  0.2858E+00  0.1952E+00  0.1092E+00  0.5718E-01  0.5718E-01
  0.2868E+00  0.3950E+00  0.1089E+00  0.5667E-01  0.5667E-01
  0.2877E+00  0.2923E+00  0.1107E+00  0.5615E-01  0.5615E-01
  0.2886E+00  0.2615E+00  0.1105E+00  0.5563E-01  0.5563E-01
  0.2896E+00  0.9029E-01  0.1118E+00  0.5507E-01  0.5507E-01
  0.2905E+00 -0.2310E-01  0.1113E+00  0.5451E-01  0.5451E-01
  0.2914E+00 -0.1121E+00  0.1125E+00  0.5394E-01  0.5394E-01
  0.2923E+00  0.6640E-01  0.1115E+00  0.5336E-01  0.5336E-01
  0.2933E+00  0.1715E+00  0.1142E+00  0.5277E-01  0.5277E-01
  0.2942E+00  0.2119E+00  0.1158E+00  0.5217E-01  0.5217E-01
  0.2951E+00  0.1192E+00  0.1160E+00  0.5156E-01  0.5156E-01
  0.2961E+00 -0.1321E+00  0.1155E+00  0.5094E-01  0.5094E-01
  0.2970E+00  0.1476E+00  0.1175E+00  0.5031E-01  0.5031E-01
  0.2979E+00  0.1057E+00  0.1195E+00  0.4968E-01  0.4968E-01
  0.2989E+00  0.1215E+00  0.1214E+00  0.4904E-01  0.4904E-01
  0.2998E+00 -0.1242E+00  0.1183E+00  0.4840E-01  0.4840E-01
  0.3007E+00 -0.7960E-01  0.1194E+00  0.4775E-01  0.4775E-01
  0.3016E+00  0.2236E+00  0.1208E+00  0.4710E-01  0.4710E-01
  0.3026E+00 -0.8010E-01  0.1206E+00  0.4644E-01  0.4644E-01
  0.3035E+00  0.7080E-01  0.1218E+00  0.4578E-01  0.4578E-01
  0.3044E+00  0.4304E+00  0.1212E+00  0.4513E-01  0.4513E-01
  0.3054E+00  0.1555E+00  0.1251E+00  0.4446E-01  0.4446E-01
  0.3063E+00  0.1660E+00  0.1220E+00  0.4381E-01  0.4381E-01
  0.3072E+00  0.4559E+00  0.1222E+00  0.4314E-01  0.4314E-01
  0.3082E+00  0.2010E-01  0.1221E+00  0.4249E-01  0.4249E-01
  0.3091E+00  0.3920E-01  0.1242E+00  0.4183E-01  0.4183E-01
  0.3100E+00 -0.1350E-01  0.1257E+00  0.4117E-01  0.4117E-01
  0.3109E+00  0.2446E+00  0.1269E+00  0.4052E-01  0.4052E-01
  0.3119E+00  0.6540E-01  0.1270E+00  0.3988E-01  0.3988E-01
  0.3128E+00 -0.8820E-01  0.1291E+00  0.3923E-01  0.3923E-01
  0.3137E+00 -0.6210E-01  0.1284E+00  0.3860E-01  0.3860E-01
  0.3147E+00 -0.1902E+00  0.1318E+00  0.3796E-01  0.3796E-01
  0.3156E+00 -0.7470E-01  0.1290E+00  0.3734E-01  0.3734E-01
  0.3165E+00  0.1088E+00  0.1309E+00  0.3672E-01  0.3672E-01
  0.3174E+00 -0.4910E-01  0.1304E+00  0.3611E-01  0.3611E-01
  0.3184E+00 -0.8200E-01  0.1313E+00  0.3550E-01  0.3550E-01
  0.3193E+00 -0.1120E+00  0.1307E+00  0.3490E-01  0.3490E-01
  0.3202E+00  0.1214E+00  0.1303E+00  0.3431E-01  0.3431E-01
  0.3212E+00  0.6490E-01  0.1315E+00  0.3373E-01  0.3373E-01
  0.3221E+00 -0.2660E-01  0.1326E+00  0.3316E-01  0.3316E-01
  0.3230E+00 -0.1570E+00  0.1355E+00  0.3260E-01  0.3260E-01
  0.3240E+00  0.2710E-01  0.1322E+00  0.3205E-01  0.3205E-01
  0.3249E+00  0.2706E+00  0.1326E+00  0.3150E-01  0.3150E-01
  0.3258E+00  0.9540E-01  0.1337E+00  0.3097E-01  0.3097E-01
  0.3267E+00 -0.1607E+00  0.1344E+00  0.3044E-01  0.3044E-01
  0.3277E+00  0.8000E-01  0.1359E+00  0.2993E-01  0.2993E-01
  0.3286E+00 -0.5230E-01  0.1373E+00  0.2944E-01  0.2944E-01
  0.3295E+00 -0.2303E+00  0.1392E+00  0.2894E-01  0.2894E-01
  0.3305E+00 -0.7970E-01  0.1395E+00  0.2846E-01  0.2846E-01
  0.3314E+00  0.2765E+00  0.1432E+00  0.2799E-01  0.2799E-01
  0.3323E+00  0.5000E-01  0.1400E+00  0.2753E-01  0.2753E-01
  0.3333E+00 -0.1582E+00  0.1410E+00  0.2708E-01  0.2708E-01
  0.3342E+00 -0.2621E+00  0.1418E+00  0.2664E-01  0.2664E-01
  0.3351E+00  0.1477E+00  0.1405E+00  0.2621E-01  0.2621E-01
  0.3360E+00  0.2987E+00  0.1398E+00  0.2579E-01  0.2579E-01
  0.3370E+00 -0.5130E-01  0.1394E+00  0.2538E-01  0.2538E-01
  0.3379E+00 -0.1951E+00  0.1400E+00  0.2499E-01  0.2499E-01
  0.3388E+00 -0.8570E-01  0.1400E+00  0.2460E-01  0.2460E-01
  0.3398E+00 -0.1515E+00  0.1403E+00  0.2422E-01  0.2422E-01
  0.3407E+00 -0.1609E+00  0.1425E+00  0.2386E-01  0.2386E-01
  0.3416E+00 -0.1792E+00  0.1433E+00  0.2350E-01  0.2350E-01
  0.3426E+00  0.2505E+00  0.1444E+00  0.2316E-01  0.2316E-01
  0.3435E+00  0.2668E+00  0.1481E+00  0.2282E-01  0.2282E-01
  0.3444E+00 -0.6250E-01  0.1487E+00  0.2249E-01  0.2249E-01
  0.3453E+00 -0.1326E+00  0.1504E+00  0.2218E-01  0.2218E-01
  0.3463E+00 -0.1949E+00  0.1507E+00  0.2187E-01  0.2187E-01
  0.3472E+00 -0.2931E+00  0.1472E+00  0.2157E-01  0.2157E-01
  0.3481E+00  0.1800E-01  0.1511E+00  0.2128E-01  0.2128E-01
  0.3491E+00  0.3139E+00  0.2075E+00  0.2100E-01  0.2100E-01
  0.3500E+00  0.1710E+00  0.1807E+00  0.2073E-01  0.2073E-01
  0.3509E+00 -0.1080E+00  0.1559E+00  0.2046E-01  0.2046E-01
  0.3519E+00 -0.1999E-02  0.1490E+00  0.2021E-01  0.2021E-01
  0.3528E+00  0.2358E+00  0.1484E+00  0.1996E-01  0.1996E-01
  0.3537E+00  0.4065E+00  0.1507E+00  0.1972E-01  0.1972E-01
  0.3546E+00  0.3167E+00  0.1484E+00  0.1949E-01  0.1949E-01
  0.3556E+00 -0.9470E-01  0.1501E+00  0.1926E-01  0.1926E-01
  0.3565E+00 -0.2771E+00  0.1522E+00  0.1905E-01  0.1905E-01
  0.3574E+00 -0.7050E-01  0.1550E+00  0.1884E-01  0.1884E-01
  0.3584E+00 -0.2399E-01  0.1576E+00  0.1863E-01  0.1863E-01
  0.3593E+00  0.4054E+00  0.1585E+00  0.1844E-01  0.1844E-01
  0.3602E+00  0.1860E+00  0.1585E+00  0.1825E-01  0.1825E-01
  0.3612E+00 -0.5240E-01  0.1609E+00  0.1807E-01  0.1807E-01
  0.3621E+00 -0.3419E+00  0.1596E+00  0.1789E-01  0.1789E-01
  0.3630E+00 -0.8850E-01  0.1574E+00  0.1772E-01  0.1772E-01
  0.3639E+00  0.1104E+00  0.1580E+00  0.1756E-01  0.1756E-01
  0.3649E+00  0.2410E-01  0.1619E+00  0.1740E-01  0.1740E-01
  0.3658E+00 -0.2910E-01  0.1557E+00  0.1726E-01  0.1726E-01
  0.3667E+00  0.1164E+00  0.1552E+00  0.1711E-01  0.1711E-01
  0.3677E+00  0.4770E-01  0.1567E+00  0.1696E-01  0.1696E-01
  0.3686E+00  0.3980E-01  0.1553E+00  0.1683E-01  0.1683E-01
  0.3695E+00  0.1191E+00  0.1566E+00  0.1671E-01  0.1671E-01
  0.3705E+00 -0.1630E-01  0.1568E+00  0.1658E-01  0.1658E-01
  0.3714E+00 -0.6070E-01  0.1590E+00  0.1647E-01  0.1647E-01
  0.3723E+00  0.1211E+00  0.1594E+00  0.1636E-01  0.1636E-01
  0.3732E+00 -0.2613E+00  0.1604E+00  0.1625E-01  0.1625E-01
  0.3742E+00 -0.2982E+00  0.1601E+00  0.1615E-01  0.1615E-01
  0.3751E+00  0.9193E-02  0.1603E+00  0.1605E-01  0.1605E-01
  0.3760E+00  0.1889E+00  0.1596E+00  0.1596E-01  0.1596E-01
  0.3770E+00 -0.2269E+00  0.1606E+00  0.1587E-01  0.1587E-01
  0.3779E+00 -0.3230E+00  0.1602E+00  0.1579E-01  0.1579E-01
  0.3788E+00 -0.4006E+00  0.1595E+00  0.1572E-01  0.1572E-01
  0.3798E+00 -0.2233E+00  0.1620E+00  0.1564E-01  0.1564E-01
  0.3807E+00  0.2580E-01  0.1578E+00  0.1557E-01  0.1557E-01
  0.3816E+00 -0.4038E+00  0.1577E+00  0.1551E-01  0.1551E-01
  0.3825E+00 -0.9480E-01  0.1559E+00  0.1545E-01  0.1545E-01
  0.3835E+00 -0.8730E-01  0.1580E+00  0.1540E-01  0.1540E-01
  0.3844E+00 -0.1625E+00  0.1567E+00  0.1535E-01  0.1535E-01
  0.3853E+00 -0.3055E+00  0.1588E+00  0.1530E-01  0.1530E-01
  0.3863E+00  0.1430E-01  0.1591E+00  0.1526E-01  0.1526E-01
  0.3872E+00  0.3185E+00  0.1639E+00  0.1522E-01  0.1522E-01
  0.3881E+00  0.2071E+00  0.1625E+00  0.1519E-01  0.1519E-01
  0.3891E+00  0.1734E+00  0.1655E+00  0.1515E-01  0.1515E-01
  0.3900E+00  0.8521E-01  0.1613E+00  0.1513E-01  0.1513E-01
  0.3909E+00 -0.7310E-01  0.1617E+00  0.1510E-01  0.1510E-01
  0.3918E+00 -0.1315E+00  0.1584E+00  0.1508E-01  0.1508E-01
  0.3928E+00 -0.1278E+00  0.1604E+00  0.1506E-01  0.1506E-01
  0.3937E+00 -0.1478E+00  0.1579E+00  0.1505E-01  0.1505E-01
  0.3946E+00 -0.2319E+00  0.1620E+00  0.1504E-01  0.1504E-01
  0.3956E+00  0.5500E-01  0.1586E+00  0.1503E-01  0.1503E-01
  0.3965E+00  0.1157E+00  0.1594E+00  0.1502E-01  0.1502E-01
  0.3974E+00  0.3450E-01  0.1587E+00  0.1502E-01  0.1502E-01
  0.3983E+00  0.2274E+00  0.1598E+00  0.1502E-01  0.1502E-01
  0.3993E+00 -0.4090E-01  0.1619E+00  0.1502E-01  0.1502E-01
  0.4002E+00 -0.3149E-01  0.1599E+00  0.1503E-01  0.1503E-01
  0.4011E+00  0.2622E+00  0.1667E+00  0.1503E-01  0.1503E-01
  0.4021E+00  0.9910E-01  0.1633E+00  0.1504E-01  0.1504E-01
  0.4030E+00  0.7095E-02  0.1630E+00  0.1505E-01  0.1505E-01
  0.4039E+00 -0.1903E+00  0.1624E+00  0.1506E-01  0.1506E-01
  0.4049E+00 -0.1545E+00  0.1620E+00  0.1507E-01  0.1507E-01
  0.4058E+00  0.1315E+00  0.1601E+00  0.1509E-01  0.1509E-01
  0.4067E+00  0.3178E+00  0.1605E+00  0.1510E-01  0.1510E-01
  0.4076E+00  0.3374E+00  0.1606E+00  0.1512E-01  0.1512E-01
  0.4086E+00 -0.4295E-02  0.1637E+00  0.1514E-01  0.1514E-01
  0.4095E+00 -0.9102E-02  0.1603E+00  0.1516E-01  0.1516E-01
  0.4104E+00 -0.1194E+00  0.1626E+00  0.1517E-01  0.1517E-01
  0.4114E+00  0.1240E+00  0.1660E+00  0.1519E-01  0.1519E-01
  0.4123E+00  0.2107E+00  0.1658E+00  0.1521E-01  0.1521E-01
  0.4132E+00  0.5490E-01  0.1680E+00  0.1523E-01  0.1523E-01
  0.4142E+00  0.2396E-02  0.1645E+00  0.1525E-01  0.1525E-01
  0.4151E+00  0.1218E+00  0.1655E+00  0.1527E-01  0.1527E-01
  0.4160E+00  0.3710E-01  0.1635E+00  0.1529E-01  0.1529E-01
  0.4169E+00 -0.8350E-01  0.1624E+00  0.1530E-01  0.1530E-01
  0.4179E+00  0.2369E+00  0.1629E+00  0.1532E-01  0.1532E-01
  0.4188E+00  0.8030E-01  0.1605E+00  0.1534E-01  0.1534E-01
  0.4197E+00 -0.1806E+00  0.1599E+00  0.1535E-01  0.1535E-01
  0.4207E+00 -0.2612E+00  0.1634E+00  0.1537E-01  0.1537E-01
  0.4216E+00 -0.5808E+00  0.1634E+00  0.1538E-01  0.1538E-01
  0.4225E+00  0.2612E+00  0.1657E+00  0.1540E-01  0.1540E-01
  0.4235E+00  0.3774E+00  0.1676E+00  0.1541E-01  0.1541E-01
  0.4244E+00 -0.1525E+00  0.1682E+00  0.1542E-01  0.1542E-01
  0.4253E+00  0.2237E+00  0.1659E+00  0.1543E-01  0.1543E-01
  0.4262E+00 -0.1007E-02  0.1654E+00  0.1543E-01  0.1543E-01
  0.4272E+00 -0.1302E+00  0.1631E+00  0.1544E-01  0.1544E-01
  0.4281E+00  0.8150E-01  0.1643E+00  0.1544E-01  0.1544E-01
  0.4290E+00  0.1328E+00  0.1627E+00  0.1544E-01  0.1544E-01
  0.4300E+00 -0.1513E+00  0.1682E+00  0.1544E-01  0.1544E-01
  0.4309E+00  0.1284E+00  0.1617E+00  0.1544E-01  0.1544E-01
  0.4318E+00  0.1612E+00  0.1608E+00  0.1544E-01  0.1544E-01
  0.4328E+00 -0.4321E-01  0.1650E+00  0.1543E-01  0.1543E-01
  0.4337E+00 -0.3441E+00  0.1664E+00  0.1543E-01  0.1543E-01
  0.4346E+00 -0.2083E+00  0.1662E+00  0.1542E-01  0.1542E-01
  0.4355E+00 -0.4330E-01  0.1680E+00  0.1541E-01  0.1541E-01
  0.4365E+00 -0.1207E+00  0.1672E+00  0.1540E-01  0.1540E-01
  0.4374E+00  0.1027E+00  0.1773E+00  0.1538E-01  0.1538E-01
  0.4383E+00  0.1703E+00  0.1641E+00  0.1536E-01  0.1536E-01
  0.4393E+00  0.6370E-01  0.1648E+00  0.1535E-01  0.1535E-01
  0.4402E+00 -0.7220E-01  0.1637E+00  0.1533E-01  0.1533E-01
  0.4411E+00  0.1510E+00  0.1601E+00  0.1530E-01  0.1530E-01
  0.4421E+00 -0.7270E-01  0.1684E+00  0.1528E-01  0.1528E-01
  0.4430E+00  0.2687E+00  0.1621E+00  0.1525E-01  0.1525E-01
  0.4439E+00 -0.1734E+00  0.1660E+00  0.1523E-01  0.1523E-01
  0.4448E+00  0.1218E+00  0.1637E+00  0.1520E-01  0.1520E-01
  0.4458E+00  0.1757E+00  0.1623E+00  0.1517E-01  0.1517E-01
  0.4467E+00  0.3346E+00  0.1695E+00  0.1514E-01  0.1514E-01
  0.4476E+00  0.3812E+00  0.1668E+00  0.1510E-01  0.1510E-01
  0.4486E+00 -0.1278E+00  0.1678E+00  0.1507E-01  0.1507E-01
  0.4495E+00  0.5080E-01  0.1665E+00  0.1503E-01  0.1503E-01
  0.4504E+00  0.1494E+00  0.1643E+00  0.1499E-01  0.1499E-01
  0.4514E+00  0.8140E-01  0.1641E+00  0.1496E-01  0.1496E-01
  0.4523E+00  0.7220E-01  0.1622E+00  0.1492E-01  0.1492E-01
  0.4532E+00  0.3999E+00  0.1623E+00  0.1487E-01  0.1487E-01
  0.4541E+00 -0.9003E-03  0.1692E+00  0.1483E-01  0.1483E-01
  0.4551E+00  0.7600E-01  0.1660E+00  0.1479E-01  0.1479E-01
  0.4560E+00  0.1793E+00  0.1655E+00  0.1475E-01  0.1475E-01
  0.4569E+00 -0.3270E-01  0.1638E+00  0.1470E-01  0.1470E-01
  0.4579E+00 -0.5630E-01  0.1642E+00  0.1466E-01  0.1466E-01
  0.4588E+00 -0.2232E+00  0.1662E+00  0.1461E-01  0.1461E-01
  0.4597E+00 -0.3174E+00  0.1643E+00  0.1457E-01  0.1457E-01
  0.4607E+00 -0.1300E+00  0.1652E+00  0.1452E-01  0.1452E-01
  0.4616E+00  0.5810E-01  0.1654E+00  0.1447E-01  0.1447E-01
  0.4625E+00  0.3421E+00  0.1639E+00  0.1443E-01  0.1443E-01
  0.4634E+00  0.2381E+00  0.1655E+00  0.1438E-01  0.1438E-01
  0.4644E+00 -0.1805E+00  0.1640E+00  0.1433E-01  0.1433E-01
  0.4653E+00  0.1460E-01  0.1707E+00  0.1428E-01  0.1428E-01
  0.4662E+00 -0.2720E+00  0.1646E+00  0.1424E-01  0.1424E-01
  0.4672E+00 -0.2516E+00  0.1640E+00  0.1419E-01  0.1419E-01
  0.4681E+00 -0.5880E-01  0.1645E+00  0.1414E-01  0.1414E-01
  0.4690E+00  0.1819E+00  0.1664E+00  0.1409E-01  0.1409E-01
  0.4700E+00  0.1757E+00  0.1678E+00  0.1404E-01  0.1404E-01
  0.4709E+00  0.1376E+00  0.1645E+00  0.1400E-01  0.1400E-01
  0.4718E+00 -0.1497E+00  0.1647E+00  0.1395E-01  0.1395E-01
  0.4727E+00 -0.3193E+00  0.1661E+00  0.1390E-01  0.1390E-01
  0.4737E+00 -0.2864E+00  0.1643E+00  0.1385E-01  0.1385E-01
  0.4746E+00  0.1000E-09  0.1626E+00  0.1381E-01  0.1381E-01
  0.4755E+00  0.5028E+00  0.1736E+00  0.1376E-01  0.1376E-01
  0.4765E+00  0.3008E+00  0.1719E+00  0.1371E-01  0.1371E-01
  0.4774E+00 -0.7130E-01  0.1801E+00  0.1367E-01  0.1367E-01
  0.4783E+00  0.3833E+00  0.1835E+00  0.1362E-01  0.1362E-01
  0.4793E+00  0.1121E+00  0.1888E+00  0.1358E-01  0.1358E-01
  0.4802E+00  0.9570E-01  0.1897E+00  0.1353E-01  0.1353E-01
  0.4811E+00  0.1187E+00  0.1917E+00  0.1349E-01  0.1349E-01
  0.4820E+00  0.3900E-01  0.1974E+00  0.1344E-01  0.1344E-01

           Distance distribution  function of particle  


       R          P(R)      ERROR

  0.0000E+00  0.0000E+00  0.0000E+00
  0.8708E+00  0.3261E-03  0.7586E-04
  0.1742E+01  0.8597E-03  0.1182E-03
  0.2612E+01  0.1596E-02  0.1314E-03
  0.3483E+01  0.2528E-02  0.1224E-03
  0.4354E+01  0.3644E-02  0.1020E-03
  0.5225E+01  0.4930E-02  0.8665E-04
  0.6096E+01  0.6368E-02  0.9358E-04
  0.6966E+01  0.7938E-02  0.1189E-03
  0.7837E+01  0.9617E-02  0.1474E-03
  0.8708E+01  0.1138E-01  0.1697E-03
  0.9579E+01  0.1320E-01  0.1828E-03
  0.1045E+02  0.1504E-01  0.1869E-03
  0.1132E+02  0.1690E-01  0.1850E-03
  0.1219E+02  0.1872E-01  0.1813E-03
  0.1306E+02  0.2051E-01  0.1803E-03
  0.1393E+02  0.2223E-01  0.1846E-03
  0.1480E+02  0.2387E-01  0.1939E-03
  0.1567E+02  0.2542E-01  0.2060E-03
  0.1655E+02  0.2687E-01  0.2185E-03
  0.1742E+02  0.2822E-01  0.2301E-03
  0.1829E+02  0.2946E-01  0.2403E-03
  0.1916E+02  0.3058E-01  0.2492E-03
  0.2003E+02  0.3160E-01  0.2571E-03
  0.2090E+02  0.3249E-01  0.2641E-03
  0.2177E+02  0.3327E-01  0.2698E-03
  0.2264E+02  0.3392E-01  0.2735E-03
  0.2351E+02  0.3445E-01  0.2749E-03
  0.2438E+02  0.3484E-01  0.2739E-03
  0.2525E+02  0.3508E-01  0.2707E-03
  0.2612E+02  0.3518E-01  0.2662E-03
  0.2699E+02  0.3513E-01  0.2614E-03
  0.2787E+02  0.3492E-01  0.2569E-03
  0.2874E+02  0.3457E-01  0.2535E-03
  0.2961E+02  0.3407E-01  0.2513E-03
  0.3048E+02  0.3343E-01  0.2504E-03
  0.3135E+02  0.3268E-01  0.2509E-03
  0.3222E+02  0.3182E-01  0.2526E-03
  0.3309E+02  0.3088E-01  0.2554E-03
  0.3396E+02  0.2988E-01  0.2590E-03
  0.3483E+02  0.2884E-01  0.2633E-03
  0.3570E+02  0.2777E-01  0.2678E-03
  0.3657E+02  0.2670E-01  0.2721E-03
  0.3744E+02  0.2565E-01  0.2757E-03
  0.3832E+02  0.2461E-01  0.2784E-03
  0.3919E+02  0.2361E-01  0.2802E-03
  0.4006E+02  0.2263E-01  0.2809E-03
  0.4093E+02  0.2169E-01  0.2808E-03
  0.4180E+02  0.2078E-01  0.2803E-03
  0.4267E+02  0.1989E-01  0.2799E-03
  0.4354E+02  0.1902E-01  0.2801E-03
  0.4441E+02  0.1815E-01  0.2817E-03
  0.4528E+02  0.1729E-01  0.2852E-03
  0.4615E+02  0.1644E-01  0.2909E-03
  0.4702E+02  0.1557E-01  0.2990E-03
  0.4789E+02  0.1471E-01  0.3090E-03
  0.4876E+02  0.1384E-01  0.3205E-03
  0.4964E+02  0.1297E-01  0.3330E-03
  0.5051E+02  0.1210E-01  0.3458E-03
  0.5138E+02  0.1125E-01  0.3586E-03
  0.5225E+02  0.1041E-01  0.3710E-03
  0.5312E+02  0.9592E-02  0.3825E-03
  0.5399E+02  0.8804E-02  0.3929E-03
  0.5486E+02  0.8050E-02  0.4018E-03
  0.5573E+02  0.7334E-02  0.4089E-03
  0.5660E+02  0.6660E-02  0.4139E-03
  0.5747E+02  0.6030E-02  0.4166E-03
  0.5834E+02  0.5448E-02  0.4171E-03
  0.5921E+02  0.4911E-02  0.4155E-03
  0.6009E+02  0.4421E-02  0.4122E-03
  0.6096E+02  0.3977E-02  0.4078E-03
  0.6183E+02  0.3576E-02  0.4029E-03
  0.6270E+02  0.3215E-02  0.3984E-03
  0.6357E+02  0.2894E-02  0.3949E-03
  0.6444E+02  0.2608E-02  0.3930E-03
  0.6531E+02  0.2354E-02  0.3931E-03
  0.6618E+02  0.2128E-02  0.3952E-03
  0.6705E+02  0.1929E-02  0.3992E-03
  0.6792E+02  0.1752E-02  0.4047E-03
  0.6879E+02  0.1593E-02  0.4112E-03
  0.6966E+02  0.1450E-02  0.4181E-03
  0.7053E+02  0.1320E-02  0.4249E-03
  0.7141E+02  0.1200E-02  0.4312E-03
  0.7228E+02  0.1088E-02  0.4367E-03
  0.7315E+02  0.9818E-03  0.4412E-03
  0.7402E+02  0.8795E-03  0.4445E-03
  0.7489E+02  0.7803E-03  0.4465E-03
  0.7576E+02  0.6837E-03  0.4469E-03
  0.7663E+02  0.5894E-03  0.4454E-03
  0.7750E+02  0.4979E-03  0.4412E-03
  0.7837E+02  0.4100E-03  0.4336E-03
  0.7924E+02  0.3265E-03  0.4218E-03
  0.8011E+02  0.2490E-03  0.4048E-03
  0.8098E+02  0.1789E-03  0.3816E-03
  0.8186E+02  0.1176E-03  0.3514E-03
  0.8273E+02  0.6660E-04  0.3136E-03
  0.8360E+02  0.2711E-04  0.2676E-03
  0.8447E+02  0.1414E-06  0.2133E-03
  0.8534E+02 -0.1360E-04  0.1506E-03
  0.8621E+02 -0.1370E-04  0.7941E-04
  0.8708E+02  0.0000E+00  0.0000E+00
          Reciprocal space: Rg =   23.76     , I(0) =   0.1522E+02
     Real space: Rg =   23.77 +- 0.280  I(0) =   0.1522E+02 +-  0.1170E+00
