
           ####    G N O M   ---   Version 4.5a revised 09/02/02     ####

                                                  Sat Nov  4 16:51:56 2017
           ===    Run No   1   ===
 Run title:  0.000132994 0 0


  Number of points omitted at the end:         336
   *******   Working Directory :
   *******    Input file(s) : 25533_02E_S075_0_01.sub
           Condition P(rmin) = 0 is used. 
           Condition P(rmax) = 0 is used. 

          Experimental conditions for the first run
          -----------------------------------------

          Highest ALPHA is found to be   0.7572E+03

  The measure of inconsistency AN1 equals to    0.1038E+01

          Warning: using the chosen range in the real space 
             it is not possible to fit the data set within the
             given error band. 
     Alpha    Discrp  Oscill  Stabil  Sysdev  Positv  Valcen    Total   
  0.7572E+06103.1618  1.8505  0.9841  0.0000  1.0000  0.7181  0.00001
  0.1514E+06101.0948  1.8549  0.9606  0.0000  1.0000  0.7172  0.00001
  0.3029E+05 92.0219  1.8765  0.8562  0.0000  1.0000  0.7129  0.00001
  0.6058E+04 65.0842  1.9792  0.5334  0.1679  1.0000  0.6920  0.00001
  0.1212E+04 31.9095  2.3771  0.1670  0.0292  1.0000  0.6050  0.00001
  0.2423E+03 13.7773  3.1723  0.1586  0.0438  1.0000  0.4110  0.00001
  0.4846E+02  4.7197  3.8323  0.0687  0.1095  1.0000  0.2858  0.00001
  0.9692E+01  1.4105  4.1238  0.0194  0.5182  1.0000  0.2548  0.38504
  0.1938E+01  0.8480  4.2039  0.0090  0.6788  1.0000  0.2501  0.37194
  0.3877E+00  0.7909  4.2354  0.0118  0.7080  1.0000  0.2512  0.10000
  0.7754E-01  0.7771  4.2768  0.0149  0.6934  1.0000  0.2533  0.10000
  0.1551E-01  0.7707  4.3860  0.0299  0.6934  1.0000  0.2554  0.10000
  0.3101E-02  0.7654  4.8098  0.0405  0.7153  0.9997  0.2606  0.10000
  0.6203E-03  0.7634  5.4049  0.0431  0.7299  0.9989  0.2679  0.10000
  0.1241E-03  0.7623  7.2477  0.1590  0.7153  0.9940  0.2520  0.10000
  0.2481E-04  0.7586 17.0465  0.5458  0.7153  0.9331  0.1688  0.10000
  0.4962E-05  0.7494 25.3222  0.5745  0.7445  0.8011  0.2091  0.10000
  0.9925E-06  0.7404 29.0613  0.4857  0.7299  0.7457  0.1885  0.10000
  0.1985E-06  0.7316 30.9633  0.8057  0.7518  0.7182  0.1752  0.10000
  0.3970E-07  0.7173 29.9804  0.5275  0.7737  0.7061  0.1923  0.10000
  0.7940E-08  0.7035 33.0817  0.7662  0.7883  0.7061  0.2137  0.10000
  0.1588E-08  0.6700 33.0700  0.8144  0.7883  0.7006  0.2534  0.10000
  0.3176E-09  0.5920 33.8802  0.6600  0.8613  0.7033  0.2838  0.10000
  0.6352E-10  0.4629 35.6274  0.5579  0.8248  0.7094  0.3200  0.10000
  0.1270E-10  0.2902 39.5605  0.3928  0.8248  0.7126  0.3427  0.10000
  0.2541E-11  0.1255 44.2944  0.2349  0.8248  0.7111  0.3232  0.10000
  0.5081E-12  0.0355 46.4821  0.0830  0.8978  0.7124  0.3028  0.10000
  0.1016E-12  0.0078 47.0953  0.0200  0.8832  0.7142  0.2960  0.10000
  0.2033E-13  0.0016 47.2307  0.0042  0.8832  0.7146  0.2944  0.10000
  0.4065E-14  0.0003 47.2583  0.0008  0.8832  0.7147  0.2941  0.10000
  0.8130E-15  0.0001 47.2639  0.0002  0.8832  0.7147  0.2940  0.10000

          ***  Golden section search to maximize estimate ***
     Alpha    Discrp  Oscill  Stabil  Sysdev  Positv  Valcen    Total   
  0.3585E+01  0.9323  4.1850  0.0098  0.6496  1.0000  0.2507  0.39257
  0.6628E+01  1.1488  4.1536  0.0142  0.6642  1.0000  0.2526  0.41044
  0.7664E+01  1.2340  4.1434  0.0159  0.6058  1.0000  0.2533  0.39971
  0.6060E+01  1.1040  4.1593  0.0132  0.6934  1.0000  0.2522  0.41787
  0.5733E+01  1.0790  4.1626  0.0127  0.6934  1.0000  0.2520  0.41730
  0.6271E+01  1.1204  4.1572  0.0136  0.7080  1.0000  0.2524  0.42294
  0.6405E+01  1.1310  4.1558  0.0138  0.6934  1.0000  0.2525  0.41806
  0.6189E+01  1.1141  4.1580  0.0135  0.7080  1.0000  0.2523  0.42290
  0.6322E+01  1.1244  4.1567  0.0137  0.6934  1.0000  0.2524  0.41805
  0.6240E+01  1.1180  4.1575  0.0135  0.7080  1.0000  0.2524  0.42293
  0.6290E+01  1.1220  4.1570  0.0136  0.7080  1.0000  0.2524  0.42295
  0.6302E+01  1.1229  4.1569  0.0136  0.7080  1.0000  0.2524  0.42295
  0.6310E+01  1.1235  4.1568  0.0137  0.6934  1.0000  0.2524  0.41805
  0.6302E+01  1.1229  4.1569  0.0136  0.7080  1.0000  0.2524  0.42295



             ####            Final results            ####

 Parameter    DISCRP    OSCILL    STABIL    SYSDEV    POSITV    VALCEN
 Weight        1.000     3.000     3.000     4.000     1.000     1.000
 Sigma         0.500     0.600     0.120     0.200     0.120     0.120
 Ideal         1.000     1.100     0.000     1.000     1.000     0.950
 Current       1.123     4.157     0.014     0.708     1.000     0.252
                - - - - - - - - - - - - - - - - - - - - - - - - - 
 Estimate      0.941     0.000     0.987     0.119     1.000     0.000

  Angular   range    :     from    0.0085   to    0.2176
  Real space range   :     from      0.00   to    280.70

  Highest ALPHA (theor) :   0.757E+06                 JOB = 0
  Current ALPHA         :   0.630E+01   Rg :  0.665E+02   I(0) :   0.109E+04

           Total  estimate : 0.423  which is  A SUSPICIOUS  solution

      S          J EXP       ERROR       J REG       I REG

  0.0000E+00                                      0.1087E+04
  0.7751E-03                                      0.1086E+04
  0.1550E-02                                      0.1083E+04
  0.2325E-02                                      0.1078E+04
  0.3100E-02                                      0.1071E+04
  0.3875E-02                                      0.1062E+04
  0.4651E-02                                      0.1052E+04
  0.5426E-02                                      0.1040E+04
  0.6201E-02                                      0.1026E+04
  0.6976E-02                                      0.1012E+04
  0.7751E-02                                      0.9957E+03
  0.8526E-02  0.1044E+04  0.7454E+02  0.9789E+03  0.9789E+03
  0.9289E-02  0.1010E+04  0.5511E+02  0.9616E+03  0.9616E+03
  0.1005E-01  0.1020E+04  0.3424E+02  0.9437E+03  0.9437E+03
  0.1082E-01  0.9459E+03  0.2381E+02  0.9255E+03  0.9255E+03
  0.1158E-01  0.9221E+03  0.1977E+02  0.9069E+03  0.9069E+03
  0.1234E-01  0.9015E+03  0.1496E+02  0.8883E+03  0.8883E+03
  0.1310E-01  0.8832E+03  0.1315E+02  0.8698E+03  0.8698E+03
  0.1387E-01  0.8564E+03  0.9055E+01  0.8515E+03  0.8515E+03
  0.1463E-01  0.8266E+03  0.7849E+01  0.8334E+03  0.8334E+03
  0.1539E-01  0.8096E+03  0.7067E+01  0.8158E+03  0.8158E+03
  0.1616E-01  0.7934E+03  0.6702E+01  0.7988E+03  0.7988E+03
  0.1692E-01  0.7799E+03  0.6224E+01  0.7823E+03  0.7823E+03
  0.1768E-01  0.7639E+03  0.5445E+01  0.7665E+03  0.7665E+03
  0.1845E-01  0.7407E+03  0.5552E+01  0.7514E+03  0.7514E+03
  0.1921E-01  0.7190E+03  0.4927E+01  0.7371E+03  0.7371E+03
  0.1997E-01  0.7155E+03  0.4917E+01  0.7235E+03  0.7235E+03
  0.2073E-01  0.7069E+03  0.4523E+01  0.7106E+03  0.7106E+03
  0.2150E-01  0.6938E+03  0.4450E+01  0.6984E+03  0.6984E+03
  0.2226E-01  0.6893E+03  0.4429E+01  0.6870E+03  0.6870E+03
  0.2302E-01  0.6767E+03  0.4131E+01  0.6762E+03  0.6762E+03
  0.2379E-01  0.6702E+03  0.4130E+01  0.6661E+03  0.6661E+03
  0.2455E-01  0.6565E+03  0.3885E+01  0.6565E+03  0.6565E+03
  0.2531E-01  0.6482E+03  0.3804E+01  0.6474E+03  0.6474E+03
  0.2608E-01  0.6450E+03  0.3746E+01  0.6387E+03  0.6387E+03
  0.2684E-01  0.6376E+03  0.3563E+01  0.6305E+03  0.6305E+03
  0.2760E-01  0.6279E+03  0.3667E+01  0.6226E+03  0.6226E+03
  0.2836E-01  0.6188E+03  0.3423E+01  0.6149E+03  0.6149E+03
  0.2913E-01  0.6093E+03  0.3483E+01  0.6075E+03  0.6075E+03
  0.2989E-01  0.6005E+03  0.3295E+01  0.6002E+03  0.6002E+03
  0.3065E-01  0.5919E+03  0.3255E+01  0.5930E+03  0.5930E+03
  0.3142E-01  0.5853E+03  0.3188E+01  0.5859E+03  0.5859E+03
  0.3218E-01  0.5821E+03  0.3008E+01  0.5789E+03  0.5789E+03
  0.3294E-01  0.5678E+03  0.3040E+01  0.5719E+03  0.5719E+03
  0.3371E-01  0.5566E+03  0.3005E+01  0.5649E+03  0.5649E+03
  0.3447E-01  0.5575E+03  0.2885E+01  0.5578E+03  0.5578E+03
  0.3523E-01  0.5557E+03  0.2945E+01  0.5508E+03  0.5508E+03
  0.3599E-01  0.5399E+03  0.2832E+01  0.5437E+03  0.5437E+03
  0.3676E-01  0.5285E+03  0.2928E+01  0.5366E+03  0.5366E+03
  0.3752E-01  0.5257E+03  0.2784E+01  0.5294E+03  0.5294E+03
  0.3828E-01  0.5223E+03  0.2877E+01  0.5223E+03  0.5223E+03
  0.3905E-01  0.5155E+03  0.2828E+01  0.5152E+03  0.5152E+03
  0.3981E-01  0.5063E+03  0.2662E+01  0.5080E+03  0.5080E+03
  0.4057E-01  0.4978E+03  0.2720E+01  0.5009E+03  0.5009E+03
  0.4134E-01  0.4962E+03  0.2540E+01  0.4938E+03  0.4938E+03
  0.4210E-01  0.4944E+03  0.2560E+01  0.4868E+03  0.4868E+03
  0.4286E-01  0.4859E+03  0.2497E+01  0.4799E+03  0.4799E+03
  0.4362E-01  0.4724E+03  0.2474E+01  0.4730E+03  0.4730E+03
  0.4439E-01  0.4631E+03  0.2487E+01  0.4662E+03  0.4662E+03
  0.4515E-01  0.4636E+03  0.2426E+01  0.4595E+03  0.4595E+03
  0.4591E-01  0.4597E+03  0.2435E+01  0.4529E+03  0.4529E+03
  0.4668E-01  0.4483E+03  0.2392E+01  0.4463E+03  0.4463E+03
  0.4744E-01  0.4437E+03  0.2420E+01  0.4399E+03  0.4399E+03
  0.4820E-01  0.4357E+03  0.2436E+01  0.4335E+03  0.4335E+03
  0.4897E-01  0.4306E+03  0.2298E+01  0.4273E+03  0.4273E+03
  0.4973E-01  0.4209E+03  0.2296E+01  0.4211E+03  0.4211E+03
  0.5049E-01  0.4117E+03  0.2280E+01  0.4150E+03  0.4150E+03
  0.5125E-01  0.4110E+03  0.2272E+01  0.4089E+03  0.4089E+03
  0.5202E-01  0.4050E+03  0.2265E+01  0.4029E+03  0.4029E+03
  0.5278E-01  0.3991E+03  0.2218E+01  0.3970E+03  0.3970E+03
  0.5354E-01  0.3898E+03  0.2201E+01  0.3911E+03  0.3911E+03
  0.5431E-01  0.3890E+03  0.2168E+01  0.3852E+03  0.3852E+03
  0.5507E-01  0.3807E+03  0.2175E+01  0.3794E+03  0.3794E+03
  0.5583E-01  0.3723E+03  0.2118E+01  0.3735E+03  0.3735E+03
  0.5660E-01  0.3656E+03  0.2112E+01  0.3677E+03  0.3677E+03
  0.5736E-01  0.3640E+03  0.2096E+01  0.3619E+03  0.3619E+03
  0.5812E-01  0.3586E+03  0.2045E+01  0.3561E+03  0.3561E+03
  0.5888E-01  0.3526E+03  0.2071E+01  0.3503E+03  0.3503E+03
  0.5965E-01  0.3497E+03  0.1977E+01  0.3445E+03  0.3445E+03
  0.6041E-01  0.3443E+03  0.1955E+01  0.3388E+03  0.3388E+03
  0.6117E-01  0.3367E+03  0.1972E+01  0.3330E+03  0.3330E+03
  0.6194E-01  0.3337E+03  0.1952E+01  0.3273E+03  0.3273E+03
  0.6270E-01  0.3222E+03  0.1964E+01  0.3216E+03  0.3216E+03
  0.6346E-01  0.3190E+03  0.1949E+01  0.3160E+03  0.3160E+03
  0.6423E-01  0.3119E+03  0.1958E+01  0.3104E+03  0.3104E+03
  0.6499E-01  0.3043E+03  0.1921E+01  0.3048E+03  0.3048E+03
  0.6575E-01  0.3012E+03  0.1926E+01  0.2993E+03  0.2993E+03
  0.6651E-01  0.2976E+03  0.1922E+01  0.2939E+03  0.2939E+03
  0.6728E-01  0.2884E+03  0.1837E+01  0.2885E+03  0.2885E+03
  0.6804E-01  0.2836E+03  0.1848E+01  0.2832E+03  0.2832E+03
  0.6880E-01  0.2799E+03  0.1792E+01  0.2779E+03  0.2779E+03
  0.6957E-01  0.2743E+03  0.1780E+01  0.2727E+03  0.2727E+03
  0.7033E-01  0.2705E+03  0.1782E+01  0.2676E+03  0.2676E+03
  0.7109E-01  0.2651E+03  0.1753E+01  0.2626E+03  0.2626E+03
  0.7186E-01  0.2654E+03  0.1794E+01  0.2577E+03  0.2577E+03
  0.7262E-01  0.2604E+03  0.1749E+01  0.2528E+03  0.2528E+03
  0.7338E-01  0.2552E+03  0.1781E+01  0.2480E+03  0.2480E+03
  0.7414E-01  0.2425E+03  0.1741E+01  0.2433E+03  0.2433E+03
  0.7491E-01  0.2342E+03  0.1737E+01  0.2387E+03  0.2387E+03
  0.7567E-01  0.2344E+03  0.1730E+01  0.2341E+03  0.2341E+03
  0.7643E-01  0.2312E+03  0.1754E+01  0.2295E+03  0.2295E+03
  0.7720E-01  0.2275E+03  0.1685E+01  0.2251E+03  0.2251E+03
  0.7796E-01  0.2260E+03  0.1631E+01  0.2207E+03  0.2207E+03
  0.7872E-01  0.2194E+03  0.1655E+01  0.2163E+03  0.2163E+03
  0.7949E-01  0.2124E+03  0.1669E+01  0.2120E+03  0.2120E+03
  0.8025E-01  0.2072E+03  0.1630E+01  0.2078E+03  0.2078E+03
  0.8101E-01  0.2063E+03  0.1642E+01  0.2036E+03  0.2036E+03
  0.8177E-01  0.2020E+03  0.1575E+01  0.1995E+03  0.1995E+03
  0.8254E-01  0.1977E+03  0.1588E+01  0.1954E+03  0.1954E+03
  0.8330E-01  0.1955E+03  0.1594E+01  0.1914E+03  0.1914E+03
  0.8406E-01  0.1863E+03  0.1562E+01  0.1874E+03  0.1874E+03
  0.8483E-01  0.1848E+03  0.1585E+01  0.1835E+03  0.1835E+03
  0.8559E-01  0.1837E+03  0.1534E+01  0.1796E+03  0.1796E+03
  0.8635E-01  0.1772E+03  0.1558E+01  0.1758E+03  0.1758E+03
  0.8712E-01  0.1721E+03  0.1520E+01  0.1721E+03  0.1721E+03
  0.8788E-01  0.1689E+03  0.1511E+01  0.1684E+03  0.1684E+03
  0.8864E-01  0.1651E+03  0.1504E+01  0.1648E+03  0.1648E+03
  0.8940E-01  0.1618E+03  0.1477E+01  0.1612E+03  0.1612E+03
  0.9017E-01  0.1628E+03  0.1521E+01  0.1577E+03  0.1577E+03
  0.9093E-01  0.1588E+03  0.1462E+01  0.1543E+03  0.1543E+03
  0.9169E-01  0.1524E+03  0.1468E+01  0.1510E+03  0.1510E+03
  0.9246E-01  0.1492E+03  0.1473E+01  0.1477E+03  0.1477E+03
  0.9322E-01  0.1479E+03  0.1470E+01  0.1445E+03  0.1445E+03
  0.9398E-01  0.1414E+03  0.1483E+01  0.1414E+03  0.1414E+03
  0.9475E-01  0.1367E+03  0.1450E+01  0.1383E+03  0.1383E+03
  0.9551E-01  0.1354E+03  0.1455E+01  0.1353E+03  0.1353E+03
  0.9627E-01  0.1346E+03  0.1441E+01  0.1324E+03  0.1324E+03
  0.9703E-01  0.1315E+03  0.1402E+01  0.1295E+03  0.1295E+03
  0.9780E-01  0.1285E+03  0.1398E+01  0.1267E+03  0.1267E+03
  0.9856E-01  0.1230E+03  0.1331E+01  0.1239E+03  0.1239E+03
  0.9932E-01  0.1185E+03  0.1340E+01  0.1213E+03  0.1213E+03
  0.1001E+00  0.1167E+03  0.1345E+01  0.1186E+03  0.1186E+03
  0.1008E+00  0.1163E+03  0.1368E+01  0.1160E+03  0.1160E+03
  0.1016E+00  0.1135E+03  0.1349E+01  0.1135E+03  0.1135E+03
  0.1024E+00  0.1122E+03  0.1329E+01  0.1110E+03  0.1110E+03
  0.1031E+00  0.1113E+03  0.1383E+01  0.1086E+03  0.1086E+03
  0.1039E+00  0.1054E+03  0.1339E+01  0.1062E+03  0.1062E+03
  0.1047E+00  0.1032E+03  0.1373E+01  0.1039E+03  0.1039E+03
  0.1054E+00  0.1016E+03  0.1361E+01  0.1016E+03  0.1016E+03
  0.1062E+00  0.1031E+03  0.1342E+01  0.9931E+02  0.9931E+02
  0.1070E+00  0.1052E+03  0.1343E+01  0.9710E+02  0.9710E+02
  0.1077E+00  0.9752E+02  0.1319E+01  0.9492E+02  0.9492E+02
  0.1085E+00  0.9228E+02  0.1341E+01  0.9279E+02  0.9279E+02
  0.1092E+00  0.9186E+02  0.1299E+01  0.9070E+02  0.9070E+02
  0.1100E+00  0.8782E+02  0.1308E+01  0.8865E+02  0.8865E+02
  0.1108E+00  0.8523E+02  0.1298E+01  0.8665E+02  0.8665E+02
  0.1115E+00  0.8175E+02  0.1280E+01  0.8468E+02  0.8468E+02
  0.1123E+00  0.8239E+02  0.1281E+01  0.8277E+02  0.8277E+02
  0.1131E+00  0.7847E+02  0.1262E+01  0.8090E+02  0.8090E+02
  0.1138E+00  0.7881E+02  0.1259E+01  0.7907E+02  0.7907E+02
  0.1146E+00  0.7818E+02  0.1244E+01  0.7728E+02  0.7728E+02
  0.1153E+00  0.7495E+02  0.1253E+01  0.7555E+02  0.7555E+02
  0.1161E+00  0.7377E+02  0.1260E+01  0.7385E+02  0.7385E+02
  0.1169E+00  0.7173E+02  0.1232E+01  0.7220E+02  0.7220E+02
  0.1176E+00  0.6889E+02  0.1264E+01  0.7059E+02  0.7059E+02
  0.1184E+00  0.6924E+02  0.1254E+01  0.6902E+02  0.6902E+02
  0.1192E+00  0.6816E+02  0.1248E+01  0.6750E+02  0.6750E+02
  0.1199E+00  0.6426E+02  0.1248E+01  0.6601E+02  0.6601E+02
  0.1207E+00  0.6235E+02  0.1236E+01  0.6456E+02  0.6456E+02
  0.1215E+00  0.6353E+02  0.1231E+01  0.6315E+02  0.6315E+02
  0.1222E+00  0.6417E+02  0.1231E+01  0.6178E+02  0.6178E+02
  0.1230E+00  0.6276E+02  0.1226E+01  0.6043E+02  0.6043E+02
  0.1237E+00  0.6087E+02  0.1203E+01  0.5912E+02  0.5912E+02
  0.1245E+00  0.5687E+02  0.1197E+01  0.5785E+02  0.5785E+02
  0.1253E+00  0.5500E+02  0.1222E+01  0.5660E+02  0.5660E+02
  0.1260E+00  0.5329E+02  0.1209E+01  0.5538E+02  0.5538E+02
  0.1268E+00  0.5289E+02  0.1205E+01  0.5419E+02  0.5419E+02
  0.1276E+00  0.5062E+02  0.1196E+01  0.5303E+02  0.5303E+02
  0.1283E+00  0.5026E+02  0.1196E+01  0.5189E+02  0.5189E+02
  0.1291E+00  0.5295E+02  0.1207E+01  0.5078E+02  0.5078E+02
  0.1298E+00  0.4971E+02  0.1179E+01  0.4969E+02  0.4969E+02
  0.1306E+00  0.4654E+02  0.1215E+01  0.4863E+02  0.4863E+02
  0.1314E+00  0.4489E+02  0.1202E+01  0.4760E+02  0.4760E+02
  0.1321E+00  0.4387E+02  0.1206E+01  0.4659E+02  0.4659E+02
  0.1329E+00  0.4479E+02  0.1208E+01  0.4560E+02  0.4560E+02
  0.1337E+00  0.4477E+02  0.1197E+01  0.4464E+02  0.4464E+02
  0.1344E+00  0.4265E+02  0.1212E+01  0.4370E+02  0.4370E+02
  0.1352E+00  0.4285E+02  0.1199E+01  0.4279E+02  0.4279E+02
  0.1359E+00  0.4157E+02  0.1206E+01  0.4191E+02  0.4191E+02
  0.1367E+00  0.3841E+02  0.1204E+01  0.4105E+02  0.4105E+02
  0.1375E+00  0.4053E+02  0.1207E+01  0.4021E+02  0.4021E+02
  0.1382E+00  0.4050E+02  0.1212E+01  0.3939E+02  0.3939E+02
  0.1390E+00  0.3845E+02  0.1215E+01  0.3860E+02  0.3860E+02
  0.1398E+00  0.3585E+02  0.1236E+01  0.3784E+02  0.3784E+02
  0.1405E+00  0.3645E+02  0.1242E+01  0.3709E+02  0.3709E+02
  0.1413E+00  0.3519E+02  0.1224E+01  0.3636E+02  0.3636E+02
  0.1421E+00  0.3265E+02  0.1242E+01  0.3566E+02  0.3566E+02
  0.1428E+00  0.3301E+02  0.1223E+01  0.3497E+02  0.3497E+02
  0.1436E+00  0.3448E+02  0.1232E+01  0.3431E+02  0.3431E+02
  0.1443E+00  0.3324E+02  0.1224E+01  0.3366E+02  0.3366E+02
  0.1451E+00  0.3209E+02  0.1218E+01  0.3303E+02  0.3303E+02
  0.1459E+00  0.3075E+02  0.1230E+01  0.3241E+02  0.3241E+02
  0.1466E+00  0.2865E+02  0.1215E+01  0.3181E+02  0.3181E+02
  0.1474E+00  0.3054E+02  0.1206E+01  0.3122E+02  0.3122E+02
  0.1482E+00  0.2902E+02  0.1205E+01  0.3065E+02  0.3065E+02
  0.1489E+00  0.2754E+02  0.1205E+01  0.3009E+02  0.3009E+02
  0.1497E+00  0.2964E+02  0.1191E+01  0.2954E+02  0.2954E+02
  0.1504E+00  0.3125E+02  0.1178E+01  0.2901E+02  0.2901E+02
  0.1512E+00  0.2976E+02  0.1207E+01  0.2848E+02  0.2848E+02
  0.1520E+00  0.2854E+02  0.1202E+01  0.2797E+02  0.2797E+02
  0.1527E+00  0.2634E+02  0.1225E+01  0.2746E+02  0.2746E+02
  0.1535E+00  0.2526E+02  0.1218E+01  0.2697E+02  0.2697E+02
  0.1543E+00  0.2436E+02  0.1212E+01  0.2649E+02  0.2649E+02
  0.1550E+00  0.2548E+02  0.1242E+01  0.2602E+02  0.2602E+02
  0.1558E+00  0.2669E+02  0.1227E+01  0.2555E+02  0.2555E+02
  0.1565E+00  0.2501E+02  0.1245E+01  0.2510E+02  0.2510E+02
  0.1573E+00  0.2206E+02  0.1221E+01  0.2466E+02  0.2466E+02
  0.1581E+00  0.2204E+02  0.1229E+01  0.2423E+02  0.2423E+02
  0.1588E+00  0.2018E+02  0.1212E+01  0.2380E+02  0.2380E+02
  0.1596E+00  0.2274E+02  0.1206E+01  0.2339E+02  0.2339E+02
  0.1604E+00  0.2442E+02  0.1205E+01  0.2298E+02  0.2298E+02
  0.1611E+00  0.2182E+02  0.1186E+01  0.2259E+02  0.2259E+02
  0.1619E+00  0.1979E+02  0.1194E+01  0.2220E+02  0.2220E+02
  0.1627E+00  0.2249E+02  0.1177E+01  0.2183E+02  0.2183E+02
  0.1634E+00  0.2319E+02  0.1182E+01  0.2146E+02  0.2146E+02
  0.1642E+00  0.2141E+02  0.1197E+01  0.2110E+02  0.2110E+02
  0.1649E+00  0.1867E+02  0.1196E+01  0.2074E+02  0.2074E+02
  0.1657E+00  0.1903E+02  0.1214E+01  0.2040E+02  0.2040E+02
  0.1665E+00  0.2081E+02  0.1193E+01  0.2006E+02  0.2006E+02
  0.1672E+00  0.1970E+02  0.1210E+01  0.1973E+02  0.1973E+02
  0.1680E+00  0.1956E+02  0.1204E+01  0.1940E+02  0.1940E+02
  0.1688E+00  0.1858E+02  0.1208E+01  0.1909E+02  0.1909E+02
  0.1695E+00  0.1968E+02  0.1215E+01  0.1877E+02  0.1877E+02
  0.1703E+00  0.1832E+02  0.1208E+01  0.1847E+02  0.1847E+02
  0.1710E+00  0.1915E+02  0.1234E+01  0.1817E+02  0.1817E+02
  0.1718E+00  0.1600E+02  0.1218E+01  0.1788E+02  0.1788E+02
  0.1726E+00  0.1558E+02  0.1211E+01  0.1759E+02  0.1759E+02
  0.1733E+00  0.1413E+02  0.1216E+01  0.1731E+02  0.1731E+02
  0.1741E+00  0.1711E+02  0.1193E+01  0.1704E+02  0.1704E+02
  0.1749E+00  0.1315E+02  0.1203E+01  0.1678E+02  0.1678E+02
  0.1756E+00  0.1407E+02  0.1185E+01  0.1652E+02  0.1652E+02
  0.1764E+00  0.1232E+02  0.1192E+01  0.1627E+02  0.1627E+02
  0.1772E+00  0.1303E+02  0.1195E+01  0.1603E+02  0.1603E+02
  0.1779E+00  0.1617E+02  0.1182E+01  0.1579E+02  0.1579E+02
  0.1787E+00  0.1289E+02  0.1176E+01  0.1556E+02  0.1556E+02
  0.1794E+00  0.8848E+01  0.1164E+01  0.1534E+02  0.1534E+02
  0.1802E+00  0.1086E+02  0.1175E+01  0.1513E+02  0.1513E+02
  0.1810E+00  0.1345E+02  0.1186E+01  0.1493E+02  0.1493E+02
  0.1817E+00  0.1300E+02  0.1181E+01  0.1473E+02  0.1473E+02
  0.1825E+00  0.1399E+02  0.1203E+01  0.1454E+02  0.1454E+02
  0.1833E+00  0.1576E+02  0.1183E+01  0.1436E+02  0.1436E+02
  0.1840E+00  0.1373E+02  0.1210E+01  0.1419E+02  0.1419E+02
  0.1848E+00  0.1410E+02  0.1188E+01  0.1402E+02  0.1402E+02
  0.1855E+00  0.1120E+02  0.1193E+01  0.1386E+02  0.1386E+02
  0.1863E+00  0.1255E+02  0.1220E+01  0.1370E+02  0.1370E+02
  0.1871E+00  0.1378E+02  0.1213E+01  0.1355E+02  0.1355E+02
  0.1878E+00  0.1330E+02  0.1203E+01  0.1340E+02  0.1340E+02
  0.1886E+00  0.1398E+02  0.1201E+01  0.1326E+02  0.1326E+02
  0.1894E+00  0.1086E+02  0.1218E+01  0.1312E+02  0.1312E+02
  0.1901E+00  0.1304E+02  0.1190E+01  0.1299E+02  0.1299E+02
  0.1909E+00  0.1226E+02  0.1175E+01  0.1285E+02  0.1285E+02
  0.1916E+00  0.1116E+02  0.1174E+01  0.1272E+02  0.1272E+02
  0.1924E+00  0.1247E+02  0.1177E+01  0.1259E+02  0.1259E+02
  0.1932E+00  0.1282E+02  0.1179E+01  0.1246E+02  0.1246E+02
  0.1939E+00  0.1241E+02  0.1179E+01  0.1233E+02  0.1233E+02
  0.1947E+00  0.1396E+02  0.1173E+01  0.1220E+02  0.1220E+02
  0.1955E+00  0.1077E+02  0.1172E+01  0.1208E+02  0.1208E+02
  0.1962E+00  0.1033E+02  0.1151E+01  0.1195E+02  0.1195E+02
  0.1970E+00  0.1097E+02  0.1175E+01  0.1183E+02  0.1183E+02
  0.1978E+00  0.9899E+01  0.1162E+01  0.1171E+02  0.1171E+02
  0.1985E+00  0.1119E+02  0.1166E+01  0.1159E+02  0.1159E+02
  0.1993E+00  0.1081E+02  0.1173E+01  0.1147E+02  0.1147E+02
  0.2000E+00  0.1060E+02  0.1156E+01  0.1135E+02  0.1135E+02
  0.2008E+00  0.9753E+01  0.1161E+01  0.1124E+02  0.1124E+02
  0.2016E+00  0.1009E+02  0.1162E+01  0.1112E+02  0.1112E+02
  0.2023E+00  0.1006E+02  0.1150E+01  0.1101E+02  0.1101E+02
  0.2031E+00  0.7123E+01  0.1160E+01  0.1091E+02  0.1091E+02
  0.2039E+00  0.1045E+02  0.1150E+01  0.1080E+02  0.1080E+02
  0.2046E+00  0.1112E+02  0.1166E+01  0.1070E+02  0.1070E+02
  0.2054E+00  0.1059E+02  0.1156E+01  0.1060E+02  0.1060E+02
  0.2061E+00  0.1024E+02  0.1168E+01  0.1051E+02  0.1051E+02
  0.2069E+00  0.9820E+01  0.1182E+01  0.1042E+02  0.1042E+02
  0.2077E+00  0.9801E+01  0.1179E+01  0.1033E+02  0.1033E+02
  0.2084E+00  0.1074E+02  0.1188E+01  0.1025E+02  0.1025E+02
  0.2092E+00  0.9057E+01  0.1185E+01  0.1016E+02  0.1016E+02
  0.2100E+00  0.1004E+02  0.1175E+01  0.1008E+02  0.1008E+02
  0.2107E+00  0.1019E+02  0.1155E+01  0.1001E+02  0.1001E+02
  0.2115E+00  0.1006E+02  0.1151E+01  0.9929E+01  0.9929E+01
  0.2122E+00  0.1039E+02  0.1150E+01  0.9855E+01  0.9855E+01
  0.2130E+00  0.8654E+01  0.1151E+01  0.9783E+01  0.9783E+01
  0.2138E+00  0.1034E+02  0.1149E+01  0.9710E+01  0.9710E+01
  0.2145E+00  0.8312E+01  0.1140E+01  0.9640E+01  0.9640E+01
  0.2153E+00  0.7884E+01  0.1137E+01  0.9569E+01  0.9569E+01
  0.2161E+00  0.8281E+01  0.1152E+01  0.9499E+01  0.9499E+01
  0.2168E+00  0.7666E+01  0.1144E+01  0.9430E+01  0.9430E+01
  0.2176E+00  0.8022E+01  0.1148E+01  0.9358E+01  0.9358E+01

           Distance distribution  function of particle  


       R          P(R)      ERROR

  0.0000E+00  0.0000E+00  0.0000E+00
  0.2807E+01  0.1282E+00  0.8567E-03
  0.5614E+01  0.3048E+00  0.1038E-02
  0.8421E+01  0.5177E+00  0.8214E-03
  0.1123E+02  0.7490E+00  0.7764E-03
  0.1404E+02  0.9780E+00  0.1174E-02
  0.1684E+02  0.1184E+01  0.1571E-02
  0.1965E+02  0.1349E+01  0.1763E-02
  0.2246E+02  0.1462E+01  0.1777E-02
  0.2526E+02  0.1518E+01  0.1751E-02
  0.2807E+02  0.1517E+01  0.1793E-02
  0.3088E+02  0.1466E+01  0.1882E-02
  0.3368E+02  0.1377E+01  0.1947E-02
  0.3649E+02  0.1261E+01  0.1992E-02
  0.3930E+02  0.1132E+01  0.2084E-02
  0.4210E+02  0.9994E+00  0.2243E-02
  0.4491E+02  0.8719E+00  0.2394E-02
  0.4772E+02  0.7544E+00  0.2441E-02
  0.5053E+02  0.6494E+00  0.2375E-02
  0.5333E+02  0.5578E+00  0.2306E-02
  0.5614E+02  0.4790E+00  0.2392E-02
  0.5895E+02  0.4120E+00  0.2674E-02
  0.6175E+02  0.3558E+00  0.3041E-02
  0.6456E+02  0.3098E+00  0.3369E-02
  0.6737E+02  0.2732E+00  0.3611E-02
  0.7017E+02  0.2454E+00  0.3784E-02
  0.7298E+02  0.2257E+00  0.3924E-02
  0.7579E+02  0.2129E+00  0.4050E-02
  0.7860E+02  0.2058E+00  0.4163E-02
  0.8140E+02  0.2027E+00  0.4269E-02
  0.8421E+02  0.2020E+00  0.4387E-02
  0.8702E+02  0.2023E+00  0.4527E-02
  0.8982E+02  0.2025E+00  0.4657E-02
  0.9263E+02  0.2019E+00  0.4720E-02
  0.9544E+02  0.2003E+00  0.4664E-02
  0.9825E+02  0.1979E+00  0.4485E-02
  0.1011E+03  0.1950E+00  0.4243E-02
  0.1039E+03  0.1920E+00  0.4053E-02
  0.1067E+03  0.1895E+00  0.4038E-02
  0.1095E+03  0.1877E+00  0.4243E-02
  0.1123E+03  0.1869E+00  0.4603E-02
  0.1151E+03  0.1868E+00  0.5000E-02
  0.1179E+03  0.1874E+00  0.5324E-02
  0.1207E+03  0.1882E+00  0.5514E-02
  0.1235E+03  0.1888E+00  0.5566E-02
  0.1263E+03  0.1887E+00  0.5530E-02
  0.1291E+03  0.1876E+00  0.5490E-02
  0.1319E+03  0.1853E+00  0.5522E-02
  0.1347E+03  0.1816E+00  0.5653E-02
  0.1375E+03  0.1769E+00  0.5844E-02
  0.1403E+03  0.1715E+00  0.6023E-02
  0.1432E+03  0.1659E+00  0.6129E-02
  0.1460E+03  0.1606E+00  0.6141E-02
  0.1488E+03  0.1562E+00  0.6087E-02
  0.1516E+03  0.1529E+00  0.6032E-02
  0.1544E+03  0.1508E+00  0.6049E-02
  0.1572E+03  0.1497E+00  0.6179E-02
  0.1600E+03  0.1492E+00  0.6407E-02
  0.1628E+03  0.1488E+00  0.6681E-02
  0.1656E+03  0.1481E+00  0.6956E-02
  0.1684E+03  0.1466E+00  0.7212E-02
  0.1712E+03  0.1441E+00  0.7464E-02
  0.1740E+03  0.1409E+00  0.7726E-02
  0.1768E+03  0.1371E+00  0.7998E-02
  0.1796E+03  0.1332E+00  0.8258E-02
  0.1825E+03  0.1297E+00  0.8479E-02
  0.1853E+03  0.1268E+00  0.8641E-02
  0.1881E+03  0.1247E+00  0.8742E-02
  0.1909E+03  0.1234E+00  0.8786E-02
  0.1937E+03  0.1226E+00  0.8771E-02
  0.1965E+03  0.1218E+00  0.8687E-02
  0.1993E+03  0.1208E+00  0.8523E-02
  0.2021E+03  0.1191E+00  0.8277E-02
  0.2049E+03  0.1167E+00  0.7961E-02
  0.2077E+03  0.1135E+00  0.7599E-02
  0.2105E+03  0.1098E+00  0.7220E-02
  0.2133E+03  0.1059E+00  0.6858E-02
  0.2161E+03  0.1022E+00  0.6542E-02
  0.2189E+03  0.9906E-01  0.6305E-02
  0.2218E+03  0.9664E-01  0.6169E-02
  0.2246E+03  0.9494E-01  0.6142E-02
  0.2274E+03  0.9381E-01  0.6211E-02
  0.2302E+03  0.9293E-01  0.6350E-02
  0.2330E+03  0.9195E-01  0.6524E-02
  0.2358E+03  0.9049E-01  0.6698E-02
  0.2386E+03  0.8829E-01  0.6839E-02
  0.2414E+03  0.8523E-01  0.6922E-02
  0.2442E+03  0.8132E-01  0.6932E-02
  0.2470E+03  0.7674E-01  0.6868E-02
  0.2498E+03  0.7173E-01  0.6746E-02
  0.2526E+03  0.6657E-01  0.6590E-02
  0.2554E+03  0.6149E-01  0.6418E-02
  0.2582E+03  0.5657E-01  0.6236E-02
  0.2611E+03  0.5177E-01  0.6024E-02
  0.2639E+03  0.4689E-01  0.5738E-02
  0.2667E+03  0.4163E-01  0.5326E-02
  0.2695E+03  0.3565E-01  0.4738E-02
  0.2723E+03  0.2862E-01  0.3930E-02
  0.2751E+03  0.2035E-01  0.2877E-02
  0.2779E+03  0.1078E-01  0.1566E-02
  0.2807E+03  0.0000E+00  0.0000E+00
          Reciprocal space: Rg =   66.53     , I(0) =   0.1086E+04
     Real space: Rg =   68.01 +- 1.053  I(0) =   0.1087E+04 +-  0.1112E+02
