
           ####    G N O M   ---   Version 4.5a revised 09/02/02     ####

                                                  Sat Nov  4 16:52:15 2017
           ===    Run No   1   ===
 Run title:  0.010641 44.080138 3.076090



          To optimize the performance, some input data points 
           have been joined. New number of points equals to 257

   *******   Working Directory :
   *******    Input file(s) : 25533_C9_4.mccd.dat
           Condition P(rmin) = 0 is used. 
           Condition P(rmax) = 0 is used. 

          Experimental conditions for the first run
          -----------------------------------------

          Highest ALPHA is found to be   0.3728E+02

  The measure of inconsistency AN1 equals to    0.8990E+00
     Alpha    Discrp  Oscill  Stabil  Sysdev  Positv  Valcen    Total   
  0.3728E+05 36.7483  1.1504  0.8898  0.0703  1.0000  0.8668  0.00001
  0.7455E+04 26.7010  1.1365  0.6414  0.3516  1.0000  0.8716  0.00001
  0.1491E+04 12.7590  1.1138  0.2937  0.0391  1.0000  0.8844  0.00001
  0.2982E+03  4.8581  1.1508  0.0985  0.1172  1.0000  0.8978  0.00001
  0.5964E+02  1.7559  1.2390  0.0433  0.5234  1.0000  0.9049  0.47419
  0.1193E+02  0.9834  1.2928  0.0165  0.7422  1.0000  0.9079  0.54413
  0.2386E+01  0.8781  1.3226  0.0143  0.7422  1.0000  0.9087  0.10000
  0.4771E+00  0.8347  1.3975  0.0230  0.7578  1.0000  0.9087  0.10000
  0.9543E-01  0.8101  1.5703  0.0287  0.8203  1.0000  0.9075  0.10000
  0.1909E-01  0.7942  2.0729  0.0652  0.8047  1.0000  0.9027  0.10000
  0.3817E-02  0.7811  3.3193  0.1166  0.7891  0.9983  0.8893  0.10000
  0.7634E-03  0.7655  6.9144  0.4043  0.8047  0.9821  0.8328  0.10000
  0.1527E-03  0.7389 11.3511  0.4064  0.7891  0.9055  0.5853  0.10000
  0.3054E-04  0.7242 13.8299  0.4034  0.7891  0.8382  0.3814  0.10000
  0.6107E-05  0.7117 15.7142  0.8402  0.8359  0.7780  0.3435  0.10000
  0.1221E-05  0.6909 14.6702  0.4908  0.8516  0.7411  0.3404  0.10000
  0.2443E-06  0.6792 16.1918  0.4659  0.8828  0.7255  0.3336  0.10000
  0.4886E-07  0.6682 16.6909  0.9290  0.8984  0.7143  0.3063  0.10000
  0.9772E-08  0.6446 14.7716  0.5972  0.9141  0.7064  0.3198  0.10000
  0.1954E-08  0.6279 14.9657  0.2395  0.9297  0.7019  0.3305  0.10000
  0.3909E-09  0.6225 17.9416  0.6386  0.8984  0.7070  0.3343  0.10000
  0.7817E-10  0.6109 18.9099  0.8251  0.9141  0.6972  0.3934  0.10000
  0.1563E-10  0.5811 21.8943  0.5979  0.8984  0.6771  0.4902  0.10000
  0.3127E-11  0.5143 30.4603  0.5940  0.8828  0.6466  0.5149  0.10000
  0.6254E-12  0.3911 37.6028  0.5283  0.8984  0.6589  0.4209  0.10000
  0.1251E-12  0.2312 42.0214  0.3941  0.8828  0.6892  0.2968  0.10000
  0.2502E-13  0.0936 45.1275  0.2039  0.8984  0.7025  0.2690  0.10000
  0.5003E-14  0.0264 46.9647  0.0775  0.9297  0.7048  0.2624  0.10000
  0.1001E-14  0.0059 47.5841  0.0197  0.9297  0.7044  0.2589  0.10000
  0.2001E-15  0.0012 47.7272  0.0042  0.9297  0.7042  0.2579  0.10000
  0.4002E-16  0.0002 47.7567  0.0008  0.9297  0.7042  0.2577  0.10000

          ***  Golden section search to maximize estimate ***
     Alpha    Discrp  Oscill  Stabil  Sysdev  Positv  Valcen    Total   
  0.2206E+02  1.1270  1.2772  0.0236  0.7109  1.0000  0.9071  0.54089
  0.4257E-01  0.8023  1.7392  0.0481  0.8359  1.0000  0.9059  0.10000
  0.1509E+02  1.0249  1.2874  0.0188  0.7578  1.0000  0.9077  0.55850
  0.1744E+02  1.0580  1.2837  0.0204  0.7109  1.0000  0.9075  0.53875
  0.1379E+02  1.0075  1.2895  0.0179  0.7578  1.0000  0.9078  0.55644
  0.1595E+02  1.0368  1.2860  0.0194  0.7578  1.0000  0.9076  0.55965
  0.1650E+02  1.0446  1.2852  0.0198  0.7266  1.0000  0.9075  0.54420
  0.1561E+02  1.0322  1.2866  0.0192  0.7578  1.0000  0.9076  0.55923
  0.1616E+02  1.0397  1.2857  0.0195  0.7578  1.0000  0.9076  0.55991
  0.1629E+02  1.0416  1.2855  0.0196  0.7266  1.0000  0.9076  0.54396
  0.1607E+02  1.0386  1.2858  0.0195  0.7578  1.0000  0.9076  0.55981
  0.1621E+02  1.0404  1.2856  0.0196  0.7422  1.0000  0.9076  0.55135
  0.1612E+02  1.0393  1.2857  0.0195  0.7578  1.0000  0.9076  0.55987
  0.1616E+02  1.0397  1.2857  0.0195  0.7578  1.0000  0.9076  0.55991



             ####            Final results            ####

 Parameter    DISCRP    OSCILL    STABIL    SYSDEV    POSITV    VALCEN
 Weight        1.000     3.000     3.000     4.000     1.000     1.000
 Sigma         0.500     0.600     0.120     0.200     0.120     0.120
 Ideal         1.000     1.100     0.000     1.000     1.000     0.950
 Current       1.040     1.286     0.020     0.758     1.000     0.908
                - - - - - - - - - - - - - - - - - - - - - - - - - 
 Estimate      0.994     0.909     0.974     0.231     1.000     0.882

  Angular   range    :     from    0.0116   to    0.3225
  Real space range   :     from      0.00   to     80.95

  Highest ALPHA (theor) :   0.373E+05                 JOB = 0
  Current ALPHA         :   0.162E+02   Rg :  0.258E+02   I(0) :   0.454E+02

           Total  estimate : 0.560  which is  A REASONABLE  solution

      S          J EXP       ERROR       J REG       I REG

  0.0000E+00                                      0.4535E+02
  0.1284E-02                                      0.4534E+02
  0.2568E-02                                      0.4529E+02
  0.3851E-02                                      0.4520E+02
  0.5135E-02                                      0.4509E+02
  0.6419E-02                                      0.4494E+02
  0.7703E-02                                      0.4476E+02
  0.8986E-02                                      0.4454E+02
  0.1027E-01                                      0.4430E+02
  0.1155E-01  0.4674E+02  0.2107E+01  0.4403E+02  0.4403E+02
  0.1277E-01  0.4456E+02  0.1793E+01  0.4374E+02  0.4374E+02
  0.1399E-01  0.4443E+02  0.1885E+01  0.4342E+02  0.4342E+02
  0.1520E-01  0.4597E+02  0.1316E+01  0.4308E+02  0.4308E+02
  0.1642E-01  0.4367E+02  0.1121E+01  0.4272E+02  0.4272E+02
  0.1763E-01  0.4398E+02  0.9838E+00  0.4233E+02  0.4233E+02
  0.1885E-01  0.4297E+02  0.8826E+00  0.4191E+02  0.4191E+02
  0.2007E-01  0.4319E+02  0.7956E+00  0.4148E+02  0.4148E+02
  0.2128E-01  0.4215E+02  0.7165E+00  0.4102E+02  0.4102E+02
  0.2250E-01  0.4023E+02  0.6982E+00  0.4054E+02  0.4054E+02
  0.2371E-01  0.4108E+02  0.6095E+00  0.4004E+02  0.4004E+02
  0.2493E-01  0.4112E+02  0.5004E+00  0.3952E+02  0.3952E+02
  0.2615E-01  0.4067E+02  0.4939E+00  0.3899E+02  0.3899E+02
  0.2736E-01  0.3902E+02  0.4652E+00  0.3844E+02  0.3844E+02
  0.2858E-01  0.3866E+02  0.5396E+00  0.3787E+02  0.3787E+02
  0.2980E-01  0.3767E+02  0.4881E+00  0.3729E+02  0.3729E+02
  0.3101E-01  0.3738E+02  0.4126E+00  0.3669E+02  0.3669E+02
  0.3223E-01  0.3651E+02  0.4423E+00  0.3608E+02  0.3608E+02
  0.3344E-01  0.3545E+02  0.3929E+00  0.3546E+02  0.3546E+02
  0.3466E-01  0.3488E+02  0.3851E+00  0.3483E+02  0.3483E+02
  0.3588E-01  0.3363E+02  0.3462E+00  0.3419E+02  0.3419E+02
  0.3709E-01  0.3299E+02  0.4119E+00  0.3354E+02  0.3354E+02
  0.3831E-01  0.3338E+02  0.3735E+00  0.3289E+02  0.3289E+02
  0.3953E-01  0.3249E+02  0.3965E+00  0.3223E+02  0.3223E+02
  0.4074E-01  0.3178E+02  0.3439E+00  0.3156E+02  0.3156E+02
  0.4196E-01  0.3100E+02  0.3337E+00  0.3089E+02  0.3089E+02
  0.4317E-01  0.2935E+02  0.3107E+00  0.3022E+02  0.3022E+02
  0.4439E-01  0.2916E+02  0.3269E+00  0.2955E+02  0.2955E+02
  0.4561E-01  0.2852E+02  0.3631E+00  0.2887E+02  0.2887E+02
  0.4682E-01  0.2813E+02  0.2890E+00  0.2820E+02  0.2820E+02
  0.4804E-01  0.2660E+02  0.2877E+00  0.2753E+02  0.2753E+02
  0.4925E-01  0.2635E+02  0.2767E+00  0.2686E+02  0.2686E+02
  0.5047E-01  0.2631E+02  0.2643E+00  0.2619E+02  0.2619E+02
  0.5169E-01  0.2530E+02  0.2654E+00  0.2552E+02  0.2552E+02
  0.5290E-01  0.2466E+02  0.2597E+00  0.2486E+02  0.2486E+02
  0.5412E-01  0.2367E+02  0.2451E+00  0.2421E+02  0.2421E+02
  0.5534E-01  0.2359E+02  0.2443E+00  0.2356E+02  0.2356E+02
  0.5655E-01  0.2317E+02  0.2421E+00  0.2292E+02  0.2292E+02
  0.5777E-01  0.2205E+02  0.2746E+00  0.2229E+02  0.2229E+02
  0.5898E-01  0.2180E+02  0.2736E+00  0.2166E+02  0.2166E+02
  0.6020E-01  0.2102E+02  0.2396E+00  0.2105E+02  0.2105E+02
  0.6142E-01  0.2047E+02  0.2483E+00  0.2044E+02  0.2044E+02
  0.6263E-01  0.1940E+02  0.2518E+00  0.1984E+02  0.1984E+02
  0.6385E-01  0.1923E+02  0.2400E+00  0.1926E+02  0.1926E+02
  0.6506E-01  0.1899E+02  0.2443E+00  0.1868E+02  0.1868E+02
  0.6628E-01  0.1801E+02  0.2509E+00  0.1811E+02  0.1811E+02
  0.6750E-01  0.1763E+02  0.2326E+00  0.1756E+02  0.1756E+02
  0.6871E-01  0.1719E+02  0.2088E+00  0.1701E+02  0.1701E+02
  0.6993E-01  0.1691E+02  0.2273E+00  0.1648E+02  0.1648E+02
  0.7114E-01  0.1627E+02  0.2085E+00  0.1596E+02  0.1596E+02
  0.7236E-01  0.1614E+02  0.2252E+00  0.1546E+02  0.1546E+02
  0.7358E-01  0.1541E+02  0.2192E+00  0.1496E+02  0.1496E+02
  0.7479E-01  0.1488E+02  0.2158E+00  0.1448E+02  0.1448E+02
  0.7601E-01  0.1401E+02  0.2275E+00  0.1401E+02  0.1401E+02
  0.7723E-01  0.1423E+02  0.2001E+00  0.1355E+02  0.1355E+02
  0.7844E-01  0.1364E+02  0.1940E+00  0.1310E+02  0.1310E+02
  0.7966E-01  0.1310E+02  0.1917E+00  0.1267E+02  0.1267E+02
  0.8087E-01  0.1222E+02  0.2011E+00  0.1225E+02  0.1225E+02
  0.8209E-01  0.1185E+02  0.1969E+00  0.1184E+02  0.1184E+02
  0.8331E-01  0.1176E+02  0.1761E+00  0.1145E+02  0.1145E+02
  0.8452E-01  0.1128E+02  0.1964E+00  0.1106E+02  0.1106E+02
  0.8574E-01  0.1107E+02  0.1740E+00  0.1069E+02  0.1069E+02
  0.8696E-01  0.1106E+02  0.1950E+00  0.1033E+02  0.1033E+02
  0.8817E-01  0.1059E+02  0.1855E+00  0.9976E+01  0.9976E+01
  0.8939E-01  0.9954E+01  0.1965E+00  0.9637E+01  0.9637E+01
  0.9060E-01  0.9677E+01  0.1828E+00  0.9309E+01  0.9309E+01
  0.9182E-01  0.9094E+01  0.1767E+00  0.8991E+01  0.8991E+01
  0.9304E-01  0.9180E+01  0.1815E+00  0.8684E+01  0.8684E+01
  0.9425E-01  0.8718E+01  0.1819E+00  0.8387E+01  0.8387E+01
  0.9547E-01  0.8121E+01  0.1689E+00  0.8101E+01  0.8101E+01
  0.9668E-01  0.7943E+01  0.1847E+00  0.7823E+01  0.7823E+01
  0.9790E-01  0.7896E+01  0.1711E+00  0.7555E+01  0.7555E+01
  0.9912E-01  0.7222E+01  0.1626E+00  0.7297E+01  0.7297E+01
  0.1003E+00  0.7301E+01  0.1720E+00  0.7047E+01  0.7047E+01
  0.1015E+00  0.7242E+01  0.1602E+00  0.6805E+01  0.6805E+01
  0.1028E+00  0.6727E+01  0.1635E+00  0.6572E+01  0.6572E+01
  0.1040E+00  0.6613E+01  0.1658E+00  0.6346E+01  0.6346E+01
  0.1052E+00  0.6322E+01  0.1616E+00  0.6129E+01  0.6129E+01
  0.1064E+00  0.6036E+01  0.1653E+00  0.5918E+01  0.5918E+01
  0.1076E+00  0.5535E+01  0.1623E+00  0.5715E+01  0.5715E+01
  0.1088E+00  0.5299E+01  0.1576E+00  0.5519E+01  0.5519E+01
  0.1101E+00  0.5640E+01  0.1580E+00  0.5329E+01  0.5329E+01
  0.1113E+00  0.5115E+01  0.1576E+00  0.5146E+01  0.5146E+01
  0.1125E+00  0.4589E+01  0.1506E+00  0.4969E+01  0.4969E+01
  0.1137E+00  0.4517E+01  0.1509E+00  0.4797E+01  0.4797E+01
  0.1149E+00  0.4432E+01  0.1511E+00  0.4632E+01  0.4632E+01
  0.1161E+00  0.4255E+01  0.1594E+00  0.4472E+01  0.4472E+01
  0.1174E+00  0.4268E+01  0.1567E+00  0.4317E+01  0.4317E+01
  0.1186E+00  0.3999E+01  0.1456E+00  0.4167E+01  0.4167E+01
  0.1198E+00  0.4059E+01  0.1598E+00  0.4022E+01  0.4022E+01
  0.1210E+00  0.3878E+01  0.1612E+00  0.3882E+01  0.3882E+01
  0.1222E+00  0.3808E+01  0.1701E+00  0.3746E+01  0.3746E+01
  0.1234E+00  0.3231E+01  0.1489E+00  0.3615E+01  0.3615E+01
  0.1247E+00  0.3109E+01  0.1439E+00  0.3488E+01  0.3488E+01
  0.1259E+00  0.3210E+01  0.1500E+00  0.3365E+01  0.3365E+01
  0.1271E+00  0.3148E+01  0.1460E+00  0.3247E+01  0.3247E+01
  0.1283E+00  0.2840E+01  0.1418E+00  0.3132E+01  0.3132E+01
  0.1295E+00  0.2804E+01  0.1426E+00  0.3020E+01  0.3020E+01
  0.1307E+00  0.2767E+01  0.1446E+00  0.2913E+01  0.2913E+01
  0.1320E+00  0.2678E+01  0.1424E+00  0.2809E+01  0.2809E+01
  0.1332E+00  0.2786E+01  0.1445E+00  0.2708E+01  0.2708E+01
  0.1344E+00  0.2633E+01  0.1371E+00  0.2611E+01  0.2611E+01
  0.1356E+00  0.2663E+01  0.1444E+00  0.2517E+01  0.2517E+01
  0.1368E+00  0.2332E+01  0.1362E+00  0.2426E+01  0.2426E+01
  0.1380E+00  0.2183E+01  0.1352E+00  0.2339E+01  0.2339E+01
  0.1392E+00  0.2027E+01  0.1394E+00  0.2254E+01  0.2254E+01
  0.1405E+00  0.1822E+01  0.1377E+00  0.2172E+01  0.2172E+01
  0.1417E+00  0.1901E+01  0.1586E+00  0.2094E+01  0.2094E+01
  0.1429E+00  0.2023E+01  0.2709E+00  0.2018E+01  0.2018E+01
  0.1441E+00  0.1745E+01  0.1467E+00  0.1945E+01  0.1945E+01
  0.1453E+00  0.1730E+01  0.1409E+00  0.1875E+01  0.1875E+01
  0.1465E+00  0.1884E+01  0.1295E+00  0.1807E+01  0.1807E+01
  0.1478E+00  0.1731E+01  0.1337E+00  0.1742E+01  0.1742E+01
  0.1490E+00  0.1815E+01  0.1330E+00  0.1680E+01  0.1680E+01
  0.1502E+00  0.1606E+01  0.1317E+00  0.1620E+01  0.1620E+01
  0.1514E+00  0.1395E+01  0.1309E+00  0.1563E+01  0.1563E+01
  0.1526E+00  0.1371E+01  0.1270E+00  0.1508E+01  0.1508E+01
  0.1538E+00  0.1204E+01  0.1257E+00  0.1455E+01  0.1455E+01
  0.1551E+00  0.1632E+01  0.1277E+00  0.1405E+01  0.1405E+01
  0.1563E+00  0.1566E+01  0.1319E+00  0.1357E+01  0.1357E+01
  0.1575E+00  0.1599E+01  0.2941E+00  0.1311E+01  0.1311E+01
  0.1587E+00  0.1244E+01  0.3578E+00  0.1268E+01  0.1268E+01
  0.1599E+00  0.1113E+01  0.1568E+00  0.1226E+01  0.1226E+01
  0.1611E+00  0.9945E+00  0.1237E+00  0.1186E+01  0.1186E+01
  0.1624E+00  0.1290E+01  0.1456E+00  0.1149E+01  0.1149E+01
  0.1636E+00  0.1303E+01  0.2700E+00  0.1113E+01  0.1113E+01
  0.1648E+00  0.1141E+01  0.2940E+00  0.1079E+01  0.1079E+01
  0.1660E+00  0.8944E+00  0.1153E+00  0.1047E+01  0.1047E+01
  0.1672E+00  0.8195E+00  0.1155E+00  0.1016E+01  0.1016E+01
  0.1684E+00  0.1186E+01  0.1188E+00  0.9871E+00  0.9871E+00
  0.1696E+00  0.1011E+01  0.1139E+00  0.9597E+00  0.9597E+00
  0.1709E+00  0.9800E+00  0.1254E+00  0.9337E+00  0.9337E+00
  0.1721E+00  0.8535E+00  0.1171E+00  0.9092E+00  0.9092E+00
  0.1733E+00  0.9492E+00  0.1174E+00  0.8860E+00  0.8860E+00
  0.1745E+00  0.8718E+00  0.1184E+00  0.8641E+00  0.8641E+00
  0.1757E+00  0.6376E+00  0.1230E+00  0.8433E+00  0.8433E+00
  0.1769E+00  0.7241E+00  0.1320E+00  0.8237E+00  0.8237E+00
  0.1782E+00  0.8901E+00  0.1155E+00  0.8052E+00  0.8052E+00
  0.1794E+00  0.6925E+00  0.1194E+00  0.7876E+00  0.7876E+00
  0.1806E+00  0.5116E+00  0.1216E+00  0.7710E+00  0.7710E+00
  0.1818E+00  0.6480E+00  0.1166E+00  0.7552E+00  0.7552E+00
  0.1830E+00  0.5156E+00  0.1138E+00  0.7403E+00  0.7403E+00
  0.1842E+00  0.4275E+00  0.1110E+00  0.7260E+00  0.7260E+00
  0.1855E+00  0.4109E+00  0.1130E+00  0.7125E+00  0.7125E+00
  0.1867E+00  0.6648E+00  0.1098E+00  0.6996E+00  0.6996E+00
  0.1879E+00  0.4649E+00  0.1142E+00  0.6873E+00  0.6873E+00
  0.1891E+00  0.6719E+00  0.1147E+00  0.6755E+00  0.6755E+00
  0.1903E+00  0.5603E+00  0.1121E+00  0.6641E+00  0.6641E+00
  0.1915E+00  0.2747E+00  0.1125E+00  0.6532E+00  0.6532E+00
  0.1928E+00  0.7153E+00  0.1167E+00  0.6427E+00  0.6427E+00
  0.1940E+00  0.5928E+00  0.1088E+00  0.6326E+00  0.6326E+00
  0.1952E+00  0.8017E+00  0.1054E+00  0.6227E+00  0.6227E+00
  0.1964E+00  0.6228E+00  0.1148E+00  0.6131E+00  0.6131E+00
  0.1976E+00  0.7092E+00  0.1129E+00  0.6038E+00  0.6038E+00
  0.1988E+00  0.5284E+00  0.1110E+00  0.5947E+00  0.5947E+00
  0.2001E+00  0.5859E+00  0.1132E+00  0.5858E+00  0.5858E+00
  0.2013E+00  0.5464E+00  0.1119E+00  0.5770E+00  0.5770E+00
  0.2025E+00  0.6183E+00  0.1103E+00  0.5684E+00  0.5684E+00
  0.2037E+00  0.7016E+00  0.1138E+00  0.5600E+00  0.5600E+00
  0.2049E+00  0.5016E+00  0.1091E+00  0.5516E+00  0.5516E+00
  0.2061E+00  0.5466E+00  0.1111E+00  0.5434E+00  0.5434E+00
  0.2073E+00  0.5856E+00  0.1087E+00  0.5353E+00  0.5353E+00
  0.2086E+00  0.3247E+00  0.1052E+00  0.5273E+00  0.5273E+00
  0.2098E+00  0.4856E+00  0.1070E+00  0.5194E+00  0.5194E+00
  0.2110E+00  0.3557E+00  0.1060E+00  0.5116E+00  0.5116E+00
  0.2122E+00  0.4766E+00  0.1017E+00  0.5039E+00  0.5039E+00
  0.2134E+00  0.5986E+00  0.1048E+00  0.4962E+00  0.4962E+00
  0.2146E+00  0.3719E+00  0.1054E+00  0.4887E+00  0.4887E+00
  0.2159E+00  0.1552E+00  0.1019E+00  0.4813E+00  0.4813E+00
  0.2171E+00  0.3042E+00  0.1069E+00  0.4741E+00  0.4741E+00
  0.2183E+00  0.6712E+00  0.1046E+00  0.4669E+00  0.4669E+00
  0.2195E+00  0.3551E+00  0.1044E+00  0.4599E+00  0.4599E+00
  0.2207E+00  0.3737E+00  0.1046E+00  0.4530E+00  0.4530E+00
  0.2219E+00  0.5276E+00  0.1026E+00  0.4463E+00  0.4463E+00
  0.2232E+00  0.1379E+00  0.1002E+00  0.4398E+00  0.4398E+00
  0.2244E+00  0.1695E+00  0.1000E+00  0.4334E+00  0.4334E+00
  0.2256E+00  0.2909E+00  0.1034E+00  0.4272E+00  0.4272E+00
  0.2268E+00  0.4824E+00  0.9642E-01  0.4212E+00  0.4212E+00
  0.2280E+00  0.3290E+00  0.9995E-01  0.4154E+00  0.4154E+00
  0.2292E+00  0.3466E+00  0.9918E-01  0.4098E+00  0.4098E+00
  0.2304E+00  0.3834E+00  0.9708E-01  0.4044E+00  0.4044E+00
  0.2317E+00  0.3448E+00  0.1001E+00  0.3993E+00  0.3993E+00
  0.2329E+00  0.4448E+00  0.1002E+00  0.3944E+00  0.3944E+00
  0.2341E+00  0.4371E+00  0.9849E-01  0.3897E+00  0.3897E+00
  0.2353E+00  0.1324E+00  0.9943E-01  0.3853E+00  0.3853E+00
  0.2365E+00  0.3002E+00  0.9844E-01  0.3811E+00  0.3811E+00
  0.2377E+00  0.3339E+00  0.9736E-01  0.3771E+00  0.3771E+00
  0.2390E+00  0.3279E+00  0.9367E-01  0.3734E+00  0.3734E+00
  0.2402E+00  0.3784E+00  0.9997E-01  0.3700E+00  0.3700E+00
  0.2414E+00  0.3093E+00  0.1015E+00  0.3668E+00  0.3668E+00
  0.2426E+00  0.4572E+00  0.9511E-01  0.3638E+00  0.3638E+00
  0.2438E+00  0.3985E+00  0.9410E-01  0.3611E+00  0.3611E+00
  0.2450E+00  0.5567E+00  0.9953E-01  0.3586E+00  0.3586E+00
  0.2463E+00  0.5674E+00  0.9470E-01  0.3563E+00  0.3563E+00
  0.2475E+00  0.3775E+00  0.9270E-01  0.3542E+00  0.3542E+00
  0.2487E+00  0.3208E+00  0.9406E-01  0.3524E+00  0.3524E+00
  0.2499E+00  0.2602E+00  0.9543E-01  0.3507E+00  0.3507E+00
  0.2511E+00  0.2582E+00  0.8940E-01  0.3493E+00  0.3493E+00
  0.2523E+00  0.3174E+00  0.9211E-01  0.3479E+00  0.3479E+00
  0.2536E+00  0.4252E+00  0.9124E-01  0.3468E+00  0.3468E+00
  0.2548E+00  0.3615E+00  0.9040E-01  0.3458E+00  0.3458E+00
  0.2560E+00  0.4726E+00  0.9401E-01  0.3449E+00  0.3449E+00
  0.2572E+00  0.4420E+00  0.9120E-01  0.3442E+00  0.3442E+00
  0.2584E+00  0.2141E+00  0.9098E-01  0.3435E+00  0.3435E+00
  0.2596E+00  0.4392E+00  0.9395E-01  0.3430E+00  0.3430E+00
  0.2608E+00  0.4032E+00  0.9466E-01  0.3425E+00  0.3425E+00
  0.2621E+00  0.2496E+00  0.9344E-01  0.3420E+00  0.3420E+00
  0.2633E+00  0.3439E+00  0.8798E-01  0.3416E+00  0.3416E+00
  0.2645E+00  0.3535E+00  0.8922E-01  0.3413E+00  0.3413E+00
  0.2657E+00  0.4158E+00  0.8712E-01  0.3409E+00  0.3409E+00
  0.2669E+00  0.3550E+00  0.9378E-01  0.3405E+00  0.3405E+00
  0.2681E+00  0.3970E+00  0.9997E-01  0.3402E+00  0.3402E+00
  0.2694E+00  0.3064E+00  0.1008E+00  0.3398E+00  0.3398E+00
  0.2706E+00  0.2554E+00  0.8559E-01  0.3393E+00  0.3393E+00
  0.2718E+00  0.1079E+00  0.8813E-01  0.3388E+00  0.3388E+00
  0.2730E+00  0.3653E+00  0.8988E-01  0.3383E+00  0.3383E+00
  0.2742E+00  0.4730E+00  0.9691E-01  0.3376E+00  0.3376E+00
  0.2754E+00  0.4721E+00  0.9498E-01  0.3369E+00  0.3369E+00
  0.2767E+00  0.2454E+00  0.9014E-01  0.3361E+00  0.3361E+00
  0.2779E+00  0.2826E+00  0.9071E-01  0.3353E+00  0.3353E+00
  0.2791E+00  0.2700E+00  0.8887E-01  0.3343E+00  0.3343E+00
  0.2803E+00  0.3460E+00  0.8656E-01  0.3332E+00  0.3332E+00
  0.2815E+00  0.4385E+00  0.8562E-01  0.3320E+00  0.3320E+00
  0.2827E+00  0.3525E+00  0.8719E-01  0.3307E+00  0.3307E+00
  0.2839E+00  0.2030E+00  0.8525E-01  0.3292E+00  0.3292E+00
  0.2852E+00  0.3861E+00  0.1081E+00  0.3277E+00  0.3277E+00
  0.2864E+00  0.2843E+00  0.8512E-01  0.3261E+00  0.3261E+00
  0.2876E+00  0.2861E+00  0.1023E+00  0.3243E+00  0.3243E+00
  0.2888E+00  0.3198E+00  0.2050E+00  0.3225E+00  0.3225E+00
  0.2900E+00  0.2873E+00  0.8272E-01  0.3206E+00  0.3206E+00
  0.2912E+00  0.2357E+00  0.1192E+00  0.3185E+00  0.3185E+00
  0.2925E+00  0.3095E+00  0.1122E+00  0.3164E+00  0.3164E+00
  0.2937E+00  0.4646E+00  0.8219E-01  0.3142E+00  0.3142E+00
  0.2949E+00  0.4341E+00  0.8501E-01  0.3119E+00  0.3119E+00
  0.2961E+00  0.3236E+00  0.7972E-01  0.3095E+00  0.3095E+00
  0.2973E+00  0.3650E+00  0.8156E-01  0.3071E+00  0.3071E+00
  0.2985E+00  0.2418E+00  0.8296E-01  0.3046E+00  0.3046E+00
  0.2998E+00  0.3067E+00  0.8101E-01  0.3020E+00  0.3020E+00
  0.3010E+00  0.2738E+00  0.7908E-01  0.2995E+00  0.2995E+00
  0.3022E+00  0.3461E+00  0.7967E-01  0.2969E+00  0.2969E+00
  0.3034E+00  0.2673E+00  0.8059E-01  0.2943E+00  0.2943E+00
  0.3046E+00  0.2416E+00  0.7895E-01  0.2916E+00  0.2916E+00
  0.3058E+00  0.2836E+00  0.7672E-01  0.2890E+00  0.2890E+00
  0.3070E+00  0.3675E+00  0.7788E-01  0.2864E+00  0.2864E+00
  0.3083E+00  0.2266E+00  0.7653E-01  0.2838E+00  0.2838E+00
  0.3095E+00  0.2278E+00  0.7797E-01  0.2812E+00  0.2812E+00
  0.3107E+00  0.2244E+00  0.7586E-01  0.2786E+00  0.2786E+00
  0.3119E+00  0.3792E+00  0.7275E-01  0.2761E+00  0.2761E+00
  0.3131E+00  0.4062E+00  0.7633E-01  0.2736E+00  0.2736E+00
  0.3143E+00  0.4984E+00  0.7336E-01  0.2712E+00  0.2712E+00
  0.3156E+00  0.3035E+00  0.7679E-01  0.2688E+00  0.2688E+00
  0.3168E+00  0.3715E+00  0.8807E-01  0.2665E+00  0.2665E+00
  0.3180E+00  0.2109E+00  0.9949E-01  0.2642E+00  0.2642E+00
  0.3192E+00  0.2349E+00  0.1078E+00  0.2620E+00  0.2620E+00
  0.3204E+00  0.4397E+00  0.1195E+00  0.2599E+00  0.2599E+00
  0.3216E+00  0.5426E+00  0.1689E+00  0.2579E+00  0.2579E+00
  0.3225E+00  0.4872E-01  0.8350E+00  0.2564E+00  0.2564E+00

           Distance distribution  function of particle  


       R          P(R)      ERROR

  0.0000E+00  0.0000E+00  0.0000E+00
  0.8095E+00  0.1895E-02  0.4891E-04
  0.1619E+01  0.4011E-02  0.8287E-04
  0.2429E+01  0.6347E-02  0.1030E-03
  0.3238E+01  0.8900E-02  0.1112E-03
  0.4048E+01  0.1167E-01  0.1102E-03
  0.4857E+01  0.1465E-01  0.1036E-03
  0.5667E+01  0.1783E-01  0.9675E-04
  0.6476E+01  0.2120E-01  0.9571E-04
  0.7285E+01  0.2476E-01  0.1044E-03
  0.8095E+01  0.2849E-01  0.1217E-03
  0.8905E+01  0.3236E-01  0.1434E-03
  0.9714E+01  0.3637E-01  0.1656E-03
  0.1052E+02  0.4048E-01  0.1854E-03
  0.1133E+02  0.4468E-01  0.2013E-03
  0.1214E+02  0.4892E-01  0.2124E-03
  0.1295E+02  0.5317E-01  0.2188E-03
  0.1376E+02  0.5740E-01  0.2211E-03
  0.1457E+02  0.6157E-01  0.2205E-03
  0.1538E+02  0.6565E-01  0.2189E-03
  0.1619E+02  0.6958E-01  0.2178E-03
  0.1700E+02  0.7334E-01  0.2189E-03
  0.1781E+02  0.7689E-01  0.2231E-03
  0.1862E+02  0.8019E-01  0.2304E-03
  0.1943E+02  0.8321E-01  0.2399E-03
  0.2024E+02  0.8593E-01  0.2505E-03
  0.2105E+02  0.8832E-01  0.2609E-03
  0.2186E+02  0.9037E-01  0.2700E-03
  0.2267E+02  0.9206E-01  0.2771E-03
  0.2348E+02  0.9339E-01  0.2822E-03
  0.2429E+02  0.9435E-01  0.2853E-03
  0.2509E+02  0.9496E-01  0.2870E-03
  0.2590E+02  0.9521E-01  0.2880E-03
  0.2671E+02  0.9514E-01  0.2890E-03
  0.2752E+02  0.9474E-01  0.2904E-03
  0.2833E+02  0.9406E-01  0.2927E-03
  0.2914E+02  0.9310E-01  0.2956E-03
  0.2995E+02  0.9191E-01  0.2989E-03
  0.3076E+02  0.9050E-01  0.3021E-03
  0.3157E+02  0.8890E-01  0.3047E-03
  0.3238E+02  0.8714E-01  0.3066E-03
  0.3319E+02  0.8525E-01  0.3079E-03
  0.3400E+02  0.8326E-01  0.3088E-03
  0.3481E+02  0.8117E-01  0.3102E-03
  0.3562E+02  0.7903E-01  0.3127E-03
  0.3643E+02  0.7683E-01  0.3173E-03
  0.3724E+02  0.7460E-01  0.3245E-03
  0.3805E+02  0.7236E-01  0.3344E-03
  0.3886E+02  0.7010E-01  0.3468E-03
  0.3967E+02  0.6784E-01  0.3608E-03
  0.4048E+02  0.6559E-01  0.3756E-03
  0.4128E+02  0.6335E-01  0.3901E-03
  0.4209E+02  0.6113E-01  0.4034E-03
  0.4290E+02  0.5892E-01  0.4148E-03
  0.4371E+02  0.5674E-01  0.4238E-03
  0.4452E+02  0.5458E-01  0.4303E-03
  0.4533E+02  0.5244E-01  0.4344E-03
  0.4614E+02  0.5033E-01  0.4366E-03
  0.4695E+02  0.4826E-01  0.4374E-03
  0.4776E+02  0.4622E-01  0.4375E-03
  0.4857E+02  0.4422E-01  0.4375E-03
  0.4938E+02  0.4227E-01  0.4382E-03
  0.5019E+02  0.4036E-01  0.4398E-03
  0.5100E+02  0.3851E-01  0.4426E-03
  0.5181E+02  0.3671E-01  0.4466E-03
  0.5262E+02  0.3498E-01  0.4514E-03
  0.5343E+02  0.3330E-01  0.4569E-03
  0.5424E+02  0.3170E-01  0.4625E-03
  0.5505E+02  0.3016E-01  0.4677E-03
  0.5586E+02  0.2869E-01  0.4722E-03
  0.5666E+02  0.2730E-01  0.4755E-03
  0.5747E+02  0.2597E-01  0.4774E-03
  0.5828E+02  0.2472E-01  0.4775E-03
  0.5909E+02  0.2353E-01  0.4757E-03
  0.5990E+02  0.2240E-01  0.4720E-03
  0.6071E+02  0.2134E-01  0.4662E-03
  0.6152E+02  0.2034E-01  0.4587E-03
  0.6233E+02  0.1938E-01  0.4499E-03
  0.6314E+02  0.1848E-01  0.4402E-03
  0.6395E+02  0.1763E-01  0.4305E-03
  0.6476E+02  0.1681E-01  0.4218E-03
  0.6557E+02  0.1603E-01  0.4149E-03
  0.6638E+02  0.1528E-01  0.4107E-03
  0.6719E+02  0.1456E-01  0.4099E-03
  0.6800E+02  0.1385E-01  0.4125E-03
  0.6881E+02  0.1317E-01  0.4181E-03
  0.6962E+02  0.1249E-01  0.4258E-03
  0.7043E+02  0.1181E-01  0.4342E-03
  0.7124E+02  0.1114E-01  0.4417E-03
  0.7205E+02  0.1045E-01  0.4465E-03
  0.7286E+02  0.9750E-02  0.4471E-03
  0.7366E+02  0.9024E-02  0.4419E-03
  0.7447E+02  0.8265E-02  0.4297E-03
  0.7528E+02  0.7466E-02  0.4094E-03
  0.7609E+02  0.6617E-02  0.3802E-03
  0.7690E+02  0.5710E-02  0.3416E-03
  0.7771E+02  0.4736E-02  0.2930E-03
  0.7852E+02  0.3686E-02  0.2345E-03
  0.7933E+02  0.2552E-02  0.1660E-03
  0.8014E+02  0.1325E-02  0.8773E-04
  0.8095E+02  0.0000E+00  0.0000E+00
          Reciprocal space: Rg =   25.83     , I(0) =   0.4535E+02
     Real space: Rg =   25.86 +- 0.074  I(0) =   0.4535E+02 +-  0.1426E+00
