
           ####    G N O M   ---   Version 4.5a revised 09/02/02     ####

                                                  Sat Nov  4 16:52:02 2017
           ===    Run No   1   ===
 Run title:  0.010641 11.421652 0.520576


  Number of points omitted at the end:         216
   *******   Working Directory :
   *******    Input file(s) : 25533_C3_2.mccd.dat
           Condition P(rmin) = 0 is used. 
           Condition P(rmax) = 0 is used. 

          Experimental conditions for the first run
          -----------------------------------------

          Highest ALPHA is found to be   0.8349E+01

  The measure of inconsistency AN1 equals to    0.8046E+00
     Alpha    Discrp  Oscill  Stabil  Sysdev  Positv  Valcen    Total   
  0.8349E+04 16.7634  1.6763  0.9786  0.0000  1.0000  0.7421  0.00001
  0.1670E+04 16.1240  1.6831  0.9349  0.0000  1.0000  0.7404  0.00001
  0.3340E+03 13.6000  1.7167  0.7591  0.0136  1.0000  0.7317  0.00001
  0.6679E+02  8.0835  1.8674  0.3571  0.2102  1.0000  0.6912  0.00001
  0.1336E+02  3.5861  2.3308  0.1886  0.3390  1.0000  0.5462  0.00001
  0.2672E+01  1.5033  2.9052  0.1371  0.5017  1.0000  0.3315  0.34606
  0.5343E+00  0.7481  3.2267  0.0547  0.7932  1.0000  0.2255  0.59322
  0.1069E+00  0.6217  3.3646  0.0314  0.8746  0.9991  0.2002  0.63311
  0.2137E-01  0.6022  3.4714  0.0313  0.8475  0.9973  0.1998  0.42121
  0.4275E-02  0.5957  3.6706  0.0608  0.8475  0.9942  0.1952  0.10000
  0.8549E-03  0.5854  5.1554  0.2032  0.8610  0.9790  0.1547  0.10000
  0.1710E-03  0.5637 10.1740  0.3206  0.8610  0.9021  0.1693  0.10000
  0.3420E-04  0.5486 14.1200  0.2868  0.8881  0.8181  0.2103  0.10000
  0.6840E-05  0.5397 17.9338  0.5993  0.9153  0.7504  0.1915  0.10000
  0.1368E-05  0.5309 18.9849  0.3399  0.9153  0.7276  0.2295  0.10000
  0.2736E-06  0.5276 22.0511  0.5014  0.8881  0.7074  0.2004  0.10000
  0.5472E-07  0.5247 23.5049  0.6792  0.9017  0.7074  0.2198  0.10000
  0.1094E-07  0.5216 23.9784  0.6459  0.8746  0.7057  0.2158  0.10000
  0.2189E-08  0.5176 21.4712  0.9498  0.8746  0.7052  0.2652  0.10000
  0.4377E-09  0.5083 19.1303  0.6298  0.9017  0.7054  0.2858  0.10000
  0.8755E-10  0.5006 19.3977  0.3171  0.9153  0.7014  0.3115  0.10000
  0.1751E-10  0.4954 24.7232  0.6269  0.9153  0.7040  0.3603  0.10000
  0.3502E-11  0.4787 31.8205  0.7812  0.9288  0.7344  0.3773  0.10000
  0.7004E-12  0.4295 36.4503  0.6828  0.9153  0.7456  0.3557  0.10000
  0.1401E-12  0.3389 39.5531  0.5658  0.9153  0.7408  0.3007  0.10000
  0.2801E-13  0.2182 42.2361  0.4478  0.9356  0.7306  0.2371  0.10000
  0.5603E-14  0.1020 44.5644  0.2611  0.9356  0.7266  0.2475  0.10000
  0.1121E-14  0.0328 46.6484  0.1110  0.9763  0.7260  0.2464  0.10000
  0.2241E-15  0.0077 47.5659  0.0300  0.9627  0.7261  0.2426  0.10000
  0.4482E-16  0.0016 47.7979  0.0065  0.9627  0.7262  0.2414  0.10000
  0.8965E-17  0.0003 47.8467  0.0013  0.9627  0.7262  0.2412  0.10000

          ***  Golden section search to maximize estimate ***
     Alpha    Discrp  Oscill  Stabil  Sysdev  Positv  Valcen    Total   
  0.1976E+00  0.6432  3.3233  0.0361  0.8339  0.9996  0.2045  0.62810
  0.8450E-01  0.6168  3.3790  0.0306  0.8746  0.9989  0.1996  0.60537
  0.1352E+00  0.6280  3.3497  0.0327  0.8881  0.9993  0.2014  0.66633
  0.1563E+00  0.6330  3.3400  0.0338  0.8610  0.9994  0.2023  0.65195
  0.1236E+00  0.6254  3.3555  0.0321  0.8610  0.9992  0.2009  0.63493
  0.1429E+00  0.6298  3.3460  0.0331  0.8746  0.9994  0.2017  0.65845
  0.1306E+00  0.6270  3.3519  0.0325  0.8881  0.9993  0.2012  0.66365
  0.1380E+00  0.6287  3.3483  0.0329  0.8746  0.9993  0.2015  0.65601
  0.1334E+00  0.6276  3.3505  0.0326  0.8881  0.9993  0.2013  0.66533
  0.1363E+00  0.6283  3.3492  0.0328  0.8746  0.9993  0.2014  0.65504
  0.1345E+00  0.6279  3.3500  0.0327  0.8881  0.9993  0.2013  0.66595
  0.1356E+00  0.6281  3.3495  0.0327  0.8881  0.9993  0.2014  0.66657
  0.1358E+00  0.6282  3.3494  0.0327  0.8881  0.9993  0.2014  0.66671
  0.1360E+00  0.6282  3.3493  0.0327  0.8881  0.9993  0.2014  0.66680
  0.1360E+00  0.6282  3.3493  0.0327  0.8881  0.9993  0.2014  0.66680



             ####            Final results            ####

 Parameter    DISCRP    OSCILL    STABIL    SYSDEV    POSITV    VALCEN
 Weight        1.000     3.000     3.000     4.000     1.000     1.000
 Sigma         0.500     0.600     0.120     0.200     0.120     0.120
 Ideal         1.000     1.100     0.000     1.000     1.000     0.950
 Current       0.628     3.349     0.033     0.888     0.999     0.201
                - - - - - - - - - - - - - - - - - - - - - - - - - 
 Estimate      0.575     0.000     0.928     0.731     1.000     0.000

  Angular   range    :     from    0.0112   to    0.1906
  Real space range   :     from      0.00   to    201.30

  Highest ALPHA (theor) :   0.835E+04                 JOB = 0
  Current ALPHA         :   0.136E+00   Rg :  0.219E+02   I(0) :   0.837E+01

           Total  estimate : 0.667  which is  A REASONABLE  solution

      S          J EXP       ERROR       J REG       I REG

  0.0000E+00                                      0.8369E+01
  0.6250E-03                                      0.8369E+01
  0.1250E-02                                      0.8367E+01
  0.1875E-02                                      0.8365E+01
  0.2500E-02                                      0.8361E+01
  0.3125E-02                                      0.8357E+01
  0.3750E-02                                      0.8351E+01
  0.4375E-02                                      0.8345E+01
  0.5000E-02                                      0.8337E+01
  0.5625E-02                                      0.8328E+01
  0.6250E-02                                      0.8318E+01
  0.6875E-02                                      0.8307E+01
  0.7500E-02                                      0.8295E+01
  0.8125E-02                                      0.8282E+01
  0.8750E-02                                      0.8267E+01
  0.9375E-02                                      0.8252E+01
  0.1000E-01                                      0.8235E+01
  0.1063E-01                                      0.8216E+01
  0.1125E-01  0.9272E+01  0.7725E+00  0.8197E+01  0.8197E+01
  0.1186E-01  0.3300E+01  0.2327E+01  0.8176E+01  0.8176E+01
  0.1247E-01  0.5173E+01  0.1110E+01  0.8155E+01  0.8155E+01
  0.1307E-01  0.5212E+01  0.1171E+01  0.8132E+01  0.8132E+01
  0.1368E-01  0.6590E+01  0.1128E+01  0.8108E+01  0.8108E+01
  0.1429E-01  0.7812E+01  0.8133E+00  0.8082E+01  0.8082E+01
  0.1490E-01  0.8118E+01  0.6938E+00  0.8056E+01  0.8056E+01
  0.1551E-01  0.8665E+01  0.8803E+00  0.8028E+01  0.8028E+01
  0.1611E-01  0.9502E+01  0.8053E+00  0.7998E+01  0.7998E+01
  0.1672E-01  0.7580E+01  0.7108E+00  0.7967E+01  0.7967E+01
  0.1733E-01  0.8463E+01  0.7082E+00  0.7935E+01  0.7935E+01
  0.1794E-01  0.7907E+01  0.8000E+00  0.7902E+01  0.7902E+01
  0.1855E-01  0.7173E+01  0.5191E+00  0.7867E+01  0.7867E+01
  0.1916E-01  0.7806E+01  0.4645E+00  0.7831E+01  0.7831E+01
  0.1976E-01  0.7758E+01  0.4671E+00  0.7794E+01  0.7794E+01
  0.2037E-01  0.7957E+01  0.4040E+00  0.7755E+01  0.7755E+01
  0.2098E-01  0.8011E+01  0.6161E+00  0.7715E+01  0.7715E+01
  0.2159E-01  0.7280E+01  0.3687E+00  0.7674E+01  0.7674E+01
  0.2219E-01  0.7975E+01  0.4021E+00  0.7632E+01  0.7632E+01
  0.2280E-01  0.7968E+01  0.4070E+00  0.7588E+01  0.7588E+01
  0.2341E-01  0.7602E+01  0.4529E+00  0.7544E+01  0.7544E+01
  0.2402E-01  0.7506E+01  0.3533E+00  0.7498E+01  0.7498E+01
  0.2463E-01  0.7781E+01  0.3128E+00  0.7451E+01  0.7451E+01
  0.2524E-01  0.7309E+01  0.3787E+00  0.7404E+01  0.7404E+01
  0.2584E-01  0.7436E+01  0.3034E+00  0.7355E+01  0.7355E+01
  0.2645E-01  0.7205E+01  0.3143E+00  0.7305E+01  0.7305E+01
  0.2706E-01  0.7207E+01  0.3597E+00  0.7255E+01  0.7255E+01
  0.2767E-01  0.6981E+01  0.2804E+00  0.7204E+01  0.7204E+01
  0.2828E-01  0.7377E+01  0.2941E+00  0.7152E+01  0.7152E+01
  0.2888E-01  0.7578E+01  0.2824E+00  0.7099E+01  0.7099E+01
  0.2949E-01  0.6827E+01  0.2138E+00  0.7046E+01  0.7046E+01
  0.3010E-01  0.7402E+01  0.2949E+00  0.6992E+01  0.6992E+01
  0.3071E-01  0.7042E+01  0.2505E+00  0.6938E+01  0.6938E+01
  0.3132E-01  0.6788E+01  0.2816E+00  0.6883E+01  0.6883E+01
  0.3192E-01  0.6989E+01  0.3037E+00  0.6828E+01  0.6828E+01
  0.3253E-01  0.6687E+01  0.2869E+00  0.6772E+01  0.6772E+01
  0.3314E-01  0.7010E+01  0.2605E+00  0.6716E+01  0.6716E+01
  0.3375E-01  0.6667E+01  0.2555E+00  0.6660E+01  0.6660E+01
  0.3436E-01  0.6362E+01  0.2166E+00  0.6603E+01  0.6603E+01
  0.3496E-01  0.6707E+01  0.2262E+00  0.6547E+01  0.6547E+01
  0.3557E-01  0.6437E+01  0.2274E+00  0.6490E+01  0.6490E+01
  0.3618E-01  0.6403E+01  0.2163E+00  0.6433E+01  0.6433E+01
  0.3679E-01  0.6032E+01  0.2423E+00  0.6376E+01  0.6376E+01
  0.3740E-01  0.6084E+01  0.2407E+00  0.6320E+01  0.6320E+01
  0.3800E-01  0.6197E+01  0.2410E+00  0.6263E+01  0.6263E+01
  0.3861E-01  0.5885E+01  0.2376E+00  0.6206E+01  0.6206E+01
  0.3922E-01  0.5865E+01  0.2269E+00  0.6149E+01  0.6149E+01
  0.3983E-01  0.5977E+01  0.2198E+00  0.6093E+01  0.6093E+01
  0.4044E-01  0.5736E+01  0.2157E+00  0.6036E+01  0.6036E+01
  0.4104E-01  0.6142E+01  0.2090E+00  0.5980E+01  0.5980E+01
  0.4165E-01  0.5619E+01  0.2450E+00  0.5923E+01  0.5923E+01
  0.4226E-01  0.5705E+01  0.2103E+00  0.5867E+01  0.5867E+01
  0.4287E-01  0.5965E+01  0.1922E+00  0.5812E+01  0.5812E+01
  0.4348E-01  0.5785E+01  0.1961E+00  0.5756E+01  0.5756E+01
  0.4409E-01  0.6036E+01  0.1956E+00  0.5700E+01  0.5700E+01
  0.4469E-01  0.6004E+01  0.1949E+00  0.5645E+01  0.5645E+01
  0.4530E-01  0.5794E+01  0.1749E+00  0.5590E+01  0.5590E+01
  0.4591E-01  0.5503E+01  0.1840E+00  0.5535E+01  0.5535E+01
  0.4652E-01  0.5594E+01  0.1794E+00  0.5480E+01  0.5480E+01
  0.4713E-01  0.5305E+01  0.1872E+00  0.5426E+01  0.5426E+01
  0.4773E-01  0.5319E+01  0.1825E+00  0.5371E+01  0.5371E+01
  0.4834E-01  0.5153E+01  0.1815E+00  0.5317E+01  0.5317E+01
  0.4895E-01  0.5073E+01  0.1805E+00  0.5263E+01  0.5263E+01
  0.4956E-01  0.5114E+01  0.1888E+00  0.5209E+01  0.5209E+01
  0.5017E-01  0.5010E+01  0.1892E+00  0.5155E+01  0.5155E+01
  0.5078E-01  0.5010E+01  0.1925E+00  0.5102E+01  0.5102E+01
  0.5138E-01  0.5060E+01  0.1724E+00  0.5048E+01  0.5048E+01
  0.5199E-01  0.5043E+01  0.1823E+00  0.4995E+01  0.4995E+01
  0.5260E-01  0.5095E+01  0.1685E+00  0.4942E+01  0.4942E+01
  0.5321E-01  0.5319E+01  0.1657E+00  0.4888E+01  0.4888E+01
  0.5382E-01  0.4892E+01  0.1658E+00  0.4835E+01  0.4835E+01
  0.5442E-01  0.5090E+01  0.1687E+00  0.4782E+01  0.4782E+01
  0.5503E-01  0.5011E+01  0.1602E+00  0.4729E+01  0.4729E+01
  0.5564E-01  0.4937E+01  0.1709E+00  0.4677E+01  0.4677E+01
  0.5625E-01  0.4585E+01  0.1943E+00  0.4624E+01  0.4624E+01
  0.5686E-01  0.4728E+01  0.1610E+00  0.4571E+01  0.4571E+01
  0.5746E-01  0.4551E+01  0.1847E+00  0.4519E+01  0.4519E+01
  0.5807E-01  0.4473E+01  0.1625E+00  0.4466E+01  0.4466E+01
  0.5868E-01  0.4600E+01  0.1794E+00  0.4414E+01  0.4414E+01
  0.5929E-01  0.4398E+01  0.1456E+00  0.4362E+01  0.4362E+01
  0.5990E-01  0.4355E+01  0.1529E+00  0.4310E+01  0.4310E+01
  0.6050E-01  0.4123E+01  0.1466E+00  0.4258E+01  0.4258E+01
  0.6111E-01  0.4299E+01  0.1629E+00  0.4206E+01  0.4206E+01
  0.6172E-01  0.3951E+01  0.1528E+00  0.4154E+01  0.4154E+01
  0.6233E-01  0.3821E+01  0.1740E+00  0.4103E+01  0.4103E+01
  0.6294E-01  0.4068E+01  0.1651E+00  0.4051E+01  0.4051E+01
  0.6354E-01  0.3997E+01  0.1819E+00  0.4000E+01  0.4000E+01
  0.6415E-01  0.4044E+01  0.1510E+00  0.3950E+01  0.3950E+01
  0.6476E-01  0.3716E+01  0.1652E+00  0.3899E+01  0.3899E+01
  0.6537E-01  0.3654E+01  0.1658E+00  0.3849E+01  0.3849E+01
  0.6598E-01  0.3403E+01  0.1503E+00  0.3799E+01  0.3799E+01
  0.6659E-01  0.3626E+01  0.1681E+00  0.3749E+01  0.3749E+01
  0.6719E-01  0.3559E+01  0.1519E+00  0.3700E+01  0.3700E+01
  0.6780E-01  0.3535E+01  0.1663E+00  0.3651E+01  0.3651E+01
  0.6841E-01  0.3593E+01  0.1421E+00  0.3602E+01  0.3602E+01
  0.6902E-01  0.3687E+01  0.1418E+00  0.3554E+01  0.3554E+01
  0.6963E-01  0.3626E+01  0.1384E+00  0.3506E+01  0.3506E+01
  0.7023E-01  0.3588E+01  0.1512E+00  0.3459E+01  0.3459E+01
  0.7084E-01  0.3570E+01  0.1382E+00  0.3412E+01  0.3412E+01
  0.7145E-01  0.3174E+01  0.1540E+00  0.3365E+01  0.3365E+01
  0.7206E-01  0.3350E+01  0.1437E+00  0.3319E+01  0.3319E+01
  0.7267E-01  0.3194E+01  0.1434E+00  0.3274E+01  0.3274E+01
  0.7327E-01  0.3206E+01  0.1601E+00  0.3229E+01  0.3229E+01
  0.7388E-01  0.3584E+01  0.1395E+00  0.3184E+01  0.3184E+01
  0.7449E-01  0.3007E+01  0.1352E+00  0.3140E+01  0.3140E+01
  0.7510E-01  0.3286E+01  0.1378E+00  0.3096E+01  0.3096E+01
  0.7571E-01  0.3071E+01  0.1370E+00  0.3053E+01  0.3053E+01
  0.7631E-01  0.2961E+01  0.1406E+00  0.3011E+01  0.3011E+01
  0.7692E-01  0.3150E+01  0.1225E+00  0.2969E+01  0.2969E+01
  0.7753E-01  0.2927E+01  0.1212E+00  0.2927E+01  0.2927E+01
  0.7814E-01  0.2995E+01  0.1444E+00  0.2886E+01  0.2886E+01
  0.7875E-01  0.2885E+01  0.1340E+00  0.2846E+01  0.2846E+01
  0.7935E-01  0.2822E+01  0.1191E+00  0.2806E+01  0.2806E+01
  0.7996E-01  0.2694E+01  0.1490E+00  0.2766E+01  0.2766E+01
  0.8057E-01  0.3011E+01  0.1285E+00  0.2727E+01  0.2727E+01
  0.8118E-01  0.2884E+01  0.1373E+00  0.2688E+01  0.2688E+01
  0.8179E-01  0.2722E+01  0.1369E+00  0.2650E+01  0.2650E+01
  0.8239E-01  0.2516E+01  0.1304E+00  0.2612E+01  0.2612E+01
  0.8300E-01  0.2608E+01  0.1339E+00  0.2574E+01  0.2574E+01
  0.8361E-01  0.2466E+01  0.1288E+00  0.2537E+01  0.2537E+01
  0.8422E-01  0.2712E+01  0.1249E+00  0.2501E+01  0.2501E+01
  0.8483E-01  0.2511E+01  0.1267E+00  0.2464E+01  0.2464E+01
  0.8544E-01  0.2735E+01  0.1315E+00  0.2428E+01  0.2428E+01
  0.8604E-01  0.2598E+01  0.1225E+00  0.2393E+01  0.2393E+01
  0.8665E-01  0.2436E+01  0.1255E+00  0.2357E+01  0.2357E+01
  0.8726E-01  0.2299E+01  0.1265E+00  0.2322E+01  0.2322E+01
  0.8787E-01  0.2155E+01  0.1203E+00  0.2287E+01  0.2287E+01
  0.8847E-01  0.2086E+01  0.1297E+00  0.2253E+01  0.2253E+01
  0.8908E-01  0.2179E+01  0.1265E+00  0.2218E+01  0.2218E+01
  0.8969E-01  0.2128E+01  0.1152E+00  0.2184E+01  0.2184E+01
  0.9030E-01  0.2232E+01  0.1204E+00  0.2150E+01  0.2150E+01
  0.9091E-01  0.2024E+01  0.1300E+00  0.2116E+01  0.2116E+01
  0.9151E-01  0.2041E+01  0.1250E+00  0.2083E+01  0.2083E+01
  0.9212E-01  0.1974E+01  0.1302E+00  0.2050E+01  0.2050E+01
  0.9273E-01  0.2113E+01  0.1380E+00  0.2017E+01  0.2017E+01
  0.9334E-01  0.1793E+01  0.1197E+00  0.1984E+01  0.1984E+01
  0.9395E-01  0.1814E+01  0.1215E+00  0.1951E+01  0.1951E+01
  0.9456E-01  0.1833E+01  0.1109E+00  0.1918E+01  0.1918E+01
  0.9516E-01  0.1879E+01  0.1174E+00  0.1886E+01  0.1886E+01
  0.9577E-01  0.2026E+01  0.1314E+00  0.1854E+01  0.1854E+01
  0.9638E-01  0.1978E+01  0.1238E+00  0.1822E+01  0.1822E+01
  0.9699E-01  0.1688E+01  0.1004E+00  0.1790E+01  0.1790E+01
  0.9760E-01  0.1645E+01  0.1322E+00  0.1759E+01  0.1759E+01
  0.9820E-01  0.1737E+01  0.1250E+00  0.1728E+01  0.1728E+01
  0.9881E-01  0.1675E+01  0.1149E+00  0.1697E+01  0.1697E+01
  0.9942E-01  0.1623E+01  0.1175E+00  0.1666E+01  0.1666E+01
  0.1000E+00  0.1739E+01  0.1237E+00  0.1635E+01  0.1635E+01
  0.1006E+00  0.1809E+01  0.1035E+00  0.1605E+01  0.1605E+01
  0.1012E+00  0.1651E+01  0.1041E+00  0.1575E+01  0.1575E+01
  0.1019E+00  0.1571E+01  0.1088E+00  0.1546E+01  0.1546E+01
  0.1025E+00  0.1862E+01  0.1122E+00  0.1517E+01  0.1517E+01
  0.1031E+00  0.1525E+01  0.1720E+00  0.1488E+01  0.1488E+01
  0.1037E+00  0.1541E+01  0.1036E+00  0.1460E+01  0.1460E+01
  0.1043E+00  0.1577E+01  0.1638E+00  0.1432E+01  0.1432E+01
  0.1049E+00  0.1322E+01  0.1049E+00  0.1404E+01  0.1404E+01
  0.1055E+00  0.1282E+01  0.1409E+00  0.1377E+01  0.1377E+01
  0.1061E+00  0.1428E+01  0.1167E+00  0.1350E+01  0.1350E+01
  0.1067E+00  0.1536E+01  0.1201E+00  0.1324E+01  0.1324E+01
  0.1073E+00  0.1337E+01  0.1145E+00  0.1299E+01  0.1299E+01
  0.1079E+00  0.1506E+01  0.1264E+00  0.1273E+01  0.1273E+01
  0.1085E+00  0.1149E+01  0.1054E+00  0.1249E+01  0.1249E+01
  0.1091E+00  0.1241E+01  0.1148E+00  0.1225E+01  0.1225E+01
  0.1098E+00  0.1040E+01  0.1127E+00  0.1201E+01  0.1201E+01
  0.1104E+00  0.1163E+01  0.1103E+00  0.1178E+01  0.1178E+01
  0.1110E+00  0.1170E+01  0.1018E+00  0.1156E+01  0.1156E+01
  0.1116E+00  0.1133E+01  0.9879E-01  0.1134E+01  0.1134E+01
  0.1122E+00  0.1189E+01  0.1078E+00  0.1113E+01  0.1113E+01
  0.1128E+00  0.9703E+00  0.1016E+00  0.1092E+01  0.1092E+01
  0.1134E+00  0.1077E+01  0.1044E+00  0.1072E+01  0.1072E+01
  0.1140E+00  0.9746E+00  0.1035E+00  0.1052E+01  0.1052E+01
  0.1146E+00  0.1003E+01  0.1033E+00  0.1033E+01  0.1033E+01
  0.1152E+00  0.9317E+00  0.9944E-01  0.1015E+01  0.1015E+01
  0.1158E+00  0.9429E+00  0.1050E+00  0.9968E+00  0.9968E+00
  0.1164E+00  0.9828E+00  0.9773E-01  0.9795E+00  0.9795E+00
  0.1171E+00  0.9319E+00  0.9804E-01  0.9627E+00  0.9627E+00
  0.1177E+00  0.7224E+00  0.1043E+00  0.9465E+00  0.9465E+00
  0.1183E+00  0.8734E+00  0.1073E+00  0.9308E+00  0.9308E+00
  0.1189E+00  0.8235E+00  0.1019E+00  0.9155E+00  0.9155E+00
  0.1195E+00  0.8149E+00  0.1137E+00  0.9008E+00  0.9008E+00
  0.1201E+00  0.8183E+00  0.9536E-01  0.8866E+00  0.8866E+00
  0.1207E+00  0.7935E+00  0.1021E+00  0.8728E+00  0.8728E+00
  0.1213E+00  0.9769E+00  0.1043E+00  0.8594E+00  0.8594E+00
  0.1219E+00  0.8338E+00  0.9521E-01  0.8465E+00  0.8465E+00
  0.1225E+00  0.8698E+00  0.1000E+00  0.8340E+00  0.8340E+00
  0.1231E+00  0.8288E+00  0.1048E+00  0.8218E+00  0.8218E+00
  0.1237E+00  0.7400E+00  0.1010E+00  0.8100E+00  0.8100E+00
  0.1244E+00  0.7951E+00  0.9476E-01  0.7986E+00  0.7986E+00
  0.1250E+00  0.7796E+00  0.1043E+00  0.7874E+00  0.7874E+00
  0.1256E+00  0.8064E+00  0.9531E-01  0.7766E+00  0.7766E+00
  0.1262E+00  0.7460E+00  0.9693E-01  0.7661E+00  0.7661E+00
  0.1268E+00  0.8686E+00  0.9584E-01  0.7558E+00  0.7558E+00
  0.1274E+00  0.6919E+00  0.1014E+00  0.7458E+00  0.7458E+00
  0.1280E+00  0.6403E+00  0.9295E-01  0.7361E+00  0.7361E+00
  0.1286E+00  0.6018E+00  0.9202E-01  0.7265E+00  0.7265E+00
  0.1292E+00  0.5691E+00  0.9986E-01  0.7172E+00  0.7172E+00
  0.1298E+00  0.5999E+00  0.9406E-01  0.7080E+00  0.7080E+00
  0.1304E+00  0.7809E+00  0.9864E-01  0.6990E+00  0.6990E+00
  0.1310E+00  0.7175E+00  0.9648E-01  0.6902E+00  0.6902E+00
  0.1316E+00  0.8046E+00  0.8952E-01  0.6815E+00  0.6815E+00
  0.1323E+00  0.6650E+00  0.9216E-01  0.6730E+00  0.6730E+00
  0.1329E+00  0.6487E+00  0.9443E-01  0.6646E+00  0.6646E+00
  0.1335E+00  0.7428E+00  0.9316E-01  0.6563E+00  0.6563E+00
  0.1341E+00  0.4239E+00  0.1032E+00  0.6482E+00  0.6482E+00
  0.1347E+00  0.6354E+00  0.1004E+00  0.6401E+00  0.6401E+00
  0.1353E+00  0.7819E+00  0.9723E-01  0.6322E+00  0.6322E+00
  0.1359E+00  0.6641E+00  0.9435E-01  0.6244E+00  0.6244E+00
  0.1365E+00  0.5530E+00  0.9961E-01  0.6167E+00  0.6167E+00
  0.1371E+00  0.6917E+00  0.9494E-01  0.6091E+00  0.6091E+00
  0.1377E+00  0.5865E+00  0.9378E-01  0.6016E+00  0.6016E+00
  0.1383E+00  0.5271E+00  0.9775E-01  0.5942E+00  0.5942E+00
  0.1389E+00  0.5274E+00  0.1214E+00  0.5869E+00  0.5869E+00
  0.1396E+00  0.4690E+00  0.9969E-01  0.5797E+00  0.5797E+00
  0.1402E+00  0.6193E+00  0.1336E+00  0.5726E+00  0.5726E+00
  0.1408E+00  0.5788E+00  0.9124E-01  0.5657E+00  0.5657E+00
  0.1414E+00  0.6087E+00  0.9270E-01  0.5588E+00  0.5588E+00
  0.1420E+00  0.7006E+00  0.9886E-01  0.5521E+00  0.5521E+00
  0.1426E+00  0.5776E+00  0.9980E-01  0.5454E+00  0.5454E+00
  0.1432E+00  0.6742E+00  0.1016E+00  0.5390E+00  0.5390E+00
  0.1438E+00  0.6158E+00  0.9560E-01  0.5326E+00  0.5326E+00
  0.1444E+00  0.5232E+00  0.9453E-01  0.5263E+00  0.5263E+00
  0.1450E+00  0.7697E+00  0.8699E-01  0.5202E+00  0.5202E+00
  0.1456E+00  0.3477E+00  0.9588E-01  0.5143E+00  0.5143E+00
  0.1462E+00  0.4171E+00  0.1001E+00  0.5084E+00  0.5084E+00
  0.1468E+00  0.4125E+00  0.9046E-01  0.5027E+00  0.5027E+00
  0.1475E+00  0.4812E+00  0.5528E+00  0.4972E+00  0.4972E+00
  0.1481E+00  0.3179E+00  0.8900E-01  0.4917E+00  0.4917E+00
  0.1487E+00  0.4142E+00  0.2082E+00  0.4864E+00  0.4864E+00
  0.1493E+00  0.3220E+00  0.8363E-01  0.4813E+00  0.4813E+00
  0.1499E+00  0.3514E+00  0.8756E-01  0.4763E+00  0.4763E+00
  0.1505E+00  0.5017E+00  0.8092E-01  0.4714E+00  0.4714E+00
  0.1511E+00  0.4530E+00  0.8838E-01  0.4667E+00  0.4667E+00
  0.1517E+00  0.4241E+00  0.8451E-01  0.4621E+00  0.4621E+00
  0.1523E+00  0.5732E+00  0.8454E-01  0.4576E+00  0.4576E+00
  0.1529E+00  0.5851E+00  0.8650E-01  0.4532E+00  0.4532E+00
  0.1535E+00  0.4173E+00  0.8696E-01  0.4490E+00  0.4490E+00
  0.1541E+00  0.3735E+00  0.8638E-01  0.4449E+00  0.4449E+00
  0.1548E+00  0.3580E+00  0.8270E-01  0.4408E+00  0.4408E+00
  0.1554E+00  0.2370E+00  0.8684E-01  0.4369E+00  0.4369E+00
  0.1560E+00  0.3520E+00  0.8837E-01  0.4331E+00  0.4331E+00
  0.1566E+00  0.3766E+00  0.8762E-01  0.4294E+00  0.4294E+00
  0.1572E+00  0.3967E+00  0.8322E-01  0.4257E+00  0.4257E+00
  0.1578E+00  0.4666E+00  0.8866E-01  0.4221E+00  0.4221E+00
  0.1584E+00  0.5247E+00  0.8025E-01  0.4186E+00  0.4186E+00
  0.1590E+00  0.4589E+00  0.8878E-01  0.4152E+00  0.4152E+00
  0.1596E+00  0.3427E+00  0.8170E-01  0.4118E+00  0.4118E+00
  0.1602E+00  0.2943E+00  0.8131E-01  0.4084E+00  0.4084E+00
  0.1608E+00  0.4066E+00  0.8342E-01  0.4051E+00  0.4051E+00
  0.1614E+00  0.2916E+00  0.8511E-01  0.4018E+00  0.4018E+00
  0.1620E+00  0.5051E+00  0.8227E-01  0.3985E+00  0.3985E+00
  0.1627E+00  0.4187E+00  0.7896E-01  0.3953E+00  0.3953E+00
  0.1633E+00  0.3169E+00  0.7971E-01  0.3921E+00  0.3921E+00
  0.1639E+00  0.4531E+00  0.8351E-01  0.3889E+00  0.3889E+00
  0.1645E+00  0.3761E+00  0.8209E-01  0.3856E+00  0.3856E+00
  0.1651E+00  0.4189E+00  0.8228E-01  0.3824E+00  0.3824E+00
  0.1657E+00  0.5624E+00  0.7863E-01  0.3792E+00  0.3792E+00
  0.1663E+00  0.4107E+00  0.7387E-01  0.3760E+00  0.3760E+00
  0.1669E+00  0.3944E+00  0.7575E-01  0.3727E+00  0.3727E+00
  0.1675E+00  0.4020E+00  0.8340E-01  0.3695E+00  0.3695E+00
  0.1681E+00  0.3480E+00  0.8309E-01  0.3662E+00  0.3662E+00
  0.1687E+00  0.4652E+00  0.7865E-01  0.3629E+00  0.3629E+00
  0.1693E+00  0.3946E+00  0.8179E-01  0.3596E+00  0.3596E+00
  0.1700E+00  0.5030E+00  0.8636E-01  0.3563E+00  0.3563E+00
  0.1706E+00  0.3751E+00  0.8098E-01  0.3530E+00  0.3530E+00
  0.1712E+00  0.4608E+00  0.8548E-01  0.3496E+00  0.3496E+00
  0.1718E+00  0.3609E+00  0.8632E-01  0.3463E+00  0.3463E+00
  0.1724E+00  0.3379E+00  0.7575E-01  0.3429E+00  0.3429E+00
  0.1730E+00  0.4035E+00  0.7732E-01  0.3396E+00  0.3396E+00
  0.1736E+00  0.2873E+00  0.8219E-01  0.3362E+00  0.3362E+00
  0.1742E+00  0.3252E+00  0.7901E-01  0.3329E+00  0.3329E+00
  0.1748E+00  0.3899E+00  0.8469E-01  0.3295E+00  0.3295E+00
  0.1754E+00  0.3260E+00  0.8479E-01  0.3262E+00  0.3262E+00
  0.1760E+00  0.3139E+00  0.7923E-01  0.3229E+00  0.3229E+00
  0.1766E+00  0.2915E+00  0.8052E-01  0.3196E+00  0.3196E+00
  0.1773E+00  0.3500E+00  0.8666E-01  0.3163E+00  0.3163E+00
  0.1779E+00  0.2218E+00  0.8121E-01  0.3131E+00  0.3131E+00
  0.1785E+00  0.4342E+00  0.8322E-01  0.3099E+00  0.3099E+00
  0.1791E+00  0.2003E+00  0.8189E-01  0.3068E+00  0.3068E+00
  0.1797E+00  0.3555E+00  0.8050E-01  0.3036E+00  0.3036E+00
  0.1803E+00  0.1411E+00  0.8471E-01  0.3006E+00  0.3006E+00
  0.1809E+00  0.1406E+00  0.8542E-01  0.2976E+00  0.2976E+00
  0.1815E+00  0.2047E+00  0.8302E-01  0.2946E+00  0.2946E+00
  0.1821E+00  0.2812E+00  0.8058E-01  0.2918E+00  0.2918E+00
  0.1827E+00  0.1708E+00  0.8452E-01  0.2889E+00  0.2889E+00
  0.1833E+00  0.2989E+00  0.7994E-01  0.2862E+00  0.2862E+00
  0.1839E+00  0.2532E+00  0.8123E-01  0.2835E+00  0.2835E+00
  0.1845E+00  0.1406E+00  0.8064E-01  0.2809E+00  0.2809E+00
  0.1852E+00  0.1537E+00  0.8603E-01  0.2784E+00  0.2784E+00
  0.1858E+00  0.3090E+00  0.8399E-01  0.2759E+00  0.2759E+00
  0.1864E+00  0.2408E+00  0.8484E-01  0.2735E+00  0.2735E+00
  0.1870E+00  0.2493E+00  0.7629E-01  0.2712E+00  0.2712E+00
  0.1876E+00  0.3073E+00  0.8188E-01  0.2690E+00  0.2690E+00
  0.1882E+00  0.2657E+00  0.7450E-01  0.2668E+00  0.2668E+00
  0.1888E+00  0.2855E+00  0.8024E-01  0.2647E+00  0.2647E+00
  0.1894E+00  0.3230E+00  0.7893E-01  0.2627E+00  0.2627E+00
  0.1900E+00  0.2591E+00  0.8008E-01  0.2608E+00  0.2608E+00
  0.1906E+00  0.1900E+00  0.8100E-01  0.2589E+00  0.2589E+00

           Distance distribution  function of particle  


       R          P(R)      ERROR

  0.0000E+00  0.0000E+00  0.0000E+00
  0.2013E+01  0.1602E-02  0.4736E-04
  0.4026E+01  0.3324E-02  0.7004E-04
  0.6039E+01  0.5143E-02  0.7194E-04
  0.8052E+01  0.7020E-02  0.6014E-04
  0.1006E+02  0.8906E-02  0.4819E-04
  0.1208E+02  0.1074E-01  0.5555E-04
  0.1409E+02  0.1248E-01  0.7937E-04
  0.1610E+02  0.1404E-01  0.1043E-03
  0.1812E+02  0.1539E-01  0.1224E-03
  0.2013E+02  0.1648E-01  0.1310E-03
  0.2214E+02  0.1727E-01  0.1305E-03
  0.2416E+02  0.1776E-01  0.1248E-03
  0.2617E+02  0.1793E-01  0.1204E-03
  0.2818E+02  0.1780E-01  0.1237E-03
  0.3020E+02  0.1738E-01  0.1363E-03
  0.3221E+02  0.1671E-01  0.1539E-03
  0.3422E+02  0.1583E-01  0.1703E-03
  0.3623E+02  0.1478E-01  0.1810E-03
  0.3825E+02  0.1360E-01  0.1840E-03
  0.4026E+02  0.1234E-01  0.1799E-03
  0.4227E+02  0.1104E-01  0.1714E-03
  0.4429E+02  0.9730E-02  0.1632E-03
  0.4630E+02  0.8448E-02  0.1600E-03
  0.4831E+02  0.7218E-02  0.1638E-03
  0.5032E+02  0.6061E-02  0.1728E-03
  0.5234E+02  0.4995E-02  0.1830E-03
  0.5435E+02  0.4030E-02  0.1905E-03
  0.5636E+02  0.3176E-02  0.1933E-03
  0.5838E+02  0.2440E-02  0.1915E-03
  0.6039E+02  0.1825E-02  0.1872E-03
  0.6240E+02  0.1331E-02  0.1836E-03
  0.6442E+02  0.9567E-03  0.1839E-03
  0.6643E+02  0.6982E-03  0.1899E-03
  0.6844E+02  0.5477E-03  0.2011E-03
  0.7045E+02  0.4942E-03  0.2157E-03
  0.7247E+02  0.5239E-03  0.2313E-03
  0.7448E+02  0.6198E-03  0.2466E-03
  0.7649E+02  0.7625E-03  0.2610E-03
  0.7851E+02  0.9317E-03  0.2744E-03
  0.8052E+02  0.1106E-02  0.2871E-03
  0.8253E+02  0.1266E-02  0.2990E-03
  0.8455E+02  0.1395E-02  0.3098E-03
  0.8656E+02  0.1478E-02  0.3191E-03
  0.8857E+02  0.1506E-02  0.3267E-03
  0.9058E+02  0.1475E-02  0.3327E-03
  0.9260E+02  0.1385E-02  0.3376E-03
  0.9461E+02  0.1245E-02  0.3424E-03
  0.9662E+02  0.1062E-02  0.3479E-03
  0.9864E+02  0.8507E-03  0.3547E-03
  0.1006E+03  0.6259E-03  0.3630E-03
  0.1027E+03  0.4024E-03  0.3721E-03
  0.1047E+03  0.1940E-03  0.3812E-03
  0.1067E+03  0.1166E-04  0.3891E-03
  0.1087E+03 -0.1367E-03  0.3949E-03
  0.1107E+03 -0.2470E-03  0.3977E-03
  0.1127E+03 -0.3190E-03  0.3968E-03
  0.1147E+03 -0.3559E-03  0.3920E-03
  0.1168E+03 -0.3632E-03  0.3833E-03
  0.1188E+03 -0.3480E-03  0.3710E-03
  0.1208E+03 -0.3177E-03  0.3563E-03
  0.1228E+03 -0.2792E-03  0.3407E-03
  0.1248E+03 -0.2376E-03  0.3265E-03
  0.1268E+03 -0.1961E-03  0.3163E-03
  0.1288E+03 -0.1557E-03  0.3119E-03
  0.1308E+03 -0.1151E-03  0.3143E-03
  0.1329E+03 -0.7189E-04  0.3230E-03
  0.1349E+03 -0.2263E-04  0.3363E-03
  0.1369E+03  0.3563E-04  0.3519E-03
  0.1389E+03  0.1047E-03  0.3679E-03
  0.1409E+03  0.1846E-03  0.3828E-03
  0.1429E+03  0.2727E-03  0.3959E-03
  0.1449E+03  0.3640E-03  0.4065E-03
  0.1469E+03  0.4512E-03  0.4146E-03
  0.1490E+03  0.5255E-03  0.4202E-03
  0.1510E+03  0.5775E-03  0.4236E-03
  0.1530E+03  0.5985E-03  0.4254E-03
  0.1550E+03  0.5814E-03  0.4268E-03
  0.1570E+03  0.5221E-03  0.4291E-03
  0.1590E+03  0.4203E-03  0.4337E-03
  0.1610E+03  0.2796E-03  0.4416E-03
  0.1631E+03  0.1080E-03  0.4530E-03
  0.1651E+03 -0.8312E-04  0.4667E-03
  0.1671E+03 -0.2799E-03  0.4807E-03
  0.1691E+03 -0.4671E-03  0.4928E-03
  0.1711E+03 -0.6300E-03  0.5006E-03
  0.1731E+03 -0.7555E-03  0.5025E-03
  0.1751E+03 -0.8343E-03  0.4978E-03
  0.1771E+03 -0.8610E-03  0.4867E-03
  0.1792E+03 -0.8357E-03  0.4703E-03
  0.1812E+03 -0.7633E-03  0.4502E-03
  0.1832E+03 -0.6535E-03  0.4278E-03
  0.1852E+03 -0.5193E-03  0.4042E-03
  0.1872E+03 -0.3758E-03  0.3793E-03
  0.1892E+03 -0.2384E-03  0.3521E-03
  0.1912E+03 -0.1207E-03  0.3203E-03
  0.1932E+03 -0.3297E-04  0.2811E-03
  0.1953E+03  0.1947E-04  0.2317E-03
  0.1973E+03  0.3703E-04  0.1697E-03
  0.1993E+03  0.2635E-04  0.9290E-04
  0.2013E+03  0.0000E+00  0.0000E+00
          Reciprocal space: Rg =   21.95     , I(0) =   0.8370E+01
     Real space: Rg =   21.41 +- 8.014  I(0) =   0.8369E+01 +-  0.3796E+00
