
           ####    G N O M   ---   Version 4.5a revised 09/02/02     ####

                                                  Sat Nov  4 16:52:10 2017
           ===    Run No   1   ===
 Run title:  0.010641 40.048234 0.917710



          To optimize the performance, some input data points 
           have been joined. New number of points equals to 257

   *******   Working Directory :
   *******    Input file(s) : 25533_C7_3.mccd.dat
           Condition P(rmin) = 0 is used. 
           Condition P(rmax) = 0 is used. 

          Experimental conditions for the first run
          -----------------------------------------

          Highest ALPHA is found to be   0.4817E+03

  The measure of inconsistency AN1 equals to    0.9385E+00
     Alpha    Discrp  Oscill  Stabil  Sysdev  Positv  Valcen    Total   
  0.4817E+06105.2765  1.3143  0.9532  0.0000  1.0000  0.8243  0.00001
  0.9635E+05 92.3666  1.3109  0.8304  0.0000  1.0000  0.8246  0.00001
  0.1927E+05 59.4926  1.3038  0.5106  0.0938  1.0000  0.8247  0.00001
  0.3854E+04 27.2766  1.3462  0.1880  0.0781  1.0000  0.8157  0.00001
  0.7708E+03 10.8162  1.5412  0.1109  0.1016  1.0000  0.7853  0.00001
  0.1542E+03  3.3764  1.7217  0.0452  0.1250  1.0000  0.7632  0.00001
  0.3083E+02  1.1626  1.7982  0.0128  0.5938  1.0000  0.7548  0.48876
  0.6166E+01  0.8163  1.8245  0.0058  0.8125  1.0000  0.7518  0.55886
  0.1233E+01  0.7767  1.8388  0.0059  0.8438  1.0000  0.7505  0.62708
  0.2467E+00  0.7701  1.8507  0.0046  0.8594  1.0000  0.7500  0.70621
  0.4933E-01  0.7680  1.8749  0.0161  0.8516  1.0000  0.7503  0.58020
  0.9866E-02  0.7624  2.2091  0.0652  0.8438  0.9998  0.7529  0.10000
  0.1973E-02  0.7499  4.2008  0.1289  0.8438  0.9946  0.7507  0.10000
  0.3946E-03  0.7413  6.9917  0.1155  0.8750  0.9787  0.7328  0.10000
  0.7893E-04  0.7370 11.2102  0.3730  0.8594  0.9429  0.6641  0.10000
  0.1579E-04  0.7310 17.7462  0.4636  0.8281  0.8448  0.4620  0.10000
  0.3157E-05  0.7248 21.0784  0.8994  0.8281  0.7758  0.2319  0.10000
  0.6314E-06  0.7093 18.6372  0.8242  0.8281  0.7386  0.2693  0.10000
  0.1263E-06  0.6847 18.0492  0.4226  0.8281  0.7215  0.2740  0.10000
  0.2526E-07  0.6739 19.7044  0.2915  0.8281  0.7191  0.2636  0.10000
  0.5052E-08  0.6667 25.1119  0.8092  0.8125  0.7068  0.2147  0.10000
  0.1010E-08  0.6476 25.7799  0.7713  0.8125  0.7348  0.2430  0.10000
  0.2021E-09  0.6047 28.7110  0.6221  0.8281  0.7518  0.2638  0.10000
  0.4041E-10  0.5322 35.4762  0.5308  0.8125  0.7621  0.2661  0.10000
  0.8082E-11  0.4147 44.9297  0.5155  0.8281  0.7638  0.2612  0.10000
  0.1616E-11  0.2459 51.8744  0.4232  0.8125  0.7523  0.1994  0.10000
  0.3233E-12  0.0907 54.2130  0.1965  0.8828  0.7475  0.2208  0.10000
  0.6466E-13  0.0225 54.5770  0.0547  0.8828  0.7503  0.2372  0.10000
  0.1293E-13  0.0047 54.6225  0.0120  0.8984  0.7516  0.2463  0.10000
  0.2586E-14  0.0010 54.6297  0.0024  0.8984  0.7519  0.2483  0.10000
  0.5173E-15  0.0002 54.6311  0.0005  0.8984  0.7520  0.2487  0.10000

          ***  Golden section search to maximize estimate ***
     Alpha    Discrp  Oscill  Stabil  Sysdev  Positv  Valcen    Total   
  0.9122E-01  0.7689  1.8596  0.0090  0.8594  1.0000  0.7500  0.68099
  0.1687E+00  0.7696  1.8533  0.0055  0.8594  1.0000  0.7500  0.72159
  0.1154E+00  0.7692  1.8566  0.0073  0.8594  1.0000  0.7500  0.70842
  0.1459E+00  0.7694  1.8544  0.0061  0.8594  1.0000  0.7500  0.72212
  0.1542E+00  0.7695  1.8540  0.0059  0.8594  1.0000  0.7500  0.72238
  0.1596E+00  0.7695  1.8537  0.0057  0.8594  1.0000  0.7500  0.72256
  0.1630E+00  0.7696  1.8535  0.0056  0.8594  1.0000  0.7500  0.72269
  0.1652E+00  0.7696  1.8534  0.0056  0.8594  1.0000  0.7500  0.72250
  0.1617E+00  0.7695  1.8536  0.0057  0.8594  1.0000  0.7500  0.72264
  0.1638E+00  0.7696  1.8535  0.0056  0.8594  1.0000  0.7500  0.72273
  0.1643E+00  0.7696  1.8535  0.0056  0.8594  1.0000  0.7500  0.72271
  0.1635E+00  0.7696  1.8535  0.0056  0.8594  1.0000  0.7500  0.72271
  0.1640E+00  0.7696  1.8535  0.0056  0.8594  1.0000  0.7500  0.72273
  0.1640E+00  0.7696  1.8535  0.0056  0.8594  1.0000  0.7500  0.72273



             ####            Final results            ####

 Parameter    DISCRP    OSCILL    STABIL    SYSDEV    POSITV    VALCEN
 Weight        1.000     3.000     3.000     4.000     1.000     1.000
 Sigma         0.500     0.600     0.120     0.200     0.120     0.120
 Ideal         1.000     1.100     0.000     1.000     1.000     0.950
 Current       0.770     1.853     0.006     0.859     1.000     0.750
                - - - - - - - - - - - - - - - - - - - - - - - - - 
 Estimate      0.809     0.207     0.998     0.610     1.000     0.062

  Angular   range    :     from    0.0116   to    0.3225
  Real space range   :     from      0.00   to    111.70

  Highest ALPHA (theor) :   0.482E+06                 JOB = 0
  Current ALPHA         :   0.164E+00   Rg :  0.274E+02   I(0) :   0.385E+02

           Total  estimate : 0.723  which is  A REASONABLE  solution

      S          J EXP       ERROR       J REG       I REG

  0.0000E+00                                      0.3848E+02
  0.1284E-02                                      0.3847E+02
  0.2568E-02                                      0.3842E+02
  0.3851E-02                                      0.3834E+02
  0.5135E-02                                      0.3823E+02
  0.6419E-02                                      0.3809E+02
  0.7703E-02                                      0.3791E+02
  0.8986E-02                                      0.3771E+02
  0.1027E-01                                      0.3748E+02
  0.1155E-01  0.3779E+02  0.4940E+00  0.3722E+02  0.3722E+02
  0.1277E-01  0.3848E+02  0.3960E+00  0.3694E+02  0.3694E+02
  0.1399E-01  0.3746E+02  0.4708E+00  0.3665E+02  0.3665E+02
  0.1520E-01  0.3795E+02  0.4170E+00  0.3633E+02  0.3633E+02
  0.1642E-01  0.3734E+02  0.3065E+00  0.3599E+02  0.3599E+02
  0.1763E-01  0.3603E+02  0.2601E+00  0.3562E+02  0.3562E+02
  0.1885E-01  0.3562E+02  0.2502E+00  0.3524E+02  0.3524E+02
  0.2007E-01  0.3492E+02  0.2491E+00  0.3484E+02  0.3484E+02
  0.2128E-01  0.3473E+02  0.1966E+00  0.3442E+02  0.3442E+02
  0.2250E-01  0.3422E+02  0.1797E+00  0.3398E+02  0.3398E+02
  0.2371E-01  0.3394E+02  0.2025E+00  0.3353E+02  0.3353E+02
  0.2493E-01  0.3312E+02  0.2161E+00  0.3306E+02  0.3306E+02
  0.2615E-01  0.3233E+02  0.1699E+00  0.3258E+02  0.3258E+02
  0.2736E-01  0.3171E+02  0.1440E+00  0.3209E+02  0.3209E+02
  0.2858E-01  0.3122E+02  0.1414E+00  0.3159E+02  0.3159E+02
  0.2980E-01  0.3062E+02  0.1425E+00  0.3108E+02  0.3108E+02
  0.3101E-01  0.3038E+02  0.1369E+00  0.3056E+02  0.3056E+02
  0.3223E-01  0.2980E+02  0.1395E+00  0.3003E+02  0.3003E+02
  0.3344E-01  0.2922E+02  0.1297E+00  0.2949E+02  0.2949E+02
  0.3466E-01  0.2856E+02  0.1247E+00  0.2895E+02  0.2895E+02
  0.3588E-01  0.2818E+02  0.1315E+00  0.2841E+02  0.2841E+02
  0.3709E-01  0.2763E+02  0.1291E+00  0.2786E+02  0.2786E+02
  0.3831E-01  0.2730E+02  0.1143E+00  0.2731E+02  0.2731E+02
  0.3953E-01  0.2667E+02  0.1038E+00  0.2676E+02  0.2676E+02
  0.4074E-01  0.2619E+02  0.1093E+00  0.2621E+02  0.2621E+02
  0.4196E-01  0.2562E+02  0.1071E+00  0.2566E+02  0.2566E+02
  0.4317E-01  0.2528E+02  0.1086E+00  0.2511E+02  0.2511E+02
  0.4439E-01  0.2471E+02  0.1114E+00  0.2456E+02  0.2456E+02
  0.4561E-01  0.2401E+02  0.1011E+00  0.2401E+02  0.2401E+02
  0.4682E-01  0.2344E+02  0.1096E+00  0.2347E+02  0.2347E+02
  0.4804E-01  0.2299E+02  0.1024E+00  0.2293E+02  0.2293E+02
  0.4925E-01  0.2247E+02  0.1030E+00  0.2240E+02  0.2240E+02
  0.5047E-01  0.2205E+02  0.9156E-01  0.2187E+02  0.2187E+02
  0.5169E-01  0.2140E+02  0.8767E-01  0.2135E+02  0.2135E+02
  0.5290E-01  0.2090E+02  0.9102E-01  0.2083E+02  0.2083E+02
  0.5412E-01  0.2049E+02  0.9445E-01  0.2032E+02  0.2032E+02
  0.5534E-01  0.2007E+02  0.9367E-01  0.1982E+02  0.1982E+02
  0.5655E-01  0.1936E+02  0.9252E-01  0.1932E+02  0.1932E+02
  0.5777E-01  0.1890E+02  0.8079E-01  0.1883E+02  0.1883E+02
  0.5898E-01  0.1850E+02  0.8302E-01  0.1834E+02  0.1834E+02
  0.6020E-01  0.1785E+02  0.8507E-01  0.1786E+02  0.1786E+02
  0.6142E-01  0.1733E+02  0.8150E-01  0.1740E+02  0.1740E+02
  0.6263E-01  0.1694E+02  0.8223E-01  0.1693E+02  0.1693E+02
  0.6385E-01  0.1655E+02  0.8198E-01  0.1648E+02  0.1648E+02
  0.6506E-01  0.1611E+02  0.7897E-01  0.1603E+02  0.1603E+02
  0.6628E-01  0.1552E+02  0.7623E-01  0.1559E+02  0.1559E+02
  0.6750E-01  0.1512E+02  0.6855E-01  0.1516E+02  0.1516E+02
  0.6871E-01  0.1473E+02  0.7468E-01  0.1474E+02  0.1474E+02
  0.6993E-01  0.1430E+02  0.7365E-01  0.1432E+02  0.1432E+02
  0.7114E-01  0.1406E+02  0.7215E-01  0.1391E+02  0.1391E+02
  0.7236E-01  0.1346E+02  0.6956E-01  0.1351E+02  0.1351E+02
  0.7358E-01  0.1306E+02  0.7694E-01  0.1312E+02  0.1312E+02
  0.7479E-01  0.1262E+02  0.7240E-01  0.1273E+02  0.1273E+02
  0.7601E-01  0.1230E+02  0.7494E-01  0.1236E+02  0.1236E+02
  0.7723E-01  0.1199E+02  0.7319E-01  0.1199E+02  0.1199E+02
  0.7844E-01  0.1164E+02  0.6728E-01  0.1162E+02  0.1162E+02
  0.7966E-01  0.1117E+02  0.6555E-01  0.1127E+02  0.1127E+02
  0.8087E-01  0.1085E+02  0.5858E-01  0.1092E+02  0.1092E+02
  0.8209E-01  0.1059E+02  0.6203E-01  0.1058E+02  0.1058E+02
  0.8331E-01  0.1020E+02  0.6020E-01  0.1025E+02  0.1025E+02
  0.8452E-01  0.9850E+01  0.5607E-01  0.9920E+01  0.9920E+01
  0.8574E-01  0.9624E+01  0.6123E-01  0.9601E+01  0.9601E+01
  0.8696E-01  0.9267E+01  0.6033E-01  0.9290E+01  0.9290E+01
  0.8817E-01  0.8917E+01  0.5591E-01  0.8987E+01  0.8987E+01
  0.8939E-01  0.8699E+01  0.5464E-01  0.8690E+01  0.8690E+01
  0.9060E-01  0.8357E+01  0.5179E-01  0.8401E+01  0.8401E+01
  0.9182E-01  0.8068E+01  0.5240E-01  0.8119E+01  0.8119E+01
  0.9304E-01  0.7865E+01  0.5588E-01  0.7845E+01  0.7845E+01
  0.9425E-01  0.7575E+01  0.5260E-01  0.7577E+01  0.7577E+01
  0.9547E-01  0.7308E+01  0.5421E-01  0.7318E+01  0.7318E+01
  0.9668E-01  0.7107E+01  0.5115E-01  0.7065E+01  0.7065E+01
  0.9790E-01  0.6839E+01  0.5349E-01  0.6819E+01  0.6819E+01
  0.9912E-01  0.6582E+01  0.4920E-01  0.6581E+01  0.6581E+01
  0.1003E+00  0.6411E+01  0.6048E-01  0.6350E+01  0.6350E+01
  0.1015E+00  0.6216E+01  0.4917E-01  0.6126E+01  0.6126E+01
  0.1028E+00  0.5922E+01  0.4912E-01  0.5909E+01  0.5909E+01
  0.1040E+00  0.5799E+01  0.4475E-01  0.5699E+01  0.5699E+01
  0.1052E+00  0.5523E+01  0.4776E-01  0.5496E+01  0.5496E+01
  0.1064E+00  0.5294E+01  0.4743E-01  0.5300E+01  0.5300E+01
  0.1076E+00  0.5102E+01  0.4105E-01  0.5111E+01  0.5111E+01
  0.1088E+00  0.4912E+01  0.4579E-01  0.4929E+01  0.4929E+01
  0.1101E+00  0.4803E+01  0.4328E-01  0.4753E+01  0.4753E+01
  0.1113E+00  0.4579E+01  0.4445E-01  0.4583E+01  0.4583E+01
  0.1125E+00  0.4412E+01  0.4459E-01  0.4420E+01  0.4420E+01
  0.1137E+00  0.4272E+01  0.4227E-01  0.4263E+01  0.4263E+01
  0.1149E+00  0.4095E+01  0.4186E-01  0.4112E+01  0.4112E+01
  0.1161E+00  0.3969E+01  0.4311E-01  0.3967E+01  0.3967E+01
  0.1174E+00  0.3831E+01  0.4155E-01  0.3828E+01  0.3828E+01
  0.1186E+00  0.3727E+01  0.4208E-01  0.3695E+01  0.3695E+01
  0.1198E+00  0.3587E+01  0.4021E-01  0.3566E+01  0.3566E+01
  0.1210E+00  0.3454E+01  0.4216E-01  0.3444E+01  0.3444E+01
  0.1222E+00  0.3251E+01  0.4272E-01  0.3326E+01  0.3326E+01
  0.1234E+00  0.3148E+01  0.3789E-01  0.3213E+01  0.3213E+01
  0.1247E+00  0.3058E+01  0.3626E-01  0.3104E+01  0.3104E+01
  0.1259E+00  0.3040E+01  0.3522E-01  0.3000E+01  0.3000E+01
  0.1271E+00  0.2969E+01  0.3753E-01  0.2901E+01  0.2901E+01
  0.1283E+00  0.2844E+01  0.3622E-01  0.2805E+01  0.2805E+01
  0.1295E+00  0.2740E+01  0.3741E-01  0.2714E+01  0.2714E+01
  0.1307E+00  0.2643E+01  0.3844E-01  0.2626E+01  0.2626E+01
  0.1320E+00  0.2479E+01  0.3813E-01  0.2542E+01  0.2542E+01
  0.1332E+00  0.2367E+01  0.3848E-01  0.2461E+01  0.2461E+01
  0.1344E+00  0.2320E+01  0.3709E-01  0.2383E+01  0.2383E+01
  0.1356E+00  0.2268E+01  0.3680E-01  0.2308E+01  0.2308E+01
  0.1368E+00  0.2203E+01  0.3570E-01  0.2237E+01  0.2237E+01
  0.1380E+00  0.2181E+01  0.3550E-01  0.2167E+01  0.2167E+01
  0.1392E+00  0.2155E+01  0.3907E-01  0.2101E+01  0.2101E+01
  0.1405E+00  0.2004E+01  0.3558E-01  0.2037E+01  0.2037E+01
  0.1417E+00  0.1948E+01  0.3365E-01  0.1975E+01  0.1975E+01
  0.1429E+00  0.1966E+01  0.3574E-01  0.1915E+01  0.1915E+01
  0.1441E+00  0.1838E+01  0.3557E-01  0.1858E+01  0.1858E+01
  0.1453E+00  0.1808E+01  0.3476E-01  0.1802E+01  0.1802E+01
  0.1465E+00  0.1808E+01  0.3558E-01  0.1749E+01  0.1749E+01
  0.1478E+00  0.1716E+01  0.3523E-01  0.1697E+01  0.1697E+01
  0.1490E+00  0.1591E+01  0.3368E-01  0.1647E+01  0.1647E+01
  0.1502E+00  0.1572E+01  0.3341E-01  0.1598E+01  0.1598E+01
  0.1514E+00  0.1625E+01  0.3318E-01  0.1552E+01  0.1552E+01
  0.1526E+00  0.1535E+01  0.3487E-01  0.1506E+01  0.1506E+01
  0.1538E+00  0.1501E+01  0.3325E-01  0.1463E+01  0.1463E+01
  0.1551E+00  0.1396E+01  0.3388E-01  0.1421E+01  0.1421E+01
  0.1563E+00  0.1427E+01  0.3415E-01  0.1380E+01  0.1380E+01
  0.1575E+00  0.1364E+01  0.3447E-01  0.1341E+01  0.1341E+01
  0.1587E+00  0.1274E+01  0.3145E-01  0.1303E+01  0.1303E+01
  0.1599E+00  0.1265E+01  0.3299E-01  0.1266E+01  0.1266E+01
  0.1611E+00  0.1185E+01  0.3324E-01  0.1231E+01  0.1231E+01
  0.1624E+00  0.1167E+01  0.3157E-01  0.1197E+01  0.1197E+01
  0.1636E+00  0.1202E+01  0.3156E-01  0.1165E+01  0.1165E+01
  0.1648E+00  0.1120E+01  0.3176E-01  0.1134E+01  0.1134E+01
  0.1660E+00  0.1125E+01  0.3121E-01  0.1104E+01  0.1104E+01
  0.1672E+00  0.1072E+01  0.3212E-01  0.1076E+01  0.1076E+01
  0.1684E+00  0.1084E+01  0.3188E-01  0.1049E+01  0.1049E+01
  0.1696E+00  0.9906E+00  0.2982E-01  0.1023E+01  0.1023E+01
  0.1709E+00  0.9706E+00  0.3102E-01  0.9979E+00  0.9979E+00
  0.1721E+00  0.1000E+01  0.3261E-01  0.9745E+00  0.9745E+00
  0.1733E+00  0.1014E+01  0.3083E-01  0.9522E+00  0.9522E+00
  0.1745E+00  0.9268E+00  0.3217E-01  0.9311E+00  0.9311E+00
  0.1757E+00  0.8837E+00  0.3079E-01  0.9111E+00  0.9111E+00
  0.1769E+00  0.9046E+00  0.3107E-01  0.8922E+00  0.8922E+00
  0.1782E+00  0.8236E+00  0.3090E-01  0.8743E+00  0.8743E+00
  0.1794E+00  0.8357E+00  0.3205E-01  0.8575E+00  0.8575E+00
  0.1806E+00  0.8555E+00  0.3180E-01  0.8417E+00  0.8417E+00
  0.1818E+00  0.8377E+00  0.3126E-01  0.8268E+00  0.8268E+00
  0.1830E+00  0.7975E+00  0.3093E-01  0.8127E+00  0.8127E+00
  0.1842E+00  0.8375E+00  0.3087E-01  0.7995E+00  0.7995E+00
  0.1855E+00  0.7646E+00  0.3029E-01  0.7871E+00  0.7871E+00
  0.1867E+00  0.7841E+00  0.3055E-01  0.7754E+00  0.7754E+00
  0.1879E+00  0.7682E+00  0.2941E-01  0.7644E+00  0.7644E+00
  0.1891E+00  0.7484E+00  0.3127E-01  0.7541E+00  0.7541E+00
  0.1903E+00  0.6853E+00  0.3078E-01  0.7443E+00  0.7443E+00
  0.1915E+00  0.6873E+00  0.2879E-01  0.7350E+00  0.7350E+00
  0.1928E+00  0.7206E+00  0.2824E-01  0.7262E+00  0.7262E+00
  0.1940E+00  0.7373E+00  0.2889E-01  0.7178E+00  0.7178E+00
  0.1952E+00  0.7432E+00  0.2793E-01  0.7098E+00  0.7098E+00
  0.1964E+00  0.7733E+00  0.2818E-01  0.7021E+00  0.7021E+00
  0.1976E+00  0.7282E+00  0.2747E-01  0.6947E+00  0.6947E+00
  0.1988E+00  0.6506E+00  0.2981E-01  0.6876E+00  0.6876E+00
  0.2001E+00  0.6147E+00  0.3027E-01  0.6806E+00  0.6806E+00
  0.2013E+00  0.6757E+00  0.2851E-01  0.6739E+00  0.6739E+00
  0.2025E+00  0.7108E+00  0.2988E-01  0.6673E+00  0.6673E+00
  0.2037E+00  0.6296E+00  0.2917E-01  0.6608E+00  0.6608E+00
  0.2049E+00  0.6584E+00  0.2770E-01  0.6545E+00  0.6545E+00
  0.2061E+00  0.6133E+00  0.2734E-01  0.6482E+00  0.6482E+00
  0.2073E+00  0.6379E+00  0.2826E-01  0.6420E+00  0.6420E+00
  0.2086E+00  0.6585E+00  0.2748E-01  0.6359E+00  0.6359E+00
  0.2098E+00  0.6238E+00  0.2826E-01  0.6298E+00  0.6298E+00
  0.2110E+00  0.6170E+00  0.2646E-01  0.6238E+00  0.6238E+00
  0.2122E+00  0.6397E+00  0.2815E-01  0.6179E+00  0.6179E+00
  0.2134E+00  0.5864E+00  0.2656E-01  0.6120E+00  0.6120E+00
  0.2146E+00  0.5856E+00  0.2700E-01  0.6062E+00  0.6062E+00
  0.2159E+00  0.5946E+00  0.2829E-01  0.6004E+00  0.6004E+00
  0.2171E+00  0.6402E+00  0.2672E-01  0.5948E+00  0.5948E+00
  0.2183E+00  0.6166E+00  0.2804E-01  0.5893E+00  0.5893E+00
  0.2195E+00  0.5492E+00  0.2749E-01  0.5839E+00  0.5839E+00
  0.2207E+00  0.5535E+00  0.2689E-01  0.5786E+00  0.5786E+00
  0.2219E+00  0.5819E+00  0.2725E-01  0.5735E+00  0.5735E+00
  0.2232E+00  0.6016E+00  0.2696E-01  0.5686E+00  0.5686E+00
  0.2244E+00  0.5778E+00  0.2723E-01  0.5638E+00  0.5638E+00
  0.2256E+00  0.5744E+00  0.2584E-01  0.5592E+00  0.5592E+00
  0.2268E+00  0.6031E+00  0.2581E-01  0.5549E+00  0.5549E+00
  0.2280E+00  0.5794E+00  0.2539E-01  0.5508E+00  0.5508E+00
  0.2292E+00  0.5519E+00  0.2658E-01  0.5469E+00  0.5469E+00
  0.2304E+00  0.5304E+00  0.2646E-01  0.5432E+00  0.5432E+00
  0.2317E+00  0.5468E+00  0.2538E-01  0.5399E+00  0.5399E+00
  0.2329E+00  0.5420E+00  0.2542E-01  0.5367E+00  0.5367E+00
  0.2341E+00  0.5327E+00  0.2609E-01  0.5339E+00  0.5339E+00
  0.2353E+00  0.5513E+00  0.2529E-01  0.5313E+00  0.5313E+00
  0.2365E+00  0.4958E+00  0.2564E-01  0.5289E+00  0.5289E+00
  0.2377E+00  0.4697E+00  0.2575E-01  0.5269E+00  0.5269E+00
  0.2390E+00  0.4937E+00  0.2525E-01  0.5250E+00  0.5250E+00
  0.2402E+00  0.5238E+00  0.2449E-01  0.5234E+00  0.5234E+00
  0.2414E+00  0.4859E+00  0.2513E-01  0.5221E+00  0.5221E+00
  0.2426E+00  0.4719E+00  0.2629E-01  0.5209E+00  0.5209E+00
  0.2438E+00  0.4809E+00  0.2572E-01  0.5200E+00  0.5200E+00
  0.2450E+00  0.4822E+00  0.2530E-01  0.5192E+00  0.5192E+00
  0.2463E+00  0.5161E+00  0.2494E-01  0.5186E+00  0.5186E+00
  0.2475E+00  0.5627E+00  0.2428E-01  0.5181E+00  0.5181E+00
  0.2487E+00  0.5721E+00  0.2466E-01  0.5178E+00  0.5178E+00
  0.2499E+00  0.5434E+00  0.2530E-01  0.5175E+00  0.5175E+00
  0.2511E+00  0.5261E+00  0.2407E-01  0.5174E+00  0.5174E+00
  0.2523E+00  0.5098E+00  0.2587E-01  0.5173E+00  0.5173E+00
  0.2536E+00  0.5319E+00  0.2527E-01  0.5172E+00  0.5172E+00
  0.2548E+00  0.4990E+00  0.2529E-01  0.5172E+00  0.5172E+00
  0.2560E+00  0.5506E+00  0.2464E-01  0.5171E+00  0.5171E+00
  0.2572E+00  0.5118E+00  0.2445E-01  0.5170E+00  0.5170E+00
  0.2584E+00  0.5254E+00  0.2507E-01  0.5169E+00  0.5169E+00
  0.2596E+00  0.5137E+00  0.2481E-01  0.5168E+00  0.5168E+00
  0.2608E+00  0.4982E+00  0.2442E-01  0.5165E+00  0.5165E+00
  0.2621E+00  0.5163E+00  0.2492E-01  0.5162E+00  0.5162E+00
  0.2633E+00  0.5175E+00  0.2400E-01  0.5158E+00  0.5158E+00
  0.2645E+00  0.5289E+00  0.2370E-01  0.5153E+00  0.5153E+00
  0.2657E+00  0.5114E+00  0.2265E-01  0.5147E+00  0.5147E+00
  0.2669E+00  0.5111E+00  0.2387E-01  0.5140E+00  0.5140E+00
  0.2681E+00  0.5595E+00  0.2546E-01  0.5132E+00  0.5132E+00
  0.2694E+00  0.5050E+00  0.2334E-01  0.5123E+00  0.5123E+00
  0.2706E+00  0.4950E+00  0.2449E-01  0.5113E+00  0.5113E+00
  0.2718E+00  0.5552E+00  0.2373E-01  0.5102E+00  0.5102E+00
  0.2730E+00  0.5021E+00  0.2346E-01  0.5090E+00  0.5090E+00
  0.2742E+00  0.5067E+00  0.2325E-01  0.5078E+00  0.5078E+00
  0.2754E+00  0.5078E+00  0.2280E-01  0.5065E+00  0.5065E+00
  0.2767E+00  0.4890E+00  0.2295E-01  0.5052E+00  0.5052E+00
  0.2779E+00  0.4979E+00  0.2310E-01  0.5038E+00  0.5038E+00
  0.2791E+00  0.4686E+00  0.2322E-01  0.5025E+00  0.5025E+00
  0.2803E+00  0.4749E+00  0.2266E-01  0.5011E+00  0.5011E+00
  0.2815E+00  0.5187E+00  0.2333E-01  0.4998E+00  0.4998E+00
  0.2827E+00  0.4770E+00  0.2328E-01  0.4984E+00  0.4984E+00
  0.2839E+00  0.4842E+00  0.2207E-01  0.4972E+00  0.4972E+00
  0.2852E+00  0.5037E+00  0.2294E-01  0.4960E+00  0.4960E+00
  0.2864E+00  0.4979E+00  0.2219E-01  0.4949E+00  0.4949E+00
  0.2876E+00  0.5277E+00  0.2221E-01  0.4939E+00  0.4939E+00
  0.2888E+00  0.5439E+00  0.2229E-01  0.4930E+00  0.4930E+00
  0.2900E+00  0.4703E+00  0.2132E-01  0.4922E+00  0.4922E+00
  0.2912E+00  0.4905E+00  0.2210E-01  0.4915E+00  0.4915E+00
  0.2925E+00  0.4976E+00  0.2242E-01  0.4910E+00  0.4910E+00
  0.2937E+00  0.4699E+00  0.2288E-01  0.4906E+00  0.4906E+00
  0.2949E+00  0.4933E+00  0.2209E-01  0.4904E+00  0.4904E+00
  0.2961E+00  0.4784E+00  0.2108E-01  0.4903E+00  0.4903E+00
  0.2973E+00  0.5031E+00  0.2122E-01  0.4904E+00  0.4904E+00
  0.2985E+00  0.4752E+00  0.2096E-01  0.4905E+00  0.4905E+00
  0.2998E+00  0.4544E+00  0.2059E-01  0.4908E+00  0.4908E+00
  0.3010E+00  0.5250E+00  0.2185E-01  0.4913E+00  0.4913E+00
  0.3022E+00  0.4771E+00  0.2149E-01  0.4918E+00  0.4918E+00
  0.3034E+00  0.4854E+00  0.2163E-01  0.4924E+00  0.4924E+00
  0.3046E+00  0.4995E+00  0.2121E-01  0.4932E+00  0.4932E+00
  0.3058E+00  0.4853E+00  0.2100E-01  0.4939E+00  0.4939E+00
  0.3070E+00  0.4753E+00  0.2024E-01  0.4948E+00  0.4948E+00
  0.3083E+00  0.4821E+00  0.2083E-01  0.4956E+00  0.4956E+00
  0.3095E+00  0.4911E+00  0.2050E-01  0.4965E+00  0.4965E+00
  0.3107E+00  0.5068E+00  0.2081E-01  0.4973E+00  0.4973E+00
  0.3119E+00  0.5453E+00  0.2027E-01  0.4981E+00  0.4981E+00
  0.3131E+00  0.5635E+00  0.2020E-01  0.4988E+00  0.4988E+00
  0.3143E+00  0.4889E+00  0.1871E-01  0.4995E+00  0.4995E+00
  0.3156E+00  0.4962E+00  0.2073E-01  0.5000E+00  0.5000E+00
  0.3168E+00  0.4858E+00  0.2331E-01  0.5005E+00  0.5005E+00
  0.3180E+00  0.4931E+00  0.2507E-01  0.5007E+00  0.5007E+00
  0.3192E+00  0.5129E+00  0.2873E-01  0.5008E+00  0.5008E+00
  0.3204E+00  0.4505E+00  0.3260E-01  0.5008E+00  0.5008E+00
  0.3216E+00  0.4713E+00  0.4827E-01  0.5005E+00  0.5005E+00
  0.3225E+00  0.5018E+00  0.1552E+00  0.5002E+00  0.5002E+00

           Distance distribution  function of particle  


       R          P(R)      ERROR

  0.0000E+00  0.0000E+00  0.0000E+00
  0.1117E+01  0.4432E-02  0.1691E-03
  0.2234E+01  0.8381E-02  0.2425E-03
  0.3351E+01  0.1192E-01  0.2326E-03
  0.4468E+01  0.1514E-01  0.1590E-03
  0.5585E+01  0.1820E-01  0.4952E-04
  0.6702E+01  0.2123E-01  0.9216E-04
  0.7819E+01  0.2437E-01  0.2111E-03
  0.8936E+01  0.2775E-01  0.3024E-03
  0.1005E+02  0.3147E-01  0.3501E-03
  0.1117E+02  0.3558E-01  0.3471E-03
  0.1229E+02  0.4007E-01  0.2946E-03
  0.1340E+02  0.4490E-01  0.2023E-03
  0.1452E+02  0.4999E-01  0.9600E-04
  0.1564E+02  0.5518E-01  0.1011E-03
  0.1675E+02  0.6032E-01  0.2117E-03
  0.1787E+02  0.6523E-01  0.3092E-03
  0.1899E+02  0.6974E-01  0.3694E-03
  0.2011E+02  0.7369E-01  0.3824E-03
  0.2122E+02  0.7694E-01  0.3465E-03
  0.2234E+02  0.7940E-01  0.2684E-03
  0.2346E+02  0.8102E-01  0.1664E-03
  0.2457E+02  0.8181E-01  0.1042E-03
  0.2569E+02  0.8180E-01  0.1770E-03
  0.2681E+02  0.8109E-01  0.2822E-03
  0.2793E+02  0.7979E-01  0.3632E-03
  0.2904E+02  0.7802E-01  0.4027E-03
  0.3016E+02  0.7591E-01  0.3943E-03
  0.3128E+02  0.7359E-01  0.3404E-03
  0.3239E+02  0.7118E-01  0.2527E-03
  0.3351E+02  0.6874E-01  0.1621E-03
  0.3463E+02  0.6633E-01  0.1499E-03
  0.3574E+02  0.6397E-01  0.2334E-03
  0.3686E+02  0.6166E-01  0.3258E-03
  0.3798E+02  0.5937E-01  0.3893E-03
  0.3909E+02  0.5706E-01  0.4103E-03
  0.4021E+02  0.5468E-01  0.3863E-03
  0.4133E+02  0.5221E-01  0.3245E-03
  0.4245E+02  0.4960E-01  0.2463E-03
  0.4356E+02  0.4686E-01  0.1986E-03
  0.4468E+02  0.4401E-01  0.2311E-03
  0.4580E+02  0.4106E-01  0.3096E-03
  0.4691E+02  0.3808E-01  0.3810E-03
  0.4803E+02  0.3514E-01  0.4197E-03
  0.4915E+02  0.3230E-01  0.4165E-03
  0.5027E+02  0.2963E-01  0.3740E-03
  0.5138E+02  0.2718E-01  0.3081E-03
  0.5250E+02  0.2501E-01  0.2551E-03
  0.5362E+02  0.2311E-01  0.2644E-03
  0.5473E+02  0.2150E-01  0.3335E-03
  0.5585E+02  0.2014E-01  0.4144E-03
  0.5697E+02  0.1898E-01  0.4728E-03
  0.5808E+02  0.1797E-01  0.4919E-03
  0.5920E+02  0.1704E-01  0.4676E-03
  0.6032E+02  0.1614E-01  0.4068E-03
  0.6144E+02  0.1520E-01  0.3308E-03
  0.6255E+02  0.1420E-01  0.2798E-03
  0.6367E+02  0.1313E-01  0.2946E-03
  0.6479E+02  0.1200E-01  0.3595E-03
  0.6590E+02  0.1082E-01  0.4273E-03
  0.6702E+02  0.9652E-02  0.4683E-03
  0.6814E+02  0.8543E-02  0.4712E-03
  0.6925E+02  0.7548E-02  0.4402E-03
  0.7037E+02  0.6714E-02  0.3953E-03
  0.7149E+02  0.6077E-02  0.3724E-03
  0.7261E+02  0.5650E-02  0.4019E-03
  0.7372E+02  0.5428E-02  0.4734E-03
  0.7484E+02  0.5381E-02  0.5513E-03
  0.7596E+02  0.5462E-02  0.6054E-03
  0.7707E+02  0.5611E-02  0.6193E-03
  0.7819E+02  0.5763E-02  0.5894E-03
  0.7931E+02  0.5856E-02  0.5255E-03
  0.8042E+02  0.5839E-02  0.4527E-03
  0.8154E+02  0.5681E-02  0.4095E-03
  0.8266E+02  0.5373E-02  0.4241E-03
  0.8378E+02  0.4934E-02  0.4801E-03
  0.8489E+02  0.4404E-02  0.5378E-03
  0.8601E+02  0.3840E-02  0.5693E-03
  0.8713E+02  0.3313E-02  0.5657E-03
  0.8824E+02  0.2889E-02  0.5371E-03
  0.8936E+02  0.2628E-02  0.5103E-03
  0.9048E+02  0.2568E-02  0.5166E-03
  0.9159E+02  0.2720E-02  0.5633E-03
  0.9271E+02  0.3067E-02  0.6246E-03
  0.9383E+02  0.3556E-02  0.6651E-03
  0.9494E+02  0.4115E-02  0.6604E-03
  0.9606E+02  0.4650E-02  0.6048E-03
  0.9718E+02  0.5067E-02  0.5188E-03
  0.9830E+02  0.5279E-02  0.4600E-03
  0.9941E+02  0.5225E-02  0.4960E-03
  0.1005E+03  0.4879E-02  0.6107E-03
  0.1016E+03  0.4257E-02  0.7266E-03
  0.1028E+03  0.3422E-02  0.7843E-03
  0.1039E+03  0.2473E-02  0.7597E-03
  0.1050E+03  0.1537E-02  0.6779E-03
  0.1061E+03  0.7429E-03  0.6397E-03
  0.1072E+03  0.1977E-03  0.7544E-03
  0.1083E+03 -0.4760E-04  0.9473E-03
  0.1095E+03 -0.3108E-04  0.1026E-02
  0.1106E+03  0.8776E-04  0.7837E-03
  0.1117E+03  0.0000E+00  0.0000E+00
          Reciprocal space: Rg =   27.38     , I(0) =   0.3848E+02
     Real space: Rg =   27.51 +- 0.160  I(0) =   0.3848E+02 +-  0.9387E-01
