
           ####    G N O M   ---   Version 4.5a revised 09/02/02     ####

                                                  Sat Nov  4 16:52:01 2017
           ===    Run No   1   ===
 Run title:  0.011250 7.555283 4.684133


  Number of points omitted at the end:          22
   *******   Working Directory :
   *******    Input file(s) : 25533_C3_1.mccd.dat
           Condition P(rmin) = 0 is used. 
           Condition P(rmax) = 0 is used. 

          Experimental conditions for the first run
          -----------------------------------------

          Highest ALPHA is found to be   0.2966E+01

  The measure of inconsistency AN1 equals to    0.8764E+00
     Alpha    Discrp  Oscill  Stabil  Sysdev  Positv  Valcen    Total   
  0.2966E+04  6.3399  1.2301  0.9452  0.0843  1.0000  0.8461  0.00001
  0.5932E+03  5.4161  1.2331  0.7994  0.2951  1.0000  0.8455  0.00001
  0.1186E+03  3.2479  1.2480  0.4467  0.5012  1.0000  0.8423  0.00001
  0.2373E+02  1.4281  1.3167  0.1521  0.6183  1.0000  0.8305  0.36481
  0.4745E+01  0.6966  1.4877  0.1061  0.8056  1.0000  0.8108  0.55011
  0.9491E+00  0.4823  1.6298  0.0469  0.8431  1.0000  0.8040  0.59898
  0.1898E+00  0.4558  1.6903  0.0162  0.8712  1.0000  0.8041  0.59257
  0.3796E-01  0.4540  1.7094  0.0065  0.8806  1.0000  0.8046  0.61635
  0.7592E-02  0.4538  1.7269  0.0162  0.8899  1.0000  0.8060  0.71631
  0.1518E-02  0.4535  1.8462  0.0432  0.8899  1.0000  0.8097  0.58768
  0.3037E-03  0.4530  2.8294  0.1339  0.8899  0.9984  0.8139  0.10000
  0.6074E-04  0.4521  5.9993  0.1943  0.8712  0.9778  0.7923  0.10000
  0.1215E-04  0.4516  8.7309  0.1310  0.8806  0.9481  0.7446  0.10000
  0.2430E-05  0.4515 13.1287  0.4329  0.8806  0.9066  0.6500  0.10000
  0.4859E-06  0.4511 18.7744  0.8732  0.8899  0.8060  0.4325  0.10000
  0.9718E-07  0.4502 16.7070  0.9832  0.8899  0.7437  0.2880  0.10000
  0.1944E-07  0.4472 15.6113  0.7358  0.8899  0.7176  0.2991  0.10000
  0.3887E-08  0.4435 15.8246  0.3423  0.9087  0.7113  0.3034  0.10000
  0.7775E-09  0.4422 18.0895  0.4628  0.9087  0.7045  0.3165  0.10000
  0.1555E-09  0.4407 19.7288  0.8297  0.8993  0.7281  0.3299  0.10000
  0.3110E-10  0.4378 19.9930  0.5996  0.8806  0.7495  0.3714  0.10000
  0.6220E-11  0.4320 24.7919  0.8287  0.8993  0.7240  0.3711  0.10000
  0.1244E-11  0.4122 27.0123  0.8113  0.9087  0.6661  0.4352  0.10000
  0.2488E-12  0.3587 29.3742  0.6483  0.9087  0.6415  0.4928  0.10000
  0.4976E-13  0.2599 34.5140  0.4609  0.9274  0.6503  0.5129  0.10000
  0.9952E-14  0.1380 41.1241  0.3053  0.9742  0.6795  0.4717  0.10000
  0.1990E-14  0.0485 45.3295  0.1436  0.9180  0.6985  0.4227  0.10000
  0.3981E-15  0.0120 46.9109  0.0418  0.9180  0.7031  0.4000  0.10000
  0.7961E-16  0.0025 47.3119  0.0092  0.9087  0.7040  0.3939  0.10000
  0.1592E-16  0.0005 47.3970  0.0019  0.9087  0.7041  0.3926  0.10000
  0.3184E-17  0.0001 47.4143  0.0004  0.9087  0.7042  0.3924  0.10000

          ***  Golden section search to maximize estimate ***
     Alpha    Discrp  Oscill  Stabil  Sysdev  Positv  Valcen    Total   
  0.4106E-02  0.4537  1.7482  0.0234  0.8899  1.0000  0.8070  0.69868
  0.9602E-02  0.4538  1.7223  0.0139  0.8899  1.0000  0.8057  0.69545
  0.6003E-02  0.4537  1.7332  0.0187  0.8899  1.0000  0.8063  0.73092
  0.5192E-02  0.4537  1.7381  0.0204  0.8899  1.0000  0.8066  0.71679
  0.6567E-02  0.4538  1.7306  0.0177  0.8899  1.0000  0.8062  0.73052
  0.5680E-02  0.4537  1.7350  0.0193  0.8899  1.0000  0.8064  0.72532
  0.6213E-02  0.4537  1.7322  0.0183  0.8899  1.0000  0.8063  0.73449
  0.6346E-02  0.4537  1.7315  0.0181  0.8899  1.0000  0.8063  0.73400
  0.6132E-02  0.4537  1.7325  0.0185  0.8899  1.0000  0.8063  0.73311
  0.6263E-02  0.4537  1.7319  0.0182  0.8899  1.0000  0.8063  0.73534
  0.6295E-02  0.4537  1.7318  0.0182  0.8899  1.0000  0.8063  0.73483
  0.6244E-02  0.4537  1.7320  0.0183  0.8899  1.0000  0.8063  0.73501
  0.6263E-02  0.4537  1.7319  0.0182  0.8899  1.0000  0.8063  0.73534



             ####            Final results            ####

 Parameter    DISCRP    OSCILL    STABIL    SYSDEV    POSITV    VALCEN
 Weight        1.000     3.000     3.000     4.000     1.000     1.000
 Sigma         0.500     0.600     0.120     0.200     0.120     0.120
 Ideal         1.000     1.100     0.000     1.000     1.000     0.950
 Current       0.454     1.732     0.018     0.890     1.000     0.806
                - - - - - - - - - - - - - - - - - - - - - - - - - 
 Estimate      0.303     0.330     0.977     0.739     1.000     0.238

  Angular   range    :     from    0.0119   to    0.3067
  Real space range   :     from      0.00   to    101.40

  Highest ALPHA (theor) :   0.297E+04                 JOB = 0
  Current ALPHA         :   0.626E-02   Rg :  0.252E+02   I(0) :   0.820E+01

           Total  estimate : 0.735  which is  A REASONABLE  solution

      S          J EXP       ERROR       J REG       I REG

  0.0000E+00                                      0.8198E+01
  0.6241E-03                                      0.8197E+01
  0.1248E-02                                      0.8195E+01
  0.1872E-02                                      0.8192E+01
  0.2496E-02                                      0.8187E+01
  0.3121E-02                                      0.8181E+01
  0.3745E-02                                      0.8173E+01
  0.4369E-02                                      0.8164E+01
  0.4993E-02                                      0.8154E+01
  0.5617E-02                                      0.8143E+01
  0.6241E-02                                      0.8130E+01
  0.6865E-02                                      0.8116E+01
  0.7489E-02                                      0.8101E+01
  0.8113E-02                                      0.8084E+01
  0.8737E-02                                      0.8066E+01
  0.9362E-02                                      0.8047E+01
  0.9986E-02                                      0.8026E+01
  0.1061E-01                                      0.8004E+01
  0.1123E-01                                      0.7981E+01
  0.1186E-01  0.7553E+01  0.3195E+01  0.7957E+01  0.7957E+01
  0.1247E-01  0.7563E+01  0.2874E+01  0.7933E+01  0.7933E+01
  0.1307E-01  0.4375E+01  0.3390E+01  0.7907E+01  0.7907E+01
  0.1368E-01  0.6887E+01  0.1917E+01  0.7880E+01  0.7880E+01
  0.1429E-01  0.7642E+01  0.2169E+01  0.7852E+01  0.7852E+01
  0.1490E-01  0.8326E+01  0.2050E+01  0.7823E+01  0.7823E+01
  0.1551E-01  0.6933E+01  0.1930E+01  0.7793E+01  0.7793E+01
  0.1611E-01  0.5750E+01  0.1424E+01  0.7762E+01  0.7762E+01
  0.1672E-01  0.1063E+02  0.1189E+01  0.7729E+01  0.7729E+01
  0.1733E-01  0.6149E+01  0.1983E+01  0.7696E+01  0.7696E+01
  0.1794E-01  0.1247E+02  0.1288E+01  0.7662E+01  0.7662E+01
  0.1855E-01  0.8700E+01  0.9748E+00  0.7627E+01  0.7627E+01
  0.1916E-01  0.7697E+01  0.1181E+01  0.7591E+01  0.7591E+01
  0.1976E-01  0.8432E+01  0.7963E+00  0.7554E+01  0.7554E+01
  0.2037E-01  0.6959E+01  0.8035E+00  0.7516E+01  0.7516E+01
  0.2098E-01  0.7464E+01  0.1204E+01  0.7478E+01  0.7478E+01
  0.2159E-01  0.7345E+01  0.7490E+00  0.7438E+01  0.7438E+01
  0.2219E-01  0.7982E+01  0.8441E+00  0.7398E+01  0.7398E+01
  0.2280E-01  0.7714E+01  0.9413E+00  0.7357E+01  0.7357E+01
  0.2341E-01  0.7575E+01  0.9115E+00  0.7315E+01  0.7315E+01
  0.2402E-01  0.6980E+01  0.6837E+00  0.7272E+01  0.7272E+01
  0.2463E-01  0.7455E+01  0.6246E+00  0.7229E+01  0.7229E+01
  0.2524E-01  0.7753E+01  0.7578E+00  0.7185E+01  0.7185E+01
  0.2584E-01  0.6334E+01  0.6048E+00  0.7140E+01  0.7140E+01
  0.2645E-01  0.7558E+01  0.7309E+00  0.7094E+01  0.7094E+01
  0.2706E-01  0.7444E+01  0.5449E+00  0.7048E+01  0.7048E+01
  0.2767E-01  0.6892E+01  0.4833E+00  0.7002E+01  0.7002E+01
  0.2828E-01  0.7444E+01  0.5634E+00  0.6955E+01  0.6955E+01
  0.2888E-01  0.6216E+01  0.4114E+00  0.6907E+01  0.6907E+01
  0.2949E-01  0.6852E+01  0.4249E+00  0.6858E+01  0.6858E+01
  0.3010E-01  0.5250E+01  0.4861E+00  0.6810E+01  0.6810E+01
  0.3071E-01  0.6327E+01  0.4460E+00  0.6760E+01  0.6760E+01
  0.3132E-01  0.6387E+01  0.5627E+00  0.6711E+01  0.6711E+01
  0.3192E-01  0.6187E+01  0.4956E+00  0.6660E+01  0.6660E+01
  0.3253E-01  0.6592E+01  0.5232E+00  0.6610E+01  0.6610E+01
  0.3314E-01  0.6748E+01  0.4675E+00  0.6559E+01  0.6559E+01
  0.3375E-01  0.7250E+01  0.4741E+00  0.6507E+01  0.6507E+01
  0.3436E-01  0.6805E+01  0.5588E+00  0.6455E+01  0.6455E+01
  0.3496E-01  0.6804E+01  0.4078E+00  0.6403E+01  0.6403E+01
  0.3557E-01  0.6064E+01  0.4894E+00  0.6351E+01  0.6351E+01
  0.3618E-01  0.6928E+01  0.4609E+00  0.6298E+01  0.6298E+01
  0.3679E-01  0.6032E+01  0.4497E+00  0.6246E+01  0.6246E+01
  0.3740E-01  0.6326E+01  0.4445E+00  0.6192E+01  0.6192E+01
  0.3800E-01  0.5830E+01  0.4160E+00  0.6139E+01  0.6139E+01
  0.3861E-01  0.6278E+01  0.4197E+00  0.6085E+01  0.6085E+01
  0.3922E-01  0.5774E+01  0.3923E+00  0.6032E+01  0.6032E+01
  0.3983E-01  0.6350E+01  0.3690E+00  0.5978E+01  0.5978E+01
  0.4044E-01  0.5817E+01  0.3488E+00  0.5924E+01  0.5924E+01
  0.4104E-01  0.5753E+01  0.3827E+00  0.5870E+01  0.5870E+01
  0.4165E-01  0.5962E+01  0.5307E+00  0.5815E+01  0.5815E+01
  0.4226E-01  0.5610E+01  0.4416E+00  0.5761E+01  0.5761E+01
  0.4287E-01  0.5538E+01  0.4575E+00  0.5707E+01  0.5707E+01
  0.4348E-01  0.5862E+01  0.4092E+00  0.5652E+01  0.5652E+01
  0.4409E-01  0.5340E+01  0.3785E+00  0.5598E+01  0.5598E+01
  0.4469E-01  0.5224E+01  0.3813E+00  0.5543E+01  0.5543E+01
  0.4530E-01  0.4781E+01  0.3813E+00  0.5489E+01  0.5489E+01
  0.4591E-01  0.5339E+01  0.3395E+00  0.5434E+01  0.5434E+01
  0.4652E-01  0.5634E+01  0.3919E+00  0.5380E+01  0.5380E+01
  0.4713E-01  0.5242E+01  0.4284E+00  0.5326E+01  0.5326E+01
  0.4773E-01  0.5543E+01  0.3523E+00  0.5271E+01  0.5271E+01
  0.4834E-01  0.5730E+01  0.3881E+00  0.5217E+01  0.5217E+01
  0.4895E-01  0.5587E+01  0.3719E+00  0.5163E+01  0.5163E+01
  0.4956E-01  0.5219E+01  0.3896E+00  0.5109E+01  0.5109E+01
  0.5017E-01  0.5063E+01  0.3309E+00  0.5055E+01  0.5055E+01
  0.5078E-01  0.5001E+01  0.3736E+00  0.5001E+01  0.5001E+01
  0.5138E-01  0.5084E+01  0.3520E+00  0.4948E+01  0.4948E+01
  0.5199E-01  0.4428E+01  0.3001E+00  0.4894E+01  0.4894E+01
  0.5260E-01  0.4570E+01  0.3301E+00  0.4841E+01  0.4841E+01
  0.5321E-01  0.5015E+01  0.3047E+00  0.4788E+01  0.4788E+01
  0.5382E-01  0.4496E+01  0.3000E+00  0.4735E+01  0.4735E+01
  0.5442E-01  0.5373E+01  0.3666E+00  0.4682E+01  0.4682E+01
  0.5503E-01  0.4908E+01  0.3249E+00  0.4629E+01  0.4629E+01
  0.5564E-01  0.5216E+01  0.3274E+00  0.4577E+01  0.4577E+01
  0.5625E-01  0.4489E+01  0.3096E+00  0.4525E+01  0.4525E+01
  0.5686E-01  0.4772E+01  0.2997E+00  0.4473E+01  0.4473E+01
  0.5746E-01  0.4480E+01  0.3174E+00  0.4421E+01  0.4421E+01
  0.5807E-01  0.4128E+01  0.3288E+00  0.4370E+01  0.4370E+01
  0.5868E-01  0.3560E+01  0.3191E+00  0.4318E+01  0.4318E+01
  0.5929E-01  0.4042E+01  0.3348E+00  0.4267E+01  0.4267E+01
  0.5990E-01  0.4248E+01  0.3509E+00  0.4217E+01  0.4217E+01
  0.6050E-01  0.3648E+01  0.3364E+00  0.4166E+01  0.4166E+01
  0.6111E-01  0.3694E+01  0.3485E+00  0.4116E+01  0.4116E+01
  0.6172E-01  0.3932E+01  0.3291E+00  0.4066E+01  0.4066E+01
  0.6233E-01  0.4304E+01  0.3428E+00  0.4016E+01  0.4016E+01
  0.6294E-01  0.4354E+01  0.3307E+00  0.3967E+01  0.3967E+01
  0.6354E-01  0.3858E+01  0.3000E+00  0.3918E+01  0.3918E+01
  0.6415E-01  0.3583E+01  0.3231E+00  0.3869E+01  0.3869E+01
  0.6476E-01  0.3682E+01  0.3197E+00  0.3821E+01  0.3821E+01
  0.6537E-01  0.3378E+01  0.2896E+00  0.3772E+01  0.3772E+01
  0.6598E-01  0.3737E+01  0.2919E+00  0.3724E+01  0.3724E+01
  0.6659E-01  0.3978E+01  0.2974E+00  0.3677E+01  0.3677E+01
  0.6719E-01  0.4169E+01  0.2732E+00  0.3629E+01  0.3629E+01
  0.6780E-01  0.3749E+01  0.3056E+00  0.3582E+01  0.3582E+01
  0.6841E-01  0.4153E+01  0.2881E+00  0.3536E+01  0.3536E+01
  0.6902E-01  0.3439E+01  0.2905E+00  0.3489E+01  0.3489E+01
  0.6963E-01  0.3140E+01  0.2622E+00  0.3443E+01  0.3443E+01
  0.7023E-01  0.3286E+01  0.3294E+00  0.3397E+01  0.3397E+01
  0.7084E-01  0.3045E+01  0.3141E+00  0.3352E+01  0.3352E+01
  0.7145E-01  0.3444E+01  0.3020E+00  0.3307E+01  0.3307E+01
  0.7206E-01  0.3312E+01  0.2706E+00  0.3262E+01  0.3262E+01
  0.7267E-01  0.3344E+01  0.2889E+00  0.3217E+01  0.3217E+01
  0.7327E-01  0.3333E+01  0.2489E+00  0.3173E+01  0.3173E+01
  0.7388E-01  0.3135E+01  0.2554E+00  0.3129E+01  0.3129E+01
  0.7449E-01  0.2704E+01  0.2522E+00  0.3085E+01  0.3085E+01
  0.7510E-01  0.2705E+01  0.2578E+00  0.3042E+01  0.3042E+01
  0.7571E-01  0.2740E+01  0.2756E+00  0.2999E+01  0.2999E+01
  0.7631E-01  0.2514E+01  0.2653E+00  0.2957E+01  0.2957E+01
  0.7692E-01  0.2532E+01  0.2551E+00  0.2914E+01  0.2914E+01
  0.7753E-01  0.3008E+01  0.2681E+00  0.2872E+01  0.2872E+01
  0.7814E-01  0.3086E+01  0.2512E+00  0.2831E+01  0.2831E+01
  0.7875E-01  0.3022E+01  0.2709E+00  0.2789E+01  0.2789E+01
  0.7935E-01  0.3346E+01  0.2724E+00  0.2749E+01  0.2749E+01
  0.7996E-01  0.3257E+01  0.2601E+00  0.2708E+01  0.2708E+01
  0.8057E-01  0.2760E+01  0.2499E+00  0.2668E+01  0.2668E+01
  0.8118E-01  0.2728E+01  0.2520E+00  0.2628E+01  0.2628E+01
  0.8179E-01  0.2968E+01  0.2446E+00  0.2588E+01  0.2588E+01
  0.8239E-01  0.2517E+01  0.2485E+00  0.2549E+01  0.2549E+01
  0.8300E-01  0.3178E+01  0.2470E+00  0.2510E+01  0.2510E+01
  0.8361E-01  0.2770E+01  0.2416E+00  0.2471E+01  0.2471E+01
  0.8422E-01  0.2161E+01  0.2253E+00  0.2433E+01  0.2433E+01
  0.8483E-01  0.2407E+01  0.2716E+00  0.2395E+01  0.2395E+01
  0.8544E-01  0.2299E+01  0.2410E+00  0.2357E+01  0.2357E+01
  0.8604E-01  0.1984E+01  0.2696E+00  0.2320E+01  0.2320E+01
  0.8665E-01  0.1975E+01  0.2583E+00  0.2283E+01  0.2283E+01
  0.8726E-01  0.2393E+01  0.2530E+00  0.2246E+01  0.2246E+01
  0.8787E-01  0.2478E+01  0.2291E+00  0.2210E+01  0.2210E+01
  0.8847E-01  0.2510E+01  0.2466E+00  0.2174E+01  0.2174E+01
  0.8908E-01  0.1882E+01  0.2413E+00  0.2139E+01  0.2139E+01
  0.8969E-01  0.2095E+01  0.3137E+00  0.2104E+01  0.2104E+01
  0.9030E-01  0.2114E+01  0.3860E+00  0.2069E+01  0.2069E+01
  0.9091E-01  0.1771E+01  0.2586E+00  0.2034E+01  0.2034E+01
  0.9151E-01  0.1849E+01  0.2560E+00  0.2000E+01  0.2000E+01
  0.9212E-01  0.1974E+01  0.2562E+00  0.1967E+01  0.1967E+01
  0.9273E-01  0.1867E+01  0.2734E+00  0.1933E+01  0.1933E+01
  0.9334E-01  0.1893E+01  0.2505E+00  0.1900E+01  0.1900E+01
  0.9395E-01  0.2045E+01  0.2320E+00  0.1868E+01  0.1868E+01
  0.9456E-01  0.1318E+01  0.2279E+00  0.1835E+01  0.1835E+01
  0.9516E-01  0.1701E+01  0.2341E+00  0.1804E+01  0.1804E+01
  0.9577E-01  0.1962E+01  0.2185E+00  0.1772E+01  0.1772E+01
  0.9638E-01  0.1580E+01  0.2426E+00  0.1741E+01  0.1741E+01
  0.9699E-01  0.1308E+01  0.2390E+00  0.1710E+01  0.1710E+01
  0.9760E-01  0.1754E+01  0.2486E+00  0.1680E+01  0.1680E+01
  0.9820E-01  0.1350E+01  0.2433E+00  0.1650E+01  0.1650E+01
  0.9881E-01  0.1450E+01  0.2350E+00  0.1620E+01  0.1620E+01
  0.9942E-01  0.1520E+01  0.2390E+00  0.1591E+01  0.1591E+01
  0.1000E+00  0.1667E+01  0.2483E+00  0.1562E+01  0.1562E+01
  0.1006E+00  0.1443E+01  0.5195E+00  0.1534E+01  0.1534E+01
  0.1012E+00  0.1680E+01  0.2466E+00  0.1506E+01  0.1506E+01
  0.1019E+00  0.1616E+01  0.2899E+00  0.1478E+01  0.1478E+01
  0.1025E+00  0.1209E+01  0.2180E+00  0.1451E+01  0.1451E+01
  0.1031E+00  0.9784E+00  0.2390E+00  0.1424E+01  0.1424E+01
  0.1037E+00  0.1862E+01  0.2291E+00  0.1398E+01  0.1398E+01
  0.1043E+00  0.1037E+01  0.2278E+00  0.1372E+01  0.1372E+01
  0.1049E+00  0.1044E+01  0.2013E+00  0.1346E+01  0.1346E+01
  0.1055E+00  0.1333E+01  0.2451E+00  0.1321E+01  0.1321E+01
  0.1061E+00  0.1280E+01  0.2349E+00  0.1296E+01  0.1296E+01
  0.1067E+00  0.1242E+01  0.2333E+00  0.1271E+01  0.1271E+01
  0.1073E+00  0.1080E+01  0.2079E+00  0.1247E+01  0.1247E+01
  0.1079E+00  0.9896E+00  0.2146E+00  0.1224E+01  0.1224E+01
  0.1085E+00  0.1139E+01  0.2336E+00  0.1200E+01  0.1200E+01
  0.1091E+00  0.9462E+00  0.1978E+00  0.1178E+01  0.1178E+01
  0.1098E+00  0.1071E+01  0.2123E+00  0.1155E+01  0.1155E+01
  0.1104E+00  0.1295E+01  0.2229E+00  0.1133E+01  0.1133E+01
  0.1110E+00  0.1222E+01  0.2035E+00  0.1112E+01  0.1112E+01
  0.1116E+00  0.1369E+01  0.2249E+00  0.1090E+01  0.1090E+01
  0.1122E+00  0.1146E+01  0.2216E+00  0.1070E+01  0.1070E+01
  0.1128E+00  0.1189E+01  0.2042E+00  0.1049E+01  0.1049E+01
  0.1134E+00  0.1304E+01  0.2124E+00  0.1029E+01  0.1029E+01
  0.1140E+00  0.1031E+01  0.2186E+00  0.1010E+01  0.1010E+01
  0.1146E+00  0.1139E+01  0.2149E+00  0.9904E+00  0.9904E+00
  0.1152E+00  0.8727E+00  0.2153E+00  0.9716E+00  0.9716E+00
  0.1158E+00  0.1162E+01  0.2099E+00  0.9532E+00  0.9532E+00
  0.1164E+00  0.1268E+01  0.1967E+00  0.9352E+00  0.9352E+00
  0.1171E+00  0.1202E+01  0.2116E+00  0.9175E+00  0.9175E+00
  0.1177E+00  0.1118E+01  0.2037E+00  0.9003E+00  0.9003E+00
  0.1183E+00  0.8833E+00  0.2081E+00  0.8835E+00  0.8835E+00
  0.1189E+00  0.1252E+01  0.2080E+00  0.8670E+00  0.8670E+00
  0.1195E+00  0.5602E+00  0.1895E+00  0.8509E+00  0.8509E+00
  0.1201E+00  0.8959E+00  0.1984E+00  0.8352E+00  0.8352E+00
  0.1207E+00  0.6416E+00  0.1922E+00  0.8199E+00  0.8199E+00
  0.1213E+00  0.7929E+00  0.2188E+00  0.8049E+00  0.8049E+00
  0.1219E+00  0.4833E+00  0.1938E+00  0.7903E+00  0.7903E+00
  0.1225E+00  0.8884E+00  0.2027E+00  0.7761E+00  0.7761E+00
  0.1231E+00  0.9297E+00  0.1927E+00  0.7622E+00  0.7622E+00
  0.1237E+00  0.5001E+00  0.2040E+00  0.7487E+00  0.7487E+00
  0.1244E+00  0.1039E+01  0.2115E+00  0.7355E+00  0.7355E+00
  0.1250E+00  0.5559E+00  0.1997E+00  0.7227E+00  0.7227E+00
  0.1256E+00  0.8223E+00  0.2034E+00  0.7102E+00  0.7102E+00
  0.1262E+00  0.9976E+00  0.1820E+00  0.6981E+00  0.6981E+00
  0.1268E+00  0.7169E+00  0.1967E+00  0.6863E+00  0.6863E+00
  0.1274E+00  0.8779E+00  0.1906E+00  0.6748E+00  0.6748E+00
  0.1280E+00  0.7467E+00  0.2063E+00  0.6636E+00  0.6636E+00
  0.1286E+00  0.7783E+00  0.1959E+00  0.6528E+00  0.6528E+00
  0.1292E+00  0.6606E+00  0.1867E+00  0.6422E+00  0.6422E+00
  0.1298E+00  0.1080E+00  0.1887E+00  0.6320E+00  0.6320E+00
  0.1304E+00  0.8980E+00  0.2187E+00  0.6221E+00  0.6221E+00
  0.1310E+00  0.7037E+00  0.2121E+00  0.6124E+00  0.6124E+00
  0.1316E+00  0.7156E+00  0.2042E+00  0.6031E+00  0.6031E+00
  0.1323E+00  0.7232E+00  0.1900E+00  0.5940E+00  0.5940E+00
  0.1329E+00  0.5885E+00  0.1974E+00  0.5852E+00  0.5852E+00
  0.1335E+00  0.6171E+00  0.1905E+00  0.5766E+00  0.5766E+00
  0.1341E+00  0.2268E+00  0.1997E+00  0.5683E+00  0.5683E+00
  0.1347E+00  0.2547E+00  0.1828E+00  0.5603E+00  0.5603E+00
  0.1353E+00  0.4067E+00  0.2046E+00  0.5525E+00  0.5525E+00
  0.1359E+00  0.9415E+00  0.1885E+00  0.5450E+00  0.5450E+00
  0.1365E+00  0.6958E+00  0.2004E+00  0.5377E+00  0.5377E+00
  0.1371E+00  0.8678E+00  0.1897E+00  0.5306E+00  0.5306E+00
  0.1377E+00  0.7865E+00  0.1812E+00  0.5237E+00  0.5237E+00
  0.1383E+00  0.3960E+00  0.2108E+00  0.5171E+00  0.5171E+00
  0.1389E+00  0.6984E+00  0.1988E+00  0.5107E+00  0.5107E+00
  0.1396E+00  0.1207E-01  0.2097E+00  0.5044E+00  0.5044E+00
  0.1402E+00  0.4317E+00  0.1939E+00  0.4984E+00  0.4984E+00
  0.1408E+00  0.3219E+00  0.1997E+00  0.4925E+00  0.4925E+00
  0.1414E+00  0.1017E+00  0.1947E+00  0.4869E+00  0.4869E+00
  0.1420E+00  0.2034E+00  0.1917E+00  0.4814E+00  0.4814E+00
  0.1426E+00  0.3241E+00  0.1932E+00  0.4760E+00  0.4760E+00
  0.1438E+00  0.4071E+00  0.2097E+00  0.4658E+00  0.4658E+00
  0.1444E+00  0.2523E+00  0.2443E+00  0.4610E+00  0.4610E+00
  0.1450E+00  0.1043E+00  0.1922E+00  0.4563E+00  0.4563E+00
  0.1456E+00  0.4038E+00  0.2337E+00  0.4517E+00  0.4517E+00
  0.1462E+00  0.9184E-01  0.9019E+00  0.4472E+00  0.4472E+00
  0.1468E+00  0.4380E+00  0.1848E+00  0.4429E+00  0.4429E+00
  0.1481E+00  0.5363E-01  0.1747E+00  0.4345E+00  0.4345E+00
  0.1487E+00  0.4887E+00  0.1824E+00  0.4305E+00  0.4305E+00
  0.1493E+00  0.4425E+00  0.2342E+00  0.4266E+00  0.4266E+00
  0.1499E+00  0.3941E+00  0.1697E+00  0.4228E+00  0.4228E+00
  0.1505E+00  0.3612E+00  0.4888E+00  0.4191E+00  0.4191E+00
  0.1511E+00  0.4585E+00  0.5092E+00  0.4155E+00  0.4155E+00
  0.1517E+00  0.3116E+00  0.1867E+00  0.4120E+00  0.4120E+00
  0.1523E+00  0.3794E+00  0.2934E+00  0.4085E+00  0.4085E+00
  0.1535E+00  0.5462E+00  0.1740E+00  0.4018E+00  0.4018E+00
  0.1541E+00  0.4042E-01  0.1801E+00  0.3985E+00  0.3985E+00
  0.1548E+00  0.3754E+00  0.1742E+00  0.3953E+00  0.3953E+00
  0.1554E+00  0.2518E+00  0.1680E+00  0.3921E+00  0.3921E+00
  0.1560E+00  0.5009E+00  0.1811E+00  0.3890E+00  0.3890E+00
  0.1566E+00  0.6571E+00  0.1778E+00  0.3859E+00  0.3859E+00
  0.1572E+00  0.6262E+00  0.1714E+00  0.3829E+00  0.3829E+00
  0.1578E+00  0.7011E+00  0.1878E+00  0.3799E+00  0.3799E+00
  0.1584E+00  0.5566E+00  0.1763E+00  0.3770E+00  0.3770E+00
  0.1590E+00  0.6087E+00  0.1725E+00  0.3741E+00  0.3741E+00
  0.1596E+00  0.8274E+00  0.1665E+00  0.3712E+00  0.3712E+00
  0.1602E+00  0.8346E+00  0.1716E+00  0.3683E+00  0.3683E+00
  0.1608E+00  0.8382E+00  0.1605E+00  0.3655E+00  0.3655E+00
  0.1614E+00  0.3127E+00  0.1880E+00  0.3627E+00  0.3627E+00
  0.1620E+00  0.6596E+00  0.1598E+00  0.3599E+00  0.3599E+00
  0.1627E+00  0.1683E-01  0.1774E+00  0.3572E+00  0.3572E+00
  0.1633E+00  0.2028E+00  0.1762E+00  0.3544E+00  0.3544E+00
  0.1639E+00  0.3569E+00  0.1699E+00  0.3517E+00  0.3517E+00
  0.1645E+00  0.2883E+00  0.1587E+00  0.3490E+00  0.3490E+00
  0.1651E+00  0.2955E+00  0.1613E+00  0.3463E+00  0.3463E+00
  0.1657E+00  0.1648E+00  0.1611E+00  0.3436E+00  0.3436E+00
  0.1675E+00  0.8831E-01  0.1549E+00  0.3356E+00  0.3356E+00
  0.1681E+00  0.9286E-01  0.1680E+00  0.3329E+00  0.3329E+00
  0.1687E+00  0.1770E+00  0.1641E+00  0.3303E+00  0.3303E+00
  0.1693E+00  0.8327E-01  0.1762E+00  0.3276E+00  0.3276E+00
  0.1706E+00  0.2903E+00  0.1593E+00  0.3223E+00  0.3223E+00
  0.1718E+00  0.4132E+00  0.1708E+00  0.3171E+00  0.3171E+00
  0.1724E+00  0.3829E+00  0.1729E+00  0.3145E+00  0.3145E+00
  0.1730E+00  0.3856E+00  0.1673E+00  0.3119E+00  0.3119E+00
  0.1736E+00  0.4477E+00  0.1795E+00  0.3093E+00  0.3093E+00
  0.1742E+00  0.2668E+00  0.1602E+00  0.3067E+00  0.3067E+00
  0.1748E+00  0.5084E+00  0.1627E+00  0.3042E+00  0.3042E+00
  0.1754E+00  0.3238E+00  0.1619E+00  0.3016E+00  0.3016E+00
  0.1760E+00  0.5172E+00  0.1889E+00  0.2991E+00  0.2991E+00
  0.1766E+00  0.9705E-01  0.1830E+00  0.2965E+00  0.2965E+00
  0.1773E+00  0.2761E+00  0.2057E+00  0.2940E+00  0.2940E+00
  0.1779E+00  0.3955E+00  0.1754E+00  0.2915E+00  0.2915E+00
  0.1791E+00  0.1642E+00  0.1722E+00  0.2865E+00  0.2865E+00
  0.1797E+00  0.1363E+00  0.1803E+00  0.2840E+00  0.2840E+00
  0.1809E+00  0.2109E+00  0.1627E+00  0.2791E+00  0.2791E+00
  0.1815E+00  0.3579E+00  0.1638E+00  0.2767E+00  0.2767E+00
  0.1821E+00  0.3943E+00  0.1604E+00  0.2743E+00  0.2743E+00
  0.1827E+00  0.4200E+00  0.1542E+00  0.2719E+00  0.2719E+00
  0.1833E+00  0.6374E+00  0.1555E+00  0.2696E+00  0.2696E+00
  0.1839E+00  0.2129E+00  0.1577E+00  0.2672E+00  0.2672E+00
  0.1845E+00  0.3089E+00  0.1608E+00  0.2649E+00  0.2649E+00
  0.1852E+00  0.3894E+00  0.1631E+00  0.2626E+00  0.2626E+00
  0.1858E+00  0.3046E+00  0.1507E+00  0.2604E+00  0.2604E+00
  0.1864E+00  0.9625E-01  0.1548E+00  0.2582E+00  0.2582E+00
  0.1870E+00  0.2839E+00  0.1563E+00  0.2560E+00  0.2560E+00
  0.1876E+00  0.1290E+00  0.1566E+00  0.2538E+00  0.2538E+00
  0.1888E+00  0.2993E+00  0.1605E+00  0.2495E+00  0.2495E+00
  0.1894E+00  0.3828E+00  0.1543E+00  0.2475E+00  0.2475E+00
  0.1900E+00  0.4940E+00  0.1604E+00  0.2454E+00  0.2454E+00
  0.1918E+00  0.2066E+00  0.1574E+00  0.2395E+00  0.2395E+00
  0.1925E+00  0.2006E+00  0.1659E+00  0.2376E+00  0.2376E+00
  0.1931E+00  0.2938E-01  0.1588E+00  0.2357E+00  0.2357E+00
  0.1937E+00  0.2999E+00  0.1547E+00  0.2339E+00  0.2339E+00
  0.1949E+00  0.3071E+00  0.2058E+00  0.2303E+00  0.2303E+00
  0.1961E+00  0.1107E+00  0.1580E+00  0.2269E+00  0.2269E+00
  0.1967E+00  0.6140E-01  0.1627E+00  0.2253E+00  0.2253E+00
  0.1973E+00  0.1304E+00  0.1608E+00  0.2237E+00  0.2237E+00
  0.1979E+00  0.2492E+00  0.1543E+00  0.2221E+00  0.2221E+00
  0.1985E+00  0.1881E+00  0.1538E+00  0.2206E+00  0.2206E+00
  0.1991E+00  0.1694E+00  0.1501E+00  0.2191E+00  0.2191E+00
  0.1997E+00  0.2800E-01  0.1512E+00  0.2176E+00  0.2176E+00
  0.2004E+00  0.4980E-01  0.1486E+00  0.2162E+00  0.2162E+00
  0.2016E+00  0.4637E-01  0.1540E+00  0.2135E+00  0.2135E+00
  0.2022E+00  0.2394E+00  0.1511E+00  0.2122E+00  0.2122E+00
  0.2028E+00  0.2379E+00  0.1479E+00  0.2109E+00  0.2109E+00
  0.2034E+00  0.1513E+00  0.1584E+00  0.2097E+00  0.2097E+00
  0.2040E+00  0.1040E+00  0.1477E+00  0.2085E+00  0.2085E+00
  0.2046E+00  0.5703E-01  0.1437E+00  0.2073E+00  0.2073E+00
  0.2052E+00  0.3651E+00  0.1458E+00  0.2062E+00  0.2062E+00
  0.2058E+00  0.4306E+00  0.1581E+00  0.2051E+00  0.2051E+00
  0.2064E+00  0.1757E+00  0.1410E+00  0.2041E+00  0.2041E+00
  0.2070E+00  0.4161E+00  0.1607E+00  0.2030E+00  0.2030E+00
  0.2077E+00  0.1242E+00  0.1478E+00  0.2020E+00  0.2020E+00
  0.2083E+00  0.1102E+00  0.1614E+00  0.2011E+00  0.2011E+00
  0.2095E+00  0.1992E+00  0.1534E+00  0.1992E+00  0.1992E+00
  0.2107E+00  0.2961E+00  0.1443E+00  0.1975E+00  0.1975E+00
  0.2113E+00  0.9589E-01  0.1453E+00  0.1967E+00  0.1967E+00
  0.2119E+00  0.2300E+00  0.1494E+00  0.1958E+00  0.1958E+00
  0.2125E+00  0.2613E+00  0.1536E+00  0.1951E+00  0.1951E+00
  0.2131E+00  0.1397E+00  0.1449E+00  0.1943E+00  0.1943E+00
  0.2137E+00  0.1975E+00  0.1479E+00  0.1936E+00  0.1936E+00
  0.2143E+00  0.1796E+00  0.1476E+00  0.1928E+00  0.1928E+00
  0.2149E+00  0.3066E+00  0.1549E+00  0.1921E+00  0.1921E+00
  0.2156E+00  0.2027E+00  0.1382E+00  0.1915E+00  0.1915E+00
  0.2162E+00  0.2348E+00  0.1485E+00  0.1908E+00  0.1908E+00
  0.2168E+00  0.2034E+00  0.1463E+00  0.1901E+00  0.1901E+00
  0.2186E+00  0.6772E-02  0.1462E+00  0.1883E+00  0.1883E+00
  0.2192E+00  0.3415E+00  0.1485E+00  0.1877E+00  0.1877E+00
  0.2198E+00  0.2039E+00  0.1458E+00  0.1871E+00  0.1871E+00
  0.2204E+00  0.3722E+00  0.1499E+00  0.1865E+00  0.1865E+00
  0.2210E+00  0.1912E+00  0.1377E+00  0.1859E+00  0.1859E+00
  0.2216E+00  0.3698E+00  0.1759E+00  0.1854E+00  0.1854E+00
  0.2222E+00  0.4086E+00  0.1379E+00  0.1848E+00  0.1848E+00
  0.2235E+00  0.1260E-01  0.1490E+00  0.1837E+00  0.1837E+00
  0.2247E+00  0.1566E+00  0.1397E+00  0.1826E+00  0.1826E+00
  0.2265E+00  0.2920E+00  0.1411E+00  0.1810E+00  0.1810E+00
  0.2277E+00  0.2457E+00  0.1480E+00  0.1800E+00  0.1800E+00
  0.2289E+00  0.1859E+00  0.1426E+00  0.1789E+00  0.1789E+00
  0.2295E+00  0.4917E-01  0.1367E+00  0.1783E+00  0.1783E+00
  0.2301E+00  0.3886E+00  0.1366E+00  0.1778E+00  0.1778E+00
  0.2308E+00  0.2194E+00  0.1404E+00  0.1772E+00  0.1772E+00
  0.2320E+00  0.2859E+00  0.1381E+00  0.1761E+00  0.1761E+00
  0.2332E+00  0.5074E-01  0.1369E+00  0.1750E+00  0.1750E+00
  0.2344E+00  0.1285E+00  0.1424E+00  0.1738E+00  0.1738E+00
  0.2356E+00  0.2446E-01  0.1386E+00  0.1726E+00  0.1726E+00
  0.2362E+00  0.1343E+00  0.1401E+00  0.1720E+00  0.1720E+00
  0.2374E+00  0.5380E-01  0.1389E+00  0.1708E+00  0.1708E+00
  0.2380E+00  0.1020E-01  0.1418E+00  0.1702E+00  0.1702E+00
  0.2387E+00  0.7497E-01  0.1349E+00  0.1696E+00  0.1696E+00
  0.2411E+00  0.3353E+00  0.1502E+00  0.1671E+00  0.1671E+00
  0.2417E+00  0.3361E+00  0.1345E+00  0.1664E+00  0.1664E+00
  0.2423E+00  0.2634E+00  0.1337E+00  0.1658E+00  0.1658E+00
  0.2429E+00  0.1697E+00  0.1235E+00  0.1651E+00  0.1651E+00
  0.2435E+00  0.1604E-01  0.1339E+00  0.1645E+00  0.1645E+00
  0.2441E+00  0.1919E-01  0.1377E+00  0.1638E+00  0.1638E+00
  0.2447E+00  0.2042E+00  0.1355E+00  0.1631E+00  0.1631E+00
  0.2453E+00  0.5487E-01  0.1429E+00  0.1625E+00  0.1625E+00
  0.2460E+00  0.5644E-01  0.1350E+00  0.1618E+00  0.1618E+00
  0.2466E+00  0.1438E+00  0.1317E+00  0.1611E+00  0.1611E+00
  0.2472E+00  0.2149E-01  0.1312E+00  0.1604E+00  0.1604E+00
  0.2478E+00  0.4941E+00  0.1337E+00  0.1598E+00  0.1598E+00
  0.2484E+00  0.1761E+00  0.1326E+00  0.1591E+00  0.1591E+00
  0.2490E+00  0.1141E+00  0.1339E+00  0.1584E+00  0.1584E+00
  0.2496E+00  0.1734E+00  0.1314E+00  0.1577E+00  0.1577E+00
  0.2502E+00  0.1533E+00  0.1365E+00  0.1571E+00  0.1571E+00
  0.2508E+00  0.2835E+00  0.1329E+00  0.1564E+00  0.1564E+00
  0.2514E+00  0.2000E+00  0.1372E+00  0.1557E+00  0.1557E+00
  0.2526E+00  0.3150E+00  0.1374E+00  0.1544E+00  0.1544E+00
  0.2532E+00  0.8130E-01  0.3557E+00  0.1537E+00  0.1537E+00
  0.2539E+00  0.3475E-01  0.1448E+00  0.1530E+00  0.1530E+00
  0.2551E+00  0.8541E-02  0.2557E+00  0.1517E+00  0.1517E+00
  0.2557E+00  0.4326E-01  0.1476E+00  0.1510E+00  0.1510E+00
  0.2563E+00  0.3400E-01  0.1319E+00  0.1504E+00  0.1504E+00
  0.2569E+00  0.1553E+00  0.1290E+00  0.1497E+00  0.1497E+00
  0.2587E+00  0.8382E-02  0.1323E+00  0.1478E+00  0.1478E+00
  0.2599E+00  0.3282E+00  0.1263E+00  0.1466E+00  0.1466E+00
  0.2618E+00  0.1410E+00  0.1317E+00  0.1448E+00  0.1448E+00
  0.2642E+00  0.1403E+00  0.1310E+00  0.1424E+00  0.1424E+00
  0.2648E+00  0.1476E+00  0.1396E+00  0.1418E+00  0.1418E+00
  0.2654E+00  0.2300E+00  0.1261E+00  0.1413E+00  0.1413E+00
  0.2660E+00  0.1802E+00  0.1429E+00  0.1407E+00  0.1407E+00
  0.2672E+00  0.4137E-01  0.1150E+00  0.1396E+00  0.1396E+00
  0.2684E+00  0.8807E-01  0.1269E+00  0.1386E+00  0.1386E+00
  0.2691E+00  0.2413E+00  0.1270E+00  0.1380E+00  0.1380E+00
  0.2703E+00  0.1741E-01  0.1377E+00  0.1370E+00  0.1370E+00
  0.2709E+00  0.2242E+00  0.1246E+00  0.1365E+00  0.1365E+00
  0.2715E+00  0.4190E+00  0.1220E+00  0.1360E+00  0.1360E+00
  0.2721E+00  0.9892E-01  0.1243E+00  0.1355E+00  0.1355E+00
  0.2727E+00  0.1919E+00  0.1223E+00  0.1350E+00  0.1350E+00
  0.2733E+00  0.3470E+00  0.1231E+00  0.1345E+00  0.1345E+00
  0.2739E+00  0.8122E-02  0.1186E+00  0.1340E+00  0.1340E+00
  0.2751E+00  0.2818E-01  0.1166E+00  0.1331E+00  0.1331E+00
  0.2763E+00  0.1528E+00  0.1222E+00  0.1321E+00  0.1321E+00
  0.2770E+00  0.9574E-01  0.1198E+00  0.1316E+00  0.1316E+00
  0.2776E+00  0.2237E+00  0.1245E+00  0.1312E+00  0.1312E+00
  0.2782E+00  0.1116E+00  0.1207E+00  0.1307E+00  0.1307E+00
  0.2788E+00  0.1844E+00  0.1177E+00  0.1302E+00  0.1302E+00
  0.2794E+00  0.1734E+00  0.1166E+00  0.1298E+00  0.1298E+00
  0.2800E+00  0.2164E-01  0.1166E+00  0.1293E+00  0.1293E+00
  0.2812E+00  0.3464E-01  0.1197E+00  0.1283E+00  0.1283E+00
  0.2818E+00  0.1784E+00  0.1241E+00  0.1279E+00  0.1279E+00
  0.2824E+00  0.1838E+00  0.1233E+00  0.1274E+00  0.1274E+00
  0.2830E+00  0.1369E+00  0.1264E+00  0.1269E+00  0.1269E+00
  0.2836E+00  0.1767E-01  0.1155E+00  0.1264E+00  0.1264E+00
  0.2855E+00  0.7081E-01  0.1214E+00  0.1250E+00  0.1250E+00
  0.2867E+00  0.4112E-01  0.1215E+00  0.1240E+00  0.1240E+00
  0.2873E+00  0.3577E+00  0.1200E+00  0.1235E+00  0.1235E+00
  0.2879E+00  0.2699E+00  0.1206E+00  0.1229E+00  0.1229E+00
  0.2885E+00  0.1879E+00  0.1184E+00  0.1224E+00  0.1224E+00
  0.2891E+00  0.1483E+00  0.1132E+00  0.1219E+00  0.1219E+00
  0.2897E+00  0.2958E-01  0.1238E+00  0.1214E+00  0.1214E+00
  0.2915E+00  0.1929E+00  0.1253E+00  0.1197E+00  0.1197E+00
  0.2922E+00  0.8648E-01  0.1127E+00  0.1192E+00  0.1192E+00
  0.2928E+00  0.4110E-01  0.1155E+00  0.1186E+00  0.1186E+00
  0.2934E+00  0.1954E+00  0.1091E+00  0.1180E+00  0.1180E+00
  0.2940E+00  0.1168E+00  0.1105E+00  0.1174E+00  0.1174E+00
  0.2946E+00  0.2675E+00  0.1195E+00  0.1168E+00  0.1168E+00
  0.2952E+00  0.2427E+00  0.1118E+00  0.1162E+00  0.1162E+00
  0.2958E+00  0.1411E+00  0.1190E+00  0.1156E+00  0.1156E+00
  0.2964E+00  0.7521E-01  0.1101E+00  0.1150E+00  0.1150E+00
  0.2970E+00  0.1363E+00  0.1137E+00  0.1144E+00  0.1144E+00
  0.2982E+00  0.1904E+00  0.1098E+00  0.1131E+00  0.1131E+00
  0.2988E+00  0.2316E-02  0.1092E+00  0.1125E+00  0.1125E+00
  0.2995E+00  0.2401E-01  0.1162E+00  0.1118E+00  0.1118E+00
  0.3001E+00  0.2726E+00  0.1091E+00  0.1111E+00  0.1111E+00
  0.3007E+00  0.7484E-01  0.1096E+00  0.1105E+00  0.1105E+00
  0.3013E+00  0.1497E+00  0.1050E+00  0.1098E+00  0.1098E+00
  0.3025E+00  0.1793E-01  0.1048E+00  0.1084E+00  0.1084E+00
  0.3031E+00  0.2485E-01  0.1117E+00  0.1077E+00  0.1077E+00
  0.3049E+00  0.1465E+00  0.1123E+00  0.1056E+00  0.1056E+00
  0.3055E+00  0.1434E+00  0.1096E+00  0.1048E+00  0.1048E+00
  0.3061E+00  0.3237E-01  0.1192E+00  0.1041E+00  0.1041E+00
  0.3067E+00  0.1072E-01  0.1049E+00  0.1034E+00  0.1034E+00

           Distance distribution  function of particle  


       R          P(R)      ERROR

  0.0000E+00  0.0000E+00  0.0000E+00
  0.1014E+01  0.7096E-03  0.2411E-03
  0.2028E+01  0.1477E-02  0.3696E-03
  0.3042E+01  0.2297E-02  0.3967E-03
  0.4056E+01  0.3161E-02  0.3407E-03
  0.5070E+01  0.4060E-02  0.2274E-03
  0.6084E+01  0.4982E-02  0.1152E-03
  0.7098E+01  0.5914E-02  0.1781E-03
  0.8112E+01  0.6844E-02  0.3271E-03
  0.9126E+01  0.7763E-02  0.4589E-03
  0.1014E+02  0.8660E-02  0.5481E-03
  0.1115E+02  0.9529E-02  0.5835E-03
  0.1217E+02  0.1037E-01  0.5622E-03
  0.1318E+02  0.1117E-01  0.4894E-03
  0.1420E+02  0.1193E-01  0.3805E-03
  0.1521E+02  0.1267E-01  0.2696E-03
  0.1622E+02  0.1337E-01  0.2330E-03
  0.1724E+02  0.1404E-01  0.3137E-03
  0.1825E+02  0.1468E-01  0.4342E-03
  0.1927E+02  0.1528E-01  0.5384E-03
  0.2028E+02  0.1586E-01  0.6033E-03
  0.2129E+02  0.1639E-01  0.6197E-03
  0.2231E+02  0.1687E-01  0.5886E-03
  0.2332E+02  0.1730E-01  0.5213E-03
  0.2434E+02  0.1766E-01  0.4438E-03
  0.2535E+02  0.1793E-01  0.4005E-03
  0.2636E+02  0.1812E-01  0.4319E-03
  0.2738E+02  0.1821E-01  0.5245E-03
  0.2839E+02  0.1819E-01  0.6330E-03
  0.2941E+02  0.1806E-01  0.7226E-03
  0.3042E+02  0.1781E-01  0.7729E-03
  0.3143E+02  0.1746E-01  0.7751E-03
  0.3245E+02  0.1702E-01  0.7300E-03
  0.3346E+02  0.1648E-01  0.6494E-03
  0.3448E+02  0.1587E-01  0.5587E-03
  0.3549E+02  0.1521E-01  0.5002E-03
  0.3650E+02  0.1451E-01  0.5149E-03
  0.3752E+02  0.1379E-01  0.5982E-03
  0.3853E+02  0.1307E-01  0.7072E-03
  0.3955E+02  0.1236E-01  0.8026E-03
  0.4056E+02  0.1167E-01  0.8603E-03
  0.4157E+02  0.1100E-01  0.8686E-03
  0.4259E+02  0.1037E-01  0.8266E-03
  0.4360E+02  0.9765E-02  0.7441E-03
  0.4462E+02  0.9187E-02  0.6446E-03
  0.4563E+02  0.8628E-02  0.5684E-03
  0.4664E+02  0.8081E-02  0.5614E-03
  0.4766E+02  0.7537E-02  0.6338E-03
  0.4867E+02  0.6990E-02  0.7476E-03
  0.4969E+02  0.6435E-02  0.8592E-03
  0.5070E+02  0.5868E-02  0.9401E-03
  0.5171E+02  0.5291E-02  0.9759E-03
  0.5273E+02  0.4708E-02  0.9638E-03
  0.5374E+02  0.4124E-02  0.9124E-03
  0.5476E+02  0.3550E-02  0.8415E-03
  0.5577E+02  0.2997E-02  0.7822E-03
  0.5678E+02  0.2476E-02  0.7674E-03
  0.5780E+02  0.2001E-02  0.8114E-03
  0.5881E+02  0.1580E-02  0.8974E-03
  0.5983E+02  0.1223E-02  0.9938E-03
  0.6084E+02  0.9333E-03  0.1072E-02
  0.6185E+02  0.7131E-03  0.1116E-02
  0.6287E+02  0.5597E-03  0.1118E-02
  0.6388E+02  0.4673E-03  0.1084E-02
  0.6490E+02  0.4271E-03  0.1026E-02
  0.6591E+02  0.4282E-03  0.9665E-03
  0.6692E+02  0.4585E-03  0.9312E-03
  0.6794E+02  0.5061E-03  0.9361E-03
  0.6895E+02  0.5602E-03  0.9797E-03
  0.6997E+02  0.6119E-03  0.1044E-02
  0.7098E+02  0.6553E-03  0.1110E-02
  0.7199E+02  0.6875E-03  0.1160E-02
  0.7301E+02  0.7089E-03  0.1192E-02
  0.7402E+02  0.7227E-03  0.1207E-02
  0.7504E+02  0.7344E-03  0.1218E-02
  0.7605E+02  0.7508E-03  0.1235E-02
  0.7706E+02  0.7789E-03  0.1267E-02
  0.7808E+02  0.8247E-03  0.1312E-02
  0.7909E+02  0.8926E-03  0.1364E-02
  0.8011E+02  0.9835E-03  0.1410E-02
  0.8112E+02  0.1096E-02  0.1442E-02
  0.8213E+02  0.1223E-02  0.1457E-02
  0.8315E+02  0.1357E-02  0.1460E-02
  0.8416E+02  0.1486E-02  0.1462E-02
  0.8518E+02  0.1596E-02  0.1476E-02
  0.8619E+02  0.1675E-02  0.1507E-02
  0.8720E+02  0.1711E-02  0.1550E-02
  0.8822E+02  0.1694E-02  0.1590E-02
  0.8923E+02  0.1621E-02  0.1609E-02
  0.9025E+02  0.1491E-02  0.1595E-02
  0.9126E+02  0.1310E-02  0.1549E-02
  0.9227E+02  0.1091E-02  0.1490E-02
  0.9329E+02  0.8507E-03  0.1457E-02
  0.9430E+02  0.6078E-03  0.1492E-02
  0.9532E+02  0.3839E-03  0.1605E-02
  0.9633E+02  0.1983E-03  0.1755E-02
  0.9734E+02  0.6562E-04  0.1863E-02
  0.9836E+02 -0.7808E-05  0.1837E-02
  0.9937E+02 -0.2713E-04  0.1581E-02
  0.1004E+03 -0.1216E-04  0.1000E-02
  0.1014E+03  0.0000E+00  0.0000E+00
          Reciprocal space: Rg =   25.19     , I(0) =   0.8198E+01
     Real space: Rg =   25.28 +- 1.593  I(0) =   0.8198E+01 +-  0.2437E+00
