
           ####    G N O M   ---   Version 4.5a revised 09/02/02     ####

                                                  Sat Nov  4 16:51:57 2017
           ===    Run No   1   ===
 Run title:  0.000132994 0 0


  Number of points omitted at the end:         343
   *******   Working Directory :
   *******    Input file(s) : 25533_02F_S077_0_01.sub
           Condition P(rmin) = 0 is used. 
           Condition P(rmax) = 0 is used. 

          Experimental conditions for the first run
          -----------------------------------------

          Highest ALPHA is found to be   0.4133E+04

  The measure of inconsistency AN1 equals to    0.1177E+01

          Warning: using the chosen range in the real space 
             it is not possible to fit the data set within the
             given error band. 
     Alpha    Discrp  Oscill  Stabil  Sysdev  Positv  Valcen    Total   
  0.4133E+07212.4124  1.7999  0.9838  0.0000  1.0000  0.7295  0.00001
  0.8266E+06207.9225  1.8038  0.9595  0.0000  1.0000  0.7286  0.00001
  0.1653E+06188.3317  1.8230  0.8520  0.0000  1.0000  0.7243  0.00001
  0.3307E+05131.3518  1.9134  0.5262  0.0075  1.0000  0.7033  0.00001
  0.6613E+04 64.1618  2.2575  0.1681  0.0150  1.0000  0.6172  0.00001
  0.1323E+04 27.8226  2.9641  0.1500  0.0225  1.0000  0.4273  0.00001
  0.2645E+03  9.0112  3.5563  0.0591  0.0225  1.0000  0.3058  0.00001
  0.5291E+02  2.3852  3.7974  0.0156  0.2322  1.0000  0.2762  0.36107
  0.1058E+02  1.1405  3.8598  0.0064  0.5618  1.0000  0.2713  0.35384
  0.2116E+01  1.0236  3.8775  0.0067  0.5618  1.0000  0.2714  0.10000
  0.4232E+00  0.9995  3.9002  0.0100  0.5918  1.0000  0.2722  0.10000
  0.8465E-01  0.9805  4.0055  0.0249  0.6067  1.0000  0.2731  0.10000
  0.1693E-01  0.9518  4.7561  0.0902  0.6367  0.9997  0.2785  0.10000
  0.3386E-02  0.8984  8.4912  0.1718  0.6592  0.9919  0.2607  0.10000
  0.6772E-03  0.8606 13.5546  0.2006  0.6891  0.9651  0.2193  0.10000
  0.1354E-03  0.8363 20.5285  0.4677  0.6742  0.9039  0.1654  0.10000
  0.2709E-04  0.8128 25.9149  0.3625  0.5993  0.8248  0.1706  0.10000
  0.5418E-05  0.7983 30.3193  0.7551  0.5843  0.7679  0.1538  0.10000
  0.1084E-05  0.7766 28.6544  0.5805  0.5993  0.7372  0.2035  0.10000
  0.2167E-06  0.7589 30.4251  0.6224  0.5843  0.7119  0.2097  0.10000
  0.4334E-07  0.7353 28.9873  0.8288  0.5693  0.7046  0.2143  0.10000
  0.8668E-08  0.6916 28.6447  0.5518  0.6292  0.7019  0.2656  0.10000
  0.1734E-08  0.6336 34.4285  0.6066  0.6592  0.6942  0.3336  0.10000
  0.3467E-09  0.5333 40.2405  0.5844  0.6891  0.6982  0.3025  0.10000
  0.6934E-10  0.3888 44.1201  0.5205  0.7341  0.7112  0.3401  0.10000
  0.1387E-10  0.2089 47.7845  0.3473  0.8390  0.7169  0.3158  0.10000
  0.2774E-11  0.0707 50.4369  0.1428  0.8390  0.7283  0.2826  0.10000
  0.5548E-12  0.0169 51.4722  0.0378  0.8240  0.7342  0.2698  0.10000
  0.1110E-12  0.0035 51.7388  0.0082  0.8240  0.7356  0.2666  0.10000
  0.2219E-13  0.0007 51.7958  0.0017  0.8240  0.7359  0.2660  0.10000
  0.4438E-14  0.0001 51.8073  0.0003  0.8240  0.7360  0.2659  0.10000

          ***  Golden section search to maximize estimate ***
     Alpha    Discrp  Oscill  Stabil  Sysdev  Positv  Valcen    Total   
  0.9783E+02  3.9190  3.7379  0.0265  0.1573  1.0000  0.2824  0.00001
  0.4183E+02  2.0139  3.8130  0.0129  0.2622  1.0000  0.2748  0.35571
  0.6691E+02  2.8640  3.7783  0.0191  0.1873  1.0000  0.2781  0.00001
  0.4837E+02  2.2317  3.8038  0.0145  0.2472  1.0000  0.2756  0.35895
  0.5787E+02  2.5544  3.7906  0.0168  0.2022  1.0000  0.2769  0.00006
  0.5112E+02  2.3248  3.7999  0.0152  0.2472  1.0000  0.2760  0.36027
  0.5475E+02  2.4479  3.7949  0.0161  0.2172  1.0000  0.2765  0.36184
  0.5592E+02  2.4878  3.7932  0.0164  0.2022  1.0000  0.2766  0.36231
  0.5666E+02  2.5130  3.7922  0.0165  0.2022  1.0000  0.2767  0.36260
  0.5712E+02  2.5287  3.7916  0.0167  0.2022  1.0000  0.2768  0.00009
  0.5637E+02  2.5033  3.7926  0.0165  0.2022  1.0000  0.2767  0.36249
  0.5683E+02  2.5190  3.7920  0.0166  0.2022  1.0000  0.2767  0.00010
  0.5666E+02  2.5130  3.7922  0.0165  0.2022  1.0000  0.2767  0.36260



             ####            Final results            ####

 Parameter    DISCRP    OSCILL    STABIL    SYSDEV    POSITV    VALCEN
 Weight        1.000     3.000     3.000     4.000     1.000     1.000
 Sigma         0.500     0.600     0.120     0.200     0.120     0.120
 Ideal         1.000     1.100     0.000     1.000     1.000     0.950
 Current       2.513     3.792     0.017     0.202     1.000     0.277
                - - - - - - - - - - - - - - - - - - - - - - - - - 
 Estimate      0.000     0.000     0.981     0.000     1.000     0.000

  Angular   range    :     from    0.0085   to    0.2122
  Real space range   :     from      0.00   to    261.70

  Highest ALPHA (theor) :   0.413E+07                 JOB = 0
  Current ALPHA         :   0.567E+02   Rg :  0.622E+02   I(0) :   0.256E+04

           Total  estimate : 0.363  which is  A SUSPICIOUS  solution

      S          J EXP       ERROR       J REG       I REG

  0.0000E+00                                      0.2565E+04
  0.7751E-03                                      0.2563E+04
  0.1550E-02                                      0.2556E+04
  0.2325E-02                                      0.2546E+04
  0.3100E-02                                      0.2532E+04
  0.3875E-02                                      0.2514E+04
  0.4651E-02                                      0.2493E+04
  0.5426E-02                                      0.2468E+04
  0.6201E-02                                      0.2440E+04
  0.6976E-02                                      0.2409E+04
  0.7751E-02                                      0.2375E+04
  0.8526E-02  0.2701E+04  0.7155E+02  0.2340E+04  0.2340E+04
  0.9289E-02  0.2558E+04  0.5899E+02  0.2303E+04  0.2303E+04
  0.1005E-01  0.2442E+04  0.3566E+02  0.2264E+04  0.2264E+04
  0.1082E-01  0.2323E+04  0.2624E+02  0.2224E+04  0.2224E+04
  0.1158E-01  0.2266E+04  0.2188E+02  0.2184E+04  0.2184E+04
  0.1234E-01  0.2204E+04  0.1665E+02  0.2142E+04  0.2142E+04
  0.1310E-01  0.2121E+04  0.1437E+02  0.2101E+04  0.2101E+04
  0.1387E-01  0.2063E+04  0.1014E+02  0.2059E+04  0.2059E+04
  0.1463E-01  0.2015E+04  0.9291E+01  0.2017E+04  0.2017E+04
  0.1539E-01  0.1967E+04  0.8005E+01  0.1976E+04  0.1976E+04
  0.1616E-01  0.1913E+04  0.7691E+01  0.1936E+04  0.1936E+04
  0.1692E-01  0.1872E+04  0.7151E+01  0.1897E+04  0.1897E+04
  0.1768E-01  0.1823E+04  0.6402E+01  0.1859E+04  0.1859E+04
  0.1845E-01  0.1779E+04  0.6298E+01  0.1822E+04  0.1822E+04
  0.1921E-01  0.1755E+04  0.5916E+01  0.1786E+04  0.1786E+04
  0.1997E-01  0.1731E+04  0.5780E+01  0.1752E+04  0.1752E+04
  0.2073E-01  0.1711E+04  0.5497E+01  0.1719E+04  0.1719E+04
  0.2150E-01  0.1691E+04  0.5361E+01  0.1687E+04  0.1687E+04
  0.2226E-01  0.1659E+04  0.6002E+01  0.1658E+04  0.1658E+04
  0.2302E-01  0.1623E+04  0.4837E+01  0.1629E+04  0.1629E+04
  0.2379E-01  0.1597E+04  0.4991E+01  0.1602E+04  0.1602E+04
  0.2455E-01  0.1583E+04  0.4726E+01  0.1577E+04  0.1577E+04
  0.2531E-01  0.1553E+04  0.4623E+01  0.1552E+04  0.1552E+04
  0.2608E-01  0.1534E+04  0.4609E+01  0.1529E+04  0.1529E+04
  0.2684E-01  0.1512E+04  0.4215E+01  0.1507E+04  0.1507E+04
  0.2760E-01  0.1493E+04  0.4370E+01  0.1486E+04  0.1486E+04
  0.2836E-01  0.1479E+04  0.4121E+01  0.1466E+04  0.1466E+04
  0.2913E-01  0.1453E+04  0.4277E+01  0.1447E+04  0.1447E+04
  0.2989E-01  0.1435E+04  0.4025E+01  0.1428E+04  0.1428E+04
  0.3065E-01  0.1416E+04  0.3974E+01  0.1410E+04  0.1410E+04
  0.3142E-01  0.1403E+04  0.3901E+01  0.1392E+04  0.1392E+04
  0.3218E-01  0.1379E+04  0.3686E+01  0.1375E+04  0.1375E+04
  0.3294E-01  0.1354E+04  0.3727E+01  0.1357E+04  0.1357E+04
  0.3371E-01  0.1339E+04  0.3528E+01  0.1341E+04  0.1341E+04
  0.3447E-01  0.1323E+04  0.3490E+01  0.1324E+04  0.1324E+04
  0.3523E-01  0.1303E+04  0.3572E+01  0.1307E+04  0.1307E+04
  0.3599E-01  0.1290E+04  0.3316E+01  0.1290E+04  0.1290E+04
  0.3676E-01  0.1276E+04  0.3528E+01  0.1274E+04  0.1274E+04
  0.3752E-01  0.1254E+04  0.3324E+01  0.1257E+04  0.1257E+04
  0.3828E-01  0.1239E+04  0.3384E+01  0.1240E+04  0.1240E+04
  0.3905E-01  0.1218E+04  0.3346E+01  0.1223E+04  0.1223E+04
  0.3981E-01  0.1199E+04  0.3205E+01  0.1206E+04  0.1206E+04
  0.4057E-01  0.1182E+04  0.3194E+01  0.1189E+04  0.1189E+04
  0.4134E-01  0.1171E+04  0.3021E+01  0.1172E+04  0.1172E+04
  0.4210E-01  0.1151E+04  0.3067E+01  0.1154E+04  0.1154E+04
  0.4286E-01  0.1138E+04  0.2996E+01  0.1137E+04  0.1137E+04
  0.4362E-01  0.1126E+04  0.2969E+01  0.1120E+04  0.1120E+04
  0.4439E-01  0.1112E+04  0.2987E+01  0.1103E+04  0.1103E+04
  0.4515E-01  0.1091E+04  0.2792E+01  0.1086E+04  0.1086E+04
  0.4591E-01  0.1075E+04  0.2921E+01  0.1069E+04  0.1069E+04
  0.4668E-01  0.1062E+04  0.2825E+01  0.1052E+04  0.1052E+04
  0.4744E-01  0.1046E+04  0.2763E+01  0.1035E+04  0.1035E+04
  0.4820E-01  0.1027E+04  0.2816E+01  0.1019E+04  0.1019E+04
  0.4897E-01  0.1013E+04  0.2703E+01  0.1002E+04  0.1002E+04
  0.4973E-01  0.9958E+03  0.2744E+01  0.9861E+03  0.9861E+03
  0.5049E-01  0.9823E+03  0.2599E+01  0.9701E+03  0.9701E+03
  0.5125E-01  0.9587E+03  0.2613E+01  0.9543E+03  0.9543E+03
  0.5202E-01  0.9433E+03  0.2627E+01  0.9388E+03  0.9388E+03
  0.5278E-01  0.9365E+03  0.2581E+01  0.9234E+03  0.9234E+03
  0.5354E-01  0.9170E+03  0.2522E+01  0.9082E+03  0.9082E+03
  0.5431E-01  0.9030E+03  0.2520E+01  0.8933E+03  0.8933E+03
  0.5507E-01  0.8860E+03  0.2523E+01  0.8785E+03  0.8785E+03
  0.5583E-01  0.8698E+03  0.2433E+01  0.8639E+03  0.8639E+03
  0.5660E-01  0.8557E+03  0.2409E+01  0.8496E+03  0.8496E+03
  0.5736E-01  0.8448E+03  0.2396E+01  0.8353E+03  0.8353E+03
  0.5812E-01  0.8300E+03  0.2329E+01  0.8213E+03  0.8213E+03
  0.5888E-01  0.8160E+03  0.2351E+01  0.8073E+03  0.8073E+03
  0.5965E-01  0.7993E+03  0.2243E+01  0.7936E+03  0.7936E+03
  0.6041E-01  0.7852E+03  0.2263E+01  0.7799E+03  0.7799E+03
  0.6117E-01  0.7692E+03  0.2260E+01  0.7664E+03  0.7664E+03
  0.6194E-01  0.7598E+03  0.2235E+01  0.7530E+03  0.7530E+03
  0.6270E-01  0.7503E+03  0.2276E+01  0.7397E+03  0.7397E+03
  0.6346E-01  0.7292E+03  0.2201E+01  0.7266E+03  0.7266E+03
  0.6423E-01  0.7138E+03  0.2241E+01  0.7135E+03  0.7135E+03
  0.6499E-01  0.7048E+03  0.2172E+01  0.7006E+03  0.7006E+03
  0.6575E-01  0.6919E+03  0.2127E+01  0.6878E+03  0.6878E+03
  0.6651E-01  0.6831E+03  0.2121E+01  0.6752E+03  0.6752E+03
  0.6728E-01  0.6711E+03  0.2093E+01  0.6626E+03  0.6626E+03
  0.6804E-01  0.6551E+03  0.2103E+01  0.6502E+03  0.6502E+03
  0.6880E-01  0.6456E+03  0.2004E+01  0.6379E+03  0.6379E+03
  0.6957E-01  0.6370E+03  0.1994E+01  0.6258E+03  0.6258E+03
  0.7033E-01  0.6227E+03  0.1977E+01  0.6139E+03  0.6139E+03
  0.7109E-01  0.6109E+03  0.1942E+01  0.6020E+03  0.6020E+03
  0.7186E-01  0.6006E+03  0.1992E+01  0.5904E+03  0.5904E+03
  0.7262E-01  0.5856E+03  0.1930E+01  0.5789E+03  0.5789E+03
  0.7338E-01  0.5751E+03  0.1952E+01  0.5676E+03  0.5676E+03
  0.7414E-01  0.5645E+03  0.1924E+01  0.5565E+03  0.5565E+03
  0.7491E-01  0.5601E+03  0.1903E+01  0.5455E+03  0.5455E+03
  0.7567E-01  0.5478E+03  0.1903E+01  0.5347E+03  0.5347E+03
  0.7643E-01  0.5348E+03  0.1921E+01  0.5241E+03  0.5241E+03
  0.7720E-01  0.5216E+03  0.1835E+01  0.5136E+03  0.5136E+03
  0.7796E-01  0.5125E+03  0.1815E+01  0.5033E+03  0.5033E+03
  0.7872E-01  0.5010E+03  0.1831E+01  0.4932E+03  0.4932E+03
  0.7949E-01  0.4876E+03  0.1814E+01  0.4832E+03  0.4832E+03
  0.8025E-01  0.4790E+03  0.1776E+01  0.4734E+03  0.4734E+03
  0.8101E-01  0.4684E+03  0.1810E+01  0.4638E+03  0.4638E+03
  0.8177E-01  0.4591E+03  0.1723E+01  0.4543E+03  0.4543E+03
  0.8254E-01  0.4489E+03  0.1745E+01  0.4450E+03  0.4450E+03
  0.8330E-01  0.4402E+03  0.1704E+01  0.4358E+03  0.4358E+03
  0.8406E-01  0.4300E+03  0.1709E+01  0.4267E+03  0.4267E+03
  0.8483E-01  0.4212E+03  0.1744E+01  0.4178E+03  0.4178E+03
  0.8559E-01  0.4167E+03  0.1693E+01  0.4090E+03  0.4090E+03
  0.8635E-01  0.4060E+03  0.1707E+01  0.4003E+03  0.4003E+03
  0.8712E-01  0.3985E+03  0.1670E+01  0.3918E+03  0.3918E+03
  0.8788E-01  0.3904E+03  0.1650E+01  0.3834E+03  0.3834E+03
  0.8864E-01  0.3788E+03  0.1656E+01  0.3751E+03  0.3751E+03
  0.8940E-01  0.3698E+03  0.1593E+01  0.3670E+03  0.3670E+03
  0.9017E-01  0.3621E+03  0.1586E+01  0.3590E+03  0.3590E+03
  0.9093E-01  0.3552E+03  0.1552E+01  0.3512E+03  0.3512E+03
  0.9169E-01  0.3483E+03  0.1585E+01  0.3435E+03  0.3435E+03
  0.9246E-01  0.3403E+03  0.1607E+01  0.3359E+03  0.3359E+03
  0.9322E-01  0.3325E+03  0.1620E+01  0.3285E+03  0.3285E+03
  0.9398E-01  0.3222E+03  0.1585E+01  0.3212E+03  0.3212E+03
  0.9475E-01  0.3154E+03  0.1549E+01  0.3140E+03  0.3140E+03
  0.9551E-01  0.3099E+03  0.1563E+01  0.3071E+03  0.3071E+03
  0.9627E-01  0.3015E+03  0.1535E+01  0.3002E+03  0.3002E+03
  0.9703E-01  0.2962E+03  0.1520E+01  0.2935E+03  0.2935E+03
  0.9780E-01  0.2911E+03  0.1496E+01  0.2870E+03  0.2870E+03
  0.9856E-01  0.2831E+03  0.1446E+01  0.2806E+03  0.2806E+03
  0.9932E-01  0.2783E+03  0.1455E+01  0.2743E+03  0.2743E+03
  0.1001E+00  0.2702E+03  0.1404E+01  0.2682E+03  0.2682E+03
  0.1008E+00  0.2644E+03  0.1405E+01  0.2622E+03  0.2622E+03
  0.1016E+00  0.2594E+03  0.1423E+01  0.2564E+03  0.2564E+03
  0.1024E+00  0.2541E+03  0.1426E+01  0.2507E+03  0.2507E+03
  0.1031E+00  0.2481E+03  0.1462E+01  0.2451E+03  0.2451E+03
  0.1039E+00  0.2409E+03  0.1415E+01  0.2397E+03  0.2397E+03
  0.1047E+00  0.2358E+03  0.1429E+01  0.2343E+03  0.2343E+03
  0.1054E+00  0.2286E+03  0.1431E+01  0.2291E+03  0.2291E+03
  0.1062E+00  0.2250E+03  0.1424E+01  0.2240E+03  0.2240E+03
  0.1070E+00  0.2201E+03  0.1421E+01  0.2190E+03  0.2190E+03
  0.1077E+00  0.2145E+03  0.1391E+01  0.2141E+03  0.2141E+03
  0.1085E+00  0.2126E+03  0.1419E+01  0.2093E+03  0.2093E+03
  0.1092E+00  0.2084E+03  0.1369E+01  0.2046E+03  0.2046E+03
  0.1100E+00  0.2003E+03  0.1355E+01  0.1999E+03  0.1999E+03
  0.1108E+00  0.1971E+03  0.1354E+01  0.1954E+03  0.1954E+03
  0.1115E+00  0.1917E+03  0.1325E+01  0.1909E+03  0.1909E+03
  0.1123E+00  0.1857E+03  0.1334E+01  0.1866E+03  0.1866E+03
  0.1131E+00  0.1813E+03  0.1306E+01  0.1823E+03  0.1823E+03
  0.1138E+00  0.1781E+03  0.1326E+01  0.1781E+03  0.1781E+03
  0.1146E+00  0.1743E+03  0.1305E+01  0.1740E+03  0.1740E+03
  0.1153E+00  0.1706E+03  0.1300E+01  0.1699E+03  0.1699E+03
  0.1161E+00  0.1663E+03  0.1312E+01  0.1660E+03  0.1660E+03
  0.1169E+00  0.1584E+03  0.1273E+01  0.1621E+03  0.1621E+03
  0.1176E+00  0.1570E+03  0.1313E+01  0.1583E+03  0.1583E+03
  0.1184E+00  0.1516E+03  0.1298E+01  0.1546E+03  0.1546E+03
  0.1192E+00  0.1503E+03  0.1289E+01  0.1510E+03  0.1510E+03
  0.1199E+00  0.1459E+03  0.1266E+01  0.1475E+03  0.1475E+03
  0.1207E+00  0.1436E+03  0.1271E+01  0.1441E+03  0.1441E+03
  0.1215E+00  0.1409E+03  0.1278E+01  0.1408E+03  0.1408E+03
  0.1222E+00  0.1380E+03  0.1267E+01  0.1375E+03  0.1375E+03
  0.1230E+00  0.1346E+03  0.1255E+01  0.1344E+03  0.1344E+03
  0.1237E+00  0.1300E+03  0.1249E+01  0.1313E+03  0.1313E+03
  0.1245E+00  0.1266E+03  0.1219E+01  0.1283E+03  0.1283E+03
  0.1253E+00  0.1215E+03  0.1226E+01  0.1254E+03  0.1254E+03
  0.1260E+00  0.1204E+03  0.1233E+01  0.1226E+03  0.1226E+03
  0.1268E+00  0.1186E+03  0.1238E+01  0.1198E+03  0.1198E+03
  0.1276E+00  0.1173E+03  0.1245E+01  0.1172E+03  0.1172E+03
  0.1283E+00  0.1096E+03  0.1234E+01  0.1146E+03  0.1146E+03
  0.1291E+00  0.1065E+03  0.1240E+01  0.1121E+03  0.1121E+03
  0.1298E+00  0.1056E+03  0.1212E+01  0.1096E+03  0.1096E+03
  0.1306E+00  0.1062E+03  0.1233E+01  0.1073E+03  0.1073E+03
  0.1314E+00  0.1075E+03  0.1235E+01  0.1049E+03  0.1049E+03
  0.1321E+00  0.1001E+03  0.1253E+01  0.1027E+03  0.1027E+03
  0.1329E+00  0.9646E+02  0.1239E+01  0.1005E+03  0.1005E+03
  0.1337E+00  0.9821E+02  0.1226E+01  0.9835E+02  0.9835E+02
  0.1344E+00  0.9428E+02  0.1246E+01  0.9625E+02  0.9625E+02
  0.1352E+00  0.8919E+02  0.1214E+01  0.9420E+02  0.9420E+02
  0.1359E+00  0.8816E+02  0.1240E+01  0.9220E+02  0.9220E+02
  0.1367E+00  0.8926E+02  0.1234E+01  0.9025E+02  0.9025E+02
  0.1375E+00  0.8718E+02  0.1217E+01  0.8833E+02  0.8833E+02
  0.1382E+00  0.8198E+02  0.1240E+01  0.8646E+02  0.8646E+02
  0.1390E+00  0.8050E+02  0.1236E+01  0.8463E+02  0.8463E+02
  0.1398E+00  0.7950E+02  0.1252E+01  0.8284E+02  0.8284E+02
  0.1405E+00  0.7696E+02  0.1254E+01  0.8110E+02  0.8110E+02
  0.1413E+00  0.7619E+02  0.1253E+01  0.7939E+02  0.7939E+02
  0.1421E+00  0.7414E+02  0.1255E+01  0.7772E+02  0.7772E+02
  0.1428E+00  0.7295E+02  0.1238E+01  0.7609E+02  0.7609E+02
  0.1436E+00  0.7506E+02  0.1258E+01  0.7449E+02  0.7449E+02
  0.1443E+00  0.7323E+02  0.1256E+01  0.7294E+02  0.7294E+02
  0.1451E+00  0.7056E+02  0.1240E+01  0.7143E+02  0.7143E+02
  0.1459E+00  0.6804E+02  0.1239E+01  0.6996E+02  0.6996E+02
  0.1466E+00  0.6914E+02  0.1219E+01  0.6853E+02  0.6853E+02
  0.1474E+00  0.6536E+02  0.1213E+01  0.6713E+02  0.6713E+02
  0.1482E+00  0.6320E+02  0.1210E+01  0.6578E+02  0.6578E+02
  0.1489E+00  0.6272E+02  0.1221E+01  0.6446E+02  0.6446E+02
  0.1497E+00  0.6187E+02  0.1212E+01  0.6318E+02  0.6318E+02
  0.1504E+00  0.6013E+02  0.1209E+01  0.6193E+02  0.6193E+02
  0.1512E+00  0.5627E+02  0.1212E+01  0.6072E+02  0.6072E+02
  0.1520E+00  0.5528E+02  0.1216E+01  0.5954E+02  0.5954E+02
  0.1527E+00  0.5532E+02  0.1245E+01  0.5839E+02  0.5839E+02
  0.1535E+00  0.5604E+02  0.1251E+01  0.5727E+02  0.5727E+02
  0.1543E+00  0.5481E+02  0.1235E+01  0.5618E+02  0.5618E+02
  0.1550E+00  0.4928E+02  0.1251E+01  0.5512E+02  0.5512E+02
  0.1558E+00  0.5151E+02  0.1249E+01  0.5408E+02  0.5408E+02
  0.1565E+00  0.5048E+02  0.1254E+01  0.5307E+02  0.5307E+02
  0.1573E+00  0.4900E+02  0.1242E+01  0.5208E+02  0.5208E+02
  0.1581E+00  0.5030E+02  0.1248E+01  0.5111E+02  0.5111E+02
  0.1588E+00  0.4822E+02  0.1229E+01  0.5016E+02  0.5016E+02
  0.1596E+00  0.4791E+02  0.1222E+01  0.4923E+02  0.4923E+02
  0.1604E+00  0.4521E+02  0.1216E+01  0.4831E+02  0.4831E+02
  0.1611E+00  0.4509E+02  0.1196E+01  0.4742E+02  0.4742E+02
  0.1619E+00  0.4113E+02  0.1220E+01  0.4655E+02  0.4655E+02
  0.1627E+00  0.4204E+02  0.1199E+01  0.4568E+02  0.4568E+02
  0.1634E+00  0.4066E+02  0.1197E+01  0.4484E+02  0.4484E+02
  0.1642E+00  0.4172E+02  0.1214E+01  0.4401E+02  0.4401E+02
  0.1649E+00  0.4131E+02  0.1221E+01  0.4321E+02  0.4321E+02
  0.1657E+00  0.3979E+02  0.1221E+01  0.4242E+02  0.4242E+02
  0.1665E+00  0.3965E+02  0.1207E+01  0.4164E+02  0.4164E+02
  0.1672E+00  0.4187E+02  0.1227E+01  0.4089E+02  0.4089E+02
  0.1680E+00  0.3856E+02  0.1224E+01  0.4016E+02  0.4016E+02
  0.1688E+00  0.3714E+02  0.1214E+01  0.3944E+02  0.3944E+02
  0.1695E+00  0.3487E+02  0.1219E+01  0.3875E+02  0.3875E+02
  0.1703E+00  0.3278E+02  0.1209E+01  0.3807E+02  0.3807E+02
  0.1710E+00  0.3256E+02  0.1249E+01  0.3741E+02  0.3741E+02
  0.1718E+00  0.3446E+02  0.1225E+01  0.3677E+02  0.3677E+02
  0.1726E+00  0.3307E+02  0.1208E+01  0.3616E+02  0.3616E+02
  0.1733E+00  0.3355E+02  0.1224E+01  0.3556E+02  0.3556E+02
  0.1741E+00  0.3281E+02  0.1202E+01  0.3498E+02  0.3498E+02
  0.1749E+00  0.3219E+02  0.1215E+01  0.3442E+02  0.3442E+02
  0.1756E+00  0.3020E+02  0.1196E+01  0.3387E+02  0.3387E+02
  0.1764E+00  0.2834E+02  0.1199E+01  0.3335E+02  0.3335E+02
  0.1772E+00  0.2917E+02  0.1207E+01  0.3283E+02  0.3283E+02
  0.1779E+00  0.2839E+02  0.1195E+01  0.3234E+02  0.3234E+02
  0.1787E+00  0.3067E+02  0.1200E+01  0.3186E+02  0.3186E+02
  0.1794E+00  0.2872E+02  0.1183E+01  0.3138E+02  0.3138E+02
  0.1802E+00  0.2663E+02  0.1189E+01  0.3093E+02  0.3093E+02
  0.1810E+00  0.2459E+02  0.1190E+01  0.3048E+02  0.3048E+02
  0.1817E+00  0.2709E+02  0.1188E+01  0.3004E+02  0.3004E+02
  0.1825E+00  0.2654E+02  0.1204E+01  0.2962E+02  0.2962E+02
  0.1833E+00  0.2640E+02  0.1178E+01  0.2920E+02  0.2920E+02
  0.1840E+00  0.2600E+02  0.1211E+01  0.2878E+02  0.2878E+02
  0.1848E+00  0.2807E+02  0.1203E+01  0.2838E+02  0.2838E+02
  0.1855E+00  0.2774E+02  0.1205E+01  0.2798E+02  0.2798E+02
  0.1863E+00  0.2789E+02  0.1215E+01  0.2760E+02  0.2760E+02
  0.1871E+00  0.2574E+02  0.1195E+01  0.2721E+02  0.2721E+02
  0.1878E+00  0.2586E+02  0.1209E+01  0.2683E+02  0.2683E+02
  0.1886E+00  0.2338E+02  0.1212E+01  0.2647E+02  0.2647E+02
  0.1894E+00  0.2196E+02  0.1193E+01  0.2610E+02  0.2610E+02
  0.1901E+00  0.1905E+02  0.1216E+01  0.2575E+02  0.2575E+02
  0.1909E+00  0.2036E+02  0.1187E+01  0.2540E+02  0.2540E+02
  0.1916E+00  0.2053E+02  0.1177E+01  0.2506E+02  0.2506E+02
  0.1924E+00  0.2241E+02  0.1172E+01  0.2473E+02  0.2473E+02
  0.1932E+00  0.2325E+02  0.1192E+01  0.2441E+02  0.2441E+02
  0.1939E+00  0.2204E+02  0.1189E+01  0.2410E+02  0.2410E+02
  0.1947E+00  0.2314E+02  0.1170E+01  0.2380E+02  0.2380E+02
  0.1955E+00  0.2085E+02  0.1178E+01  0.2350E+02  0.2350E+02
  0.1962E+00  0.2063E+02  0.1168E+01  0.2322E+02  0.2322E+02
  0.1970E+00  0.2041E+02  0.1180E+01  0.2295E+02  0.2295E+02
  0.1978E+00  0.2081E+02  0.1168E+01  0.2269E+02  0.2269E+02
  0.1985E+00  0.1768E+02  0.1174E+01  0.2243E+02  0.2243E+02
  0.1993E+00  0.1880E+02  0.1181E+01  0.2219E+02  0.2219E+02
  0.2000E+00  0.1723E+02  0.1153E+01  0.2195E+02  0.2195E+02
  0.2008E+00  0.2084E+02  0.1160E+01  0.2173E+02  0.2173E+02
  0.2016E+00  0.1714E+02  0.1143E+01  0.2151E+02  0.2151E+02
  0.2023E+00  0.1631E+02  0.1131E+01  0.2130E+02  0.2130E+02
  0.2031E+00  0.1492E+02  0.1155E+01  0.2110E+02  0.2110E+02
  0.2039E+00  0.1884E+02  0.1146E+01  0.2090E+02  0.2090E+02
  0.2046E+00  0.1770E+02  0.1162E+01  0.2071E+02  0.2071E+02
  0.2054E+00  0.2028E+02  0.1150E+01  0.2052E+02  0.2052E+02
  0.2061E+00  0.1863E+02  0.1180E+01  0.2034E+02  0.2034E+02
  0.2069E+00  0.1729E+02  0.1192E+01  0.2017E+02  0.2017E+02
  0.2077E+00  0.1663E+02  0.1184E+01  0.2000E+02  0.2000E+02
  0.2084E+00  0.1580E+02  0.1196E+01  0.1983E+02  0.1983E+02
  0.2092E+00  0.1593E+02  0.1185E+01  0.1966E+02  0.1966E+02
  0.2100E+00  0.1587E+02  0.1184E+01  0.1950E+02  0.1950E+02
  0.2107E+00  0.1419E+02  0.1162E+01  0.1934E+02  0.1934E+02
  0.2115E+00  0.1367E+02  0.1166E+01  0.1918E+02  0.1918E+02
  0.2122E+00  0.1464E+02  0.1160E+01  0.1903E+02  0.1903E+02

           Distance distribution  function of particle  


       R          P(R)      ERROR

  0.0000E+00  0.0000E+00  0.0000E+00
  0.2617E+01  0.2440E+00  0.8174E-03
  0.5234E+01  0.6022E+00  0.1058E-02
  0.7851E+01  0.1051E+01  0.9065E-03
  0.1047E+02  0.1555E+01  0.7420E-03
  0.1309E+02  0.2073E+01  0.9921E-03
  0.1570E+02  0.2561E+01  0.1419E-02
  0.1832E+02  0.2979E+01  0.1735E-02
  0.2094E+02  0.3300E+01  0.1868E-02
  0.2355E+02  0.3505E+01  0.1871E-02
  0.2617E+02  0.3589E+01  0.1856E-02
  0.2879E+02  0.3560E+01  0.1905E-02
  0.3140E+02  0.3435E+01  0.2007E-02
  0.3402E+02  0.3237E+01  0.2102E-02
  0.3664E+02  0.2990E+01  0.2163E-02
  0.3926E+02  0.2719E+01  0.2216E-02
  0.4187E+02  0.2442E+01  0.2300E-02
  0.4449E+02  0.2175E+01  0.2410E-02
  0.4711E+02  0.1927E+01  0.2498E-02
  0.4972E+02  0.1702E+01  0.2523E-02
  0.5234E+02  0.1501E+01  0.2502E-02
  0.5496E+02  0.1324E+01  0.2512E-02
  0.5757E+02  0.1168E+01  0.2640E-02
  0.6019E+02  0.1033E+01  0.2899E-02
  0.6281E+02  0.9162E+00  0.3224E-02
  0.6542E+02  0.8185E+00  0.3529E-02
  0.6804E+02  0.7390E+00  0.3767E-02
  0.7066E+02  0.6770E+00  0.3937E-02
  0.7328E+02  0.6307E+00  0.4061E-02
  0.7589E+02  0.5979E+00  0.4168E-02
  0.7851E+02  0.5754E+00  0.4273E-02
  0.8113E+02  0.5596E+00  0.4381E-02
  0.8374E+02  0.5475E+00  0.4493E-02
  0.8636E+02  0.5363E+00  0.4606E-02
  0.8898E+02  0.5244E+00  0.4705E-02
  0.9159E+02  0.5113E+00  0.4762E-02
  0.9421E+02  0.4972E+00  0.4745E-02
  0.9683E+02  0.4831E+00  0.4637E-02
  0.9945E+02  0.4701E+00  0.4458E-02
  0.1021E+03  0.4591E+00  0.4271E-02
  0.1047E+03  0.4508E+00  0.4167E-02
  0.1073E+03  0.4449E+00  0.4224E-02
  0.1099E+03  0.4411E+00  0.4450E-02
  0.1125E+03  0.4386E+00  0.4784E-02
  0.1151E+03  0.4364E+00  0.5132E-02
  0.1178E+03  0.4340E+00  0.5418E-02
  0.1204E+03  0.4310E+00  0.5598E-02
  0.1230E+03  0.4273E+00  0.5664E-02
  0.1256E+03  0.4233E+00  0.5645E-02
  0.1282E+03  0.4192E+00  0.5595E-02
  0.1308E+03  0.4153E+00  0.5577E-02
  0.1335E+03  0.4118E+00  0.5636E-02
  0.1361E+03  0.4086E+00  0.5773E-02
  0.1387E+03  0.4052E+00  0.5952E-02
  0.1413E+03  0.4014E+00  0.6120E-02
  0.1439E+03  0.3969E+00  0.6236E-02
  0.1466E+03  0.3915E+00  0.6291E-02
  0.1492E+03  0.3855E+00  0.6305E-02
  0.1518E+03  0.3793E+00  0.6321E-02
  0.1544E+03  0.3734E+00  0.6380E-02
  0.1570E+03  0.3684E+00  0.6505E-02
  0.1596E+03  0.3649E+00  0.6690E-02
  0.1623E+03  0.3628E+00  0.6916E-02
  0.1649E+03  0.3621E+00  0.7159E-02
  0.1675E+03  0.3621E+00  0.7403E-02
  0.1701E+03  0.3622E+00  0.7645E-02
  0.1727E+03  0.3617E+00  0.7888E-02
  0.1753E+03  0.3597E+00  0.8130E-02
  0.1780E+03  0.3560E+00  0.8363E-02
  0.1806E+03  0.3504E+00  0.8574E-02
  0.1832E+03  0.3430E+00  0.8746E-02
  0.1858E+03  0.3342E+00  0.8869E-02
  0.1884E+03  0.3245E+00  0.8939E-02
  0.1910E+03  0.3143E+00  0.8953E-02
  0.1937E+03  0.3040E+00  0.8911E-02
  0.1963E+03  0.2936E+00  0.8809E-02
  0.1989E+03  0.2833E+00  0.8644E-02
  0.2015E+03  0.2728E+00  0.8413E-02
  0.2041E+03  0.2620E+00  0.8126E-02
  0.2067E+03  0.2508E+00  0.7796E-02
  0.2094E+03  0.2394E+00  0.7443E-02
  0.2120E+03  0.2279E+00  0.7090E-02
  0.2146E+03  0.2165E+00  0.6756E-02
  0.2172E+03  0.2057E+00  0.6458E-02
  0.2198E+03  0.1955E+00  0.6213E-02
  0.2224E+03  0.1862E+00  0.6030E-02
  0.2251E+03  0.1778E+00  0.5912E-02
  0.2277E+03  0.1699E+00  0.5849E-02
  0.2303E+03  0.1624E+00  0.5824E-02
  0.2329E+03  0.1547E+00  0.5809E-02
  0.2355E+03  0.1465E+00  0.5777E-02
  0.2381E+03  0.1375E+00  0.5699E-02
  0.2408E+03  0.1275E+00  0.5547E-02
  0.2434E+03  0.1165E+00  0.5297E-02
  0.2460E+03  0.1043E+00  0.4928E-02
  0.2486E+03  0.9093E-01  0.4427E-02
  0.2512E+03  0.7632E-01  0.3792E-02
  0.2538E+03  0.6026E-01  0.3026E-02
  0.2565E+03  0.4245E-01  0.2136E-02
  0.2591E+03  0.2251E-01  0.1128E-02
  0.2617E+03  0.0000E+00  0.0000E+00
          Reciprocal space: Rg =   62.24     , I(0) =   0.2564E+04
     Real space: Rg =   63.36 +- 0.374  I(0) =   0.2565E+04 +-  0.1003E+02
