
           ####    G N O M   ---   Version 4.5a revised 09/02/02     ####

                                                  Sat Nov  4 16:51:51 2017
           ===    Run No   1   ===
 Run title:  0.000132994 0 0


  Number of points omitted at the end:         264
   *******   Working Directory :
   *******    Input file(s) : 25533_02B_S069_0_01.sub
           Condition P(rmin) = 0 is used. 
           Condition P(rmax) = 0 is used. 

          Experimental conditions for the first run
          -----------------------------------------

          Highest ALPHA is found to be   0.1253E+02

  The measure of inconsistency AN1 equals to    0.1112E+01

          Warning: using the chosen range in the real space 
             it is not possible to fit the data set within the
             given error band. 
     Alpha    Discrp  Oscill  Stabil  Sysdev  Positv  Valcen    Total   
  0.1253E+05 16.0237  1.2001  0.9158  0.1503  1.0000  0.8523  0.00001
  0.2506E+04 12.5473  1.2085  0.7022  0.2601  1.0000  0.8504  0.00001
  0.5012E+03  6.4681  1.2445  0.3142  0.3757  1.0000  0.8428  0.00001
  0.1002E+03  2.7680  1.3573  0.1275  0.3873  1.0000  0.8237  0.00001
  0.2005E+02  1.2205  1.5431  0.0835  0.6416  1.0000  0.8024  0.53682
  0.4009E+01  0.7632  1.6611  0.0294  0.7225  1.0000  0.7934  0.61075
  0.8018E+00  0.7141  1.7061  0.0160  0.7341  1.0000  0.7917  0.60331
  0.1604E+00  0.7066  1.7492  0.0204  0.7341  0.9999  0.7911  0.45743
  0.3207E-01  0.7039  1.8301  0.0249  0.7341  0.9997  0.7900  0.44268
  0.6415E-02  0.7017  2.2012  0.0807  0.7341  0.9980  0.7839  0.10000
  0.1283E-02  0.6964  4.5227  0.2362  0.7457  0.9821  0.7478  0.10000
  0.2566E-03  0.6900  8.3556  0.2267  0.7803  0.9287  0.6273  0.10000
  0.5132E-04  0.6871 11.5129  0.4713  0.7803  0.8632  0.5440  0.10000
  0.1026E-04  0.6837 13.5078  0.6093  0.7688  0.8054  0.3899  0.10000
  0.2053E-05  0.6812 12.8889  0.3054  0.7457  0.7714  0.3573  0.10000
  0.4105E-06  0.6805 11.7093  0.3826  0.7341  0.7560  0.3654  0.10000
  0.8211E-07  0.6800 11.6669  0.4622  0.7457  0.7344  0.3500  0.10000
  0.1642E-07  0.6795 12.1517  0.2649  0.7514  0.7202  0.3415  0.10000
  0.3284E-08  0.6794 13.0653  0.4777  0.7514  0.7061  0.3637  0.10000
  0.6569E-09  0.6789 16.5770  0.8754  0.7514  0.7014  0.3112  0.10000
  0.1314E-09  0.6768 17.7734  0.9604  0.7514  0.7053  0.2503  0.10000
  0.2627E-10  0.6674 18.1336  0.9027  0.7399  0.7073  0.2474  0.10000
  0.5255E-11  0.6346 19.4832  0.7139  0.7572  0.7118  0.2576  0.10000
  0.1051E-11  0.5607 24.2793  0.5156  0.7341  0.7187  0.2598  0.10000
  0.2102E-12  0.4378 32.6680  0.4532  0.7919  0.7114  0.2399  0.10000
  0.4204E-13  0.2833 40.0653  0.3820  0.8266  0.7041  0.2442  0.10000
  0.8408E-14  0.1336 45.8711  0.2557  0.8497  0.6963  0.2665  0.10000
  0.1682E-14  0.0399 48.9600  0.0945  0.8728  0.6938  0.2760  0.10000
  0.3363E-15  0.0089 49.8378  0.0225  0.8613  0.6935  0.2784  0.10000
  0.6726E-16  0.0018 50.0285  0.0047  0.8613  0.6935  0.2789  0.10000
  0.1345E-16  0.0004 50.0673  0.0009  0.8613  0.6935  0.2790  0.10000

          ***  Golden section search to maximize estimate ***
     Alpha    Discrp  Oscill  Stabil  Sysdev  Positv  Valcen    Total   
  0.1483E+01  0.7214  1.6928  0.0166  0.7225  1.0000  0.7920  0.64487
  0.1172E+01  0.7179  1.6981  0.0158  0.7341  1.0000  0.7919  0.64494
  0.1014E+01  0.7162  1.7012  0.0157  0.7341  1.0000  0.7918  0.62990
  0.1282E+01  0.7191  1.6962  0.0160  0.7341  1.0000  0.7919  0.65359
  0.1356E+01  0.7199  1.6949  0.0162  0.7341  1.0000  0.7920  0.65579
  0.1403E+01  0.7204  1.6941  0.0163  0.7225  1.0000  0.7920  0.64833
  0.1327E+01  0.7196  1.6954  0.0161  0.7341  1.0000  0.7920  0.65675
  0.1310E+01  0.7194  1.6957  0.0161  0.7341  1.0000  0.7920  0.65555
  0.1338E+01  0.7197  1.6952  0.0161  0.7341  1.0000  0.7920  0.65666
  0.1321E+01  0.7195  1.6955  0.0161  0.7341  1.0000  0.7920  0.65629
  0.1331E+01  0.7196  1.6953  0.0161  0.7341  1.0000  0.7920  0.65700
  0.1334E+01  0.7197  1.6953  0.0161  0.7341  1.0000  0.7920  0.65687
  0.1330E+01  0.7196  1.6953  0.0161  0.7341  1.0000  0.7920  0.65693
  0.1332E+01  0.7196  1.6953  0.0161  0.7341  1.0000  0.7920  0.65695
  0.1331E+01  0.7196  1.6953  0.0161  0.7341  1.0000  0.7920  0.65699
  0.1332E+01  0.7196  1.6953  0.0161  0.7341  1.0000  0.7920  0.65698
  0.1331E+01  0.7196  1.6953  0.0161  0.7341  1.0000  0.7920  0.65701
  0.1331E+01  0.7196  1.6953  0.0161  0.7341  1.0000  0.7920  0.65701



             ####            Final results            ####

 Parameter    DISCRP    OSCILL    STABIL    SYSDEV    POSITV    VALCEN
 Weight        1.000     3.000     3.000     4.000     1.000     1.000
 Sigma         0.500     0.600     0.120     0.200     0.120     0.120
 Ideal         1.000     1.100     0.000     1.000     1.000     0.950
 Current       0.720     1.695     0.016     0.734     1.000     0.792
                - - - - - - - - - - - - - - - - - - - - - - - - - 
 Estimate      0.730     0.374     0.982     0.171     1.000     0.177

  Angular   range    :     from    0.0085   to    0.2725
  Real space range   :     from      0.00   to    104.60

  Highest ALPHA (theor) :   0.125E+05                 JOB = 0
  Current ALPHA         :   0.133E+01   Rg :  0.259E+02   I(0) :   0.119E+03

           Total  estimate : 0.657  which is  A REASONABLE  solution

      S          J EXP       ERROR       J REG       I REG

  0.0000E+00                                      0.1187E+03
  0.7751E-03                                      0.1187E+03
  0.1550E-02                                      0.1187E+03
  0.2325E-02                                      0.1186E+03
  0.3100E-02                                      0.1185E+03
  0.3875E-02                                      0.1183E+03
  0.4651E-02                                      0.1182E+03
  0.5426E-02                                      0.1180E+03
  0.6201E-02                                      0.1177E+03
  0.6976E-02                                      0.1174E+03
  0.7751E-02                                      0.1171E+03
  0.8526E-02  0.1906E+03  0.6267E+02  0.1168E+03  0.1168E+03
  0.9289E-02  0.1618E+03  0.5162E+02  0.1165E+03  0.1165E+03
  0.1005E-01  0.1638E+03  0.3328E+02  0.1161E+03  0.1161E+03
  0.1082E-01  0.1436E+03  0.2362E+02  0.1157E+03  0.1157E+03
  0.1158E-01  0.1306E+03  0.1838E+02  0.1152E+03  0.1152E+03
  0.1234E-01  0.1036E+03  0.1403E+02  0.1148E+03  0.1148E+03
  0.1310E-01  0.1177E+03  0.1166E+02  0.1143E+03  0.1143E+03
  0.1387E-01  0.1205E+03  0.8107E+01  0.1138E+03  0.1138E+03
  0.1463E-01  0.1338E+03  0.6967E+01  0.1132E+03  0.1132E+03
  0.1539E-01  0.1176E+03  0.6083E+01  0.1126E+03  0.1126E+03
  0.1616E-01  0.1142E+03  0.5795E+01  0.1120E+03  0.1120E+03
  0.1692E-01  0.1163E+03  0.5320E+01  0.1114E+03  0.1114E+03
  0.1768E-01  0.1174E+03  0.4922E+01  0.1108E+03  0.1108E+03
  0.1845E-01  0.1124E+03  0.4652E+01  0.1101E+03  0.1101E+03
  0.1921E-01  0.1128E+03  0.4226E+01  0.1094E+03  0.1094E+03
  0.1997E-01  0.1100E+03  0.4199E+01  0.1087E+03  0.1087E+03
  0.2073E-01  0.1093E+03  0.4015E+01  0.1080E+03  0.1080E+03
  0.2150E-01  0.1061E+03  0.3773E+01  0.1072E+03  0.1072E+03
  0.2226E-01  0.1087E+03  0.3750E+01  0.1064E+03  0.1064E+03
  0.2302E-01  0.1071E+03  0.3548E+01  0.1056E+03  0.1056E+03
  0.2379E-01  0.1045E+03  0.3541E+01  0.1048E+03  0.1048E+03
  0.2455E-01  0.1031E+03  0.3380E+01  0.1040E+03  0.1040E+03
  0.2531E-01  0.1032E+03  0.3264E+01  0.1031E+03  0.1031E+03
  0.2608E-01  0.1019E+03  0.3289E+01  0.1023E+03  0.1023E+03
  0.2684E-01  0.1020E+03  0.3046E+01  0.1014E+03  0.1014E+03
  0.2760E-01  0.1023E+03  0.3047E+01  0.1005E+03  0.1005E+03
  0.2836E-01  0.9976E+02  0.2949E+01  0.9958E+02  0.9958E+02
  0.2913E-01  0.9417E+02  0.2940E+01  0.9866E+02  0.9866E+02
  0.2989E-01  0.8978E+02  0.2843E+01  0.9772E+02  0.9772E+02
  0.3065E-01  0.8671E+02  0.2816E+01  0.9677E+02  0.9677E+02
  0.3142E-01  0.8751E+02  0.2748E+01  0.9581E+02  0.9581E+02
  0.3218E-01  0.8887E+02  0.2569E+01  0.9484E+02  0.9484E+02
  0.3294E-01  0.8977E+02  0.2606E+01  0.9386E+02  0.9386E+02
  0.3371E-01  0.9335E+02  0.2561E+01  0.9287E+02  0.9287E+02
  0.3447E-01  0.9050E+02  0.2509E+01  0.9187E+02  0.9187E+02
  0.3523E-01  0.9387E+02  0.2628E+01  0.9086E+02  0.9086E+02
  0.3599E-01  0.9235E+02  0.2448E+01  0.8985E+02  0.8985E+02
  0.3676E-01  0.8933E+02  0.2514E+01  0.8883E+02  0.8883E+02
  0.3752E-01  0.8456E+02  0.2379E+01  0.8780E+02  0.8780E+02
  0.3828E-01  0.8983E+02  0.2457E+01  0.8677E+02  0.8677E+02
  0.3905E-01  0.8081E+02  0.2441E+01  0.8574E+02  0.8574E+02
  0.3981E-01  0.7974E+02  0.2344E+01  0.8470E+02  0.8470E+02
  0.4057E-01  0.8788E+02  0.2352E+01  0.8366E+02  0.8366E+02
  0.4134E-01  0.8775E+02  0.2220E+01  0.8261E+02  0.8261E+02
  0.4210E-01  0.8136E+02  0.2228E+01  0.8157E+02  0.8157E+02
  0.4286E-01  0.8776E+02  0.2185E+01  0.8052E+02  0.8052E+02
  0.4362E-01  0.8233E+02  0.2189E+01  0.7947E+02  0.7947E+02
  0.4439E-01  0.7916E+02  0.2156E+01  0.7842E+02  0.7842E+02
  0.4515E-01  0.7877E+02  0.2118E+01  0.7738E+02  0.7738E+02
  0.4591E-01  0.7910E+02  0.2153E+01  0.7633E+02  0.7633E+02
  0.4668E-01  0.7852E+02  0.2123E+01  0.7528E+02  0.7528E+02
  0.4744E-01  0.7011E+02  0.2147E+01  0.7424E+02  0.7424E+02
  0.4820E-01  0.7179E+02  0.2094E+01  0.7320E+02  0.7320E+02
  0.4897E-01  0.7652E+02  0.2070E+01  0.7216E+02  0.7216E+02
  0.4973E-01  0.7409E+02  0.2068E+01  0.7113E+02  0.7113E+02
  0.5049E-01  0.6731E+02  0.1974E+01  0.7010E+02  0.7010E+02
  0.5125E-01  0.6176E+02  0.2018E+01  0.6907E+02  0.6907E+02
  0.5202E-01  0.6518E+02  0.2024E+01  0.6805E+02  0.6805E+02
  0.5278E-01  0.6977E+02  0.1981E+01  0.6704E+02  0.6704E+02
  0.5354E-01  0.6997E+02  0.1955E+01  0.6603E+02  0.6603E+02
  0.5431E-01  0.6690E+02  0.1950E+01  0.6502E+02  0.6502E+02
  0.5507E-01  0.6738E+02  0.1923E+01  0.6402E+02  0.6402E+02
  0.5583E-01  0.6536E+02  0.1869E+01  0.6303E+02  0.6303E+02
  0.5660E-01  0.6250E+02  0.1898E+01  0.6204E+02  0.6204E+02
  0.5736E-01  0.6265E+02  0.1843E+01  0.6106E+02  0.6106E+02
  0.5812E-01  0.5801E+02  0.1787E+01  0.6009E+02  0.6009E+02
  0.5888E-01  0.5794E+02  0.1794E+01  0.5913E+02  0.5913E+02
  0.5965E-01  0.5658E+02  0.1766E+01  0.5817E+02  0.5817E+02
  0.6041E-01  0.5915E+02  0.1804E+01  0.5723E+02  0.5723E+02
  0.6117E-01  0.5708E+02  0.1769E+01  0.5629E+02  0.5629E+02
  0.6194E-01  0.5967E+02  0.1755E+01  0.5535E+02  0.5535E+02
  0.6270E-01  0.5323E+02  0.1754E+01  0.5443E+02  0.5443E+02
  0.6346E-01  0.5280E+02  0.1766E+01  0.5352E+02  0.5352E+02
  0.6423E-01  0.5025E+02  0.1791E+01  0.5261E+02  0.5261E+02
  0.6499E-01  0.5007E+02  0.1757E+01  0.5171E+02  0.5171E+02
  0.6575E-01  0.4583E+02  0.1758E+01  0.5083E+02  0.5083E+02
  0.6651E-01  0.4858E+02  0.1734E+01  0.4995E+02  0.4995E+02
  0.6728E-01  0.5113E+02  0.1676E+01  0.4908E+02  0.4908E+02
  0.6804E-01  0.4910E+02  0.1699E+01  0.4822E+02  0.4822E+02
  0.6880E-01  0.4979E+02  0.1632E+01  0.4737E+02  0.4737E+02
  0.6957E-01  0.4856E+02  0.1643E+01  0.4653E+02  0.4653E+02
  0.7033E-01  0.4865E+02  0.1623E+01  0.4570E+02  0.4570E+02
  0.7109E-01  0.4487E+02  0.1603E+01  0.4488E+02  0.4488E+02
  0.7186E-01  0.4457E+02  0.1642E+01  0.4407E+02  0.4407E+02
  0.7262E-01  0.4358E+02  0.1597E+01  0.4326E+02  0.4326E+02
  0.7338E-01  0.4130E+02  0.1625E+01  0.4247E+02  0.4247E+02
  0.7414E-01  0.3843E+02  0.1607E+01  0.4169E+02  0.4169E+02
  0.7491E-01  0.4141E+02  0.1575E+01  0.4092E+02  0.4092E+02
  0.7567E-01  0.4332E+02  0.1602E+01  0.4016E+02  0.4016E+02
  0.7643E-01  0.3697E+02  0.1556E+01  0.3940E+02  0.3940E+02
  0.7720E-01  0.3762E+02  0.1558E+01  0.3866E+02  0.3866E+02
  0.7796E-01  0.3867E+02  0.1523E+01  0.3793E+02  0.3793E+02
  0.7872E-01  0.4079E+02  0.1544E+01  0.3720E+02  0.3720E+02
  0.7949E-01  0.3700E+02  0.1535E+01  0.3649E+02  0.3649E+02
  0.8025E-01  0.3423E+02  0.1511E+01  0.3578E+02  0.3578E+02
  0.8101E-01  0.3145E+02  0.1529E+01  0.3509E+02  0.3509E+02
  0.8177E-01  0.3391E+02  0.1479E+01  0.3440E+02  0.3440E+02
  0.8254E-01  0.3339E+02  0.1516E+01  0.3373E+02  0.3373E+02
  0.8330E-01  0.3407E+02  0.1471E+01  0.3306E+02  0.3306E+02
  0.8406E-01  0.3406E+02  0.1485E+01  0.3241E+02  0.3241E+02
  0.8483E-01  0.3579E+02  0.1494E+01  0.3176E+02  0.3176E+02
  0.8559E-01  0.3286E+02  0.1443E+01  0.3112E+02  0.3112E+02
  0.8635E-01  0.2684E+02  0.1455E+01  0.3050E+02  0.3050E+02
  0.8712E-01  0.3212E+02  0.1444E+01  0.2988E+02  0.2988E+02
  0.8788E-01  0.3220E+02  0.1424E+01  0.2927E+02  0.2927E+02
  0.8864E-01  0.3029E+02  0.1429E+01  0.2867E+02  0.2867E+02
  0.8940E-01  0.2811E+02  0.1378E+01  0.2808E+02  0.2808E+02
  0.9017E-01  0.2652E+02  0.1394E+01  0.2750E+02  0.2750E+02
  0.9093E-01  0.2814E+02  0.1374E+01  0.2693E+02  0.2693E+02
  0.9169E-01  0.2734E+02  0.1391E+01  0.2636E+02  0.2636E+02
  0.9246E-01  0.2793E+02  0.1398E+01  0.2581E+02  0.2581E+02
  0.9322E-01  0.3028E+02  0.1403E+01  0.2527E+02  0.2527E+02
  0.9398E-01  0.2378E+02  0.1403E+01  0.2473E+02  0.2473E+02
  0.9475E-01  0.2175E+02  0.1396E+01  0.2420E+02  0.2420E+02
  0.9551E-01  0.2143E+02  0.1401E+01  0.2369E+02  0.2369E+02
  0.9627E-01  0.2442E+02  0.1370E+01  0.2318E+02  0.2318E+02
  0.9703E-01  0.2269E+02  0.1343E+01  0.2268E+02  0.2268E+02
  0.9780E-01  0.2053E+02  0.1337E+01  0.2218E+02  0.2218E+02
  0.9856E-01  0.2347E+02  0.1309E+01  0.2170E+02  0.2170E+02
  0.9932E-01  0.2029E+02  0.1304E+01  0.2123E+02  0.2123E+02
  0.1001E+00  0.1896E+02  0.1289E+01  0.2076E+02  0.2076E+02
  0.1008E+00  0.2069E+02  0.1308E+01  0.2031E+02  0.2031E+02
  0.1016E+00  0.1862E+02  0.1302E+01  0.1986E+02  0.1986E+02
  0.1024E+00  0.1691E+02  0.1277E+01  0.1942E+02  0.1942E+02
  0.1031E+00  0.1688E+02  0.1310E+01  0.1899E+02  0.1899E+02
  0.1039E+00  0.1744E+02  0.1297E+01  0.1856E+02  0.1856E+02
  0.1047E+00  0.1540E+02  0.1306E+01  0.1815E+02  0.1815E+02
  0.1054E+00  0.1691E+02  0.1312E+01  0.1774E+02  0.1774E+02
  0.1062E+00  0.1831E+02  0.1301E+01  0.1735E+02  0.1735E+02
  0.1070E+00  0.1898E+02  0.1297E+01  0.1696E+02  0.1696E+02
  0.1077E+00  0.1684E+02  0.1271E+01  0.1657E+02  0.1657E+02
  0.1085E+00  0.1539E+02  0.1286E+01  0.1620E+02  0.1620E+02
  0.1092E+00  0.1605E+02  0.1250E+01  0.1583E+02  0.1583E+02
  0.1100E+00  0.1425E+02  0.1256E+01  0.1548E+02  0.1548E+02
  0.1108E+00  0.1561E+02  0.1250E+01  0.1513E+02  0.1513E+02
  0.1115E+00  0.1700E+02  0.1231E+01  0.1478E+02  0.1478E+02
  0.1123E+00  0.1442E+02  0.1241E+01  0.1445E+02  0.1445E+02
  0.1131E+00  0.1454E+02  0.1221E+01  0.1412E+02  0.1412E+02
  0.1138E+00  0.1289E+02  0.1219E+01  0.1380E+02  0.1380E+02
  0.1146E+00  0.1693E+02  0.1215E+01  0.1349E+02  0.1349E+02
  0.1153E+00  0.1489E+02  0.1225E+01  0.1319E+02  0.1319E+02
  0.1161E+00  0.1337E+02  0.1226E+01  0.1289E+02  0.1289E+02
  0.1169E+00  0.1293E+02  0.1200E+01  0.1260E+02  0.1260E+02
  0.1176E+00  0.1235E+02  0.1239E+01  0.1232E+02  0.1232E+02
  0.1184E+00  0.1212E+02  0.1219E+01  0.1204E+02  0.1204E+02
  0.1192E+00  0.1286E+02  0.1224E+01  0.1177E+02  0.1177E+02
  0.1199E+00  0.1361E+02  0.1208E+01  0.1151E+02  0.1151E+02
  0.1207E+00  0.1028E+02  0.1181E+01  0.1126E+02  0.1126E+02
  0.1215E+00  0.1006E+02  0.1193E+01  0.1101E+02  0.1101E+02
  0.1222E+00  0.1067E+02  0.1198E+01  0.1077E+02  0.1077E+02
  0.1230E+00  0.1131E+02  0.1202E+01  0.1053E+02  0.1053E+02
  0.1237E+00  0.9105E+01  0.1183E+01  0.1030E+02  0.1030E+02
  0.1245E+00  0.1030E+02  0.1163E+01  0.1008E+02  0.1008E+02
  0.1253E+00  0.1101E+02  0.1169E+01  0.9862E+01  0.9862E+01
  0.1260E+00  0.1109E+02  0.1162E+01  0.9651E+01  0.9651E+01
  0.1268E+00  0.9437E+01  0.1171E+01  0.9446E+01  0.9446E+01
  0.1276E+00  0.7300E+01  0.1163E+01  0.9247E+01  0.9247E+01
  0.1283E+00  0.8694E+01  0.1161E+01  0.9054E+01  0.9054E+01
  0.1291E+00  0.8665E+01  0.1178E+01  0.8866E+01  0.8866E+01
  0.1298E+00  0.9052E+01  0.1156E+01  0.8684E+01  0.8684E+01
  0.1306E+00  0.7207E+01  0.1192E+01  0.8507E+01  0.8507E+01
  0.1314E+00  0.7358E+01  0.1189E+01  0.8335E+01  0.8335E+01
  0.1321E+00  0.7967E+01  0.1182E+01  0.8168E+01  0.8168E+01
  0.1329E+00  0.8323E+01  0.1193E+01  0.8006E+01  0.8006E+01
  0.1337E+00  0.7090E+01  0.1198E+01  0.7848E+01  0.7848E+01
  0.1344E+00  0.6194E+01  0.1198E+01  0.7696E+01  0.7696E+01
  0.1352E+00  0.8488E+01  0.1189E+01  0.7548E+01  0.7548E+01
  0.1359E+00  0.8772E+01  0.1198E+01  0.7404E+01  0.7404E+01
  0.1367E+00  0.4167E+01  0.1198E+01  0.7265E+01  0.7265E+01
  0.1375E+00  0.2138E+01  0.1174E+01  0.7130E+01  0.7130E+01
  0.1382E+00  0.4916E+01  0.1201E+01  0.6999E+01  0.6999E+01
  0.1390E+00  0.4708E+01  0.1198E+01  0.6871E+01  0.6871E+01
  0.1398E+00  0.7523E+01  0.1207E+01  0.6748E+01  0.6748E+01
  0.1405E+00  0.7140E+01  0.1219E+01  0.6628E+01  0.6628E+01
  0.1413E+00  0.8295E+01  0.1213E+01  0.6511E+01  0.6511E+01
  0.1421E+00  0.8513E+01  0.1218E+01  0.6399E+01  0.6399E+01
  0.1428E+00  0.9658E+01  0.1205E+01  0.6289E+01  0.6289E+01
  0.1436E+00  0.6256E+01  0.1226E+01  0.6182E+01  0.6182E+01
  0.1443E+00  0.8564E+01  0.1197E+01  0.6079E+01  0.6079E+01
  0.1451E+00  0.6475E+01  0.1199E+01  0.5978E+01  0.5978E+01
  0.1459E+00  0.3184E+01  0.1194E+01  0.5880E+01  0.5880E+01
  0.1466E+00  0.3349E+01  0.1187E+01  0.5785E+01  0.5785E+01
  0.1474E+00  0.5316E+01  0.1206E+01  0.5692E+01  0.5692E+01
  0.1482E+00  0.5926E+01  0.1179E+01  0.5602E+01  0.5602E+01
  0.1489E+00  0.9202E+01  0.1196E+01  0.5515E+01  0.5515E+01
  0.1497E+00  0.7640E+01  0.1179E+01  0.5429E+01  0.5429E+01
  0.1504E+00  0.3843E+01  0.1187E+01  0.5346E+01  0.5346E+01
  0.1512E+00  0.2247E+01  0.1195E+01  0.5265E+01  0.5265E+01
  0.1520E+00  0.6206E+01  0.1198E+01  0.5185E+01  0.5185E+01
  0.1527E+00  0.2976E+01  0.1212E+01  0.5108E+01  0.5108E+01
  0.1535E+00  0.3834E+01  0.1197E+01  0.5032E+01  0.5032E+01
  0.1543E+00  0.4546E+01  0.1209E+01  0.4959E+01  0.4959E+01
  0.1550E+00  0.4438E+01  0.1230E+01  0.4886E+01  0.4886E+01
  0.1558E+00  0.4015E+01  0.1216E+01  0.4816E+01  0.4816E+01
  0.1565E+00  0.5718E+01  0.1218E+01  0.4747E+01  0.4747E+01
  0.1573E+00  0.4055E+01  0.1207E+01  0.4679E+01  0.4679E+01
  0.1581E+00  0.2978E+01  0.1229E+01  0.4613E+01  0.4613E+01
  0.1588E+00  0.4981E+01  0.1216E+01  0.4548E+01  0.4548E+01
  0.1596E+00  0.5578E+01  0.1183E+01  0.4484E+01  0.4484E+01
  0.1604E+00  0.4426E+01  0.1180E+01  0.4421E+01  0.4421E+01
  0.1611E+00  0.3462E+01  0.1171E+01  0.4360E+01  0.4360E+01
  0.1619E+00  0.3900E+01  0.1185E+01  0.4299E+01  0.4299E+01
  0.1627E+00  0.2905E+01  0.1162E+01  0.4240E+01  0.4240E+01
  0.1634E+00  0.2694E+01  0.1156E+01  0.4182E+01  0.4182E+01
  0.1642E+00  0.4189E+01  0.1190E+01  0.4125E+01  0.4125E+01
  0.1649E+00  0.1012E+01  0.1176E+01  0.4068E+01  0.4068E+01
  0.1657E+00  0.3202E+01  0.1205E+01  0.4013E+01  0.4013E+01
  0.1665E+00  0.3779E+01  0.1181E+01  0.3958E+01  0.3958E+01
  0.1672E+00  0.3633E+01  0.1195E+01  0.3905E+01  0.3905E+01
  0.1680E+00  0.6099E+01  0.1186E+01  0.3852E+01  0.3852E+01
  0.1688E+00  0.4021E+01  0.1190E+01  0.3800E+01  0.3800E+01
  0.1695E+00  0.4097E+01  0.1206E+01  0.3748E+01  0.3748E+01
  0.1703E+00  0.3873E+01  0.1192E+01  0.3698E+01  0.3698E+01
  0.1710E+00  0.3995E+01  0.1202E+01  0.3648E+01  0.3648E+01
  0.1718E+00  0.2906E+01  0.1187E+01  0.3599E+01  0.3599E+01
  0.1726E+00  0.3616E+01  0.1172E+01  0.3551E+01  0.3551E+01
  0.1733E+00  0.4721E+01  0.1197E+01  0.3504E+01  0.3504E+01
  0.1741E+00  0.6444E+01  0.1163E+01  0.3457E+01  0.3457E+01
  0.1749E+00  0.5273E+01  0.1192E+01  0.3411E+01  0.3411E+01
  0.1756E+00  0.4193E+01  0.1180E+01  0.3366E+01  0.3366E+01
  0.1764E+00  0.2844E+01  0.1175E+01  0.3322E+01  0.3322E+01
  0.1772E+00  0.3880E+00  0.1182E+01  0.3278E+01  0.3278E+01
  0.1779E+00  0.3307E+01  0.1169E+01  0.3235E+01  0.3235E+01
  0.1787E+00  0.3771E+01  0.1173E+01  0.3193E+01  0.3193E+01
  0.1794E+00  0.4039E+01  0.1146E+01  0.3151E+01  0.3151E+01
  0.1802E+00  0.4166E+01  0.1175E+01  0.3110E+01  0.3110E+01
  0.1810E+00  0.3819E+01  0.1175E+01  0.3070E+01  0.3070E+01
  0.1817E+00  0.4872E+01  0.1168E+01  0.3031E+01  0.3031E+01
  0.1825E+00  0.5045E+01  0.1173E+01  0.2993E+01  0.2993E+01
  0.1833E+00  0.3289E+01  0.1183E+01  0.2955E+01  0.2955E+01
  0.1840E+00  0.1982E+01  0.1205E+01  0.2918E+01  0.2918E+01
  0.1848E+00  0.3494E+01  0.1180E+01  0.2882E+01  0.2882E+01
  0.1855E+00  0.4058E+01  0.1190E+01  0.2847E+01  0.2847E+01
  0.1863E+00  0.2013E+01  0.1205E+01  0.2812E+01  0.2812E+01
  0.1871E+00  0.1523E+01  0.1195E+01  0.2778E+01  0.2778E+01
  0.1878E+00  0.1461E+01  0.1196E+01  0.2745E+01  0.2745E+01
  0.1886E+00  0.1868E+01  0.1182E+01  0.2713E+01  0.2713E+01
  0.1894E+00  0.4609E+01  0.1190E+01  0.2682E+01  0.2682E+01
  0.1901E+00  0.2036E+01  0.1185E+01  0.2651E+01  0.2651E+01
  0.1909E+00  0.1276E+01  0.1170E+01  0.2621E+01  0.2621E+01
  0.1916E+00  0.3421E+01  0.1174E+01  0.2592E+01  0.2592E+01
  0.1924E+00  0.3672E+01  0.1150E+01  0.2564E+01  0.2564E+01
  0.1932E+00  0.2208E+01  0.1166E+01  0.2537E+01  0.2537E+01
  0.1939E+00 -0.4330E+00  0.1174E+01  0.2510E+01  0.2510E+01
  0.1947E+00 -0.3060E+00  0.1160E+01  0.2484E+01  0.2484E+01
  0.1955E+00  0.2515E+01  0.1175E+01  0.2459E+01  0.2459E+01
  0.1962E+00  0.2428E+01  0.1150E+01  0.2435E+01  0.2435E+01
  0.1970E+00  0.1633E+01  0.1150E+01  0.2411E+01  0.2411E+01
  0.1978E+00  0.3260E+00  0.1153E+01  0.2389E+01  0.2389E+01
  0.1985E+00  0.1489E+01  0.1162E+01  0.2367E+01  0.2367E+01
  0.1993E+00  0.2050E+00  0.1155E+01  0.2345E+01  0.2345E+01
  0.2000E+00 -0.8496E-01  0.1135E+01  0.2325E+01  0.2325E+01
  0.2008E+00  0.4735E+01  0.1144E+01  0.2305E+01  0.2305E+01
  0.2016E+00  0.4291E+01  0.1138E+01  0.2286E+01  0.2286E+01
  0.2023E+00  0.2544E+01  0.1134E+01  0.2267E+01  0.2267E+01
  0.2031E+00  0.3630E+00  0.1143E+01  0.2249E+01  0.2249E+01
  0.2039E+00 -0.5570E+00  0.1128E+01  0.2232E+01  0.2232E+01
  0.2046E+00  0.1978E+01  0.1149E+01  0.2216E+01  0.2216E+01
  0.2054E+00  0.3023E+01  0.1141E+01  0.2200E+01  0.2200E+01
  0.2061E+00  0.2722E+01  0.1153E+01  0.2184E+01  0.2184E+01
  0.2069E+00  0.3160E+01  0.1178E+01  0.2169E+01  0.2169E+01
  0.2077E+00  0.3139E+01  0.1166E+01  0.2155E+01  0.2155E+01
  0.2084E+00 -0.4470E+00  0.1176E+01  0.2141E+01  0.2141E+01
  0.2092E+00 -0.1031E+01  0.1169E+01  0.2128E+01  0.2128E+01
  0.2100E+00  0.9190E+00  0.1163E+01  0.2115E+01  0.2115E+01
  0.2107E+00 -0.1978E+01  0.1158E+01  0.2102E+01  0.2102E+01
  0.2115E+00  0.2422E+01  0.1162E+01  0.2090E+01  0.2090E+01
  0.2122E+00  0.2849E+01  0.1146E+01  0.2079E+01  0.2079E+01
  0.2130E+00  0.2306E+01  0.1134E+01  0.2068E+01  0.2068E+01
  0.2138E+00  0.1586E+01  0.1131E+01  0.2057E+01  0.2057E+01
  0.2145E+00  0.2268E+01  0.1133E+01  0.2046E+01  0.2046E+01
  0.2153E+00  0.1516E+01  0.1111E+01  0.2036E+01  0.2036E+01
  0.2161E+00  0.5285E+01  0.1133E+01  0.2026E+01  0.2026E+01
  0.2168E+00  0.3636E+01  0.1125E+01  0.2016E+01  0.2016E+01
  0.2176E+00  0.1754E+01  0.1130E+01  0.2006E+01  0.2006E+01
  0.2184E+00  0.2628E+01  0.1129E+01  0.1997E+01  0.1997E+01
  0.2191E+00  0.2602E+01  0.1140E+01  0.1988E+01  0.1988E+01
  0.2199E+00  0.3104E+01  0.1141E+01  0.1978E+01  0.1978E+01
  0.2206E+00  0.2848E+01  0.1127E+01  0.1969E+01  0.1969E+01
  0.2214E+00  0.1948E+01  0.1132E+01  0.1961E+01  0.1961E+01
  0.2222E+00  0.1495E+01  0.1112E+01  0.1952E+01  0.1952E+01
  0.2229E+00  0.2547E+01  0.1108E+01  0.1943E+01  0.1943E+01
  0.2237E+00  0.1839E+01  0.1124E+01  0.1935E+01  0.1935E+01
  0.2245E+00 -0.6151E+00  0.1130E+01  0.1926E+01  0.1926E+01
  0.2252E+00  0.6470E+00  0.1147E+01  0.1917E+01  0.1917E+01
  0.2260E+00  0.2269E+01  0.1145E+01  0.1909E+01  0.1909E+01
  0.2267E+00  0.2168E+01  0.1152E+01  0.1900E+01  0.1900E+01
  0.2275E+00  0.3466E+01  0.1142E+01  0.1892E+01  0.1892E+01
  0.2283E+00  0.2253E+01  0.1169E+01  0.1883E+01  0.1883E+01
  0.2290E+00  0.5260E+00  0.1161E+01  0.1874E+01  0.1874E+01
  0.2298E+00  0.2265E+01  0.1169E+01  0.1865E+01  0.1865E+01
  0.2306E+00  0.2178E+01  0.1164E+01  0.1856E+01  0.1856E+01
  0.2313E+00  0.2284E+01  0.1152E+01  0.1847E+01  0.1847E+01
  0.2321E+00  0.3344E+01  0.1171E+01  0.1838E+01  0.1838E+01
  0.2329E+00  0.2392E+01  0.1175E+01  0.1829E+01  0.1829E+01
  0.2336E+00  0.1456E+01  0.1179E+01  0.1820E+01  0.1820E+01
  0.2344E+00  0.5262E+01  0.1202E+01  0.1810E+01  0.1810E+01
  0.2351E+00  0.4351E+01  0.1207E+01  0.1801E+01  0.1801E+01
  0.2359E+00  0.8620E+00  0.1239E+01  0.1791E+01  0.1791E+01
  0.2367E+00  0.1145E+01  0.1233E+01  0.1782E+01  0.1782E+01
  0.2374E+00  0.2479E+01  0.1242E+01  0.1772E+01  0.1772E+01
  0.2382E+00  0.4160E+01  0.1253E+01  0.1762E+01  0.1762E+01
  0.2390E+00  0.1521E+01  0.1260E+01  0.1752E+01  0.1752E+01
  0.2397E+00  0.3766E+01  0.1274E+01  0.1741E+01  0.1741E+01
  0.2405E+00  0.3409E+01  0.1259E+01  0.1731E+01  0.1731E+01
  0.2412E+00 -0.6540E+00  0.1276E+01  0.1721E+01  0.1721E+01
  0.2420E+00  0.5860E+00  0.1308E+01  0.1710E+01  0.1710E+01
  0.2428E+00  0.1220E+01  0.1308E+01  0.1699E+01  0.1699E+01
  0.2435E+00  0.2640E+01  0.1308E+01  0.1689E+01  0.1689E+01
  0.2443E+00  0.2383E+01  0.1288E+01  0.1678E+01  0.1678E+01
  0.2451E+00  0.4416E+01  0.1323E+01  0.1667E+01  0.1667E+01
  0.2458E+00  0.4910E+00  0.1335E+01  0.1656E+01  0.1656E+01
  0.2466E+00  0.8880E+00  0.1348E+01  0.1645E+01  0.1645E+01
  0.2473E+00  0.1440E+00  0.1367E+01  0.1634E+01  0.1634E+01
  0.2481E+00 -0.2152E+01  0.1356E+01  0.1622E+01  0.1622E+01
  0.2489E+00  0.5640E+00  0.1367E+01  0.1611E+01  0.1611E+01
  0.2496E+00  0.1584E+01  0.1366E+01  0.1600E+01  0.1600E+01
  0.2504E+00  0.1261E+01  0.1391E+01  0.1589E+01  0.1589E+01
  0.2512E+00  0.2086E+01  0.1391E+01  0.1578E+01  0.1578E+01
  0.2519E+00  0.8460E+00  0.1402E+01  0.1566E+01  0.1566E+01
  0.2527E+00  0.4010E+00  0.1388E+01  0.1555E+01  0.1555E+01
  0.2535E+00  0.3530E+01  0.1368E+01  0.1544E+01  0.1544E+01
  0.2542E+00  0.4940E+01  0.1397E+01  0.1532E+01  0.1532E+01
  0.2550E+00  0.3346E+01  0.1385E+01  0.1521E+01  0.1521E+01
  0.2557E+00  0.2550E+00  0.1357E+01  0.1510E+01  0.1510E+01
  0.2565E+00  0.8080E+00  0.1360E+01  0.1499E+01  0.1499E+01
  0.2573E+00  0.1373E+01  0.1351E+01  0.1488E+01  0.1488E+01
  0.2580E+00  0.1078E+01  0.1389E+01  0.1477E+01  0.1477E+01
  0.2588E+00  0.3910E+00  0.1374E+01  0.1466E+01  0.1466E+01
  0.2596E+00 -0.2222E+01  0.1395E+01  0.1455E+01  0.1455E+01
  0.2603E+00 -0.3601E-01  0.1393E+01  0.1445E+01  0.1445E+01
  0.2611E+00  0.3137E+01  0.1379E+01  0.1434E+01  0.1434E+01
  0.2618E+00  0.2018E+01  0.1398E+01  0.1424E+01  0.1424E+01
  0.2626E+00  0.2400E+01  0.1385E+01  0.1413E+01  0.1413E+01
  0.2634E+00 -0.1710E+00  0.1403E+01  0.1403E+01  0.1403E+01
  0.2641E+00  0.1022E+01  0.1411E+01  0.1393E+01  0.1393E+01
  0.2649E+00  0.3010E+00  0.1446E+01  0.1383E+01  0.1383E+01
  0.2657E+00  0.2457E+01  0.1459E+01  0.1373E+01  0.1373E+01
  0.2664E+00  0.2638E+01  0.1457E+01  0.1364E+01  0.1364E+01
  0.2672E+00  0.1527E+01  0.1454E+01  0.1354E+01  0.1354E+01
  0.2679E+00  0.5450E+00  0.1422E+01  0.1345E+01  0.1345E+01
  0.2687E+00  0.2319E+01  0.1423E+01  0.1336E+01  0.1336E+01
  0.2695E+00  0.2977E+01  0.1433E+01  0.1327E+01  0.1327E+01
  0.2702E+00 -0.1450E+00  0.1423E+01  0.1318E+01  0.1318E+01
  0.2710E+00  0.2360E+00  0.1459E+01  0.1309E+01  0.1309E+01
  0.2718E+00  0.6470E+00  0.1429E+01  0.1301E+01  0.1301E+01
  0.2725E+00  0.7070E+00  0.1435E+01  0.1292E+01  0.1292E+01

           Distance distribution  function of particle  


       R          P(R)      ERROR

  0.0000E+00  0.0000E+00  0.0000E+00
  0.1046E+01  0.8536E-02  0.4769E-03
  0.2092E+01  0.1798E-01  0.7941E-03
  0.3138E+01  0.2830E-01  0.9641E-03
  0.4184E+01  0.3945E-01  0.1007E-02
  0.5230E+01  0.5133E-01  0.9533E-03
  0.6276E+01  0.6387E-01  0.8445E-03
  0.7322E+01  0.7694E-01  0.7437E-03
  0.8368E+01  0.9042E-01  0.7290E-03
  0.9414E+01  0.1042E+00  0.8358E-03
  0.1046E+02  0.1181E+00  0.1021E-02
  0.1151E+02  0.1319E+00  0.1225E-02
  0.1255E+02  0.1456E+00  0.1406E-02
  0.1360E+02  0.1590E+00  0.1543E-02
  0.1464E+02  0.1719E+00  0.1626E-02
  0.1569E+02  0.1842E+00  0.1656E-02
  0.1674E+02  0.1958E+00  0.1642E-02
  0.1778E+02  0.2065E+00  0.1602E-02
  0.1883E+02  0.2162E+00  0.1562E-02
  0.1987E+02  0.2248E+00  0.1548E-02
  0.2092E+02  0.2323E+00  0.1579E-02
  0.2197E+02  0.2386E+00  0.1659E-02
  0.2301E+02  0.2436E+00  0.1779E-02
  0.2406E+02  0.2474E+00  0.1918E-02
  0.2510E+02  0.2498E+00  0.2054E-02
  0.2615E+02  0.2510E+00  0.2172E-02
  0.2720E+02  0.2509E+00  0.2260E-02
  0.2824E+02  0.2496E+00  0.2314E-02
  0.2929E+02  0.2470E+00  0.2335E-02
  0.3033E+02  0.2434E+00  0.2327E-02
  0.3138E+02  0.2387E+00  0.2299E-02
  0.3243E+02  0.2331E+00  0.2261E-02
  0.3347E+02  0.2267E+00  0.2222E-02
  0.3452E+02  0.2195E+00  0.2190E-02
  0.3556E+02  0.2117E+00  0.2169E-02
  0.3661E+02  0.2034E+00  0.2160E-02
  0.3766E+02  0.1947E+00  0.2164E-02
  0.3870E+02  0.1857E+00  0.2177E-02
  0.3975E+02  0.1765E+00  0.2197E-02
  0.4079E+02  0.1673E+00  0.2224E-02
  0.4184E+02  0.1581E+00  0.2255E-02
  0.4289E+02  0.1490E+00  0.2291E-02
  0.4393E+02  0.1401E+00  0.2331E-02
  0.4498E+02  0.1314E+00  0.2373E-02
  0.4602E+02  0.1231E+00  0.2414E-02
  0.4707E+02  0.1150E+00  0.2450E-02
  0.4812E+02  0.1073E+00  0.2478E-02
  0.4916E+02  0.1000E+00  0.2496E-02
  0.5021E+02  0.9309E-01  0.2503E-02
  0.5125E+02  0.8651E-01  0.2502E-02
  0.5230E+02  0.8028E-01  0.2499E-02
  0.5335E+02  0.7438E-01  0.2499E-02
  0.5439E+02  0.6879E-01  0.2513E-02
  0.5544E+02  0.6349E-01  0.2547E-02
  0.5648E+02  0.5846E-01  0.2605E-02
  0.5753E+02  0.5367E-01  0.2688E-02
  0.5858E+02  0.4913E-01  0.2792E-02
  0.5962E+02  0.4481E-01  0.2910E-02
  0.6067E+02  0.4072E-01  0.3034E-02
  0.6171E+02  0.3686E-01  0.3155E-02
  0.6276E+02  0.3325E-01  0.3268E-02
  0.6381E+02  0.2989E-01  0.3368E-02
  0.6485E+02  0.2680E-01  0.3453E-02
  0.6590E+02  0.2400E-01  0.3522E-02
  0.6694E+02  0.2151E-01  0.3576E-02
  0.6799E+02  0.1935E-01  0.3617E-02
  0.6904E+02  0.1752E-01  0.3646E-02
  0.7008E+02  0.1604E-01  0.3666E-02
  0.7113E+02  0.1490E-01  0.3677E-02
  0.7217E+02  0.1409E-01  0.3679E-02
  0.7322E+02  0.1359E-01  0.3674E-02
  0.7427E+02  0.1337E-01  0.3662E-02
  0.7531E+02  0.1340E-01  0.3644E-02
  0.7636E+02  0.1363E-01  0.3622E-02
  0.7740E+02  0.1400E-01  0.3601E-02
  0.7845E+02  0.1447E-01  0.3582E-02
  0.7950E+02  0.1497E-01  0.3572E-02
  0.8054E+02  0.1544E-01  0.3572E-02
  0.8159E+02  0.1582E-01  0.3585E-02
  0.8263E+02  0.1608E-01  0.3614E-02
  0.8368E+02  0.1617E-01  0.3656E-02
  0.8473E+02  0.1605E-01  0.3712E-02
  0.8577E+02  0.1570E-01  0.3777E-02
  0.8682E+02  0.1513E-01  0.3848E-02
  0.8786E+02  0.1432E-01  0.3921E-02
  0.8891E+02  0.1330E-01  0.3991E-02
  0.8996E+02  0.1211E-01  0.4052E-02
  0.9100E+02  0.1077E-01  0.4100E-02
  0.9205E+02  0.9333E-02  0.4127E-02
  0.9309E+02  0.7853E-02  0.4126E-02
  0.9414E+02  0.6382E-02  0.4088E-02
  0.9519E+02  0.4975E-02  0.4006E-02
  0.9623E+02  0.3679E-02  0.3871E-02
  0.9728E+02  0.2538E-02  0.3674E-02
  0.9832E+02  0.1584E-02  0.3407E-02
  0.9937E+02  0.8377E-03  0.3063E-02
  0.1004E+03  0.3077E-03  0.2636E-02
  0.1015E+03 -0.1296E-04  0.2120E-02
  0.1025E+03 -0.1453E-03  0.1511E-02
  0.1036E+03 -0.1249E-03  0.8049E-03
  0.1046E+03  0.0000E+00  0.0000E+00
          Reciprocal space: Rg =   25.92     , I(0) =   0.1187E+03
     Real space: Rg =   25.96 +- 0.521  I(0) =   0.1187E+03 +-  0.1203E+01
