
           ####    G N O M   ---   Version 4.5a revised 09/02/02     ####

                                                  Sat Nov  4 16:52:05 2017
           ===    Run No   1   ===
 Run title:  0.010641 23.647729 2.789241


   *******   Working Directory :
   *******    Input file(s) : 25533_C5_1.mccd.dat
           Condition P(rmin) = 0 is used. 
           Condition P(rmax) = 0 is used. 

          Experimental conditions for the first run
          -----------------------------------------

          Highest ALPHA is found to be   0.1113E+02

  The measure of inconsistency AN1 equals to    0.1057E+01

          Warning: using the chosen range in the real space 
             it is not possible to fit the data set within the
             given error band. 
     Alpha    Discrp  Oscill  Stabil  Sysdev  Positv  Valcen    Total   
  0.1113E+05 15.2363  1.1475  0.9274  0.0157  1.0000  0.8669  0.00001
  0.2227E+04 12.2188  1.1422  0.7420  0.1448  1.0000  0.8689  0.00001
  0.4453E+03  6.4442  1.1273  0.3825  0.3640  1.0000  0.8758  0.00001
  0.8906E+02  2.5367  1.1320  0.1285  0.4149  1.0000  0.8884  0.00008
  0.1781E+02  1.0936  1.2104  0.0665  0.5558  1.0000  0.9007  0.52546
  0.3562E+01  0.6190  1.3024  0.0294  0.7436  1.0000  0.9097  0.58852
  0.7125E+00  0.5322  1.3610  0.0146  0.7436  1.0000  0.9136  0.51105
  0.1425E+00  0.5162  1.4234  0.0275  0.7436  1.0000  0.9147  0.10000
  0.2850E-01  0.5038  1.6481  0.0391  0.7358  1.0000  0.9139  0.10000
  0.5700E-02  0.4994  1.9177  0.0234  0.7280  0.9997  0.9121  0.10000
  0.1140E-02  0.4989  2.0756  0.0387  0.7358  0.9996  0.9117  0.10000
  0.2280E-03  0.4985  2.6129  0.1184  0.7280  0.9998  0.9104  0.10000
  0.4560E-04  0.4976  6.0204  0.3589  0.7280  0.9897  0.8743  0.10000
  0.9120E-05  0.4958 10.9130  0.3912  0.7358  0.9082  0.6386  0.10000
  0.1824E-05  0.4944 14.2722  0.7534  0.7202  0.8084  0.3823  0.10000
  0.3648E-06  0.4912 13.7663  0.8650  0.7202  0.7528  0.3523  0.10000
  0.7296E-07  0.4852 13.0868  0.4962  0.7280  0.7260  0.3331  0.10000
  0.1459E-07  0.4824 13.1768  0.1508  0.7436  0.7212  0.3246  0.10000
  0.2918E-08  0.4820 14.5991  0.2213  0.7358  0.7255  0.2990  0.10000
  0.5837E-09  0.4817 20.2284  0.7576  0.7358  0.7124  0.2240  0.10000
  0.1167E-09  0.4807 19.5172  1.0215  0.7358  0.7049  0.2315  0.10000
  0.2335E-10  0.4766 18.0728  0.9323  0.7280  0.7117  0.2950  0.10000
  0.4669E-11  0.4624 19.0730  0.7289  0.7358  0.7155  0.3243  0.10000
  0.9339E-12  0.4294 24.1399  0.5399  0.7123  0.7272  0.3550  0.10000
  0.1868E-12  0.3599 35.2462  0.5668  0.7202  0.7363  0.3475  0.10000
  0.3736E-13  0.2317 42.9942  0.4573  0.7280  0.7149  0.2909  0.10000
  0.7471E-14  0.0984 46.5383  0.2347  0.7984  0.6999  0.2687  0.10000
  0.1494E-14  0.0271 48.2499  0.0752  0.7593  0.6930  0.2615  0.10000
  0.2988E-15  0.0059 48.7371  0.0172  0.7671  0.6908  0.2594  0.10000
  0.5977E-16  0.0012 48.8433  0.0035  0.7671  0.6903  0.2590  0.10000
  0.1195E-16  0.0002 48.8650  0.0007  0.7671  0.6902  0.2589  0.10000

          ***  Golden section search to maximize estimate ***
     Alpha    Discrp  Oscill  Stabil  Sysdev  Positv  Valcen    Total   
  0.1927E+01  0.5651  1.3286  0.0208  0.7906  1.0000  0.9117  0.59351
  0.1318E+01  0.5475  1.3422  0.0174  0.7593  1.0000  0.9126  0.55268
  0.2436E+01  0.5811  1.3193  0.0236  0.7593  1.0000  0.9110  0.58353
  0.1666E+01  0.5574  1.3340  0.0193  0.7750  1.0000  0.9121  0.57513
  0.2107E+01  0.5707  1.3251  0.0218  0.7984  1.0000  0.9115  0.60374
  0.2227E+01  0.5744  1.3229  0.0224  0.7750  1.0000  0.9113  0.58943
  0.2036E+01  0.5685  1.3265  0.0214  0.7906  1.0000  0.9116  0.59622
  0.2152E+01  0.5721  1.3243  0.0220  0.7906  1.0000  0.9114  0.59885
  0.2080E+01  0.5698  1.3257  0.0216  0.7984  1.0000  0.9115  0.60312
  0.2124E+01  0.5712  1.3248  0.0219  0.7906  1.0000  0.9114  0.59823
  0.2097E+01  0.5703  1.3253  0.0217  0.7984  1.0000  0.9115  0.60351
  0.2114E+01  0.5709  1.3250  0.0218  0.7984  1.0000  0.9115  0.60389
  0.2118E+01  0.5710  1.3249  0.0218  0.7906  1.0000  0.9114  0.59809
  0.2111E+01  0.5708  1.3251  0.0218  0.7984  1.0000  0.9115  0.60383
  0.2115E+01  0.5709  1.3250  0.0218  0.7984  1.0000  0.9114  0.60392
  0.2116E+01  0.5709  1.3250  0.0218  0.7906  1.0000  0.9114  0.59805
  0.2115E+01  0.5709  1.3250  0.0218  0.7984  1.0000  0.9114  0.60392



             ####            Final results            ####

 Parameter    DISCRP    OSCILL    STABIL    SYSDEV    POSITV    VALCEN
 Weight        1.000     3.000     3.000     4.000     1.000     1.000
 Sigma         0.500     0.600     0.120     0.200     0.120     0.120
 Ideal         1.000     1.100     0.000     1.000     1.000     0.950
 Current       0.571     1.325     0.022     0.798     1.000     0.911
                - - - - - - - - - - - - - - - - - - - - - - - - - 
 Estimate      0.479     0.869     0.968     0.362     1.000     0.902

  Angular   range    :     from    0.0112   to    0.3219
  Real space range   :     from      0.00   to     79.08

  Highest ALPHA (theor) :   0.111E+05                 JOB = 0
  Current ALPHA         :   0.212E+01   Rg :  0.241E+02   I(0) :   0.216E+02

           Total  estimate : 0.604  which is  A REASONABLE  solution

      S          J EXP       ERROR       J REG       I REG

  0.0000E+00                                      0.2165E+02
  0.6250E-03                                      0.2164E+02
  0.1250E-02                                      0.2164E+02
  0.1875E-02                                      0.2163E+02
  0.2500E-02                                      0.2162E+02
  0.3125E-02                                      0.2160E+02
  0.3750E-02                                      0.2159E+02
  0.4375E-02                                      0.2157E+02
  0.5000E-02                                      0.2154E+02
  0.5625E-02                                      0.2151E+02
  0.6250E-02                                      0.2148E+02
  0.6875E-02                                      0.2145E+02
  0.7500E-02                                      0.2141E+02
  0.8125E-02                                      0.2137E+02
  0.8750E-02                                      0.2133E+02
  0.9375E-02                                      0.2128E+02
  0.1000E-01                                      0.2123E+02
  0.1063E-01                                      0.2118E+02
  0.1125E-01  0.1989E+02  0.2670E+01  0.2112E+02  0.2112E+02
  0.1186E-01  0.2318E+02  0.3112E+01  0.2106E+02  0.2106E+02
  0.1247E-01  0.2530E+02  0.2265E+01  0.2100E+02  0.2100E+02
  0.1307E-01  0.2172E+02  0.2834E+01  0.2094E+02  0.2094E+02
  0.1368E-01  0.2155E+02  0.1490E+01  0.2088E+02  0.2088E+02
  0.1429E-01  0.1844E+02  0.1615E+01  0.2081E+02  0.2081E+02
  0.1490E-01  0.2159E+02  0.2184E+01  0.2074E+02  0.2074E+02
  0.1551E-01  0.2331E+02  0.1120E+01  0.2066E+02  0.2066E+02
  0.1611E-01  0.2133E+02  0.2043E+01  0.2059E+02  0.2059E+02
  0.1672E-01  0.2296E+02  0.1304E+01  0.2051E+02  0.2051E+02
  0.1733E-01  0.2253E+02  0.1147E+01  0.2043E+02  0.2043E+02
  0.1794E-01  0.2100E+02  0.1258E+01  0.2034E+02  0.2034E+02
  0.1855E-01  0.2112E+02  0.1212E+01  0.2025E+02  0.2025E+02
  0.1916E-01  0.2219E+02  0.8741E+00  0.2017E+02  0.2017E+02
  0.1976E-01  0.2182E+02  0.1040E+01  0.2007E+02  0.2007E+02
  0.2037E-01  0.2313E+02  0.1070E+01  0.1998E+02  0.1998E+02
  0.2098E-01  0.1967E+02  0.1507E+01  0.1988E+02  0.1988E+02
  0.2159E-01  0.2262E+02  0.9771E+00  0.1979E+02  0.1979E+02
  0.2219E-01  0.1986E+02  0.8286E+00  0.1968E+02  0.1968E+02
  0.2280E-01  0.2068E+02  0.9271E+00  0.1958E+02  0.1958E+02
  0.2341E-01  0.1895E+02  0.8976E+00  0.1948E+02  0.1948E+02
  0.2402E-01  0.1842E+02  0.8627E+00  0.1937E+02  0.1937E+02
  0.2463E-01  0.1912E+02  0.4829E+00  0.1926E+02  0.1926E+02
  0.2524E-01  0.1723E+02  0.6107E+00  0.1915E+02  0.1915E+02
  0.2584E-01  0.1796E+02  0.6089E+00  0.1903E+02  0.1903E+02
  0.2645E-01  0.1898E+02  0.5806E+00  0.1892E+02  0.1892E+02
  0.2706E-01  0.1703E+02  0.6783E+00  0.1880E+02  0.1880E+02
  0.2767E-01  0.1868E+02  0.6010E+00  0.1868E+02  0.1868E+02
  0.2828E-01  0.1806E+02  0.6182E+00  0.1856E+02  0.1856E+02
  0.2888E-01  0.1931E+02  0.7519E+00  0.1844E+02  0.1844E+02
  0.2949E-01  0.1881E+02  0.5422E+00  0.1831E+02  0.1831E+02
  0.3010E-01  0.1845E+02  0.5084E+00  0.1819E+02  0.1819E+02
  0.3071E-01  0.1853E+02  0.5126E+00  0.1806E+02  0.1806E+02
  0.3132E-01  0.1865E+02  0.5309E+00  0.1793E+02  0.1793E+02
  0.3192E-01  0.1774E+02  0.5844E+00  0.1780E+02  0.1780E+02
  0.3253E-01  0.1845E+02  0.5287E+00  0.1767E+02  0.1767E+02
  0.3314E-01  0.1885E+02  0.4652E+00  0.1754E+02  0.1754E+02
  0.3375E-01  0.1831E+02  0.4868E+00  0.1740E+02  0.1740E+02
  0.3436E-01  0.1738E+02  0.5628E+00  0.1726E+02  0.1726E+02
  0.3496E-01  0.1683E+02  0.4171E+00  0.1713E+02  0.1713E+02
  0.3557E-01  0.1606E+02  0.5054E+00  0.1699E+02  0.1699E+02
  0.3618E-01  0.1783E+02  0.4125E+00  0.1685E+02  0.1685E+02
  0.3679E-01  0.1688E+02  0.5006E+00  0.1671E+02  0.1671E+02
  0.3740E-01  0.1764E+02  0.3860E+00  0.1657E+02  0.1657E+02
  0.3800E-01  0.1629E+02  0.5141E+00  0.1642E+02  0.1642E+02
  0.3861E-01  0.1672E+02  0.4507E+00  0.1628E+02  0.1628E+02
  0.3922E-01  0.1543E+02  0.4743E+00  0.1614E+02  0.1614E+02
  0.3983E-01  0.1552E+02  0.4872E+00  0.1599E+02  0.1599E+02
  0.4044E-01  0.1469E+02  0.4596E+00  0.1585E+02  0.1585E+02
  0.4104E-01  0.1496E+02  0.4549E+00  0.1570E+02  0.1570E+02
  0.4165E-01  0.1455E+02  0.5089E+00  0.1555E+02  0.1555E+02
  0.4226E-01  0.1503E+02  0.3812E+00  0.1540E+02  0.1540E+02
  0.4287E-01  0.1457E+02  0.4222E+00  0.1526E+02  0.1526E+02
  0.4348E-01  0.1471E+02  0.3871E+00  0.1511E+02  0.1511E+02
  0.4409E-01  0.1448E+02  0.4017E+00  0.1496E+02  0.1496E+02
  0.4469E-01  0.1537E+02  0.4644E+00  0.1481E+02  0.1481E+02
  0.4530E-01  0.1408E+02  0.3638E+00  0.1466E+02  0.1466E+02
  0.4591E-01  0.1399E+02  0.3772E+00  0.1451E+02  0.1451E+02
  0.4652E-01  0.1382E+02  0.3620E+00  0.1436E+02  0.1436E+02
  0.4713E-01  0.1368E+02  0.3655E+00  0.1421E+02  0.1421E+02
  0.4773E-01  0.1400E+02  0.3657E+00  0.1406E+02  0.1406E+02
  0.4834E-01  0.1338E+02  0.3828E+00  0.1390E+02  0.1390E+02
  0.4895E-01  0.1343E+02  0.3814E+00  0.1375E+02  0.1375E+02
  0.4956E-01  0.1368E+02  0.3765E+00  0.1360E+02  0.1360E+02
  0.5017E-01  0.1355E+02  0.3555E+00  0.1345E+02  0.1345E+02
  0.5078E-01  0.1362E+02  0.3683E+00  0.1330E+02  0.1330E+02
  0.5138E-01  0.1380E+02  0.3302E+00  0.1315E+02  0.1315E+02
  0.5199E-01  0.1304E+02  0.3999E+00  0.1300E+02  0.1300E+02
  0.5260E-01  0.1300E+02  0.3597E+00  0.1285E+02  0.1285E+02
  0.5321E-01  0.1241E+02  0.3815E+00  0.1270E+02  0.1270E+02
  0.5382E-01  0.1243E+02  0.3336E+00  0.1255E+02  0.1255E+02
  0.5442E-01  0.1240E+02  0.3816E+00  0.1240E+02  0.1240E+02
  0.5503E-01  0.1200E+02  0.3329E+00  0.1225E+02  0.1225E+02
  0.5564E-01  0.1217E+02  0.3739E+00  0.1210E+02  0.1210E+02
  0.5625E-01  0.1154E+02  0.4016E+00  0.1195E+02  0.1195E+02
  0.5686E-01  0.1160E+02  0.3091E+00  0.1181E+02  0.1181E+02
  0.5746E-01  0.1094E+02  0.3725E+00  0.1166E+02  0.1166E+02
  0.5807E-01  0.1074E+02  0.3478E+00  0.1151E+02  0.1151E+02
  0.5868E-01  0.1064E+02  0.3616E+00  0.1137E+02  0.1137E+02
  0.5929E-01  0.1129E+02  0.3520E+00  0.1122E+02  0.1122E+02
  0.5990E-01  0.1133E+02  0.3358E+00  0.1108E+02  0.1108E+02
  0.6050E-01  0.1093E+02  0.3420E+00  0.1093E+02  0.1093E+02
  0.6111E-01  0.1082E+02  0.3390E+00  0.1079E+02  0.1079E+02
  0.6172E-01  0.1068E+02  0.3206E+00  0.1065E+02  0.1065E+02
  0.6233E-01  0.1017E+02  0.3315E+00  0.1051E+02  0.1051E+02
  0.6294E-01  0.1034E+02  0.3051E+00  0.1037E+02  0.1037E+02
  0.6354E-01  0.1058E+02  0.3637E+00  0.1023E+02  0.1023E+02
  0.6415E-01  0.1041E+02  0.3489E+00  0.1009E+02  0.1009E+02
  0.6476E-01  0.1001E+02  0.3192E+00  0.9950E+01  0.9950E+01
  0.6537E-01  0.1018E+02  0.3335E+00  0.9813E+01  0.9813E+01
  0.6598E-01  0.9582E+01  0.3182E+00  0.9677E+01  0.9677E+01
  0.6659E-01  0.1004E+02  0.3270E+00  0.9542E+01  0.9542E+01
  0.6719E-01  0.9977E+01  0.2933E+00  0.9408E+01  0.9408E+01
  0.6780E-01  0.9495E+01  0.3014E+00  0.9275E+01  0.9275E+01
  0.6841E-01  0.9431E+01  0.2884E+00  0.9143E+01  0.9143E+01
  0.6902E-01  0.9599E+01  0.3434E+00  0.9012E+01  0.9012E+01
  0.6963E-01  0.9002E+01  0.3147E+00  0.8882E+01  0.8882E+01
  0.7023E-01  0.9055E+01  0.3181E+00  0.8753E+01  0.8753E+01
  0.7084E-01  0.9229E+01  0.2792E+00  0.8626E+01  0.8626E+01
  0.7145E-01  0.9001E+01  0.2588E+00  0.8500E+01  0.8500E+01
  0.7206E-01  0.8251E+01  0.2641E+00  0.8374E+01  0.8374E+01
  0.7267E-01  0.8874E+01  0.2668E+00  0.8250E+01  0.8250E+01
  0.7327E-01  0.8489E+01  0.2969E+00  0.8127E+01  0.8127E+01
  0.7388E-01  0.8354E+01  0.2794E+00  0.8006E+01  0.8006E+01
  0.7449E-01  0.8288E+01  0.2582E+00  0.7885E+01  0.7885E+01
  0.7510E-01  0.8033E+01  0.3097E+00  0.7766E+01  0.7766E+01
  0.7571E-01  0.7847E+01  0.2771E+00  0.7648E+01  0.7648E+01
  0.7631E-01  0.8060E+01  0.2807E+00  0.7531E+01  0.7531E+01
  0.7692E-01  0.7571E+01  0.2864E+00  0.7416E+01  0.7416E+01
  0.7753E-01  0.7823E+01  0.2479E+00  0.7302E+01  0.7302E+01
  0.7814E-01  0.7040E+01  0.2865E+00  0.7189E+01  0.7189E+01
  0.7875E-01  0.6812E+01  0.2730E+00  0.7077E+01  0.7077E+01
  0.7935E-01  0.7351E+01  0.2706E+00  0.6967E+01  0.6967E+01
  0.7996E-01  0.6742E+01  0.2925E+00  0.6858E+01  0.6858E+01
  0.8057E-01  0.7177E+01  0.2626E+00  0.6750E+01  0.6750E+01
  0.8118E-01  0.6950E+01  0.2792E+00  0.6644E+01  0.6644E+01
  0.8179E-01  0.6906E+01  0.2596E+00  0.6538E+01  0.6538E+01
  0.8239E-01  0.6871E+01  0.2680E+00  0.6434E+01  0.6434E+01
  0.8300E-01  0.6330E+01  0.2704E+00  0.6332E+01  0.6332E+01
  0.8361E-01  0.6218E+01  0.2513E+00  0.6230E+01  0.6230E+01
  0.8422E-01  0.6353E+01  0.2570E+00  0.6131E+01  0.6131E+01
  0.8483E-01  0.6419E+01  0.2787E+00  0.6032E+01  0.6032E+01
  0.8544E-01  0.5717E+01  0.2667E+00  0.5934E+01  0.5934E+01
  0.8604E-01  0.5567E+01  0.2576E+00  0.5838E+01  0.5838E+01
  0.8665E-01  0.5770E+01  0.2399E+00  0.5744E+01  0.5744E+01
  0.8726E-01  0.5453E+01  0.2544E+00  0.5650E+01  0.5650E+01
  0.8787E-01  0.5840E+01  0.2694E+00  0.5558E+01  0.5558E+01
  0.8847E-01  0.5735E+01  0.2431E+00  0.5467E+01  0.5467E+01
  0.8908E-01  0.5719E+01  0.2715E+00  0.5377E+01  0.5377E+01
  0.8969E-01  0.5285E+01  0.2290E+00  0.5289E+01  0.5289E+01
  0.9030E-01  0.5328E+01  0.2377E+00  0.5202E+01  0.5202E+01
  0.9091E-01  0.5138E+01  0.2400E+00  0.5116E+01  0.5116E+01
  0.9151E-01  0.4873E+01  0.2557E+00  0.5032E+01  0.5032E+01
  0.9212E-01  0.5112E+01  0.2530E+00  0.4948E+01  0.4948E+01
  0.9273E-01  0.4922E+01  0.2472E+00  0.4866E+01  0.4866E+01
  0.9334E-01  0.4759E+01  0.2365E+00  0.4785E+01  0.4785E+01
  0.9395E-01  0.4363E+01  0.2690E+00  0.4706E+01  0.4706E+01
  0.9456E-01  0.4498E+01  0.2650E+00  0.4627E+01  0.4627E+01
  0.9516E-01  0.4402E+01  0.2771E+00  0.4550E+01  0.4550E+01
  0.9577E-01  0.4497E+01  0.2428E+00  0.4474E+01  0.4474E+01
  0.9638E-01  0.4134E+01  0.2576E+00  0.4399E+01  0.4399E+01
  0.9699E-01  0.4007E+01  0.2244E+00  0.4325E+01  0.4325E+01
  0.9760E-01  0.4321E+01  0.2601E+00  0.4253E+01  0.4253E+01
  0.9820E-01  0.4379E+01  0.2271E+00  0.4182E+01  0.4182E+01
  0.9881E-01  0.4188E+01  0.2453E+00  0.4111E+01  0.4111E+01
  0.9942E-01  0.4135E+01  0.2301E+00  0.4042E+01  0.4042E+01
  0.1000E+00  0.3763E+01  0.2436E+00  0.3975E+01  0.3975E+01
  0.1006E+00  0.4226E+01  0.2470E+00  0.3908E+01  0.3908E+01
  0.1012E+00  0.3863E+01  0.2235E+00  0.3842E+01  0.3842E+01
  0.1019E+00  0.3679E+01  0.2271E+00  0.3777E+01  0.3777E+01
  0.1025E+00  0.3598E+01  0.2402E+00  0.3714E+01  0.3714E+01
  0.1031E+00  0.3580E+01  0.2322E+00  0.3651E+01  0.3651E+01
  0.1037E+00  0.3388E+01  0.2215E+00  0.3590E+01  0.3590E+01
  0.1043E+00  0.3511E+01  0.2412E+00  0.3530E+01  0.3530E+01
  0.1049E+00  0.3338E+01  0.2250E+00  0.3470E+01  0.3470E+01
  0.1055E+00  0.2851E+01  0.2307E+00  0.3412E+01  0.3412E+01
  0.1061E+00  0.3285E+01  0.2189E+00  0.3355E+01  0.3355E+01
  0.1067E+00  0.2884E+01  0.2135E+00  0.3298E+01  0.3298E+01
  0.1073E+00  0.2926E+01  0.2144E+00  0.3243E+01  0.3243E+01
  0.1079E+00  0.3376E+01  0.2181E+00  0.3188E+01  0.3188E+01
  0.1085E+00  0.2879E+01  0.2151E+00  0.3135E+01  0.3135E+01
  0.1091E+00  0.3033E+01  0.2238E+00  0.3082E+01  0.3082E+01
  0.1098E+00  0.2933E+01  0.2142E+00  0.3031E+01  0.3031E+01
  0.1104E+00  0.2762E+01  0.2086E+00  0.2980E+01  0.2980E+01
  0.1110E+00  0.2877E+01  0.2144E+00  0.2930E+01  0.2930E+01
  0.1116E+00  0.3049E+01  0.1961E+00  0.2881E+01  0.2881E+01
  0.1122E+00  0.3122E+01  0.2309E+00  0.2833E+01  0.2833E+01
  0.1128E+00  0.3146E+01  0.2153E+00  0.2786E+01  0.2786E+01
  0.1134E+00  0.2992E+01  0.2181E+00  0.2740E+01  0.2740E+01
  0.1140E+00  0.2966E+01  0.2198E+00  0.2694E+01  0.2694E+01
  0.1146E+00  0.2842E+01  0.2154E+00  0.2650E+01  0.2650E+01
  0.1152E+00  0.2724E+01  0.2030E+00  0.2606E+01  0.2606E+01
  0.1158E+00  0.2695E+01  0.2111E+00  0.2563E+01  0.2563E+01
  0.1164E+00  0.2918E+01  0.2200E+00  0.2520E+01  0.2520E+01
  0.1171E+00  0.2780E+01  0.2041E+00  0.2479E+01  0.2479E+01
  0.1177E+00  0.2412E+01  0.1981E+00  0.2438E+01  0.2438E+01
  0.1183E+00  0.2877E+01  0.1975E+00  0.2398E+01  0.2398E+01
  0.1189E+00  0.2338E+01  0.1970E+00  0.2359E+01  0.2359E+01
  0.1195E+00  0.2763E+01  0.2191E+00  0.2320E+01  0.2320E+01
  0.1201E+00  0.2399E+01  0.2100E+00  0.2282E+01  0.2282E+01
  0.1207E+00  0.2184E+01  0.2018E+00  0.2245E+01  0.2245E+01
  0.1213E+00  0.2156E+01  0.2158E+00  0.2209E+01  0.2209E+01
  0.1219E+00  0.2299E+01  0.2222E+00  0.2173E+01  0.2173E+01
  0.1225E+00  0.2151E+01  0.2256E+00  0.2138E+01  0.2138E+01
  0.1231E+00  0.2171E+01  0.2026E+00  0.2103E+01  0.2103E+01
  0.1237E+00  0.2132E+01  0.2014E+00  0.2069E+01  0.2069E+01
  0.1244E+00  0.1825E+01  0.1882E+00  0.2036E+01  0.2036E+01
  0.1250E+00  0.1984E+01  0.1971E+00  0.2004E+01  0.2004E+01
  0.1256E+00  0.1937E+01  0.2033E+00  0.1972E+01  0.1972E+01
  0.1262E+00  0.1612E+01  0.2020E+00  0.1940E+01  0.1940E+01
  0.1268E+00  0.1792E+01  0.2112E+00  0.1909E+01  0.1909E+01
  0.1274E+00  0.1727E+01  0.2111E+00  0.1879E+01  0.1879E+01
  0.1280E+00  0.1513E+01  0.2134E+00  0.1849E+01  0.1849E+01
  0.1286E+00  0.1694E+01  0.2665E+00  0.1820E+01  0.1820E+01
  0.1292E+00  0.2214E+01  0.2569E+00  0.1792E+01  0.1792E+01
  0.1298E+00  0.1833E+01  0.1989E+00  0.1764E+01  0.1764E+01
  0.1304E+00  0.1880E+01  0.1991E+00  0.1736E+01  0.1736E+01
  0.1310E+00  0.1706E+01  0.2048E+00  0.1709E+01  0.1709E+01
  0.1316E+00  0.1915E+01  0.1968E+00  0.1683E+01  0.1683E+01
  0.1323E+00  0.1678E+01  0.2014E+00  0.1657E+01  0.1657E+01
  0.1329E+00  0.1679E+01  0.2166E+00  0.1631E+01  0.1631E+01
  0.1335E+00  0.1306E+01  0.1937E+00  0.1606E+01  0.1606E+01
  0.1341E+00  0.1583E+01  0.1882E+00  0.1582E+01  0.1582E+01
  0.1347E+00  0.1231E+01  0.1768E+00  0.1557E+01  0.1557E+01
  0.1353E+00  0.1332E+01  0.2017E+00  0.1534E+01  0.1534E+01
  0.1359E+00  0.1275E+01  0.1953E+00  0.1511E+01  0.1511E+01
  0.1365E+00  0.1277E+01  0.2077E+00  0.1488E+01  0.1488E+01
  0.1371E+00  0.1514E+01  0.2090E+00  0.1466E+01  0.1466E+01
  0.1377E+00  0.1100E+01  0.1819E+00  0.1444E+01  0.1444E+01
  0.1383E+00  0.1322E+01  0.2005E+00  0.1422E+01  0.1422E+01
  0.1389E+00  0.1192E+01  0.2046E+00  0.1401E+01  0.1401E+01
  0.1396E+00  0.1442E+01  0.2140E+00  0.1380E+01  0.1380E+01
  0.1402E+00  0.1293E+01  0.4774E+00  0.1360E+01  0.1360E+01
  0.1408E+00  0.1590E+01  0.1893E+00  0.1340E+01  0.1340E+01
  0.1414E+00  0.1441E+01  0.2073E+00  0.1321E+01  0.1321E+01
  0.1420E+00  0.1550E+01  0.1966E+00  0.1302E+01  0.1302E+01
  0.1426E+00  0.9912E+00  0.1966E+00  0.1283E+01  0.1283E+01
  0.1432E+00  0.1144E+01  0.2008E+00  0.1264E+01  0.1264E+01
  0.1438E+00  0.8185E+00  0.1946E+00  0.1246E+01  0.1246E+01
  0.1444E+00  0.1137E+01  0.1906E+00  0.1229E+01  0.1229E+01
  0.1450E+00  0.1042E+01  0.1751E+00  0.1211E+01  0.1211E+01
  0.1456E+00  0.1198E+01  0.1966E+00  0.1194E+01  0.1194E+01
  0.1462E+00  0.1048E+01  0.1857E+00  0.1178E+01  0.1178E+01
  0.1468E+00  0.9811E+00  0.1987E+00  0.1161E+01  0.1161E+01
  0.1475E+00  0.7021E+00  0.1925E+00  0.1145E+01  0.1145E+01
  0.1481E+00  0.7881E+00  0.1832E+00  0.1129E+01  0.1129E+01
  0.1487E+00  0.1046E+01  0.1639E+00  0.1114E+01  0.1114E+01
  0.1493E+00  0.9959E+00  0.1816E+00  0.1099E+01  0.1099E+01
  0.1499E+00  0.8748E+00  0.1924E+00  0.1084E+01  0.1084E+01
  0.1505E+00  0.1099E+01  0.1867E+00  0.1069E+01  0.1069E+01
  0.1511E+00  0.5988E+00  0.1900E+00  0.1055E+01  0.1055E+01
  0.1517E+00  0.8480E+00  0.1761E+00  0.1041E+01  0.1041E+01
  0.1523E+00  0.6276E+00  0.1755E+00  0.1027E+01  0.1027E+01
  0.1529E+00  0.1013E+01  0.1731E+00  0.1014E+01  0.1014E+01
  0.1535E+00  0.1057E+01  0.1596E+00  0.1001E+01  0.1001E+01
  0.1541E+00  0.9716E+00  0.1726E+00  0.9877E+00  0.9877E+00
  0.1548E+00  0.7101E+00  0.1872E+00  0.9751E+00  0.9751E+00
  0.1554E+00  0.1018E+01  0.1857E+00  0.9626E+00  0.9626E+00
  0.1560E+00  0.1008E+01  0.1868E+00  0.9505E+00  0.9505E+00
  0.1566E+00  0.8171E+00  0.1909E+00  0.9385E+00  0.9385E+00
  0.1572E+00  0.7202E+00  0.1742E+00  0.9268E+00  0.9268E+00
  0.1578E+00  0.5793E+00  0.1765E+00  0.9154E+00  0.9154E+00
  0.1584E+00  0.1260E+01  0.1853E+00  0.9041E+00  0.9041E+00
  0.1590E+00  0.9736E+00  0.1658E+00  0.8931E+00  0.8931E+00
  0.1596E+00  0.1181E+01  0.1772E+00  0.8823E+00  0.8823E+00
  0.1602E+00  0.1212E+01  0.1691E+00  0.8717E+00  0.8717E+00
  0.1608E+00  0.1313E+01  0.1555E+00  0.8614E+00  0.8614E+00
  0.1614E+00  0.1130E+01  0.1743E+00  0.8512E+00  0.8512E+00
  0.1620E+00  0.1172E+01  0.1677E+00  0.8413E+00  0.8413E+00
  0.1627E+00  0.9884E+00  0.1720E+00  0.8315E+00  0.8315E+00
  0.1633E+00  0.1229E+01  0.1689E+00  0.8220E+00  0.8220E+00
  0.1639E+00  0.1138E+01  0.1772E+00  0.8126E+00  0.8126E+00
  0.1645E+00  0.7295E+00  0.1763E+00  0.8034E+00  0.8034E+00
  0.1651E+00  0.8496E+00  0.1800E+00  0.7945E+00  0.7945E+00
  0.1657E+00  0.7590E+00  0.1675E+00  0.7856E+00  0.7856E+00
  0.1663E+00  0.4317E+00  0.1638E+00  0.7770E+00  0.7770E+00
  0.1669E+00  0.8139E+00  0.1728E+00  0.7686E+00  0.7686E+00
  0.1675E+00  0.7827E+00  0.1627E+00  0.7603E+00  0.7603E+00
  0.1681E+00  0.7584E+00  0.1696E+00  0.7522E+00  0.7522E+00
  0.1687E+00  0.8332E+00  0.1581E+00  0.7442E+00  0.7442E+00
  0.1693E+00  0.1090E+01  0.1729E+00  0.7364E+00  0.7364E+00
  0.1700E+00  0.6929E+00  0.1644E+00  0.7288E+00  0.7288E+00
  0.1706E+00  0.1155E+01  0.1753E+00  0.7214E+00  0.7214E+00
  0.1712E+00  0.6544E+00  0.2487E+00  0.7140E+00  0.7140E+00
  0.1718E+00  0.5738E+00  0.1862E+00  0.7069E+00  0.7069E+00
  0.1724E+00  0.6716E+00  0.2765E+00  0.6998E+00  0.6998E+00
  0.1730E+00  0.3570E+00  0.1604E+00  0.6929E+00  0.6929E+00
  0.1736E+00  0.4089E+00  0.1692E+00  0.6862E+00  0.6862E+00
  0.1742E+00  0.2769E+00  0.1558E+00  0.6796E+00  0.6796E+00
  0.1748E+00  0.6540E-01  0.1691E+00  0.6731E+00  0.6731E+00
  0.1754E+00  0.7433E+00  0.6251E+00  0.6668E+00  0.6668E+00
  0.1760E+00  0.6497E+00  0.1691E+00  0.6606E+00  0.6606E+00
  0.1766E+00  0.1029E+01  0.6537E+00  0.6545E+00  0.6545E+00
  0.1773E+00  0.6633E+00  0.1860E+00  0.6485E+00  0.6485E+00
  0.1779E+00  0.9878E+00  0.1633E+00  0.6427E+00  0.6427E+00
  0.1785E+00  0.4751E+00  0.1795E+00  0.6369E+00  0.6369E+00
  0.1791E+00  0.7802E+00  0.1619E+00  0.6313E+00  0.6313E+00
  0.1797E+00  0.5017E+00  0.1735E+00  0.6258E+00  0.6258E+00
  0.1803E+00  0.7139E+00  0.2114E+00  0.6204E+00  0.6204E+00
  0.1809E+00  0.5811E+00  0.1655E+00  0.6151E+00  0.6151E+00
  0.1815E+00  0.6346E+00  0.2562E+00  0.6099E+00  0.6099E+00
  0.1821E+00  0.2090E+00  0.1662E+00  0.6049E+00  0.6049E+00
  0.1827E+00  0.6607E+00  0.1706E+00  0.5999E+00  0.5999E+00
  0.1833E+00  0.1575E+00  0.1632E+00  0.5950E+00  0.5950E+00
  0.1839E+00  0.7324E+00  0.1653E+00  0.5902E+00  0.5902E+00
  0.1845E+00  0.3135E+00  0.1666E+00  0.5855E+00  0.5855E+00
  0.1852E+00  0.7279E+00  0.1748E+00  0.5809E+00  0.5809E+00
  0.1858E+00  0.5255E+00  0.1614E+00  0.5764E+00  0.5764E+00
  0.1864E+00  0.6658E+00  0.1615E+00  0.5720E+00  0.5720E+00
  0.1870E+00  0.5382E+00  0.1568E+00  0.5677E+00  0.5677E+00
  0.1876E+00  0.3242E+00  0.1704E+00  0.5634E+00  0.5634E+00
  0.1882E+00  0.5562E+00  0.1509E+00  0.5592E+00  0.5592E+00
  0.1888E+00  0.6025E+00  0.1562E+00  0.5551E+00  0.5551E+00
  0.1894E+00  0.3370E+00  0.1670E+00  0.5511E+00  0.5511E+00
  0.1900E+00  0.3183E+00  0.1652E+00  0.5472E+00  0.5472E+00
  0.1906E+00  0.3123E+00  0.1505E+00  0.5433E+00  0.5433E+00
  0.1912E+00  0.4702E+00  0.1554E+00  0.5395E+00  0.5395E+00
  0.1918E+00  0.6025E+00  0.1535E+00  0.5358E+00  0.5358E+00
  0.1925E+00  0.5895E+00  0.1552E+00  0.5321E+00  0.5321E+00
  0.1931E+00  0.6765E+00  0.1579E+00  0.5285E+00  0.5285E+00
  0.1937E+00  0.6476E+00  0.1467E+00  0.5250E+00  0.5250E+00
  0.1943E+00  0.5876E+00  0.1672E+00  0.5216E+00  0.5216E+00
  0.1949E+00  0.8778E+00  0.1609E+00  0.5182E+00  0.5182E+00
  0.1955E+00  0.6641E+00  0.1642E+00  0.5148E+00  0.5148E+00
  0.1961E+00  0.9039E+00  0.1544E+00  0.5116E+00  0.5116E+00
  0.1967E+00  0.6075E+00  0.1590E+00  0.5084E+00  0.5084E+00
  0.1973E+00  0.3850E+00  0.1578E+00  0.5052E+00  0.5052E+00
  0.1979E+00  0.2501E+00  0.1573E+00  0.5021E+00  0.5021E+00
  0.1985E+00  0.5013E+00  0.1620E+00  0.4991E+00  0.4991E+00
  0.1991E+00  0.5019E+00  0.1513E+00  0.4961E+00  0.4961E+00
  0.1997E+00  0.5593E+00  0.1500E+00  0.4932E+00  0.4932E+00
  0.2004E+00  0.2224E+00  0.1533E+00  0.4903E+00  0.4903E+00
  0.2010E+00  0.2691E+00  0.1569E+00  0.4875E+00  0.4875E+00
  0.2016E+00  0.4411E+00  0.1498E+00  0.4847E+00  0.4847E+00
  0.2022E+00  0.4487E+00  0.1620E+00  0.4820E+00  0.4820E+00
  0.2028E+00  0.3804E+00  0.2586E+00  0.4793E+00  0.4793E+00
  0.2034E+00  0.6731E+00  0.1699E+00  0.4767E+00  0.4767E+00
  0.2040E+00  0.3868E+00  0.1600E+00  0.4741E+00  0.4741E+00
  0.2046E+00  0.4579E+00  0.1490E+00  0.4716E+00  0.4716E+00
  0.2052E+00  0.2683E+00  0.1493E+00  0.4691E+00  0.4691E+00
  0.2058E+00  0.3731E+00  0.1539E+00  0.4667E+00  0.4667E+00
  0.2064E+00  0.4152E+00  0.1422E+00  0.4643E+00  0.4643E+00
  0.2070E+00  0.5722E+00  0.1553E+00  0.4619E+00  0.4619E+00
  0.2077E+00  0.4866E+00  0.1448E+00  0.4596E+00  0.4596E+00
  0.2083E+00  0.4464E+00  0.1450E+00  0.4574E+00  0.4574E+00
  0.2089E+00  0.4725E+00  0.1642E+00  0.4551E+00  0.4551E+00
  0.2095E+00  0.4194E+00  0.1651E+00  0.4530E+00  0.4530E+00
  0.2101E+00  0.1548E+00  0.1476E+00  0.4508E+00  0.4508E+00
  0.2107E+00  0.3461E+00  0.1536E+00  0.4488E+00  0.4488E+00
  0.2113E+00  0.2198E+00  0.1447E+00  0.4467E+00  0.4467E+00
  0.2119E+00  0.3451E+00  0.1425E+00  0.4447E+00  0.4447E+00
  0.2125E+00  0.3793E+00  0.1460E+00  0.4427E+00  0.4427E+00
  0.2131E+00  0.2334E+00  0.1370E+00  0.4408E+00  0.4408E+00
  0.2137E+00  0.3175E+00  0.1480E+00  0.4389E+00  0.4389E+00
  0.2143E+00  0.5169E+00  0.1398E+00  0.4371E+00  0.4371E+00
  0.2149E+00  0.4707E+00  0.1435E+00  0.4353E+00  0.4353E+00
  0.2156E+00  0.4847E+00  0.1452E+00  0.4335E+00  0.4335E+00
  0.2162E+00  0.3979E+00  0.1443E+00  0.4318E+00  0.4318E+00
  0.2168E+00  0.3817E+00  0.1486E+00  0.4301E+00  0.4301E+00
  0.2174E+00  0.4676E+00  0.1451E+00  0.4285E+00  0.4285E+00
  0.2180E+00  0.6979E+00  0.1582E+00  0.4269E+00  0.4269E+00
  0.2186E+00  0.3740E+00  0.1445E+00  0.4253E+00  0.4253E+00
  0.2192E+00  0.4330E+00  0.1536E+00  0.4238E+00  0.4238E+00
  0.2198E+00  0.4640E+00  0.1476E+00  0.4223E+00  0.4223E+00
  0.2204E+00  0.4322E+00  0.1406E+00  0.4208E+00  0.4208E+00
  0.2210E+00  0.2482E+00  0.1528E+00  0.4194E+00  0.4194E+00
  0.2216E+00  0.2196E+00  0.1497E+00  0.4180E+00  0.4180E+00
  0.2222E+00  0.4372E+00  0.1434E+00  0.4167E+00  0.4167E+00
  0.2228E+00  0.1749E+00  0.1455E+00  0.4154E+00  0.4154E+00
  0.2235E+00  0.3935E+00  0.1455E+00  0.4141E+00  0.4141E+00
  0.2241E+00  0.9056E-02  0.1463E+00  0.4129E+00  0.4129E+00
  0.2247E+00  0.5980E+00  0.1417E+00  0.4117E+00  0.4117E+00
  0.2253E+00  0.2566E+00  0.1373E+00  0.4105E+00  0.4105E+00
  0.2259E+00  0.4192E+00  0.1364E+00  0.4094E+00  0.4094E+00
  0.2265E+00  0.1545E+00  0.1420E+00  0.4083E+00  0.4083E+00
  0.2271E+00  0.3022E+00  0.1451E+00  0.4072E+00  0.4072E+00
  0.2277E+00  0.7227E-01  0.1363E+00  0.4062E+00  0.4062E+00
  0.2283E+00  0.2979E+00  0.1437E+00  0.4052E+00  0.4052E+00
  0.2289E+00  0.4873E+00  0.1390E+00  0.4042E+00  0.4042E+00
  0.2295E+00  0.3799E+00  0.1410E+00  0.4033E+00  0.4033E+00
  0.2301E+00  0.5827E+00  0.1431E+00  0.4024E+00  0.4024E+00
  0.2308E+00  0.1933E+00  0.1414E+00  0.4016E+00  0.4016E+00
  0.2314E+00  0.2390E+00  0.1472E+00  0.4008E+00  0.4008E+00
  0.2320E+00  0.2954E+00  0.1388E+00  0.4000E+00  0.4000E+00
  0.2326E+00  0.2153E+00  0.1279E+00  0.3992E+00  0.3992E+00
  0.2332E+00  0.3121E+00  0.1389E+00  0.3985E+00  0.3985E+00
  0.2338E+00  0.5605E+00  0.1372E+00  0.3978E+00  0.3978E+00
  0.2344E+00  0.1003E+00  0.1400E+00  0.3971E+00  0.3971E+00
  0.2350E+00  0.6015E+00  0.1305E+00  0.3965E+00  0.3965E+00
  0.2356E+00  0.4524E+00  0.1377E+00  0.3959E+00  0.3959E+00
  0.2362E+00  0.5445E+00  0.1380E+00  0.3953E+00  0.3953E+00
  0.2368E+00  0.3814E+00  0.1339E+00  0.3948E+00  0.3948E+00
  0.2374E+00  0.3983E+00  0.1390E+00  0.3943E+00  0.3943E+00
  0.2380E+00  0.2355E+00  0.1360E+00  0.3938E+00  0.3938E+00
  0.2387E+00  0.4525E+00  0.1421E+00  0.3933E+00  0.3933E+00
  0.2393E+00  0.4547E+00  0.1308E+00  0.3929E+00  0.3929E+00
  0.2399E+00  0.6520E+00  0.1433E+00  0.3925E+00  0.3925E+00
  0.2405E+00  0.3934E+00  0.1360E+00  0.3921E+00  0.3921E+00
  0.2411E+00  0.5898E+00  0.1372E+00  0.3918E+00  0.3918E+00
  0.2417E+00  0.4028E+00  0.1376E+00  0.3915E+00  0.3915E+00
  0.2423E+00  0.4060E+00  0.1378E+00  0.3912E+00  0.3912E+00
  0.2429E+00  0.5056E+00  0.1403E+00  0.3909E+00  0.3909E+00
  0.2435E+00  0.1877E+00  0.1403E+00  0.3906E+00  0.3906E+00
  0.2441E+00  0.3655E+00  0.1339E+00  0.3904E+00  0.3904E+00
  0.2447E+00  0.4156E+00  0.1395E+00  0.3902E+00  0.3902E+00
  0.2453E+00  0.1808E+00  0.1390E+00  0.3900E+00  0.3900E+00
  0.2460E+00  0.2035E+00  0.1550E+00  0.3898E+00  0.3898E+00
  0.2466E+00  0.2606E+00  0.1440E+00  0.3897E+00  0.3897E+00
  0.2472E+00  0.1496E+00  0.1303E+00  0.3895E+00  0.3895E+00
  0.2478E+00  0.1531E+00  0.1374E+00  0.3894E+00  0.3894E+00
  0.2484E+00  0.2690E+00  0.1319E+00  0.3893E+00  0.3893E+00
  0.2490E+00  0.2987E+00  0.1496E+00  0.3892E+00  0.3892E+00
  0.2496E+00  0.2843E+00  0.1275E+00  0.3892E+00  0.3892E+00
  0.2502E+00  0.4434E+00  0.1498E+00  0.3891E+00  0.3891E+00
  0.2508E+00  0.4501E+00  0.1275E+00  0.3891E+00  0.3891E+00
  0.2514E+00  0.2738E+00  0.1324E+00  0.3891E+00  0.3891E+00
  0.2520E+00  0.5664E+00  0.1300E+00  0.3890E+00  0.3890E+00
  0.2526E+00  0.2727E+00  0.1353E+00  0.3890E+00  0.3890E+00
  0.2532E+00  0.4861E+00  0.1741E+00  0.3890E+00  0.3890E+00
  0.2539E+00  0.4494E+00  0.1531E+00  0.3890E+00  0.3890E+00
  0.2545E+00  0.6102E+00  0.1337E+00  0.3891E+00  0.3891E+00
  0.2551E+00  0.4703E+00  0.1341E+00  0.3891E+00  0.3891E+00
  0.2557E+00  0.5327E+00  0.1296E+00  0.3891E+00  0.3891E+00
  0.2563E+00  0.4852E+00  0.1310E+00  0.3892E+00  0.3892E+00
  0.2569E+00  0.2940E+00  0.1258E+00  0.3892E+00  0.3892E+00
  0.2575E+00  0.3948E+00  0.1278E+00  0.3893E+00  0.3893E+00
  0.2581E+00  0.4857E+00  0.1299E+00  0.3893E+00  0.3893E+00
  0.2587E+00  0.4591E+00  0.1329E+00  0.3894E+00  0.3894E+00
  0.2593E+00  0.5677E+00  0.1307E+00  0.3894E+00  0.3894E+00
  0.2599E+00  0.6119E+00  0.1239E+00  0.3895E+00  0.3895E+00
  0.2605E+00  0.5286E+00  0.1317E+00  0.3895E+00  0.3895E+00
  0.2612E+00  0.4547E+00  0.1414E+00  0.3896E+00  0.3896E+00
  0.2618E+00  0.6852E+00  0.1441E+00  0.3896E+00  0.3896E+00
  0.2624E+00  0.6643E+00  0.6331E+00  0.3897E+00  0.3897E+00
  0.2630E+00  0.3728E+00  0.4410E+00  0.3897E+00  0.3897E+00
  0.2636E+00  0.3446E+00  0.1297E+00  0.3897E+00  0.3897E+00
  0.2642E+00  0.3116E+00  0.1314E+00  0.3898E+00  0.3898E+00
  0.2648E+00  0.3586E+00  0.1271E+00  0.3898E+00  0.3898E+00
  0.2654E+00  0.2684E+00  0.1239E+00  0.3898E+00  0.3898E+00
  0.2660E+00  0.4205E+00  0.1248E+00  0.3898E+00  0.3898E+00
  0.2666E+00  0.4790E+00  0.1311E+00  0.3898E+00  0.3898E+00
  0.2672E+00  0.3922E+00  0.1275E+00  0.3898E+00  0.3898E+00
  0.2678E+00  0.3679E+00  0.1345E+00  0.3898E+00  0.3898E+00
  0.2684E+00  0.2291E+00  0.1287E+00  0.3897E+00  0.3897E+00
  0.2691E+00  0.1924E+00  0.1228E+00  0.3897E+00  0.3897E+00
  0.2697E+00  0.2265E+00  0.1250E+00  0.3896E+00  0.3896E+00
  0.2703E+00  0.3109E+00  0.1279E+00  0.3895E+00  0.3895E+00
  0.2709E+00  0.4337E+00  0.1262E+00  0.3895E+00  0.3895E+00
  0.2715E+00  0.3688E+00  0.1252E+00  0.3894E+00  0.3894E+00
  0.2721E+00  0.1795E+00  0.1309E+00  0.3892E+00  0.3892E+00
  0.2727E+00  0.5419E+00  0.1240E+00  0.3891E+00  0.3891E+00
  0.2733E+00  0.5006E+00  0.1216E+00  0.3890E+00  0.3890E+00
  0.2739E+00  0.5008E+00  0.1256E+00  0.3888E+00  0.3888E+00
  0.2745E+00  0.6845E+00  0.1242E+00  0.3886E+00  0.3886E+00
  0.2751E+00  0.4977E+00  0.1155E+00  0.3884E+00  0.3884E+00
  0.2757E+00  0.8257E+00  0.1226E+00  0.3882E+00  0.3882E+00
  0.2763E+00  0.2933E+00  0.1251E+00  0.3879E+00  0.3879E+00
  0.2770E+00  0.3495E+00  0.1220E+00  0.3877E+00  0.3877E+00
  0.2776E+00  0.3639E+00  0.1220E+00  0.3874E+00  0.3874E+00
  0.2782E+00  0.3917E+00  0.1248E+00  0.3871E+00  0.3871E+00
  0.2788E+00  0.2984E+00  0.1212E+00  0.3868E+00  0.3868E+00
  0.2794E+00  0.5312E+00  0.1248E+00  0.3864E+00  0.3864E+00
  0.2800E+00  0.3847E+00  0.1276E+00  0.3861E+00  0.3861E+00
  0.2806E+00  0.5652E+00  0.1213E+00  0.3857E+00  0.3857E+00
  0.2812E+00  0.3740E+00  0.1239E+00  0.3853E+00  0.3853E+00
  0.2818E+00  0.6562E+00  0.1229E+00  0.3849E+00  0.3849E+00
  0.2824E+00  0.4950E+00  0.1171E+00  0.3844E+00  0.3844E+00
  0.2830E+00  0.3744E+00  0.1226E+00  0.3840E+00  0.3840E+00
  0.2836E+00  0.3163E+00  0.1165E+00  0.3835E+00  0.3835E+00
  0.2843E+00  0.4219E+00  0.1213E+00  0.3830E+00  0.3830E+00
  0.2849E+00  0.1961E+00  0.1168E+00  0.3825E+00  0.3825E+00
  0.2855E+00  0.4736E+00  0.1172E+00  0.3819E+00  0.3819E+00
  0.2861E+00  0.3155E+00  0.1120E+00  0.3813E+00  0.3813E+00
  0.2867E+00  0.5230E+00  0.1226E+00  0.3807E+00  0.3807E+00
  0.2873E+00  0.3136E+00  0.1399E+00  0.3801E+00  0.3801E+00
  0.2879E+00  0.5089E+00  0.1193E+00  0.3795E+00  0.3795E+00
  0.2885E+00  0.5042E+00  0.1569E+00  0.3788E+00  0.3788E+00
  0.2891E+00  0.3319E+00  0.1305E+00  0.3781E+00  0.3781E+00
  0.2897E+00  0.4639E+00  0.1265E+00  0.3774E+00  0.3774E+00
  0.2903E+00  0.2759E+00  0.1764E+00  0.3767E+00  0.3767E+00
  0.2909E+00  0.3842E+00  0.4461E+00  0.3760E+00  0.3760E+00
  0.2915E+00  0.4627E+00  0.1237E+00  0.3752E+00  0.3752E+00
  0.2922E+00  0.4040E+00  0.1981E+00  0.3744E+00  0.3744E+00
  0.2928E+00  0.2819E+00  0.1132E+00  0.3736E+00  0.3736E+00
  0.2934E+00  0.2350E+00  0.1139E+00  0.3728E+00  0.3728E+00
  0.2940E+00  0.2706E+00  0.1115E+00  0.3720E+00  0.3720E+00
  0.2946E+00  0.2528E+00  0.1142E+00  0.3711E+00  0.3711E+00
  0.2952E+00  0.3915E+00  0.1107E+00  0.3702E+00  0.3702E+00
  0.2958E+00  0.5697E+00  0.1183E+00  0.3694E+00  0.3694E+00
  0.2964E+00  0.3389E+00  0.1087E+00  0.3684E+00  0.3684E+00
  0.2970E+00  0.4378E+00  0.1233E+00  0.3675E+00  0.3675E+00
  0.2976E+00  0.4672E+00  0.1110E+00  0.3666E+00  0.3666E+00
  0.2982E+00  0.1262E+00  0.1125E+00  0.3656E+00  0.3656E+00
  0.2988E+00  0.4016E+00  0.1138E+00  0.3646E+00  0.3646E+00
  0.2995E+00  0.3999E+00  0.1142E+00  0.3637E+00  0.3637E+00
  0.3001E+00  0.4409E+00  0.1117E+00  0.3626E+00  0.3626E+00
  0.3007E+00  0.2452E+00  0.1121E+00  0.3616E+00  0.3616E+00
  0.3013E+00  0.2055E+00  0.1120E+00  0.3606E+00  0.3606E+00
  0.3019E+00  0.4019E+00  0.1132E+00  0.3596E+00  0.3596E+00
  0.3025E+00  0.3096E+00  0.1075E+00  0.3585E+00  0.3585E+00
  0.3031E+00  0.5003E+00  0.1066E+00  0.3574E+00  0.3574E+00
  0.3037E+00  0.4533E+00  0.1093E+00  0.3563E+00  0.3563E+00
  0.3043E+00  0.3718E+00  0.1092E+00  0.3553E+00  0.3553E+00
  0.3049E+00  0.3618E+00  0.1110E+00  0.3541E+00  0.3541E+00
  0.3055E+00  0.3153E+00  0.1033E+00  0.3530E+00  0.3530E+00
  0.3061E+00  0.6131E+00  0.1034E+00  0.3519E+00  0.3519E+00
  0.3067E+00  0.5479E+00  0.1082E+00  0.3508E+00  0.3508E+00
  0.3074E+00  0.4405E+00  0.1125E+00  0.3497E+00  0.3497E+00
  0.3080E+00  0.1925E+00  0.1093E+00  0.3485E+00  0.3485E+00
  0.3086E+00  0.2407E+00  0.1138E+00  0.3474E+00  0.3474E+00
  0.3092E+00  0.1206E+00  0.1031E+00  0.3462E+00  0.3462E+00
  0.3098E+00  0.2186E+00  0.1080E+00  0.3450E+00  0.3450E+00
  0.3104E+00  0.1749E+00  0.1021E+00  0.3439E+00  0.3439E+00
  0.3110E+00  0.4691E+00  0.1073E+00  0.3427E+00  0.3427E+00
  0.3116E+00  0.2539E+00  0.1116E+00  0.3415E+00  0.3415E+00
  0.3122E+00  0.6582E+00  0.1124E+00  0.3403E+00  0.3403E+00
  0.3128E+00  0.4561E+00  0.1088E+00  0.3392E+00  0.3392E+00
  0.3134E+00  0.5674E+00  0.1051E+00  0.3380E+00  0.3380E+00
  0.3140E+00  0.4689E+00  0.1078E+00  0.3368E+00  0.3368E+00
  0.3146E+00  0.5000E+00  0.1080E+00  0.3356E+00  0.3356E+00
  0.3153E+00  0.5074E+00  0.1106E+00  0.3344E+00  0.3344E+00
  0.3159E+00  0.6732E+00  0.1179E+00  0.3332E+00  0.3332E+00
  0.3165E+00  0.7204E+00  0.1191E+00  0.3320E+00  0.3320E+00
  0.3171E+00  0.4915E+00  0.1334E+00  0.3308E+00  0.3308E+00
  0.3177E+00  0.3874E+00  0.1318E+00  0.3296E+00  0.3296E+00
  0.3183E+00  0.2814E+00  0.1349E+00  0.3285E+00  0.3285E+00
  0.3189E+00  0.2936E+00  0.1508E+00  0.3273E+00  0.3273E+00
  0.3195E+00  0.2435E+00  0.2380E+00  0.3261E+00  0.3261E+00
  0.3201E+00  0.6658E+00  0.1827E+00  0.3249E+00  0.3249E+00
  0.3207E+00  0.1296E+00  0.1759E+00  0.3237E+00  0.3237E+00
  0.3213E+00  0.4618E+00  0.2097E+00  0.3226E+00  0.3226E+00
  0.3219E+00  0.3895E-01  0.2512E+00  0.3214E+00  0.3214E+00

           Distance distribution  function of particle  


       R          P(R)      ERROR

  0.0000E+00  0.0000E+00  0.0000E+00
  0.7908E+00  0.2058E-02  0.4970E-04
  0.1582E+01  0.3977E-02  0.8455E-04
  0.2372E+01  0.5764E-02  0.1055E-03
  0.3163E+01  0.7432E-02  0.1143E-03
  0.3954E+01  0.9000E-02  0.1130E-03
  0.4745E+01  0.1049E-01  0.1050E-03
  0.5536E+01  0.1192E-01  0.9441E-04
  0.6326E+01  0.1332E-01  0.8721E-04
  0.7117E+01  0.1471E-01  0.8900E-04
  0.7908E+01  0.1612E-01  0.1010E-03
  0.8699E+01  0.1757E-01  0.1193E-03
  0.9490E+01  0.1908E-01  0.1394E-03
  0.1028E+02  0.2066E-01  0.1578E-03
  0.1107E+02  0.2231E-01  0.1727E-03
  0.1186E+02  0.2405E-01  0.1831E-03
  0.1265E+02  0.2588E-01  0.1889E-03
  0.1344E+02  0.2777E-01  0.1906E-03
  0.1423E+02  0.2973E-01  0.1895E-03
  0.1503E+02  0.3172E-01  0.1875E-03
  0.1582E+02  0.3373E-01  0.1863E-03
  0.1661E+02  0.3574E-01  0.1879E-03
  0.1740E+02  0.3770E-01  0.1932E-03
  0.1819E+02  0.3959E-01  0.2021E-03
  0.1898E+02  0.4138E-01  0.2137E-03
  0.1977E+02  0.4304E-01  0.2265E-03
  0.2056E+02  0.4454E-01  0.2393E-03
  0.2135E+02  0.4585E-01  0.2509E-03
  0.2214E+02  0.4697E-01  0.2607E-03
  0.2293E+02  0.4786E-01  0.2688E-03
  0.2372E+02  0.4852E-01  0.2755E-03
  0.2451E+02  0.4895E-01  0.2817E-03
  0.2531E+02  0.4915E-01  0.2883E-03
  0.2610E+02  0.4911E-01  0.2963E-03
  0.2689E+02  0.4886E-01  0.3061E-03
  0.2768E+02  0.4841E-01  0.3179E-03
  0.2847E+02  0.4777E-01  0.3312E-03
  0.2926E+02  0.4698E-01  0.3453E-03
  0.3005E+02  0.4605E-01  0.3591E-03
  0.3084E+02  0.4500E-01  0.3715E-03
  0.3163E+02  0.4387E-01  0.3817E-03
  0.3242E+02  0.4268E-01  0.3890E-03
  0.3321E+02  0.4145E-01  0.3932E-03
  0.3400E+02  0.4019E-01  0.3942E-03
  0.3480E+02  0.3894E-01  0.3924E-03
  0.3559E+02  0.3769E-01  0.3885E-03
  0.3638E+02  0.3647E-01  0.3831E-03
  0.3717E+02  0.3528E-01  0.3773E-03
  0.3796E+02  0.3413E-01  0.3717E-03
  0.3875E+02  0.3301E-01  0.3671E-03
  0.3954E+02  0.3193E-01  0.3637E-03
  0.4033E+02  0.3087E-01  0.3617E-03
  0.4112E+02  0.2985E-01  0.3609E-03
  0.4191E+02  0.2884E-01  0.3610E-03
  0.4270E+02  0.2784E-01  0.3615E-03
  0.4349E+02  0.2685E-01  0.3621E-03
  0.4428E+02  0.2586E-01  0.3627E-03
  0.4508E+02  0.2487E-01  0.3633E-03
  0.4587E+02  0.2386E-01  0.3639E-03
  0.4666E+02  0.2284E-01  0.3648E-03
  0.4745E+02  0.2181E-01  0.3663E-03
  0.4824E+02  0.2077E-01  0.3684E-03
  0.4903E+02  0.1971E-01  0.3713E-03
  0.4982E+02  0.1865E-01  0.3748E-03
  0.5061E+02  0.1759E-01  0.3788E-03
  0.5140E+02  0.1654E-01  0.3830E-03
  0.5219E+02  0.1549E-01  0.3871E-03
  0.5298E+02  0.1447E-01  0.3910E-03
  0.5377E+02  0.1347E-01  0.3945E-03
  0.5457E+02  0.1251E-01  0.3976E-03
  0.5536E+02  0.1158E-01  0.4003E-03
  0.5615E+02  0.1071E-01  0.4027E-03
  0.5694E+02  0.9881E-02  0.4049E-03
  0.5773E+02  0.9107E-02  0.4071E-03
  0.5852E+02  0.8390E-02  0.4091E-03
  0.5931E+02  0.7730E-02  0.4110E-03
  0.6010E+02  0.7127E-02  0.4126E-03
  0.6089E+02  0.6580E-02  0.4138E-03
  0.6168E+02  0.6086E-02  0.4145E-03
  0.6247E+02  0.5643E-02  0.4147E-03
  0.6326E+02  0.5247E-02  0.4143E-03
  0.6405E+02  0.4894E-02  0.4135E-03
  0.6485E+02  0.4580E-02  0.4127E-03
  0.6564E+02  0.4299E-02  0.4122E-03
  0.6643E+02  0.4047E-02  0.4121E-03
  0.6722E+02  0.3819E-02  0.4128E-03
  0.6801E+02  0.3609E-02  0.4141E-03
  0.6880E+02  0.3413E-02  0.4156E-03
  0.6959E+02  0.3226E-02  0.4168E-03
  0.7038E+02  0.3044E-02  0.4168E-03
  0.7117E+02  0.2861E-02  0.4144E-03
  0.7196E+02  0.2673E-02  0.4084E-03
  0.7275E+02  0.2475E-02  0.3975E-03
  0.7354E+02  0.2263E-02  0.3804E-03
  0.7434E+02  0.2031E-02  0.3560E-03
  0.7513E+02  0.1777E-02  0.3230E-03
  0.7592E+02  0.1494E-02  0.2806E-03
  0.7671E+02  0.1179E-02  0.2278E-03
  0.7750E+02  0.8274E-03  0.1639E-03
  0.7829E+02  0.4356E-03  0.8810E-04
  0.7908E+02  0.0000E+00  0.0000E+00
          Reciprocal space: Rg =   24.08     , I(0) =   0.2165E+02
     Real space: Rg =   24.10 +- 0.153  I(0) =   0.2165E+02 +-  0.1410E+00
