
           ####    G N O M   ---   Version 4.5a revised 09/02/02     ####

                                                  Sat Nov  4 16:52:15 2017
           ===    Run No   1   ===
 Run title:  0.010641 46.087035 0.885086



          To optimize the performance, some input data points 
           have been joined. New number of points equals to 257

   *******   Working Directory :
   *******    Input file(s) : 25533_C9_3.mccd.dat
           Condition P(rmin) = 0 is used. 
           Condition P(rmax) = 0 is used. 

          Experimental conditions for the first run
          -----------------------------------------

          Highest ALPHA is found to be   0.6506E+03

  The measure of inconsistency AN1 equals to    0.9753E+00
     Alpha    Discrp  Oscill  Stabil  Sysdev  Positv  Valcen    Total   
  0.6506E+06116.0218  1.2774  0.9502  0.0000  1.0000  0.8316  0.00001
  0.1301E+06100.9584  1.2694  0.8203  0.0078  1.0000  0.8331  0.00001
  0.2602E+05 64.5954  1.2492  0.5014  0.0547  1.0000  0.8373  0.00001
  0.5205E+04 30.0949  1.2819  0.1910  0.0391  1.0000  0.8365  0.00001
  0.1041E+04 11.5324  1.4660  0.1046  0.1641  1.0000  0.8182  0.00001
  0.2082E+03  3.3870  1.6213  0.0414  0.2578  1.0000  0.8054  0.00001
  0.4164E+02  1.2371  1.6780  0.0106  0.5547  1.0000  0.8011  0.52550
  0.8327E+01  0.9826  1.6941  0.0038  0.6328  1.0000  0.7997  0.48390
  0.1665E+01  0.9607  1.7016  0.0048  0.6328  1.0000  0.7994  0.41114
  0.3331E+00  0.9519  1.7218  0.0097  0.6641  1.0000  0.7998  0.10000
  0.6662E-01  0.9442  1.8080  0.0249  0.7109  1.0000  0.7989  0.10000
  0.1332E-01  0.9321  2.4069  0.0719  0.6484  0.9993  0.7918  0.10000
  0.2665E-02  0.9185  4.1873  0.0959  0.6484  0.9945  0.7774  0.10000
  0.5329E-03  0.9075  7.9164  0.3447  0.6016  0.9730  0.7501  0.10000
  0.1066E-03  0.8869 14.2744  0.4931  0.6484  0.8815  0.5898  0.10000
  0.2132E-04  0.8700 17.5786  0.4390  0.6484  0.8007  0.3326  0.10000
  0.4264E-05  0.8548 18.9868  0.8911  0.6328  0.7549  0.2824  0.10000
  0.8527E-06  0.8239 17.0236  0.5978  0.6328  0.7268  0.2926  0.10000
  0.1705E-06  0.8029 16.6298  0.2158  0.6797  0.7169  0.2925  0.10000
  0.3411E-07  0.7993 17.3828  0.2258  0.6641  0.7105  0.2878  0.10000
  0.6822E-08  0.7964 21.6087  0.7271  0.6484  0.6989  0.3039  0.10000
  0.1364E-08  0.7855 25.0796  0.7987  0.6484  0.7094  0.4838  0.10000
  0.2729E-09  0.7497 31.8883  0.6533  0.6797  0.7096  0.4792  0.10000
  0.5457E-10  0.6587 41.9610  0.6409  0.6797  0.6896  0.3437  0.10000
  0.1091E-10  0.4979 46.4503  0.5551  0.6641  0.6843  0.3250  0.10000
  0.2183E-11  0.3011 49.0986  0.4116  0.6953  0.6987  0.2960  0.10000
  0.4366E-12  0.1271 51.3395  0.2459  0.6797  0.7176  0.3044  0.10000
  0.8732E-13  0.0350 52.0447  0.0816  0.6953  0.7329  0.2114  0.10000
  0.1746E-13  0.0076 52.1928  0.0187  0.7109  0.7378  0.2031  0.10000
  0.3493E-14  0.0016 52.2225  0.0038  0.7109  0.7389  0.2039  0.10000
  0.6985E-15  0.0003 52.2285  0.0008  0.7109  0.7392  0.2040  0.10000

          ***  Golden section search to maximize estimate ***
     Alpha    Discrp  Oscill  Stabil  Sysdev  Positv  Valcen    Total   
  0.2252E+02  1.0636  1.6865  0.0064  0.6016  1.0000  0.8004  0.52020
  0.6659E+02  1.5260  1.6679  0.0159  0.4766  1.0000  0.8019  0.50891
  0.3292E+02  1.1508  1.6817  0.0087  0.5547  1.0000  0.8008  0.52553
  0.2848E+02  1.1111  1.6837  0.0077  0.5859  1.0000  0.8006  0.52484
  0.3601E+02  1.1802  1.6804  0.0094  0.5703  1.0000  0.8009  0.52669
  0.3806E+02  1.2005  1.6795  0.0098  0.5703  1.0000  0.8010  0.52670
  0.3939E+02  1.2139  1.6789  0.0101  0.5703  1.0000  0.8010  0.52657
  0.3727E+02  1.1925  1.6798  0.0096  0.5703  1.0000  0.8010  0.52673
  0.3678E+02  1.1877  1.6800  0.0095  0.5703  1.0000  0.8009  0.52673
  0.3757E+02  1.1955  1.6797  0.0097  0.5703  1.0000  0.8010  0.52672
  0.3708E+02  1.1907  1.6799  0.0096  0.5703  1.0000  0.8010  0.52673
  0.3697E+02  1.1896  1.6800  0.0096  0.5703  1.0000  0.8010  0.52673
  0.3708E+02  1.1907  1.6799  0.0096  0.5703  1.0000  0.8010  0.52673



             ####            Final results            ####

 Parameter    DISCRP    OSCILL    STABIL    SYSDEV    POSITV    VALCEN
 Weight        1.000     3.000     3.000     4.000     1.000     1.000
 Sigma         0.500     0.600     0.120     0.200     0.120     0.120
 Ideal         1.000     1.100     0.000     1.000     1.000     0.950
 Current       1.191     1.680     0.010     0.570     1.000     0.801
                - - - - - - - - - - - - - - - - - - - - - - - - - 
 Estimate      0.865     0.393     0.994     0.010     1.000     0.214

  Angular   range    :     from    0.0116   to    0.3225
  Real space range   :     from      0.00   to    103.80

  Highest ALPHA (theor) :   0.651E+06                 JOB = 0
  Current ALPHA         :   0.371E+02   Rg :  0.267E+02   I(0) :   0.466E+02

           Total  estimate : 0.527  which is  A REASONABLE  solution

      S          J EXP       ERROR       J REG       I REG

  0.0000E+00                                      0.4657E+02
  0.1284E-02                                      0.4655E+02
  0.2568E-02                                      0.4650E+02
  0.3851E-02                                      0.4641E+02
  0.5135E-02                                      0.4628E+02
  0.6419E-02                                      0.4612E+02
  0.7703E-02                                      0.4592E+02
  0.8986E-02                                      0.4568E+02
  0.1027E-01                                      0.4542E+02
  0.1155E-01  0.4737E+02  0.5240E+00  0.4512E+02  0.4512E+02
  0.1277E-01  0.4680E+02  0.5290E+00  0.4480E+02  0.4480E+02
  0.1399E-01  0.4490E+02  0.6615E+00  0.4446E+02  0.4446E+02
  0.1520E-01  0.4519E+02  0.3694E+00  0.4409E+02  0.4409E+02
  0.1642E-01  0.4392E+02  0.3523E+00  0.4369E+02  0.4369E+02
  0.1763E-01  0.4353E+02  0.3155E+00  0.4327E+02  0.4327E+02
  0.1885E-01  0.4360E+02  0.2306E+00  0.4282E+02  0.4282E+02
  0.2007E-01  0.4305E+02  0.2186E+00  0.4235E+02  0.4235E+02
  0.2128E-01  0.4239E+02  0.2057E+00  0.4186E+02  0.4186E+02
  0.2250E-01  0.4184E+02  0.2282E+00  0.4135E+02  0.4135E+02
  0.2371E-01  0.4085E+02  0.2026E+00  0.4082E+02  0.4082E+02
  0.2493E-01  0.4033E+02  0.1879E+00  0.4027E+02  0.4027E+02
  0.2615E-01  0.3971E+02  0.1581E+00  0.3970E+02  0.3970E+02
  0.2736E-01  0.3907E+02  0.1671E+00  0.3912E+02  0.3912E+02
  0.2858E-01  0.3825E+02  0.1699E+00  0.3852E+02  0.3852E+02
  0.2980E-01  0.3732E+02  0.1493E+00  0.3791E+02  0.3791E+02
  0.3101E-01  0.3691E+02  0.1338E+00  0.3728E+02  0.3728E+02
  0.3223E-01  0.3609E+02  0.1658E+00  0.3665E+02  0.3665E+02
  0.3344E-01  0.3550E+02  0.1315E+00  0.3601E+02  0.3601E+02
  0.3466E-01  0.3505E+02  0.1328E+00  0.3535E+02  0.3535E+02
  0.3588E-01  0.3451E+02  0.1286E+00  0.3469E+02  0.3469E+02
  0.3709E-01  0.3381E+02  0.1314E+00  0.3403E+02  0.3403E+02
  0.3831E-01  0.3324E+02  0.1239E+00  0.3336E+02  0.3336E+02
  0.3953E-01  0.3255E+02  0.1339E+00  0.3269E+02  0.3269E+02
  0.4074E-01  0.3205E+02  0.1201E+00  0.3201E+02  0.3201E+02
  0.4196E-01  0.3141E+02  0.1238E+00  0.3134E+02  0.3134E+02
  0.4317E-01  0.3085E+02  0.1247E+00  0.3066E+02  0.3066E+02
  0.4439E-01  0.3006E+02  0.1221E+00  0.2998E+02  0.2998E+02
  0.4561E-01  0.2935E+02  0.1107E+00  0.2931E+02  0.2931E+02
  0.4682E-01  0.2873E+02  0.1169E+00  0.2864E+02  0.2864E+02
  0.4804E-01  0.2816E+02  0.1207E+00  0.2797E+02  0.2797E+02
  0.4925E-01  0.2728E+02  0.1181E+00  0.2730E+02  0.2730E+02
  0.5047E-01  0.2666E+02  0.1205E+00  0.2665E+02  0.2665E+02
  0.5169E-01  0.2601E+02  0.1169E+00  0.2599E+02  0.2599E+02
  0.5290E-01  0.2549E+02  0.1097E+00  0.2534E+02  0.2534E+02
  0.5412E-01  0.2495E+02  0.1012E+00  0.2470E+02  0.2470E+02
  0.5534E-01  0.2426E+02  0.9669E-01  0.2407E+02  0.2407E+02
  0.5655E-01  0.2358E+02  0.9804E-01  0.2345E+02  0.2345E+02
  0.5777E-01  0.2303E+02  0.9662E-01  0.2283E+02  0.2283E+02
  0.5898E-01  0.2259E+02  0.1001E+00  0.2222E+02  0.2222E+02
  0.6020E-01  0.2181E+02  0.9407E-01  0.2162E+02  0.2162E+02
  0.6142E-01  0.2133E+02  0.9916E-01  0.2104E+02  0.2104E+02
  0.6263E-01  0.2076E+02  0.1019E+00  0.2046E+02  0.2046E+02
  0.6385E-01  0.2011E+02  0.8911E-01  0.1989E+02  0.1989E+02
  0.6506E-01  0.1946E+02  0.8342E-01  0.1933E+02  0.1933E+02
  0.6628E-01  0.1892E+02  0.9312E-01  0.1878E+02  0.1878E+02
  0.6750E-01  0.1834E+02  0.8980E-01  0.1824E+02  0.1824E+02
  0.6871E-01  0.1789E+02  0.8654E-01  0.1771E+02  0.1771E+02
  0.6993E-01  0.1743E+02  0.8137E-01  0.1720E+02  0.1720E+02
  0.7114E-01  0.1690E+02  0.7746E-01  0.1669E+02  0.1669E+02
  0.7236E-01  0.1623E+02  0.8035E-01  0.1619E+02  0.1619E+02
  0.7358E-01  0.1576E+02  0.8023E-01  0.1571E+02  0.1571E+02
  0.7479E-01  0.1531E+02  0.7619E-01  0.1523E+02  0.1523E+02
  0.7601E-01  0.1499E+02  0.7531E-01  0.1477E+02  0.1477E+02
  0.7723E-01  0.1449E+02  0.6969E-01  0.1432E+02  0.1432E+02
  0.7844E-01  0.1400E+02  0.6388E-01  0.1388E+02  0.1388E+02
  0.7966E-01  0.1360E+02  0.6892E-01  0.1344E+02  0.1344E+02
  0.8087E-01  0.1304E+02  0.6519E-01  0.1302E+02  0.1302E+02
  0.8209E-01  0.1258E+02  0.6807E-01  0.1261E+02  0.1261E+02
  0.8331E-01  0.1232E+02  0.6596E-01  0.1221E+02  0.1221E+02
  0.8452E-01  0.1187E+02  0.6328E-01  0.1182E+02  0.1182E+02
  0.8574E-01  0.1139E+02  0.6043E-01  0.1143E+02  0.1143E+02
  0.8696E-01  0.1116E+02  0.5969E-01  0.1106E+02  0.1106E+02
  0.8817E-01  0.1072E+02  0.6235E-01  0.1070E+02  0.1070E+02
  0.8939E-01  0.1033E+02  0.6182E-01  0.1035E+02  0.1035E+02
  0.9060E-01  0.1003E+02  0.5884E-01  0.1000E+02  0.1000E+02
  0.9182E-01  0.9712E+01  0.5932E-01  0.9668E+01  0.9668E+01
  0.9304E-01  0.9404E+01  0.6107E-01  0.9342E+01  0.9342E+01
  0.9425E-01  0.9111E+01  0.5886E-01  0.9026E+01  0.9026E+01
  0.9547E-01  0.8804E+01  0.5837E-01  0.8719E+01  0.8719E+01
  0.9668E-01  0.8524E+01  0.5545E-01  0.8420E+01  0.8420E+01
  0.9790E-01  0.8166E+01  0.5374E-01  0.8129E+01  0.8129E+01
  0.9912E-01  0.7862E+01  0.5171E-01  0.7848E+01  0.7848E+01
  0.1003E+00  0.7624E+01  0.5153E-01  0.7574E+01  0.7574E+01
  0.1015E+00  0.7312E+01  0.5088E-01  0.7309E+01  0.7309E+01
  0.1028E+00  0.7062E+01  0.4883E-01  0.7051E+01  0.7051E+01
  0.1040E+00  0.6832E+01  0.4771E-01  0.6802E+01  0.6802E+01
  0.1052E+00  0.6551E+01  0.4936E-01  0.6561E+01  0.6561E+01
  0.1064E+00  0.6309E+01  0.4926E-01  0.6327E+01  0.6327E+01
  0.1076E+00  0.6036E+01  0.4449E-01  0.6101E+01  0.6101E+01
  0.1088E+00  0.5859E+01  0.4482E-01  0.5882E+01  0.5882E+01
  0.1101E+00  0.5720E+01  0.4506E-01  0.5671E+01  0.5671E+01
  0.1113E+00  0.5469E+01  0.4749E-01  0.5466E+01  0.5466E+01
  0.1125E+00  0.5205E+01  0.4105E-01  0.5269E+01  0.5269E+01
  0.1137E+00  0.4944E+01  0.4184E-01  0.5079E+01  0.5079E+01
  0.1149E+00  0.4851E+01  0.4125E-01  0.4895E+01  0.4895E+01
  0.1161E+00  0.4760E+01  0.4083E-01  0.4718E+01  0.4718E+01
  0.1174E+00  0.4612E+01  0.4432E-01  0.4547E+01  0.4547E+01
  0.1186E+00  0.4472E+01  0.4047E-01  0.4383E+01  0.4383E+01
  0.1198E+00  0.4223E+01  0.4115E-01  0.4225E+01  0.4225E+01
  0.1210E+00  0.4047E+01  0.4077E-01  0.4073E+01  0.4073E+01
  0.1222E+00  0.3862E+01  0.3973E-01  0.3926E+01  0.3926E+01
  0.1234E+00  0.3831E+01  0.3806E-01  0.3786E+01  0.3786E+01
  0.1247E+00  0.3636E+01  0.3779E-01  0.3650E+01  0.3650E+01
  0.1259E+00  0.3569E+01  0.3847E-01  0.3521E+01  0.3521E+01
  0.1271E+00  0.3425E+01  0.3968E-01  0.3396E+01  0.3396E+01
  0.1283E+00  0.3288E+01  0.3926E-01  0.3276E+01  0.3276E+01
  0.1295E+00  0.3150E+01  0.3814E-01  0.3162E+01  0.3162E+01
  0.1307E+00  0.3094E+01  0.3817E-01  0.3051E+01  0.3051E+01
  0.1320E+00  0.2901E+01  0.3808E-01  0.2946E+01  0.2946E+01
  0.1332E+00  0.2835E+01  0.3827E-01  0.2844E+01  0.2844E+01
  0.1344E+00  0.2761E+01  0.3889E-01  0.2747E+01  0.2747E+01
  0.1356E+00  0.2609E+01  0.3805E-01  0.2654E+01  0.2654E+01
  0.1368E+00  0.2573E+01  0.3834E-01  0.2564E+01  0.2564E+01
  0.1380E+00  0.2476E+01  0.3778E-01  0.2479E+01  0.2479E+01
  0.1392E+00  0.2360E+01  0.3930E-01  0.2396E+01  0.2396E+01
  0.1405E+00  0.2247E+01  0.3698E-01  0.2317E+01  0.2317E+01
  0.1417E+00  0.2245E+01  0.3746E-01  0.2242E+01  0.2242E+01
  0.1429E+00  0.2201E+01  0.3512E-01  0.2169E+01  0.2169E+01
  0.1441E+00  0.2117E+01  0.3657E-01  0.2099E+01  0.2099E+01
  0.1453E+00  0.2018E+01  0.3705E-01  0.2032E+01  0.2032E+01
  0.1465E+00  0.1965E+01  0.3488E-01  0.1967E+01  0.1967E+01
  0.1478E+00  0.1880E+01  0.3415E-01  0.1905E+01  0.1905E+01
  0.1490E+00  0.1871E+01  0.3291E-01  0.1846E+01  0.1846E+01
  0.1502E+00  0.1831E+01  0.3199E-01  0.1788E+01  0.1788E+01
  0.1514E+00  0.1645E+01  0.3292E-01  0.1733E+01  0.1733E+01
  0.1526E+00  0.1615E+01  0.3231E-01  0.1680E+01  0.1680E+01
  0.1538E+00  0.1602E+01  0.3267E-01  0.1628E+01  0.1628E+01
  0.1551E+00  0.1563E+01  0.3502E-01  0.1579E+01  0.1579E+01
  0.1563E+00  0.1475E+01  0.3324E-01  0.1531E+01  0.1531E+01
  0.1575E+00  0.1423E+01  0.3336E-01  0.1485E+01  0.1485E+01
  0.1587E+00  0.1336E+01  0.3118E-01  0.1441E+01  0.1441E+01
  0.1599E+00  0.1306E+01  0.3241E-01  0.1398E+01  0.1398E+01
  0.1611E+00  0.1313E+01  0.3303E-01  0.1356E+01  0.1356E+01
  0.1624E+00  0.1268E+01  0.3227E-01  0.1316E+01  0.1316E+01
  0.1636E+00  0.1211E+01  0.3156E-01  0.1278E+01  0.1278E+01
  0.1648E+00  0.1166E+01  0.3090E-01  0.1241E+01  0.1241E+01
  0.1660E+00  0.1187E+01  0.3109E-01  0.1205E+01  0.1205E+01
  0.1672E+00  0.1126E+01  0.3376E-01  0.1170E+01  0.1170E+01
  0.1684E+00  0.1192E+01  0.3276E-01  0.1137E+01  0.1137E+01
  0.1696E+00  0.1097E+01  0.3142E-01  0.1104E+01  0.1104E+01
  0.1709E+00  0.1117E+01  0.3173E-01  0.1073E+01  0.1073E+01
  0.1721E+00  0.1085E+01  0.3272E-01  0.1043E+01  0.1043E+01
  0.1733E+00  0.1036E+01  0.3287E-01  0.1015E+01  0.1015E+01
  0.1745E+00  0.9712E+00  0.3209E-01  0.9869E+00  0.9869E+00
  0.1757E+00  0.9475E+00  0.3159E-01  0.9603E+00  0.9603E+00
  0.1769E+00  0.9178E+00  0.3149E-01  0.9347E+00  0.9347E+00
  0.1782E+00  0.8954E+00  0.3162E-01  0.9102E+00  0.9102E+00
  0.1794E+00  0.9240E+00  0.3184E-01  0.8866E+00  0.8866E+00
  0.1806E+00  0.8776E+00  0.2928E-01  0.8641E+00  0.8641E+00
  0.1818E+00  0.8856E+00  0.3019E-01  0.8426E+00  0.8426E+00
  0.1830E+00  0.8375E+00  0.3011E-01  0.8221E+00  0.8221E+00
  0.1842E+00  0.7699E+00  0.3005E-01  0.8025E+00  0.8025E+00
  0.1855E+00  0.7489E+00  0.3093E-01  0.7838E+00  0.7838E+00
  0.1867E+00  0.7880E+00  0.2836E-01  0.7661E+00  0.7661E+00
  0.1879E+00  0.6985E+00  0.2898E-01  0.7492E+00  0.7492E+00
  0.1891E+00  0.7013E+00  0.3068E-01  0.7332E+00  0.7332E+00
  0.1903E+00  0.6773E+00  0.3007E-01  0.7180E+00  0.7180E+00
  0.1915E+00  0.6585E+00  0.2883E-01  0.7036E+00  0.7036E+00
  0.1928E+00  0.6493E+00  0.2933E-01  0.6900E+00  0.6900E+00
  0.1940E+00  0.6785E+00  0.2827E-01  0.6772E+00  0.6772E+00
  0.1952E+00  0.6309E+00  0.2742E-01  0.6651E+00  0.6651E+00
  0.1964E+00  0.6392E+00  0.2940E-01  0.6537E+00  0.6537E+00
  0.1976E+00  0.6709E+00  0.2987E-01  0.6429E+00  0.6429E+00
  0.1988E+00  0.6425E+00  0.2849E-01  0.6328E+00  0.6328E+00
  0.2001E+00  0.5407E+00  0.3048E-01  0.6233E+00  0.6233E+00
  0.2013E+00  0.5950E+00  0.2840E-01  0.6143E+00  0.6143E+00
  0.2025E+00  0.5274E+00  0.2935E-01  0.6059E+00  0.6059E+00
  0.2037E+00  0.5120E+00  0.2765E-01  0.5980E+00  0.5980E+00
  0.2049E+00  0.5180E+00  0.2752E-01  0.5906E+00  0.5906E+00
  0.2061E+00  0.5531E+00  0.2868E-01  0.5836E+00  0.5836E+00
  0.2073E+00  0.5365E+00  0.2854E-01  0.5769E+00  0.5769E+00
  0.2086E+00  0.5172E+00  0.2797E-01  0.5707E+00  0.5707E+00
  0.2098E+00  0.5298E+00  0.2763E-01  0.5648E+00  0.5648E+00
  0.2110E+00  0.5115E+00  0.2857E-01  0.5592E+00  0.5592E+00
  0.2122E+00  0.5552E+00  0.2821E-01  0.5539E+00  0.5539E+00
  0.2134E+00  0.5725E+00  0.2732E-01  0.5489E+00  0.5489E+00
  0.2146E+00  0.6183E+00  0.2773E-01  0.5441E+00  0.5441E+00
  0.2159E+00  0.5940E+00  0.2707E-01  0.5395E+00  0.5395E+00
  0.2171E+00  0.5547E+00  0.2713E-01  0.5351E+00  0.5351E+00
  0.2183E+00  0.5005E+00  0.2876E-01  0.5308E+00  0.5308E+00
  0.2195E+00  0.4973E+00  0.2884E-01  0.5267E+00  0.5267E+00
  0.2207E+00  0.5026E+00  0.2666E-01  0.5228E+00  0.5228E+00
  0.2219E+00  0.4807E+00  0.2838E-01  0.5190E+00  0.5190E+00
  0.2232E+00  0.5241E+00  0.2770E-01  0.5153E+00  0.5153E+00
  0.2244E+00  0.4650E+00  0.2562E-01  0.5116E+00  0.5116E+00
  0.2256E+00  0.4547E+00  0.2657E-01  0.5081E+00  0.5081E+00
  0.2268E+00  0.5004E+00  0.2713E-01  0.5046E+00  0.5046E+00
  0.2280E+00  0.4798E+00  0.2733E-01  0.5013E+00  0.5013E+00
  0.2292E+00  0.5787E+00  0.2676E-01  0.4979E+00  0.4979E+00
  0.2304E+00  0.5356E+00  0.2623E-01  0.4947E+00  0.4947E+00
  0.2317E+00  0.4907E+00  0.2530E-01  0.4915E+00  0.4915E+00
  0.2329E+00  0.4909E+00  0.2687E-01  0.4884E+00  0.4884E+00
  0.2341E+00  0.4759E+00  0.2606E-01  0.4854E+00  0.4854E+00
  0.2353E+00  0.4231E+00  0.2608E-01  0.4824E+00  0.4824E+00
  0.2365E+00  0.4526E+00  0.2576E-01  0.4795E+00  0.4795E+00
  0.2377E+00  0.4418E+00  0.2693E-01  0.4767E+00  0.4767E+00
  0.2390E+00  0.4104E+00  0.3982E-01  0.4739E+00  0.4739E+00
  0.2402E+00  0.4661E+00  0.2620E-01  0.4712E+00  0.4712E+00
  0.2414E+00  0.5084E+00  0.2631E-01  0.4686E+00  0.4686E+00
  0.2426E+00  0.5133E+00  0.2464E-01  0.4661E+00  0.4661E+00
  0.2438E+00  0.4805E+00  0.2664E-01  0.4637E+00  0.4637E+00
  0.2450E+00  0.4668E+00  0.2521E-01  0.4614E+00  0.4614E+00
  0.2463E+00  0.5059E+00  0.2533E-01  0.4592E+00  0.4592E+00
  0.2475E+00  0.4668E+00  0.2408E-01  0.4571E+00  0.4571E+00
  0.2487E+00  0.4283E+00  0.2516E-01  0.4550E+00  0.4550E+00
  0.2499E+00  0.4113E+00  0.2482E-01  0.4531E+00  0.4531E+00
  0.2511E+00  0.3955E+00  0.2543E-01  0.4513E+00  0.4513E+00
  0.2523E+00  0.4007E+00  0.2590E-01  0.4496E+00  0.4496E+00
  0.2536E+00  0.4165E+00  0.2500E-01  0.4480E+00  0.4480E+00
  0.2548E+00  0.4167E+00  0.2606E-01  0.4465E+00  0.4465E+00
  0.2560E+00  0.4193E+00  0.2509E-01  0.4451E+00  0.4451E+00
  0.2572E+00  0.4202E+00  0.2571E-01  0.4438E+00  0.4438E+00
  0.2584E+00  0.3940E+00  0.2501E-01  0.4427E+00  0.4427E+00
  0.2596E+00  0.4465E+00  0.2991E-01  0.4415E+00  0.4415E+00
  0.2608E+00  0.4386E+00  0.3074E-01  0.4405E+00  0.4405E+00
  0.2621E+00  0.4922E+00  0.2329E-01  0.4396E+00  0.4396E+00
  0.2633E+00  0.4655E+00  0.2378E-01  0.4387E+00  0.4387E+00
  0.2645E+00  0.4671E+00  0.2471E-01  0.4379E+00  0.4379E+00
  0.2657E+00  0.4744E+00  0.2456E-01  0.4372E+00  0.4372E+00
  0.2669E+00  0.4368E+00  0.2401E-01  0.4365E+00  0.4365E+00
  0.2681E+00  0.4166E+00  0.2400E-01  0.4358E+00  0.4358E+00
  0.2694E+00  0.3670E+00  0.2475E-01  0.4352E+00  0.4352E+00
  0.2706E+00  0.4146E+00  0.2394E-01  0.4347E+00  0.4347E+00
  0.2718E+00  0.4810E+00  0.2434E-01  0.4341E+00  0.4341E+00
  0.2730E+00  0.4369E+00  0.2307E-01  0.4335E+00  0.4335E+00
  0.2742E+00  0.4255E+00  0.2318E-01  0.4329E+00  0.4329E+00
  0.2754E+00  0.4663E+00  0.2466E-01  0.4324E+00  0.4324E+00
  0.2767E+00  0.4235E+00  0.2661E-01  0.4318E+00  0.4318E+00
  0.2779E+00  0.4563E+00  0.3980E-01  0.4312E+00  0.4312E+00
  0.2791E+00  0.4551E+00  0.2343E-01  0.4306E+00  0.4306E+00
  0.2803E+00  0.4040E+00  0.2274E-01  0.4299E+00  0.4299E+00
  0.2815E+00  0.4228E+00  0.2347E-01  0.4292E+00  0.4292E+00
  0.2827E+00  0.4314E+00  0.2245E-01  0.4284E+00  0.4284E+00
  0.2839E+00  0.4379E+00  0.2300E-01  0.4276E+00  0.4276E+00
  0.2852E+00  0.4363E+00  0.2279E-01  0.4268E+00  0.4268E+00
  0.2864E+00  0.3866E+00  0.2241E-01  0.4258E+00  0.4258E+00
  0.2876E+00  0.3737E+00  0.2286E-01  0.4248E+00  0.4248E+00
  0.2888E+00  0.4357E+00  0.2202E-01  0.4238E+00  0.4238E+00
  0.2900E+00  0.4186E+00  0.2313E-01  0.4226E+00  0.4226E+00
  0.2912E+00  0.3952E+00  0.2278E-01  0.4214E+00  0.4214E+00
  0.2925E+00  0.4275E+00  0.2119E-01  0.4202E+00  0.4202E+00
  0.2937E+00  0.4312E+00  0.2139E-01  0.4188E+00  0.4188E+00
  0.2949E+00  0.4373E+00  0.2077E-01  0.4174E+00  0.4174E+00
  0.2961E+00  0.3982E+00  0.2148E-01  0.4159E+00  0.4159E+00
  0.2973E+00  0.4257E+00  0.2090E-01  0.4143E+00  0.4143E+00
  0.2985E+00  0.4386E+00  0.2058E-01  0.4127E+00  0.4127E+00
  0.2998E+00  0.4795E+00  0.2190E-01  0.4110E+00  0.4110E+00
  0.3010E+00  0.4477E+00  0.2134E-01  0.4092E+00  0.4092E+00
  0.3022E+00  0.4050E+00  0.2127E-01  0.4074E+00  0.4074E+00
  0.3034E+00  0.4058E+00  0.2119E-01  0.4055E+00  0.4055E+00
  0.3046E+00  0.4280E+00  0.2145E-01  0.4035E+00  0.4035E+00
  0.3058E+00  0.4433E+00  0.2048E-01  0.4015E+00  0.4015E+00
  0.3070E+00  0.4400E+00  0.2020E-01  0.3994E+00  0.3994E+00
  0.3083E+00  0.4388E+00  0.2026E-01  0.3973E+00  0.3973E+00
  0.3095E+00  0.4352E+00  0.2112E-01  0.3952E+00  0.3952E+00
  0.3107E+00  0.4118E+00  0.2003E-01  0.3930E+00  0.3930E+00
  0.3119E+00  0.3688E+00  0.2039E-01  0.3908E+00  0.3908E+00
  0.3131E+00  0.3962E+00  0.2034E-01  0.3885E+00  0.3885E+00
  0.3143E+00  0.4078E+00  0.1998E-01  0.3862E+00  0.3862E+00
  0.3156E+00  0.3996E+00  0.2043E-01  0.3839E+00  0.3839E+00
  0.3168E+00  0.4077E+00  0.2350E-01  0.3816E+00  0.3816E+00
  0.3180E+00  0.3865E+00  0.2589E-01  0.3792E+00  0.3792E+00
  0.3192E+00  0.4823E+00  0.2900E-01  0.3768E+00  0.3768E+00
  0.3204E+00  0.4146E+00  0.3477E-01  0.3744E+00  0.3744E+00
  0.3216E+00  0.3863E+00  0.4363E-01  0.3720E+00  0.3720E+00
  0.3225E+00  0.1131E+00  0.2149E+00  0.3702E+00  0.3702E+00

           Distance distribution  function of particle  


       R          P(R)      ERROR

  0.0000E+00  0.0000E+00  0.0000E+00
  0.1038E+01  0.3277E-02  0.2256E-04
  0.2076E+01  0.6681E-02  0.3482E-04
  0.3114E+01  0.1023E-01  0.3809E-04
  0.4152E+01  0.1393E-01  0.3459E-04
  0.5190E+01  0.1783E-01  0.2816E-04
  0.6228E+01  0.2194E-01  0.2570E-04
  0.7266E+01  0.2629E-01  0.3249E-04
  0.8304E+01  0.3090E-01  0.4439E-04
  0.9342E+01  0.3575E-01  0.5617E-04
  0.1038E+02  0.4085E-01  0.6523E-04
  0.1142E+02  0.4617E-01  0.7052E-04
  0.1246E+02  0.5165E-01  0.7207E-04
  0.1349E+02  0.5723E-01  0.7091E-04
  0.1453E+02  0.6282E-01  0.6894E-04
  0.1557E+02  0.6834E-01  0.6844E-04
  0.1661E+02  0.7367E-01  0.7105E-04
  0.1765E+02  0.7872E-01  0.7669E-04
  0.1868E+02  0.8337E-01  0.8382E-04
  0.1972E+02  0.8754E-01  0.9051E-04
  0.2076E+02  0.9113E-01  0.9532E-04
  0.2180E+02  0.9408E-01  0.9760E-04
  0.2284E+02  0.9634E-01  0.9755E-04
  0.2387E+02  0.9789E-01  0.9615E-04
  0.2491E+02  0.9873E-01  0.9492E-04
  0.2595E+02  0.9888E-01  0.9529E-04
  0.2699E+02  0.9838E-01  0.9799E-04
  0.2803E+02  0.9729E-01  0.1026E-03
  0.2906E+02  0.9569E-01  0.1078E-03
  0.3010E+02  0.9365E-01  0.1121E-03
  0.3114E+02  0.9127E-01  0.1145E-03
  0.3218E+02  0.8861E-01  0.1144E-03
  0.3322E+02  0.8577E-01  0.1125E-03
  0.3425E+02  0.8280E-01  0.1097E-03
  0.3529E+02  0.7977E-01  0.1080E-03
  0.3633E+02  0.7672E-01  0.1090E-03
  0.3737E+02  0.7368E-01  0.1136E-03
  0.3841E+02  0.7067E-01  0.1214E-03
  0.3944E+02  0.6770E-01  0.1308E-03
  0.4048E+02  0.6478E-01  0.1402E-03
  0.4152E+02  0.6189E-01  0.1483E-03
  0.4256E+02  0.5904E-01  0.1543E-03
  0.4360E+02  0.5621E-01  0.1581E-03
  0.4463E+02  0.5340E-01  0.1600E-03
  0.4567E+02  0.5061E-01  0.1608E-03
  0.4671E+02  0.4784E-01  0.1613E-03
  0.4775E+02  0.4510E-01  0.1621E-03
  0.4879E+02  0.4240E-01  0.1637E-03
  0.4982E+02  0.3976E-01  0.1659E-03
  0.5086E+02  0.3720E-01  0.1686E-03
  0.5190E+02  0.3473E-01  0.1713E-03
  0.5294E+02  0.3238E-01  0.1738E-03
  0.5398E+02  0.3016E-01  0.1761E-03
  0.5501E+02  0.2807E-01  0.1782E-03
  0.5605E+02  0.2614E-01  0.1804E-03
  0.5709E+02  0.2435E-01  0.1825E-03
  0.5813E+02  0.2270E-01  0.1843E-03
  0.5917E+02  0.2119E-01  0.1853E-03
  0.6020E+02  0.1980E-01  0.1850E-03
  0.6124E+02  0.1851E-01  0.1830E-03
  0.6228E+02  0.1731E-01  0.1793E-03
  0.6332E+02  0.1619E-01  0.1743E-03
  0.6436E+02  0.1513E-01  0.1689E-03
  0.6539E+02  0.1411E-01  0.1647E-03
  0.6643E+02  0.1314E-01  0.1632E-03
  0.6747E+02  0.1221E-01  0.1658E-03
  0.6851E+02  0.1132E-01  0.1728E-03
  0.6955E+02  0.1048E-01  0.1833E-03
  0.7058E+02  0.9682E-02  0.1959E-03
  0.7162E+02  0.8946E-02  0.2089E-03
  0.7266E+02  0.8277E-02  0.2208E-03
  0.7370E+02  0.7681E-02  0.2306E-03
  0.7474E+02  0.7164E-02  0.2375E-03
  0.7577E+02  0.6727E-02  0.2413E-03
  0.7681E+02  0.6369E-02  0.2423E-03
  0.7785E+02  0.6083E-02  0.2406E-03
  0.7889E+02  0.5861E-02  0.2371E-03
  0.7993E+02  0.5691E-02  0.2326E-03
  0.8096E+02  0.5559E-02  0.2279E-03
  0.8200E+02  0.5451E-02  0.2240E-03
  0.8304E+02  0.5351E-02  0.2220E-03
  0.8408E+02  0.5246E-02  0.2223E-03
  0.8512E+02  0.5125E-02  0.2251E-03
  0.8615E+02  0.4979E-02  0.2300E-03
  0.8719E+02  0.4803E-02  0.2361E-03
  0.8823E+02  0.4594E-02  0.2423E-03
  0.8927E+02  0.4356E-02  0.2474E-03
  0.9031E+02  0.4091E-02  0.2504E-03
  0.9134E+02  0.3807E-02  0.2506E-03
  0.9238E+02  0.3509E-02  0.2475E-03
  0.9342E+02  0.3206E-02  0.2412E-03
  0.9446E+02  0.2903E-02  0.2319E-03
  0.9550E+02  0.2605E-02  0.2201E-03
  0.9653E+02  0.2313E-02  0.2062E-03
  0.9757E+02  0.2027E-02  0.1902E-03
  0.9861E+02  0.1742E-02  0.1719E-03
  0.9965E+02  0.1451E-02  0.1502E-03
  0.1007E+03  0.1143E-02  0.1238E-03
  0.1017E+03  0.8081E-03  0.9116E-04
  0.1028E+03  0.4315E-03  0.5040E-04
  0.1038E+03  0.0000E+00  0.0000E+00
          Reciprocal space: Rg =   26.69     , I(0) =   0.4657E+02
     Real space: Rg =   26.78 +- 0.078  I(0) =   0.4657E+02 +-  0.7456E-01
