
           ####    G N O M   ---   Version 4.5a revised 09/02/02     ####

                                                  Sat Nov  4 16:52:03 2017
           ===    Run No   1   ===
 Run title:  0.010641 8.555246 4.596826


   *******   Working Directory :
   *******    Input file(s) : 25533_C3_4.mccd.dat
           Condition P(rmin) = 0 is used. 
           Condition P(rmax) = 0 is used. 

          Experimental conditions for the first run
          -----------------------------------------

          Highest ALPHA is found to be   0.1522E+01

  The measure of inconsistency AN1 equals to    0.8818E+00
     Alpha    Discrp  Oscill  Stabil  Sysdev  Positv  Valcen    Total   
  0.1522E+04  5.8251  1.1459  0.9211  0.0249  1.0000  0.8673  0.00001
  0.3045E+03  4.5849  1.1419  0.7219  0.3077  1.0000  0.8689  0.00001
  0.6089E+02  2.3555  1.1308  0.3547  0.5738  1.0000  0.8748  0.10000
  0.1218E+02  1.0355  1.1372  0.1157  0.6320  1.0000  0.8869  0.42918
  0.2436E+01  0.6565  1.2211  0.0726  0.7983  1.0000  0.9017  0.58735
  0.4872E+00  0.5531  1.3380  0.0345  0.9148  1.0000  0.9127  0.72789
  0.9743E-01  0.5350  1.4344  0.0276  0.9148  1.0000  0.9169  0.64093
  0.1949E-01  0.5272  1.6714  0.0627  0.9231  1.0000  0.9180  0.10000
  0.3897E-02  0.5195  2.4579  0.0773  0.9231  0.9989  0.9128  0.10000
  0.7794E-03  0.5168  3.2115  0.0548  0.9314  0.9954  0.9018  0.10000
  0.1559E-03  0.5163  3.9188  0.1012  0.9231  0.9898  0.8811  0.10000
  0.3118E-04  0.5161  4.7689  0.0859  0.9231  0.9802  0.8589  0.10000
  0.6236E-05  0.5160  5.6558  0.1781  0.9314  0.9608  0.8193  0.10000
  0.1247E-05  0.5159  9.4902  0.5462  0.9231  0.8909  0.6640  0.10000
  0.2494E-06  0.5156 12.7563  0.9387  0.9314  0.7981  0.3665  0.10000
  0.4988E-07  0.5144 12.5784  0.8117  0.9314  0.7311  0.3352  0.10000
  0.9977E-08  0.5124 12.3264  0.4685  0.9314  0.7142  0.3347  0.10000
  0.1995E-08  0.5116 11.8102  0.2564  0.9314  0.7105  0.3427  0.10000
  0.3991E-09  0.5112 11.7550  0.4587  0.9314  0.7078  0.3595  0.10000
  0.7982E-10  0.5106 14.9115  0.5381  0.9231  0.7051  0.3617  0.10000
  0.1596E-10  0.5093 19.5232  0.8968  0.9231  0.7255  0.3607  0.10000
  0.3193E-11  0.5048 19.1602  0.9623  0.9231  0.7094  0.3236  0.10000
  0.6385E-12  0.4876 20.0716  0.7613  0.9314  0.6928  0.3341  0.10000
  0.1277E-12  0.4407 25.0407  0.6522  0.9148  0.6709  0.3107  0.10000
  0.2554E-13  0.3398 30.5660  0.5356  0.9148  0.6812  0.2812  0.10000
  0.5108E-14  0.2015 36.0779  0.3304  0.9397  0.6764  0.3125  0.10000
  0.1022E-14  0.0881 41.3345  0.2062  0.9480  0.6769  0.3121  0.10000
  0.2043E-15  0.0270 44.2934  0.0935  0.9480  0.6768  0.3198  0.10000
  0.4087E-16  0.0062 45.2503  0.0249  0.9480  0.6737  0.3178  0.10000
  0.8173E-17  0.0013 45.4692  0.0053  0.9480  0.6726  0.3171  0.10000
  0.1635E-17  0.0003 45.5143  0.0011  0.9480  0.6724  0.3169  0.10000

          ***  Golden section search to maximize estimate ***
     Alpha    Discrp  Oscill  Stabil  Sysdev  Positv  Valcen    Total   
  0.9008E+00  0.5745  1.2962  0.0482  0.9314  1.0000  0.9095  0.73996
  0.1317E+01  0.5972  1.2679  0.0582  0.8981  1.0000  0.9068  0.70406
  0.7123E+00  0.5645  1.3129  0.0424  0.9314  1.0000  0.9109  0.74251
  0.6161E+00  0.5595  1.3227  0.0391  0.9148  1.0000  0.9116  0.73078
  0.7792E+00  0.5680  1.3066  0.0446  0.9314  1.0000  0.9103  0.74195
  0.6739E+00  0.5625  1.3167  0.0411  0.9231  1.0000  0.9112  0.73703
  0.7371E+00  0.5658  1.3105  0.0432  0.9314  1.0000  0.9107  0.74236
  0.6974E+00  0.5637  1.3143  0.0419  0.9314  1.0000  0.9110  0.74257
  0.6883E+00  0.5633  1.3152  0.0416  0.9231  1.0000  0.9110  0.73701
  0.7031E+00  0.5640  1.3138  0.0421  0.9314  1.0000  0.9109  0.74255
  0.6939E+00  0.5636  1.3147  0.0418  0.9231  1.0000  0.9110  0.73700
  0.6995E+00  0.5639  1.3141  0.0420  0.9314  1.0000  0.9110  0.74256
  0.6961E+00  0.5637  1.3144  0.0419  0.9314  1.0000  0.9110  0.74257
  0.6952E+00  0.5636  1.3145  0.0419  0.9314  1.0000  0.9110  0.74258
  0.6947E+00  0.5636  1.3146  0.0418  0.9314  1.0000  0.9110  0.74258
  0.6944E+00  0.5636  1.3146  0.0418  0.9231  1.0000  0.9110  0.73700
  0.6949E+00  0.5636  1.3146  0.0418  0.9314  1.0000  0.9110  0.74258
  0.6947E+00  0.5636  1.3146  0.0418  0.9314  1.0000  0.9110  0.74258



             ####            Final results            ####

 Parameter    DISCRP    OSCILL    STABIL    SYSDEV    POSITV    VALCEN
 Weight        1.000     3.000     3.000     4.000     1.000     1.000
 Sigma         0.500     0.600     0.120     0.200     0.120     0.120
 Ideal         1.000     1.100     0.000     1.000     1.000     0.950
 Current       0.564     1.315     0.042     0.931     1.000     0.911
                - - - - - - - - - - - - - - - - - - - - - - - - - 
 Estimate      0.467     0.880     0.886     0.889     1.000     0.900

  Angular   range    :     from    0.0112   to    0.3225
  Real space range   :     from      0.00   to     79.23

  Highest ALPHA (theor) :   0.152E+04                 JOB = 0
  Current ALPHA         :   0.695E+00   Rg :  0.241E+02   I(0) :   0.793E+01

           Total  estimate : 0.743  which is  A REASONABLE  solution

      S          J EXP       ERROR       J REG       I REG

  0.0000E+00                                      0.7934E+01
  0.6250E-03                                      0.7934E+01
  0.1250E-02                                      0.7932E+01
  0.1875E-02                                      0.7929E+01
  0.2500E-02                                      0.7925E+01
  0.3125E-02                                      0.7919E+01
  0.3750E-02                                      0.7913E+01
  0.4375E-02                                      0.7905E+01
  0.5000E-02                                      0.7896E+01
  0.5625E-02                                      0.7886E+01
  0.6250E-02                                      0.7875E+01
  0.6875E-02                                      0.7862E+01
  0.7500E-02                                      0.7849E+01
  0.8125E-02                                      0.7834E+01
  0.8750E-02                                      0.7818E+01
  0.9375E-02                                      0.7801E+01
  0.1000E-01                                      0.7783E+01
  0.1063E-01                                      0.7763E+01
  0.1125E-01  0.9539E+01  0.2065E+01  0.7743E+01  0.7743E+01
  0.1186E-01  0.5712E+01  0.1575E+01  0.7722E+01  0.7722E+01
  0.1247E-01  0.8055E+01  0.1928E+01  0.7700E+01  0.7700E+01
  0.1307E-01  0.1926E+01  0.2218E+01  0.7677E+01  0.7677E+01
  0.1368E-01  0.6451E+01  0.2126E+01  0.7653E+01  0.7653E+01
  0.1429E-01  0.7561E+01  0.1573E+01  0.7628E+01  0.7628E+01
  0.1490E-01  0.9538E+01  0.9646E+00  0.7602E+01  0.7602E+01
  0.1551E-01  0.8276E+01  0.1912E+01  0.7575E+01  0.7575E+01
  0.1611E-01  0.6801E+01  0.1439E+01  0.7547E+01  0.7547E+01
  0.1672E-01  0.7288E+01  0.1161E+01  0.7518E+01  0.7518E+01
  0.1733E-01  0.7002E+01  0.1451E+01  0.7488E+01  0.7488E+01
  0.1794E-01  0.7077E+01  0.1364E+01  0.7457E+01  0.7457E+01
  0.1855E-01  0.7130E+01  0.1285E+01  0.7426E+01  0.7426E+01
  0.1916E-01  0.9073E+01  0.6337E+00  0.7393E+01  0.7393E+01
  0.1976E-01  0.6796E+01  0.1004E+01  0.7359E+01  0.7359E+01
  0.2037E-01  0.7202E+01  0.1076E+01  0.7325E+01  0.7325E+01
  0.2098E-01  0.7305E+01  0.9373E+00  0.7290E+01  0.7290E+01
  0.2159E-01  0.7602E+01  0.9312E+00  0.7254E+01  0.7254E+01
  0.2219E-01  0.7390E+01  0.7681E+00  0.7217E+01  0.7217E+01
  0.2280E-01  0.6709E+01  0.8204E+00  0.7179E+01  0.7179E+01
  0.2341E-01  0.5467E+01  0.8017E+00  0.7141E+01  0.7141E+01
  0.2402E-01  0.7251E+01  0.6877E+00  0.7101E+01  0.7101E+01
  0.2463E-01  0.6574E+01  0.6061E+00  0.7061E+01  0.7061E+01
  0.2524E-01  0.8297E+01  0.7117E+00  0.7020E+01  0.7020E+01
  0.2584E-01  0.8165E+01  0.6058E+00  0.6979E+01  0.6979E+01
  0.2645E-01  0.7573E+01  0.6212E+00  0.6937E+01  0.6937E+01
  0.2706E-01  0.7284E+01  0.6446E+00  0.6894E+01  0.6894E+01
  0.2767E-01  0.6613E+01  0.5023E+00  0.6850E+01  0.6850E+01
  0.2828E-01  0.6477E+01  0.6481E+00  0.6806E+01  0.6806E+01
  0.2888E-01  0.6320E+01  0.5088E+00  0.6761E+01  0.6761E+01
  0.2949E-01  0.6667E+01  0.5059E+00  0.6715E+01  0.6715E+01
  0.3010E-01  0.6128E+01  0.5730E+00  0.6669E+01  0.6669E+01
  0.3071E-01  0.6704E+01  0.5530E+00  0.6623E+01  0.6623E+01
  0.3132E-01  0.7296E+01  0.5681E+00  0.6575E+01  0.6575E+01
  0.3192E-01  0.6082E+01  0.4497E+00  0.6527E+01  0.6527E+01
  0.3253E-01  0.7246E+01  0.5081E+00  0.6479E+01  0.6479E+01
  0.3314E-01  0.6793E+01  0.4348E+00  0.6430E+01  0.6430E+01
  0.3375E-01  0.6644E+01  0.5384E+00  0.6381E+01  0.6381E+01
  0.3436E-01  0.5568E+01  0.4825E+00  0.6331E+01  0.6331E+01
  0.3496E-01  0.5248E+01  0.4957E+00  0.6281E+01  0.6281E+01
  0.3557E-01  0.6158E+01  0.4984E+00  0.6230E+01  0.6230E+01
  0.3618E-01  0.5344E+01  0.5194E+00  0.6179E+01  0.6179E+01
  0.3679E-01  0.6755E+01  0.5208E+00  0.6128E+01  0.6128E+01
  0.3740E-01  0.7299E+01  0.5238E+00  0.6076E+01  0.6076E+01
  0.3800E-01  0.6292E+01  0.4289E+00  0.6024E+01  0.6024E+01
  0.3861E-01  0.5919E+01  0.4306E+00  0.5971E+01  0.5971E+01
  0.3922E-01  0.5666E+01  0.4677E+00  0.5918E+01  0.5918E+01
  0.3983E-01  0.5441E+01  0.3522E+00  0.5865E+01  0.5865E+01
  0.4044E-01  0.6256E+01  0.4292E+00  0.5812E+01  0.5812E+01
  0.4104E-01  0.6205E+01  0.4034E+00  0.5758E+01  0.5758E+01
  0.4165E-01  0.6624E+01  0.4576E+00  0.5704E+01  0.5704E+01
  0.4226E-01  0.5551E+01  0.3964E+00  0.5650E+01  0.5650E+01
  0.4287E-01  0.5361E+01  0.4679E+00  0.5596E+01  0.5596E+01
  0.4348E-01  0.5084E+01  0.3988E+00  0.5541E+01  0.5541E+01
  0.4409E-01  0.5530E+01  0.4387E+00  0.5487E+01  0.5487E+01
  0.4469E-01  0.4994E+01  0.3255E+00  0.5432E+01  0.5432E+01
  0.4530E-01  0.5860E+01  0.4334E+00  0.5377E+01  0.5377E+01
  0.4591E-01  0.5619E+01  0.3454E+00  0.5322E+01  0.5322E+01
  0.4652E-01  0.5266E+01  0.3489E+00  0.5267E+01  0.5267E+01
  0.4713E-01  0.4917E+01  0.3358E+00  0.5212E+01  0.5212E+01
  0.4773E-01  0.4905E+01  0.3343E+00  0.5157E+01  0.5157E+01
  0.4834E-01  0.4600E+01  0.3411E+00  0.5102E+01  0.5102E+01
  0.4895E-01  0.4817E+01  0.3536E+00  0.5046E+01  0.5046E+01
  0.4956E-01  0.4750E+01  0.3667E+00  0.4991E+01  0.4991E+01
  0.5017E-01  0.4764E+01  0.3310E+00  0.4936E+01  0.4936E+01
  0.5078E-01  0.4778E+01  0.3222E+00  0.4881E+01  0.4881E+01
  0.5138E-01  0.5134E+01  0.3235E+00  0.4826E+01  0.4826E+01
  0.5199E-01  0.4601E+01  0.3567E+00  0.4771E+01  0.4771E+01
  0.5260E-01  0.4914E+01  0.3099E+00  0.4716E+01  0.4716E+01
  0.5321E-01  0.4760E+01  0.3545E+00  0.4661E+01  0.4661E+01
  0.5382E-01  0.4495E+01  0.3331E+00  0.4606E+01  0.4606E+01
  0.5442E-01  0.4706E+01  0.3559E+00  0.4551E+01  0.4551E+01
  0.5503E-01  0.4570E+01  0.3209E+00  0.4497E+01  0.4497E+01
  0.5564E-01  0.4619E+01  0.3194E+00  0.4442E+01  0.4442E+01
  0.5625E-01  0.4718E+01  0.3064E+00  0.4388E+01  0.4388E+01
  0.5686E-01  0.4589E+01  0.2663E+00  0.4334E+01  0.4334E+01
  0.5746E-01  0.3601E+01  0.3234E+00  0.4281E+01  0.4281E+01
  0.5807E-01  0.4832E+01  0.3165E+00  0.4227E+01  0.4227E+01
  0.5868E-01  0.4132E+01  0.3035E+00  0.4174E+01  0.4174E+01
  0.5929E-01  0.4264E+01  0.2881E+00  0.4120E+01  0.4120E+01
  0.5990E-01  0.3974E+01  0.3206E+00  0.4068E+01  0.4068E+01
  0.6050E-01  0.4615E+01  0.3309E+00  0.4015E+01  0.4015E+01
  0.6111E-01  0.4423E+01  0.3180E+00  0.3963E+01  0.3963E+01
  0.6172E-01  0.4544E+01  0.2812E+00  0.3911E+01  0.3911E+01
  0.6233E-01  0.4295E+01  0.3346E+00  0.3859E+01  0.3859E+01
  0.6294E-01  0.3705E+01  0.3093E+00  0.3807E+01  0.3807E+01
  0.6354E-01  0.3853E+01  0.3050E+00  0.3756E+01  0.3756E+01
  0.6415E-01  0.3821E+01  0.3276E+00  0.3706E+01  0.3706E+01
  0.6476E-01  0.3781E+01  0.3201E+00  0.3655E+01  0.3655E+01
  0.6537E-01  0.3636E+01  0.3175E+00  0.3605E+01  0.3605E+01
  0.6598E-01  0.2770E+01  0.2925E+00  0.3555E+01  0.3555E+01
  0.6659E-01  0.3470E+01  0.2991E+00  0.3506E+01  0.3506E+01
  0.6719E-01  0.3465E+01  0.2953E+00  0.3457E+01  0.3457E+01
  0.6780E-01  0.3735E+01  0.3160E+00  0.3408E+01  0.3408E+01
  0.6841E-01  0.3422E+01  0.3027E+00  0.3360E+01  0.3360E+01
  0.6902E-01  0.2802E+01  0.2859E+00  0.3312E+01  0.3312E+01
  0.6963E-01  0.3315E+01  0.3001E+00  0.3265E+01  0.3265E+01
  0.7023E-01  0.2627E+01  0.3421E+00  0.3218E+01  0.3218E+01
  0.7084E-01  0.3506E+01  0.3200E+00  0.3171E+01  0.3171E+01
  0.7145E-01  0.2938E+01  0.3026E+00  0.3125E+01  0.3125E+01
  0.7206E-01  0.3180E+01  0.2757E+00  0.3079E+01  0.3079E+01
  0.7267E-01  0.2965E+01  0.2599E+00  0.3034E+01  0.3034E+01
  0.7327E-01  0.3321E+01  0.2632E+00  0.2989E+01  0.2989E+01
  0.7388E-01  0.3323E+01  0.2791E+00  0.2944E+01  0.2944E+01
  0.7449E-01  0.2591E+01  0.2644E+00  0.2900E+01  0.2900E+01
  0.7510E-01  0.2954E+01  0.2759E+00  0.2857E+01  0.2857E+01
  0.7571E-01  0.2375E+01  0.3004E+00  0.2814E+01  0.2814E+01
  0.7631E-01  0.2323E+01  0.2597E+00  0.2771E+01  0.2771E+01
  0.7692E-01  0.3030E+01  0.2730E+00  0.2729E+01  0.2729E+01
  0.7753E-01  0.2480E+01  0.2908E+00  0.2687E+01  0.2687E+01
  0.7814E-01  0.2911E+01  0.2563E+00  0.2646E+01  0.2646E+01
  0.7875E-01  0.3025E+01  0.2779E+00  0.2605E+01  0.2605E+01
  0.7935E-01  0.3100E+01  0.2692E+00  0.2565E+01  0.2565E+01
  0.7996E-01  0.2408E+01  0.4032E+00  0.2525E+01  0.2525E+01
  0.8057E-01  0.2481E+01  0.9940E+00  0.2486E+01  0.2486E+01
  0.8118E-01  0.2594E+01  0.8001E+00  0.2447E+01  0.2447E+01
  0.8179E-01  0.2183E+01  0.2753E+01  0.2408E+01  0.2408E+01
  0.8239E-01  0.2426E+01  0.2414E+01  0.2370E+01  0.2370E+01
  0.8300E-01  0.2492E+01  0.7284E+00  0.2333E+01  0.2333E+01
  0.8361E-01  0.2982E+01  0.2529E+00  0.2296E+01  0.2296E+01
  0.8422E-01  0.1773E+01  0.2720E+00  0.2259E+01  0.2259E+01
  0.8483E-01  0.2385E+01  0.2423E+00  0.2223E+01  0.2223E+01
  0.8544E-01  0.2011E+01  0.2680E+00  0.2188E+01  0.2188E+01
  0.8604E-01  0.1900E+01  0.2531E+00  0.2153E+01  0.2153E+01
  0.8665E-01  0.2126E+01  0.2673E+00  0.2118E+01  0.2118E+01
  0.8726E-01  0.2118E+01  0.2352E+00  0.2084E+01  0.2084E+01
  0.8787E-01  0.2033E+01  0.2412E+00  0.2051E+01  0.2051E+01
  0.8847E-01  0.2515E+01  0.2491E+00  0.2017E+01  0.2017E+01
  0.8908E-01  0.1920E+01  0.2398E+00  0.1985E+01  0.1985E+01
  0.8969E-01  0.2028E+01  0.2714E+00  0.1952E+01  0.1952E+01
  0.9030E-01  0.2399E+01  0.2571E+00  0.1921E+01  0.1921E+01
  0.9091E-01  0.2456E+01  0.2449E+00  0.1889E+01  0.1889E+01
  0.9151E-01  0.2108E+01  0.2598E+00  0.1859E+01  0.1859E+01
  0.9212E-01  0.2420E+01  0.2401E+00  0.1828E+01  0.1828E+01
  0.9273E-01  0.2289E+01  0.2640E+00  0.1798E+01  0.1798E+01
  0.9334E-01  0.2116E+01  0.2594E+00  0.1769E+01  0.1769E+01
  0.9395E-01  0.1574E+01  0.2352E+00  0.1740E+01  0.1740E+01
  0.9456E-01  0.1413E+01  0.2557E+00  0.1711E+01  0.1711E+01
  0.9516E-01  0.1903E+01  0.2682E+00  0.1683E+01  0.1683E+01
  0.9577E-01  0.1632E+01  0.2486E+00  0.1655E+01  0.1655E+01
  0.9638E-01  0.1974E+01  0.2328E+00  0.1628E+01  0.1628E+01
  0.9699E-01  0.1887E+01  0.2064E+00  0.1601E+01  0.1601E+01
  0.9760E-01  0.1667E+01  0.2436E+00  0.1575E+01  0.1575E+01
  0.9820E-01  0.1206E+01  0.2343E+00  0.1549E+01  0.1549E+01
  0.9881E-01  0.1482E+01  0.2196E+00  0.1523E+01  0.1523E+01
  0.9942E-01  0.1498E+01  0.2335E+00  0.1498E+01  0.1498E+01
  0.1000E+00  0.1402E+01  0.2134E+00  0.1474E+01  0.1474E+01
  0.1006E+00  0.1553E+01  0.2453E+00  0.1449E+01  0.1449E+01
  0.1012E+00  0.1383E+01  0.2386E+00  0.1425E+01  0.1425E+01
  0.1019E+00  0.1394E+01  0.2260E+00  0.1402E+01  0.1402E+01
  0.1025E+00  0.1365E+01  0.2197E+00  0.1379E+01  0.1379E+01
  0.1031E+00  0.1229E+01  0.2158E+00  0.1356E+01  0.1356E+01
  0.1037E+00  0.1434E+01  0.2071E+00  0.1334E+01  0.1334E+01
  0.1043E+00  0.9749E+00  0.2304E+00  0.1312E+01  0.1312E+01
  0.1049E+00  0.1181E+01  0.2088E+00  0.1290E+01  0.1290E+01
  0.1055E+00  0.1164E+01  0.2271E+00  0.1269E+01  0.1269E+01
  0.1061E+00  0.1333E+01  0.2228E+00  0.1248E+01  0.1248E+01
  0.1067E+00  0.1293E+01  0.2249E+00  0.1228E+01  0.1228E+01
  0.1073E+00  0.1423E+01  0.2244E+00  0.1208E+01  0.1208E+01
  0.1079E+00  0.1178E+01  0.2206E+00  0.1188E+01  0.1188E+01
  0.1085E+00  0.1388E+01  0.2184E+00  0.1169E+01  0.1169E+01
  0.1091E+00  0.1341E+01  0.1943E+00  0.1150E+01  0.1150E+01
  0.1098E+00  0.1088E+01  0.2195E+00  0.1131E+01  0.1131E+01
  0.1104E+00  0.8624E+00  0.2211E+00  0.1112E+01  0.1112E+01
  0.1110E+00  0.8770E+00  0.2149E+00  0.1094E+01  0.1094E+01
  0.1116E+00  0.1118E+01  0.2214E+00  0.1077E+01  0.1077E+01
  0.1122E+00  0.1118E+01  0.2111E+00  0.1059E+01  0.1059E+01
  0.1128E+00  0.1598E+01  0.2021E+00  0.1042E+01  0.1042E+01
  0.1134E+00  0.1058E+01  0.2121E+00  0.1025E+01  0.1025E+01
  0.1140E+00  0.1151E+01  0.2203E+00  0.1009E+01  0.1009E+01
  0.1146E+00  0.1123E+01  0.2064E+00  0.9929E+00  0.9929E+00
  0.1152E+00  0.1210E+01  0.2026E+00  0.9770E+00  0.9770E+00
  0.1158E+00  0.1005E+01  0.2108E+00  0.9615E+00  0.9615E+00
  0.1164E+00  0.5410E+00  0.1996E+00  0.9462E+00  0.9462E+00
  0.1171E+00  0.8632E+00  0.1977E+00  0.9312E+00  0.9312E+00
  0.1177E+00  0.2449E+00  0.2257E+00  0.9165E+00  0.9165E+00
  0.1183E+00  0.9342E+00  0.2354E+00  0.9021E+00  0.9021E+00
  0.1189E+00  0.6518E+00  0.2275E+00  0.8880E+00  0.8880E+00
  0.1195E+00  0.6548E+00  0.2042E+00  0.8741E+00  0.8741E+00
  0.1201E+00  0.9143E+00  0.2221E+00  0.8605E+00  0.8605E+00
  0.1207E+00  0.1110E+01  0.1974E+00  0.8471E+00  0.8471E+00
  0.1213E+00  0.9841E+00  0.1987E+00  0.8340E+00  0.8340E+00
  0.1219E+00  0.5940E+00  0.2002E+00  0.8211E+00  0.8211E+00
  0.1225E+00  0.5026E+00  0.2169E+00  0.8085E+00  0.8085E+00
  0.1231E+00  0.1743E+00  0.1935E+00  0.7961E+00  0.7961E+00
  0.1237E+00  0.3745E+00  0.2054E+00  0.7840E+00  0.7840E+00
  0.1244E+00  0.3465E+00  0.1969E+00  0.7721E+00  0.7721E+00
  0.1250E+00  0.7144E+00  0.1941E+00  0.7604E+00  0.7604E+00
  0.1256E+00  0.3600E+00  0.2062E+00  0.7490E+00  0.7490E+00
  0.1262E+00  0.6548E+00  0.2118E+00  0.7377E+00  0.7377E+00
  0.1268E+00  0.1138E+01  0.2038E+00  0.7267E+00  0.7267E+00
  0.1274E+00  0.5035E+00  0.2227E+00  0.7159E+00  0.7159E+00
  0.1280E+00  0.1107E+01  0.2148E+00  0.7054E+00  0.7054E+00
  0.1286E+00  0.9176E+00  0.1986E+00  0.6950E+00  0.6950E+00
  0.1292E+00  0.9239E+00  0.1933E+00  0.6848E+00  0.6848E+00
  0.1298E+00  0.5531E+00  0.1848E+00  0.6748E+00  0.6748E+00
  0.1304E+00  0.6385E+00  0.2020E+00  0.6651E+00  0.6651E+00
  0.1310E+00  0.4512E+00  0.1903E+00  0.6555E+00  0.6555E+00
  0.1316E+00  0.4680E+00  0.2058E+00  0.6461E+00  0.6461E+00
  0.1323E+00  0.8178E+00  0.1923E+00  0.6369E+00  0.6369E+00
  0.1329E+00  0.3530E+00  0.2139E+00  0.6279E+00  0.6279E+00
  0.1335E+00  0.9305E+00  0.1874E+00  0.6191E+00  0.6191E+00
  0.1341E+00  0.3343E+00  0.1951E+00  0.6104E+00  0.6104E+00
  0.1347E+00  0.8230E+00  0.2040E+00  0.6019E+00  0.6019E+00
  0.1353E+00  0.2569E+00  0.2125E+00  0.5936E+00  0.5936E+00
  0.1359E+00  0.5950E+00  0.1961E+00  0.5855E+00  0.5855E+00
  0.1365E+00  0.6312E+00  0.1949E+00  0.5775E+00  0.5775E+00
  0.1371E+00  0.5248E+00  0.1970E+00  0.5697E+00  0.5697E+00
  0.1377E+00  0.6756E+00  0.1966E+00  0.5620E+00  0.5620E+00
  0.1383E+00  0.1045E+01  0.1746E+00  0.5545E+00  0.5545E+00
  0.1389E+00  0.4182E+00  0.1764E+00  0.5472E+00  0.5472E+00
  0.1396E+00  0.7453E+00  0.2002E+00  0.5400E+00  0.5400E+00
  0.1402E+00  0.3654E+00  0.1808E+00  0.5329E+00  0.5329E+00
  0.1408E+00  0.3396E+00  0.2062E+00  0.5260E+00  0.5260E+00
  0.1414E+00  0.2017E+00  0.1977E+00  0.5193E+00  0.5193E+00
  0.1420E+00  0.7896E+00  0.1805E+00  0.5127E+00  0.5127E+00
  0.1426E+00  0.1566E+00  0.1911E+00  0.5062E+00  0.5062E+00
  0.1432E+00  0.5798E+00  0.1873E+00  0.4999E+00  0.4999E+00
  0.1438E+00  0.7115E+00  0.1864E+00  0.4937E+00  0.4937E+00
  0.1444E+00  0.4102E+00  0.1907E+00  0.4876E+00  0.4876E+00
  0.1450E+00  0.5663E+00  0.1829E+00  0.4816E+00  0.4816E+00
  0.1456E+00  0.4245E+00  0.1774E+00  0.4758E+00  0.4758E+00
  0.1462E+00  0.8713E+00  0.1860E+00  0.4702E+00  0.4702E+00
  0.1468E+00  0.7291E+00  0.1748E+00  0.4646E+00  0.4646E+00
  0.1475E+00  0.3970E+00  0.1862E+00  0.4592E+00  0.4592E+00
  0.1481E+00  0.4498E+00  0.1916E+00  0.4538E+00  0.4538E+00
  0.1487E+00  0.7111E+00  0.1727E+00  0.4486E+00  0.4486E+00
  0.1493E+00  0.1082E+00  0.1802E+00  0.4435E+00  0.4435E+00
  0.1499E+00  0.4914E+00  0.1774E+00  0.4386E+00  0.4386E+00
  0.1505E+00  0.2007E+00  0.1863E+00  0.4337E+00  0.4337E+00
  0.1511E+00  0.3295E+00  0.1914E+00  0.4289E+00  0.4289E+00
  0.1517E+00  0.9509E-01  0.1799E+00  0.4243E+00  0.4243E+00
  0.1529E+00  0.1080E+00  0.1868E+00  0.4153E+00  0.4153E+00
  0.1535E+00  0.1818E+00  0.1662E+00  0.4110E+00  0.4110E+00
  0.1541E+00  0.3618E+00  0.1772E+00  0.4067E+00  0.4067E+00
  0.1548E+00  0.1529E+00  0.1725E+00  0.4026E+00  0.4026E+00
  0.1554E+00  0.3054E+00  0.1860E+00  0.3985E+00  0.3985E+00
  0.1560E+00  0.4265E+00  0.1748E+00  0.3946E+00  0.3946E+00
  0.1566E+00  0.3814E+00  0.1783E+00  0.3907E+00  0.3907E+00
  0.1572E+00  0.2373E+00  0.1660E+00  0.3870E+00  0.3870E+00
  0.1578E+00  0.4311E+00  0.1832E+00  0.3833E+00  0.3833E+00
  0.1584E+00  0.4937E+00  0.1598E+00  0.3797E+00  0.3797E+00
  0.1590E+00  0.5219E+00  0.1687E+00  0.3762E+00  0.3762E+00
  0.1596E+00  0.4302E+00  0.1674E+00  0.3728E+00  0.3728E+00
  0.1602E+00  0.1290E+00  0.1785E+00  0.3694E+00  0.3694E+00
  0.1608E+00  0.1726E+00  0.1722E+00  0.3662E+00  0.3662E+00
  0.1614E+00  0.2991E+00  0.1753E+00  0.3630E+00  0.3630E+00
  0.1620E+00  0.2354E+00  0.1727E+00  0.3599E+00  0.3599E+00
  0.1627E+00  0.4173E+00  0.1627E+00  0.3569E+00  0.3569E+00
  0.1633E+00  0.3699E+00  0.1771E+00  0.3539E+00  0.3539E+00
  0.1639E+00  0.3223E+00  0.1693E+00  0.3510E+00  0.3510E+00
  0.1645E+00  0.2068E+00  0.1800E+00  0.3482E+00  0.3482E+00
  0.1651E+00  0.5196E-01  0.1740E+00  0.3455E+00  0.3455E+00
  0.1657E+00  0.2360E+00  0.1875E+00  0.3428E+00  0.3428E+00
  0.1669E+00  0.2056E+00  0.1653E+00  0.3377E+00  0.3377E+00
  0.1681E+00  0.5320E+00  0.1698E+00  0.3328E+00  0.3328E+00
  0.1687E+00  0.1232E-01  0.1747E+00  0.3304E+00  0.3304E+00
  0.1693E+00  0.1105E-01  0.1804E+00  0.3281E+00  0.3281E+00
  0.1700E+00  0.2508E+00  0.1624E+00  0.3259E+00  0.3259E+00
  0.1706E+00  0.1705E+00  0.1642E+00  0.3237E+00  0.3237E+00
  0.1712E+00  0.3919E+00  0.1629E+00  0.3216E+00  0.3216E+00
  0.1718E+00  0.8519E-01  0.1676E+00  0.3195E+00  0.3195E+00
  0.1724E+00  0.3013E+00  0.1703E+00  0.3175E+00  0.3175E+00
  0.1730E+00  0.4551E+00  0.1692E+00  0.3156E+00  0.3156E+00
  0.1736E+00  0.2219E+00  0.1700E+00  0.3136E+00  0.3136E+00
  0.1742E+00  0.6441E+00  0.1905E+00  0.3118E+00  0.3118E+00
  0.1748E+00  0.9641E-01  0.1530E+00  0.3100E+00  0.3100E+00
  0.1754E+00  0.2246E+00  0.1697E+00  0.3082E+00  0.3082E+00
  0.1760E+00  0.3501E+00  0.1805E+00  0.3065E+00  0.3065E+00
  0.1766E+00  0.2090E+00  0.1603E+00  0.3048E+00  0.3048E+00
  0.1773E+00  0.1536E+00  0.1882E+00  0.3031E+00  0.3031E+00
  0.1779E+00  0.3736E+00  0.1611E+00  0.3015E+00  0.3015E+00
  0.1785E+00  0.2529E+00  0.1629E+00  0.3000E+00  0.3000E+00
  0.1791E+00  0.3801E+00  0.1682E+00  0.2984E+00  0.2984E+00
  0.1797E+00  0.4322E+00  0.1710E+00  0.2969E+00  0.2969E+00
  0.1803E+00  0.1875E+00  0.1708E+00  0.2955E+00  0.2955E+00
  0.1809E+00  0.4414E+00  0.1713E+00  0.2941E+00  0.2941E+00
  0.1815E+00  0.1749E+00  0.1700E+00  0.2927E+00  0.2927E+00
  0.1821E+00  0.2563E+00  0.1590E+00  0.2913E+00  0.2913E+00
  0.1827E+00  0.2652E+00  0.1585E+00  0.2900E+00  0.2900E+00
  0.1833E+00  0.4150E+00  0.1725E+00  0.2887E+00  0.2887E+00
  0.1839E+00  0.1181E+00  0.1573E+00  0.2875E+00  0.2875E+00
  0.1845E+00  0.6581E+00  0.1549E+00  0.2862E+00  0.2862E+00
  0.1852E+00  0.4361E+00  0.1755E+00  0.2850E+00  0.2850E+00
  0.1858E+00  0.2489E+00  0.1634E+00  0.2838E+00  0.2838E+00
  0.1864E+00  0.4519E+00  0.1580E+00  0.2827E+00  0.2827E+00
  0.1870E+00  0.2489E+00  0.1612E+00  0.2815E+00  0.2815E+00
  0.1876E+00  0.5711E+00  0.1578E+00  0.2804E+00  0.2804E+00
  0.1882E+00  0.1990E+00  0.1625E+00  0.2793E+00  0.2793E+00
  0.1888E+00  0.4479E+00  0.1555E+00  0.2783E+00  0.2783E+00
  0.1894E+00  0.4322E+00  0.1595E+00  0.2772E+00  0.2772E+00
  0.1900E+00  0.3398E+00  0.1530E+00  0.2762E+00  0.2762E+00
  0.1906E+00  0.3289E+00  0.1495E+00  0.2752E+00  0.2752E+00
  0.1912E+00  0.1666E+00  0.1465E+00  0.2742E+00  0.2742E+00
  0.1918E+00  0.1644E+00  0.1592E+00  0.2732E+00  0.2732E+00
  0.1925E+00  0.2563E+00  0.1824E+00  0.2723E+00  0.2723E+00
  0.1931E+00  0.5135E+00  0.1576E+00  0.2713E+00  0.2713E+00
  0.1937E+00  0.5082E+00  0.1565E+00  0.2704E+00  0.2704E+00
  0.1943E+00  0.3011E+00  0.1533E+00  0.2695E+00  0.2695E+00
  0.1949E+00  0.2687E+00  0.1525E+00  0.2686E+00  0.2686E+00
  0.1955E+00  0.2166E+00  0.1544E+00  0.2677E+00  0.2677E+00
  0.1961E+00  0.2070E+00  0.1499E+00  0.2668E+00  0.2668E+00
  0.1967E+00  0.4370E+00  0.1610E+00  0.2659E+00  0.2659E+00
  0.1973E+00  0.5247E-01  0.1484E+00  0.2650E+00  0.2650E+00
  0.1979E+00  0.2719E+00  0.1516E+00  0.2642E+00  0.2642E+00
  0.1991E+00  0.1796E+00  0.1561E+00  0.2625E+00  0.2625E+00
  0.1997E+00  0.6247E-01  0.1464E+00  0.2617E+00  0.2617E+00
  0.2004E+00  0.7248E-01  0.1425E+00  0.2609E+00  0.2609E+00
  0.2010E+00  0.2409E+00  0.1496E+00  0.2601E+00  0.2601E+00
  0.2016E+00  0.3623E+00  0.1541E+00  0.2592E+00  0.2592E+00
  0.2022E+00  0.3232E+00  0.1501E+00  0.2584E+00  0.2584E+00
  0.2028E+00  0.3770E+00  0.1552E+00  0.2577E+00  0.2577E+00
  0.2034E+00  0.1298E+00  0.1609E+00  0.2569E+00  0.2569E+00
  0.2040E+00  0.5297E+00  0.1483E+00  0.2561E+00  0.2561E+00
  0.2046E+00  0.3362E+00  0.1517E+00  0.2553E+00  0.2553E+00
  0.2052E+00  0.4069E+00  0.2757E+00  0.2545E+00  0.2545E+00
  0.2058E+00  0.1490E+00  0.1717E+00  0.2537E+00  0.2537E+00
  0.2064E+00  0.5420E-01  0.2528E+00  0.2530E+00  0.2530E+00
  0.2070E+00  0.2749E+00  0.1670E+00  0.2522E+00  0.2522E+00
  0.2077E+00  0.3459E+00  0.1507E+00  0.2515E+00  0.2515E+00
  0.2083E+00  0.3076E+00  0.1490E+00  0.2507E+00  0.2507E+00
  0.2089E+00  0.1256E+00  0.1479E+00  0.2499E+00  0.2499E+00
  0.2095E+00  0.9823E-01  0.1484E+00  0.2492E+00  0.2492E+00
  0.2101E+00  0.1616E+00  0.1475E+00  0.2484E+00  0.2484E+00
  0.2107E+00  0.6423E-01  0.1500E+00  0.2477E+00  0.2477E+00
  0.2113E+00  0.4814E+00  0.1522E+00  0.2469E+00  0.2469E+00
  0.2125E+00  0.6008E-01  0.1452E+00  0.2454E+00  0.2454E+00
  0.2143E+00  0.9737E-01  0.1434E+00  0.2432E+00  0.2432E+00
  0.2149E+00  0.8184E-01  0.1503E+00  0.2425E+00  0.2425E+00
  0.2156E+00  0.4535E-01  0.1437E+00  0.2417E+00  0.2417E+00
  0.2162E+00  0.1524E+00  0.1557E+00  0.2410E+00  0.2410E+00
  0.2168E+00  0.1334E+00  0.1529E+00  0.2403E+00  0.2403E+00
  0.2174E+00  0.1518E+00  0.1491E+00  0.2395E+00  0.2395E+00
  0.2180E+00  0.2141E+00  0.1422E+00  0.2388E+00  0.2388E+00
  0.2192E+00  0.1958E+00  0.1453E+00  0.2373E+00  0.2373E+00
  0.2198E+00  0.1787E+00  0.1468E+00  0.2366E+00  0.2366E+00
  0.2204E+00  0.3061E+00  0.1490E+00  0.2359E+00  0.2359E+00
  0.2210E+00  0.1239E+00  0.1405E+00  0.2352E+00  0.2352E+00
  0.2216E+00  0.3276E+00  0.1516E+00  0.2344E+00  0.2344E+00
  0.2222E+00  0.1561E+00  0.1505E+00  0.2337E+00  0.2337E+00
  0.2228E+00  0.8192E-01  0.1589E+00  0.2330E+00  0.2330E+00
  0.2235E+00  0.1087E+00  0.1426E+00  0.2323E+00  0.2323E+00
  0.2241E+00  0.2255E+00  0.1394E+00  0.2316E+00  0.2316E+00
  0.2247E+00  0.2405E+00  0.1498E+00  0.2309E+00  0.2309E+00
  0.2253E+00  0.4080E+00  0.1465E+00  0.2302E+00  0.2302E+00
  0.2259E+00  0.3002E+00  0.1448E+00  0.2295E+00  0.2295E+00
  0.2265E+00  0.2533E+00  0.1485E+00  0.2288E+00  0.2288E+00
  0.2271E+00  0.2731E+00  0.1363E+00  0.2281E+00  0.2281E+00
  0.2289E+00  0.1507E+00  0.1330E+00  0.2260E+00  0.2260E+00
  0.2295E+00  0.5475E-01  0.1416E+00  0.2253E+00  0.2253E+00
  0.2301E+00  0.2306E+00  0.1415E+00  0.2246E+00  0.2246E+00
  0.2308E+00  0.1114E+00  0.1366E+00  0.2239E+00  0.2239E+00
  0.2314E+00  0.4445E-01  0.1372E+00  0.2233E+00  0.2233E+00
  0.2320E+00  0.1820E+00  0.1354E+00  0.2226E+00  0.2226E+00
  0.2326E+00  0.9781E-02  0.1325E+00  0.2219E+00  0.2219E+00
  0.2332E+00  0.2636E+00  0.1281E+00  0.2213E+00  0.2213E+00
  0.2338E+00  0.1742E+00  0.1369E+00  0.2206E+00  0.2206E+00
  0.2356E+00  0.6239E-01  0.1350E+00  0.2187E+00  0.2187E+00
  0.2362E+00  0.1857E+00  0.1320E+00  0.2181E+00  0.2181E+00
  0.2368E+00  0.6893E-01  0.1413E+00  0.2175E+00  0.2175E+00
  0.2374E+00  0.4687E+00  0.1375E+00  0.2168E+00  0.2168E+00
  0.2380E+00  0.2608E+00  0.1317E+00  0.2162E+00  0.2162E+00
  0.2387E+00  0.2265E+00  0.1317E+00  0.2156E+00  0.2156E+00
  0.2393E+00  0.4174E+00  0.1409E+00  0.2150E+00  0.2150E+00
  0.2399E+00  0.3224E+00  0.3355E+00  0.2144E+00  0.2144E+00
  0.2405E+00  0.3428E+00  0.1360E+00  0.2138E+00  0.2138E+00
  0.2411E+00  0.3056E+00  0.1600E+00  0.2132E+00  0.2132E+00
  0.2417E+00  0.2755E+00  0.1335E+00  0.2127E+00  0.2127E+00
  0.2429E+00  0.3446E+00  0.1281E+00  0.2115E+00  0.2115E+00
  0.2435E+00  0.2146E+00  0.1412E+00  0.2110E+00  0.2110E+00
  0.2441E+00  0.3342E+00  0.1363E+00  0.2104E+00  0.2104E+00
  0.2447E+00  0.4183E+00  0.1335E+00  0.2099E+00  0.2099E+00
  0.2453E+00  0.4413E+00  0.1294E+00  0.2093E+00  0.2093E+00
  0.2460E+00  0.3955E+00  0.1351E+00  0.2088E+00  0.2088E+00
  0.2466E+00  0.6732E+00  0.1335E+00  0.2083E+00  0.2083E+00
  0.2472E+00  0.3376E+00  0.1283E+00  0.2078E+00  0.2078E+00
  0.2478E+00  0.6168E+00  0.1367E+00  0.2073E+00  0.2073E+00
  0.2484E+00  0.2026E+00  0.1294E+00  0.2068E+00  0.2068E+00
  0.2490E+00  0.6209E+00  0.1418E+00  0.2063E+00  0.2063E+00
  0.2496E+00  0.2892E+00  0.1279E+00  0.2058E+00  0.2058E+00
  0.2502E+00  0.2972E+00  0.1313E+00  0.2053E+00  0.2053E+00
  0.2508E+00  0.6959E-01  0.1373E+00  0.2048E+00  0.2048E+00
  0.2514E+00  0.2455E+00  0.1328E+00  0.2043E+00  0.2043E+00
  0.2551E+00  0.5680E-01  0.1295E+00  0.2016E+00  0.2016E+00
  0.2563E+00  0.2701E+00  0.1876E+00  0.2008E+00  0.2008E+00
  0.2575E+00  0.1908E+00  0.1301E+00  0.2000E+00  0.2000E+00
  0.2587E+00  0.8209E-01  0.1273E+00  0.1992E+00  0.1992E+00
  0.2593E+00  0.2518E-01  0.1366E+00  0.1988E+00  0.1988E+00
  0.2599E+00  0.2210E+00  0.1312E+00  0.1984E+00  0.1984E+00
  0.2605E+00  0.3870E-01  0.1413E+00  0.1980E+00  0.1980E+00
  0.2612E+00  0.8645E-01  0.1237E+00  0.1976E+00  0.1976E+00
  0.2618E+00  0.5949E-01  0.1326E+00  0.1972E+00  0.1972E+00
  0.2624E+00  0.2621E+00  0.1295E+00  0.1969E+00  0.1969E+00
  0.2636E+00  0.1203E+00  0.1334E+00  0.1961E+00  0.1961E+00
  0.2654E+00  0.1831E+00  0.1416E+00  0.1951E+00  0.1951E+00
  0.2660E+00  0.3949E-01  0.3254E+00  0.1947E+00  0.1947E+00
  0.2666E+00  0.1843E+00  0.1471E+00  0.1944E+00  0.1944E+00
  0.2684E+00  0.4720E-01  0.1220E+00  0.1933E+00  0.1933E+00
  0.2691E+00  0.3779E-01  0.1313E+00  0.1930E+00  0.1930E+00
  0.2697E+00  0.1313E+00  0.1211E+00  0.1927E+00  0.1927E+00
  0.2703E+00  0.2607E+00  0.1269E+00  0.1923E+00  0.1923E+00
  0.2709E+00  0.2460E+00  0.1212E+00  0.1920E+00  0.1920E+00
  0.2715E+00  0.2503E+00  0.1163E+00  0.1916E+00  0.1916E+00
  0.2721E+00  0.1558E+00  0.1222E+00  0.1913E+00  0.1913E+00
  0.2727E+00  0.1417E+00  0.1173E+00  0.1910E+00  0.1910E+00
  0.2733E+00  0.8544E-01  0.1270E+00  0.1907E+00  0.1907E+00
  0.2739E+00  0.2613E-01  0.1296E+00  0.1903E+00  0.1903E+00
  0.2745E+00  0.1441E+00  0.1205E+00  0.1900E+00  0.1900E+00
  0.2751E+00  0.2284E+00  0.1237E+00  0.1897E+00  0.1897E+00
  0.2757E+00  0.3291E+00  0.1246E+00  0.1893E+00  0.1893E+00
  0.2763E+00  0.2436E+00  0.1237E+00  0.1890E+00  0.1890E+00
  0.2770E+00  0.3052E+00  0.1176E+00  0.1887E+00  0.1887E+00
  0.2776E+00  0.7304E-01  0.1387E+00  0.1883E+00  0.1883E+00
  0.2788E+00  0.2390E+00  0.1241E+00  0.1877E+00  0.1877E+00
  0.2794E+00  0.1496E+00  0.1263E+00  0.1873E+00  0.1873E+00
  0.2800E+00  0.2188E+00  0.1238E+00  0.1870E+00  0.1870E+00
  0.2806E+00  0.1633E+00  0.1243E+00  0.1866E+00  0.1866E+00
  0.2812E+00  0.2595E+00  0.2501E+00  0.1863E+00  0.1863E+00
  0.2818E+00  0.8940E-02  0.1214E+00  0.1859E+00  0.1859E+00
  0.2824E+00  0.2199E+00  0.1207E+00  0.1856E+00  0.1856E+00
  0.2830E+00  0.1080E+00  0.1219E+00  0.1853E+00  0.1853E+00
  0.2836E+00  0.1345E+00  0.1172E+00  0.1849E+00  0.1849E+00
  0.2843E+00  0.1854E+00  0.1218E+00  0.1845E+00  0.1845E+00
  0.2849E+00  0.1751E+00  0.1188E+00  0.1842E+00  0.1842E+00
  0.2855E+00  0.3686E+00  0.1661E+00  0.1838E+00  0.1838E+00
  0.2867E+00  0.3175E+00  0.1211E+00  0.1831E+00  0.1831E+00
  0.2873E+00  0.3192E-01  0.1165E+00  0.1827E+00  0.1827E+00
  0.2879E+00  0.3505E+00  0.1121E+00  0.1823E+00  0.1823E+00
  0.2885E+00  0.3442E+00  0.1251E+00  0.1820E+00  0.1820E+00
  0.2891E+00  0.2412E+00  0.1233E+00  0.1816E+00  0.1816E+00
  0.2897E+00  0.1578E+00  0.1160E+00  0.1812E+00  0.1812E+00
  0.2903E+00  0.2881E+00  0.1180E+00  0.1808E+00  0.1808E+00
  0.2909E+00  0.2675E+00  0.1207E+00  0.1804E+00  0.1804E+00
  0.2915E+00  0.1950E+00  0.1212E+00  0.1800E+00  0.1800E+00
  0.2922E+00  0.3089E+00  0.1153E+00  0.1796E+00  0.1796E+00
  0.2928E+00  0.9912E-01  0.1163E+00  0.1792E+00  0.1792E+00
  0.2934E+00  0.1579E+00  0.1141E+00  0.1788E+00  0.1788E+00
  0.2940E+00  0.1499E+00  0.1181E+00  0.1784E+00  0.1784E+00
  0.2946E+00  0.5426E-01  0.1122E+00  0.1780E+00  0.1780E+00
  0.2952E+00  0.9690E-01  0.1146E+00  0.1776E+00  0.1776E+00
  0.2958E+00  0.2206E+00  0.1138E+00  0.1771E+00  0.1771E+00
  0.2964E+00  0.1477E+00  0.1112E+00  0.1767E+00  0.1767E+00
  0.2970E+00  0.2565E+00  0.1138E+00  0.1763E+00  0.1763E+00
  0.2976E+00  0.2501E+00  0.1119E+00  0.1758E+00  0.1758E+00
  0.2982E+00  0.3067E+00  0.1102E+00  0.1754E+00  0.1754E+00
  0.2988E+00  0.1655E+00  0.1097E+00  0.1750E+00  0.1750E+00
  0.2995E+00  0.2047E+00  0.1121E+00  0.1745E+00  0.1745E+00
  0.3001E+00  0.5798E-01  0.1091E+00  0.1741E+00  0.1741E+00
  0.3007E+00  0.2045E+00  0.1170E+00  0.1736E+00  0.1736E+00
  0.3013E+00  0.6673E-01  0.1112E+00  0.1731E+00  0.1731E+00
  0.3019E+00  0.1401E+00  0.1116E+00  0.1727E+00  0.1727E+00
  0.3025E+00  0.2245E+00  0.1086E+00  0.1722E+00  0.1722E+00
  0.3031E+00  0.6954E-01  0.1136E+00  0.1717E+00  0.1717E+00
  0.3037E+00  0.1525E+00  0.1062E+00  0.1713E+00  0.1713E+00
  0.3043E+00  0.2342E+00  0.1058E+00  0.1708E+00  0.1708E+00
  0.3049E+00  0.1407E+00  0.1115E+00  0.1703E+00  0.1703E+00
  0.3061E+00  0.2436E+00  0.1105E+00  0.1693E+00  0.1693E+00
  0.3067E+00  0.2489E+00  0.1120E+00  0.1688E+00  0.1688E+00
  0.3074E+00  0.1940E+00  0.1108E+00  0.1683E+00  0.1683E+00
  0.3080E+00  0.3847E+00  0.1090E+00  0.1678E+00  0.1678E+00
  0.3086E+00  0.3569E+00  0.1117E+00  0.1673E+00  0.1673E+00
  0.3092E+00  0.3027E+00  0.1050E+00  0.1668E+00  0.1668E+00
  0.3098E+00  0.2125E+00  0.1127E+00  0.1663E+00  0.1663E+00
  0.3104E+00  0.2259E+00  0.9992E-01  0.1658E+00  0.1658E+00
  0.3110E+00  0.3131E+00  0.1235E+00  0.1653E+00  0.1653E+00
  0.3116E+00  0.2341E+00  0.1118E+00  0.1648E+00  0.1648E+00
  0.3122E+00  0.2105E+00  0.1582E+00  0.1643E+00  0.1643E+00
  0.3128E+00  0.2988E+00  0.1113E+00  0.1638E+00  0.1638E+00
  0.3140E+00  0.1190E+00  0.1125E+00  0.1627E+00  0.1627E+00
  0.3146E+00  0.1897E+00  0.1034E+00  0.1622E+00  0.1622E+00
  0.3153E+00  0.1484E+00  0.1090E+00  0.1617E+00  0.1617E+00
  0.3159E+00  0.4194E-01  0.1157E+00  0.1612E+00  0.1612E+00
  0.3165E+00  0.4739E+00  0.1269E+00  0.1606E+00  0.1606E+00
  0.3177E+00  0.3897E+00  0.1460E+00  0.1596E+00  0.1596E+00
  0.3183E+00  0.2226E+00  0.1864E+00  0.1590E+00  0.1590E+00
  0.3189E+00  0.4396E+00  0.1496E+00  0.1585E+00  0.1585E+00
  0.3195E+00  0.1437E+00  0.1679E+00  0.1580E+00  0.1580E+00
  0.3201E+00  0.5028E+00  0.6934E+00  0.1575E+00  0.1575E+00
  0.3207E+00  0.3740E+00  0.1730E+00  0.1569E+00  0.1569E+00
  0.3213E+00  0.1374E+00  0.1974E+00  0.1564E+00  0.1564E+00
  0.3219E+00  0.2226E+00  0.2645E+00  0.1559E+00  0.1559E+00
  0.3225E+00  0.1305E+01  0.6859E+00  0.1553E+00  0.1553E+00

           Distance distribution  function of particle  


       R          P(R)      ERROR

  0.0000E+00  0.0000E+00  0.0000E+00
  0.7923E+00  0.9818E-03  0.4819E-04
  0.1585E+01  0.1870E-02  0.8273E-04
  0.2377E+01  0.2668E-02  0.1044E-03
  0.3169E+01  0.3383E-02  0.1147E-03
  0.3962E+01  0.4022E-02  0.1152E-03
  0.4754E+01  0.4597E-02  0.1086E-03
  0.5546E+01  0.5119E-02  0.9811E-04
  0.6338E+01  0.5600E-02  0.8832E-04
  0.7131E+01  0.6054E-02  0.8458E-04
  0.7923E+01  0.6493E-02  0.9034E-04
  0.8715E+01  0.6928E-02  0.1043E-03
  0.9508E+01  0.7372E-02  0.1222E-03
  0.1030E+02  0.7832E-02  0.1404E-03
  0.1109E+02  0.8315E-02  0.1566E-03
  0.1188E+02  0.8828E-02  0.1694E-03
  0.1268E+02  0.9372E-02  0.1783E-03
  0.1347E+02  0.9947E-02  0.1833E-03
  0.1426E+02  0.1055E-01  0.1852E-03
  0.1505E+02  0.1118E-01  0.1852E-03
  0.1585E+02  0.1182E-01  0.1846E-03
  0.1664E+02  0.1248E-01  0.1851E-03
  0.1743E+02  0.1313E-01  0.1877E-03
  0.1822E+02  0.1378E-01  0.1932E-03
  0.1902E+02  0.1440E-01  0.2014E-03
  0.1981E+02  0.1499E-01  0.2115E-03
  0.2060E+02  0.1554E-01  0.2225E-03
  0.2139E+02  0.1604E-01  0.2333E-03
  0.2218E+02  0.1648E-01  0.2432E-03
  0.2298E+02  0.1685E-01  0.2516E-03
  0.2377E+02  0.1715E-01  0.2585E-03
  0.2456E+02  0.1737E-01  0.2640E-03
  0.2535E+02  0.1752E-01  0.2685E-03
  0.2615E+02  0.1759E-01  0.2727E-03
  0.2694E+02  0.1760E-01  0.2771E-03
  0.2773E+02  0.1753E-01  0.2821E-03
  0.2852E+02  0.1739E-01  0.2878E-03
  0.2932E+02  0.1720E-01  0.2942E-03
  0.3011E+02  0.1696E-01  0.3007E-03
  0.3090E+02  0.1667E-01  0.3070E-03
  0.3169E+02  0.1634E-01  0.3123E-03
  0.3248E+02  0.1599E-01  0.3163E-03
  0.3328E+02  0.1560E-01  0.3185E-03
  0.3407E+02  0.1520E-01  0.3189E-03
  0.3486E+02  0.1479E-01  0.3177E-03
  0.3565E+02  0.1436E-01  0.3153E-03
  0.3645E+02  0.1393E-01  0.3122E-03
  0.3724E+02  0.1350E-01  0.3091E-03
  0.3803E+02  0.1306E-01  0.3066E-03
  0.3882E+02  0.1262E-01  0.3054E-03
  0.3962E+02  0.1218E-01  0.3055E-03
  0.4041E+02  0.1174E-01  0.3071E-03
  0.4120E+02  0.1129E-01  0.3097E-03
  0.4199E+02  0.1084E-01  0.3130E-03
  0.4278E+02  0.1039E-01  0.3164E-03
  0.4358E+02  0.9941E-02  0.3193E-03
  0.4437E+02  0.9485E-02  0.3214E-03
  0.4516E+02  0.9028E-02  0.3226E-03
  0.4595E+02  0.8571E-02  0.3228E-03
  0.4675E+02  0.8115E-02  0.3223E-03
  0.4754E+02  0.7663E-02  0.3215E-03
  0.4833E+02  0.7217E-02  0.3206E-03
  0.4912E+02  0.6780E-02  0.3203E-03
  0.4991E+02  0.6355E-02  0.3206E-03
  0.5071E+02  0.5944E-02  0.3219E-03
  0.5150E+02  0.5551E-02  0.3239E-03
  0.5229E+02  0.5178E-02  0.3266E-03
  0.5308E+02  0.4826E-02  0.3295E-03
  0.5388E+02  0.4497E-02  0.3324E-03
  0.5467E+02  0.4193E-02  0.3350E-03
  0.5546E+02  0.3913E-02  0.3368E-03
  0.5625E+02  0.3658E-02  0.3380E-03
  0.5705E+02  0.3426E-02  0.3384E-03
  0.5784E+02  0.3216E-02  0.3381E-03
  0.5863E+02  0.3025E-02  0.3374E-03
  0.5942E+02  0.2853E-02  0.3366E-03
  0.6021E+02  0.2695E-02  0.3359E-03
  0.6101E+02  0.2551E-02  0.3354E-03
  0.6180E+02  0.2416E-02  0.3353E-03
  0.6259E+02  0.2289E-02  0.3356E-03
  0.6338E+02  0.2168E-02  0.3361E-03
  0.6418E+02  0.2050E-02  0.3367E-03
  0.6497E+02  0.1933E-02  0.3372E-03
  0.6576E+02  0.1818E-02  0.3372E-03
  0.6655E+02  0.1703E-02  0.3365E-03
  0.6735E+02  0.1588E-02  0.3349E-03
  0.6814E+02  0.1473E-02  0.3321E-03
  0.6893E+02  0.1358E-02  0.3280E-03
  0.6972E+02  0.1244E-02  0.3223E-03
  0.7051E+02  0.1131E-02  0.3148E-03
  0.7131E+02  0.1020E-02  0.3052E-03
  0.7210E+02  0.9122E-03  0.2931E-03
  0.7289E+02  0.8069E-03  0.2782E-03
  0.7368E+02  0.7046E-03  0.2599E-03
  0.7448E+02  0.6048E-03  0.2379E-03
  0.7527E+02  0.5070E-03  0.2116E-03
  0.7606E+02  0.4101E-03  0.1805E-03
  0.7685E+02  0.3128E-03  0.1441E-03
  0.7765E+02  0.2133E-03  0.1021E-03
  0.7844E+02  0.1097E-03  0.5416E-04
  0.7923E+02  0.0000E+00  0.0000E+00
          Reciprocal space: Rg =   24.06     , I(0) =   0.7934E+01
     Real space: Rg =   24.08 +- 0.361  I(0) =   0.7934E+01 +-  0.1308E+00
