
           ####    G N O M   ---   Version 4.5a revised 09/02/02     ####

                                                  Sat Nov  4 16:51:54 2017
           ===    Run No   1   ===
 Run title:  0.000132994 0 0


  Number of points omitted at the end:         231
   *******   Working Directory :
   *******    Input file(s) : 25533_02D_S073_0_01.sub
           Condition P(rmin) = 0 is used. 
           Condition P(rmax) = 0 is used. 

          Experimental conditions for the first run
          -----------------------------------------

          Highest ALPHA is found to be   0.1513E+03

  The measure of inconsistency AN1 equals to    0.1073E+01

          Warning: using the chosen range in the real space 
             it is not possible to fit the data set within the
             given error band. 
     Alpha    Discrp  Oscill  Stabil  Sysdev  Positv  Valcen    Total   
  0.1513E+06 59.5686  1.1574  0.8996  0.0000  1.0000  0.8636  0.00001
  0.3025E+05 44.1519  1.1570  0.6591  0.2533  1.0000  0.8644  0.00001
  0.6051E+04 20.9241  1.1616  0.2845  0.0792  1.0000  0.8671  0.00001
  0.1210E+04  8.4948  1.2178  0.1063  0.0897  1.0000  0.8704  0.00001
  0.2420E+03  3.1174  1.3492  0.0615  0.2797  1.0000  0.8703  0.00001
  0.4841E+02  1.2909  1.4318  0.0226  0.6438  1.0000  0.8706  0.50499
  0.9682E+01  0.9893  1.4687  0.0126  0.6702  1.0000  0.8717  0.46269
  0.1936E+01  0.9362  1.5032  0.0155  0.6491  1.0000  0.8722  0.10000
  0.3873E+00  0.9064  1.6077  0.0315  0.6596  1.0000  0.8719  0.10000
  0.7745E-01  0.8709  2.1322  0.0784  0.6807  0.9998  0.8682  0.10000
  0.1549E-01  0.8404  3.3432  0.0756  0.6649  0.9967  0.8552  0.10000
  0.3098E-02  0.8261  5.1748  0.2183  0.6755  0.9875  0.8270  0.10000
  0.6196E-03  0.8094  9.2934  0.3060  0.6491  0.9445  0.7360  0.10000
  0.1239E-03  0.7979 13.4188  0.5598  0.6702  0.8732  0.5685  0.10000
  0.2478E-04  0.7804 14.7871  0.8265  0.6702  0.7989  0.3599  0.10000
  0.4957E-05  0.7524 14.2684  0.4352  0.6966  0.7470  0.3330  0.10000
  0.9914E-06  0.7387 16.0858  0.4654  0.6966  0.7286  0.3302  0.10000
  0.1983E-06  0.7255 16.9335  0.8885  0.7177  0.7160  0.2994  0.10000
  0.3966E-07  0.7011 15.3961  0.5186  0.6966  0.7084  0.3159  0.10000
  0.7931E-08  0.6866 16.6888  0.3790  0.7124  0.7078  0.3285  0.10000
  0.1586E-08  0.6760 18.4962  0.9411  0.6913  0.7107  0.3556  0.10000
  0.3172E-09  0.6485 16.5182  0.7112  0.6860  0.7022  0.3632  0.10000
  0.6345E-10  0.6070 18.4179  0.4921  0.6860  0.7089  0.3943  0.10000
  0.1269E-10  0.5417 25.7686  0.5400  0.7177  0.7383  0.4097  0.10000
  0.2538E-11  0.4259 34.0274  0.4714  0.7493  0.7141  0.3984  0.10000
  0.5076E-12  0.2773 41.7886  0.3983  0.7388  0.7177  0.3591  0.10000
  0.1015E-12  0.1324 46.7055  0.2882  0.7282  0.7428  0.3659  0.10000
  0.2030E-13  0.0432 48.0284  0.1344  0.7810  0.7653  0.3410  0.10000
  0.4061E-14  0.0103 48.2908  0.0368  0.7916  0.7755  0.3275  0.10000
  0.8122E-15  0.0021 48.3444  0.0079  0.7916  0.7781  0.3240  0.10000
  0.1624E-15  0.0004 48.3552  0.0016  0.7916  0.7786  0.3232  0.10000

          ***  Golden section search to maximize estimate ***
     Alpha    Discrp  Oscill  Stabil  Sysdev  Positv  Valcen    Total   
  0.8952E+02  1.6820  1.4085  0.0331  0.4644  1.0000  0.8702  0.48786
  0.3828E+02  1.2024  1.4387  0.0199  0.6755  1.0000  0.8707  0.50869
  0.3311E+02  1.1593  1.4427  0.0186  0.6755  1.0000  0.8708  0.50540
  0.4187E+02  1.2332  1.4362  0.0208  0.6755  1.0000  0.8707  0.51014
  0.4426E+02  1.2540  1.4345  0.0215  0.6755  1.0000  0.8706  0.51076
  0.4580E+02  1.2676  1.4335  0.0219  0.6438  1.0000  0.8706  0.50473
  0.4333E+02  1.2459  1.4352  0.0212  0.6966  1.0000  0.8706  0.51649
  0.4276E+02  1.2409  1.4355  0.0211  0.6860  1.0000  0.8707  0.51318
  0.4368E+02  1.2489  1.4349  0.0213  0.6755  1.0000  0.8706  0.51063
  0.4311E+02  1.2440  1.4353  0.0212  0.6966  1.0000  0.8706  0.51644
  0.4346E+02  1.2470  1.4351  0.0213  0.6860  1.0000  0.8706  0.51336
  0.4333E+02  1.2459  1.4352  0.0212  0.6966  1.0000  0.8706  0.51649



             ####            Final results            ####

 Parameter    DISCRP    OSCILL    STABIL    SYSDEV    POSITV    VALCEN
 Weight        1.000     3.000     3.000     4.000     1.000     1.000
 Sigma         0.500     0.600     0.120     0.200     0.120     0.120
 Ideal         1.000     1.100     0.000     1.000     1.000     0.950
 Current       1.246     1.435     0.021     0.697     1.000     0.871
                - - - - - - - - - - - - - - - - - - - - - - - - - 
 Estimate      0.785     0.732     0.969     0.100     1.000     0.646

  Angular   range    :     from    0.0085   to    0.2977
  Real space range   :     from      0.00   to     89.81

  Highest ALPHA (theor) :   0.151E+06                 JOB = 0
  Current ALPHA         :   0.433E+02   Rg :  0.260E+02   I(0) :   0.519E+03

           Total  estimate : 0.516  which is  A REASONABLE  solution

      S          J EXP       ERROR       J REG       I REG

  0.0000E+00                                      0.5187E+03
  0.7751E-03                                      0.5187E+03
  0.1550E-02                                      0.5185E+03
  0.2325E-02                                      0.5181E+03
  0.3100E-02                                      0.5176E+03
  0.3875E-02                                      0.5170E+03
  0.4651E-02                                      0.5162E+03
  0.5426E-02                                      0.5153E+03
  0.6201E-02                                      0.5143E+03
  0.6976E-02                                      0.5131E+03
  0.7751E-02                                      0.5118E+03
  0.8526E-02  0.7225E+03  0.6775E+02  0.5103E+03  0.5103E+03
  0.9289E-02  0.5426E+03  0.5454E+02  0.5088E+03  0.5088E+03
  0.1005E-01  0.6116E+03  0.3420E+02  0.5071E+03  0.5071E+03
  0.1082E-01  0.5941E+03  0.2490E+02  0.5053E+03  0.5053E+03
  0.1158E-01  0.5763E+03  0.1924E+02  0.5033E+03  0.5033E+03
  0.1234E-01  0.5454E+03  0.1483E+02  0.5013E+03  0.5013E+03
  0.1310E-01  0.5375E+03  0.1273E+02  0.4991E+03  0.4991E+03
  0.1387E-01  0.5487E+03  0.8883E+01  0.4968E+03  0.4968E+03
  0.1463E-01  0.5221E+03  0.7579E+01  0.4944E+03  0.4944E+03
  0.1539E-01  0.5213E+03  0.6744E+01  0.4919E+03  0.4919E+03
  0.1616E-01  0.5143E+03  0.6410E+01  0.4892E+03  0.4892E+03
  0.1692E-01  0.5053E+03  0.5701E+01  0.4865E+03  0.4865E+03
  0.1768E-01  0.5037E+03  0.5362E+01  0.4836E+03  0.4836E+03
  0.1845E-01  0.4967E+03  0.5199E+01  0.4807E+03  0.4807E+03
  0.1921E-01  0.4959E+03  0.4698E+01  0.4776E+03  0.4776E+03
  0.1997E-01  0.4983E+03  0.4639E+01  0.4745E+03  0.4745E+03
  0.2073E-01  0.4839E+03  0.4286E+01  0.4712E+03  0.4712E+03
  0.2150E-01  0.4708E+03  0.4205E+01  0.4679E+03  0.4679E+03
  0.2226E-01  0.4674E+03  0.4322E+01  0.4644E+03  0.4644E+03
  0.2302E-01  0.4606E+03  0.3997E+01  0.4609E+03  0.4609E+03
  0.2379E-01  0.4591E+03  0.3969E+01  0.4573E+03  0.4573E+03
  0.2455E-01  0.4541E+03  0.3756E+01  0.4536E+03  0.4536E+03
  0.2531E-01  0.4505E+03  0.3606E+01  0.4498E+03  0.4498E+03
  0.2608E-01  0.4406E+03  0.3629E+01  0.4460E+03  0.4460E+03
  0.2684E-01  0.4422E+03  0.3437E+01  0.4420E+03  0.4420E+03
  0.2760E-01  0.4345E+03  0.3536E+01  0.4381E+03  0.4381E+03
  0.2836E-01  0.4295E+03  0.3337E+01  0.4340E+03  0.4340E+03
  0.2913E-01  0.4256E+03  0.3287E+01  0.4299E+03  0.4299E+03
  0.2989E-01  0.4173E+03  0.3108E+01  0.4257E+03  0.4257E+03
  0.3065E-01  0.4177E+03  0.3049E+01  0.4215E+03  0.4215E+03
  0.3142E-01  0.4145E+03  0.2989E+01  0.4172E+03  0.4172E+03
  0.3218E-01  0.4037E+03  0.2894E+01  0.4128E+03  0.4128E+03
  0.3294E-01  0.4072E+03  0.2911E+01  0.4084E+03  0.4084E+03
  0.3371E-01  0.3979E+03  0.2846E+01  0.4040E+03  0.4040E+03
  0.3447E-01  0.3934E+03  0.2785E+01  0.3995E+03  0.3995E+03
  0.3523E-01  0.3943E+03  0.2822E+01  0.3950E+03  0.3950E+03
  0.3599E-01  0.3873E+03  0.2680E+01  0.3904E+03  0.3904E+03
  0.3676E-01  0.3843E+03  0.2733E+01  0.3859E+03  0.3859E+03
  0.3752E-01  0.3797E+03  0.2628E+01  0.3813E+03  0.3813E+03
  0.3828E-01  0.3752E+03  0.2692E+01  0.3766E+03  0.3766E+03
  0.3905E-01  0.3725E+03  0.2659E+01  0.3720E+03  0.3720E+03
  0.3981E-01  0.3666E+03  0.2581E+01  0.3673E+03  0.3673E+03
  0.4057E-01  0.3572E+03  0.2591E+01  0.3626E+03  0.3626E+03
  0.4134E-01  0.3539E+03  0.2455E+01  0.3579E+03  0.3579E+03
  0.4210E-01  0.3453E+03  0.2485E+01  0.3532E+03  0.3532E+03
  0.4286E-01  0.3424E+03  0.2376E+01  0.3485E+03  0.3485E+03
  0.4362E-01  0.3401E+03  0.2394E+01  0.3437E+03  0.3437E+03
  0.4439E-01  0.3414E+03  0.2359E+01  0.3390E+03  0.3390E+03
  0.4515E-01  0.3317E+03  0.2310E+01  0.3343E+03  0.3343E+03
  0.4591E-01  0.3281E+03  0.2329E+01  0.3296E+03  0.3296E+03
  0.4668E-01  0.3215E+03  0.2318E+01  0.3248E+03  0.3248E+03
  0.4744E-01  0.3180E+03  0.2299E+01  0.3201E+03  0.3201E+03
  0.4820E-01  0.3138E+03  0.2297E+01  0.3154E+03  0.3154E+03
  0.4897E-01  0.3112E+03  0.2253E+01  0.3107E+03  0.3107E+03
  0.4973E-01  0.3043E+03  0.2237E+01  0.3061E+03  0.3061E+03
  0.5049E-01  0.2999E+03  0.2143E+01  0.3014E+03  0.3014E+03
  0.5125E-01  0.2967E+03  0.2149E+01  0.2968E+03  0.2968E+03
  0.5202E-01  0.2926E+03  0.2146E+01  0.2922E+03  0.2922E+03
  0.5278E-01  0.2887E+03  0.2113E+01  0.2876E+03  0.2876E+03
  0.5354E-01  0.2836E+03  0.2117E+01  0.2830E+03  0.2830E+03
  0.5431E-01  0.2768E+03  0.2105E+01  0.2785E+03  0.2785E+03
  0.5507E-01  0.2757E+03  0.2087E+01  0.2740E+03  0.2740E+03
  0.5583E-01  0.2675E+03  0.2058E+01  0.2695E+03  0.2695E+03
  0.5660E-01  0.2641E+03  0.2031E+01  0.2651E+03  0.2651E+03
  0.5736E-01  0.2651E+03  0.1998E+01  0.2607E+03  0.2607E+03
  0.5812E-01  0.2621E+03  0.1929E+01  0.2563E+03  0.2563E+03
  0.5888E-01  0.2585E+03  0.1933E+01  0.2520E+03  0.2520E+03
  0.5965E-01  0.2494E+03  0.1893E+01  0.2477E+03  0.2477E+03
  0.6041E-01  0.2431E+03  0.1895E+01  0.2434E+03  0.2434E+03
  0.6117E-01  0.2374E+03  0.1922E+01  0.2392E+03  0.2392E+03
  0.6194E-01  0.2380E+03  0.1918E+01  0.2350E+03  0.2350E+03
  0.6270E-01  0.2337E+03  0.1926E+01  0.2309E+03  0.2309E+03
  0.6346E-01  0.2338E+03  0.1838E+01  0.2268E+03  0.2268E+03
  0.6423E-01  0.2285E+03  0.1904E+01  0.2228E+03  0.2228E+03
  0.6499E-01  0.2240E+03  0.1885E+01  0.2188E+03  0.2188E+03
  0.6575E-01  0.2210E+03  0.1860E+01  0.2148E+03  0.2148E+03
  0.6651E-01  0.2148E+03  0.1837E+01  0.2109E+03  0.2109E+03
  0.6728E-01  0.2115E+03  0.1775E+01  0.2071E+03  0.2071E+03
  0.6804E-01  0.2077E+03  0.1817E+01  0.2033E+03  0.2033E+03
  0.6880E-01  0.2044E+03  0.1738E+01  0.1995E+03  0.1995E+03
  0.6957E-01  0.2001E+03  0.1725E+01  0.1958E+03  0.1958E+03
  0.7033E-01  0.1952E+03  0.1734E+01  0.1921E+03  0.1921E+03
  0.7109E-01  0.1918E+03  0.1712E+01  0.1885E+03  0.1885E+03
  0.7186E-01  0.1886E+03  0.1723E+01  0.1850E+03  0.1850E+03
  0.7262E-01  0.1862E+03  0.1670E+01  0.1815E+03  0.1815E+03
  0.7338E-01  0.1799E+03  0.1720E+01  0.1780E+03  0.1780E+03
  0.7414E-01  0.1746E+03  0.1712E+01  0.1746E+03  0.1746E+03
  0.7491E-01  0.1725E+03  0.1658E+01  0.1712E+03  0.1712E+03
  0.7567E-01  0.1713E+03  0.1663E+01  0.1679E+03  0.1679E+03
  0.7643E-01  0.1711E+03  0.1689E+01  0.1647E+03  0.1647E+03
  0.7720E-01  0.1637E+03  0.1631E+01  0.1614E+03  0.1614E+03
  0.7796E-01  0.1639E+03  0.1595E+01  0.1583E+03  0.1583E+03
  0.7872E-01  0.1600E+03  0.1635E+01  0.1552E+03  0.1552E+03
  0.7949E-01  0.1542E+03  0.1628E+01  0.1521E+03  0.1521E+03
  0.8025E-01  0.1518E+03  0.1573E+01  0.1491E+03  0.1491E+03
  0.8101E-01  0.1466E+03  0.1608E+01  0.1461E+03  0.1461E+03
  0.8177E-01  0.1461E+03  0.1569E+01  0.1432E+03  0.1432E+03
  0.8254E-01  0.1434E+03  0.1590E+01  0.1404E+03  0.1404E+03
  0.8330E-01  0.1425E+03  0.1539E+01  0.1375E+03  0.1375E+03
  0.8406E-01  0.1414E+03  0.1539E+01  0.1348E+03  0.1348E+03
  0.8483E-01  0.1372E+03  0.1541E+01  0.1320E+03  0.1320E+03
  0.8559E-01  0.1343E+03  0.1502E+01  0.1294E+03  0.1294E+03
  0.8635E-01  0.1286E+03  0.1515E+01  0.1267E+03  0.1267E+03
  0.8712E-01  0.1258E+03  0.1498E+01  0.1241E+03  0.1241E+03
  0.8788E-01  0.1227E+03  0.1485E+01  0.1216E+03  0.1216E+03
  0.8864E-01  0.1199E+03  0.1489E+01  0.1191E+03  0.1191E+03
  0.8940E-01  0.1180E+03  0.1445E+01  0.1167E+03  0.1167E+03
  0.9017E-01  0.1177E+03  0.1462E+01  0.1142E+03  0.1142E+03
  0.9093E-01  0.1137E+03  0.1428E+01  0.1119E+03  0.1119E+03
  0.9169E-01  0.1140E+03  0.1438E+01  0.1096E+03  0.1096E+03
  0.9246E-01  0.1115E+03  0.1443E+01  0.1073E+03  0.1073E+03
  0.9322E-01  0.1066E+03  0.1424E+01  0.1050E+03  0.1050E+03
  0.9398E-01  0.1028E+03  0.1459E+01  0.1028E+03  0.1028E+03
  0.9475E-01  0.1007E+03  0.1435E+01  0.1007E+03  0.1007E+03
  0.9551E-01  0.9819E+02  0.1451E+01  0.9855E+02  0.9855E+02
  0.9627E-01  0.9748E+02  0.1427E+01  0.9647E+02  0.9647E+02
  0.9703E-01  0.9538E+02  0.1387E+01  0.9443E+02  0.9443E+02
  0.9780E-01  0.9352E+02  0.1369E+01  0.9242E+02  0.9242E+02
  0.9856E-01  0.9150E+02  0.1360E+01  0.9046E+02  0.9046E+02
  0.9932E-01  0.8773E+02  0.1369E+01  0.8853E+02  0.8853E+02
  0.1001E+00  0.8649E+02  0.1342E+01  0.8663E+02  0.8663E+02
  0.1008E+00  0.8570E+02  0.1308E+01  0.8478E+02  0.8478E+02
  0.1016E+00  0.8258E+02  0.1344E+01  0.8295E+02  0.8295E+02
  0.1024E+00  0.8163E+02  0.1325E+01  0.8116E+02  0.8116E+02
  0.1031E+00  0.7912E+02  0.1339E+01  0.7941E+02  0.7941E+02
  0.1039E+00  0.7659E+02  0.1321E+01  0.7769E+02  0.7769E+02
  0.1047E+00  0.7414E+02  0.1355E+01  0.7601E+02  0.7601E+02
  0.1054E+00  0.7546E+02  0.1341E+01  0.7435E+02  0.7435E+02
  0.1062E+00  0.7253E+02  0.1335E+01  0.7273E+02  0.7273E+02
  0.1070E+00  0.7125E+02  0.1326E+01  0.7114E+02  0.7114E+02
  0.1077E+00  0.6874E+02  0.1282E+01  0.6958E+02  0.6958E+02
  0.1085E+00  0.6671E+02  0.1328E+01  0.6806E+02  0.6806E+02
  0.1092E+00  0.6671E+02  0.1300E+01  0.6656E+02  0.6656E+02
  0.1100E+00  0.6542E+02  0.1278E+01  0.6509E+02  0.6509E+02
  0.1108E+00  0.6061E+02  0.1285E+01  0.6366E+02  0.6366E+02
  0.1115E+00  0.6229E+02  0.1256E+01  0.6225E+02  0.6225E+02
  0.1123E+00  0.5728E+02  0.1272E+01  0.6087E+02  0.6087E+02
  0.1131E+00  0.5577E+02  0.1235E+01  0.5952E+02  0.5952E+02
  0.1138E+00  0.5630E+02  0.1245E+01  0.5820E+02  0.5820E+02
  0.1146E+00  0.5596E+02  0.1228E+01  0.5690E+02  0.5690E+02
  0.1153E+00  0.5595E+02  0.1222E+01  0.5563E+02  0.5563E+02
  0.1161E+00  0.5319E+02  0.1256E+01  0.5439E+02  0.5439E+02
  0.1169E+00  0.5162E+02  0.1231E+01  0.5318E+02  0.5318E+02
  0.1176E+00  0.4964E+02  0.1249E+01  0.5199E+02  0.5199E+02
  0.1184E+00  0.4920E+02  0.1242E+01  0.5083E+02  0.5083E+02
  0.1192E+00  0.4955E+02  0.1242E+01  0.4969E+02  0.4969E+02
  0.1199E+00  0.4927E+02  0.1237E+01  0.4858E+02  0.4858E+02
  0.1207E+00  0.4824E+02  0.1231E+01  0.4749E+02  0.4749E+02
  0.1215E+00  0.4661E+02  0.1226E+01  0.4643E+02  0.4643E+02
  0.1222E+00  0.4460E+02  0.1217E+01  0.4539E+02  0.4539E+02
  0.1230E+00  0.4336E+02  0.1218E+01  0.4437E+02  0.4437E+02
  0.1237E+00  0.4541E+02  0.1197E+01  0.4338E+02  0.4338E+02
  0.1245E+00  0.3999E+02  0.1194E+01  0.4241E+02  0.4241E+02
  0.1253E+00  0.4208E+02  0.1200E+01  0.4146E+02  0.4146E+02
  0.1260E+00  0.4187E+02  0.1193E+01  0.4054E+02  0.4054E+02
  0.1268E+00  0.4040E+02  0.1199E+01  0.3964E+02  0.3964E+02
  0.1276E+00  0.3842E+02  0.1200E+01  0.3875E+02  0.3875E+02
  0.1283E+00  0.3650E+02  0.1188E+01  0.3790E+02  0.3790E+02
  0.1291E+00  0.3431E+02  0.1210E+01  0.3706E+02  0.3706E+02
  0.1298E+00  0.3485E+02  0.1165E+01  0.3624E+02  0.3624E+02
  0.1306E+00  0.3452E+02  0.1194E+01  0.3544E+02  0.3544E+02
  0.1314E+00  0.3382E+02  0.1195E+01  0.3467E+02  0.3467E+02
  0.1321E+00  0.3440E+02  0.1197E+01  0.3391E+02  0.3391E+02
  0.1329E+00  0.3114E+02  0.1199E+01  0.3317E+02  0.3317E+02
  0.1337E+00  0.2881E+02  0.1189E+01  0.3245E+02  0.3245E+02
  0.1344E+00  0.3244E+02  0.1200E+01  0.3175E+02  0.3175E+02
  0.1352E+00  0.3104E+02  0.1183E+01  0.3107E+02  0.3107E+02
  0.1359E+00  0.3239E+02  0.1201E+01  0.3041E+02  0.3041E+02
  0.1367E+00  0.2987E+02  0.1194E+01  0.2976E+02  0.2976E+02
  0.1375E+00  0.2727E+02  0.1194E+01  0.2913E+02  0.2913E+02
  0.1382E+00  0.2789E+02  0.1205E+01  0.2852E+02  0.2852E+02
  0.1390E+00  0.2566E+02  0.1208E+01  0.2793E+02  0.2793E+02
  0.1398E+00  0.2570E+02  0.1221E+01  0.2735E+02  0.2735E+02
  0.1405E+00  0.2704E+02  0.1230E+01  0.2679E+02  0.2679E+02
  0.1413E+00  0.2666E+02  0.1220E+01  0.2624E+02  0.2624E+02
  0.1421E+00  0.2786E+02  0.1232E+01  0.2571E+02  0.2571E+02
  0.1428E+00  0.2599E+02  0.1216E+01  0.2520E+02  0.2520E+02
  0.1436E+00  0.2237E+02  0.1217E+01  0.2470E+02  0.2470E+02
  0.1443E+00  0.2312E+02  0.1211E+01  0.2421E+02  0.2421E+02
  0.1451E+00  0.2395E+02  0.1228E+01  0.2374E+02  0.2374E+02
  0.1459E+00  0.2012E+02  0.1200E+01  0.2328E+02  0.2328E+02
  0.1466E+00  0.2003E+02  0.1183E+01  0.2284E+02  0.2284E+02
  0.1474E+00  0.1982E+02  0.1205E+01  0.2241E+02  0.2241E+02
  0.1482E+00  0.2128E+02  0.1179E+01  0.2199E+02  0.2199E+02
  0.1489E+00  0.2328E+02  0.1183E+01  0.2158E+02  0.2158E+02
  0.1497E+00  0.2044E+02  0.1179E+01  0.2119E+02  0.2119E+02
  0.1504E+00  0.2094E+02  0.1174E+01  0.2080E+02  0.2080E+02
  0.1512E+00  0.1978E+02  0.1191E+01  0.2043E+02  0.2043E+02
  0.1520E+00  0.1978E+02  0.1194E+01  0.2007E+02  0.2007E+02
  0.1527E+00  0.1717E+02  0.1210E+01  0.1972E+02  0.1972E+02
  0.1535E+00  0.1630E+02  0.1199E+01  0.1938E+02  0.1938E+02
  0.1543E+00  0.1668E+02  0.1211E+01  0.1905E+02  0.1905E+02
  0.1550E+00  0.1997E+02  0.1230E+01  0.1873E+02  0.1873E+02
  0.1558E+00  0.1973E+02  0.1219E+01  0.1842E+02  0.1842E+02
  0.1565E+00  0.2031E+02  0.1230E+01  0.1812E+02  0.1812E+02
  0.1573E+00  0.2002E+02  0.1226E+01  0.1783E+02  0.1783E+02
  0.1581E+00  0.1666E+02  0.1237E+01  0.1754E+02  0.1754E+02
  0.1588E+00  0.1573E+02  0.1220E+01  0.1727E+02  0.1727E+02
  0.1596E+00  0.1614E+02  0.1187E+01  0.1700E+02  0.1700E+02
  0.1604E+00  0.1711E+02  0.1201E+01  0.1674E+02  0.1674E+02
  0.1611E+00  0.1638E+02  0.1190E+01  0.1649E+02  0.1649E+02
  0.1619E+00  0.1466E+02  0.1190E+01  0.1624E+02  0.1624E+02
  0.1627E+00  0.1513E+02  0.1163E+01  0.1600E+02  0.1600E+02
  0.1634E+00  0.1301E+02  0.1170E+01  0.1577E+02  0.1577E+02
  0.1642E+00  0.1161E+02  0.1201E+01  0.1554E+02  0.1554E+02
  0.1649E+00  0.1274E+02  0.1197E+01  0.1532E+02  0.1532E+02
  0.1657E+00  0.1480E+02  0.1216E+01  0.1510E+02  0.1510E+02
  0.1665E+00  0.1491E+02  0.1192E+01  0.1489E+02  0.1489E+02
  0.1672E+00  0.1229E+02  0.1196E+01  0.1468E+02  0.1468E+02
  0.1680E+00  0.1397E+02  0.1204E+01  0.1448E+02  0.1448E+02
  0.1688E+00  0.1591E+02  0.1204E+01  0.1429E+02  0.1429E+02
  0.1695E+00  0.1537E+02  0.1212E+01  0.1410E+02  0.1410E+02
  0.1703E+00  0.1218E+02  0.1199E+01  0.1391E+02  0.1391E+02
  0.1710E+00  0.1322E+02  0.1208E+01  0.1373E+02  0.1373E+02
  0.1718E+00  0.1213E+02  0.1208E+01  0.1355E+02  0.1355E+02
  0.1726E+00  0.1277E+02  0.1203E+01  0.1337E+02  0.1337E+02
  0.1733E+00  0.1324E+02  0.1205E+01  0.1320E+02  0.1320E+02
  0.1741E+00  0.9036E+01  0.1195E+01  0.1303E+02  0.1303E+02
  0.1749E+00  0.7662E+01  0.1200E+01  0.1287E+02  0.1287E+02
  0.1756E+00  0.1161E+02  0.1185E+01  0.1271E+02  0.1271E+02
  0.1764E+00  0.1370E+02  0.1178E+01  0.1255E+02  0.1255E+02
  0.1772E+00  0.1188E+02  0.1190E+01  0.1239E+02  0.1239E+02
  0.1779E+00  0.7664E+01  0.1159E+01  0.1224E+02  0.1224E+02
  0.1787E+00  0.1078E+02  0.1184E+01  0.1209E+02  0.1209E+02
  0.1794E+00  0.1040E+02  0.1165E+01  0.1194E+02  0.1194E+02
  0.1802E+00  0.8904E+01  0.1188E+01  0.1180E+02  0.1180E+02
  0.1810E+00  0.7103E+01  0.1187E+01  0.1165E+02  0.1165E+02
  0.1817E+00  0.9875E+01  0.1180E+01  0.1151E+02  0.1151E+02
  0.1825E+00  0.1061E+02  0.1192E+01  0.1137E+02  0.1137E+02
  0.1833E+00  0.1189E+02  0.1181E+01  0.1124E+02  0.1124E+02
  0.1840E+00  0.1218E+02  0.1195E+01  0.1110E+02  0.1110E+02
  0.1848E+00  0.1007E+02  0.1185E+01  0.1097E+02  0.1097E+02
  0.1855E+00  0.1123E+02  0.1178E+01  0.1084E+02  0.1084E+02
  0.1863E+00  0.1159E+02  0.1207E+01  0.1071E+02  0.1071E+02
  0.1871E+00  0.1047E+02  0.1196E+01  0.1058E+02  0.1058E+02
  0.1878E+00  0.9652E+01  0.1215E+01  0.1046E+02  0.1046E+02
  0.1886E+00  0.1047E+02  0.1191E+01  0.1034E+02  0.1034E+02
  0.1894E+00  0.1004E+02  0.1196E+01  0.1021E+02  0.1021E+02
  0.1901E+00  0.1064E+02  0.1194E+01  0.1010E+02  0.1010E+02
  0.1909E+00  0.9162E+01  0.1161E+01  0.9978E+01  0.9978E+01
  0.1916E+00  0.9863E+01  0.1166E+01  0.9863E+01  0.9863E+01
  0.1924E+00  0.8267E+01  0.1164E+01  0.9749E+01  0.9749E+01
  0.1932E+00  0.6504E+01  0.1167E+01  0.9637E+01  0.9637E+01
  0.1939E+00  0.7110E+01  0.1171E+01  0.9527E+01  0.9527E+01
  0.1947E+00  0.7388E+01  0.1165E+01  0.9418E+01  0.9418E+01
  0.1955E+00  0.9384E+01  0.1162E+01  0.9312E+01  0.9312E+01
  0.1962E+00  0.9454E+01  0.1153E+01  0.9207E+01  0.9207E+01
  0.1970E+00  0.8847E+01  0.1171E+01  0.9104E+01  0.9104E+01
  0.1978E+00  0.7114E+01  0.1167E+01  0.9003E+01  0.9003E+01
  0.1985E+00  0.5215E+01  0.1159E+01  0.8904E+01  0.8904E+01
  0.1993E+00  0.5260E+01  0.1161E+01  0.8807E+01  0.8807E+01
  0.2000E+00  0.7729E+01  0.1140E+01  0.8712E+01  0.8712E+01
  0.2008E+00  0.7950E+01  0.1145E+01  0.8618E+01  0.8618E+01
  0.2016E+00  0.5806E+01  0.1162E+01  0.8527E+01  0.8527E+01
  0.2023E+00  0.7004E+01  0.1140E+01  0.8438E+01  0.8438E+01
  0.2031E+00  0.7295E+01  0.1153E+01  0.8350E+01  0.8350E+01
  0.2039E+00  0.5626E+01  0.1148E+01  0.8265E+01  0.8265E+01
  0.2046E+00  0.6045E+01  0.1150E+01  0.8181E+01  0.8181E+01
  0.2054E+00  0.8184E+01  0.1138E+01  0.8099E+01  0.8099E+01
  0.2061E+00  0.6726E+01  0.1158E+01  0.8020E+01  0.8020E+01
  0.2069E+00  0.5601E+01  0.1179E+01  0.7942E+01  0.7942E+01
  0.2077E+00  0.8782E+01  0.1179E+01  0.7867E+01  0.7867E+01
  0.2084E+00  0.7952E+01  0.1181E+01  0.7793E+01  0.7793E+01
  0.2092E+00  0.6515E+01  0.1178E+01  0.7722E+01  0.7722E+01
  0.2100E+00  0.6704E+01  0.1166E+01  0.7652E+01  0.7652E+01
  0.2107E+00  0.6162E+01  0.1148E+01  0.7585E+01  0.7585E+01
  0.2115E+00  0.6021E+01  0.1152E+01  0.7519E+01  0.7519E+01
  0.2122E+00  0.6580E+01  0.1147E+01  0.7456E+01  0.7456E+01
  0.2130E+00  0.7904E+01  0.1134E+01  0.7394E+01  0.7394E+01
  0.2138E+00  0.5661E+01  0.1130E+01  0.7335E+01  0.7335E+01
  0.2145E+00  0.4638E+01  0.1129E+01  0.7277E+01  0.7277E+01
  0.2153E+00  0.7834E+01  0.1122E+01  0.7222E+01  0.7222E+01
  0.2161E+00  0.7962E+01  0.1149E+01  0.7168E+01  0.7168E+01
  0.2168E+00  0.6470E+01  0.1135E+01  0.7116E+01  0.7116E+01
  0.2176E+00  0.6572E+01  0.1147E+01  0.7066E+01  0.7066E+01
  0.2184E+00  0.8667E+01  0.1136E+01  0.7017E+01  0.7017E+01
  0.2191E+00  0.6277E+01  0.1144E+01  0.6971E+01  0.6971E+01
  0.2199E+00  0.5355E+01  0.1139E+01  0.6926E+01  0.6926E+01
  0.2206E+00  0.6170E+01  0.1140E+01  0.6883E+01  0.6883E+01
  0.2214E+00  0.5526E+01  0.1143E+01  0.6841E+01  0.6841E+01
  0.2222E+00  0.5828E+01  0.1130E+01  0.6801E+01  0.6801E+01
  0.2229E+00  0.7031E+01  0.1137E+01  0.6763E+01  0.6763E+01
  0.2237E+00  0.7448E+01  0.1127E+01  0.6726E+01  0.6726E+01
  0.2245E+00  0.6526E+01  0.1132E+01  0.6690E+01  0.6690E+01
  0.2252E+00  0.4754E+01  0.1144E+01  0.6656E+01  0.6656E+01
  0.2260E+00  0.5144E+01  0.1147E+01  0.6624E+01  0.6624E+01
  0.2267E+00  0.8222E+01  0.1157E+01  0.6592E+01  0.6592E+01
  0.2275E+00  0.7921E+01  0.1158E+01  0.6562E+01  0.6562E+01
  0.2283E+00  0.7438E+01  0.1177E+01  0.6533E+01  0.6533E+01
  0.2290E+00  0.5799E+01  0.1171E+01  0.6505E+01  0.6505E+01
  0.2298E+00  0.7899E+01  0.1169E+01  0.6478E+01  0.6478E+01
  0.2306E+00  0.7686E+01  0.1171E+01  0.6452E+01  0.6452E+01
  0.2313E+00  0.7885E+01  0.1164E+01  0.6427E+01  0.6427E+01
  0.2321E+00  0.6928E+01  0.1185E+01  0.6402E+01  0.6402E+01
  0.2329E+00  0.4643E+01  0.1178E+01  0.6379E+01  0.6379E+01
  0.2336E+00  0.4887E+01  0.1171E+01  0.6356E+01  0.6356E+01
  0.2344E+00  0.4016E+01  0.1206E+01  0.6334E+01  0.6334E+01
  0.2351E+00  0.4778E+01  0.1214E+01  0.6312E+01  0.6312E+01
  0.2359E+00  0.6281E+01  0.1232E+01  0.6291E+01  0.6291E+01
  0.2367E+00  0.7018E+01  0.1238E+01  0.6271E+01  0.6271E+01
  0.2374E+00  0.7163E+01  0.1237E+01  0.6250E+01  0.6250E+01
  0.2382E+00  0.4746E+01  0.1255E+01  0.6231E+01  0.6231E+01
  0.2390E+00  0.6049E+01  0.1266E+01  0.6211E+01  0.6211E+01
  0.2397E+00  0.6385E+01  0.1274E+01  0.6192E+01  0.6192E+01
  0.2405E+00  0.4791E+01  0.1266E+01  0.6173E+01  0.6173E+01
  0.2412E+00  0.4075E+01  0.1289E+01  0.6154E+01  0.6154E+01
  0.2420E+00  0.5405E+01  0.1289E+01  0.6135E+01  0.6135E+01
  0.2428E+00  0.6405E+01  0.1305E+01  0.6116E+01  0.6116E+01
  0.2435E+00  0.4951E+01  0.1321E+01  0.6097E+01  0.6097E+01
  0.2443E+00  0.6065E+01  0.1324E+01  0.6078E+01  0.6078E+01
  0.2451E+00  0.5822E+01  0.1343E+01  0.6059E+01  0.6059E+01
  0.2458E+00  0.5143E+01  0.1345E+01  0.6040E+01  0.6040E+01
  0.2466E+00  0.5043E+01  0.1354E+01  0.6021E+01  0.6021E+01
  0.2473E+00  0.3492E+01  0.1360E+01  0.6001E+01  0.6001E+01
  0.2481E+00  0.6246E+01  0.1370E+01  0.5981E+01  0.5981E+01
  0.2489E+00  0.6926E+01  0.1404E+01  0.5961E+01  0.5961E+01
  0.2496E+00  0.6832E+01  0.1374E+01  0.5941E+01  0.5941E+01
  0.2504E+00  0.6727E+01  0.1393E+01  0.5920E+01  0.5920E+01
  0.2512E+00  0.4939E+01  0.1392E+01  0.5899E+01  0.5899E+01
  0.2519E+00  0.5950E+01  0.1394E+01  0.5878E+01  0.5878E+01
  0.2527E+00  0.5412E+01  0.1395E+01  0.5856E+01  0.5856E+01
  0.2535E+00  0.8609E+01  0.1373E+01  0.5834E+01  0.5834E+01
  0.2542E+00  0.5381E+01  0.1388E+01  0.5811E+01  0.5811E+01
  0.2550E+00  0.4927E+01  0.1388E+01  0.5788E+01  0.5788E+01
  0.2557E+00  0.5607E+01  0.1368E+01  0.5765E+01  0.5765E+01
  0.2565E+00  0.5356E+01  0.1377E+01  0.5741E+01  0.5741E+01
  0.2573E+00  0.4916E+01  0.1386E+01  0.5717E+01  0.5717E+01
  0.2580E+00  0.5669E+01  0.1408E+01  0.5692E+01  0.5692E+01
  0.2588E+00  0.5953E+01  0.1379E+01  0.5667E+01  0.5667E+01
  0.2596E+00  0.8682E+01  0.1371E+01  0.5642E+01  0.5642E+01
  0.2603E+00  0.7111E+01  0.1401E+01  0.5616E+01  0.5616E+01
  0.2611E+00  0.5632E+01  0.1398E+01  0.5590E+01  0.5590E+01
  0.2618E+00  0.5251E+01  0.1399E+01  0.5563E+01  0.5563E+01
  0.2626E+00  0.5060E+01  0.1371E+01  0.5536E+01  0.5536E+01
  0.2634E+00  0.6715E+01  0.1404E+01  0.5509E+01  0.5509E+01
  0.2641E+00  0.8278E+01  0.1401E+01  0.5481E+01  0.5481E+01
  0.2649E+00  0.5348E+01  0.1440E+01  0.5454E+01  0.5454E+01
  0.2657E+00  0.3913E+01  0.1439E+01  0.5425E+01  0.5425E+01
  0.2664E+00  0.5381E+01  0.1438E+01  0.5397E+01  0.5397E+01
  0.2672E+00  0.8074E+01  0.1460E+01  0.5368E+01  0.5368E+01
  0.2679E+00  0.7952E+01  0.1406E+01  0.5340E+01  0.5340E+01
  0.2687E+00  0.6625E+01  0.1426E+01  0.5311E+01  0.5311E+01
  0.2695E+00  0.5631E+01  0.1430E+01  0.5281E+01  0.5281E+01
  0.2702E+00  0.4537E+01  0.1421E+01  0.5252E+01  0.5252E+01
  0.2710E+00  0.5995E+01  0.1432E+01  0.5223E+01  0.5223E+01
  0.2718E+00  0.5316E+01  0.1412E+01  0.5193E+01  0.5193E+01
  0.2725E+00  0.7229E+01  0.1436E+01  0.5164E+01  0.5164E+01
  0.2733E+00  0.9498E+01  0.1440E+01  0.5134E+01  0.5134E+01
  0.2741E+00  0.8030E+01  0.1430E+01  0.5105E+01  0.5105E+01
  0.2748E+00  0.6951E+01  0.1456E+01  0.5075E+01  0.5075E+01
  0.2756E+00  0.5258E+01  0.1393E+01  0.5046E+01  0.5046E+01
  0.2763E+00  0.2736E+01  0.1443E+01  0.5017E+01  0.5017E+01
  0.2771E+00  0.4817E+01  0.1465E+01  0.4988E+01  0.4988E+01
  0.2779E+00  0.5998E+01  0.1474E+01  0.4959E+01  0.4959E+01
  0.2786E+00  0.6191E+01  0.1465E+01  0.4930E+01  0.4930E+01
  0.2794E+00  0.4503E+01  0.1479E+01  0.4901E+01  0.4901E+01
  0.2802E+00  0.7748E+01  0.1494E+01  0.4873E+01  0.4873E+01
  0.2809E+00  0.5822E+01  0.1461E+01  0.4844E+01  0.4844E+01
  0.2817E+00  0.5899E+01  0.1454E+01  0.4817E+01  0.4817E+01
  0.2824E+00  0.4602E+01  0.1466E+01  0.4789E+01  0.4789E+01
  0.2832E+00  0.2721E+01  0.1459E+01  0.4762E+01  0.4762E+01
  0.2840E+00  0.7243E+01  0.1487E+01  0.4735E+01  0.4735E+01
  0.2847E+00  0.6487E+01  0.1471E+01  0.4708E+01  0.4708E+01
  0.2855E+00  0.7302E+01  0.1491E+01  0.4682E+01  0.4682E+01
  0.2863E+00  0.6011E+01  0.1466E+01  0.4656E+01  0.4656E+01
  0.2870E+00  0.7687E+01  0.1496E+01  0.4630E+01  0.4630E+01
  0.2878E+00  0.8733E+01  0.1502E+01  0.4605E+01  0.4605E+01
  0.2885E+00  0.8720E+01  0.1474E+01  0.4580E+01  0.4580E+01
  0.2893E+00  0.5499E+01  0.1521E+01  0.4555E+01  0.4555E+01
  0.2901E+00  0.3402E+01  0.1503E+01  0.4531E+01  0.4531E+01
  0.2908E+00  0.7176E+01  0.1507E+01  0.4508E+01  0.4508E+01
  0.2916E+00  0.3879E+01  0.1527E+01  0.4484E+01  0.4484E+01
  0.2924E+00  0.6339E+01  0.1517E+01  0.4462E+01  0.4462E+01
  0.2931E+00  0.6193E+01  0.1531E+01  0.4439E+01  0.4439E+01
  0.2939E+00  0.4928E+01  0.1519E+01  0.4417E+01  0.4417E+01
  0.2947E+00  0.3178E+01  0.1516E+01  0.4395E+01  0.4395E+01
  0.2954E+00  0.4639E+01  0.1487E+01  0.4374E+01  0.4374E+01
  0.2962E+00  0.2833E+01  0.1531E+01  0.4353E+01  0.4353E+01
  0.2969E+00  0.6037E+01  0.1510E+01  0.4333E+01  0.4333E+01
  0.2977E+00  0.4571E+01  0.1483E+01  0.4313E+01  0.4313E+01

           Distance distribution  function of particle  


       R          P(R)      ERROR

  0.0000E+00  0.0000E+00  0.0000E+00
  0.8981E+00  0.2926E-01  0.3923E-03
  0.1796E+01  0.6126E-01  0.6698E-03
  0.2694E+01  0.9597E-01  0.8402E-03
  0.3592E+01  0.1333E+00  0.9156E-03
  0.4490E+01  0.1731E+00  0.9131E-03
  0.5389E+01  0.2153E+00  0.8559E-03
  0.6287E+01  0.2598E+00  0.7764E-03
  0.7185E+01  0.3061E+00  0.7171E-03
  0.8083E+01  0.3543E+00  0.7215E-03
  0.8981E+01  0.4038E+00  0.8047E-03
  0.9879E+01  0.4545E+00  0.9429E-03
  0.1078E+02  0.5059E+00  0.1101E-02
  0.1168E+02  0.5577E+00  0.1253E-02
  0.1257E+02  0.6095E+00  0.1380E-02
  0.1347E+02  0.6607E+00  0.1474E-02
  0.1437E+02  0.7110E+00  0.1532E-02
  0.1527E+02  0.7599E+00  0.1557E-02
  0.1617E+02  0.8069E+00  0.1554E-02
  0.1706E+02  0.8515E+00  0.1536E-02
  0.1796E+02  0.8933E+00  0.1516E-02
  0.1886E+02  0.9319E+00  0.1508E-02
  0.1976E+02  0.9669E+00  0.1523E-02
  0.2066E+02  0.9980E+00  0.1567E-02
  0.2155E+02  0.1025E+01  0.1636E-02
  0.2245E+02  0.1047E+01  0.1725E-02
  0.2335E+02  0.1065E+01  0.1822E-02
  0.2425E+02  0.1078E+01  0.1917E-02
  0.2515E+02  0.1087E+01  0.2003E-02
  0.2604E+02  0.1091E+01  0.2072E-02
  0.2694E+02  0.1090E+01  0.2124E-02
  0.2784E+02  0.1085E+01  0.2157E-02
  0.2874E+02  0.1076E+01  0.2174E-02
  0.2964E+02  0.1063E+01  0.2176E-02
  0.3054E+02  0.1047E+01  0.2168E-02
  0.3143E+02  0.1027E+01  0.2153E-02
  0.3233E+02  0.1005E+01  0.2133E-02
  0.3323E+02  0.9799E+00  0.2113E-02
  0.3413E+02  0.9532E+00  0.2092E-02
  0.3503E+02  0.9248E+00  0.2073E-02
  0.3592E+02  0.8953E+00  0.2056E-02
  0.3682E+02  0.8648E+00  0.2042E-02
  0.3772E+02  0.8337E+00  0.2033E-02
  0.3862E+02  0.8024E+00  0.2030E-02
  0.3952E+02  0.7709E+00  0.2035E-02
  0.4041E+02  0.7396E+00  0.2049E-02
  0.4131E+02  0.7085E+00  0.2073E-02
  0.4221E+02  0.6779E+00  0.2105E-02
  0.4311E+02  0.6478E+00  0.2143E-02
  0.4401E+02  0.6184E+00  0.2184E-02
  0.4491E+02  0.5895E+00  0.2224E-02
  0.4580E+02  0.5614E+00  0.2260E-02
  0.4670E+02  0.5339E+00  0.2289E-02
  0.4760E+02  0.5072E+00  0.2308E-02
  0.4850E+02  0.4811E+00  0.2318E-02
  0.4940E+02  0.4558E+00  0.2319E-02
  0.5029E+02  0.4312E+00  0.2314E-02
  0.5119E+02  0.4073E+00  0.2306E-02
  0.5209E+02  0.3841E+00  0.2299E-02
  0.5299E+02  0.3618E+00  0.2297E-02
  0.5389E+02  0.3402E+00  0.2305E-02
  0.5478E+02  0.3194E+00  0.2324E-02
  0.5568E+02  0.2995E+00  0.2356E-02
  0.5658E+02  0.2805E+00  0.2401E-02
  0.5748E+02  0.2625E+00  0.2458E-02
  0.5838E+02  0.2454E+00  0.2524E-02
  0.5927E+02  0.2293E+00  0.2597E-02
  0.6017E+02  0.2143E+00  0.2674E-02
  0.6107E+02  0.2004E+00  0.2753E-02
  0.6197E+02  0.1874E+00  0.2833E-02
  0.6287E+02  0.1756E+00  0.2912E-02
  0.6377E+02  0.1648E+00  0.2989E-02
  0.6466E+02  0.1549E+00  0.3063E-02
  0.6556E+02  0.1460E+00  0.3132E-02
  0.6646E+02  0.1381E+00  0.3195E-02
  0.6736E+02  0.1309E+00  0.3252E-02
  0.6826E+02  0.1246E+00  0.3301E-02
  0.6915E+02  0.1189E+00  0.3342E-02
  0.7005E+02  0.1138E+00  0.3374E-02
  0.7095E+02  0.1092E+00  0.3397E-02
  0.7185E+02  0.1051E+00  0.3410E-02
  0.7275E+02  0.1014E+00  0.3416E-02
  0.7364E+02  0.9794E-01  0.3414E-02
  0.7454E+02  0.9468E-01  0.3405E-02
  0.7544E+02  0.9153E-01  0.3390E-02
  0.7634E+02  0.8844E-01  0.3369E-02
  0.7724E+02  0.8532E-01  0.3341E-02
  0.7813E+02  0.8210E-01  0.3305E-02
  0.7903E+02  0.7872E-01  0.3259E-02
  0.7993E+02  0.7511E-01  0.3198E-02
  0.8083E+02  0.7119E-01  0.3117E-02
  0.8173E+02  0.6691E-01  0.3013E-02
  0.8263E+02  0.6219E-01  0.2878E-02
  0.8352E+02  0.5696E-01  0.2707E-02
  0.8442E+02  0.5114E-01  0.2492E-02
  0.8532E+02  0.4468E-01  0.2229E-02
  0.8622E+02  0.3748E-01  0.1912E-02
  0.8712E+02  0.2948E-01  0.1534E-02
  0.8801E+02  0.2062E-01  0.1092E-02
  0.8891E+02  0.1081E-01  0.5818E-03
  0.8981E+02  0.0000E+00  0.0000E+00
          Reciprocal space: Rg =   25.99     , I(0) =   0.5187E+03
     Real space: Rg =   26.01 +- 0.066  I(0) =   0.5187E+03 +-  0.1058E+01
