
           ####    G N O M   ---   Version 4.5a revised 09/02/02     ####

                                                  Mon May 24 15:27:44 2010
           ===    Run No   1   ===
 Run title:   Merge of: p2_B3_2.mccd p2_B6_2.mccd p2_E7_2.mccd


  Number of points omitted at the beginning:          35
   *******   Working Directory :
   *******    Input file(s) :
           Condition P(rmin) = 0 is used. 
           Condition P(rmax) = 0 is used. 

          Experimental conditions for the first run
          -----------------------------------------

          Highest ALPHA is found to be   0.2515E+02

  The measure of inconsistency AN1 equals to    0.7868E+00
     Alpha    Discrp  Oscill  Stabil  Sysdev  Positv  Valcen    Total   
  0.2515E+05 35.6682  1.1723  0.9178  0.0000  1.0000  0.8648  0.33495
  0.5029E+04 27.8494  1.1653  0.7132  0.0000  1.0000  0.8674  0.33601
  0.1006E+04 14.4135  1.1416  0.3559  0.0256  1.0000  0.8773  0.34121
  0.2012E+03  6.7462  1.1236  0.1373  0.0853  1.0000  0.9002  0.41277
  0.4023E+02  3.4711  1.2483  0.0758  0.2047  1.0000  0.9294  0.52591
  0.8047E+01  1.4338  1.4831  0.0430  0.3838  1.0000  0.9485  0.58126
  0.1609E+01  0.6989  1.6404  0.0219  0.6141  1.0000  0.9551  0.74331
  0.3219E+00  0.5644  1.7209  0.0209  0.7164  1.0000  0.9566  0.76849
  0.6437E-01  0.5138  1.8881  0.0571  0.7335  1.0000  0.9558  0.68847
  0.1287E-01  0.4596  2.4660  0.0662  0.7591  0.9994  0.9494  0.62409
  0.2575E-02  0.4433  2.9778  0.0585  0.7505  0.9982  0.9428  0.62434
  0.5150E-03  0.4394  3.5253  0.1135  0.7505  0.9975  0.9381  0.54172
  0.1030E-03  0.4370  4.6219  0.1799  0.7505  0.9946  0.9275  0.47446
  0.2060E-04  0.4345  7.5173  0.4716  0.7505  0.9715  0.7933  0.39155
  0.4120E-05  0.4292 10.8561  0.4860  0.7463  0.8643  0.4990  0.32758
  0.8240E-06  0.4256 12.3846  0.2734  0.7548  0.8010  0.4101  0.31749
  0.1648E-06  0.4238 14.9587  0.7900  0.7633  0.7585  0.3974  0.00000

          ***  Golden section search to maximize estimate ***
     Alpha    Discrp  Oscill  Stabil  Sysdev  Positv  Valcen    Total   
  0.8703E+00  0.6162  1.6768  0.0172  0.6823  1.0000  0.9560  0.77115
  0.4706E+00  0.5781  1.7047  0.0174  0.7249  1.0000  0.9564  0.78254
  0.6882E+00  0.5982  1.6881  0.0165  0.7079  1.0000  0.9562  0.78101
  0.5441E+00  0.5847  1.6986  0.0167  0.7335  1.0000  0.9563  0.79069
  0.6291E+00  0.5926  1.6922  0.0165  0.7335  1.0000  0.9562  0.79392
  0.6511E+00  0.5946  1.6907  0.0165  0.7164  1.0000  0.9562  0.78479
  0.6159E+00  0.5914  1.6931  0.0165  0.7335  1.0000  0.9563  0.79344
  0.6374E+00  0.5934  1.6916  0.0165  0.7249  1.0000  0.9562  0.78929
  0.6241E+00  0.5921  1.6926  0.0165  0.7335  1.0000  0.9563  0.79374
  0.6323E+00  0.5929  1.6920  0.0165  0.7249  1.0000  0.9562  0.78911
  0.6272E+00  0.5924  1.6923  0.0165  0.7335  1.0000  0.9563  0.79385
  0.6303E+00  0.5927  1.6921  0.0165  0.7335  1.0000  0.9562  0.79396
  0.6311E+00  0.5928  1.6921  0.0165  0.7335  1.0000  0.9562  0.79399
  0.6315E+00  0.5928  1.6920  0.0165  0.7249  1.0000  0.9562  0.78908
  0.6308E+00  0.5927  1.6921  0.0165  0.7335  1.0000  0.9562  0.79398
  0.6313E+00  0.5928  1.6920  0.0165  0.7335  1.0000  0.9562  0.79399
  0.6313E+00  0.5928  1.6920  0.0165  0.7335  1.0000  0.9562  0.79399



             ####            Final results            ####

 Parameter    DISCRP    OSCILL    STABIL    SYSDEV    POSITV    VALCEN
 Weight        1.000     3.000     3.000     5.000     1.000     1.000
 Sigma         0.300     0.600     0.120     0.500     0.120     0.120
 Ideal         0.700     1.200     0.000     1.000     1.000     0.950
 Current       0.593     1.692     0.016     0.733     1.000     0.956
                - - - - - - - - - - - - - - - - - - - - - - - - - 
 Estimate      0.880     0.510     0.981     0.753     1.000     0.997

  Angular   range    :     from    0.0344   to    0.3195
  Real space range   :     from      0.00   to     75.56

  Highest ALPHA (theor) :   0.251E+05                 JOB = 0
  Current ALPHA         :   0.631E+00   Rg :  0.247E+02   I(0) :   0.105E+02

           Total  estimate : 0.794  which is    A GOOD      solution

      S          J EXP       ERROR       J REG       I REG

  0.0000E+00                                      0.1048E+02
  0.1227E-02                                      0.1048E+02
  0.2454E-02                                      0.1047E+02
  0.3681E-02                                      0.1045E+02
  0.4908E-02                                      0.1043E+02
  0.6135E-02                                      0.1040E+02
  0.7362E-02                                      0.1036E+02
  0.8589E-02                                      0.1032E+02
  0.9816E-02                                      0.1028E+02
  0.1104E-01                                      0.1022E+02
  0.1227E-01                                      0.1016E+02
  0.1350E-01                                      0.1010E+02
  0.1472E-01                                      0.1003E+02
  0.1595E-01                                      0.9951E+01
  0.1718E-01                                      0.9869E+01
  0.1841E-01                                      0.9782E+01
  0.1963E-01                                      0.9690E+01
  0.2086E-01                                      0.9593E+01
  0.2209E-01                                      0.9491E+01
  0.2331E-01                                      0.9384E+01
  0.2454E-01                                      0.9273E+01
  0.2577E-01                                      0.9157E+01
  0.2699E-01                                      0.9038E+01
  0.2822E-01                                      0.8914E+01
  0.2945E-01                                      0.8787E+01
  0.3068E-01                                      0.8656E+01
  0.3190E-01                                      0.8522E+01
  0.3313E-01                                      0.8385E+01
  0.3436E-01  0.8324E+01  0.8924E-01  0.8246E+01  0.8246E+01
  0.3497E-01  0.8190E+01  0.1006E+00  0.8175E+01  0.8175E+01
  0.3557E-01  0.8053E+01  0.8796E-01  0.8104E+01  0.8104E+01
  0.3618E-01  0.8121E+01  0.9400E-01  0.8033E+01  0.8033E+01
  0.3679E-01  0.8117E+01  0.9277E-01  0.7961E+01  0.7961E+01
  0.3740E-01  0.7956E+01  0.8683E-01  0.7888E+01  0.7888E+01
  0.3801E-01  0.8040E+01  0.8714E-01  0.7815E+01  0.7815E+01
  0.3861E-01  0.7895E+01  0.9215E-01  0.7742E+01  0.7742E+01
  0.3922E-01  0.7649E+01  0.9039E-01  0.7668E+01  0.7668E+01
  0.3983E-01  0.7668E+01  0.8120E-01  0.7593E+01  0.7593E+01
  0.4044E-01  0.7567E+01  0.8760E-01  0.7519E+01  0.7519E+01
  0.4105E-01  0.7496E+01  0.7575E-01  0.7443E+01  0.7443E+01
  0.4165E-01  0.7360E+01  0.7752E-01  0.7368E+01  0.7368E+01
  0.4226E-01  0.7288E+01  0.7523E-01  0.7292E+01  0.7292E+01
  0.4287E-01  0.7172E+01  0.6952E-01  0.7216E+01  0.7216E+01
  0.4348E-01  0.7107E+01  0.7160E-01  0.7139E+01  0.7139E+01
  0.4409E-01  0.7030E+01  0.7247E-01  0.7062E+01  0.7062E+01
  0.4469E-01  0.6996E+01  0.7121E-01  0.6986E+01  0.6986E+01
  0.4530E-01  0.6981E+01  0.7080E-01  0.6909E+01  0.6909E+01
  0.4591E-01  0.6870E+01  0.7265E-01  0.6831E+01  0.6831E+01
  0.4652E-01  0.6735E+01  0.6982E-01  0.6754E+01  0.6754E+01
  0.4713E-01  0.6770E+01  0.7378E-01  0.6676E+01  0.6676E+01
  0.4773E-01  0.6617E+01  0.6634E-01  0.6599E+01  0.6599E+01
  0.4834E-01  0.6512E+01  0.6632E-01  0.6521E+01  0.6521E+01
  0.4895E-01  0.6404E+01  0.6607E-01  0.6444E+01  0.6444E+01
  0.4956E-01  0.6449E+01  0.6798E-01  0.6366E+01  0.6366E+01
  0.5017E-01  0.6268E+01  0.6747E-01  0.6288E+01  0.6288E+01
  0.5078E-01  0.6236E+01  0.6900E-01  0.6210E+01  0.6210E+01
  0.5138E-01  0.6095E+01  0.6620E-01  0.6133E+01  0.6133E+01
  0.5199E-01  0.5996E+01  0.6759E-01  0.6055E+01  0.6055E+01
  0.5260E-01  0.5881E+01  0.6536E-01  0.5978E+01  0.5978E+01
  0.5321E-01  0.5823E+01  0.6426E-01  0.5901E+01  0.5901E+01
  0.5382E-01  0.5724E+01  0.5788E-01  0.5824E+01  0.5824E+01
  0.5442E-01  0.5608E+01  0.5711E-01  0.5747E+01  0.5747E+01
  0.5503E-01  0.5558E+01  0.6024E-01  0.5670E+01  0.5670E+01
  0.5564E-01  0.5567E+01  0.6024E-01  0.5593E+01  0.5593E+01
  0.5625E-01  0.5419E+01  0.6202E-01  0.5517E+01  0.5517E+01
  0.5686E-01  0.5431E+01  0.5931E-01  0.5441E+01  0.5441E+01
  0.5746E-01  0.5380E+01  0.5884E-01  0.5365E+01  0.5365E+01
  0.5807E-01  0.5256E+01  0.5781E-01  0.5290E+01  0.5290E+01
  0.5868E-01  0.5295E+01  0.5555E-01  0.5215E+01  0.5215E+01
  0.5929E-01  0.5214E+01  0.5564E-01  0.5140E+01  0.5140E+01
  0.5990E-01  0.5103E+01  0.5927E-01  0.5066E+01  0.5066E+01
  0.6050E-01  0.4982E+01  0.5517E-01  0.4992E+01  0.4992E+01
  0.6111E-01  0.4928E+01  0.5859E-01  0.4918E+01  0.4918E+01
  0.6172E-01  0.4814E+01  0.5577E-01  0.4845E+01  0.4845E+01
  0.6233E-01  0.4713E+01  0.5630E-01  0.4772E+01  0.4772E+01
  0.6294E-01  0.4704E+01  0.5944E-01  0.4699E+01  0.4699E+01
  0.6354E-01  0.4573E+01  0.6170E-01  0.4628E+01  0.4628E+01
  0.6415E-01  0.4560E+01  0.5733E-01  0.4556E+01  0.4556E+01
  0.6476E-01  0.4470E+01  0.5547E-01  0.4485E+01  0.4485E+01
  0.6537E-01  0.4431E+01  0.5455E-01  0.4415E+01  0.4415E+01
  0.6598E-01  0.4354E+01  0.5187E-01  0.4345E+01  0.4345E+01
  0.6659E-01  0.4297E+01  0.5461E-01  0.4275E+01  0.4275E+01
  0.6719E-01  0.4117E+01  0.5382E-01  0.4206E+01  0.4206E+01
  0.6780E-01  0.4084E+01  0.5539E-01  0.4138E+01  0.4138E+01
  0.6841E-01  0.4096E+01  0.5509E-01  0.4070E+01  0.4070E+01
  0.6902E-01  0.3980E+01  0.5433E-01  0.4003E+01  0.4003E+01
  0.6963E-01  0.3907E+01  0.5376E-01  0.3937E+01  0.3937E+01
  0.7023E-01  0.3904E+01  0.5318E-01  0.3871E+01  0.3871E+01
  0.7084E-01  0.3822E+01  0.5117E-01  0.3806E+01  0.3806E+01
  0.7145E-01  0.3779E+01  0.5308E-01  0.3741E+01  0.3741E+01
  0.7206E-01  0.3715E+01  0.5030E-01  0.3677E+01  0.3677E+01
  0.7267E-01  0.3637E+01  0.5260E-01  0.3614E+01  0.3614E+01
  0.7327E-01  0.3550E+01  0.4959E-01  0.3551E+01  0.3551E+01
  0.7388E-01  0.3497E+01  0.5342E-01  0.3489E+01  0.3489E+01
  0.7449E-01  0.3389E+01  0.5306E-01  0.3427E+01  0.3427E+01
  0.7510E-01  0.3361E+01  0.5253E-01  0.3367E+01  0.3367E+01
  0.7571E-01  0.3432E+01  0.6275E-01  0.3307E+01  0.3307E+01
  0.7631E-01  0.3230E+01  0.6297E-01  0.3247E+01  0.3247E+01
  0.7692E-01  0.3276E+01  0.6471E-01  0.3189E+01  0.3189E+01
  0.7753E-01  0.3166E+01  0.6291E-01  0.3131E+01  0.3131E+01
  0.7814E-01  0.3081E+01  0.5905E-01  0.3074E+01  0.3074E+01
  0.7875E-01  0.2982E+01  0.5904E-01  0.3017E+01  0.3017E+01
  0.7935E-01  0.2890E+01  0.6137E-01  0.2961E+01  0.2961E+01
  0.7996E-01  0.2928E+01  0.5893E-01  0.2906E+01  0.2906E+01
  0.8057E-01  0.2811E+01  0.5832E-01  0.2852E+01  0.2852E+01
  0.8118E-01  0.2750E+01  0.5527E-01  0.2799E+01  0.2799E+01
  0.8179E-01  0.2697E+01  0.5626E-01  0.2746E+01  0.2746E+01
  0.8239E-01  0.2651E+01  0.5400E-01  0.2694E+01  0.2694E+01
  0.8300E-01  0.2611E+01  0.5115E-01  0.2642E+01  0.2642E+01
  0.8361E-01  0.2592E+01  0.5379E-01  0.2592E+01  0.2592E+01
  0.8422E-01  0.2534E+01  0.5625E-01  0.2542E+01  0.2542E+01
  0.8483E-01  0.2516E+01  0.5310E-01  0.2493E+01  0.2493E+01
  0.8544E-01  0.2467E+01  0.5421E-01  0.2444E+01  0.2444E+01
  0.8604E-01  0.2451E+01  0.5434E-01  0.2397E+01  0.2397E+01
  0.8665E-01  0.2392E+01  0.5201E-01  0.2350E+01  0.2350E+01
  0.8726E-01  0.2417E+01  0.5629E-01  0.2304E+01  0.2304E+01
  0.8787E-01  0.2336E+01  0.5524E-01  0.2258E+01  0.2258E+01
  0.8848E-01  0.2240E+01  0.5341E-01  0.2214E+01  0.2214E+01
  0.8908E-01  0.2229E+01  0.5505E-01  0.2170E+01  0.2170E+01
  0.8969E-01  0.2255E+01  0.5345E-01  0.2127E+01  0.2127E+01
  0.9030E-01  0.2105E+01  0.5388E-01  0.2084E+01  0.2084E+01
  0.9091E-01  0.2045E+01  0.5366E-01  0.2042E+01  0.2042E+01
  0.9151E-01  0.2052E+01  0.5628E-01  0.2002E+01  0.2002E+01
  0.9212E-01  0.2044E+01  0.5354E-01  0.1961E+01  0.1961E+01
  0.9273E-01  0.1993E+01  0.5378E-01  0.1922E+01  0.1922E+01
  0.9334E-01  0.1936E+01  0.5497E-01  0.1883E+01  0.1883E+01
  0.9395E-01  0.1870E+01  0.5159E-01  0.1845E+01  0.1845E+01
  0.9456E-01  0.1813E+01  0.5386E-01  0.1808E+01  0.1808E+01
  0.9516E-01  0.1776E+01  0.5185E-01  0.1771E+01  0.1771E+01
  0.9577E-01  0.1688E+01  0.5199E-01  0.1735E+01  0.1735E+01
  0.9638E-01  0.1694E+01  0.5372E-01  0.1700E+01  0.1700E+01
  0.9699E-01  0.1690E+01  0.5628E-01  0.1665E+01  0.1665E+01
  0.9760E-01  0.1643E+01  0.5339E-01  0.1631E+01  0.1631E+01
  0.9820E-01  0.1634E+01  0.5069E-01  0.1598E+01  0.1598E+01
  0.9881E-01  0.1570E+01  0.5349E-01  0.1566E+01  0.1566E+01
  0.9942E-01  0.1552E+01  0.5074E-01  0.1534E+01  0.1534E+01
  0.1000E+00  0.1446E+01  0.5159E-01  0.1503E+01  0.1503E+01
  0.1006E+00  0.1460E+01  0.5160E-01  0.1473E+01  0.1473E+01
  0.1012E+00  0.1397E+01  0.5070E-01  0.1443E+01  0.1443E+01
  0.1019E+00  0.1401E+01  0.5046E-01  0.1414E+01  0.1414E+01
  0.1025E+00  0.1321E+01  0.5235E-01  0.1385E+01  0.1385E+01
  0.1031E+00  0.1331E+01  0.4646E-01  0.1357E+01  0.1357E+01
  0.1037E+00  0.1272E+01  0.4926E-01  0.1330E+01  0.1330E+01
  0.1043E+00  0.1266E+01  0.4918E-01  0.1303E+01  0.1303E+01
  0.1049E+00  0.1290E+01  0.4986E-01  0.1277E+01  0.1277E+01
  0.1055E+00  0.1228E+01  0.4965E-01  0.1252E+01  0.1252E+01
  0.1061E+00  0.1234E+01  0.4803E-01  0.1227E+01  0.1227E+01
  0.1067E+00  0.1211E+01  0.4926E-01  0.1203E+01  0.1203E+01
  0.1073E+00  0.1235E+01  0.4786E-01  0.1179E+01  0.1179E+01
  0.1079E+00  0.1179E+01  0.4840E-01  0.1156E+01  0.1156E+01
  0.1085E+00  0.1144E+01  0.4949E-01  0.1134E+01  0.1134E+01
  0.1091E+00  0.1121E+01  0.4713E-01  0.1112E+01  0.1112E+01
  0.1098E+00  0.1155E+01  0.4786E-01  0.1091E+01  0.1091E+01
  0.1104E+00  0.1189E+01  0.4791E-01  0.1070E+01  0.1070E+01
  0.1110E+00  0.1153E+01  0.4638E-01  0.1049E+01  0.1049E+01
  0.1116E+00  0.1079E+01  0.4650E-01  0.1030E+01  0.1030E+01
  0.1122E+00  0.1035E+01  0.4607E-01  0.1011E+01  0.1011E+01
  0.1128E+00  0.9906E+00  0.4761E-01  0.9918E+00  0.9918E+00
  0.1134E+00  0.9748E+00  0.4666E-01  0.9736E+00  0.9736E+00
  0.1140E+00  0.9319E+00  0.4502E-01  0.9559E+00  0.9559E+00
  0.1146E+00  0.8992E+00  0.4406E-01  0.9387E+00  0.9387E+00
  0.1152E+00  0.8494E+00  0.4476E-01  0.9220E+00  0.9220E+00
  0.1158E+00  0.8188E+00  0.4550E-01  0.9058E+00  0.9058E+00
  0.1164E+00  0.7667E+00  0.4795E-01  0.8900E+00  0.8900E+00
  0.1171E+00  0.8663E+00  0.4646E-01  0.8747E+00  0.8747E+00
  0.1177E+00  0.8639E+00  0.4442E-01  0.8598E+00  0.8598E+00
  0.1183E+00  0.8312E+00  0.4519E-01  0.8454E+00  0.8454E+00
  0.1189E+00  0.8355E+00  0.4521E-01  0.8314E+00  0.8314E+00
  0.1195E+00  0.8558E+00  0.4522E-01  0.8178E+00  0.8178E+00
  0.1201E+00  0.8725E+00  0.4284E-01  0.8047E+00  0.8047E+00
  0.1207E+00  0.8950E+00  0.4383E-01  0.7919E+00  0.7919E+00
  0.1213E+00  0.8723E+00  0.4415E-01  0.7796E+00  0.7796E+00
  0.1219E+00  0.7423E+00  0.4395E-01  0.7676E+00  0.7676E+00
  0.1225E+00  0.7359E+00  0.4521E-01  0.7560E+00  0.7560E+00
  0.1231E+00  0.6646E+00  0.4457E-01  0.7449E+00  0.7449E+00
  0.1237E+00  0.7383E+00  0.4502E-01  0.7340E+00  0.7340E+00
  0.1244E+00  0.7021E+00  0.4505E-01  0.7235E+00  0.7235E+00
  0.1250E+00  0.6843E+00  0.4315E-01  0.7134E+00  0.7134E+00
  0.1256E+00  0.5922E+00  0.4423E-01  0.7037E+00  0.7037E+00
  0.1262E+00  0.5663E+00  0.4356E-01  0.6942E+00  0.6942E+00
  0.1268E+00  0.6599E+00  0.4441E-01  0.6851E+00  0.6851E+00
  0.1274E+00  0.6715E+00  0.4564E-01  0.6764E+00  0.6764E+00
  0.1280E+00  0.6529E+00  0.4465E-01  0.6679E+00  0.6679E+00
  0.1286E+00  0.6333E+00  0.4418E-01  0.6597E+00  0.6597E+00
  0.1292E+00  0.5855E+00  0.4272E-01  0.6519E+00  0.6519E+00
  0.1298E+00  0.6378E+00  0.4110E-01  0.6443E+00  0.6443E+00
  0.1304E+00  0.5701E+00  0.4063E-01  0.6370E+00  0.6370E+00
  0.1310E+00  0.5908E+00  0.4110E-01  0.6300E+00  0.6300E+00
  0.1316E+00  0.5704E+00  0.4105E-01  0.6233E+00  0.6233E+00
  0.1323E+00  0.6020E+00  0.4331E-01  0.6169E+00  0.6169E+00
  0.1329E+00  0.6171E+00  0.4409E-01  0.6107E+00  0.6107E+00
  0.1335E+00  0.6229E+00  0.4295E-01  0.6047E+00  0.6047E+00
  0.1341E+00  0.6185E+00  0.4496E-01  0.5990E+00  0.5990E+00
  0.1347E+00  0.5686E+00  0.4562E-01  0.5935E+00  0.5935E+00
  0.1353E+00  0.5654E+00  0.4308E-01  0.5883E+00  0.5883E+00
  0.1359E+00  0.5192E+00  0.4464E-01  0.5833E+00  0.5833E+00
  0.1365E+00  0.5257E+00  0.4534E-01  0.5785E+00  0.5785E+00
  0.1371E+00  0.4837E+00  0.4317E-01  0.5739E+00  0.5739E+00
  0.1377E+00  0.5781E+00  0.4375E-01  0.5695E+00  0.5695E+00
  0.1383E+00  0.5726E+00  0.4519E-01  0.5654E+00  0.5654E+00
  0.1389E+00  0.5392E+00  0.4433E-01  0.5614E+00  0.5614E+00
  0.1396E+00  0.5625E+00  0.4251E-01  0.5576E+00  0.5576E+00
  0.1402E+00  0.5841E+00  0.4238E-01  0.5540E+00  0.5540E+00
  0.1408E+00  0.5754E+00  0.4094E-01  0.5506E+00  0.5506E+00
  0.1414E+00  0.5916E+00  0.4075E-01  0.5473E+00  0.5473E+00
  0.1420E+00  0.5732E+00  0.4275E-01  0.5442E+00  0.5442E+00
  0.1426E+00  0.5707E+00  0.4399E-01  0.5413E+00  0.5413E+00
  0.1432E+00  0.5779E+00  0.4120E-01  0.5385E+00  0.5385E+00
  0.1438E+00  0.5165E+00  0.4218E-01  0.5359E+00  0.5359E+00
  0.1444E+00  0.5096E+00  0.4164E-01  0.5334E+00  0.5334E+00
  0.1450E+00  0.4650E+00  0.4010E-01  0.5311E+00  0.5311E+00
  0.1456E+00  0.5159E+00  0.4140E-01  0.5288E+00  0.5288E+00
  0.1462E+00  0.5576E+00  0.4030E-01  0.5268E+00  0.5268E+00
  0.1468E+00  0.5496E+00  0.4213E-01  0.5248E+00  0.5248E+00
  0.1475E+00  0.4760E+00  0.4238E-01  0.5230E+00  0.5230E+00
  0.1481E+00  0.5129E+00  0.4112E-01  0.5213E+00  0.5213E+00
  0.1487E+00  0.5463E+00  0.4742E-01  0.5197E+00  0.5197E+00
  0.1493E+00  0.5841E+00  0.5105E-01  0.5182E+00  0.5182E+00
  0.1499E+00  0.5755E+00  0.4276E-01  0.5168E+00  0.5168E+00
  0.1505E+00  0.5545E+00  0.3905E-01  0.5155E+00  0.5155E+00
  0.1511E+00  0.4600E+00  0.3954E-01  0.5144E+00  0.5144E+00
  0.1517E+00  0.4988E+00  0.3687E-01  0.5133E+00  0.5133E+00
  0.1523E+00  0.5370E+00  0.3702E-01  0.5123E+00  0.5123E+00
  0.1529E+00  0.5274E+00  0.4004E-01  0.5113E+00  0.5113E+00
  0.1535E+00  0.4918E+00  0.3832E-01  0.5105E+00  0.5105E+00
  0.1541E+00  0.5100E+00  0.3962E-01  0.5097E+00  0.5097E+00
  0.1548E+00  0.5069E+00  0.4238E-01  0.5090E+00  0.5090E+00
  0.1554E+00  0.5084E+00  0.4099E-01  0.5084E+00  0.5084E+00
  0.1560E+00  0.4682E+00  0.4009E-01  0.5078E+00  0.5078E+00
  0.1566E+00  0.4959E+00  0.4109E-01  0.5073E+00  0.5073E+00
  0.1572E+00  0.4789E+00  0.3873E-01  0.5069E+00  0.5069E+00
  0.1578E+00  0.4824E+00  0.3741E-01  0.5065E+00  0.5065E+00
  0.1584E+00  0.4659E+00  0.3688E-01  0.5062E+00  0.5062E+00
  0.1590E+00  0.5108E+00  0.3537E-01  0.5059E+00  0.5059E+00
  0.1596E+00  0.4711E+00  0.3823E-01  0.5057E+00  0.5057E+00
  0.1602E+00  0.5138E+00  0.3707E-01  0.5055E+00  0.5055E+00
  0.1608E+00  0.4821E+00  0.3719E-01  0.5054E+00  0.5054E+00
  0.1614E+00  0.4877E+00  0.3720E-01  0.5053E+00  0.5053E+00
  0.1620E+00  0.5007E+00  0.3894E-01  0.5052E+00  0.5052E+00
  0.1627E+00  0.5145E+00  0.3731E-01  0.5052E+00  0.5052E+00
  0.1633E+00  0.4480E+00  0.3772E-01  0.5052E+00  0.5052E+00
  0.1639E+00  0.4581E+00  0.3770E-01  0.5052E+00  0.5052E+00
  0.1645E+00  0.4512E+00  0.3587E-01  0.5053E+00  0.5053E+00
  0.1651E+00  0.5139E+00  0.3521E-01  0.5053E+00  0.5053E+00
  0.1657E+00  0.4891E+00  0.3594E-01  0.5054E+00  0.5054E+00
  0.1663E+00  0.5177E+00  0.3670E-01  0.5056E+00  0.5056E+00
  0.1669E+00  0.5076E+00  0.3717E-01  0.5057E+00  0.5057E+00
  0.1675E+00  0.5235E+00  0.3694E-01  0.5059E+00  0.5059E+00
  0.1681E+00  0.5108E+00  0.3651E-01  0.5060E+00  0.5060E+00
  0.1687E+00  0.4967E+00  0.3700E-01  0.5062E+00  0.5062E+00
  0.1693E+00  0.5896E+00  0.3574E-01  0.5064E+00  0.5064E+00
  0.1700E+00  0.6058E+00  0.3675E-01  0.5066E+00  0.5066E+00
  0.1706E+00  0.5801E+00  0.3686E-01  0.5069E+00  0.5069E+00
  0.1712E+00  0.5558E+00  0.3746E-01  0.5071E+00  0.5071E+00
  0.1718E+00  0.4855E+00  0.3728E-01  0.5073E+00  0.5073E+00
  0.1724E+00  0.5234E+00  0.3708E-01  0.5075E+00  0.5075E+00
  0.1730E+00  0.5264E+00  0.3625E-01  0.5078E+00  0.5078E+00
  0.1736E+00  0.4640E+00  0.3629E-01  0.5080E+00  0.5080E+00
  0.1742E+00  0.5432E+00  0.3577E-01  0.5082E+00  0.5082E+00
  0.1748E+00  0.5014E+00  0.3592E-01  0.5084E+00  0.5084E+00
  0.1754E+00  0.5012E+00  0.3591E-01  0.5087E+00  0.5087E+00
  0.1760E+00  0.4806E+00  0.3694E-01  0.5089E+00  0.5089E+00
  0.1766E+00  0.5057E+00  0.3621E-01  0.5091E+00  0.5091E+00
  0.1773E+00  0.5568E+00  0.3410E-01  0.5093E+00  0.5093E+00
  0.1779E+00  0.5338E+00  0.3511E-01  0.5095E+00  0.5095E+00
  0.1785E+00  0.5286E+00  0.3562E-01  0.5097E+00  0.5097E+00
  0.1791E+00  0.5007E+00  0.3686E-01  0.5099E+00  0.5099E+00
  0.1797E+00  0.4692E+00  0.3661E-01  0.5100E+00  0.5100E+00
  0.1803E+00  0.4974E+00  0.3692E-01  0.5102E+00  0.5102E+00
  0.1809E+00  0.5550E+00  0.3687E-01  0.5104E+00  0.5104E+00
  0.1815E+00  0.5354E+00  0.3630E-01  0.5105E+00  0.5105E+00
  0.1821E+00  0.5164E+00  0.3726E-01  0.5106E+00  0.5106E+00
  0.1827E+00  0.5438E+00  0.3616E-01  0.5107E+00  0.5107E+00
  0.1833E+00  0.5463E+00  0.3620E-01  0.5108E+00  0.5108E+00
  0.1839E+00  0.5070E+00  0.3695E-01  0.5109E+00  0.5109E+00
  0.1845E+00  0.5429E+00  0.3584E-01  0.5110E+00  0.5110E+00
  0.1852E+00  0.5331E+00  0.3615E-01  0.5110E+00  0.5110E+00
  0.1858E+00  0.5416E+00  0.3594E-01  0.5111E+00  0.5111E+00
  0.1864E+00  0.5118E+00  0.3542E-01  0.5111E+00  0.5111E+00
  0.1870E+00  0.5299E+00  0.3608E-01  0.5111E+00  0.5111E+00
  0.1876E+00  0.5117E+00  0.3524E-01  0.5111E+00  0.5111E+00
  0.1882E+00  0.5080E+00  0.3451E-01  0.5110E+00  0.5110E+00
  0.1888E+00  0.5211E+00  0.3449E-01  0.5110E+00  0.5110E+00
  0.1894E+00  0.5123E+00  0.3472E-01  0.5109E+00  0.5109E+00
  0.1900E+00  0.5305E+00  0.3536E-01  0.5109E+00  0.5109E+00
  0.1906E+00  0.5112E+00  0.3401E-01  0.5108E+00  0.5108E+00
  0.1912E+00  0.4341E+00  0.3478E-01  0.5107E+00  0.5107E+00
  0.1918E+00  0.4250E+00  0.3470E-01  0.5105E+00  0.5105E+00
  0.1925E+00  0.4425E+00  0.3428E-01  0.5104E+00  0.5104E+00
  0.1931E+00  0.4386E+00  0.3479E-01  0.5102E+00  0.5102E+00
  0.1937E+00  0.5121E+00  0.3429E-01  0.5101E+00  0.5101E+00
  0.1943E+00  0.4799E+00  0.3399E-01  0.5099E+00  0.5099E+00
  0.1949E+00  0.5076E+00  0.3368E-01  0.5097E+00  0.5097E+00
  0.1955E+00  0.5279E+00  0.3315E-01  0.5094E+00  0.5094E+00
  0.1961E+00  0.5189E+00  0.3306E-01  0.5092E+00  0.5092E+00
  0.1967E+00  0.4975E+00  0.3568E-01  0.5089E+00  0.5089E+00
  0.1973E+00  0.5210E+00  0.3428E-01  0.5087E+00  0.5087E+00
  0.1979E+00  0.4916E+00  0.3676E-01  0.5084E+00  0.5084E+00
  0.1985E+00  0.4991E+00  0.3382E-01  0.5081E+00  0.5081E+00
  0.1991E+00  0.5351E+00  0.3273E-01  0.5078E+00  0.5078E+00
  0.1997E+00  0.5329E+00  0.3392E-01  0.5075E+00  0.5075E+00
  0.2004E+00  0.5185E+00  0.3339E-01  0.5071E+00  0.5071E+00
  0.2010E+00  0.5304E+00  0.3193E-01  0.5068E+00  0.5068E+00
  0.2016E+00  0.5265E+00  0.3212E-01  0.5064E+00  0.5064E+00
  0.2022E+00  0.5321E+00  0.3200E-01  0.5061E+00  0.5061E+00
  0.2028E+00  0.4991E+00  0.3235E-01  0.5057E+00  0.5057E+00
  0.2034E+00  0.4866E+00  0.3270E-01  0.5053E+00  0.5053E+00
  0.2040E+00  0.4831E+00  0.3308E-01  0.5049E+00  0.5049E+00
  0.2046E+00  0.5228E+00  0.3123E-01  0.5045E+00  0.5045E+00
  0.2052E+00  0.5049E+00  0.3405E-01  0.5041E+00  0.5041E+00
  0.2058E+00  0.5375E+00  0.3284E-01  0.5036E+00  0.5036E+00
  0.2064E+00  0.5518E+00  0.3295E-01  0.5032E+00  0.5032E+00
  0.2070E+00  0.4889E+00  0.3398E-01  0.5028E+00  0.5028E+00
  0.2077E+00  0.4996E+00  0.3210E-01  0.5023E+00  0.5023E+00
  0.2083E+00  0.4779E+00  0.3316E-01  0.5019E+00  0.5019E+00
  0.2089E+00  0.5001E+00  0.3393E-01  0.5015E+00  0.5015E+00
  0.2095E+00  0.4948E+00  0.3482E-01  0.5010E+00  0.5010E+00
  0.2101E+00  0.5150E+00  0.3272E-01  0.5006E+00  0.5006E+00
  0.2107E+00  0.5113E+00  0.3276E-01  0.5001E+00  0.5001E+00
  0.2113E+00  0.5245E+00  0.3257E-01  0.4996E+00  0.4996E+00
  0.2119E+00  0.5053E+00  0.3229E-01  0.4992E+00  0.4992E+00
  0.2125E+00  0.5252E+00  0.3244E-01  0.4987E+00  0.4987E+00
  0.2131E+00  0.4896E+00  0.3350E-01  0.4983E+00  0.4983E+00
  0.2137E+00  0.4988E+00  0.3171E-01  0.4978E+00  0.4978E+00
  0.2143E+00  0.4198E+00  0.3176E-01  0.4974E+00  0.4974E+00
  0.2149E+00  0.4797E+00  0.3211E-01  0.4969E+00  0.4969E+00
  0.2156E+00  0.4628E+00  0.3213E-01  0.4965E+00  0.4965E+00
  0.2162E+00  0.4837E+00  0.3178E-01  0.4961E+00  0.4961E+00
  0.2168E+00  0.5245E+00  0.3499E-01  0.4956E+00  0.4956E+00
  0.2174E+00  0.4993E+00  0.3235E-01  0.4952E+00  0.4952E+00
  0.2180E+00  0.5167E+00  0.3231E-01  0.4948E+00  0.4948E+00
  0.2186E+00  0.4852E+00  0.3299E-01  0.4944E+00  0.4944E+00
  0.2192E+00  0.4525E+00  0.3287E-01  0.4940E+00  0.4940E+00
  0.2198E+00  0.5054E+00  0.3197E-01  0.4936E+00  0.4936E+00
  0.2204E+00  0.4755E+00  0.3089E-01  0.4932E+00  0.4932E+00
  0.2210E+00  0.4626E+00  0.3080E-01  0.4928E+00  0.4928E+00
  0.2216E+00  0.4222E+00  0.3241E-01  0.4924E+00  0.4924E+00
  0.2222E+00  0.4529E+00  0.3135E-01  0.4921E+00  0.4921E+00
  0.2228E+00  0.4555E+00  0.3112E-01  0.4917E+00  0.4917E+00
  0.2235E+00  0.4847E+00  0.3067E-01  0.4914E+00  0.4914E+00
  0.2241E+00  0.4722E+00  0.3041E-01  0.4911E+00  0.4911E+00
  0.2247E+00  0.5171E+00  0.3110E-01  0.4908E+00  0.4908E+00
  0.2253E+00  0.4867E+00  0.3195E-01  0.4905E+00  0.4905E+00
  0.2259E+00  0.4918E+00  0.3202E-01  0.4902E+00  0.4902E+00
  0.2265E+00  0.4983E+00  0.3107E-01  0.4900E+00  0.4900E+00
  0.2271E+00  0.4758E+00  0.3027E-01  0.4897E+00  0.4897E+00
  0.2277E+00  0.4930E+00  0.2986E-01  0.4895E+00  0.4895E+00
  0.2283E+00  0.4852E+00  0.3020E-01  0.4893E+00  0.4893E+00
  0.2289E+00  0.5306E+00  0.3308E-01  0.4891E+00  0.4891E+00
  0.2295E+00  0.4573E+00  0.3118E-01  0.4889E+00  0.4889E+00
  0.2301E+00  0.4787E+00  0.3026E-01  0.4888E+00  0.4888E+00
  0.2308E+00  0.4593E+00  0.3038E-01  0.4886E+00  0.4886E+00
  0.2314E+00  0.4812E+00  0.2982E-01  0.4885E+00  0.4885E+00
  0.2320E+00  0.4897E+00  0.2954E-01  0.4884E+00  0.4884E+00
  0.2326E+00  0.4908E+00  0.3163E-01  0.4883E+00  0.4883E+00
  0.2332E+00  0.4749E+00  0.3119E-01  0.4883E+00  0.4883E+00
  0.2338E+00  0.5102E+00  0.3017E-01  0.4882E+00  0.4882E+00
  0.2344E+00  0.4930E+00  0.3102E-01  0.4882E+00  0.4882E+00
  0.2350E+00  0.4833E+00  0.2977E-01  0.4882E+00  0.4882E+00
  0.2356E+00  0.5066E+00  0.2914E-01  0.4882E+00  0.4882E+00
  0.2362E+00  0.4889E+00  0.2896E-01  0.4882E+00  0.4882E+00
  0.2368E+00  0.4831E+00  0.2888E-01  0.4883E+00  0.4883E+00
  0.2374E+00  0.4612E+00  0.2907E-01  0.4883E+00  0.4883E+00
  0.2380E+00  0.4556E+00  0.3017E-01  0.4884E+00  0.4884E+00
  0.2387E+00  0.4632E+00  0.2968E-01  0.4886E+00  0.4886E+00
  0.2393E+00  0.4780E+00  0.2957E-01  0.4887E+00  0.4887E+00
  0.2399E+00  0.4422E+00  0.3008E-01  0.4888E+00  0.4888E+00
  0.2405E+00  0.4320E+00  0.2990E-01  0.4890E+00  0.4890E+00
  0.2411E+00  0.4380E+00  0.2995E-01  0.4892E+00  0.4892E+00
  0.2417E+00  0.4694E+00  0.2998E-01  0.4894E+00  0.4894E+00
  0.2423E+00  0.4952E+00  0.2988E-01  0.4896E+00  0.4896E+00
  0.2429E+00  0.4832E+00  0.3045E-01  0.4899E+00  0.4899E+00
  0.2435E+00  0.4873E+00  0.3061E-01  0.4901E+00  0.4901E+00
  0.2441E+00  0.4881E+00  0.2942E-01  0.4904E+00  0.4904E+00
  0.2447E+00  0.4851E+00  0.3079E-01  0.4907E+00  0.4907E+00
  0.2453E+00  0.4715E+00  0.2925E-01  0.4911E+00  0.4911E+00
  0.2460E+00  0.4560E+00  0.2880E-01  0.4914E+00  0.4914E+00
  0.2466E+00  0.5314E+00  0.2814E-01  0.4917E+00  0.4917E+00
  0.2472E+00  0.5239E+00  0.2967E-01  0.4921E+00  0.4921E+00
  0.2478E+00  0.5339E+00  0.2917E-01  0.4925E+00  0.4925E+00
  0.2484E+00  0.5932E+00  0.3090E-01  0.4929E+00  0.4929E+00
  0.2490E+00  0.5287E+00  0.3008E-01  0.4933E+00  0.4933E+00
  0.2496E+00  0.5266E+00  0.2888E-01  0.4938E+00  0.4938E+00
  0.2502E+00  0.5123E+00  0.2873E-01  0.4942E+00  0.4942E+00
  0.2508E+00  0.5110E+00  0.2925E-01  0.4947E+00  0.4947E+00
  0.2514E+00  0.4931E+00  0.2954E-01  0.4951E+00  0.4951E+00
  0.2520E+00  0.5047E+00  0.2897E-01  0.4956E+00  0.4956E+00
  0.2526E+00  0.4839E+00  0.3000E-01  0.4961E+00  0.4961E+00
  0.2532E+00  0.5001E+00  0.2896E-01  0.4966E+00  0.4966E+00
  0.2539E+00  0.4927E+00  0.2891E-01  0.4971E+00  0.4971E+00
  0.2545E+00  0.4753E+00  0.2822E-01  0.4977E+00  0.4977E+00
  0.2551E+00  0.4919E+00  0.2773E-01  0.4982E+00  0.4982E+00
  0.2557E+00  0.4915E+00  0.2900E-01  0.4988E+00  0.4988E+00
  0.2563E+00  0.5000E+00  0.2924E-01  0.4993E+00  0.4993E+00
  0.2569E+00  0.4690E+00  0.2889E-01  0.4999E+00  0.4999E+00
  0.2575E+00  0.4680E+00  0.2885E-01  0.5004E+00  0.5004E+00
  0.2581E+00  0.4959E+00  0.2870E-01  0.5010E+00  0.5010E+00
  0.2587E+00  0.5046E+00  0.2941E-01  0.5016E+00  0.5016E+00
  0.2593E+00  0.4865E+00  0.2934E-01  0.5022E+00  0.5022E+00
  0.2599E+00  0.4900E+00  0.2925E-01  0.5028E+00  0.5028E+00
  0.2605E+00  0.4994E+00  0.2842E-01  0.5034E+00  0.5034E+00
  0.2612E+00  0.5194E+00  0.2738E-01  0.5040E+00  0.5040E+00
  0.2618E+00  0.4889E+00  0.3002E-01  0.5045E+00  0.5045E+00
  0.2624E+00  0.5082E+00  0.3140E-01  0.5051E+00  0.5051E+00
  0.2630E+00  0.5119E+00  0.2814E-01  0.5057E+00  0.5057E+00
  0.2636E+00  0.5371E+00  0.2975E-01  0.5063E+00  0.5063E+00
  0.2642E+00  0.5459E+00  0.2897E-01  0.5069E+00  0.5069E+00
  0.2648E+00  0.5320E+00  0.2865E-01  0.5075E+00  0.5075E+00
  0.2654E+00  0.5153E+00  0.2985E-01  0.5081E+00  0.5081E+00
  0.2660E+00  0.5145E+00  0.3279E-01  0.5086E+00  0.5086E+00
  0.2666E+00  0.5319E+00  0.2947E-01  0.5092E+00  0.5092E+00
  0.2672E+00  0.5390E+00  0.2913E-01  0.5098E+00  0.5098E+00
  0.2678E+00  0.5054E+00  0.2730E-01  0.5103E+00  0.5103E+00
  0.2684E+00  0.5089E+00  0.2704E-01  0.5109E+00  0.5109E+00
  0.2691E+00  0.5504E+00  0.2816E-01  0.5114E+00  0.5114E+00
  0.2697E+00  0.5190E+00  0.2773E-01  0.5119E+00  0.5119E+00
  0.2703E+00  0.5030E+00  0.2865E-01  0.5124E+00  0.5124E+00
  0.2709E+00  0.5536E+00  0.2818E-01  0.5129E+00  0.5129E+00
  0.2715E+00  0.5339E+00  0.2833E-01  0.5134E+00  0.5134E+00
  0.2721E+00  0.5080E+00  0.2792E-01  0.5139E+00  0.5139E+00
  0.2727E+00  0.5018E+00  0.2774E-01  0.5144E+00  0.5144E+00
  0.2733E+00  0.5031E+00  0.2698E-01  0.5148E+00  0.5148E+00
  0.2739E+00  0.5658E+00  0.2661E-01  0.5152E+00  0.5152E+00
  0.2745E+00  0.5892E+00  0.2682E-01  0.5157E+00  0.5157E+00
  0.2751E+00  0.5395E+00  0.2774E-01  0.5161E+00  0.5161E+00
  0.2757E+00  0.5491E+00  0.2704E-01  0.5164E+00  0.5164E+00
  0.2763E+00  0.4801E+00  0.2756E-01  0.5168E+00  0.5168E+00
  0.2770E+00  0.5128E+00  0.2636E-01  0.5172E+00  0.5172E+00
  0.2776E+00  0.5311E+00  0.2727E-01  0.5175E+00  0.5175E+00
  0.2782E+00  0.5088E+00  0.3175E-01  0.5178E+00  0.5178E+00
  0.2788E+00  0.5491E+00  0.4755E-01  0.5181E+00  0.5181E+00
  0.2794E+00  0.5287E+00  0.3195E-01  0.5183E+00  0.5183E+00
  0.2800E+00  0.5459E+00  0.3009E-01  0.5186E+00  0.5186E+00
  0.2806E+00  0.5280E+00  0.2745E-01  0.5188E+00  0.5188E+00
  0.2812E+00  0.4981E+00  0.2725E-01  0.5190E+00  0.5190E+00
  0.2818E+00  0.5016E+00  0.2711E-01  0.5192E+00  0.5192E+00
  0.2824E+00  0.4991E+00  0.2615E-01  0.5193E+00  0.5193E+00
  0.2830E+00  0.5043E+00  0.2607E-01  0.5194E+00  0.5194E+00
  0.2836E+00  0.5078E+00  0.2676E-01  0.5195E+00  0.5195E+00
  0.2843E+00  0.5315E+00  0.2642E-01  0.5196E+00  0.5196E+00
  0.2849E+00  0.5247E+00  0.2607E-01  0.5196E+00  0.5196E+00
  0.2855E+00  0.5308E+00  0.2669E-01  0.5196E+00  0.5196E+00
  0.2861E+00  0.5047E+00  0.2497E-01  0.5196E+00  0.5196E+00
  0.2867E+00  0.5195E+00  0.2618E-01  0.5196E+00  0.5196E+00
  0.2873E+00  0.5206E+00  0.2596E-01  0.5195E+00  0.5195E+00
  0.2879E+00  0.4984E+00  0.2459E-01  0.5194E+00  0.5194E+00
  0.2885E+00  0.5033E+00  0.2603E-01  0.5193E+00  0.5193E+00
  0.2891E+00  0.4642E+00  0.2637E-01  0.5192E+00  0.5192E+00
  0.2897E+00  0.4792E+00  0.2697E-01  0.5190E+00  0.5190E+00
  0.2903E+00  0.4994E+00  0.2649E-01  0.5188E+00  0.5188E+00
  0.2909E+00  0.4974E+00  0.2614E-01  0.5186E+00  0.5186E+00
  0.2915E+00  0.5336E+00  0.2754E-01  0.5183E+00  0.5183E+00
  0.2922E+00  0.5178E+00  0.2593E-01  0.5180E+00  0.5180E+00
  0.2928E+00  0.5494E+00  0.2570E-01  0.5177E+00  0.5177E+00
  0.2934E+00  0.4899E+00  0.2430E-01  0.5173E+00  0.5173E+00
  0.2940E+00  0.4922E+00  0.2431E-01  0.5169E+00  0.5169E+00
  0.2946E+00  0.5074E+00  0.2515E-01  0.5165E+00  0.5165E+00
  0.2952E+00  0.5341E+00  0.2449E-01  0.5161E+00  0.5161E+00
  0.2958E+00  0.5010E+00  0.2460E-01  0.5156E+00  0.5156E+00
  0.2964E+00  0.5135E+00  0.2544E-01  0.5151E+00  0.5151E+00
  0.2970E+00  0.5194E+00  0.2476E-01  0.5146E+00  0.5146E+00
  0.2976E+00  0.4918E+00  0.2515E-01  0.5140E+00  0.5140E+00
  0.2982E+00  0.4926E+00  0.2514E-01  0.5134E+00  0.5134E+00
  0.2988E+00  0.4737E+00  0.2433E-01  0.5128E+00  0.5128E+00
  0.2995E+00  0.5000E+00  0.2494E-01  0.5122E+00  0.5122E+00
  0.3001E+00  0.5038E+00  0.2476E-01  0.5115E+00  0.5115E+00
  0.3007E+00  0.5211E+00  0.2383E-01  0.5108E+00  0.5108E+00
  0.3013E+00  0.5379E+00  0.2435E-01  0.5101E+00  0.5101E+00
  0.3019E+00  0.5108E+00  0.2407E-01  0.5093E+00  0.5093E+00
  0.3025E+00  0.5268E+00  0.2398E-01  0.5086E+00  0.5086E+00
  0.3031E+00  0.5067E+00  0.2474E-01  0.5077E+00  0.5077E+00
  0.3037E+00  0.5034E+00  0.2467E-01  0.5069E+00  0.5069E+00
  0.3043E+00  0.5226E+00  0.2442E-01  0.5060E+00  0.5060E+00
  0.3049E+00  0.5157E+00  0.2427E-01  0.5052E+00  0.5052E+00
  0.3055E+00  0.4933E+00  0.2425E-01  0.5042E+00  0.5042E+00
  0.3061E+00  0.5124E+00  0.2331E-01  0.5033E+00  0.5033E+00
  0.3067E+00  0.5277E+00  0.2343E-01  0.5023E+00  0.5023E+00
  0.3074E+00  0.4763E+00  0.2485E-01  0.5013E+00  0.5013E+00
  0.3080E+00  0.4633E+00  0.2404E-01  0.5003E+00  0.5003E+00
  0.3086E+00  0.4938E+00  0.2426E-01  0.4993E+00  0.4993E+00
  0.3092E+00  0.4962E+00  0.2369E-01  0.4982E+00  0.4982E+00
  0.3098E+00  0.5308E+00  0.2460E-01  0.4972E+00  0.4972E+00
  0.3104E+00  0.5128E+00  0.2350E-01  0.4960E+00  0.4960E+00
  0.3110E+00  0.5278E+00  0.2404E-01  0.4949E+00  0.4949E+00
  0.3116E+00  0.5726E+00  0.2351E-01  0.4938E+00  0.4938E+00
  0.3122E+00  0.5549E+00  0.2343E-01  0.4926E+00  0.4926E+00
  0.3128E+00  0.5277E+00  0.2365E-01  0.4914E+00  0.4914E+00
  0.3134E+00  0.5467E+00  0.2436E-01  0.4902E+00  0.4902E+00
  0.3140E+00  0.5187E+00  0.2608E-01  0.4890E+00  0.4890E+00
  0.3146E+00  0.5148E+00  0.2698E-01  0.4877E+00  0.4877E+00
  0.3153E+00  0.5325E+00  0.2653E-01  0.4865E+00  0.4865E+00
  0.3159E+00  0.5165E+00  0.2858E-01  0.4852E+00  0.4852E+00
  0.3165E+00  0.5414E+00  0.3021E-01  0.4839E+00  0.4839E+00
  0.3171E+00  0.5566E+00  0.3133E-01  0.4826E+00  0.4826E+00
  0.3177E+00  0.5757E+00  0.3636E-01  0.4813E+00  0.4813E+00
  0.3183E+00  0.5748E+00  0.3852E-01  0.4799E+00  0.4799E+00
  0.3189E+00  0.5846E+00  0.4419E-01  0.4786E+00  0.4786E+00
  0.3195E+00  0.5657E+00  0.5592E-01  0.4772E+00  0.4772E+00

           Distance distribution  function of particle  


       R          P(R)      ERROR

  0.0000E+00  0.0000E+00  0.0000E+00
  0.7556E+00  0.2724E-02  0.2373E-04
  0.1511E+01  0.4928E-02  0.3957E-04
  0.2267E+01  0.6629E-02  0.4797E-04
  0.3022E+01  0.7859E-02  0.4966E-04
  0.3778E+01  0.8660E-02  0.4568E-04
  0.4534E+01  0.9083E-02  0.3738E-04
  0.5289E+01  0.9187E-02  0.2688E-04
  0.6045E+01  0.9035E-02  0.1890E-04
  0.6800E+01  0.8695E-02  0.2200E-04
  0.7556E+01  0.8235E-02  0.3366E-04
  0.8312E+01  0.7719E-02  0.4674E-04
  0.9067E+01  0.7212E-02  0.5838E-04
  0.9823E+01  0.6769E-02  0.6729E-04
  0.1058E+02  0.6439E-02  0.7277E-04
  0.1133E+02  0.6262E-02  0.7452E-04
  0.1209E+02  0.6269E-02  0.7255E-04
  0.1285E+02  0.6479E-02  0.6726E-04
  0.1360E+02  0.6902E-02  0.5951E-04
  0.1436E+02  0.7535E-02  0.5076E-04
  0.1511E+02  0.8367E-02  0.4342E-04
  0.1587E+02  0.9379E-02  0.4077E-04
  0.1662E+02  0.1054E-01  0.4463E-04
  0.1738E+02  0.1183E-01  0.5323E-04
  0.1813E+02  0.1319E-01  0.6347E-04
  0.1889E+02  0.1460E-01  0.7308E-04
  0.1965E+02  0.1600E-01  0.8068E-04
  0.2040E+02  0.1737E-01  0.8550E-04
  0.2116E+02  0.1867E-01  0.8720E-04
  0.2191E+02  0.1986E-01  0.8587E-04
  0.2267E+02  0.2092E-01  0.8203E-04
  0.2342E+02  0.2183E-01  0.7670E-04
  0.2418E+02  0.2258E-01  0.7147E-04
  0.2493E+02  0.2315E-01  0.6841E-04
  0.2569E+02  0.2355E-01  0.6939E-04
  0.2645E+02  0.2378E-01  0.7500E-04
  0.2720E+02  0.2386E-01  0.8419E-04
  0.2796E+02  0.2380E-01  0.9516E-04
  0.2871E+02  0.2362E-01  0.1062E-03
  0.2947E+02  0.2334E-01  0.1159E-03
  0.3022E+02  0.2300E-01  0.1235E-03
  0.3098E+02  0.2260E-01  0.1283E-03
  0.3174E+02  0.2218E-01  0.1302E-03
  0.3249E+02  0.2175E-01  0.1294E-03
  0.3325E+02  0.2132E-01  0.1261E-03
  0.3400E+02  0.2093E-01  0.1213E-03
  0.3476E+02  0.2056E-01  0.1156E-03
  0.3551E+02  0.2023E-01  0.1103E-03
  0.3627E+02  0.1993E-01  0.1064E-03
  0.3702E+02  0.1967E-01  0.1045E-03
  0.3778E+02  0.1943E-01  0.1047E-03
  0.3854E+02  0.1921E-01  0.1067E-03
  0.3929E+02  0.1899E-01  0.1097E-03
  0.4005E+02  0.1876E-01  0.1129E-03
  0.4080E+02  0.1851E-01  0.1155E-03
  0.4156E+02  0.1822E-01  0.1172E-03
  0.4231E+02  0.1788E-01  0.1179E-03
  0.4307E+02  0.1749E-01  0.1181E-03
  0.4382E+02  0.1703E-01  0.1182E-03
  0.4458E+02  0.1650E-01  0.1187E-03
  0.4534E+02  0.1589E-01  0.1203E-03
  0.4609E+02  0.1522E-01  0.1231E-03
  0.4685E+02  0.1448E-01  0.1271E-03
  0.4760E+02  0.1368E-01  0.1318E-03
  0.4836E+02  0.1284E-01  0.1364E-03
  0.4911E+02  0.1196E-01  0.1404E-03
  0.4987E+02  0.1106E-01  0.1430E-03
  0.5063E+02  0.1016E-01  0.1439E-03
  0.5138E+02  0.9256E-02  0.1429E-03
  0.5214E+02  0.8379E-02  0.1403E-03
  0.5289E+02  0.7537E-02  0.1367E-03
  0.5365E+02  0.6741E-02  0.1327E-03
  0.5440E+02  0.6001E-02  0.1295E-03
  0.5516E+02  0.5324E-02  0.1280E-03
  0.5591E+02  0.4715E-02  0.1287E-03
  0.5667E+02  0.4177E-02  0.1317E-03
  0.5743E+02  0.3710E-02  0.1365E-03
  0.5818E+02  0.3312E-02  0.1421E-03
  0.5894E+02  0.2980E-02  0.1473E-03
  0.5969E+02  0.2707E-02  0.1514E-03
  0.6045E+02  0.2489E-02  0.1536E-03
  0.6120E+02  0.2317E-02  0.1538E-03
  0.6196E+02  0.2183E-02  0.1524E-03
  0.6271E+02  0.2082E-02  0.1500E-03
  0.6347E+02  0.2004E-02  0.1483E-03
  0.6423E+02  0.1944E-02  0.1487E-03
  0.6498E+02  0.1896E-02  0.1528E-03
  0.6574E+02  0.1853E-02  0.1614E-03
  0.6649E+02  0.1811E-02  0.1741E-03
  0.6725E+02  0.1767E-02  0.1895E-03
  0.6800E+02  0.1716E-02  0.2058E-03
  0.6876E+02  0.1656E-02  0.2207E-03
  0.6952E+02  0.1583E-02  0.2322E-03
  0.7027E+02  0.1494E-02  0.2384E-03
  0.7103E+02  0.1385E-02  0.2375E-03
  0.7178E+02  0.1251E-02  0.2278E-03
  0.7254E+02  0.1088E-02  0.2078E-03
  0.7329E+02  0.8883E-03  0.1761E-03
  0.7405E+02  0.6458E-03  0.1316E-03
  0.7480E+02  0.3526E-03  0.7325E-04
  0.7556E+02  0.0000E+00  0.0000E+00
          Reciprocal space: Rg =   24.68     , I(0) =   0.1048E+02
     Real space: Rg =   24.67 +- 0.098  I(0) =   0.1048E+02 +-  0.4220E-01
