
           ####    G N O M   ---   Version 4.5a revised 09/02/02     ####

                                                  Wed May 19 16:34:33 2010
           ===    Run No   1   ===
 Run title:   Merge of: p1_F2_2.mccd p1_F3_2.mccd p1_F6_2.mccd p1_F7_2.mccd p1


  Number of points omitted at the beginning:          18
   *******   Working Directory :
   *******    Input file(s) :
           Condition P(rmin) = 0 is used. 
           Condition P(rmax) = 0 is used. 

          Experimental conditions for the first run
          -----------------------------------------

          Highest ALPHA is found to be   0.1599E+04

  The measure of inconsistency AN1 equals to    0.8973E+00
     Alpha    Discrp  Oscill  Stabil  Sysdev  Positv  Valcen    Total   
  0.1599E+07 63.0394  1.4763  0.9703  0.0000  1.0000  0.7850  0.26208
  0.3198E+06 60.3631  1.4458  0.9038  0.0000  1.0000  0.7923  0.27186
  0.6396E+05 52.6558  1.3411  0.7366  0.0251  1.0000  0.8200  0.30425
  0.1279E+05 40.1624  1.2119  0.5873  0.0042  1.0000  0.8751  0.34078
  0.2558E+04 22.4777  1.2005  0.3863  0.1545  1.0000  0.9207  0.37348
  0.5116E+03  7.7383  1.2169  0.1472  0.2923  1.0000  0.9415  0.45232
  0.1023E+03  2.1090  1.2288  0.0364  0.3633  1.0000  0.9476  0.62260
  0.2047E+02  1.0822  1.2332  0.0092  0.3758  1.0000  0.9490  0.65876
  0.4093E+01  0.9576  1.2428  0.0110  0.4050  1.0000  0.9492  0.68937
  0.8186E+00  0.8884  1.2881  0.0140  0.4551  1.0000  0.9488  0.72104
  0.1637E+00  0.8366  1.4633  0.0486  0.5010  1.0000  0.9468  0.69139
  0.3275E-01  0.7430  2.4447  0.1003  0.5261  0.9993  0.9368  0.46680
  0.6549E-02  0.6748  3.9327  0.0781  0.5470  0.9950  0.9172  0.50593
  0.1310E-02  0.6476  5.8814  0.2719  0.4969  0.9848  0.8887  0.32562
  0.2620E-03  0.6056 10.3388  0.4274  0.5470  0.9344  0.7722  0.28277
  0.5239E-04  0.5743 13.2331  0.3594  0.5094  0.8683  0.5382  0.00000

          ***  Golden section search to maximize estimate ***
     Alpha    Discrp  Oscill  Stabil  Sysdev  Positv  Valcen    Total   
  0.3028E+00  0.8591  1.3565  0.0293  0.4843  1.0000  0.9479  0.72215
  0.5599E+00  0.8771  1.3072  0.0173  0.4760  1.0000  0.9485  0.72976
  0.6473E+00  0.8813  1.2992  0.0157  0.4760  1.0000  0.9486  0.73066
  0.7081E+00  0.8839  1.2948  0.0149  0.4676  1.0000  0.9487  0.72686
  0.6124E+00  0.8797  1.3022  0.0163  0.4760  1.0000  0.9486  0.73037
  0.6699E+00  0.8823  1.2975  0.0154  0.4760  1.0000  0.9486  0.73080
  0.6842E+00  0.8829  1.2964  0.0152  0.4760  1.0000  0.9486  0.73088
  0.6932E+00  0.8833  1.2958  0.0151  0.4760  1.0000  0.9487  0.73092
  0.6988E+00  0.8835  1.2954  0.0150  0.4760  1.0000  0.9487  0.73095
  0.7023E+00  0.8837  1.2952  0.0150  0.4760  1.0000  0.9487  0.73096
  0.7045E+00  0.8838  1.2950  0.0150  0.4760  1.0000  0.9487  0.73097
  0.7059E+00  0.8838  1.2949  0.0149  0.4760  1.0000  0.9487  0.73098
  0.7067E+00  0.8839  1.2949  0.0149  0.4676  1.0000  0.9487  0.72685
  0.7054E+00  0.8838  1.2950  0.0149  0.4760  1.0000  0.9487  0.73097
  0.7062E+00  0.8839  1.2949  0.0149  0.4760  1.0000  0.9487  0.73098
  0.7064E+00  0.8839  1.2949  0.0149  0.4676  1.0000  0.9487  0.72685
  0.7062E+00  0.8839  1.2949  0.0149  0.4760  1.0000  0.9487  0.73098



             ####            Final results            ####

 Parameter    DISCRP    OSCILL    STABIL    SYSDEV    POSITV    VALCEN
 Weight        1.000     3.000     3.000     5.000     1.000     1.000
 Sigma         0.300     0.600     0.120     0.500     0.120     0.120
 Ideal         0.700     1.200     0.000     1.000     1.000     0.950
 Current       0.884     1.295     0.015     0.476     1.000     0.949
                - - - - - - - - - - - - - - - - - - - - - - - - - 
 Estimate      0.687     0.975     0.985     0.333     1.000     1.000

  Angular   range    :     from    0.0258   to    0.3171
  Real space range   :     from      0.00   to     76.23

  Highest ALPHA (theor) :   0.160E+07                 JOB = 0
  Current ALPHA         :   0.706E+00   Rg :  0.256E+02   I(0) :   0.866E+01

           Total  estimate : 0.731  which is  A REASONABLE  solution

      S          J EXP       ERROR       J REG       I REG

  0.0000E+00                                      0.8661E+01
  0.9230E-03                                      0.8659E+01
  0.1846E-02                                      0.8654E+01
  0.2769E-02                                      0.8646E+01
  0.3692E-02                                      0.8635E+01
  0.4615E-02                                      0.8620E+01
  0.5538E-02                                      0.8603E+01
  0.6461E-02                                      0.8582E+01
  0.7384E-02                                      0.8558E+01
  0.8307E-02                                      0.8531E+01
  0.9230E-02                                      0.8501E+01
  0.1015E-01                                      0.8467E+01
  0.1108E-01                                      0.8431E+01
  0.1200E-01                                      0.8392E+01
  0.1292E-01                                      0.8350E+01
  0.1384E-01                                      0.8305E+01
  0.1477E-01                                      0.8257E+01
  0.1569E-01                                      0.8206E+01
  0.1661E-01                                      0.8153E+01
  0.1754E-01                                      0.8097E+01
  0.1846E-01                                      0.8038E+01
  0.1938E-01                                      0.7977E+01
  0.2031E-01                                      0.7913E+01
  0.2123E-01                                      0.7847E+01
  0.2215E-01                                      0.7779E+01
  0.2307E-01                                      0.7708E+01
  0.2400E-01                                      0.7635E+01
  0.2492E-01                                      0.7560E+01
  0.2584E-01  0.7482E+01  0.1347E+00  0.7483E+01  0.7483E+01
  0.2645E-01  0.7501E+01  0.1239E+00  0.7431E+01  0.7431E+01
  0.2706E-01  0.7470E+01  0.1255E+00  0.7378E+01  0.7378E+01
  0.2767E-01  0.7418E+01  0.1277E+00  0.7325E+01  0.7325E+01
  0.2828E-01  0.7196E+01  0.1195E+00  0.7270E+01  0.7270E+01
  0.2888E-01  0.7133E+01  0.1276E+00  0.7215E+01  0.7215E+01
  0.2949E-01  0.7138E+01  0.1145E+00  0.7159E+01  0.7159E+01
  0.3010E-01  0.7072E+01  0.1244E+00  0.7103E+01  0.7103E+01
  0.3071E-01  0.7159E+01  0.1164E+00  0.7046E+01  0.7046E+01
  0.3132E-01  0.7070E+01  0.1139E+00  0.6988E+01  0.6988E+01
  0.3192E-01  0.7102E+01  0.1122E+00  0.6929E+01  0.6929E+01
  0.3253E-01  0.6966E+01  0.1102E+00  0.6870E+01  0.6870E+01
  0.3314E-01  0.6936E+01  0.1040E+00  0.6810E+01  0.6810E+01
  0.3375E-01  0.6927E+01  0.1033E+00  0.6750E+01  0.6750E+01
  0.3436E-01  0.6741E+01  0.1022E+00  0.6689E+01  0.6689E+01
  0.3497E-01  0.6725E+01  0.1203E+00  0.6628E+01  0.6628E+01
  0.3557E-01  0.6604E+01  0.1088E+00  0.6566E+01  0.6566E+01
  0.3618E-01  0.6550E+01  0.9735E-01  0.6504E+01  0.6504E+01
  0.3679E-01  0.6599E+01  0.9513E-01  0.6441E+01  0.6441E+01
  0.3740E-01  0.6550E+01  0.9824E-01  0.6378E+01  0.6378E+01
  0.3801E-01  0.6412E+01  0.1015E+00  0.6314E+01  0.6314E+01
  0.3861E-01  0.6365E+01  0.7318E-01  0.6250E+01  0.6250E+01
  0.3922E-01  0.6281E+01  0.5519E-01  0.6186E+01  0.6186E+01
  0.3983E-01  0.6222E+01  0.5022E-01  0.6121E+01  0.6121E+01
  0.4044E-01  0.6146E+01  0.5318E-01  0.6056E+01  0.6056E+01
  0.4105E-01  0.6128E+01  0.4970E-01  0.5991E+01  0.5991E+01
  0.4165E-01  0.6060E+01  0.5155E-01  0.5926E+01  0.5926E+01
  0.4226E-01  0.5936E+01  0.5322E-01  0.5860E+01  0.5860E+01
  0.4287E-01  0.5821E+01  0.5019E-01  0.5794E+01  0.5794E+01
  0.4348E-01  0.5729E+01  0.4754E-01  0.5728E+01  0.5728E+01
  0.4409E-01  0.5661E+01  0.4405E-01  0.5662E+01  0.5662E+01
  0.4469E-01  0.5581E+01  0.4280E-01  0.5596E+01  0.5596E+01
  0.4530E-01  0.5558E+01  0.4573E-01  0.5529E+01  0.5529E+01
  0.4591E-01  0.5499E+01  0.4310E-01  0.5463E+01  0.5463E+01
  0.4652E-01  0.5496E+01  0.3957E-01  0.5396E+01  0.5396E+01
  0.4713E-01  0.5443E+01  0.4120E-01  0.5329E+01  0.5329E+01
  0.4773E-01  0.5368E+01  0.4045E-01  0.5263E+01  0.5263E+01
  0.4834E-01  0.5298E+01  0.4074E-01  0.5196E+01  0.5196E+01
  0.4895E-01  0.5233E+01  0.3729E-01  0.5130E+01  0.5130E+01
  0.4956E-01  0.5152E+01  0.4113E-01  0.5063E+01  0.5063E+01
  0.5017E-01  0.5042E+01  0.3724E-01  0.4997E+01  0.4997E+01
  0.5078E-01  0.5000E+01  0.3856E-01  0.4930E+01  0.4930E+01
  0.5138E-01  0.4879E+01  0.3832E-01  0.4864E+01  0.4864E+01
  0.5199E-01  0.4854E+01  0.4394E-01  0.4798E+01  0.4798E+01
  0.5260E-01  0.4767E+01  0.3989E-01  0.4732E+01  0.4732E+01
  0.5321E-01  0.4640E+01  0.3724E-01  0.4666E+01  0.4666E+01
  0.5382E-01  0.4591E+01  0.4046E-01  0.4601E+01  0.4601E+01
  0.5442E-01  0.4531E+01  0.3839E-01  0.4535E+01  0.4535E+01
  0.5503E-01  0.4479E+01  0.3824E-01  0.4470E+01  0.4470E+01
  0.5564E-01  0.4421E+01  0.3811E-01  0.4405E+01  0.4405E+01
  0.5625E-01  0.4296E+01  0.3968E-01  0.4340E+01  0.4340E+01
  0.5686E-01  0.4249E+01  0.3668E-01  0.4276E+01  0.4276E+01
  0.5746E-01  0.4128E+01  0.3689E-01  0.4212E+01  0.4212E+01
  0.5807E-01  0.4065E+01  0.3528E-01  0.4148E+01  0.4148E+01
  0.5868E-01  0.4035E+01  0.3798E-01  0.4085E+01  0.4085E+01
  0.5929E-01  0.3960E+01  0.3616E-01  0.4022E+01  0.4022E+01
  0.5990E-01  0.3876E+01  0.3871E-01  0.3959E+01  0.3959E+01
  0.6050E-01  0.3825E+01  0.3758E-01  0.3897E+01  0.3897E+01
  0.6111E-01  0.3774E+01  0.3401E-01  0.3835E+01  0.3835E+01
  0.6172E-01  0.3697E+01  0.3614E-01  0.3773E+01  0.3773E+01
  0.6233E-01  0.3664E+01  0.3752E-01  0.3712E+01  0.3712E+01
  0.6294E-01  0.3646E+01  0.3399E-01  0.3651E+01  0.3651E+01
  0.6354E-01  0.3569E+01  0.3365E-01  0.3591E+01  0.3591E+01
  0.6415E-01  0.3515E+01  0.3324E-01  0.3531E+01  0.3531E+01
  0.6476E-01  0.3409E+01  0.2866E-01  0.3472E+01  0.3472E+01
  0.6537E-01  0.3346E+01  0.2510E-01  0.3413E+01  0.3413E+01
  0.6598E-01  0.3292E+01  0.2624E-01  0.3355E+01  0.3355E+01
  0.6659E-01  0.3256E+01  0.2345E-01  0.3297E+01  0.3297E+01
  0.6719E-01  0.3173E+01  0.2175E-01  0.3240E+01  0.3240E+01
  0.6780E-01  0.3128E+01  0.2423E-01  0.3183E+01  0.3183E+01
  0.6841E-01  0.3104E+01  0.2250E-01  0.3127E+01  0.3127E+01
  0.6902E-01  0.3044E+01  0.2282E-01  0.3071E+01  0.3071E+01
  0.6963E-01  0.2969E+01  0.2197E-01  0.3016E+01  0.3016E+01
  0.7023E-01  0.2924E+01  0.2211E-01  0.2961E+01  0.2961E+01
  0.7084E-01  0.2866E+01  0.2168E-01  0.2907E+01  0.2907E+01
  0.7145E-01  0.2811E+01  0.2010E-01  0.2853E+01  0.2853E+01
  0.7206E-01  0.2785E+01  0.2071E-01  0.2800E+01  0.2800E+01
  0.7267E-01  0.2694E+01  0.2128E-01  0.2748E+01  0.2748E+01
  0.7327E-01  0.2665E+01  0.2193E-01  0.2696E+01  0.2696E+01
  0.7388E-01  0.2579E+01  0.2046E-01  0.2645E+01  0.2645E+01
  0.7449E-01  0.2524E+01  0.1932E-01  0.2594E+01  0.2594E+01
  0.7510E-01  0.2498E+01  0.2104E-01  0.2545E+01  0.2545E+01
  0.7571E-01  0.2404E+01  0.2025E-01  0.2495E+01  0.2495E+01
  0.7631E-01  0.2391E+01  0.1825E-01  0.2446E+01  0.2446E+01
  0.7692E-01  0.2329E+01  0.1629E-01  0.2398E+01  0.2398E+01
  0.7753E-01  0.2334E+01  0.1605E-01  0.2351E+01  0.2351E+01
  0.7814E-01  0.2319E+01  0.1726E-01  0.2304E+01  0.2304E+01
  0.7875E-01  0.2270E+01  0.1535E-01  0.2257E+01  0.2257E+01
  0.7935E-01  0.2226E+01  0.1514E-01  0.2212E+01  0.2212E+01
  0.7996E-01  0.2171E+01  0.1549E-01  0.2167E+01  0.2167E+01
  0.8057E-01  0.2124E+01  0.1490E-01  0.2122E+01  0.2122E+01
  0.8118E-01  0.2073E+01  0.1379E-01  0.2079E+01  0.2079E+01
  0.8179E-01  0.2038E+01  0.1355E-01  0.2035E+01  0.2035E+01
  0.8239E-01  0.2001E+01  0.1474E-01  0.1993E+01  0.1993E+01
  0.8300E-01  0.1970E+01  0.1468E-01  0.1951E+01  0.1951E+01
  0.8361E-01  0.1919E+01  0.1365E-01  0.1910E+01  0.1910E+01
  0.8422E-01  0.1864E+01  0.1374E-01  0.1869E+01  0.1869E+01
  0.8483E-01  0.1818E+01  0.1360E-01  0.1829E+01  0.1829E+01
  0.8544E-01  0.1783E+01  0.1384E-01  0.1789E+01  0.1789E+01
  0.8604E-01  0.1755E+01  0.1447E-01  0.1751E+01  0.1751E+01
  0.8665E-01  0.1722E+01  0.1408E-01  0.1712E+01  0.1712E+01
  0.8726E-01  0.1693E+01  0.1567E-01  0.1675E+01  0.1675E+01
  0.8787E-01  0.1642E+01  0.1687E-01  0.1638E+01  0.1638E+01
  0.8848E-01  0.1601E+01  0.1480E-01  0.1602E+01  0.1602E+01
  0.8908E-01  0.1557E+01  0.1756E-01  0.1566E+01  0.1566E+01
  0.8969E-01  0.1530E+01  0.1563E-01  0.1531E+01  0.1531E+01
  0.9030E-01  0.1508E+01  0.1366E-01  0.1496E+01  0.1496E+01
  0.9091E-01  0.1476E+01  0.1391E-01  0.1462E+01  0.1462E+01
  0.9151E-01  0.1466E+01  0.1313E-01  0.1429E+01  0.1429E+01
  0.9212E-01  0.1402E+01  0.1388E-01  0.1396E+01  0.1396E+01
  0.9273E-01  0.1393E+01  0.1434E-01  0.1364E+01  0.1364E+01
  0.9334E-01  0.1341E+01  0.1386E-01  0.1332E+01  0.1332E+01
  0.9395E-01  0.1327E+01  0.1405E-01  0.1301E+01  0.1301E+01
  0.9456E-01  0.1271E+01  0.1280E-01  0.1271E+01  0.1271E+01
  0.9516E-01  0.1256E+01  0.1131E-01  0.1241E+01  0.1241E+01
  0.9577E-01  0.1232E+01  0.1114E-01  0.1212E+01  0.1212E+01
  0.9638E-01  0.1226E+01  0.1190E-01  0.1183E+01  0.1183E+01
  0.9699E-01  0.1167E+01  0.1208E-01  0.1155E+01  0.1155E+01
  0.9760E-01  0.1146E+01  0.1321E-01  0.1127E+01  0.1127E+01
  0.9820E-01  0.1128E+01  0.1313E-01  0.1100E+01  0.1100E+01
  0.9881E-01  0.1101E+01  0.1970E-01  0.1074E+01  0.1074E+01
  0.9942E-01  0.1059E+01  0.1325E-01  0.1048E+01  0.1048E+01
  0.1000E+00  0.1040E+01  0.1456E-01  0.1022E+01  0.1022E+01
  0.1006E+00  0.1024E+01  0.1142E-01  0.9970E+00  0.9970E+00
  0.1012E+00  0.9938E+00  0.1099E-01  0.9725E+00  0.9725E+00
  0.1019E+00  0.9757E+00  0.1044E-01  0.9485E+00  0.9485E+00
  0.1025E+00  0.9406E+00  0.1024E-01  0.9250E+00  0.9250E+00
  0.1031E+00  0.9168E+00  0.1025E-01  0.9020E+00  0.9020E+00
  0.1037E+00  0.8965E+00  0.1031E-01  0.8795E+00  0.8795E+00
  0.1043E+00  0.8802E+00  0.9982E-02  0.8574E+00  0.8574E+00
  0.1049E+00  0.8466E+00  0.9976E-02  0.8359E+00  0.8359E+00
  0.1055E+00  0.8365E+00  0.1004E-01  0.8148E+00  0.8148E+00
  0.1061E+00  0.8142E+00  0.1036E-01  0.7941E+00  0.7941E+00
  0.1067E+00  0.7877E+00  0.1013E-01  0.7739E+00  0.7739E+00
  0.1073E+00  0.7686E+00  0.1044E-01  0.7542E+00  0.7542E+00
  0.1079E+00  0.7401E+00  0.9756E-02  0.7349E+00  0.7349E+00
  0.1085E+00  0.7216E+00  0.9732E-02  0.7160E+00  0.7160E+00
  0.1091E+00  0.7040E+00  0.1008E-01  0.6976E+00  0.6976E+00
  0.1098E+00  0.6769E+00  0.9958E-02  0.6796E+00  0.6796E+00
  0.1104E+00  0.6606E+00  0.9904E-02  0.6620E+00  0.6620E+00
  0.1110E+00  0.6438E+00  0.9778E-02  0.6448E+00  0.6448E+00
  0.1116E+00  0.6365E+00  0.9887E-02  0.6279E+00  0.6279E+00
  0.1122E+00  0.6328E+00  0.9985E-02  0.6115E+00  0.6115E+00
  0.1128E+00  0.5989E+00  0.8614E-02  0.5955E+00  0.5955E+00
  0.1134E+00  0.5864E+00  0.8706E-02  0.5798E+00  0.5798E+00
  0.1140E+00  0.5670E+00  0.8421E-02  0.5646E+00  0.5646E+00
  0.1146E+00  0.5412E+00  0.8114E-02  0.5497E+00  0.5497E+00
  0.1152E+00  0.5421E+00  0.7825E-02  0.5351E+00  0.5351E+00
  0.1158E+00  0.5310E+00  0.8086E-02  0.5209E+00  0.5209E+00
  0.1164E+00  0.5043E+00  0.8073E-02  0.5071E+00  0.5071E+00
  0.1171E+00  0.4962E+00  0.8113E-02  0.4936E+00  0.4936E+00
  0.1177E+00  0.4821E+00  0.7436E-02  0.4804E+00  0.4804E+00
  0.1183E+00  0.4704E+00  0.7855E-02  0.4676E+00  0.4676E+00
  0.1189E+00  0.4648E+00  0.7456E-02  0.4551E+00  0.4551E+00
  0.1195E+00  0.4459E+00  0.7638E-02  0.4429E+00  0.4429E+00
  0.1201E+00  0.4381E+00  0.7838E-02  0.4310E+00  0.4310E+00
  0.1207E+00  0.4305E+00  0.7937E-02  0.4194E+00  0.4194E+00
  0.1213E+00  0.4104E+00  0.7777E-02  0.4081E+00  0.4081E+00
  0.1219E+00  0.3908E+00  0.8161E-02  0.3971E+00  0.3971E+00
  0.1225E+00  0.3771E+00  0.4569E-02  0.3864E+00  0.3864E+00
  0.1231E+00  0.3620E+00  0.4411E-02  0.3760E+00  0.3760E+00
  0.1237E+00  0.3554E+00  0.4471E-02  0.3658E+00  0.3658E+00
  0.1244E+00  0.3527E+00  0.4612E-02  0.3560E+00  0.3560E+00
  0.1250E+00  0.3521E+00  0.4619E-02  0.3463E+00  0.3463E+00
  0.1256E+00  0.3369E+00  0.4862E-02  0.3370E+00  0.3370E+00
  0.1262E+00  0.3337E+00  0.4762E-02  0.3279E+00  0.3279E+00
  0.1268E+00  0.3187E+00  0.4527E-02  0.3191E+00  0.3191E+00
  0.1274E+00  0.3045E+00  0.4638E-02  0.3104E+00  0.3104E+00
  0.1280E+00  0.2981E+00  0.4445E-02  0.3021E+00  0.3021E+00
  0.1286E+00  0.2891E+00  0.4516E-02  0.2939E+00  0.2939E+00
  0.1292E+00  0.2832E+00  0.4365E-02  0.2860E+00  0.2860E+00
  0.1298E+00  0.2750E+00  0.4465E-02  0.2784E+00  0.2784E+00
  0.1304E+00  0.2674E+00  0.4557E-02  0.2709E+00  0.2709E+00
  0.1310E+00  0.2489E+00  0.4521E-02  0.2637E+00  0.2637E+00
  0.1316E+00  0.2470E+00  0.4502E-02  0.2566E+00  0.2566E+00
  0.1323E+00  0.2456E+00  0.4632E-02  0.2498E+00  0.2498E+00
  0.1329E+00  0.2423E+00  0.4497E-02  0.2432E+00  0.2432E+00
  0.1335E+00  0.2342E+00  0.4548E-02  0.2367E+00  0.2367E+00
  0.1341E+00  0.2295E+00  0.4682E-02  0.2305E+00  0.2305E+00
  0.1347E+00  0.2222E+00  0.4594E-02  0.2244E+00  0.2244E+00
  0.1353E+00  0.2114E+00  0.4454E-02  0.2186E+00  0.2186E+00
  0.1359E+00  0.2057E+00  0.4579E-01  0.2129E+00  0.2129E+00
  0.1365E+00  0.2026E+00  0.1118E+00  0.2074E+00  0.2074E+00
  0.1371E+00  0.1937E+00  0.7684E-01  0.2020E+00  0.2020E+00
  0.1377E+00  0.1866E+00  0.1578E+00  0.1968E+00  0.1968E+00
  0.1383E+00  0.1844E+00  0.1264E+00  0.1918E+00  0.1918E+00
  0.1389E+00  0.1792E+00  0.5032E-01  0.1869E+00  0.1869E+00
  0.1396E+00  0.1787E+00  0.5417E-01  0.1822E+00  0.1822E+00
  0.1402E+00  0.1771E+00  0.2251E-01  0.1777E+00  0.1777E+00
  0.1408E+00  0.1760E+00  0.4469E-02  0.1733E+00  0.1733E+00
  0.1414E+00  0.1652E+00  0.4384E-02  0.1691E+00  0.1691E+00
  0.1420E+00  0.1544E+00  0.4446E-02  0.1649E+00  0.1649E+00
  0.1426E+00  0.1501E+00  0.4378E-02  0.1610E+00  0.1610E+00
  0.1432E+00  0.1473E+00  0.4274E-02  0.1571E+00  0.1571E+00
  0.1438E+00  0.1570E+00  0.4245E-02  0.1534E+00  0.1534E+00
  0.1444E+00  0.1532E+00  0.4153E-02  0.1499E+00  0.1499E+00
  0.1450E+00  0.1515E+00  0.4211E-02  0.1464E+00  0.1464E+00
  0.1456E+00  0.1487E+00  0.4148E-02  0.1431E+00  0.1431E+00
  0.1462E+00  0.1373E+00  0.4263E-02  0.1399E+00  0.1399E+00
  0.1468E+00  0.1311E+00  0.4132E-02  0.1368E+00  0.1368E+00
  0.1475E+00  0.1338E+00  0.4254E-02  0.1338E+00  0.1338E+00
  0.1481E+00  0.1294E+00  0.4162E-02  0.1309E+00  0.1309E+00
  0.1487E+00  0.1285E+00  0.4077E-02  0.1282E+00  0.1282E+00
  0.1493E+00  0.1214E+00  0.4147E-02  0.1255E+00  0.1255E+00
  0.1499E+00  0.1202E+00  0.4059E-02  0.1229E+00  0.1229E+00
  0.1505E+00  0.1162E+00  0.4060E-02  0.1205E+00  0.1205E+00
  0.1511E+00  0.1047E+00  0.3999E-02  0.1181E+00  0.1181E+00
  0.1517E+00  0.1110E+00  0.3974E-02  0.1159E+00  0.1159E+00
  0.1523E+00  0.1086E+00  0.4139E-02  0.1137E+00  0.1137E+00
  0.1529E+00  0.1120E+00  0.4168E-02  0.1116E+00  0.1116E+00
  0.1535E+00  0.1130E+00  0.4302E-02  0.1096E+00  0.1096E+00
  0.1541E+00  0.1100E+00  0.4013E-02  0.1077E+00  0.1077E+00
  0.1548E+00  0.1099E+00  0.3982E-02  0.1059E+00  0.1059E+00
  0.1554E+00  0.1046E+00  0.3902E-02  0.1041E+00  0.1041E+00
  0.1560E+00  0.1018E+00  0.3868E-02  0.1024E+00  0.1024E+00
  0.1566E+00  0.1007E+00  0.4003E-02  0.1008E+00  0.1008E+00
  0.1572E+00  0.9901E-01  0.4318E-02  0.9930E-01  0.9930E-01
  0.1578E+00  0.9894E-01  0.3926E-02  0.9784E-01  0.9784E-01
  0.1584E+00  0.9431E-01  0.3977E-02  0.9645E-01  0.9645E-01
  0.1590E+00  0.9013E-01  0.3852E-02  0.9513E-01  0.9513E-01
  0.1596E+00  0.9158E-01  0.3896E-02  0.9386E-01  0.9386E-01
  0.1602E+00  0.9347E-01  0.3764E-02  0.9266E-01  0.9266E-01
  0.1608E+00  0.9330E-01  0.3685E-02  0.9152E-01  0.9152E-01
  0.1614E+00  0.1009E+00  0.3696E-02  0.9044E-01  0.9044E-01
  0.1620E+00  0.9612E-01  0.3755E-02  0.8941E-01  0.8941E-01
  0.1627E+00  0.9518E-01  0.3735E-02  0.8844E-01  0.8844E-01
  0.1633E+00  0.9287E-01  0.3829E-02  0.8752E-01  0.8752E-01
  0.1639E+00  0.9076E-01  0.3848E-02  0.8665E-01  0.8665E-01
  0.1645E+00  0.8841E-01  0.3831E-02  0.8582E-01  0.8582E-01
  0.1651E+00  0.8639E-01  0.3902E-02  0.8505E-01  0.8505E-01
  0.1657E+00  0.8863E-01  0.4020E-02  0.8431E-01  0.8431E-01
  0.1663E+00  0.9196E-01  0.3978E-02  0.8362E-01  0.8362E-01
  0.1669E+00  0.8942E-01  0.4606E-02  0.8297E-01  0.8297E-01
  0.1675E+00  0.9188E-01  0.3409E-02  0.8236E-01  0.8236E-01
  0.1681E+00  0.8783E-01  0.3406E-02  0.8179E-01  0.8179E-01
  0.1687E+00  0.8797E-01  0.3394E-02  0.8125E-01  0.8125E-01
  0.1693E+00  0.8632E-01  0.3273E-02  0.8074E-01  0.8074E-01
  0.1700E+00  0.8275E-01  0.3207E-02  0.8027E-01  0.8027E-01
  0.1706E+00  0.7422E-01  0.3323E-02  0.7983E-01  0.7983E-01
  0.1712E+00  0.7712E-01  0.3403E-02  0.7942E-01  0.7942E-01
  0.1718E+00  0.7871E-01  0.3423E-02  0.7904E-01  0.7904E-01
  0.1724E+00  0.7691E-01  0.2215E-01  0.7868E-01  0.7868E-01
  0.1730E+00  0.7497E-01  0.5763E-01  0.7835E-01  0.7835E-01
  0.1736E+00  0.7892E-01  0.6461E-01  0.7804E-01  0.7804E-01
  0.1742E+00  0.7686E-01  0.7851E-01  0.7775E-01  0.7775E-01
  0.1748E+00  0.8075E-01  0.6526E-01  0.7749E-01  0.7749E-01
  0.1754E+00  0.7961E-01  0.5546E-01  0.7724E-01  0.7724E-01
  0.1760E+00  0.7627E-01  0.2101E-01  0.7702E-01  0.7702E-01
  0.1766E+00  0.8348E-01  0.3355E-02  0.7681E-01  0.7681E-01
  0.1773E+00  0.7871E-01  0.3341E-02  0.7661E-01  0.7661E-01
  0.1779E+00  0.7793E-01  0.3420E-02  0.7643E-01  0.7643E-01
  0.1785E+00  0.7676E-01  0.3344E-02  0.7626E-01  0.7626E-01
  0.1791E+00  0.7419E-01  0.3253E-02  0.7611E-01  0.7611E-01
  0.1797E+00  0.7430E-01  0.3240E-02  0.7596E-01  0.7596E-01
  0.1803E+00  0.7661E-01  0.3284E-02  0.7583E-01  0.7583E-01
  0.1809E+00  0.7787E-01  0.3320E-02  0.7570E-01  0.7570E-01
  0.1815E+00  0.8158E-01  0.3349E-02  0.7559E-01  0.7559E-01
  0.1821E+00  0.7721E-01  0.3361E-02  0.7548E-01  0.7548E-01
  0.1827E+00  0.7813E-01  0.3342E-02  0.7537E-01  0.7537E-01
  0.1833E+00  0.7536E-01  0.3331E-02  0.7527E-01  0.7527E-01
  0.1839E+00  0.7168E-01  0.3282E-02  0.7518E-01  0.7518E-01
  0.1845E+00  0.7436E-01  0.3152E-02  0.7508E-01  0.7508E-01
  0.1852E+00  0.6954E-01  0.3269E-02  0.7499E-01  0.7499E-01
  0.1858E+00  0.7739E-01  0.3162E-02  0.7490E-01  0.7490E-01
  0.1864E+00  0.7681E-01  0.3347E-02  0.7482E-01  0.7482E-01
  0.1870E+00  0.7737E-01  0.3231E-02  0.7473E-01  0.7473E-01
  0.1876E+00  0.7569E-01  0.3187E-02  0.7464E-01  0.7464E-01
  0.1882E+00  0.7609E-01  0.3096E-02  0.7455E-01  0.7455E-01
  0.1888E+00  0.7445E-01  0.3214E-02  0.7446E-01  0.7446E-01
  0.1894E+00  0.7643E-01  0.3246E-02  0.7436E-01  0.7436E-01
  0.1900E+00  0.7350E-01  0.3177E-02  0.7427E-01  0.7427E-01
  0.1906E+00  0.7785E-01  0.3185E-02  0.7417E-01  0.7417E-01
  0.1912E+00  0.7414E-01  0.3234E-02  0.7406E-01  0.7406E-01
  0.1918E+00  0.7315E-01  0.3150E-02  0.7395E-01  0.7395E-01
  0.1925E+00  0.7626E-01  0.3258E-02  0.7383E-01  0.7383E-01
  0.1931E+00  0.7635E-01  0.3147E-02  0.7371E-01  0.7371E-01
  0.1937E+00  0.7385E-01  0.3095E-02  0.7359E-01  0.7359E-01
  0.1943E+00  0.7594E-01  0.3117E-02  0.7345E-01  0.7345E-01
  0.1949E+00  0.7185E-01  0.3120E-02  0.7331E-01  0.7331E-01
  0.1955E+00  0.7788E-01  0.3095E-02  0.7316E-01  0.7316E-01
  0.1961E+00  0.7238E-01  0.3068E-02  0.7301E-01  0.7301E-01
  0.1967E+00  0.7298E-01  0.3081E-02  0.7285E-01  0.7285E-01
  0.1973E+00  0.7322E-01  0.3051E-02  0.7268E-01  0.7268E-01
  0.1979E+00  0.6871E-01  0.2980E-02  0.7250E-01  0.7250E-01
  0.1985E+00  0.6822E-01  0.3078E-02  0.7231E-01  0.7231E-01
  0.1991E+00  0.7023E-01  0.3141E-02  0.7212E-01  0.7212E-01
  0.1997E+00  0.6420E-01  0.3133E-02  0.7192E-01  0.7192E-01
  0.2004E+00  0.6930E-01  0.3179E-02  0.7171E-01  0.7171E-01
  0.2010E+00  0.6757E-01  0.3194E-02  0.7149E-01  0.7149E-01
  0.2016E+00  0.7028E-01  0.3937E-02  0.7126E-01  0.7126E-01
  0.2022E+00  0.7237E-01  0.3170E-02  0.7102E-01  0.7102E-01
  0.2028E+00  0.6845E-01  0.3153E-02  0.7078E-01  0.7078E-01
  0.2034E+00  0.7032E-01  0.3094E-02  0.7052E-01  0.7052E-01
  0.2040E+00  0.6521E-01  0.3048E-02  0.7026E-01  0.7026E-01
  0.2046E+00  0.5987E-01  0.2989E-02  0.6999E-01  0.6999E-01
  0.2052E+00  0.5838E-01  0.2984E-02  0.6971E-01  0.6971E-01
  0.2058E+00  0.6008E-01  0.3018E-02  0.6942E-01  0.6942E-01
  0.2064E+00  0.6242E-01  0.2960E-02  0.6913E-01  0.6913E-01
  0.2070E+00  0.6380E-01  0.2978E-02  0.6883E-01  0.6883E-01
  0.2077E+00  0.6604E-01  0.2910E-02  0.6852E-01  0.6852E-01
  0.2083E+00  0.6755E-01  0.2953E-02  0.6820E-01  0.6820E-01
  0.2089E+00  0.6669E-01  0.3015E-02  0.6787E-01  0.6787E-01
  0.2095E+00  0.6803E-01  0.2970E-02  0.6754E-01  0.6754E-01
  0.2101E+00  0.6460E-01  0.3019E-02  0.6720E-01  0.6720E-01
  0.2107E+00  0.6920E-01  0.2940E-02  0.6686E-01  0.6686E-01
  0.2113E+00  0.6822E-01  0.3011E-02  0.6651E-01  0.6651E-01
  0.2119E+00  0.6852E-01  0.2984E-02  0.6615E-01  0.6615E-01
  0.2125E+00  0.6670E-01  0.2986E-02  0.6579E-01  0.6579E-01
  0.2131E+00  0.6472E-01  0.3046E-02  0.6542E-01  0.6542E-01
  0.2137E+00  0.6573E-01  0.2846E-02  0.6505E-01  0.6505E-01
  0.2143E+00  0.6529E-01  0.2891E-02  0.6467E-01  0.6467E-01
  0.2149E+00  0.6198E-01  0.2910E-02  0.6429E-01  0.6429E-01
  0.2156E+00  0.6020E-01  0.2915E-02  0.6390E-01  0.6390E-01
  0.2162E+00  0.6112E-01  0.3003E-02  0.6351E-01  0.6351E-01
  0.2168E+00  0.5952E-01  0.2895E-02  0.6312E-01  0.6312E-01
  0.2174E+00  0.6054E-01  0.2911E-02  0.6272E-01  0.6272E-01
  0.2180E+00  0.5907E-01  0.2961E-02  0.6232E-01  0.6232E-01
  0.2186E+00  0.5734E-01  0.3025E-02  0.6192E-01  0.6192E-01
  0.2192E+00  0.5896E-01  0.3142E-02  0.6152E-01  0.6152E-01
  0.2198E+00  0.6232E-01  0.3109E-02  0.6111E-01  0.6111E-01
  0.2204E+00  0.6238E-01  0.3363E-02  0.6070E-01  0.6070E-01
  0.2210E+00  0.6190E-01  0.4750E-02  0.6030E-01  0.6030E-01
  0.2216E+00  0.6057E-01  0.3992E-02  0.5989E-01  0.5989E-01
  0.2222E+00  0.5688E-01  0.6521E-02  0.5948E-01  0.5948E-01
  0.2228E+00  0.6022E-01  0.6004E-02  0.5908E-01  0.5908E-01
  0.2235E+00  0.5890E-01  0.5749E-02  0.5867E-01  0.5867E-01
  0.2241E+00  0.5789E-01  0.7240E-02  0.5826E-01  0.5826E-01
  0.2247E+00  0.5673E-01  0.6210E-02  0.5786E-01  0.5786E-01
  0.2253E+00  0.5796E-01  0.3596E-02  0.5745E-01  0.5745E-01
  0.2259E+00  0.5856E-01  0.3010E-02  0.5705E-01  0.5705E-01
  0.2265E+00  0.5987E-01  0.3063E-02  0.5665E-01  0.5665E-01
  0.2271E+00  0.6050E-01  0.2994E-02  0.5626E-01  0.5626E-01
  0.2277E+00  0.5783E-01  0.2871E-02  0.5586E-01  0.5586E-01
  0.2283E+00  0.6220E-01  0.2964E-02  0.5547E-01  0.5547E-01
  0.2289E+00  0.6177E-01  0.3051E-02  0.5508E-01  0.5508E-01
  0.2295E+00  0.5833E-01  0.3048E-02  0.5470E-01  0.5470E-01
  0.2301E+00  0.5728E-01  0.2993E-02  0.5432E-01  0.5432E-01
  0.2308E+00  0.6014E-01  0.3014E-02  0.5395E-01  0.5395E-01
  0.2314E+00  0.5312E-01  0.2992E-02  0.5357E-01  0.5357E-01
  0.2320E+00  0.5075E-01  0.3341E-02  0.5321E-01  0.5321E-01
  0.2326E+00  0.5331E-01  0.3268E-02  0.5284E-01  0.5284E-01
  0.2332E+00  0.4989E-01  0.3501E-02  0.5249E-01  0.5249E-01
  0.2338E+00  0.5650E-01  0.3127E-02  0.5214E-01  0.5214E-01
  0.2344E+00  0.5343E-01  0.2949E-02  0.5179E-01  0.5179E-01
  0.2350E+00  0.5635E-01  0.2877E-02  0.5145E-01  0.5145E-01
  0.2356E+00  0.5704E-01  0.2897E-02  0.5111E-01  0.5111E-01
  0.2362E+00  0.5475E-01  0.2887E-02  0.5079E-01  0.5079E-01
  0.2368E+00  0.5400E-01  0.2920E-02  0.5046E-01  0.5046E-01
  0.2374E+00  0.5193E-01  0.2841E-02  0.5015E-01  0.5015E-01
  0.2380E+00  0.4939E-01  0.2866E-02  0.4983E-01  0.4983E-01
  0.2387E+00  0.5022E-01  0.2760E-02  0.4953E-01  0.4953E-01
  0.2393E+00  0.4868E-01  0.2812E-02  0.4923E-01  0.4923E-01
  0.2399E+00  0.4592E-01  0.2920E-02  0.4894E-01  0.4894E-01
  0.2405E+00  0.4889E-01  0.2896E-02  0.4865E-01  0.4865E-01
  0.2411E+00  0.4869E-01  0.2842E-02  0.4837E-01  0.4837E-01
  0.2417E+00  0.5077E-01  0.2854E-02  0.4810E-01  0.4810E-01
  0.2423E+00  0.4755E-01  0.2831E-02  0.4784E-01  0.4784E-01
  0.2429E+00  0.5018E-01  0.2827E-02  0.4758E-01  0.4758E-01
  0.2435E+00  0.4905E-01  0.2843E-02  0.4732E-01  0.4732E-01
  0.2441E+00  0.4997E-01  0.2787E-02  0.4708E-01  0.4708E-01
  0.2447E+00  0.5029E-01  0.2902E-02  0.4684E-01  0.4684E-01
  0.2453E+00  0.4979E-01  0.2898E-02  0.4660E-01  0.4660E-01
  0.2460E+00  0.4978E-01  0.2848E-02  0.4638E-01  0.4638E-01
  0.2466E+00  0.4926E-01  0.2806E-02  0.4615E-01  0.4615E-01
  0.2472E+00  0.4878E-01  0.2809E-02  0.4594E-01  0.4594E-01
  0.2478E+00  0.4682E-01  0.2778E-02  0.4573E-01  0.4573E-01
  0.2484E+00  0.4733E-01  0.2843E-02  0.4553E-01  0.4553E-01
  0.2490E+00  0.4187E-01  0.2838E-02  0.4533E-01  0.4533E-01
  0.2496E+00  0.4248E-01  0.2821E-02  0.4514E-01  0.4514E-01
  0.2502E+00  0.4029E-01  0.2807E-02  0.4495E-01  0.4495E-01
  0.2508E+00  0.4324E-01  0.2863E-02  0.4477E-01  0.4477E-01
  0.2514E+00  0.4413E-01  0.2829E-02  0.4459E-01  0.4459E-01
  0.2520E+00  0.4399E-01  0.2864E-02  0.4442E-01  0.4442E-01
  0.2526E+00  0.4652E-01  0.2859E-02  0.4425E-01  0.4425E-01
  0.2532E+00  0.4468E-01  0.2845E-02  0.4409E-01  0.4409E-01
  0.2539E+00  0.4183E-01  0.2848E-02  0.4393E-01  0.4393E-01
  0.2545E+00  0.4435E-01  0.2838E-02  0.4378E-01  0.4378E-01
  0.2551E+00  0.4157E-01  0.2889E-02  0.4363E-01  0.4363E-01
  0.2557E+00  0.4361E-01  0.2767E-02  0.4348E-01  0.4348E-01
  0.2563E+00  0.4197E-01  0.2793E-02  0.4334E-01  0.4334E-01
  0.2569E+00  0.4103E-01  0.2772E-02  0.4320E-01  0.4320E-01
  0.2575E+00  0.3997E-01  0.2806E-02  0.4307E-01  0.4307E-01
  0.2581E+00  0.4150E-01  0.2764E-02  0.4294E-01  0.4294E-01
  0.2587E+00  0.3829E-01  0.2722E-02  0.4281E-01  0.4281E-01
  0.2593E+00  0.3689E-01  0.2782E-02  0.4268E-01  0.4268E-01
  0.2599E+00  0.3877E-01  0.2828E-02  0.4256E-01  0.4256E-01
  0.2605E+00  0.4208E-01  0.3465E-02  0.4243E-01  0.4243E-01
  0.2612E+00  0.4663E-01  0.5758E-02  0.4231E-01  0.4231E-01
  0.2618E+00  0.4083E-01  0.3427E-02  0.4219E-01  0.4219E-01
  0.2624E+00  0.4356E-01  0.2643E-02  0.4208E-01  0.4208E-01
  0.2630E+00  0.4216E-01  0.2723E-02  0.4196E-01  0.4196E-01
  0.2636E+00  0.4260E-01  0.2678E-02  0.4185E-01  0.4185E-01
  0.2642E+00  0.4276E-01  0.2668E-02  0.4173E-01  0.4173E-01
  0.2648E+00  0.4341E-01  0.2708E-02  0.4162E-01  0.4162E-01
  0.2654E+00  0.4224E-01  0.2718E-02  0.4151E-01  0.4151E-01
  0.2660E+00  0.4509E-01  0.2687E-02  0.4140E-01  0.4140E-01
  0.2666E+00  0.4027E-01  0.2677E-02  0.4129E-01  0.4129E-01
  0.2672E+00  0.3724E-01  0.2625E-02  0.4118E-01  0.4118E-01
  0.2678E+00  0.3708E-01  0.2773E-02  0.4106E-01  0.4106E-01
  0.2684E+00  0.3901E-01  0.2687E-02  0.4095E-01  0.4095E-01
  0.2691E+00  0.4301E-01  0.2796E-02  0.4084E-01  0.4084E-01
  0.2697E+00  0.4103E-01  0.2635E-02  0.4073E-01  0.4073E-01
  0.2703E+00  0.4300E-01  0.2560E-02  0.4062E-01  0.4062E-01
  0.2709E+00  0.4160E-01  0.2687E-02  0.4050E-01  0.4050E-01
  0.2715E+00  0.4173E-01  0.2637E-02  0.4039E-01  0.4039E-01
  0.2721E+00  0.3881E-01  0.2745E-02  0.4027E-01  0.4027E-01
  0.2727E+00  0.4015E-01  0.2865E-02  0.4016E-01  0.4016E-01
  0.2733E+00  0.3967E-01  0.2695E-02  0.4004E-01  0.4004E-01
  0.2739E+00  0.4343E-01  0.2577E-02  0.3992E-01  0.3992E-01
  0.2745E+00  0.4093E-01  0.2705E-02  0.3980E-01  0.3980E-01
  0.2751E+00  0.4028E-01  0.2673E-02  0.3968E-01  0.3968E-01
  0.2757E+00  0.3980E-01  0.2785E-02  0.3956E-01  0.3956E-01
  0.2763E+00  0.3655E-01  0.2875E-02  0.3943E-01  0.3943E-01
  0.2770E+00  0.3878E-01  0.2596E-02  0.3931E-01  0.3931E-01
  0.2776E+00  0.3841E-01  0.2529E-02  0.3918E-01  0.3918E-01
  0.2782E+00  0.3892E-01  0.2638E-02  0.3905E-01  0.3905E-01
  0.2788E+00  0.3795E-01  0.2823E-02  0.3892E-01  0.3892E-01
  0.2794E+00  0.3731E-01  0.2938E-02  0.3879E-01  0.3879E-01
  0.2800E+00  0.3573E-01  0.2735E-02  0.3866E-01  0.3866E-01
  0.2806E+00  0.3968E-01  0.2549E-02  0.3852E-01  0.3852E-01
  0.2812E+00  0.3637E-01  0.2504E-02  0.3839E-01  0.3839E-01
  0.2818E+00  0.3743E-01  0.2486E-02  0.3825E-01  0.3825E-01
  0.2824E+00  0.3761E-01  0.2531E-02  0.3811E-01  0.3811E-01
  0.2830E+00  0.3747E-01  0.2514E-02  0.3797E-01  0.3797E-01
  0.2836E+00  0.3826E-01  0.2504E-02  0.3783E-01  0.3783E-01
  0.2843E+00  0.3544E-01  0.2536E-02  0.3769E-01  0.3769E-01
  0.2849E+00  0.3426E-01  0.2511E-02  0.3755E-01  0.3755E-01
  0.2855E+00  0.3688E-01  0.2514E-02  0.3741E-01  0.3741E-01
  0.2861E+00  0.3796E-01  0.2495E-02  0.3726E-01  0.3726E-01
  0.2867E+00  0.3504E-01  0.2503E-02  0.3712E-01  0.3712E-01
  0.2873E+00  0.3302E-01  0.2575E-02  0.3698E-01  0.3698E-01
  0.2879E+00  0.3559E-01  0.2500E-02  0.3683E-01  0.3683E-01
  0.2885E+00  0.3342E-01  0.2580E-02  0.3669E-01  0.3669E-01
  0.2891E+00  0.3122E-01  0.3001E-02  0.3655E-01  0.3655E-01
  0.2897E+00  0.3485E-01  0.2527E-02  0.3640E-01  0.3640E-01
  0.2903E+00  0.3279E-01  0.2457E-02  0.3626E-01  0.3626E-01
  0.2909E+00  0.3737E-01  0.2424E-02  0.3612E-01  0.3612E-01
  0.2915E+00  0.3774E-01  0.2404E-02  0.3598E-01  0.3598E-01
  0.2922E+00  0.3637E-01  0.2425E-02  0.3584E-01  0.3584E-01
  0.2928E+00  0.3599E-01  0.2454E-02  0.3570E-01  0.3570E-01
  0.2934E+00  0.3404E-01  0.2502E-02  0.3556E-01  0.3556E-01
  0.2940E+00  0.3500E-01  0.2803E-02  0.3542E-01  0.3542E-01
  0.2946E+00  0.3395E-01  0.2529E-02  0.3529E-01  0.3529E-01
  0.2952E+00  0.3484E-01  0.2709E-02  0.3516E-01  0.3516E-01
  0.2958E+00  0.3825E-01  0.2428E-02  0.3503E-01  0.3503E-01
  0.2964E+00  0.3860E-01  0.2417E-02  0.3490E-01  0.3490E-01
  0.2970E+00  0.3596E-01  0.2382E-02  0.3477E-01  0.3477E-01
  0.2976E+00  0.3183E-01  0.2328E-02  0.3465E-01  0.3465E-01
  0.2982E+00  0.3399E-01  0.2409E-02  0.3453E-01  0.3453E-01
  0.2988E+00  0.3251E-01  0.2479E-02  0.3442E-01  0.3442E-01
  0.2995E+00  0.3327E-01  0.2699E-02  0.3431E-01  0.3431E-01
  0.3001E+00  0.3710E-01  0.2541E-02  0.3420E-01  0.3420E-01
  0.3007E+00  0.3737E-01  0.3337E-02  0.3409E-01  0.3409E-01
  0.3013E+00  0.3679E-01  0.2510E-02  0.3399E-01  0.3399E-01
  0.3019E+00  0.3651E-01  0.2406E-02  0.3390E-01  0.3390E-01
  0.3025E+00  0.3493E-01  0.2327E-02  0.3380E-01  0.3380E-01
  0.3031E+00  0.3489E-01  0.2307E-02  0.3372E-01  0.3372E-01
  0.3037E+00  0.3572E-01  0.2313E-02  0.3363E-01  0.3363E-01
  0.3043E+00  0.3499E-01  0.2305E-02  0.3356E-01  0.3356E-01
  0.3049E+00  0.3468E-01  0.2327E-02  0.3349E-01  0.3349E-01
  0.3055E+00  0.3363E-01  0.2241E-02  0.3342E-01  0.3342E-01
  0.3061E+00  0.3436E-01  0.2213E-02  0.3335E-01  0.3335E-01
  0.3067E+00  0.3517E-01  0.2166E-02  0.3330E-01  0.3330E-01
  0.3074E+00  0.3372E-01  0.2230E-02  0.3325E-01  0.3325E-01
  0.3080E+00  0.3435E-01  0.2165E-02  0.3320E-01  0.3320E-01
  0.3086E+00  0.3403E-01  0.2110E-02  0.3316E-01  0.3316E-01
  0.3092E+00  0.3459E-01  0.2287E-02  0.3313E-01  0.3313E-01
  0.3098E+00  0.3505E-01  0.2538E-02  0.3310E-01  0.3310E-01
  0.3104E+00  0.3598E-01  0.1550E-02  0.3308E-01  0.3308E-01
  0.3110E+00  0.3642E-01  0.1596E-02  0.3307E-01  0.3307E-01
  0.3116E+00  0.3425E-01  0.1545E-02  0.3306E-01  0.3306E-01
  0.3122E+00  0.3438E-01  0.1555E-02  0.3306E-01  0.3306E-01
  0.3128E+00  0.3213E-01  0.1560E-02  0.3306E-01  0.3306E-01
  0.3134E+00  0.3341E-01  0.1571E-02  0.3307E-01  0.3307E-01
  0.3140E+00  0.3191E-01  0.1686E-02  0.3309E-01  0.3309E-01
  0.3146E+00  0.3121E-01  0.1754E-02  0.3311E-01  0.3311E-01
  0.3153E+00  0.2798E-01  0.1840E-02  0.3315E-01  0.3315E-01
  0.3159E+00  0.2842E-01  0.1968E-02  0.3318E-01  0.3318E-01
  0.3165E+00  0.3149E-01  0.2099E-02  0.3323E-01  0.3323E-01
  0.3171E+00  0.3118E-01  0.2230E-02  0.3328E-01  0.3328E-01

           Distance distribution  function of particle  


       R          P(R)      ERROR

  0.0000E+00  0.0000E+00  0.0000E+00
  0.7623E+00  0.2734E-03  0.1443E-04
  0.1525E+01  0.5660E-03  0.2354E-04
  0.2287E+01  0.8788E-03  0.2765E-04
  0.3049E+01  0.1213E-02  0.2731E-04
  0.3812E+01  0.1571E-02  0.2323E-04
  0.4574E+01  0.1955E-02  0.1625E-04
  0.5336E+01  0.2366E-02  0.7440E-05
  0.6098E+01  0.2808E-02  0.3946E-05
  0.6861E+01  0.3283E-02  0.1351E-04
  0.7623E+01  0.3791E-02  0.2286E-04
  0.8385E+01  0.4335E-02  0.3076E-04
  0.9148E+01  0.4914E-02  0.3655E-04
  0.9910E+01  0.5529E-02  0.3981E-04
  0.1067E+02  0.6177E-02  0.4031E-04
  0.1143E+02  0.6856E-02  0.3804E-04
  0.1220E+02  0.7563E-02  0.3321E-04
  0.1296E+02  0.8293E-02  0.2628E-04
  0.1372E+02  0.9041E-02  0.1807E-04
  0.1448E+02  0.9801E-02  0.1071E-04
  0.1525E+02  0.1057E-01  0.1089E-04
  0.1601E+02  0.1133E-01  0.1855E-04
  0.1677E+02  0.1208E-01  0.2720E-04
  0.1753E+02  0.1282E-01  0.3475E-04
  0.1830E+02  0.1353E-01  0.4038E-04
  0.1906E+02  0.1421E-01  0.4362E-04
  0.1982E+02  0.1485E-01  0.4423E-04
  0.2058E+02  0.1545E-01  0.4218E-04
  0.2134E+02  0.1600E-01  0.3767E-04
  0.2211E+02  0.1651E-01  0.3111E-04
  0.2287E+02  0.1696E-01  0.2332E-04
  0.2363E+02  0.1736E-01  0.1602E-04
  0.2439E+02  0.1770E-01  0.1346E-04
  0.2516E+02  0.1800E-01  0.1842E-04
  0.2592E+02  0.1824E-01  0.2634E-04
  0.2668E+02  0.1843E-01  0.3402E-04
  0.2744E+02  0.1859E-01  0.4022E-04
  0.2821E+02  0.1869E-01  0.4432E-04
  0.2897E+02  0.1876E-01  0.4601E-04
  0.2973E+02  0.1879E-01  0.4528E-04
  0.3049E+02  0.1879E-01  0.4238E-04
  0.3125E+02  0.1876E-01  0.3792E-04
  0.3202E+02  0.1869E-01  0.3300E-04
  0.3278E+02  0.1859E-01  0.2937E-04
  0.3354E+02  0.1845E-01  0.2903E-04
  0.3430E+02  0.1829E-01  0.3255E-04
  0.3507E+02  0.1808E-01  0.3849E-04
  0.3583E+02  0.1785E-01  0.4493E-04
  0.3659E+02  0.1757E-01  0.5048E-04
  0.3735E+02  0.1725E-01  0.5423E-04
  0.3812E+02  0.1689E-01  0.5566E-04
  0.3888E+02  0.1648E-01  0.5451E-04
  0.3964E+02  0.1603E-01  0.5084E-04
  0.4040E+02  0.1555E-01  0.4499E-04
  0.4116E+02  0.1502E-01  0.3770E-04
  0.4193E+02  0.1445E-01  0.3036E-04
  0.4269E+02  0.1386E-01  0.2549E-04
  0.4345E+02  0.1324E-01  0.2601E-04
  0.4421E+02  0.1260E-01  0.3168E-04
  0.4498E+02  0.1196E-01  0.3951E-04
  0.4574E+02  0.1131E-01  0.4716E-04
  0.4650E+02  0.1067E-01  0.5336E-04
  0.4726E+02  0.1005E-01  0.5740E-04
  0.4802E+02  0.9456E-02  0.5901E-04
  0.4879E+02  0.8890E-02  0.5825E-04
  0.4955E+02  0.8361E-02  0.5556E-04
  0.5031E+02  0.7873E-02  0.5177E-04
  0.5107E+02  0.7427E-02  0.4817E-04
  0.5184E+02  0.7023E-02  0.4631E-04
  0.5260E+02  0.6659E-02  0.4732E-04
  0.5336E+02  0.6331E-02  0.5116E-04
  0.5412E+02  0.6032E-02  0.5667E-04
  0.5489E+02  0.5756E-02  0.6232E-04
  0.5565E+02  0.5495E-02  0.6680E-04
  0.5641E+02  0.5240E-02  0.6917E-04
  0.5717E+02  0.4982E-02  0.6886E-04
  0.5793E+02  0.4715E-02  0.6568E-04
  0.5870E+02  0.4433E-02  0.5984E-04
  0.5946E+02  0.4133E-02  0.5203E-04
  0.6022E+02  0.3812E-02  0.4371E-04
  0.6098E+02  0.3473E-02  0.3747E-04
  0.6175E+02  0.3121E-02  0.3664E-04
  0.6251E+02  0.2763E-02  0.4213E-04
  0.6327E+02  0.2410E-02  0.5122E-04
  0.6403E+02  0.2074E-02  0.6077E-04
  0.6480E+02  0.1769E-02  0.6869E-04
  0.6556E+02  0.1509E-02  0.7369E-04
  0.6632E+02  0.1308E-02  0.7513E-04
  0.6708E+02  0.1178E-02  0.7300E-04
  0.6784E+02  0.1125E-02  0.6816E-04
  0.6861E+02  0.1153E-02  0.6277E-04
  0.6937E+02  0.1256E-02  0.6051E-04
  0.7013E+02  0.1422E-02  0.6507E-04
  0.7089E+02  0.1629E-02  0.7664E-04
  0.7166E+02  0.1844E-02  0.9170E-04
  0.7242E+02  0.2022E-02  0.1057E-03
  0.7318E+02  0.2108E-02  0.1141E-03
  0.7394E+02  0.2032E-02  0.1126E-03
  0.7471E+02  0.1717E-02  0.9637E-04
  0.7547E+02  0.1073E-02  0.6057E-04
  0.7623E+02  0.0000E+00  0.0000E+00
          Reciprocal space: Rg =   25.62     , I(0) =   0.8661E+01
     Real space: Rg =   25.63 +- 0.040  I(0) =   0.8661E+01 +-  0.1770E-01
