
           ####    G N O M   ---   Version 4.5a revised 09/02/02     ####

                                                  Mon May 24 18:35:30 2010
           ===    Run No   1   ===
 Run title:   Merge of: p3_D3_2.mccd p3_D6_2.mccd p3_D7_2.mccd p3_D10_2.mcc p3


  Number of points omitted at the beginning:          12
   *******   Working Directory :
   *******    Input file(s) :
           Condition P(rmin) = 0 is used. 
           Condition P(rmax) = 0 is used. 

          Experimental conditions for the first run
          -----------------------------------------

          Highest ALPHA is found to be   0.1574E+04

  The measure of inconsistency AN1 equals to    0.9160E+00
     Alpha    Discrp  Oscill  Stabil  Sysdev  Positv  Valcen    Total   
  0.1574E+07107.8973  1.3977  0.9694  0.0000  1.0000  0.8000  0.28519
  0.3149E+06 99.7365  1.3878  0.8961  0.0082  1.0000  0.8023  0.28842
  0.6298E+05 73.8454  1.3473  0.6674  0.0123  1.0000  0.8121  0.29947
  0.1260E+05 37.2274  1.2562  0.3593  0.0041  1.0000  0.8369  0.32001
  0.2519E+04 13.8798  1.2092  0.1483  0.0123  1.0000  0.8573  0.37877
  0.5038E+03  4.1308  1.2204  0.0509  0.1152  1.0000  0.8606  0.52105
  0.1008E+03  1.1715  1.2365  0.0148  0.3951  1.0000  0.8605  0.62563
  0.2015E+02  0.5544  1.2456  0.0050  0.5844  1.0000  0.8607  0.77482
  0.4031E+01  0.4738  1.2513  0.0035  0.6337  1.0000  0.8607  0.78862
  0.8061E+00  0.4529  1.2626  0.0073  0.6379  1.0000  0.8606  0.78551
  0.1612E+00  0.4362  1.3052  0.0090  0.6379  1.0000  0.8606  0.77763
  0.3224E-01  0.4270  1.4216  0.0248  0.6255  1.0000  0.8613  0.74010
  0.6449E-02  0.4182  1.8597  0.0374  0.6502  1.0000  0.8628  0.62045
  0.1290E-02  0.4147  2.4090  0.0470  0.6461  0.9999  0.8644  0.54715
  0.2580E-03  0.4131  3.4961  0.0995  0.6296  0.9995  0.8653  0.45754
  0.5159E-04  0.4119  5.4285  0.0822  0.6296  0.9975  0.8608  0.48122
  0.1032E-04  0.4117  6.6752  0.1344  0.6296  0.9945  0.8606  0.40810
  0.2064E-05  0.4114 10.5750  0.5164  0.6296  0.9730  0.6121  0.30258
  0.4127E-06  0.4104 16.3825  0.8919  0.6379  0.8411  0.3473  0.00000

          ***  Golden section search to maximize estimate ***
     Alpha    Discrp  Oscill  Stabil  Sysdev  Positv  Valcen    Total   
  0.7453E+01  0.4885  1.2492  0.0037  0.6255  1.0000  0.8607  0.78669
  0.3187E+01  0.4701  1.2521  0.0037  0.6337  1.0000  0.8607  0.78779
  0.5097E+01  0.4783  1.2505  0.0035  0.6420  1.0000  0.8607  0.79464
  0.5893E+01  0.4817  1.2500  0.0035  0.6337  1.0000  0.8607  0.79031
  0.4660E+01  0.4765  1.2508  0.0035  0.6420  1.0000  0.8607  0.79424
  0.5388E+01  0.4796  1.2503  0.0035  0.6420  1.0000  0.8607  0.79490
  0.5576E+01  0.4804  1.2502  0.0035  0.6337  1.0000  0.8607  0.79002
  0.5275E+01  0.4791  1.2504  0.0035  0.6420  1.0000  0.8607  0.79480
  0.5459E+01  0.4799  1.2502  0.0035  0.6420  1.0000  0.8607  0.79496
  0.5503E+01  0.4801  1.2502  0.0035  0.6420  1.0000  0.8607  0.79500
  0.5531E+01  0.4802  1.2502  0.0035  0.6420  1.0000  0.8607  0.79502
  0.5548E+01  0.4803  1.2502  0.0035  0.6420  1.0000  0.8607  0.79504
  0.5558E+01  0.4803  1.2502  0.0035  0.6337  1.0000  0.8607  0.79001
  0.5541E+01  0.4802  1.2502  0.0035  0.6420  1.0000  0.8607  0.79503
  0.5548E+01  0.4803  1.2502  0.0035  0.6420  1.0000  0.8607  0.79504



             ####            Final results            ####

 Parameter    DISCRP    OSCILL    STABIL    SYSDEV    POSITV    VALCEN
 Weight        1.000     3.000     3.000     5.000     1.000     1.000
 Sigma         0.300     0.600     0.120     0.500     0.120     0.120
 Ideal         0.700     1.200     0.000     1.000     1.000     0.950
 Current       0.480     1.250     0.003     0.642     1.000     0.861
                - - - - - - - - - - - - - - - - - - - - - - - - - 
 Estimate      0.585     0.993     0.999     0.599     1.000     0.575

  Angular   range    :     from    0.0210   to    0.3165
  Real space range   :     from      0.00   to    117.60

  Highest ALPHA (theor) :   0.157E+07                 JOB = 0
  Current ALPHA         :   0.555E+01   Rg :  0.403E+02   I(0) :   0.346E+02

           Total  estimate : 0.795  which is    A GOOD      solution

      S          J EXP       ERROR       J REG       I REG

  0.0000E+00                                      0.3457E+02
  0.7493E-03                                      0.3456E+02
  0.1499E-02                                      0.3453E+02
  0.2248E-02                                      0.3448E+02
  0.2997E-02                                      0.3440E+02
  0.3746E-02                                      0.3431E+02
  0.4496E-02                                      0.3419E+02
  0.5245E-02                                      0.3406E+02
  0.5994E-02                                      0.3390E+02
  0.6743E-02                                      0.3372E+02
  0.7493E-02                                      0.3353E+02
  0.8242E-02                                      0.3332E+02
  0.8991E-02                                      0.3308E+02
  0.9740E-02                                      0.3283E+02
  0.1049E-01                                      0.3256E+02
  0.1124E-01                                      0.3227E+02
  0.1199E-01                                      0.3197E+02
  0.1274E-01                                      0.3165E+02
  0.1349E-01                                      0.3132E+02
  0.1424E-01                                      0.3097E+02
  0.1499E-01                                      0.3060E+02
  0.1573E-01                                      0.3023E+02
  0.1648E-01                                      0.2984E+02
  0.1723E-01                                      0.2943E+02
  0.1798E-01                                      0.2902E+02
  0.1873E-01                                      0.2859E+02
  0.1948E-01                                      0.2816E+02
  0.2023E-01                                      0.2771E+02
  0.2098E-01  0.2733E+02  0.2345E+00  0.2726E+02  0.2726E+02
  0.2159E-01  0.2680E+02  0.1938E+00  0.2689E+02  0.2689E+02
  0.2220E-01  0.2646E+02  0.2105E+00  0.2651E+02  0.2651E+02
  0.2280E-01  0.2616E+02  0.1834E+00  0.2613E+02  0.2613E+02
  0.2341E-01  0.2565E+02  0.1668E+00  0.2574E+02  0.2574E+02
  0.2402E-01  0.2539E+02  0.1796E+00  0.2535E+02  0.2535E+02
  0.2463E-01  0.2505E+02  0.1866E+00  0.2496E+02  0.2496E+02
  0.2524E-01  0.2451E+02  0.1541E+00  0.2457E+02  0.2457E+02
  0.2584E-01  0.2390E+02  0.1845E+00  0.2417E+02  0.2417E+02
  0.2645E-01  0.2360E+02  0.1354E+00  0.2377E+02  0.2377E+02
  0.2706E-01  0.2338E+02  0.8949E-01  0.2337E+02  0.2337E+02
  0.2767E-01  0.2301E+02  0.8383E-01  0.2297E+02  0.2297E+02
  0.2828E-01  0.2265E+02  0.7740E-01  0.2257E+02  0.2257E+02
  0.2888E-01  0.2222E+02  0.7763E-01  0.2216E+02  0.2216E+02
  0.2949E-01  0.2186E+02  0.7820E-01  0.2176E+02  0.2176E+02
  0.3010E-01  0.2144E+02  0.7992E-01  0.2136E+02  0.2136E+02
  0.3071E-01  0.2106E+02  0.7916E-01  0.2096E+02  0.2096E+02
  0.3132E-01  0.2058E+02  0.7843E-01  0.2056E+02  0.2056E+02
  0.3192E-01  0.2018E+02  0.7672E-01  0.2016E+02  0.2016E+02
  0.3253E-01  0.1985E+02  0.7318E-01  0.1977E+02  0.1977E+02
  0.3314E-01  0.1929E+02  0.7037E-01  0.1937E+02  0.1937E+02
  0.3375E-01  0.1909E+02  0.6725E-01  0.1898E+02  0.1898E+02
  0.3436E-01  0.1861E+02  0.6555E-01  0.1859E+02  0.1859E+02
  0.3497E-01  0.1819E+02  0.6670E-01  0.1821E+02  0.1821E+02
  0.3557E-01  0.1793E+02  0.6203E-01  0.1783E+02  0.1783E+02
  0.3618E-01  0.1746E+02  0.6494E-01  0.1745E+02  0.1745E+02
  0.3679E-01  0.1701E+02  0.6664E-01  0.1707E+02  0.1707E+02
  0.3740E-01  0.1672E+02  0.6350E-01  0.1670E+02  0.1670E+02
  0.3801E-01  0.1628E+02  0.6550E-01  0.1634E+02  0.1634E+02
  0.3861E-01  0.1603E+02  0.6254E-01  0.1598E+02  0.1598E+02
  0.3922E-01  0.1559E+02  0.6850E-01  0.1562E+02  0.1562E+02
  0.3983E-01  0.1527E+02  0.6330E-01  0.1527E+02  0.1527E+02
  0.4044E-01  0.1487E+02  0.6203E-01  0.1493E+02  0.1493E+02
  0.4105E-01  0.1468E+02  0.5658E-01  0.1459E+02  0.1459E+02
  0.4165E-01  0.1424E+02  0.5514E-01  0.1425E+02  0.1425E+02
  0.4226E-01  0.1396E+02  0.5843E-01  0.1392E+02  0.1392E+02
  0.4287E-01  0.1362E+02  0.5833E-01  0.1360E+02  0.1360E+02
  0.4348E-01  0.1321E+02  0.5423E-01  0.1328E+02  0.1328E+02
  0.4409E-01  0.1294E+02  0.5235E-01  0.1297E+02  0.1297E+02
  0.4469E-01  0.1259E+02  0.4934E-01  0.1267E+02  0.1267E+02
  0.4530E-01  0.1230E+02  0.4794E-01  0.1237E+02  0.1237E+02
  0.4591E-01  0.1198E+02  0.4808E-01  0.1208E+02  0.1208E+02
  0.4652E-01  0.1177E+02  0.4731E-01  0.1180E+02  0.1180E+02
  0.4713E-01  0.1150E+02  0.5047E-01  0.1152E+02  0.1152E+02
  0.4773E-01  0.1122E+02  0.4764E-01  0.1125E+02  0.1125E+02
  0.4834E-01  0.1104E+02  0.4754E-01  0.1098E+02  0.1098E+02
  0.4895E-01  0.1075E+02  0.4505E-01  0.1072E+02  0.1072E+02
  0.4956E-01  0.1048E+02  0.4588E-01  0.1047E+02  0.1047E+02
  0.5017E-01  0.1020E+02  0.4343E-01  0.1022E+02  0.1022E+02
  0.5078E-01  0.9922E+01  0.4603E-01  0.9983E+01  0.9983E+01
  0.5138E-01  0.9696E+01  0.4940E-01  0.9750E+01  0.9750E+01
  0.5199E-01  0.9508E+01  0.4925E-01  0.9524E+01  0.9524E+01
  0.5260E-01  0.9280E+01  0.4705E-01  0.9304E+01  0.9304E+01
  0.5321E-01  0.9098E+01  0.4586E-01  0.9090E+01  0.9090E+01
  0.5382E-01  0.8902E+01  0.4429E-01  0.8883E+01  0.8883E+01
  0.5442E-01  0.8680E+01  0.4358E-01  0.8682E+01  0.8682E+01
  0.5503E-01  0.8526E+01  0.4577E-01  0.8487E+01  0.8487E+01
  0.5564E-01  0.8332E+01  0.4352E-01  0.8298E+01  0.8298E+01
  0.5625E-01  0.8111E+01  0.4382E-01  0.8115E+01  0.8115E+01
  0.5686E-01  0.7934E+01  0.4507E-01  0.7938E+01  0.7938E+01
  0.5746E-01  0.7728E+01  0.3629E-01  0.7767E+01  0.7767E+01
  0.5807E-01  0.7603E+01  0.3554E-01  0.7601E+01  0.7601E+01
  0.5868E-01  0.7445E+01  0.3476E-01  0.7440E+01  0.7440E+01
  0.5929E-01  0.7326E+01  0.3400E-01  0.7285E+01  0.7285E+01
  0.5990E-01  0.7153E+01  0.3546E-01  0.7136E+01  0.7136E+01
  0.6050E-01  0.7012E+01  0.3482E-01  0.6991E+01  0.6991E+01
  0.6111E-01  0.6906E+01  0.3548E-01  0.6851E+01  0.6851E+01
  0.6172E-01  0.6716E+01  0.3453E-01  0.6717E+01  0.6717E+01
  0.6233E-01  0.6610E+01  0.3605E-01  0.6586E+01  0.6586E+01
  0.6294E-01  0.6446E+01  0.3626E-01  0.6461E+01  0.6461E+01
  0.6354E-01  0.6306E+01  0.3746E-01  0.6340E+01  0.6340E+01
  0.6415E-01  0.6243E+01  0.4447E-01  0.6223E+01  0.6223E+01
  0.6476E-01  0.6163E+01  0.3995E-01  0.6110E+01  0.6110E+01
  0.6537E-01  0.6047E+01  0.3408E-01  0.6001E+01  0.6001E+01
  0.6598E-01  0.5913E+01  0.3543E-01  0.5895E+01  0.5895E+01
  0.6659E-01  0.5784E+01  0.3283E-01  0.5794E+01  0.5794E+01
  0.6719E-01  0.5719E+01  0.3348E-01  0.5695E+01  0.5695E+01
  0.6780E-01  0.5655E+01  0.3384E-01  0.5601E+01  0.5601E+01
  0.6841E-01  0.5509E+01  0.3234E-01  0.5509E+01  0.5509E+01
  0.6902E-01  0.5434E+01  0.3306E-01  0.5421E+01  0.5421E+01
  0.6963E-01  0.5331E+01  0.2947E-01  0.5335E+01  0.5335E+01
  0.7023E-01  0.5259E+01  0.2825E-01  0.5252E+01  0.5252E+01
  0.7084E-01  0.5138E+01  0.3063E-01  0.5172E+01  0.5172E+01
  0.7145E-01  0.5064E+01  0.2879E-01  0.5094E+01  0.5094E+01
  0.7206E-01  0.4991E+01  0.2907E-01  0.5018E+01  0.5018E+01
  0.7267E-01  0.4907E+01  0.2972E-01  0.4945E+01  0.4945E+01
  0.7327E-01  0.4864E+01  0.2859E-01  0.4873E+01  0.4873E+01
  0.7388E-01  0.4774E+01  0.2756E-01  0.4804E+01  0.4804E+01
  0.7449E-01  0.4705E+01  0.2858E-01  0.4736E+01  0.4736E+01
  0.7510E-01  0.4661E+01  0.2796E-01  0.4670E+01  0.4670E+01
  0.7571E-01  0.4586E+01  0.2345E-01  0.4606E+01  0.4606E+01
  0.7631E-01  0.4591E+01  0.2179E-01  0.4543E+01  0.4543E+01
  0.7692E-01  0.4475E+01  0.2129E-01  0.4482E+01  0.4482E+01
  0.7753E-01  0.4473E+01  0.2123E-01  0.4422E+01  0.4422E+01
  0.7814E-01  0.4381E+01  0.2177E-01  0.4363E+01  0.4363E+01
  0.7875E-01  0.4327E+01  0.2145E-01  0.4305E+01  0.4305E+01
  0.7935E-01  0.4266E+01  0.2093E-01  0.4248E+01  0.4248E+01
  0.7996E-01  0.4201E+01  0.2180E-01  0.4192E+01  0.4192E+01
  0.8057E-01  0.4138E+01  0.2229E-01  0.4137E+01  0.4137E+01
  0.8118E-01  0.4080E+01  0.2209E-01  0.4082E+01  0.4082E+01
  0.8179E-01  0.4042E+01  0.2247E-01  0.4028E+01  0.4028E+01
  0.8239E-01  0.3968E+01  0.2639E-01  0.3975E+01  0.3975E+01
  0.8300E-01  0.3911E+01  0.2428E-01  0.3922E+01  0.3922E+01
  0.8361E-01  0.3853E+01  0.2041E-01  0.3870E+01  0.3870E+01
  0.8422E-01  0.3823E+01  0.2043E-01  0.3818E+01  0.3818E+01
  0.8483E-01  0.3781E+01  0.1930E-01  0.3767E+01  0.3767E+01
  0.8544E-01  0.3713E+01  0.1926E-01  0.3716E+01  0.3716E+01
  0.8604E-01  0.3658E+01  0.1891E-01  0.3665E+01  0.3665E+01
  0.8665E-01  0.3590E+01  0.1895E-01  0.3615E+01  0.3615E+01
  0.8726E-01  0.3584E+01  0.1927E-01  0.3565E+01  0.3565E+01
  0.8787E-01  0.3538E+01  0.1944E-01  0.3515E+01  0.3515E+01
  0.8848E-01  0.3501E+01  0.2019E-01  0.3465E+01  0.3465E+01
  0.8908E-01  0.3415E+01  0.2355E-01  0.3416E+01  0.3416E+01
  0.8969E-01  0.3360E+01  0.2638E-01  0.3366E+01  0.3366E+01
  0.9030E-01  0.3311E+01  0.2644E-01  0.3317E+01  0.3317E+01
  0.9091E-01  0.3262E+01  0.2086E-01  0.3268E+01  0.3268E+01
  0.9151E-01  0.3215E+01  0.2004E-01  0.3219E+01  0.3219E+01
  0.9212E-01  0.3162E+01  0.2012E-01  0.3170E+01  0.3170E+01
  0.9273E-01  0.3109E+01  0.2338E-01  0.3121E+01  0.3121E+01
  0.9334E-01  0.3062E+01  0.2061E-01  0.3073E+01  0.3073E+01
  0.9395E-01  0.3008E+01  0.2052E-01  0.3024E+01  0.3024E+01
  0.9456E-01  0.2941E+01  0.2056E-01  0.2976E+01  0.2976E+01
  0.9516E-01  0.2910E+01  0.2000E-01  0.2928E+01  0.2928E+01
  0.9577E-01  0.2859E+01  0.1982E-01  0.2880E+01  0.2880E+01
  0.9638E-01  0.2806E+01  0.2155E-01  0.2832E+01  0.2832E+01
  0.9699E-01  0.2756E+01  0.2740E-01  0.2784E+01  0.2784E+01
  0.9760E-01  0.2702E+01  0.1994E-01  0.2736E+01  0.2736E+01
  0.9820E-01  0.2688E+01  0.1849E-01  0.2689E+01  0.2689E+01
  0.9881E-01  0.2624E+01  0.1778E-01  0.2642E+01  0.2642E+01
  0.9942E-01  0.2592E+01  0.1766E-01  0.2595E+01  0.2595E+01
  0.1000E+00  0.2558E+01  0.1881E-01  0.2549E+01  0.2549E+01
  0.1006E+00  0.2507E+01  0.1804E-01  0.2502E+01  0.2502E+01
  0.1012E+00  0.2475E+01  0.1743E-01  0.2457E+01  0.2457E+01
  0.1019E+00  0.2403E+01  0.1747E-01  0.2411E+01  0.2411E+01
  0.1025E+00  0.2399E+01  0.1763E-01  0.2366E+01  0.2366E+01
  0.1031E+00  0.2339E+01  0.1682E-01  0.2321E+01  0.2321E+01
  0.1037E+00  0.2270E+01  0.1710E-01  0.2276E+01  0.2276E+01
  0.1043E+00  0.2235E+01  0.1669E-01  0.2232E+01  0.2232E+01
  0.1049E+00  0.2205E+01  0.1700E-01  0.2189E+01  0.2189E+01
  0.1055E+00  0.2167E+01  0.1697E-01  0.2145E+01  0.2145E+01
  0.1061E+00  0.2117E+01  0.1752E-01  0.2103E+01  0.2103E+01
  0.1067E+00  0.2083E+01  0.1817E-01  0.2060E+01  0.2060E+01
  0.1073E+00  0.2042E+01  0.1808E-01  0.2019E+01  0.2019E+01
  0.1079E+00  0.1985E+01  0.1687E-01  0.1978E+01  0.1978E+01
  0.1085E+00  0.1947E+01  0.1672E-01  0.1937E+01  0.1937E+01
  0.1091E+00  0.1889E+01  0.1742E-01  0.1897E+01  0.1897E+01
  0.1098E+00  0.1867E+01  0.1692E-01  0.1857E+01  0.1857E+01
  0.1104E+00  0.1836E+01  0.1686E-01  0.1819E+01  0.1819E+01
  0.1110E+00  0.1790E+01  0.1709E-01  0.1780E+01  0.1780E+01
  0.1116E+00  0.1732E+01  0.1629E-01  0.1743E+01  0.1743E+01
  0.1122E+00  0.1673E+01  0.1614E-01  0.1706E+01  0.1706E+01
  0.1128E+00  0.1632E+01  0.1602E-01  0.1669E+01  0.1669E+01
  0.1134E+00  0.1605E+01  0.1589E-01  0.1633E+01  0.1633E+01
  0.1140E+00  0.1606E+01  0.1522E-01  0.1598E+01  0.1598E+01
  0.1146E+00  0.1590E+01  0.1648E-01  0.1564E+01  0.1564E+01
  0.1152E+00  0.1552E+01  0.1699E-01  0.1530E+01  0.1530E+01
  0.1158E+00  0.1498E+01  0.1714E-01  0.1497E+01  0.1497E+01
  0.1164E+00  0.1462E+01  0.1669E-01  0.1465E+01  0.1465E+01
  0.1171E+00  0.1417E+01  0.1656E-01  0.1433E+01  0.1433E+01
  0.1177E+00  0.1409E+01  0.1552E-01  0.1402E+01  0.1402E+01
  0.1183E+00  0.1374E+01  0.1635E-01  0.1372E+01  0.1372E+01
  0.1189E+00  0.1341E+01  0.1555E-01  0.1342E+01  0.1342E+01
  0.1195E+00  0.1315E+01  0.1518E-01  0.1313E+01  0.1313E+01
  0.1201E+00  0.1279E+01  0.1530E-01  0.1285E+01  0.1285E+01
  0.1207E+00  0.1252E+01  0.1551E-01  0.1257E+01  0.1257E+01
  0.1213E+00  0.1222E+01  0.1528E-01  0.1230E+01  0.1230E+01
  0.1219E+00  0.1204E+01  0.1523E-01  0.1204E+01  0.1204E+01
  0.1225E+00  0.1183E+01  0.1516E-01  0.1178E+01  0.1178E+01
  0.1231E+00  0.1143E+01  0.1489E-01  0.1153E+01  0.1153E+01
  0.1237E+00  0.1151E+01  0.1484E-01  0.1129E+01  0.1129E+01
  0.1244E+00  0.1111E+01  0.1464E-01  0.1105E+01  0.1105E+01
  0.1250E+00  0.1089E+01  0.1453E-01  0.1082E+01  0.1082E+01
  0.1256E+00  0.1080E+01  0.1533E-01  0.1060E+01  0.1060E+01
  0.1262E+00  0.1058E+01  0.1452E-01  0.1038E+01  0.1038E+01
  0.1268E+00  0.1028E+01  0.1488E-01  0.1016E+01  0.1016E+01
  0.1274E+00  0.1008E+01  0.1524E-01  0.9953E+00  0.9953E+00
  0.1280E+00  0.9965E+00  0.1539E-01  0.9750E+00  0.9750E+00
  0.1286E+00  0.9744E+00  0.1590E-01  0.9553E+00  0.9553E+00
  0.1292E+00  0.9586E+00  0.1488E-01  0.9360E+00  0.9360E+00
  0.1298E+00  0.9309E+00  0.1550E-01  0.9173E+00  0.9173E+00
  0.1304E+00  0.8871E+00  0.1495E-01  0.8991E+00  0.8991E+00
  0.1310E+00  0.8656E+00  0.2029E-01  0.8813E+00  0.8813E+00
  0.1316E+00  0.8432E+00  0.1959E-01  0.8640E+00  0.8640E+00
  0.1323E+00  0.8448E+00  0.2014E-01  0.8472E+00  0.8472E+00
  0.1329E+00  0.8179E+00  0.2410E-01  0.8308E+00  0.8308E+00
  0.1335E+00  0.7622E+00  0.2369E-01  0.8148E+00  0.8148E+00
  0.1341E+00  0.7742E+00  0.2328E-01  0.7993E+00  0.7993E+00
  0.1347E+00  0.7588E+00  0.2374E-01  0.7841E+00  0.7841E+00
  0.1353E+00  0.7209E+00  0.2439E-01  0.7693E+00  0.7693E+00
  0.1359E+00  0.7286E+00  0.2517E-01  0.7549E+00  0.7549E+00
  0.1365E+00  0.7002E+00  0.2537E-01  0.7408E+00  0.7408E+00
  0.1371E+00  0.7087E+00  0.2630E-01  0.7271E+00  0.7271E+00
  0.1377E+00  0.7036E+00  0.3488E-01  0.7137E+00  0.7137E+00
  0.1383E+00  0.6380E+00  0.3166E-01  0.7006E+00  0.7006E+00
  0.1389E+00  0.6404E+00  0.4719E-01  0.6878E+00  0.6878E+00
  0.1396E+00  0.6108E+00  0.2967E-01  0.6753E+00  0.6753E+00
  0.1402E+00  0.6346E+00  0.2542E-01  0.6631E+00  0.6631E+00
  0.1408E+00  0.6213E+00  0.2438E-01  0.6511E+00  0.6511E+00
  0.1414E+00  0.6026E+00  0.2435E-01  0.6394E+00  0.6394E+00
  0.1420E+00  0.5755E+00  0.2446E-01  0.6280E+00  0.6280E+00
  0.1426E+00  0.5763E+00  0.2471E-01  0.6167E+00  0.6167E+00
  0.1432E+00  0.5860E+00  0.2434E-01  0.6058E+00  0.6058E+00
  0.1438E+00  0.5898E+00  0.2364E-01  0.5950E+00  0.5950E+00
  0.1444E+00  0.5801E+00  0.2333E-01  0.5844E+00  0.5844E+00
  0.1450E+00  0.5893E+00  0.2326E-01  0.5741E+00  0.5741E+00
  0.1456E+00  0.5597E+00  0.2362E-01  0.5639E+00  0.5639E+00
  0.1462E+00  0.5205E+00  0.2374E-01  0.5540E+00  0.5540E+00
  0.1468E+00  0.5001E+00  0.2349E-01  0.5442E+00  0.5442E+00
  0.1475E+00  0.4791E+00  0.2426E-01  0.5346E+00  0.5346E+00
  0.1481E+00  0.5168E+00  0.2369E-01  0.5252E+00  0.5252E+00
  0.1487E+00  0.5004E+00  0.2276E-01  0.5159E+00  0.5159E+00
  0.1493E+00  0.5259E+00  0.2302E-01  0.5068E+00  0.5068E+00
  0.1499E+00  0.4952E+00  0.2269E-01  0.4979E+00  0.4979E+00
  0.1505E+00  0.5109E+00  0.2192E-01  0.4891E+00  0.4891E+00
  0.1511E+00  0.5381E+00  0.2197E-01  0.4805E+00  0.4805E+00
  0.1517E+00  0.5199E+00  0.2194E-01  0.4721E+00  0.4721E+00
  0.1523E+00  0.4914E+00  0.2234E-01  0.4637E+00  0.4637E+00
  0.1529E+00  0.4735E+00  0.2225E-01  0.4555E+00  0.4555E+00
  0.1535E+00  0.4546E+00  0.2101E-01  0.4475E+00  0.4475E+00
  0.1541E+00  0.4579E+00  0.2141E-01  0.4396E+00  0.4396E+00
  0.1548E+00  0.4548E+00  0.2158E-01  0.4318E+00  0.4318E+00
  0.1554E+00  0.4188E+00  0.2262E-01  0.4242E+00  0.4242E+00
  0.1560E+00  0.4205E+00  0.2164E-01  0.4167E+00  0.4167E+00
  0.1566E+00  0.3972E+00  0.2144E-01  0.4093E+00  0.4093E+00
  0.1572E+00  0.3869E+00  0.2063E-01  0.4021E+00  0.4021E+00
  0.1578E+00  0.3719E+00  0.2049E-01  0.3950E+00  0.3950E+00
  0.1584E+00  0.3561E+00  0.2041E-01  0.3881E+00  0.3881E+00
  0.1590E+00  0.4064E+00  0.2006E-01  0.3813E+00  0.3813E+00
  0.1596E+00  0.3996E+00  0.2059E-01  0.3746E+00  0.3746E+00
  0.1602E+00  0.3939E+00  0.2073E-01  0.3680E+00  0.3680E+00
  0.1608E+00  0.3842E+00  0.2172E-01  0.3616E+00  0.3616E+00
  0.1614E+00  0.3739E+00  0.2063E-01  0.3553E+00  0.3553E+00
  0.1620E+00  0.3193E+00  0.2070E-01  0.3492E+00  0.3492E+00
  0.1627E+00  0.3032E+00  0.2094E-01  0.3431E+00  0.3431E+00
  0.1633E+00  0.3036E+00  0.2133E-01  0.3372E+00  0.3372E+00
  0.1639E+00  0.2972E+00  0.2034E-01  0.3315E+00  0.3315E+00
  0.1645E+00  0.3171E+00  0.1980E-01  0.3258E+00  0.3258E+00
  0.1651E+00  0.3118E+00  0.2032E-01  0.3203E+00  0.3203E+00
  0.1657E+00  0.3257E+00  0.2151E-01  0.3149E+00  0.3149E+00
  0.1663E+00  0.3510E+00  0.2128E-01  0.3097E+00  0.3097E+00
  0.1669E+00  0.3363E+00  0.2131E-01  0.3045E+00  0.3045E+00
  0.1675E+00  0.3014E+00  0.1987E-01  0.2995E+00  0.2995E+00
  0.1681E+00  0.3085E+00  0.2006E-01  0.2947E+00  0.2947E+00
  0.1687E+00  0.3096E+00  0.2064E-01  0.2899E+00  0.2899E+00
  0.1693E+00  0.3385E+00  0.2172E-01  0.2853E+00  0.2853E+00
  0.1700E+00  0.3072E+00  0.2330E-01  0.2808E+00  0.2808E+00
  0.1706E+00  0.3008E+00  0.2503E-01  0.2764E+00  0.2764E+00
  0.1712E+00  0.2806E+00  0.3697E-01  0.2721E+00  0.2721E+00
  0.1718E+00  0.2438E+00  0.2637E-01  0.2680E+00  0.2680E+00
  0.1724E+00  0.2957E+00  0.2134E-01  0.2639E+00  0.2639E+00
  0.1730E+00  0.2448E+00  0.2067E-01  0.2600E+00  0.2600E+00
  0.1736E+00  0.2515E+00  0.2095E-01  0.2562E+00  0.2562E+00
  0.1742E+00  0.2482E+00  0.2047E-01  0.2525E+00  0.2525E+00
  0.1748E+00  0.2426E+00  0.2117E-01  0.2489E+00  0.2489E+00
  0.1754E+00  0.2385E+00  0.2052E-01  0.2454E+00  0.2454E+00
  0.1760E+00  0.2269E+00  0.2169E-01  0.2420E+00  0.2420E+00
  0.1766E+00  0.2445E+00  0.2054E-01  0.2387E+00  0.2387E+00
  0.1773E+00  0.2526E+00  0.2106E-01  0.2355E+00  0.2355E+00
  0.1779E+00  0.2191E+00  0.2176E-01  0.2324E+00  0.2324E+00
  0.1785E+00  0.2215E+00  0.2043E-01  0.2294E+00  0.2294E+00
  0.1791E+00  0.2135E+00  0.2130E-01  0.2264E+00  0.2264E+00
  0.1797E+00  0.2104E+00  0.2044E-01  0.2236E+00  0.2236E+00
  0.1803E+00  0.2067E+00  0.1985E-01  0.2208E+00  0.2208E+00
  0.1809E+00  0.2062E+00  0.2039E-01  0.2182E+00  0.2182E+00
  0.1815E+00  0.1968E+00  0.1955E-01  0.2155E+00  0.2155E+00
  0.1821E+00  0.2515E+00  0.2073E-01  0.2130E+00  0.2130E+00
  0.1827E+00  0.2226E+00  0.2025E-01  0.2105E+00  0.2105E+00
  0.1833E+00  0.2177E+00  0.2217E-01  0.2081E+00  0.2081E+00
  0.1839E+00  0.2102E+00  0.2687E-01  0.2058E+00  0.2058E+00
  0.1845E+00  0.1916E+00  0.2116E-01  0.2035E+00  0.2035E+00
  0.1852E+00  0.1660E+00  0.1965E-01  0.2013E+00  0.2013E+00
  0.1858E+00  0.1621E+00  0.1997E-01  0.1991E+00  0.1991E+00
  0.1864E+00  0.1928E+00  0.1983E-01  0.1970E+00  0.1970E+00
  0.1870E+00  0.1796E+00  0.1976E-01  0.1949E+00  0.1949E+00
  0.1876E+00  0.1673E+00  0.2010E-01  0.1929E+00  0.1929E+00
  0.1882E+00  0.1729E+00  0.1953E-01  0.1910E+00  0.1910E+00
  0.1888E+00  0.1683E+00  0.1950E-01  0.1890E+00  0.1890E+00
  0.1894E+00  0.1798E+00  0.1994E-01  0.1871E+00  0.1871E+00
  0.1900E+00  0.2088E+00  0.2183E-01  0.1853E+00  0.1853E+00
  0.1906E+00  0.1945E+00  0.1974E-01  0.1835E+00  0.1835E+00
  0.1912E+00  0.1857E+00  0.2026E-01  0.1817E+00  0.1817E+00
  0.1918E+00  0.1965E+00  0.2051E-01  0.1799E+00  0.1799E+00
  0.1925E+00  0.1865E+00  0.2378E-01  0.1782E+00  0.1782E+00
  0.1931E+00  0.1852E+00  0.2676E-01  0.1765E+00  0.1765E+00
  0.1937E+00  0.1828E+00  0.2182E-01  0.1748E+00  0.1748E+00
  0.1943E+00  0.1617E+00  0.2321E-01  0.1732E+00  0.1732E+00
  0.1949E+00  0.1587E+00  0.1989E-01  0.1716E+00  0.1716E+00
  0.1955E+00  0.1442E+00  0.1882E-01  0.1700E+00  0.1700E+00
  0.1961E+00  0.1711E+00  0.1885E-01  0.1684E+00  0.1684E+00
  0.1967E+00  0.1471E+00  0.1859E-01  0.1669E+00  0.1669E+00
  0.1973E+00  0.1211E+00  0.1831E-01  0.1654E+00  0.1654E+00
  0.1979E+00  0.1432E+00  0.1805E-01  0.1639E+00  0.1639E+00
  0.1985E+00  0.1277E+00  0.1929E-01  0.1624E+00  0.1624E+00
  0.1991E+00  0.1546E+00  0.2021E-01  0.1609E+00  0.1609E+00
  0.1997E+00  0.1566E+00  0.1951E-01  0.1595E+00  0.1595E+00
  0.2004E+00  0.1569E+00  0.1921E-01  0.1580E+00  0.1580E+00
  0.2010E+00  0.1878E+00  0.1884E-01  0.1566E+00  0.1566E+00
  0.2016E+00  0.2033E+00  0.1849E-01  0.1553E+00  0.1553E+00
  0.2022E+00  0.1962E+00  0.1840E-01  0.1539E+00  0.1539E+00
  0.2028E+00  0.1937E+00  0.1838E-01  0.1526E+00  0.1526E+00
  0.2034E+00  0.1414E+00  0.1916E-01  0.1512E+00  0.1512E+00
  0.2040E+00  0.1335E+00  0.1800E-01  0.1499E+00  0.1499E+00
  0.2046E+00  0.1008E+00  0.1844E-01  0.1487E+00  0.1487E+00
  0.2052E+00  0.1344E+00  0.1919E-01  0.1474E+00  0.1474E+00
  0.2058E+00  0.1506E+00  0.1879E-01  0.1462E+00  0.1462E+00
  0.2064E+00  0.1572E+00  0.1890E-01  0.1450E+00  0.1450E+00
  0.2070E+00  0.1701E+00  0.1813E-01  0.1438E+00  0.1438E+00
  0.2077E+00  0.1720E+00  0.1822E-01  0.1426E+00  0.1426E+00
  0.2083E+00  0.1628E+00  0.1815E-01  0.1415E+00  0.1415E+00
  0.2089E+00  0.1495E+00  0.1856E-01  0.1404E+00  0.1404E+00
  0.2095E+00  0.1308E+00  0.1809E-01  0.1393E+00  0.1393E+00
  0.2101E+00  0.1073E+00  0.1794E-01  0.1383E+00  0.1383E+00
  0.2107E+00  0.1444E+00  0.1842E-01  0.1372E+00  0.1372E+00
  0.2113E+00  0.1286E+00  0.1835E-01  0.1362E+00  0.1362E+00
  0.2119E+00  0.1524E+00  0.1860E-01  0.1353E+00  0.1353E+00
  0.2125E+00  0.1449E+00  0.1815E-01  0.1343E+00  0.1343E+00
  0.2131E+00  0.1260E+00  0.1845E-01  0.1334E+00  0.1334E+00
  0.2137E+00  0.1393E+00  0.1741E-01  0.1326E+00  0.1326E+00
  0.2143E+00  0.1176E+00  0.1743E-01  0.1317E+00  0.1317E+00
  0.2149E+00  0.1318E+00  0.1720E-01  0.1309E+00  0.1309E+00
  0.2156E+00  0.1236E+00  0.1749E-01  0.1301E+00  0.1301E+00
  0.2162E+00  0.1346E+00  0.1753E-01  0.1293E+00  0.1293E+00
  0.2168E+00  0.1031E+00  0.1726E-01  0.1286E+00  0.1286E+00
  0.2174E+00  0.1251E+00  0.1769E-01  0.1279E+00  0.1279E+00
  0.2180E+00  0.1151E+00  0.1789E-01  0.1272E+00  0.1272E+00
  0.2186E+00  0.9742E-01  0.1735E-01  0.1266E+00  0.1266E+00
  0.2192E+00  0.8329E-01  0.1751E-01  0.1260E+00  0.1260E+00
  0.2198E+00  0.1080E+00  0.1794E-01  0.1254E+00  0.1254E+00
  0.2204E+00  0.9661E-01  0.1784E-01  0.1248E+00  0.1248E+00
  0.2210E+00  0.1324E+00  0.1767E-01  0.1243E+00  0.1243E+00
  0.2216E+00  0.1189E+00  0.1762E-01  0.1238E+00  0.1238E+00
  0.2222E+00  0.1482E+00  0.1674E-01  0.1233E+00  0.1233E+00
  0.2228E+00  0.1287E+00  0.1720E-01  0.1229E+00  0.1229E+00
  0.2235E+00  0.1174E+00  0.1818E-01  0.1224E+00  0.1224E+00
  0.2241E+00  0.9785E-01  0.1801E-01  0.1220E+00  0.1220E+00
  0.2247E+00  0.1043E+00  0.1900E-01  0.1216E+00  0.1216E+00
  0.2253E+00  0.1175E+00  0.2296E-01  0.1213E+00  0.1213E+00
  0.2259E+00  0.1372E+00  0.2051E-01  0.1209E+00  0.1209E+00
  0.2265E+00  0.1312E+00  0.2633E-01  0.1206E+00  0.1206E+00
  0.2271E+00  0.1395E+00  0.1983E-01  0.1203E+00  0.1203E+00
  0.2277E+00  0.1370E+00  0.1880E-01  0.1200E+00  0.1200E+00
  0.2283E+00  0.1387E+00  0.1800E-01  0.1197E+00  0.1197E+00
  0.2289E+00  0.1136E+00  0.1796E-01  0.1194E+00  0.1194E+00
  0.2295E+00  0.1387E+00  0.1705E-01  0.1191E+00  0.1191E+00
  0.2301E+00  0.1423E+00  0.1682E-01  0.1189E+00  0.1189E+00
  0.2308E+00  0.1197E+00  0.1749E-01  0.1186E+00  0.1186E+00
  0.2314E+00  0.1123E+00  0.1748E-01  0.1184E+00  0.1184E+00
  0.2320E+00  0.1448E+00  0.1729E-01  0.1181E+00  0.1181E+00
  0.2326E+00  0.1455E+00  0.1757E-01  0.1179E+00  0.1179E+00
  0.2332E+00  0.1245E+00  0.1714E-01  0.1176E+00  0.1176E+00
  0.2338E+00  0.1373E+00  0.1656E-01  0.1174E+00  0.1174E+00
  0.2344E+00  0.1239E+00  0.1688E-01  0.1171E+00  0.1171E+00
  0.2350E+00  0.1441E+00  0.1751E-01  0.1169E+00  0.1169E+00
  0.2356E+00  0.1477E+00  0.1915E-01  0.1166E+00  0.1166E+00
  0.2362E+00  0.1418E+00  0.1749E-01  0.1163E+00  0.1163E+00
  0.2368E+00  0.1157E+00  0.1640E-01  0.1161E+00  0.1161E+00
  0.2374E+00  0.1216E+00  0.1678E-01  0.1158E+00  0.1158E+00
  0.2380E+00  0.1193E+00  0.1685E-01  0.1155E+00  0.1155E+00
  0.2387E+00  0.1362E+00  0.1678E-01  0.1151E+00  0.1151E+00
  0.2393E+00  0.1127E+00  0.1670E-01  0.1148E+00  0.1148E+00
  0.2399E+00  0.1136E+00  0.1777E-01  0.1145E+00  0.1145E+00
  0.2405E+00  0.1050E+00  0.1936E-01  0.1141E+00  0.1141E+00
  0.2411E+00  0.1025E+00  0.2546E-01  0.1137E+00  0.1137E+00
  0.2417E+00  0.1152E+00  0.3108E-01  0.1133E+00  0.1133E+00
  0.2423E+00  0.1077E+00  0.1956E-01  0.1129E+00  0.1129E+00
  0.2429E+00  0.1158E+00  0.1595E-01  0.1125E+00  0.1125E+00
  0.2435E+00  0.1177E+00  0.1702E-01  0.1120E+00  0.1120E+00
  0.2441E+00  0.8973E-01  0.1708E-01  0.1115E+00  0.1115E+00
  0.2447E+00  0.9197E-01  0.1696E-01  0.1110E+00  0.1110E+00
  0.2453E+00  0.8093E-01  0.1652E-01  0.1105E+00  0.1105E+00
  0.2460E+00  0.7886E-01  0.1664E-01  0.1100E+00  0.1100E+00
  0.2466E+00  0.9590E-01  0.1689E-01  0.1094E+00  0.1094E+00
  0.2472E+00  0.1059E+00  0.1648E-01  0.1089E+00  0.1089E+00
  0.2478E+00  0.1046E+00  0.1611E-01  0.1083E+00  0.1083E+00
  0.2484E+00  0.9768E-01  0.1607E-01  0.1077E+00  0.1077E+00
  0.2490E+00  0.9321E-01  0.1662E-01  0.1070E+00  0.1070E+00
  0.2496E+00  0.8189E-01  0.1692E-01  0.1064E+00  0.1064E+00
  0.2502E+00  0.1042E+00  0.1668E-01  0.1057E+00  0.1057E+00
  0.2508E+00  0.1191E+00  0.1688E-01  0.1051E+00  0.1051E+00
  0.2514E+00  0.1196E+00  0.1635E-01  0.1044E+00  0.1044E+00
  0.2520E+00  0.1063E+00  0.1661E-01  0.1037E+00  0.1037E+00
  0.2526E+00  0.9852E-01  0.1662E-01  0.1029E+00  0.1029E+00
  0.2532E+00  0.1014E+00  0.1652E-01  0.1022E+00  0.1022E+00
  0.2539E+00  0.8147E-01  0.1652E-01  0.1015E+00  0.1015E+00
  0.2545E+00  0.8824E-01  0.1628E-01  0.1007E+00  0.1007E+00
  0.2551E+00  0.7860E-01  0.1607E-01  0.9996E-01  0.9996E-01
  0.2557E+00  0.9221E-01  0.1572E-01  0.9920E-01  0.9920E-01
  0.2563E+00  0.8279E-01  0.1621E-01  0.9843E-01  0.9843E-01
  0.2569E+00  0.1200E+00  0.1600E-01  0.9766E-01  0.9766E-01
  0.2575E+00  0.8481E-01  0.1640E-01  0.9689E-01  0.9689E-01
  0.2581E+00  0.7765E-01  0.1582E-01  0.9612E-01  0.9612E-01
  0.2587E+00  0.9123E-01  0.1609E-01  0.9535E-01  0.9535E-01
  0.2593E+00  0.7358E-01  0.1594E-01  0.9459E-01  0.9459E-01
  0.2599E+00  0.9581E-01  0.1605E-01  0.9382E-01  0.9382E-01
  0.2605E+00  0.1237E+00  0.1585E-01  0.9307E-01  0.9307E-01
  0.2612E+00  0.8550E-01  0.1621E-01  0.9233E-01  0.9233E-01
  0.2618E+00  0.1228E+00  0.1607E-01  0.9159E-01  0.9159E-01
  0.2624E+00  0.8600E-01  0.1539E-01  0.9087E-01  0.9087E-01
  0.2630E+00  0.6485E-01  0.1616E-01  0.9016E-01  0.9016E-01
  0.2636E+00  0.7515E-01  0.1620E-01  0.8947E-01  0.8947E-01
  0.2642E+00  0.6982E-01  0.1603E-01  0.8879E-01  0.8879E-01
  0.2648E+00  0.8034E-01  0.1587E-01  0.8813E-01  0.8813E-01
  0.2654E+00  0.8979E-01  0.1600E-01  0.8751E-01  0.8751E-01
  0.2660E+00  0.9261E-01  0.1581E-01  0.8687E-01  0.8687E-01
  0.2666E+00  0.1037E+00  0.1670E-01  0.8627E-01  0.8627E-01
  0.2672E+00  0.9282E-01  0.1963E-01  0.8570E-01  0.8570E-01
  0.2678E+00  0.1098E+00  0.2761E-01  0.8515E-01  0.8515E-01
  0.2684E+00  0.1092E+00  0.2114E-01  0.8463E-01  0.8463E-01
  0.2691E+00  0.7791E-01  0.2534E-01  0.8413E-01  0.8413E-01
  0.2697E+00  0.9777E-01  0.2210E-01  0.8365E-01  0.8365E-01
  0.2703E+00  0.8261E-01  0.1787E-01  0.8321E-01  0.8321E-01
  0.2709E+00  0.9576E-01  0.1559E-01  0.8279E-01  0.8279E-01
  0.2715E+00  0.9558E-01  0.1505E-01  0.8240E-01  0.8240E-01
  0.2721E+00  0.9740E-01  0.1506E-01  0.8204E-01  0.8204E-01
  0.2727E+00  0.9075E-01  0.1545E-01  0.8171E-01  0.8171E-01
  0.2733E+00  0.8905E-01  0.1518E-01  0.8142E-01  0.8142E-01
  0.2739E+00  0.1094E+00  0.1589E-01  0.8115E-01  0.8115E-01
  0.2745E+00  0.7582E-01  0.1498E-01  0.8091E-01  0.8091E-01
  0.2751E+00  0.8771E-01  0.1490E-01  0.8070E-01  0.8070E-01
  0.2757E+00  0.9392E-01  0.1516E-01  0.8052E-01  0.8052E-01
  0.2763E+00  0.1060E+00  0.1590E-01  0.8037E-01  0.8037E-01
  0.2770E+00  0.1183E+00  0.1893E-01  0.8025E-01  0.8025E-01
  0.2776E+00  0.8648E-01  0.1593E-01  0.8015E-01  0.8015E-01
  0.2782E+00  0.9510E-01  0.1612E-01  0.8009E-01  0.8009E-01
  0.2788E+00  0.9787E-01  0.1512E-01  0.8005E-01  0.8005E-01
  0.2794E+00  0.6216E-01  0.1548E-01  0.8003E-01  0.8003E-01
  0.2800E+00  0.4263E-01  0.1528E-01  0.8005E-01  0.8005E-01
  0.2806E+00  0.5271E-01  0.1470E-01  0.8009E-01  0.8009E-01
  0.2812E+00  0.7321E-01  0.1485E-01  0.8016E-01  0.8016E-01
  0.2818E+00  0.8243E-01  0.1530E-01  0.8024E-01  0.8024E-01
  0.2824E+00  0.7569E-01  0.1570E-01  0.8035E-01  0.8035E-01
  0.2830E+00  0.8807E-01  0.1641E-01  0.8048E-01  0.8048E-01
  0.2836E+00  0.9536E-01  0.1542E-01  0.8062E-01  0.8062E-01
  0.2843E+00  0.7434E-01  0.1509E-01  0.8079E-01  0.8079E-01
  0.2849E+00  0.8586E-01  0.1493E-01  0.8097E-01  0.8097E-01
  0.2855E+00  0.9491E-01  0.1455E-01  0.8116E-01  0.8116E-01
  0.2861E+00  0.6931E-01  0.1435E-01  0.8137E-01  0.8137E-01
  0.2867E+00  0.7082E-01  0.1479E-01  0.8159E-01  0.8159E-01
  0.2873E+00  0.5314E-01  0.1464E-01  0.8182E-01  0.8182E-01
  0.2879E+00  0.3583E-01  0.1451E-01  0.8206E-01  0.8206E-01
  0.2885E+00  0.3078E-01  0.1433E-01  0.8231E-01  0.8231E-01
  0.2891E+00  0.7208E-01  0.1483E-01  0.8256E-01  0.8256E-01
  0.2897E+00  0.8933E-01  0.1472E-01  0.8282E-01  0.8282E-01
  0.2903E+00  0.9576E-01  0.1560E-01  0.8307E-01  0.8307E-01
  0.2909E+00  0.8504E-01  0.1509E-01  0.8334E-01  0.8334E-01
  0.2915E+00  0.8225E-01  0.1671E-01  0.8360E-01  0.8360E-01
  0.2922E+00  0.8925E-01  0.1582E-01  0.8385E-01  0.8385E-01
  0.2928E+00  0.7365E-01  0.1444E-01  0.8411E-01  0.8411E-01
  0.2934E+00  0.7594E-01  0.1391E-01  0.8437E-01  0.8437E-01
  0.2940E+00  0.6196E-01  0.1378E-01  0.8461E-01  0.8461E-01
  0.2946E+00  0.5236E-01  0.1411E-01  0.8485E-01  0.8485E-01
  0.2952E+00  0.6688E-01  0.1386E-01  0.8508E-01  0.8508E-01
  0.2958E+00  0.7135E-01  0.1382E-01  0.8530E-01  0.8530E-01
  0.2964E+00  0.9648E-01  0.1394E-01  0.8551E-01  0.8551E-01
  0.2970E+00  0.9285E-01  0.1376E-01  0.8571E-01  0.8571E-01
  0.2976E+00  0.1057E+00  0.1372E-01  0.8589E-01  0.8589E-01
  0.2982E+00  0.9948E-01  0.1329E-01  0.8606E-01  0.8606E-01
  0.2988E+00  0.1096E+00  0.1358E-01  0.8622E-01  0.8622E-01
  0.2995E+00  0.7980E-01  0.1402E-01  0.8636E-01  0.8636E-01
  0.3001E+00  0.7751E-01  0.1417E-01  0.8648E-01  0.8648E-01
  0.3007E+00  0.7028E-01  0.1399E-01  0.8659E-01  0.8659E-01
  0.3013E+00  0.8771E-01  0.1379E-01  0.8668E-01  0.8668E-01
  0.3019E+00  0.1018E+00  0.1378E-01  0.8675E-01  0.8675E-01
  0.3025E+00  0.9632E-01  0.1323E-01  0.8681E-01  0.8681E-01
  0.3031E+00  0.1010E+00  0.1426E-01  0.8684E-01  0.8684E-01
  0.3037E+00  0.9495E-01  0.1592E-01  0.8686E-01  0.8686E-01
  0.3043E+00  0.8638E-01  0.2368E-01  0.8686E-01  0.8686E-01
  0.3049E+00  0.1052E+00  0.1720E-01  0.8683E-01  0.8683E-01
  0.3055E+00  0.9901E-01  0.1383E-01  0.8679E-01  0.8679E-01
  0.3061E+00  0.9314E-01  0.1329E-01  0.8674E-01  0.8674E-01
  0.3067E+00  0.8928E-01  0.1366E-01  0.8666E-01  0.8666E-01
  0.3074E+00  0.9529E-01  0.1361E-01  0.8656E-01  0.8656E-01
  0.3080E+00  0.8441E-01  0.1323E-01  0.8644E-01  0.8644E-01
  0.3086E+00  0.7898E-01  0.1302E-01  0.8631E-01  0.8631E-01
  0.3092E+00  0.8607E-01  0.1330E-01  0.8616E-01  0.8616E-01
  0.3098E+00  0.1021E+00  0.1314E-01  0.8599E-01  0.8599E-01
  0.3104E+00  0.8225E-01  0.1333E-01  0.8581E-01  0.8581E-01
  0.3110E+00  0.1012E+00  0.1317E-01  0.8560E-01  0.8560E-01
  0.3116E+00  0.8906E-01  0.1272E-01  0.8539E-01  0.8539E-01
  0.3122E+00  0.8376E-01  0.1309E-01  0.8516E-01  0.8516E-01
  0.3128E+00  0.8690E-01  0.1309E-01  0.8491E-01  0.8491E-01
  0.3134E+00  0.8321E-01  0.1318E-01  0.8466E-01  0.8466E-01
  0.3140E+00  0.8960E-01  0.1423E-01  0.8439E-01  0.8439E-01
  0.3146E+00  0.9647E-01  0.1495E-01  0.8411E-01  0.8411E-01
  0.3153E+00  0.9928E-01  0.1570E-01  0.8382E-01  0.8382E-01
  0.3159E+00  0.8970E-01  0.1729E-01  0.8352E-01  0.8352E-01
  0.3165E+00  0.8877E-01  0.2045E-01  0.8320E-01  0.8320E-01

           Distance distribution  function of particle  


       R          P(R)      ERROR

  0.0000E+00  0.0000E+00  0.0000E+00
  0.1176E+01  0.8949E-03  0.2024E-04
  0.2352E+01  0.1984E-02  0.2938E-04
  0.3528E+01  0.3269E-02  0.2894E-04
  0.4704E+01  0.4750E-02  0.2145E-04
  0.5880E+01  0.6424E-02  0.1179E-04
  0.7056E+01  0.8287E-02  0.1428E-04
  0.8232E+01  0.1033E-01  0.2644E-04
  0.9408E+01  0.1254E-01  0.3720E-04
  0.1058E+02  0.1488E-01  0.4359E-04
  0.1176E+02  0.1734E-01  0.4455E-04
  0.1294E+02  0.1986E-01  0.4027E-04
  0.1411E+02  0.2242E-01  0.3229E-04
  0.1529E+02  0.2495E-01  0.2450E-04
  0.1646E+02  0.2742E-01  0.2405E-04
  0.1764E+02  0.2977E-01  0.3226E-04
  0.1882E+02  0.3195E-01  0.4245E-04
  0.1999E+02  0.3394E-01  0.5026E-04
  0.2117E+02  0.3569E-01  0.5383E-04
  0.2234E+02  0.3719E-01  0.5277E-04
  0.2352E+02  0.3843E-01  0.4800E-04
  0.2470E+02  0.3941E-01  0.4200E-04
  0.2587E+02  0.4014E-01  0.3881E-04
  0.2705E+02  0.4064E-01  0.4174E-04
  0.2822E+02  0.4093E-01  0.4948E-04
  0.2940E+02  0.4104E-01  0.5822E-04
  0.3058E+02  0.4099E-01  0.6505E-04
  0.3175E+02  0.4082E-01  0.6862E-04
  0.3293E+02  0.4055E-01  0.6888E-04
  0.3410E+02  0.4019E-01  0.6693E-04
  0.3528E+02  0.3977E-01  0.6466E-04
  0.3646E+02  0.3929E-01  0.6403E-04
  0.3763E+02  0.3877E-01  0.6589E-04
  0.3881E+02  0.3821E-01  0.6934E-04
  0.3998E+02  0.3761E-01  0.7255E-04
  0.4116E+02  0.3699E-01  0.7384E-04
  0.4234E+02  0.3634E-01  0.7244E-04
  0.4351E+02  0.3568E-01  0.6873E-04
  0.4469E+02  0.3501E-01  0.6424E-04
  0.4586E+02  0.3436E-01  0.6131E-04
  0.4704E+02  0.3373E-01  0.6190E-04
  0.4822E+02  0.3313E-01  0.6602E-04
  0.4939E+02  0.3260E-01  0.7172E-04
  0.5057E+02  0.3212E-01  0.7661E-04
  0.5174E+02  0.3171E-01  0.7908E-04
  0.5292E+02  0.3138E-01  0.7863E-04
  0.5410E+02  0.3111E-01  0.7595E-04
  0.5527E+02  0.3091E-01  0.7275E-04
  0.5645E+02  0.3075E-01  0.7131E-04
  0.5762E+02  0.3063E-01  0.7322E-04
  0.5880E+02  0.3052E-01  0.7829E-04
  0.5998E+02  0.3041E-01  0.8477E-04
  0.6115E+02  0.3028E-01  0.9063E-04
  0.6233E+02  0.3012E-01  0.9450E-04
  0.6350E+02  0.2991E-01  0.9597E-04
  0.6468E+02  0.2966E-01  0.9566E-04
  0.6586E+02  0.2937E-01  0.9497E-04
  0.6703E+02  0.2903E-01  0.9565E-04
  0.6821E+02  0.2866E-01  0.9896E-04
  0.6938E+02  0.2827E-01  0.1050E-03
  0.7056E+02  0.2787E-01  0.1130E-03
  0.7174E+02  0.2746E-01  0.1215E-03
  0.7291E+02  0.2706E-01  0.1293E-03
  0.7409E+02  0.2667E-01  0.1358E-03
  0.7526E+02  0.2628E-01  0.1405E-03
  0.7644E+02  0.2589E-01  0.1435E-03
  0.7762E+02  0.2550E-01  0.1450E-03
  0.7879E+02  0.2508E-01  0.1450E-03
  0.7997E+02  0.2464E-01  0.1437E-03
  0.8114E+02  0.2414E-01  0.1411E-03
  0.8232E+02  0.2359E-01  0.1375E-03
  0.8350E+02  0.2296E-01  0.1331E-03
  0.8467E+02  0.2227E-01  0.1287E-03
  0.8585E+02  0.2150E-01  0.1248E-03
  0.8702E+02  0.2066E-01  0.1220E-03
  0.8820E+02  0.1975E-01  0.1203E-03
  0.8938E+02  0.1880E-01  0.1196E-03
  0.9055E+02  0.1781E-01  0.1195E-03
  0.9173E+02  0.1679E-01  0.1198E-03
  0.9290E+02  0.1577E-01  0.1204E-03
  0.9408E+02  0.1476E-01  0.1219E-03
  0.9526E+02  0.1377E-01  0.1244E-03
  0.9643E+02  0.1281E-01  0.1281E-03
  0.9761E+02  0.1189E-01  0.1323E-03
  0.9878E+02  0.1100E-01  0.1361E-03
  0.9996E+02  0.1016E-01  0.1384E-03
  0.1011E+03  0.9368E-02  0.1387E-03
  0.1023E+03  0.8612E-02  0.1371E-03
  0.1035E+03  0.7894E-02  0.1348E-03
  0.1047E+03  0.7210E-02  0.1339E-03
  0.1058E+03  0.6556E-02  0.1365E-03
  0.1070E+03  0.5929E-02  0.1437E-03
  0.1082E+03  0.5324E-02  0.1544E-03
  0.1094E+03  0.4732E-02  0.1658E-03
  0.1105E+03  0.4147E-02  0.1746E-03
  0.1117E+03  0.3558E-02  0.1772E-03
  0.1129E+03  0.2951E-02  0.1705E-03
  0.1141E+03  0.2311E-02  0.1516E-03
  0.1152E+03  0.1619E-02  0.1184E-03
  0.1164E+03  0.8556E-03  0.6848E-04
  0.1176E+03  0.0000E+00  0.0000E+00
          Reciprocal space: Rg =   40.35     , I(0) =   0.3457E+02
     Real space: Rg =   40.46 +- 0.044  I(0) =   0.3457E+02 +-  0.5371E-01
