
           ####    G N O M   ---   Version 4.5a revised 09/02/02     ####

                                                  Wed May 26 00:11:59 2010
           ===    Run No   1   ===
 Run title:   Merge of: p3_D3_2.mccd p3_D6_2.mccd p3_D7_2.mccd p3_D10_2.mcc p3


  Number of points omitted at the beginning:          14
   *******   Working Directory :
   *******    Input file(s) :
           Condition P(rmin) = 0 is used. 
           Condition P(rmax) = 0 is used. 

          Experimental conditions for the first run
          -----------------------------------------

          Highest ALPHA is found to be   0.2328E+04

  The measure of inconsistency AN1 equals to    0.8381E+00
     Alpha    Discrp  Oscill  Stabil  Sysdev  Positv  Valcen    Total   
  0.2328E+07113.7773  1.3871  0.9753  0.0000  1.0000  0.8067  0.28954
  0.4656E+06107.5377  1.3787  0.9210  0.0000  1.0000  0.8085  0.29183
  0.9311E+05 85.6117  1.3438  0.7334  0.0000  1.0000  0.8161  0.30084
  0.1862E+05 47.5111  1.2622  0.4238  0.0250  1.0000  0.8367  0.32069
  0.3724E+04 18.3389  1.2139  0.1805  0.0667  1.0000  0.8569  0.35797
  0.7449E+03  5.6419  1.2165  0.0640  0.1000  1.0000  0.8617  0.50234
  0.1490E+03  1.6963  1.2311  0.0209  0.3167  1.0000  0.8613  0.58959
  0.2980E+02  0.7794  1.2433  0.0068  0.5583  1.0000  0.8610  0.76967
  0.5959E+01  0.6343  1.2525  0.0048  0.5250  1.0000  0.8607  0.75203
  0.1192E+01  0.5805  1.2781  0.0114  0.5583  1.0000  0.8604  0.76000
  0.2384E+00  0.5277  1.3823  0.0135  0.5958  1.0000  0.8601  0.75631
  0.4767E-01  0.4971  1.6434  0.0366  0.6458  1.0000  0.8607  0.69336
  0.9535E-02  0.4628  2.6077  0.0573  0.6875  0.9997  0.8606  0.56373
  0.1907E-02  0.4418  4.1877  0.1204  0.7208  0.9976  0.8514  0.48156
  0.3814E-03  0.4178  8.4971  0.3228  0.7292  0.9857  0.8003  0.38146
  0.7628E-04  0.3935 12.9928  0.2388  0.7208  0.9516  0.4524  0.35143
  0.1526E-04  0.3878 14.1139  0.0865  0.6708  0.9300  0.4250  0.00000

          ***  Golden section search to maximize estimate ***
     Alpha    Discrp  Oscill  Stabil  Sysdev  Positv  Valcen    Total   
  0.5510E+02  0.9612  1.2392  0.0098  0.5000  1.0000  0.8611  0.70379
  0.1863E+02  0.7074  1.2461  0.0055  0.5833  1.0000  0.8609  0.78918
  0.1394E+02  0.6795  1.2477  0.0049  0.5583  1.0000  0.8609  0.77420
  0.2229E+02  0.7302  1.2450  0.0059  0.6000  1.0000  0.8609  0.79848
  0.2490E+02  0.7470  1.2444  0.0062  0.6000  1.0000  0.8609  0.79746
  0.2081E+02  0.7209  1.2454  0.0057  0.6083  1.0000  0.8609  0.80389
  0.1995E+02  0.7156  1.2457  0.0056  0.6083  1.0000  0.8609  0.80405
  0.1944E+02  0.7124  1.2458  0.0056  0.6000  1.0000  0.8609  0.79908
  0.2028E+02  0.7176  1.2456  0.0057  0.6083  1.0000  0.8609  0.80400
  0.1975E+02  0.7143  1.2457  0.0056  0.6083  1.0000  0.8609  0.80408
  0.1963E+02  0.7136  1.2458  0.0056  0.6000  1.0000  0.8609  0.79906
  0.1983E+02  0.7148  1.2457  0.0056  0.6083  1.0000  0.8609  0.80407
  0.1971E+02  0.7140  1.2457  0.0056  0.6083  1.0000  0.8609  0.80408
  0.1971E+02  0.7140  1.2457  0.0056  0.6083  1.0000  0.8609  0.80408



             ####            Final results            ####

 Parameter    DISCRP    OSCILL    STABIL    SYSDEV    POSITV    VALCEN
 Weight        1.000     3.000     3.000     5.000     1.000     1.000
 Sigma         0.300     0.600     0.120     0.500     0.120     0.120
 Ideal         0.700     1.200     0.000     1.000     1.000     0.950
 Current       0.714     1.246     0.006     0.608     1.000     0.861
                - - - - - - - - - - - - - - - - - - - - - - - - - 
 Estimate      0.998     0.994     0.998     0.541     1.000     0.576

  Angular   range    :     from    0.0222   to    0.3140
  Real space range   :     from      0.00   to    117.60

  Highest ALPHA (theor) :   0.233E+07                 JOB = 0
  Current ALPHA         :   0.197E+02   Rg :  0.404E+02   I(0) :   0.345E+02

           Total  estimate : 0.804  which is    A GOOD      solution

      S          J EXP       ERROR       J REG       I REG

  0.0000E+00                                      0.3451E+02
  0.7927E-03                                      0.3450E+02
  0.1585E-02                                      0.3446E+02
  0.2378E-02                                      0.3440E+02
  0.3171E-02                                      0.3432E+02
  0.3963E-02                                      0.3421E+02
  0.4756E-02                                      0.3408E+02
  0.5549E-02                                      0.3393E+02
  0.6341E-02                                      0.3376E+02
  0.7134E-02                                      0.3356E+02
  0.7927E-02                                      0.3334E+02
  0.8719E-02                                      0.3310E+02
  0.9512E-02                                      0.3284E+02
  0.1030E-01                                      0.3256E+02
  0.1110E-01                                      0.3226E+02
  0.1189E-01                                      0.3194E+02
  0.1268E-01                                      0.3161E+02
  0.1348E-01                                      0.3125E+02
  0.1427E-01                                      0.3088E+02
  0.1506E-01                                      0.3049E+02
  0.1585E-01                                      0.3009E+02
  0.1665E-01                                      0.2968E+02
  0.1744E-01                                      0.2925E+02
  0.1823E-01                                      0.2880E+02
  0.1902E-01                                      0.2835E+02
  0.1982E-01                                      0.2788E+02
  0.2061E-01                                      0.2741E+02
  0.2140E-01                                      0.2693E+02
  0.2220E-01  0.2652E+02  0.1630E+00  0.2643E+02  0.2643E+02
  0.2280E-01  0.2618E+02  0.1251E+00  0.2605E+02  0.2605E+02
  0.2341E-01  0.2567E+02  0.1223E+00  0.2567E+02  0.2567E+02
  0.2402E-01  0.2526E+02  0.1240E+00  0.2528E+02  0.2528E+02
  0.2463E-01  0.2513E+02  0.1101E+00  0.2488E+02  0.2488E+02
  0.2524E-01  0.2460E+02  0.9872E-01  0.2449E+02  0.2449E+02
  0.2584E-01  0.2407E+02  0.1109E+00  0.2409E+02  0.2409E+02
  0.2645E-01  0.2375E+02  0.8511E-01  0.2369E+02  0.2369E+02
  0.2706E-01  0.2342E+02  0.8127E-01  0.2329E+02  0.2329E+02
  0.2767E-01  0.2299E+02  0.7920E-01  0.2289E+02  0.2289E+02
  0.2828E-01  0.2252E+02  0.7650E-01  0.2249E+02  0.2249E+02
  0.2888E-01  0.2213E+02  0.7936E-01  0.2209E+02  0.2209E+02
  0.2949E-01  0.2178E+02  0.1074E+00  0.2169E+02  0.2169E+02
  0.3010E-01  0.2136E+02  0.1052E+00  0.2128E+02  0.2128E+02
  0.3071E-01  0.2104E+02  0.9650E-01  0.2088E+02  0.2088E+02
  0.3132E-01  0.2058E+02  0.9492E-01  0.2049E+02  0.2049E+02
  0.3192E-01  0.2023E+02  0.7689E-01  0.2009E+02  0.2009E+02
  0.3253E-01  0.1989E+02  0.7040E-01  0.1969E+02  0.1969E+02
  0.3314E-01  0.1939E+02  0.7331E-01  0.1930E+02  0.1930E+02
  0.3375E-01  0.1906E+02  0.6757E-01  0.1891E+02  0.1891E+02
  0.3436E-01  0.1857E+02  0.6479E-01  0.1852E+02  0.1852E+02
  0.3497E-01  0.1812E+02  0.6748E-01  0.1814E+02  0.1814E+02
  0.3557E-01  0.1782E+02  0.6209E-01  0.1776E+02  0.1776E+02
  0.3618E-01  0.1734E+02  0.6254E-01  0.1738E+02  0.1738E+02
  0.3679E-01  0.1695E+02  0.6469E-01  0.1701E+02  0.1701E+02
  0.3740E-01  0.1665E+02  0.6311E-01  0.1664E+02  0.1664E+02
  0.3801E-01  0.1626E+02  0.6256E-01  0.1628E+02  0.1628E+02
  0.3861E-01  0.1607E+02  0.5949E-01  0.1592E+02  0.1592E+02
  0.3922E-01  0.1561E+02  0.6367E-01  0.1556E+02  0.1556E+02
  0.3983E-01  0.1519E+02  0.5514E-01  0.1521E+02  0.1521E+02
  0.4044E-01  0.1482E+02  0.5198E-01  0.1487E+02  0.1487E+02
  0.4105E-01  0.1455E+02  0.4950E-01  0.1453E+02  0.1453E+02
  0.4165E-01  0.1417E+02  0.4995E-01  0.1420E+02  0.1420E+02
  0.4226E-01  0.1384E+02  0.5322E-01  0.1387E+02  0.1387E+02
  0.4287E-01  0.1358E+02  0.5125E-01  0.1355E+02  0.1355E+02
  0.4348E-01  0.1318E+02  0.4752E-01  0.1324E+02  0.1324E+02
  0.4409E-01  0.1293E+02  0.4740E-01  0.1293E+02  0.1293E+02
  0.4469E-01  0.1256E+02  0.4577E-01  0.1262E+02  0.1262E+02
  0.4530E-01  0.1231E+02  0.4258E-01  0.1233E+02  0.1233E+02
  0.4591E-01  0.1196E+02  0.4317E-01  0.1204E+02  0.1204E+02
  0.4652E-01  0.1173E+02  0.4167E-01  0.1176E+02  0.1176E+02
  0.4713E-01  0.1147E+02  0.4306E-01  0.1148E+02  0.1148E+02
  0.4773E-01  0.1116E+02  0.4166E-01  0.1121E+02  0.1121E+02
  0.4834E-01  0.1098E+02  0.4031E-01  0.1095E+02  0.1095E+02
  0.4895E-01  0.1064E+02  0.3866E-01  0.1069E+02  0.1069E+02
  0.4956E-01  0.1043E+02  0.4275E-01  0.1044E+02  0.1044E+02
  0.5017E-01  0.1014E+02  0.3868E-01  0.1020E+02  0.1020E+02
  0.5078E-01  0.9875E+01  0.4052E-01  0.9958E+01  0.9958E+01
  0.5138E-01  0.9621E+01  0.4010E-01  0.9728E+01  0.9728E+01
  0.5199E-01  0.9457E+01  0.4167E-01  0.9503E+01  0.9503E+01
  0.5260E-01  0.9230E+01  0.4078E-01  0.9286E+01  0.9286E+01
  0.5321E-01  0.9070E+01  0.4623E-01  0.9074E+01  0.9074E+01
  0.5382E-01  0.8869E+01  0.4097E-01  0.8869E+01  0.8869E+01
  0.5442E-01  0.8691E+01  0.3891E-01  0.8671E+01  0.8671E+01
  0.5503E-01  0.8510E+01  0.3996E-01  0.8478E+01  0.8478E+01
  0.5564E-01  0.8329E+01  0.4953E-01  0.8291E+01  0.8291E+01
  0.5625E-01  0.8109E+01  0.3951E-01  0.8111E+01  0.8111E+01
  0.5686E-01  0.7936E+01  0.3718E-01  0.7936E+01  0.7936E+01
  0.5746E-01  0.7739E+01  0.3548E-01  0.7767E+01  0.7767E+01
  0.5807E-01  0.7567E+01  0.3371E-01  0.7603E+01  0.7603E+01
  0.5868E-01  0.7405E+01  0.3670E-01  0.7445E+01  0.7445E+01
  0.5929E-01  0.7337E+01  0.3394E-01  0.7292E+01  0.7292E+01
  0.5990E-01  0.7175E+01  0.3476E-01  0.7145E+01  0.7145E+01
  0.6050E-01  0.7034E+01  0.3492E-01  0.7002E+01  0.7002E+01
  0.6111E-01  0.6890E+01  0.3646E-01  0.6865E+01  0.6865E+01
  0.6172E-01  0.6670E+01  0.3441E-01  0.6732E+01  0.6732E+01
  0.6233E-01  0.6574E+01  0.3946E-01  0.6604E+01  0.6604E+01
  0.6294E-01  0.6464E+01  0.3202E-01  0.6480E+01  0.6480E+01
  0.6354E-01  0.6376E+01  0.3155E-01  0.6361E+01  0.6361E+01
  0.6415E-01  0.6290E+01  0.3214E-01  0.6246E+01  0.6246E+01
  0.6476E-01  0.6217E+01  0.3168E-01  0.6135E+01  0.6135E+01
  0.6537E-01  0.6102E+01  0.3071E-01  0.6028E+01  0.6028E+01
  0.6598E-01  0.5978E+01  0.3102E-01  0.5925E+01  0.5925E+01
  0.6659E-01  0.5876E+01  0.3065E-01  0.5825E+01  0.5825E+01
  0.6719E-01  0.5767E+01  0.2943E-01  0.5728E+01  0.5728E+01
  0.6780E-01  0.5664E+01  0.2987E-01  0.5635E+01  0.5635E+01
  0.6841E-01  0.5544E+01  0.2806E-01  0.5545E+01  0.5545E+01
  0.6902E-01  0.5484E+01  0.3021E-01  0.5458E+01  0.5458E+01
  0.6963E-01  0.5417E+01  0.2832E-01  0.5374E+01  0.5374E+01
  0.7023E-01  0.5333E+01  0.3106E-01  0.5293E+01  0.5293E+01
  0.7084E-01  0.5276E+01  0.3220E-01  0.5214E+01  0.5214E+01
  0.7145E-01  0.5188E+01  0.3184E-01  0.5137E+01  0.5137E+01
  0.7206E-01  0.5075E+01  0.2936E-01  0.5063E+01  0.5063E+01
  0.7267E-01  0.4983E+01  0.2940E-01  0.4991E+01  0.4991E+01
  0.7327E-01  0.4934E+01  0.2907E-01  0.4921E+01  0.4921E+01
  0.7388E-01  0.4894E+01  0.2928E-01  0.4853E+01  0.4853E+01
  0.7449E-01  0.4813E+01  0.2981E-01  0.4786E+01  0.4786E+01
  0.7510E-01  0.4738E+01  0.2678E-01  0.4722E+01  0.4722E+01
  0.7571E-01  0.4676E+01  0.2719E-01  0.4658E+01  0.4658E+01
  0.7631E-01  0.4643E+01  0.2423E-01  0.4596E+01  0.4596E+01
  0.7692E-01  0.4537E+01  0.2364E-01  0.4536E+01  0.4536E+01
  0.7753E-01  0.4524E+01  0.2346E-01  0.4477E+01  0.4477E+01
  0.7814E-01  0.4440E+01  0.2340E-01  0.4418E+01  0.4418E+01
  0.7875E-01  0.4391E+01  0.2349E-01  0.4361E+01  0.4361E+01
  0.7935E-01  0.4321E+01  0.2275E-01  0.4305E+01  0.4305E+01
  0.7996E-01  0.4262E+01  0.2308E-01  0.4249E+01  0.4249E+01
  0.8057E-01  0.4212E+01  0.2233E-01  0.4195E+01  0.4195E+01
  0.8118E-01  0.4107E+01  0.2202E-01  0.4141E+01  0.4141E+01
  0.8179E-01  0.4056E+01  0.2280E-01  0.4087E+01  0.4087E+01
  0.8239E-01  0.4011E+01  0.2396E-01  0.4034E+01  0.4034E+01
  0.8300E-01  0.3986E+01  0.2460E-01  0.3982E+01  0.3982E+01
  0.8361E-01  0.3933E+01  0.2359E-01  0.3930E+01  0.3930E+01
  0.8422E-01  0.3910E+01  0.2404E-01  0.3879E+01  0.3879E+01
  0.8483E-01  0.3818E+01  0.2314E-01  0.3827E+01  0.3827E+01
  0.8544E-01  0.3765E+01  0.2338E-01  0.3777E+01  0.3777E+01
  0.8604E-01  0.3706E+01  0.2274E-01  0.3726E+01  0.3726E+01
  0.8665E-01  0.3682E+01  0.2184E-01  0.3676E+01  0.3676E+01
  0.8726E-01  0.3645E+01  0.2196E-01  0.3626E+01  0.3626E+01
  0.8787E-01  0.3569E+01  0.2298E-01  0.3576E+01  0.3576E+01
  0.8848E-01  0.3534E+01  0.2289E-01  0.3526E+01  0.3526E+01
  0.8908E-01  0.3456E+01  0.2339E-01  0.3476E+01  0.3476E+01
  0.8969E-01  0.3429E+01  0.2291E-01  0.3427E+01  0.3427E+01
  0.9030E-01  0.3348E+01  0.2241E-01  0.3377E+01  0.3377E+01
  0.9091E-01  0.3307E+01  0.2245E-01  0.3328E+01  0.3328E+01
  0.9151E-01  0.3267E+01  0.2245E-01  0.3279E+01  0.3279E+01
  0.9212E-01  0.3193E+01  0.2254E-01  0.3229E+01  0.3229E+01
  0.9273E-01  0.3156E+01  0.2266E-01  0.3180E+01  0.3180E+01
  0.9334E-01  0.3087E+01  0.2369E-01  0.3131E+01  0.3131E+01
  0.9395E-01  0.3046E+01  0.2254E-01  0.3083E+01  0.3083E+01
  0.9456E-01  0.2963E+01  0.2295E-01  0.3034E+01  0.3034E+01
  0.9516E-01  0.2921E+01  0.2235E-01  0.2985E+01  0.2985E+01
  0.9577E-01  0.2896E+01  0.2133E-01  0.2937E+01  0.2937E+01
  0.9638E-01  0.2880E+01  0.2247E-01  0.2888E+01  0.2888E+01
  0.9699E-01  0.2833E+01  0.2274E-01  0.2840E+01  0.2840E+01
  0.9760E-01  0.2777E+01  0.2531E-01  0.2792E+01  0.2792E+01
  0.9820E-01  0.2745E+01  0.2244E-01  0.2745E+01  0.2745E+01
  0.9881E-01  0.2682E+01  0.2127E-01  0.2697E+01  0.2697E+01
  0.9942E-01  0.2659E+01  0.2064E-01  0.2650E+01  0.2650E+01
  0.1000E+00  0.2600E+01  0.2098E-01  0.2603E+01  0.2603E+01
  0.1006E+00  0.2593E+01  0.2035E-01  0.2556E+01  0.2556E+01
  0.1012E+00  0.2534E+01  0.2129E-01  0.2509E+01  0.2509E+01
  0.1019E+00  0.2512E+01  0.2096E-01  0.2463E+01  0.2463E+01
  0.1025E+00  0.2418E+01  0.2216E-01  0.2418E+01  0.2418E+01
  0.1031E+00  0.2364E+01  0.2061E-01  0.2372E+01  0.2372E+01
  0.1037E+00  0.2329E+01  0.2078E-01  0.2327E+01  0.2327E+01
  0.1043E+00  0.2307E+01  0.2013E-01  0.2283E+01  0.2283E+01
  0.1049E+00  0.2264E+01  0.2004E-01  0.2238E+01  0.2238E+01
  0.1055E+00  0.2240E+01  0.2015E-01  0.2195E+01  0.2195E+01
  0.1061E+00  0.2189E+01  0.2100E-01  0.2151E+01  0.2151E+01
  0.1067E+00  0.2118E+01  0.2057E-01  0.2109E+01  0.2109E+01
  0.1073E+00  0.2081E+01  0.2015E-01  0.2067E+01  0.2067E+01
  0.1079E+00  0.2033E+01  0.2029E-01  0.2025E+01  0.2025E+01
  0.1085E+00  0.1990E+01  0.1943E-01  0.1984E+01  0.1984E+01
  0.1091E+00  0.1972E+01  0.1946E-01  0.1943E+01  0.1943E+01
  0.1098E+00  0.1931E+01  0.2108E-01  0.1903E+01  0.1903E+01
  0.1104E+00  0.1901E+01  0.2038E-01  0.1864E+01  0.1864E+01
  0.1110E+00  0.1834E+01  0.2054E-01  0.1825E+01  0.1825E+01
  0.1116E+00  0.1790E+01  0.2037E-01  0.1787E+01  0.1787E+01
  0.1122E+00  0.1742E+01  0.1891E-01  0.1750E+01  0.1750E+01
  0.1128E+00  0.1701E+01  0.1925E-01  0.1713E+01  0.1713E+01
  0.1134E+00  0.1707E+01  0.1948E-01  0.1677E+01  0.1677E+01
  0.1140E+00  0.1661E+01  0.1896E-01  0.1642E+01  0.1642E+01
  0.1146E+00  0.1643E+01  0.1902E-01  0.1607E+01  0.1607E+01
  0.1152E+00  0.1607E+01  0.2197E-01  0.1573E+01  0.1573E+01
  0.1158E+00  0.1551E+01  0.3311E-01  0.1540E+01  0.1540E+01
  0.1164E+00  0.1499E+01  0.2975E-01  0.1507E+01  0.1507E+01
  0.1171E+00  0.1493E+01  0.2048E-01  0.1475E+01  0.1475E+01
  0.1177E+00  0.1440E+01  0.1887E-01  0.1444E+01  0.1444E+01
  0.1183E+00  0.1446E+01  0.1929E-01  0.1413E+01  0.1413E+01
  0.1189E+00  0.1413E+01  0.1956E-01  0.1383E+01  0.1383E+01
  0.1195E+00  0.1361E+01  0.1455E-01  0.1354E+01  0.1354E+01
  0.1201E+00  0.1334E+01  0.1433E-01  0.1326E+01  0.1326E+01
  0.1207E+00  0.1308E+01  0.1409E-01  0.1298E+01  0.1298E+01
  0.1213E+00  0.1295E+01  0.1387E-01  0.1271E+01  0.1271E+01
  0.1219E+00  0.1262E+01  0.1411E-01  0.1244E+01  0.1244E+01
  0.1225E+00  0.1235E+01  0.1420E-01  0.1219E+01  0.1219E+01
  0.1231E+00  0.1203E+01  0.1532E-01  0.1193E+01  0.1193E+01
  0.1237E+00  0.1191E+01  0.1386E-01  0.1169E+01  0.1169E+01
  0.1244E+00  0.1155E+01  0.1357E-01  0.1145E+01  0.1145E+01
  0.1250E+00  0.1127E+01  0.1407E-01  0.1122E+01  0.1122E+01
  0.1256E+00  0.1080E+01  0.1366E-01  0.1099E+01  0.1099E+01
  0.1262E+00  0.1068E+01  0.1772E-01  0.1077E+01  0.1077E+01
  0.1268E+00  0.1056E+01  0.3020E-01  0.1056E+01  0.1056E+01
  0.1274E+00  0.1063E+01  0.2705E-01  0.1035E+01  0.1035E+01
  0.1280E+00  0.1032E+01  0.5518E-01  0.1015E+01  0.1015E+01
  0.1286E+00  0.9967E+00  0.5374E-01  0.9955E+00  0.9955E+00
  0.1292E+00  0.9695E+00  0.2409E-01  0.9764E+00  0.9764E+00
  0.1298E+00  0.9384E+00  0.1411E-01  0.9578E+00  0.9578E+00
  0.1304E+00  0.9163E+00  0.1375E-01  0.9397E+00  0.9397E+00
  0.1310E+00  0.9051E+00  0.1419E-01  0.9221E+00  0.9221E+00
  0.1316E+00  0.8966E+00  0.1375E-01  0.9050E+00  0.9050E+00
  0.1323E+00  0.8781E+00  0.1420E-01  0.8884E+00  0.8884E+00
  0.1329E+00  0.8688E+00  0.1434E-01  0.8722E+00  0.8722E+00
  0.1335E+00  0.8477E+00  0.1395E-01  0.8565E+00  0.8565E+00
  0.1341E+00  0.8318E+00  0.1494E-01  0.8412E+00  0.8412E+00
  0.1347E+00  0.8055E+00  0.1360E-01  0.8263E+00  0.8263E+00
  0.1353E+00  0.7893E+00  0.1343E-01  0.8118E+00  0.8118E+00
  0.1359E+00  0.7654E+00  0.1384E-01  0.7977E+00  0.7977E+00
  0.1365E+00  0.7729E+00  0.1380E-01  0.7840E+00  0.7840E+00
  0.1371E+00  0.7437E+00  0.1327E-01  0.7706E+00  0.7706E+00
  0.1377E+00  0.7392E+00  0.1342E-01  0.7575E+00  0.7575E+00
  0.1383E+00  0.7309E+00  0.1365E-01  0.7448E+00  0.7448E+00
  0.1389E+00  0.7223E+00  0.1346E-01  0.7324E+00  0.7324E+00
  0.1396E+00  0.7362E+00  0.1355E-01  0.7203E+00  0.7203E+00
  0.1402E+00  0.7106E+00  0.1384E-01  0.7085E+00  0.7085E+00
  0.1408E+00  0.7149E+00  0.1343E-01  0.6970E+00  0.6970E+00
  0.1414E+00  0.6675E+00  0.1316E-01  0.6858E+00  0.6858E+00
  0.1420E+00  0.6505E+00  0.1356E-01  0.6748E+00  0.6748E+00
  0.1426E+00  0.6370E+00  0.1399E-01  0.6641E+00  0.6641E+00
  0.1432E+00  0.6398E+00  0.1359E-01  0.6536E+00  0.6536E+00
  0.1438E+00  0.6341E+00  0.1408E-01  0.6433E+00  0.6433E+00
  0.1444E+00  0.6285E+00  0.1372E-01  0.6333E+00  0.6333E+00
  0.1450E+00  0.6139E+00  0.1269E-01  0.6235E+00  0.6235E+00
  0.1456E+00  0.5894E+00  0.1334E-01  0.6139E+00  0.6139E+00
  0.1462E+00  0.5806E+00  0.1330E-01  0.6045E+00  0.6045E+00
  0.1468E+00  0.5561E+00  0.1316E-01  0.5953E+00  0.5953E+00
  0.1475E+00  0.5644E+00  0.1288E-01  0.5863E+00  0.5863E+00
  0.1481E+00  0.5519E+00  0.1277E-01  0.5774E+00  0.5774E+00
  0.1487E+00  0.5465E+00  0.1227E-01  0.5688E+00  0.5688E+00
  0.1493E+00  0.5478E+00  0.1237E-01  0.5603E+00  0.5603E+00
  0.1499E+00  0.5473E+00  0.1163E-01  0.5520E+00  0.5520E+00
  0.1505E+00  0.5378E+00  0.1223E-01  0.5439E+00  0.5439E+00
  0.1511E+00  0.5372E+00  0.1219E-01  0.5359E+00  0.5359E+00
  0.1517E+00  0.5261E+00  0.1288E-01  0.5280E+00  0.5280E+00
  0.1523E+00  0.5328E+00  0.1255E-01  0.5203E+00  0.5203E+00
  0.1529E+00  0.5278E+00  0.1230E-01  0.5128E+00  0.5128E+00
  0.1535E+00  0.5108E+00  0.1231E-01  0.5054E+00  0.5054E+00
  0.1541E+00  0.4894E+00  0.1208E-01  0.4982E+00  0.4982E+00
  0.1548E+00  0.4933E+00  0.1236E-01  0.4911E+00  0.4911E+00
  0.1554E+00  0.4758E+00  0.1185E-01  0.4841E+00  0.4841E+00
  0.1560E+00  0.4730E+00  0.1195E-01  0.4773E+00  0.4773E+00
  0.1566E+00  0.4691E+00  0.1234E-01  0.4707E+00  0.4707E+00
  0.1572E+00  0.4693E+00  0.1144E-01  0.4641E+00  0.4641E+00
  0.1578E+00  0.4532E+00  0.1191E-01  0.4578E+00  0.4578E+00
  0.1584E+00  0.4415E+00  0.1179E-01  0.4515E+00  0.4515E+00
  0.1590E+00  0.4432E+00  0.1157E-01  0.4454E+00  0.4454E+00
  0.1596E+00  0.4474E+00  0.1196E-01  0.4394E+00  0.4394E+00
  0.1602E+00  0.4460E+00  0.1193E-01  0.4335E+00  0.4335E+00
  0.1608E+00  0.4358E+00  0.1157E-01  0.4278E+00  0.4278E+00
  0.1614E+00  0.4350E+00  0.1122E-01  0.4222E+00  0.4222E+00
  0.1620E+00  0.4179E+00  0.1169E-01  0.4167E+00  0.4167E+00
  0.1627E+00  0.4094E+00  0.1190E-01  0.4114E+00  0.4114E+00
  0.1633E+00  0.4156E+00  0.1171E-01  0.4062E+00  0.4062E+00
  0.1639E+00  0.4193E+00  0.1163E-01  0.4011E+00  0.4011E+00
  0.1645E+00  0.4077E+00  0.1159E-01  0.3962E+00  0.3962E+00
  0.1651E+00  0.3967E+00  0.1144E-01  0.3913E+00  0.3913E+00
  0.1657E+00  0.4057E+00  0.1122E-01  0.3866E+00  0.3866E+00
  0.1663E+00  0.3866E+00  0.1118E-01  0.3821E+00  0.3821E+00
  0.1669E+00  0.3912E+00  0.1121E-01  0.3776E+00  0.3776E+00
  0.1675E+00  0.3753E+00  0.1127E-01  0.3733E+00  0.3733E+00
  0.1681E+00  0.3807E+00  0.1146E-01  0.3690E+00  0.3690E+00
  0.1687E+00  0.3700E+00  0.1146E-01  0.3649E+00  0.3649E+00
  0.1693E+00  0.3850E+00  0.1130E-01  0.3610E+00  0.3610E+00
  0.1700E+00  0.3717E+00  0.1148E-01  0.3571E+00  0.3571E+00
  0.1706E+00  0.3558E+00  0.1174E-01  0.3533E+00  0.3533E+00
  0.1712E+00  0.3458E+00  0.1146E-01  0.3497E+00  0.3497E+00
  0.1718E+00  0.3352E+00  0.1172E-01  0.3461E+00  0.3461E+00
  0.1724E+00  0.3493E+00  0.1164E-01  0.3427E+00  0.3427E+00
  0.1730E+00  0.3521E+00  0.1155E-01  0.3394E+00  0.3394E+00
  0.1736E+00  0.3283E+00  0.1145E-01  0.3361E+00  0.3361E+00
  0.1742E+00  0.3344E+00  0.1156E-01  0.3330E+00  0.3330E+00
  0.1748E+00  0.3426E+00  0.1163E-01  0.3299E+00  0.3299E+00
  0.1754E+00  0.3329E+00  0.1211E-01  0.3270E+00  0.3270E+00
  0.1760E+00  0.3176E+00  0.2010E-01  0.3241E+00  0.3241E+00
  0.1766E+00  0.3088E+00  0.4264E-01  0.3213E+00  0.3213E+00
  0.1773E+00  0.2924E+00  0.2174E-01  0.3187E+00  0.3187E+00
  0.1779E+00  0.2828E+00  0.1473E-01  0.3160E+00  0.3160E+00
  0.1785E+00  0.2801E+00  0.1534E-01  0.3135E+00  0.3135E+00
  0.1791E+00  0.2872E+00  0.1449E-01  0.3110E+00  0.3110E+00
  0.1797E+00  0.2766E+00  0.1470E-01  0.3087E+00  0.3087E+00
  0.1803E+00  0.2836E+00  0.1476E-01  0.3063E+00  0.3063E+00
  0.1809E+00  0.2838E+00  0.1463E-01  0.3041E+00  0.3041E+00
  0.1815E+00  0.3092E+00  0.1456E-01  0.3019E+00  0.3019E+00
  0.1821E+00  0.2907E+00  0.1435E-01  0.2998E+00  0.2998E+00
  0.1827E+00  0.2920E+00  0.1513E-01  0.2977E+00  0.2977E+00
  0.1833E+00  0.2874E+00  0.1436E-01  0.2956E+00  0.2956E+00
  0.1839E+00  0.2999E+00  0.1470E-01  0.2937E+00  0.2937E+00
  0.1845E+00  0.2917E+00  0.1434E-01  0.2917E+00  0.2917E+00
  0.1852E+00  0.3012E+00  0.1433E-01  0.2899E+00  0.2899E+00
  0.1858E+00  0.2989E+00  0.1431E-01  0.2880E+00  0.2880E+00
  0.1864E+00  0.2973E+00  0.1448E-01  0.2862E+00  0.2862E+00
  0.1870E+00  0.2916E+00  0.1433E-01  0.2844E+00  0.2844E+00
  0.1876E+00  0.2718E+00  0.1429E-01  0.2827E+00  0.2827E+00
  0.1882E+00  0.2649E+00  0.1447E-01  0.2810E+00  0.2810E+00
  0.1888E+00  0.2491E+00  0.1441E-01  0.2793E+00  0.2793E+00
  0.1894E+00  0.2562E+00  0.1432E-01  0.2777E+00  0.2777E+00
  0.1900E+00  0.2408E+00  0.1400E-01  0.2760E+00  0.2760E+00
  0.1906E+00  0.2493E+00  0.1361E-01  0.2744E+00  0.2744E+00
  0.1912E+00  0.2516E+00  0.1359E-01  0.2728E+00  0.2728E+00
  0.1918E+00  0.2585E+00  0.1395E-01  0.2713E+00  0.2713E+00
  0.1925E+00  0.2658E+00  0.1449E-01  0.2697E+00  0.2697E+00
  0.1931E+00  0.2555E+00  0.1417E-01  0.2682E+00  0.2682E+00
  0.1937E+00  0.2615E+00  0.1426E-01  0.2667E+00  0.2667E+00
  0.1943E+00  0.2684E+00  0.1472E-01  0.2652E+00  0.2652E+00
  0.1949E+00  0.2631E+00  0.1645E-01  0.2637E+00  0.2637E+00
  0.1955E+00  0.2636E+00  0.1418E-01  0.2622E+00  0.2622E+00
  0.1961E+00  0.2343E+00  0.1348E-01  0.2608E+00  0.2608E+00
  0.1967E+00  0.2479E+00  0.1383E-01  0.2593E+00  0.2593E+00
  0.1973E+00  0.2525E+00  0.1368E-01  0.2579E+00  0.2579E+00
  0.1979E+00  0.2562E+00  0.1467E-01  0.2564E+00  0.2564E+00
  0.1985E+00  0.2607E+00  0.1359E-01  0.2550E+00  0.2550E+00
  0.1991E+00  0.2378E+00  0.1349E-01  0.2536E+00  0.2536E+00
  0.1997E+00  0.2449E+00  0.1354E-01  0.2522E+00  0.2522E+00
  0.2004E+00  0.2578E+00  0.1384E-01  0.2508E+00  0.2508E+00
  0.2010E+00  0.2527E+00  0.1381E-01  0.2495E+00  0.2495E+00
  0.2016E+00  0.2436E+00  0.1365E-01  0.2481E+00  0.2481E+00
  0.2022E+00  0.2394E+00  0.1405E-01  0.2468E+00  0.2468E+00
  0.2028E+00  0.2262E+00  0.1477E-01  0.2455E+00  0.2455E+00
  0.2034E+00  0.2303E+00  0.1336E-01  0.2441E+00  0.2441E+00
  0.2040E+00  0.2276E+00  0.1389E-01  0.2428E+00  0.2428E+00
  0.2046E+00  0.2344E+00  0.1303E-01  0.2416E+00  0.2416E+00
  0.2052E+00  0.2393E+00  0.1334E-01  0.2403E+00  0.2403E+00
  0.2058E+00  0.2496E+00  0.1339E-01  0.2390E+00  0.2390E+00
  0.2064E+00  0.2407E+00  0.1356E-01  0.2378E+00  0.2378E+00
  0.2070E+00  0.2386E+00  0.1341E-01  0.2366E+00  0.2366E+00
  0.2077E+00  0.2379E+00  0.1337E-01  0.2354E+00  0.2354E+00
  0.2083E+00  0.2327E+00  0.1278E-01  0.2342E+00  0.2342E+00
  0.2089E+00  0.2202E+00  0.1397E-01  0.2331E+00  0.2331E+00
  0.2095E+00  0.2322E+00  0.1340E-01  0.2320E+00  0.2320E+00
  0.2101E+00  0.2301E+00  0.1428E-01  0.2309E+00  0.2309E+00
  0.2107E+00  0.2473E+00  0.1330E-01  0.2298E+00  0.2298E+00
  0.2113E+00  0.2286E+00  0.1369E-01  0.2288E+00  0.2288E+00
  0.2119E+00  0.2309E+00  0.1485E-01  0.2277E+00  0.2277E+00
  0.2125E+00  0.2300E+00  0.1350E-01  0.2268E+00  0.2268E+00
  0.2131E+00  0.2354E+00  0.1499E-01  0.2258E+00  0.2258E+00
  0.2137E+00  0.2318E+00  0.1306E-01  0.2248E+00  0.2248E+00
  0.2143E+00  0.2276E+00  0.1279E-01  0.2239E+00  0.2239E+00
  0.2149E+00  0.2209E+00  0.1288E-01  0.2231E+00  0.2231E+00
  0.2156E+00  0.2206E+00  0.1324E-01  0.2222E+00  0.2222E+00
  0.2162E+00  0.2215E+00  0.1405E-01  0.2214E+00  0.2214E+00
  0.2168E+00  0.2112E+00  0.1557E-01  0.2206E+00  0.2206E+00
  0.2174E+00  0.2096E+00  0.1337E-01  0.2198E+00  0.2198E+00
  0.2180E+00  0.2173E+00  0.1646E-01  0.2191E+00  0.2191E+00
  0.2186E+00  0.2304E+00  0.2797E-01  0.2184E+00  0.2184E+00
  0.2192E+00  0.2261E+00  0.1682E-01  0.2177E+00  0.2177E+00
  0.2198E+00  0.2303E+00  0.1651E-01  0.2171E+00  0.2171E+00
  0.2204E+00  0.2347E+00  0.2587E-01  0.2165E+00  0.2165E+00
  0.2210E+00  0.2234E+00  0.1572E-01  0.2159E+00  0.2159E+00
  0.2216E+00  0.2263E+00  0.1270E-01  0.2153E+00  0.2153E+00
  0.2222E+00  0.2157E+00  0.1263E-01  0.2148E+00  0.2148E+00
  0.2228E+00  0.2153E+00  0.1266E-01  0.2143E+00  0.2143E+00
  0.2235E+00  0.2189E+00  0.1270E-01  0.2138E+00  0.2138E+00
  0.2241E+00  0.2319E+00  0.1225E-01  0.2134E+00  0.2134E+00
  0.2247E+00  0.2263E+00  0.1231E-01  0.2129E+00  0.2129E+00
  0.2253E+00  0.2144E+00  0.1274E-01  0.2125E+00  0.2125E+00
  0.2259E+00  0.2111E+00  0.1218E-01  0.2121E+00  0.2121E+00
  0.2265E+00  0.2085E+00  0.1221E-01  0.2118E+00  0.2118E+00
  0.2271E+00  0.2201E+00  0.1238E-01  0.2114E+00  0.2114E+00
  0.2277E+00  0.2174E+00  0.1235E-01  0.2111E+00  0.2111E+00
  0.2283E+00  0.2142E+00  0.1258E-01  0.2108E+00  0.2108E+00
  0.2289E+00  0.2284E+00  0.1244E-01  0.2105E+00  0.2105E+00
  0.2295E+00  0.2310E+00  0.1249E-01  0.2102E+00  0.2102E+00
  0.2301E+00  0.2029E+00  0.1271E-01  0.2099E+00  0.2099E+00
  0.2308E+00  0.2158E+00  0.1245E-01  0.2096E+00  0.2096E+00
  0.2314E+00  0.2067E+00  0.1238E-01  0.2093E+00  0.2093E+00
  0.2320E+00  0.2155E+00  0.1224E-01  0.2091E+00  0.2091E+00
  0.2326E+00  0.1991E+00  0.1259E-01  0.2088E+00  0.2088E+00
  0.2332E+00  0.2085E+00  0.1247E-01  0.2085E+00  0.2085E+00
  0.2338E+00  0.2130E+00  0.1211E-01  0.2083E+00  0.2083E+00
  0.2344E+00  0.2248E+00  0.1215E-01  0.2080E+00  0.2080E+00
  0.2350E+00  0.2133E+00  0.1189E-01  0.2078E+00  0.2078E+00
  0.2356E+00  0.2019E+00  0.1222E-01  0.2075E+00  0.2075E+00
  0.2362E+00  0.2095E+00  0.1238E-01  0.2072E+00  0.2072E+00
  0.2368E+00  0.2065E+00  0.1218E-01  0.2070E+00  0.2070E+00
  0.2374E+00  0.2191E+00  0.1240E-01  0.2067E+00  0.2067E+00
  0.2380E+00  0.2075E+00  0.1218E-01  0.2064E+00  0.2064E+00
  0.2387E+00  0.2002E+00  0.1218E-01  0.2061E+00  0.2061E+00
  0.2393E+00  0.2083E+00  0.1236E-01  0.2058E+00  0.2058E+00
  0.2399E+00  0.1985E+00  0.1252E-01  0.2055E+00  0.2055E+00
  0.2405E+00  0.1928E+00  0.1239E-01  0.2051E+00  0.2051E+00
  0.2411E+00  0.1845E+00  0.1218E-01  0.2048E+00  0.2048E+00
  0.2417E+00  0.2001E+00  0.1207E-01  0.2044E+00  0.2044E+00
  0.2423E+00  0.1836E+00  0.1199E-01  0.2040E+00  0.2040E+00
  0.2429E+00  0.1881E+00  0.1176E-01  0.2036E+00  0.2036E+00
  0.2435E+00  0.1795E+00  0.1227E-01  0.2032E+00  0.2032E+00
  0.2441E+00  0.1739E+00  0.1228E-01  0.2028E+00  0.2028E+00
  0.2447E+00  0.1984E+00  0.1250E-01  0.2023E+00  0.2023E+00
  0.2453E+00  0.2039E+00  0.1427E-01  0.2019E+00  0.2019E+00
  0.2460E+00  0.2097E+00  0.1228E-01  0.2014E+00  0.2014E+00
  0.2466E+00  0.2009E+00  0.1176E-01  0.2009E+00  0.2009E+00
  0.2472E+00  0.1840E+00  0.1192E-01  0.2004E+00  0.2004E+00
  0.2478E+00  0.1916E+00  0.1196E-01  0.1999E+00  0.1999E+00
  0.2484E+00  0.1686E+00  0.1194E-01  0.1994E+00  0.1994E+00
  0.2490E+00  0.1837E+00  0.1202E-01  0.1988E+00  0.1988E+00
  0.2496E+00  0.1949E+00  0.1188E-01  0.1982E+00  0.1982E+00
  0.2502E+00  0.1900E+00  0.1146E-01  0.1976E+00  0.1976E+00
  0.2508E+00  0.2000E+00  0.1181E-01  0.1971E+00  0.1971E+00
  0.2514E+00  0.1985E+00  0.1176E-01  0.1964E+00  0.1964E+00
  0.2520E+00  0.1952E+00  0.1195E-01  0.1958E+00  0.1958E+00
  0.2526E+00  0.1872E+00  0.1265E-01  0.1952E+00  0.1952E+00
  0.2532E+00  0.1986E+00  0.1190E-01  0.1946E+00  0.1946E+00
  0.2539E+00  0.1921E+00  0.1278E-01  0.1939E+00  0.1939E+00
  0.2545E+00  0.1963E+00  0.1599E-01  0.1933E+00  0.1933E+00
  0.2551E+00  0.1919E+00  0.1279E-01  0.1926E+00  0.1926E+00
  0.2557E+00  0.2068E+00  0.1163E-01  0.1920E+00  0.1920E+00
  0.2563E+00  0.2188E+00  0.1194E-01  0.1913E+00  0.1913E+00
  0.2569E+00  0.2293E+00  0.1153E-01  0.1907E+00  0.1907E+00
  0.2575E+00  0.2192E+00  0.1165E-01  0.1900E+00  0.1900E+00
  0.2581E+00  0.2145E+00  0.1185E-01  0.1893E+00  0.1893E+00
  0.2587E+00  0.1990E+00  0.1168E-01  0.1887E+00  0.1887E+00
  0.2593E+00  0.1918E+00  0.1182E-01  0.1880E+00  0.1880E+00
  0.2599E+00  0.1719E+00  0.1222E-01  0.1874E+00  0.1874E+00
  0.2605E+00  0.1704E+00  0.1180E-01  0.1868E+00  0.1868E+00
  0.2612E+00  0.1782E+00  0.1161E-01  0.1862E+00  0.1862E+00
  0.2618E+00  0.1959E+00  0.1164E-01  0.1856E+00  0.1856E+00
  0.2624E+00  0.1865E+00  0.1152E-01  0.1850E+00  0.1850E+00
  0.2630E+00  0.1701E+00  0.1238E-01  0.1844E+00  0.1844E+00
  0.2636E+00  0.1703E+00  0.1182E-01  0.1838E+00  0.1838E+00
  0.2642E+00  0.1739E+00  0.1145E-01  0.1833E+00  0.1833E+00
  0.2648E+00  0.1711E+00  0.1156E-01  0.1827E+00  0.1827E+00
  0.2654E+00  0.1658E+00  0.1150E-01  0.1822E+00  0.1822E+00
  0.2660E+00  0.1644E+00  0.1122E-01  0.1817E+00  0.1817E+00
  0.2666E+00  0.1536E+00  0.1112E-01  0.1812E+00  0.1812E+00
  0.2672E+00  0.1666E+00  0.1101E-01  0.1808E+00  0.1808E+00
  0.2678E+00  0.1606E+00  0.1104E-01  0.1804E+00  0.1804E+00
  0.2684E+00  0.1779E+00  0.1145E-01  0.1799E+00  0.1799E+00
  0.2691E+00  0.1842E+00  0.1129E-01  0.1796E+00  0.1796E+00
  0.2697E+00  0.1825E+00  0.1122E-01  0.1792E+00  0.1792E+00
  0.2703E+00  0.1814E+00  0.1097E-01  0.1789E+00  0.1789E+00
  0.2709E+00  0.1792E+00  0.1162E-01  0.1786E+00  0.1786E+00
  0.2715E+00  0.1830E+00  0.1152E-01  0.1783E+00  0.1783E+00
  0.2721E+00  0.1802E+00  0.1153E-01  0.1780E+00  0.1780E+00
  0.2727E+00  0.1827E+00  0.1152E-01  0.1778E+00  0.1778E+00
  0.2733E+00  0.1775E+00  0.1101E-01  0.1776E+00  0.1776E+00
  0.2739E+00  0.1793E+00  0.1099E-01  0.1774E+00  0.1774E+00
  0.2745E+00  0.1824E+00  0.1111E-01  0.1772E+00  0.1772E+00
  0.2751E+00  0.1762E+00  0.1116E-01  0.1771E+00  0.1771E+00
  0.2757E+00  0.1741E+00  0.1121E-01  0.1770E+00  0.1770E+00
  0.2763E+00  0.1950E+00  0.1123E-01  0.1769E+00  0.1769E+00
  0.2770E+00  0.1858E+00  0.1093E-01  0.1769E+00  0.1769E+00
  0.2776E+00  0.1908E+00  0.1091E-01  0.1768E+00  0.1768E+00
  0.2782E+00  0.1652E+00  0.1132E-01  0.1768E+00  0.1768E+00
  0.2788E+00  0.1672E+00  0.1122E-01  0.1768E+00  0.1768E+00
  0.2794E+00  0.1601E+00  0.1173E-01  0.1768E+00  0.1768E+00
  0.2800E+00  0.1839E+00  0.1211E-01  0.1768E+00  0.1768E+00
  0.2806E+00  0.1889E+00  0.1240E-01  0.1769E+00  0.1769E+00
  0.2812E+00  0.1769E+00  0.1250E-01  0.1770E+00  0.1770E+00
  0.2818E+00  0.1969E+00  0.1158E-01  0.1771E+00  0.1771E+00
  0.2824E+00  0.1731E+00  0.1242E-01  0.1772E+00  0.1772E+00
  0.2830E+00  0.1778E+00  0.1178E-01  0.1773E+00  0.1773E+00
  0.2836E+00  0.1712E+00  0.1192E-01  0.1774E+00  0.1774E+00
  0.2843E+00  0.1623E+00  0.1780E-01  0.1775E+00  0.1775E+00
  0.2849E+00  0.1633E+00  0.2622E-01  0.1776E+00  0.1776E+00
  0.2855E+00  0.1709E+00  0.1542E-01  0.1778E+00  0.1778E+00
  0.2861E+00  0.1710E+00  0.1762E-01  0.1779E+00  0.1779E+00
  0.2867E+00  0.1881E+00  0.1509E-01  0.1781E+00  0.1781E+00
  0.2873E+00  0.1782E+00  0.1379E-01  0.1782E+00  0.1782E+00
  0.2879E+00  0.1770E+00  0.1470E-01  0.1784E+00  0.1784E+00
  0.2885E+00  0.1770E+00  0.1260E-01  0.1785E+00  0.1785E+00
  0.2891E+00  0.1782E+00  0.1195E-01  0.1786E+00  0.1786E+00
  0.2897E+00  0.1736E+00  0.1085E-01  0.1788E+00  0.1788E+00
  0.2903E+00  0.1752E+00  0.1079E-01  0.1789E+00  0.1789E+00
  0.2909E+00  0.1793E+00  0.1085E-01  0.1790E+00  0.1790E+00
  0.2915E+00  0.1743E+00  0.1077E-01  0.1791E+00  0.1791E+00
  0.2922E+00  0.1721E+00  0.1065E-01  0.1792E+00  0.1792E+00
  0.2928E+00  0.1614E+00  0.1059E-01  0.1793E+00  0.1793E+00
  0.2934E+00  0.1588E+00  0.1031E-01  0.1793E+00  0.1793E+00
  0.2940E+00  0.1728E+00  0.1048E-01  0.1794E+00  0.1794E+00
  0.2946E+00  0.1727E+00  0.1037E-01  0.1794E+00  0.1794E+00
  0.2952E+00  0.1813E+00  0.1011E-01  0.1794E+00  0.1794E+00
  0.2958E+00  0.1802E+00  0.9993E-02  0.1794E+00  0.1794E+00
  0.2964E+00  0.1885E+00  0.1032E-01  0.1794E+00  0.1794E+00
  0.2970E+00  0.1942E+00  0.1022E-01  0.1793E+00  0.1793E+00
  0.2976E+00  0.1892E+00  0.9868E-02  0.1793E+00  0.1793E+00
  0.2982E+00  0.1941E+00  0.1020E-01  0.1792E+00  0.1792E+00
  0.2988E+00  0.1989E+00  0.9965E-02  0.1790E+00  0.1790E+00
  0.2995E+00  0.1864E+00  0.1020E-01  0.1789E+00  0.1789E+00
  0.3001E+00  0.1818E+00  0.1024E-01  0.1787E+00  0.1787E+00
  0.3007E+00  0.1920E+00  0.1012E-01  0.1785E+00  0.1785E+00
  0.3013E+00  0.1857E+00  0.1023E-01  0.1783E+00  0.1783E+00
  0.3019E+00  0.1720E+00  0.1047E-01  0.1781E+00  0.1781E+00
  0.3025E+00  0.1890E+00  0.1033E-01  0.1778E+00  0.1778E+00
  0.3031E+00  0.1721E+00  0.1028E-01  0.1775E+00  0.1775E+00
  0.3037E+00  0.1789E+00  0.1033E-01  0.1772E+00  0.1772E+00
  0.3043E+00  0.1889E+00  0.1082E-01  0.1769E+00  0.1769E+00
  0.3049E+00  0.1815E+00  0.1031E-01  0.1765E+00  0.1765E+00
  0.3055E+00  0.1779E+00  0.1097E-01  0.1761E+00  0.1761E+00
  0.3061E+00  0.1820E+00  0.1027E-01  0.1757E+00  0.1757E+00
  0.3067E+00  0.1838E+00  0.1007E-01  0.1752E+00  0.1752E+00
  0.3074E+00  0.1921E+00  0.1019E-01  0.1748E+00  0.1748E+00
  0.3080E+00  0.1839E+00  0.9894E-02  0.1743E+00  0.1743E+00
  0.3086E+00  0.1755E+00  0.9803E-02  0.1737E+00  0.1737E+00
  0.3092E+00  0.1695E+00  0.9838E-02  0.1732E+00  0.1732E+00
  0.3098E+00  0.1664E+00  0.9508E-02  0.1727E+00  0.1727E+00
  0.3104E+00  0.1780E+00  0.9667E-02  0.1721E+00  0.1721E+00
  0.3110E+00  0.1701E+00  0.9559E-02  0.1715E+00  0.1715E+00
  0.3116E+00  0.1930E+00  0.9310E-02  0.1709E+00  0.1709E+00
  0.3122E+00  0.1898E+00  0.9803E-02  0.1703E+00  0.1703E+00
  0.3128E+00  0.1901E+00  0.9734E-02  0.1696E+00  0.1696E+00
  0.3134E+00  0.1949E+00  0.9901E-02  0.1690E+00  0.1690E+00
  0.3140E+00  0.2085E+00  0.1090E-01  0.1683E+00  0.1683E+00

           Distance distribution  function of particle  


       R          P(R)      ERROR

  0.0000E+00  0.0000E+00  0.0000E+00
  0.1176E+01  0.1547E-02  0.1195E-04
  0.2352E+01  0.3058E-02  0.1755E-04
  0.3528E+01  0.4549E-02  0.1765E-04
  0.4704E+01  0.6047E-02  0.1370E-04
  0.5880E+01  0.7582E-02  0.8485E-05
  0.7056E+01  0.9190E-02  0.9144E-05
  0.8232E+01  0.1090E-01  0.1590E-04
  0.9408E+01  0.1274E-01  0.2262E-04
  0.1058E+02  0.1473E-01  0.2720E-04
  0.1176E+02  0.1686E-01  0.2890E-04
  0.1294E+02  0.1912E-01  0.2766E-04
  0.1411E+02  0.2149E-01  0.2412E-04
  0.1529E+02  0.2393E-01  0.1985E-04
  0.1646E+02  0.2638E-01  0.1757E-04
  0.1764E+02  0.2879E-01  0.1950E-04
  0.1882E+02  0.3111E-01  0.2420E-04
  0.1999E+02  0.3326E-01  0.2895E-04
  0.2117E+02  0.3521E-01  0.3216E-04
  0.2234E+02  0.3691E-01  0.3324E-04
  0.2352E+02  0.3834E-01  0.3233E-04
  0.2470E+02  0.3947E-01  0.3033E-04
  0.2587E+02  0.4031E-01  0.2875E-04
  0.2705E+02  0.4087E-01  0.2919E-04
  0.2822E+02  0.4117E-01  0.3211E-04
  0.2940E+02  0.4125E-01  0.3655E-04
  0.3058E+02  0.4114E-01  0.4112E-04
  0.3175E+02  0.4089E-01  0.4483E-04
  0.3293E+02  0.4053E-01  0.4729E-04
  0.3410E+02  0.4008E-01  0.4859E-04
  0.3528E+02  0.3959E-01  0.4917E-04
  0.3646E+02  0.3906E-01  0.4957E-04
  0.3763E+02  0.3852E-01  0.5014E-04
  0.3881E+02  0.3796E-01  0.5088E-04
  0.3998E+02  0.3738E-01  0.5148E-04
  0.4116E+02  0.3679E-01  0.5153E-04
  0.4234E+02  0.3619E-01  0.5082E-04
  0.4351E+02  0.3557E-01  0.4949E-04
  0.4469E+02  0.3493E-01  0.4809E-04
  0.4586E+02  0.3428E-01  0.4742E-04
  0.4704E+02  0.3362E-01  0.4808E-04
  0.4822E+02  0.3298E-01  0.5007E-04
  0.4939E+02  0.3236E-01  0.5278E-04
  0.5057E+02  0.3178E-01  0.5531E-04
  0.5174E+02  0.3126E-01  0.5693E-04
  0.5292E+02  0.3080E-01  0.5733E-04
  0.5410E+02  0.3042E-01  0.5667E-04
  0.5527E+02  0.3012E-01  0.5562E-04
  0.5645E+02  0.2989E-01  0.5506E-04
  0.5762E+02  0.2973E-01  0.5575E-04
  0.5880E+02  0.2963E-01  0.5785E-04
  0.5998E+02  0.2956E-01  0.6086E-04
  0.6115E+02  0.2951E-01  0.6394E-04
  0.6233E+02  0.2947E-01  0.6638E-04
  0.6350E+02  0.2940E-01  0.6782E-04
  0.6468E+02  0.2930E-01  0.6846E-04
  0.6586E+02  0.2916E-01  0.6895E-04
  0.6703E+02  0.2897E-01  0.7016E-04
  0.6821E+02  0.2873E-01  0.7282E-04
  0.6938E+02  0.2844E-01  0.7711E-04
  0.7056E+02  0.2810E-01  0.8259E-04
  0.7174E+02  0.2774E-01  0.8841E-04
  0.7291E+02  0.2734E-01  0.9370E-04
  0.7409E+02  0.2693E-01  0.9780E-04
  0.7526E+02  0.2651E-01  0.1003E-03
  0.7644E+02  0.2608E-01  0.1013E-03
  0.7762E+02  0.2564E-01  0.1010E-03
  0.7879E+02  0.2518E-01  0.9971E-04
  0.7997E+02  0.2471E-01  0.9796E-04
  0.8114E+02  0.2420E-01  0.9610E-04
  0.8232E+02  0.2365E-01  0.9438E-04
  0.8350E+02  0.2305E-01  0.9286E-04
  0.8467E+02  0.2239E-01  0.9152E-04
  0.8585E+02  0.2166E-01  0.9031E-04
  0.8702E+02  0.2086E-01  0.8920E-04
  0.8820E+02  0.1999E-01  0.8822E-04
  0.8938E+02  0.1907E-01  0.8749E-04
  0.9055E+02  0.1809E-01  0.8709E-04
  0.9173E+02  0.1708E-01  0.8713E-04
  0.9290E+02  0.1604E-01  0.8762E-04
  0.9408E+02  0.1500E-01  0.8854E-04
  0.9526E+02  0.1397E-01  0.8974E-04
  0.9643E+02  0.1297E-01  0.9104E-04
  0.9761E+02  0.1200E-01  0.9223E-04
  0.9878E+02  0.1108E-01  0.9314E-04
  0.9996E+02  0.1022E-01  0.9371E-04
  0.1011E+03  0.9411E-02  0.9407E-04
  0.1023E+03  0.8656E-02  0.9454E-04
  0.1035E+03  0.7953E-02  0.9557E-04
  0.1047E+03  0.7294E-02  0.9760E-04
  0.1058E+03  0.6671E-02  0.1008E-03
  0.1070E+03  0.6074E-02  0.1048E-03
  0.1082E+03  0.5492E-02  0.1089E-03
  0.1094E+03  0.4916E-02  0.1119E-03
  0.1105E+03  0.4332E-02  0.1124E-03
  0.1117E+03  0.3729E-02  0.1091E-03
  0.1129E+03  0.3095E-02  0.1007E-03
  0.1141E+03  0.2418E-02  0.8631E-04
  0.1152E+03  0.1685E-02  0.6506E-04
  0.1164E+03  0.8835E-03  0.3641E-04
  0.1176E+03  0.0000E+00  0.0000E+00
          Reciprocal space: Rg =   40.43     , I(0) =   0.3450E+02
     Real space: Rg =   40.54 +- 0.035  I(0) =   0.3451E+02 +-  0.4595E-01
