
           ####    G N O M   ---   Version 4.5a revised 09/02/02     ####

                                                  Wed May 26 00:11:19 2010
           ===    Run No   1   ===
 Run title:   Merge of: p3_D3_2.mccd p3_D6_2.mccd p3_D7_2.mccd p3_D10_2.mcc p3


  Number of points omitted at the beginning:          13
  Number of points omitted at the end:         181
   *******   Working Directory :
   *******    Input file(s) : 24161_merged_final.dat
           Condition P(rmin) = 0 is used. 
           Condition P(rmax) = 0 is used. 

          Experimental conditions for the first run
          -----------------------------------------

          Highest ALPHA is found to be   0.1684E+04

  The measure of inconsistency AN1 equals to    0.7260E+00
     Alpha    Discrp  Oscill  Stabil  Sysdev  Positv  Valcen    Total   
  0.1684E+07143.5122  1.4831  0.9749  0.0000  1.0000  0.7832  0.00001
  0.3368E+06135.3554  1.4754  0.9192  0.0000  1.0000  0.7847  0.00001
  0.6736E+05106.6979  1.4430  0.7259  0.0000  1.0000  0.7911  0.00001
  0.1347E+05 57.6223  1.3627  0.4060  0.0067  1.0000  0.8089  0.00001
  0.2694E+04 22.0050  1.3191  0.1623  0.0067  1.0000  0.8260  0.00001
  0.5389E+03  6.6525  1.3487  0.0461  0.0333  1.0000  0.8292  0.00001
  0.1078E+03  1.9126  1.3894  0.0199  0.2533  1.0000  0.8301  0.52915
  0.2155E+02  0.7344  1.4120  0.0066  0.5867  1.0000  0.8305  0.60081
  0.4311E+01  0.6000  1.4191  0.0029  0.7333  1.0000  0.8307  0.63803
  0.8622E+00  0.5859  1.4238  0.0040  0.6800  1.0000  0.8308  0.62062
  0.1724E+00  0.5775  1.4404  0.0136  0.7200  1.0000  0.8311  0.46249
  0.3449E-01  0.5632  1.5680  0.0290  0.7333  0.9998  0.8317  0.10000
  0.6898E-02  0.5534  1.8736  0.0225  0.7333  0.9993  0.8308  0.10000
  0.1380E-02  0.5500  2.3621  0.0714  0.7867  0.9980  0.8242  0.10000
  0.2759E-03  0.5459  4.2095  0.1254  0.7733  0.9915  0.8034  0.10000
  0.5518E-04  0.5426  7.6793  0.3301  0.7733  0.9706  0.7800  0.10000
  0.1104E-04  0.5361 13.5015  0.7665  0.7600  0.8932  0.4495  0.10000
  0.2207E-05  0.5231 14.5573  0.5106  0.7733  0.7925  0.3437  0.10000
  0.4414E-06  0.5156 15.6180  0.2575  0.7800  0.7570  0.3260  0.10000
  0.8829E-07  0.5125 18.9497  0.7977  0.7533  0.7361  0.3216  0.10000
  0.1766E-07  0.5063 17.6036  0.6860  0.7533  0.7071  0.3216  0.10000
  0.3532E-08  0.4986 19.4805  0.5054  0.7333  0.6950  0.3128  0.10000
  0.7063E-09  0.4851 25.7043  0.8221  0.7467  0.7292  0.2853  0.10000
  0.1413E-09  0.4456 28.0231  0.7137  0.7333  0.7296  0.3094  0.10000
  0.2825E-10  0.3679 31.5886  0.5381  0.7867  0.7039  0.3509  0.10000
  0.5650E-11  0.2662 36.0728  0.4325  0.8600  0.6800  0.3748  0.10000
  0.1130E-11  0.1597 41.8259  0.3297  0.8133  0.6772  0.3256  0.10000
  0.2260E-12  0.0675 47.3055  0.2107  0.7600  0.6750  0.2930  0.10000
  0.4520E-13  0.0186 49.5537  0.0733  0.7600  0.6657  0.3293  0.10000
  0.9041E-14  0.0041 50.1117  0.0171  0.7667  0.6618  0.3379  0.10000
  0.1808E-14  0.0008 50.2291  0.0035  0.7667  0.6608  0.3396  0.10000

          ***  Golden section search to maximize estimate ***
     Alpha    Discrp  Oscill  Stabil  Sysdev  Positv  Valcen    Total   
  0.1594E+01  0.5894  1.4217  0.0034  0.6933  1.0000  0.8307  0.65047
  0.1261E+01  0.5879  1.4224  0.0036  0.6933  1.0000  0.8307  0.65938
  0.1090E+01  0.5871  1.4229  0.0037  0.6933  1.0000  0.8308  0.65257
  0.1379E+01  0.5885  1.4221  0.0035  0.6933  1.0000  0.8307  0.65590
  0.1193E+01  0.5876  1.4226  0.0036  0.6933  1.0000  0.8307  0.66157
  0.1153E+01  0.5874  1.4227  0.0036  0.6933  1.0000  0.8308  0.65908
  0.1218E+01  0.5877  1.4225  0.0036  0.6933  1.0000  0.8307  0.66073
  0.1177E+01  0.5875  1.4226  0.0036  0.6933  1.0000  0.8307  0.66154
  0.1202E+01  0.5877  1.4226  0.0036  0.6933  1.0000  0.8307  0.66124
  0.1187E+01  0.5876  1.4226  0.0036  0.6933  1.0000  0.8307  0.66176
  0.1183E+01  0.5876  1.4226  0.0036  0.6933  1.0000  0.8307  0.66189
  0.1181E+01  0.5876  1.4226  0.0036  0.6933  1.0000  0.8307  0.66190
  0.1179E+01  0.5875  1.4226  0.0036  0.6933  1.0000  0.8307  0.66176
  0.1182E+01  0.5876  1.4226  0.0036  0.6933  1.0000  0.8307  0.66193
  0.1182E+01  0.5876  1.4226  0.0036  0.6933  1.0000  0.8307  0.66192
  0.1181E+01  0.5876  1.4226  0.0036  0.6933  1.0000  0.8307  0.66194
  0.1181E+01  0.5876  1.4226  0.0036  0.6933  1.0000  0.8307  0.66193
  0.1182E+01  0.5876  1.4226  0.0036  0.6933  1.0000  0.8307  0.66194
  0.1181E+01  0.5876  1.4226  0.0036  0.6933  1.0000  0.8307  0.66194



             ####            Final results            ####

 Parameter    DISCRP    OSCILL    STABIL    SYSDEV    POSITV    VALCEN
 Weight        1.000     3.000     3.000     4.000     1.000     1.000
 Sigma         0.500     0.600     0.120     0.200     0.120     0.120
 Ideal         1.000     1.100     0.000     1.000     1.000     0.950
 Current       0.588     1.423     0.004     0.693     1.000     0.831
                - - - - - - - - - - - - - - - - - - - - - - - - - 
 Estimate      0.506     0.749     0.999     0.095     1.000     0.372

  Angular   range    :     from    0.0216   to    0.2040
  Real space range   :     from      0.00   to    137.20

  Highest ALPHA (theor) :   0.168E+07                 JOB = 0
  Current ALPHA         :   0.118E+01   Rg :  0.412E+02   I(0) :   0.351E+02

           Total  estimate : 0.662  which is  A REASONABLE  solution

      S          J EXP       ERROR       J REG       I REG

  0.0000E+00                                      0.3513E+02
  0.7710E-03                                      0.3512E+02
  0.1542E-02                                      0.3508E+02
  0.2313E-02                                      0.3502E+02
  0.3084E-02                                      0.3494E+02
  0.3855E-02                                      0.3483E+02
  0.4626E-02                                      0.3470E+02
  0.5397E-02                                      0.3455E+02
  0.6168E-02                                      0.3438E+02
  0.6939E-02                                      0.3418E+02
  0.7710E-02                                      0.3396E+02
  0.8481E-02                                      0.3372E+02
  0.9252E-02                                      0.3346E+02
  0.1002E-01                                      0.3318E+02
  0.1079E-01                                      0.3288E+02
  0.1156E-01                                      0.3257E+02
  0.1234E-01                                      0.3223E+02
  0.1311E-01                                      0.3187E+02
  0.1388E-01                                      0.3150E+02
  0.1465E-01                                      0.3112E+02
  0.1542E-01                                      0.3072E+02
  0.1619E-01                                      0.3030E+02
  0.1696E-01                                      0.2987E+02
  0.1773E-01                                      0.2943E+02
  0.1850E-01                                      0.2898E+02
  0.1927E-01                                      0.2851E+02
  0.2005E-01                                      0.2804E+02
  0.2082E-01                                      0.2755E+02
  0.2159E-01  0.2688E+02  0.2374E+00  0.2706E+02  0.2706E+02
  0.2219E-01  0.2652E+02  0.1630E+00  0.2667E+02  0.2667E+02
  0.2280E-01  0.2618E+02  0.1251E+00  0.2627E+02  0.2627E+02
  0.2341E-01  0.2567E+02  0.1223E+00  0.2587E+02  0.2587E+02
  0.2402E-01  0.2526E+02  0.1240E+00  0.2547E+02  0.2547E+02
  0.2463E-01  0.2513E+02  0.1101E+00  0.2506E+02  0.2506E+02
  0.2524E-01  0.2460E+02  0.9872E-01  0.2465E+02  0.2465E+02
  0.2584E-01  0.2407E+02  0.1109E+00  0.2424E+02  0.2424E+02
  0.2645E-01  0.2375E+02  0.8511E-01  0.2383E+02  0.2383E+02
  0.2706E-01  0.2342E+02  0.8127E-01  0.2342E+02  0.2342E+02
  0.2767E-01  0.2299E+02  0.7920E-01  0.2300E+02  0.2300E+02
  0.2828E-01  0.2252E+02  0.7650E-01  0.2259E+02  0.2259E+02
  0.2888E-01  0.2213E+02  0.7936E-01  0.2218E+02  0.2218E+02
  0.2949E-01  0.2178E+02  0.1074E+00  0.2177E+02  0.2177E+02
  0.3010E-01  0.2136E+02  0.1052E+00  0.2135E+02  0.2135E+02
  0.3071E-01  0.2104E+02  0.9650E-01  0.2094E+02  0.2094E+02
  0.3132E-01  0.2058E+02  0.9492E-01  0.2054E+02  0.2054E+02
  0.3192E-01  0.2023E+02  0.7689E-01  0.2013E+02  0.2013E+02
  0.3253E-01  0.1989E+02  0.7040E-01  0.1973E+02  0.1973E+02
  0.3314E-01  0.1939E+02  0.7331E-01  0.1933E+02  0.1933E+02
  0.3375E-01  0.1906E+02  0.6757E-01  0.1893E+02  0.1893E+02
  0.3436E-01  0.1857E+02  0.6479E-01  0.1853E+02  0.1853E+02
  0.3496E-01  0.1812E+02  0.6748E-01  0.1814E+02  0.1814E+02
  0.3557E-01  0.1782E+02  0.6209E-01  0.1776E+02  0.1776E+02
  0.3618E-01  0.1734E+02  0.6254E-01  0.1737E+02  0.1737E+02
  0.3679E-01  0.1695E+02  0.6469E-01  0.1700E+02  0.1700E+02
  0.3740E-01  0.1665E+02  0.6311E-01  0.1662E+02  0.1662E+02
  0.3800E-01  0.1626E+02  0.6256E-01  0.1626E+02  0.1626E+02
  0.3861E-01  0.1607E+02  0.5949E-01  0.1589E+02  0.1589E+02
  0.3922E-01  0.1561E+02  0.6367E-01  0.1554E+02  0.1554E+02
  0.3983E-01  0.1519E+02  0.5514E-01  0.1519E+02  0.1519E+02
  0.4044E-01  0.1482E+02  0.5198E-01  0.1484E+02  0.1484E+02
  0.4105E-01  0.1455E+02  0.4950E-01  0.1450E+02  0.1450E+02
  0.4165E-01  0.1417E+02  0.4995E-01  0.1416E+02  0.1416E+02
  0.4226E-01  0.1384E+02  0.5322E-01  0.1384E+02  0.1384E+02
  0.4287E-01  0.1358E+02  0.5125E-01  0.1352E+02  0.1352E+02
  0.4348E-01  0.1318E+02  0.4752E-01  0.1320E+02  0.1320E+02
  0.4409E-01  0.1293E+02  0.4740E-01  0.1289E+02  0.1289E+02
  0.4469E-01  0.1256E+02  0.4577E-01  0.1259E+02  0.1259E+02
  0.4530E-01  0.1231E+02  0.4258E-01  0.1230E+02  0.1230E+02
  0.4591E-01  0.1196E+02  0.4317E-01  0.1201E+02  0.1201E+02
  0.4652E-01  0.1173E+02  0.4167E-01  0.1173E+02  0.1173E+02
  0.4713E-01  0.1147E+02  0.4306E-01  0.1145E+02  0.1145E+02
  0.4773E-01  0.1116E+02  0.4166E-01  0.1118E+02  0.1118E+02
  0.4834E-01  0.1098E+02  0.4031E-01  0.1092E+02  0.1092E+02
  0.4895E-01  0.1064E+02  0.3866E-01  0.1067E+02  0.1067E+02
  0.4956E-01  0.1043E+02  0.4275E-01  0.1042E+02  0.1042E+02
  0.5017E-01  0.1014E+02  0.3868E-01  0.1018E+02  0.1018E+02
  0.5078E-01  0.9875E+01  0.4052E-01  0.9942E+01  0.9942E+01
  0.5138E-01  0.9621E+01  0.4010E-01  0.9714E+01  0.9714E+01
  0.5199E-01  0.9457E+01  0.4167E-01  0.9492E+01  0.9492E+01
  0.5260E-01  0.9230E+01  0.4078E-01  0.9277E+01  0.9277E+01
  0.5321E-01  0.9070E+01  0.4623E-01  0.9068E+01  0.9068E+01
  0.5382E-01  0.8869E+01  0.4097E-01  0.8866E+01  0.8866E+01
  0.5442E-01  0.8691E+01  0.3891E-01  0.8670E+01  0.8670E+01
  0.5503E-01  0.8510E+01  0.3996E-01  0.8479E+01  0.8479E+01
  0.5564E-01  0.8329E+01  0.4953E-01  0.8295E+01  0.8295E+01
  0.5625E-01  0.8109E+01  0.3951E-01  0.8117E+01  0.8117E+01
  0.5686E-01  0.7936E+01  0.3718E-01  0.7944E+01  0.7944E+01
  0.5746E-01  0.7739E+01  0.3548E-01  0.7778E+01  0.7778E+01
  0.5807E-01  0.7567E+01  0.3371E-01  0.7616E+01  0.7616E+01
  0.5868E-01  0.7405E+01  0.3670E-01  0.7460E+01  0.7460E+01
  0.5929E-01  0.7337E+01  0.3394E-01  0.7309E+01  0.7309E+01
  0.5990E-01  0.7175E+01  0.3476E-01  0.7163E+01  0.7163E+01
  0.6050E-01  0.7034E+01  0.3492E-01  0.7022E+01  0.7022E+01
  0.6111E-01  0.6890E+01  0.3646E-01  0.6886E+01  0.6886E+01
  0.6172E-01  0.6670E+01  0.3441E-01  0.6755E+01  0.6755E+01
  0.6233E-01  0.6574E+01  0.3946E-01  0.6628E+01  0.6628E+01
  0.6294E-01  0.6464E+01  0.3202E-01  0.6506E+01  0.6506E+01
  0.6354E-01  0.6376E+01  0.3155E-01  0.6387E+01  0.6387E+01
  0.6415E-01  0.6290E+01  0.3214E-01  0.6273E+01  0.6273E+01
  0.6476E-01  0.6217E+01  0.3168E-01  0.6162E+01  0.6162E+01
  0.6537E-01  0.6102E+01  0.3071E-01  0.6056E+01  0.6056E+01
  0.6598E-01  0.5978E+01  0.3102E-01  0.5952E+01  0.5952E+01
  0.6659E-01  0.5876E+01  0.3065E-01  0.5853E+01  0.5853E+01
  0.6719E-01  0.5767E+01  0.2943E-01  0.5756E+01  0.5756E+01
  0.6780E-01  0.5664E+01  0.2987E-01  0.5663E+01  0.5663E+01
  0.6841E-01  0.5544E+01  0.2806E-01  0.5572E+01  0.5572E+01
  0.6902E-01  0.5484E+01  0.3021E-01  0.5485E+01  0.5485E+01
  0.6962E-01  0.5417E+01  0.2832E-01  0.5400E+01  0.5400E+01
  0.7023E-01  0.5333E+01  0.3106E-01  0.5318E+01  0.5318E+01
  0.7084E-01  0.5276E+01  0.3220E-01  0.5238E+01  0.5238E+01
  0.7145E-01  0.5188E+01  0.3184E-01  0.5161E+01  0.5161E+01
  0.7206E-01  0.5075E+01  0.2936E-01  0.5085E+01  0.5085E+01
  0.7267E-01  0.4983E+01  0.2940E-01  0.5012E+01  0.5012E+01
  0.7327E-01  0.4934E+01  0.2907E-01  0.4941E+01  0.4941E+01
  0.7388E-01  0.4894E+01  0.2928E-01  0.4871E+01  0.4871E+01
  0.7449E-01  0.4813E+01  0.2981E-01  0.4803E+01  0.4803E+01
  0.7510E-01  0.4738E+01  0.2678E-01  0.4737E+01  0.4737E+01
  0.7571E-01  0.4676E+01  0.2719E-01  0.4672E+01  0.4672E+01
  0.7631E-01  0.4643E+01  0.2423E-01  0.4609E+01  0.4609E+01
  0.7692E-01  0.4537E+01  0.2364E-01  0.4547E+01  0.4547E+01
  0.7753E-01  0.4524E+01  0.2346E-01  0.4486E+01  0.4486E+01
  0.7814E-01  0.4440E+01  0.2340E-01  0.4426E+01  0.4426E+01
  0.7875E-01  0.4391E+01  0.2349E-01  0.4367E+01  0.4367E+01
  0.7935E-01  0.4321E+01  0.2275E-01  0.4309E+01  0.4309E+01
  0.7996E-01  0.4262E+01  0.2308E-01  0.4252E+01  0.4252E+01
  0.8057E-01  0.4212E+01  0.2233E-01  0.4196E+01  0.4196E+01
  0.8118E-01  0.4107E+01  0.2202E-01  0.4141E+01  0.4141E+01
  0.8179E-01  0.4056E+01  0.2280E-01  0.4086E+01  0.4086E+01
  0.8239E-01  0.4011E+01  0.2396E-01  0.4032E+01  0.4032E+01
  0.8300E-01  0.3986E+01  0.2460E-01  0.3979E+01  0.3979E+01
  0.8361E-01  0.3933E+01  0.2359E-01  0.3926E+01  0.3926E+01
  0.8422E-01  0.3910E+01  0.2404E-01  0.3873E+01  0.3873E+01
  0.8483E-01  0.3818E+01  0.2314E-01  0.3821E+01  0.3821E+01
  0.8544E-01  0.3765E+01  0.2338E-01  0.3769E+01  0.3769E+01
  0.8604E-01  0.3706E+01  0.2274E-01  0.3718E+01  0.3718E+01
  0.8665E-01  0.3682E+01  0.2184E-01  0.3667E+01  0.3667E+01
  0.8726E-01  0.3645E+01  0.2196E-01  0.3616E+01  0.3616E+01
  0.8787E-01  0.3569E+01  0.2298E-01  0.3566E+01  0.3566E+01
  0.8847E-01  0.3534E+01  0.2289E-01  0.3515E+01  0.3515E+01
  0.8908E-01  0.3456E+01  0.2339E-01  0.3466E+01  0.3466E+01
  0.8969E-01  0.3429E+01  0.2291E-01  0.3416E+01  0.3416E+01
  0.9030E-01  0.3348E+01  0.2241E-01  0.3366E+01  0.3366E+01
  0.9091E-01  0.3307E+01  0.2245E-01  0.3317E+01  0.3317E+01
  0.9151E-01  0.3267E+01  0.2245E-01  0.3268E+01  0.3268E+01
  0.9212E-01  0.3193E+01  0.2254E-01  0.3219E+01  0.3219E+01
  0.9273E-01  0.3156E+01  0.2266E-01  0.3170E+01  0.3170E+01
  0.9334E-01  0.3087E+01  0.2369E-01  0.3122E+01  0.3122E+01
  0.9395E-01  0.3046E+01  0.2254E-01  0.3073E+01  0.3073E+01
  0.9456E-01  0.2963E+01  0.2295E-01  0.3025E+01  0.3025E+01
  0.9516E-01  0.2921E+01  0.2235E-01  0.2977E+01  0.2977E+01
  0.9577E-01  0.2896E+01  0.2133E-01  0.2930E+01  0.2930E+01
  0.9638E-01  0.2880E+01  0.2247E-01  0.2882E+01  0.2882E+01
  0.9699E-01  0.2833E+01  0.2274E-01  0.2835E+01  0.2835E+01
  0.9760E-01  0.2777E+01  0.2531E-01  0.2788E+01  0.2788E+01
  0.9820E-01  0.2745E+01  0.2244E-01  0.2741E+01  0.2741E+01
  0.9881E-01  0.2682E+01  0.2127E-01  0.2695E+01  0.2695E+01
  0.9942E-01  0.2659E+01  0.2064E-01  0.2648E+01  0.2648E+01
  0.1000E+00  0.2600E+01  0.2098E-01  0.2602E+01  0.2602E+01
  0.1006E+00  0.2593E+01  0.2035E-01  0.2557E+01  0.2557E+01
  0.1012E+00  0.2534E+01  0.2129E-01  0.2511E+01  0.2511E+01
  0.1019E+00  0.2512E+01  0.2096E-01  0.2466E+01  0.2466E+01
  0.1025E+00  0.2418E+01  0.2216E-01  0.2422E+01  0.2422E+01
  0.1031E+00  0.2364E+01  0.2061E-01  0.2377E+01  0.2377E+01
  0.1037E+00  0.2329E+01  0.2078E-01  0.2333E+01  0.2333E+01
  0.1043E+00  0.2307E+01  0.2013E-01  0.2290E+01  0.2290E+01
  0.1049E+00  0.2264E+01  0.2004E-01  0.2247E+01  0.2247E+01
  0.1055E+00  0.2240E+01  0.2015E-01  0.2204E+01  0.2204E+01
  0.1061E+00  0.2189E+01  0.2100E-01  0.2162E+01  0.2162E+01
  0.1067E+00  0.2118E+01  0.2057E-01  0.2120E+01  0.2120E+01
  0.1073E+00  0.2081E+01  0.2015E-01  0.2079E+01  0.2079E+01
  0.1079E+00  0.2033E+01  0.2029E-01  0.2038E+01  0.2038E+01
  0.1085E+00  0.1990E+01  0.1943E-01  0.1998E+01  0.1998E+01
  0.1091E+00  0.1972E+01  0.1946E-01  0.1958E+01  0.1958E+01
  0.1098E+00  0.1931E+01  0.2108E-01  0.1918E+01  0.1918E+01
  0.1104E+00  0.1901E+01  0.2038E-01  0.1880E+01  0.1880E+01
  0.1110E+00  0.1834E+01  0.2054E-01  0.1841E+01  0.1841E+01
  0.1116E+00  0.1790E+01  0.2037E-01  0.1804E+01  0.1804E+01
  0.1122E+00  0.1742E+01  0.1891E-01  0.1767E+01  0.1767E+01
  0.1128E+00  0.1701E+01  0.1925E-01  0.1730E+01  0.1730E+01
  0.1134E+00  0.1707E+01  0.1948E-01  0.1694E+01  0.1694E+01
  0.1140E+00  0.1661E+01  0.1896E-01  0.1659E+01  0.1659E+01
  0.1146E+00  0.1643E+01  0.1902E-01  0.1624E+01  0.1624E+01
  0.1152E+00  0.1607E+01  0.2197E-01  0.1590E+01  0.1590E+01
  0.1158E+00  0.1551E+01  0.3311E-01  0.1556E+01  0.1556E+01
  0.1164E+00  0.1499E+01  0.2975E-01  0.1523E+01  0.1523E+01
  0.1171E+00  0.1493E+01  0.2048E-01  0.1491E+01  0.1491E+01
  0.1177E+00  0.1440E+01  0.1887E-01  0.1459E+01  0.1459E+01
  0.1183E+00  0.1446E+01  0.1929E-01  0.1428E+01  0.1428E+01
  0.1189E+00  0.1413E+01  0.1956E-01  0.1397E+01  0.1397E+01
  0.1195E+00  0.1361E+01  0.1455E-01  0.1367E+01  0.1367E+01
  0.1201E+00  0.1334E+01  0.1433E-01  0.1338E+01  0.1338E+01
  0.1207E+00  0.1308E+01  0.1409E-01  0.1310E+01  0.1310E+01
  0.1213E+00  0.1295E+01  0.1387E-01  0.1282E+01  0.1282E+01
  0.1219E+00  0.1262E+01  0.1411E-01  0.1254E+01  0.1254E+01
  0.1225E+00  0.1235E+01  0.1420E-01  0.1228E+01  0.1228E+01
  0.1231E+00  0.1203E+01  0.1532E-01  0.1201E+01  0.1201E+01
  0.1237E+00  0.1191E+01  0.1386E-01  0.1176E+01  0.1176E+01
  0.1244E+00  0.1155E+01  0.1357E-01  0.1151E+01  0.1151E+01
  0.1250E+00  0.1127E+01  0.1407E-01  0.1127E+01  0.1127E+01
  0.1256E+00  0.1080E+01  0.1366E-01  0.1103E+01  0.1103E+01
  0.1262E+00  0.1068E+01  0.1772E-01  0.1080E+01  0.1080E+01
  0.1268E+00  0.1056E+01  0.3020E-01  0.1057E+01  0.1057E+01
  0.1274E+00  0.1063E+01  0.2705E-01  0.1035E+01  0.1035E+01
  0.1280E+00  0.1032E+01  0.5518E-01  0.1014E+01  0.1014E+01
  0.1286E+00  0.9967E+00  0.5374E-01  0.9933E+00  0.9933E+00
  0.1292E+00  0.9695E+00  0.2409E-01  0.9730E+00  0.9730E+00
  0.1298E+00  0.9384E+00  0.1411E-01  0.9534E+00  0.9534E+00
  0.1304E+00  0.9163E+00  0.1375E-01  0.9342E+00  0.9342E+00
  0.1310E+00  0.9051E+00  0.1419E-01  0.9156E+00  0.9156E+00
  0.1316E+00  0.8966E+00  0.1375E-01  0.8975E+00  0.8975E+00
  0.1323E+00  0.8781E+00  0.1420E-01  0.8799E+00  0.8799E+00
  0.1329E+00  0.8688E+00  0.1434E-01  0.8629E+00  0.8629E+00
  0.1335E+00  0.8477E+00  0.1395E-01  0.8463E+00  0.8463E+00
  0.1341E+00  0.8318E+00  0.1494E-01  0.8302E+00  0.8302E+00
  0.1347E+00  0.8055E+00  0.1360E-01  0.8145E+00  0.8145E+00
  0.1353E+00  0.7893E+00  0.1343E-01  0.7994E+00  0.7994E+00
  0.1359E+00  0.7654E+00  0.1384E-01  0.7846E+00  0.7846E+00
  0.1365E+00  0.7729E+00  0.1380E-01  0.7703E+00  0.7703E+00
  0.1371E+00  0.7437E+00  0.1327E-01  0.7565E+00  0.7565E+00
  0.1377E+00  0.7392E+00  0.1342E-01  0.7430E+00  0.7430E+00
  0.1383E+00  0.7309E+00  0.1365E-01  0.7300E+00  0.7300E+00
  0.1389E+00  0.7223E+00  0.1346E-01  0.7173E+00  0.7173E+00
  0.1396E+00  0.7362E+00  0.1355E-01  0.7050E+00  0.7050E+00
  0.1402E+00  0.7106E+00  0.1384E-01  0.6931E+00  0.6931E+00
  0.1408E+00  0.7149E+00  0.1343E-01  0.6816E+00  0.6816E+00
  0.1414E+00  0.6675E+00  0.1316E-01  0.6704E+00  0.6704E+00
  0.1420E+00  0.6505E+00  0.1356E-01  0.6595E+00  0.6595E+00
  0.1426E+00  0.6370E+00  0.1399E-01  0.6489E+00  0.6489E+00
  0.1432E+00  0.6398E+00  0.1359E-01  0.6387E+00  0.6387E+00
  0.1438E+00  0.6341E+00  0.1408E-01  0.6288E+00  0.6288E+00
  0.1444E+00  0.6285E+00  0.1372E-01  0.6191E+00  0.6191E+00
  0.1450E+00  0.6139E+00  0.1269E-01  0.6097E+00  0.6097E+00
  0.1456E+00  0.5894E+00  0.1334E-01  0.6006E+00  0.6006E+00
  0.1462E+00  0.5806E+00  0.1330E-01  0.5918E+00  0.5918E+00
  0.1468E+00  0.5561E+00  0.1316E-01  0.5832E+00  0.5832E+00
  0.1475E+00  0.5644E+00  0.1288E-01  0.5748E+00  0.5748E+00
  0.1481E+00  0.5519E+00  0.1277E-01  0.5666E+00  0.5666E+00
  0.1487E+00  0.5465E+00  0.1227E-01  0.5587E+00  0.5587E+00
  0.1493E+00  0.5478E+00  0.1237E-01  0.5510E+00  0.5510E+00
  0.1499E+00  0.5473E+00  0.1163E-01  0.5435E+00  0.5435E+00
  0.1505E+00  0.5378E+00  0.1223E-01  0.5361E+00  0.5361E+00
  0.1511E+00  0.5372E+00  0.1219E-01  0.5290E+00  0.5290E+00
  0.1517E+00  0.5261E+00  0.1288E-01  0.5220E+00  0.5220E+00
  0.1523E+00  0.5328E+00  0.1255E-01  0.5152E+00  0.5152E+00
  0.1529E+00  0.5278E+00  0.1230E-01  0.5085E+00  0.5085E+00
  0.1535E+00  0.5108E+00  0.1231E-01  0.5020E+00  0.5020E+00
  0.1541E+00  0.4894E+00  0.1208E-01  0.4956E+00  0.4956E+00
  0.1548E+00  0.4933E+00  0.1236E-01  0.4893E+00  0.4893E+00
  0.1554E+00  0.4758E+00  0.1185E-01  0.4832E+00  0.4832E+00
  0.1560E+00  0.4730E+00  0.1195E-01  0.4772E+00  0.4772E+00
  0.1566E+00  0.4691E+00  0.1234E-01  0.4713E+00  0.4713E+00
  0.1572E+00  0.4693E+00  0.1144E-01  0.4656E+00  0.4656E+00
  0.1578E+00  0.4532E+00  0.1191E-01  0.4599E+00  0.4599E+00
  0.1584E+00  0.4415E+00  0.1179E-01  0.4543E+00  0.4543E+00
  0.1590E+00  0.4432E+00  0.1157E-01  0.4488E+00  0.4488E+00
  0.1596E+00  0.4474E+00  0.1196E-01  0.4434E+00  0.4434E+00
  0.1602E+00  0.4460E+00  0.1193E-01  0.4381E+00  0.4381E+00
  0.1608E+00  0.4358E+00  0.1157E-01  0.4329E+00  0.4329E+00
  0.1614E+00  0.4350E+00  0.1122E-01  0.4278E+00  0.4278E+00
  0.1620E+00  0.4179E+00  0.1169E-01  0.4227E+00  0.4227E+00
  0.1627E+00  0.4094E+00  0.1190E-01  0.4177E+00  0.4177E+00
  0.1633E+00  0.4156E+00  0.1171E-01  0.4128E+00  0.4128E+00
  0.1639E+00  0.4193E+00  0.1163E-01  0.4079E+00  0.4079E+00
  0.1645E+00  0.4077E+00  0.1159E-01  0.4032E+00  0.4032E+00
  0.1651E+00  0.3967E+00  0.1144E-01  0.3984E+00  0.3984E+00
  0.1657E+00  0.4057E+00  0.1122E-01  0.3938E+00  0.3938E+00
  0.1663E+00  0.3866E+00  0.1118E-01  0.3892E+00  0.3892E+00
  0.1669E+00  0.3912E+00  0.1121E-01  0.3847E+00  0.3847E+00
  0.1675E+00  0.3753E+00  0.1127E-01  0.3802E+00  0.3802E+00
  0.1681E+00  0.3807E+00  0.1146E-01  0.3758E+00  0.3758E+00
  0.1687E+00  0.3700E+00  0.1146E-01  0.3714E+00  0.3714E+00
  0.1693E+00  0.3850E+00  0.1130E-01  0.3672E+00  0.3672E+00
  0.1700E+00  0.3717E+00  0.1148E-01  0.3629E+00  0.3629E+00
  0.1706E+00  0.3558E+00  0.1174E-01  0.3588E+00  0.3588E+00
  0.1712E+00  0.3458E+00  0.1146E-01  0.3547E+00  0.3547E+00
  0.1718E+00  0.3352E+00  0.1172E-01  0.3507E+00  0.3507E+00
  0.1724E+00  0.3493E+00  0.1164E-01  0.3467E+00  0.3467E+00
  0.1730E+00  0.3521E+00  0.1155E-01  0.3428E+00  0.3428E+00
  0.1736E+00  0.3283E+00  0.1145E-01  0.3390E+00  0.3390E+00
  0.1742E+00  0.3344E+00  0.1156E-01  0.3352E+00  0.3352E+00
  0.1748E+00  0.3426E+00  0.1163E-01  0.3315E+00  0.3315E+00
  0.1754E+00  0.3329E+00  0.1211E-01  0.3279E+00  0.3279E+00
  0.1760E+00  0.3176E+00  0.2010E-01  0.3243E+00  0.3243E+00
  0.1766E+00  0.3088E+00  0.4264E-01  0.3208E+00  0.3208E+00
  0.1773E+00  0.2924E+00  0.2174E-01  0.3174E+00  0.3174E+00
  0.1779E+00  0.2828E+00  0.1473E-01  0.3141E+00  0.3141E+00
  0.1785E+00  0.2801E+00  0.1534E-01  0.3108E+00  0.3108E+00
  0.1791E+00  0.2872E+00  0.1449E-01  0.3076E+00  0.3076E+00
  0.1797E+00  0.2766E+00  0.1470E-01  0.3045E+00  0.3045E+00
  0.1803E+00  0.2836E+00  0.1476E-01  0.3015E+00  0.3015E+00
  0.1809E+00  0.2838E+00  0.1463E-01  0.2985E+00  0.2985E+00
  0.1815E+00  0.3092E+00  0.1456E-01  0.2957E+00  0.2957E+00
  0.1821E+00  0.2907E+00  0.1435E-01  0.2929E+00  0.2929E+00
  0.1827E+00  0.2920E+00  0.1513E-01  0.2902E+00  0.2902E+00
  0.1833E+00  0.2874E+00  0.1436E-01  0.2875E+00  0.2875E+00
  0.1839E+00  0.2999E+00  0.1470E-01  0.2850E+00  0.2850E+00
  0.1845E+00  0.2917E+00  0.1434E-01  0.2825E+00  0.2825E+00
  0.1852E+00  0.3012E+00  0.1433E-01  0.2801E+00  0.2801E+00
  0.1858E+00  0.2989E+00  0.1431E-01  0.2778E+00  0.2778E+00
  0.1864E+00  0.2973E+00  0.1448E-01  0.2756E+00  0.2756E+00
  0.1870E+00  0.2916E+00  0.1433E-01  0.2735E+00  0.2735E+00
  0.1876E+00  0.2718E+00  0.1429E-01  0.2714E+00  0.2714E+00
  0.1882E+00  0.2649E+00  0.1447E-01  0.2694E+00  0.2694E+00
  0.1888E+00  0.2491E+00  0.1441E-01  0.2675E+00  0.2675E+00
  0.1894E+00  0.2562E+00  0.1432E-01  0.2657E+00  0.2657E+00
  0.1900E+00  0.2408E+00  0.1400E-01  0.2639E+00  0.2639E+00
  0.1906E+00  0.2493E+00  0.1361E-01  0.2623E+00  0.2623E+00
  0.1912E+00  0.2516E+00  0.1359E-01  0.2606E+00  0.2606E+00
  0.1918E+00  0.2585E+00  0.1395E-01  0.2591E+00  0.2591E+00
  0.1925E+00  0.2658E+00  0.1449E-01  0.2576E+00  0.2576E+00
  0.1931E+00  0.2555E+00  0.1417E-01  0.2562E+00  0.2562E+00
  0.1937E+00  0.2615E+00  0.1426E-01  0.2549E+00  0.2549E+00
  0.1943E+00  0.2684E+00  0.1472E-01  0.2536E+00  0.2536E+00
  0.1949E+00  0.2631E+00  0.1645E-01  0.2524E+00  0.2524E+00
  0.1955E+00  0.2636E+00  0.1418E-01  0.2512E+00  0.2512E+00
  0.1961E+00  0.2343E+00  0.1348E-01  0.2501E+00  0.2501E+00
  0.1967E+00  0.2479E+00  0.1383E-01  0.2490E+00  0.2490E+00
  0.1973E+00  0.2525E+00  0.1368E-01  0.2480E+00  0.2480E+00
  0.1979E+00  0.2562E+00  0.1467E-01  0.2471E+00  0.2471E+00
  0.1985E+00  0.2607E+00  0.1359E-01  0.2461E+00  0.2461E+00
  0.1991E+00  0.2378E+00  0.1349E-01  0.2452E+00  0.2452E+00
  0.1997E+00  0.2449E+00  0.1354E-01  0.2444E+00  0.2444E+00
  0.2004E+00  0.2578E+00  0.1384E-01  0.2435E+00  0.2435E+00
  0.2010E+00  0.2527E+00  0.1381E-01  0.2427E+00  0.2427E+00
  0.2016E+00  0.2436E+00  0.1365E-01  0.2420E+00  0.2420E+00
  0.2022E+00  0.2394E+00  0.1405E-01  0.2412E+00  0.2412E+00
  0.2028E+00  0.2262E+00  0.1477E-01  0.2405E+00  0.2405E+00
  0.2034E+00  0.2303E+00  0.1336E-01  0.2397E+00  0.2397E+00
  0.2040E+00  0.2276E+00  0.1389E-01  0.2390E+00  0.2390E+00

           Distance distribution  function of particle  


       R          P(R)      ERROR

  0.0000E+00  0.0000E+00  0.0000E+00
  0.1372E+01  0.1254E-02  0.2835E-04
  0.2744E+01  0.2774E-02  0.4478E-04
  0.4116E+01  0.4548E-02  0.5027E-04
  0.5488E+01  0.6558E-02  0.4633E-04
  0.6860E+01  0.8777E-02  0.3504E-04
  0.8232E+01  0.1117E-01  0.1929E-04
  0.9604E+01  0.1371E-01  0.1004E-04
  0.1098E+02  0.1635E-01  0.2541E-04
  0.1235E+02  0.1904E-01  0.4337E-04
  0.1372E+02  0.2174E-01  0.5830E-04
  0.1509E+02  0.2440E-01  0.6840E-04
  0.1646E+02  0.2698E-01  0.7270E-04
  0.1784E+02  0.2944E-01  0.7088E-04
  0.1921E+02  0.3174E-01  0.6330E-04
  0.2058E+02  0.3383E-01  0.5109E-04
  0.2195E+02  0.3570E-01  0.3655E-04
  0.2332E+02  0.3732E-01  0.2538E-04
  0.2470E+02  0.3868E-01  0.2823E-04
  0.2607E+02  0.3975E-01  0.4208E-04
  0.2744E+02  0.4056E-01  0.5718E-04
  0.2881E+02  0.4108E-01  0.6943E-04
  0.3018E+02  0.4135E-01  0.7705E-04
  0.3156E+02  0.4137E-01  0.7921E-04
  0.3293E+02  0.4117E-01  0.7583E-04
  0.3430E+02  0.4078E-01  0.6757E-04
  0.3567E+02  0.4022E-01  0.5605E-04
  0.3704E+02  0.3952E-01  0.4453E-04
  0.3842E+02  0.3873E-01  0.3889E-04
  0.3979E+02  0.3786E-01  0.4393E-04
  0.4116E+02  0.3697E-01  0.5610E-04
  0.4253E+02  0.3606E-01  0.6938E-04
  0.4390E+02  0.3517E-01  0.8019E-04
  0.4528E+02  0.3433E-01  0.8663E-04
  0.4665E+02  0.3354E-01  0.8787E-04
  0.4802E+02  0.3283E-01  0.8391E-04
  0.4939E+02  0.3220E-01  0.7565E-04
  0.5076E+02  0.3166E-01  0.6518E-04
  0.5214E+02  0.3121E-01  0.5633E-04
  0.5351E+02  0.3083E-01  0.5430E-04
  0.5488E+02  0.3054E-01  0.6145E-04
  0.5625E+02  0.3031E-01  0.7446E-04
  0.5762E+02  0.3013E-01  0.8860E-04
  0.5900E+02  0.2999E-01  0.1006E-03
  0.6037E+02  0.2987E-01  0.1086E-03
  0.6174E+02  0.2977E-01  0.1116E-03
  0.6311E+02  0.2966E-01  0.1097E-03
  0.6448E+02  0.2953E-01  0.1038E-03
  0.6586E+02  0.2938E-01  0.9568E-04
  0.6723E+02  0.2919E-01  0.8800E-04
  0.6860E+02  0.2896E-01  0.8393E-04
  0.6997E+02  0.2869E-01  0.8552E-04
  0.7134E+02  0.2836E-01  0.9212E-04
  0.7272E+02  0.2798E-01  0.1010E-03
  0.7409E+02  0.2755E-01  0.1092E-03
  0.7546E+02  0.2706E-01  0.1147E-03
  0.7683E+02  0.2652E-01  0.1162E-03
  0.7820E+02  0.2594E-01  0.1139E-03
  0.7958E+02  0.2530E-01  0.1088E-03
  0.8095E+02  0.2462E-01  0.1030E-03
  0.8232E+02  0.2389E-01  0.9941E-04
  0.8369E+02  0.2312E-01  0.1006E-03
  0.8506E+02  0.2229E-01  0.1073E-03
  0.8644E+02  0.2143E-01  0.1178E-03
  0.8781E+02  0.2051E-01  0.1292E-03
  0.8918E+02  0.1956E-01  0.1391E-03
  0.9055E+02  0.1855E-01  0.1457E-03
  0.9192E+02  0.1751E-01  0.1482E-03
  0.9330E+02  0.1644E-01  0.1470E-03
  0.9467E+02  0.1533E-01  0.1434E-03
  0.9604E+02  0.1420E-01  0.1396E-03
  0.9741E+02  0.1306E-01  0.1382E-03
  0.9878E+02  0.1193E-01  0.1408E-03
  0.1002E+03  0.1080E-01  0.1476E-03
  0.1015E+03  0.9702E-02  0.1567E-03
  0.1029E+03  0.8645E-02  0.1655E-03
  0.1043E+03  0.7644E-02  0.1714E-03
  0.1056E+03  0.6711E-02  0.1727E-03
  0.1070E+03  0.5859E-02  0.1687E-03
  0.1084E+03  0.5094E-02  0.1600E-03
  0.1098E+03  0.4424E-02  0.1489E-03
  0.1111E+03  0.3851E-02  0.1391E-03
  0.1125E+03  0.3372E-02  0.1354E-03
  0.1139E+03  0.2983E-02  0.1407E-03
  0.1152E+03  0.2674E-02  0.1539E-03
  0.1166E+03  0.2432E-02  0.1706E-03
  0.1180E+03  0.2242E-02  0.1858E-03
  0.1194E+03  0.2088E-02  0.1959E-03
  0.1207E+03  0.1951E-02  0.1988E-03
  0.1221E+03  0.1815E-02  0.1943E-03
  0.1235E+03  0.1665E-02  0.1848E-03
  0.1249E+03  0.1490E-02  0.1757E-03
  0.1262E+03  0.1283E-02  0.1745E-03
  0.1276E+03  0.1045E-02  0.1861E-03
  0.1290E+03  0.7804E-03  0.2083E-03
  0.1303E+03  0.5048E-03  0.2324E-03
  0.1317E+03  0.2399E-03  0.2474E-03
  0.1331E+03  0.1589E-04  0.2423E-03
  0.1345E+03 -0.1294E-03  0.2063E-03
  0.1358E+03 -0.1514E-03  0.1289E-03
  0.1372E+03  0.0000E+00  0.0000E+00
          Reciprocal space: Rg =   41.19     , I(0) =   0.3513E+02
     Real space: Rg =   41.30 +- 0.110  I(0) =   0.3513E+02 +-  0.9025E-01
