
           ####    G N O M   ---   Version 4.5a revised 09/02/02     ####

                                                  Wed May 19 18:43:00 2010
           ===    Run No   1   ===
 Run title:   Merge of: p1_G2_2.mccd p1_G3_2.mccd p1_G3_1.mccd p1_G6_2.mccd p1


  Number of points omitted at the beginning:          23
  Number of points omitted at the end:         105
   *******   Working Directory :
   *******    Input file(s) : 24411_merged.dat
           Condition P(rmin) = 0 is used. 
           Condition P(rmax) = 0 is used. 

          Experimental conditions for the first run
          -----------------------------------------

          Highest ALPHA is found to be   0.6516E+03

  The measure of inconsistency AN1 equals to    0.8054E+00
     Alpha    Discrp  Oscill  Stabil  Sysdev  Positv  Valcen    Total   
  0.6516E+06 64.6415  1.4248  0.9755  0.0000  1.0000  0.7979  0.00001
  0.1303E+06 61.9290  1.4079  0.9236  0.0000  1.0000  0.8017  0.00001
  0.2607E+05 52.8028  1.3469  0.7605  0.1308  1.0000  0.8167  0.00001
  0.5213E+04 35.9623  1.2615  0.5224  0.0054  1.0000  0.8504  0.00001
  0.1043E+04 16.7570  1.2771  0.2569  0.0490  1.0000  0.8809  0.00001
  0.2085E+03  5.2355  1.3474  0.0745  0.1689  1.0000  0.8947  0.00001
  0.4171E+02  1.5270  1.4025  0.0194  0.3978  1.0000  0.8983  0.47879
  0.8341E+01  0.8946  1.4221  0.0085  0.4741  1.0000  0.8989  0.46989
  0.1668E+01  0.7773  1.4443  0.0139  0.5068  1.0000  0.8990  0.10000
  0.3336E+00  0.7187  1.4980  0.0150  0.5177  1.0000  0.8986  0.10000
  0.6673E-01  0.6832  1.6734  0.0443  0.5177  1.0000  0.8965  0.10000
  0.1335E-01  0.6446  2.3180  0.0538  0.5068  0.9998  0.8900  0.10000
  0.2669E-02  0.6220  3.5648  0.1654  0.5068  0.9975  0.8773  0.10000
  0.5338E-03  0.5824  7.6941  0.4037  0.4959  0.9732  0.7493  0.10000
  0.1068E-03  0.5391 11.1114  0.2597  0.5395  0.9076  0.6039  0.10000
  0.2135E-04  0.5237 13.7594  0.5003  0.5722  0.8493  0.5050  0.10000
  0.4271E-05  0.5044 14.8717  0.7814  0.5395  0.7902  0.3515  0.10000
  0.8541E-06  0.4790 14.0269  0.3763  0.5722  0.7491  0.3388  0.10000
  0.1708E-06  0.4704 15.0181  0.2571  0.5831  0.7358  0.3318  0.10000
  0.3417E-07  0.4667 17.9281  0.8099  0.5722  0.7240  0.2877  0.10000
  0.6833E-08  0.4600 16.2483  0.6077  0.5831  0.7184  0.3022  0.10000
  0.1367E-08  0.4529 18.0149  0.5874  0.5831  0.7120  0.2712  0.10000
  0.2733E-09  0.4388 21.8833  0.7156  0.5722  0.6802  0.1989  0.10000
  0.5466E-10  0.4107 25.6315  0.5752  0.5940  0.6570  0.1924  0.10000
  0.1093E-10  0.3644 32.2017  0.5671  0.5940  0.6918  0.2432  0.10000
  0.2187E-11  0.2819 41.0051  0.5096  0.5940  0.7182  0.2774  0.10000
  0.4373E-12  0.1601 48.7871  0.3785  0.5940  0.7230  0.2923  0.10000
  0.8746E-13  0.0566 52.2789  0.1705  0.5831  0.7333  0.3133  0.10000
  0.1749E-13  0.0138 53.2219  0.0472  0.5940  0.7400  0.3326  0.10000
  0.3499E-14  0.0029 53.4233  0.0103  0.5940  0.7420  0.3365  0.10000
  0.6997E-15  0.0006 53.4642  0.0021  0.5940  0.7425  0.3373  0.10000

          ***  Golden section search to maximize estimate ***
     Alpha    Discrp  Oscill  Stabil  Sysdev  Positv  Valcen    Total   
  0.2255E+02  1.1233  1.4125  0.0117  0.4305  1.0000  0.8986  0.49673
  0.1542E+02  0.9985  1.4168  0.0092  0.4632  1.0000  0.8988  0.48943
  0.2852E+02  1.2409  1.4092  0.0141  0.4087  1.0000  0.8985  0.49493
  0.1951E+02  1.0675  1.4143  0.0105  0.4414  1.0000  0.8987  0.49497
  0.2467E+02  1.1638  1.4113  0.0125  0.4414  1.0000  0.8986  0.49687
  0.2608E+02  1.1915  1.4106  0.0131  0.4196  1.0000  0.8986  0.49643
  0.2384E+02  1.1477  1.4118  0.0122  0.4414  1.0000  0.8986  0.49693
  0.2334E+02  1.1382  1.4121  0.0120  0.4305  1.0000  0.8986  0.49688
  0.2415E+02  1.1538  1.4116  0.0123  0.4414  1.0000  0.8986  0.49692
  0.2365E+02  1.1440  1.4119  0.0121  0.4305  1.0000  0.8986  0.49690
  0.2396E+02  1.1500  1.4117  0.0122  0.4414  1.0000  0.8986  0.49693
  0.2377E+02  1.1463  1.4118  0.0122  0.4305  1.0000  0.8986  0.49690
  0.2388E+02  1.1486  1.4118  0.0122  0.4414  1.0000  0.8986  0.49693
  0.2388E+02  1.1486  1.4118  0.0122  0.4414  1.0000  0.8986  0.49693



             ####            Final results            ####

 Parameter    DISCRP    OSCILL    STABIL    SYSDEV    POSITV    VALCEN
 Weight        1.000     3.000     3.000     4.000     1.000     1.000
 Sigma         0.500     0.600     0.120     0.200     0.120     0.120
 Ideal         1.000     1.100     0.000     1.000     1.000     0.950
 Current       1.149     1.412     0.012     0.441     1.000     0.899
                - - - - - - - - - - - - - - - - - - - - - - - - - 
 Estimate      0.915     0.763     0.990     0.000     1.000     0.832

  Angular   range    :     from    0.0271   to    0.2502
  Real space range   :     from      0.00   to     99.91

  Highest ALPHA (theor) :   0.652E+06                 JOB = 0
  Current ALPHA         :   0.239E+02   Rg :  0.304E+02   I(0) :   0.369E+02

           Total  estimate : 0.497  which is  A SUSPICIOUS  solution

      S          J EXP       ERROR       J REG       I REG

  0.0000E+00                                      0.3689E+02
  0.9664E-03                                      0.3688E+02
  0.1933E-02                                      0.3685E+02
  0.2899E-02                                      0.3679E+02
  0.3866E-02                                      0.3672E+02
  0.4832E-02                                      0.3662E+02
  0.5799E-02                                      0.3650E+02
  0.6765E-02                                      0.3637E+02
  0.7731E-02                                      0.3621E+02
  0.8698E-02                                      0.3603E+02
  0.9664E-02                                      0.3583E+02
  0.1063E-01                                      0.3562E+02
  0.1160E-01                                      0.3538E+02
  0.1256E-01                                      0.3513E+02
  0.1353E-01                                      0.3485E+02
  0.1450E-01                                      0.3456E+02
  0.1546E-01                                      0.3426E+02
  0.1643E-01                                      0.3393E+02
  0.1740E-01                                      0.3359E+02
  0.1836E-01                                      0.3324E+02
  0.1933E-01                                      0.3287E+02
  0.2030E-01                                      0.3249E+02
  0.2126E-01                                      0.3209E+02
  0.2223E-01                                      0.3168E+02
  0.2319E-01                                      0.3126E+02
  0.2416E-01                                      0.3083E+02
  0.2513E-01                                      0.3039E+02
  0.2609E-01                                      0.2994E+02
  0.2706E-01  0.3065E+02  0.3116E+00  0.2948E+02  0.2948E+02
  0.2767E-01  0.3001E+02  0.3022E+00  0.2919E+02  0.2919E+02
  0.2828E-01  0.2972E+02  0.2853E+00  0.2889E+02  0.2889E+02
  0.2888E-01  0.2930E+02  0.2903E+00  0.2859E+02  0.2859E+02
  0.2949E-01  0.2912E+02  0.2688E+00  0.2829E+02  0.2829E+02
  0.3010E-01  0.2891E+02  0.2878E+00  0.2799E+02  0.2799E+02
  0.3071E-01  0.2860E+02  0.2472E+00  0.2768E+02  0.2768E+02
  0.3132E-01  0.2826E+02  0.2608E+00  0.2737E+02  0.2737E+02
  0.3192E-01  0.2766E+02  0.5604E+00  0.2706E+02  0.2706E+02
  0.3253E-01  0.2738E+02  0.2361E+00  0.2675E+02  0.2675E+02
  0.3314E-01  0.2695E+02  0.2244E+00  0.2644E+02  0.2644E+02
  0.3375E-01  0.2647E+02  0.2288E+00  0.2612E+02  0.2612E+02
  0.3436E-01  0.2640E+02  0.2038E+00  0.2580E+02  0.2580E+02
  0.3496E-01  0.2619E+02  0.1976E+00  0.2549E+02  0.2549E+02
  0.3557E-01  0.2551E+02  0.1908E+00  0.2517E+02  0.2517E+02
  0.3618E-01  0.2487E+02  0.2093E+00  0.2485E+02  0.2485E+02
  0.3679E-01  0.2452E+02  0.2156E+00  0.2453E+02  0.2453E+02
  0.3740E-01  0.2398E+02  0.1980E+00  0.2421E+02  0.2421E+02
  0.3800E-01  0.2382E+02  0.2047E+00  0.2389E+02  0.2389E+02
  0.3861E-01  0.2369E+02  0.2036E+00  0.2357E+02  0.2357E+02
  0.3922E-01  0.2327E+02  0.1997E+00  0.2325E+02  0.2325E+02
  0.3983E-01  0.2300E+02  0.1781E+00  0.2293E+02  0.2293E+02
  0.4044E-01  0.2266E+02  0.1930E+00  0.2262E+02  0.2262E+02
  0.4105E-01  0.2237E+02  0.1881E+00  0.2230E+02  0.2230E+02
  0.4165E-01  0.2203E+02  0.1735E+00  0.2198E+02  0.2198E+02
  0.4226E-01  0.2181E+02  0.1774E+00  0.2166E+02  0.2166E+02
  0.4287E-01  0.2140E+02  0.1733E+00  0.2135E+02  0.2135E+02
  0.4348E-01  0.2093E+02  0.1708E+00  0.2103E+02  0.2103E+02
  0.4409E-01  0.2061E+02  0.1633E+00  0.2072E+02  0.2072E+02
  0.4469E-01  0.2022E+02  0.1626E+00  0.2041E+02  0.2041E+02
  0.4530E-01  0.2001E+02  0.1628E+00  0.2010E+02  0.2010E+02
  0.4591E-01  0.1984E+02  0.1681E+00  0.1979E+02  0.1979E+02
  0.4652E-01  0.1953E+02  0.1464E+00  0.1949E+02  0.1949E+02
  0.4713E-01  0.1910E+02  0.1511E+00  0.1918E+02  0.1918E+02
  0.4773E-01  0.1874E+02  0.1476E+00  0.1888E+02  0.1888E+02
  0.4834E-01  0.1844E+02  0.1538E+00  0.1858E+02  0.1858E+02
  0.4895E-01  0.1815E+02  0.1456E+00  0.1828E+02  0.1828E+02
  0.4956E-01  0.1794E+02  0.1606E+00  0.1798E+02  0.1798E+02
  0.5017E-01  0.1755E+02  0.1516E+00  0.1769E+02  0.1769E+02
  0.5078E-01  0.1725E+02  0.1439E+00  0.1740E+02  0.1740E+02
  0.5138E-01  0.1708E+02  0.1543E+00  0.1711E+02  0.1711E+02
  0.5199E-01  0.1693E+02  0.1395E+00  0.1682E+02  0.1682E+02
  0.5260E-01  0.1659E+02  0.1414E+00  0.1654E+02  0.1654E+02
  0.5321E-01  0.1638E+02  0.1448E+00  0.1626E+02  0.1626E+02
  0.5382E-01  0.1594E+02  0.1433E+00  0.1598E+02  0.1598E+02
  0.5442E-01  0.1565E+02  0.1482E+00  0.1571E+02  0.1571E+02
  0.5503E-01  0.1534E+02  0.1370E+00  0.1543E+02  0.1543E+02
  0.5564E-01  0.1498E+02  0.1444E+00  0.1517E+02  0.1517E+02
  0.5625E-01  0.1484E+02  0.1448E+00  0.1490E+02  0.1490E+02
  0.5686E-01  0.1474E+02  0.1589E+00  0.1464E+02  0.1464E+02
  0.5746E-01  0.1464E+02  0.1605E+00  0.1438E+02  0.1438E+02
  0.5807E-01  0.1432E+02  0.1830E+00  0.1412E+02  0.1412E+02
  0.5868E-01  0.1394E+02  0.1801E+00  0.1386E+02  0.1386E+02
  0.5929E-01  0.1360E+02  0.1173E+00  0.1361E+02  0.1361E+02
  0.5990E-01  0.1347E+02  0.9309E-01  0.1337E+02  0.1337E+02
  0.6050E-01  0.1332E+02  0.8948E-01  0.1312E+02  0.1312E+02
  0.6111E-01  0.1316E+02  0.8950E-01  0.1288E+02  0.1288E+02
  0.6172E-01  0.1274E+02  0.8346E-01  0.1264E+02  0.1264E+02
  0.6233E-01  0.1253E+02  0.8903E-01  0.1241E+02  0.1241E+02
  0.6294E-01  0.1220E+02  0.8395E-01  0.1218E+02  0.1218E+02
  0.6354E-01  0.1196E+02  0.8997E-01  0.1195E+02  0.1195E+02
  0.6415E-01  0.1181E+02  0.9005E-01  0.1173E+02  0.1173E+02
  0.6476E-01  0.1153E+02  0.8684E-01  0.1150E+02  0.1150E+02
  0.6537E-01  0.1122E+02  0.8809E-01  0.1129E+02  0.1129E+02
  0.6598E-01  0.1115E+02  0.9724E-01  0.1107E+02  0.1107E+02
  0.6659E-01  0.1093E+02  0.9289E-01  0.1086E+02  0.1086E+02
  0.6719E-01  0.1077E+02  0.8754E-01  0.1065E+02  0.1065E+02
  0.6780E-01  0.1065E+02  0.8868E-01  0.1045E+02  0.1045E+02
  0.6841E-01  0.1048E+02  0.7983E-01  0.1024E+02  0.1024E+02
  0.6902E-01  0.1023E+02  0.8654E-01  0.1005E+02  0.1005E+02
  0.6962E-01  0.9999E+01  0.8437E-01  0.9850E+01  0.9850E+01
  0.7023E-01  0.9758E+01  0.8246E-01  0.9657E+01  0.9657E+01
  0.7084E-01  0.9563E+01  0.7626E-01  0.9468E+01  0.9468E+01
  0.7145E-01  0.9383E+01  0.7893E-01  0.9282E+01  0.9282E+01
  0.7206E-01  0.9357E+01  0.8226E-01  0.9099E+01  0.9099E+01
  0.7267E-01  0.9152E+01  0.8206E-01  0.8918E+01  0.8918E+01
  0.7327E-01  0.9086E+01  0.7968E-01  0.8741E+01  0.8741E+01
  0.7388E-01  0.8857E+01  0.7437E-01  0.8567E+01  0.8567E+01
  0.7449E-01  0.8652E+01  0.7395E-01  0.8396E+01  0.8396E+01
  0.7510E-01  0.8327E+01  0.7619E-01  0.8228E+01  0.8228E+01
  0.7571E-01  0.8235E+01  0.6960E-01  0.8062E+01  0.8062E+01
  0.7631E-01  0.8025E+01  0.7379E-01  0.7900E+01  0.7900E+01
  0.7692E-01  0.7938E+01  0.7152E-01  0.7740E+01  0.7740E+01
  0.7753E-01  0.7814E+01  0.6633E-01  0.7583E+01  0.7583E+01
  0.7814E-01  0.7627E+01  0.7154E-01  0.7428E+01  0.7428E+01
  0.7875E-01  0.7471E+01  0.6944E-01  0.7277E+01  0.7277E+01
  0.7935E-01  0.7192E+01  0.6891E-01  0.7128E+01  0.7128E+01
  0.7996E-01  0.7057E+01  0.7469E-01  0.6982E+01  0.6982E+01
  0.8057E-01  0.6985E+01  0.7311E-01  0.6838E+01  0.6838E+01
  0.8118E-01  0.6832E+01  0.7174E-01  0.6696E+01  0.6696E+01
  0.8179E-01  0.6759E+01  0.7247E-01  0.6558E+01  0.6558E+01
  0.8239E-01  0.6584E+01  0.6937E-01  0.6421E+01  0.6421E+01
  0.8300E-01  0.6519E+01  0.6674E-01  0.6287E+01  0.6287E+01
  0.8361E-01  0.6407E+01  0.6777E-01  0.6156E+01  0.6156E+01
  0.8422E-01  0.6281E+01  0.6713E-01  0.6026E+01  0.6026E+01
  0.8483E-01  0.6164E+01  0.6856E-01  0.5899E+01  0.5899E+01
  0.8544E-01  0.5921E+01  0.6769E-01  0.5775E+01  0.5775E+01
  0.8604E-01  0.5734E+01  0.6469E-01  0.5652E+01  0.5652E+01
  0.8665E-01  0.5645E+01  0.6389E-01  0.5532E+01  0.5532E+01
  0.8726E-01  0.5491E+01  0.6891E-01  0.5414E+01  0.5414E+01
  0.8787E-01  0.5397E+01  0.6616E-01  0.5298E+01  0.5298E+01
  0.8847E-01  0.5209E+01  0.6622E-01  0.5184E+01  0.5184E+01
  0.8908E-01  0.5108E+01  0.6355E-01  0.5072E+01  0.5072E+01
  0.8969E-01  0.4992E+01  0.6430E-01  0.4962E+01  0.4962E+01
  0.9030E-01  0.4890E+01  0.6230E-01  0.4854E+01  0.4854E+01
  0.9091E-01  0.4738E+01  0.6885E-01  0.4748E+01  0.4748E+01
  0.9151E-01  0.4603E+01  0.6621E-01  0.4643E+01  0.4643E+01
  0.9212E-01  0.4545E+01  0.6818E-01  0.4541E+01  0.4541E+01
  0.9273E-01  0.4437E+01  0.6557E-01  0.4440E+01  0.4440E+01
  0.9334E-01  0.4432E+01  0.6731E-01  0.4342E+01  0.4342E+01
  0.9395E-01  0.4340E+01  0.5945E-01  0.4245E+01  0.4245E+01
  0.9456E-01  0.4233E+01  0.6290E-01  0.4149E+01  0.4149E+01
  0.9516E-01  0.4106E+01  0.6293E-01  0.4056E+01  0.4056E+01
  0.9577E-01  0.3965E+01  0.6342E-01  0.3964E+01  0.3964E+01
  0.9638E-01  0.3872E+01  0.6401E-01  0.3874E+01  0.3874E+01
  0.9699E-01  0.3873E+01  0.6502E-01  0.3785E+01  0.3785E+01
  0.9760E-01  0.3764E+01  0.6567E-01  0.3698E+01  0.3698E+01
  0.9820E-01  0.3660E+01  0.6649E-01  0.3613E+01  0.3613E+01
  0.9881E-01  0.3622E+01  0.6629E-01  0.3529E+01  0.3529E+01
  0.9942E-01  0.3504E+01  0.6111E-01  0.3447E+01  0.3447E+01
  0.1000E+00  0.3376E+01  0.6286E-01  0.3366E+01  0.3366E+01
  0.1006E+00  0.3175E+01  0.5081E-01  0.3287E+01  0.3287E+01
  0.1012E+00  0.3107E+01  0.4477E-01  0.3209E+01  0.3209E+01
  0.1019E+00  0.3053E+01  0.4488E-01  0.3132E+01  0.3132E+01
  0.1025E+00  0.2961E+01  0.4585E-01  0.3057E+01  0.3057E+01
  0.1031E+00  0.2873E+01  0.4341E-01  0.2984E+01  0.2984E+01
  0.1037E+00  0.2792E+01  0.4641E-01  0.2911E+01  0.2911E+01
  0.1043E+00  0.2741E+01  0.4533E-01  0.2841E+01  0.2841E+01
  0.1049E+00  0.2730E+01  0.4662E-01  0.2771E+01  0.2771E+01
  0.1055E+00  0.2681E+01  0.4692E-01  0.2703E+01  0.2703E+01
  0.1061E+00  0.2617E+01  0.6408E-01  0.2636E+01  0.2636E+01
  0.1067E+00  0.2582E+01  0.4099E-01  0.2571E+01  0.2571E+01
  0.1073E+00  0.2486E+01  0.4128E-01  0.2506E+01  0.2506E+01
  0.1079E+00  0.2376E+01  0.3967E-01  0.2443E+01  0.2443E+01
  0.1085E+00  0.2311E+01  0.3815E-01  0.2382E+01  0.2382E+01
  0.1091E+00  0.2228E+01  0.3854E-01  0.2321E+01  0.2321E+01
  0.1098E+00  0.2240E+01  0.3915E-01  0.2262E+01  0.2262E+01
  0.1104E+00  0.2155E+01  0.3856E-01  0.2204E+01  0.2204E+01
  0.1110E+00  0.2063E+01  0.3871E-01  0.2147E+01  0.2147E+01
  0.1116E+00  0.2062E+01  0.3842E-01  0.2091E+01  0.2091E+01
  0.1122E+00  0.1955E+01  0.3763E-01  0.2037E+01  0.2037E+01
  0.1128E+00  0.1943E+01  0.3806E-01  0.1984E+01  0.1984E+01
  0.1134E+00  0.1915E+01  0.3836E-01  0.1931E+01  0.1931E+01
  0.1140E+00  0.1827E+01  0.3953E-01  0.1880E+01  0.1880E+01
  0.1146E+00  0.1780E+01  0.3881E-01  0.1831E+01  0.1831E+01
  0.1152E+00  0.1739E+01  0.3783E-01  0.1782E+01  0.1782E+01
  0.1158E+00  0.1695E+01  0.3743E-01  0.1734E+01  0.1734E+01
  0.1164E+00  0.1693E+01  0.3760E-01  0.1688E+01  0.1688E+01
  0.1171E+00  0.1575E+01  0.3711E-01  0.1642E+01  0.1642E+01
  0.1177E+00  0.1579E+01  0.3654E-01  0.1598E+01  0.1598E+01
  0.1183E+00  0.1526E+01  0.3720E-01  0.1554E+01  0.1554E+01
  0.1189E+00  0.1476E+01  0.3639E-01  0.1512E+01  0.1512E+01
  0.1195E+00  0.1441E+01  0.3692E-01  0.1471E+01  0.1471E+01
  0.1201E+00  0.1422E+01  0.3727E-01  0.1431E+01  0.1431E+01
  0.1207E+00  0.1395E+01  0.3831E-01  0.1391E+01  0.1391E+01
  0.1213E+00  0.1336E+01  0.3822E-01  0.1353E+01  0.1353E+01
  0.1219E+00  0.1312E+01  0.3880E-01  0.1316E+01  0.1316E+01
  0.1225E+00  0.1223E+01  0.3966E-01  0.1280E+01  0.1280E+01
  0.1231E+00  0.1176E+01  0.4031E-01  0.1244E+01  0.1244E+01
  0.1237E+00  0.1129E+01  0.4076E-01  0.1210E+01  0.1210E+01
  0.1244E+00  0.1118E+01  0.3927E-01  0.1177E+01  0.1177E+01
  0.1250E+00  0.1094E+01  0.3768E-01  0.1144E+01  0.1144E+01
  0.1256E+00  0.1042E+01  0.3958E-01  0.1113E+01  0.1113E+01
  0.1262E+00  0.1021E+01  0.3890E-01  0.1082E+01  0.1082E+01
  0.1268E+00  0.1010E+01  0.3865E-01  0.1052E+01  0.1052E+01
  0.1274E+00  0.1021E+01  0.3915E-01  0.1023E+01  0.1023E+01
  0.1280E+00  0.9442E+00  0.3857E-01  0.9952E+00  0.9952E+00
  0.1286E+00  0.1002E+01  0.3909E-01  0.9681E+00  0.9681E+00
  0.1292E+00  0.9784E+00  0.3804E-01  0.9417E+00  0.9417E+00
  0.1298E+00  0.9282E+00  0.3697E-01  0.9162E+00  0.9162E+00
  0.1304E+00  0.9224E+00  0.3615E-01  0.8915E+00  0.8915E+00
  0.1310E+00  0.8631E+00  0.3153E-01  0.8676E+00  0.8676E+00
  0.1316E+00  0.8642E+00  0.2975E-01  0.8445E+00  0.8445E+00
  0.1323E+00  0.8090E+00  0.3032E-01  0.8221E+00  0.8221E+00
  0.1329E+00  0.7730E+00  0.3028E-01  0.8005E+00  0.8005E+00
  0.1335E+00  0.7451E+00  0.3045E-01  0.7796E+00  0.7796E+00
  0.1341E+00  0.7473E+00  0.3047E-01  0.7594E+00  0.7594E+00
  0.1347E+00  0.7584E+00  0.3083E-01  0.7399E+00  0.7399E+00
  0.1353E+00  0.7169E+00  0.3102E-01  0.7211E+00  0.7211E+00
  0.1359E+00  0.7063E+00  0.3480E-01  0.7030E+00  0.7030E+00
  0.1365E+00  0.7080E+00  0.3276E-01  0.6856E+00  0.6856E+00
  0.1371E+00  0.6850E+00  0.3323E-01  0.6688E+00  0.6688E+00
  0.1377E+00  0.7155E+00  0.3115E-01  0.6526E+00  0.6526E+00
  0.1383E+00  0.6743E+00  0.2978E-01  0.6370E+00  0.6370E+00
  0.1389E+00  0.6308E+00  0.3270E-01  0.6220E+00  0.6220E+00
  0.1396E+00  0.6126E+00  0.2990E-01  0.6076E+00  0.6076E+00
  0.1402E+00  0.6216E+00  0.3042E-01  0.5937E+00  0.5937E+00
  0.1408E+00  0.6065E+00  0.2962E-01  0.5805E+00  0.5805E+00
  0.1414E+00  0.5749E+00  0.3070E-01  0.5677E+00  0.5677E+00
  0.1420E+00  0.5147E+00  0.3039E-01  0.5555E+00  0.5555E+00
  0.1426E+00  0.4764E+00  0.2957E-01  0.5437E+00  0.5437E+00
  0.1432E+00  0.5100E+00  0.2886E-01  0.5324E+00  0.5324E+00
  0.1438E+00  0.5062E+00  0.3073E-01  0.5217E+00  0.5217E+00
  0.1444E+00  0.4670E+00  0.3046E-01  0.5113E+00  0.5113E+00
  0.1450E+00  0.4552E+00  0.3212E-01  0.5014E+00  0.5014E+00
  0.1456E+00  0.4323E+00  0.3015E-01  0.4919E+00  0.4919E+00
  0.1462E+00  0.3964E+00  0.2881E-01  0.4829E+00  0.4829E+00
  0.1468E+00  0.4561E+00  0.3005E-01  0.4742E+00  0.4742E+00
  0.1475E+00  0.4391E+00  0.3121E-01  0.4659E+00  0.4659E+00
  0.1481E+00  0.4500E+00  0.2915E-01  0.4580E+00  0.4580E+00
  0.1487E+00  0.4158E+00  0.2901E-01  0.4504E+00  0.4504E+00
  0.1493E+00  0.4332E+00  0.3036E-01  0.4432E+00  0.4432E+00
  0.1499E+00  0.4329E+00  0.2794E-01  0.4362E+00  0.4362E+00
  0.1505E+00  0.4252E+00  0.2873E-01  0.4296E+00  0.4296E+00
  0.1511E+00  0.4005E+00  0.2765E-01  0.4233E+00  0.4233E+00
  0.1517E+00  0.4002E+00  0.2854E-01  0.4173E+00  0.4173E+00
  0.1523E+00  0.4416E+00  0.2712E-01  0.4116E+00  0.4116E+00
  0.1529E+00  0.4602E+00  0.2833E-01  0.4061E+00  0.4061E+00
  0.1535E+00  0.3987E+00  0.2694E-01  0.4008E+00  0.4008E+00
  0.1541E+00  0.4263E+00  0.2604E-01  0.3958E+00  0.3958E+00
  0.1548E+00  0.4071E+00  0.2732E-01  0.3910E+00  0.3910E+00
  0.1554E+00  0.3639E+00  0.2830E-01  0.3865E+00  0.3865E+00
  0.1560E+00  0.3799E+00  0.2098E-01  0.3821E+00  0.3821E+00
  0.1566E+00  0.3730E+00  0.2081E-01  0.3779E+00  0.3779E+00
  0.1572E+00  0.3938E+00  0.2090E-01  0.3739E+00  0.3739E+00
  0.1578E+00  0.3610E+00  0.2132E-01  0.3701E+00  0.3701E+00
  0.1584E+00  0.3354E+00  0.2121E-01  0.3665E+00  0.3665E+00
  0.1590E+00  0.3295E+00  0.2199E-01  0.3630E+00  0.3630E+00
  0.1596E+00  0.3149E+00  0.2763E-01  0.3596E+00  0.3596E+00
  0.1602E+00  0.3158E+00  0.2169E-01  0.3564E+00  0.3564E+00
  0.1608E+00  0.3090E+00  0.2176E-01  0.3533E+00  0.3533E+00
  0.1614E+00  0.2851E+00  0.1994E-01  0.3503E+00  0.3503E+00
  0.1620E+00  0.2890E+00  0.2003E-01  0.3475E+00  0.3475E+00
  0.1627E+00  0.3235E+00  0.2018E-01  0.3447E+00  0.3447E+00
  0.1633E+00  0.3045E+00  0.2087E-01  0.3421E+00  0.3421E+00
  0.1639E+00  0.3124E+00  0.1989E-01  0.3395E+00  0.3395E+00
  0.1645E+00  0.2936E+00  0.1953E-01  0.3371E+00  0.3371E+00
  0.1651E+00  0.3144E+00  0.1962E-01  0.3347E+00  0.3347E+00
  0.1657E+00  0.3130E+00  0.2103E-01  0.3324E+00  0.3324E+00
  0.1663E+00  0.3186E+00  0.1998E-01  0.3302E+00  0.3302E+00
  0.1669E+00  0.3199E+00  0.2172E-01  0.3280E+00  0.3280E+00
  0.1675E+00  0.3299E+00  0.2208E-01  0.3260E+00  0.3260E+00
  0.1681E+00  0.3202E+00  0.2143E-01  0.3239E+00  0.3239E+00
  0.1687E+00  0.2897E+00  0.2507E-01  0.3220E+00  0.3220E+00
  0.1693E+00  0.2963E+00  0.2157E-01  0.3201E+00  0.3201E+00
  0.1700E+00  0.2393E+00  0.2173E-01  0.3182E+00  0.3182E+00
  0.1706E+00  0.2830E+00  0.2064E-01  0.3164E+00  0.3164E+00
  0.1712E+00  0.3001E+00  0.2089E-01  0.3146E+00  0.3146E+00
  0.1718E+00  0.3113E+00  0.2014E-01  0.3129E+00  0.3129E+00
  0.1724E+00  0.3257E+00  0.2038E-01  0.3112E+00  0.3112E+00
  0.1730E+00  0.3099E+00  0.1958E-01  0.3096E+00  0.3096E+00
  0.1736E+00  0.3248E+00  0.1994E-01  0.3080E+00  0.3080E+00
  0.1742E+00  0.3064E+00  0.1969E-01  0.3064E+00  0.3064E+00
  0.1748E+00  0.3292E+00  0.2031E-01  0.3048E+00  0.3048E+00
  0.1754E+00  0.3015E+00  0.1933E-01  0.3033E+00  0.3033E+00
  0.1760E+00  0.2870E+00  0.1997E-01  0.3019E+00  0.3019E+00
  0.1766E+00  0.2875E+00  0.2039E-01  0.3004E+00  0.3004E+00
  0.1773E+00  0.3057E+00  0.2269E-01  0.2990E+00  0.2990E+00
  0.1779E+00  0.3012E+00  0.2135E-01  0.2976E+00  0.2976E+00
  0.1785E+00  0.2895E+00  0.2190E-01  0.2963E+00  0.2963E+00
  0.1791E+00  0.2861E+00  0.2036E-01  0.2950E+00  0.2950E+00
  0.1797E+00  0.2743E+00  0.2039E-01  0.2937E+00  0.2937E+00
  0.1803E+00  0.2658E+00  0.2050E-01  0.2924E+00  0.2924E+00
  0.1809E+00  0.2610E+00  0.1934E-01  0.2912E+00  0.2912E+00
  0.1815E+00  0.2649E+00  0.1955E-01  0.2900E+00  0.2900E+00
  0.1821E+00  0.2656E+00  0.2000E-01  0.2888E+00  0.2888E+00
  0.1827E+00  0.2688E+00  0.1935E-01  0.2876E+00  0.2876E+00
  0.1833E+00  0.2676E+00  0.1926E-01  0.2865E+00  0.2865E+00
  0.1839E+00  0.2719E+00  0.1957E-01  0.2854E+00  0.2854E+00
  0.1845E+00  0.2938E+00  0.1942E-01  0.2843E+00  0.2843E+00
  0.1852E+00  0.2914E+00  0.1977E-01  0.2833E+00  0.2833E+00
  0.1858E+00  0.3186E+00  0.1977E-01  0.2823E+00  0.2823E+00
  0.1864E+00  0.2855E+00  0.1940E-01  0.2813E+00  0.2813E+00
  0.1870E+00  0.2953E+00  0.1955E-01  0.2804E+00  0.2804E+00
  0.1876E+00  0.3109E+00  0.1939E-01  0.2794E+00  0.2794E+00
  0.1882E+00  0.2927E+00  0.1899E-01  0.2785E+00  0.2785E+00
  0.1888E+00  0.2798E+00  0.2017E-01  0.2777E+00  0.2777E+00
  0.1894E+00  0.2696E+00  0.2056E-01  0.2768E+00  0.2768E+00
  0.1900E+00  0.2879E+00  0.1998E-01  0.2760E+00  0.2760E+00
  0.1906E+00  0.2828E+00  0.2086E-01  0.2752E+00  0.2752E+00
  0.1912E+00  0.2466E+00  0.2183E-01  0.2745E+00  0.2745E+00
  0.1918E+00  0.2825E+00  0.2137E-01  0.2738E+00  0.2738E+00
  0.1925E+00  0.3053E+00  0.2176E-01  0.2731E+00  0.2731E+00
  0.1931E+00  0.2669E+00  0.1997E-01  0.2724E+00  0.2724E+00
  0.1937E+00  0.2609E+00  0.1919E-01  0.2717E+00  0.2717E+00
  0.1943E+00  0.2727E+00  0.1889E-01  0.2711E+00  0.2711E+00
  0.1949E+00  0.2605E+00  0.1843E-01  0.2705E+00  0.2705E+00
  0.1955E+00  0.2743E+00  0.1888E-01  0.2699E+00  0.2699E+00
  0.1961E+00  0.2957E+00  0.1823E-01  0.2694E+00  0.2694E+00
  0.1967E+00  0.2993E+00  0.1879E-01  0.2689E+00  0.2689E+00
  0.1973E+00  0.2800E+00  0.1818E-01  0.2684E+00  0.2684E+00
  0.1979E+00  0.2642E+00  0.1878E-01  0.2679E+00  0.2679E+00
  0.1985E+00  0.2809E+00  0.1887E-01  0.2674E+00  0.2674E+00
  0.1991E+00  0.2343E+00  0.1913E-01  0.2670E+00  0.2670E+00
  0.1997E+00  0.2569E+00  0.1842E-01  0.2665E+00  0.2665E+00
  0.2004E+00  0.2510E+00  0.1843E-01  0.2661E+00  0.2661E+00
  0.2010E+00  0.2822E+00  0.1833E-01  0.2657E+00  0.2657E+00
  0.2016E+00  0.2914E+00  0.1817E-01  0.2653E+00  0.2653E+00
  0.2022E+00  0.2944E+00  0.1776E-01  0.2649E+00  0.2649E+00
  0.2028E+00  0.2801E+00  0.1812E-01  0.2646E+00  0.2646E+00
  0.2034E+00  0.2919E+00  0.1797E-01  0.2642E+00  0.2642E+00
  0.2040E+00  0.2918E+00  0.1820E-01  0.2638E+00  0.2638E+00
  0.2046E+00  0.2914E+00  0.1817E-01  0.2635E+00  0.2635E+00
  0.2052E+00  0.2686E+00  0.1802E-01  0.2631E+00  0.2631E+00
  0.2058E+00  0.2791E+00  0.1807E-01  0.2628E+00  0.2628E+00
  0.2064E+00  0.2827E+00  0.1780E-01  0.2625E+00  0.2625E+00
  0.2070E+00  0.2962E+00  0.1828E-01  0.2621E+00  0.2621E+00
  0.2077E+00  0.2835E+00  0.1805E-01  0.2618E+00  0.2618E+00
  0.2083E+00  0.2638E+00  0.1792E-01  0.2614E+00  0.2614E+00
  0.2089E+00  0.2664E+00  0.1888E-01  0.2611E+00  0.2611E+00
  0.2095E+00  0.2690E+00  0.1871E-01  0.2607E+00  0.2607E+00
  0.2101E+00  0.2713E+00  0.1802E-01  0.2603E+00  0.2603E+00
  0.2107E+00  0.2548E+00  0.1798E-01  0.2599E+00  0.2599E+00
  0.2113E+00  0.2452E+00  0.1814E-01  0.2596E+00  0.2596E+00
  0.2119E+00  0.2478E+00  0.1762E-01  0.2591E+00  0.2591E+00
  0.2125E+00  0.2461E+00  0.1865E-01  0.2587E+00  0.2587E+00
  0.2131E+00  0.2533E+00  0.2009E-01  0.2583E+00  0.2583E+00
  0.2137E+00  0.2508E+00  0.1834E-01  0.2578E+00  0.2578E+00
  0.2143E+00  0.2781E+00  0.1934E-01  0.2573E+00  0.2573E+00
  0.2149E+00  0.2880E+00  0.1828E-01  0.2568E+00  0.2568E+00
  0.2156E+00  0.2717E+00  0.1758E-01  0.2563E+00  0.2563E+00
  0.2162E+00  0.2501E+00  0.1947E-01  0.2558E+00  0.2558E+00
  0.2168E+00  0.2633E+00  0.2485E-01  0.2552E+00  0.2552E+00
  0.2174E+00  0.2438E+00  0.1989E-01  0.2546E+00  0.2546E+00
  0.2180E+00  0.2617E+00  0.2251E-01  0.2540E+00  0.2540E+00
  0.2186E+00  0.2667E+00  0.1824E-01  0.2533E+00  0.2533E+00
  0.2192E+00  0.2430E+00  0.1720E-01  0.2527E+00  0.2527E+00
  0.2198E+00  0.2425E+00  0.1704E-01  0.2519E+00  0.2519E+00
  0.2204E+00  0.2363E+00  0.1709E-01  0.2512E+00  0.2512E+00
  0.2210E+00  0.2534E+00  0.1731E-01  0.2505E+00  0.2505E+00
  0.2216E+00  0.2536E+00  0.1834E-01  0.2497E+00  0.2497E+00
  0.2222E+00  0.2426E+00  0.2085E-01  0.2488E+00  0.2488E+00
  0.2228E+00  0.2381E+00  0.1880E-01  0.2480E+00  0.2480E+00
  0.2235E+00  0.2541E+00  0.1822E-01  0.2471E+00  0.2471E+00
  0.2241E+00  0.2524E+00  0.1687E-01  0.2462E+00  0.2462E+00
  0.2247E+00  0.2795E+00  0.1632E-01  0.2452E+00  0.2452E+00
  0.2253E+00  0.2518E+00  0.1718E-01  0.2443E+00  0.2443E+00
  0.2259E+00  0.2448E+00  0.1727E-01  0.2432E+00  0.2432E+00
  0.2265E+00  0.2316E+00  0.1703E-01  0.2422E+00  0.2422E+00
  0.2271E+00  0.2130E+00  0.1782E-01  0.2411E+00  0.2411E+00
  0.2277E+00  0.2327E+00  0.1688E-01  0.2400E+00  0.2400E+00
  0.2283E+00  0.2401E+00  0.1674E-01  0.2389E+00  0.2389E+00
  0.2289E+00  0.2445E+00  0.1661E-01  0.2378E+00  0.2378E+00
  0.2295E+00  0.2336E+00  0.1638E-01  0.2366E+00  0.2366E+00
  0.2301E+00  0.2307E+00  0.1633E-01  0.2354E+00  0.2354E+00
  0.2308E+00  0.2232E+00  0.1678E-01  0.2341E+00  0.2341E+00
  0.2314E+00  0.2116E+00  0.1687E-01  0.2329E+00  0.2329E+00
  0.2320E+00  0.2295E+00  0.1618E-01  0.2316E+00  0.2316E+00
  0.2326E+00  0.2226E+00  0.1668E-01  0.2303E+00  0.2303E+00
  0.2332E+00  0.1980E+00  0.1633E-01  0.2290E+00  0.2290E+00
  0.2338E+00  0.2236E+00  0.1625E-01  0.2276E+00  0.2276E+00
  0.2344E+00  0.2208E+00  0.1661E-01  0.2263E+00  0.2263E+00
  0.2350E+00  0.2128E+00  0.1646E-01  0.2249E+00  0.2249E+00
  0.2356E+00  0.2145E+00  0.1635E-01  0.2235E+00  0.2235E+00
  0.2362E+00  0.2078E+00  0.1615E-01  0.2221E+00  0.2221E+00
  0.2368E+00  0.2129E+00  0.1601E-01  0.2207E+00  0.2207E+00
  0.2374E+00  0.2410E+00  0.1666E-01  0.2193E+00  0.2193E+00
  0.2380E+00  0.2405E+00  0.1718E-01  0.2178E+00  0.2178E+00
  0.2387E+00  0.2129E+00  0.1705E-01  0.2164E+00  0.2164E+00
  0.2393E+00  0.2241E+00  0.1706E-01  0.2149E+00  0.2149E+00
  0.2399E+00  0.2067E+00  0.1784E-01  0.2135E+00  0.2135E+00
  0.2405E+00  0.2027E+00  0.1765E-01  0.2120E+00  0.2120E+00
  0.2411E+00  0.2006E+00  0.1670E-01  0.2106E+00  0.2106E+00
  0.2417E+00  0.2195E+00  0.1619E-01  0.2091E+00  0.2091E+00
  0.2423E+00  0.1946E+00  0.1607E-01  0.2077E+00  0.2077E+00
  0.2429E+00  0.1745E+00  0.1604E-01  0.2062E+00  0.2062E+00
  0.2435E+00  0.1908E+00  0.1641E-01  0.2048E+00  0.2048E+00
  0.2441E+00  0.1993E+00  0.1663E-01  0.2033E+00  0.2033E+00
  0.2447E+00  0.1928E+00  0.1632E-01  0.2019E+00  0.2019E+00
  0.2453E+00  0.2128E+00  0.1577E-01  0.2005E+00  0.2005E+00
  0.2460E+00  0.2027E+00  0.1598E-01  0.1991E+00  0.1991E+00
  0.2466E+00  0.2185E+00  0.1585E-01  0.1977E+00  0.1977E+00
  0.2472E+00  0.2330E+00  0.1635E-01  0.1963E+00  0.1963E+00
  0.2478E+00  0.2347E+00  0.1646E-01  0.1949E+00  0.1949E+00
  0.2484E+00  0.2189E+00  0.1673E-01  0.1936E+00  0.1936E+00
  0.2490E+00  0.1989E+00  0.1739E-01  0.1922E+00  0.1922E+00
  0.2496E+00  0.1946E+00  0.1671E-01  0.1909E+00  0.1909E+00
  0.2502E+00  0.1822E+00  0.1608E-01  0.1896E+00  0.1896E+00

           Distance distribution  function of particle  


       R          P(R)      ERROR

  0.0000E+00  0.0000E+00  0.0000E+00
  0.9991E+00  0.1082E-02  0.1268E-04
  0.1998E+01  0.2384E-02  0.2101E-04
  0.2997E+01  0.3902E-02  0.2528E-04
  0.3996E+01  0.5634E-02  0.2595E-04
  0.4995E+01  0.7571E-02  0.2375E-04
  0.5995E+01  0.9704E-02  0.1973E-04
  0.6994E+01  0.1202E-01  0.1579E-04
  0.7993E+01  0.1452E-01  0.1516E-04
  0.8992E+01  0.1717E-01  0.1943E-04
  0.9991E+01  0.1997E-01  0.2627E-04
  0.1099E+02  0.2288E-01  0.3347E-04
  0.1199E+02  0.2590E-01  0.3987E-04
  0.1299E+02  0.2900E-01  0.4486E-04
  0.1399E+02  0.3216E-01  0.4814E-04
  0.1499E+02  0.3534E-01  0.4967E-04
  0.1599E+02  0.3853E-01  0.4966E-04
  0.1698E+02  0.4169E-01  0.4858E-04
  0.1798E+02  0.4480E-01  0.4716E-04
  0.1898E+02  0.4783E-01  0.4634E-04
  0.1998E+02  0.5074E-01  0.4702E-04
  0.2098E+02  0.5351E-01  0.4969E-04
  0.2198E+02  0.5612E-01  0.5421E-04
  0.2298E+02  0.5854E-01  0.5994E-04
  0.2398E+02  0.6074E-01  0.6613E-04
  0.2498E+02  0.6271E-01  0.7208E-04
  0.2598E+02  0.6443E-01  0.7730E-04
  0.2698E+02  0.6587E-01  0.8151E-04
  0.2797E+02  0.6704E-01  0.8462E-04
  0.2897E+02  0.6792E-01  0.8672E-04
  0.2997E+02  0.6852E-01  0.8808E-04
  0.3097E+02  0.6881E-01  0.8909E-04
  0.3197E+02  0.6883E-01  0.9017E-04
  0.3297E+02  0.6856E-01  0.9171E-04
  0.3397E+02  0.6802E-01  0.9398E-04
  0.3497E+02  0.6722E-01  0.9703E-04
  0.3597E+02  0.6619E-01  0.1008E-03
  0.3697E+02  0.6493E-01  0.1049E-03
  0.3797E+02  0.6347E-01  0.1091E-03
  0.3896E+02  0.6184E-01  0.1130E-03
  0.3996E+02  0.6005E-01  0.1165E-03
  0.4096E+02  0.5814E-01  0.1193E-03
  0.4196E+02  0.5612E-01  0.1215E-03
  0.4296E+02  0.5403E-01  0.1231E-03
  0.4396E+02  0.5189E-01  0.1244E-03
  0.4496E+02  0.4971E-01  0.1254E-03
  0.4596E+02  0.4753E-01  0.1265E-03
  0.4696E+02  0.4536E-01  0.1277E-03
  0.4796E+02  0.4323E-01  0.1292E-03
  0.4896E+02  0.4114E-01  0.1310E-03
  0.4995E+02  0.3912E-01  0.1330E-03
  0.5095E+02  0.3717E-01  0.1352E-03
  0.5195E+02  0.3530E-01  0.1374E-03
  0.5295E+02  0.3352E-01  0.1396E-03
  0.5395E+02  0.3184E-01  0.1418E-03
  0.5495E+02  0.3026E-01  0.1440E-03
  0.5595E+02  0.2877E-01  0.1463E-03
  0.5695E+02  0.2738E-01  0.1489E-03
  0.5795E+02  0.2608E-01  0.1517E-03
  0.5895E+02  0.2487E-01  0.1548E-03
  0.5995E+02  0.2375E-01  0.1583E-03
  0.6095E+02  0.2269E-01  0.1620E-03
  0.6194E+02  0.2171E-01  0.1658E-03
  0.6294E+02  0.2078E-01  0.1695E-03
  0.6394E+02  0.1991E-01  0.1729E-03
  0.6494E+02  0.1908E-01  0.1758E-03
  0.6594E+02  0.1829E-01  0.1782E-03
  0.6694E+02  0.1753E-01  0.1801E-03
  0.6794E+02  0.1680E-01  0.1813E-03
  0.6894E+02  0.1609E-01  0.1820E-03
  0.6994E+02  0.1540E-01  0.1822E-03
  0.7094E+02  0.1472E-01  0.1822E-03
  0.7194E+02  0.1406E-01  0.1820E-03
  0.7293E+02  0.1341E-01  0.1817E-03
  0.7393E+02  0.1277E-01  0.1815E-03
  0.7493E+02  0.1215E-01  0.1813E-03
  0.7593E+02  0.1154E-01  0.1811E-03
  0.7693E+02  0.1095E-01  0.1810E-03
  0.7793E+02  0.1038E-01  0.1809E-03
  0.7893E+02  0.9833E-02  0.1809E-03
  0.7993E+02  0.9311E-02  0.1810E-03
  0.8093E+02  0.8817E-02  0.1813E-03
  0.8193E+02  0.8350E-02  0.1819E-03
  0.8293E+02  0.7912E-02  0.1829E-03
  0.8392E+02  0.7501E-02  0.1843E-03
  0.8492E+02  0.7116E-02  0.1860E-03
  0.8592E+02  0.6753E-02  0.1880E-03
  0.8692E+02  0.6409E-02  0.1900E-03
  0.8792E+02  0.6077E-02  0.1917E-03
  0.8892E+02  0.5752E-02  0.1927E-03
  0.8992E+02  0.5424E-02  0.1923E-03
  0.9092E+02  0.5087E-02  0.1901E-03
  0.9192E+02  0.4729E-02  0.1856E-03
  0.9292E+02  0.4341E-02  0.1780E-03
  0.9392E+02  0.3914E-02  0.1669E-03
  0.9491E+02  0.3437E-02  0.1518E-03
  0.9591E+02  0.2901E-02  0.1320E-03
  0.9691E+02  0.2296E-02  0.1073E-03
  0.9791E+02  0.1616E-02  0.7721E-04
  0.9891E+02  0.8519E-03  0.4150E-04
  0.9991E+02  0.0000E+00  0.0000E+00
          Reciprocal space: Rg =   30.44     , I(0) =   0.3688E+02
     Real space: Rg =   30.55 +- 0.070  I(0) =   0.3689E+02 +-  0.1064E+00
