
           ####    G N O M   ---   Version 4.5a revised 09/02/02     ####

                                                  Sat Nov  4 17:13:58 2017
           ===    Run No   1   ===
 Run title:  0.000132994 0 0


  Number of points omitted at the beginning:          35
  Number of points omitted at the end:         374
   *******   Working Directory :
   *******    Input file(s) : 25523_01B_S033_0_01.sub
           Condition P(rmin) = 0 is used. 
           Condition P(rmax) = 0 is used. 

 Warning: Dmax*Smin =  4.555   is greater than Pi !


          Experimental conditions for the first run
          -----------------------------------------

          Highest ALPHA is found to be   0.7061E+01

  The measure of inconsistency AN1 equals to    0.8454E+00
     Alpha    Discrp  Oscill  Stabil  Sysdev  Positv  Valcen    Total   
  0.7061E+04 20.4708  1.4773  0.9544  0.1692  1.0000  0.7853  0.00001
  0.1412E+04 17.9548  1.4668  0.8363  0.2289  1.0000  0.7882  0.00001
  0.2824E+03 11.5256  1.4261  0.5391  0.1891  1.0000  0.8001  0.00001
  0.5649E+02  5.1159  1.3469  0.2591  0.1493  1.0000  0.8279  0.00001
  0.1130E+02  2.0414  1.3063  0.1179  0.4677  1.0000  0.8503  0.45221
  0.2259E+01  1.0691  1.3023  0.0554  0.7264  1.0000  0.8574  0.59203
  0.4519E+00  0.9129  1.3072  0.0193  0.8856  1.0000  0.8590  0.68794
  0.9038E-01  0.8993  1.3124  0.0153  0.8657  1.0000  0.8599  0.10000
  0.1808E-01  0.8907  1.4009  0.0426  0.8856  1.0000  0.8616  0.10000
  0.3615E-02  0.8780  1.8978  0.0600  0.8657  1.0000  0.8615  0.10000
  0.7230E-03  0.8717  2.6606  0.0962  0.8657  0.9991  0.8516  0.10000
  0.1446E-03  0.8665  4.6468  0.2522  0.8657  0.9921  0.8116  0.10000
  0.2892E-04  0.8619  7.1474  0.2695  0.8657  0.9726  0.7557  0.10000
  0.5784E-05  0.8597  8.4047  0.4888  0.8856  0.9355  0.5268  0.10000
  0.1157E-05  0.8558 10.0176  0.5752  0.8657  0.8295  0.4380  0.10000
  0.2314E-06  0.8520 10.2633  0.3877  0.9055  0.7720  0.3997  0.10000
  0.4627E-07  0.8498 10.4013  0.5901  0.9055  0.7450  0.3879  0.10000
  0.9255E-08  0.8447 11.9560  0.6501  0.9055  0.7229  0.3479  0.10000
  0.1851E-08  0.8379 13.1565  0.3585  0.8657  0.7152  0.3417  0.10000
  0.3702E-09  0.8343 15.5283  0.7151  0.8557  0.7062  0.3575  0.10000
  0.7404E-10  0.8266 14.7666  0.9103  0.8756  0.7226  0.3240  0.10000
  0.1481E-10  0.8080 14.2291  0.6186  0.8856  0.7337  0.3598  0.10000
  0.2961E-11  0.7831 16.6320  0.5364  0.8856  0.7548  0.3895  0.10000
  0.5923E-12  0.7342 23.2817  0.5452  0.8856  0.7587  0.3606  0.10000
  0.1185E-12  0.6313 33.5309  0.5303  0.8657  0.7454  0.3718  0.10000
  0.2369E-13  0.4553 43.1840  0.4814  0.8657  0.7421  0.3412  0.10000
  0.4738E-14  0.2411 48.6838  0.3433  0.7861  0.7435  0.2758  0.10000
  0.9477E-15  0.0833 50.7807  0.1564  0.7861  0.7492  0.2394  0.10000
  0.1895E-15  0.0207 51.3166  0.0485  0.8060  0.7513  0.2283  0.10000
  0.3791E-16  0.0044 51.4318  0.0113  0.7861  0.7516  0.2250  0.10000
  0.7581E-17  0.0009 51.4554  0.0023  0.7861  0.7517  0.2242  0.10000

          ***  Golden section search to maximize estimate ***
     Alpha    Discrp  Oscill  Stabil  Sysdev  Positv  Valcen    Total   
  0.8356E+00  0.9357  1.3056  0.0292  0.8657  1.0000  0.8587  0.69173
  0.1222E+01  0.9662  1.3044  0.0379  0.8060  1.0000  0.8583  0.64596
  0.6607E+00  0.9242  1.3063  0.0248  0.9055  1.0000  0.8588  0.71900
  0.5715E+00  0.9190  1.3066  0.0225  0.9055  1.0000  0.8589  0.71389
  0.7227E+00  0.9281  1.3060  0.0264  0.8657  1.0000  0.8588  0.68758
  0.6251E+00  0.9221  1.3064  0.0239  0.9055  1.0000  0.8589  0.71712
  0.6838E+00  0.9256  1.3062  0.0254  0.8856  1.0000  0.8588  0.70350
  0.6469E+00  0.9234  1.3063  0.0245  0.9055  1.0000  0.8588  0.71829
  0.6694E+00  0.9247  1.3062  0.0251  0.9055  1.0000  0.8588  0.71943
  0.6749E+00  0.9251  1.3062  0.0252  0.9055  1.0000  0.8588  0.71970
  0.6783E+00  0.9253  1.3062  0.0253  0.8856  1.0000  0.8588  0.70324
  0.6728E+00  0.9249  1.3062  0.0252  0.9055  1.0000  0.8588  0.71960
  0.6762E+00  0.9251  1.3062  0.0252  0.9055  1.0000  0.8588  0.71976
  0.6770E+00  0.9252  1.3062  0.0253  0.8856  1.0000  0.8588  0.70318
  0.6757E+00  0.9251  1.3062  0.0252  0.9055  1.0000  0.8588  0.71974
  0.6765E+00  0.9252  1.3062  0.0253  0.9055  1.0000  0.8588  0.71978
  0.6767E+00  0.9252  1.3062  0.0253  0.8856  1.0000  0.8588  0.70316
  0.6765E+00  0.9252  1.3062  0.0253  0.9055  1.0000  0.8588  0.71978



             ####            Final results            ####

 Parameter    DISCRP    OSCILL    STABIL    SYSDEV    POSITV    VALCEN
 Weight        1.000     3.000     3.000     4.000     1.000     1.000
 Sigma         0.500     0.600     0.120     0.200     0.120     0.120
 Ideal         1.000     1.100     0.000     1.000     1.000     0.950
 Current       0.925     1.306     0.025     0.905     1.000     0.859
                - - - - - - - - - - - - - - - - - - - - - - - - - 
 Estimate      0.978     0.889     0.957     0.800     1.000     0.561

  Angular   range    :     from    0.0352   to    0.1886
  Real space range   :     from      0.00   to    129.30

  Highest ALPHA (theor) :   0.706E+04                 JOB = 0
  Current ALPHA         :   0.676E+00   Rg :  0.413E+02   I(0) :   0.276E+03

           Total  estimate : 0.720  which is  A REASONABLE  solution

      S          J EXP       ERROR       J REG       I REG

  0.0000E+00                                      0.2760E+03
  0.1258E-02                                      0.2758E+03
  0.2517E-02                                      0.2750E+03
  0.3775E-02                                      0.2738E+03
  0.5033E-02                                      0.2720E+03
  0.6291E-02                                      0.2698E+03
  0.7550E-02                                      0.2672E+03
  0.8808E-02                                      0.2640E+03
  0.1007E-01                                      0.2605E+03
  0.1132E-01                                      0.2565E+03
  0.1258E-01                                      0.2522E+03
  0.1384E-01                                      0.2475E+03
  0.1510E-01                                      0.2424E+03
  0.1636E-01                                      0.2371E+03
  0.1762E-01                                      0.2315E+03
  0.1887E-01                                      0.2256E+03
  0.2013E-01                                      0.2195E+03
  0.2139E-01                                      0.2132E+03
  0.2265E-01                                      0.2067E+03
  0.2391E-01                                      0.2002E+03
  0.2517E-01                                      0.1935E+03
  0.2642E-01                                      0.1868E+03
  0.2768E-01                                      0.1800E+03
  0.2894E-01                                      0.1732E+03
  0.3020E-01                                      0.1665E+03
  0.3146E-01                                      0.1597E+03
  0.3271E-01                                      0.1531E+03
  0.3397E-01                                      0.1466E+03
  0.3523E-01  0.1477E+03  0.2564E+01  0.1402E+03  0.1402E+03
  0.3599E-01  0.1397E+03  0.2394E+01  0.1363E+03  0.1363E+03
  0.3676E-01  0.1368E+03  0.2517E+01  0.1326E+03  0.1326E+03
  0.3752E-01  0.1315E+03  0.2389E+01  0.1288E+03  0.1288E+03
  0.3828E-01  0.1243E+03  0.2385E+01  0.1252E+03  0.1252E+03
  0.3905E-01  0.1237E+03  0.2367E+01  0.1216E+03  0.1216E+03
  0.3981E-01  0.1140E+03  0.2260E+01  0.1181E+03  0.1181E+03
  0.4057E-01  0.1104E+03  0.2288E+01  0.1146E+03  0.1146E+03
  0.4134E-01  0.1154E+03  0.2113E+01  0.1113E+03  0.1113E+03
  0.4210E-01  0.1135E+03  0.2188E+01  0.1080E+03  0.1080E+03
  0.4286E-01  0.1068E+03  0.2119E+01  0.1047E+03  0.1047E+03
  0.4362E-01  0.1034E+03  0.2092E+01  0.1016E+03  0.1016E+03
  0.4439E-01  0.9764E+02  0.2089E+01  0.9853E+02  0.9853E+02
  0.4515E-01  0.9253E+02  0.2022E+01  0.9555E+02  0.9555E+02
  0.4591E-01  0.9299E+02  0.2077E+01  0.9265E+02  0.9265E+02
  0.4668E-01  0.8812E+02  0.2073E+01  0.8983E+02  0.8983E+02
  0.4744E-01  0.8201E+02  0.2045E+01  0.8710E+02  0.8710E+02
  0.4820E-01  0.8071E+02  0.2041E+01  0.8444E+02  0.8444E+02
  0.4897E-01  0.8192E+02  0.1994E+01  0.8187E+02  0.8187E+02
  0.4973E-01  0.7759E+02  0.2030E+01  0.7939E+02  0.7939E+02
  0.5049E-01  0.7494E+02  0.1930E+01  0.7698E+02  0.7698E+02
  0.5125E-01  0.7666E+02  0.1925E+01  0.7466E+02  0.7466E+02
  0.5202E-01  0.7442E+02  0.1936E+01  0.7242E+02  0.7242E+02
  0.5278E-01  0.7336E+02  0.1887E+01  0.7025E+02  0.7025E+02
  0.5354E-01  0.6698E+02  0.1892E+01  0.6817E+02  0.6817E+02
  0.5431E-01  0.6250E+02  0.1827E+01  0.6616E+02  0.6616E+02
  0.5507E-01  0.6171E+02  0.1869E+01  0.6423E+02  0.6423E+02
  0.5583E-01  0.6617E+02  0.1825E+01  0.6237E+02  0.6237E+02
  0.5660E-01  0.6022E+02  0.1819E+01  0.6058E+02  0.6058E+02
  0.5736E-01  0.5831E+02  0.1797E+01  0.5886E+02  0.5886E+02
  0.5812E-01  0.6015E+02  0.1754E+01  0.5721E+02  0.5721E+02
  0.5888E-01  0.5927E+02  0.1750E+01  0.5563E+02  0.5563E+02
  0.5965E-01  0.5726E+02  0.1714E+01  0.5411E+02  0.5411E+02
  0.6041E-01  0.5285E+02  0.1701E+01  0.5265E+02  0.5265E+02
  0.6117E-01  0.5213E+02  0.1696E+01  0.5125E+02  0.5125E+02
  0.6194E-01  0.4985E+02  0.1745E+01  0.4991E+02  0.4991E+02
  0.6270E-01  0.5112E+02  0.1737E+01  0.4862E+02  0.4862E+02
  0.6346E-01  0.4814E+02  0.1690E+01  0.4738E+02  0.4738E+02
  0.6423E-01  0.4585E+02  0.1706E+01  0.4620E+02  0.4620E+02
  0.6499E-01  0.4284E+02  0.1681E+01  0.4506E+02  0.4506E+02
  0.6575E-01  0.4514E+02  0.1667E+01  0.4397E+02  0.4397E+02
  0.6651E-01  0.4042E+02  0.1682E+01  0.4293E+02  0.4293E+02
  0.6728E-01  0.4132E+02  0.1608E+01  0.4192E+02  0.4192E+02
  0.6804E-01  0.4081E+02  0.1609E+01  0.4095E+02  0.4095E+02
  0.6880E-01  0.4131E+02  0.1567E+01  0.4002E+02  0.4002E+02
  0.6957E-01  0.3798E+02  0.1564E+01  0.3913E+02  0.3913E+02
  0.7033E-01  0.3968E+02  0.1565E+01  0.3827E+02  0.3827E+02
  0.7109E-01  0.3999E+02  0.1561E+01  0.3744E+02  0.3744E+02
  0.7186E-01  0.3569E+02  0.1566E+01  0.3664E+02  0.3664E+02
  0.7262E-01  0.3710E+02  0.1555E+01  0.3586E+02  0.3586E+02
  0.7338E-01  0.3595E+02  0.1555E+01  0.3511E+02  0.3511E+02
  0.7414E-01  0.3325E+02  0.1538E+01  0.3439E+02  0.3439E+02
  0.7491E-01  0.3232E+02  0.1554E+01  0.3369E+02  0.3369E+02
  0.7567E-01  0.3163E+02  0.1529E+01  0.3301E+02  0.3301E+02
  0.7643E-01  0.3132E+02  0.1480E+01  0.3234E+02  0.3234E+02
  0.7720E-01  0.3038E+02  0.1501E+01  0.3170E+02  0.3170E+02
  0.7796E-01  0.2807E+02  0.1484E+01  0.3107E+02  0.3107E+02
  0.7872E-01  0.2677E+02  0.1457E+01  0.3046E+02  0.3046E+02
  0.7949E-01  0.3125E+02  0.1489E+01  0.2986E+02  0.2986E+02
  0.8025E-01  0.2918E+02  0.1444E+01  0.2928E+02  0.2928E+02
  0.8101E-01  0.2944E+02  0.1481E+01  0.2870E+02  0.2870E+02
  0.8177E-01  0.2813E+02  0.1422E+01  0.2814E+02  0.2814E+02
  0.8254E-01  0.2781E+02  0.1442E+01  0.2759E+02  0.2759E+02
  0.8330E-01  0.3014E+02  0.1423E+01  0.2705E+02  0.2705E+02
  0.8406E-01  0.2775E+02  0.1424E+01  0.2652E+02  0.2652E+02
  0.8483E-01  0.2741E+02  0.1439E+01  0.2600E+02  0.2600E+02
  0.8559E-01  0.2660E+02  0.1401E+01  0.2548E+02  0.2548E+02
  0.8635E-01  0.2687E+02  0.1415E+01  0.2498E+02  0.2498E+02
  0.8712E-01  0.2344E+02  0.1395E+01  0.2448E+02  0.2448E+02
  0.8788E-01  0.2234E+02  0.1365E+01  0.2398E+02  0.2398E+02
  0.8864E-01  0.2305E+02  0.1382E+01  0.2350E+02  0.2350E+02
  0.8940E-01  0.2361E+02  0.1330E+01  0.2302E+02  0.2302E+02
  0.9017E-01  0.2295E+02  0.1362E+01  0.2255E+02  0.2255E+02
  0.9093E-01  0.2258E+02  0.1338E+01  0.2208E+02  0.2208E+02
  0.9169E-01  0.2327E+02  0.1334E+01  0.2162E+02  0.2162E+02
  0.9246E-01  0.1929E+02  0.1337E+01  0.2116E+02  0.2116E+02
  0.9322E-01  0.2062E+02  0.1335E+01  0.2071E+02  0.2071E+02
  0.9398E-01  0.2133E+02  0.1358E+01  0.2027E+02  0.2027E+02
  0.9475E-01  0.2116E+02  0.1348E+01  0.1983E+02  0.1983E+02
  0.9551E-01  0.1786E+02  0.1336E+01  0.1940E+02  0.1940E+02
  0.9627E-01  0.2099E+02  0.1325E+01  0.1897E+02  0.1897E+02
  0.9703E-01  0.1903E+02  0.1280E+01  0.1855E+02  0.1855E+02
  0.9780E-01  0.1657E+02  0.1287E+01  0.1814E+02  0.1814E+02
  0.9856E-01  0.1736E+02  0.1262E+01  0.1773E+02  0.1773E+02
  0.9932E-01  0.1748E+02  0.1263E+01  0.1733E+02  0.1733E+02
  0.1001E+00  0.1908E+02  0.1239E+01  0.1693E+02  0.1693E+02
  0.1008E+00  0.1447E+02  0.1250E+01  0.1654E+02  0.1654E+02
  0.1016E+00  0.1627E+02  0.1274E+01  0.1616E+02  0.1616E+02
  0.1024E+00  0.1582E+02  0.1228E+01  0.1578E+02  0.1578E+02
  0.1031E+00  0.1475E+02  0.1261E+01  0.1541E+02  0.1541E+02
  0.1039E+00  0.1513E+02  0.1237E+01  0.1505E+02  0.1505E+02
  0.1047E+00  0.1393E+02  0.1257E+01  0.1469E+02  0.1469E+02
  0.1054E+00  0.1554E+02  0.1273E+01  0.1434E+02  0.1434E+02
  0.1062E+00  0.1461E+02  0.1258E+01  0.1399E+02  0.1399E+02
  0.1070E+00  0.1356E+02  0.1259E+01  0.1366E+02  0.1366E+02
  0.1077E+00  0.1448E+02  0.1219E+01  0.1332E+02  0.1332E+02
  0.1085E+00  0.1334E+02  0.1244E+01  0.1300E+02  0.1300E+02
  0.1092E+00  0.1338E+02  0.1222E+01  0.1268E+02  0.1268E+02
  0.1100E+00  0.1394E+02  0.1209E+01  0.1237E+02  0.1237E+02
  0.1108E+00  0.1322E+02  0.1203E+01  0.1207E+02  0.1207E+02
  0.1115E+00  0.1183E+02  0.1181E+01  0.1177E+02  0.1177E+02
  0.1123E+00  0.1262E+02  0.1186E+01  0.1148E+02  0.1148E+02
  0.1131E+00  0.1159E+02  0.1179E+01  0.1119E+02  0.1119E+02
  0.1138E+00  0.1139E+02  0.1186E+01  0.1091E+02  0.1091E+02
  0.1146E+00  0.1139E+02  0.1174E+01  0.1064E+02  0.1064E+02
  0.1153E+00  0.9611E+01  0.1169E+01  0.1038E+02  0.1038E+02
  0.1161E+00  0.9432E+01  0.1185E+01  0.1012E+02  0.1012E+02
  0.1169E+00  0.8725E+01  0.1157E+01  0.9863E+01  0.9863E+01
  0.1176E+00  0.1036E+02  0.1192E+01  0.9616E+01  0.9616E+01
  0.1184E+00  0.7854E+01  0.1171E+01  0.9374E+01  0.9374E+01
  0.1192E+00  0.6223E+01  0.1173E+01  0.9138E+01  0.9138E+01
  0.1199E+00  0.1093E+02  0.1159E+01  0.8907E+01  0.8907E+01
  0.1207E+00  0.9681E+01  0.1151E+01  0.8682E+01  0.8682E+01
  0.1215E+00  0.1011E+02  0.1168E+01  0.8462E+01  0.8462E+01
  0.1222E+00  0.8217E+01  0.1155E+01  0.8248E+01  0.8248E+01
  0.1230E+00  0.8873E+01  0.1151E+01  0.8038E+01  0.8038E+01
  0.1237E+00  0.7274E+01  0.1144E+01  0.7833E+01  0.7833E+01
  0.1245E+00  0.6060E+01  0.1130E+01  0.7633E+01  0.7633E+01
  0.1253E+00  0.6730E+01  0.1136E+01  0.7438E+01  0.7438E+01
  0.1260E+00  0.6808E+01  0.1125E+01  0.7247E+01  0.7247E+01
  0.1268E+00  0.5862E+01  0.1142E+01  0.7060E+01  0.7060E+01
  0.1276E+00  0.6750E+01  0.1138E+01  0.6878E+01  0.6878E+01
  0.1283E+00  0.7215E+01  0.1131E+01  0.6700E+01  0.6700E+01
  0.1291E+00  0.9118E+01  0.1149E+01  0.6526E+01  0.6526E+01
  0.1298E+00  0.7162E+01  0.1124E+01  0.6356E+01  0.6356E+01
  0.1306E+00  0.5802E+01  0.1155E+01  0.6189E+01  0.6189E+01
  0.1314E+00  0.4849E+01  0.1137E+01  0.6026E+01  0.6026E+01
  0.1321E+00  0.1002E+02  0.1146E+01  0.5867E+01  0.5867E+01
  0.1329E+00  0.7619E+01  0.1153E+01  0.5711E+01  0.5711E+01
  0.1337E+00  0.4119E+01  0.1128E+01  0.5559E+01  0.5559E+01
  0.1344E+00  0.3529E+01  0.1143E+01  0.5410E+01  0.5410E+01
  0.1352E+00  0.3827E+01  0.1135E+01  0.5264E+01  0.5264E+01
  0.1359E+00  0.5240E+01  0.1151E+01  0.5122E+01  0.5122E+01
  0.1367E+00  0.3335E+01  0.1156E+01  0.4983E+01  0.4983E+01
  0.1375E+00  0.3660E+00  0.1143E+01  0.4846E+01  0.4846E+01
  0.1382E+00  0.9520E+00  0.1163E+01  0.4713E+01  0.4713E+01
  0.1390E+00  0.1510E+01  0.1152E+01  0.4583E+01  0.4583E+01
  0.1398E+00  0.5034E+01  0.1172E+01  0.4456E+01  0.4456E+01
  0.1405E+00  0.3471E+01  0.1175E+01  0.4331E+01  0.4331E+01
  0.1413E+00  0.3877E+01  0.1173E+01  0.4210E+01  0.4210E+01
  0.1421E+00  0.4036E+01  0.1181E+01  0.4091E+01  0.4091E+01
  0.1428E+00  0.4927E+01  0.1161E+01  0.3976E+01  0.3976E+01
  0.1436E+00  0.4065E+01  0.1185E+01  0.3863E+01  0.3863E+01
  0.1443E+00  0.2805E+01  0.1172E+01  0.3752E+01  0.3752E+01
  0.1451E+00  0.3830E+01  0.1162E+01  0.3645E+01  0.3645E+01
  0.1459E+00  0.6094E+01  0.1164E+01  0.3540E+01  0.3540E+01
  0.1466E+00  0.2159E+01  0.1137E+01  0.3438E+01  0.3438E+01
  0.1474E+00  0.2792E+01  0.1160E+01  0.3339E+01  0.3339E+01
  0.1482E+00  0.4757E+01  0.1129E+01  0.3243E+01  0.3243E+01
  0.1489E+00  0.6265E+01  0.1135E+01  0.3149E+01  0.3149E+01
  0.1497E+00  0.6042E+01  0.1126E+01  0.3058E+01  0.3058E+01
  0.1504E+00  0.4359E+01  0.1128E+01  0.2970E+01  0.2970E+01
  0.1512E+00  0.3348E+01  0.1156E+01  0.2884E+01  0.2884E+01
  0.1520E+00  0.1407E+01  0.1148E+01  0.2801E+01  0.2801E+01
  0.1527E+00  0.6810E+00  0.1171E+01  0.2720E+01  0.2720E+01
  0.1535E+00  0.1666E+01  0.1163E+01  0.2642E+01  0.2642E+01
  0.1543E+00  0.2668E+01  0.1175E+01  0.2566E+01  0.2566E+01
  0.1550E+00  0.1656E+01  0.1191E+01  0.2494E+01  0.2494E+01
  0.1558E+00  0.4352E+01  0.1161E+01  0.2423E+01  0.2423E+01
  0.1565E+00  0.2123E+01  0.1171E+01  0.2355E+01  0.2355E+01
  0.1573E+00  0.4271E+01  0.1165E+01  0.2290E+01  0.2290E+01
  0.1581E+00  0.3846E+01  0.1189E+01  0.2226E+01  0.2226E+01
  0.1588E+00  0.2818E+01  0.1159E+01  0.2166E+01  0.2166E+01
  0.1596E+00  0.3446E+01  0.1141E+01  0.2107E+01  0.2107E+01
  0.1604E+00  0.9740E+00  0.1143E+01  0.2051E+01  0.2051E+01
  0.1611E+00 -0.1934E+01  0.1132E+01  0.1997E+01  0.1997E+01
  0.1619E+00  0.2298E+01  0.1146E+01  0.1945E+01  0.1945E+01
  0.1627E+00  0.3234E+01  0.1125E+01  0.1895E+01  0.1895E+01
  0.1634E+00  0.1502E+01  0.1126E+01  0.1848E+01  0.1848E+01
  0.1642E+00  0.7540E+00  0.1143E+01  0.1802E+01  0.1802E+01
  0.1649E+00  0.1165E+01  0.1133E+01  0.1758E+01  0.1758E+01
  0.1657E+00  0.5804E-01  0.1152E+01  0.1716E+01  0.1716E+01
  0.1665E+00 -0.8700E+00  0.1137E+01  0.1676E+01  0.1676E+01
  0.1672E+00 -0.4570E+00  0.1163E+01  0.1638E+01  0.1638E+01
  0.1680E+00 -0.3340E+00  0.1163E+01  0.1601E+01  0.1601E+01
  0.1688E+00 -0.2330E+00  0.1155E+01  0.1567E+01  0.1567E+01
  0.1695E+00  0.1986E+01  0.1156E+01  0.1533E+01  0.1533E+01
  0.1703E+00 -0.3290E+00  0.1137E+01  0.1501E+01  0.1501E+01
  0.1710E+00  0.3900E+00  0.1165E+01  0.1471E+01  0.1471E+01
  0.1718E+00  0.2048E+01  0.1146E+01  0.1442E+01  0.1442E+01
  0.1726E+00  0.9660E+00  0.1147E+01  0.1414E+01  0.1414E+01
  0.1733E+00 -0.6470E+00  0.1149E+01  0.1388E+01  0.1388E+01
  0.1741E+00  0.2125E+01  0.1134E+01  0.1363E+01  0.1363E+01
  0.1749E+00  0.2011E+00  0.1156E+01  0.1339E+01  0.1339E+01
  0.1756E+00 -0.7190E+00  0.1134E+01  0.1316E+01  0.1316E+01
  0.1764E+00  0.1294E+01  0.1143E+01  0.1294E+01  0.1294E+01
  0.1772E+00  0.9440E+00  0.1140E+01  0.1273E+01  0.1273E+01
  0.1779E+00  0.2860E+00  0.1120E+01  0.1253E+01  0.1253E+01
  0.1787E+00  0.1454E+01  0.1141E+01  0.1234E+01  0.1234E+01
  0.1794E+00  0.5360E+00  0.1109E+01  0.1216E+01  0.1216E+01
  0.1802E+00  0.3827E+01  0.1133E+01  0.1198E+01  0.1198E+01
  0.1810E+00  0.2385E+01  0.1127E+01  0.1181E+01  0.1181E+01
  0.1817E+00  0.9198E-01  0.1117E+01  0.1165E+01  0.1165E+01
  0.1825E+00  0.3900E+00  0.1804E+01  0.1150E+01  0.1150E+01
  0.1833E+00  0.2409E+01  0.1776E+01  0.1135E+01  0.1135E+01
  0.1840E+00  0.2440E+01  0.1485E+01  0.1121E+01  0.1121E+01
  0.1848E+00  0.6550E+00  0.1154E+01  0.1107E+01  0.1107E+01
  0.1855E+00 -0.1750E+00  0.1158E+01  0.1094E+01  0.1094E+01
  0.1863E+00  0.9500E+00  0.1161E+01  0.1082E+01  0.1082E+01
  0.1871E+00  0.1818E+01  0.1149E+01  0.1070E+01  0.1070E+01
  0.1878E+00  0.4890E+00  0.1166E+01  0.1058E+01  0.1058E+01
  0.1886E+00 -0.7520E+00  0.1149E+01  0.1047E+01  0.1047E+01

           Distance distribution  function of particle  


       R          P(R)      ERROR

  0.0000E+00  0.0000E+00  0.0000E+00
  0.1293E+01  0.5194E-02  0.4565E-03
  0.2586E+01  0.1297E-01  0.7775E-03
  0.3879E+01  0.2324E-01  0.9711E-03
  0.5172E+01  0.3584E-01  0.1050E-02
  0.6465E+01  0.5055E-01  0.1034E-02
  0.7758E+01  0.6712E-01  0.9486E-03
  0.9051E+01  0.8523E-01  0.8311E-03
  0.1034E+02  0.1045E+00  0.7379E-03
  0.1164E+02  0.1247E+00  0.7359E-03
  0.1293E+02  0.1453E+00  0.8502E-03
  0.1422E+02  0.1660E+00  0.1041E-02
  0.1552E+02  0.1865E+00  0.1257E-02
  0.1681E+02  0.2063E+00  0.1462E-02
  0.1810E+02  0.2251E+00  0.1637E-02
  0.1940E+02  0.2427E+00  0.1770E-02
  0.2069E+02  0.2588E+00  0.1857E-02
  0.2198E+02  0.2732E+00  0.1900E-02
  0.2327E+02  0.2859E+00  0.1909E-02
  0.2457E+02  0.2965E+00  0.1897E-02
  0.2586E+02  0.3053E+00  0.1880E-02
  0.2715E+02  0.3120E+00  0.1875E-02
  0.2845E+02  0.3169E+00  0.1897E-02
  0.2974E+02  0.3200E+00  0.1953E-02
  0.3103E+02  0.3214E+00  0.2039E-02
  0.3233E+02  0.3213E+00  0.2145E-02
  0.3362E+02  0.3199E+00  0.2257E-02
  0.3491E+02  0.3175E+00  0.2363E-02
  0.3620E+02  0.3141E+00  0.2451E-02
  0.3750E+02  0.3101E+00  0.2518E-02
  0.3879E+02  0.3057E+00  0.2562E-02
  0.4008E+02  0.3010E+00  0.2589E-02
  0.4138E+02  0.2961E+00  0.2611E-02
  0.4267E+02  0.2914E+00  0.2641E-02
  0.4396E+02  0.2869E+00  0.2695E-02
  0.4526E+02  0.2826E+00  0.2785E-02
  0.4655E+02  0.2787E+00  0.2919E-02
  0.4784E+02  0.2751E+00  0.3096E-02
  0.4913E+02  0.2720E+00  0.3308E-02
  0.5043E+02  0.2693E+00  0.3544E-02
  0.5172E+02  0.2669E+00  0.3791E-02
  0.5301E+02  0.2647E+00  0.4037E-02
  0.5431E+02  0.2628E+00  0.4273E-02
  0.5560E+02  0.2611E+00  0.4492E-02
  0.5689E+02  0.2593E+00  0.4691E-02
  0.5819E+02  0.2576E+00  0.4870E-02
  0.5948E+02  0.2557E+00  0.5030E-02
  0.6077E+02  0.2536E+00  0.5176E-02
  0.6206E+02  0.2513E+00  0.5312E-02
  0.6336E+02  0.2486E+00  0.5443E-02
  0.6465E+02  0.2455E+00  0.5571E-02
  0.6594E+02  0.2421E+00  0.5698E-02
  0.6724E+02  0.2383E+00  0.5822E-02
  0.6853E+02  0.2341E+00  0.5939E-02
  0.6982E+02  0.2294E+00  0.6046E-02
  0.7112E+02  0.2244E+00  0.6136E-02
  0.7241E+02  0.2191E+00  0.6203E-02
  0.7370E+02  0.2135E+00  0.6243E-02
  0.7499E+02  0.2077E+00  0.6252E-02
  0.7629E+02  0.2016E+00  0.6230E-02
  0.7758E+02  0.1955E+00  0.6176E-02
  0.7887E+02  0.1892E+00  0.6096E-02
  0.8017E+02  0.1828E+00  0.5993E-02
  0.8146E+02  0.1764E+00  0.5877E-02
  0.8275E+02  0.1700E+00  0.5756E-02
  0.8405E+02  0.1636E+00  0.5640E-02
  0.8534E+02  0.1573E+00  0.5537E-02
  0.8663E+02  0.1509E+00  0.5455E-02
  0.8792E+02  0.1447E+00  0.5398E-02
  0.8922E+02  0.1384E+00  0.5368E-02
  0.9051E+02  0.1322E+00  0.5365E-02
  0.9180E+02  0.1261E+00  0.5385E-02
  0.9310E+02  0.1199E+00  0.5422E-02
  0.9439E+02  0.1138E+00  0.5471E-02
  0.9568E+02  0.1077E+00  0.5526E-02
  0.9698E+02  0.1016E+00  0.5583E-02
  0.9827E+02  0.9556E-01  0.5638E-02
  0.9956E+02  0.8953E-01  0.5689E-02
  0.1009E+03  0.8356E-01  0.5735E-02
  0.1021E+03  0.7766E-01  0.5776E-02
  0.1034E+03  0.7185E-01  0.5813E-02
  0.1047E+03  0.6618E-01  0.5845E-02
  0.1060E+03  0.6065E-01  0.5871E-02
  0.1073E+03  0.5532E-01  0.5890E-02
  0.1086E+03  0.5021E-01  0.5897E-02
  0.1099E+03  0.4534E-01  0.5889E-02
  0.1112E+03  0.4073E-01  0.5860E-02
  0.1125E+03  0.3641E-01  0.5802E-02
  0.1138E+03  0.3239E-01  0.5708E-02
  0.1151E+03  0.2867E-01  0.5571E-02
  0.1164E+03  0.2523E-01  0.5385E-02
  0.1177E+03  0.2208E-01  0.5142E-02
  0.1190E+03  0.1917E-01  0.4837E-02
  0.1202E+03  0.1649E-01  0.4467E-02
  0.1215E+03  0.1399E-01  0.4029E-02
  0.1228E+03  0.1162E-01  0.3522E-02
  0.1241E+03  0.9339E-02  0.2945E-02
  0.1254E+03  0.7089E-02  0.2302E-02
  0.1267E+03  0.4817E-02  0.1594E-02
  0.1280E+03  0.2471E-02  0.8248E-03
  0.1293E+03  0.0000E+00  0.0000E+00
          Reciprocal space: Rg =   41.31     , I(0) =   0.2760E+03
     Real space: Rg =   41.43 +- 0.431  I(0) =   0.2760E+03 +-  0.4953E+01
