
           ####    G N O M   ---   Version 4.5a revised 09/02/02     ####

                                                  Sat Nov  4 16:45:53 2017
           ===    Run No   1   ===
 Run title:  0.000132994 0 0


  Number of points omitted at the end:         308
   *******   Working Directory :
   *******    Input file(s) : 25523_01E_S039_0_01.sub
           Condition P(rmin) = 0 is used. 
           Condition P(rmax) = 0 is used. 

          Experimental conditions for the first run
          -----------------------------------------

          Highest ALPHA is found to be   0.2479E+04

  The measure of inconsistency AN1 equals to    0.9442E+00
     Alpha    Discrp  Oscill  Stabil  Sysdev  Positv  Valcen    Total   
  0.2479E+07121.1863  1.5828  0.9833  0.0000  1.0000  0.7647  0.00001
  0.4958E+06118.0152  1.5827  0.9569  0.0000  1.0000  0.7645  0.00001
  0.9917E+05104.4684  1.5825  0.8439  0.0132  1.0000  0.7636  0.00001
  0.1983E+05 67.5335  1.5858  0.5296  0.0331  1.0000  0.7589  0.00001
  0.3967E+04 28.1949  1.6400  0.1775  0.0132  1.0000  0.7355  0.00001
  0.7933E+03 10.0941  1.8510  0.1023  0.0132  1.0000  0.6760  0.00001
  0.1587E+03  3.0754  2.0595  0.0532  0.1854  1.0000  0.6349  0.00001
  0.3173E+02  1.0128  2.1462  0.0156  0.6623  1.0000  0.6267  0.54279
  0.6347E+01  0.7019  2.1722  0.0052  0.8079  1.0000  0.6257  0.64935
  0.1269E+01  0.6746  2.1819  0.0040  0.7815  1.0000  0.6253  0.59655
  0.2539E+00  0.6680  2.1953  0.0072  0.7682  1.0000  0.6248  0.54891
  0.5077E-01  0.6629  2.2526  0.0184  0.7881  1.0000  0.6236  0.57535
  0.1015E-01  0.6551  2.6620  0.0527  0.7881  0.9997  0.6210  0.10000
  0.2031E-02  0.6386  5.2075  0.1322  0.8013  0.9946  0.6078  0.10000
  0.4062E-03  0.6216  9.9002  0.1304  0.8146  0.9723  0.5654  0.10000
  0.8124E-04  0.6148 14.4073  0.2990  0.8278  0.9347  0.5279  0.10000
  0.1625E-04  0.6091 19.8907  0.3944  0.8543  0.8673  0.4419  0.10000
  0.3249E-05  0.6060 20.5248  0.4496  0.8808  0.8343  0.3125  0.10000
  0.6499E-06  0.6029 21.2128  0.5916  0.8808  0.7818  0.2764  0.10000
  0.1300E-06  0.5985 23.2268  0.5928  0.8940  0.7438  0.2579  0.10000
  0.2600E-07  0.5888 27.6871  0.7861  0.8808  0.7090  0.2372  0.10000
  0.5199E-08  0.5586 31.9065  0.6912  0.8940  0.6771  0.2188  0.10000
  0.1040E-08  0.4954 37.5921  0.5919  0.9073  0.6412  0.2243  0.10000
  0.2080E-09  0.4019 42.4233  0.5222  0.8675  0.6575  0.3114  0.10000
  0.4159E-10  0.2889 47.5869  0.4511  0.8940  0.7008  0.3325  0.10000
  0.8319E-11  0.1639 52.6314  0.3825  0.9603  0.7225  0.2507  0.10000
  0.1664E-11  0.0585 54.8094  0.1750  0.9603  0.7293  0.2002  0.10000
  0.3327E-12  0.0141 55.3252  0.0461  0.9603  0.7311  0.2115  0.10000
  0.6655E-13  0.0030 55.4326  0.0098  0.9603  0.7315  0.2137  0.10000
  0.1331E-13  0.0006 55.4543  0.0020  0.9470  0.7315  0.2141  0.10000
  0.2662E-14  0.0001 55.4586  0.0004  0.9470  0.7316  0.2142  0.10000

          ***  Golden section search to maximize estimate ***
     Alpha    Discrp  Oscill  Stabil  Sysdev  Positv  Valcen    Total   
  0.1174E+02  0.7475  2.1656  0.0074  0.7815  1.0000  0.6259  0.61697
  0.5018E+01  0.6933  2.1740  0.0047  0.7815  1.0000  0.6256  0.62190
  0.8026E+01  0.7144  2.1700  0.0059  0.8079  1.0000  0.6257  0.64571
  0.5802E+01  0.6982  2.1729  0.0050  0.7947  1.0000  0.6256  0.63605
  0.6942E+01  0.7062  2.1714  0.0055  0.8079  1.0000  0.6257  0.64885
  0.6133E+01  0.7005  2.1724  0.0051  0.8079  1.0000  0.6256  0.64820
  0.6568E+01  0.7035  2.1719  0.0053  0.8079  1.0000  0.6257  0.64998
  0.6708E+01  0.7045  2.1717  0.0054  0.8079  1.0000  0.6257  0.64955
  0.6482E+01  0.7029  2.1720  0.0053  0.8079  1.0000  0.6257  0.65007
  0.6430E+01  0.7025  2.1720  0.0053  0.8079  1.0000  0.6257  0.64979
  0.6515E+01  0.7031  2.1719  0.0053  0.8079  1.0000  0.6257  0.65014
  0.6535E+01  0.7032  2.1719  0.0053  0.8079  1.0000  0.6257  0.65008
  0.6502E+01  0.7030  2.1719  0.0053  0.8079  1.0000  0.6257  0.65017
  0.6495E+01  0.7030  2.1720  0.0053  0.8079  1.0000  0.6257  0.65013
  0.6502E+01  0.7030  2.1719  0.0053  0.8079  1.0000  0.6257  0.65017



             ####            Final results            ####

 Parameter    DISCRP    OSCILL    STABIL    SYSDEV    POSITV    VALCEN
 Weight        1.000     3.000     3.000     4.000     1.000     1.000
 Sigma         0.500     0.600     0.120     0.200     0.120     0.120
 Ideal         1.000     1.100     0.000     1.000     1.000     0.950
 Current       0.703     2.172     0.005     0.808     1.000     0.626
                - - - - - - - - - - - - - - - - - - - - - - - - - 
 Estimate      0.703     0.041     0.998     0.398     1.000     0.001

  Angular   range    :     from    0.0085   to    0.2390
  Real space range   :     from      0.00   to    244.20

  Highest ALPHA (theor) :   0.248E+07                 JOB = 0
  Current ALPHA         :   0.650E+01   Rg :  0.496E+02   I(0) :   0.195E+04

           Total  estimate : 0.650  which is  A REASONABLE  solution

      S          J EXP       ERROR       J REG       I REG

  0.0000E+00                                      0.1953E+04
  0.7751E-03                                      0.1952E+04
  0.1550E-02                                      0.1949E+04
  0.2325E-02                                      0.1944E+04
  0.3100E-02                                      0.1938E+04
  0.3875E-02                                      0.1929E+04
  0.4651E-02                                      0.1919E+04
  0.5426E-02                                      0.1906E+04
  0.6201E-02                                      0.1892E+04
  0.6976E-02                                      0.1877E+04
  0.7751E-02                                      0.1859E+04
  0.8526E-02  0.1885E+04  0.7094E+02  0.1840E+04  0.1840E+04
  0.9289E-02  0.1862E+04  0.5716E+02  0.1820E+04  0.1820E+04
  0.1005E-01  0.1853E+04  0.3504E+02  0.1799E+04  0.1799E+04
  0.1082E-01  0.1818E+04  0.2449E+02  0.1776E+04  0.1776E+04
  0.1158E-01  0.1778E+04  0.2001E+02  0.1753E+04  0.1753E+04
  0.1234E-01  0.1728E+04  0.1503E+02  0.1728E+04  0.1728E+04
  0.1310E-01  0.1711E+04  0.1313E+02  0.1702E+04  0.1702E+04
  0.1387E-01  0.1681E+04  0.9671E+01  0.1675E+04  0.1675E+04
  0.1463E-01  0.1642E+04  0.8621E+01  0.1647E+04  0.1647E+04
  0.1539E-01  0.1635E+04  0.7490E+01  0.1619E+04  0.1619E+04
  0.1616E-01  0.1590E+04  0.6782E+01  0.1589E+04  0.1589E+04
  0.1692E-01  0.1550E+04  0.6512E+01  0.1560E+04  0.1560E+04
  0.1768E-01  0.1517E+04  0.5927E+01  0.1529E+04  0.1529E+04
  0.1845E-01  0.1485E+04  0.5848E+01  0.1499E+04  0.1499E+04
  0.1921E-01  0.1455E+04  0.5502E+01  0.1468E+04  0.1468E+04
  0.1997E-01  0.1435E+04  0.5421E+01  0.1436E+04  0.1436E+04
  0.2073E-01  0.1404E+04  0.5052E+01  0.1405E+04  0.1405E+04
  0.2150E-01  0.1369E+04  0.4895E+01  0.1373E+04  0.1373E+04
  0.2226E-01  0.1342E+04  0.4756E+01  0.1342E+04  0.1342E+04
  0.2302E-01  0.1315E+04  0.4602E+01  0.1310E+04  0.1310E+04
  0.2379E-01  0.1281E+04  0.4511E+01  0.1278E+04  0.1278E+04
  0.2455E-01  0.1249E+04  0.4367E+01  0.1247E+04  0.1247E+04
  0.2531E-01  0.1214E+04  0.4187E+01  0.1216E+04  0.1216E+04
  0.2608E-01  0.1193E+04  0.4064E+01  0.1184E+04  0.1184E+04
  0.2684E-01  0.1159E+04  0.3887E+01  0.1154E+04  0.1154E+04
  0.2760E-01  0.1126E+04  0.4033E+01  0.1123E+04  0.1123E+04
  0.2836E-01  0.1097E+04  0.3789E+01  0.1093E+04  0.1093E+04
  0.2913E-01  0.1068E+04  0.3881E+01  0.1063E+04  0.1063E+04
  0.2989E-01  0.1037E+04  0.3624E+01  0.1034E+04  0.1034E+04
  0.3065E-01  0.1010E+04  0.3484E+01  0.1005E+04  0.1005E+04
  0.3142E-01  0.9786E+03  0.3486E+01  0.9761E+03  0.9761E+03
  0.3218E-01  0.9519E+03  0.3254E+01  0.9480E+03  0.9480E+03
  0.3294E-01  0.9189E+03  0.3271E+01  0.9204E+03  0.9204E+03
  0.3371E-01  0.8976E+03  0.3101E+01  0.8933E+03  0.8933E+03
  0.3447E-01  0.8616E+03  0.3053E+01  0.8668E+03  0.8668E+03
  0.3523E-01  0.8321E+03  0.3045E+01  0.8408E+03  0.8408E+03
  0.3599E-01  0.8126E+03  0.2963E+01  0.8153E+03  0.8153E+03
  0.3676E-01  0.7920E+03  0.2956E+01  0.7905E+03  0.7905E+03
  0.3752E-01  0.7661E+03  0.2878E+01  0.7661E+03  0.7661E+03
  0.3828E-01  0.7414E+03  0.2931E+01  0.7424E+03  0.7424E+03
  0.3905E-01  0.7169E+03  0.2854E+01  0.7193E+03  0.7193E+03
  0.3981E-01  0.6941E+03  0.2785E+01  0.6967E+03  0.6967E+03
  0.4057E-01  0.6743E+03  0.2780E+01  0.6748E+03  0.6748E+03
  0.4134E-01  0.6552E+03  0.2597E+01  0.6534E+03  0.6534E+03
  0.4210E-01  0.6365E+03  0.2594E+01  0.6327E+03  0.6327E+03
  0.4286E-01  0.6201E+03  0.2498E+01  0.6125E+03  0.6125E+03
  0.4362E-01  0.5977E+03  0.2483E+01  0.5930E+03  0.5930E+03
  0.4439E-01  0.5776E+03  0.2471E+01  0.5740E+03  0.5740E+03
  0.4515E-01  0.5571E+03  0.2367E+01  0.5557E+03  0.5557E+03
  0.4591E-01  0.5413E+03  0.2382E+01  0.5379E+03  0.5379E+03
  0.4668E-01  0.5166E+03  0.2381E+01  0.5207E+03  0.5207E+03
  0.4744E-01  0.5051E+03  0.2375E+01  0.5041E+03  0.5041E+03
  0.4820E-01  0.4860E+03  0.2362E+01  0.4881E+03  0.4881E+03
  0.4897E-01  0.4691E+03  0.2263E+01  0.4727E+03  0.4727E+03
  0.4973E-01  0.4538E+03  0.2268E+01  0.4578E+03  0.4578E+03
  0.5049E-01  0.4459E+03  0.2170E+01  0.4435E+03  0.4435E+03
  0.5125E-01  0.4290E+03  0.2197E+01  0.4297E+03  0.4297E+03
  0.5202E-01  0.4172E+03  0.2178E+01  0.4164E+03  0.4164E+03
  0.5278E-01  0.4025E+03  0.2144E+01  0.4037E+03  0.4037E+03
  0.5354E-01  0.3879E+03  0.2104E+01  0.3914E+03  0.3914E+03
  0.5431E-01  0.3849E+03  0.2081E+01  0.3797E+03  0.3797E+03
  0.5507E-01  0.3686E+03  0.2122E+01  0.3684E+03  0.3684E+03
  0.5583E-01  0.3557E+03  0.2041E+01  0.3576E+03  0.3576E+03
  0.5660E-01  0.3518E+03  0.2014E+01  0.3472E+03  0.3472E+03
  0.5736E-01  0.3393E+03  0.1971E+01  0.3373E+03  0.3373E+03
  0.5812E-01  0.3276E+03  0.1928E+01  0.3277E+03  0.3277E+03
  0.5888E-01  0.3190E+03  0.1935E+01  0.3186E+03  0.3186E+03
  0.5965E-01  0.3093E+03  0.1838E+01  0.3099E+03  0.3099E+03
  0.6041E-01  0.3022E+03  0.1853E+01  0.3015E+03  0.3015E+03
  0.6117E-01  0.2950E+03  0.1889E+01  0.2934E+03  0.2934E+03
  0.6194E-01  0.2870E+03  0.1859E+01  0.2857E+03  0.2857E+03
  0.6270E-01  0.2770E+03  0.1883E+01  0.2783E+03  0.2783E+03
  0.6346E-01  0.2713E+03  0.1834E+01  0.2712E+03  0.2712E+03
  0.6423E-01  0.2611E+03  0.1872E+01  0.2644E+03  0.2644E+03
  0.6499E-01  0.2542E+03  0.1827E+01  0.2579E+03  0.2579E+03
  0.6575E-01  0.2523E+03  0.1813E+01  0.2516E+03  0.2516E+03
  0.6651E-01  0.2448E+03  0.1803E+01  0.2456E+03  0.2456E+03
  0.6728E-01  0.2380E+03  0.1758E+01  0.2398E+03  0.2398E+03
  0.6804E-01  0.2356E+03  0.1735E+01  0.2342E+03  0.2342E+03
  0.6880E-01  0.2305E+03  0.1685E+01  0.2288E+03  0.2288E+03
  0.6957E-01  0.2201E+03  0.1701E+01  0.2236E+03  0.2236E+03
  0.7033E-01  0.2177E+03  0.1699E+01  0.2186E+03  0.2186E+03
  0.7109E-01  0.2150E+03  0.1679E+01  0.2137E+03  0.2137E+03
  0.7186E-01  0.2100E+03  0.1664E+01  0.2091E+03  0.2091E+03
  0.7262E-01  0.2019E+03  0.1634E+01  0.2046E+03  0.2046E+03
  0.7338E-01  0.1996E+03  0.1662E+01  0.2002E+03  0.2002E+03
  0.7414E-01  0.2000E+03  0.1659E+01  0.1960E+03  0.1960E+03
  0.7491E-01  0.1930E+03  0.1624E+01  0.1919E+03  0.1919E+03
  0.7567E-01  0.1866E+03  0.1614E+01  0.1879E+03  0.1879E+03
  0.7643E-01  0.1833E+03  0.1651E+01  0.1841E+03  0.1841E+03
  0.7720E-01  0.1782E+03  0.1602E+01  0.1803E+03  0.1803E+03
  0.7796E-01  0.1786E+03  0.1563E+01  0.1767E+03  0.1767E+03
  0.7872E-01  0.1770E+03  0.1555E+01  0.1732E+03  0.1732E+03
  0.7949E-01  0.1709E+03  0.1587E+01  0.1698E+03  0.1698E+03
  0.8025E-01  0.1667E+03  0.1549E+01  0.1665E+03  0.1665E+03
  0.8101E-01  0.1641E+03  0.1551E+01  0.1632E+03  0.1632E+03
  0.8177E-01  0.1603E+03  0.1485E+01  0.1601E+03  0.1601E+03
  0.8254E-01  0.1570E+03  0.1513E+01  0.1570E+03  0.1570E+03
  0.8330E-01  0.1540E+03  0.1503E+01  0.1540E+03  0.1540E+03
  0.8406E-01  0.1497E+03  0.1499E+01  0.1511E+03  0.1511E+03
  0.8483E-01  0.1451E+03  0.1493E+01  0.1482E+03  0.1482E+03
  0.8559E-01  0.1458E+03  0.1442E+01  0.1454E+03  0.1454E+03
  0.8635E-01  0.1448E+03  0.1482E+01  0.1427E+03  0.1427E+03
  0.8712E-01  0.1390E+03  0.1456E+01  0.1400E+03  0.1400E+03
  0.8788E-01  0.1368E+03  0.1454E+01  0.1374E+03  0.1374E+03
  0.8864E-01  0.1318E+03  0.1451E+01  0.1348E+03  0.1348E+03
  0.8940E-01  0.1319E+03  0.1406E+01  0.1323E+03  0.1323E+03
  0.9017E-01  0.1327E+03  0.1424E+01  0.1298E+03  0.1298E+03
  0.9093E-01  0.1299E+03  0.1383E+01  0.1273E+03  0.1273E+03
  0.9169E-01  0.1242E+03  0.1402E+01  0.1248E+03  0.1248E+03
  0.9246E-01  0.1225E+03  0.1394E+01  0.1224E+03  0.1224E+03
  0.9322E-01  0.1191E+03  0.1404E+01  0.1201E+03  0.1201E+03
  0.9398E-01  0.1196E+03  0.1420E+01  0.1177E+03  0.1177E+03
  0.9475E-01  0.1182E+03  0.1402E+01  0.1154E+03  0.1154E+03
  0.9551E-01  0.1148E+03  0.1411E+01  0.1131E+03  0.1131E+03
  0.9627E-01  0.1121E+03  0.1368E+01  0.1108E+03  0.1108E+03
  0.9703E-01  0.1074E+03  0.1342E+01  0.1086E+03  0.1086E+03
  0.9780E-01  0.1049E+03  0.1355E+01  0.1063E+03  0.1063E+03
  0.9856E-01  0.1048E+03  0.1303E+01  0.1041E+03  0.1041E+03
  0.9932E-01  0.1047E+03  0.2009E+01  0.1019E+03  0.1019E+03
  0.1001E+00  0.9996E+02  0.1938E+01  0.9978E+02  0.9978E+02
  0.1008E+00  0.9492E+02  0.1944E+01  0.9765E+02  0.9765E+02
  0.1016E+00  0.9497E+02  0.1294E+01  0.9554E+02  0.9554E+02
  0.1024E+00  0.9487E+02  0.1276E+01  0.9346E+02  0.9346E+02
  0.1031E+00  0.9295E+02  0.1319E+01  0.9141E+02  0.9141E+02
  0.1039E+00  0.8766E+02  0.1295E+01  0.8939E+02  0.8939E+02
  0.1047E+00  0.8760E+02  0.1318E+01  0.8740E+02  0.8740E+02
  0.1054E+00  0.8533E+02  0.1313E+01  0.8545E+02  0.8545E+02
  0.1062E+00  0.8282E+02  0.1303E+01  0.8352E+02  0.8352E+02
  0.1070E+00  0.8241E+02  0.1295E+01  0.8164E+02  0.8164E+02
  0.1077E+00  0.7964E+02  0.1263E+01  0.7979E+02  0.7979E+02
  0.1085E+00  0.7818E+02  0.1273E+01  0.7798E+02  0.7798E+02
  0.1092E+00  0.7543E+02  0.1228E+01  0.7621E+02  0.7621E+02
  0.1100E+00  0.7628E+02  0.1225E+01  0.7447E+02  0.7447E+02
  0.1108E+00  0.7634E+02  0.1225E+01  0.7278E+02  0.7278E+02
  0.1115E+00  0.7149E+02  0.1209E+01  0.7113E+02  0.7113E+02
  0.1123E+00  0.6980E+02  0.1216E+01  0.6952E+02  0.6952E+02
  0.1131E+00  0.6815E+02  0.1194E+01  0.6795E+02  0.6795E+02
  0.1138E+00  0.6438E+02  0.1221E+01  0.6642E+02  0.6642E+02
  0.1146E+00  0.6514E+02  0.1191E+01  0.6492E+02  0.6492E+02
  0.1153E+00  0.6414E+02  0.1185E+01  0.6347E+02  0.6347E+02
  0.1161E+00  0.6260E+02  0.1203E+01  0.6205E+02  0.6205E+02
  0.1169E+00  0.5958E+02  0.1176E+01  0.6067E+02  0.6067E+02
  0.1176E+00  0.5986E+02  0.1198E+01  0.5933E+02  0.5933E+02
  0.1184E+00  0.5785E+02  0.1193E+01  0.5801E+02  0.5801E+02
  0.1192E+00  0.5618E+02  0.1195E+01  0.5673E+02  0.5673E+02
  0.1199E+00  0.5452E+02  0.1199E+01  0.5548E+02  0.5548E+02
  0.1207E+00  0.5107E+02  0.1183E+01  0.5426E+02  0.5426E+02
  0.1215E+00  0.4996E+02  0.1178E+01  0.5306E+02  0.5306E+02
  0.1222E+00  0.4982E+02  0.1159E+01  0.5189E+02  0.5189E+02
  0.1230E+00  0.5075E+02  0.1178E+01  0.5075E+02  0.5075E+02
  0.1237E+00  0.4974E+02  0.1157E+01  0.4962E+02  0.4962E+02
  0.1245E+00  0.5073E+02  0.1150E+01  0.4852E+02  0.4852E+02
  0.1253E+00  0.4766E+02  0.1149E+01  0.4744E+02  0.4744E+02
  0.1260E+00  0.4770E+02  0.1146E+01  0.4638E+02  0.4638E+02
  0.1268E+00  0.4723E+02  0.1153E+01  0.4533E+02  0.4533E+02
  0.1276E+00  0.4554E+02  0.1150E+01  0.4430E+02  0.4430E+02
  0.1283E+00  0.4444E+02  0.1139E+01  0.4329E+02  0.4329E+02
  0.1291E+00  0.4220E+02  0.1146E+01  0.4230E+02  0.4230E+02
  0.1298E+00  0.4223E+02  0.1139E+01  0.4132E+02  0.4132E+02
  0.1306E+00  0.4169E+02  0.1167E+01  0.4036E+02  0.4036E+02
  0.1314E+00  0.4052E+02  0.1163E+01  0.3941E+02  0.3941E+02
  0.1321E+00  0.3825E+02  0.1164E+01  0.3848E+02  0.3848E+02
  0.1329E+00  0.3782E+02  0.1174E+01  0.3757E+02  0.3757E+02
  0.1337E+00  0.3772E+02  0.1157E+01  0.3668E+02  0.3668E+02
  0.1344E+00  0.3592E+02  0.1187E+01  0.3580E+02  0.3580E+02
  0.1352E+00  0.3436E+02  0.1144E+01  0.3494E+02  0.3494E+02
  0.1359E+00  0.3487E+02  0.1164E+01  0.3410E+02  0.3410E+02
  0.1367E+00  0.3174E+02  0.1163E+01  0.3328E+02  0.3328E+02
  0.1375E+00  0.2933E+02  0.1149E+01  0.3249E+02  0.3249E+02
  0.1382E+00  0.3001E+02  0.1179E+01  0.3171E+02  0.3171E+02
  0.1390E+00  0.2981E+02  0.1163E+01  0.3095E+02  0.3095E+02
  0.1398E+00  0.2819E+02  0.1174E+01  0.3022E+02  0.3022E+02
  0.1405E+00  0.2902E+02  0.1189E+01  0.2950E+02  0.2950E+02
  0.1413E+00  0.2814E+02  0.1177E+01  0.2881E+02  0.2881E+02
  0.1421E+00  0.2568E+02  0.1196E+01  0.2815E+02  0.2815E+02
  0.1428E+00  0.2753E+02  0.1188E+01  0.2750E+02  0.2750E+02
  0.1436E+00  0.2752E+02  0.1186E+01  0.2688E+02  0.2688E+02
  0.1443E+00  0.2647E+02  0.1176E+01  0.2628E+02  0.2628E+02
  0.1451E+00  0.2590E+02  0.1163E+01  0.2570E+02  0.2570E+02
  0.1459E+00  0.2508E+02  0.1167E+01  0.2514E+02  0.2514E+02
  0.1466E+00  0.2536E+02  0.1167E+01  0.2461E+02  0.2461E+02
  0.1474E+00  0.2471E+02  0.1173E+01  0.2409E+02  0.2409E+02
  0.1482E+00  0.2368E+02  0.1154E+01  0.2360E+02  0.2360E+02
  0.1489E+00  0.2237E+02  0.1147E+01  0.2312E+02  0.2312E+02
  0.1497E+00  0.2188E+02  0.1138E+01  0.2266E+02  0.2266E+02
  0.1504E+00  0.2181E+02  0.1150E+01  0.2221E+02  0.2221E+02
  0.1512E+00  0.2354E+02  0.1167E+01  0.2179E+02  0.2179E+02
  0.1520E+00  0.2312E+02  0.1172E+01  0.2138E+02  0.2138E+02
  0.1527E+00  0.2023E+02  0.1187E+01  0.2098E+02  0.2098E+02
  0.1535E+00  0.1951E+02  0.1168E+01  0.2059E+02  0.2059E+02
  0.1543E+00  0.1814E+02  0.1163E+01  0.2022E+02  0.2022E+02
  0.1550E+00  0.1721E+02  0.1184E+01  0.1985E+02  0.1985E+02
  0.1558E+00  0.1906E+02  0.1189E+01  0.1950E+02  0.1950E+02
  0.1565E+00  0.1871E+02  0.1202E+01  0.1916E+02  0.1916E+02
  0.1573E+00  0.1953E+02  0.1180E+01  0.1882E+02  0.1882E+02
  0.1581E+00  0.1865E+02  0.1184E+01  0.1849E+02  0.1849E+02
  0.1588E+00  0.1742E+02  0.1184E+01  0.1817E+02  0.1817E+02
  0.1596E+00  0.1858E+02  0.1158E+01  0.1785E+02  0.1785E+02
  0.1604E+00  0.1671E+02  0.1161E+01  0.1754E+02  0.1754E+02
  0.1611E+00  0.1804E+02  0.1153E+01  0.1724E+02  0.1724E+02
  0.1619E+00  0.1754E+02  0.1157E+01  0.1693E+02  0.1693E+02
  0.1627E+00  0.1624E+02  0.1124E+01  0.1664E+02  0.1664E+02
  0.1634E+00  0.1694E+02  0.1141E+01  0.1635E+02  0.1635E+02
  0.1642E+00  0.1810E+02  0.1163E+01  0.1606E+02  0.1606E+02
  0.1649E+00  0.1541E+02  0.1160E+01  0.1578E+02  0.1578E+02
  0.1657E+00  0.1299E+02  0.1172E+01  0.1550E+02  0.1550E+02
  0.1665E+00  0.1435E+02  0.1159E+01  0.1522E+02  0.1522E+02
  0.1672E+00  0.1596E+02  0.1172E+01  0.1495E+02  0.1495E+02
  0.1680E+00  0.1298E+02  0.1173E+01  0.1468E+02  0.1468E+02
  0.1688E+00  0.1469E+02  0.1172E+01  0.1442E+02  0.1442E+02
  0.1695E+00  0.1359E+02  0.1182E+01  0.1416E+02  0.1416E+02
  0.1703E+00  0.1487E+02  0.1165E+01  0.1390E+02  0.1390E+02
  0.1710E+00  0.1336E+02  0.1170E+01  0.1365E+02  0.1365E+02
  0.1718E+00  0.1449E+02  0.1147E+01  0.1340E+02  0.1340E+02
  0.1726E+00  0.1524E+02  0.1150E+01  0.1316E+02  0.1316E+02
  0.1733E+00  0.1103E+02  0.1170E+01  0.1292E+02  0.1292E+02
  0.1741E+00  0.1431E+02  0.1147E+01  0.1269E+02  0.1269E+02
  0.1749E+00  0.1188E+02  0.1162E+01  0.1246E+02  0.1246E+02
  0.1756E+00  0.1039E+02  0.1151E+01  0.1224E+02  0.1224E+02
  0.1764E+00  0.1106E+02  0.1152E+01  0.1203E+02  0.1203E+02
  0.1772E+00  0.1135E+02  0.1143E+01  0.1181E+02  0.1181E+02
  0.1779E+00  0.1055E+02  0.1135E+01  0.1161E+02  0.1161E+02
  0.1787E+00  0.1154E+02  0.1127E+01  0.1141E+02  0.1141E+02
  0.1794E+00  0.1089E+02  0.1124E+01  0.1121E+02  0.1121E+02
  0.1802E+00  0.1105E+02  0.1138E+01  0.1102E+02  0.1102E+02
  0.1810E+00  0.1270E+02  0.1142E+01  0.1083E+02  0.1083E+02
  0.1817E+00  0.1084E+02  0.1127E+01  0.1065E+02  0.1065E+02
  0.1825E+00  0.1015E+02  0.1136E+01  0.1047E+02  0.1047E+02
  0.1833E+00  0.1014E+02  0.1137E+01  0.1030E+02  0.1030E+02
  0.1840E+00  0.9893E+01  0.1153E+01  0.1014E+02  0.1014E+02
  0.1848E+00  0.9947E+01  0.1151E+01  0.9976E+01  0.9976E+01
  0.1855E+00  0.1086E+02  0.1151E+01  0.9820E+01  0.9820E+01
  0.1863E+00  0.8933E+01  0.1171E+01  0.9670E+01  0.9670E+01
  0.1871E+00  0.8959E+01  0.1155E+01  0.9523E+01  0.9523E+01
  0.1878E+00  0.9424E+01  0.1170E+01  0.9382E+01  0.9382E+01
  0.1886E+00  0.8687E+01  0.1157E+01  0.9245E+01  0.9245E+01
  0.1894E+00  0.6769E+01  0.1147E+01  0.9113E+01  0.9113E+01
  0.1901E+00  0.6619E+01  0.1154E+01  0.8985E+01  0.8985E+01
  0.1909E+00  0.7978E+01  0.1128E+01  0.8863E+01  0.8863E+01
  0.1916E+00  0.8830E+01  0.1139E+01  0.8744E+01  0.8744E+01
  0.1924E+00  0.9177E+01  0.1122E+01  0.8629E+01  0.8629E+01
  0.1932E+00  0.8784E+01  0.1127E+01  0.8520E+01  0.8520E+01
  0.1939E+00  0.5333E+01  0.1132E+01  0.8414E+01  0.8414E+01
  0.1947E+00  0.9418E+01  0.1121E+01  0.8313E+01  0.8313E+01
  0.1955E+00  0.6555E+01  0.1131E+01  0.8215E+01  0.8215E+01
  0.1962E+00  0.7648E+01  0.1112E+01  0.8122E+01  0.8122E+01
  0.1970E+00  0.7290E+01  0.1121E+01  0.8032E+01  0.8032E+01
  0.1978E+00  0.8635E+01  0.1120E+01  0.7945E+01  0.7945E+01
  0.1985E+00  0.8831E+01  0.1128E+01  0.7862E+01  0.7862E+01
  0.1993E+00  0.8095E+01  0.1128E+01  0.7782E+01  0.7782E+01
  0.2000E+00  0.6808E+01  0.1110E+01  0.7706E+01  0.7706E+01
  0.2008E+00  0.7181E+01  0.1110E+01  0.7630E+01  0.7630E+01
  0.2016E+00  0.1099E+02  0.1111E+01  0.7561E+01  0.7561E+01
  0.2023E+00  0.7744E+01  0.1105E+01  0.7491E+01  0.7491E+01
  0.2031E+00  0.4598E+01  0.1118E+01  0.7424E+01  0.7424E+01
  0.2039E+00  0.7059E+01  0.1100E+01  0.7360E+01  0.7360E+01
  0.2046E+00  0.4984E+01  0.1111E+01  0.7297E+01  0.7297E+01
  0.2054E+00  0.7690E+01  0.1114E+01  0.7235E+01  0.7235E+01
  0.2061E+00  0.8894E+01  0.1131E+01  0.7175E+01  0.7175E+01
  0.2069E+00  0.8743E+01  0.1142E+01  0.7117E+01  0.7117E+01
  0.2077E+00  0.6340E+01  0.1145E+01  0.7059E+01  0.7059E+01
  0.2084E+00  0.8167E+01  0.1142E+01  0.7003E+01  0.7003E+01
  0.2092E+00  0.8213E+01  0.1125E+01  0.6947E+01  0.6947E+01
  0.2100E+00  0.7565E+01  0.1139E+01  0.6892E+01  0.6892E+01
  0.2107E+00  0.4729E+01  0.1138E+01  0.6838E+01  0.6838E+01
  0.2115E+00  0.5963E+01  0.1122E+01  0.6784E+01  0.6784E+01
  0.2122E+00  0.6203E+01  0.1098E+01  0.6731E+01  0.6731E+01
  0.2130E+00  0.6076E+01  0.1105E+01  0.6679E+01  0.6679E+01
  0.2138E+00  0.4147E+01  0.1097E+01  0.6627E+01  0.6627E+01
  0.2145E+00  0.4111E+01  0.1096E+01  0.6575E+01  0.6575E+01
  0.2153E+00  0.5516E+01  0.1095E+01  0.6525E+01  0.6525E+01
  0.2161E+00  0.6153E+01  0.1099E+01  0.6475E+01  0.6475E+01
  0.2168E+00  0.6991E+01  0.1091E+01  0.6425E+01  0.6425E+01
  0.2176E+00  0.7441E+01  0.1106E+01  0.6376E+01  0.6376E+01
  0.2184E+00  0.6509E+01  0.1103E+01  0.6329E+01  0.6329E+01
  0.2191E+00  0.8034E+01  0.1106E+01  0.6283E+01  0.6283E+01
  0.2199E+00  0.7680E+01  0.1107E+01  0.6235E+01  0.6235E+01
  0.2206E+00  0.4852E+01  0.1104E+01  0.6193E+01  0.6193E+01
  0.2214E+00  0.6820E+01  0.1089E+01  0.6147E+01  0.6147E+01
  0.2222E+00  0.6870E+01  0.1075E+01  0.6105E+01  0.6105E+01
  0.2229E+00  0.7620E+01  0.1077E+01  0.6063E+01  0.6063E+01
  0.2237E+00  0.6848E+01  0.1090E+01  0.6023E+01  0.6023E+01
  0.2245E+00  0.7930E+01  0.1099E+01  0.5984E+01  0.5984E+01
  0.2252E+00  0.5279E+01  0.1104E+01  0.5946E+01  0.5946E+01
  0.2260E+00  0.2812E+01  0.1109E+01  0.5910E+01  0.5910E+01
  0.2267E+00  0.6031E+01  0.1128E+01  0.5875E+01  0.5875E+01
  0.2275E+00  0.6125E+01  0.1118E+01  0.5841E+01  0.5841E+01
  0.2283E+00  0.5659E+01  0.1126E+01  0.5807E+01  0.5807E+01
  0.2290E+00  0.4029E+01  0.1137E+01  0.5776E+01  0.5776E+01
  0.2298E+00  0.4699E+01  0.1131E+01  0.5745E+01  0.5745E+01
  0.2306E+00  0.3555E+01  0.1133E+01  0.5714E+01  0.5714E+01
  0.2313E+00  0.4066E+01  0.1121E+01  0.5686E+01  0.5686E+01
  0.2321E+00  0.5617E+01  0.1152E+01  0.5657E+01  0.5657E+01
  0.2329E+00  0.5226E+01  0.1131E+01  0.5629E+01  0.5629E+01
  0.2336E+00  0.3798E+01  0.1141E+01  0.5601E+01  0.5601E+01
  0.2344E+00  0.5381E+01  0.1163E+01  0.5574E+01  0.5574E+01
  0.2351E+00  0.7471E+01  0.1165E+01  0.5546E+01  0.5546E+01
  0.2359E+00  0.7031E+01  0.1203E+01  0.5519E+01  0.5519E+01
  0.2367E+00  0.6657E+01  0.1179E+01  0.5492E+01  0.5492E+01
  0.2374E+00  0.6590E+01  0.1202E+01  0.5464E+01  0.5464E+01
  0.2382E+00  0.8284E+01  0.1206E+01  0.5438E+01  0.5438E+01
  0.2390E+00  0.6212E+01  0.1213E+01  0.5408E+01  0.5408E+01

           Distance distribution  function of particle  


       R          P(R)      ERROR

  0.0000E+00  0.0000E+00  0.0000E+00
  0.2442E+01  0.8617E-01  0.1352E-02
  0.4884E+01  0.2182E+00  0.1513E-02
  0.7326E+01  0.3895E+00  0.9375E-03
  0.9768E+01  0.5900E+00  0.9065E-03
  0.1221E+02  0.8072E+00  0.1741E-02
  0.1465E+02  0.1027E+01  0.2284E-02
  0.1709E+02  0.1238E+01  0.2272E-02
  0.1954E+02  0.1426E+01  0.1875E-02
  0.2198E+02  0.1585E+01  0.1713E-02
  0.2442E+02  0.1710E+01  0.2215E-02
  0.2686E+02  0.1799E+01  0.2835E-02
  0.2930E+02  0.1854E+01  0.3097E-02
  0.3175E+02  0.1881E+01  0.2901E-02
  0.3419E+02  0.1885E+01  0.2465E-02
  0.3663E+02  0.1875E+01  0.2247E-02
  0.3907E+02  0.1857E+01  0.2489E-02
  0.4151E+02  0.1836E+01  0.2864E-02
  0.4396E+02  0.1816E+01  0.3046E-02
  0.4640E+02  0.1798E+01  0.3019E-02
  0.4884E+02  0.1782E+01  0.2985E-02
  0.5128E+02  0.1768E+01  0.3122E-02
  0.5372E+02  0.1753E+01  0.3372E-02
  0.5617E+02  0.1737E+01  0.3567E-02
  0.5861E+02  0.1717E+01  0.3663E-02
  0.6105E+02  0.1692E+01  0.3782E-02
  0.6349E+02  0.1663E+01  0.4052E-02
  0.6593E+02  0.1630E+01  0.4429E-02
  0.6838E+02  0.1592E+01  0.4745E-02
  0.7082E+02  0.1550E+01  0.4894E-02
  0.7326E+02  0.1503E+01  0.4924E-02
  0.7570E+02  0.1452E+01  0.4988E-02
  0.7814E+02  0.1395E+01  0.5184E-02
  0.8059E+02  0.1333E+01  0.5458E-02
  0.8303E+02  0.1266E+01  0.5683E-02
  0.8547E+02  0.1193E+01  0.5812E-02
  0.8791E+02  0.1117E+01  0.5904E-02
  0.9035E+02  0.1038E+01  0.6035E-02
  0.9280E+02  0.9579E+00  0.6175E-02
  0.9524E+02  0.8793E+00  0.6195E-02
  0.9768E+02  0.8034E+00  0.5983E-02
  0.1001E+03  0.7316E+00  0.5562E-02
  0.1026E+03  0.6647E+00  0.5117E-02
  0.1050E+03  0.6031E+00  0.4902E-02
  0.1074E+03  0.5467E+00  0.5034E-02
  0.1099E+03  0.4953E+00  0.5411E-02
  0.1123E+03  0.4483E+00  0.5888E-02
  0.1148E+03  0.4053E+00  0.6406E-02
  0.1172E+03  0.3656E+00  0.6948E-02
  0.1197E+03  0.3291E+00  0.7443E-02
  0.1221E+03  0.2954E+00  0.7757E-02
  0.1245E+03  0.2644E+00  0.7781E-02
  0.1270E+03  0.2359E+00  0.7525E-02
  0.1294E+03  0.2102E+00  0.7164E-02
  0.1319E+03  0.1871E+00  0.6975E-02
  0.1343E+03  0.1670E+00  0.7143E-02
  0.1368E+03  0.1500E+00  0.7590E-02
  0.1392E+03  0.1361E+00  0.8059E-02
  0.1416E+03  0.1255E+00  0.8318E-02
  0.1441E+03  0.1178E+00  0.8259E-02
  0.1465E+03  0.1127E+00  0.7904E-02
  0.1490E+03  0.1095E+00  0.7382E-02
  0.1514E+03  0.1072E+00  0.6907E-02
  0.1538E+03  0.1048E+00  0.6708E-02
  0.1563E+03  0.1013E+00  0.6902E-02
  0.1587E+03  0.9623E-01  0.7387E-02
  0.1612E+03  0.8912E-01  0.7932E-02
  0.1636E+03  0.8011E-01  0.8339E-02
  0.1661E+03  0.6975E-01  0.8540E-02
  0.1685E+03  0.5886E-01  0.8610E-02
  0.1709E+03  0.4842E-01  0.8706E-02
  0.1734E+03  0.3934E-01  0.8951E-02
  0.1758E+03  0.3229E-01  0.9342E-02
  0.1783E+03  0.2763E-01  0.9770E-02
  0.1807E+03  0.2533E-01  0.1012E-01
  0.1831E+03  0.2508E-01  0.1036E-01
  0.1856E+03  0.2634E-01  0.1052E-01
  0.1880E+03  0.2854E-01  0.1066E-01
  0.1905E+03  0.3114E-01  0.1081E-01
  0.1929E+03  0.3374E-01  0.1094E-01
  0.1954E+03  0.3609E-01  0.1101E-01
  0.1978E+03  0.3807E-01  0.1096E-01
  0.2002E+03  0.3958E-01  0.1079E-01
  0.2027E+03  0.4053E-01  0.1050E-01
  0.2051E+03  0.4077E-01  0.1014E-01
  0.2076E+03  0.4011E-01  0.9744E-02
  0.2100E+03  0.3837E-01  0.9354E-02
  0.2125E+03  0.3543E-01  0.8989E-02
  0.2149E+03  0.3130E-01  0.8644E-02
  0.2173E+03  0.2620E-01  0.8314E-02
  0.2198E+03  0.2051E-01  0.8021E-02
  0.2222E+03  0.1474E-01  0.7815E-02
  0.2247E+03  0.9418E-02  0.7749E-02
  0.2271E+03  0.5036E-02  0.7812E-02
  0.2295E+03  0.1903E-02  0.7904E-02
  0.2320E+03  0.1138E-03  0.7863E-02
  0.2344E+03 -0.4753E-03  0.7513E-02
  0.2369E+03 -0.2196E-03  0.6696E-02
  0.2393E+03  0.3653E-03  0.5265E-02
  0.2418E+03  0.6621E-03  0.3077E-02
  0.2442E+03  0.0000E+00  0.0000E+00
          Reciprocal space: Rg =   49.60     , I(0) =   0.1953E+04
     Real space: Rg =   49.86 +- 0.579  I(0) =   0.1953E+04 +-  0.8788E+01
