
           ####    G N O M   ---   Version 4.5a revised 09/02/02     ####

                                                  Sat Nov  4 16:45:52 2017
           ===    Run No   1   ===
 Run title:  0.000132994 0 0


  Number of points omitted at the end:         286
   *******   Working Directory :
   *******    Input file(s) : 25523_01D_S037_0_01.sub
           Condition P(rmin) = 0 is used. 
           Condition P(rmax) = 0 is used. 

          Experimental conditions for the first run
          -----------------------------------------

          Highest ALPHA is found to be   0.8175E+03

  The measure of inconsistency AN1 equals to    0.1069E+01

          Warning: using the chosen range in the real space 
             it is not possible to fit the data set within the
             given error band. 
     Alpha    Discrp  Oscill  Stabil  Sysdev  Positv  Valcen    Total   
  0.8175E+06 81.3769  1.3059  0.9698  0.0309  1.0000  0.8269  0.00001
  0.1635E+06 75.2295  1.3037  0.8966  0.0802  1.0000  0.8273  0.00001
  0.3270E+05 54.9548  1.2952  0.6540  0.1790  1.0000  0.8290  0.00001
  0.6540E+04 25.0555  1.2803  0.2872  0.0185  1.0000  0.8321  0.00001
  0.1308E+04  8.7326  1.3174  0.0828  0.0309  1.0000  0.8271  0.00001
  0.2616E+03  2.8162  1.4108  0.0378  0.2160  1.0000  0.8147  0.00001
  0.5232E+02  1.0309  1.4700  0.0148  0.5864  1.0000  0.8090  0.55354
  0.1046E+02  0.7664  1.4900  0.0047  0.7593  1.0000  0.8075  0.57096
  0.2093E+01  0.7470  1.4965  0.0036  0.7840  1.0000  0.8072  0.56516
  0.4186E+00  0.7432  1.5048  0.0060  0.7840  1.0000  0.8070  0.52561
  0.8372E-01  0.7410  1.5295  0.0120  0.7963  1.0000  0.8066  0.54179
  0.1674E-01  0.7391  1.6427  0.0247  0.7840  1.0000  0.8052  0.54971
  0.3349E-02  0.7370  2.1640  0.0665  0.7963  1.0000  0.8014  0.37143
  0.6697E-03  0.7335  4.4128  0.1299  0.8086  0.9974  0.7879  0.10000
  0.1339E-03  0.7314  7.0584  0.0981  0.8086  0.9896  0.7661  0.10000
  0.2679E-04  0.7310  8.7349  0.2257  0.7963  0.9894  0.7094  0.10000
  0.5358E-05  0.7303 14.1655  0.6474  0.7963  0.9556  0.4698  0.10000
  0.1072E-05  0.7276 18.8752  0.8688  0.8025  0.7977  0.3101  0.10000
  0.2143E-06  0.7190 19.8798  0.6969  0.8025  0.7333  0.2680  0.10000
  0.4286E-07  0.7079 21.3614  0.4118  0.7654  0.7194  0.2690  0.10000
  0.8573E-08  0.6987 25.3433  0.7971  0.7531  0.7212  0.2552  0.10000
  0.1715E-08  0.6753 26.1867  0.7408  0.7531  0.7317  0.3117  0.10000
  0.3429E-09  0.6252 31.5448  0.5611  0.7531  0.7292  0.3568  0.10000
  0.6858E-10  0.5324 41.4201  0.5910  0.7284  0.7067  0.3069  0.10000
  0.1372E-10  0.3870 46.8513  0.5130  0.6975  0.7041  0.3379  0.10000
  0.2743E-11  0.2139 50.9662  0.3638  0.7469  0.7086  0.3463  0.10000
  0.5486E-12  0.0767 53.5950  0.1723  0.7716  0.7095  0.3178  0.10000
  0.1097E-12  0.0190 54.3377  0.0503  0.7778  0.7073  0.3039  0.10000
  0.2195E-13  0.0040 54.4863  0.0113  0.7778  0.7064  0.3003  0.10000
  0.4389E-14  0.0008 54.5154  0.0023  0.7778  0.7062  0.2995  0.10000
  0.8778E-15  0.0002 54.5212  0.0005  0.7778  0.7061  0.2994  0.10000

          ***  Golden section search to maximize estimate ***
     Alpha    Discrp  Oscill  Stabil  Sysdev  Positv  Valcen    Total   
  0.1935E+02  0.8028  1.4851  0.0071  0.7099  1.0000  0.8078  0.55795
  0.8275E+01  0.7599  1.4913  0.0041  0.7716  1.0000  0.8074  0.57544
  0.7157E+01  0.7570  1.4920  0.0038  0.7716  1.0000  0.8074  0.57363
  0.9051E+01  0.7621  1.4908  0.0043  0.7593  1.0000  0.8075  0.56892
  0.7828E+01  0.7587  1.4916  0.0040  0.7716  1.0000  0.8074  0.57473
  0.8563E+01  0.7607  1.4911  0.0042  0.7593  1.0000  0.8075  0.56818
  0.8101E+01  0.7594  1.4914  0.0041  0.7716  1.0000  0.8074  0.57517
  0.8384E+01  0.7602  1.4912  0.0041  0.7716  1.0000  0.8075  0.57561
  0.8452E+01  0.7604  1.4912  0.0042  0.7593  1.0000  0.8075  0.56801
  0.8342E+01  0.7601  1.4913  0.0041  0.7716  1.0000  0.8075  0.57555
  0.8409E+01  0.7603  1.4912  0.0041  0.7716  1.0000  0.8075  0.57565
  0.8426E+01  0.7603  1.4912  0.0042  0.7716  1.0000  0.8075  0.57568
  0.8426E+01  0.7603  1.4912  0.0042  0.7716  1.0000  0.8075  0.57568



             ####            Final results            ####

 Parameter    DISCRP    OSCILL    STABIL    SYSDEV    POSITV    VALCEN
 Weight        1.000     3.000     3.000     4.000     1.000     1.000
 Sigma         0.500     0.600     0.120     0.200     0.120     0.120
 Ideal         1.000     1.100     0.000     1.000     1.000     0.950
 Current       0.760     1.491     0.004     0.772     1.000     0.807
                - - - - - - - - - - - - - - - - - - - - - - - - - 
 Estimate      0.795     0.654     0.999     0.271     1.000     0.244

  Angular   range    :     from    0.0085   to    0.2557
  Real space range   :     from      0.00   to    164.80

  Highest ALPHA (theor) :   0.818E+06                 JOB = 0
  Current ALPHA         :   0.843E+01   Rg :  0.464E+02   I(0) :   0.124E+04

           Total  estimate : 0.576  which is  A REASONABLE  solution

      S          J EXP       ERROR       J REG       I REG

  0.0000E+00                                      0.1237E+04
  0.7751E-03                                      0.1236E+04
  0.1550E-02                                      0.1235E+04
  0.2325E-02                                      0.1232E+04
  0.3100E-02                                      0.1228E+04
  0.3875E-02                                      0.1223E+04
  0.4651E-02                                      0.1218E+04
  0.5426E-02                                      0.1211E+04
  0.6201E-02                                      0.1203E+04
  0.6976E-02                                      0.1194E+04
  0.7751E-02                                      0.1184E+04
  0.8526E-02  0.1244E+04  0.7062E+02  0.1174E+04  0.1174E+04
  0.9289E-02  0.1207E+04  0.5520E+02  0.1162E+04  0.1162E+04
  0.1005E-01  0.1189E+04  0.3298E+02  0.1150E+04  0.1150E+04
  0.1082E-01  0.1194E+04  0.2392E+02  0.1137E+04  0.1137E+04
  0.1158E-01  0.1148E+04  0.1965E+02  0.1124E+04  0.1124E+04
  0.1234E-01  0.1143E+04  0.1521E+02  0.1109E+04  0.1109E+04
  0.1310E-01  0.1107E+04  0.1280E+02  0.1094E+04  0.1094E+04
  0.1387E-01  0.1074E+04  0.8624E+01  0.1078E+04  0.1078E+04
  0.1463E-01  0.1061E+04  0.8034E+01  0.1062E+04  0.1062E+04
  0.1539E-01  0.1040E+04  0.6996E+01  0.1045E+04  0.1045E+04
  0.1616E-01  0.1037E+04  0.6562E+01  0.1028E+04  0.1028E+04
  0.1692E-01  0.1016E+04  0.6017E+01  0.1010E+04  0.1010E+04
  0.1768E-01  0.9895E+03  0.5294E+01  0.9916E+03  0.9916E+03
  0.1845E-01  0.9793E+03  0.5318E+01  0.9729E+03  0.9729E+03
  0.1921E-01  0.9571E+03  0.4981E+01  0.9540E+03  0.9540E+03
  0.1997E-01  0.9375E+03  0.5028E+01  0.9347E+03  0.9347E+03
  0.2073E-01  0.9127E+03  0.4611E+01  0.9153E+03  0.9153E+03
  0.2150E-01  0.8963E+03  0.4377E+01  0.8956E+03  0.8956E+03
  0.2226E-01  0.8722E+03  0.4465E+01  0.8758E+03  0.8758E+03
  0.2302E-01  0.8540E+03  0.4185E+01  0.8559E+03  0.8559E+03
  0.2379E-01  0.8334E+03  0.4149E+01  0.8359E+03  0.8359E+03
  0.2455E-01  0.8108E+03  0.3825E+01  0.8158E+03  0.8158E+03
  0.2531E-01  0.7908E+03  0.3817E+01  0.7958E+03  0.7958E+03
  0.2608E-01  0.7692E+03  0.3695E+01  0.7759E+03  0.7759E+03
  0.2684E-01  0.7552E+03  0.3551E+01  0.7560E+03  0.7560E+03
  0.2760E-01  0.7373E+03  0.3639E+01  0.7362E+03  0.7362E+03
  0.2836E-01  0.7128E+03  0.3408E+01  0.7166E+03  0.7166E+03
  0.2913E-01  0.6918E+03  0.3415E+01  0.6972E+03  0.6972E+03
  0.2989E-01  0.6774E+03  0.3326E+01  0.6780E+03  0.6780E+03
  0.3065E-01  0.6586E+03  0.3131E+01  0.6590E+03  0.6590E+03
  0.3142E-01  0.6407E+03  0.3086E+01  0.6403E+03  0.6403E+03
  0.3218E-01  0.6221E+03  0.3015E+01  0.6219E+03  0.6219E+03
  0.3294E-01  0.6068E+03  0.2941E+01  0.6038E+03  0.6038E+03
  0.3371E-01  0.5922E+03  0.2857E+01  0.5860E+03  0.5860E+03
  0.3447E-01  0.5701E+03  0.2857E+01  0.5685E+03  0.5685E+03
  0.3523E-01  0.5546E+03  0.2968E+01  0.5514E+03  0.5514E+03
  0.3599E-01  0.5362E+03  0.2677E+01  0.5347E+03  0.5347E+03
  0.3676E-01  0.5179E+03  0.2789E+01  0.5184E+03  0.5184E+03
  0.3752E-01  0.5026E+03  0.2766E+01  0.5024E+03  0.5024E+03
  0.3828E-01  0.4863E+03  0.2621E+01  0.4869E+03  0.4869E+03
  0.3905E-01  0.4726E+03  0.2629E+01  0.4717E+03  0.4717E+03
  0.3981E-01  0.4587E+03  0.2584E+01  0.4570E+03  0.4570E+03
  0.4057E-01  0.4458E+03  0.2612E+01  0.4427E+03  0.4427E+03
  0.4134E-01  0.4321E+03  0.2425E+01  0.4288E+03  0.4288E+03
  0.4210E-01  0.4203E+03  0.2449E+01  0.4153E+03  0.4153E+03
  0.4286E-01  0.4035E+03  0.2360E+01  0.4022E+03  0.4022E+03
  0.4362E-01  0.3907E+03  0.2346E+01  0.3896E+03  0.3896E+03
  0.4439E-01  0.3818E+03  0.2348E+01  0.3773E+03  0.3773E+03
  0.4515E-01  0.3690E+03  0.2284E+01  0.3655E+03  0.3655E+03
  0.4591E-01  0.3573E+03  0.2292E+01  0.3541E+03  0.3541E+03
  0.4668E-01  0.3419E+03  0.2232E+01  0.3430E+03  0.3430E+03
  0.4744E-01  0.3256E+03  0.2188E+01  0.3324E+03  0.3324E+03
  0.4820E-01  0.3218E+03  0.2175E+01  0.3221E+03  0.3221E+03
  0.4897E-01  0.3132E+03  0.2138E+01  0.3122E+03  0.3122E+03
  0.4973E-01  0.3031E+03  0.2141E+01  0.3027E+03  0.3027E+03
  0.5049E-01  0.2958E+03  0.2052E+01  0.2935E+03  0.2935E+03
  0.5125E-01  0.2874E+03  0.2095E+01  0.2847E+03  0.2847E+03
  0.5202E-01  0.2809E+03  0.2084E+01  0.2762E+03  0.2762E+03
  0.5278E-01  0.2687E+03  0.2031E+01  0.2680E+03  0.2680E+03
  0.5354E-01  0.2570E+03  0.2041E+01  0.2601E+03  0.2601E+03
  0.5431E-01  0.2504E+03  0.1984E+01  0.2526E+03  0.2526E+03
  0.5507E-01  0.2394E+03  0.2016E+01  0.2453E+03  0.2453E+03
  0.5583E-01  0.2355E+03  0.1940E+01  0.2383E+03  0.2383E+03
  0.5660E-01  0.2318E+03  0.1905E+01  0.2316E+03  0.2316E+03
  0.5736E-01  0.2206E+03  0.1919E+01  0.2251E+03  0.2251E+03
  0.5812E-01  0.2128E+03  0.1839E+01  0.2189E+03  0.2189E+03
  0.5888E-01  0.2122E+03  0.1872E+01  0.2130E+03  0.2130E+03
  0.5965E-01  0.2089E+03  0.1820E+01  0.2072E+03  0.2072E+03
  0.6041E-01  0.2039E+03  0.1814E+01  0.2017E+03  0.2017E+03
  0.6117E-01  0.1974E+03  0.1805E+01  0.1965E+03  0.1965E+03
  0.6194E-01  0.1911E+03  0.1793E+01  0.1914E+03  0.1914E+03
  0.6270E-01  0.1873E+03  0.1817E+01  0.1865E+03  0.1865E+03
  0.6346E-01  0.1859E+03  0.1777E+01  0.1818E+03  0.1818E+03
  0.6423E-01  0.1776E+03  0.1781E+01  0.1772E+03  0.1772E+03
  0.6499E-01  0.1732E+03  0.1781E+01  0.1729E+03  0.1729E+03
  0.6575E-01  0.1679E+03  0.1746E+01  0.1687E+03  0.1687E+03
  0.6651E-01  0.1601E+03  0.1731E+01  0.1647E+03  0.1647E+03
  0.6728E-01  0.1620E+03  0.1685E+01  0.1608E+03  0.1608E+03
  0.6804E-01  0.1572E+03  0.1695E+01  0.1570E+03  0.1570E+03
  0.6880E-01  0.1515E+03  0.1639E+01  0.1534E+03  0.1534E+03
  0.6957E-01  0.1490E+03  0.1604E+01  0.1499E+03  0.1499E+03
  0.7033E-01  0.1478E+03  0.1635E+01  0.1466E+03  0.1466E+03
  0.7109E-01  0.1423E+03  0.1613E+01  0.1433E+03  0.1433E+03
  0.7186E-01  0.1419E+03  0.1609E+01  0.1402E+03  0.1402E+03
  0.7262E-01  0.1391E+03  0.1602E+01  0.1372E+03  0.1372E+03
  0.7338E-01  0.1331E+03  0.1622E+01  0.1342E+03  0.1342E+03
  0.7414E-01  0.1318E+03  0.1606E+01  0.1314E+03  0.1314E+03
  0.7491E-01  0.1301E+03  0.1618E+01  0.1286E+03  0.1286E+03
  0.7567E-01  0.1291E+03  0.1597E+01  0.1260E+03  0.1260E+03
  0.7643E-01  0.1287E+03  0.1593E+01  0.1234E+03  0.1234E+03
  0.7720E-01  0.1235E+03  0.1539E+01  0.1209E+03  0.1209E+03
  0.7796E-01  0.1170E+03  0.1495E+01  0.1184E+03  0.1184E+03
  0.7872E-01  0.1147E+03  0.1504E+01  0.1161E+03  0.1161E+03
  0.7949E-01  0.1131E+03  0.1542E+01  0.1138E+03  0.1138E+03
  0.8025E-01  0.1114E+03  0.1480E+01  0.1115E+03  0.1115E+03
  0.8101E-01  0.1088E+03  0.1524E+01  0.1093E+03  0.1093E+03
  0.8177E-01  0.1079E+03  0.1476E+01  0.1072E+03  0.1072E+03
  0.8254E-01  0.1030E+03  0.1494E+01  0.1051E+03  0.1051E+03
  0.8330E-01  0.1032E+03  0.1458E+01  0.1031E+03  0.1031E+03
  0.8406E-01  0.1046E+03  0.1466E+01  0.1011E+03  0.1011E+03
  0.8483E-01  0.9879E+02  0.1464E+01  0.9915E+02  0.9915E+02
  0.8559E-01  0.9487E+02  0.1409E+01  0.9724E+02  0.9724E+02
  0.8635E-01  0.9337E+02  0.1450E+01  0.9536E+02  0.9536E+02
  0.8712E-01  0.9505E+02  0.1427E+01  0.9352E+02  0.9352E+02
  0.8788E-01  0.9297E+02  0.1420E+01  0.9172E+02  0.9172E+02
  0.8864E-01  0.8904E+02  0.1428E+01  0.8994E+02  0.8994E+02
  0.8940E-01  0.8670E+02  0.1382E+01  0.8819E+02  0.8819E+02
  0.9017E-01  0.8515E+02  0.1387E+01  0.8646E+02  0.8646E+02
  0.9093E-01  0.8444E+02  0.1351E+01  0.8477E+02  0.8477E+02
  0.9169E-01  0.8373E+02  0.1372E+01  0.8309E+02  0.8309E+02
  0.9246E-01  0.8261E+02  0.1387E+01  0.8144E+02  0.8144E+02
  0.9322E-01  0.7911E+02  0.1366E+01  0.7981E+02  0.7981E+02
  0.9398E-01  0.7841E+02  0.1384E+01  0.7821E+02  0.7821E+02
  0.9475E-01  0.7730E+02  0.1370E+01  0.7662E+02  0.7662E+02
  0.9551E-01  0.7222E+02  0.1376E+01  0.7505E+02  0.7505E+02
  0.9627E-01  0.7394E+02  0.1363E+01  0.7351E+02  0.7351E+02
  0.9703E-01  0.7097E+02  0.1317E+01  0.7198E+02  0.7198E+02
  0.9780E-01  0.7141E+02  0.1316E+01  0.7047E+02  0.7047E+02
  0.9856E-01  0.7295E+02  0.1281E+01  0.6898E+02  0.6898E+02
  0.9932E-01  0.6688E+02  0.1289E+01  0.6751E+02  0.6751E+02
  0.1001E+00  0.6537E+02  0.1252E+01  0.6605E+02  0.6605E+02
  0.1008E+00  0.6389E+02  0.1262E+01  0.6462E+02  0.6462E+02
  0.1016E+00  0.6111E+02  0.1276E+01  0.6321E+02  0.6321E+02
  0.1024E+00  0.6284E+02  0.1255E+01  0.6182E+02  0.6182E+02
  0.1031E+00  0.6228E+02  0.1290E+01  0.6045E+02  0.6045E+02
  0.1039E+00  0.6254E+02  0.1257E+01  0.5909E+02  0.5909E+02
  0.1047E+00  0.5981E+02  0.1284E+01  0.5776E+02  0.5776E+02
  0.1054E+00  0.5631E+02  0.1282E+01  0.5646E+02  0.5646E+02
  0.1062E+00  0.5494E+02  0.1273E+01  0.5517E+02  0.5517E+02
  0.1070E+00  0.5578E+02  0.1283E+01  0.5391E+02  0.5391E+02
  0.1077E+00  0.5598E+02  0.1232E+01  0.5267E+02  0.5267E+02
  0.1085E+00  0.5240E+02  0.1266E+01  0.5145E+02  0.5145E+02
  0.1092E+00  0.4971E+02  0.1244E+01  0.5026E+02  0.5026E+02
  0.1100E+00  0.5161E+02  0.1224E+01  0.4909E+02  0.4909E+02
  0.1108E+00  0.4761E+02  0.1224E+01  0.4795E+02  0.4795E+02
  0.1115E+00  0.4468E+02  0.1200E+01  0.4683E+02  0.4683E+02
  0.1123E+00  0.4424E+02  0.1204E+01  0.4574E+02  0.4574E+02
  0.1131E+00  0.4394E+02  0.1189E+01  0.4468E+02  0.4468E+02
  0.1138E+00  0.4334E+02  0.1203E+01  0.4364E+02  0.4364E+02
  0.1146E+00  0.4106E+02  0.1174E+01  0.4262E+02  0.4262E+02
  0.1153E+00  0.4305E+02  0.1186E+01  0.4163E+02  0.4163E+02
  0.1161E+00  0.4378E+02  0.1184E+01  0.4067E+02  0.4067E+02
  0.1169E+00  0.3699E+02  0.1160E+01  0.3973E+02  0.3973E+02
  0.1176E+00  0.3755E+02  0.1195E+01  0.3882E+02  0.3882E+02
  0.1184E+00  0.3685E+02  0.1201E+01  0.3793E+02  0.3793E+02
  0.1192E+00  0.3402E+02  0.1195E+01  0.3707E+02  0.3707E+02
  0.1199E+00  0.3423E+02  0.1189E+01  0.3623E+02  0.3623E+02
  0.1207E+00  0.3373E+02  0.1162E+01  0.3542E+02  0.3542E+02
  0.1215E+00  0.3346E+02  0.1164E+01  0.3463E+02  0.3463E+02
  0.1222E+00  0.3547E+02  0.1162E+01  0.3385E+02  0.3385E+02
  0.1230E+00  0.3496E+02  0.1157E+01  0.3311E+02  0.3311E+02
  0.1237E+00  0.3273E+02  0.1148E+01  0.3238E+02  0.3238E+02
  0.1245E+00  0.2887E+02  0.1131E+01  0.3167E+02  0.3167E+02
  0.1253E+00  0.3011E+02  0.1143E+01  0.3098E+02  0.3098E+02
  0.1260E+00  0.3061E+02  0.1139E+01  0.3031E+02  0.3031E+02
  0.1268E+00  0.2951E+02  0.1152E+01  0.2966E+02  0.2966E+02
  0.1276E+00  0.3243E+02  0.1154E+01  0.2903E+02  0.2903E+02
  0.1283E+00  0.3117E+02  0.1144E+01  0.2841E+02  0.2841E+02
  0.1291E+00  0.2876E+02  0.1135E+01  0.2780E+02  0.2780E+02
  0.1298E+00  0.2802E+02  0.1117E+01  0.2722E+02  0.2722E+02
  0.1306E+00  0.2676E+02  0.1149E+01  0.2664E+02  0.2664E+02
  0.1314E+00  0.2632E+02  0.1150E+01  0.2608E+02  0.2608E+02
  0.1321E+00  0.2435E+02  0.1155E+01  0.2553E+02  0.2553E+02
  0.1329E+00  0.2476E+02  0.1148E+01  0.2499E+02  0.2499E+02
  0.1337E+00  0.2220E+02  0.1134E+01  0.2446E+02  0.2446E+02
  0.1344E+00  0.2438E+02  0.1145E+01  0.2395E+02  0.2395E+02
  0.1352E+00  0.2193E+02  0.1138E+01  0.2344E+02  0.2344E+02
  0.1359E+00  0.2185E+02  0.1167E+01  0.2295E+02  0.2295E+02
  0.1367E+00  0.2405E+02  0.1156E+01  0.2246E+02  0.2246E+02
  0.1375E+00  0.2059E+02  0.1138E+01  0.2198E+02  0.2198E+02
  0.1382E+00  0.2113E+02  0.1176E+01  0.2151E+02  0.2151E+02
  0.1390E+00  0.2283E+02  0.1176E+01  0.2105E+02  0.2105E+02
  0.1398E+00  0.2217E+02  0.1183E+01  0.2059E+02  0.2059E+02
  0.1405E+00  0.2160E+02  0.1183E+01  0.2015E+02  0.2015E+02
  0.1413E+00  0.2058E+02  0.1181E+01  0.1971E+02  0.1971E+02
  0.1421E+00  0.2068E+02  0.1182E+01  0.1928E+02  0.1928E+02
  0.1428E+00  0.1948E+02  0.1155E+01  0.1885E+02  0.1885E+02
  0.1436E+00  0.1789E+02  0.1177E+01  0.1844E+02  0.1844E+02
  0.1443E+00  0.1909E+02  0.1159E+01  0.1803E+02  0.1803E+02
  0.1451E+00  0.1785E+02  0.1167E+01  0.1763E+02  0.1763E+02
  0.1459E+00  0.1563E+02  0.1166E+01  0.1724E+02  0.1724E+02
  0.1466E+00  0.1438E+02  0.1148E+01  0.1686E+02  0.1686E+02
  0.1474E+00  0.1398E+02  0.1150E+01  0.1648E+02  0.1648E+02
  0.1482E+00  0.1263E+02  0.1149E+01  0.1612E+02  0.1612E+02
  0.1489E+00  0.1393E+02  0.1147E+01  0.1576E+02  0.1576E+02
  0.1497E+00  0.1615E+02  0.1127E+01  0.1541E+02  0.1541E+02
  0.1504E+00  0.1610E+02  0.1127E+01  0.1507E+02  0.1507E+02
  0.1512E+00  0.1613E+02  0.1146E+01  0.1473E+02  0.1473E+02
  0.1520E+00  0.1648E+02  0.1150E+01  0.1441E+02  0.1441E+02
  0.1527E+00  0.1207E+02  0.1182E+01  0.1410E+02  0.1410E+02
  0.1535E+00  0.1231E+02  0.1164E+01  0.1379E+02  0.1379E+02
  0.1543E+00  0.1378E+02  0.1174E+01  0.1350E+02  0.1350E+02
  0.1550E+00  0.1219E+02  0.1171E+01  0.1321E+02  0.1321E+02
  0.1558E+00  0.1434E+02  0.1154E+01  0.1294E+02  0.1294E+02
  0.1565E+00  0.1492E+02  0.1182E+01  0.1267E+02  0.1267E+02
  0.1573E+00  0.9982E+01  0.1179E+01  0.1241E+02  0.1241E+02
  0.1581E+00  0.1018E+02  0.1176E+01  0.1216E+02  0.1216E+02
  0.1588E+00  0.9549E+01  0.1156E+01  0.1192E+02  0.1192E+02
  0.1596E+00  0.1030E+02  0.1143E+01  0.1169E+02  0.1169E+02
  0.1604E+00  0.1173E+02  0.1150E+01  0.1147E+02  0.1147E+02
  0.1611E+00  0.1085E+02  0.1140E+01  0.1126E+02  0.1126E+02
  0.1619E+00  0.1278E+02  0.1141E+01  0.1105E+02  0.1105E+02
  0.1627E+00  0.1128E+02  0.1108E+01  0.1085E+02  0.1085E+02
  0.1634E+00  0.1003E+02  0.1124E+01  0.1067E+02  0.1067E+02
  0.1642E+00  0.9959E+01  0.1147E+01  0.1048E+02  0.1048E+02
  0.1649E+00  0.1231E+02  0.1142E+01  0.1031E+02  0.1031E+02
  0.1657E+00  0.1348E+02  0.1163E+01  0.1014E+02  0.1014E+02
  0.1665E+00  0.1128E+02  0.1146E+01  0.9975E+01  0.9975E+01
  0.1672E+00  0.8964E+01  0.1148E+01  0.9818E+01  0.9818E+01
  0.1680E+00  0.6217E+01  0.1158E+01  0.9666E+01  0.9666E+01
  0.1688E+00  0.6332E+01  0.1161E+01  0.9520E+01  0.9520E+01
  0.1695E+00  0.7409E+01  0.1166E+01  0.9378E+01  0.9378E+01
  0.1703E+00  0.1116E+02  0.1155E+01  0.9240E+01  0.9240E+01
  0.1710E+00  0.1011E+02  0.1168E+01  0.9106E+01  0.9106E+01
  0.1718E+00  0.8025E+01  0.1152E+01  0.8975E+01  0.8975E+01
  0.1726E+00  0.9050E+01  0.1155E+01  0.8848E+01  0.8848E+01
  0.1733E+00  0.9342E+01  0.1154E+01  0.8722E+01  0.8722E+01
  0.1741E+00  0.7142E+01  0.1138E+01  0.8600E+01  0.8600E+01
  0.1749E+00  0.7555E+01  0.1155E+01  0.8480E+01  0.8480E+01
  0.1756E+00  0.7747E+01  0.1135E+01  0.8361E+01  0.8361E+01
  0.1764E+00  0.7396E+01  0.1142E+01  0.8244E+01  0.8244E+01
  0.1772E+00  0.7239E+01  0.1155E+01  0.8128E+01  0.8128E+01
  0.1779E+00  0.9284E+01  0.1143E+01  0.8014E+01  0.8014E+01
  0.1787E+00  0.1158E+02  0.1144E+01  0.7900E+01  0.7900E+01
  0.1794E+00  0.8826E+01  0.1123E+01  0.7787E+01  0.7787E+01
  0.1802E+00  0.8407E+01  0.1117E+01  0.7675E+01  0.7675E+01
  0.1810E+00  0.8685E+01  0.1131E+01  0.7563E+01  0.7563E+01
  0.1817E+00  0.6914E+01  0.1129E+01  0.7452E+01  0.7452E+01
  0.1825E+00  0.5319E+01  0.1145E+01  0.7341E+01  0.7341E+01
  0.1833E+00  0.5489E+01  0.1130E+01  0.7231E+01  0.7231E+01
  0.1840E+00  0.6878E+01  0.1145E+01  0.7121E+01  0.7121E+01
  0.1848E+00  0.8463E+01  0.1140E+01  0.7012E+01  0.7012E+01
  0.1855E+00  0.5489E+01  0.1148E+01  0.6904E+01  0.6904E+01
  0.1863E+00  0.7093E+01  0.1158E+01  0.6796E+01  0.6796E+01
  0.1871E+00  0.6560E+01  0.1149E+01  0.6688E+01  0.6688E+01
  0.1878E+00  0.4690E+01  0.1158E+01  0.6582E+01  0.6582E+01
  0.1886E+00  0.5564E+01  0.1146E+01  0.6476E+01  0.6476E+01
  0.1894E+00  0.6667E+01  0.1146E+01  0.6372E+01  0.6372E+01
  0.1901E+00  0.7463E+01  0.1152E+01  0.6269E+01  0.6269E+01
  0.1909E+00  0.6667E+01  0.1126E+01  0.6167E+01  0.6167E+01
  0.1916E+00  0.8025E+01  0.1141E+01  0.6066E+01  0.6066E+01
  0.1924E+00  0.4534E+01  0.1123E+01  0.5967E+01  0.5967E+01
  0.1932E+00  0.5969E+01  0.1142E+01  0.5870E+01  0.5870E+01
  0.1939E+00  0.5269E+01  0.1124E+01  0.5776E+01  0.5776E+01
  0.1947E+00  0.5492E+01  0.1113E+01  0.5682E+01  0.5682E+01
  0.1955E+00  0.5903E+01  0.1123E+01  0.5590E+01  0.5590E+01
  0.1962E+00  0.7710E+01  0.1104E+01  0.5501E+01  0.5501E+01
  0.1970E+00  0.5556E+01  0.1117E+01  0.5413E+01  0.5413E+01
  0.1978E+00  0.3582E+01  0.1126E+01  0.5329E+01  0.5329E+01
  0.1985E+00  0.3780E+01  0.1106E+01  0.5246E+01  0.5246E+01
  0.1993E+00  0.4623E+01  0.1107E+01  0.5166E+01  0.5166E+01
  0.2000E+00  0.5451E+01  0.1102E+01  0.5088E+01  0.5088E+01
  0.2008E+00  0.4410E+01  0.1109E+01  0.5013E+01  0.5013E+01
  0.2016E+00  0.4833E+01  0.1102E+01  0.4940E+01  0.4940E+01
  0.2023E+00  0.3464E+01  0.1094E+01  0.4869E+01  0.4869E+01
  0.2031E+00  0.5245E+01  0.1107E+01  0.4801E+01  0.4801E+01
  0.2039E+00  0.6798E+01  0.1093E+01  0.4735E+01  0.4735E+01
  0.2046E+00  0.6353E+01  0.1107E+01  0.4671E+01  0.4671E+01
  0.2054E+00  0.5575E+01  0.1106E+01  0.4610E+01  0.4610E+01
  0.2061E+00  0.2323E+01  0.1104E+01  0.4551E+01  0.4551E+01
  0.2069E+00  0.2269E+01  0.1131E+01  0.4494E+01  0.4494E+01
  0.2077E+00  0.4860E+01  0.1125E+01  0.4438E+01  0.4438E+01
  0.2084E+00  0.5026E+01  0.1141E+01  0.4385E+01  0.4385E+01
  0.2092E+00  0.3757E+01  0.1124E+01  0.4333E+01  0.4333E+01
  0.2100E+00  0.5094E+01  0.1125E+01  0.4283E+01  0.4283E+01
  0.2107E+00  0.3353E+01  0.1126E+01  0.4234E+01  0.4234E+01
  0.2115E+00  0.4289E+01  0.1115E+01  0.4187E+01  0.4187E+01
  0.2122E+00  0.3828E+01  0.1104E+01  0.4142E+01  0.4142E+01
  0.2130E+00  0.4861E+01  0.1100E+01  0.4097E+01  0.4097E+01
  0.2138E+00  0.5871E+01  0.1098E+01  0.4053E+01  0.4053E+01
  0.2145E+00  0.1410E+01  0.1095E+01  0.4011E+01  0.4011E+01
  0.2153E+00  0.3163E+01  0.1089E+01  0.3970E+01  0.3970E+01
  0.2161E+00  0.3929E+01  0.1103E+01  0.3929E+01  0.3929E+01
  0.2168E+00  0.2010E+01  0.1092E+01  0.3889E+01  0.3889E+01
  0.2176E+00  0.2858E+01  0.1102E+01  0.3850E+01  0.3850E+01
  0.2184E+00  0.3047E+01  0.1098E+01  0.3811E+01  0.3811E+01
  0.2191E+00  0.2702E+01  0.1123E+01  0.3773E+01  0.3773E+01
  0.2199E+00  0.3712E+01  0.1115E+01  0.3735E+01  0.3735E+01
  0.2206E+00  0.2872E+01  0.1103E+01  0.3698E+01  0.3698E+01
  0.2214E+00  0.4086E+01  0.1101E+01  0.3661E+01  0.3661E+01
  0.2222E+00  0.2364E+01  0.1083E+01  0.3625E+01  0.3625E+01
  0.2229E+00  0.7700E+00  0.1085E+01  0.3589E+01  0.3589E+01
  0.2237E+00  0.5953E+01  0.1081E+01  0.3553E+01  0.3553E+01
  0.2245E+00  0.6977E+01  0.1088E+01  0.3518E+01  0.3518E+01
  0.2252E+00  0.6222E+01  0.1098E+01  0.3483E+01  0.3483E+01
  0.2260E+00  0.4033E+01  0.1101E+01  0.3449E+01  0.3449E+01
  0.2267E+00  0.4135E+01  0.1115E+01  0.3415E+01  0.3415E+01
  0.2275E+00  0.1135E+01  0.1117E+01  0.3381E+01  0.3381E+01
  0.2283E+00  0.5060E+00  0.1130E+01  0.3348E+01  0.3348E+01
  0.2290E+00  0.3547E+01  0.1116E+01  0.3315E+01  0.3315E+01
  0.2298E+00  0.3118E+01  0.1126E+01  0.3283E+01  0.3283E+01
  0.2306E+00  0.4015E+01  0.1129E+01  0.3251E+01  0.3251E+01
  0.2313E+00  0.2172E+01  0.1113E+01  0.3219E+01  0.3219E+01
  0.2321E+00  0.3045E+01  0.1134E+01  0.3188E+01  0.3188E+01
  0.2329E+00  0.4200E+01  0.1127E+01  0.3158E+01  0.3158E+01
  0.2336E+00  0.5920E+01  0.1139E+01  0.3128E+01  0.3128E+01
  0.2344E+00  0.3472E+01  0.1160E+01  0.3099E+01  0.3099E+01
  0.2351E+00  0.1638E+01  0.1171E+01  0.3071E+01  0.3071E+01
  0.2359E+00 -0.9503E-01  0.1202E+01  0.3043E+01  0.3043E+01
  0.2367E+00  0.3868E+01  0.1195E+01  0.3015E+01  0.3015E+01
  0.2374E+00  0.4059E+01  0.1196E+01  0.2989E+01  0.2989E+01
  0.2382E+00  0.3868E+01  0.1211E+01  0.2963E+01  0.2963E+01
  0.2390E+00  0.1730E+01  0.1219E+01  0.2937E+01  0.2937E+01
  0.2397E+00  0.3134E+01  0.1223E+01  0.2912E+01  0.2912E+01
  0.2405E+00  0.4063E+01  0.1223E+01  0.2888E+01  0.2888E+01
  0.2412E+00  0.1809E+01  0.1239E+01  0.2864E+01  0.2864E+01
  0.2420E+00  0.1620E+00  0.1240E+01  0.2841E+01  0.2841E+01
  0.2428E+00  0.2444E+01  0.1257E+01  0.2818E+01  0.2818E+01
  0.2435E+00  0.6810E+00  0.1270E+01  0.2796E+01  0.2796E+01
  0.2443E+00  0.2440E+01  0.1267E+01  0.2774E+01  0.2774E+01
  0.2451E+00  0.5918E+01  0.1271E+01  0.2754E+01  0.2754E+01
  0.2458E+00  0.3930E+01  0.1304E+01  0.2732E+01  0.2732E+01
  0.2466E+00  0.3191E+01  0.1315E+01  0.2712E+01  0.2712E+01
  0.2473E+00  0.4344E+01  0.1304E+01  0.2691E+01  0.2691E+01
  0.2481E+00  0.4448E+01  0.1301E+01  0.2672E+01  0.2672E+01
  0.2489E+00  0.3593E+01  0.1338E+01  0.2652E+01  0.2652E+01
  0.2496E+00  0.3717E+01  0.1326E+01  0.2633E+01  0.2633E+01
  0.2504E+00  0.1394E+01  0.1357E+01  0.2614E+01  0.2614E+01
  0.2512E+00  0.2093E+01  0.1343E+01  0.2594E+01  0.2594E+01
  0.2519E+00  0.1991E+01  0.1341E+01  0.2576E+01  0.2576E+01
  0.2527E+00  0.1376E+01  0.1348E+01  0.2557E+01  0.2557E+01
  0.2535E+00  0.9940E+00  0.1321E+01  0.2539E+01  0.2539E+01
  0.2542E+00  0.1180E+01  0.1333E+01  0.2520E+01  0.2520E+01
  0.2550E+00  0.4600E+00  0.1315E+01  0.2502E+01  0.2502E+01
  0.2557E+00 -0.9900E-01  0.1291E+01  0.2483E+01  0.2483E+01

           Distance distribution  function of particle  


       R          P(R)      ERROR

  0.0000E+00  0.0000E+00  0.0000E+00
  0.1648E+01  0.3008E-01  0.9285E-03
  0.3296E+01  0.7735E-01  0.1324E-02
  0.4944E+01  0.1405E+00  0.1279E-02
  0.6592E+01  0.2173E+00  0.9622E-03
  0.8240E+01  0.3051E+00  0.7250E-03
  0.9888E+01  0.4007E+00  0.1001E-02
  0.1154E+02  0.5007E+00  0.1490E-02
  0.1318E+02  0.6017E+00  0.1876E-02
  0.1483E+02  0.7006E+00  0.2054E-02
  0.1648E+02  0.7945E+00  0.2011E-02
  0.1813E+02  0.8812E+00  0.1821E-02
  0.1978E+02  0.9590E+00  0.1646E-02
  0.2142E+02  0.1027E+01  0.1685E-02
  0.2307E+02  0.1084E+01  0.1971E-02
  0.2472E+02  0.1131E+01  0.2345E-02
  0.2637E+02  0.1168E+01  0.2649E-02
  0.2802E+02  0.1196E+01  0.2798E-02
  0.2966E+02  0.1216E+01  0.2778E-02
  0.3131E+02  0.1228E+01  0.2634E-02
  0.3296E+02  0.1235E+01  0.2457E-02
  0.3461E+02  0.1237E+01  0.2352E-02
  0.3626E+02  0.1235E+01  0.2376E-02
  0.3790E+02  0.1230E+01  0.2495E-02
  0.3955E+02  0.1223E+01  0.2628E-02
  0.4120E+02  0.1214E+01  0.2715E-02
  0.4285E+02  0.1204E+01  0.2746E-02
  0.4450E+02  0.1193E+01  0.2755E-02
  0.4614E+02  0.1181E+01  0.2798E-02
  0.4779E+02  0.1170E+01  0.2907E-02
  0.4944E+02  0.1158E+01  0.3067E-02
  0.5109E+02  0.1146E+01  0.3226E-02
  0.5274E+02  0.1135E+01  0.3335E-02
  0.5438E+02  0.1123E+01  0.3375E-02
  0.5603E+02  0.1112E+01  0.3367E-02
  0.5768E+02  0.1101E+01  0.3369E-02
  0.5933E+02  0.1090E+01  0.3443E-02
  0.6098E+02  0.1078E+01  0.3619E-02
  0.6262E+02  0.1066E+01  0.3872E-02
  0.6427E+02  0.1053E+01  0.4142E-02
  0.6592E+02  0.1039E+01  0.4370E-02
  0.6757E+02  0.1023E+01  0.4521E-02
  0.6922E+02  0.1007E+01  0.4592E-02
  0.7086E+02  0.9883E+00  0.4604E-02
  0.7251E+02  0.9682E+00  0.4593E-02
  0.7416E+02  0.9463E+00  0.4588E-02
  0.7581E+02  0.9228E+00  0.4605E-02
  0.7746E+02  0.8976E+00  0.4637E-02
  0.7910E+02  0.8708E+00  0.4675E-02
  0.8075E+02  0.8425E+00  0.4716E-02
  0.8240E+02  0.8131E+00  0.4770E-02
  0.8405E+02  0.7825E+00  0.4856E-02
  0.8570E+02  0.7511E+00  0.4987E-02
  0.8734E+02  0.7190E+00  0.5155E-02
  0.8899E+02  0.6866E+00  0.5332E-02
  0.9064E+02  0.6540E+00  0.5480E-02
  0.9229E+02  0.6216E+00  0.5560E-02
  0.9394E+02  0.5895E+00  0.5552E-02
  0.9558E+02  0.5580E+00  0.5457E-02
  0.9723E+02  0.5273E+00  0.5295E-02
  0.9888E+02  0.4974E+00  0.5098E-02
  0.1005E+03  0.4684E+00  0.4902E-02
  0.1022E+03  0.4404E+00  0.4734E-02
  0.1038E+03  0.4133E+00  0.4610E-02
  0.1055E+03  0.3870E+00  0.4534E-02
  0.1071E+03  0.3615E+00  0.4514E-02
  0.1088E+03  0.3367E+00  0.4562E-02
  0.1104E+03  0.3126E+00  0.4696E-02
  0.1121E+03  0.2891E+00  0.4927E-02
  0.1137E+03  0.2662E+00  0.5248E-02
  0.1154E+03  0.2442E+00  0.5626E-02
  0.1170E+03  0.2231E+00  0.6011E-02
  0.1187E+03  0.2031E+00  0.6350E-02
  0.1203E+03  0.1845E+00  0.6597E-02
  0.1220E+03  0.1674E+00  0.6723E-02
  0.1236E+03  0.1521E+00  0.6720E-02
  0.1252E+03  0.1387E+00  0.6603E-02
  0.1269E+03  0.1272E+00  0.6416E-02
  0.1285E+03  0.1175E+00  0.6223E-02
  0.1302E+03  0.1097E+00  0.6097E-02
  0.1318E+03  0.1033E+00  0.6097E-02
  0.1335E+03  0.9820E-01  0.6243E-02
  0.1351E+03  0.9406E-01  0.6505E-02
  0.1368E+03  0.9054E-01  0.6817E-02
  0.1384E+03  0.8734E-01  0.7107E-02
  0.1401E+03  0.8419E-01  0.7310E-02
  0.1417E+03  0.8086E-01  0.7388E-02
  0.1434E+03  0.7721E-01  0.7327E-02
  0.1450E+03  0.7316E-01  0.7141E-02
  0.1467E+03  0.6868E-01  0.6867E-02
  0.1483E+03  0.6380E-01  0.6558E-02
  0.1500E+03  0.5857E-01  0.6268E-02
  0.1516E+03  0.5305E-01  0.6039E-02
  0.1533E+03  0.4730E-01  0.5874E-02
  0.1549E+03  0.4134E-01  0.5731E-02
  0.1566E+03  0.3519E-01  0.5526E-02
  0.1582E+03  0.2882E-01  0.5157E-02
  0.1599E+03  0.2219E-01  0.4514E-02
  0.1615E+03  0.1522E-01  0.3496E-02
  0.1632E+03  0.7848E-02  0.2015E-02
  0.1648E+03  0.0000E+00  0.0000E+00
          Reciprocal space: Rg =   46.43     , I(0) =   0.1237E+04
     Real space: Rg =   46.58 +- 0.160  I(0) =   0.1237E+04 +-  0.3068E+01
