
           ####    G N O M   ---   Version 4.5a revised 09/02/02     ####

                                                  Sat Nov  4 16:45:52 2017
           ===    Run No   1   ===
 Run title:  0.000132994 0 0


  Number of points omitted at the end:         306
   *******   Working Directory :
   *******    Input file(s) : 25523_01C_S035_0_01.sub
           Condition P(rmin) = 0 is used. 
           Condition P(rmax) = 0 is used. 

          Experimental conditions for the first run
          -----------------------------------------

          Highest ALPHA is found to be   0.3623E+03

  The measure of inconsistency AN1 equals to    0.1082E+01

          Warning: using the chosen range in the real space 
             it is not possible to fit the data set within the
             given error band. 
     Alpha    Discrp  Oscill  Stabil  Sysdev  Positv  Valcen    Total   
  0.3623E+06 57.3602  1.2564  0.9626  0.0263  1.0000  0.8392  0.00001
  0.7245E+05 51.6261  1.2537  0.8667  0.1316  1.0000  0.8398  0.00001
  0.1449E+05 34.7362  1.2435  0.5832  0.1513  1.0000  0.8422  0.00001
  0.2898E+04 14.3570  1.2283  0.2312  0.0197  1.0000  0.8468  0.00001
  0.5796E+03  4.8743  1.2628  0.0646  0.0724  1.0000  0.8442  0.00001
  0.1159E+03  1.6890  1.3367  0.0285  0.4934  1.0000  0.8359  0.48978
  0.2318E+02  0.8727  1.3830  0.0121  0.8487  1.0000  0.8319  0.65606
  0.4637E+01  0.7678  1.4029  0.0061  0.7961  1.0000  0.8305  0.56513
  0.9274E+00  0.7544  1.4167  0.0068  0.7961  1.0000  0.8301  0.10000
  0.1855E+00  0.7465  1.4682  0.0192  0.7829  1.0000  0.8295  0.10000
  0.3709E-01  0.7361  1.7501  0.0299  0.8092  0.9999  0.8273  0.10000
  0.7419E-02  0.7307  2.2540  0.0390  0.8224  0.9994  0.8251  0.10000
  0.1484E-02  0.7275  3.4725  0.0902  0.8355  0.9971  0.8222  0.10000
  0.2968E-03  0.7247  6.2262  0.1995  0.8355  0.9881  0.8033  0.10000
  0.5935E-04  0.7207 12.5219  0.5720  0.8355  0.9441  0.6364  0.10000
  0.1187E-04  0.7146 15.6912  0.4349  0.8092  0.8543  0.3692  0.10000
  0.2374E-05  0.7121 15.5594  0.2038  0.7961  0.8116  0.3434  0.10000
  0.4748E-06  0.7117 14.6129  0.3251  0.7829  0.7930  0.3604  0.10000
  0.9496E-07  0.7113 15.3671  0.4142  0.7829  0.7539  0.3777  0.10000
  0.1899E-07  0.7107 20.8469  0.7417  0.7829  0.6866  0.3751  0.10000
  0.3798E-08  0.7081 25.2811  0.9011  0.7829  0.6808  0.4128  0.10000
  0.7597E-09  0.6970 27.6746  0.8812  0.8092  0.6975  0.4065  0.10000
  0.1519E-09  0.6568 30.0508  0.7812  0.8224  0.7038  0.4058  0.10000
  0.3039E-10  0.5553 33.1196  0.6118  0.8092  0.6972  0.4066  0.10000
  0.6078E-11  0.4010 37.4084  0.4461  0.8224  0.6945  0.3716  0.10000
  0.1216E-11  0.2241 43.9559  0.3384  0.7697  0.6847  0.3479  0.10000
  0.2431E-12  0.0813 48.2210  0.1674  0.7697  0.6959  0.3512  0.10000
  0.4862E-13  0.0207 49.4826  0.0550  0.7566  0.7072  0.3899  0.10000
  0.9724E-14  0.0044 49.7484  0.0131  0.7566  0.7107  0.3998  0.10000
  0.1945E-14  0.0009 49.8016  0.0027  0.7566  0.7115  0.4019  0.10000
  0.3890E-15  0.0002 49.8122  0.0006  0.7566  0.7117  0.4023  0.10000

          ***  Golden section search to maximize estimate ***
     Alpha    Discrp  Oscill  Stabil  Sysdev  Positv  Valcen    Total   
  0.1254E+02  0.8049  1.3924  0.0089  0.8487  1.0000  0.8312  0.63967
  0.2932E+02  0.9184  1.3784  0.0138  0.7961  1.0000  0.8323  0.61660
  0.1833E+02  0.8397  1.3870  0.0106  0.8487  1.0000  0.8316  0.65019
  0.2536E+02  0.8885  1.3813  0.0127  0.8355  1.0000  0.8320  0.64636
  0.2120E+02  0.8588  1.3846  0.0115  0.8487  1.0000  0.8318  0.65390
  0.2399E+02  0.8785  1.3823  0.0123  0.8487  1.0000  0.8319  0.65685
  0.2451E+02  0.8822  1.3820  0.0124  0.8487  1.0000  0.8320  0.65733
  0.2483E+02  0.8846  1.3817  0.0125  0.8355  1.0000  0.8320  0.64590
  0.2431E+02  0.8808  1.3821  0.0124  0.8487  1.0000  0.8320  0.65715
  0.2463E+02  0.8831  1.3819  0.0125  0.8487  1.0000  0.8320  0.65744
  0.2470E+02  0.8837  1.3818  0.0125  0.8487  1.0000  0.8320  0.65751
  0.2475E+02  0.8840  1.3818  0.0125  0.8487  1.0000  0.8320  0.65755
  0.2475E+02  0.8840  1.3818  0.0125  0.8487  1.0000  0.8320  0.65755



             ####            Final results            ####

 Parameter    DISCRP    OSCILL    STABIL    SYSDEV    POSITV    VALCEN
 Weight        1.000     3.000     3.000     4.000     1.000     1.000
 Sigma         0.500     0.600     0.120     0.200     0.120     0.120
 Ideal         1.000     1.100     0.000     1.000     1.000     0.950
 Current       0.884     1.382     0.013     0.849     1.000     0.832
                - - - - - - - - - - - - - - - - - - - - - - - - - 
 Estimate      0.948     0.802     0.989     0.564     1.000     0.380

  Angular   range    :     from    0.0085   to    0.2405
  Real space range   :     from      0.00   to    152.30

  Highest ALPHA (theor) :   0.362E+06                 JOB = 0
  Current ALPHA         :   0.248E+02   Rg :  0.454E+02   I(0) :   0.789E+03

           Total  estimate : 0.658  which is  A REASONABLE  solution

      S          J EXP       ERROR       J REG       I REG

  0.0000E+00                                      0.7895E+03
  0.7751E-03                                      0.7892E+03
  0.1550E-02                                      0.7882E+03
  0.2325E-02                                      0.7866E+03
  0.3100E-02                                      0.7843E+03
  0.3875E-02                                      0.7814E+03
  0.4651E-02                                      0.7778E+03
  0.5426E-02                                      0.7736E+03
  0.6201E-02                                      0.7689E+03
  0.6976E-02                                      0.7635E+03
  0.7751E-02                                      0.7575E+03
  0.8526E-02  0.8062E+03  0.7191E+02  0.7510E+03  0.7510E+03
  0.9289E-02  0.8618E+03  0.5556E+02  0.7440E+03  0.7440E+03
  0.1005E-01  0.8142E+03  0.3401E+02  0.7365E+03  0.7365E+03
  0.1082E-01  0.7427E+03  0.2420E+02  0.7286E+03  0.7286E+03
  0.1158E-01  0.7143E+03  0.1927E+02  0.7201E+03  0.7201E+03
  0.1234E-01  0.7105E+03  0.1462E+02  0.7112E+03  0.7112E+03
  0.1310E-01  0.7190E+03  0.1189E+02  0.7019E+03  0.7019E+03
  0.1387E-01  0.7031E+03  0.8589E+01  0.6922E+03  0.6922E+03
  0.1463E-01  0.6983E+03  0.7707E+01  0.6821E+03  0.6821E+03
  0.1539E-01  0.6870E+03  0.6583E+01  0.6716E+03  0.6716E+03
  0.1616E-01  0.6756E+03  0.6165E+01  0.6609E+03  0.6609E+03
  0.1692E-01  0.6449E+03  0.5535E+01  0.6498E+03  0.6498E+03
  0.1768E-01  0.6280E+03  0.5109E+01  0.6384E+03  0.6384E+03
  0.1845E-01  0.6276E+03  0.4999E+01  0.6268E+03  0.6268E+03
  0.1921E-01  0.6132E+03  0.4484E+01  0.6150E+03  0.6150E+03
  0.1997E-01  0.6105E+03  0.4519E+01  0.6030E+03  0.6030E+03
  0.2073E-01  0.5927E+03  0.4421E+01  0.5908E+03  0.5908E+03
  0.2150E-01  0.5668E+03  0.4098E+01  0.5785E+03  0.5785E+03
  0.2226E-01  0.5612E+03  0.4093E+01  0.5660E+03  0.5660E+03
  0.2302E-01  0.5536E+03  0.3897E+01  0.5535E+03  0.5535E+03
  0.2379E-01  0.5366E+03  0.3820E+01  0.5409E+03  0.5409E+03
  0.2455E-01  0.5231E+03  0.3632E+01  0.5282E+03  0.5282E+03
  0.2531E-01  0.5176E+03  0.3544E+01  0.5156E+03  0.5156E+03
  0.2608E-01  0.5028E+03  0.3445E+01  0.5029E+03  0.5029E+03
  0.2684E-01  0.4991E+03  0.3248E+01  0.4903E+03  0.4903E+03
  0.2760E-01  0.4748E+03  0.3315E+01  0.4777E+03  0.4777E+03
  0.2836E-01  0.4626E+03  0.3126E+01  0.4653E+03  0.4653E+03
  0.2913E-01  0.4550E+03  0.3234E+01  0.4529E+03  0.4529E+03
  0.2989E-01  0.4383E+03  0.3017E+01  0.4406E+03  0.4406E+03
  0.3065E-01  0.4330E+03  0.3008E+01  0.4284E+03  0.4284E+03
  0.3142E-01  0.4205E+03  0.2851E+01  0.4164E+03  0.4164E+03
  0.3218E-01  0.4106E+03  0.2775E+01  0.4046E+03  0.4046E+03
  0.3294E-01  0.3926E+03  0.2773E+01  0.3929E+03  0.3929E+03
  0.3371E-01  0.3826E+03  0.2714E+01  0.3814E+03  0.3814E+03
  0.3447E-01  0.3752E+03  0.2630E+01  0.3702E+03  0.3702E+03
  0.3523E-01  0.3592E+03  0.2692E+01  0.3591E+03  0.3591E+03
  0.3599E-01  0.3483E+03  0.2533E+01  0.3483E+03  0.3483E+03
  0.3676E-01  0.3401E+03  0.2644E+01  0.3377E+03  0.3377E+03
  0.3752E-01  0.3261E+03  0.2577E+01  0.3273E+03  0.3273E+03
  0.3828E-01  0.3106E+03  0.2564E+01  0.3172E+03  0.3172E+03
  0.3905E-01  0.3061E+03  0.2535E+01  0.3074E+03  0.3074E+03
  0.3981E-01  0.2995E+03  0.2440E+01  0.2978E+03  0.2978E+03
  0.4057E-01  0.2992E+03  0.2455E+01  0.2885E+03  0.2885E+03
  0.4134E-01  0.2846E+03  0.2255E+01  0.2794E+03  0.2794E+03
  0.4210E-01  0.2726E+03  0.2339E+01  0.2706E+03  0.2706E+03
  0.4286E-01  0.2595E+03  0.2276E+01  0.2621E+03  0.2621E+03
  0.4362E-01  0.2548E+03  0.2203E+01  0.2539E+03  0.2539E+03
  0.4439E-01  0.2508E+03  0.2185E+01  0.2459E+03  0.2459E+03
  0.4515E-01  0.2412E+03  0.2132E+01  0.2381E+03  0.2381E+03
  0.4591E-01  0.2356E+03  0.2163E+01  0.2307E+03  0.2307E+03
  0.4668E-01  0.2230E+03  0.2128E+01  0.2235E+03  0.2235E+03
  0.4744E-01  0.2163E+03  0.2152E+01  0.2165E+03  0.2165E+03
  0.4820E-01  0.2152E+03  0.2127E+01  0.2098E+03  0.2098E+03
  0.4897E-01  0.2064E+03  0.2092E+01  0.2034E+03  0.2034E+03
  0.4973E-01  0.2048E+03  0.2045E+01  0.1972E+03  0.1972E+03
  0.5049E-01  0.1899E+03  0.2004E+01  0.1912E+03  0.1912E+03
  0.5125E-01  0.1846E+03  0.2001E+01  0.1855E+03  0.1855E+03
  0.5202E-01  0.1804E+03  0.2010E+01  0.1799E+03  0.1799E+03
  0.5278E-01  0.1729E+03  0.1953E+01  0.1746E+03  0.1746E+03
  0.5354E-01  0.1719E+03  0.1976E+01  0.1695E+03  0.1695E+03
  0.5431E-01  0.1673E+03  0.1915E+01  0.1646E+03  0.1646E+03
  0.5507E-01  0.1630E+03  0.1935E+01  0.1600E+03  0.1600E+03
  0.5583E-01  0.1564E+03  0.1915E+01  0.1554E+03  0.1554E+03
  0.5660E-01  0.1480E+03  0.1894E+01  0.1511E+03  0.1511E+03
  0.5736E-01  0.1448E+03  0.1862E+01  0.1469E+03  0.1469E+03
  0.5812E-01  0.1424E+03  0.1777E+01  0.1430E+03  0.1430E+03
  0.5888E-01  0.1406E+03  0.1778E+01  0.1391E+03  0.1391E+03
  0.5965E-01  0.1350E+03  0.1753E+01  0.1354E+03  0.1354E+03
  0.6041E-01  0.1313E+03  0.1756E+01  0.1319E+03  0.1319E+03
  0.6117E-01  0.1264E+03  0.1800E+01  0.1285E+03  0.1285E+03
  0.6194E-01  0.1249E+03  0.1769E+01  0.1252E+03  0.1252E+03
  0.6270E-01  0.1225E+03  0.1742E+01  0.1221E+03  0.1221E+03
  0.6346E-01  0.1164E+03  0.1698E+01  0.1191E+03  0.1191E+03
  0.6423E-01  0.1179E+03  0.1750E+01  0.1161E+03  0.1161E+03
  0.6499E-01  0.1166E+03  0.1749E+01  0.1133E+03  0.1133E+03
  0.6575E-01  0.1100E+03  0.1686E+01  0.1106E+03  0.1106E+03
  0.6651E-01  0.1072E+03  0.1699E+01  0.1080E+03  0.1080E+03
  0.6728E-01  0.1051E+03  0.1662E+01  0.1055E+03  0.1055E+03
  0.6804E-01  0.9963E+02  0.1674E+01  0.1031E+03  0.1031E+03
  0.6880E-01  0.9572E+02  0.1586E+01  0.1007E+03  0.1007E+03
  0.6957E-01  0.9618E+02  0.1583E+01  0.9844E+02  0.9844E+02
  0.7033E-01  0.9704E+02  0.1583E+01  0.9624E+02  0.9624E+02
  0.7109E-01  0.9290E+02  0.1599E+01  0.9410E+02  0.9410E+02
  0.7186E-01  0.9217E+02  0.1597E+01  0.9204E+02  0.9204E+02
  0.7262E-01  0.9092E+02  0.1586E+01  0.9003E+02  0.9003E+02
  0.7338E-01  0.8641E+02  0.1587E+01  0.8809E+02  0.8809E+02
  0.7414E-01  0.8581E+02  0.1570E+01  0.8620E+02  0.8620E+02
  0.7491E-01  0.8399E+02  0.1562E+01  0.8436E+02  0.8436E+02
  0.7567E-01  0.8271E+02  0.1516E+01  0.8258E+02  0.8258E+02
  0.7643E-01  0.8444E+02  0.1548E+01  0.8084E+02  0.8084E+02
  0.7720E-01  0.7895E+02  0.1541E+01  0.7915E+02  0.7915E+02
  0.7796E-01  0.8009E+02  0.1475E+01  0.7751E+02  0.7751E+02
  0.7872E-01  0.7574E+02  0.1498E+01  0.7591E+02  0.7591E+02
  0.7949E-01  0.7180E+02  0.1513E+01  0.7434E+02  0.7434E+02
  0.8025E-01  0.7532E+02  0.1466E+01  0.7282E+02  0.7282E+02
  0.8101E-01  0.7241E+02  0.1490E+01  0.7133E+02  0.7133E+02
  0.8177E-01  0.7129E+02  0.1448E+01  0.6988E+02  0.6988E+02
  0.8254E-01  0.7147E+02  0.1461E+01  0.6847E+02  0.6847E+02
  0.8330E-01  0.6673E+02  0.1437E+01  0.6708E+02  0.6708E+02
  0.8406E-01  0.6346E+02  0.1445E+01  0.6573E+02  0.6573E+02
  0.8483E-01  0.6199E+02  0.1451E+01  0.6441E+02  0.6441E+02
  0.8559E-01  0.6481E+02  0.1412E+01  0.6312E+02  0.6312E+02
  0.8635E-01  0.6535E+02  0.1432E+01  0.6186E+02  0.6186E+02
  0.8712E-01  0.6213E+02  0.1409E+01  0.6062E+02  0.6062E+02
  0.8788E-01  0.5816E+02  0.1377E+01  0.5941E+02  0.5941E+02
  0.8864E-01  0.5913E+02  0.1395E+01  0.5823E+02  0.5823E+02
  0.8940E-01  0.5664E+02  0.1348E+01  0.5707E+02  0.5707E+02
  0.9017E-01  0.5755E+02  0.1369E+01  0.5594E+02  0.5594E+02
  0.9093E-01  0.5477E+02  0.1337E+01  0.5483E+02  0.5483E+02
  0.9169E-01  0.5527E+02  0.1350E+01  0.5374E+02  0.5374E+02
  0.9246E-01  0.5454E+02  0.1350E+01  0.5267E+02  0.5267E+02
  0.9322E-01  0.5623E+02  0.1360E+01  0.5163E+02  0.5163E+02
  0.9398E-01  0.5266E+02  0.1362E+01  0.5060E+02  0.5060E+02
  0.9475E-01  0.4837E+02  0.1333E+01  0.4959E+02  0.4959E+02
  0.9551E-01  0.4717E+02  0.1365E+01  0.4860E+02  0.4860E+02
  0.9627E-01  0.4779E+02  0.1349E+01  0.4763E+02  0.4763E+02
  0.9703E-01  0.5060E+02  0.1294E+01  0.4668E+02  0.4668E+02
  0.9780E-01  0.5235E+02  0.1317E+01  0.4574E+02  0.4574E+02
  0.9856E-01  0.4770E+02  0.1254E+01  0.4482E+02  0.4482E+02
  0.9932E-01  0.4081E+02  0.1263E+01  0.4392E+02  0.4392E+02
  0.1001E+00  0.4043E+02  0.1255E+01  0.4303E+02  0.4303E+02
  0.1008E+00  0.4259E+02  0.1244E+01  0.4216E+02  0.4216E+02
  0.1016E+00  0.3999E+02  0.1263E+01  0.4130E+02  0.4130E+02
  0.1024E+00  0.3974E+02  0.1251E+01  0.4045E+02  0.4045E+02
  0.1031E+00  0.4067E+02  0.1276E+01  0.3962E+02  0.3962E+02
  0.1039E+00  0.3914E+02  0.1246E+01  0.3880E+02  0.3880E+02
  0.1047E+00  0.3762E+02  0.1259E+01  0.3800E+02  0.3800E+02
  0.1054E+00  0.3630E+02  0.1268E+01  0.3721E+02  0.3721E+02
  0.1062E+00  0.3545E+02  0.1254E+01  0.3643E+02  0.3643E+02
  0.1070E+00  0.3618E+02  0.1254E+01  0.3566E+02  0.3566E+02
  0.1077E+00  0.3570E+02  0.1228E+01  0.3491E+02  0.3491E+02
  0.1085E+00  0.3627E+02  0.1258E+01  0.3416E+02  0.3416E+02
  0.1092E+00  0.3352E+02  0.1223E+01  0.3343E+02  0.3343E+02
  0.1100E+00  0.3175E+02  0.1210E+01  0.3271E+02  0.3271E+02
  0.1108E+00  0.3241E+02  0.1214E+01  0.3201E+02  0.3201E+02
  0.1115E+00  0.3138E+02  0.1192E+01  0.3131E+02  0.3131E+02
  0.1123E+00  0.3193E+02  0.1201E+01  0.3063E+02  0.3063E+02
  0.1131E+00  0.3223E+02  0.1191E+01  0.2996E+02  0.2996E+02
  0.1138E+00  0.2883E+02  0.1188E+01  0.2930E+02  0.2930E+02
  0.1146E+00  0.2761E+02  0.1175E+01  0.2866E+02  0.2866E+02
  0.1153E+00  0.2788E+02  0.1176E+01  0.2803E+02  0.2803E+02
  0.1161E+00  0.2662E+02  0.1184E+01  0.2740E+02  0.2740E+02
  0.1169E+00  0.2488E+02  0.1169E+01  0.2680E+02  0.2680E+02
  0.1176E+00  0.2835E+02  0.1199E+01  0.2620E+02  0.2620E+02
  0.1184E+00  0.2783E+02  0.1182E+01  0.2561E+02  0.2561E+02
  0.1192E+00  0.2433E+02  0.1193E+01  0.2504E+02  0.2504E+02
  0.1199E+00  0.2295E+02  0.1180E+01  0.2448E+02  0.2448E+02
  0.1207E+00  0.2199E+02  0.1160E+01  0.2394E+02  0.2394E+02
  0.1215E+00  0.2250E+02  0.1168E+01  0.2340E+02  0.2340E+02
  0.1222E+00  0.2389E+02  0.1148E+01  0.2288E+02  0.2288E+02
  0.1230E+00  0.2125E+02  0.1156E+01  0.2237E+02  0.2237E+02
  0.1237E+00  0.2049E+02  0.1137E+01  0.2188E+02  0.2188E+02
  0.1245E+00  0.2062E+02  0.1133E+01  0.2139E+02  0.2139E+02
  0.1253E+00  0.2309E+02  0.1140E+01  0.2092E+02  0.2092E+02
  0.1260E+00  0.2182E+02  0.1118E+01  0.2046E+02  0.2046E+02
  0.1268E+00  0.1985E+02  0.1148E+01  0.2001E+02  0.2001E+02
  0.1276E+00  0.2002E+02  0.1130E+01  0.1958E+02  0.1958E+02
  0.1283E+00  0.1837E+02  0.1129E+01  0.1915E+02  0.1915E+02
  0.1291E+00  0.1951E+02  0.1136E+01  0.1874E+02  0.1874E+02
  0.1298E+00  0.1930E+02  0.1112E+01  0.1834E+02  0.1834E+02
  0.1306E+00  0.1870E+02  0.1144E+01  0.1795E+02  0.1795E+02
  0.1314E+00  0.1455E+02  0.1147E+01  0.1757E+02  0.1757E+02
  0.1321E+00  0.1366E+02  0.1146E+01  0.1721E+02  0.1721E+02
  0.1329E+00  0.1659E+02  0.1158E+01  0.1685E+02  0.1685E+02
  0.1337E+00  0.1685E+02  0.1147E+01  0.1650E+02  0.1650E+02
  0.1344E+00  0.1699E+02  0.1163E+01  0.1616E+02  0.1616E+02
  0.1352E+00  0.1569E+02  0.1139E+01  0.1583E+02  0.1583E+02
  0.1359E+00  0.1655E+02  0.1153E+01  0.1551E+02  0.1551E+02
  0.1367E+00  0.1650E+02  0.1141E+01  0.1520E+02  0.1520E+02
  0.1375E+00  0.1551E+02  0.1143E+01  0.1490E+02  0.1490E+02
  0.1382E+00  0.1385E+02  0.1169E+01  0.1460E+02  0.1460E+02
  0.1390E+00  0.1353E+02  0.1153E+01  0.1432E+02  0.1432E+02
  0.1398E+00  0.1252E+02  0.1156E+01  0.1403E+02  0.1403E+02
  0.1405E+00  0.1124E+02  0.1169E+01  0.1376E+02  0.1376E+02
  0.1413E+00  0.1338E+02  0.1171E+01  0.1349E+02  0.1349E+02
  0.1421E+00  0.1423E+02  0.1181E+01  0.1323E+02  0.1323E+02
  0.1428E+00  0.1179E+02  0.1167E+01  0.1297E+02  0.1297E+02
  0.1436E+00  0.1226E+02  0.1180E+01  0.1272E+02  0.1272E+02
  0.1443E+00  0.1376E+02  0.1155E+01  0.1248E+02  0.1248E+02
  0.1451E+00  0.1276E+02  0.1165E+01  0.1224E+02  0.1224E+02
  0.1459E+00  0.1203E+02  0.1160E+01  0.1200E+02  0.1200E+02
  0.1466E+00  0.1166E+02  0.1155E+01  0.1177E+02  0.1177E+02
  0.1474E+00  0.1161E+02  0.1151E+01  0.1154E+02  0.1154E+02
  0.1482E+00  0.1203E+02  0.1133E+01  0.1132E+02  0.1132E+02
  0.1489E+00  0.1167E+02  0.1148E+01  0.1110E+02  0.1110E+02
  0.1497E+00  0.1186E+02  0.1136E+01  0.1088E+02  0.1088E+02
  0.1504E+00  0.1011E+02  0.1140E+01  0.1067E+02  0.1067E+02
  0.1512E+00  0.7581E+01  0.1146E+01  0.1046E+02  0.1046E+02
  0.1520E+00  0.8330E+01  0.1143E+01  0.1025E+02  0.1025E+02
  0.1527E+00  0.9803E+01  0.1162E+01  0.1004E+02  0.1004E+02
  0.1535E+00  0.1027E+02  0.1153E+01  0.9843E+01  0.9843E+01
  0.1543E+00  0.9391E+01  0.1161E+01  0.9646E+01  0.9646E+01
  0.1550E+00  0.6113E+01  0.1185E+01  0.9451E+01  0.9451E+01
  0.1558E+00  0.9145E+01  0.1158E+01  0.9259E+01  0.9259E+01
  0.1565E+00  0.7883E+01  0.1177E+01  0.9070E+01  0.9070E+01
  0.1573E+00  0.6347E+01  0.1158E+01  0.8884E+01  0.8884E+01
  0.1581E+00  0.7400E+01  0.1173E+01  0.8701E+01  0.8701E+01
  0.1588E+00  0.6054E+01  0.1175E+01  0.8521E+01  0.8521E+01
  0.1596E+00  0.6129E+01  0.1147E+01  0.8345E+01  0.8345E+01
  0.1604E+00  0.7622E+01  0.1135E+01  0.8172E+01  0.8172E+01
  0.1611E+00  0.8287E+01  0.1132E+01  0.8002E+01  0.8002E+01
  0.1619E+00  0.8633E+01  0.1132E+01  0.7836E+01  0.7836E+01
  0.1627E+00  0.8532E+01  0.1127E+01  0.7673E+01  0.7673E+01
  0.1634E+00  0.6656E+01  0.1122E+01  0.7514E+01  0.7514E+01
  0.1642E+00  0.8380E+01  0.1158E+01  0.7358E+01  0.7358E+01
  0.1649E+00  0.9071E+01  0.1152E+01  0.7207E+01  0.7207E+01
  0.1657E+00  0.8240E+01  0.1142E+01  0.7059E+01  0.7059E+01
  0.1665E+00  0.8182E+01  0.1132E+01  0.6915E+01  0.6915E+01
  0.1672E+00  0.7939E+01  0.1156E+01  0.6775E+01  0.6775E+01
  0.1680E+00  0.7215E+01  0.1150E+01  0.6639E+01  0.6639E+01
  0.1688E+00  0.7236E+01  0.1151E+01  0.6507E+01  0.6507E+01
  0.1695E+00  0.7319E+01  0.1159E+01  0.6379E+01  0.6379E+01
  0.1703E+00  0.4687E+01  0.1152E+01  0.6256E+01  0.6256E+01
  0.1710E+00  0.3054E+01  0.1176E+01  0.6136E+01  0.6136E+01
  0.1718E+00  0.5683E+01  0.1155E+01  0.6020E+01  0.6020E+01
  0.1726E+00  0.4950E+01  0.1151E+01  0.5909E+01  0.5909E+01
  0.1733E+00  0.3285E+01  0.1167E+01  0.5801E+01  0.5801E+01
  0.1741E+00  0.3979E+01  0.1142E+01  0.5698E+01  0.5698E+01
  0.1749E+00  0.5174E+01  0.1158E+01  0.5598E+01  0.5598E+01
  0.1756E+00  0.3861E+01  0.1144E+01  0.5502E+01  0.5502E+01
  0.1764E+00  0.3337E+01  0.1150E+01  0.5410E+01  0.5410E+01
  0.1772E+00  0.2784E+01  0.1153E+01  0.5321E+01  0.5321E+01
  0.1779E+00  0.6242E+01  0.1124E+01  0.5237E+01  0.5237E+01
  0.1787E+00  0.4806E+01  0.1130E+01  0.5155E+01  0.5155E+01
  0.1794E+00  0.1693E+01  0.1111E+01  0.5077E+01  0.5077E+01
  0.1802E+00  0.1011E+01  0.1135E+01  0.5002E+01  0.5002E+01
  0.1810E+00  0.1649E+01  0.1141E+01  0.4930E+01  0.4930E+01
  0.1817E+00  0.2710E+01  0.1121E+01  0.4861E+01  0.4861E+01
  0.1825E+00  0.5177E+01  0.1131E+01  0.4795E+01  0.4795E+01
  0.1833E+00  0.1666E+01  0.1130E+01  0.4731E+01  0.4731E+01
  0.1840E+00  0.3454E+01  0.1143E+01  0.4670E+01  0.4670E+01
  0.1848E+00  0.5743E+01  0.1135E+01  0.4611E+01  0.4611E+01
  0.1855E+00  0.4191E+01  0.1140E+01  0.4554E+01  0.4554E+01
  0.1863E+00  0.5166E+01  0.1172E+01  0.4499E+01  0.4499E+01
  0.1871E+00  0.7420E+00  0.1140E+01  0.4447E+01  0.4447E+01
  0.1878E+00  0.2317E+01  0.1169E+01  0.4396E+01  0.4396E+01
  0.1886E+00  0.3603E+01  0.1152E+01  0.4346E+01  0.4346E+01
  0.1894E+00  0.3683E+01  0.1138E+01  0.4298E+01  0.4298E+01
  0.1901E+00  0.1039E+01  0.1136E+01  0.4252E+01  0.4252E+01
  0.1909E+00  0.4876E+01  0.1135E+01  0.4206E+01  0.4206E+01
  0.1916E+00  0.4675E+01  0.1120E+01  0.4162E+01  0.4162E+01
  0.1924E+00  0.3603E+01  0.1121E+01  0.4119E+01  0.4119E+01
  0.1932E+00  0.4383E+01  0.1131E+01  0.4077E+01  0.4077E+01
  0.1939E+00  0.2918E+01  0.1124E+01  0.4036E+01  0.4036E+01
  0.1947E+00  0.4541E+01  0.1117E+01  0.3995E+01  0.3995E+01
  0.1955E+00  0.4860E+01  0.1110E+01  0.3956E+01  0.3956E+01
  0.1962E+00  0.1895E+01  0.1122E+01  0.3917E+01  0.3917E+01
  0.1970E+00  0.2109E+01  0.1123E+01  0.3878E+01  0.3878E+01
  0.1978E+00  0.1205E+01  0.1119E+01  0.3840E+01  0.3840E+01
  0.1985E+00  0.2522E+01  0.1107E+01  0.3803E+01  0.3803E+01
  0.1993E+00  0.2535E+01  0.1111E+01  0.3767E+01  0.3767E+01
  0.2000E+00  0.4573E+01  0.1098E+01  0.3731E+01  0.3731E+01
  0.2008E+00  0.5422E+01  0.1104E+01  0.3695E+01  0.3695E+01
  0.2016E+00  0.4034E+01  0.1095E+01  0.3660E+01  0.3660E+01
  0.2023E+00  0.5043E+01  0.1086E+01  0.3626E+01  0.3626E+01
  0.2031E+00  0.1466E+01  0.1104E+01  0.3592E+01  0.3592E+01
  0.2039E+00  0.1901E+01  0.1089E+01  0.3558E+01  0.3558E+01
  0.2046E+00  0.2602E+01  0.1106E+01  0.3526E+01  0.3526E+01
  0.2054E+00  0.2973E+01  0.1101E+01  0.3493E+01  0.3493E+01
  0.2061E+00  0.4064E+01  0.1118E+01  0.3461E+01  0.3461E+01
  0.2069E+00  0.1720E+01  0.1134E+01  0.3430E+01  0.3430E+01
  0.2077E+00  0.2924E+01  0.1127E+01  0.3400E+01  0.3400E+01
  0.2084E+00  0.5493E+01  0.1139E+01  0.3370E+01  0.3370E+01
  0.2092E+00  0.4864E+01  0.1135E+01  0.3341E+01  0.3341E+01
  0.2100E+00  0.1536E+01  0.1137E+01  0.3312E+01  0.3312E+01
  0.2107E+00  0.4278E+01  0.1106E+01  0.3284E+01  0.3284E+01
  0.2115E+00  0.3940E+01  0.1107E+01  0.3257E+01  0.3257E+01
  0.2122E+00  0.5061E+01  0.1097E+01  0.3230E+01  0.3230E+01
  0.2130E+00  0.4532E+01  0.1086E+01  0.3204E+01  0.3204E+01
  0.2138E+00  0.1977E+01  0.1089E+01  0.3178E+01  0.3178E+01
  0.2145E+00  0.2096E+01  0.1094E+01  0.3154E+01  0.3154E+01
  0.2153E+00  0.3472E+01  0.1088E+01  0.3129E+01  0.3129E+01
  0.2161E+00  0.1712E+01  0.1103E+01  0.3106E+01  0.3106E+01
  0.2168E+00  0.2188E+01  0.1095E+01  0.3083E+01  0.3083E+01
  0.2176E+00  0.1501E+01  0.1107E+01  0.3061E+01  0.3061E+01
  0.2184E+00  0.2468E+01  0.1098E+01  0.3039E+01  0.3039E+01
  0.2191E+00  0.2445E+01  0.1102E+01  0.3018E+01  0.3018E+01
  0.2199E+00  0.3223E+01  0.1099E+01  0.2997E+01  0.2997E+01
  0.2206E+00  0.4044E+01  0.1092E+01  0.2977E+01  0.2977E+01
  0.2214E+00  0.3727E+01  0.1092E+01  0.2957E+01  0.2957E+01
  0.2222E+00  0.4430E+01  0.1082E+01  0.2938E+01  0.2938E+01
  0.2229E+00  0.3519E+01  0.1083E+01  0.2919E+01  0.2919E+01
  0.2237E+00  0.1848E+01  0.1094E+01  0.2901E+01  0.2901E+01
  0.2245E+00  0.5436E+01  0.1108E+01  0.2882E+01  0.2882E+01
  0.2252E+00  0.2541E+01  0.1105E+01  0.2864E+01  0.2864E+01
  0.2260E+00  0.1378E+01  0.1091E+01  0.2847E+01  0.2847E+01
  0.2267E+00  0.1268E+01  0.1112E+01  0.2829E+01  0.2829E+01
  0.2275E+00  0.4727E+01  0.1108E+01  0.2811E+01  0.2811E+01
  0.2283E+00  0.2754E+01  0.1129E+01  0.2794E+01  0.2794E+01
  0.2290E+00  0.1913E+01  0.1124E+01  0.2777E+01  0.2777E+01
  0.2298E+00  0.1674E+01  0.1126E+01  0.2760E+01  0.2760E+01
  0.2306E+00  0.3040E+01  0.1131E+01  0.2743E+01  0.2743E+01
  0.2313E+00  0.5224E+01  0.1118E+01  0.2725E+01  0.2725E+01
  0.2321E+00  0.1500E+01  0.1145E+01  0.2708E+01  0.2708E+01
  0.2329E+00 -0.5850E+00  0.1136E+01  0.2691E+01  0.2691E+01
  0.2336E+00  0.3225E+01  0.1131E+01  0.2673E+01  0.2673E+01
  0.2344E+00 -0.3650E+00  0.1153E+01  0.2656E+01  0.2656E+01
  0.2351E+00  0.7960E+00  0.1168E+01  0.2638E+01  0.2638E+01
  0.2359E+00  0.2817E+01  0.1207E+01  0.2621E+01  0.2621E+01
  0.2367E+00  0.3695E+01  0.1192E+01  0.2603E+01  0.2603E+01
  0.2374E+00  0.2507E+01  0.1199E+01  0.2586E+01  0.2586E+01
  0.2382E+00  0.3998E+01  0.1200E+01  0.2568E+01  0.2568E+01
  0.2390E+00  0.3884E+01  0.1224E+01  0.2550E+01  0.2550E+01
  0.2397E+00  0.2948E+01  0.1236E+01  0.2532E+01  0.2532E+01
  0.2405E+00  0.2061E+01  0.1229E+01  0.2514E+01  0.2514E+01

           Distance distribution  function of particle  


       R          P(R)      ERROR

  0.0000E+00  0.0000E+00  0.0000E+00
  0.1523E+01  0.2174E-01  0.5339E-03
  0.3046E+01  0.5134E-01  0.8353E-03
  0.4569E+01  0.8836E-01  0.9341E-03
  0.6092E+01  0.1320E+00  0.8805E-03
  0.7615E+01  0.1813E+00  0.7537E-03
  0.9138E+01  0.2351E+00  0.6763E-03
  0.1066E+02  0.2920E+00  0.7588E-03
  0.1218E+02  0.3506E+00  0.9638E-03
  0.1371E+02  0.4094E+00  0.1188E-02
  0.1523E+02  0.4671E+00  0.1367E-02
  0.1675E+02  0.5224E+00  0.1475E-02
  0.1828E+02  0.5741E+00  0.1514E-02
  0.1980E+02  0.6213E+00  0.1506E-02
  0.2132E+02  0.6633E+00  0.1490E-02
  0.2285E+02  0.6996E+00  0.1509E-02
  0.2437E+02  0.7301E+00  0.1584E-02
  0.2589E+02  0.7546E+00  0.1705E-02
  0.2741E+02  0.7735E+00  0.1839E-02
  0.2894E+02  0.7870E+00  0.1952E-02
  0.3046E+02  0.7958E+00  0.2017E-02
  0.3198E+02  0.8005E+00  0.2026E-02
  0.3351E+02  0.8017E+00  0.1985E-02
  0.3503E+02  0.8003E+00  0.1916E-02
  0.3655E+02  0.7968E+00  0.1847E-02
  0.3808E+02  0.7919E+00  0.1812E-02
  0.3960E+02  0.7863E+00  0.1827E-02
  0.4112E+02  0.7802E+00  0.1887E-02
  0.4264E+02  0.7742E+00  0.1970E-02
  0.4417E+02  0.7684E+00  0.2050E-02
  0.4569E+02  0.7629E+00  0.2106E-02
  0.4721E+02  0.7578E+00  0.2128E-02
  0.4874E+02  0.7530E+00  0.2119E-02
  0.5026E+02  0.7484E+00  0.2093E-02
  0.5178E+02  0.7438E+00  0.2068E-02
  0.5331E+02  0.7391E+00  0.2065E-02
  0.5483E+02  0.7339E+00  0.2098E-02
  0.5635E+02  0.7282E+00  0.2170E-02
  0.5787E+02  0.7218E+00  0.2274E-02
  0.5940E+02  0.7144E+00  0.2399E-02
  0.6092E+02  0.7061E+00  0.2532E-02
  0.6244E+02  0.6968E+00  0.2663E-02
  0.6397E+02  0.6865E+00  0.2783E-02
  0.6549E+02  0.6752E+00  0.2887E-02
  0.6701E+02  0.6629E+00  0.2973E-02
  0.6854E+02  0.6499E+00  0.3038E-02
  0.7006E+02  0.6361E+00  0.3082E-02
  0.7158E+02  0.6218E+00  0.3107E-02
  0.7310E+02  0.6069E+00  0.3116E-02
  0.7463E+02  0.5916E+00  0.3116E-02
  0.7615E+02  0.5761E+00  0.3113E-02
  0.7767E+02  0.5603E+00  0.3115E-02
  0.7920E+02  0.5442E+00  0.3127E-02
  0.8072E+02  0.5280E+00  0.3153E-02
  0.8224E+02  0.5116E+00  0.3194E-02
  0.8377E+02  0.4950E+00  0.3245E-02
  0.8529E+02  0.4782E+00  0.3304E-02
  0.8681E+02  0.4611E+00  0.3363E-02
  0.8833E+02  0.4438E+00  0.3417E-02
  0.8986E+02  0.4261E+00  0.3459E-02
  0.9138E+02  0.4082E+00  0.3486E-02
  0.9290E+02  0.3900E+00  0.3491E-02
  0.9443E+02  0.3716E+00  0.3474E-02
  0.9595E+02  0.3530E+00  0.3432E-02
  0.9747E+02  0.3343E+00  0.3368E-02
  0.9900E+02  0.3157E+00  0.3287E-02
  0.1005E+03  0.2972E+00  0.3198E-02
  0.1020E+03  0.2790E+00  0.3113E-02
  0.1036E+03  0.2612E+00  0.3044E-02
  0.1051E+03  0.2440E+00  0.3005E-02
  0.1066E+03  0.2275E+00  0.3005E-02
  0.1081E+03  0.2118E+00  0.3048E-02
  0.1097E+03  0.1970E+00  0.3130E-02
  0.1112E+03  0.1830E+00  0.3242E-02
  0.1127E+03  0.1701E+00  0.3375E-02
  0.1142E+03  0.1581E+00  0.3516E-02
  0.1157E+03  0.1471E+00  0.3655E-02
  0.1173E+03  0.1369E+00  0.3780E-02
  0.1188E+03  0.1276E+00  0.3886E-02
  0.1203E+03  0.1191E+00  0.3965E-02
  0.1218E+03  0.1111E+00  0.4017E-02
  0.1234E+03  0.1038E+00  0.4040E-02
  0.1249E+03  0.9687E-01  0.4039E-02
  0.1264E+03  0.9035E-01  0.4020E-02
  0.1279E+03  0.8414E-01  0.3992E-02
  0.1295E+03  0.7818E-01  0.3963E-02
  0.1310E+03  0.7242E-01  0.3942E-02
  0.1325E+03  0.6684E-01  0.3932E-02
  0.1340E+03  0.6141E-01  0.3930E-02
  0.1355E+03  0.5612E-01  0.3928E-02
  0.1371E+03  0.5096E-01  0.3913E-02
  0.1386E+03  0.4591E-01  0.3866E-02
  0.1401E+03  0.4096E-01  0.3771E-02
  0.1416E+03  0.3610E-01  0.3612E-02
  0.1432E+03  0.3127E-01  0.3375E-02
  0.1447E+03  0.2645E-01  0.3050E-02
  0.1462E+03  0.2156E-01  0.2631E-02
  0.1477E+03  0.1655E-01  0.2115E-02
  0.1493E+03  0.1134E-01  0.1503E-02
  0.1508E+03  0.5852E-02  0.7965E-03
  0.1523E+03  0.0000E+00  0.0000E+00
          Reciprocal space: Rg =   45.43     , I(0) =   0.7895E+03
     Real space: Rg =   45.54 +- 0.138  I(0) =   0.7895E+03 +-  0.2146E+01
