
           ####    G N O M   ---   Version 4.5a revised 09/02/02     ####

                                                  Mon May 24 19:31:54 2010
           ===    Run No   1   ===
 Run title:   Merge of: p3_E6_1.mccd p3_E6_2.mccd p3_E7_1.mccd p3_E7_2.mccd p3


  Number of points omitted at the beginning:           3
  Number of points omitted at the end:          44
   *******   Working Directory :
   *******    Input file(s) : 24162_merged.dat
           Condition P(rmin) = 0 is used. 
           Condition P(rmax) = 0 is used. 

          Experimental conditions for the first run
          -----------------------------------------

          Highest ALPHA is found to be   0.2604E+03

  The measure of inconsistency AN1 equals to    0.8785E+00
     Alpha    Discrp  Oscill  Stabil  Sysdev  Positv  Valcen    Total   
  0.2604E+06 56.8970  1.5300  0.9575  0.0000  1.0000  0.7661  0.00001
  0.5207E+05 50.8719  1.5126  0.8498  0.0000  1.0000  0.7710  0.00001
  0.1041E+05 35.3487  1.4475  0.5824  0.0319  1.0000  0.7906  0.00001
  0.2083E+04 18.5012  1.3397  0.3402  0.0046  1.0000  0.8356  0.00001
  0.4166E+03  6.8938  1.3132  0.1572  0.0592  1.0000  0.8740  0.00001
  0.8332E+02  1.8643  1.3213  0.0427  0.3371  1.0000  0.8889  0.53037
  0.1666E+02  0.7554  1.3289  0.0099  0.4647  1.0000  0.8930  0.61420
  0.3333E+01  0.6424  1.3342  0.0054  0.4829  1.0000  0.8939  0.55751
  0.6665E+00  0.6220  1.3461  0.0105  0.5194  1.0000  0.8940  0.46040
  0.1333E+00  0.5970  1.4386  0.0336  0.5285  1.0000  0.8930  0.10000
  0.2666E-01  0.5634  1.8743  0.0426  0.5558  0.9994  0.8887  0.10000
  0.5332E-02  0.5471  2.5849  0.0884  0.5649  0.9974  0.8811  0.10000
  0.1066E-02  0.5295  4.8853  0.2306  0.5558  0.9881  0.8523  0.10000
  0.2133E-03  0.5136  8.0507  0.1677  0.5558  0.9596  0.7886  0.10000
  0.4266E-04  0.5097  9.9815  0.2289  0.5649  0.9322  0.6679  0.10000
  0.8532E-05  0.5075 13.1718  0.5240  0.5740  0.8788  0.6013  0.10000
  0.1706E-05  0.5057 14.4339  0.2914  0.5831  0.8327  0.3897  0.10000
  0.3413E-06  0.5051 15.7515  0.4987  0.5968  0.7937  0.3611  0.10000
  0.6825E-07  0.5046 14.4612  0.8307  0.5786  0.7674  0.3250  0.10000
  0.1365E-07  0.5036 12.8629  0.7074  0.5786  0.7330  0.3411  0.10000
  0.2730E-08  0.5010 13.7942  0.8453  0.5786  0.7166  0.3486  0.10000
  0.5460E-09  0.4911 15.0462  0.8159  0.5786  0.7092  0.3471  0.10000
  0.1092E-09  0.4652 16.8486  0.5838  0.5877  0.7048  0.3435  0.10000
  0.2184E-10  0.4221 21.9186  0.4971  0.5695  0.6993  0.3485  0.10000
  0.4368E-11  0.3544 29.5971  0.4698  0.5695  0.7196  0.3846  0.10000
  0.8737E-12  0.2610 36.8281  0.4631  0.5330  0.7276  0.4149  0.10000
  0.1747E-12  0.1561 42.5998  0.3464  0.5968  0.7448  0.3496  0.10000
  0.3495E-13  0.0668 48.2280  0.2270  0.6241  0.7858  0.2765  0.10000
  0.6989E-14  0.0185 50.6861  0.0796  0.6241  0.7915  0.2537  0.10000
  0.1398E-14  0.0040 51.2916  0.0186  0.6150  0.7893  0.2471  0.10000
  0.2796E-15  0.0008 51.4184  0.0038  0.6150  0.7885  0.2457  0.10000

          ***  Golden section search to maximize estimate ***
     Alpha    Discrp  Oscill  Stabil  Sysdev  Positv  Valcen    Total   
  0.3081E+02  0.9508  1.3263  0.0169  0.3918  1.0000  0.8920  0.61572
  0.4506E+02  1.1849  1.3245  0.0241  0.3554  1.0000  0.8911  0.59910
  0.2437E+02  0.8551  1.3274  0.0137  0.4556  1.0000  0.8925  0.61677
  0.2107E+02  0.8102  1.3280  0.0120  0.4647  1.0000  0.8927  0.61615
  0.2665E+02  0.8880  1.3270  0.0148  0.4556  1.0000  0.8923  0.61681
  0.2817E+02  0.9105  1.3267  0.0156  0.4374  1.0000  0.8922  0.61657
  0.2575E+02  0.8749  1.3271  0.0144  0.4647  1.0000  0.8924  0.61688
  0.2521E+02  0.8672  1.3272  0.0141  0.4556  1.0000  0.8924  0.61683
  0.2609E+02  0.8798  1.3271  0.0145  0.4647  1.0000  0.8923  0.61687
  0.2555E+02  0.8719  1.3272  0.0143  0.4647  1.0000  0.8924  0.61687
  0.2588E+02  0.8768  1.3271  0.0144  0.4647  1.0000  0.8924  0.61688
  0.2567E+02  0.8738  1.3271  0.0143  0.4647  1.0000  0.8924  0.61688
  0.2580E+02  0.8756  1.3271  0.0144  0.4647  1.0000  0.8924  0.61688
  0.2575E+02  0.8749  1.3271  0.0144  0.4647  1.0000  0.8924  0.61688



             ####            Final results            ####

 Parameter    DISCRP    OSCILL    STABIL    SYSDEV    POSITV    VALCEN
 Weight        1.000     3.000     3.000     4.000     1.000     1.000
 Sigma         0.500     0.600     0.120     0.200     0.120     0.120
 Ideal         1.000     1.100     0.000     1.000     1.000     0.950
 Current       0.875     1.327     0.014     0.465     1.000     0.892
                - - - - - - - - - - - - - - - - - - - - - - - - - 
 Estimate      0.939     0.866     0.986     0.001     1.000     0.794

  Angular   range    :     from    0.0192   to    0.2885
  Real space range   :     from      0.00   to     90.66

  Highest ALPHA (theor) :   0.260E+06                 JOB = 0
  Current ALPHA         :   0.258E+02   Rg :  0.274E+02   I(0) :   0.243E+02

           Total  estimate : 0.617  which is  A REASONABLE  solution

      S          J EXP       ERROR       J REG       I REG

  0.0000E+00                                      0.2431E+02
  0.6841E-03                                      0.2431E+02
  0.1368E-02                                      0.2430E+02
  0.2052E-02                                      0.2428E+02
  0.2736E-02                                      0.2426E+02
  0.3421E-02                                      0.2424E+02
  0.4105E-02                                      0.2421E+02
  0.4789E-02                                      0.2417E+02
  0.5473E-02                                      0.2413E+02
  0.6157E-02                                      0.2408E+02
  0.6841E-02                                      0.2403E+02
  0.7525E-02                                      0.2397E+02
  0.8209E-02                                      0.2390E+02
  0.8893E-02                                      0.2383E+02
  0.9577E-02                                      0.2376E+02
  0.1026E-01                                      0.2368E+02
  0.1095E-01                                      0.2359E+02
  0.1163E-01                                      0.2350E+02
  0.1231E-01                                      0.2341E+02
  0.1300E-01                                      0.2331E+02
  0.1368E-01                                      0.2320E+02
  0.1437E-01                                      0.2309E+02
  0.1505E-01                                      0.2297E+02
  0.1573E-01                                      0.2285E+02
  0.1642E-01                                      0.2273E+02
  0.1710E-01                                      0.2260E+02
  0.1779E-01                                      0.2247E+02
  0.1847E-01                                      0.2233E+02
  0.1915E-01  0.2285E+02  0.7251E+00  0.2218E+02  0.2218E+02
  0.1976E-01  0.2281E+02  0.6149E+00  0.2205E+02  0.2205E+02
  0.2037E-01  0.2299E+02  0.7419E+00  0.2192E+02  0.2192E+02
  0.2098E-01  0.2213E+02  0.7883E+00  0.2179E+02  0.2179E+02
  0.2159E-01  0.2244E+02  0.6699E+00  0.2165E+02  0.2165E+02
  0.2219E-01  0.2251E+02  0.7117E+00  0.2150E+02  0.2150E+02
  0.2280E-01  0.2263E+02  0.4670E+00  0.2136E+02  0.2136E+02
  0.2341E-01  0.2186E+02  0.5244E+00  0.2121E+02  0.2121E+02
  0.2402E-01  0.2146E+02  0.4999E+00  0.2106E+02  0.2106E+02
  0.2463E-01  0.2160E+02  0.5083E+00  0.2091E+02  0.2091E+02
  0.2524E-01  0.2127E+02  0.4161E+00  0.2075E+02  0.2075E+02
  0.2584E-01  0.2068E+02  0.4288E+00  0.2059E+02  0.2059E+02
  0.2645E-01  0.2066E+02  0.4549E+00  0.2043E+02  0.2043E+02
  0.2706E-01  0.2010E+02  0.3954E+00  0.2027E+02  0.2027E+02
  0.2767E-01  0.2037E+02  0.4217E+00  0.2010E+02  0.2010E+02
  0.2828E-01  0.1975E+02  0.3963E+00  0.1994E+02  0.1994E+02
  0.2888E-01  0.2033E+02  0.3608E+00  0.1977E+02  0.1977E+02
  0.2949E-01  0.2001E+02  0.3377E+00  0.1960E+02  0.1960E+02
  0.3010E-01  0.2009E+02  0.3635E+00  0.1942E+02  0.1942E+02
  0.3071E-01  0.2021E+02  0.3799E+00  0.1925E+02  0.1925E+02
  0.3132E-01  0.1990E+02  0.3669E+00  0.1907E+02  0.1907E+02
  0.3192E-01  0.1962E+02  0.4029E+00  0.1889E+02  0.1889E+02
  0.3253E-01  0.1960E+02  0.3626E+00  0.1871E+02  0.1871E+02
  0.3314E-01  0.1873E+02  0.3653E+00  0.1853E+02  0.1853E+02
  0.3375E-01  0.1867E+02  0.3462E+00  0.1835E+02  0.1835E+02
  0.3436E-01  0.1874E+02  0.3084E+00  0.1817E+02  0.1817E+02
  0.3496E-01  0.1833E+02  0.3137E+00  0.1798E+02  0.1798E+02
  0.3557E-01  0.1809E+02  0.3218E+00  0.1779E+02  0.1779E+02
  0.3618E-01  0.1828E+02  0.3006E+00  0.1761E+02  0.1761E+02
  0.3679E-01  0.1762E+02  0.3176E+00  0.1742E+02  0.1742E+02
  0.3740E-01  0.1759E+02  0.3122E+00  0.1723E+02  0.1723E+02
  0.3800E-01  0.1721E+02  0.3347E+00  0.1704E+02  0.1704E+02
  0.3861E-01  0.1730E+02  0.2922E+00  0.1685E+02  0.1685E+02
  0.3922E-01  0.1712E+02  0.2870E+00  0.1666E+02  0.1666E+02
  0.3983E-01  0.1684E+02  0.2839E+00  0.1647E+02  0.1647E+02
  0.4044E-01  0.1652E+02  0.2838E+00  0.1628E+02  0.1628E+02
  0.4105E-01  0.1649E+02  0.2896E+00  0.1609E+02  0.1609E+02
  0.4165E-01  0.1587E+02  0.2719E+00  0.1589E+02  0.1589E+02
  0.4226E-01  0.1558E+02  0.2713E+00  0.1570E+02  0.1570E+02
  0.4287E-01  0.1543E+02  0.2768E+00  0.1551E+02  0.1551E+02
  0.4348E-01  0.1485E+02  0.2668E+00  0.1532E+02  0.1532E+02
  0.4409E-01  0.1477E+02  0.2714E+00  0.1513E+02  0.1513E+02
  0.4469E-01  0.1499E+02  0.2587E+00  0.1493E+02  0.1493E+02
  0.4530E-01  0.1473E+02  0.2520E+00  0.1474E+02  0.1474E+02
  0.4591E-01  0.1463E+02  0.2562E+00  0.1455E+02  0.1455E+02
  0.4652E-01  0.1448E+02  0.2508E+00  0.1436E+02  0.1436E+02
  0.4713E-01  0.1381E+02  0.2520E+00  0.1417E+02  0.1417E+02
  0.4773E-01  0.1384E+02  0.2314E+00  0.1398E+02  0.1398E+02
  0.4834E-01  0.1369E+02  0.2560E+00  0.1379E+02  0.1379E+02
  0.4895E-01  0.1336E+02  0.2573E+00  0.1360E+02  0.1360E+02
  0.4956E-01  0.1325E+02  0.2446E+00  0.1341E+02  0.1341E+02
  0.5017E-01  0.1320E+02  0.1328E+00  0.1322E+02  0.1322E+02
  0.5078E-01  0.1309E+02  0.1455E+00  0.1304E+02  0.1304E+02
  0.5138E-01  0.1306E+02  0.1496E+00  0.1285E+02  0.1285E+02
  0.5199E-01  0.1282E+02  0.1471E+00  0.1267E+02  0.1267E+02
  0.5260E-01  0.1264E+02  0.1432E+00  0.1248E+02  0.1248E+02
  0.5321E-01  0.1235E+02  0.1467E+00  0.1230E+02  0.1230E+02
  0.5382E-01  0.1216E+02  0.1432E+00  0.1212E+02  0.1212E+02
  0.5442E-01  0.1192E+02  0.1447E+00  0.1194E+02  0.1194E+02
  0.5503E-01  0.1184E+02  0.1160E+00  0.1176E+02  0.1176E+02
  0.5564E-01  0.1172E+02  0.1004E+00  0.1158E+02  0.1158E+02
  0.5625E-01  0.1160E+02  0.9045E-01  0.1140E+02  0.1140E+02
  0.5686E-01  0.1146E+02  0.9199E-01  0.1123E+02  0.1123E+02
  0.5746E-01  0.1115E+02  0.8934E-01  0.1106E+02  0.1106E+02
  0.5807E-01  0.1094E+02  0.8966E-01  0.1088E+02  0.1088E+02
  0.5868E-01  0.1080E+02  0.9606E-01  0.1071E+02  0.1071E+02
  0.5929E-01  0.1066E+02  0.9035E-01  0.1054E+02  0.1054E+02
  0.5990E-01  0.1056E+02  0.9188E-01  0.1037E+02  0.1037E+02
  0.6050E-01  0.1036E+02  0.8561E-01  0.1021E+02  0.1021E+02
  0.6111E-01  0.1019E+02  0.9117E-01  0.1004E+02  0.1004E+02
  0.6172E-01  0.9949E+01  0.7696E-01  0.9880E+01  0.9880E+01
  0.6233E-01  0.9697E+01  0.7023E-01  0.9718E+01  0.9718E+01
  0.6294E-01  0.9597E+01  0.6350E-01  0.9559E+01  0.9559E+01
  0.6354E-01  0.9427E+01  0.6905E-01  0.9401E+01  0.9401E+01
  0.6415E-01  0.9337E+01  0.7087E-01  0.9244E+01  0.9244E+01
  0.6476E-01  0.9134E+01  0.6797E-01  0.9090E+01  0.9090E+01
  0.6537E-01  0.9037E+01  0.6607E-01  0.8937E+01  0.8937E+01
  0.6598E-01  0.8853E+01  0.6729E-01  0.8786E+01  0.8786E+01
  0.6659E-01  0.8780E+01  0.6549E-01  0.8637E+01  0.8637E+01
  0.6719E-01  0.8613E+01  0.6820E-01  0.8489E+01  0.8489E+01
  0.6780E-01  0.8491E+01  0.6556E-01  0.8344E+01  0.8344E+01
  0.6841E-01  0.8402E+01  0.6559E-01  0.8200E+01  0.8200E+01
  0.6902E-01  0.8174E+01  0.7078E-01  0.8058E+01  0.8058E+01
  0.6962E-01  0.7966E+01  0.6683E-01  0.7919E+01  0.7919E+01
  0.7023E-01  0.7736E+01  0.6513E-01  0.7781E+01  0.7781E+01
  0.7084E-01  0.7685E+01  0.6400E-01  0.7644E+01  0.7644E+01
  0.7145E-01  0.7509E+01  0.6583E-01  0.7510E+01  0.7510E+01
  0.7206E-01  0.7440E+01  0.6012E-01  0.7378E+01  0.7378E+01
  0.7267E-01  0.7329E+01  0.6650E-01  0.7247E+01  0.7247E+01
  0.7327E-01  0.7187E+01  0.6123E-01  0.7119E+01  0.7119E+01
  0.7388E-01  0.7067E+01  0.5924E-01  0.6992E+01  0.6992E+01
  0.7449E-01  0.6863E+01  0.5730E-01  0.6867E+01  0.6867E+01
  0.7510E-01  0.6844E+01  0.5625E-01  0.6744E+01  0.6744E+01
  0.7571E-01  0.6661E+01  0.5295E-01  0.6623E+01  0.6623E+01
  0.7631E-01  0.6589E+01  0.5561E-01  0.6504E+01  0.6504E+01
  0.7692E-01  0.6501E+01  0.5482E-01  0.6387E+01  0.6387E+01
  0.7753E-01  0.6310E+01  0.5459E-01  0.6272E+01  0.6272E+01
  0.7814E-01  0.6254E+01  0.5738E-01  0.6158E+01  0.6158E+01
  0.7875E-01  0.6192E+01  0.5744E-01  0.6046E+01  0.6046E+01
  0.7935E-01  0.6067E+01  0.6649E-01  0.5937E+01  0.5937E+01
  0.7996E-01  0.5930E+01  0.9744E-01  0.5829E+01  0.5829E+01
  0.8057E-01  0.5778E+01  0.6207E-01  0.5722E+01  0.5722E+01
  0.8118E-01  0.5604E+01  0.4389E-01  0.5618E+01  0.5618E+01
  0.8179E-01  0.5571E+01  0.3811E-01  0.5515E+01  0.5515E+01
  0.8239E-01  0.5544E+01  0.3594E-01  0.5414E+01  0.5414E+01
  0.8300E-01  0.5411E+01  0.3600E-01  0.5315E+01  0.5315E+01
  0.8361E-01  0.5307E+01  0.3502E-01  0.5218E+01  0.5218E+01
  0.8422E-01  0.5124E+01  0.3664E-01  0.5122E+01  0.5122E+01
  0.8483E-01  0.5023E+01  0.3586E-01  0.5028E+01  0.5028E+01
  0.8544E-01  0.4947E+01  0.3541E-01  0.4936E+01  0.4936E+01
  0.8604E-01  0.4860E+01  0.3497E-01  0.4845E+01  0.4845E+01
  0.8665E-01  0.4785E+01  0.4883E-01  0.4756E+01  0.4756E+01
  0.8726E-01  0.4674E+01  0.8949E-01  0.4669E+01  0.4669E+01
  0.8787E-01  0.4585E+01  0.8024E-01  0.4583E+01  0.4583E+01
  0.8847E-01  0.4536E+01  0.1604E+00  0.4499E+01  0.4499E+01
  0.8908E-01  0.4440E+01  0.8001E-01  0.4416E+01  0.4416E+01
  0.8969E-01  0.4391E+01  0.8853E-01  0.4335E+01  0.4335E+01
  0.9030E-01  0.4328E+01  0.4796E-01  0.4256E+01  0.4256E+01
  0.9091E-01  0.4254E+01  0.3532E-01  0.4178E+01  0.4178E+01
  0.9151E-01  0.4159E+01  0.3270E-01  0.4101E+01  0.4101E+01
  0.9212E-01  0.4029E+01  0.3277E-01  0.4026E+01  0.4026E+01
  0.9273E-01  0.3992E+01  0.3197E-01  0.3952E+01  0.3952E+01
  0.9334E-01  0.3911E+01  0.3077E-01  0.3880E+01  0.3880E+01
  0.9395E-01  0.3870E+01  0.3344E-01  0.3809E+01  0.3809E+01
  0.9456E-01  0.3816E+01  0.3477E-01  0.3739E+01  0.3739E+01
  0.9516E-01  0.3753E+01  0.3674E-01  0.3671E+01  0.3671E+01
  0.9577E-01  0.3639E+01  0.3498E-01  0.3604E+01  0.3604E+01
  0.9638E-01  0.3570E+01  0.3331E-01  0.3538E+01  0.3538E+01
  0.9699E-01  0.3453E+01  0.3410E-01  0.3474E+01  0.3474E+01
  0.9760E-01  0.3363E+01  0.3448E-01  0.3411E+01  0.3411E+01
  0.9820E-01  0.3301E+01  0.3571E-01  0.3349E+01  0.3349E+01
  0.9881E-01  0.3279E+01  0.4715E-01  0.3288E+01  0.3288E+01
  0.9942E-01  0.3282E+01  0.3461E-01  0.3229E+01  0.3229E+01
  0.1000E+00  0.3169E+01  0.3247E-01  0.3170E+01  0.3170E+01
  0.1006E+00  0.3150E+01  0.3328E-01  0.3113E+01  0.3113E+01
  0.1012E+00  0.3011E+01  0.3085E-01  0.3057E+01  0.3057E+01
  0.1019E+00  0.2996E+01  0.3138E-01  0.3002E+01  0.3002E+01
  0.1025E+00  0.2929E+01  0.3273E-01  0.2948E+01  0.2948E+01
  0.1031E+00  0.2879E+01  0.3168E-01  0.2895E+01  0.2895E+01
  0.1037E+00  0.2829E+01  0.3283E-01  0.2843E+01  0.2843E+01
  0.1043E+00  0.2773E+01  0.3089E-01  0.2792E+01  0.2792E+01
  0.1049E+00  0.2743E+01  0.3133E-01  0.2742E+01  0.2742E+01
  0.1055E+00  0.2667E+01  0.3020E-01  0.2693E+01  0.2693E+01
  0.1061E+00  0.2619E+01  0.3046E-01  0.2645E+01  0.2645E+01
  0.1067E+00  0.2571E+01  0.3093E-01  0.2598E+01  0.2598E+01
  0.1073E+00  0.2489E+01  0.3144E-01  0.2552E+01  0.2552E+01
  0.1079E+00  0.2478E+01  0.3083E-01  0.2506E+01  0.2506E+01
  0.1085E+00  0.2405E+01  0.2946E-01  0.2462E+01  0.2462E+01
  0.1091E+00  0.2391E+01  0.3205E-01  0.2418E+01  0.2418E+01
  0.1098E+00  0.2357E+01  0.3136E-01  0.2376E+01  0.2376E+01
  0.1104E+00  0.2309E+01  0.2995E-01  0.2334E+01  0.2334E+01
  0.1110E+00  0.2261E+01  0.2896E-01  0.2292E+01  0.2292E+01
  0.1116E+00  0.2255E+01  0.2846E-01  0.2252E+01  0.2252E+01
  0.1122E+00  0.2257E+01  0.2812E-01  0.2212E+01  0.2212E+01
  0.1128E+00  0.2132E+01  0.2912E-01  0.2173E+01  0.2173E+01
  0.1134E+00  0.2154E+01  0.2966E-01  0.2135E+01  0.2135E+01
  0.1140E+00  0.2091E+01  0.2903E-01  0.2098E+01  0.2098E+01
  0.1146E+00  0.2076E+01  0.2937E-01  0.2061E+01  0.2061E+01
  0.1152E+00  0.2062E+01  0.2858E-01  0.2025E+01  0.2025E+01
  0.1158E+00  0.2007E+01  0.2813E-01  0.1989E+01  0.1989E+01
  0.1164E+00  0.1932E+01  0.2902E-01  0.1955E+01  0.1955E+01
  0.1171E+00  0.1919E+01  0.2715E-01  0.1921E+01  0.1921E+01
  0.1177E+00  0.1833E+01  0.2645E-01  0.1887E+01  0.1887E+01
  0.1183E+00  0.1794E+01  0.2825E-01  0.1854E+01  0.1854E+01
  0.1189E+00  0.1765E+01  0.2701E-01  0.1822E+01  0.1822E+01
  0.1195E+00  0.1737E+01  0.2859E-01  0.1790E+01  0.1790E+01
  0.1201E+00  0.1703E+01  0.2909E-01  0.1759E+01  0.1759E+01
  0.1207E+00  0.1713E+01  0.2903E-01  0.1728E+01  0.1728E+01
  0.1213E+00  0.1687E+01  0.2751E-01  0.1698E+01  0.1698E+01
  0.1219E+00  0.1616E+01  0.2733E-01  0.1669E+01  0.1669E+01
  0.1225E+00  0.1633E+01  0.2896E-01  0.1640E+01  0.1640E+01
  0.1231E+00  0.1592E+01  0.2715E-01  0.1612E+01  0.1612E+01
  0.1237E+00  0.1514E+01  0.3405E-01  0.1584E+01  0.1584E+01
  0.1244E+00  0.1507E+01  0.4385E-01  0.1556E+01  0.1556E+01
  0.1250E+00  0.1506E+01  0.3842E-01  0.1529E+01  0.1529E+01
  0.1256E+00  0.1538E+01  0.7630E-01  0.1503E+01  0.1503E+01
  0.1262E+00  0.1491E+01  0.1567E+00  0.1477E+01  0.1477E+01
  0.1268E+00  0.1510E+01  0.6833E-01  0.1452E+01  0.1452E+01
  0.1274E+00  0.1495E+01  0.2680E-01  0.1427E+01  0.1427E+01
  0.1280E+00  0.1480E+01  0.2560E-01  0.1402E+01  0.1402E+01
  0.1286E+00  0.1417E+01  0.2657E-01  0.1378E+01  0.1378E+01
  0.1292E+00  0.1368E+01  0.2598E-01  0.1354E+01  0.1354E+01
  0.1298E+00  0.1320E+01  0.2598E-01  0.1331E+01  0.1331E+01
  0.1304E+00  0.1262E+01  0.2603E-01  0.1308E+01  0.1308E+01
  0.1310E+00  0.1255E+01  0.2739E-01  0.1286E+01  0.1286E+01
  0.1316E+00  0.1218E+01  0.2643E-01  0.1264E+01  0.1264E+01
  0.1323E+00  0.1214E+01  0.2642E-01  0.1242E+01  0.1242E+01
  0.1329E+00  0.1190E+01  0.2810E-01  0.1221E+01  0.1221E+01
  0.1335E+00  0.1196E+01  0.3207E-01  0.1200E+01  0.1200E+01
  0.1341E+00  0.1183E+01  0.4817E-01  0.1179E+01  0.1179E+01
  0.1347E+00  0.1186E+01  0.3194E-01  0.1159E+01  0.1159E+01
  0.1353E+00  0.1145E+01  0.2565E-01  0.1140E+01  0.1140E+01
  0.1359E+00  0.1155E+01  0.2788E-01  0.1120E+01  0.1120E+01
  0.1365E+00  0.1127E+01  0.2912E-01  0.1101E+01  0.1101E+01
  0.1371E+00  0.1125E+01  0.3124E-01  0.1083E+01  0.1083E+01
  0.1377E+00  0.1096E+01  0.2821E-01  0.1064E+01  0.1064E+01
  0.1383E+00  0.1021E+01  0.3172E-01  0.1046E+01  0.1046E+01
  0.1389E+00  0.1036E+01  0.2936E-01  0.1029E+01  0.1029E+01
  0.1396E+00  0.1003E+01  0.3395E-01  0.1011E+01  0.1011E+01
  0.1402E+00  0.9511E+00  0.4291E-01  0.9945E+00  0.9945E+00
  0.1408E+00  0.9178E+00  0.4610E-01  0.9779E+00  0.9779E+00
  0.1414E+00  0.9679E+00  0.4506E-01  0.9616E+00  0.9616E+00
  0.1420E+00  0.8894E+00  0.4998E-01  0.9456E+00  0.9456E+00
  0.1426E+00  0.9040E+00  0.4015E-01  0.9299E+00  0.9299E+00
  0.1432E+00  0.8713E+00  0.3700E-01  0.9145E+00  0.9145E+00
  0.1438E+00  0.8436E+00  0.3816E-01  0.8994E+00  0.8994E+00
  0.1444E+00  0.8981E+00  0.3822E-01  0.8846E+00  0.8846E+00
  0.1450E+00  0.8845E+00  0.3989E-01  0.8701E+00  0.8701E+00
  0.1456E+00  0.8744E+00  0.3744E-01  0.8559E+00  0.8559E+00
  0.1462E+00  0.8908E+00  0.3746E-01  0.8419E+00  0.8419E+00
  0.1468E+00  0.8122E+00  0.3733E-01  0.8283E+00  0.8283E+00
  0.1475E+00  0.7853E+00  0.3802E-01  0.8149E+00  0.8149E+00
  0.1481E+00  0.7958E+00  0.3835E-01  0.8018E+00  0.8018E+00
  0.1487E+00  0.8253E+00  0.3653E-01  0.7890E+00  0.7890E+00
  0.1493E+00  0.7394E+00  0.3596E-01  0.7764E+00  0.7764E+00
  0.1499E+00  0.7268E+00  0.3426E-01  0.7641E+00  0.7641E+00
  0.1505E+00  0.7438E+00  0.3452E-01  0.7520E+00  0.7520E+00
  0.1511E+00  0.7538E+00  0.3494E-01  0.7402E+00  0.7402E+00
  0.1517E+00  0.7869E+00  0.3517E-01  0.7287E+00  0.7287E+00
  0.1523E+00  0.7810E+00  0.3535E-01  0.7173E+00  0.7173E+00
  0.1529E+00  0.7551E+00  0.3628E-01  0.7063E+00  0.7063E+00
  0.1535E+00  0.7326E+00  0.3527E-01  0.6954E+00  0.6954E+00
  0.1541E+00  0.6761E+00  0.3547E-01  0.6848E+00  0.6848E+00
  0.1548E+00  0.6430E+00  0.3488E-01  0.6744E+00  0.6744E+00
  0.1554E+00  0.6421E+00  0.3651E-01  0.6642E+00  0.6642E+00
  0.1560E+00  0.6068E+00  0.3835E-01  0.6543E+00  0.6543E+00
  0.1566E+00  0.6153E+00  0.3618E-01  0.6446E+00  0.6446E+00
  0.1572E+00  0.6536E+00  0.3528E-01  0.6351E+00  0.6351E+00
  0.1578E+00  0.6844E+00  0.3484E-01  0.6257E+00  0.6257E+00
  0.1584E+00  0.6993E+00  0.3347E-01  0.6166E+00  0.6166E+00
  0.1590E+00  0.6496E+00  0.3185E-01  0.6077E+00  0.6077E+00
  0.1596E+00  0.6079E+00  0.3495E-01  0.5990E+00  0.5990E+00
  0.1602E+00  0.5585E+00  0.3320E-01  0.5905E+00  0.5905E+00
  0.1608E+00  0.5363E+00  0.3300E-01  0.5822E+00  0.5822E+00
  0.1614E+00  0.4972E+00  0.3355E-01  0.5741E+00  0.5741E+00
  0.1620E+00  0.5058E+00  0.3364E-01  0.5661E+00  0.5661E+00
  0.1627E+00  0.4929E+00  0.3398E-01  0.5583E+00  0.5583E+00
  0.1633E+00  0.4890E+00  0.3509E-01  0.5507E+00  0.5507E+00
  0.1639E+00  0.4600E+00  0.3385E-01  0.5433E+00  0.5433E+00
  0.1645E+00  0.5003E+00  0.3255E-01  0.5360E+00  0.5360E+00
  0.1651E+00  0.4840E+00  0.3212E-01  0.5289E+00  0.5289E+00
  0.1657E+00  0.4926E+00  0.3263E-01  0.5220E+00  0.5220E+00
  0.1663E+00  0.4604E+00  0.3196E-01  0.5152E+00  0.5152E+00
  0.1669E+00  0.4861E+00  0.3343E-01  0.5085E+00  0.5085E+00
  0.1675E+00  0.4427E+00  0.3322E-01  0.5020E+00  0.5020E+00
  0.1681E+00  0.4526E+00  0.3258E-01  0.4957E+00  0.4957E+00
  0.1687E+00  0.4598E+00  0.3338E-01  0.4895E+00  0.4895E+00
  0.1693E+00  0.4857E+00  0.3332E-01  0.4834E+00  0.4834E+00
  0.1700E+00  0.5273E+00  0.3322E-01  0.4775E+00  0.4775E+00
  0.1706E+00  0.4836E+00  0.3354E-01  0.4717E+00  0.4717E+00
  0.1712E+00  0.4614E+00  0.3323E-01  0.4660E+00  0.4660E+00
  0.1718E+00  0.4641E+00  0.3249E-01  0.4604E+00  0.4604E+00
  0.1724E+00  0.4463E+00  0.3328E-01  0.4550E+00  0.4550E+00
  0.1730E+00  0.4312E+00  0.3252E-01  0.4497E+00  0.4497E+00
  0.1736E+00  0.4485E+00  0.3329E-01  0.4445E+00  0.4445E+00
  0.1742E+00  0.4185E+00  0.3254E-01  0.4394E+00  0.4394E+00
  0.1748E+00  0.3440E+00  0.3405E-01  0.4344E+00  0.4344E+00
  0.1754E+00  0.3680E+00  0.3374E-01  0.4296E+00  0.4296E+00
  0.1760E+00  0.3437E+00  0.3463E-01  0.4248E+00  0.4248E+00
  0.1766E+00  0.3233E+00  0.3271E-01  0.4201E+00  0.4201E+00
  0.1773E+00  0.3686E+00  0.3209E-01  0.4155E+00  0.4155E+00
  0.1779E+00  0.3988E+00  0.3233E-01  0.4111E+00  0.4111E+00
  0.1785E+00  0.3920E+00  0.3513E-01  0.4067E+00  0.4067E+00
  0.1791E+00  0.3576E+00  0.3210E-01  0.4024E+00  0.4024E+00
  0.1797E+00  0.3297E+00  0.3259E-01  0.3982E+00  0.3982E+00
  0.1803E+00  0.3445E+00  0.3224E-01  0.3940E+00  0.3940E+00
  0.1809E+00  0.3104E+00  0.3046E-01  0.3900E+00  0.3900E+00
  0.1815E+00  0.3356E+00  0.3245E-01  0.3860E+00  0.3860E+00
  0.1821E+00  0.2877E+00  0.3234E-01  0.3821E+00  0.3821E+00
  0.1827E+00  0.3048E+00  0.3180E-01  0.3783E+00  0.3783E+00
  0.1833E+00  0.3040E+00  0.3182E-01  0.3745E+00  0.3745E+00
  0.1839E+00  0.2837E+00  0.3266E-01  0.3709E+00  0.3709E+00
  0.1845E+00  0.3756E+00  0.3082E-01  0.3672E+00  0.3672E+00
  0.1852E+00  0.3414E+00  0.3291E-01  0.3637E+00  0.3637E+00
  0.1858E+00  0.2815E+00  0.3112E-01  0.3602E+00  0.3602E+00
  0.1864E+00  0.2976E+00  0.3176E-01  0.3568E+00  0.3568E+00
  0.1870E+00  0.2757E+00  0.3199E-01  0.3534E+00  0.3534E+00
  0.1876E+00  0.3012E+00  0.3143E-01  0.3501E+00  0.3501E+00
  0.1882E+00  0.3008E+00  0.2978E-01  0.3469E+00  0.3469E+00
  0.1888E+00  0.2941E+00  0.3086E-01  0.3437E+00  0.3437E+00
  0.1894E+00  0.2366E+00  0.3177E-01  0.3405E+00  0.3405E+00
  0.1900E+00  0.2684E+00  0.3113E-01  0.3374E+00  0.3374E+00
  0.1906E+00  0.2775E+00  0.3044E-01  0.3344E+00  0.3344E+00
  0.1912E+00  0.2881E+00  0.3083E-01  0.3314E+00  0.3314E+00
  0.1918E+00  0.2930E+00  0.3092E-01  0.3285E+00  0.3285E+00
  0.1925E+00  0.2959E+00  0.3087E-01  0.3256E+00  0.3256E+00
  0.1931E+00  0.3439E+00  0.3055E-01  0.3227E+00  0.3227E+00
  0.1937E+00  0.3264E+00  0.2909E-01  0.3199E+00  0.3199E+00
  0.1943E+00  0.3170E+00  0.2963E-01  0.3171E+00  0.3171E+00
  0.1949E+00  0.3828E+00  0.3039E-01  0.3144E+00  0.3144E+00
  0.1955E+00  0.3392E+00  0.3037E-01  0.3117E+00  0.3117E+00
  0.1961E+00  0.3629E+00  0.2972E-01  0.3091E+00  0.3091E+00
  0.1967E+00  0.3787E+00  0.2924E-01  0.3065E+00  0.3065E+00
  0.1973E+00  0.3385E+00  0.2981E-01  0.3039E+00  0.3039E+00
  0.1979E+00  0.3401E+00  0.2900E-01  0.3014E+00  0.3014E+00
  0.1985E+00  0.3372E+00  0.2974E-01  0.2989E+00  0.2989E+00
  0.1991E+00  0.2950E+00  0.2866E-01  0.2964E+00  0.2964E+00
  0.1997E+00  0.3231E+00  0.2911E-01  0.2940E+00  0.2940E+00
  0.2004E+00  0.3217E+00  0.2968E-01  0.2916E+00  0.2916E+00
  0.2010E+00  0.3077E+00  0.2979E-01  0.2892E+00  0.2892E+00
  0.2016E+00  0.3154E+00  0.2925E-01  0.2869E+00  0.2869E+00
  0.2022E+00  0.2893E+00  0.2961E-01  0.2846E+00  0.2846E+00
  0.2028E+00  0.3322E+00  0.3030E-01  0.2823E+00  0.2823E+00
  0.2034E+00  0.3270E+00  0.2911E-01  0.2801E+00  0.2801E+00
  0.2040E+00  0.3199E+00  0.2927E-01  0.2779E+00  0.2779E+00
  0.2046E+00  0.3102E+00  0.2879E-01  0.2757E+00  0.2757E+00
  0.2052E+00  0.3412E+00  0.2870E-01  0.2736E+00  0.2736E+00
  0.2058E+00  0.3299E+00  0.2909E-01  0.2715E+00  0.2715E+00
  0.2064E+00  0.3076E+00  0.2913E-01  0.2694E+00  0.2694E+00
  0.2070E+00  0.2952E+00  0.2950E-01  0.2673E+00  0.2673E+00
  0.2077E+00  0.2377E+00  0.2939E-01  0.2653E+00  0.2653E+00
  0.2083E+00  0.2554E+00  0.2914E-01  0.2633E+00  0.2633E+00
  0.2089E+00  0.2503E+00  0.2982E-01  0.2613E+00  0.2613E+00
  0.2095E+00  0.2330E+00  0.2790E-01  0.2594E+00  0.2594E+00
  0.2101E+00  0.2236E+00  0.2832E-01  0.2575E+00  0.2575E+00
  0.2107E+00  0.2165E+00  0.3009E-01  0.2556E+00  0.2556E+00
  0.2113E+00  0.2547E+00  0.3000E-01  0.2537E+00  0.2537E+00
  0.2119E+00  0.2260E+00  0.3052E-01  0.2519E+00  0.2519E+00
  0.2125E+00  0.2373E+00  0.3429E-01  0.2500E+00  0.2500E+00
  0.2131E+00  0.2061E+00  0.2976E-01  0.2483E+00  0.2483E+00
  0.2137E+00  0.2341E+00  0.2801E-01  0.2465E+00  0.2465E+00
  0.2143E+00  0.2307E+00  0.2837E-01  0.2448E+00  0.2448E+00
  0.2149E+00  0.2374E+00  0.2937E-01  0.2431E+00  0.2431E+00
  0.2156E+00  0.2245E+00  0.2810E-01  0.2414E+00  0.2414E+00
  0.2162E+00  0.2064E+00  0.2930E-01  0.2397E+00  0.2397E+00
  0.2168E+00  0.2348E+00  0.2877E-01  0.2381E+00  0.2381E+00
  0.2174E+00  0.2326E+00  0.2910E-01  0.2365E+00  0.2365E+00
  0.2180E+00  0.2475E+00  0.3121E-01  0.2349E+00  0.2349E+00
  0.2186E+00  0.2463E+00  0.3188E-01  0.2333E+00  0.2333E+00
  0.2192E+00  0.2433E+00  0.4524E-01  0.2318E+00  0.2318E+00
  0.2198E+00  0.2258E+00  0.3241E-01  0.2303E+00  0.2303E+00
  0.2204E+00  0.1994E+00  0.3053E-01  0.2288E+00  0.2288E+00
  0.2210E+00  0.1850E+00  0.2878E-01  0.2273E+00  0.2273E+00
  0.2216E+00  0.2093E+00  0.2812E-01  0.2259E+00  0.2259E+00
  0.2222E+00  0.2217E+00  0.2843E-01  0.2244E+00  0.2244E+00
  0.2228E+00  0.2029E+00  0.2756E-01  0.2230E+00  0.2230E+00
  0.2235E+00  0.2364E+00  0.2917E-01  0.2217E+00  0.2217E+00
  0.2241E+00  0.2149E+00  0.2773E-01  0.2203E+00  0.2203E+00
  0.2247E+00  0.2220E+00  0.2633E-01  0.2190E+00  0.2190E+00
  0.2253E+00  0.2443E+00  0.2766E-01  0.2176E+00  0.2176E+00
  0.2259E+00  0.2220E+00  0.2659E-01  0.2163E+00  0.2163E+00
  0.2265E+00  0.2203E+00  0.2634E-01  0.2151E+00  0.2151E+00
  0.2271E+00  0.2405E+00  0.2740E-01  0.2138E+00  0.2138E+00
  0.2277E+00  0.1923E+00  0.2723E-01  0.2126E+00  0.2126E+00
  0.2283E+00  0.1977E+00  0.2875E-01  0.2114E+00  0.2114E+00
  0.2289E+00  0.1861E+00  0.3437E-01  0.2102E+00  0.2102E+00
  0.2295E+00  0.1834E+00  0.3139E-01  0.2090E+00  0.2090E+00
  0.2301E+00  0.1694E+00  0.2913E-01  0.2078E+00  0.2078E+00
  0.2308E+00  0.2062E+00  0.2768E-01  0.2067E+00  0.2067E+00
  0.2314E+00  0.1751E+00  0.2930E-01  0.2056E+00  0.2056E+00
  0.2320E+00  0.1793E+00  0.2766E-01  0.2044E+00  0.2044E+00
  0.2326E+00  0.2014E+00  0.2754E-01  0.2034E+00  0.2034E+00
  0.2332E+00  0.2179E+00  0.2791E-01  0.2023E+00  0.2023E+00
  0.2338E+00  0.2128E+00  0.2692E-01  0.2012E+00  0.2012E+00
  0.2344E+00  0.2108E+00  0.2761E-01  0.2002E+00  0.2002E+00
  0.2350E+00  0.2069E+00  0.2748E-01  0.1992E+00  0.1992E+00
  0.2356E+00  0.2043E+00  0.3001E-01  0.1981E+00  0.1981E+00
  0.2362E+00  0.2213E+00  0.2733E-01  0.1971E+00  0.1971E+00
  0.2368E+00  0.2349E+00  0.2725E-01  0.1962E+00  0.1962E+00
  0.2374E+00  0.2073E+00  0.2643E-01  0.1952E+00  0.1952E+00
  0.2380E+00  0.2089E+00  0.2660E-01  0.1942E+00  0.1942E+00
  0.2387E+00  0.1734E+00  0.3699E-01  0.1933E+00  0.1933E+00
  0.2393E+00  0.1608E+00  0.1881E-01  0.1924E+00  0.1924E+00
  0.2405E+00  0.1777E+00  0.2986E-01  0.1905E+00  0.1905E+00
  0.2411E+00  0.1803E+00  0.2599E-01  0.1896E+00  0.1896E+00
  0.2417E+00  0.1618E+00  0.2620E-01  0.1888E+00  0.1888E+00
  0.2423E+00  0.1945E+00  0.2701E-01  0.1879E+00  0.1879E+00
  0.2429E+00  0.1903E+00  0.2719E-01  0.1870E+00  0.1870E+00
  0.2435E+00  0.1694E+00  0.2807E-01  0.1862E+00  0.1862E+00
  0.2441E+00  0.1603E+00  0.3691E-01  0.1853E+00  0.1853E+00
  0.2447E+00  0.1473E+00  0.1842E-01  0.1845E+00  0.1845E+00
  0.2460E+00  0.1539E+00  0.2897E-01  0.1828E+00  0.1828E+00
  0.2466E+00  0.1625E+00  0.2559E-01  0.1820E+00  0.1820E+00
  0.2472E+00  0.1745E+00  0.2549E-01  0.1812E+00  0.1812E+00
  0.2478E+00  0.1720E+00  0.2572E-01  0.1804E+00  0.1804E+00
  0.2484E+00  0.1606E+00  0.2587E-01  0.1796E+00  0.1796E+00
  0.2490E+00  0.1885E+00  0.2625E-01  0.1789E+00  0.1789E+00
  0.2496E+00  0.1527E+00  0.2622E-01  0.1781E+00  0.1781E+00
  0.2502E+00  0.1414E+00  0.2552E-01  0.1773E+00  0.1773E+00
  0.2508E+00  0.1676E+00  0.2490E-01  0.1766E+00  0.1766E+00
  0.2514E+00  0.1800E+00  0.2524E-01  0.1758E+00  0.1758E+00
  0.2520E+00  0.2047E+00  0.2544E-01  0.1751E+00  0.1751E+00
  0.2526E+00  0.1713E+00  0.2586E-01  0.1743E+00  0.1743E+00
  0.2532E+00  0.1913E+00  0.2506E-01  0.1736E+00  0.1736E+00
  0.2539E+00  0.1765E+00  0.2571E-01  0.1728E+00  0.1728E+00
  0.2545E+00  0.1418E+00  0.2689E-01  0.1721E+00  0.1721E+00
  0.2551E+00  0.1608E+00  0.2452E-01  0.1714E+00  0.1714E+00
  0.2557E+00  0.1455E+00  0.2511E-01  0.1707E+00  0.1707E+00
  0.2563E+00  0.1149E+00  0.2554E-01  0.1699E+00  0.1699E+00
  0.2569E+00  0.1869E+00  0.2536E-01  0.1692E+00  0.1692E+00
  0.2575E+00  0.1306E+00  0.2561E-01  0.1685E+00  0.1685E+00
  0.2581E+00  0.1848E+00  0.2627E-01  0.1678E+00  0.1678E+00
  0.2587E+00  0.1627E+00  0.2631E-01  0.1671E+00  0.1671E+00
  0.2593E+00  0.1901E+00  0.2533E-01  0.1664E+00  0.1664E+00
  0.2599E+00  0.1916E+00  0.2545E-01  0.1657E+00  0.1657E+00
  0.2605E+00  0.1427E+00  0.2498E-01  0.1650E+00  0.1650E+00
  0.2612E+00  0.1452E+00  0.2510E-01  0.1643E+00  0.1643E+00
  0.2618E+00  0.1461E+00  0.2581E-01  0.1636E+00  0.1636E+00
  0.2624E+00  0.1696E+00  0.2507E-01  0.1630E+00  0.1630E+00
  0.2630E+00  0.1565E+00  0.2517E-01  0.1623E+00  0.1623E+00
  0.2636E+00  0.1345E+00  0.2626E-01  0.1616E+00  0.1616E+00
  0.2642E+00  0.1321E+00  0.2568E-01  0.1609E+00  0.1609E+00
  0.2648E+00  0.1407E+00  0.2620E-01  0.1603E+00  0.1603E+00
  0.2654E+00  0.1441E+00  0.2551E-01  0.1596E+00  0.1596E+00
  0.2660E+00  0.1333E+00  0.2547E-01  0.1589E+00  0.1589E+00
  0.2666E+00  0.1817E+00  0.2533E-01  0.1583E+00  0.1583E+00
  0.2672E+00  0.1488E+00  0.2547E-01  0.1576E+00  0.1576E+00
  0.2678E+00  0.1938E+00  0.2477E-01  0.1569E+00  0.1569E+00
  0.2684E+00  0.1686E+00  0.2544E-01  0.1563E+00  0.1563E+00
  0.2691E+00  0.1766E+00  0.2593E-01  0.1556E+00  0.1556E+00
  0.2697E+00  0.1923E+00  0.2639E-01  0.1550E+00  0.1550E+00
  0.2703E+00  0.1869E+00  0.2406E-01  0.1543E+00  0.1543E+00
  0.2709E+00  0.1554E+00  0.2410E-01  0.1537E+00  0.1537E+00
  0.2715E+00  0.1949E+00  0.2370E-01  0.1531E+00  0.1531E+00
  0.2721E+00  0.1752E+00  0.2344E-01  0.1524E+00  0.1524E+00
  0.2727E+00  0.1665E+00  0.2445E-01  0.1518E+00  0.1518E+00
  0.2733E+00  0.1747E+00  0.2357E-01  0.1512E+00  0.1512E+00
  0.2739E+00  0.1615E+00  0.3418E-01  0.1505E+00  0.1505E+00
  0.2745E+00  0.1463E+00  0.1675E-01  0.1499E+00  0.1499E+00
  0.2757E+00  0.1361E+00  0.2638E-01  0.1487E+00  0.1487E+00
  0.2763E+00  0.1502E+00  0.2477E-01  0.1481E+00  0.1481E+00
  0.2770E+00  0.1910E+00  0.2699E-01  0.1475E+00  0.1475E+00
  0.2776E+00  0.1670E+00  0.3901E-01  0.1469E+00  0.1469E+00
  0.2782E+00  0.1925E+00  0.3227E-01  0.1463E+00  0.1463E+00
  0.2788E+00  0.2044E+00  0.3043E-01  0.1457E+00  0.1457E+00
  0.2794E+00  0.1573E+00  0.3249E-01  0.1451E+00  0.1451E+00
  0.2800E+00  0.1958E+00  0.2587E-01  0.1445E+00  0.1445E+00
  0.2806E+00  0.1413E+00  0.2453E-01  0.1439E+00  0.1439E+00
  0.2812E+00  0.1698E+00  0.2295E-01  0.1433E+00  0.1433E+00
  0.2818E+00  0.1372E+00  0.2366E-01  0.1427E+00  0.1427E+00
  0.2824E+00  0.1254E+00  0.2403E-01  0.1422E+00  0.1422E+00
  0.2830E+00  0.1216E+00  0.2518E-01  0.1416E+00  0.1416E+00
  0.2836E+00  0.1203E+00  0.3584E-01  0.1410E+00  0.1410E+00
  0.2843E+00  0.1257E+00  0.1693E-01  0.1405E+00  0.1405E+00
  0.2855E+00  0.1277E+00  0.2739E-01  0.1393E+00  0.1393E+00
  0.2861E+00  0.1232E+00  0.2508E-01  0.1388E+00  0.1388E+00
  0.2867E+00  0.1455E+00  0.2445E-01  0.1383E+00  0.1383E+00
  0.2873E+00  0.1539E+00  0.2381E-01  0.1377E+00  0.1377E+00
  0.2879E+00  0.1936E+00  0.2232E-01  0.1372E+00  0.1372E+00
  0.2885E+00  0.1615E+00  0.2353E-01  0.1366E+00  0.1366E+00

           Distance distribution  function of particle  


       R          P(R)      ERROR

  0.0000E+00  0.0000E+00  0.0000E+00
  0.9066E+00  0.9195E-03  0.1332E-04
  0.1813E+01  0.2010E-02  0.2205E-04
  0.2720E+01  0.3268E-02  0.2654E-04
  0.3626E+01  0.4687E-02  0.2732E-04
  0.4533E+01  0.6259E-02  0.2521E-04
  0.5440E+01  0.7973E-02  0.2145E-04
  0.6346E+01  0.9816E-02  0.1810E-04
  0.7253E+01  0.1177E-01  0.1813E-04
  0.8159E+01  0.1383E-01  0.2251E-04
  0.9066E+01  0.1597E-01  0.2918E-04
  0.9973E+01  0.1816E-01  0.3610E-04
  0.1088E+02  0.2040E-01  0.4211E-04
  0.1179E+02  0.2266E-01  0.4655E-04
  0.1269E+02  0.2491E-01  0.4910E-04
  0.1360E+02  0.2715E-01  0.4973E-04
  0.1451E+02  0.2934E-01  0.4869E-04
  0.1541E+02  0.3146E-01  0.4653E-04
  0.1632E+02  0.3351E-01  0.4418E-04
  0.1723E+02  0.3545E-01  0.4282E-04
  0.1813E+02  0.3727E-01  0.4361E-04
  0.1904E+02  0.3896E-01  0.4709E-04
  0.1995E+02  0.4050E-01  0.5286E-04
  0.2085E+02  0.4189E-01  0.5999E-04
  0.2176E+02  0.4311E-01  0.6755E-04
  0.2266E+02  0.4417E-01  0.7479E-04
  0.2357E+02  0.4504E-01  0.8121E-04
  0.2448E+02  0.4575E-01  0.8655E-04
  0.2538E+02  0.4628E-01  0.9073E-04
  0.2629E+02  0.4663E-01  0.9384E-04
  0.2720E+02  0.4682E-01  0.9611E-04
  0.2810E+02  0.4686E-01  0.9784E-04
  0.2901E+02  0.4674E-01  0.9934E-04
  0.2992E+02  0.4648E-01  0.1009E-03
  0.3082E+02  0.4609E-01  0.1026E-03
  0.3173E+02  0.4559E-01  0.1046E-03
  0.3264E+02  0.4497E-01  0.1068E-03
  0.3354E+02  0.4426E-01  0.1089E-03
  0.3445E+02  0.4346E-01  0.1109E-03
  0.3536E+02  0.4260E-01  0.1124E-03
  0.3626E+02  0.4166E-01  0.1136E-03
  0.3717E+02  0.4068E-01  0.1143E-03
  0.3808E+02  0.3965E-01  0.1147E-03
  0.3898E+02  0.3859E-01  0.1151E-03
  0.3989E+02  0.3750E-01  0.1157E-03
  0.4080E+02  0.3639E-01  0.1167E-03
  0.4170E+02  0.3526E-01  0.1182E-03
  0.4261E+02  0.3413E-01  0.1204E-03
  0.4352E+02  0.3299E-01  0.1230E-03
  0.4442E+02  0.3185E-01  0.1259E-03
  0.4533E+02  0.3071E-01  0.1289E-03
  0.4624E+02  0.2957E-01  0.1316E-03
  0.4714E+02  0.2845E-01  0.1340E-03
  0.4805E+02  0.2734E-01  0.1359E-03
  0.4896E+02  0.2624E-01  0.1372E-03
  0.4986E+02  0.2516E-01  0.1381E-03
  0.5077E+02  0.2409E-01  0.1386E-03
  0.5168E+02  0.2305E-01  0.1390E-03
  0.5258E+02  0.2202E-01  0.1395E-03
  0.5349E+02  0.2103E-01  0.1402E-03
  0.5440E+02  0.2006E-01  0.1412E-03
  0.5530E+02  0.1911E-01  0.1427E-03
  0.5621E+02  0.1819E-01  0.1445E-03
  0.5712E+02  0.1731E-01  0.1466E-03
  0.5802E+02  0.1645E-01  0.1490E-03
  0.5893E+02  0.1562E-01  0.1514E-03
  0.5984E+02  0.1482E-01  0.1538E-03
  0.6074E+02  0.1404E-01  0.1562E-03
  0.6165E+02  0.1330E-01  0.1585E-03
  0.6256E+02  0.1258E-01  0.1608E-03
  0.6346E+02  0.1188E-01  0.1632E-03
  0.6437E+02  0.1121E-01  0.1655E-03
  0.6528E+02  0.1056E-01  0.1678E-03
  0.6618E+02  0.9926E-02  0.1702E-03
  0.6709E+02  0.9313E-02  0.1725E-03
  0.6799E+02  0.8719E-02  0.1746E-03
  0.6890E+02  0.8141E-02  0.1765E-03
  0.6981E+02  0.7580E-02  0.1780E-03
  0.7071E+02  0.7037E-02  0.1791E-03
  0.7162E+02  0.6510E-02  0.1796E-03
  0.7253E+02  0.6001E-02  0.1795E-03
  0.7343E+02  0.5512E-02  0.1788E-03
  0.7434E+02  0.5042E-02  0.1775E-03
  0.7525E+02  0.4594E-02  0.1756E-03
  0.7615E+02  0.4168E-02  0.1731E-03
  0.7706E+02  0.3767E-02  0.1701E-03
  0.7797E+02  0.3390E-02  0.1665E-03
  0.7887E+02  0.3039E-02  0.1622E-03
  0.7978E+02  0.2713E-02  0.1573E-03
  0.8069E+02  0.2413E-02  0.1517E-03
  0.8159E+02  0.2136E-02  0.1452E-03
  0.8250E+02  0.1882E-02  0.1378E-03
  0.8341E+02  0.1648E-02  0.1292E-03
  0.8431E+02  0.1431E-02  0.1193E-03
  0.8522E+02  0.1226E-02  0.1080E-03
  0.8613E+02  0.1031E-02  0.9497E-04
  0.8703E+02  0.8389E-03  0.8017E-04
  0.8794E+02  0.6454E-03  0.6340E-04
  0.8885E+02  0.4448E-03  0.4453E-04
  0.8975E+02  0.2315E-03  0.2343E-04
  0.9066E+02  0.0000E+00  0.0000E+00
          Reciprocal space: Rg =   27.35     , I(0) =   0.2431E+02
     Real space: Rg =   27.41 +- 0.080  I(0) =   0.2431E+02 +-  0.9384E-01
