
           ####    G N O M   ---   Version 4.5a revised 09/02/02     ####

                                                  Sat Nov  4 17:04:25 2017
           ===    Run No   1   ===
 Run title:  0.0003414 0 0


  Number of points omitted at the end:         452
 Standard deviations are estimated by polynomial smoothing

   *******   Working Directory :
   *******    Input file(s) : 26584_02B_S062_0_01.sub
           Condition P(rmin) = 0 is used. 
           Condition P(rmax) = 0 is used. 

          Experimental conditions for the first run
          -----------------------------------------

          Highest ALPHA is found to be   0.2236E+05

  The measure of inconsistency AN1 equals to    0.6505E+00
     Alpha    Discrp  Oscill  Stabil  Sysdev  Positv  Valcen    Total   
  0.2236E+08100.9405  1.6097  0.9887  0.0000  1.0000  0.7590  0.00001
  0.4472E+07100.4293  1.6084  0.9833  0.0000  1.0000  0.7592  0.00001
  0.8944E+06 97.9762  1.6024  0.9572  0.0000  1.0000  0.7604  0.00001
  0.1789E+06 87.8267  1.5747  0.8509  0.0000  1.0000  0.7660  0.00001
  0.3578E+05 62.2817  1.4813  0.6004  0.1053  1.0000  0.7871  0.00001
  0.7155E+04 33.1618  1.3523  0.3679  0.2105  1.0000  0.8304  0.00001
  0.1431E+04 12.4816  1.2834  0.1875  0.2807  1.0000  0.8700  0.00001
  0.2862E+03  3.8404  1.2363  0.0743  0.4211  1.0000  0.8889  0.00001
  0.5724E+02  2.0384  1.2120  0.0257  0.7193  1.0000  0.8944  0.47497
  0.1145E+02  1.8037  1.2121  0.0127  0.6140  1.0000  0.8954  0.10000
  0.2290E+01  1.6853  1.2685  0.0172  0.6491  1.0000  0.8955  0.10000
  0.4580E+00  1.5693  1.5172  0.0255  0.6491  1.0000  0.8953  0.10000
  0.9159E-01  1.4650  2.3349  0.0732  0.6842  1.0000  0.8936  0.10000
  0.1832E-01  1.3408  4.5228  0.0925  0.7544  0.9982  0.8819  0.10000
  0.3664E-02  1.2823  6.9751  0.1641  0.8246  0.9923  0.8533  0.10000
  0.7327E-03  1.2332 11.9923  0.3306  0.8596  0.9664  0.7624  0.10000
  0.1465E-03  1.1964 16.9162  0.2995  0.8596  0.9140  0.6464  0.10000
  0.2931E-04  1.1732 21.3066  0.7408  0.8246  0.8491  0.3837  0.10000
  0.5862E-05  1.1374 20.9348  0.5081  0.8246  0.7854  0.2696  0.10000
  0.1172E-05  1.1163 22.7588  0.4301  0.7544  0.7552  0.2555  0.10000
  0.2345E-06  1.0992 24.3561  0.8467  0.7544  0.7241  0.2521  0.10000
  0.4689E-07  1.0688 22.9752  0.5585  0.7193  0.7059  0.2433  0.10000
  0.9379E-08  1.0359 25.6578  0.7553  0.7544  0.6864  0.2210  0.10000
  0.1876E-08  0.9653 26.3561  0.7509  0.8246  0.6971  0.3066  0.10000
  0.3752E-09  0.8208 29.2173  0.5790  0.8246  0.7084  0.3229  0.10000
  0.7503E-10  0.6094 33.1626  0.5177  0.9298  0.7010  0.3284  0.10000
  0.1501E-10  0.3786 35.5201  0.3743  0.8772  0.6780  0.2726  0.10000
  0.3001E-11  0.1901 38.6093  0.2766  0.8772  0.6754  0.2532  0.10000
  0.6002E-12  0.0661 40.8903  0.1429  1.0877  0.6754  0.2311  0.10000
  0.1200E-12  0.0163 41.6308  0.0435  1.1228  0.6728  0.2404  0.10000
  0.2401E-13  0.0034 41.7997  0.0099  1.1579  0.6722  0.2424  0.10000

          ***  Golden section search to maximize estimate ***
     Alpha    Discrp  Oscill  Stabil  Sysdev  Positv  Valcen    Total   
  0.2289E+04 17.2428  1.2999  0.2353  0.2456  1.0000  0.8605  0.00001
  0.3267E+00  1.5492  1.6098  0.0309  0.6842  1.0000  0.8952  0.10000
  0.2342E+03  3.3847  1.2319  0.0652  0.5088  1.0000  0.8901  0.00001
  0.7958E+01  1.7766  1.2170  0.0124  0.6491  1.0000  0.8955  0.10000
  0.9805E+02  2.2908  1.2174  0.0364  0.7193  1.0000  0.8934  0.48132
  0.1367E+03  2.5738  1.2221  0.0456  0.6491  1.0000  0.8924  0.00005
  0.7983E+02  2.1712  1.2150  0.0318  0.7193  1.0000  0.8938  0.47923
  0.1113E+03  2.3840  1.2191  0.0397  0.6842  1.0000  0.8930  0.47030
  0.9065E+02  2.2410  1.2165  0.0346  0.7193  1.0000  0.8936  0.48059
  0.1029E+03  2.3244  1.2180  0.0377  0.7193  1.0000  0.8932  0.48172
  0.1061E+03  2.3464  1.2184  0.0384  0.7193  1.0000  0.8932  0.48194
  0.1080E+03  2.3605  1.2187  0.0389  0.7193  1.0000  0.8931  0.48207
  0.1093E+03  2.3693  1.2188  0.0392  0.7193  1.0000  0.8931  0.48214
  0.1101E+03  2.3749  1.2189  0.0394  0.6842  1.0000  0.8931  0.47023
  0.1088E+03  2.3659  1.2188  0.0391  0.7193  1.0000  0.8931  0.48212
  0.1093E+03  2.3693  1.2188  0.0392  0.7193  1.0000  0.8931  0.48214



             ####            Final results            ####

 Parameter    DISCRP    OSCILL    STABIL    SYSDEV    POSITV    VALCEN
 Weight        1.000     3.000     3.000     4.000     1.000     1.000
 Sigma         0.500     0.600     0.120     0.200     0.120     0.120
 Ideal         1.000     1.100     0.000     1.000     1.000     0.950
 Current       2.369     1.219     0.039     0.719     1.000     0.893
                - - - - - - - - - - - - - - - - - - - - - - - - - 
 Estimate      0.001     0.962     0.899     0.139     1.000     0.799

  Angular   range    :     from    0.0068   to    0.1128
  Real space range   :     from      0.00   to    361.50

  Highest ALPHA (theor) :   0.224E+08                 JOB = 0
  Current ALPHA         :   0.109E+03   Rg :  0.117E+03   I(0) :   0.908E+04

           Total  estimate : 0.482  which is  A SUSPICIOUS  solution

      S          J EXP       ERROR       J REG       I REG

  0.0000E+00                                      0.9078E+04
  0.9785E-03                                      0.9038E+04
  0.1957E-02                                      0.8920E+04
  0.2936E-02                                      0.8726E+04
  0.3914E-02                                      0.8462E+04
  0.4893E-02                                      0.8136E+04
  0.5871E-02                                      0.7756E+04
  0.6850E-02  0.7059E+04  0.7107E+03  0.7333E+04  0.7333E+04
  0.7779E-02  0.7774E+04  0.8072E+02  0.6899E+04  0.6899E+04
  0.8709E-02  0.7176E+04  0.1120E+03  0.6446E+04  0.6446E+04
  0.9639E-02  0.6591E+04  0.5244E+02  0.5981E+04  0.5981E+04
  0.1057E-01  0.5807E+04  0.3723E+02  0.5513E+04  0.5513E+04
  0.1150E-01  0.5226E+04  0.2887E+02  0.5052E+04  0.5052E+04
  0.1243E-01  0.4669E+04  0.2611E+02  0.4603E+04  0.4603E+04
  0.1336E-01  0.4216E+04  0.1732E+02  0.4174E+04  0.4174E+04
  0.1429E-01  0.3792E+04  0.1509E+02  0.3768E+04  0.3768E+04
  0.1522E-01  0.3390E+04  0.1269E+02  0.3390E+04  0.3390E+04
  0.1615E-01  0.3030E+04  0.1152E+02  0.3042E+04  0.3042E+04
  0.1708E-01  0.2728E+04  0.1099E+02  0.2726E+04  0.2726E+04
  0.1801E-01  0.2455E+04  0.9741E+01  0.2441E+04  0.2441E+04
  0.1894E-01  0.2214E+04  0.9498E+01  0.2186E+04  0.2186E+04
  0.1987E-01  0.1994E+04  0.8464E+01  0.1961E+04  0.1961E+04
  0.2080E-01  0.1783E+04  0.8154E+01  0.1762E+04  0.1762E+04
  0.2173E-01  0.1613E+04  0.8061E+01  0.1588E+04  0.1588E+04
  0.2266E-01  0.1468E+04  0.7238E+01  0.1436E+04  0.1436E+04
  0.2359E-01  0.1323E+04  0.6877E+01  0.1302E+04  0.1302E+04
  0.2451E-01  0.1203E+04  0.6136E+01  0.1184E+04  0.1184E+04
  0.2544E-01  0.1087E+04  0.6132E+01  0.1080E+04  0.1080E+04
  0.2637E-01  0.9904E+03  0.5842E+01  0.9872E+03  0.9872E+03
  0.2730E-01  0.8885E+03  0.5287E+01  0.9038E+03  0.9038E+03
  0.2823E-01  0.8199E+03  0.5053E+01  0.8282E+03  0.8282E+03
  0.2916E-01  0.7473E+03  0.4844E+01  0.7591E+03  0.7591E+03
  0.3009E-01  0.6876E+03  0.4666E+01  0.6956E+03  0.6956E+03
  0.3102E-01  0.6323E+03  0.4467E+01  0.6371E+03  0.6371E+03
  0.3195E-01  0.5756E+03  0.4543E+01  0.5830E+03  0.5830E+03
  0.3288E-01  0.5239E+03  0.4597E+01  0.5332E+03  0.5332E+03
  0.3381E-01  0.4853E+03  0.4278E+01  0.4875E+03  0.4875E+03
  0.3474E-01  0.4513E+03  0.4372E+01  0.4456E+03  0.4456E+03
  0.3567E-01  0.4186E+03  0.4117E+01  0.4075E+03  0.4075E+03
  0.3660E-01  0.3817E+03  0.4238E+01  0.3731E+03  0.3731E+03
  0.3753E-01  0.3446E+03  0.4161E+01  0.3422E+03  0.3422E+03
  0.3846E-01  0.3120E+03  0.3982E+01  0.3145E+03  0.3145E+03
  0.3939E-01  0.2894E+03  0.3940E+01  0.2899E+03  0.2899E+03
  0.4032E-01  0.2702E+03  0.3579E+01  0.2681E+03  0.2681E+03
  0.4125E-01  0.2497E+03  0.3743E+01  0.2486E+03  0.2486E+03
  0.4218E-01  0.2344E+03  0.3613E+01  0.2312E+03  0.2312E+03
  0.4311E-01  0.2148E+03  0.3463E+01  0.2157E+03  0.2157E+03
  0.4404E-01  0.1966E+03  0.3559E+01  0.2016E+03  0.2016E+03
  0.4497E-01  0.1754E+03  0.3397E+01  0.1887E+03  0.1887E+03
  0.4590E-01  0.1701E+03  0.3527E+01  0.1770E+03  0.1770E+03
  0.4683E-01  0.1612E+03  0.3346E+01  0.1661E+03  0.1661E+03
  0.4776E-01  0.1378E+03  0.3261E+01  0.1561E+03  0.1561E+03
  0.4869E-01  0.1365E+03  0.3360E+01  0.1468E+03  0.1468E+03
  0.4962E-01  0.1343E+03  0.3319E+01  0.1383E+03  0.1383E+03
  0.5055E-01  0.1305E+03  0.3329E+01  0.1305E+03  0.1305E+03
  0.5148E-01  0.1158E+03  0.3162E+01  0.1234E+03  0.1234E+03
  0.5241E-01  0.1120E+03  0.3096E+01  0.1171E+03  0.1171E+03
  0.5334E-01  0.1120E+03  0.3106E+01  0.1116E+03  0.1116E+03
  0.5427E-01  0.1087E+03  0.3168E+01  0.1068E+03  0.1068E+03
  0.5520E-01  0.1010E+03  0.3236E+01  0.1027E+03  0.1027E+03
  0.5613E-01  0.9841E+02  0.3131E+01  0.9927E+02  0.9927E+02
  0.5706E-01  0.9892E+02  0.3011E+01  0.9639E+02  0.9639E+02
  0.5799E-01  0.9756E+02  0.2995E+01  0.9396E+02  0.9396E+02
  0.5892E-01  0.8561E+02  0.2886E+01  0.9190E+02  0.9190E+02
  0.5985E-01  0.9200E+02  0.2900E+01  0.9007E+02  0.9007E+02
  0.6078E-01  0.8625E+02  0.2896E+01  0.8839E+02  0.8839E+02
  0.6170E-01  0.8664E+02  0.2901E+01  0.8677E+02  0.8677E+02
  0.6263E-01  0.8448E+02  0.2854E+01  0.8512E+02  0.8512E+02
  0.6356E-01  0.8357E+02  0.2783E+01  0.8341E+02  0.8341E+02
  0.6449E-01  0.7838E+02  0.2784E+01  0.8162E+02  0.8162E+02
  0.6542E-01  0.7492E+02  0.2722E+01  0.7973E+02  0.7973E+02
  0.6635E-01  0.7116E+02  0.2762E+01  0.7776E+02  0.7776E+02
  0.6728E-01  0.7075E+02  0.2667E+01  0.7576E+02  0.7576E+02
  0.6821E-01  0.7311E+02  0.2738E+01  0.7376E+02  0.7376E+02
  0.6914E-01  0.7417E+02  0.2719E+01  0.7180E+02  0.7180E+02
  0.7007E-01  0.7058E+02  0.2676E+01  0.6994E+02  0.6994E+02
  0.7100E-01  0.7184E+02  0.2728E+01  0.6820E+02  0.6820E+02
  0.7193E-01  0.7133E+02  0.2579E+01  0.6661E+02  0.6661E+02
  0.7286E-01  0.6830E+02  0.2675E+01  0.6519E+02  0.6519E+02
  0.7379E-01  0.6658E+02  0.2584E+01  0.6393E+02  0.6393E+02
  0.7472E-01  0.6864E+02  0.2630E+01  0.6282E+02  0.6282E+02
  0.7565E-01  0.6302E+02  0.2586E+01  0.6183E+02  0.6183E+02
  0.7658E-01  0.6326E+02  0.2528E+01  0.6092E+02  0.6092E+02
  0.7751E-01  0.5972E+02  0.2582E+01  0.6007E+02  0.6007E+02
  0.7844E-01  0.5491E+02  0.2483E+01  0.5923E+02  0.5923E+02
  0.7937E-01  0.5522E+02  0.2488E+01  0.5838E+02  0.5838E+02
  0.8030E-01  0.5981E+02  0.2468E+01  0.5747E+02  0.5747E+02
  0.8123E-01  0.5331E+02  0.2480E+01  0.5651E+02  0.5651E+02
  0.8216E-01  0.5267E+02  0.2459E+01  0.5549E+02  0.5549E+02
  0.8309E-01  0.5005E+02  0.2392E+01  0.5441E+02  0.5441E+02
  0.8402E-01  0.5110E+02  0.2435E+01  0.5328E+02  0.5328E+02
  0.8495E-01  0.5259E+02  0.2457E+01  0.5213E+02  0.5213E+02
  0.8588E-01  0.5157E+02  0.2398E+01  0.5098E+02  0.5098E+02
  0.8681E-01  0.4774E+02  0.2384E+01  0.4986E+02  0.4986E+02
  0.8774E-01  0.5493E+02  0.2339E+01  0.4879E+02  0.4879E+02
  0.8867E-01  0.5278E+02  0.2373E+01  0.4779E+02  0.4779E+02
  0.8960E-01  0.5234E+02  0.2366E+01  0.4688E+02  0.4688E+02
  0.9053E-01  0.4504E+02  0.2327E+01  0.4606E+02  0.4606E+02
  0.9146E-01  0.4556E+02  0.2266E+01  0.4532E+02  0.4532E+02
  0.9239E-01  0.4463E+02  0.2259E+01  0.4467E+02  0.4467E+02
  0.9332E-01  0.4542E+02  0.2274E+01  0.4408E+02  0.4408E+02
  0.9425E-01  0.4094E+02  0.2271E+01  0.4353E+02  0.4353E+02
  0.9518E-01  0.4346E+02  0.2261E+01  0.4300E+02  0.4300E+02
  0.9611E-01  0.4090E+02  0.2260E+01  0.4247E+02  0.4247E+02
  0.9704E-01  0.4353E+02  0.2245E+01  0.4193E+02  0.4193E+02
  0.9797E-01  0.4064E+02  0.2300E+01  0.4134E+02  0.4134E+02
  0.9890E-01  0.3884E+02  0.2165E+01  0.4072E+02  0.4072E+02
  0.9982E-01  0.3929E+02  0.2239E+01  0.4006E+02  0.4006E+02
  0.1008E+00  0.3968E+02  0.2190E+01  0.3935E+02  0.3935E+02
  0.1017E+00  0.3917E+02  0.2254E+01  0.3861E+02  0.3861E+02
  0.1026E+00  0.3871E+02  0.2144E+01  0.3786E+02  0.3786E+02
  0.1035E+00  0.3876E+02  0.2122E+01  0.3710E+02  0.3710E+02
  0.1045E+00  0.3849E+02  0.2103E+01  0.3636E+02  0.3636E+02
  0.1054E+00  0.3500E+02  0.2098E+01  0.3565E+02  0.3565E+02
  0.1063E+00  0.3603E+02  0.2098E+01  0.3498E+02  0.3498E+02
  0.1073E+00  0.3621E+02  0.2064E+01  0.3436E+02  0.3436E+02
  0.1082E+00  0.3365E+02  0.2053E+01  0.3380E+02  0.3380E+02
  0.1091E+00  0.3614E+02  0.2149E+01  0.3329E+02  0.3329E+02
  0.1101E+00  0.3326E+02  0.1999E+01  0.3282E+02  0.3282E+02
  0.1110E+00  0.3211E+02  0.2071E+01  0.3239E+02  0.3239E+02
  0.1119E+00  0.3117E+02  0.2038E+01  0.3198E+02  0.3198E+02
  0.1128E+00  0.3591E+02  0.2040E+01  0.3158E+02  0.3158E+02

           Distance distribution  function of particle  


       R          P(R)      ERROR

  0.0000E+00  0.0000E+00  0.0000E+00
  0.4519E+01  0.1505E+00  0.1305E-02
  0.9037E+01  0.3075E+00  0.1697E-02
  0.1356E+02  0.4720E+00  0.1477E-02
  0.1807E+02  0.6454E+00  0.1285E-02
  0.2259E+02  0.8292E+00  0.1756E-02
  0.2711E+02  0.1025E+01  0.2468E-02
  0.3163E+02  0.1232E+01  0.2955E-02
  0.3615E+02  0.1451E+01  0.3076E-02
  0.4067E+02  0.1680E+01  0.2930E-02
  0.4519E+02  0.1915E+01  0.2815E-02
  0.4971E+02  0.2154E+01  0.3043E-02
  0.5422E+02  0.2390E+01  0.3587E-02
  0.5874E+02  0.2620E+01  0.4169E-02
  0.6326E+02  0.2839E+01  0.4591E-02
  0.6778E+02  0.3041E+01  0.4822E-02
  0.7230E+02  0.3224E+01  0.4974E-02
  0.7682E+02  0.3385E+01  0.5201E-02
  0.8134E+02  0.3522E+01  0.5567E-02
  0.8586E+02  0.3635E+01  0.5993E-02
  0.9038E+02  0.3724E+01  0.6343E-02
  0.9489E+02  0.3790E+01  0.6538E-02
  0.9941E+02  0.3834E+01  0.6607E-02
  0.1039E+03  0.3859E+01  0.6673E-02
  0.1084E+03  0.3866E+01  0.6876E-02
  0.1130E+03  0.3856E+01  0.7279E-02
  0.1175E+03  0.3832E+01  0.7836E-02
  0.1220E+03  0.3796E+01  0.8455E-02
  0.1265E+03  0.3748E+01  0.9070E-02
  0.1310E+03  0.3690E+01  0.9669E-02
  0.1356E+03  0.3625E+01  0.1026E-01
  0.1401E+03  0.3555E+01  0.1086E-01
  0.1446E+03  0.3480E+01  0.1142E-01
  0.1491E+03  0.3402E+01  0.1192E-01
  0.1536E+03  0.3323E+01  0.1229E-01
  0.1582E+03  0.3244E+01  0.1252E-01
  0.1627E+03  0.3165E+01  0.1261E-01
  0.1672E+03  0.3086E+01  0.1259E-01
  0.1717E+03  0.3008E+01  0.1249E-01
  0.1762E+03  0.2931E+01  0.1231E-01
  0.1808E+03  0.2853E+01  0.1211E-01
  0.1853E+03  0.2774E+01  0.1194E-01
  0.1898E+03  0.2695E+01  0.1184E-01
  0.1943E+03  0.2614E+01  0.1187E-01
  0.1988E+03  0.2532E+01  0.1201E-01
  0.2033E+03  0.2449E+01  0.1223E-01
  0.2079E+03  0.2364E+01  0.1247E-01
  0.2124E+03  0.2278E+01  0.1267E-01
  0.2169E+03  0.2190E+01  0.1285E-01
  0.2214E+03  0.2102E+01  0.1302E-01
  0.2259E+03  0.2014E+01  0.1323E-01
  0.2305E+03  0.1924E+01  0.1350E-01
  0.2350E+03  0.1835E+01  0.1382E-01
  0.2395E+03  0.1746E+01  0.1417E-01
  0.2440E+03  0.1657E+01  0.1449E-01
  0.2485E+03  0.1570E+01  0.1474E-01
  0.2530E+03  0.1483E+01  0.1490E-01
  0.2576E+03  0.1398E+01  0.1494E-01
  0.2621E+03  0.1315E+01  0.1488E-01
  0.2666E+03  0.1234E+01  0.1473E-01
  0.2711E+03  0.1156E+01  0.1454E-01
  0.2756E+03  0.1081E+01  0.1435E-01
  0.2802E+03  0.1009E+01  0.1420E-01
  0.2847E+03  0.9393E+00  0.1412E-01
  0.2892E+03  0.8724E+00  0.1407E-01
  0.2937E+03  0.8081E+00  0.1402E-01
  0.2982E+03  0.7462E+00  0.1391E-01
  0.3028E+03  0.6866E+00  0.1372E-01
  0.3073E+03  0.6294E+00  0.1345E-01
  0.3118E+03  0.5746E+00  0.1311E-01
  0.3163E+03  0.5220E+00  0.1272E-01
  0.3208E+03  0.4716E+00  0.1231E-01
  0.3253E+03  0.4230E+00  0.1183E-01
  0.3299E+03  0.3758E+00  0.1126E-01
  0.3344E+03  0.3293E+00  0.1052E-01
  0.3389E+03  0.2823E+00  0.9573E-02
  0.3434E+03  0.2338E+00  0.8352E-02
  0.3479E+03  0.1825E+00  0.6816E-02
  0.3525E+03  0.1272E+00  0.4927E-02
  0.3570E+03  0.6664E-01  0.2659E-02
  0.3615E+03  0.0000E+00  0.0000E+00
          Reciprocal space: Rg =  117.20     , I(0) =   0.9078E+04
     Real space: Rg =  117.50 +- 0.221  I(0) =   0.9078E+04 +-  0.3130E+02
