
           ####    G N O M   ---   Version 4.5a revised 09/02/02     ####

                                                  Sat Nov  4 17:04:26 2017
           ===    Run No   1   ===
 Run title:  0.0003414 0 0


  Number of points omitted at the end:         451
 Standard deviations are estimated by polynomial smoothing

   *******   Working Directory :
   *******    Input file(s) : 26584_02D_S066_0_01.sub
           Condition P(rmin) = 0 is used. 
           Condition P(rmax) = 0 is used. 

 Warning: Dmax*Smin =  3.591   is greater than Pi !


          Experimental conditions for the first run
          -----------------------------------------

          Highest ALPHA is found to be   0.2885E+06

  The measure of inconsistency AN1 equals to    0.7882E+00
     Alpha    Discrp  Oscill  Stabil  Sysdev  Positv  Valcen    Total   
  0.2885E+09212.4037  2.2414  0.9897  0.0000  1.0000  0.6557  0.00001
  0.5769E+08212.1271  2.2409  0.9882  0.0000  1.0000  0.6557  0.00001
  0.1154E+08210.7608  2.2383  0.9808  0.0000  1.0000  0.6557  0.00001
  0.2308E+07204.3163  2.2255  0.9459  0.0000  1.0000  0.6560  0.00001
  0.4616E+06179.4942  2.1688  0.8137  0.0000  1.0000  0.6574  0.00001
  0.9231E+05127.2221  1.9991  0.5638  0.0348  1.0000  0.6627  0.00001
  0.1846E+05 73.2296  1.8213  0.3838  0.1565  1.0000  0.6786  0.00001
  0.3692E+04 30.3809  1.7338  0.2264  0.1391  1.0000  0.7134  0.00001
  0.7385E+03  9.1937  1.6473  0.1086  0.4522  1.0000  0.7529  0.00001
  0.1477E+03  2.4636  1.5878  0.0404  0.6609  1.0000  0.7762  0.43831
  0.2954E+02  1.1400  1.5646  0.0113  0.8696  1.0000  0.7844  0.62917
  0.5908E+01  1.0061  1.5600  0.0052  0.9391  1.0000  0.7868  0.67348
  0.1182E+01  0.9569  1.5728  0.0062  0.9391  1.0000  0.7879  0.62458
  0.2363E+00  0.9198  1.6388  0.0136  0.8522  1.0000  0.7883  0.10000
  0.4726E-01  0.8831  1.9158  0.0179  0.9391  0.9999  0.7882  0.10000
  0.9453E-02  0.8638  2.4896  0.0435  0.9391  0.9997  0.7887  0.10000
  0.1891E-02  0.8451  4.2777  0.0775  0.9391  0.9984  0.7892  0.10000
  0.3781E-03  0.8364  6.2848  0.0588  0.9739  0.9958  0.7887  0.10000
  0.7562E-04  0.8348  7.6741  0.1003  0.9217  0.9933  0.7842  0.10000
  0.1512E-04  0.8337 11.1265  0.1846  0.9217  0.9840  0.7506  0.10000
  0.3025E-05  0.8316 22.8324  0.6237  0.9217  0.9436  0.5234  0.10000
  0.6050E-06  0.8232 32.4075  0.8845  0.9217  0.8113  0.2519  0.10000
  0.1210E-06  0.7935 33.8394  0.8011  0.9913  0.7328  0.2142  0.10000
  0.2420E-07  0.7266 34.6090  0.6716  1.0261  0.7077  0.2536  0.10000
  0.4840E-08  0.6071 36.8763  0.6251  1.0957  0.7082  0.2532  0.10000
  0.9680E-09  0.4193 39.9168  0.4634  1.1304  0.7050  0.2655  0.10000
  0.1936E-09  0.2245 43.5167  0.3576  1.0957  0.7041  0.3052  0.10000
  0.3872E-10  0.0811 45.0466  0.1822  1.0261  0.7113  0.3381  0.10000
  0.7744E-11  0.0202 45.3204  0.0523  1.0957  0.7115  0.3547  0.10000
  0.1549E-11  0.0043 45.3662  0.0115  1.0957  0.7113  0.3575  0.10000
  0.3097E-12  0.0009 45.3748  0.0024  1.0957  0.7112  0.3580  0.10000

          ***  Golden section search to maximize estimate ***
     Alpha    Discrp  Oscill  Stabil  Sysdev  Positv  Valcen    Total   
  0.3195E+01  0.9850  1.5622  0.0056  0.9391  1.0000  0.7873  0.65345
  0.7472E+01  1.0152  1.5599  0.0053  0.9043  1.0000  0.7866  0.63750
  0.4672E+01  0.9977  1.5605  0.0053  0.9391  1.0000  0.7870  0.66595
  0.6462E+01  1.0095  1.5599  0.0052  0.9043  1.0000  0.7867  0.63320
  0.5401E+01  1.0029  1.5602  0.0053  0.9391  1.0000  0.7868  0.67064
  0.6114E+01  1.0074  1.5600  0.0052  0.9043  1.0000  0.7867  0.63150
  0.5709E+01  1.0049  1.5601  0.0052  0.9391  1.0000  0.7868  0.67240
  0.5986E+01  1.0066  1.5600  0.0052  0.9043  1.0000  0.7868  0.63084
  0.5831E+01  1.0057  1.5601  0.0052  0.9391  1.0000  0.7868  0.67307
  0.5938E+01  1.0063  1.5600  0.0052  0.9391  1.0000  0.7868  0.67363
  0.5956E+01  1.0064  1.5600  0.0052  0.9391  1.0000  0.7868  0.67373
  0.5967E+01  1.0065  1.5600  0.0052  0.9043  1.0000  0.7868  0.63074
  0.5949E+01  1.0064  1.5600  0.0052  0.9391  1.0000  0.7868  0.67369
  0.5956E+01  1.0064  1.5600  0.0052  0.9391  1.0000  0.7868  0.67373



             ####            Final results            ####

 Parameter    DISCRP    OSCILL    STABIL    SYSDEV    POSITV    VALCEN
 Weight        1.000     3.000     3.000     4.000     1.000     1.000
 Sigma         0.500     0.600     0.120     0.200     0.120     0.120
 Ideal         1.000     1.100     0.000     1.000     1.000     0.950
 Current       1.006     1.560     0.005     0.939     1.000     0.787
                - - - - - - - - - - - - - - - - - - - - - - - - - 
 Estimate      1.000     0.556     0.998     1.000     1.000     0.157

  Angular   range    :     from    0.0068   to    0.1138
  Real space range   :     from      0.00   to    524.30

  Highest ALPHA (theor) :   0.288E+09                 JOB = 0
  Current ALPHA         :   0.596E+01   Rg :  0.146E+03   I(0) :   0.382E+05

           Total  estimate : 0.674  which is  A REASONABLE  solution

      S          J EXP       ERROR       J REG       I REG

  0.0000E+00                                      0.3822E+05
  0.9785E-03                                      0.3796E+05
  0.1957E-02                                      0.3719E+05
  0.2936E-02                                      0.3595E+05
  0.3914E-02                                      0.3430E+05
  0.4893E-02                                      0.3232E+05
  0.5871E-02                                      0.3010E+05
  0.6850E-02  0.2346E+05  0.2192E+04  0.2774E+05  0.2774E+05
  0.7779E-02  0.2531E+05  0.1660E+03  0.2544E+05  0.2544E+05
  0.8709E-02  0.2344E+05  0.1752E+03  0.2316E+05  0.2316E+05
  0.9639E-02  0.2131E+05  0.1104E+03  0.2095E+05  0.2095E+05
  0.1057E-01  0.1897E+05  0.8094E+02  0.1886E+05  0.1886E+05
  0.1150E-01  0.1701E+05  0.5727E+02  0.1693E+05  0.1693E+05
  0.1243E-01  0.1499E+05  0.5307E+02  0.1517E+05  0.1517E+05
  0.1336E-01  0.1351E+05  0.3400E+02  0.1357E+05  0.1357E+05
  0.1429E-01  0.1213E+05  0.2886E+02  0.1215E+05  0.1215E+05
  0.1522E-01  0.1095E+05  0.2508E+02  0.1089E+05  0.1089E+05
  0.1615E-01  0.9782E+04  0.2110E+02  0.9772E+04  0.9772E+04
  0.1708E-01  0.8776E+04  0.1935E+02  0.8780E+04  0.8780E+04
  0.1801E-01  0.7928E+04  0.1670E+02  0.7897E+04  0.7897E+04
  0.1894E-01  0.7145E+04  0.1499E+02  0.7110E+04  0.7110E+04
  0.1987E-01  0.6414E+04  0.1389E+02  0.6405E+04  0.6405E+04
  0.2080E-01  0.5746E+04  0.1261E+02  0.5772E+04  0.5772E+04
  0.2173E-01  0.5170E+04  0.1192E+02  0.5203E+04  0.5203E+04
  0.2266E-01  0.4692E+04  0.1050E+02  0.4693E+04  0.4693E+04
  0.2359E-01  0.4241E+04  0.1003E+02  0.4236E+04  0.4236E+04
  0.2451E-01  0.3826E+04  0.8950E+01  0.3828E+04  0.3828E+04
  0.2544E-01  0.3458E+04  0.8655E+01  0.3466E+04  0.3466E+04
  0.2637E-01  0.3155E+04  0.7792E+01  0.3144E+04  0.3144E+04
  0.2730E-01  0.2874E+04  0.6896E+01  0.2859E+04  0.2859E+04
  0.2823E-01  0.2606E+04  0.6636E+01  0.2606E+04  0.2606E+04
  0.2916E-01  0.2377E+04  0.6025E+01  0.2380E+04  0.2380E+04
  0.3009E-01  0.2169E+04  0.6012E+01  0.2178E+04  0.2178E+04
  0.3102E-01  0.2005E+04  0.5678E+01  0.1995E+04  0.1995E+04
  0.3195E-01  0.1825E+04  0.5481E+01  0.1829E+04  0.1829E+04
  0.3288E-01  0.1674E+04  0.5398E+01  0.1677E+04  0.1677E+04
  0.3381E-01  0.1537E+04  0.5346E+01  0.1538E+04  0.1538E+04
  0.3474E-01  0.1413E+04  0.5184E+01  0.1410E+04  0.1410E+04
  0.3567E-01  0.1294E+04  0.4930E+01  0.1292E+04  0.1292E+04
  0.3660E-01  0.1178E+04  0.4795E+01  0.1185E+04  0.1185E+04
  0.3753E-01  0.1087E+04  0.4623E+01  0.1087E+04  0.1087E+04
  0.3846E-01  0.9993E+03  0.4358E+01  0.9970E+03  0.9970E+03
  0.3939E-01  0.9184E+03  0.4426E+01  0.9154E+03  0.9154E+03
  0.4032E-01  0.8424E+03  0.4064E+01  0.8412E+03  0.8412E+03
  0.4125E-01  0.7734E+03  0.4153E+01  0.7737E+03  0.7737E+03
  0.4218E-01  0.7127E+03  0.3937E+01  0.7123E+03  0.7123E+03
  0.4311E-01  0.6603E+03  0.3775E+01  0.6564E+03  0.6564E+03
  0.4404E-01  0.6005E+03  0.3855E+01  0.6056E+03  0.6056E+03
  0.4497E-01  0.5574E+03  0.3697E+01  0.5598E+03  0.5598E+03
  0.4590E-01  0.5220E+03  0.3662E+01  0.5186E+03  0.5186E+03
  0.4683E-01  0.4767E+03  0.3493E+01  0.4820E+03  0.4820E+03
  0.4776E-01  0.4472E+03  0.3518E+01  0.4499E+03  0.4499E+03
  0.4869E-01  0.4172E+03  0.3508E+01  0.4219E+03  0.4219E+03
  0.4962E-01  0.4008E+03  0.3449E+01  0.3977E+03  0.3977E+03
  0.5055E-01  0.3810E+03  0.3364E+01  0.3770E+03  0.3770E+03
  0.5148E-01  0.3647E+03  0.3262E+01  0.3592E+03  0.3592E+03
  0.5241E-01  0.3465E+03  0.3441E+01  0.3437E+03  0.3437E+03
  0.5334E-01  0.3313E+03  0.3326E+01  0.3301E+03  0.3301E+03
  0.5427E-01  0.3125E+03  0.3209E+01  0.3179E+03  0.3179E+03
  0.5520E-01  0.3045E+03  0.3189E+01  0.3067E+03  0.3067E+03
  0.5613E-01  0.2914E+03  0.3088E+01  0.2963E+03  0.2963E+03
  0.5706E-01  0.2882E+03  0.3170E+01  0.2868E+03  0.2868E+03
  0.5799E-01  0.2787E+03  0.3078E+01  0.2780E+03  0.2780E+03
  0.5892E-01  0.2696E+03  0.3030E+01  0.2701E+03  0.2701E+03
  0.5985E-01  0.2625E+03  0.3044E+01  0.2631E+03  0.2631E+03
  0.6078E-01  0.2535E+03  0.2946E+01  0.2570E+03  0.2570E+03
  0.6170E-01  0.2546E+03  0.3010E+01  0.2519E+03  0.2519E+03
  0.6263E-01  0.2545E+03  0.2956E+01  0.2474E+03  0.2474E+03
  0.6356E-01  0.2446E+03  0.2877E+01  0.2435E+03  0.2435E+03
  0.6449E-01  0.2405E+03  0.2887E+01  0.2399E+03  0.2399E+03
  0.6542E-01  0.2350E+03  0.2843E+01  0.2364E+03  0.2364E+03
  0.6635E-01  0.2307E+03  0.2799E+01  0.2328E+03  0.2328E+03
  0.6728E-01  0.2261E+03  0.2713E+01  0.2289E+03  0.2289E+03
  0.6821E-01  0.2258E+03  0.2770E+01  0.2247E+03  0.2247E+03
  0.6914E-01  0.2191E+03  0.2796E+01  0.2203E+03  0.2203E+03
  0.7007E-01  0.2132E+03  0.2736E+01  0.2157E+03  0.2157E+03
  0.7100E-01  0.2118E+03  0.2820E+01  0.2110E+03  0.2110E+03
  0.7193E-01  0.2069E+03  0.2724E+01  0.2064E+03  0.2064E+03
  0.7286E-01  0.2000E+03  0.2756E+01  0.2021E+03  0.2021E+03
  0.7379E-01  0.2029E+03  0.2658E+01  0.1980E+03  0.1980E+03
  0.7472E-01  0.2014E+03  0.2664E+01  0.1942E+03  0.1942E+03
  0.7565E-01  0.1870E+03  0.2878E+01  0.1906E+03  0.1906E+03
  0.7658E-01  0.1851E+03  0.2748E+01  0.1872E+03  0.1872E+03
  0.7751E-01  0.1862E+03  0.2649E+01  0.1839E+03  0.1839E+03
  0.7844E-01  0.1807E+03  0.2506E+01  0.1805E+03  0.1805E+03
  0.7937E-01  0.1746E+03  0.2522E+01  0.1770E+03  0.1770E+03
  0.8030E-01  0.1663E+03  0.2564E+01  0.1735E+03  0.1735E+03
  0.8123E-01  0.1641E+03  0.2508E+01  0.1699E+03  0.1699E+03
  0.8216E-01  0.1702E+03  0.2548E+01  0.1663E+03  0.1663E+03
  0.8309E-01  0.1710E+03  0.2505E+01  0.1628E+03  0.1628E+03
  0.8402E-01  0.1612E+03  0.2664E+01  0.1596E+03  0.1596E+03
  0.8495E-01  0.1574E+03  0.2502E+01  0.1567E+03  0.1567E+03
  0.8588E-01  0.1532E+03  0.2436E+01  0.1541E+03  0.1541E+03
  0.8681E-01  0.1536E+03  0.2445E+01  0.1518E+03  0.1518E+03
  0.8774E-01  0.1464E+03  0.2380E+01  0.1499E+03  0.1499E+03
  0.8867E-01  0.1462E+03  0.2390E+01  0.1481E+03  0.1481E+03
  0.8960E-01  0.1493E+03  0.2397E+01  0.1464E+03  0.1464E+03
  0.9053E-01  0.1436E+03  0.2363E+01  0.1446E+03  0.1446E+03
  0.9146E-01  0.1440E+03  0.2365E+01  0.1427E+03  0.1427E+03
  0.9239E-01  0.1353E+03  0.2366E+01  0.1406E+03  0.1406E+03
  0.9332E-01  0.1384E+03  0.2331E+01  0.1382E+03  0.1382E+03
  0.9425E-01  0.1344E+03  0.2336E+01  0.1356E+03  0.1356E+03
  0.9518E-01  0.1360E+03  0.2516E+01  0.1327E+03  0.1327E+03
  0.9611E-01  0.1316E+03  0.2327E+01  0.1297E+03  0.1297E+03
  0.9704E-01  0.1303E+03  0.2282E+01  0.1267E+03  0.1267E+03
  0.9797E-01  0.1285E+03  0.2307E+01  0.1236E+03  0.1236E+03
  0.9890E-01  0.1175E+03  0.2378E+01  0.1207E+03  0.1207E+03
  0.9982E-01  0.1164E+03  0.2309E+01  0.1179E+03  0.1179E+03
  0.1008E+00  0.1103E+03  0.2313E+01  0.1154E+03  0.1154E+03
  0.1017E+00  0.1122E+03  0.2245E+01  0.1132E+03  0.1132E+03
  0.1026E+00  0.1086E+03  0.2184E+01  0.1111E+03  0.1111E+03
  0.1035E+00  0.1126E+03  0.2143E+01  0.1093E+03  0.1093E+03
  0.1045E+00  0.1074E+03  0.2164E+01  0.1077E+03  0.1077E+03
  0.1054E+00  0.1058E+03  0.2126E+01  0.1062E+03  0.1062E+03
  0.1063E+00  0.1065E+03  0.2194E+01  0.1048E+03  0.1048E+03
  0.1073E+00  0.1034E+03  0.2164E+01  0.1034E+03  0.1034E+03
  0.1082E+00  0.1031E+03  0.2104E+01  0.1019E+03  0.1019E+03
  0.1091E+00  0.1008E+03  0.2129E+01  0.1003E+03  0.1003E+03
  0.1101E+00  0.9958E+02  0.2066E+01  0.9852E+02  0.9852E+02
  0.1110E+00  0.9548E+02  0.2116E+01  0.9656E+02  0.9656E+02
  0.1119E+00  0.9504E+02  0.2068E+01  0.9440E+02  0.9440E+02
  0.1128E+00  0.9120E+02  0.2108E+01  0.9209E+02  0.9209E+02
  0.1138E+00  0.8729E+02  0.2072E+01  0.8967E+02  0.8967E+02

           Distance distribution  function of particle  


       R          P(R)      ERROR

  0.0000E+00  0.0000E+00  0.0000E+00
  0.6554E+01  0.6637E+00  0.6172E-02
  0.1311E+02  0.1418E+01  0.4103E-02
  0.1966E+02  0.2260E+01  0.2876E-02
  0.2621E+02  0.3185E+01  0.7988E-02
  0.3277E+02  0.4188E+01  0.9168E-02
  0.3932E+02  0.5260E+01  0.6236E-02
  0.4588E+02  0.6386E+01  0.5451E-02
  0.5243E+02  0.7543E+01  0.9681E-02
  0.5898E+02  0.8695E+01  0.1182E-01
  0.6554E+02  0.9796E+01  0.1129E-01
  0.7209E+02  0.1080E+02  0.1202E-01
  0.7864E+02  0.1165E+02  0.1545E-01
  0.8520E+02  0.1233E+02  0.1794E-01
  0.9175E+02  0.1282E+02  0.1803E-01
  0.9831E+02  0.1314E+02  0.1810E-01
  0.1049E+03  0.1330E+02  0.2058E-01
  0.1114E+03  0.1335E+02  0.2387E-01
  0.1180E+03  0.1330E+02  0.2612E-01
  0.1245E+03  0.1317E+02  0.2825E-01
  0.1311E+03  0.1299E+02  0.3160E-01
  0.1376E+03  0.1276E+02  0.3522E-01
  0.1442E+03  0.1248E+02  0.3738E-01
  0.1507E+03  0.1219E+02  0.3817E-01
  0.1573E+03  0.1188E+02  0.3923E-01
  0.1638E+03  0.1158E+02  0.4142E-01
  0.1704E+03  0.1129E+02  0.4409E-01
  0.1770E+03  0.1101E+02  0.4689E-01
  0.1835E+03  0.1074E+02  0.5029E-01
  0.1901E+03  0.1047E+02  0.5413E-01
  0.1966E+03  0.1018E+02  0.5729E-01
  0.2032E+03  0.9856E+01  0.5903E-01
  0.2097E+03  0.9511E+01  0.5987E-01
  0.2163E+03  0.9145E+01  0.6074E-01
  0.2228E+03  0.8766E+01  0.6204E-01
  0.2294E+03  0.8379E+01  0.6387E-01
  0.2359E+03  0.7988E+01  0.6668E-01
  0.2425E+03  0.7594E+01  0.7067E-01
  0.2490E+03  0.7199E+01  0.7510E-01
  0.2556E+03  0.6808E+01  0.7896E-01
  0.2621E+03  0.6433E+01  0.8197E-01
  0.2687E+03  0.6081E+01  0.8445E-01
  0.2753E+03  0.5759E+01  0.8669E-01
  0.2818E+03  0.5463E+01  0.8870E-01
  0.2884E+03  0.5186E+01  0.9060E-01
  0.2949E+03  0.4912E+01  0.9241E-01
  0.3015E+03  0.4633E+01  0.9373E-01
  0.3080E+03  0.4347E+01  0.9406E-01
  0.3146E+03  0.4065E+01  0.9365E-01
  0.3211E+03  0.3802E+01  0.9341E-01
  0.3277E+03  0.3575E+01  0.9378E-01
  0.3342E+03  0.3392E+01  0.9417E-01
  0.3408E+03  0.3246E+01  0.9397E-01
  0.3473E+03  0.3118E+01  0.9339E-01
  0.3539E+03  0.2983E+01  0.9290E-01
  0.3605E+03  0.2823E+01  0.9229E-01
  0.3670E+03  0.2634E+01  0.9104E-01
  0.3736E+03  0.2429E+01  0.8931E-01
  0.3801E+03  0.2231E+01  0.8797E-01
  0.3867E+03  0.2063E+01  0.8760E-01
  0.3932E+03  0.1934E+01  0.8784E-01
  0.3998E+03  0.1838E+01  0.8786E-01
  0.4063E+03  0.1753E+01  0.8688E-01
  0.4129E+03  0.1653E+01  0.8439E-01
  0.4194E+03  0.1519E+01  0.8040E-01
  0.4260E+03  0.1353E+01  0.7571E-01
  0.4325E+03  0.1174E+01  0.7150E-01
  0.4391E+03  0.1011E+01  0.6831E-01
  0.4457E+03  0.8904E+00  0.6602E-01
  0.4522E+03  0.8195E+00  0.6461E-01
  0.4588E+03  0.7847E+00  0.6404E-01
  0.4653E+03  0.7566E+00  0.6357E-01
  0.4719E+03  0.7054E+00  0.6233E-01
  0.4784E+03  0.6174E+00  0.6055E-01
  0.4850E+03  0.5034E+00  0.5894E-01
  0.4915E+03  0.3947E+00  0.5724E-01
  0.4981E+03  0.3246E+00  0.5513E-01
  0.5046E+03  0.3038E+00  0.5387E-01
  0.5112E+03  0.3007E+00  0.5175E-01
  0.5177E+03  0.2365E+00  0.3868E-01
  0.5243E+03  0.0000E+00  0.0000E+00
          Reciprocal space: Rg =  146.14     , I(0) =   0.3822E+05
     Real space: Rg =  146.77 +- 1.041  I(0) =   0.3822E+05 +-  0.3290E+03
