
           ####    G N O M   ---   Version 4.5a revised 09/02/02     ####

                                                  Sat Nov  4 17:04:25 2017
           ===    Run No   1   ===
 Run title:  0.000355115 0 0


  Number of points omitted at the end:         420
   *******   Working Directory :
   *******    Input file(s) : 26584_02C_S040_0_01.sub
           Condition P(rmin) = 0 is used. 
           Condition P(rmax) = 0 is used. 

          Experimental conditions for the first run
          -----------------------------------------

          Highest ALPHA is found to be   0.7695E+05

  The measure of inconsistency AN1 equals to    0.9629E+00
     Alpha    Discrp  Oscill  Stabil  Sysdev  Positv  Valcen    Total   
  0.7695E+08129.0065  1.9613  0.9890  0.0000  1.0000  0.6863  0.00001
  0.1539E+08128.5333  1.9601  0.9848  0.0000  1.0000  0.6864  0.00001
  0.3078E+07126.2444  1.9541  0.9643  0.0000  1.0000  0.6871  0.00001
  0.6156E+06116.4500  1.9258  0.8773  0.0000  1.0000  0.6904  0.00001
  0.1231E+06 89.6006  1.8179  0.6497  0.0000  1.0000  0.7045  0.00001
  0.2463E+05 57.2430  1.6194  0.4460  0.1667  1.0000  0.7446  0.00001
  0.4925E+04 29.7897  1.5022  0.3198  0.2000  1.0000  0.8065  0.00001
  0.9850E+03 11.3478  1.4059  0.1974  0.2667  1.0000  0.8595  0.00001
  0.1970E+03  3.6305  1.3130  0.0968  0.6000  1.0000  0.8872  0.00001
  0.3940E+02  1.7660  1.2677  0.0328  0.7167  1.0000  0.8963  0.50141
  0.7880E+01  1.5445  1.2579  0.0117  0.7000  1.0000  0.8986  0.10000
  0.1576E+01  1.4909  1.2766  0.0107  0.7000  1.0000  0.8993  0.10000
  0.3152E+00  1.4413  1.4033  0.0176  0.6333  1.0000  0.8995  0.10000
  0.6304E-01  1.4014  1.8193  0.0438  0.6833  1.0000  0.8974  0.10000
  0.1261E-01  1.3443  3.6052  0.1104  0.7000  0.9988  0.8849  0.10000
  0.2522E-02  1.2927  6.6949  0.1131  0.7000  0.9914  0.8564  0.10000
  0.5043E-03  1.2662 10.8543  0.3495  0.7000  0.9699  0.8169  0.10000
  0.1009E-03  1.2303 16.9255  0.4265  0.8000  0.9089  0.5494  0.10000
  0.2017E-04  1.2110 19.4611  0.2089  0.8667  0.8599  0.3333  0.10000
  0.4035E-05  1.2050 24.0830  0.5871  0.8667  0.8033  0.3808  0.10000
  0.8069E-06  1.1967 25.8076  0.6948  0.8667  0.7468  0.2350  0.10000
  0.1614E-06  1.1831 23.7359  0.9590  0.8667  0.7286  0.2962  0.10000
  0.3228E-07  1.1408 21.7018  0.8097  0.8333  0.7222  0.3423  0.10000
  0.6455E-08  1.0527 22.9703  0.5368  0.8333  0.7121  0.3419  0.10000
  0.1291E-08  0.9414 27.5572  0.5203  0.8667  0.6959  0.3165  0.10000
  0.2582E-09  0.7740 32.4135  0.5575  0.8333  0.7031  0.3420  0.10000
  0.5164E-10  0.5394 35.5102  0.4601  0.8000  0.6892  0.3735  0.10000
  0.1033E-10  0.2874 38.6117  0.3267  0.8333  0.6697  0.3419  0.10000
  0.2066E-11  0.0977 40.9680  0.1432  0.9000  0.6693  0.3575  0.10000
  0.4131E-12  0.0231 41.7391  0.0370  1.0333  0.6715  0.3577  0.10000
  0.8263E-13  0.0048 41.9115  0.0078  1.0667  0.6720  0.3574  0.10000

          ***  Golden section search to maximize estimate ***
     Alpha    Discrp  Oscill  Stabil  Sysdev  Positv  Valcen    Total   
  0.5387E+04 31.1548  1.5070  0.3271  0.2000  1.0000  0.8030  0.00001
  0.2844E+00  1.4384  1.4184  0.0179  0.6333  1.0000  0.8995  0.10000
  0.2578E+03  4.3757  1.3256  0.1121  0.6333  1.0000  0.8842  0.00001
  0.5991E+01  1.5323  1.2587  0.0104  0.7000  1.0000  0.8988  0.10000
  0.8075E+02  2.1912  1.2821  0.0549  0.7333  1.0000  0.8937  0.51254
  0.1258E+03  2.7369  1.2955  0.0739  0.6333  1.0000  0.8910  0.00001
  0.6139E+02  1.9777  1.2757  0.0453  0.6833  1.0000  0.8949  0.49333
  0.9565E+02  2.3665  1.2868  0.0617  0.6667  1.0000  0.8928  0.48963
  0.7272E+02  2.1003  1.2795  0.0511  0.7000  1.0000  0.8942  0.49900
  0.8614E+02  2.2538  1.2839  0.0575  0.7333  1.0000  0.8933  0.51249
  0.7758E+02  2.1550  1.2811  0.0534  0.7333  1.0000  0.8939  0.51252
  0.8277E+02  2.2145  1.2828  0.0559  0.7333  1.0000  0.8936  0.51254
  0.7952E+02  2.1772  1.2817  0.0544  0.7333  1.0000  0.8938  0.51254
  0.8151E+02  2.2000  1.2824  0.0553  0.7333  1.0000  0.8936  0.51254
  0.8199E+02  2.2055  1.2825  0.0555  0.7333  1.0000  0.8936  0.51254
  0.8122E+02  2.1967  1.2823  0.0552  0.7333  1.0000  0.8937  0.51254
  0.8122E+02  2.1967  1.2823  0.0552  0.7333  1.0000  0.8937  0.51254



             ####            Final results            ####

 Parameter    DISCRP    OSCILL    STABIL    SYSDEV    POSITV    VALCEN
 Weight        1.000     3.000     3.000     4.000     1.000     1.000
 Sigma         0.500     0.600     0.120     0.200     0.120     0.120
 Ideal         1.000     1.100     0.000     1.000     1.000     0.950
 Current       2.197     1.282     0.055     0.733     1.000     0.894
                - - - - - - - - - - - - - - - - - - - - - - - - - 
 Estimate      0.003     0.912     0.810     0.169     1.000     0.802

  Angular   range    :     from    0.0087   to    0.1203
  Real space range   :     from      0.00   to    348.40

  Highest ALPHA (theor) :   0.770E+08                 JOB = 0
  Current ALPHA         :   0.812E+02   Rg :  0.108E+03   I(0) :   0.155E+05

           Total  estimate : 0.513  which is  A REASONABLE  solution

      S          J EXP       ERROR       J REG       I REG

  0.0000E+00                                      0.1547E+05
  0.9695E-03                                      0.1541E+05
  0.1939E-02                                      0.1524E+05
  0.2908E-02                                      0.1497E+05
  0.3878E-02                                      0.1459E+05
  0.4847E-02                                      0.1413E+05
  0.5817E-02                                      0.1358E+05
  0.6786E-02                                      0.1296E+05
  0.7756E-02                                      0.1228E+05
  0.8725E-02  0.1272E+05  0.1036E+03  0.1157E+05  0.1157E+05
  0.9655E-02  0.1268E+05  0.1609E+03  0.1085E+05  0.1085E+05
  0.1059E-01  0.1141E+05  0.1388E+03  0.1012E+05  0.1012E+05
  0.1152E-01  0.1020E+05  0.9977E+02  0.9390E+04  0.9390E+04
  0.1245E-01  0.9149E+04  0.7503E+02  0.8665E+04  0.8665E+04
  0.1338E-01  0.8232E+04  0.5692E+02  0.7957E+04  0.7957E+04
  0.1431E-01  0.7397E+04  0.4303E+02  0.7275E+04  0.7275E+04
  0.1524E-01  0.6720E+04  0.3506E+02  0.6624E+04  0.6624E+04
  0.1617E-01  0.5992E+04  0.2891E+02  0.6011E+04  0.6011E+04
  0.1710E-01  0.5454E+04  0.2269E+02  0.5439E+04  0.5439E+04
  0.1803E-01  0.4964E+04  0.2016E+02  0.4910E+04  0.4910E+04
  0.1896E-01  0.4494E+04  0.1634E+02  0.4426E+04  0.4426E+04
  0.1989E-01  0.4059E+04  0.1406E+02  0.3986E+04  0.3986E+04
  0.2082E-01  0.3612E+04  0.1322E+02  0.3588E+04  0.3588E+04
  0.2175E-01  0.3230E+04  0.1162E+02  0.3232E+04  0.3232E+04
  0.2268E-01  0.2930E+04  0.1072E+02  0.2913E+04  0.2913E+04
  0.2361E-01  0.2636E+04  0.9183E+01  0.2630E+04  0.2630E+04
  0.2454E-01  0.2394E+04  0.8428E+01  0.2379E+04  0.2379E+04
  0.2547E-01  0.2167E+04  0.7852E+01  0.2156E+04  0.2156E+04
  0.2640E-01  0.1973E+04  0.7297E+01  0.1958E+04  0.1958E+04
  0.2733E-01  0.1782E+04  0.6668E+01  0.1782E+04  0.1782E+04
  0.2826E-01  0.1624E+04  0.6156E+01  0.1625E+04  0.1625E+04
  0.2919E-01  0.1487E+04  0.5980E+01  0.1485E+04  0.1485E+04
  0.3012E-01  0.1356E+04  0.5757E+01  0.1358E+04  0.1358E+04
  0.3105E-01  0.1234E+04  0.5151E+01  0.1244E+04  0.1244E+04
  0.3198E-01  0.1129E+04  0.4897E+01  0.1140E+04  0.1140E+04
  0.3291E-01  0.1039E+04  0.4847E+01  0.1045E+04  0.1045E+04
  0.3384E-01  0.9486E+03  0.4699E+01  0.9585E+03  0.9585E+03
  0.3477E-01  0.8810E+03  0.4479E+01  0.8792E+03  0.8792E+03
  0.3570E-01  0.8055E+03  0.4132E+01  0.8066E+03  0.8066E+03
  0.3663E-01  0.7392E+03  0.4052E+01  0.7401E+03  0.7401E+03
  0.3756E-01  0.6808E+03  0.3822E+01  0.6793E+03  0.6793E+03
  0.3849E-01  0.6248E+03  0.3872E+01  0.6238E+03  0.6238E+03
  0.3942E-01  0.5763E+03  0.3852E+01  0.5733E+03  0.5733E+03
  0.4035E-01  0.5356E+03  0.3604E+01  0.5275E+03  0.5275E+03
  0.4128E-01  0.4963E+03  0.3528E+01  0.4860E+03  0.4860E+03
  0.4221E-01  0.4498E+03  0.3427E+01  0.4486E+03  0.4486E+03
  0.4314E-01  0.4141E+03  0.3288E+01  0.4148E+03  0.4148E+03
  0.4407E-01  0.3747E+03  0.3366E+01  0.3844E+03  0.3844E+03
  0.4500E-01  0.3496E+03  0.3327E+01  0.3571E+03  0.3571E+03
  0.4593E-01  0.3283E+03  0.3214E+01  0.3326E+03  0.3326E+03
  0.4686E-01  0.3097E+03  0.3073E+01  0.3107E+03  0.3107E+03
  0.4779E-01  0.2867E+03  0.2987E+01  0.2910E+03  0.2910E+03
  0.4872E-01  0.2783E+03  0.2958E+01  0.2734E+03  0.2734E+03
  0.4965E-01  0.2530E+03  0.2843E+01  0.2577E+03  0.2577E+03
  0.5058E-01  0.2335E+03  0.2758E+01  0.2437E+03  0.2437E+03
  0.5151E-01  0.2273E+03  0.2712E+01  0.2314E+03  0.2314E+03
  0.5244E-01  0.2185E+03  0.2715E+01  0.2205E+03  0.2205E+03
  0.5337E-01  0.2098E+03  0.2750E+01  0.2109E+03  0.2109E+03
  0.5430E-01  0.1957E+03  0.2726E+01  0.2026E+03  0.2026E+03
  0.5523E-01  0.1907E+03  0.2695E+01  0.1954E+03  0.1954E+03
  0.5616E-01  0.1927E+03  0.2771E+01  0.1892E+03  0.1892E+03
  0.5709E-01  0.1868E+03  0.2818E+01  0.1839E+03  0.1839E+03
  0.5802E-01  0.1889E+03  0.2668E+01  0.1793E+03  0.1793E+03
  0.5895E-01  0.1809E+03  0.2625E+01  0.1753E+03  0.1753E+03
  0.5988E-01  0.1735E+03  0.2564E+01  0.1718E+03  0.1718E+03
  0.6081E-01  0.1631E+03  0.2575E+01  0.1687E+03  0.1687E+03
  0.6174E-01  0.1645E+03  0.2523E+01  0.1658E+03  0.1658E+03
  0.6267E-01  0.1606E+03  0.2487E+01  0.1631E+03  0.1631E+03
  0.6360E-01  0.1640E+03  0.2451E+01  0.1604E+03  0.1604E+03
  0.6453E-01  0.1527E+03  0.2354E+01  0.1578E+03  0.1578E+03
  0.6546E-01  0.1551E+03  0.2409E+01  0.1551E+03  0.1551E+03
  0.6639E-01  0.1515E+03  0.2417E+01  0.1523E+03  0.1523E+03
  0.6732E-01  0.1419E+03  0.2399E+01  0.1495E+03  0.1495E+03
  0.6825E-01  0.1426E+03  0.2394E+01  0.1467E+03  0.1467E+03
  0.6918E-01  0.1445E+03  0.2379E+01  0.1438E+03  0.1438E+03
  0.7011E-01  0.1463E+03  0.2509E+01  0.1410E+03  0.1410E+03
  0.7104E-01  0.1427E+03  0.2306E+01  0.1382E+03  0.1382E+03
  0.7197E-01  0.1350E+03  0.2305E+01  0.1355E+03  0.1355E+03
  0.7290E-01  0.1338E+03  0.2304E+01  0.1329E+03  0.1329E+03
  0.7383E-01  0.1305E+03  0.2249E+01  0.1304E+03  0.1304E+03
  0.7476E-01  0.1272E+03  0.2206E+01  0.1280E+03  0.1280E+03
  0.7569E-01  0.1321E+03  0.2191E+01  0.1257E+03  0.1257E+03
  0.7662E-01  0.1259E+03  0.2192E+01  0.1236E+03  0.1236E+03
  0.7755E-01  0.1200E+03  0.2211E+01  0.1215E+03  0.1215E+03
  0.7848E-01  0.1188E+03  0.2186E+01  0.1195E+03  0.1195E+03
  0.7941E-01  0.1197E+03  0.2183E+01  0.1174E+03  0.1174E+03
  0.8034E-01  0.1178E+03  0.2142E+01  0.1154E+03  0.1154E+03
  0.8127E-01  0.1124E+03  0.2101E+01  0.1133E+03  0.1133E+03
  0.8220E-01  0.1070E+03  0.2150E+01  0.1112E+03  0.1112E+03
  0.8313E-01  0.1099E+03  0.2116E+01  0.1091E+03  0.1091E+03
  0.8406E-01  0.1078E+03  0.2162E+01  0.1069E+03  0.1069E+03
  0.8499E-01  0.1050E+03  0.2106E+01  0.1046E+03  0.1046E+03
  0.8592E-01  0.1010E+03  0.2066E+01  0.1023E+03  0.1023E+03
  0.8685E-01  0.1018E+03  0.1998E+01  0.1001E+03  0.1001E+03
  0.8778E-01  0.9639E+02  0.2028E+01  0.9788E+02  0.9788E+02
  0.8871E-01  0.9211E+02  0.1951E+01  0.9574E+02  0.9574E+02
  0.8964E-01  0.8954E+02  0.1988E+01  0.9371E+02  0.9371E+02
  0.9057E-01  0.9111E+02  0.1974E+01  0.9180E+02  0.9180E+02
  0.9150E-01  0.9345E+02  0.1946E+01  0.9004E+02  0.9004E+02
  0.9243E-01  0.9095E+02  0.1936E+01  0.8843E+02  0.8843E+02
  0.9336E-01  0.8936E+02  0.1921E+01  0.8698E+02  0.8698E+02
  0.9429E-01  0.8632E+02  0.1947E+01  0.8566E+02  0.8566E+02
  0.9522E-01  0.8519E+02  0.1964E+01  0.8447E+02  0.8447E+02
  0.9615E-01  0.8453E+02  0.1967E+01  0.8338E+02  0.8338E+02
  0.9708E-01  0.8102E+02  0.1946E+01  0.8236E+02  0.8236E+02
  0.9801E-01  0.7774E+02  0.1906E+01  0.8139E+02  0.8139E+02
  0.9894E-01  0.8248E+02  0.1917E+01  0.8043E+02  0.8043E+02
  0.9987E-01  0.7944E+02  0.1915E+01  0.7945E+02  0.7945E+02
  0.1008E+00  0.7600E+02  0.1890E+01  0.7846E+02  0.7846E+02
  0.1017E+00  0.7240E+02  0.1846E+01  0.7742E+02  0.7742E+02
  0.1027E+00  0.7690E+02  0.1820E+01  0.7633E+02  0.7633E+02
  0.1036E+00  0.7488E+02  0.1777E+01  0.7519E+02  0.7519E+02
  0.1045E+00  0.7882E+02  0.1763E+01  0.7402E+02  0.7402E+02
  0.1054E+00  0.7615E+02  0.1770E+01  0.7282E+02  0.7282E+02
  0.1064E+00  0.7159E+02  0.1760E+01  0.7162E+02  0.7162E+02
  0.1073E+00  0.7070E+02  0.1777E+01  0.7043E+02  0.7043E+02
  0.1082E+00  0.6825E+02  0.1798E+01  0.6926E+02  0.6926E+02
  0.1092E+00  0.6758E+02  0.1770E+01  0.6813E+02  0.6813E+02
  0.1101E+00  0.6666E+02  0.1790E+01  0.6706E+02  0.6706E+02
  0.1110E+00  0.6456E+02  0.1785E+01  0.6604E+02  0.6604E+02
  0.1120E+00  0.6504E+02  0.1763E+01  0.6509E+02  0.6509E+02
  0.1129E+00  0.6546E+02  0.1741E+01  0.6419E+02  0.6419E+02
  0.1138E+00  0.6384E+02  0.1741E+01  0.6333E+02  0.6333E+02
  0.1147E+00  0.6496E+02  0.1712E+01  0.6251E+02  0.6251E+02
  0.1157E+00  0.6449E+02  0.1714E+01  0.6170E+02  0.6170E+02
  0.1166E+00  0.6160E+02  0.1686E+01  0.6090E+02  0.6090E+02
  0.1175E+00  0.5920E+02  0.1675E+01  0.6010E+02  0.6010E+02
  0.1185E+00  0.5848E+02  0.1672E+01  0.5926E+02  0.5926E+02
  0.1194E+00  0.5787E+02  0.1658E+01  0.5840E+02  0.5840E+02
  0.1203E+00  0.5756E+02  0.1627E+01  0.5751E+02  0.5751E+02

           Distance distribution  function of particle  


       R          P(R)      ERROR

  0.0000E+00  0.0000E+00  0.0000E+00
  0.4355E+01  0.2940E+00  0.1894E-02
  0.8710E+01  0.5921E+00  0.2346E-02
  0.1306E+02  0.8973E+00  0.1787E-02
  0.1742E+02  0.1214E+01  0.1225E-02
  0.2177E+02  0.1547E+01  0.1981E-02
  0.2613E+02  0.1900E+01  0.2987E-02
  0.3048E+02  0.2277E+01  0.3526E-02
  0.3484E+02  0.2678E+01  0.3557E-02
  0.3919E+02  0.3101E+01  0.3468E-02
  0.4355E+02  0.3541E+01  0.3867E-02
  0.4790E+02  0.3990E+01  0.4864E-02
  0.5226E+02  0.4440E+01  0.6029E-02
  0.5661E+02  0.4880E+01  0.7007E-02
  0.6097E+02  0.5302E+01  0.7712E-02
  0.6532E+02  0.5697E+01  0.8277E-02
  0.6968E+02  0.6057E+01  0.8906E-02
  0.7403E+02  0.6376E+01  0.9698E-02
  0.7839E+02  0.6653E+01  0.1058E-01
  0.8274E+02  0.6884E+01  0.1140E-01
  0.8710E+02  0.7071E+01  0.1211E-01
  0.9145E+02  0.7213E+01  0.1272E-01
  0.9581E+02  0.7312E+01  0.1334E-01
  0.1002E+03  0.7369E+01  0.1403E-01
  0.1045E+03  0.7386E+01  0.1480E-01
  0.1089E+03  0.7366E+01  0.1560E-01
  0.1132E+03  0.7310E+01  0.1644E-01
  0.1176E+03  0.7222E+01  0.1738E-01
  0.1219E+03  0.7104E+01  0.1849E-01
  0.1263E+03  0.6963E+01  0.1975E-01
  0.1306E+03  0.6802E+01  0.2108E-01
  0.1350E+03  0.6627E+01  0.2235E-01
  0.1394E+03  0.6444E+01  0.2346E-01
  0.1437E+03  0.6258E+01  0.2438E-01
  0.1481E+03  0.6074E+01  0.2512E-01
  0.1524E+03  0.5893E+01  0.2568E-01
  0.1568E+03  0.5718E+01  0.2606E-01
  0.1611E+03  0.5549E+01  0.2622E-01
  0.1655E+03  0.5384E+01  0.2614E-01
  0.1698E+03  0.5223E+01  0.2588E-01
  0.1742E+03  0.5062E+01  0.2554E-01
  0.1786E+03  0.4900E+01  0.2527E-01
  0.1829E+03  0.4734E+01  0.2517E-01
  0.1873E+03  0.4564E+01  0.2530E-01
  0.1916E+03  0.4390E+01  0.2561E-01
  0.1960E+03  0.4211E+01  0.2603E-01
  0.2003E+03  0.4029E+01  0.2646E-01
  0.2047E+03  0.3845E+01  0.2680E-01
  0.2090E+03  0.3660E+01  0.2698E-01
  0.2134E+03  0.3476E+01  0.2695E-01
  0.2177E+03  0.3294E+01  0.2675E-01
  0.2221E+03  0.3113E+01  0.2650E-01
  0.2265E+03  0.2935E+01  0.2633E-01
  0.2308E+03  0.2759E+01  0.2634E-01
  0.2352E+03  0.2586E+01  0.2652E-01
  0.2395E+03  0.2416E+01  0.2678E-01
  0.2439E+03  0.2248E+01  0.2699E-01
  0.2482E+03  0.2085E+01  0.2707E-01
  0.2526E+03  0.1926E+01  0.2699E-01
  0.2569E+03  0.1772E+01  0.2674E-01
  0.2613E+03  0.1624E+01  0.2635E-01
  0.2657E+03  0.1482E+01  0.2583E-01
  0.2700E+03  0.1348E+01  0.2521E-01
  0.2744E+03  0.1221E+01  0.2459E-01
  0.2787E+03  0.1101E+01  0.2406E-01
  0.2831E+03  0.9889E+00  0.2371E-01
  0.2874E+03  0.8848E+00  0.2351E-01
  0.2918E+03  0.7891E+00  0.2333E-01
  0.2961E+03  0.7020E+00  0.2302E-01
  0.3005E+03  0.6239E+00  0.2249E-01
  0.3048E+03  0.5548E+00  0.2181E-01
  0.3092E+03  0.4943E+00  0.2110E-01
  0.3136E+03  0.4416E+00  0.2049E-01
  0.3179E+03  0.3952E+00  0.1998E-01
  0.3223E+03  0.3527E+00  0.1937E-01
  0.3266E+03  0.3113E+00  0.1839E-01
  0.3310E+03  0.2675E+00  0.1676E-01
  0.3353E+03  0.2177E+00  0.1427E-01
  0.3397E+03  0.1584E+00  0.1074E-01
  0.3440E+03  0.8666E-01  0.6028E-02
  0.3484E+03  0.0000E+00  0.0000E+00
          Reciprocal space: Rg =  107.63     , I(0) =   0.1547E+05
     Real space: Rg =  107.86 +- 0.250  I(0) =   0.1547E+05 +-  0.6438E+02
