
           ####    G N O M   ---   Version 4.5a revised 09/02/02     ####

                                                  Sat Nov  4 17:04:27 2017
           ===    Run No   1   ===
 Run title:  0.000355115 0 0


  Number of points omitted at the end:         420
   *******   Working Directory :
   *******    Input file(s) : 26584_03B_S118_0_01.sub
           Condition P(rmin) = 0 is used. 
           Condition P(rmax) = 0 is used. 

          Experimental conditions for the first run
          -----------------------------------------

          Highest ALPHA is found to be   0.1559E+06

  The measure of inconsistency AN1 equals to    0.1196E+01

          Warning: using the chosen range in the real space 
             it is not possible to fit the data set within the
             given error band. 
     Alpha    Discrp  Oscill  Stabil  Sysdev  Positv  Valcen    Total   
  0.1559E+09163.8715  2.0238  0.9891  0.0000  1.0000  0.6773  0.00001
  0.3118E+08163.2985  2.0226  0.9850  0.0000  1.0000  0.6774  0.00001
  0.6235E+07160.5245  2.0166  0.9652  0.0000  1.0000  0.6780  0.00001
  0.1247E+07148.6078  1.9879  0.8806  0.0000  1.0000  0.6809  0.00001
  0.2494E+06115.6239  1.8768  0.6561  0.0000  1.0000  0.6935  0.00001
  0.4988E+05 75.9151  1.6612  0.4571  0.1333  1.0000  0.7309  0.00001
  0.9976E+04 41.7833  1.5297  0.3444  0.1833  1.0000  0.7936  0.00001
  0.1995E+04 16.8883  1.4314  0.2216  0.3167  1.0000  0.8518  0.00001
  0.3990E+03  5.4023  1.3288  0.1172  0.5833  1.0000  0.8845  0.00001
  0.7981E+02  2.1032  1.2719  0.0416  0.7167  1.0000  0.8964  0.52844
  0.1596E+02  1.6636  1.2554  0.0132  0.6500  1.0000  0.8995  0.47770
  0.3192E+01  1.5935  1.2628  0.0088  0.6167  1.0000  0.9003  0.10000
  0.6385E+00  1.5372  1.3405  0.0146  0.6833  1.0000  0.9006  0.10000
  0.1277E+00  1.4855  1.6544  0.0384  0.7167  1.0000  0.8989  0.10000
  0.2554E-01  1.4022  3.2137  0.1038  0.7833  0.9990  0.8882  0.10000
  0.5108E-02  1.3191  6.0992  0.0932  0.7833  0.9933  0.8620  0.10000
  0.1022E-02  1.2887  8.9769  0.2174  0.8000  0.9806  0.8359  0.10000
  0.2043E-03  1.2579 15.1875  0.3721  0.7500  0.9349  0.7470  0.10000
  0.4086E-04  1.2329 20.9029  0.5510  0.7833  0.8583  0.5214  0.10000
  0.8172E-05  1.1982 21.9433  0.8643  0.8167  0.7944  0.2605  0.10000
  0.1634E-05  1.1325 20.6893  0.5068  0.8000  0.7387  0.2622  0.10000
  0.3269E-06  1.0930 22.3290  0.3570  0.8000  0.7200  0.2528  0.10000
  0.6538E-07  1.0630 26.2269  0.8216  0.7667  0.6984  0.2252  0.10000
  0.1308E-07  0.9935 25.5438  0.6868  0.7333  0.6987  0.2911  0.10000
  0.2615E-08  0.8948 26.9919  0.5010  0.8000  0.7089  0.3507  0.10000
  0.5230E-09  0.7781 31.1637  0.5922  0.8000  0.6883  0.4000  0.10000
  0.1046E-09  0.5704 34.8471  0.5472  0.8333  0.6365  0.3841  0.10000
  0.2092E-10  0.2936 37.3819  0.3247  0.8333  0.6115  0.4261  0.10000
  0.4184E-11  0.0976 39.2488  0.1356  0.9000  0.6090  0.4348  0.10000
  0.8369E-12  0.0231 39.9459  0.0357  0.9000  0.6119  0.4339  0.10000
  0.1674E-12  0.0048 40.1111  0.0076  0.9000  0.6129  0.4333  0.10000

          ***  Golden section search to maximize estimate ***
     Alpha    Discrp  Oscill  Stabil  Sysdev  Positv  Valcen    Total   
  0.4316E+02  1.8165  1.2622  0.0262  0.6500  1.0000  0.8981  0.49978
  0.6605E+03  7.8261  1.3576  0.1481  0.5500  1.0000  0.8771  0.00001
  0.6311E+02  1.9626  1.2676  0.0349  0.7167  1.0000  0.8972  0.52514
  0.1789E+03  3.1037  1.2937  0.0735  0.6833  1.0000  0.8923  0.00001
  0.7296E+02  2.0438  1.2702  0.0389  0.7167  1.0000  0.8967  0.52729
  0.1086E+03  2.3736  1.2788  0.0522  0.7167  1.0000  0.8952  0.53076
  0.1314E+03  2.6035  1.2839  0.0597  0.7167  1.0000  0.8942  0.00003
  0.9656E+02  2.2569  1.2760  0.0479  0.7167  1.0000  0.8957  0.53023
  0.1168E+03  2.4550  1.2807  0.0550  0.7167  1.0000  0.8948  0.53082
  0.1222E+03  2.5092  1.2819  0.0567  0.7167  1.0000  0.8946  0.53073
  0.1136E+03  2.4230  1.2800  0.0539  0.7167  1.0000  0.8949  0.53082
  0.1117E+03  2.4038  1.2795  0.0532  0.7167  1.0000  0.8950  0.53081
  0.1148E+03  2.4351  1.2802  0.0543  0.7167  1.0000  0.8949  0.53082
  0.1156E+03  2.4427  1.2804  0.0545  0.7167  1.0000  0.8949  0.53082
  0.1144E+03  2.4305  1.2801  0.0541  0.7167  1.0000  0.8949  0.53082
  0.1148E+03  2.4351  1.2802  0.0543  0.7167  1.0000  0.8949  0.53082



             ####            Final results            ####

 Parameter    DISCRP    OSCILL    STABIL    SYSDEV    POSITV    VALCEN
 Weight        1.000     3.000     3.000     4.000     1.000     1.000
 Sigma         0.500     0.600     0.120     0.200     0.120     0.120
 Ideal         1.000     1.100     0.000     1.000     1.000     0.950
 Current       2.435     1.280     0.054     0.717     1.000     0.895
                - - - - - - - - - - - - - - - - - - - - - - - - - 
 Estimate      0.000     0.914     0.815     0.134     1.000     0.810

  Angular   range    :     from    0.0087   to    0.1203
  Real space range   :     from      0.00   to    347.70

  Highest ALPHA (theor) :   0.156E+09                 JOB = 0
  Current ALPHA         :   0.115E+03   Rg :  0.107E+03   I(0) :   0.239E+05

           Total  estimate : 0.531  which is  A REASONABLE  solution

      S          J EXP       ERROR       J REG       I REG

  0.0000E+00                                      0.2385E+05
  0.9695E-03                                      0.2377E+05
  0.1939E-02                                      0.2351E+05
  0.2908E-02                                      0.2309E+05
  0.3878E-02                                      0.2251E+05
  0.4847E-02                                      0.2180E+05
  0.5817E-02                                      0.2095E+05
  0.6786E-02                                      0.2000E+05
  0.7756E-02                                      0.1896E+05
  0.8725E-02  0.1974E+05  0.1688E+03  0.1786E+05  0.1786E+05
  0.9655E-02  0.1953E+05  0.1908E+03  0.1676E+05  0.1676E+05
  0.1059E-01  0.1768E+05  0.1743E+03  0.1563E+05  0.1563E+05
  0.1152E-01  0.1584E+05  0.1318E+03  0.1450E+05  0.1450E+05
  0.1245E-01  0.1417E+05  0.9692E+02  0.1339E+05  0.1339E+05
  0.1338E-01  0.1273E+05  0.7408E+02  0.1229E+05  0.1229E+05
  0.1431E-01  0.1141E+05  0.5739E+02  0.1124E+05  0.1124E+05
  0.1524E-01  0.1038E+05  0.4622E+02  0.1023E+05  0.1023E+05
  0.1617E-01  0.9254E+04  0.3597E+02  0.9285E+04  0.9285E+04
  0.1710E-01  0.8415E+04  0.2845E+02  0.8399E+04  0.8399E+04
  0.1803E-01  0.7647E+04  0.2600E+02  0.7580E+04  0.7580E+04
  0.1896E-01  0.6914E+04  0.2079E+02  0.6829E+04  0.6829E+04
  0.1989E-01  0.6240E+04  0.1874E+02  0.6146E+04  0.6146E+04
  0.2082E-01  0.5585E+04  0.1717E+02  0.5530E+04  0.5530E+04
  0.2175E-01  0.5018E+04  0.1550E+02  0.4977E+04  0.4977E+04
  0.2268E-01  0.4515E+04  0.1404E+02  0.4483E+04  0.4483E+04
  0.2361E-01  0.4058E+04  0.1223E+02  0.4044E+04  0.4044E+04
  0.2454E-01  0.3670E+04  0.1103E+02  0.3655E+04  0.3655E+04
  0.2547E-01  0.3318E+04  0.9650E+01  0.3310E+04  0.3310E+04
  0.2640E-01  0.3009E+04  0.8888E+01  0.3004E+04  0.3004E+04
  0.2733E-01  0.2739E+04  0.8091E+01  0.2732E+04  0.2732E+04
  0.2826E-01  0.2491E+04  0.7336E+01  0.2490E+04  0.2490E+04
  0.2919E-01  0.2267E+04  0.6968E+01  0.2273E+04  0.2273E+04
  0.3012E-01  0.2069E+04  0.6542E+01  0.2078E+04  0.2078E+04
  0.3105E-01  0.1895E+04  0.6028E+01  0.1902E+04  0.1902E+04
  0.3198E-01  0.1736E+04  0.5800E+01  0.1742E+04  0.1742E+04
  0.3291E-01  0.1593E+04  0.5445E+01  0.1596E+04  0.1596E+04
  0.3384E-01  0.1460E+04  0.5345E+01  0.1462E+04  0.1462E+04
  0.3477E-01  0.1337E+04  0.4973E+01  0.1340E+04  0.1340E+04
  0.3570E-01  0.1221E+04  0.4607E+01  0.1228E+04  0.1228E+04
  0.3663E-01  0.1121E+04  0.4606E+01  0.1125E+04  0.1125E+04
  0.3756E-01  0.1032E+04  0.4287E+01  0.1032E+04  0.1032E+04
  0.3849E-01  0.9452E+03  0.4150E+01  0.9460E+03  0.9460E+03
  0.3942E-01  0.8744E+03  0.4033E+01  0.8682E+03  0.8682E+03
  0.4035E-01  0.8017E+03  0.4037E+01  0.7977E+03  0.7977E+03
  0.4128E-01  0.7447E+03  0.3964E+01  0.7340E+03  0.7340E+03
  0.4221E-01  0.6879E+03  0.3849E+01  0.6766E+03  0.6766E+03
  0.4314E-01  0.6245E+03  0.3688E+01  0.6251E+03  0.6251E+03
  0.4407E-01  0.5740E+03  0.3679E+01  0.5789E+03  0.5789E+03
  0.4500E-01  0.5343E+03  0.3671E+01  0.5376E+03  0.5376E+03
  0.4593E-01  0.4856E+03  0.3534E+01  0.5007E+03  0.5007E+03
  0.4686E-01  0.4601E+03  0.3335E+01  0.4677E+03  0.4677E+03
  0.4779E-01  0.4365E+03  0.3229E+01  0.4383E+03  0.4383E+03
  0.4872E-01  0.4133E+03  0.3171E+01  0.4120E+03  0.4120E+03
  0.4965E-01  0.3806E+03  0.3162E+01  0.3885E+03  0.3885E+03
  0.5058E-01  0.3570E+03  0.3033E+01  0.3677E+03  0.3677E+03
  0.5151E-01  0.3442E+03  0.2995E+01  0.3491E+03  0.3491E+03
  0.5244E-01  0.3316E+03  0.3004E+01  0.3327E+03  0.3327E+03
  0.5337E-01  0.3227E+03  0.3007E+01  0.3182E+03  0.3182E+03
  0.5430E-01  0.3071E+03  0.2995E+01  0.3055E+03  0.3055E+03
  0.5523E-01  0.2934E+03  0.2990E+01  0.2944E+03  0.2944E+03
  0.5616E-01  0.2853E+03  0.3023E+01  0.2847E+03  0.2847E+03
  0.5709E-01  0.2801E+03  0.2959E+01  0.2763E+03  0.2763E+03
  0.5802E-01  0.2713E+03  0.2914E+01  0.2690E+03  0.2690E+03
  0.5895E-01  0.2592E+03  0.2815E+01  0.2626E+03  0.2626E+03
  0.5988E-01  0.2564E+03  0.2731E+01  0.2570E+03  0.2570E+03
  0.6081E-01  0.2519E+03  0.2712E+01  0.2519E+03  0.2519E+03
  0.6174E-01  0.2477E+03  0.2674E+01  0.2473E+03  0.2473E+03
  0.6267E-01  0.2440E+03  0.2697E+01  0.2430E+03  0.2430E+03
  0.6360E-01  0.2343E+03  0.2590E+01  0.2388E+03  0.2388E+03
  0.6453E-01  0.2373E+03  0.2638E+01  0.2346E+03  0.2346E+03
  0.6546E-01  0.2264E+03  0.2592E+01  0.2304E+03  0.2304E+03
  0.6639E-01  0.2243E+03  0.2622E+01  0.2261E+03  0.2261E+03
  0.6732E-01  0.2221E+03  0.2558E+01  0.2218E+03  0.2218E+03
  0.6825E-01  0.2146E+03  0.2603E+01  0.2173E+03  0.2173E+03
  0.6918E-01  0.2102E+03  0.2577E+01  0.2128E+03  0.2128E+03
  0.7011E-01  0.2134E+03  0.2600E+01  0.2083E+03  0.2083E+03
  0.7104E-01  0.2040E+03  0.2472E+01  0.2038E+03  0.2038E+03
  0.7197E-01  0.1986E+03  0.2479E+01  0.1994E+03  0.1994E+03
  0.7290E-01  0.1974E+03  0.2496E+01  0.1951E+03  0.1951E+03
  0.7383E-01  0.1910E+03  0.2452E+01  0.1910E+03  0.1910E+03
  0.7476E-01  0.1870E+03  0.2359E+01  0.1871E+03  0.1871E+03
  0.7569E-01  0.1874E+03  0.2363E+01  0.1835E+03  0.1835E+03
  0.7662E-01  0.1816E+03  0.2388E+01  0.1800E+03  0.1800E+03
  0.7755E-01  0.1808E+03  0.2343E+01  0.1767E+03  0.1767E+03
  0.7848E-01  0.1791E+03  0.2375E+01  0.1736E+03  0.1736E+03
  0.7941E-01  0.1704E+03  0.2328E+01  0.1707E+03  0.1707E+03
  0.8034E-01  0.1613E+03  0.2330E+01  0.1678E+03  0.1678E+03
  0.8127E-01  0.1611E+03  0.2306E+01  0.1649E+03  0.1649E+03
  0.8220E-01  0.1568E+03  0.2313E+01  0.1621E+03  0.1621E+03
  0.8313E-01  0.1622E+03  0.2315E+01  0.1592E+03  0.1592E+03
  0.8406E-01  0.1533E+03  0.2278E+01  0.1563E+03  0.1563E+03
  0.8499E-01  0.1561E+03  0.2282E+01  0.1533E+03  0.1533E+03
  0.8592E-01  0.1531E+03  0.2216E+01  0.1503E+03  0.1503E+03
  0.8685E-01  0.1495E+03  0.2181E+01  0.1473E+03  0.1473E+03
  0.8778E-01  0.1447E+03  0.2221E+01  0.1443E+03  0.1443E+03
  0.8871E-01  0.1368E+03  0.2157E+01  0.1413E+03  0.1413E+03
  0.8964E-01  0.1369E+03  0.2131E+01  0.1383E+03  0.1383E+03
  0.9057E-01  0.1345E+03  0.2092E+01  0.1355E+03  0.1355E+03
  0.9150E-01  0.1349E+03  0.2092E+01  0.1328E+03  0.1328E+03
  0.9243E-01  0.1330E+03  0.2077E+01  0.1302E+03  0.1302E+03
  0.9336E-01  0.1316E+03  0.2103E+01  0.1278E+03  0.1278E+03
  0.9429E-01  0.1263E+03  0.2117E+01  0.1255E+03  0.1255E+03
  0.9522E-01  0.1221E+03  0.2120E+01  0.1234E+03  0.1234E+03
  0.9615E-01  0.1226E+03  0.2179E+01  0.1214E+03  0.1214E+03
  0.9708E-01  0.1163E+03  0.2119E+01  0.1196E+03  0.1196E+03
  0.9801E-01  0.1174E+03  0.2053E+01  0.1178E+03  0.1178E+03
  0.9894E-01  0.1175E+03  0.2042E+01  0.1162E+03  0.1162E+03
  0.9987E-01  0.1133E+03  0.2020E+01  0.1145E+03  0.1145E+03
  0.1008E+00  0.1127E+03  0.2065E+01  0.1129E+03  0.1129E+03
  0.1017E+00  0.1087E+03  0.2007E+01  0.1112E+03  0.1112E+03
  0.1027E+00  0.1083E+03  0.1959E+01  0.1096E+03  0.1096E+03
  0.1036E+00  0.1070E+03  0.1954E+01  0.1079E+03  0.1079E+03
  0.1045E+00  0.1047E+03  0.1945E+01  0.1062E+03  0.1062E+03
  0.1054E+00  0.1047E+03  0.1934E+01  0.1044E+03  0.1044E+03
  0.1064E+00  0.1061E+03  0.1913E+01  0.1027E+03  0.1027E+03
  0.1073E+00  0.1035E+03  0.1891E+01  0.1010E+03  0.1010E+03
  0.1082E+00  0.1023E+03  0.1918E+01  0.9922E+02  0.9922E+02
  0.1092E+00  0.9624E+02  0.1934E+01  0.9753E+02  0.9753E+02
  0.1101E+00  0.9432E+02  0.1928E+01  0.9587E+02  0.9587E+02
  0.1110E+00  0.9653E+02  0.1927E+01  0.9427E+02  0.9427E+02
  0.1120E+00  0.9489E+02  0.1913E+01  0.9273E+02  0.9273E+02
  0.1129E+00  0.9132E+02  0.1895E+01  0.9122E+02  0.9122E+02
  0.1138E+00  0.8761E+02  0.1878E+01  0.8978E+02  0.8978E+02
  0.1147E+00  0.8963E+02  0.1866E+01  0.8839E+02  0.8839E+02
  0.1157E+00  0.8641E+02  0.1853E+01  0.8702E+02  0.8702E+02
  0.1166E+00  0.8556E+02  0.1857E+01  0.8568E+02  0.8568E+02
  0.1175E+00  0.8673E+02  0.1770E+01  0.8435E+02  0.8435E+02
  0.1185E+00  0.8473E+02  0.1774E+01  0.8302E+02  0.8302E+02
  0.1194E+00  0.7915E+02  0.1794E+01  0.8168E+02  0.8168E+02
  0.1203E+00  0.7545E+02  0.1763E+01  0.8033E+02  0.8033E+02

           Distance distribution  function of particle  


       R          P(R)      ERROR

  0.0000E+00  0.0000E+00  0.0000E+00
  0.4346E+01  0.4194E+00  0.2243E-02
  0.8692E+01  0.8626E+00  0.2758E-02
  0.1304E+02  0.1331E+01  0.2063E-02
  0.1738E+02  0.1828E+01  0.1385E-02
  0.2173E+02  0.2354E+01  0.2327E-02
  0.2608E+02  0.2914E+01  0.3517E-02
  0.3042E+02  0.3506E+01  0.4142E-02
  0.3477E+02  0.4129E+01  0.4201E-02
  0.3912E+02  0.4781E+01  0.4220E-02
  0.4346E+02  0.5453E+01  0.4883E-02
  0.4781E+02  0.6138E+01  0.6197E-02
  0.5215E+02  0.6824E+01  0.7634E-02
  0.5650E+02  0.7498E+01  0.8816E-02
  0.6085E+02  0.8148E+01  0.9680E-02
  0.6519E+02  0.8759E+01  0.1041E-01
  0.6954E+02  0.9321E+01  0.1124E-01
  0.7389E+02  0.9825E+01  0.1227E-01
  0.7823E+02  0.1026E+02  0.1339E-01
  0.8258E+02  0.1063E+02  0.1446E-01
  0.8692E+02  0.1092E+02  0.1542E-01
  0.9127E+02  0.1115E+02  0.1633E-01
  0.9562E+02  0.1130E+02  0.1729E-01
  0.9996E+02  0.1139E+02  0.1832E-01
  0.1043E+03  0.1141E+02  0.1938E-01
  0.1087E+03  0.1138E+02  0.2041E-01
  0.1130E+03  0.1130E+02  0.2143E-01
  0.1173E+03  0.1117E+02  0.2255E-01
  0.1217E+03  0.1100E+02  0.2386E-01
  0.1260E+03  0.1080E+02  0.2538E-01
  0.1304E+03  0.1056E+02  0.2699E-01
  0.1347E+03  0.1031E+02  0.2854E-01
  0.1391E+03  0.1003E+02  0.2993E-01
  0.1434E+03  0.9749E+01  0.3114E-01
  0.1478E+03  0.9463E+01  0.3216E-01
  0.1521E+03  0.9178E+01  0.3301E-01
  0.1565E+03  0.8897E+01  0.3361E-01
  0.1608E+03  0.8622E+01  0.3391E-01
  0.1652E+03  0.8354E+01  0.3388E-01
  0.1695E+03  0.8092E+01  0.3361E-01
  0.1738E+03  0.7832E+01  0.3325E-01
  0.1782E+03  0.7573E+01  0.3297E-01
  0.1825E+03  0.7312E+01  0.3289E-01
  0.1869E+03  0.7047E+01  0.3305E-01
  0.1912E+03  0.6778E+01  0.3341E-01
  0.1956E+03  0.6503E+01  0.3390E-01
  0.1999E+03  0.6226E+01  0.3442E-01
  0.2043E+03  0.5946E+01  0.3485E-01
  0.2086E+03  0.5666E+01  0.3509E-01
  0.2130E+03  0.5387E+01  0.3504E-01
  0.2173E+03  0.5111E+01  0.3475E-01
  0.2217E+03  0.4837E+01  0.3434E-01
  0.2260E+03  0.4566E+01  0.3402E-01
  0.2304E+03  0.4296E+01  0.3393E-01
  0.2347E+03  0.4029E+01  0.3409E-01
  0.2390E+03  0.3762E+01  0.3436E-01
  0.2434E+03  0.3498E+01  0.3461E-01
  0.2477E+03  0.3237E+01  0.3470E-01
  0.2521E+03  0.2983E+01  0.3461E-01
  0.2564E+03  0.2736E+01  0.3433E-01
  0.2608E+03  0.2500E+01  0.3385E-01
  0.2651E+03  0.2277E+01  0.3313E-01
  0.2695E+03  0.2069E+01  0.3221E-01
  0.2738E+03  0.1876E+01  0.3117E-01
  0.2782E+03  0.1698E+01  0.3020E-01
  0.2825E+03  0.1534E+01  0.2947E-01
  0.2869E+03  0.1381E+01  0.2901E-01
  0.2912E+03  0.1239E+01  0.2867E-01
  0.2955E+03  0.1106E+01  0.2821E-01
  0.2999E+03  0.9821E+00  0.2751E-01
  0.3042E+03  0.8663E+00  0.2663E-01
  0.3086E+03  0.7593E+00  0.2574E-01
  0.3129E+03  0.6615E+00  0.2504E-01
  0.3173E+03  0.5730E+00  0.2452E-01
  0.3216E+03  0.4931E+00  0.2393E-01
  0.3260E+03  0.4199E+00  0.2291E-01
  0.3303E+03  0.3499E+00  0.2109E-01
  0.3347E+03  0.2785E+00  0.1816E-01
  0.3390E+03  0.2004E+00  0.1386E-01
  0.3434E+03  0.1094E+00  0.7895E-02
  0.3477E+03  0.0000E+00  0.0000E+00
          Reciprocal space: Rg =  107.37     , I(0) =   0.2385E+05
     Real space: Rg =  107.59 +- 0.205  I(0) =   0.2385E+05 +-  0.8357E+02
