
           ####    G N O M   ---   Version 4.5a revised 09/02/02     ####

                                                  Sat Nov  4 17:04:25 2017
           ===    Run No   1   ===
 Run title:  0.0003414 0 0


  Number of points omitted at the end:         451
 Standard deviations are estimated by polynomial smoothing

   *******   Working Directory :
   *******    Input file(s) : 26584_02C_S064_0_01.sub
           Condition P(rmin) = 0 is used. 
           Condition P(rmax) = 0 is used. 

 Warning: Dmax*Smin =  3.638   is greater than Pi !


          Experimental conditions for the first run
          -----------------------------------------

          Highest ALPHA is found to be   0.1272E+06

  The measure of inconsistency AN1 equals to    0.8581E+00
     Alpha    Discrp  Oscill  Stabil  Sysdev  Positv  Valcen    Total   
  0.1272E+09166.3328  2.1370  0.9897  0.0000  1.0000  0.6616  0.00001
  0.2543E+08166.0984  2.1365  0.9881  0.0000  1.0000  0.6616  0.00001
  0.5086E+07164.9404  2.1340  0.9803  0.0000  1.0000  0.6617  0.00001
  0.1017E+07159.4908  2.1221  0.9434  0.0000  1.0000  0.6621  0.00001
  0.2034E+06138.6682  2.0696  0.8051  0.0000  1.0000  0.6641  0.00001
  0.4069E+05 95.3336  1.9202  0.5465  0.1391  1.0000  0.6714  0.00001
  0.8138E+04 50.9973  1.7802  0.3473  0.2435  1.0000  0.6902  0.00001
  0.1628E+04 19.0288  1.7121  0.1833  0.1739  1.0000  0.7232  0.00001
  0.3255E+03  5.3084  1.6407  0.0814  0.5391  1.0000  0.7557  0.00001
  0.6510E+02  1.5042  1.5935  0.0281  0.7478  1.0000  0.7732  0.50673
  0.1302E+02  0.9192  1.5775  0.0070  0.8522  1.0000  0.7788  0.64263
  0.2604E+01  0.8751  1.5746  0.0030  0.8870  1.0000  0.7802  0.65243
  0.5208E+00  0.8625  1.5813  0.0061  0.8522  1.0000  0.7806  0.57208
  0.1042E+00  0.8452  1.6456  0.0125  0.8522  1.0000  0.7806  0.51285
  0.2083E-01  0.8346  1.7984  0.0103  0.8522  1.0000  0.7803  0.10000
  0.4166E-02  0.8323  1.9479  0.0145  0.8522  1.0000  0.7798  0.10000
  0.8333E-03  0.8310  2.3999  0.0408  0.8348  0.9998  0.7794  0.10000
  0.1667E-03  0.8286  5.0509  0.1466  0.8348  0.9970  0.7781  0.10000
  0.3333E-04  0.8246 11.6269  0.2076  0.8870  0.9757  0.7175  0.10000
  0.6666E-05  0.8228 16.6021  0.1903  0.8870  0.9430  0.6601  0.10000
  0.1333E-05  0.8214 25.6453  0.6106  0.8870  0.9042  0.4773  0.10000
  0.2667E-06  0.8161 34.5410  0.8963  0.8870  0.8004  0.1977  0.10000
  0.5333E-07  0.7946 36.4295  0.8661  0.9217  0.7381  0.2043  0.10000
  0.1067E-07  0.7288 37.8174  0.7220  0.9913  0.7284  0.2472  0.10000
  0.2133E-08  0.6056 39.8859  0.5784  1.0609  0.7171  0.2703  0.10000
  0.4266E-09  0.4475 42.3481  0.4889  1.0609  0.7110  0.2873  0.10000
  0.8533E-10  0.2817 45.1115  0.4358  1.0609  0.7239  0.2384  0.10000
  0.1707E-10  0.1246 46.5974  0.2786  0.9913  0.7160  0.2654  0.10000
  0.3413E-11  0.0342 46.8488  0.0856  1.0261  0.7054  0.2837  0.10000
  0.6826E-12  0.0074 46.8827  0.0190  1.0261  0.7023  0.2881  0.10000
  0.1365E-12  0.0015 46.8885  0.0039  1.0609  0.7017  0.2889  0.10000

          ***  Golden section search to maximize estimate ***
     Alpha    Discrp  Oscill  Stabil  Sysdev  Positv  Valcen    Total   
  0.4815E+01  0.8823  1.5749  0.0034  0.8522  1.0000  0.7798  0.63454
  0.2059E+01  0.8731  1.5747  0.0030  0.8870  1.0000  0.7803  0.64610
  0.3293E+01  0.8774  1.5746  0.0030  0.8522  1.0000  0.7800  0.62707
  0.2381E+01  0.8743  1.5746  0.0030  0.8870  1.0000  0.7802  0.65008
  0.2848E+01  0.8759  1.5746  0.0030  0.8870  1.0000  0.7801  0.65469
  0.3011E+01  0.8764  1.5746  0.0030  0.8870  1.0000  0.7801  0.65603
  0.3116E+01  0.8768  1.5746  0.0030  0.8870  1.0000  0.7801  0.65684
  0.3182E+01  0.8770  1.5746  0.0030  0.8870  1.0000  0.7801  0.65733
  0.3224E+01  0.8771  1.5746  0.0030  0.8522  1.0000  0.7801  0.62659
  0.3157E+01  0.8769  1.5746  0.0030  0.8870  1.0000  0.7801  0.65715
  0.3198E+01  0.8771  1.5746  0.0030  0.8870  1.0000  0.7801  0.65745
  0.3208E+01  0.8771  1.5746  0.0030  0.8870  1.0000  0.7801  0.65752
  0.3214E+01  0.8771  1.5746  0.0030  0.8870  1.0000  0.7801  0.65756
  0.3218E+01  0.8771  1.5746  0.0030  0.8522  1.0000  0.7801  0.62655
  0.3212E+01  0.8771  1.5746  0.0030  0.8870  1.0000  0.7801  0.65755
  0.3214E+01  0.8771  1.5746  0.0030  0.8870  1.0000  0.7801  0.65756



             ####            Final results            ####

 Parameter    DISCRP    OSCILL    STABIL    SYSDEV    POSITV    VALCEN
 Weight        1.000     3.000     3.000     4.000     1.000     1.000
 Sigma         0.500     0.600     0.120     0.200     0.120     0.120
 Ideal         1.000     1.100     0.000     1.000     1.000     0.950
 Current       0.877     1.575     0.003     0.887     1.000     0.780
                - - - - - - - - - - - - - - - - - - - - - - - - - 
 Estimate      0.941     0.535     0.999     0.727     1.000     0.135

  Angular   range    :     from    0.0068   to    0.1138
  Real space range   :     from      0.00   to    531.10

  Highest ALPHA (theor) :   0.127E+09                 JOB = 0
  Current ALPHA         :   0.321E+01   Rg :  0.148E+03   I(0) :   0.250E+05

           Total  estimate : 0.658  which is  A REASONABLE  solution

      S          J EXP       ERROR       J REG       I REG

  0.0000E+00                                      0.2499E+05
  0.9785E-03                                      0.2481E+05
  0.1957E-02                                      0.2430E+05
  0.2936E-02                                      0.2347E+05
  0.3914E-02                                      0.2237E+05
  0.4893E-02                                      0.2106E+05
  0.5871E-02                                      0.1959E+05
  0.6850E-02  0.1514E+05  0.1385E+04  0.1803E+05  0.1803E+05
  0.7779E-02  0.1629E+05  0.1277E+03  0.1651E+05  0.1651E+05
  0.8709E-02  0.1514E+05  0.1490E+03  0.1502E+05  0.1502E+05
  0.9639E-02  0.1381E+05  0.8186E+02  0.1358E+05  0.1358E+05
  0.1057E-01  0.1232E+05  0.5751E+02  0.1222E+05  0.1222E+05
  0.1150E-01  0.1099E+05  0.4370E+02  0.1097E+05  0.1097E+05
  0.1243E-01  0.9750E+04  0.3879E+02  0.9831E+04  0.9831E+04
  0.1336E-01  0.8759E+04  0.2552E+02  0.8807E+04  0.8807E+04
  0.1429E-01  0.7879E+04  0.2110E+02  0.7893E+04  0.7893E+04
  0.1522E-01  0.7142E+04  0.1791E+02  0.7083E+04  0.7083E+04
  0.1615E-01  0.6379E+04  0.1509E+02  0.6363E+04  0.6363E+04
  0.1708E-01  0.5719E+04  0.1403E+02  0.5724E+04  0.5724E+04
  0.1801E-01  0.5147E+04  0.1278E+02  0.5153E+04  0.5153E+04
  0.1894E-01  0.4627E+04  0.1198E+02  0.4642E+04  0.4642E+04
  0.1987E-01  0.4182E+04  0.1096E+02  0.4182E+04  0.4182E+04
  0.2080E-01  0.3771E+04  0.1033E+02  0.3768E+04  0.3768E+04
  0.2173E-01  0.3400E+04  0.1000E+02  0.3396E+04  0.3396E+04
  0.2266E-01  0.3084E+04  0.9174E+01  0.3061E+04  0.3061E+04
  0.2359E-01  0.2758E+04  0.8314E+01  0.2762E+04  0.2762E+04
  0.2451E-01  0.2486E+04  0.7568E+01  0.2496E+04  0.2496E+04
  0.2544E-01  0.2242E+04  0.7621E+01  0.2261E+04  0.2261E+04
  0.2637E-01  0.2056E+04  0.6804E+01  0.2052E+04  0.2052E+04
  0.2730E-01  0.1876E+04  0.6086E+01  0.1868E+04  0.1868E+04
  0.2823E-01  0.1710E+04  0.5925E+01  0.1704E+04  0.1704E+04
  0.2916E-01  0.1556E+04  0.5575E+01  0.1558E+04  0.1558E+04
  0.3009E-01  0.1419E+04  0.5534E+01  0.1426E+04  0.1426E+04
  0.3102E-01  0.1316E+04  0.5187E+01  0.1306E+04  0.1306E+04
  0.3195E-01  0.1195E+04  0.4853E+01  0.1197E+04  0.1197E+04
  0.3288E-01  0.1094E+04  0.4892E+01  0.1096E+04  0.1096E+04
  0.3381E-01  0.9978E+03  0.4656E+01  0.1003E+04  0.1003E+04
  0.3474E-01  0.9177E+03  0.4755E+01  0.9171E+03  0.9171E+03
  0.3567E-01  0.8359E+03  0.4538E+01  0.8388E+03  0.8388E+03
  0.3660E-01  0.7726E+03  0.4579E+01  0.7676E+03  0.7676E+03
  0.3753E-01  0.7084E+03  0.4402E+01  0.7034E+03  0.7034E+03
  0.3846E-01  0.6387E+03  0.4112E+01  0.6456E+03  0.6456E+03
  0.3939E-01  0.5937E+03  0.4330E+01  0.5938E+03  0.5938E+03
  0.4032E-01  0.5507E+03  0.3999E+01  0.5474E+03  0.5474E+03
  0.4125E-01  0.5085E+03  0.3977E+01  0.5055E+03  0.5055E+03
  0.4218E-01  0.4678E+03  0.3854E+01  0.4676E+03  0.4676E+03
  0.4311E-01  0.4300E+03  0.3737E+01  0.4328E+03  0.4328E+03
  0.4404E-01  0.4009E+03  0.3796E+01  0.4009E+03  0.4009E+03
  0.4497E-01  0.3698E+03  0.3570E+01  0.3714E+03  0.3714E+03
  0.4590E-01  0.3396E+03  0.3627E+01  0.3444E+03  0.3444E+03
  0.4683E-01  0.3221E+03  0.3426E+01  0.3197E+03  0.3197E+03
  0.4776E-01  0.2983E+03  0.3373E+01  0.2975E+03  0.2975E+03
  0.4869E-01  0.2814E+03  0.3449E+01  0.2778E+03  0.2778E+03
  0.4962E-01  0.2578E+03  0.3294E+01  0.2607E+03  0.2607E+03
  0.5055E-01  0.2430E+03  0.3324E+01  0.2460E+03  0.2460E+03
  0.5148E-01  0.2386E+03  0.3269E+01  0.2337E+03  0.2337E+03
  0.5241E-01  0.2239E+03  0.3178E+01  0.2233E+03  0.2233E+03
  0.5334E-01  0.2143E+03  0.3150E+01  0.2146E+03  0.2146E+03
  0.5427E-01  0.2047E+03  0.3168E+01  0.2071E+03  0.2071E+03
  0.5520E-01  0.2002E+03  0.3164E+01  0.2005E+03  0.2005E+03
  0.5613E-01  0.1952E+03  0.3082E+01  0.1945E+03  0.1945E+03
  0.5706E-01  0.1850E+03  0.3163E+01  0.1889E+03  0.1889E+03
  0.5799E-01  0.1805E+03  0.3062E+01  0.1835E+03  0.1835E+03
  0.5892E-01  0.1776E+03  0.2987E+01  0.1783E+03  0.1783E+03
  0.5985E-01  0.1810E+03  0.2995E+01  0.1733E+03  0.1733E+03
  0.6078E-01  0.1730E+03  0.2942E+01  0.1685E+03  0.1685E+03
  0.6170E-01  0.1644E+03  0.2952E+01  0.1640E+03  0.1640E+03
  0.6263E-01  0.1577E+03  0.2888E+01  0.1599E+03  0.1599E+03
  0.6356E-01  0.1463E+03  0.2862E+01  0.1561E+03  0.1561E+03
  0.6449E-01  0.1511E+03  0.2924E+01  0.1527E+03  0.1527E+03
  0.6542E-01  0.1551E+03  0.2862E+01  0.1496E+03  0.1496E+03
  0.6635E-01  0.1516E+03  0.2869E+01  0.1468E+03  0.1468E+03
  0.6728E-01  0.1418E+03  0.2707E+01  0.1441E+03  0.1441E+03
  0.6821E-01  0.1451E+03  0.2758E+01  0.1416E+03  0.1416E+03
  0.6914E-01  0.1366E+03  0.2768E+01  0.1391E+03  0.1391E+03
  0.7007E-01  0.1342E+03  0.2706E+01  0.1367E+03  0.1367E+03
  0.7100E-01  0.1348E+03  0.2760E+01  0.1342E+03  0.1342E+03
  0.7193E-01  0.1291E+03  0.2740E+01  0.1318E+03  0.1318E+03
  0.7286E-01  0.1307E+03  0.2804E+01  0.1294E+03  0.1294E+03
  0.7379E-01  0.1286E+03  0.2625E+01  0.1270E+03  0.1270E+03
  0.7472E-01  0.1260E+03  0.2722E+01  0.1247E+03  0.1247E+03
  0.7565E-01  0.1208E+03  0.2654E+01  0.1224E+03  0.1224E+03
  0.7658E-01  0.1213E+03  0.2548E+01  0.1201E+03  0.1201E+03
  0.7751E-01  0.1180E+03  0.2599E+01  0.1179E+03  0.1179E+03
  0.7844E-01  0.1191E+03  0.2469E+01  0.1157E+03  0.1157E+03
  0.7937E-01  0.1147E+03  0.2517E+01  0.1136E+03  0.1136E+03
  0.8030E-01  0.1072E+03  0.2548E+01  0.1115E+03  0.1115E+03
  0.8123E-01  0.1069E+03  0.2516E+01  0.1094E+03  0.1094E+03
  0.8216E-01  0.1042E+03  0.2631E+01  0.1074E+03  0.1074E+03
  0.8309E-01  0.1007E+03  0.2466E+01  0.1055E+03  0.1055E+03
  0.8402E-01  0.1103E+03  0.2524E+01  0.1037E+03  0.1037E+03
  0.8495E-01  0.1064E+03  0.2462E+01  0.1019E+03  0.1019E+03
  0.8588E-01  0.1011E+03  0.2434E+01  0.1002E+03  0.1002E+03
  0.8681E-01  0.1005E+03  0.2420E+01  0.9844E+02  0.9844E+02
  0.8774E-01  0.9604E+02  0.2347E+01  0.9674E+02  0.9674E+02
  0.8867E-01  0.9427E+02  0.2401E+01  0.9495E+02  0.9495E+02
  0.8960E-01  0.9186E+02  0.2319E+01  0.9314E+02  0.9314E+02
  0.9053E-01  0.8892E+02  0.2333E+01  0.9125E+02  0.9125E+02
  0.9146E-01  0.8651E+02  0.2309E+01  0.8929E+02  0.8929E+02
  0.9239E-01  0.8753E+02  0.2297E+01  0.8732E+02  0.8732E+02
  0.9332E-01  0.8644E+02  0.2293E+01  0.8533E+02  0.8533E+02
  0.9425E-01  0.8434E+02  0.2289E+01  0.8337E+02  0.8337E+02
  0.9518E-01  0.8334E+02  0.2285E+01  0.8151E+02  0.8151E+02
  0.9611E-01  0.7879E+02  0.2314E+01  0.7977E+02  0.7977E+02
  0.9704E-01  0.7948E+02  0.2267E+01  0.7817E+02  0.7817E+02
  0.9797E-01  0.8119E+02  0.2308E+01  0.7677E+02  0.7677E+02
  0.9890E-01  0.7476E+02  0.2233E+01  0.7551E+02  0.7551E+02
  0.9982E-01  0.7288E+02  0.2262E+01  0.7441E+02  0.7441E+02
  0.1008E+00  0.6863E+02  0.2224E+01  0.7345E+02  0.7345E+02
  0.1017E+00  0.6833E+02  0.2236E+01  0.7259E+02  0.7259E+02
  0.1026E+00  0.7403E+02  0.2293E+01  0.7175E+02  0.7175E+02
  0.1035E+00  0.7087E+02  0.2324E+01  0.7093E+02  0.7093E+02
  0.1045E+00  0.7612E+02  0.2339E+01  0.7007E+02  0.7007E+02
  0.1054E+00  0.6942E+02  0.2184E+01  0.6914E+02  0.6914E+02
  0.1063E+00  0.6765E+02  0.2146E+01  0.6812E+02  0.6812E+02
  0.1073E+00  0.6536E+02  0.2115E+01  0.6700E+02  0.6700E+02
  0.1082E+00  0.6732E+02  0.2130E+01  0.6576E+02  0.6576E+02
  0.1091E+00  0.6766E+02  0.2130E+01  0.6443E+02  0.6443E+02
  0.1101E+00  0.6227E+02  0.2048E+01  0.6302E+02  0.6302E+02
  0.1110E+00  0.5723E+02  0.2090E+01  0.6156E+02  0.6156E+02
  0.1119E+00  0.6119E+02  0.2077E+01  0.6009E+02  0.6009E+02
  0.1128E+00  0.5757E+02  0.2084E+01  0.5865E+02  0.5865E+02
  0.1138E+00  0.5961E+02  0.2044E+01  0.5728E+02  0.5728E+02

           Distance distribution  function of particle  


       R          P(R)      ERROR

  0.0000E+00  0.0000E+00  0.0000E+00
  0.6639E+01  0.4391E+00  0.5645E-02
  0.1328E+02  0.9340E+00  0.3676E-02
  0.1992E+02  0.1487E+01  0.2797E-02
  0.2655E+02  0.2099E+01  0.7408E-02
  0.3319E+02  0.2769E+01  0.8283E-02
  0.3983E+02  0.3490E+01  0.5405E-02
  0.4647E+02  0.4246E+01  0.4963E-02
  0.5311E+02  0.5015E+01  0.8845E-02
  0.5975E+02  0.5769E+01  0.1046E-01
  0.6639E+02  0.6476E+01  0.9661E-02
  0.7303E+02  0.7108E+01  0.1043E-01
  0.7966E+02  0.7641E+01  0.1357E-01
  0.8630E+02  0.8061E+01  0.1540E-01
  0.9294E+02  0.8365E+01  0.1496E-01
  0.9958E+02  0.8560E+01  0.1496E-01
  0.1062E+03  0.8658E+01  0.1743E-01
  0.1129E+03  0.8674E+01  0.2028E-01
  0.1195E+03  0.8626E+01  0.2202E-01
  0.1261E+03  0.8526E+01  0.2391E-01
  0.1328E+03  0.8389E+01  0.2701E-01
  0.1394E+03  0.8223E+01  0.2996E-01
  0.1461E+03  0.8040E+01  0.3123E-01
  0.1527E+03  0.7850E+01  0.3140E-01
  0.1593E+03  0.7658E+01  0.3225E-01
  0.1660E+03  0.7470E+01  0.3429E-01
  0.1726E+03  0.7284E+01  0.3667E-01
  0.1792E+03  0.7096E+01  0.3923E-01
  0.1859E+03  0.6901E+01  0.4241E-01
  0.1925E+03  0.6695E+01  0.4573E-01
  0.1992E+03  0.6475E+01  0.4796E-01
  0.2058E+03  0.6243E+01  0.4870E-01
  0.2124E+03  0.6006E+01  0.4877E-01
  0.2191E+03  0.5768E+01  0.4914E-01
  0.2257E+03  0.5534E+01  0.5011E-01
  0.2324E+03  0.5303E+01  0.5189E-01
  0.2390E+03  0.5070E+01  0.5488E-01
  0.2456E+03  0.4831E+01  0.5891E-01
  0.2523E+03  0.4584E+01  0.6292E-01
  0.2589E+03  0.4330E+01  0.6604E-01
  0.2656E+03  0.4077E+01  0.6831E-01
  0.2722E+03  0.3837E+01  0.7021E-01
  0.2788E+03  0.3618E+01  0.7200E-01
  0.2855E+03  0.3426E+01  0.7372E-01
  0.2921E+03  0.3256E+01  0.7540E-01
  0.2987E+03  0.3101E+01  0.7680E-01
  0.3054E+03  0.2950E+01  0.7736E-01
  0.3120E+03  0.2793E+01  0.7691E-01
  0.3187E+03  0.2631E+01  0.7618E-01
  0.3253E+03  0.2468E+01  0.7600E-01
  0.3319E+03  0.2315E+01  0.7631E-01
  0.3386E+03  0.2181E+01  0.7638E-01
  0.3452E+03  0.2069E+01  0.7606E-01
  0.3519E+03  0.1974E+01  0.7586E-01
  0.3585E+03  0.1884E+01  0.7585E-01
  0.3651E+03  0.1786E+01  0.7536E-01
  0.3718E+03  0.1674E+01  0.7408E-01
  0.3784E+03  0.1549E+01  0.7278E-01
  0.3850E+03  0.1420E+01  0.7242E-01
  0.3917E+03  0.1300E+01  0.7306E-01
  0.3983E+03  0.1203E+01  0.7381E-01
  0.4050E+03  0.1131E+01  0.7377E-01
  0.4116E+03  0.1080E+01  0.7238E-01
  0.4182E+03  0.1037E+01  0.6944E-01
  0.4249E+03  0.9895E+00  0.6536E-01
  0.4315E+03  0.9291E+00  0.6126E-01
  0.4382E+03  0.8565E+00  0.5817E-01
  0.4448E+03  0.7797E+00  0.5630E-01
  0.4514E+03  0.7083E+00  0.5547E-01
  0.4581E+03  0.6483E+00  0.5560E-01
  0.4647E+03  0.5974E+00  0.5620E-01
  0.4714E+03  0.5467E+00  0.5608E-01
  0.4780E+03  0.4859E+00  0.5466E-01
  0.4846E+03  0.4102E+00  0.5273E-01
  0.4913E+03  0.3249E+00  0.5119E-01
  0.4979E+03  0.2441E+00  0.4973E-01
  0.5045E+03  0.1835E+00  0.4824E-01
  0.5112E+03  0.1495E+00  0.4773E-01
  0.5178E+03  0.1304E+00  0.4593E-01
  0.5245E+03  0.9476E-01  0.3393E-01
  0.5311E+03  0.0000E+00  0.0000E+00
          Reciprocal space: Rg =  147.67     , I(0) =   0.2499E+05
     Real space: Rg =  148.36 +- 1.348  I(0) =   0.2499E+05 +-  0.2741E+03
