
           ####    G N O M   ---   Version 4.5a revised 09/02/02     ####

                                                  Sat Nov  4 17:04:27 2017
           ===    Run No   1   ===
 Run title:  0.0003414 0 0


  Number of points omitted at the end:         451
 Standard deviations are estimated by polynomial smoothing

   *******   Working Directory :
   *******    Input file(s) : 26584_02F_S070_0_01.sub
           Condition P(rmin) = 0 is used. 
           Condition P(rmax) = 0 is used. 

 Warning: Dmax*Smin =  3.641   is greater than Pi !


          Experimental conditions for the first run
          -----------------------------------------

          Highest ALPHA is found to be   0.7264E+06

  The measure of inconsistency AN1 equals to    0.8035E+00
     Alpha    Discrp  Oscill  Stabil  Sysdev  Positv  Valcen    Total   
  0.7264E+09270.9573  2.4307  0.9898  0.0000  1.0000  0.6489  0.00001
  0.1453E+09270.6638  2.4302  0.9885  0.0000  1.0000  0.6489  0.00001
  0.2905E+08269.2111  2.4277  0.9822  0.0000  1.0000  0.6489  0.00001
  0.5811E+07262.3073  2.4153  0.9521  0.0000  1.0000  0.6490  0.00001
  0.1162E+07234.8990  2.3587  0.8343  0.0000  1.0000  0.6492  0.00001
  0.2324E+06173.5088  2.1722  0.5927  0.0000  1.0000  0.6503  0.00001
  0.4649E+05109.0649  1.9333  0.4273  0.0696  1.0000  0.6562  0.00001
  0.9297E+04 52.3741  1.8195  0.2885  0.0348  1.0000  0.6826  0.00001
  0.1859E+04 18.0112  1.7141  0.1555  0.2957  1.0000  0.7269  0.00001
  0.3719E+03  4.9358  1.6329  0.0647  0.5565  1.0000  0.7602  0.00001
  0.7438E+02  1.4767  1.5995  0.0186  0.7652  1.0000  0.7736  0.50705
  0.1488E+02  0.9846  1.5905  0.0056  0.8696  1.0000  0.7774  0.59969
  0.2975E+01  0.9323  1.5896  0.0025  0.8696  1.0000  0.7786  0.56917
  0.5950E+00  0.9260  1.5910  0.0019  0.8696  1.0000  0.7791  0.55906
  0.1190E+00  0.9227  1.6041  0.0077  0.8696  1.0000  0.7795  0.56349
  0.2380E-01  0.9146  1.7548  0.0195  0.8696  1.0000  0.7804  0.56329
  0.4760E-02  0.9074  2.2259  0.0188  0.8870  0.9999  0.7810  0.10000
  0.9521E-03  0.9047  2.9231  0.0475  0.9217  0.9995  0.7787  0.10000
  0.1904E-03  0.9023  4.9911  0.0766  0.9217  0.9972  0.7711  0.10000
  0.3808E-04  0.9008  8.5813  0.1631  0.9043  0.9916  0.7622  0.10000
  0.7616E-05  0.8976 21.1595  0.5926  0.9391  0.9520  0.6849  0.10000
  0.1523E-05  0.8851 31.8885  0.8556  0.9565  0.8452  0.3760  0.10000
  0.3047E-06  0.8467 33.2429  0.7539  0.9565  0.7914  0.3682  0.10000
  0.6093E-07  0.7719 33.6139  0.6830  0.8870  0.7747  0.4149  0.10000
  0.1219E-07  0.6427 35.0527  0.5885  0.8522  0.7434  0.3971  0.00000

          ***  Golden section search to maximize estimate ***
     Alpha    Discrp  Oscill  Stabil  Sysdev  Positv  Valcen    Total   
  0.2751E+02  1.0589  1.5925  0.0083  0.8696  1.0000  0.7764  0.61219
  0.4022E+02  1.1529  1.5945  0.0111  0.8348  1.0000  0.7756  0.58322
  0.2175E+02  1.0226  1.5915  0.0071  0.8696  1.0000  0.7768  0.60806
  0.3180E+02  1.0886  1.5932  0.0092  0.8348  1.0000  0.7761  0.58272
  0.2515E+02  1.0435  1.5921  0.0078  0.8696  1.0000  0.7766  0.61077
  0.2908E+02  1.0695  1.5927  0.0086  0.8348  1.0000  0.7763  0.58175
  0.2658E+02  1.0528  1.5923  0.0081  0.8696  1.0000  0.7765  0.61167
  0.2810E+02  1.0628  1.5926  0.0084  0.8696  1.0000  0.7764  0.61249
  0.2847E+02  1.0653  1.5926  0.0085  0.8348  1.0000  0.7764  0.58147
  0.2787E+02  1.0613  1.5925  0.0084  0.8696  1.0000  0.7764  0.61238
  0.2824E+02  1.0638  1.5926  0.0084  0.8348  1.0000  0.7764  0.58136
  0.2801E+02  1.0622  1.5926  0.0084  0.8696  1.0000  0.7764  0.61245
  0.2810E+02  1.0628  1.5926  0.0084  0.8696  1.0000  0.7764  0.61249



             ####            Final results            ####

 Parameter    DISCRP    OSCILL    STABIL    SYSDEV    POSITV    VALCEN
 Weight        1.000     3.000     3.000     4.000     1.000     1.000
 Sigma         0.500     0.600     0.120     0.200     0.120     0.120
 Ideal         1.000     1.100     0.000     1.000     1.000     0.950
 Current       1.063     1.593     0.008     0.870     1.000     0.776
                - - - - - - - - - - - - - - - - - - - - - - - - - 
 Estimate      0.984     0.510     0.995     0.654     1.000     0.123

  Angular   range    :     from    0.0068   to    0.1138
  Real space range   :     from      0.00   to    531.50

  Highest ALPHA (theor) :   0.726E+09                 JOB = 0
  Current ALPHA         :   0.281E+02   Rg :  0.146E+03   I(0) :   0.641E+05

           Total  estimate : 0.612  which is  A REASONABLE  solution

      S          J EXP       ERROR       J REG       I REG

  0.0000E+00                                      0.6413E+05
  0.9785E-03                                      0.6369E+05
  0.1957E-02                                      0.6241E+05
  0.2936E-02                                      0.6034E+05
  0.3914E-02                                      0.5759E+05
  0.4893E-02                                      0.5429E+05
  0.5871E-02                                      0.5060E+05
  0.6850E-02  0.4022E+05  0.3433E+04  0.4667E+05  0.4667E+05
  0.7779E-02  0.4290E+05  0.2272E+03  0.4284E+05  0.4284E+05
  0.8709E-02  0.3958E+05  0.2173E+03  0.3904E+05  0.3904E+05
  0.9639E-02  0.3604E+05  0.1865E+03  0.3537E+05  0.3537E+05
  0.1057E-01  0.3229E+05  0.1298E+03  0.3190E+05  0.3190E+05
  0.1150E-01  0.2883E+05  0.9658E+02  0.2867E+05  0.2867E+05
  0.1243E-01  0.2561E+05  0.8740E+02  0.2573E+05  0.2573E+05
  0.1336E-01  0.2303E+05  0.5645E+02  0.2306E+05  0.2306E+05
  0.1429E-01  0.2069E+05  0.4339E+02  0.2068E+05  0.2068E+05
  0.1522E-01  0.1866E+05  0.3688E+02  0.1855E+05  0.1855E+05
  0.1615E-01  0.1669E+05  0.3136E+02  0.1666E+05  0.1666E+05
  0.1708E-01  0.1502E+05  0.2956E+02  0.1498E+05  0.1498E+05
  0.1801E-01  0.1355E+05  0.2586E+02  0.1348E+05  0.1348E+05
  0.1894E-01  0.1216E+05  0.2313E+02  0.1213E+05  0.1213E+05
  0.1987E-01  0.1093E+05  0.2057E+02  0.1092E+05  0.1092E+05
  0.2080E-01  0.9780E+04  0.1838E+02  0.9839E+04  0.9839E+04
  0.2173E-01  0.8862E+04  0.1678E+02  0.8863E+04  0.8863E+04
  0.2266E-01  0.8002E+04  0.1514E+02  0.7988E+04  0.7988E+04
  0.2359E-01  0.7208E+04  0.1370E+02  0.7206E+04  0.7206E+04
  0.2451E-01  0.6487E+04  0.1219E+02  0.6509E+04  0.6509E+04
  0.2544E-01  0.5877E+04  0.1120E+02  0.5891E+04  0.5891E+04
  0.2637E-01  0.5357E+04  0.1026E+02  0.5343E+04  0.5343E+04
  0.2730E-01  0.4884E+04  0.9178E+01  0.4858E+04  0.4858E+04
  0.2823E-01  0.4440E+04  0.8375E+01  0.4428E+04  0.4428E+04
  0.2916E-01  0.4047E+04  0.7897E+01  0.4045E+04  0.4045E+04
  0.3009E-01  0.3685E+04  0.7558E+01  0.3701E+04  0.3701E+04
  0.3102E-01  0.3385E+04  0.6718E+01  0.3390E+04  0.3390E+04
  0.3195E-01  0.3096E+04  0.6588E+01  0.3107E+04  0.3107E+04
  0.3288E-01  0.2859E+04  0.6759E+01  0.2849E+04  0.2849E+04
  0.3381E-01  0.2610E+04  0.6362E+01  0.2611E+04  0.2611E+04
  0.3474E-01  0.2389E+04  0.6278E+01  0.2394E+04  0.2394E+04
  0.3567E-01  0.2198E+04  0.5793E+01  0.2194E+04  0.2194E+04
  0.3660E-01  0.2012E+04  0.5780E+01  0.2011E+04  0.2011E+04
  0.3753E-01  0.1850E+04  0.5551E+01  0.1844E+04  0.1844E+04
  0.3846E-01  0.1693E+04  0.5276E+01  0.1692E+04  0.1692E+04
  0.3939E-01  0.1553E+04  0.5059E+01  0.1554E+04  0.1554E+04
  0.4032E-01  0.1426E+04  0.4889E+01  0.1429E+04  0.1429E+04
  0.4125E-01  0.1316E+04  0.4639E+01  0.1315E+04  0.1315E+04
  0.4218E-01  0.1210E+04  0.4486E+01  0.1212E+04  0.1212E+04
  0.4311E-01  0.1124E+04  0.4167E+01  0.1118E+04  0.1118E+04
  0.4404E-01  0.1023E+04  0.4259E+01  0.1032E+04  0.1032E+04
  0.4497E-01  0.9459E+03  0.4085E+01  0.9547E+03  0.9547E+03
  0.4590E-01  0.8884E+03  0.4111E+01  0.8852E+03  0.8852E+03
  0.4683E-01  0.8241E+03  0.3850E+01  0.8232E+03  0.8232E+03
  0.4776E-01  0.7670E+03  0.3825E+01  0.7684E+03  0.7684E+03
  0.4869E-01  0.7225E+03  0.3808E+01  0.7205E+03  0.7205E+03
  0.4962E-01  0.6821E+03  0.3622E+01  0.6789E+03  0.6789E+03
  0.5055E-01  0.6450E+03  0.3630E+01  0.6430E+03  0.6430E+03
  0.5148E-01  0.6098E+03  0.3519E+01  0.6120E+03  0.6120E+03
  0.5241E-01  0.5747E+03  0.3471E+01  0.5852E+03  0.5852E+03
  0.5334E-01  0.5623E+03  0.3522E+01  0.5616E+03  0.5616E+03
  0.5427E-01  0.5440E+03  0.3447E+01  0.5407E+03  0.5407E+03
  0.5520E-01  0.5256E+03  0.3422E+01  0.5218E+03  0.5218E+03
  0.5613E-01  0.5019E+03  0.3361E+01  0.5047E+03  0.5047E+03
  0.5706E-01  0.4862E+03  0.3352E+01  0.4889E+03  0.4889E+03
  0.5799E-01  0.4768E+03  0.3312E+01  0.4746E+03  0.4746E+03
  0.5892E-01  0.4611E+03  0.3298E+01  0.4615E+03  0.4615E+03
  0.5985E-01  0.4450E+03  0.3273E+01  0.4498E+03  0.4498E+03
  0.6078E-01  0.4414E+03  0.3196E+01  0.4392E+03  0.4392E+03
  0.6170E-01  0.4270E+03  0.3227E+01  0.4298E+03  0.4298E+03
  0.6263E-01  0.4228E+03  0.3039E+01  0.4211E+03  0.4211E+03
  0.6356E-01  0.4154E+03  0.3004E+01  0.4132E+03  0.4132E+03
  0.6449E-01  0.4082E+03  0.3173E+01  0.4058E+03  0.4058E+03
  0.6542E-01  0.3999E+03  0.2963E+01  0.3986E+03  0.3986E+03
  0.6635E-01  0.3926E+03  0.3003E+01  0.3916E+03  0.3916E+03
  0.6728E-01  0.3789E+03  0.2874E+01  0.3846E+03  0.3846E+03
  0.6821E-01  0.3751E+03  0.3013E+01  0.3776E+03  0.3776E+03
  0.6914E-01  0.3720E+03  0.3052E+01  0.3706E+03  0.3706E+03
  0.7007E-01  0.3660E+03  0.2901E+01  0.3639E+03  0.3639E+03
  0.7100E-01  0.3552E+03  0.2951E+01  0.3574E+03  0.3574E+03
  0.7193E-01  0.3489E+03  0.2845E+01  0.3511E+03  0.3511E+03
  0.7286E-01  0.3481E+03  0.2981E+01  0.3452E+03  0.3452E+03
  0.7379E-01  0.3429E+03  0.2839E+01  0.3395E+03  0.3395E+03
  0.7472E-01  0.3336E+03  0.2771E+01  0.3339E+03  0.3339E+03
  0.7565E-01  0.3301E+03  0.2817E+01  0.3284E+03  0.3284E+03
  0.7658E-01  0.3207E+03  0.2738E+01  0.3228E+03  0.3228E+03
  0.7751E-01  0.3205E+03  0.2741E+01  0.3171E+03  0.3171E+03
  0.7844E-01  0.3132E+03  0.2770E+01  0.3112E+03  0.3112E+03
  0.7937E-01  0.2999E+03  0.2771E+01  0.3051E+03  0.3051E+03
  0.8030E-01  0.2979E+03  0.2658E+01  0.2990E+03  0.2990E+03
  0.8123E-01  0.2912E+03  0.2647E+01  0.2929E+03  0.2929E+03
  0.8216E-01  0.2813E+03  0.2716E+01  0.2869E+03  0.2869E+03
  0.8309E-01  0.2813E+03  0.2583E+01  0.2811E+03  0.2811E+03
  0.8402E-01  0.2835E+03  0.2666E+01  0.2755E+03  0.2755E+03
  0.8495E-01  0.2764E+03  0.2619E+01  0.2702E+03  0.2702E+03
  0.8588E-01  0.2657E+03  0.2545E+01  0.2651E+03  0.2651E+03
  0.8681E-01  0.2608E+03  0.2537E+01  0.2602E+03  0.2602E+03
  0.8774E-01  0.2532E+03  0.2496E+01  0.2554E+03  0.2554E+03
  0.8867E-01  0.2451E+03  0.2522E+01  0.2507E+03  0.2507E+03
  0.8960E-01  0.2423E+03  0.2475E+01  0.2460E+03  0.2460E+03
  0.9053E-01  0.2413E+03  0.2511E+01  0.2414E+03  0.2414E+03
  0.9146E-01  0.2408E+03  0.2461E+01  0.2368E+03  0.2368E+03
  0.9239E-01  0.2315E+03  0.2434E+01  0.2324E+03  0.2324E+03
  0.9332E-01  0.2304E+03  0.2477E+01  0.2281E+03  0.2281E+03
  0.9425E-01  0.2284E+03  0.2383E+01  0.2240E+03  0.2240E+03
  0.9518E-01  0.2181E+03  0.2427E+01  0.2201E+03  0.2201E+03
  0.9611E-01  0.2110E+03  0.2454E+01  0.2163E+03  0.2163E+03
  0.9704E-01  0.2133E+03  0.2413E+01  0.2127E+03  0.2127E+03
  0.9797E-01  0.2091E+03  0.2421E+01  0.2091E+03  0.2091E+03
  0.9890E-01  0.2065E+03  0.2282E+01  0.2055E+03  0.2055E+03
  0.9982E-01  0.2041E+03  0.2335E+01  0.2018E+03  0.2018E+03
  0.1008E+00  0.1990E+03  0.2353E+01  0.1981E+03  0.1981E+03
  0.1017E+00  0.1948E+03  0.2306E+01  0.1944E+03  0.1944E+03
  0.1026E+00  0.1920E+03  0.2247E+01  0.1906E+03  0.1906E+03
  0.1035E+00  0.1835E+03  0.2240E+01  0.1870E+03  0.1870E+03
  0.1045E+00  0.1814E+03  0.2264E+01  0.1837E+03  0.1837E+03
  0.1054E+00  0.1780E+03  0.2230E+01  0.1806E+03  0.1806E+03
  0.1063E+00  0.1773E+03  0.2228E+01  0.1778E+03  0.1778E+03
  0.1073E+00  0.1772E+03  0.2206E+01  0.1754E+03  0.1754E+03
  0.1082E+00  0.1738E+03  0.2190E+01  0.1732E+03  0.1732E+03
  0.1091E+00  0.1764E+03  0.2210E+01  0.1711E+03  0.1711E+03
  0.1101E+00  0.1660E+03  0.2148E+01  0.1690E+03  0.1690E+03
  0.1110E+00  0.1680E+03  0.2168E+01  0.1667E+03  0.1667E+03
  0.1119E+00  0.1683E+03  0.2142E+01  0.1642E+03  0.1642E+03
  0.1128E+00  0.1592E+03  0.2159E+01  0.1615E+03  0.1615E+03
  0.1138E+00  0.1536E+03  0.2158E+01  0.1584E+03  0.1584E+03

           Distance distribution  function of particle  


       R          P(R)      ERROR

  0.0000E+00  0.0000E+00  0.0000E+00
  0.6644E+01  0.1176E+01  0.5398E-02
  0.1329E+02  0.2468E+01  0.3596E-02
  0.1993E+02  0.3893E+01  0.2933E-02
  0.2657E+02  0.5468E+01  0.7357E-02
  0.3322E+02  0.7199E+01  0.8497E-02
  0.3986E+02  0.9072E+01  0.6632E-02
  0.4651E+02  0.1105E+02  0.7095E-02
  0.5315E+02  0.1306E+02  0.1083E-01
  0.5979E+02  0.1504E+02  0.1325E-01
  0.6644E+02  0.1689E+02  0.1418E-01
  0.7308E+02  0.1854E+02  0.1623E-01
  0.7972E+02  0.1994E+02  0.1971E-01
  0.8637E+02  0.2104E+02  0.2237E-01
  0.9301E+02  0.2185E+02  0.2356E-01
  0.9966E+02  0.2237E+02  0.2502E-01
  0.1063E+03  0.2263E+02  0.2803E-01
  0.1129E+03  0.2267E+02  0.3164E-01
  0.1196E+03  0.2252E+02  0.3491E-01
  0.1262E+03  0.2223E+02  0.3840E-01
  0.1329E+03  0.2183E+02  0.4259E-01
  0.1395E+03  0.2137E+02  0.4659E-01
  0.1462E+03  0.2088E+02  0.4938E-01
  0.1528E+03  0.2038E+02  0.5125E-01
  0.1594E+03  0.1988E+02  0.5337E-01
  0.1661E+03  0.1940E+02  0.5630E-01
  0.1727E+03  0.1892E+02  0.5976E-01
  0.1794E+03  0.1842E+02  0.6361E-01
  0.1860E+03  0.1790E+02  0.6792E-01
  0.1927E+03  0.1735E+02  0.7224E-01
  0.1993E+03  0.1676E+02  0.7569E-01
  0.2060E+03  0.1615E+02  0.7789E-01
  0.2126E+03  0.1553E+02  0.7934E-01
  0.2192E+03  0.1489E+02  0.8089E-01
  0.2259E+03  0.1425E+02  0.8308E-01
  0.2325E+03  0.1360E+02  0.8622E-01
  0.2392E+03  0.1294E+02  0.9051E-01
  0.2458E+03  0.1227E+02  0.9569E-01
  0.2525E+03  0.1160E+02  0.1009E+00
  0.2591E+03  0.1094E+02  0.1054E+00
  0.2658E+03  0.1031E+02  0.1089E+00
  0.2724E+03  0.9713E+01  0.1118E+00
  0.2790E+03  0.9153E+01  0.1143E+00
  0.2857E+03  0.8627E+01  0.1167E+00
  0.2923E+03  0.8129E+01  0.1190E+00
  0.2990E+03  0.7653E+01  0.1210E+00
  0.3056E+03  0.7199E+01  0.1224E+00
  0.3123E+03  0.6773E+01  0.1230E+00
  0.3189E+03  0.6382E+01  0.1231E+00
  0.3255E+03  0.6032E+01  0.1233E+00
  0.3322E+03  0.5720E+01  0.1235E+00
  0.3388E+03  0.5434E+01  0.1233E+00
  0.3455E+03  0.5159E+01  0.1227E+00
  0.3521E+03  0.4880E+01  0.1220E+00
  0.3588E+03  0.4590E+01  0.1214E+00
  0.3654E+03  0.4293E+01  0.1204E+00
  0.3721E+03  0.4003E+01  0.1188E+00
  0.3787E+03  0.3735E+01  0.1172E+00
  0.3853E+03  0.3499E+01  0.1160E+00
  0.3920E+03  0.3292E+01  0.1152E+00
  0.3986E+03  0.3102E+01  0.1143E+00
  0.4053E+03  0.2910E+01  0.1125E+00
  0.4119E+03  0.2702E+01  0.1095E+00
  0.4186E+03  0.2476E+01  0.1051E+00
  0.4252E+03  0.2244E+01  0.9976E-01
  0.4318E+03  0.2024E+01  0.9429E-01
  0.4385E+03  0.1834E+01  0.8948E-01
  0.4451E+03  0.1682E+01  0.8572E-01
  0.4518E+03  0.1559E+01  0.8300E-01
  0.4584E+03  0.1445E+01  0.8109E-01
  0.4651E+03  0.1316E+01  0.7947E-01
  0.4717E+03  0.1161E+01  0.7734E-01
  0.4783E+03  0.9834E+00  0.7420E-01
  0.4850E+03  0.8067E+00  0.7029E-01
  0.4916E+03  0.6592E+00  0.6611E-01
  0.4983E+03  0.5617E+00  0.6179E-01
  0.5049E+03  0.5129E+00  0.5738E-01
  0.5116E+03  0.4841E+00  0.5283E-01
  0.5182E+03  0.4248E+00  0.4592E-01
  0.5249E+03  0.2782E+00  0.3075E-01
  0.5315E+03  0.0000E+00  0.0000E+00
          Reciprocal space: Rg =  145.64     , I(0) =   0.6412E+05
     Real space: Rg =  146.30 +- 0.824  I(0) =   0.6413E+05 +-  0.4313E+03
