
           ####    G N O M   ---   Version 4.5a revised 09/02/02     ####

                                                  Fri Oct 20 04:26:12 2017
           ===    Run No   1   ===
 Run title:   Merge of: p3_A6_3.mccd p3_A6_2.mccd p3_A7_2.mccd p3_A10_2.mcc p4


  Number of points omitted at the end:         123
   *******   Working Directory :
   *******    Input file(s) : 24163_merged_high.dat
           Condition P(rmin) = 0 is used. 
           Condition P(rmax) = 0 is used. 

          Experimental conditions for the first run
          -----------------------------------------

          Highest ALPHA is found to be   0.1450E+05

  The measure of inconsistency AN1 equals to    0.9907E+00
     Alpha    Discrp  Oscill  Stabil  Sysdev  Positv  Valcen    Total   
  0.1450E+08142.0989  2.0342  0.9851  0.0000  1.0000  0.6818  0.00001
  0.2900E+07139.5715  2.0276  0.9657  0.0000  1.0000  0.6822  0.00001
  0.5801E+06128.6671  1.9966  0.8831  0.0000  1.0000  0.6841  0.00001
  0.1160E+06 97.7785  1.8825  0.6617  0.0000  1.0000  0.6917  0.00001
  0.2320E+05 57.1807  1.6964  0.4276  0.0053  1.0000  0.7103  0.00001
  0.4640E+04 23.2937  1.6023  0.2332  0.0535  1.0000  0.7388  0.00001
  0.9281E+03  6.7350  1.5149  0.1070  0.0642  1.0000  0.7720  0.00001
  0.1856E+03  1.8210  1.4589  0.0358  0.3957  1.0000  0.7919  0.43386
  0.3712E+02  0.8737  1.4440  0.0092  0.5241  1.0000  0.7980  0.47952
  0.7425E+01  0.7441  1.4450  0.0059  0.5241  1.0000  0.7994  0.42142
  0.1485E+01  0.6988  1.4603  0.0090  0.5615  1.0000  0.8001  0.10000
  0.2970E+00  0.6593  1.5417  0.0162  0.5294  1.0000  0.8010  0.10000
  0.5940E-01  0.6365  1.7236  0.0175  0.5348  1.0000  0.8015  0.10000
  0.1188E-01  0.6248  2.1735  0.0517  0.5241  0.9998  0.8001  0.10000
  0.2376E-02  0.6140  3.4301  0.0542  0.5348  0.9987  0.7946  0.10000
  0.4752E-03  0.6100  4.8989  0.1153  0.5829  0.9962  0.7838  0.10000
  0.9504E-04  0.6062  9.0770  0.2745  0.5936  0.9826  0.7496  0.10000
  0.1901E-04  0.6028 14.3587  0.2341  0.5882  0.9439  0.6298  0.10000
  0.3801E-05  0.6011 19.9742  0.6740  0.5882  0.8859  0.5352  0.10000
  0.7603E-06  0.5977 21.6706  0.6757  0.5775  0.8120  0.2706  0.10000
  0.1521E-06  0.5927 23.8710  0.7207  0.5722  0.7612  0.2285  0.10000
  0.3041E-07  0.5803 25.5619  0.8814  0.5829  0.7227  0.2179  0.10000
  0.6082E-08  0.5422 27.3431  0.6919  0.5615  0.7090  0.2740  0.10000
  0.1216E-08  0.4710 31.9121  0.5092  0.5348  0.6893  0.3025  0.10000
  0.2433E-09  0.3796 39.8281  0.5009  0.5348  0.6588  0.3442  0.10000
  0.4866E-10  0.2579 47.0804  0.4673  0.5348  0.7136  0.3260  0.10000
  0.9732E-11  0.1293 50.6266  0.3256  0.5882  0.7696  0.2848  0.10000
  0.1946E-11  0.0417 52.1027  0.1316  0.6203  0.7922  0.2545  0.10000
  0.3893E-12  0.0097 52.5470  0.0330  0.6364  0.7993  0.2443  0.10000
  0.7785E-13  0.0020 52.6487  0.0069  0.6471  0.8009  0.2420  0.10000
  0.1557E-13  0.0004 52.6696  0.0014  0.6471  0.8012  0.2415  0.10000

          ***  Golden section search to maximize estimate ***
     Alpha    Discrp  Oscill  Stabil  Sysdev  Positv  Valcen    Total   
  0.1004E+03  1.2302  1.4502  0.0211  0.4813  1.0000  0.7953  0.48266
  0.5428E+02  0.9570  1.4455  0.0124  0.5027  1.0000  0.7972  0.48943
  0.7937E+02  1.0985  1.4480  0.0172  0.4920  1.0000  0.7961  0.49099
  0.6276E+02  1.0024  1.4463  0.0140  0.5348  1.0000  0.7968  0.49208
  0.7256E+02  1.0581  1.4473  0.0159  0.5348  1.0000  0.7964  0.49252
  0.6634E+02  1.0224  1.4467  0.0147  0.5348  1.0000  0.7967  0.49249
  0.7012E+02  1.0439  1.4471  0.0154  0.5348  1.0000  0.7965  0.49261
  0.7104E+02  1.0493  1.4472  0.0156  0.5348  1.0000  0.7965  0.49259
  0.6955E+02  1.0407  1.4470  0.0153  0.5348  1.0000  0.7966  0.49261
  0.6921E+02  1.0387  1.4470  0.0152  0.5348  1.0000  0.7966  0.49261
  0.6977E+02  1.0419  1.4470  0.0153  0.5348  1.0000  0.7965  0.49261
  0.6955E+02  1.0407  1.4470  0.0153  0.5348  1.0000  0.7966  0.49261



             ####            Final results            ####

 Parameter    DISCRP    OSCILL    STABIL    SYSDEV    POSITV    VALCEN
 Weight        1.000     3.000     3.000     4.000     1.000     1.000
 Sigma         0.500     0.600     0.120     0.200     0.120     0.120
 Ideal         1.000     1.100     0.000     1.000     1.000     0.950
 Current       1.041     1.447     0.015     0.535     1.000     0.797
                - - - - - - - - - - - - - - - - - - - - - - - - - 
 Estimate      0.993     0.716     0.984     0.004     1.000     0.195

  Angular   range    :     from    0.0173   to    0.2447
  Real space range   :     from      0.00   to    156.60

  Highest ALPHA (theor) :   0.145E+08                 JOB = 0
  Current ALPHA         :   0.696E+02   Rg :  0.473E+02   I(0) :   0.629E+02

           Total  estimate : 0.493  which is  A SUSPICIOUS  solution

      S          J EXP       ERROR       J REG       I REG

  0.0000E+00                                      0.6291E+02
  0.6189E-03                                      0.6290E+02
  0.1238E-02                                      0.6284E+02
  0.1857E-02                                      0.6275E+02
  0.2476E-02                                      0.6262E+02
  0.3095E-02                                      0.6246E+02
  0.3714E-02                                      0.6226E+02
  0.4333E-02                                      0.6203E+02
  0.4951E-02                                      0.6176E+02
  0.5570E-02                                      0.6146E+02
  0.6189E-02                                      0.6112E+02
  0.6808E-02                                      0.6076E+02
  0.7427E-02                                      0.6036E+02
  0.8046E-02                                      0.5993E+02
  0.8665E-02                                      0.5946E+02
  0.9284E-02                                      0.5897E+02
  0.9903E-02                                      0.5845E+02
  0.1052E-01                                      0.5791E+02
  0.1114E-01                                      0.5734E+02
  0.1176E-01                                      0.5674E+02
  0.1238E-01                                      0.5612E+02
  0.1300E-01                                      0.5547E+02
  0.1362E-01                                      0.5480E+02
  0.1424E-01                                      0.5412E+02
  0.1485E-01                                      0.5341E+02
  0.1547E-01                                      0.5269E+02
  0.1609E-01                                      0.5195E+02
  0.1671E-01                                      0.5119E+02
  0.1733E-01  0.5437E+02  0.1212E+01  0.5042E+02  0.5042E+02
  0.1794E-01  0.5232E+02  0.9057E+00  0.4966E+02  0.4966E+02
  0.1855E-01  0.5321E+02  0.9882E+00  0.4888E+02  0.4888E+02
  0.1915E-01  0.5096E+02  0.8750E+00  0.4809E+02  0.4809E+02
  0.1976E-01  0.5063E+02  0.9318E+00  0.4729E+02  0.4729E+02
  0.2037E-01  0.4861E+02  0.7358E+00  0.4649E+02  0.4649E+02
  0.2098E-01  0.4684E+02  0.7819E+00  0.4568E+02  0.4568E+02
  0.2159E-01  0.4592E+02  0.5548E+00  0.4486E+02  0.4486E+02
  0.2219E-01  0.4560E+02  0.4252E+00  0.4404E+02  0.4404E+02
  0.2280E-01  0.4479E+02  0.3072E+00  0.4322E+02  0.4322E+02
  0.2341E-01  0.4374E+02  0.3214E+00  0.4240E+02  0.4240E+02
  0.2402E-01  0.4256E+02  0.2828E+00  0.4158E+02  0.4158E+02
  0.2463E-01  0.4190E+02  0.2878E+00  0.4076E+02  0.4076E+02
  0.2524E-01  0.4088E+02  0.2620E+00  0.3995E+02  0.3995E+02
  0.2584E-01  0.4006E+02  0.2903E+00  0.3913E+02  0.3913E+02
  0.2645E-01  0.3902E+02  0.2576E+00  0.3832E+02  0.3832E+02
  0.2706E-01  0.3816E+02  0.2545E+00  0.3751E+02  0.3751E+02
  0.2767E-01  0.3668E+02  0.2308E+00  0.3671E+02  0.3671E+02
  0.2828E-01  0.3616E+02  0.2192E+00  0.3592E+02  0.3592E+02
  0.2888E-01  0.3522E+02  0.2192E+00  0.3514E+02  0.3514E+02
  0.2949E-01  0.3430E+02  0.2346E+00  0.3436E+02  0.3436E+02
  0.3010E-01  0.3348E+02  0.2476E+00  0.3360E+02  0.3360E+02
  0.3071E-01  0.3276E+02  0.2345E+00  0.3284E+02  0.3284E+02
  0.3132E-01  0.3196E+02  0.2236E+00  0.3209E+02  0.3209E+02
  0.3192E-01  0.3127E+02  0.2048E+00  0.3136E+02  0.3136E+02
  0.3253E-01  0.3051E+02  0.1864E+00  0.3063E+02  0.3063E+02
  0.3314E-01  0.2998E+02  0.1871E+00  0.2992E+02  0.2992E+02
  0.3375E-01  0.2902E+02  0.2127E+00  0.2923E+02  0.2923E+02
  0.3436E-01  0.2818E+02  0.1979E+00  0.2854E+02  0.2854E+02
  0.3497E-01  0.2736E+02  0.1835E+00  0.2787E+02  0.2787E+02
  0.3557E-01  0.2705E+02  0.1917E+00  0.2721E+02  0.2721E+02
  0.3618E-01  0.2635E+02  0.1821E+00  0.2657E+02  0.2657E+02
  0.3679E-01  0.2607E+02  0.1716E+00  0.2594E+02  0.2594E+02
  0.3740E-01  0.2542E+02  0.1596E+00  0.2532E+02  0.2532E+02
  0.3801E-01  0.2467E+02  0.1502E+00  0.2472E+02  0.2472E+02
  0.3861E-01  0.2423E+02  0.1655E+00  0.2413E+02  0.2413E+02
  0.3922E-01  0.2382E+02  0.1596E+00  0.2356E+02  0.2356E+02
  0.3983E-01  0.2346E+02  0.1503E+00  0.2301E+02  0.2301E+02
  0.4044E-01  0.2274E+02  0.1569E+00  0.2246E+02  0.2246E+02
  0.4105E-01  0.2198E+02  0.1079E+00  0.2194E+02  0.2194E+02
  0.4165E-01  0.2171E+02  0.8233E-01  0.2142E+02  0.2142E+02
  0.4226E-01  0.2110E+02  0.8630E-01  0.2093E+02  0.2093E+02
  0.4287E-01  0.2051E+02  0.9122E-01  0.2044E+02  0.2044E+02
  0.4348E-01  0.1996E+02  0.8356E-01  0.1997E+02  0.1997E+02
  0.4409E-01  0.1959E+02  0.7554E-01  0.1952E+02  0.1952E+02
  0.4469E-01  0.1913E+02  0.7109E-01  0.1907E+02  0.1907E+02
  0.4530E-01  0.1877E+02  0.6689E-01  0.1865E+02  0.1865E+02
  0.4591E-01  0.1837E+02  0.6865E-01  0.1823E+02  0.1823E+02
  0.4652E-01  0.1805E+02  0.6751E-01  0.1783E+02  0.1783E+02
  0.4713E-01  0.1766E+02  0.7080E-01  0.1744E+02  0.1744E+02
  0.4773E-01  0.1722E+02  0.7127E-01  0.1706E+02  0.1706E+02
  0.4834E-01  0.1684E+02  0.7279E-01  0.1669E+02  0.1669E+02
  0.4895E-01  0.1639E+02  0.6933E-01  0.1634E+02  0.1634E+02
  0.4956E-01  0.1605E+02  0.7103E-01  0.1600E+02  0.1600E+02
  0.5017E-01  0.1580E+02  0.6272E-01  0.1566E+02  0.1566E+02
  0.5078E-01  0.1539E+02  0.6589E-01  0.1534E+02  0.1534E+02
  0.5138E-01  0.1512E+02  0.6398E-01  0.1503E+02  0.1503E+02
  0.5199E-01  0.1471E+02  0.6228E-01  0.1473E+02  0.1473E+02
  0.5260E-01  0.1447E+02  0.5942E-01  0.1444E+02  0.1444E+02
  0.5321E-01  0.1421E+02  0.6020E-01  0.1415E+02  0.1415E+02
  0.5382E-01  0.1398E+02  0.4980E-01  0.1388E+02  0.1388E+02
  0.5442E-01  0.1368E+02  0.5094E-01  0.1361E+02  0.1361E+02
  0.5503E-01  0.1343E+02  0.5117E-01  0.1335E+02  0.1335E+02
  0.5564E-01  0.1322E+02  0.4337E-01  0.1310E+02  0.1310E+02
  0.5625E-01  0.1297E+02  0.4737E-01  0.1286E+02  0.1286E+02
  0.5686E-01  0.1273E+02  0.4546E-01  0.1262E+02  0.1262E+02
  0.5746E-01  0.1244E+02  0.4071E-01  0.1239E+02  0.1239E+02
  0.5807E-01  0.1210E+02  0.4233E-01  0.1217E+02  0.1217E+02
  0.5868E-01  0.1195E+02  0.4305E-01  0.1195E+02  0.1195E+02
  0.5929E-01  0.1171E+02  0.4044E-01  0.1174E+02  0.1174E+02
  0.5990E-01  0.1152E+02  0.3894E-01  0.1153E+02  0.1153E+02
  0.6050E-01  0.1133E+02  0.3919E-01  0.1133E+02  0.1133E+02
  0.6111E-01  0.1110E+02  0.4021E-01  0.1113E+02  0.1113E+02
  0.6172E-01  0.1087E+02  0.3993E-01  0.1094E+02  0.1094E+02
  0.6233E-01  0.1075E+02  0.3946E-01  0.1075E+02  0.1075E+02
  0.6294E-01  0.1056E+02  0.3712E-01  0.1056E+02  0.1056E+02
  0.6354E-01  0.1040E+02  0.3893E-01  0.1038E+02  0.1038E+02
  0.6415E-01  0.1020E+02  0.3811E-01  0.1021E+02  0.1021E+02
  0.6476E-01  0.1003E+02  0.3964E-01  0.1003E+02  0.1003E+02
  0.6537E-01  0.9799E+01  0.3854E-01  0.9863E+01  0.9863E+01
  0.6598E-01  0.9673E+01  0.3670E-01  0.9696E+01  0.9696E+01
  0.6659E-01  0.9479E+01  0.3662E-01  0.9533E+01  0.9533E+01
  0.6719E-01  0.9393E+01  0.3654E-01  0.9372E+01  0.9372E+01
  0.6780E-01  0.9179E+01  0.3950E-01  0.9214E+01  0.9214E+01
  0.6841E-01  0.9029E+01  0.3722E-01  0.9059E+01  0.9059E+01
  0.6902E-01  0.8900E+01  0.3657E-01  0.8906E+01  0.8906E+01
  0.6963E-01  0.8745E+01  0.3727E-01  0.8756E+01  0.8756E+01
  0.7023E-01  0.8601E+01  0.3986E-01  0.8608E+01  0.8608E+01
  0.7084E-01  0.8481E+01  0.4052E-01  0.8462E+01  0.8462E+01
  0.7145E-01  0.8340E+01  0.3789E-01  0.8319E+01  0.8319E+01
  0.7206E-01  0.8250E+01  0.3584E-01  0.8178E+01  0.8178E+01
  0.7267E-01  0.8080E+01  0.3757E-01  0.8039E+01  0.8039E+01
  0.7327E-01  0.7974E+01  0.3405E-01  0.7902E+01  0.7902E+01
  0.7388E-01  0.7764E+01  0.3293E-01  0.7767E+01  0.7767E+01
  0.7449E-01  0.7632E+01  0.3389E-01  0.7634E+01  0.7634E+01
  0.7510E-01  0.7506E+01  0.3425E-01  0.7503E+01  0.7503E+01
  0.7571E-01  0.7419E+01  0.3412E-01  0.7374E+01  0.7374E+01
  0.7631E-01  0.7300E+01  0.3247E-01  0.7248E+01  0.7248E+01
  0.7692E-01  0.7170E+01  0.3281E-01  0.7123E+01  0.7123E+01
  0.7753E-01  0.7028E+01  0.3283E-01  0.7000E+01  0.7000E+01
  0.7814E-01  0.6921E+01  0.3462E-01  0.6879E+01  0.6879E+01
  0.7875E-01  0.6814E+01  0.3286E-01  0.6760E+01  0.6760E+01
  0.7935E-01  0.6659E+01  0.3203E-01  0.6643E+01  0.6643E+01
  0.7996E-01  0.6541E+01  0.3240E-01  0.6527E+01  0.6527E+01
  0.8057E-01  0.6368E+01  0.3110E-01  0.6414E+01  0.6414E+01
  0.8118E-01  0.6277E+01  0.2947E-01  0.6303E+01  0.6303E+01
  0.8179E-01  0.6180E+01  0.3134E-01  0.6193E+01  0.6193E+01
  0.8239E-01  0.6108E+01  0.2943E-01  0.6085E+01  0.6085E+01
  0.8300E-01  0.6034E+01  0.3068E-01  0.5980E+01  0.5980E+01
  0.8361E-01  0.5912E+01  0.3227E-01  0.5875E+01  0.5875E+01
  0.8422E-01  0.5807E+01  0.3037E-01  0.5773E+01  0.5773E+01
  0.8483E-01  0.5699E+01  0.2867E-01  0.5673E+01  0.5673E+01
  0.8544E-01  0.5611E+01  0.2908E-01  0.5574E+01  0.5574E+01
  0.8604E-01  0.5490E+01  0.2926E-01  0.5478E+01  0.5478E+01
  0.8665E-01  0.5399E+01  0.2828E-01  0.5383E+01  0.5383E+01
  0.8726E-01  0.5317E+01  0.2741E-01  0.5290E+01  0.5290E+01
  0.8787E-01  0.5223E+01  0.2688E-01  0.5198E+01  0.5198E+01
  0.8847E-01  0.5093E+01  0.2777E-01  0.5108E+01  0.5108E+01
  0.8908E-01  0.5054E+01  0.2807E-01  0.5020E+01  0.5020E+01
  0.8969E-01  0.4964E+01  0.2969E-01  0.4934E+01  0.4934E+01
  0.9030E-01  0.4895E+01  0.2871E-01  0.4849E+01  0.4849E+01
  0.9091E-01  0.4807E+01  0.3054E-01  0.4766E+01  0.4766E+01
  0.9151E-01  0.4714E+01  0.2854E-01  0.4685E+01  0.4685E+01
  0.9212E-01  0.4613E+01  0.2916E-01  0.4605E+01  0.4605E+01
  0.9273E-01  0.4549E+01  0.2782E-01  0.4526E+01  0.4526E+01
  0.9334E-01  0.4455E+01  0.2895E-01  0.4449E+01  0.4449E+01
  0.9395E-01  0.4386E+01  0.2853E-01  0.4374E+01  0.4374E+01
  0.9456E-01  0.4321E+01  0.2941E-01  0.4300E+01  0.4300E+01
  0.9516E-01  0.4271E+01  0.2818E-01  0.4227E+01  0.4227E+01
  0.9577E-01  0.4189E+01  0.2662E-01  0.4156E+01  0.4156E+01
  0.9638E-01  0.4113E+01  0.2613E-01  0.4086E+01  0.4086E+01
  0.9699E-01  0.4074E+01  0.2678E-01  0.4017E+01  0.4017E+01
  0.9760E-01  0.3958E+01  0.2782E-01  0.3949E+01  0.3949E+01
  0.9820E-01  0.3927E+01  0.2713E-01  0.3883E+01  0.3883E+01
  0.9881E-01  0.3872E+01  0.2817E-01  0.3818E+01  0.3818E+01
  0.9942E-01  0.3767E+01  0.2623E-01  0.3754E+01  0.3754E+01
  0.1000E+00  0.3706E+01  0.2674E-01  0.3691E+01  0.3691E+01
  0.1006E+00  0.3638E+01  0.2704E-01  0.3629E+01  0.3629E+01
  0.1012E+00  0.3565E+01  0.2462E-01  0.3568E+01  0.3568E+01
  0.1019E+00  0.3478E+01  0.2508E-01  0.3508E+01  0.3508E+01
  0.1025E+00  0.3433E+01  0.2554E-01  0.3449E+01  0.3449E+01
  0.1031E+00  0.3410E+01  0.2589E-01  0.3391E+01  0.3391E+01
  0.1037E+00  0.3347E+01  0.2780E-01  0.3334E+01  0.3334E+01
  0.1043E+00  0.3275E+01  0.2650E-01  0.3278E+01  0.3278E+01
  0.1049E+00  0.3210E+01  0.2470E-01  0.3222E+01  0.3222E+01
  0.1055E+00  0.3136E+01  0.2724E-01  0.3168E+01  0.3168E+01
  0.1061E+00  0.3111E+01  0.2565E-01  0.3114E+01  0.3114E+01
  0.1067E+00  0.3051E+01  0.2582E-01  0.3061E+01  0.3061E+01
  0.1073E+00  0.3022E+01  0.2508E-01  0.3009E+01  0.3009E+01
  0.1079E+00  0.2968E+01  0.2450E-01  0.2958E+01  0.2958E+01
  0.1085E+00  0.2911E+01  0.2461E-01  0.2907E+01  0.2907E+01
  0.1091E+00  0.2845E+01  0.2554E-01  0.2857E+01  0.2857E+01
  0.1098E+00  0.2787E+01  0.2568E-01  0.2808E+01  0.2808E+01
  0.1104E+00  0.2765E+01  0.2403E-01  0.2759E+01  0.2759E+01
  0.1110E+00  0.2734E+01  0.2434E-01  0.2712E+01  0.2712E+01
  0.1116E+00  0.2665E+01  0.2410E-01  0.2665E+01  0.2665E+01
  0.1122E+00  0.2614E+01  0.2455E-01  0.2618E+01  0.2618E+01
  0.1128E+00  0.2583E+01  0.2507E-01  0.2572E+01  0.2572E+01
  0.1134E+00  0.2534E+01  0.2676E-01  0.2527E+01  0.2527E+01
  0.1140E+00  0.2480E+01  0.1250E-01  0.2483E+01  0.2483E+01
  0.1146E+00  0.2441E+01  0.1296E-01  0.2439E+01  0.2439E+01
  0.1152E+00  0.2395E+01  0.1292E-01  0.2396E+01  0.2396E+01
  0.1158E+00  0.2351E+01  0.1221E-01  0.2354E+01  0.2354E+01
  0.1164E+00  0.2310E+01  0.1239E-01  0.2312E+01  0.2312E+01
  0.1171E+00  0.2262E+01  0.1217E-01  0.2271E+01  0.2271E+01
  0.1177E+00  0.2209E+01  0.1232E-01  0.2231E+01  0.2231E+01
  0.1183E+00  0.2171E+01  0.1302E-01  0.2192E+01  0.2192E+01
  0.1189E+00  0.2133E+01  0.1208E-01  0.2153E+01  0.2153E+01
  0.1195E+00  0.2094E+01  0.1232E-01  0.2114E+01  0.2114E+01
  0.1201E+00  0.2060E+01  0.1246E-01  0.2077E+01  0.2077E+01
  0.1207E+00  0.2014E+01  0.1272E-01  0.2040E+01  0.2040E+01
  0.1213E+00  0.1984E+01  0.1229E-01  0.2004E+01  0.2004E+01
  0.1219E+00  0.1964E+01  0.1220E-01  0.1968E+01  0.1968E+01
  0.1225E+00  0.1923E+01  0.1175E-01  0.1933E+01  0.1933E+01
  0.1231E+00  0.1895E+01  0.1164E-01  0.1899E+01  0.1899E+01
  0.1237E+00  0.1895E+01  0.1250E-01  0.1866E+01  0.1866E+01
  0.1244E+00  0.1863E+01  0.1270E-01  0.1833E+01  0.1833E+01
  0.1250E+00  0.1831E+01  0.1250E-01  0.1801E+01  0.1801E+01
  0.1256E+00  0.1808E+01  0.1216E-01  0.1769E+01  0.1769E+01
  0.1262E+00  0.1769E+01  0.1204E-01  0.1738E+01  0.1738E+01
  0.1268E+00  0.1752E+01  0.1147E-01  0.1708E+01  0.1708E+01
  0.1274E+00  0.1675E+01  0.1226E-01  0.1679E+01  0.1679E+01
  0.1280E+00  0.1642E+01  0.1164E-01  0.1650E+01  0.1650E+01
  0.1286E+00  0.1611E+01  0.1197E-01  0.1622E+01  0.1622E+01
  0.1292E+00  0.1591E+01  0.1204E-01  0.1594E+01  0.1594E+01
  0.1298E+00  0.1562E+01  0.1170E-01  0.1567E+01  0.1567E+01
  0.1304E+00  0.1536E+01  0.1202E-01  0.1541E+01  0.1541E+01
  0.1310E+00  0.1501E+01  0.1206E-01  0.1515E+01  0.1515E+01
  0.1316E+00  0.1469E+01  0.1180E-01  0.1490E+01  0.1490E+01
  0.1323E+00  0.1455E+01  0.1239E-01  0.1465E+01  0.1465E+01
  0.1329E+00  0.1440E+01  0.1178E-01  0.1441E+01  0.1441E+01
  0.1335E+00  0.1424E+01  0.1157E-01  0.1418E+01  0.1418E+01
  0.1341E+00  0.1395E+01  0.1142E-01  0.1395E+01  0.1395E+01
  0.1347E+00  0.1372E+01  0.1149E-01  0.1373E+01  0.1373E+01
  0.1353E+00  0.1359E+01  0.1129E-01  0.1351E+01  0.1351E+01
  0.1359E+00  0.1331E+01  0.1152E-01  0.1329E+01  0.1329E+01
  0.1365E+00  0.1315E+01  0.1172E-01  0.1309E+01  0.1309E+01
  0.1371E+00  0.1288E+01  0.1160E-01  0.1288E+01  0.1288E+01
  0.1377E+00  0.1259E+01  0.1169E-01  0.1268E+01  0.1268E+01
  0.1383E+00  0.1238E+01  0.1116E-01  0.1249E+01  0.1249E+01
  0.1389E+00  0.1237E+01  0.1106E-01  0.1230E+01  0.1230E+01
  0.1396E+00  0.1222E+01  0.1124E-01  0.1211E+01  0.1211E+01
  0.1402E+00  0.1211E+01  0.1174E-01  0.1193E+01  0.1193E+01
  0.1408E+00  0.1172E+01  0.1139E-01  0.1175E+01  0.1175E+01
  0.1414E+00  0.1157E+01  0.1180E-01  0.1158E+01  0.1158E+01
  0.1420E+00  0.1133E+01  0.1182E-01  0.1140E+01  0.1140E+01
  0.1426E+00  0.1093E+01  0.1119E-01  0.1124E+01  0.1124E+01
  0.1432E+00  0.1085E+01  0.1106E-01  0.1107E+01  0.1107E+01
  0.1438E+00  0.1074E+01  0.1117E-01  0.1091E+01  0.1091E+01
  0.1444E+00  0.1078E+01  0.1111E-01  0.1076E+01  0.1076E+01
  0.1450E+00  0.1051E+01  0.1124E-01  0.1060E+01  0.1060E+01
  0.1456E+00  0.1037E+01  0.1126E-01  0.1045E+01  0.1045E+01
  0.1462E+00  0.1051E+01  0.1115E-01  0.1030E+01  0.1030E+01
  0.1468E+00  0.1016E+01  0.1120E-01  0.1016E+01  0.1016E+01
  0.1475E+00  0.9971E+00  0.1126E-01  0.1001E+01  0.1001E+01
  0.1481E+00  0.9865E+00  0.1064E-01  0.9875E+00  0.9875E+00
  0.1487E+00  0.9677E+00  0.1089E-01  0.9738E+00  0.9738E+00
  0.1493E+00  0.9465E+00  0.1102E-01  0.9603E+00  0.9603E+00
  0.1499E+00  0.9473E+00  0.1055E-01  0.9471E+00  0.9471E+00
  0.1505E+00  0.9405E+00  0.1054E-01  0.9341E+00  0.9341E+00
  0.1511E+00  0.9028E+00  0.1101E-01  0.9213E+00  0.9213E+00
  0.1517E+00  0.8709E+00  0.1097E-01  0.9088E+00  0.9088E+00
  0.1523E+00  0.8747E+00  0.1040E-01  0.8966E+00  0.8966E+00
  0.1529E+00  0.8587E+00  0.1043E-01  0.8845E+00  0.8845E+00
  0.1535E+00  0.8457E+00  0.1031E-01  0.8727E+00  0.8727E+00
  0.1541E+00  0.8370E+00  0.1009E-01  0.8611E+00  0.8611E+00
  0.1548E+00  0.8360E+00  0.1014E-01  0.8497E+00  0.8497E+00
  0.1554E+00  0.8188E+00  0.1007E-01  0.8386E+00  0.8386E+00
  0.1560E+00  0.8248E+00  0.1022E-01  0.8276E+00  0.8276E+00
  0.1566E+00  0.8047E+00  0.1056E-01  0.8169E+00  0.8169E+00
  0.1572E+00  0.7957E+00  0.1030E-01  0.8064E+00  0.8064E+00
  0.1578E+00  0.7872E+00  0.1049E-01  0.7961E+00  0.7961E+00
  0.1584E+00  0.7808E+00  0.1071E-01  0.7861E+00  0.7861E+00
  0.1590E+00  0.7814E+00  0.1038E-01  0.7762E+00  0.7762E+00
  0.1596E+00  0.7634E+00  0.1009E-01  0.7666E+00  0.7666E+00
  0.1602E+00  0.7603E+00  0.1012E-01  0.7572E+00  0.7572E+00
  0.1608E+00  0.7487E+00  0.9982E-02  0.7480E+00  0.7480E+00
  0.1614E+00  0.7326E+00  0.1026E-01  0.7390E+00  0.7390E+00
  0.1620E+00  0.7346E+00  0.1043E-01  0.7302E+00  0.7302E+00
  0.1627E+00  0.7390E+00  0.9908E-02  0.7216E+00  0.7216E+00
  0.1633E+00  0.7171E+00  0.9751E-02  0.7132E+00  0.7132E+00
  0.1639E+00  0.7133E+00  0.9867E-02  0.7050E+00  0.7050E+00
  0.1645E+00  0.6946E+00  0.9937E-02  0.6971E+00  0.6971E+00
  0.1651E+00  0.6892E+00  0.9714E-02  0.6893E+00  0.6893E+00
  0.1657E+00  0.6933E+00  0.9824E-02  0.6818E+00  0.6818E+00
  0.1663E+00  0.6750E+00  0.9815E-02  0.6744E+00  0.6744E+00
  0.1669E+00  0.6739E+00  0.9838E-02  0.6672E+00  0.6672E+00
  0.1675E+00  0.6863E+00  0.9891E-02  0.6602E+00  0.6602E+00
  0.1681E+00  0.6607E+00  0.9704E-02  0.6534E+00  0.6534E+00
  0.1687E+00  0.6599E+00  0.9726E-02  0.6468E+00  0.6468E+00
  0.1693E+00  0.6529E+00  0.9654E-02  0.6404E+00  0.6404E+00
  0.1700E+00  0.6541E+00  0.1015E+00  0.6341E+00  0.6341E+00
  0.1706E+00  0.6503E+00  0.2688E+00  0.6280E+00  0.6280E+00
  0.1712E+00  0.6367E+00  0.2917E+00  0.6221E+00  0.6221E+00
  0.1718E+00  0.6141E+00  0.2815E+00  0.6164E+00  0.6164E+00
  0.1724E+00  0.6084E+00  0.2711E+00  0.6107E+00  0.6107E+00
  0.1730E+00  0.6046E+00  0.1141E+00  0.6053E+00  0.6053E+00
  0.1736E+00  0.6067E+00  0.2213E-01  0.6000E+00  0.6000E+00
  0.1742E+00  0.5872E+00  0.9931E-02  0.5948E+00  0.5948E+00
  0.1748E+00  0.5852E+00  0.1010E-01  0.5897E+00  0.5897E+00
  0.1754E+00  0.5709E+00  0.1010E-01  0.5848E+00  0.5848E+00
  0.1760E+00  0.5673E+00  0.1038E-01  0.5800E+00  0.5800E+00
  0.1766E+00  0.5784E+00  0.9844E-02  0.5753E+00  0.5753E+00
  0.1773E+00  0.5706E+00  0.1020E-01  0.5707E+00  0.5707E+00
  0.1779E+00  0.5557E+00  0.1261E-01  0.5662E+00  0.5662E+00
  0.1785E+00  0.5650E+00  0.1151E-01  0.5618E+00  0.5618E+00
  0.1791E+00  0.5427E+00  0.1011E-01  0.5575E+00  0.5575E+00
  0.1797E+00  0.5549E+00  0.9697E-02  0.5533E+00  0.5533E+00
  0.1803E+00  0.5470E+00  0.9805E-02  0.5491E+00  0.5491E+00
  0.1809E+00  0.5452E+00  0.9735E-02  0.5451E+00  0.5451E+00
  0.1815E+00  0.5390E+00  0.9800E-02  0.5411E+00  0.5411E+00
  0.1821E+00  0.5231E+00  0.9697E-02  0.5371E+00  0.5371E+00
  0.1827E+00  0.5277E+00  0.9591E-02  0.5332E+00  0.5332E+00
  0.1833E+00  0.5095E+00  0.9577E-02  0.5294E+00  0.5294E+00
  0.1839E+00  0.4973E+00  0.9792E-02  0.5256E+00  0.5256E+00
  0.1845E+00  0.5118E+00  0.9277E-02  0.5219E+00  0.5219E+00
  0.1852E+00  0.5096E+00  0.9548E-02  0.5182E+00  0.5182E+00
  0.1858E+00  0.5138E+00  0.9430E-02  0.5145E+00  0.5145E+00
  0.1864E+00  0.5079E+00  0.9647E-02  0.5109E+00  0.5109E+00
  0.1870E+00  0.4986E+00  0.9435E-02  0.5073E+00  0.5073E+00
  0.1876E+00  0.4983E+00  0.9452E-02  0.5037E+00  0.5037E+00
  0.1882E+00  0.4978E+00  0.8919E-02  0.5002E+00  0.5002E+00
  0.1888E+00  0.5095E+00  0.9292E-02  0.4967E+00  0.4967E+00
  0.1894E+00  0.4944E+00  0.9476E-02  0.4932E+00  0.4932E+00
  0.1900E+00  0.4787E+00  0.9097E-02  0.4898E+00  0.4898E+00
  0.1906E+00  0.4755E+00  0.9219E-02  0.4864E+00  0.4864E+00
  0.1912E+00  0.4523E+00  0.8895E-02  0.4830E+00  0.4830E+00
  0.1918E+00  0.4571E+00  0.9128E-02  0.4796E+00  0.4796E+00
  0.1925E+00  0.4618E+00  0.9120E-02  0.4763E+00  0.4763E+00
  0.1931E+00  0.4659E+00  0.9304E-02  0.4730E+00  0.4730E+00
  0.1937E+00  0.4579E+00  0.9421E-02  0.4697E+00  0.4697E+00
  0.1943E+00  0.4801E+00  0.9248E-02  0.4664E+00  0.4664E+00
  0.1949E+00  0.4630E+00  0.9125E-02  0.4632E+00  0.4632E+00
  0.1955E+00  0.4798E+00  0.8959E-02  0.4601E+00  0.4601E+00
  0.1961E+00  0.4684E+00  0.9129E-02  0.4569E+00  0.4569E+00
  0.1967E+00  0.4708E+00  0.8918E-02  0.4538E+00  0.4538E+00
  0.1973E+00  0.4584E+00  0.8949E-02  0.4507E+00  0.4507E+00
  0.1979E+00  0.4546E+00  0.8781E-02  0.4477E+00  0.4477E+00
  0.1985E+00  0.4460E+00  0.9074E-02  0.4447E+00  0.4447E+00
  0.1991E+00  0.4483E+00  0.9065E-02  0.4418E+00  0.4418E+00
  0.1997E+00  0.4420E+00  0.9155E-02  0.4389E+00  0.4389E+00
  0.2004E+00  0.4317E+00  0.9056E-02  0.4361E+00  0.4361E+00
  0.2010E+00  0.4320E+00  0.8886E-02  0.4334E+00  0.4334E+00
  0.2016E+00  0.4179E+00  0.8789E-02  0.4306E+00  0.4306E+00
  0.2022E+00  0.4367E+00  0.8545E-02  0.4280E+00  0.4280E+00
  0.2028E+00  0.4153E+00  0.8728E-02  0.4254E+00  0.4254E+00
  0.2034E+00  0.4268E+00  0.8872E-02  0.4228E+00  0.4228E+00
  0.2040E+00  0.4216E+00  0.8782E-02  0.4204E+00  0.4204E+00
  0.2046E+00  0.4149E+00  0.8609E-02  0.4179E+00  0.4179E+00
  0.2052E+00  0.4205E+00  0.8657E-02  0.4156E+00  0.4156E+00
  0.2058E+00  0.4099E+00  0.8669E-02  0.4133E+00  0.4133E+00
  0.2064E+00  0.3984E+00  0.8831E-02  0.4111E+00  0.4111E+00
  0.2070E+00  0.4072E+00  0.9127E-02  0.4089E+00  0.4089E+00
  0.2077E+00  0.3982E+00  0.1014E-01  0.4069E+00  0.4069E+00
  0.2083E+00  0.4014E+00  0.9542E-02  0.4048E+00  0.4048E+00
  0.2089E+00  0.3937E+00  0.9544E-02  0.4029E+00  0.4029E+00
  0.2095E+00  0.4089E+00  0.8714E-02  0.4010E+00  0.4010E+00
  0.2101E+00  0.4079E+00  0.8447E-02  0.3992E+00  0.3992E+00
  0.2107E+00  0.4074E+00  0.8477E-02  0.3974E+00  0.3974E+00
  0.2113E+00  0.4150E+00  0.8446E-02  0.3957E+00  0.3957E+00
  0.2119E+00  0.4031E+00  0.8363E-02  0.3941E+00  0.3941E+00
  0.2125E+00  0.4015E+00  0.8571E-02  0.3925E+00  0.3925E+00
  0.2131E+00  0.4049E+00  0.8628E-02  0.3910E+00  0.3910E+00
  0.2137E+00  0.4062E+00  0.8380E-02  0.3896E+00  0.3896E+00
  0.2143E+00  0.3921E+00  0.8323E-02  0.3882E+00  0.3882E+00
  0.2149E+00  0.3832E+00  0.8392E-02  0.3868E+00  0.3868E+00
  0.2156E+00  0.3629E+00  0.8374E-02  0.3855E+00  0.3855E+00
  0.2162E+00  0.3670E+00  0.8608E-02  0.3842E+00  0.3842E+00
  0.2168E+00  0.3640E+00  0.8307E-02  0.3830E+00  0.3830E+00
  0.2174E+00  0.3627E+00  0.8112E-02  0.3818E+00  0.3818E+00
  0.2180E+00  0.3829E+00  0.8359E-02  0.3807E+00  0.3807E+00
  0.2186E+00  0.3758E+00  0.8187E-02  0.3796E+00  0.3796E+00
  0.2192E+00  0.3761E+00  0.8513E-02  0.3785E+00  0.3785E+00
  0.2198E+00  0.3628E+00  0.8623E-02  0.3774E+00  0.3774E+00
  0.2204E+00  0.3563E+00  0.8675E-02  0.3764E+00  0.3764E+00
  0.2210E+00  0.3513E+00  0.8520E-02  0.3754E+00  0.3754E+00
  0.2216E+00  0.3653E+00  0.8240E-02  0.3744E+00  0.3744E+00
  0.2222E+00  0.3721E+00  0.8320E-02  0.3734E+00  0.3734E+00
  0.2228E+00  0.3636E+00  0.8358E-02  0.3724E+00  0.3724E+00
  0.2235E+00  0.3745E+00  0.8562E-02  0.3715E+00  0.3715E+00
  0.2241E+00  0.3752E+00  0.8119E-02  0.3705E+00  0.3705E+00
  0.2247E+00  0.3776E+00  0.8054E-02  0.3696E+00  0.3696E+00
  0.2253E+00  0.3704E+00  0.8411E-02  0.3686E+00  0.3686E+00
  0.2259E+00  0.3606E+00  0.8076E-02  0.3677E+00  0.3677E+00
  0.2265E+00  0.3785E+00  0.8202E-02  0.3667E+00  0.3667E+00
  0.2271E+00  0.3657E+00  0.8338E-02  0.3658E+00  0.3658E+00
  0.2277E+00  0.3674E+00  0.8211E-02  0.3648E+00  0.3648E+00
  0.2283E+00  0.3562E+00  0.8168E-02  0.3638E+00  0.3638E+00
  0.2289E+00  0.3489E+00  0.8262E-02  0.3628E+00  0.3628E+00
  0.2295E+00  0.3505E+00  0.8370E-02  0.3618E+00  0.3618E+00
  0.2301E+00  0.3467E+00  0.8157E-02  0.3608E+00  0.3608E+00
  0.2308E+00  0.3510E+00  0.8290E-02  0.3598E+00  0.3598E+00
  0.2314E+00  0.3531E+00  0.8057E-02  0.3587E+00  0.3587E+00
  0.2320E+00  0.3510E+00  0.7931E-02  0.3576E+00  0.3576E+00
  0.2326E+00  0.3506E+00  0.8028E-02  0.3566E+00  0.3566E+00
  0.2332E+00  0.3509E+00  0.8155E-02  0.3555E+00  0.3555E+00
  0.2338E+00  0.3614E+00  0.8053E-02  0.3543E+00  0.3543E+00
  0.2344E+00  0.3620E+00  0.8238E-02  0.3532E+00  0.3532E+00
  0.2350E+00  0.3548E+00  0.8080E-02  0.3520E+00  0.3520E+00
  0.2356E+00  0.3642E+00  0.7927E-02  0.3509E+00  0.3509E+00
  0.2362E+00  0.3442E+00  0.8003E-02  0.3497E+00  0.3497E+00
  0.2368E+00  0.3525E+00  0.7905E-02  0.3485E+00  0.3485E+00
  0.2374E+00  0.3568E+00  0.8005E-02  0.3473E+00  0.3473E+00
  0.2380E+00  0.3560E+00  0.8083E-02  0.3461E+00  0.3461E+00
  0.2387E+00  0.3598E+00  0.7821E-02  0.3448E+00  0.3448E+00
  0.2393E+00  0.3658E+00  0.7790E-02  0.3436E+00  0.3436E+00
  0.2399E+00  0.3651E+00  0.8023E-02  0.3423E+00  0.3423E+00
  0.2405E+00  0.3548E+00  0.7768E-02  0.3410E+00  0.3410E+00
  0.2411E+00  0.3436E+00  0.7620E-02  0.3397E+00  0.3397E+00
  0.2417E+00  0.3359E+00  0.7961E-02  0.3384E+00  0.3384E+00
  0.2423E+00  0.3404E+00  0.7822E-02  0.3371E+00  0.3371E+00
  0.2429E+00  0.3476E+00  0.7923E-02  0.3358E+00  0.3358E+00
  0.2435E+00  0.3530E+00  0.7852E-02  0.3345E+00  0.3345E+00
  0.2441E+00  0.3514E+00  0.7805E-02  0.3331E+00  0.3331E+00
  0.2447E+00  0.3465E+00  0.7865E-02  0.3318E+00  0.3318E+00

           Distance distribution  function of particle  


       R          P(R)      ERROR

  0.0000E+00  0.0000E+00  0.0000E+00
  0.1566E+01  0.2705E-02  0.8476E-05
  0.3132E+01  0.5746E-02  0.1210E-04
  0.4698E+01  0.9112E-02  0.1166E-04
  0.6264E+01  0.1278E-01  0.8637E-05
  0.7830E+01  0.1673E-01  0.6570E-05
  0.9396E+01  0.2092E-01  0.9967E-05
  0.1096E+02  0.2529E-01  0.1557E-04
  0.1253E+02  0.2979E-01  0.2049E-04
  0.1409E+02  0.3433E-01  0.2381E-04
  0.1566E+02  0.3885E-01  0.2542E-04
  0.1723E+02  0.4324E-01  0.2595E-04
  0.1879E+02  0.4742E-01  0.2660E-04
  0.2036E+02  0.5129E-01  0.2865E-04
  0.2192E+02  0.5479E-01  0.3253E-04
  0.2349E+02  0.5783E-01  0.3762E-04
  0.2506E+02  0.6036E-01  0.4293E-04
  0.2662E+02  0.6235E-01  0.4765E-04
  0.2819E+02  0.6380E-01  0.5142E-04
  0.2975E+02  0.6471E-01  0.5429E-04
  0.3132E+02  0.6511E-01  0.5662E-04
  0.3289E+02  0.6507E-01  0.5888E-04
  0.3445E+02  0.6466E-01  0.6140E-04
  0.3602E+02  0.6393E-01  0.6423E-04
  0.3758E+02  0.6299E-01  0.6717E-04
  0.3915E+02  0.6191E-01  0.6995E-04
  0.4072E+02  0.6075E-01  0.7243E-04
  0.4228E+02  0.5958E-01  0.7469E-04
  0.4385E+02  0.5845E-01  0.7701E-04
  0.4541E+02  0.5738E-01  0.7973E-04
  0.4698E+02  0.5638E-01  0.8307E-04
  0.4855E+02  0.5547E-01  0.8699E-04
  0.5011E+02  0.5462E-01  0.9120E-04
  0.5168E+02  0.5383E-01  0.9535E-04
  0.5324E+02  0.5307E-01  0.9916E-04
  0.5481E+02  0.5232E-01  0.1025E-03
  0.5638E+02  0.5157E-01  0.1056E-03
  0.5794E+02  0.5081E-01  0.1085E-03
  0.5951E+02  0.5003E-01  0.1117E-03
  0.6107E+02  0.4923E-01  0.1151E-03
  0.6264E+02  0.4842E-01  0.1188E-03
  0.6421E+02  0.4760E-01  0.1224E-03
  0.6577E+02  0.4679E-01  0.1259E-03
  0.6734E+02  0.4600E-01  0.1290E-03
  0.6890E+02  0.4522E-01  0.1319E-03
  0.7047E+02  0.4447E-01  0.1346E-03
  0.7204E+02  0.4373E-01  0.1375E-03
  0.7360E+02  0.4299E-01  0.1407E-03
  0.7517E+02  0.4225E-01  0.1443E-03
  0.7673E+02  0.4149E-01  0.1482E-03
  0.7830E+02  0.4069E-01  0.1521E-03
  0.7987E+02  0.3984E-01  0.1558E-03
  0.8143E+02  0.3893E-01  0.1592E-03
  0.8300E+02  0.3796E-01  0.1623E-03
  0.8456E+02  0.3693E-01  0.1650E-03
  0.8613E+02  0.3585E-01  0.1674E-03
  0.8770E+02  0.3472E-01  0.1695E-03
  0.8926E+02  0.3358E-01  0.1712E-03
  0.9083E+02  0.3243E-01  0.1724E-03
  0.9239E+02  0.3129E-01  0.1732E-03
  0.9396E+02  0.3018E-01  0.1734E-03
  0.9553E+02  0.2911E-01  0.1733E-03
  0.9709E+02  0.2808E-01  0.1728E-03
  0.9866E+02  0.2710E-01  0.1723E-03
  0.1002E+03  0.2615E-01  0.1717E-03
  0.1018E+03  0.2524E-01  0.1712E-03
  0.1034E+03  0.2434E-01  0.1708E-03
  0.1049E+03  0.2346E-01  0.1704E-03
  0.1065E+03  0.2256E-01  0.1700E-03
  0.1081E+03  0.2166E-01  0.1697E-03
  0.1096E+03  0.2073E-01  0.1697E-03
  0.1112E+03  0.1978E-01  0.1699E-03
  0.1128E+03  0.1882E-01  0.1702E-03
  0.1143E+03  0.1785E-01  0.1703E-03
  0.1159E+03  0.1688E-01  0.1700E-03
  0.1174E+03  0.1593E-01  0.1689E-03
  0.1190E+03  0.1500E-01  0.1668E-03
  0.1206E+03  0.1411E-01  0.1638E-03
  0.1221E+03  0.1325E-01  0.1601E-03
  0.1237E+03  0.1244E-01  0.1563E-03
  0.1253E+03  0.1167E-01  0.1530E-03
  0.1268E+03  0.1094E-01  0.1508E-03
  0.1284E+03  0.1024E-01  0.1500E-03
  0.1300E+03  0.9563E-02  0.1506E-03
  0.1315E+03  0.8899E-02  0.1525E-03
  0.1331E+03  0.8243E-02  0.1552E-03
  0.1347E+03  0.7593E-02  0.1584E-03
  0.1362E+03  0.6947E-02  0.1617E-03
  0.1378E+03  0.6309E-02  0.1647E-03
  0.1394E+03  0.5684E-02  0.1671E-03
  0.1409E+03  0.5079E-02  0.1682E-03
  0.1425E+03  0.4501E-02  0.1675E-03
  0.1441E+03  0.3956E-02  0.1644E-03
  0.1456E+03  0.3445E-02  0.1581E-03
  0.1472E+03  0.2966E-02  0.1481E-03
  0.1488E+03  0.2511E-02  0.1340E-03
  0.1503E+03  0.2067E-02  0.1157E-03
  0.1519E+03  0.1616E-02  0.9298E-04
  0.1535E+03  0.1137E-02  0.6605E-04
  0.1550E+03  0.6054E-03  0.3501E-04
  0.1566E+03  0.0000E+00  0.0000E+00
          Reciprocal space: Rg =   47.35     , I(0) =   0.6291E+02
     Real space: Rg =   47.60 +- 0.098  I(0) =   0.6291E+02 +-  0.1748E+00
