
           ####    G N O M   ---   Version 4.5a revised 09/02/02     ####

                                                  Fri Oct 20 04:26:18 2017
           ===    Run No   1   ===
 Run title:   Merge of: p3_A2_2.mccd p3_A3_2.mccd p4_H2_2.mccd p4_H3_2.mccd p4


  Number of points omitted at the end:         105
   *******   Working Directory :
   *******    Input file(s) : 24163_merged_low.dat
           Condition P(rmin) = 0 is used. 
           Condition P(rmax) = 0 is used. 

          Experimental conditions for the first run
          -----------------------------------------

          Highest ALPHA is found to be   0.1676E+04

  The measure of inconsistency AN1 equals to    0.9440E+00
     Alpha    Discrp  Oscill  Stabil  Sysdev  Positv  Valcen    Total   
  0.1676E+07 89.9036  1.5318  0.9806  0.0000  1.0000  0.7742  0.00001
  0.3352E+06 86.5288  1.5285  0.9444  0.0000  1.0000  0.7748  0.00001
  0.6705E+05 73.0555  1.5133  0.8006  0.0000  1.0000  0.7772  0.00001
  0.1341E+05 42.5263  1.4630  0.4784  0.1633  1.0000  0.7857  0.00001
  0.2682E+04 15.9088  1.4018  0.1891  0.1020  1.0000  0.7972  0.00001
  0.5364E+03  4.7498  1.4065  0.0493  0.1122  1.0000  0.7966  0.00001
  0.1073E+03  1.5641  1.4375  0.0141  0.3265  1.0000  0.7914  0.45579
  0.2145E+02  0.8492  1.4615  0.0056  0.5612  1.0000  0.7886  0.46888
  0.4291E+01  0.7553  1.4738  0.0045  0.5918  1.0000  0.7879  0.41820
  0.8582E+00  0.7354  1.4899  0.0082  0.6020  1.0000  0.7880  0.10000
  0.1716E+00  0.7194  1.5595  0.0132  0.6224  1.0000  0.7883  0.10000
  0.3433E-01  0.7060  1.8339  0.0394  0.6122  1.0000  0.7883  0.10000
  0.6865E-02  0.6872  3.0927  0.0721  0.6224  0.9991  0.7848  0.10000
  0.1373E-02  0.6731  5.4493  0.1491  0.6173  0.9944  0.7676  0.10000
  0.2746E-03  0.6552 11.5328  0.4045  0.6020  0.9640  0.6973  0.10000
  0.5492E-04  0.6332 17.6706  0.3551  0.6020  0.8842  0.4029  0.10000
  0.1098E-04  0.6177 21.9639  0.7912  0.6224  0.8014  0.3056  0.10000
  0.2197E-05  0.5883 20.5761  0.6801  0.6020  0.7560  0.2715  0.10000
  0.4394E-06  0.5603 20.5941  0.2954  0.6173  0.7335  0.2710  0.10000
  0.8788E-07  0.5501 23.8751  0.6356  0.6633  0.7221  0.2676  0.10000
  0.1758E-07  0.5359 22.9994  0.7128  0.6735  0.7211  0.2623  0.10000
  0.3515E-08  0.5184 23.3628  0.5088  0.6582  0.7192  0.3056  0.10000
  0.7030E-09  0.4949 29.6521  0.6339  0.6480  0.7268  0.3719  0.10000
  0.1406E-09  0.4396 37.6941  0.6896  0.6684  0.7127  0.3875  0.10000
  0.2812E-10  0.3280 41.7208  0.5529  0.6633  0.6978  0.3114  0.10000
  0.5624E-11  0.1833 45.5032  0.3610  0.6531  0.6982  0.3046  0.10000
  0.1125E-11  0.0675 48.7609  0.1766  0.6429  0.6924  0.3121  0.10000
  0.2250E-12  0.0171 49.8991  0.0543  0.6122  0.6880  0.3056  0.10000
  0.4499E-13  0.0036 50.1523  0.0124  0.6224  0.6871  0.3028  0.10000
  0.8999E-14  0.0007 50.2036  0.0026  0.6224  0.6870  0.3022  0.10000
  0.1800E-14  0.0001 50.2139  0.0005  0.6224  0.6870  0.3020  0.10000

          ***  Golden section search to maximize estimate ***
     Alpha    Discrp  Oscill  Stabil  Sysdev  Positv  Valcen    Total   
  0.5801E+02  1.1378  1.4485  0.0096  0.4490  1.0000  0.7899  0.48607
  0.7336E+02  1.2705  1.4445  0.0111  0.3980  1.0000  0.7904  0.47860
  0.5017E+02  1.0713  1.4507  0.0088  0.4694  1.0000  0.7897  0.48722
  0.4587E+02  1.0353  1.4521  0.0083  0.4490  1.0000  0.7895  0.48671
  0.5303E+02  1.0954  1.4499  0.0091  0.4490  1.0000  0.7898  0.48701
  0.4848E+02  1.0571  1.4513  0.0086  0.4490  1.0000  0.7896  0.48707
  0.5125E+02  1.0803  1.4504  0.0089  0.4592  1.0000  0.7897  0.48717
  0.4952E+02  1.0658  1.4509  0.0087  0.4490  1.0000  0.7896  0.48713
  0.5058E+02  1.0747  1.4506  0.0088  0.4694  1.0000  0.7897  0.48722
  0.5084E+02  1.0768  1.4505  0.0089  0.4694  1.0000  0.7897  0.48722
  0.5043E+02  1.0734  1.4507  0.0088  0.4694  1.0000  0.7897  0.48722
  0.5043E+02  1.0734  1.4507  0.0088  0.4694  1.0000  0.7897  0.48722



             ####            Final results            ####

 Parameter    DISCRP    OSCILL    STABIL    SYSDEV    POSITV    VALCEN
 Weight        1.000     3.000     3.000     4.000     1.000     1.000
 Sigma         0.500     0.600     0.120     0.200     0.120     0.120
 Ideal         1.000     1.100     0.000     1.000     1.000     0.950
 Current       1.073     1.451     0.009     0.469     1.000     0.790
                - - - - - - - - - - - - - - - - - - - - - - - - - 
 Estimate      0.979     0.711     0.995     0.001     1.000     0.168

  Angular   range    :     from    0.0137   to    0.2520
  Real space range   :     from      0.00   to    159.50

  Highest ALPHA (theor) :   0.168E+07                 JOB = 0
  Current ALPHA         :   0.504E+02   Rg :  0.479E+02   I(0) :   0.327E+02

           Total  estimate : 0.487  which is  A SUSPICIOUS  solution

      S          J EXP       ERROR       J REG       I REG

  0.0000E+00                                      0.3267E+02
  0.6219E-03                                      0.3266E+02
  0.1244E-02                                      0.3263E+02
  0.1866E-02                                      0.3258E+02
  0.2488E-02                                      0.3251E+02
  0.3110E-02                                      0.3242E+02
  0.3731E-02                                      0.3232E+02
  0.4353E-02                                      0.3219E+02
  0.4975E-02                                      0.3205E+02
  0.5597E-02                                      0.3189E+02
  0.6219E-02                                      0.3171E+02
  0.6841E-02                                      0.3151E+02
  0.7463E-02                                      0.3130E+02
  0.8085E-02                                      0.3107E+02
  0.8707E-02                                      0.3082E+02
  0.9329E-02                                      0.3056E+02
  0.9951E-02                                      0.3028E+02
  0.1057E-01                                      0.2999E+02
  0.1119E-01                                      0.2968E+02
  0.1182E-01                                      0.2936E+02
  0.1244E-01                                      0.2903E+02
  0.1306E-01                                      0.2869E+02
  0.1368E-01  0.2902E+02  0.5798E+00  0.2833E+02  0.2833E+02
  0.1429E-01  0.2896E+02  0.5681E+00  0.2798E+02  0.2798E+02
  0.1490E-01  0.2841E+02  0.5220E+00  0.2761E+02  0.2761E+02
  0.1551E-01  0.2783E+02  0.4797E+00  0.2724E+02  0.2724E+02
  0.1611E-01  0.2771E+02  0.3619E+00  0.2685E+02  0.2685E+02
  0.1672E-01  0.2722E+02  0.3390E+00  0.2646E+02  0.2646E+02
  0.1733E-01  0.2662E+02  0.8968E+00  0.2606E+02  0.2606E+02
  0.1794E-01  0.2611E+02  0.3625E+00  0.2566E+02  0.2566E+02
  0.1855E-01  0.2548E+02  0.3438E+00  0.2525E+02  0.2525E+02
  0.1915E-01  0.2588E+02  0.3321E+00  0.2484E+02  0.2484E+02
  0.1976E-01  0.2497E+02  0.2637E+00  0.2442E+02  0.2442E+02
  0.2037E-01  0.2471E+02  0.1780E+00  0.2400E+02  0.2400E+02
  0.2098E-01  0.2425E+02  0.1812E+00  0.2357E+02  0.2357E+02
  0.2159E-01  0.2360E+02  0.1471E+00  0.2315E+02  0.2315E+02
  0.2219E-01  0.2304E+02  0.1565E+00  0.2272E+02  0.2272E+02
  0.2280E-01  0.2261E+02  0.1391E+00  0.2229E+02  0.2229E+02
  0.2341E-01  0.2218E+02  0.1563E+00  0.2186E+02  0.2186E+02
  0.2402E-01  0.2150E+02  0.1404E+00  0.2144E+02  0.2144E+02
  0.2463E-01  0.2104E+02  0.1358E+00  0.2101E+02  0.2101E+02
  0.2524E-01  0.2036E+02  0.1292E+00  0.2059E+02  0.2059E+02
  0.2584E-01  0.1988E+02  0.1481E+00  0.2016E+02  0.2016E+02
  0.2645E-01  0.1949E+02  0.1289E+00  0.1974E+02  0.1974E+02
  0.2706E-01  0.1904E+02  0.1184E+00  0.1932E+02  0.1932E+02
  0.2767E-01  0.1852E+02  0.1951E+00  0.1891E+02  0.1891E+02
  0.2828E-01  0.1822E+02  0.9633E-01  0.1850E+02  0.1850E+02
  0.2888E-01  0.1787E+02  0.9575E-01  0.1809E+02  0.1809E+02
  0.2949E-01  0.1758E+02  0.8609E-01  0.1769E+02  0.1769E+02
  0.3010E-01  0.1728E+02  0.9596E-01  0.1730E+02  0.1730E+02
  0.3071E-01  0.1683E+02  0.8605E-01  0.1691E+02  0.1691E+02
  0.3132E-01  0.1652E+02  0.7455E-01  0.1652E+02  0.1652E+02
  0.3192E-01  0.1613E+02  0.6818E-01  0.1614E+02  0.1614E+02
  0.3253E-01  0.1594E+02  0.6550E-01  0.1577E+02  0.1577E+02
  0.3314E-01  0.1556E+02  0.6436E-01  0.1541E+02  0.1541E+02
  0.3375E-01  0.1517E+02  0.6737E-01  0.1505E+02  0.1505E+02
  0.3436E-01  0.1487E+02  0.6019E-01  0.1470E+02  0.1470E+02
  0.3497E-01  0.1456E+02  0.6522E-01  0.1436E+02  0.1436E+02
  0.3557E-01  0.1407E+02  0.6477E-01  0.1402E+02  0.1402E+02
  0.3618E-01  0.1370E+02  0.6608E-01  0.1369E+02  0.1369E+02
  0.3679E-01  0.1338E+02  0.7050E-01  0.1337E+02  0.1337E+02
  0.3740E-01  0.1315E+02  0.5899E-01  0.1306E+02  0.1306E+02
  0.3801E-01  0.1271E+02  0.5935E-01  0.1275E+02  0.1275E+02
  0.3861E-01  0.1245E+02  0.5881E-01  0.1245E+02  0.1245E+02
  0.3922E-01  0.1219E+02  0.6276E-01  0.1216E+02  0.1216E+02
  0.3983E-01  0.1191E+02  0.5985E-01  0.1188E+02  0.1188E+02
  0.4044E-01  0.1160E+02  0.6068E-01  0.1160E+02  0.1160E+02
  0.4105E-01  0.1131E+02  0.7218E-01  0.1134E+02  0.1134E+02
  0.4165E-01  0.1101E+02  0.1218E+00  0.1108E+02  0.1108E+02
  0.4226E-01  0.1081E+02  0.8038E-01  0.1082E+02  0.1082E+02
  0.4287E-01  0.1064E+02  0.1069E+00  0.1058E+02  0.1058E+02
  0.4348E-01  0.1038E+02  0.6377E-01  0.1034E+02  0.1034E+02
  0.4409E-01  0.1019E+02  0.5060E-01  0.1011E+02  0.1011E+02
  0.4469E-01  0.1001E+02  0.5267E-01  0.9886E+01  0.9886E+01
  0.4530E-01  0.9848E+01  0.4780E-01  0.9669E+01  0.9669E+01
  0.4591E-01  0.9572E+01  0.5061E-01  0.9459E+01  0.9459E+01
  0.4652E-01  0.9356E+01  0.5385E-01  0.9256E+01  0.9256E+01
  0.4713E-01  0.9161E+01  0.5210E-01  0.9059E+01  0.9059E+01
  0.4773E-01  0.8946E+01  0.5576E-01  0.8868E+01  0.8868E+01
  0.4834E-01  0.8761E+01  0.6241E-01  0.8683E+01  0.8683E+01
  0.4895E-01  0.8614E+01  0.6139E-01  0.8503E+01  0.8503E+01
  0.4956E-01  0.8440E+01  0.4938E-01  0.8329E+01  0.8329E+01
  0.5017E-01  0.8268E+01  0.4284E-01  0.8161E+01  0.8161E+01
  0.5078E-01  0.8139E+01  0.4344E-01  0.7998E+01  0.7998E+01
  0.5138E-01  0.7950E+01  0.4551E-01  0.7840E+01  0.7840E+01
  0.5199E-01  0.7829E+01  0.4688E-01  0.7687E+01  0.7687E+01
  0.5260E-01  0.7591E+01  0.4266E-01  0.7538E+01  0.7538E+01
  0.5321E-01  0.7428E+01  0.4260E-01  0.7394E+01  0.7394E+01
  0.5382E-01  0.7297E+01  0.4239E-01  0.7254E+01  0.7254E+01
  0.5442E-01  0.7191E+01  0.4166E-01  0.7119E+01  0.7119E+01
  0.5503E-01  0.7002E+01  0.4171E-01  0.6987E+01  0.6987E+01
  0.5564E-01  0.6926E+01  0.4096E-01  0.6858E+01  0.6858E+01
  0.5625E-01  0.6690E+01  0.4256E-01  0.6734E+01  0.6734E+01
  0.5686E-01  0.6597E+01  0.4188E-01  0.6612E+01  0.6612E+01
  0.5746E-01  0.6440E+01  0.4255E-01  0.6494E+01  0.6494E+01
  0.5807E-01  0.6358E+01  0.4084E-01  0.6379E+01  0.6379E+01
  0.5868E-01  0.6241E+01  0.4160E-01  0.6266E+01  0.6266E+01
  0.5929E-01  0.6138E+01  0.3845E-01  0.6157E+01  0.6157E+01
  0.5990E-01  0.6026E+01  0.4054E-01  0.6050E+01  0.6050E+01
  0.6050E-01  0.5938E+01  0.3724E-01  0.5945E+01  0.5945E+01
  0.6111E-01  0.5783E+01  0.3958E-01  0.5843E+01  0.5843E+01
  0.6172E-01  0.5736E+01  0.3969E-01  0.5743E+01  0.5743E+01
  0.6233E-01  0.5642E+01  0.3902E-01  0.5646E+01  0.5646E+01
  0.6294E-01  0.5552E+01  0.3596E-01  0.5550E+01  0.5550E+01
  0.6354E-01  0.5469E+01  0.3897E-01  0.5456E+01  0.5456E+01
  0.6415E-01  0.5324E+01  0.3987E-01  0.5364E+01  0.5364E+01
  0.6476E-01  0.5214E+01  0.3951E-01  0.5274E+01  0.5274E+01
  0.6537E-01  0.5089E+01  0.3832E-01  0.5186E+01  0.5186E+01
  0.6598E-01  0.5117E+01  0.3798E-01  0.5099E+01  0.5099E+01
  0.6659E-01  0.5133E+01  0.3669E-01  0.5013E+01  0.5013E+01
  0.6719E-01  0.4974E+01  0.3898E-01  0.4929E+01  0.4929E+01
  0.6780E-01  0.4873E+01  0.3892E-01  0.4847E+01  0.4847E+01
  0.6841E-01  0.4809E+01  0.3370E-01  0.4766E+01  0.4766E+01
  0.6902E-01  0.4720E+01  0.3280E-01  0.4686E+01  0.4686E+01
  0.6963E-01  0.4612E+01  0.3524E-01  0.4608E+01  0.4608E+01
  0.7023E-01  0.4497E+01  0.3710E-01  0.4531E+01  0.4531E+01
  0.7084E-01  0.4434E+01  0.3540E-01  0.4455E+01  0.4455E+01
  0.7145E-01  0.4371E+01  0.3384E-01  0.4381E+01  0.4381E+01
  0.7206E-01  0.4261E+01  0.3404E-01  0.4307E+01  0.4307E+01
  0.7267E-01  0.4156E+01  0.3470E-01  0.4235E+01  0.4235E+01
  0.7327E-01  0.4088E+01  0.3583E-01  0.4164E+01  0.4164E+01
  0.7388E-01  0.4059E+01  0.3473E-01  0.4094E+01  0.4094E+01
  0.7449E-01  0.4067E+01  0.3265E-01  0.4025E+01  0.4025E+01
  0.7510E-01  0.4026E+01  0.3439E-01  0.3958E+01  0.3958E+01
  0.7571E-01  0.3940E+01  0.3408E-01  0.3891E+01  0.3891E+01
  0.7631E-01  0.3866E+01  0.3546E-01  0.3826E+01  0.3826E+01
  0.7692E-01  0.3750E+01  0.4538E-01  0.3762E+01  0.3762E+01
  0.7753E-01  0.3751E+01  0.4560E-01  0.3699E+01  0.3699E+01
  0.7814E-01  0.3685E+01  0.3497E-01  0.3637E+01  0.3637E+01
  0.7875E-01  0.3632E+01  0.3551E-01  0.3576E+01  0.3576E+01
  0.7935E-01  0.3622E+01  0.3186E-01  0.3516E+01  0.3516E+01
  0.7996E-01  0.3561E+01  0.3174E-01  0.3457E+01  0.3457E+01
  0.8057E-01  0.3446E+01  0.3112E-01  0.3399E+01  0.3399E+01
  0.8118E-01  0.3395E+01  0.2970E-01  0.3342E+01  0.3342E+01
  0.8179E-01  0.3370E+01  0.3054E-01  0.3287E+01  0.3287E+01
  0.8239E-01  0.3282E+01  0.3020E-01  0.3232E+01  0.3232E+01
  0.8300E-01  0.3242E+01  0.2978E-01  0.3178E+01  0.3178E+01
  0.8361E-01  0.3136E+01  0.3014E-01  0.3126E+01  0.3126E+01
  0.8422E-01  0.3110E+01  0.3160E-01  0.3074E+01  0.3074E+01
  0.8483E-01  0.3067E+01  0.3093E-01  0.3023E+01  0.3023E+01
  0.8544E-01  0.3054E+01  0.3058E-01  0.2974E+01  0.2974E+01
  0.8604E-01  0.3037E+01  0.2961E-01  0.2925E+01  0.2925E+01
  0.8665E-01  0.2916E+01  0.2999E-01  0.2877E+01  0.2877E+01
  0.8726E-01  0.2825E+01  0.3019E-01  0.2830E+01  0.2830E+01
  0.8787E-01  0.2838E+01  0.3017E-01  0.2785E+01  0.2785E+01
  0.8847E-01  0.2752E+01  0.2879E-01  0.2740E+01  0.2740E+01
  0.8908E-01  0.2734E+01  0.2911E-01  0.2695E+01  0.2695E+01
  0.8969E-01  0.2709E+01  0.2843E-01  0.2652E+01  0.2652E+01
  0.9030E-01  0.2651E+01  0.2832E-01  0.2610E+01  0.2610E+01
  0.9091E-01  0.2583E+01  0.3005E-01  0.2568E+01  0.2568E+01
  0.9151E-01  0.2520E+01  0.2906E-01  0.2527E+01  0.2527E+01
  0.9212E-01  0.2471E+01  0.2967E-01  0.2487E+01  0.2487E+01
  0.9273E-01  0.2445E+01  0.2990E-01  0.2448E+01  0.2448E+01
  0.9334E-01  0.2424E+01  0.2935E-01  0.2409E+01  0.2409E+01
  0.9395E-01  0.2393E+01  0.2927E-01  0.2371E+01  0.2371E+01
  0.9456E-01  0.2400E+01  0.2973E-01  0.2334E+01  0.2334E+01
  0.9516E-01  0.2333E+01  0.2764E-01  0.2297E+01  0.2297E+01
  0.9577E-01  0.2254E+01  0.2752E-01  0.2261E+01  0.2261E+01
  0.9638E-01  0.2194E+01  0.2925E-01  0.2226E+01  0.2226E+01
  0.9699E-01  0.2189E+01  0.2892E-01  0.2191E+01  0.2191E+01
  0.9760E-01  0.2174E+01  0.2779E-01  0.2157E+01  0.2157E+01
  0.9820E-01  0.2109E+01  0.2823E-01  0.2124E+01  0.2124E+01
  0.9881E-01  0.2063E+01  0.2672E-01  0.2091E+01  0.2091E+01
  0.9942E-01  0.2036E+01  0.2580E-01  0.2058E+01  0.2058E+01
  0.1000E+00  0.2027E+01  0.2671E-01  0.2026E+01  0.2026E+01
  0.1006E+00  0.1981E+01  0.2664E-01  0.1995E+01  0.1995E+01
  0.1012E+00  0.1939E+01  0.2630E-01  0.1964E+01  0.1964E+01
  0.1019E+00  0.1894E+01  0.2515E-01  0.1933E+01  0.1933E+01
  0.1025E+00  0.1893E+01  0.2605E-01  0.1903E+01  0.1903E+01
  0.1031E+00  0.1882E+01  0.2629E-01  0.1873E+01  0.1873E+01
  0.1037E+00  0.1889E+01  0.2800E-01  0.1844E+01  0.1844E+01
  0.1043E+00  0.1815E+01  0.2523E-01  0.1815E+01  0.1815E+01
  0.1049E+00  0.1779E+01  0.2505E-01  0.1787E+01  0.1787E+01
  0.1055E+00  0.1731E+01  0.2602E-01  0.1759E+01  0.1759E+01
  0.1061E+00  0.1689E+01  0.2691E-01  0.1731E+01  0.1731E+01
  0.1067E+00  0.1686E+01  0.2587E-01  0.1704E+01  0.1704E+01
  0.1073E+00  0.1693E+01  0.2617E-01  0.1677E+01  0.1677E+01
  0.1079E+00  0.1708E+01  0.2580E-01  0.1651E+01  0.1651E+01
  0.1085E+00  0.1655E+01  0.2635E-01  0.1624E+01  0.1624E+01
  0.1091E+00  0.1628E+01  0.2667E-01  0.1599E+01  0.1599E+01
  0.1098E+00  0.1553E+01  0.2697E-01  0.1573E+01  0.1573E+01
  0.1104E+00  0.1554E+01  0.2474E-01  0.1548E+01  0.1548E+01
  0.1110E+00  0.1527E+01  0.2545E-01  0.1524E+01  0.1524E+01
  0.1116E+00  0.1516E+01  0.2559E-01  0.1499E+01  0.1499E+01
  0.1122E+00  0.1473E+01  0.2437E-01  0.1475E+01  0.1475E+01
  0.1128E+00  0.1441E+01  0.2412E-01  0.1452E+01  0.1452E+01
  0.1134E+00  0.1426E+01  0.2371E-01  0.1428E+01  0.1428E+01
  0.1140E+00  0.1409E+01  0.2372E-01  0.1405E+01  0.1405E+01
  0.1146E+00  0.1370E+01  0.2477E-01  0.1383E+01  0.1383E+01
  0.1152E+00  0.1343E+01  0.2359E-01  0.1361E+01  0.1361E+01
  0.1158E+00  0.1326E+01  0.2396E-01  0.1339E+01  0.1339E+01
  0.1164E+00  0.1337E+01  0.2506E-01  0.1317E+01  0.1317E+01
  0.1171E+00  0.1311E+01  0.2515E-01  0.1296E+01  0.1296E+01
  0.1177E+00  0.1262E+01  0.2446E-01  0.1276E+01  0.1276E+01
  0.1183E+00  0.1266E+01  0.2486E-01  0.1255E+01  0.1255E+01
  0.1189E+00  0.1259E+01  0.2413E-01  0.1235E+01  0.1235E+01
  0.1195E+00  0.1237E+01  0.2369E-01  0.1216E+01  0.1216E+01
  0.1201E+00  0.1210E+01  0.2322E-01  0.1196E+01  0.1196E+01
  0.1207E+00  0.1193E+01  0.2305E-01  0.1177E+01  0.1177E+01
  0.1213E+00  0.1179E+01  0.2324E-01  0.1159E+01  0.1159E+01
  0.1219E+00  0.1175E+01  0.2474E-01  0.1141E+01  0.1141E+01
  0.1225E+00  0.1127E+01  0.2374E-01  0.1123E+01  0.1123E+01
  0.1231E+00  0.1106E+01  0.2405E-01  0.1106E+01  0.1106E+01
  0.1237E+00  0.1082E+01  0.2340E-01  0.1088E+01  0.1088E+01
  0.1244E+00  0.1083E+01  0.2429E-01  0.1072E+01  0.1072E+01
  0.1250E+00  0.1078E+01  0.2347E-01  0.1055E+01  0.1055E+01
  0.1256E+00  0.1062E+01  0.2344E-01  0.1039E+01  0.1039E+01
  0.1262E+00  0.1052E+01  0.2386E-01  0.1024E+01  0.1024E+01
  0.1268E+00  0.1005E+01  0.2304E-01  0.1008E+01  0.1008E+01
  0.1274E+00  0.9934E+00  0.2347E-01  0.9932E+00  0.9932E+00
  0.1280E+00  0.9590E+00  0.2361E-01  0.9785E+00  0.9785E+00
  0.1286E+00  0.9382E+00  0.2349E-01  0.9641E+00  0.9641E+00
  0.1292E+00  0.9588E+00  0.2369E-01  0.9500E+00  0.9500E+00
  0.1298E+00  0.9173E+00  0.2429E-01  0.9362E+00  0.9362E+00
  0.1304E+00  0.9327E+00  0.2355E-01  0.9228E+00  0.9228E+00
  0.1310E+00  0.8797E+00  0.2354E-01  0.9096E+00  0.9096E+00
  0.1316E+00  0.8533E+00  0.2300E-01  0.8967E+00  0.8967E+00
  0.1323E+00  0.8465E+00  0.2357E-01  0.8841E+00  0.8841E+00
  0.1329E+00  0.8442E+00  0.2280E-01  0.8717E+00  0.8717E+00
  0.1335E+00  0.8229E+00  0.2274E-01  0.8596E+00  0.8596E+00
  0.1341E+00  0.8025E+00  0.2249E-01  0.8478E+00  0.8478E+00
  0.1347E+00  0.7577E+00  0.2278E-01  0.8362E+00  0.8362E+00
  0.1353E+00  0.8124E+00  0.2279E-01  0.8249E+00  0.8249E+00
  0.1359E+00  0.7919E+00  0.2239E-01  0.8138E+00  0.8138E+00
  0.1365E+00  0.7809E+00  0.2296E-01  0.8029E+00  0.8029E+00
  0.1371E+00  0.7880E+00  0.2224E-01  0.7922E+00  0.7922E+00
  0.1377E+00  0.7532E+00  0.2244E-01  0.7817E+00  0.7817E+00
  0.1383E+00  0.7771E+00  0.2204E-01  0.7715E+00  0.7715E+00
  0.1389E+00  0.7459E+00  0.2194E-01  0.7614E+00  0.7614E+00
  0.1396E+00  0.7282E+00  0.2270E-01  0.7515E+00  0.7515E+00
  0.1402E+00  0.7631E+00  0.2303E-01  0.7418E+00  0.7418E+00
  0.1408E+00  0.7195E+00  0.2242E-01  0.7323E+00  0.7323E+00
  0.1414E+00  0.6889E+00  0.2223E-01  0.7230E+00  0.7230E+00
  0.1420E+00  0.6794E+00  0.2317E-01  0.7138E+00  0.7138E+00
  0.1426E+00  0.6907E+00  0.2254E-01  0.7048E+00  0.7048E+00
  0.1432E+00  0.6698E+00  0.2178E-01  0.6959E+00  0.6959E+00
  0.1438E+00  0.6307E+00  0.2288E-01  0.6872E+00  0.6872E+00
  0.1444E+00  0.6515E+00  0.2259E-01  0.6787E+00  0.6787E+00
  0.1450E+00  0.6196E+00  0.2258E-01  0.6702E+00  0.6702E+00
  0.1456E+00  0.6538E+00  0.2153E-01  0.6620E+00  0.6620E+00
  0.1462E+00  0.6456E+00  0.2149E-01  0.6539E+00  0.6539E+00
  0.1468E+00  0.6399E+00  0.2177E-01  0.6459E+00  0.6459E+00
  0.1475E+00  0.6192E+00  0.2194E-01  0.6380E+00  0.6380E+00
  0.1481E+00  0.5833E+00  0.2151E-01  0.6303E+00  0.6303E+00
  0.1487E+00  0.5796E+00  0.2148E-01  0.6227E+00  0.6227E+00
  0.1493E+00  0.5467E+00  0.2275E-01  0.6153E+00  0.6153E+00
  0.1499E+00  0.5575E+00  0.2212E-01  0.6080E+00  0.6080E+00
  0.1505E+00  0.5497E+00  0.2218E-01  0.6008E+00  0.6008E+00
  0.1511E+00  0.5941E+00  0.2220E-01  0.5938E+00  0.5938E+00
  0.1517E+00  0.6050E+00  0.2166E-01  0.5868E+00  0.5868E+00
  0.1523E+00  0.5839E+00  0.2063E-01  0.5801E+00  0.5801E+00
  0.1529E+00  0.5768E+00  0.2151E-01  0.5734E+00  0.5734E+00
  0.1535E+00  0.5353E+00  0.2118E-01  0.5669E+00  0.5669E+00
  0.1541E+00  0.5337E+00  0.2142E-01  0.5605E+00  0.5605E+00
  0.1548E+00  0.5320E+00  0.2114E-01  0.5543E+00  0.5543E+00
  0.1554E+00  0.5090E+00  0.2108E-01  0.5481E+00  0.5481E+00
  0.1560E+00  0.5014E+00  0.2075E-01  0.5421E+00  0.5421E+00
  0.1566E+00  0.4804E+00  0.2056E-01  0.5363E+00  0.5363E+00
  0.1572E+00  0.4971E+00  0.2067E-01  0.5306E+00  0.5306E+00
  0.1578E+00  0.4807E+00  0.2009E-01  0.5250E+00  0.5250E+00
  0.1584E+00  0.5002E+00  0.1758E-01  0.5195E+00  0.5195E+00
  0.1590E+00  0.5002E+00  0.1819E-01  0.5142E+00  0.5142E+00
  0.1596E+00  0.5109E+00  0.1767E-01  0.5091E+00  0.5091E+00
  0.1602E+00  0.5039E+00  0.1735E-01  0.5040E+00  0.5040E+00
  0.1608E+00  0.5044E+00  0.1715E-01  0.4991E+00  0.4991E+00
  0.1614E+00  0.4900E+00  0.1783E-01  0.4943E+00  0.4943E+00
  0.1620E+00  0.4868E+00  0.1734E-01  0.4896E+00  0.4896E+00
  0.1627E+00  0.4625E+00  0.1755E-01  0.4851E+00  0.4851E+00
  0.1633E+00  0.4653E+00  0.1764E-01  0.4807E+00  0.4807E+00
  0.1639E+00  0.4601E+00  0.1781E-01  0.4764E+00  0.4764E+00
  0.1645E+00  0.4863E+00  0.1824E-01  0.4723E+00  0.4723E+00
  0.1651E+00  0.4549E+00  0.1758E-01  0.4683E+00  0.4683E+00
  0.1657E+00  0.4507E+00  0.1774E-01  0.4643E+00  0.4643E+00
  0.1663E+00  0.4368E+00  0.1770E-01  0.4605E+00  0.4605E+00
  0.1669E+00  0.4497E+00  0.1707E-01  0.4568E+00  0.4568E+00
  0.1675E+00  0.4319E+00  0.1719E-01  0.4533E+00  0.4533E+00
  0.1681E+00  0.4457E+00  0.1718E-01  0.4498E+00  0.4498E+00
  0.1687E+00  0.4210E+00  0.1849E-01  0.4464E+00  0.4464E+00
  0.1693E+00  0.4248E+00  0.1772E-01  0.4431E+00  0.4431E+00
  0.1700E+00  0.3793E+00  0.1793E-01  0.4399E+00  0.4399E+00
  0.1706E+00  0.3913E+00  0.1762E-01  0.4368E+00  0.4368E+00
  0.1712E+00  0.3967E+00  0.1736E-01  0.4338E+00  0.4338E+00
  0.1718E+00  0.4120E+00  0.1772E-01  0.4309E+00  0.4309E+00
  0.1724E+00  0.4325E+00  0.1759E-01  0.4281E+00  0.4281E+00
  0.1730E+00  0.4150E+00  0.1754E-01  0.4253E+00  0.4253E+00
  0.1736E+00  0.4089E+00  0.1744E-01  0.4226E+00  0.4226E+00
  0.1742E+00  0.4219E+00  0.1718E-01  0.4199E+00  0.4199E+00
  0.1748E+00  0.4086E+00  0.1779E-01  0.4174E+00  0.4174E+00
  0.1754E+00  0.3905E+00  0.1688E-01  0.4148E+00  0.4148E+00
  0.1760E+00  0.3729E+00  0.1739E-01  0.4124E+00  0.4124E+00
  0.1766E+00  0.3817E+00  0.1762E-01  0.4099E+00  0.4099E+00
  0.1773E+00  0.3747E+00  0.1780E-01  0.4076E+00  0.4076E+00
  0.1779E+00  0.3863E+00  0.1745E-01  0.4052E+00  0.4052E+00
  0.1785E+00  0.4015E+00  0.1713E-01  0.4029E+00  0.4029E+00
  0.1791E+00  0.3859E+00  0.1690E-01  0.4007E+00  0.4007E+00
  0.1797E+00  0.4178E+00  0.1686E-01  0.3984E+00  0.3984E+00
  0.1803E+00  0.3928E+00  0.1722E-01  0.3962E+00  0.3962E+00
  0.1809E+00  0.4015E+00  0.1717E-01  0.3940E+00  0.3940E+00
  0.1815E+00  0.3933E+00  0.1745E-01  0.3919E+00  0.3919E+00
  0.1821E+00  0.3815E+00  0.1719E-01  0.3898E+00  0.3898E+00
  0.1827E+00  0.3719E+00  0.1758E-01  0.3876E+00  0.3876E+00
  0.1833E+00  0.3603E+00  0.1658E-01  0.3856E+00  0.3856E+00
  0.1839E+00  0.3402E+00  0.1689E-01  0.3835E+00  0.3835E+00
  0.1845E+00  0.3836E+00  0.1652E-01  0.3814E+00  0.3814E+00
  0.1852E+00  0.4081E+00  0.1739E-01  0.3794E+00  0.3794E+00
  0.1858E+00  0.4000E+00  0.1771E-01  0.3773E+00  0.3773E+00
  0.1864E+00  0.4036E+00  0.2121E-01  0.3753E+00  0.3753E+00
  0.1870E+00  0.3930E+00  0.1732E-01  0.3733E+00  0.3733E+00
  0.1876E+00  0.3863E+00  0.1644E-01  0.3713E+00  0.3713E+00
  0.1882E+00  0.3756E+00  0.1690E-01  0.3693E+00  0.3693E+00
  0.1888E+00  0.3602E+00  0.1942E-01  0.3673E+00  0.3673E+00
  0.1894E+00  0.3463E+00  0.1827E-01  0.3654E+00  0.3654E+00
  0.1900E+00  0.3651E+00  0.2133E-01  0.3634E+00  0.3634E+00
  0.1906E+00  0.3401E+00  0.1751E-01  0.3615E+00  0.3615E+00
  0.1912E+00  0.3597E+00  0.1617E-01  0.3596E+00  0.3596E+00
  0.1918E+00  0.3150E+00  0.1663E-01  0.3577E+00  0.3577E+00
  0.1925E+00  0.3244E+00  0.1657E-01  0.3558E+00  0.3558E+00
  0.1931E+00  0.3132E+00  0.1683E-01  0.3540E+00  0.3540E+00
  0.1937E+00  0.3201E+00  0.1593E-01  0.3521E+00  0.3521E+00
  0.1943E+00  0.3199E+00  0.1615E-01  0.3503E+00  0.3503E+00
  0.1949E+00  0.3126E+00  0.1646E-01  0.3485E+00  0.3485E+00
  0.1955E+00  0.3130E+00  0.1585E-01  0.3467E+00  0.3467E+00
  0.1961E+00  0.3409E+00  0.1624E-01  0.3450E+00  0.3450E+00
  0.1967E+00  0.3571E+00  0.1586E-01  0.3433E+00  0.3433E+00
  0.1973E+00  0.3356E+00  0.1593E-01  0.3416E+00  0.3416E+00
  0.1979E+00  0.3514E+00  0.1609E-01  0.3399E+00  0.3399E+00
  0.1985E+00  0.3255E+00  0.1639E-01  0.3383E+00  0.3383E+00
  0.1991E+00  0.3260E+00  0.1586E-01  0.3367E+00  0.3367E+00
  0.1997E+00  0.3427E+00  0.1630E-01  0.3352E+00  0.3352E+00
  0.2004E+00  0.3471E+00  0.1605E-01  0.3336E+00  0.3336E+00
  0.2010E+00  0.3254E+00  0.1558E-01  0.3321E+00  0.3321E+00
  0.2016E+00  0.3297E+00  0.1585E-01  0.3307E+00  0.3307E+00
  0.2022E+00  0.3166E+00  0.1612E-01  0.3293E+00  0.3293E+00
  0.2028E+00  0.3216E+00  0.1564E-01  0.3279E+00  0.3279E+00
  0.2034E+00  0.3178E+00  0.1535E-01  0.3265E+00  0.3265E+00
  0.2040E+00  0.2934E+00  0.1615E-01  0.3252E+00  0.3252E+00
  0.2046E+00  0.2969E+00  0.1796E-01  0.3239E+00  0.3239E+00
  0.2052E+00  0.3160E+00  0.2142E-01  0.3227E+00  0.3227E+00
  0.2058E+00  0.3162E+00  0.1821E-01  0.3214E+00  0.3214E+00
  0.2064E+00  0.3123E+00  0.2373E-01  0.3203E+00  0.3203E+00
  0.2070E+00  0.3071E+00  0.1703E-01  0.3191E+00  0.3191E+00
  0.2077E+00  0.3065E+00  0.1526E-01  0.3180E+00  0.3180E+00
  0.2083E+00  0.3376E+00  0.1533E-01  0.3169E+00  0.3169E+00
  0.2089E+00  0.3226E+00  0.1590E-01  0.3159E+00  0.3159E+00
  0.2095E+00  0.3205E+00  0.1822E-01  0.3149E+00  0.3149E+00
  0.2101E+00  0.3310E+00  0.2637E-01  0.3139E+00  0.3139E+00
  0.2107E+00  0.3092E+00  0.2090E-01  0.3129E+00  0.3129E+00
  0.2113E+00  0.3143E+00  0.2196E-01  0.3120E+00  0.3120E+00
  0.2119E+00  0.2997E+00  0.1783E-01  0.3110E+00  0.3110E+00
  0.2125E+00  0.2979E+00  0.1614E-01  0.3101E+00  0.3101E+00
  0.2131E+00  0.3048E+00  0.1565E-01  0.3092E+00  0.3092E+00
  0.2137E+00  0.3313E+00  0.1528E-01  0.3084E+00  0.3084E+00
  0.2143E+00  0.3277E+00  0.1536E-01  0.3075E+00  0.3075E+00
  0.2149E+00  0.3193E+00  0.1551E-01  0.3067E+00  0.3067E+00
  0.2156E+00  0.3217E+00  0.1614E-01  0.3058E+00  0.3058E+00
  0.2162E+00  0.3055E+00  0.1570E-01  0.3050E+00  0.3050E+00
  0.2168E+00  0.2847E+00  0.1531E-01  0.3042E+00  0.3042E+00
  0.2174E+00  0.2836E+00  0.1529E-01  0.3034E+00  0.3034E+00
  0.2180E+00  0.2640E+00  0.1524E-01  0.3026E+00  0.3026E+00
  0.2186E+00  0.2815E+00  0.1490E-01  0.3017E+00  0.3017E+00
  0.2192E+00  0.2922E+00  0.1512E-01  0.3009E+00  0.3009E+00
  0.2198E+00  0.3078E+00  0.1526E-01  0.3001E+00  0.3001E+00
  0.2204E+00  0.2996E+00  0.1499E-01  0.2993E+00  0.2993E+00
  0.2210E+00  0.3021E+00  0.1506E-01  0.2985E+00  0.2985E+00
  0.2216E+00  0.2980E+00  0.1502E-01  0.2977E+00  0.2977E+00
  0.2222E+00  0.2825E+00  0.1452E-01  0.2968E+00  0.2968E+00
  0.2228E+00  0.2889E+00  0.1476E-01  0.2960E+00  0.2960E+00
  0.2235E+00  0.2799E+00  0.1490E-01  0.2951E+00  0.2951E+00
  0.2241E+00  0.3093E+00  0.1486E-01  0.2942E+00  0.2942E+00
  0.2247E+00  0.2804E+00  0.1494E-01  0.2934E+00  0.2934E+00
  0.2253E+00  0.3076E+00  0.1490E-01  0.2925E+00  0.2925E+00
  0.2259E+00  0.3397E+00  0.1472E-01  0.2916E+00  0.2916E+00
  0.2265E+00  0.3136E+00  0.1540E-01  0.2907E+00  0.2907E+00
  0.2271E+00  0.3133E+00  0.1483E-01  0.2897E+00  0.2897E+00
  0.2277E+00  0.2813E+00  0.1439E-01  0.2888E+00  0.2888E+00
  0.2283E+00  0.2870E+00  0.1479E-01  0.2878E+00  0.2878E+00
  0.2289E+00  0.2845E+00  0.1496E-01  0.2869E+00  0.2869E+00
  0.2295E+00  0.2819E+00  0.1486E-01  0.2859E+00  0.2859E+00
  0.2301E+00  0.2833E+00  0.1423E-01  0.2849E+00  0.2849E+00
  0.2308E+00  0.2855E+00  0.1431E-01  0.2839E+00  0.2839E+00
  0.2314E+00  0.2803E+00  0.1443E-01  0.2828E+00  0.2828E+00
  0.2320E+00  0.2785E+00  0.1410E-01  0.2818E+00  0.2818E+00
  0.2326E+00  0.2779E+00  0.1520E-01  0.2808E+00  0.2808E+00
  0.2332E+00  0.3046E+00  0.1466E-01  0.2797E+00  0.2797E+00
  0.2338E+00  0.3065E+00  0.1475E-01  0.2786E+00  0.2786E+00
  0.2344E+00  0.3380E+00  0.1447E-01  0.2776E+00  0.2776E+00
  0.2350E+00  0.2853E+00  0.1434E-01  0.2765E+00  0.2765E+00
  0.2356E+00  0.2936E+00  0.1413E-01  0.2754E+00  0.2754E+00
  0.2362E+00  0.2890E+00  0.1497E-01  0.2743E+00  0.2743E+00
  0.2368E+00  0.2809E+00  0.1401E-01  0.2732E+00  0.2732E+00
  0.2374E+00  0.2895E+00  0.1385E-01  0.2721E+00  0.2721E+00
  0.2380E+00  0.2925E+00  0.1461E-01  0.2710E+00  0.2710E+00
  0.2387E+00  0.2899E+00  0.1417E-01  0.2699E+00  0.2699E+00
  0.2393E+00  0.2827E+00  0.1442E-01  0.2688E+00  0.2688E+00
  0.2399E+00  0.2930E+00  0.1474E-01  0.2676E+00  0.2676E+00
  0.2405E+00  0.2881E+00  0.1435E-01  0.2665E+00  0.2665E+00
  0.2411E+00  0.2699E+00  0.1439E-01  0.2654E+00  0.2654E+00
  0.2417E+00  0.2762E+00  0.1458E-01  0.2643E+00  0.2643E+00
  0.2423E+00  0.2660E+00  0.1390E-01  0.2632E+00  0.2632E+00
  0.2429E+00  0.2827E+00  0.1411E-01  0.2621E+00  0.2621E+00
  0.2435E+00  0.2959E+00  0.1545E-01  0.2610E+00  0.2610E+00
  0.2441E+00  0.2678E+00  0.1412E-01  0.2599E+00  0.2599E+00
  0.2447E+00  0.2659E+00  0.1476E-01  0.2588E+00  0.2588E+00
  0.2453E+00  0.2864E+00  0.1423E-01  0.2577E+00  0.2577E+00
  0.2460E+00  0.2945E+00  0.1385E-01  0.2566E+00  0.2566E+00
  0.2466E+00  0.2936E+00  0.1383E-01  0.2555E+00  0.2555E+00
  0.2472E+00  0.2872E+00  0.1436E-01  0.2544E+00  0.2544E+00
  0.2478E+00  0.2756E+00  0.1382E-01  0.2533E+00  0.2533E+00
  0.2484E+00  0.2586E+00  0.1427E-01  0.2522E+00  0.2522E+00
  0.2490E+00  0.2783E+00  0.1405E-01  0.2512E+00  0.2512E+00
  0.2496E+00  0.2530E+00  0.1371E-01  0.2501E+00  0.2501E+00
  0.2502E+00  0.2613E+00  0.1367E-01  0.2490E+00  0.2490E+00
  0.2508E+00  0.2653E+00  0.1369E-01  0.2480E+00  0.2480E+00
  0.2514E+00  0.2860E+00  0.1380E-01  0.2469E+00  0.2469E+00
  0.2520E+00  0.2739E+00  0.1315E-01  0.2458E+00  0.2458E+00

           Distance distribution  function of particle  


       R          P(R)      ERROR

  0.0000E+00  0.0000E+00  0.0000E+00
  0.1595E+01  0.2004E-02  0.8847E-05
  0.3190E+01  0.3992E-02  0.1309E-04
  0.4785E+01  0.5972E-02  0.1353E-04
  0.6380E+01  0.7956E-02  0.1158E-04
  0.7975E+01  0.9957E-02  0.9731E-05
  0.9570E+01  0.1198E-01  0.1102E-04
  0.1116E+02  0.1405E-01  0.1490E-04
  0.1276E+02  0.1614E-01  0.1892E-04
  0.1436E+02  0.1826E-01  0.2180E-04
  0.1595E+02  0.2037E-01  0.2321E-04
  0.1754E+02  0.2246E-01  0.2350E-04
  0.1914E+02  0.2448E-01  0.2356E-04
  0.2073E+02  0.2639E-01  0.2445E-04
  0.2233E+02  0.2814E-01  0.2668E-04
  0.2393E+02  0.2969E-01  0.2990E-04
  0.2552E+02  0.3099E-01  0.3331E-04
  0.2711E+02  0.3203E-01  0.3623E-04
  0.2871E+02  0.3279E-01  0.3835E-04
  0.3030E+02  0.3325E-01  0.3977E-04
  0.3190E+02  0.3344E-01  0.4088E-04
  0.3349E+02  0.3338E-01  0.4211E-04
  0.3509E+02  0.3311E-01  0.4370E-04
  0.3669E+02  0.3266E-01  0.4552E-04
  0.3828E+02  0.3210E-01  0.4719E-04
  0.3988E+02  0.3146E-01  0.4827E-04
  0.4147E+02  0.3079E-01  0.4853E-04
  0.4306E+02  0.3013E-01  0.4802E-04
  0.4466E+02  0.2951E-01  0.4713E-04
  0.4626E+02  0.2894E-01  0.4646E-04
  0.4785E+02  0.2844E-01  0.4658E-04
  0.4945E+02  0.2800E-01  0.4768E-04
  0.5104E+02  0.2762E-01  0.4956E-04
  0.5263E+02  0.2727E-01  0.5170E-04
  0.5423E+02  0.2695E-01  0.5359E-04
  0.5582E+02  0.2664E-01  0.5491E-04
  0.5742E+02  0.2631E-01  0.5563E-04
  0.5902E+02  0.2597E-01  0.5594E-04
  0.6061E+02  0.2560E-01  0.5619E-04
  0.6220E+02  0.2521E-01  0.5669E-04
  0.6380E+02  0.2479E-01  0.5764E-04
  0.6539E+02  0.2436E-01  0.5910E-04
  0.6699E+02  0.2391E-01  0.6102E-04
  0.6858E+02  0.2345E-01  0.6332E-04
  0.7018E+02  0.2300E-01  0.6598E-04
  0.7178E+02  0.2255E-01  0.6899E-04
  0.7337E+02  0.2211E-01  0.7237E-04
  0.7497E+02  0.2167E-01  0.7603E-04
  0.7656E+02  0.2123E-01  0.7983E-04
  0.7816E+02  0.2079E-01  0.8356E-04
  0.7975E+02  0.2033E-01  0.8702E-04
  0.8134E+02  0.1986E-01  0.9004E-04
  0.8294E+02  0.1937E-01  0.9253E-04
  0.8453E+02  0.1885E-01  0.9448E-04
  0.8613E+02  0.1831E-01  0.9592E-04
  0.8772E+02  0.1776E-01  0.9692E-04
  0.8932E+02  0.1719E-01  0.9754E-04
  0.9091E+02  0.1661E-01  0.9788E-04
  0.9251E+02  0.1604E-01  0.9802E-04
  0.9411E+02  0.1548E-01  0.9808E-04
  0.9570E+02  0.1493E-01  0.9819E-04
  0.9730E+02  0.1440E-01  0.9845E-04
  0.9889E+02  0.1390E-01  0.9891E-04
  0.1005E+03  0.1341E-01  0.9954E-04
  0.1021E+03  0.1294E-01  0.1002E-03
  0.1037E+03  0.1249E-01  0.1009E-03
  0.1053E+03  0.1204E-01  0.1013E-03
  0.1069E+03  0.1159E-01  0.1015E-03
  0.1085E+03  0.1114E-01  0.1014E-03
  0.1101E+03  0.1069E-01  0.1011E-03
  0.1116E+03  0.1023E-01  0.1008E-03
  0.1132E+03  0.9756E-02  0.1004E-03
  0.1148E+03  0.9282E-02  0.9986E-04
  0.1164E+03  0.8806E-02  0.9922E-04
  0.1180E+03  0.8334E-02  0.9832E-04
  0.1196E+03  0.7871E-02  0.9707E-04
  0.1212E+03  0.7420E-02  0.9546E-04
  0.1228E+03  0.6987E-02  0.9359E-04
  0.1244E+03  0.6573E-02  0.9169E-04
  0.1260E+03  0.6179E-02  0.9000E-04
  0.1276E+03  0.5805E-02  0.8880E-04
  0.1292E+03  0.5450E-02  0.8826E-04
  0.1308E+03  0.5111E-02  0.8842E-04
  0.1324E+03  0.4785E-02  0.8918E-04
  0.1340E+03  0.4469E-02  0.9036E-04
  0.1356E+03  0.4161E-02  0.9170E-04
  0.1372E+03  0.3860E-02  0.9298E-04
  0.1388E+03  0.3564E-02  0.9398E-04
  0.1404E+03  0.3273E-02  0.9450E-04
  0.1420E+03  0.2987E-02  0.9436E-04
  0.1436E+03  0.2708E-02  0.9339E-04
  0.1451E+03  0.2435E-02  0.9137E-04
  0.1467E+03  0.2169E-02  0.8810E-04
  0.1483E+03  0.1909E-02  0.8336E-04
  0.1499E+03  0.1652E-02  0.7698E-04
  0.1515E+03  0.1397E-02  0.6880E-04
  0.1531E+03  0.1140E-02  0.5873E-04
  0.1547E+03  0.8756E-03  0.4675E-04
  0.1563E+03  0.6005E-03  0.3290E-04
  0.1579E+03  0.3100E-03  0.1727E-04
  0.1595E+03  0.0000E+00  0.0000E+00
          Reciprocal space: Rg =   47.86     , I(0) =   0.3266E+02
     Real space: Rg =   48.15 +- 0.105  I(0) =   0.3267E+02 +-  0.8547E-01
