
           ####    G N O M   ---   Version 4.5a revised 09/02/02     ####

                                                  Tue May 25 17:30:01 2010
           ===    Run No   1   ===
 Run title:   Merge of: p3_A6_3.mccd p3_A6_2.mccd p3_A7_2.mccd p3_A10_2.mcc p4


  Number of points omitted at the beginning:           3
  Number of points omitted at the end:         250
   *******   Working Directory :
   *******    Input file(s) : 24163_merged_high.dat
           Condition P(rmin) = 0 is used. 
           Condition P(rmax) = 0 is used. 

 Warning: Dmax*Smin =  3.195   is greater than Pi !


          Experimental conditions for the first run
          -----------------------------------------

          Highest ALPHA is found to be   0.6313E+04

  The measure of inconsistency AN1 equals to    0.7840E+00
     Alpha    Discrp  Oscill  Stabil  Sysdev  Positv  Valcen    Total   
  0.6313E+07172.0728  2.0389  0.9829  0.0000  1.0000  0.6740  0.00001
  0.1263E+07167.5093  2.0318  0.9555  0.0000  1.0000  0.6745  0.00001
  0.2525E+06148.7039  1.9990  0.8435  0.0000  1.0000  0.6767  0.00001
  0.5051E+05102.3041  1.8823  0.5814  0.0328  1.0000  0.6853  0.00001
  0.1010E+05 52.8711  1.7064  0.3482  0.0082  1.0000  0.7048  0.00001
  0.2020E+04 19.1398  1.6196  0.1756  0.0082  1.0000  0.7329  0.00001
  0.4040E+03  5.1939  1.5493  0.0727  0.0574  1.0000  0.7625  0.00001
  0.8081E+02  1.4716  1.5192  0.0196  0.3525  1.0000  0.7761  0.46974
  0.1616E+02  0.9179  1.5144  0.0044  0.5082  1.0000  0.7793  0.51085
  0.3232E+01  0.8811  1.5137  0.0024  0.5246  1.0000  0.7800  0.47329
  0.6465E+00  0.8745  1.5165  0.0070  0.5246  1.0000  0.7801  0.41927
  0.1293E+00  0.8636  1.5555  0.0177  0.5246  1.0000  0.7799  0.10000
  0.2586E-01  0.8525  1.7215  0.0270  0.5574  1.0000  0.7803  0.10000
  0.5172E-02  0.8414  2.4714  0.1111  0.5246  0.9991  0.7847  0.10000
  0.1034E-02  0.8185  5.6178  0.2237  0.5410  0.9892  0.7851  0.10000
  0.2069E-03  0.8019  9.0426  0.1721  0.5902  0.9603  0.6889  0.10000
  0.4137E-04  0.7944 13.1266  0.5790  0.6066  0.9050  0.5689  0.10000
  0.8275E-05  0.7806 15.7094  0.6269  0.6230  0.8235  0.3303  0.10000
  0.1655E-05  0.7685 16.9107  0.3544  0.5738  0.7694  0.2943  0.10000
  0.3310E-06  0.7609 19.6904  0.9269  0.5902  0.7341  0.2765  0.10000
  0.6620E-07  0.7420 17.1371  0.7728  0.5410  0.7212  0.3057  0.10000
  0.1324E-07  0.7154 17.3821  0.4997  0.6230  0.7065  0.3137  0.10000
  0.2648E-08  0.6906 19.0961  0.7425  0.6066  0.7009  0.2664  0.10000
  0.5296E-09  0.6436 20.0609  0.7157  0.6393  0.7274  0.2897  0.10000
  0.1059E-09  0.5527 21.9493  0.5939  0.6230  0.7144  0.3529  0.10000
  0.2118E-10  0.4272 25.6694  0.3969  0.7541  0.6938  0.3656  0.10000
  0.4237E-11  0.2852 33.8623  0.3467  0.7705  0.6501  0.3478  0.10000
  0.8474E-12  0.1364 41.8001  0.2574  0.7869  0.6446  0.3199  0.10000
  0.1695E-12  0.0417 45.2099  0.1049  0.7705  0.6662  0.3018  0.10000
  0.3389E-13  0.0095 46.0705  0.0261  0.7705  0.6764  0.3306  0.10000
  0.6779E-14  0.0019 46.2503  0.0055  0.7705  0.6789  0.3373  0.10000

          ***  Golden section search to maximize estimate ***
     Alpha    Discrp  Oscill  Stabil  Sysdev  Positv  Valcen    Total   
  0.2989E+02  0.9937  1.5152  0.0077  0.5082  1.0000  0.7787  0.51408
  0.4370E+02  1.1001  1.5161  0.0110  0.4426  1.0000  0.7780  0.50894
  0.2363E+02  0.9548  1.5148  0.0062  0.4918  1.0000  0.7790  0.51371
  0.3455E+02  1.0267  1.5155  0.0088  0.5082  1.0000  0.7784  0.51325
  0.2732E+02  0.9769  1.5150  0.0071  0.4918  1.0000  0.7788  0.51403
  0.3159E+02  1.0053  1.5153  0.0081  0.5082  1.0000  0.7786  0.51387
  0.2888E+02  0.9870  1.5151  0.0075  0.5082  1.0000  0.7787  0.51416
  0.2828E+02  0.9830  1.5151  0.0073  0.4918  1.0000  0.7787  0.51402
  0.2926E+02  0.9895  1.5152  0.0076  0.5082  1.0000  0.7787  0.51413
  0.2865E+02  0.9854  1.5151  0.0074  0.5082  1.0000  0.7787  0.51417
  0.2850E+02  0.9845  1.5151  0.0074  0.5082  1.0000  0.7787  0.51417
  0.2842E+02  0.9839  1.5151  0.0074  0.5082  1.0000  0.7787  0.51418
  0.2842E+02  0.9839  1.5151  0.0074  0.5082  1.0000  0.7787  0.51418



             ####            Final results            ####

 Parameter    DISCRP    OSCILL    STABIL    SYSDEV    POSITV    VALCEN
 Weight        1.000     3.000     3.000     4.000     1.000     1.000
 Sigma         0.500     0.600     0.120     0.200     0.120     0.120
 Ideal         1.000     1.100     0.000     1.000     1.000     0.950
 Current       0.984     1.515     0.007     0.508     1.000     0.779
                - - - - - - - - - - - - - - - - - - - - - - - - - 
 Estimate      0.999     0.620     0.996     0.002     1.000     0.130

  Angular   range    :     from    0.0192   to    0.1675
  Real space range   :     from      0.00   to    166.80

  Highest ALPHA (theor) :   0.631E+07                 JOB = 0
  Current ALPHA         :   0.284E+02   Rg :  0.486E+02   I(0) :   0.647E+02

           Total  estimate : 0.514  which is  A REASONABLE  solution

      S          J EXP       ERROR       J REG       I REG

  0.0000E+00                                      0.6471E+02
  0.6841E-03                                      0.6469E+02
  0.1368E-02                                      0.6461E+02
  0.2052E-02                                      0.6449E+02
  0.2736E-02                                      0.6433E+02
  0.3421E-02                                      0.6411E+02
  0.4105E-02                                      0.6385E+02
  0.4789E-02                                      0.6354E+02
  0.5473E-02                                      0.6319E+02
  0.6157E-02                                      0.6279E+02
  0.6841E-02                                      0.6236E+02
  0.7525E-02                                      0.6187E+02
  0.8209E-02                                      0.6135E+02
  0.8893E-02                                      0.6079E+02
  0.9577E-02                                      0.6019E+02
  0.1026E-01                                      0.5956E+02
  0.1095E-01                                      0.5889E+02
  0.1163E-01                                      0.5819E+02
  0.1231E-01                                      0.5745E+02
  0.1300E-01                                      0.5669E+02
  0.1368E-01                                      0.5590E+02
  0.1437E-01                                      0.5509E+02
  0.1505E-01                                      0.5425E+02
  0.1573E-01                                      0.5339E+02
  0.1642E-01                                      0.5251E+02
  0.1710E-01                                      0.5161E+02
  0.1779E-01                                      0.5070E+02
  0.1847E-01                                      0.4977E+02
  0.1915E-01  0.5096E+02  0.8750E+00  0.4883E+02  0.4883E+02
  0.1976E-01  0.5063E+02  0.9318E+00  0.4799E+02  0.4799E+02
  0.2037E-01  0.4861E+02  0.7358E+00  0.4714E+02  0.4714E+02
  0.2098E-01  0.4684E+02  0.7819E+00  0.4629E+02  0.4629E+02
  0.2159E-01  0.4592E+02  0.5548E+00  0.4543E+02  0.4543E+02
  0.2219E-01  0.4560E+02  0.4252E+00  0.4457E+02  0.4457E+02
  0.2280E-01  0.4479E+02  0.3072E+00  0.4371E+02  0.4371E+02
  0.2341E-01  0.4374E+02  0.3214E+00  0.4285E+02  0.4285E+02
  0.2402E-01  0.4256E+02  0.2828E+00  0.4200E+02  0.4200E+02
  0.2463E-01  0.4190E+02  0.2878E+00  0.4114E+02  0.4114E+02
  0.2524E-01  0.4088E+02  0.2620E+00  0.4029E+02  0.4029E+02
  0.2584E-01  0.4006E+02  0.2903E+00  0.3944E+02  0.3944E+02
  0.2645E-01  0.3902E+02  0.2576E+00  0.3860E+02  0.3860E+02
  0.2706E-01  0.3816E+02  0.2545E+00  0.3776E+02  0.3776E+02
  0.2767E-01  0.3668E+02  0.2308E+00  0.3694E+02  0.3694E+02
  0.2828E-01  0.3616E+02  0.2192E+00  0.3612E+02  0.3612E+02
  0.2888E-01  0.3522E+02  0.2192E+00  0.3531E+02  0.3531E+02
  0.2949E-01  0.3430E+02  0.2346E+00  0.3451E+02  0.3451E+02
  0.3010E-01  0.3348E+02  0.2476E+00  0.3373E+02  0.3373E+02
  0.3071E-01  0.3276E+02  0.2345E+00  0.3295E+02  0.3295E+02
  0.3132E-01  0.3196E+02  0.2236E+00  0.3219E+02  0.3219E+02
  0.3192E-01  0.3127E+02  0.2048E+00  0.3144E+02  0.3144E+02
  0.3253E-01  0.3051E+02  0.1864E+00  0.3070E+02  0.3070E+02
  0.3314E-01  0.2998E+02  0.1871E+00  0.2997E+02  0.2997E+02
  0.3375E-01  0.2902E+02  0.2127E+00  0.2927E+02  0.2927E+02
  0.3436E-01  0.2818E+02  0.1979E+00  0.2857E+02  0.2857E+02
  0.3496E-01  0.2736E+02  0.1835E+00  0.2789E+02  0.2789E+02
  0.3557E-01  0.2705E+02  0.1917E+00  0.2722E+02  0.2722E+02
  0.3618E-01  0.2635E+02  0.1821E+00  0.2657E+02  0.2657E+02
  0.3679E-01  0.2607E+02  0.1716E+00  0.2594E+02  0.2594E+02
  0.3740E-01  0.2542E+02  0.1596E+00  0.2532E+02  0.2532E+02
  0.3800E-01  0.2467E+02  0.1502E+00  0.2472E+02  0.2472E+02
  0.3861E-01  0.2423E+02  0.1655E+00  0.2413E+02  0.2413E+02
  0.3922E-01  0.2382E+02  0.1596E+00  0.2356E+02  0.2356E+02
  0.3983E-01  0.2346E+02  0.1503E+00  0.2300E+02  0.2300E+02
  0.4044E-01  0.2274E+02  0.1569E+00  0.2246E+02  0.2246E+02
  0.4105E-01  0.2198E+02  0.1079E+00  0.2193E+02  0.2193E+02
  0.4165E-01  0.2171E+02  0.8233E-01  0.2142E+02  0.2142E+02
  0.4226E-01  0.2110E+02  0.8630E-01  0.2093E+02  0.2093E+02
  0.4287E-01  0.2051E+02  0.9122E-01  0.2045E+02  0.2045E+02
  0.4348E-01  0.1996E+02  0.8356E-01  0.1998E+02  0.1998E+02
  0.4409E-01  0.1959E+02  0.7554E-01  0.1953E+02  0.1953E+02
  0.4469E-01  0.1913E+02  0.7109E-01  0.1909E+02  0.1909E+02
  0.4530E-01  0.1877E+02  0.6689E-01  0.1866E+02  0.1866E+02
  0.4591E-01  0.1837E+02  0.6865E-01  0.1825E+02  0.1825E+02
  0.4652E-01  0.1805E+02  0.6751E-01  0.1785E+02  0.1785E+02
  0.4713E-01  0.1766E+02  0.7080E-01  0.1746E+02  0.1746E+02
  0.4773E-01  0.1722E+02  0.7127E-01  0.1709E+02  0.1709E+02
  0.4834E-01  0.1684E+02  0.7279E-01  0.1673E+02  0.1673E+02
  0.4895E-01  0.1639E+02  0.6933E-01  0.1637E+02  0.1637E+02
  0.4956E-01  0.1605E+02  0.7103E-01  0.1603E+02  0.1603E+02
  0.5017E-01  0.1580E+02  0.6272E-01  0.1570E+02  0.1570E+02
  0.5078E-01  0.1539E+02  0.6589E-01  0.1538E+02  0.1538E+02
  0.5138E-01  0.1511E+02  0.6398E-01  0.1507E+02  0.1507E+02
  0.5199E-01  0.1471E+02  0.6228E-01  0.1477E+02  0.1477E+02
  0.5260E-01  0.1447E+02  0.5942E-01  0.1448E+02  0.1448E+02
  0.5321E-01  0.1421E+02  0.6020E-01  0.1420E+02  0.1420E+02
  0.5382E-01  0.1398E+02  0.4980E-01  0.1392E+02  0.1392E+02
  0.5442E-01  0.1368E+02  0.5094E-01  0.1366E+02  0.1366E+02
  0.5503E-01  0.1343E+02  0.5117E-01  0.1340E+02  0.1340E+02
  0.5564E-01  0.1322E+02  0.4337E-01  0.1315E+02  0.1315E+02
  0.5625E-01  0.1297E+02  0.4737E-01  0.1290E+02  0.1290E+02
  0.5686E-01  0.1273E+02  0.4546E-01  0.1266E+02  0.1266E+02
  0.5746E-01  0.1244E+02  0.4071E-01  0.1243E+02  0.1243E+02
  0.5807E-01  0.1210E+02  0.4233E-01  0.1220E+02  0.1220E+02
  0.5868E-01  0.1195E+02  0.4305E-01  0.1198E+02  0.1198E+02
  0.5929E-01  0.1171E+02  0.4044E-01  0.1177E+02  0.1177E+02
  0.5990E-01  0.1152E+02  0.3894E-01  0.1156E+02  0.1156E+02
  0.6050E-01  0.1133E+02  0.3919E-01  0.1135E+02  0.1135E+02
  0.6111E-01  0.1110E+02  0.4021E-01  0.1115E+02  0.1115E+02
  0.6172E-01  0.1087E+02  0.3993E-01  0.1096E+02  0.1096E+02
  0.6233E-01  0.1075E+02  0.3946E-01  0.1077E+02  0.1077E+02
  0.6294E-01  0.1056E+02  0.3712E-01  0.1058E+02  0.1058E+02
  0.6354E-01  0.1040E+02  0.3893E-01  0.1040E+02  0.1040E+02
  0.6415E-01  0.1020E+02  0.3811E-01  0.1022E+02  0.1022E+02
  0.6476E-01  0.1003E+02  0.3964E-01  0.1004E+02  0.1004E+02
  0.6537E-01  0.9799E+01  0.3854E-01  0.9867E+01  0.9867E+01
  0.6598E-01  0.9673E+01  0.3670E-01  0.9698E+01  0.9698E+01
  0.6659E-01  0.9479E+01  0.3662E-01  0.9532E+01  0.9532E+01
  0.6719E-01  0.9393E+01  0.3654E-01  0.9368E+01  0.9368E+01
  0.6780E-01  0.9179E+01  0.3950E-01  0.9208E+01  0.9208E+01
  0.6841E-01  0.9029E+01  0.3722E-01  0.9051E+01  0.9051E+01
  0.6902E-01  0.8900E+01  0.3657E-01  0.8896E+01  0.8896E+01
  0.6962E-01  0.8745E+01  0.3727E-01  0.8744E+01  0.8744E+01
  0.7023E-01  0.8601E+01  0.3986E-01  0.8595E+01  0.8595E+01
  0.7084E-01  0.8481E+01  0.4052E-01  0.8448E+01  0.8448E+01
  0.7145E-01  0.8340E+01  0.3789E-01  0.8304E+01  0.8304E+01
  0.7206E-01  0.8250E+01  0.3584E-01  0.8162E+01  0.8162E+01
  0.7267E-01  0.8080E+01  0.3757E-01  0.8023E+01  0.8023E+01
  0.7327E-01  0.7974E+01  0.3405E-01  0.7886E+01  0.7886E+01
  0.7388E-01  0.7764E+01  0.3293E-01  0.7751E+01  0.7751E+01
  0.7449E-01  0.7632E+01  0.3389E-01  0.7618E+01  0.7618E+01
  0.7510E-01  0.7506E+01  0.3425E-01  0.7488E+01  0.7488E+01
  0.7571E-01  0.7419E+01  0.3412E-01  0.7360E+01  0.7360E+01
  0.7631E-01  0.7300E+01  0.3247E-01  0.7234E+01  0.7234E+01
  0.7692E-01  0.7170E+01  0.3281E-01  0.7111E+01  0.7111E+01
  0.7753E-01  0.7028E+01  0.3283E-01  0.6989E+01  0.6989E+01
  0.7814E-01  0.6921E+01  0.3462E-01  0.6870E+01  0.6870E+01
  0.7875E-01  0.6814E+01  0.3286E-01  0.6752E+01  0.6752E+01
  0.7935E-01  0.6659E+01  0.3203E-01  0.6637E+01  0.6637E+01
  0.7996E-01  0.6541E+01  0.3240E-01  0.6523E+01  0.6523E+01
  0.8057E-01  0.6368E+01  0.3110E-01  0.6412E+01  0.6412E+01
  0.8118E-01  0.6277E+01  0.2947E-01  0.6303E+01  0.6303E+01
  0.8179E-01  0.6180E+01  0.3134E-01  0.6195E+01  0.6195E+01
  0.8239E-01  0.6108E+01  0.2943E-01  0.6089E+01  0.6089E+01
  0.8300E-01  0.6034E+01  0.3068E-01  0.5986E+01  0.5986E+01
  0.8361E-01  0.5912E+01  0.3227E-01  0.5883E+01  0.5883E+01
  0.8422E-01  0.5807E+01  0.3037E-01  0.5783E+01  0.5783E+01
  0.8483E-01  0.5699E+01  0.2867E-01  0.5685E+01  0.5685E+01
  0.8544E-01  0.5611E+01  0.2908E-01  0.5588E+01  0.5588E+01
  0.8604E-01  0.5490E+01  0.2926E-01  0.5494E+01  0.5494E+01
  0.8665E-01  0.5399E+01  0.2828E-01  0.5400E+01  0.5400E+01
  0.8726E-01  0.5317E+01  0.2741E-01  0.5309E+01  0.5309E+01
  0.8787E-01  0.5223E+01  0.2688E-01  0.5219E+01  0.5219E+01
  0.8847E-01  0.5093E+01  0.2777E-01  0.5130E+01  0.5130E+01
  0.8908E-01  0.5054E+01  0.2807E-01  0.5044E+01  0.5044E+01
  0.8969E-01  0.4964E+01  0.2969E-01  0.4958E+01  0.4958E+01
  0.9030E-01  0.4895E+01  0.2871E-01  0.4874E+01  0.4874E+01
  0.9091E-01  0.4807E+01  0.3054E-01  0.4792E+01  0.4792E+01
  0.9151E-01  0.4714E+01  0.2854E-01  0.4711E+01  0.4711E+01
  0.9212E-01  0.4613E+01  0.2916E-01  0.4631E+01  0.4631E+01
  0.9273E-01  0.4549E+01  0.2782E-01  0.4553E+01  0.4553E+01
  0.9334E-01  0.4455E+01  0.2895E-01  0.4476E+01  0.4476E+01
  0.9395E-01  0.4386E+01  0.2853E-01  0.4400E+01  0.4400E+01
  0.9456E-01  0.4321E+01  0.2941E-01  0.4326E+01  0.4326E+01
  0.9516E-01  0.4271E+01  0.2818E-01  0.4252E+01  0.4252E+01
  0.9577E-01  0.4189E+01  0.2662E-01  0.4180E+01  0.4180E+01
  0.9638E-01  0.4113E+01  0.2613E-01  0.4109E+01  0.4109E+01
  0.9699E-01  0.4074E+01  0.2678E-01  0.4039E+01  0.4039E+01
  0.9760E-01  0.3958E+01  0.2782E-01  0.3971E+01  0.3971E+01
  0.9820E-01  0.3927E+01  0.2713E-01  0.3903E+01  0.3903E+01
  0.9881E-01  0.3872E+01  0.2817E-01  0.3836E+01  0.3836E+01
  0.9942E-01  0.3767E+01  0.2623E-01  0.3771E+01  0.3771E+01
  0.1000E+00  0.3706E+01  0.2674E-01  0.3706E+01  0.3706E+01
  0.1006E+00  0.3638E+01  0.2704E-01  0.3643E+01  0.3643E+01
  0.1012E+00  0.3565E+01  0.2462E-01  0.3580E+01  0.3580E+01
  0.1019E+00  0.3478E+01  0.2508E-01  0.3518E+01  0.3518E+01
  0.1025E+00  0.3433E+01  0.2554E-01  0.3458E+01  0.3458E+01
  0.1031E+00  0.3410E+01  0.2589E-01  0.3398E+01  0.3398E+01
  0.1037E+00  0.3347E+01  0.2780E-01  0.3339E+01  0.3339E+01
  0.1043E+00  0.3275E+01  0.2650E-01  0.3281E+01  0.3281E+01
  0.1049E+00  0.3210E+01  0.2470E-01  0.3224E+01  0.3224E+01
  0.1055E+00  0.3136E+01  0.2724E-01  0.3168E+01  0.3168E+01
  0.1061E+00  0.3111E+01  0.2565E-01  0.3113E+01  0.3113E+01
  0.1067E+00  0.3051E+01  0.2582E-01  0.3058E+01  0.3058E+01
  0.1073E+00  0.3022E+01  0.2508E-01  0.3005E+01  0.3005E+01
  0.1079E+00  0.2968E+01  0.2450E-01  0.2952E+01  0.2952E+01
  0.1085E+00  0.2911E+01  0.2461E-01  0.2900E+01  0.2900E+01
  0.1091E+00  0.2845E+01  0.2554E-01  0.2849E+01  0.2849E+01
  0.1098E+00  0.2787E+01  0.2568E-01  0.2799E+01  0.2799E+01
  0.1104E+00  0.2765E+01  0.2403E-01  0.2750E+01  0.2750E+01
  0.1110E+00  0.2734E+01  0.2434E-01  0.2701E+01  0.2701E+01
  0.1116E+00  0.2665E+01  0.2410E-01  0.2654E+01  0.2654E+01
  0.1122E+00  0.2614E+01  0.2455E-01  0.2607E+01  0.2607E+01
  0.1128E+00  0.2583E+01  0.2507E-01  0.2561E+01  0.2561E+01
  0.1134E+00  0.2534E+01  0.2676E-01  0.2516E+01  0.2516E+01
  0.1140E+00  0.2480E+01  0.1250E-01  0.2471E+01  0.2471E+01
  0.1146E+00  0.2441E+01  0.1296E-01  0.2428E+01  0.2428E+01
  0.1152E+00  0.2395E+01  0.1292E-01  0.2385E+01  0.2385E+01
  0.1158E+00  0.2351E+01  0.1221E-01  0.2343E+01  0.2343E+01
  0.1164E+00  0.2310E+01  0.1239E-01  0.2302E+01  0.2302E+01
  0.1171E+00  0.2262E+01  0.1217E-01  0.2262E+01  0.2262E+01
  0.1177E+00  0.2209E+01  0.1232E-01  0.2222E+01  0.2222E+01
  0.1183E+00  0.2171E+01  0.1302E-01  0.2183E+01  0.2183E+01
  0.1189E+00  0.2133E+01  0.1208E-01  0.2145E+01  0.2145E+01
  0.1195E+00  0.2094E+01  0.1232E-01  0.2108E+01  0.2108E+01
  0.1201E+00  0.2060E+01  0.1246E-01  0.2071E+01  0.2071E+01
  0.1207E+00  0.2014E+01  0.1272E-01  0.2035E+01  0.2035E+01
  0.1213E+00  0.1984E+01  0.1229E-01  0.2000E+01  0.2000E+01
  0.1219E+00  0.1964E+01  0.1220E-01  0.1966E+01  0.1966E+01
  0.1225E+00  0.1923E+01  0.1175E-01  0.1932E+01  0.1932E+01
  0.1231E+00  0.1895E+01  0.1164E-01  0.1899E+01  0.1899E+01
  0.1237E+00  0.1895E+01  0.1250E-01  0.1866E+01  0.1866E+01
  0.1244E+00  0.1863E+01  0.1270E-01  0.1834E+01  0.1834E+01
  0.1250E+00  0.1831E+01  0.1250E-01  0.1803E+01  0.1803E+01
  0.1256E+00  0.1808E+01  0.1216E-01  0.1773E+01  0.1773E+01
  0.1262E+00  0.1769E+01  0.1204E-01  0.1743E+01  0.1743E+01
  0.1268E+00  0.1752E+01  0.1147E-01  0.1713E+01  0.1713E+01
  0.1274E+00  0.1675E+01  0.1226E-01  0.1684E+01  0.1684E+01
  0.1280E+00  0.1642E+01  0.1164E-01  0.1656E+01  0.1656E+01
  0.1286E+00  0.1611E+01  0.1197E-01  0.1629E+01  0.1629E+01
  0.1292E+00  0.1591E+01  0.1204E-01  0.1602E+01  0.1602E+01
  0.1298E+00  0.1562E+01  0.1170E-01  0.1575E+01  0.1575E+01
  0.1304E+00  0.1536E+01  0.1202E-01  0.1549E+01  0.1549E+01
  0.1310E+00  0.1501E+01  0.1206E-01  0.1523E+01  0.1523E+01
  0.1316E+00  0.1469E+01  0.1180E-01  0.1498E+01  0.1498E+01
  0.1323E+00  0.1455E+01  0.1239E-01  0.1474E+01  0.1474E+01
  0.1329E+00  0.1440E+01  0.1178E-01  0.1449E+01  0.1449E+01
  0.1335E+00  0.1424E+01  0.1157E-01  0.1426E+01  0.1426E+01
  0.1341E+00  0.1395E+01  0.1142E-01  0.1403E+01  0.1403E+01
  0.1347E+00  0.1372E+01  0.1149E-01  0.1380E+01  0.1380E+01
  0.1353E+00  0.1359E+01  0.1129E-01  0.1357E+01  0.1357E+01
  0.1359E+00  0.1331E+01  0.1152E-01  0.1335E+01  0.1335E+01
  0.1365E+00  0.1315E+01  0.1172E-01  0.1314E+01  0.1314E+01
  0.1371E+00  0.1288E+01  0.1160E-01  0.1293E+01  0.1293E+01
  0.1377E+00  0.1259E+01  0.1169E-01  0.1272E+01  0.1272E+01
  0.1383E+00  0.1238E+01  0.1116E-01  0.1252E+01  0.1252E+01
  0.1389E+00  0.1237E+01  0.1106E-01  0.1232E+01  0.1232E+01
  0.1396E+00  0.1222E+01  0.1124E-01  0.1212E+01  0.1212E+01
  0.1402E+00  0.1211E+01  0.1174E-01  0.1193E+01  0.1193E+01
  0.1408E+00  0.1172E+01  0.1139E-01  0.1174E+01  0.1174E+01
  0.1414E+00  0.1157E+01  0.1180E-01  0.1156E+01  0.1156E+01
  0.1420E+00  0.1133E+01  0.1182E-01  0.1138E+01  0.1138E+01
  0.1426E+00  0.1093E+01  0.1119E-01  0.1120E+01  0.1120E+01
  0.1432E+00  0.1085E+01  0.1106E-01  0.1102E+01  0.1102E+01
  0.1438E+00  0.1074E+01  0.1117E-01  0.1086E+01  0.1086E+01
  0.1444E+00  0.1078E+01  0.1111E-01  0.1069E+01  0.1069E+01
  0.1450E+00  0.1051E+01  0.1124E-01  0.1053E+01  0.1053E+01
  0.1456E+00  0.1037E+01  0.1126E-01  0.1037E+01  0.1037E+01
  0.1462E+00  0.1051E+01  0.1115E-01  0.1021E+01  0.1021E+01
  0.1468E+00  0.1016E+01  0.1120E-01  0.1006E+01  0.1006E+01
  0.1475E+00  0.9971E+00  0.1126E-01  0.9911E+00  0.9911E+00
  0.1481E+00  0.9865E+00  0.1064E-01  0.9766E+00  0.9766E+00
  0.1487E+00  0.9677E+00  0.1089E-01  0.9625E+00  0.9625E+00
  0.1493E+00  0.9465E+00  0.1102E-01  0.9487E+00  0.9487E+00
  0.1499E+00  0.9473E+00  0.1055E-01  0.9353E+00  0.9353E+00
  0.1505E+00  0.9405E+00  0.1054E-01  0.9222E+00  0.9222E+00
  0.1511E+00  0.9028E+00  0.1101E-01  0.9095E+00  0.9095E+00
  0.1517E+00  0.8709E+00  0.1097E-01  0.8971E+00  0.8971E+00
  0.1523E+00  0.8747E+00  0.1040E-01  0.8851E+00  0.8851E+00
  0.1529E+00  0.8587E+00  0.1043E-01  0.8734E+00  0.8734E+00
  0.1535E+00  0.8457E+00  0.1031E-01  0.8620E+00  0.8620E+00
  0.1541E+00  0.8370E+00  0.1009E-01  0.8509E+00  0.8509E+00
  0.1548E+00  0.8360E+00  0.1014E-01  0.8403E+00  0.8403E+00
  0.1554E+00  0.8188E+00  0.1007E-01  0.8299E+00  0.8299E+00
  0.1560E+00  0.8248E+00  0.1022E-01  0.8198E+00  0.8198E+00
  0.1566E+00  0.8047E+00  0.1056E-01  0.8101E+00  0.8101E+00
  0.1572E+00  0.7957E+00  0.1030E-01  0.8006E+00  0.8006E+00
  0.1578E+00  0.7872E+00  0.1049E-01  0.7915E+00  0.7915E+00
  0.1584E+00  0.7808E+00  0.1071E-01  0.7826E+00  0.7826E+00
  0.1590E+00  0.7814E+00  0.1038E-01  0.7741E+00  0.7741E+00
  0.1596E+00  0.7634E+00  0.1009E-01  0.7658E+00  0.7658E+00
  0.1602E+00  0.7603E+00  0.1012E-01  0.7577E+00  0.7577E+00
  0.1608E+00  0.7487E+00  0.9982E-02  0.7500E+00  0.7500E+00
  0.1614E+00  0.7326E+00  0.1026E-01  0.7425E+00  0.7425E+00
  0.1620E+00  0.7346E+00  0.1043E-01  0.7352E+00  0.7352E+00
  0.1627E+00  0.7390E+00  0.9908E-02  0.7282E+00  0.7282E+00
  0.1633E+00  0.7171E+00  0.9751E-02  0.7214E+00  0.7214E+00
  0.1639E+00  0.7133E+00  0.9867E-02  0.7148E+00  0.7148E+00
  0.1645E+00  0.6946E+00  0.9937E-02  0.7084E+00  0.7084E+00
  0.1651E+00  0.6892E+00  0.9714E-02  0.7022E+00  0.7022E+00
  0.1657E+00  0.6933E+00  0.9824E-02  0.6961E+00  0.6961E+00
  0.1663E+00  0.6750E+00  0.9815E-02  0.6903E+00  0.6903E+00
  0.1669E+00  0.6739E+00  0.9838E-02  0.6846E+00  0.6846E+00
  0.1675E+00  0.6863E+00  0.9891E-02  0.6791E+00  0.6791E+00

           Distance distribution  function of particle  


       R          P(R)      ERROR

  0.0000E+00  0.0000E+00  0.0000E+00
  0.1668E+01  0.2778E-02  0.1117E-04
  0.3336E+01  0.6034E-02  0.1786E-04
  0.5004E+01  0.9734E-02  0.2044E-04
  0.6672E+01  0.1383E-01  0.1953E-04
  0.8340E+01  0.1825E-01  0.1605E-04
  0.1001E+02  0.2291E-01  0.1166E-04
  0.1168E+02  0.2772E-01  0.1008E-04
  0.1334E+02  0.3257E-01  0.1428E-04
  0.1501E+02  0.3737E-01  0.2103E-04
  0.1668E+02  0.4202E-01  0.2777E-04
  0.1835E+02  0.4641E-01  0.3350E-04
  0.2002E+02  0.5046E-01  0.3778E-04
  0.2168E+02  0.5410E-01  0.4058E-04
  0.2335E+02  0.5727E-01  0.4217E-04
  0.2502E+02  0.5993E-01  0.4313E-04
  0.2669E+02  0.6206E-01  0.4423E-04
  0.2836E+02  0.6365E-01  0.4623E-04
  0.3002E+02  0.6472E-01  0.4956E-04
  0.3169E+02  0.6529E-01  0.5414E-04
  0.3336E+02  0.6540E-01  0.5954E-04
  0.3503E+02  0.6512E-01  0.6515E-04
  0.3670E+02  0.6449E-01  0.7045E-04
  0.3836E+02  0.6359E-01  0.7510E-04
  0.4003E+02  0.6249E-01  0.7898E-04
  0.4170E+02  0.6124E-01  0.8223E-04
  0.4337E+02  0.5992E-01  0.8512E-04
  0.4504E+02  0.5857E-01  0.8807E-04
  0.4670E+02  0.5725E-01  0.9146E-04
  0.4837E+02  0.5599E-01  0.9557E-04
  0.5004E+02  0.5482E-01  0.1005E-03
  0.5171E+02  0.5375E-01  0.1060E-03
  0.5338E+02  0.5279E-01  0.1119E-03
  0.5504E+02  0.5195E-01  0.1178E-03
  0.5671E+02  0.5120E-01  0.1236E-03
  0.5838E+02  0.5054E-01  0.1291E-03
  0.6005E+02  0.4993E-01  0.1342E-03
  0.6172E+02  0.4936E-01  0.1390E-03
  0.6338E+02  0.4881E-01  0.1436E-03
  0.6505E+02  0.4825E-01  0.1483E-03
  0.6672E+02  0.4765E-01  0.1532E-03
  0.6839E+02  0.4701E-01  0.1582E-03
  0.7006E+02  0.4631E-01  0.1632E-03
  0.7172E+02  0.4554E-01  0.1681E-03
  0.7339E+02  0.4469E-01  0.1727E-03
  0.7506E+02  0.4378E-01  0.1769E-03
  0.7673E+02  0.4279E-01  0.1805E-03
  0.7840E+02  0.4175E-01  0.1837E-03
  0.8006E+02  0.4066E-01  0.1864E-03
  0.8173E+02  0.3954E-01  0.1890E-03
  0.8340E+02  0.3840E-01  0.1917E-03
  0.8507E+02  0.3724E-01  0.1946E-03
  0.8674E+02  0.3609E-01  0.1979E-03
  0.8840E+02  0.3495E-01  0.2016E-03
  0.9007E+02  0.3382E-01  0.2055E-03
  0.9174E+02  0.3273E-01  0.2095E-03
  0.9341E+02  0.3165E-01  0.2133E-03
  0.9508E+02  0.3060E-01  0.2167E-03
  0.9674E+02  0.2957E-01  0.2196E-03
  0.9841E+02  0.2856E-01  0.2220E-03
  0.1001E+03  0.2757E-01  0.2238E-03
  0.1017E+03  0.2658E-01  0.2252E-03
  0.1034E+03  0.2559E-01  0.2263E-03
  0.1051E+03  0.2461E-01  0.2273E-03
  0.1068E+03  0.2362E-01  0.2283E-03
  0.1084E+03  0.2262E-01  0.2294E-03
  0.1101E+03  0.2162E-01  0.2305E-03
  0.1118E+03  0.2061E-01  0.2316E-03
  0.1134E+03  0.1960E-01  0.2326E-03
  0.1151E+03  0.1859E-01  0.2334E-03
  0.1168E+03  0.1759E-01  0.2339E-03
  0.1184E+03  0.1660E-01  0.2341E-03
  0.1201E+03  0.1562E-01  0.2338E-03
  0.1218E+03  0.1467E-01  0.2332E-03
  0.1234E+03  0.1375E-01  0.2322E-03
  0.1251E+03  0.1286E-01  0.2308E-03
  0.1268E+03  0.1201E-01  0.2289E-03
  0.1284E+03  0.1120E-01  0.2267E-03
  0.1301E+03  0.1043E-01  0.2240E-03
  0.1318E+03  0.9702E-02  0.2209E-03
  0.1334E+03  0.9013E-02  0.2176E-03
  0.1351E+03  0.8363E-02  0.2140E-03
  0.1368E+03  0.7749E-02  0.2103E-03
  0.1384E+03  0.7169E-02  0.2065E-03
  0.1401E+03  0.6619E-02  0.2026E-03
  0.1418E+03  0.6097E-02  0.1985E-03
  0.1434E+03  0.5600E-02  0.1942E-03
  0.1451E+03  0.5126E-02  0.1895E-03
  0.1468E+03  0.4673E-02  0.1843E-03
  0.1485E+03  0.4239E-02  0.1785E-03
  0.1501E+03  0.3823E-02  0.1722E-03
  0.1518E+03  0.3423E-02  0.1654E-03
  0.1535E+03  0.3037E-02  0.1579E-03
  0.1551E+03  0.2663E-02  0.1497E-03
  0.1568E+03  0.2297E-02  0.1404E-03
  0.1585E+03  0.1937E-02  0.1291E-03
  0.1601E+03  0.1577E-02  0.1148E-03
  0.1618E+03  0.1210E-02  0.9619E-04
  0.1635E+03  0.8309E-03  0.7181E-04
  0.1651E+03  0.4304E-03  0.4018E-04
  0.1668E+03  0.0000E+00  0.0000E+00
          Reciprocal space: Rg =   48.58     , I(0) =   0.6470E+02
     Real space: Rg =   48.85 +- 0.139  I(0) =   0.6471E+02 +-  0.2426E+00
