
           ####    G N O M   ---   Version 4.5a revised 09/02/02     ####

                                                  Mon Jan 18 16:28:48 2010
           ===    Run No   1   ===
 Run title:  0.000489754 0 0


  Number of points omitted at the beginning:          29

          To optimize the performance, some input data points 
           have been joined. New number of points equals to 270

   *******   Working Directory :
   *******    Input file(s) :
           Condition P(rmin) = 0 is used. 
           Condition P(rmax) = 0 is used. 

 Warning: Dmax*Smin =  3.247   is greater than Pi !


          Experimental conditions for the first run
          -----------------------------------------

          Highest ALPHA is found to be   0.1304E+02

  The measure of inconsistency AN1 equals to    0.1353E+01

          Warning: using the chosen range in the real space 
             it is not possible to fit the data set within the
             given error band. 
     Alpha    Discrp  Oscill  Stabil  Sysdev  Positv  Valcen    Total   
  0.1304E+05 25.9498  1.2478  0.8692  0.0149  1.0000  0.8468  0.32582
  0.2608E+04 17.8362  1.2239  0.5969  0.0297  1.0000  0.8545  0.33155
  0.5217E+03  8.3443  1.1679  0.2763  0.1487  1.0000  0.8758  0.35459
  0.1043E+03  4.1949  1.1505  0.1017  0.1933  1.0000  0.9019  0.47599
  0.2087E+02  2.5852  1.2880  0.0460  0.3569  1.0000  0.9167  0.60058
  0.4173E+01  1.5921  1.5971  0.0385  0.6691  1.0000  0.9157  0.69936
  0.8347E+00  1.1420  1.9563  0.0339  0.9517  1.0000  0.9069  0.74106
  0.1669E+00  0.9922  2.3545  0.0444  0.9219  1.0000  0.9004  0.69994
  0.3339E-01  0.9336  2.9206  0.0472  0.9814  1.0000  0.8951  0.70908
  0.6677E-02  0.9178  3.4658  0.0346  0.9814  1.0000  0.8900  0.72355
  0.1335E-02  0.9134  4.1954  0.0782  0.9814  0.9997  0.8857  0.66533
  0.2671E-03  0.9101  6.1461  0.1233  0.9517  0.9967  0.8714  0.59332
  0.5342E-04  0.9074 10.4604  0.3411  0.9517  0.9829  0.8135  0.49109
  0.1068E-04  0.9044 15.9188  0.3073  0.9665  0.9296  0.6093  0.00000

          ***  Golden section search to maximize estimate ***
     Alpha    Discrp  Oscill  Stabil  Sysdev  Positv  Valcen    Total   
  0.1543E+01  1.2592  1.8202  0.0341  0.9071  1.0000  0.9103  0.75395
  0.2257E+01  1.3620  1.7352  0.0355  0.8625  1.0000  0.9125  0.76087
  0.2854E+01  1.4400  1.6824  0.0367  0.7881  1.0000  0.9138  0.74269
  0.1952E+01  1.3195  1.7678  0.0349  0.8625  1.0000  0.9117  0.75246
  0.2469E+01  1.3904  1.7151  0.0360  0.8327  1.0000  0.9130  0.75450
  0.2135E+01  1.3453  1.7477  0.0353  0.8625  1.0000  0.9122  0.75760
  0.2335E+01  1.3727  1.7275  0.0357  0.8625  1.0000  0.9127  0.76292
  0.2385E+01  1.3794  1.7228  0.0358  0.8476  1.0000  0.9128  0.75854
  0.2305E+01  1.3686  1.7305  0.0356  0.8625  1.0000  0.9126  0.76213
  0.2354E+01  1.3752  1.7257  0.0357  0.8625  1.0000  0.9128  0.76341
  0.2366E+01  1.3768  1.7246  0.0358  0.8625  1.0000  0.9128  0.76371
  0.2374E+01  1.3778  1.7239  0.0358  0.8476  1.0000  0.9128  0.75824
  0.2362E+01  1.3762  1.7250  0.0357  0.8625  1.0000  0.9128  0.76360
  0.2369E+01  1.3772  1.7243  0.0358  0.8476  1.0000  0.9128  0.75812
  0.2365E+01  1.3766  1.7248  0.0358  0.8625  1.0000  0.9128  0.76367
  0.2366E+01  1.3768  1.7246  0.0358  0.8625  1.0000  0.9128  0.76371



             ####            Final results            ####

 Parameter    DISCRP    OSCILL    STABIL    SYSDEV    POSITV    VALCEN
 Weight        1.000     3.000     3.000     5.000     1.000     1.000
 Sigma         0.300     0.600     0.120     0.500     0.120     0.120
 Ideal         0.700     1.200     0.000     1.000     1.000     0.950
 Current       1.377     1.725     0.036     0.862     1.000     0.913
                - - - - - - - - - - - - - - - - - - - - - - - - - 
 Estimate      0.006     0.466     0.915     0.927     1.000     0.908

  Angular   range    :     from    0.0372   to    0.4919
  Real space range   :     from      0.00   to     87.18

  Highest ALPHA (theor) :   0.130E+05                 JOB = 0
  Current ALPHA         :   0.237E+01   Rg :  0.294E+02   I(0) :   0.417E+02

           Total  estimate : 0.764  which is    A GOOD      solution

      S          J EXP       ERROR       J REG       I REG

  0.0000E+00                                      0.4171E+02
  0.1693E-02                                      0.4167E+02
  0.3386E-02                                      0.4157E+02
  0.5079E-02                                      0.4140E+02
  0.6773E-02                                      0.4116E+02
  0.8466E-02                                      0.4085E+02
  0.1016E-01                                      0.4048E+02
  0.1185E-01                                      0.4005E+02
  0.1355E-01                                      0.3956E+02
  0.1524E-01                                      0.3901E+02
  0.1693E-01                                      0.3840E+02
  0.1862E-01                                      0.3775E+02
  0.2032E-01                                      0.3704E+02
  0.2201E-01                                      0.3629E+02
  0.2370E-01                                      0.3550E+02
  0.2540E-01                                      0.3467E+02
  0.2709E-01                                      0.3381E+02
  0.2878E-01                                      0.3292E+02
  0.3048E-01                                      0.3200E+02
  0.3217E-01                                      0.3106E+02
  0.3386E-01                                      0.3011E+02
  0.3556E-01                                      0.2914E+02
  0.3725E-01  0.2904E+02  0.2645E+00  0.2816E+02  0.2816E+02
  0.3894E-01  0.2709E+02  0.2593E+00  0.2718E+02  0.2718E+02
  0.4063E-01  0.2662E+02  0.2487E+00  0.2619E+02  0.2619E+02
  0.4232E-01  0.2525E+02  0.2329E+00  0.2521E+02  0.2521E+02
  0.4401E-01  0.2447E+02  0.2257E+00  0.2424E+02  0.2424E+02
  0.4570E-01  0.2351E+02  0.2331E+00  0.2327E+02  0.2327E+02
  0.4739E-01  0.2234E+02  0.2199E+00  0.2232E+02  0.2232E+02
  0.4908E-01  0.2186E+02  0.2252E+00  0.2137E+02  0.2137E+02
  0.5077E-01  0.2043E+02  0.2173E+00  0.2045E+02  0.2045E+02
  0.5246E-01  0.1981E+02  0.2096E+00  0.1955E+02  0.1955E+02
  0.5415E-01  0.1839E+02  0.2002E+00  0.1866E+02  0.1866E+02
  0.5584E-01  0.1717E+02  0.1974E+00  0.1780E+02  0.1780E+02
  0.5753E-01  0.1688E+02  0.1880E+00  0.1697E+02  0.1697E+02
  0.5922E-01  0.1573E+02  0.1921E+00  0.1616E+02  0.1616E+02
  0.6091E-01  0.1519E+02  0.1930E+00  0.1538E+02  0.1538E+02
  0.6260E-01  0.1465E+02  0.1907E+00  0.1463E+02  0.1463E+02
  0.6429E-01  0.1388E+02  0.1855E+00  0.1391E+02  0.1391E+02
  0.6598E-01  0.1314E+02  0.1815E+00  0.1321E+02  0.1321E+02
  0.6767E-01  0.1232E+02  0.1738E+00  0.1255E+02  0.1255E+02
  0.6936E-01  0.1169E+02  0.1752E+00  0.1192E+02  0.1192E+02
  0.7105E-01  0.1118E+02  0.1821E+00  0.1131E+02  0.1131E+02
  0.7274E-01  0.1087E+02  0.1728E+00  0.1074E+02  0.1074E+02
  0.7443E-01  0.1032E+02  0.1722E+00  0.1019E+02  0.1019E+02
  0.7612E-01  0.9995E+01  0.1705E+00  0.9675E+01  0.9675E+01
  0.7781E-01  0.9183E+01  0.1628E+00  0.9185E+01  0.9185E+01
  0.7950E-01  0.8603E+01  0.1581E+00  0.8720E+01  0.8720E+01
  0.8119E-01  0.8564E+01  0.1594E+00  0.8282E+01  0.8282E+01
  0.8288E-01  0.8065E+01  0.1560E+00  0.7868E+01  0.7868E+01
  0.8457E-01  0.7841E+01  0.1557E+00  0.7477E+01  0.7477E+01
  0.8626E-01  0.7791E+01  0.1546E+00  0.7108E+01  0.7108E+01
  0.8795E-01  0.6654E+01  0.1543E+00  0.6760E+01  0.6760E+01
  0.8964E-01  0.6956E+01  0.1528E+00  0.6432E+01  0.6432E+01
  0.9133E-01  0.6651E+01  0.1497E+00  0.6123E+01  0.6123E+01
  0.9302E-01  0.5567E+01  0.1467E+00  0.5832E+01  0.5832E+01
  0.9471E-01  0.5341E+01  0.1423E+00  0.5557E+01  0.5557E+01
  0.9640E-01  0.5424E+01  0.1434E+00  0.5297E+01  0.5297E+01
  0.9809E-01  0.4899E+01  0.1416E+00  0.5051E+01  0.5051E+01
  0.9978E-01  0.4681E+01  0.1415E+00  0.4819E+01  0.4819E+01
  0.1015E+00  0.4357E+01  0.1419E+00  0.4599E+01  0.4599E+01
  0.1032E+00  0.4209E+01  0.1372E+00  0.4390E+01  0.4390E+01
  0.1049E+00  0.4457E+01  0.1358E+00  0.4192E+01  0.4192E+01
  0.1065E+00  0.3862E+01  0.1336E+00  0.4004E+01  0.4004E+01
  0.1082E+00  0.3833E+01  0.1313E+00  0.3825E+01  0.3825E+01
  0.1099E+00  0.3585E+01  0.1310E+00  0.3655E+01  0.3655E+01
  0.1116E+00  0.3326E+01  0.1301E+00  0.3493E+01  0.3493E+01
  0.1133E+00  0.3217E+01  0.1294E+00  0.3339E+01  0.3339E+01
  0.1150E+00  0.3220E+01  0.1292E+00  0.3191E+01  0.3191E+01
  0.1167E+00  0.3215E+01  0.1303E+00  0.3051E+01  0.3051E+01
  0.1184E+00  0.2803E+01  0.1286E+00  0.2917E+01  0.2917E+01
  0.1201E+00  0.2794E+01  0.1271E+00  0.2790E+01  0.2790E+01
  0.1218E+00  0.2468E+01  0.1246E+00  0.2668E+01  0.2668E+01
  0.1234E+00  0.2514E+01  0.1327E+00  0.2553E+01  0.2553E+01
  0.1251E+00  0.2417E+01  0.1226E+00  0.2443E+01  0.2443E+01
  0.1268E+00  0.2212E+01  0.1219E+00  0.2339E+01  0.2339E+01
  0.1285E+00  0.2019E+01  0.1229E+00  0.2241E+01  0.2241E+01
  0.1302E+00  0.2417E+01  0.1236E+00  0.2148E+01  0.2148E+01
  0.1319E+00  0.2278E+01  0.1242E+00  0.2061E+01  0.2061E+01
  0.1336E+00  0.1937E+01  0.1223E+00  0.1979E+01  0.1979E+01
  0.1353E+00  0.1544E+01  0.1215E+00  0.1902E+01  0.1902E+01
  0.1370E+00  0.1584E+01  0.1198E+00  0.1831E+01  0.1831E+01
  0.1387E+00  0.1936E+01  0.1195E+00  0.1764E+01  0.1764E+01
  0.1403E+00  0.1590E+01  0.1172E+00  0.1703E+01  0.1703E+01
  0.1420E+00  0.1780E+01  0.1171E+00  0.1646E+01  0.1646E+01
  0.1437E+00  0.1555E+01  0.1166E+00  0.1594E+01  0.1594E+01
  0.1454E+00  0.1495E+01  0.1177E+00  0.1547E+01  0.1547E+01
  0.1471E+00  0.1337E+01  0.1171E+00  0.1504E+01  0.1504E+01
  0.1488E+00  0.1474E+01  0.1170E+00  0.1465E+01  0.1465E+01
  0.1505E+00  0.1389E+01  0.1168E+00  0.1431E+01  0.1431E+01
  0.1522E+00  0.1338E+01  0.1145E+00  0.1400E+01  0.1400E+01
  0.1539E+00  0.1614E+01  0.1126E+00  0.1372E+01  0.1372E+01
  0.1556E+00  0.1328E+01  0.1106E+00  0.1348E+01  0.1348E+01
  0.1572E+00  0.1348E+01  0.1099E+00  0.1327E+01  0.1327E+01
  0.1589E+00  0.9440E+00  0.1107E+00  0.1309E+01  0.1309E+01
  0.1606E+00  0.7835E+00  0.1125E+00  0.1293E+01  0.1293E+01
  0.1623E+00  0.1429E+01  0.1119E+00  0.1279E+01  0.1279E+01
  0.1640E+00  0.1393E+01  0.1124E+00  0.1268E+01  0.1268E+01
  0.1657E+00  0.1394E+01  0.1115E+00  0.1258E+01  0.1258E+01
  0.1674E+00  0.1389E+01  0.1107E+00  0.1249E+01  0.1249E+01
  0.1691E+00  0.1599E+01  0.1097E+00  0.1241E+01  0.1241E+01
  0.1708E+00  0.1286E+01  0.1086E+00  0.1235E+01  0.1235E+01
  0.1725E+00  0.1292E+01  0.1077E+00  0.1228E+01  0.1228E+01
  0.1741E+00  0.1754E+01  0.1086E+00  0.1223E+01  0.1223E+01
  0.1758E+00  0.1252E+01  0.1065E+00  0.1217E+01  0.1217E+01
  0.1775E+00  0.1143E+01  0.1066E+00  0.1212E+01  0.1212E+01
  0.1792E+00  0.9195E+00  0.1069E+00  0.1206E+01  0.1206E+01
  0.1809E+00  0.1002E+01  0.1050E+00  0.1200E+01  0.1200E+01
  0.1826E+00  0.1155E+01  0.1043E+00  0.1194E+01  0.1194E+01
  0.1843E+00  0.1011E+01  0.1038E+00  0.1187E+01  0.1187E+01
  0.1860E+00  0.1098E+01  0.1038E+00  0.1180E+01  0.1180E+01
  0.1877E+00  0.1072E+01  0.1038E+00  0.1172E+01  0.1172E+01
  0.1894E+00  0.1392E+01  0.1056E+00  0.1164E+01  0.1164E+01
  0.1910E+00  0.1040E+01  0.1058E+00  0.1155E+01  0.1155E+01
  0.1927E+00  0.8620E+00  0.1059E+00  0.1146E+01  0.1146E+01
  0.1944E+00  0.1137E+01  0.1037E+00  0.1136E+01  0.1136E+01
  0.1961E+00  0.1093E+01  0.1021E+00  0.1126E+01  0.1126E+01
  0.1978E+00  0.9435E+00  0.1023E+00  0.1115E+01  0.1115E+01
  0.1995E+00  0.1162E+01  0.1037E+00  0.1105E+01  0.1105E+01
  0.2012E+00  0.1172E+01  0.1056E+00  0.1094E+01  0.1094E+01
  0.2029E+00  0.1088E+01  0.1038E+00  0.1083E+01  0.1083E+01
  0.2046E+00  0.8995E+00  0.1050E+00  0.1072E+01  0.1072E+01
  0.2063E+00  0.8635E+00  0.1041E+00  0.1061E+01  0.1061E+01
  0.2079E+00  0.1075E+01  0.1056E+00  0.1051E+01  0.1051E+01
  0.2096E+00  0.1367E+01  0.1050E+00  0.1041E+01  0.1041E+01
  0.2113E+00  0.1379E+01  0.1047E+00  0.1031E+01  0.1031E+01
  0.2130E+00  0.1181E+01  0.1059E+00  0.1022E+01  0.1022E+01
  0.2147E+00  0.6675E+00  0.1039E+00  0.1014E+01  0.1014E+01
  0.2164E+00  0.6505E+00  0.1026E+00  0.1007E+01  0.1007E+01
  0.2181E+00  0.8665E+00  0.1044E+00  0.1000E+01  0.1000E+01
  0.2198E+00  0.1076E+01  0.1073E+00  0.9945E+00  0.9945E+00
  0.2215E+00  0.8035E+00  0.1055E+00  0.9897E+00  0.9897E+00
  0.2232E+00  0.8610E+00  0.1050E+00  0.9859E+00  0.9859E+00
  0.2249E+00  0.9605E+00  0.1056E+00  0.9830E+00  0.9830E+00
  0.2265E+00  0.1034E+01  0.1048E+00  0.9811E+00  0.9811E+00
  0.2282E+00  0.1035E+01  0.1049E+00  0.9802E+00  0.9802E+00
  0.2299E+00  0.9355E+00  0.1035E+00  0.9802E+00  0.9802E+00
  0.2316E+00  0.9215E+00  0.1049E+00  0.9811E+00  0.9811E+00
  0.2333E+00  0.1137E+01  0.1052E+00  0.9828E+00  0.9828E+00
  0.2350E+00  0.1141E+01  0.1064E+00  0.9854E+00  0.9854E+00
  0.2367E+00  0.1131E+01  0.1057E+00  0.9887E+00  0.9887E+00
  0.2384E+00  0.1014E+01  0.1044E+00  0.9926E+00  0.9926E+00
  0.2401E+00  0.1090E+01  0.1029E+00  0.9972E+00  0.9972E+00
  0.2418E+00  0.9245E+00  0.1016E+00  0.1002E+01  0.1002E+01
  0.2434E+00  0.9495E+00  0.1013E+00  0.1008E+01  0.1008E+01
  0.2451E+00  0.9850E+00  0.9990E-01  0.1013E+01  0.1013E+01
  0.2468E+00  0.7165E+00  0.1014E+00  0.1019E+01  0.1019E+01
  0.2485E+00  0.9490E+00  0.1041E+00  0.1026E+01  0.1026E+01
  0.2502E+00  0.1105E+01  0.1051E+00  0.1032E+01  0.1032E+01
  0.2519E+00  0.8675E+00  0.1039E+00  0.1038E+01  0.1038E+01
  0.2536E+00  0.9605E+00  0.1041E+00  0.1044E+01  0.1044E+01
  0.2553E+00  0.8355E+00  0.1032E+00  0.1050E+01  0.1050E+01
  0.2570E+00  0.7160E+00  0.1047E+00  0.1056E+01  0.1056E+01
  0.2587E+00  0.9070E+00  0.1077E+00  0.1061E+01  0.1061E+01
  0.2603E+00  0.1139E+01  0.1109E+00  0.1067E+01  0.1067E+01
  0.2620E+00  0.1055E+01  0.1126E+00  0.1072E+01  0.1072E+01
  0.2637E+00  0.1260E+01  0.1144E+00  0.1076E+01  0.1076E+01
  0.2654E+00  0.9925E+00  0.1142E+00  0.1080E+01  0.1080E+01
  0.2671E+00  0.7925E+00  0.1179E+00  0.1084E+01  0.1084E+01
  0.2688E+00  0.7920E+00  0.1161E+00  0.1087E+01  0.1087E+01
  0.2705E+00  0.1023E+01  0.1166E+00  0.1090E+01  0.1090E+01
  0.2722E+00  0.1515E+01  0.1190E+00  0.1093E+01  0.1093E+01
  0.2739E+00  0.1068E+01  0.1194E+00  0.1095E+01  0.1095E+01
  0.2756E+00  0.1059E+01  0.1203E+00  0.1097E+01  0.1097E+01
  0.2772E+00  0.1282E+01  0.1221E+00  0.1099E+01  0.1099E+01
  0.2789E+00  0.1061E+01  0.1253E+00  0.1100E+01  0.1100E+01
  0.2806E+00  0.1138E+01  0.1262E+00  0.1101E+01  0.1101E+01
  0.2823E+00  0.1251E+01  0.1276E+00  0.1102E+01  0.1102E+01
  0.2840E+00  0.1304E+01  0.1278E+00  0.1103E+01  0.1103E+01
  0.2857E+00  0.1203E+01  0.1293E+00  0.1104E+01  0.1104E+01
  0.2874E+00  0.1431E+01  0.1281E+00  0.1104E+01  0.1104E+01
  0.2891E+00  0.1077E+01  0.1288E+00  0.1105E+01  0.1105E+01
  0.2908E+00  0.1232E+01  0.1317E+00  0.1105E+01  0.1105E+01
  0.2925E+00  0.1162E+01  0.1337E+00  0.1106E+01  0.1106E+01
  0.2941E+00  0.1192E+01  0.1357E+00  0.1106E+01  0.1106E+01
  0.2958E+00  0.1158E+01  0.1362E+00  0.1107E+01  0.1107E+01
  0.2975E+00  0.1093E+01  0.1365E+00  0.1107E+01  0.1107E+01
  0.2992E+00  0.8200E+00  0.1357E+00  0.1108E+01  0.1108E+01
  0.3009E+00  0.4600E+00  0.1373E+00  0.1109E+01  0.1109E+01
  0.3026E+00  0.1199E+01  0.1384E+00  0.1110E+01  0.1110E+01
  0.3043E+00  0.1208E+01  0.1410E+00  0.1111E+01  0.1111E+01
  0.3060E+00  0.9775E+00  0.1428E+00  0.1112E+01  0.1112E+01
  0.3077E+00  0.9010E+00  0.1423E+00  0.1114E+01  0.1114E+01
  0.3094E+00  0.1526E+01  0.1456E+00  0.1115E+01  0.1115E+01
  0.3110E+00  0.1380E+01  0.1479E+00  0.1116E+01  0.1116E+01
  0.3127E+00  0.8280E+00  0.1480E+00  0.1118E+01  0.1118E+01
  0.3144E+00  0.8070E+00  0.1473E+00  0.1119E+01  0.1119E+01
  0.3161E+00  0.1002E+01  0.1450E+00  0.1121E+01  0.1121E+01
  0.3178E+00  0.1313E+01  0.1481E+00  0.1122E+01  0.1122E+01
  0.3195E+00  0.1299E+01  0.1483E+00  0.1124E+01  0.1124E+01
  0.3212E+00  0.1034E+01  0.1527E+00  0.1125E+01  0.1125E+01
  0.3229E+00  0.1344E+01  0.1566E+00  0.1126E+01  0.1126E+01
  0.3246E+00  0.1090E+01  0.1539E+00  0.1127E+01  0.1127E+01
  0.3263E+00  0.1349E+01  0.1535E+00  0.1128E+01  0.1128E+01
  0.3279E+00  0.1140E+01  0.1523E+00  0.1129E+01  0.1129E+01
  0.3296E+00  0.1081E+01  0.1504E+00  0.1129E+01  0.1129E+01
  0.3313E+00  0.1307E+01  0.1544E+00  0.1129E+01  0.1129E+01
  0.3330E+00  0.1295E+01  0.1519E+00  0.1130E+01  0.1130E+01
  0.3347E+00  0.1214E+01  0.1544E+00  0.1129E+01  0.1129E+01
  0.3364E+00  0.1545E+01  0.1552E+00  0.1129E+01  0.1129E+01
  0.3381E+00  0.1202E+01  0.1571E+00  0.1128E+01  0.1128E+01
  0.3398E+00  0.1488E+01  0.1549E+00  0.1127E+01  0.1127E+01
  0.3415E+00  0.7835E+00  0.1538E+00  0.1126E+01  0.1126E+01
  0.3432E+00  0.1175E+01  0.1532E+00  0.1125E+01  0.1125E+01
  0.3448E+00  0.9755E+00  0.1557E+00  0.1123E+01  0.1123E+01
  0.3465E+00  0.1188E+01  0.1571E+00  0.1121E+01  0.1121E+01
  0.3482E+00  0.6890E+00  0.1576E+00  0.1119E+01  0.1119E+01
  0.3499E+00  0.1040E+01  0.1619E+00  0.1117E+01  0.1117E+01
  0.3516E+00  0.1187E+01  0.1582E+00  0.1115E+01  0.1115E+01
  0.3533E+00  0.1277E+01  0.1573E+00  0.1112E+01  0.1112E+01
  0.3550E+00  0.1042E+01  0.1566E+00  0.1110E+01  0.1110E+01
  0.3567E+00  0.1381E+01  0.1541E+00  0.1107E+01  0.1107E+01
  0.3584E+00  0.8140E+00  0.1574E+00  0.1104E+01  0.1104E+01
  0.3601E+00  0.7865E+00  0.1599E+00  0.1102E+01  0.1102E+01
  0.3617E+00  0.1356E+01  0.1616E+00  0.1099E+01  0.1099E+01
  0.3634E+00  0.1024E+01  0.1616E+00  0.1096E+01  0.1096E+01
  0.3651E+00  0.9870E+00  0.1590E+00  0.1093E+01  0.1093E+01
  0.3668E+00  0.1309E+01  0.1558E+00  0.1090E+01  0.1090E+01
  0.3685E+00  0.1715E+01  0.1557E+00  0.1087E+01  0.1087E+01
  0.3702E+00  0.1464E+01  0.1573E+00  0.1085E+01  0.1085E+01
  0.3719E+00  0.1551E+01  0.1613E+00  0.1082E+01  0.1082E+01
  0.3736E+00  0.1004E+01  0.1651E+00  0.1079E+01  0.1079E+01
  0.3753E+00  0.1522E+01  0.1611E+00  0.1077E+01  0.1077E+01
  0.3770E+00  0.9820E+00  0.1603E+00  0.1074E+01  0.1074E+01
  0.3786E+00  0.1187E+01  0.1566E+00  0.1072E+01  0.1072E+01
  0.3803E+00  0.1394E+01  0.1583E+00  0.1069E+01  0.1069E+01
  0.3820E+00  0.1091E+01  0.1616E+00  0.1067E+01  0.1067E+01
  0.3837E+00  0.8675E+00  0.1667E+00  0.1064E+01  0.1064E+01
  0.3854E+00  0.1210E+01  0.1649E+00  0.1062E+01  0.1062E+01
  0.3871E+00  0.1379E+01  0.1632E+00  0.1060E+01  0.1060E+01
  0.3888E+00  0.1478E+01  0.1597E+00  0.1057E+01  0.1057E+01
  0.3905E+00  0.1294E+01  0.1592E+00  0.1055E+01  0.1055E+01
  0.3922E+00  0.1080E+01  0.1610E+00  0.1053E+01  0.1053E+01
  0.3939E+00  0.1171E+01  0.1638E+00  0.1050E+01  0.1050E+01
  0.3956E+00  0.9925E+00  0.1661E+00  0.1048E+01  0.1048E+01
  0.3972E+00  0.7285E+00  0.1634E+00  0.1045E+01  0.1045E+01
  0.3989E+00  0.9810E+00  0.1611E+00  0.1042E+01  0.1042E+01
  0.4006E+00  0.1106E+01  0.1608E+00  0.1040E+01  0.1040E+01
  0.4023E+00  0.1538E+01  0.1628E+00  0.1037E+01  0.1037E+01
  0.4040E+00  0.1083E+01  0.1636E+00  0.1034E+01  0.1034E+01
  0.4057E+00  0.1111E+01  0.1658E+00  0.1030E+01  0.1030E+01
  0.4074E+00  0.1621E+01  0.1642E+00  0.1027E+01  0.1027E+01
  0.4091E+00  0.1060E+01  0.1625E+00  0.1024E+01  0.1024E+01
  0.4108E+00  0.9625E+00  0.1627E+00  0.1020E+01  0.1020E+01
  0.4125E+00  0.1583E+01  0.1613E+00  0.1016E+01  0.1016E+01
  0.4141E+00  0.7805E+00  0.1640E+00  0.1012E+01  0.1012E+01
  0.4158E+00  0.1286E+01  0.1651E+00  0.1008E+01  0.1008E+01
  0.4175E+00  0.7205E+00  0.1656E+00  0.1004E+01  0.1004E+01
  0.4192E+00  0.1463E+01  0.1641E+00  0.9997E+00  0.9997E+00
  0.4209E+00  0.1368E+01  0.1610E+00  0.9952E+00  0.9952E+00
  0.4226E+00  0.1124E+01  0.1629E+00  0.9906E+00  0.9906E+00
  0.4243E+00  0.1487E+01  0.1626E+00  0.9858E+00  0.9858E+00
  0.4260E+00  0.1345E+01  0.1648E+00  0.9810E+00  0.9810E+00
  0.4277E+00  0.1045E+01  0.1628E+00  0.9760E+00  0.9760E+00
  0.4294E+00  0.1239E+01  0.1637E+00  0.9710E+00  0.9710E+00
  0.4310E+00  0.1670E+01  0.1628E+00  0.9659E+00  0.9659E+00
  0.4327E+00  0.8960E+00  0.1629E+00  0.9607E+00  0.9607E+00
  0.4344E+00  0.1515E+01  0.1621E+00  0.9555E+00  0.9555E+00
  0.4361E+00  0.1574E+01  0.1620E+00  0.9502E+00  0.9502E+00
  0.4378E+00  0.1357E+01  0.1635E+00  0.9449E+00  0.9449E+00
  0.4395E+00  0.1307E+01  0.1617E+00  0.9396E+00  0.9396E+00
  0.4412E+00  0.1509E+01  0.1618E+00  0.9343E+00  0.9343E+00
  0.4429E+00  0.1869E+01  0.1614E+00  0.9289E+00  0.9289E+00
  0.4446E+00  0.1394E+01  0.1712E+00  0.9236E+00  0.9236E+00
  0.4463E+00  0.8855E+00  0.1796E+00  0.9182E+00  0.9182E+00
  0.4479E+00  0.1176E+01  0.1861E+00  0.9129E+00  0.9129E+00
  0.4496E+00  0.9075E+00  0.1921E+00  0.9076E+00  0.9076E+00
  0.4513E+00  0.1569E+01  0.1962E+00  0.9022E+00  0.9022E+00
  0.4530E+00  0.2534E+01  0.2054E+00  0.8969E+00  0.8969E+00
  0.4547E+00  0.1615E+01  0.2162E+00  0.8916E+00  0.8916E+00
  0.4564E+00  0.8635E+00  0.2259E+00  0.8863E+00  0.8863E+00
  0.4581E+00  0.1937E+01  0.2314E+00  0.8810E+00  0.8810E+00
  0.4598E+00  0.1308E+01  0.2389E+00  0.8757E+00  0.8757E+00
  0.4615E+00  0.1136E+01  0.2553E+00  0.8704E+00  0.8704E+00
  0.4632E+00  0.1690E+01  0.2614E+00  0.8651E+00  0.8651E+00
  0.4648E+00  0.1757E+01  0.2709E+00  0.8597E+00  0.8597E+00
  0.4665E+00  0.2074E+01  0.2822E+00  0.8544E+00  0.8544E+00
  0.4682E+00  0.1430E+01  0.2954E+00  0.8490E+00  0.8490E+00
  0.4699E+00  0.1638E+01  0.3060E+00  0.8437E+00  0.8437E+00
  0.4716E+00  0.6975E+00  0.3203E+00  0.8382E+00  0.8382E+00
  0.4733E+00  0.1713E+01  0.3420E+00  0.8328E+00  0.8328E+00
  0.4750E+00  0.1968E+01  0.3484E+00  0.8273E+00  0.8273E+00
  0.4767E+00  0.2547E+01  0.3726E+00  0.8218E+00  0.8218E+00
  0.4784E+00  0.2516E+01  0.4046E+00  0.8163E+00  0.8163E+00
  0.4801E+00  0.8445E+00  0.4257E+00  0.8107E+00  0.8107E+00
  0.4817E+00  0.3200E+00  0.4884E+00  0.8051E+00  0.8051E+00
  0.4834E+00  0.1160E+01  0.5264E+00  0.7995E+00  0.7995E+00
  0.4851E+00  0.1475E+01  0.5631E+00  0.7939E+00  0.7939E+00
  0.4868E+00 -0.2125E+00  0.7066E+00  0.7882E+00  0.7882E+00
  0.4885E+00  0.1683E+01  0.9121E+00  0.7825E+00  0.7825E+00
  0.4902E+00  0.2988E+01  0.1080E+01  0.7769E+00  0.7769E+00
  0.4919E+00  0.7275E+01  0.1640E+01  0.7712E+00  0.7712E+00

           Distance distribution  function of particle  


       R          P(R)      ERROR

  0.0000E+00  0.0000E+00  0.0000E+00
  0.8718E+00  0.1127E-01  0.1166E-03
  0.1744E+01  0.1898E-01  0.1811E-03
  0.2615E+01  0.2342E-01  0.2007E-03
  0.3487E+01  0.2509E-01  0.1872E-03
  0.4359E+01  0.2460E-01  0.1585E-03
  0.5231E+01  0.2264E-01  0.1405E-03
  0.6103E+01  0.1994E-01  0.1550E-03
  0.6974E+01  0.1716E-01  0.1929E-03
  0.7846E+01  0.1489E-01  0.2330E-03
  0.8718E+01  0.1361E-01  0.2633E-03
  0.9590E+01  0.1360E-01  0.2800E-03
  0.1046E+02  0.1501E-01  0.2850E-03
  0.1133E+02  0.1781E-01  0.2836E-03
  0.1221E+02  0.2185E-01  0.2824E-03
  0.1308E+02  0.2686E-01  0.2861E-03
  0.1395E+02  0.3249E-01  0.2953E-03
  0.1482E+02  0.3840E-01  0.3071E-03
  0.1569E+02  0.4423E-01  0.3173E-03
  0.1656E+02  0.4968E-01  0.3232E-03
  0.1744E+02  0.5454E-01  0.3244E-03
  0.1831E+02  0.5865E-01  0.3231E-03
  0.1918E+02  0.6197E-01  0.3224E-03
  0.2005E+02  0.6451E-01  0.3254E-03
  0.2092E+02  0.6638E-01  0.3335E-03
  0.2180E+02  0.6770E-01  0.3462E-03
  0.2267E+02  0.6862E-01  0.3621E-03
  0.2354E+02  0.6929E-01  0.3799E-03
  0.2441E+02  0.6983E-01  0.3987E-03
  0.2528E+02  0.7034E-01  0.4184E-03
  0.2615E+02  0.7086E-01  0.4390E-03
  0.2703E+02  0.7141E-01  0.4596E-03
  0.2790E+02  0.7195E-01  0.4788E-03
  0.2877E+02  0.7245E-01  0.4949E-03
  0.2964E+02  0.7283E-01  0.5060E-03
  0.3051E+02  0.7304E-01  0.5110E-03
  0.3138E+02  0.7303E-01  0.5099E-03
  0.3226E+02  0.7277E-01  0.5038E-03
  0.3313E+02  0.7226E-01  0.4951E-03
  0.3400E+02  0.7153E-01  0.4867E-03
  0.3487E+02  0.7060E-01  0.4816E-03
  0.3574E+02  0.6954E-01  0.4821E-03
  0.3662E+02  0.6839E-01  0.4891E-03
  0.3749E+02  0.6721E-01  0.5017E-03
  0.3836E+02  0.6604E-01  0.5180E-03
  0.3923E+02  0.6490E-01  0.5353E-03
  0.4010E+02  0.6379E-01  0.5513E-03
  0.4097E+02  0.6271E-01  0.5639E-03
  0.4185E+02  0.6161E-01  0.5719E-03
  0.4272E+02  0.6046E-01  0.5751E-03
  0.4359E+02  0.5923E-01  0.5741E-03
  0.4446E+02  0.5787E-01  0.5703E-03
  0.4533E+02  0.5637E-01  0.5655E-03
  0.4621E+02  0.5472E-01  0.5618E-03
  0.4708E+02  0.5291E-01  0.5610E-03
  0.4795E+02  0.5097E-01  0.5639E-03
  0.4882E+02  0.4894E-01  0.5706E-03
  0.4969E+02  0.4686E-01  0.5803E-03
  0.5056E+02  0.4477E-01  0.5917E-03
  0.5144E+02  0.4272E-01  0.6035E-03
  0.5231E+02  0.4074E-01  0.6144E-03
  0.5318E+02  0.3887E-01  0.6239E-03
  0.5405E+02  0.3711E-01  0.6316E-03
  0.5492E+02  0.3547E-01  0.6379E-03
  0.5580E+02  0.3394E-01  0.6430E-03
  0.5667E+02  0.3252E-01  0.6476E-03
  0.5754E+02  0.3118E-01  0.6518E-03
  0.5841E+02  0.2991E-01  0.6559E-03
  0.5928E+02  0.2870E-01  0.6596E-03
  0.6015E+02  0.2755E-01  0.6629E-03
  0.6103E+02  0.2644E-01  0.6654E-03
  0.6190E+02  0.2540E-01  0.6673E-03
  0.6277E+02  0.2441E-01  0.6689E-03
  0.6364E+02  0.2350E-01  0.6711E-03
  0.6451E+02  0.2268E-01  0.6749E-03
  0.6539E+02  0.2194E-01  0.6813E-03
  0.6626E+02  0.2129E-01  0.6909E-03
  0.6713E+02  0.2073E-01  0.7037E-03
  0.6800E+02  0.2024E-01  0.7192E-03
  0.6887E+02  0.1980E-01  0.7363E-03
  0.6974E+02  0.1938E-01  0.7537E-03
  0.7062E+02  0.1897E-01  0.7703E-03
  0.7149E+02  0.1854E-01  0.7852E-03
  0.7236E+02  0.1806E-01  0.7982E-03
  0.7323E+02  0.1753E-01  0.8090E-03
  0.7410E+02  0.1693E-01  0.8181E-03
  0.7497E+02  0.1625E-01  0.8254E-03
  0.7585E+02  0.1550E-01  0.8308E-03
  0.7672E+02  0.1469E-01  0.8336E-03
  0.7759E+02  0.1382E-01  0.8327E-03
  0.7846E+02  0.1291E-01  0.8263E-03
  0.7933E+02  0.1194E-01  0.8125E-03
  0.8021E+02  0.1094E-01  0.7888E-03
  0.8108E+02  0.9893E-02  0.7532E-03
  0.8195E+02  0.8788E-02  0.7033E-03
  0.8282E+02  0.7613E-02  0.6371E-03
  0.8369E+02  0.6350E-02  0.5528E-03
  0.8456E+02  0.4977E-02  0.4485E-03
  0.8544E+02  0.3473E-02  0.3226E-03
  0.8631E+02  0.1820E-02  0.1736E-03
  0.8718E+02  0.0000E+00  0.0000E+00
          Reciprocal space: Rg =   29.36     , I(0) =   0.4170E+02
     Real space: Rg =   29.44 +- 0.142  I(0) =   0.4171E+02 +-  0.2673E+00
