
           ####    G N O M   ---   Version 4.5a revised 09/02/02     ####

                                                  Mon Jan 18 16:28:52 2010
           ===    Run No   1   ===
 Run title:  0.000489754 0 0


  Number of points omitted at the beginning:          17

          To optimize the performance, some input data points 
           have been joined. New number of points equals to 276

   *******   Working Directory :
   *******    Input file(s) :
           Condition P(rmin) = 0 is used. 
           Condition P(rmax) = 0 is used. 

          Experimental conditions for the first run
          -----------------------------------------

          Highest ALPHA is found to be   0.8890E+02

  The measure of inconsistency AN1 equals to    0.1251E+01

          Warning: using the chosen range in the real space 
             it is not possible to fit the data set within the
             given error band. 
     Alpha    Discrp  Oscill  Stabil  Sysdev  Positv  Valcen    Total   
  0.8890E+05 54.0535  1.2767  0.9035  0.0073  1.0000  0.8375  0.31882
  0.1778E+05 40.3515  1.2639  0.6745  0.0073  1.0000  0.8413  0.32168
  0.3556E+04 19.4573  1.2292  0.3193  0.0945  1.0000  0.8534  0.33618
  0.7112E+03  8.5954  1.2184  0.1036  0.0800  1.0000  0.8698  0.44498
  0.1422E+03  5.0389  1.3302  0.0471  0.1382  1.0000  0.8784  0.52789
  0.2845E+02  2.9583  1.6038  0.0349  0.5018  1.0000  0.8753  0.58540
  0.5690E+01  1.7550  1.9787  0.0326  0.5745  1.0000  0.8684  0.52837
  0.1138E+01  1.2623  2.3730  0.0332  0.7345  1.0000  0.8669  0.59036
  0.2276E+00  1.1046  2.7903  0.0364  0.8218  1.0000  0.8670  0.63752
  0.4552E-01  1.0485  3.3817  0.0495  0.7927  1.0000  0.8649  0.61470
  0.9103E-02  1.0170  4.6547  0.0799  0.8509  0.9994  0.8587  0.59911
  0.1821E-02  1.0018  6.5274  0.0780  0.8655  0.9976  0.8482  0.60481
  0.3641E-03  0.9933 10.3715  0.2875  0.8800  0.9920  0.8274  0.46159
  0.7283E-04  0.9736 19.4236  0.7374  0.8800  0.9195  0.4954  0.00000

          ***  Golden section search to maximize estimate ***
     Alpha    Discrp  Oscill  Stabil  Sysdev  Positv  Valcen    Total   
  0.8417E-01  1.0647  3.1163  0.0410  0.8218  1.0000  0.8661  0.63670
  0.1556E+00  1.0866  2.9046  0.0376  0.8073  1.0000  0.8668  0.63127
  0.1064E+00  1.0722  3.0307  0.0394  0.8218  1.0000  0.8664  0.63768
  0.1346E+00  1.0807  2.9512  0.0382  0.8218  1.0000  0.8667  0.63800
  0.1423E+00  1.0829  2.9332  0.0380  0.8218  1.0000  0.8667  0.63801
  0.1473E+00  1.0843  2.9222  0.0379  0.8218  1.0000  0.8667  0.63800
  0.1393E+00  1.0821  2.9400  0.0381  0.8218  1.0000  0.8667  0.63801
  0.1442E+00  1.0835  2.9290  0.0379  0.8218  1.0000  0.8667  0.63801
  0.1411E+00  1.0826  2.9358  0.0380  0.8218  1.0000  0.8667  0.63801
  0.1404E+00  1.0824  2.9374  0.0380  0.8218  1.0000  0.8667  0.63801
  0.1416E+00  1.0827  2.9348  0.0380  0.8218  1.0000  0.8667  0.63801
  0.1419E+00  1.0828  2.9342  0.0380  0.8218  1.0000  0.8667  0.63801
  0.1414E+00  1.0827  2.9352  0.0380  0.8218  1.0000  0.8667  0.63801
  0.1414E+00  1.0827  2.9352  0.0380  0.8218  1.0000  0.8667  0.63801



             ####            Final results            ####

 Parameter    DISCRP    OSCILL    STABIL    SYSDEV    POSITV    VALCEN
 Weight        1.000     3.000     3.000     5.000     1.000     1.000
 Sigma         0.300     0.600     0.120     0.500     0.120     0.120
 Ideal         0.700     1.200     0.000     1.000     1.000     0.950
 Current       1.083     2.935     0.038     0.822     1.000     0.867
                - - - - - - - - - - - - - - - - - - - - - - - - - 
 Estimate      0.196     0.000     0.905     0.881     1.000     0.618

  Angular   range    :     from    0.0271   to    0.4919
  Real space range   :     from      0.00   to    103.60

  Highest ALPHA (theor) :   0.889E+05                 JOB = 0
  Current ALPHA         :   0.141E+00   Rg :  0.336E+02   I(0) :   0.904E+02

           Total  estimate : 0.638  which is  A REASONABLE  solution

      S          J EXP       ERROR       J REG       I REG

  0.0000E+00                                      0.9044E+02
  0.1694E-02                                      0.9034E+02
  0.3389E-02                                      0.9005E+02
  0.5083E-02                                      0.8955E+02
  0.6777E-02                                      0.8887E+02
  0.8472E-02                                      0.8801E+02
  0.1017E-01                                      0.8696E+02
  0.1186E-01                                      0.8574E+02
  0.1355E-01                                      0.8437E+02
  0.1525E-01                                      0.8284E+02
  0.1694E-01                                      0.8118E+02
  0.1864E-01                                      0.7938E+02
  0.2033E-01                                      0.7748E+02
  0.2203E-01                                      0.7547E+02
  0.2372E-01                                      0.7338E+02
  0.2541E-01                                      0.7122E+02
  0.2711E-01  0.6995E+02  0.3462E+00  0.6900E+02  0.6900E+02
  0.2880E-01  0.6900E+02  0.3327E+00  0.6674E+02  0.6674E+02
  0.3049E-01  0.6576E+02  0.3095E+00  0.6445E+02  0.6445E+02
  0.3218E-01  0.6246E+02  0.6733E+00  0.6215E+02  0.6215E+02
  0.3387E-01  0.5857E+02  0.6731E+00  0.5983E+02  0.5983E+02
  0.3556E-01  0.5734E+02  0.2906E+00  0.5753E+02  0.5753E+02
  0.3725E-01  0.5465E+02  0.3001E+00  0.5524E+02  0.5524E+02
  0.3894E-01  0.5191E+02  0.2748E+00  0.5298E+02  0.5298E+02
  0.4063E-01  0.5036E+02  0.2587E+00  0.5076E+02  0.5076E+02
  0.4232E-01  0.4765E+02  0.2481E+00  0.4858E+02  0.4858E+02
  0.4401E-01  0.4573E+02  0.2426E+00  0.4645E+02  0.4645E+02
  0.4570E-01  0.4398E+02  0.2305E+00  0.4439E+02  0.4439E+02
  0.4739E-01  0.4184E+02  0.2319E+00  0.4238E+02  0.4238E+02
  0.4908E-01  0.4003E+02  0.2330E+00  0.4044E+02  0.4044E+02
  0.5077E-01  0.3817E+02  0.2316E+00  0.3857E+02  0.3857E+02
  0.5246E-01  0.3691E+02  0.2196E+00  0.3678E+02  0.3678E+02
  0.5415E-01  0.3529E+02  0.2100E+00  0.3505E+02  0.3505E+02
  0.5584E-01  0.3358E+02  0.2025E+00  0.3340E+02  0.3340E+02
  0.5753E-01  0.3212E+02  0.1985E+00  0.3182E+02  0.3182E+02
  0.5922E-01  0.3084E+02  0.2009E+00  0.3032E+02  0.3032E+02
  0.6091E-01  0.2912E+02  0.1990E+00  0.2888E+02  0.2888E+02
  0.6260E-01  0.2745E+02  0.1953E+00  0.2752E+02  0.2752E+02
  0.6429E-01  0.2674E+02  0.1922E+00  0.2622E+02  0.2622E+02
  0.6598E-01  0.2518E+02  0.1840E+00  0.2498E+02  0.2498E+02
  0.6767E-01  0.2436E+02  0.1784E+00  0.2380E+02  0.2380E+02
  0.6936E-01  0.2301E+02  0.1767E+00  0.2267E+02  0.2267E+02
  0.7105E-01  0.2180E+02  0.1787E+00  0.2160E+02  0.2160E+02
  0.7274E-01  0.2090E+02  0.1779E+00  0.2058E+02  0.2058E+02
  0.7443E-01  0.1971E+02  0.1770E+00  0.1961E+02  0.1961E+02
  0.7612E-01  0.1852E+02  0.1716E+00  0.1868E+02  0.1868E+02
  0.7781E-01  0.1735E+02  0.1676E+00  0.1779E+02  0.1779E+02
  0.7950E-01  0.1689E+02  0.1639E+00  0.1694E+02  0.1694E+02
  0.8119E-01  0.1585E+02  0.1624E+00  0.1613E+02  0.1613E+02
  0.8288E-01  0.1549E+02  0.1587E+00  0.1535E+02  0.1535E+02
  0.8457E-01  0.1442E+02  0.1574E+00  0.1460E+02  0.1460E+02
  0.8626E-01  0.1357E+02  0.1562E+00  0.1388E+02  0.1388E+02
  0.8795E-01  0.1344E+02  0.1574E+00  0.1319E+02  0.1319E+02
  0.8964E-01  0.1260E+02  0.1556E+00  0.1253E+02  0.1253E+02
  0.9133E-01  0.1179E+02  0.1508E+00  0.1190E+02  0.1190E+02
  0.9302E-01  0.1097E+02  0.1439E+00  0.1129E+02  0.1129E+02
  0.9471E-01  0.1077E+02  0.1435E+00  0.1071E+02  0.1071E+02
  0.9640E-01  0.9918E+01  0.1411E+00  0.1016E+02  0.1016E+02
  0.9809E-01  0.9689E+01  0.1425E+00  0.9633E+01  0.9633E+01
  0.9978E-01  0.9326E+01  0.1422E+00  0.9131E+01  0.9131E+01
  0.1015E+00  0.8351E+01  0.1395E+00  0.8656E+01  0.8656E+01
  0.1032E+00  0.8092E+01  0.1381E+00  0.8205E+01  0.8205E+01
  0.1049E+00  0.7577E+01  0.1370E+00  0.7781E+01  0.7781E+01
  0.1065E+00  0.7413E+01  0.1377E+00  0.7381E+01  0.7381E+01
  0.1082E+00  0.6849E+01  0.1335E+00  0.7007E+01  0.7007E+01
  0.1099E+00  0.6688E+01  0.1330E+00  0.6657E+01  0.6657E+01
  0.1116E+00  0.6243E+01  0.1310E+00  0.6331E+01  0.6331E+01
  0.1133E+00  0.6104E+01  0.1326E+00  0.6028E+01  0.6028E+01
  0.1150E+00  0.5919E+01  0.1314E+00  0.5749E+01  0.5749E+01
  0.1167E+00  0.5807E+01  0.1308E+00  0.5490E+01  0.5490E+01
  0.1184E+00  0.5284E+01  0.1286E+00  0.5253E+01  0.5253E+01
  0.1201E+00  0.5168E+01  0.1307E+00  0.5035E+01  0.5035E+01
  0.1218E+00  0.4735E+01  0.1272E+00  0.4836E+01  0.4836E+01
  0.1234E+00  0.4554E+01  0.1384E+00  0.4653E+01  0.4653E+01
  0.1251E+00  0.4623E+01  0.1235E+00  0.4487E+01  0.4487E+01
  0.1268E+00  0.4591E+01  0.1236E+00  0.4335E+01  0.4335E+01
  0.1285E+00  0.4279E+01  0.1239E+00  0.4195E+01  0.4195E+01
  0.1302E+00  0.4169E+01  0.1235E+00  0.4067E+01  0.4067E+01
  0.1319E+00  0.4312E+01  0.1245E+00  0.3949E+01  0.3949E+01
  0.1336E+00  0.3758E+01  0.1239E+00  0.3840E+01  0.3840E+01
  0.1353E+00  0.3540E+01  0.1244E+00  0.3738E+01  0.3738E+01
  0.1370E+00  0.3851E+01  0.1204E+00  0.3642E+01  0.3642E+01
  0.1387E+00  0.3552E+01  0.1191E+00  0.3552E+01  0.3552E+01
  0.1403E+00  0.3289E+01  0.1177E+00  0.3465E+01  0.3465E+01
  0.1420E+00  0.3592E+01  0.1181E+00  0.3382E+01  0.3382E+01
  0.1437E+00  0.3343E+01  0.1184E+00  0.3302E+01  0.3302E+01
  0.1454E+00  0.2889E+01  0.1187E+00  0.3224E+01  0.3224E+01
  0.1471E+00  0.2973E+01  0.1182E+00  0.3147E+01  0.3147E+01
  0.1488E+00  0.2780E+01  0.1188E+00  0.3072E+01  0.3072E+01
  0.1505E+00  0.3043E+01  0.1197E+00  0.2999E+01  0.2999E+01
  0.1522E+00  0.3002E+01  0.1174E+00  0.2926E+01  0.2926E+01
  0.1539E+00  0.2522E+01  0.1134E+00  0.2855E+01  0.2855E+01
  0.1556E+00  0.2514E+01  0.1125E+00  0.2785E+01  0.2785E+01
  0.1572E+00  0.2816E+01  0.1118E+00  0.2716E+01  0.2716E+01
  0.1589E+00  0.2553E+01  0.1112E+00  0.2650E+01  0.2650E+01
  0.1606E+00  0.2522E+01  0.1120E+00  0.2586E+01  0.2586E+01
  0.1623E+00  0.2633E+01  0.1131E+00  0.2524E+01  0.2524E+01
  0.1640E+00  0.2675E+01  0.1131E+00  0.2465E+01  0.2465E+01
  0.1657E+00  0.2778E+01  0.1123E+00  0.2409E+01  0.2409E+01
  0.1674E+00  0.2552E+01  0.1115E+00  0.2357E+01  0.2357E+01
  0.1691E+00  0.1996E+01  0.1107E+00  0.2309E+01  0.2309E+01
  0.1708E+00  0.2273E+01  0.1106E+00  0.2264E+01  0.2264E+01
  0.1725E+00  0.2163E+01  0.1079E+00  0.2223E+01  0.2223E+01
  0.1741E+00  0.1863E+01  0.1088E+00  0.2186E+01  0.2186E+01
  0.1758E+00  0.2052E+01  0.1083E+00  0.2154E+01  0.2154E+01
  0.1775E+00  0.2441E+01  0.1082E+00  0.2125E+01  0.2125E+01
  0.1792E+00  0.2276E+01  0.1063E+00  0.2100E+01  0.2100E+01
  0.1809E+00  0.2169E+01  0.1050E+00  0.2078E+01  0.2078E+01
  0.1826E+00  0.1976E+01  0.1042E+00  0.2060E+01  0.2060E+01
  0.1843E+00  0.1947E+01  0.1037E+00  0.2044E+01  0.2044E+01
  0.1860E+00  0.1975E+01  0.1058E+00  0.2031E+01  0.2031E+01
  0.1877E+00  0.2179E+01  0.1053E+00  0.2020E+01  0.2020E+01
  0.1894E+00  0.2186E+01  0.1072E+00  0.2011E+01  0.2011E+01
  0.1910E+00  0.1833E+01  0.1057E+00  0.2003E+01  0.2003E+01
  0.1927E+00  0.2169E+01  0.1056E+00  0.1995E+01  0.1995E+01
  0.1944E+00  0.2544E+01  0.1047E+00  0.1988E+01  0.1988E+01
  0.1961E+00  0.1980E+01  0.1030E+00  0.1981E+01  0.1981E+01
  0.1978E+00  0.2069E+01  0.1037E+00  0.1974E+01  0.1974E+01
  0.1995E+00  0.1782E+01  0.1049E+00  0.1965E+01  0.1965E+01
  0.2012E+00  0.1682E+01  0.1046E+00  0.1956E+01  0.1956E+01
  0.2029E+00  0.1865E+01  0.1045E+00  0.1946E+01  0.1946E+01
  0.2046E+00  0.1718E+01  0.1040E+00  0.1934E+01  0.1934E+01
  0.2063E+00  0.1532E+01  0.1048E+00  0.1921E+01  0.1921E+01
  0.2079E+00  0.1996E+01  0.1040E+00  0.1907E+01  0.1907E+01
  0.2096E+00  0.1970E+01  0.1050E+00  0.1892E+01  0.1892E+01
  0.2113E+00  0.2152E+01  0.1061E+00  0.1876E+01  0.1876E+01
  0.2130E+00  0.1989E+01  0.1048E+00  0.1859E+01  0.1859E+01
  0.2147E+00  0.1810E+01  0.1043E+00  0.1842E+01  0.1842E+01
  0.2164E+00  0.1963E+01  0.1037E+00  0.1824E+01  0.1824E+01
  0.2181E+00  0.1711E+01  0.1055E+00  0.1807E+01  0.1807E+01
  0.2198E+00  0.1441E+01  0.1053E+00  0.1791E+01  0.1791E+01
  0.2215E+00  0.1691E+01  0.1069E+00  0.1775E+01  0.1775E+01
  0.2232E+00  0.1740E+01  0.1058E+00  0.1760E+01  0.1760E+01
  0.2249E+00  0.1718E+01  0.1054E+00  0.1747E+01  0.1747E+01
  0.2265E+00  0.1458E+01  0.1036E+00  0.1737E+01  0.1737E+01
  0.2282E+00  0.1448E+01  0.1039E+00  0.1728E+01  0.1728E+01
  0.2299E+00  0.1647E+01  0.1039E+00  0.1721E+01  0.1721E+01
  0.2316E+00  0.1515E+01  0.1067E+00  0.1717E+01  0.1717E+01
  0.2333E+00  0.1954E+01  0.1091E+00  0.1716E+01  0.1716E+01
  0.2350E+00  0.2119E+01  0.1092E+00  0.1718E+01  0.1718E+01
  0.2367E+00  0.1953E+01  0.1053E+00  0.1722E+01  0.1722E+01
  0.2384E+00  0.1884E+01  0.1046E+00  0.1729E+01  0.1729E+01
  0.2401E+00  0.1867E+01  0.1032E+00  0.1738E+01  0.1738E+01
  0.2418E+00  0.1852E+01  0.1022E+00  0.1750E+01  0.1750E+01
  0.2434E+00  0.1971E+01  0.1019E+00  0.1763E+01  0.1763E+01
  0.2451E+00  0.1794E+01  0.1005E+00  0.1778E+01  0.1778E+01
  0.2468E+00  0.1903E+01  0.1026E+00  0.1795E+01  0.1795E+01
  0.2485E+00  0.1987E+01  0.1045E+00  0.1812E+01  0.1812E+01
  0.2502E+00  0.1855E+01  0.1049E+00  0.1830E+01  0.1830E+01
  0.2519E+00  0.1602E+01  0.1050E+00  0.1849E+01  0.1849E+01
  0.2536E+00  0.1948E+01  0.1067E+00  0.1867E+01  0.1867E+01
  0.2553E+00  0.1735E+01  0.1057E+00  0.1884E+01  0.1884E+01
  0.2570E+00  0.1709E+01  0.1045E+00  0.1900E+01  0.1900E+01
  0.2587E+00  0.1825E+01  0.1078E+00  0.1916E+01  0.1916E+01
  0.2603E+00  0.1843E+01  0.1111E+00  0.1929E+01  0.1929E+01
  0.2620E+00  0.2007E+01  0.1133E+00  0.1941E+01  0.1941E+01
  0.2637E+00  0.1912E+01  0.1159E+00  0.1951E+01  0.1951E+01
  0.2654E+00  0.1976E+01  0.1169E+00  0.1959E+01  0.1959E+01
  0.2671E+00  0.1796E+01  0.1179E+00  0.1965E+01  0.1965E+01
  0.2688E+00  0.1836E+01  0.1172E+00  0.1969E+01  0.1969E+01
  0.2705E+00  0.1955E+01  0.1175E+00  0.1970E+01  0.1970E+01
  0.2722E+00  0.1899E+01  0.1194E+00  0.1970E+01  0.1970E+01
  0.2739E+00  0.1947E+01  0.1196E+00  0.1968E+01  0.1968E+01
  0.2756E+00  0.1702E+01  0.1221E+00  0.1964E+01  0.1964E+01
  0.2772E+00  0.2178E+01  0.1238E+00  0.1959E+01  0.1959E+01
  0.2789E+00  0.2034E+01  0.1255E+00  0.1953E+01  0.1953E+01
  0.2806E+00  0.1876E+01  0.1271E+00  0.1946E+01  0.1946E+01
  0.2823E+00  0.2130E+01  0.1290E+00  0.1939E+01  0.1939E+01
  0.2840E+00  0.2069E+01  0.1289E+00  0.1932E+01  0.1932E+01
  0.2857E+00  0.1946E+01  0.1302E+00  0.1925E+01  0.1925E+01
  0.2874E+00  0.1853E+01  0.1293E+00  0.1918E+01  0.1918E+01
  0.2891E+00  0.1990E+01  0.1302E+00  0.1913E+01  0.1913E+01
  0.2908E+00  0.1873E+01  0.1315E+00  0.1908E+01  0.1908E+01
  0.2925E+00  0.1803E+01  0.1334E+00  0.1905E+01  0.1905E+01
  0.2941E+00  0.1602E+01  0.1371E+00  0.1903E+01  0.1903E+01
  0.2958E+00  0.1875E+01  0.1368E+00  0.1902E+01  0.1902E+01
  0.2975E+00  0.2032E+01  0.1373E+00  0.1904E+01  0.1904E+01
  0.2992E+00  0.1932E+01  0.1373E+00  0.1906E+01  0.1906E+01
  0.3009E+00  0.2042E+01  0.1376E+00  0.1911E+01  0.1911E+01
  0.3026E+00  0.2095E+01  0.1387E+00  0.1917E+01  0.1917E+01
  0.3043E+00  0.2237E+01  0.1395E+00  0.1924E+01  0.1924E+01
  0.3060E+00  0.2421E+01  0.1421E+00  0.1932E+01  0.1932E+01
  0.3077E+00  0.1980E+01  0.1440E+00  0.1942E+01  0.1942E+01
  0.3094E+00  0.1867E+01  0.1469E+00  0.1951E+01  0.1951E+01
  0.3110E+00  0.1685E+01  0.1487E+00  0.1962E+01  0.1962E+01
  0.3127E+00  0.1652E+01  0.1488E+00  0.1972E+01  0.1972E+01
  0.3144E+00  0.1975E+01  0.1476E+00  0.1983E+01  0.1983E+01
  0.3161E+00  0.2011E+01  0.1466E+00  0.1993E+01  0.1993E+01
  0.3178E+00  0.1827E+01  0.1489E+00  0.2002E+01  0.2002E+01
  0.3195E+00  0.1646E+01  0.1499E+00  0.2011E+01  0.2011E+01
  0.3212E+00  0.2053E+01  0.1548E+00  0.2018E+01  0.2018E+01
  0.3229E+00  0.2514E+01  0.1574E+00  0.2024E+01  0.2024E+01
  0.3246E+00  0.2000E+01  0.1551E+00  0.2028E+01  0.2028E+01
  0.3263E+00  0.2260E+01  0.1525E+00  0.2031E+01  0.2031E+01
  0.3279E+00  0.2308E+01  0.1544E+00  0.2033E+01  0.2033E+01
  0.3296E+00  0.2009E+01  0.1538E+00  0.2033E+01  0.2033E+01
  0.3313E+00  0.1660E+01  0.1535E+00  0.2031E+01  0.2031E+01
  0.3330E+00  0.1909E+01  0.1533E+00  0.2028E+01  0.2028E+01
  0.3347E+00  0.1824E+01  0.1543E+00  0.2023E+01  0.2023E+01
  0.3364E+00  0.1950E+01  0.1584E+00  0.2018E+01  0.2018E+01
  0.3381E+00  0.1713E+01  0.1567E+00  0.2012E+01  0.2012E+01
  0.3398E+00  0.2103E+01  0.1564E+00  0.2005E+01  0.2005E+01
  0.3415E+00  0.1891E+01  0.1552E+00  0.1997E+01  0.1997E+01
  0.3432E+00  0.1621E+01  0.1545E+00  0.1990E+01  0.1990E+01
  0.3448E+00  0.1804E+01  0.1556E+00  0.1983E+01  0.1983E+01
  0.3465E+00  0.2346E+01  0.1576E+00  0.1976E+01  0.1976E+01
  0.3482E+00  0.2160E+01  0.1609E+00  0.1970E+01  0.1970E+01
  0.3499E+00  0.2287E+01  0.1599E+00  0.1966E+01  0.1966E+01
  0.3516E+00  0.1982E+01  0.1595E+00  0.1962E+01  0.1962E+01
  0.3533E+00  0.2051E+01  0.1571E+00  0.1960E+01  0.1960E+01
  0.3550E+00  0.2299E+01  0.1567E+00  0.1960E+01  0.1960E+01
  0.3567E+00  0.1838E+01  0.1569E+00  0.1961E+01  0.1961E+01
  0.3584E+00  0.1851E+01  0.1566E+00  0.1965E+01  0.1965E+01
  0.3601E+00  0.1829E+01  0.1591E+00  0.1970E+01  0.1970E+01
  0.3617E+00  0.1888E+01  0.1632E+00  0.1977E+01  0.1977E+01
  0.3634E+00  0.2304E+01  0.1615E+00  0.1987E+01  0.1987E+01
  0.3651E+00  0.1657E+01  0.1599E+00  0.1998E+01  0.1998E+01
  0.3668E+00  0.1971E+01  0.1602E+00  0.2010E+01  0.2010E+01
  0.3685E+00  0.2264E+01  0.1600E+00  0.2024E+01  0.2024E+01
  0.3702E+00  0.1341E+01  0.1603E+00  0.2039E+01  0.2039E+01
  0.3719E+00  0.2286E+01  0.1623E+00  0.2055E+01  0.2055E+01
  0.3736E+00  0.1877E+01  0.1644E+00  0.2072E+01  0.2072E+01
  0.3753E+00  0.2380E+01  0.1623E+00  0.2089E+01  0.2089E+01
  0.3770E+00  0.2176E+01  0.1597E+00  0.2106E+01  0.2106E+01
  0.3786E+00  0.2223E+01  0.1608E+00  0.2124E+01  0.2124E+01
  0.3803E+00  0.2021E+01  0.1589E+00  0.2141E+01  0.2141E+01
  0.3820E+00  0.2404E+01  0.1615E+00  0.2157E+01  0.2157E+01
  0.3837E+00  0.2258E+01  0.1642E+00  0.2172E+01  0.2172E+01
  0.3854E+00  0.2454E+01  0.1660E+00  0.2186E+01  0.2186E+01
  0.3871E+00  0.2041E+01  0.1644E+00  0.2200E+01  0.2200E+01
  0.3888E+00  0.2190E+01  0.1629E+00  0.2211E+01  0.2211E+01
  0.3905E+00  0.2401E+01  0.1613E+00  0.2222E+01  0.2222E+01
  0.3922E+00  0.2029E+01  0.1619E+00  0.2231E+01  0.2231E+01
  0.3939E+00  0.2030E+01  0.1661E+00  0.2238E+01  0.2238E+01
  0.3956E+00  0.2155E+01  0.1654E+00  0.2245E+01  0.2245E+01
  0.3972E+00  0.2256E+01  0.1648E+00  0.2250E+01  0.2250E+01
  0.3989E+00  0.2079E+01  0.1630E+00  0.2253E+01  0.2253E+01
  0.4006E+00  0.2309E+01  0.1612E+00  0.2256E+01  0.2256E+01
  0.4023E+00  0.2085E+01  0.1628E+00  0.2258E+01  0.2258E+01
  0.4040E+00  0.2309E+01  0.1625E+00  0.2260E+01  0.2260E+01
  0.4057E+00  0.2150E+01  0.1653E+00  0.2261E+01  0.2261E+01
  0.4074E+00  0.2054E+01  0.1659E+00  0.2262E+01  0.2262E+01
  0.4091E+00  0.2381E+01  0.1639E+00  0.2263E+01  0.2263E+01
  0.4108E+00  0.2451E+01  0.1625E+00  0.2265E+01  0.2265E+01
  0.4125E+00  0.2292E+01  0.1631E+00  0.2267E+01  0.2267E+01
  0.4141E+00  0.2333E+01  0.1678E+00  0.2270E+01  0.2270E+01
  0.4158E+00  0.2251E+01  0.1678E+00  0.2273E+01  0.2273E+01
  0.4175E+00  0.2303E+01  0.1672E+00  0.2278E+01  0.2278E+01
  0.4192E+00  0.2222E+01  0.1655E+00  0.2283E+01  0.2283E+01
  0.4209E+00  0.2210E+01  0.1655E+00  0.2290E+01  0.2290E+01
  0.4226E+00  0.2055E+01  0.1687E+00  0.2298E+01  0.2298E+01
  0.4243E+00  0.2179E+01  0.1642E+00  0.2307E+01  0.2307E+01
  0.4260E+00  0.2313E+01  0.1672E+00  0.2317E+01  0.2317E+01
  0.4277E+00  0.2529E+01  0.1633E+00  0.2328E+01  0.2328E+01
  0.4294E+00  0.2566E+01  0.1655E+00  0.2340E+01  0.2340E+01
  0.4310E+00  0.2562E+01  0.1630E+00  0.2352E+01  0.2352E+01
  0.4327E+00  0.2337E+01  0.1641E+00  0.2364E+01  0.2364E+01
  0.4344E+00  0.1981E+01  0.1642E+00  0.2377E+01  0.2377E+01
  0.4361E+00  0.2544E+01  0.1646E+00  0.2389E+01  0.2389E+01
  0.4378E+00  0.2181E+01  0.1702E+00  0.2401E+01  0.2401E+01
  0.4395E+00  0.2296E+01  0.1639E+00  0.2413E+01  0.2413E+01
  0.4412E+00  0.2954E+01  0.1641E+00  0.2423E+01  0.2423E+01
  0.4429E+00  0.2779E+01  0.1614E+00  0.2432E+01  0.2432E+01
  0.4446E+00  0.2743E+01  0.1746E+00  0.2439E+01  0.2439E+01
  0.4463E+00  0.2484E+01  0.1823E+00  0.2445E+01  0.2445E+01
  0.4479E+00  0.2287E+01  0.1883E+00  0.2449E+01  0.2449E+01
  0.4496E+00  0.2239E+01  0.1907E+00  0.2451E+01  0.2451E+01
  0.4513E+00  0.2889E+01  0.2026E+00  0.2450E+01  0.2450E+01
  0.4530E+00  0.3049E+01  0.2099E+00  0.2448E+01  0.2448E+01
  0.4547E+00  0.2358E+01  0.2208E+00  0.2443E+01  0.2443E+01
  0.4564E+00  0.2404E+01  0.2282E+00  0.2435E+01  0.2435E+01
  0.4581E+00  0.2298E+01  0.2318E+00  0.2426E+01  0.2426E+01
  0.4598E+00  0.2519E+01  0.2421E+00  0.2414E+01  0.2414E+01
  0.4615E+00  0.2190E+01  0.2540E+00  0.2401E+01  0.2401E+01
  0.4632E+00  0.2670E+01  0.2654E+00  0.2385E+01  0.2385E+01
  0.4648E+00  0.2591E+01  0.2697E+00  0.2368E+01  0.2368E+01
  0.4665E+00  0.2038E+01  0.2882E+00  0.2349E+01  0.2349E+01
  0.4682E+00  0.1874E+01  0.3005E+00  0.2329E+01  0.2329E+01
  0.4699E+00  0.1770E+01  0.3127E+00  0.2309E+01  0.2309E+01
  0.4716E+00  0.2313E+01  0.3232E+00  0.2288E+01  0.2288E+01
  0.4733E+00  0.2485E+01  0.3384E+00  0.2266E+01  0.2266E+01
  0.4750E+00  0.1807E+01  0.3693E+00  0.2244E+01  0.2244E+01
  0.4767E+00  0.2274E+01  0.3840E+00  0.2223E+01  0.2223E+01
  0.4784E+00  0.3011E+01  0.4029E+00  0.2202E+01  0.2202E+01
  0.4801E+00  0.1849E+01  0.4357E+00  0.2181E+01  0.2181E+01
  0.4817E+00  0.2067E+01  0.4757E+00  0.2162E+01  0.2162E+01
  0.4834E+00  0.3012E+01  0.5151E+00  0.2143E+01  0.2143E+01
  0.4851E+00  0.3585E+01  0.5714E+00  0.2125E+01  0.2125E+01
  0.4868E+00  0.2008E+01  0.7185E+00  0.2109E+01  0.2109E+01
  0.4885E+00  0.5838E+01  0.8482E+00  0.2094E+01  0.2094E+01
  0.4902E+00  0.2874E+01  0.1040E+01  0.2080E+01  0.2080E+01
  0.4919E+00 -0.5885E+00  0.1696E+01  0.2068E+01  0.2068E+01

           Distance distribution  function of particle  


       R          P(R)      ERROR

  0.0000E+00  0.0000E+00  0.0000E+00
  0.1036E+01  0.3445E-01  0.6035E-03
  0.2072E+01  0.5237E-01  0.7427E-03
  0.3108E+01  0.5626E-01  0.5273E-03
  0.4144E+01  0.4989E-01  0.1998E-03
  0.5180E+01  0.3769E-01  0.4896E-03
  0.6216E+01  0.2419E-01  0.8681E-03
  0.7252E+01  0.1331E-01  0.1055E-02
  0.8288E+01  0.7949E-02  0.9990E-03
  0.9324E+01  0.9609E-02  0.7318E-03
  0.1036E+02  0.1836E-01  0.4233E-03
  0.1140E+02  0.3300E-01  0.5342E-03
  0.1243E+02  0.5141E-01  0.8915E-03
  0.1347E+02  0.7102E-01  0.1135E-02
  0.1450E+02  0.8930E-01  0.1166E-02
  0.1554E+02  0.1043E+00  0.9859E-03
  0.1658E+02  0.1147E+00  0.7029E-03
  0.1761E+02  0.1204E+00  0.6192E-03
  0.1865E+02  0.1219E+00  0.8916E-03
  0.1968E+02  0.1206E+00  0.1203E-02
  0.2072E+02  0.1181E+00  0.1361E-02
  0.2176E+02  0.1161E+00  0.1315E-02
  0.2279E+02  0.1159E+00  0.1109E-02
  0.2383E+02  0.1182E+00  0.9042E-03
  0.2486E+02  0.1231E+00  0.9423E-03
  0.2590E+02  0.1299E+00  0.1201E-02
  0.2694E+02  0.1378E+00  0.1445E-02
  0.2797E+02  0.1453E+00  0.1540E-02
  0.2901E+02  0.1511E+00  0.1460E-02
  0.3004E+02  0.1545E+00  0.1277E-02
  0.3108E+02  0.1548E+00  0.1155E-02
  0.3212E+02  0.1521E+00  0.1239E-02
  0.3315E+02  0.1470E+00  0.1456E-02
  0.3419E+02  0.1405E+00  0.1633E-02
  0.3522E+02  0.1335E+00  0.1668E-02
  0.3626E+02  0.1273E+00  0.1554E-02
  0.3730E+02  0.1225E+00  0.1370E-02
  0.3833E+02  0.1197E+00  0.1267E-02
  0.3937E+02  0.1188E+00  0.1350E-02
  0.4040E+02  0.1195E+00  0.1543E-02
  0.4144E+02  0.1210E+00  0.1707E-02
  0.4248E+02  0.1225E+00  0.1761E-02
  0.4351E+02  0.1233E+00  0.1704E-02
  0.4455E+02  0.1228E+00  0.1598E-02
  0.4558E+02  0.1205E+00  0.1527E-02
  0.4662E+02  0.1165E+00  0.1535E-02
  0.4766E+02  0.1111E+00  0.1587E-02
  0.4869E+02  0.1048E+00  0.1621E-02
  0.4973E+02  0.9818E-01  0.1609E-02
  0.5076E+02  0.9193E-01  0.1584E-02
  0.5180E+02  0.8650E-01  0.1609E-02
  0.5284E+02  0.8214E-01  0.1715E-02
  0.5387E+02  0.7889E-01  0.1865E-02
  0.5491E+02  0.7654E-01  0.1983E-02
  0.5594E+02  0.7475E-01  0.2020E-02
  0.5698E+02  0.7309E-01  0.1972E-02
  0.5802E+02  0.7117E-01  0.1883E-02
  0.5905E+02  0.6872E-01  0.1830E-02
  0.6009E+02  0.6562E-01  0.1863E-02
  0.6112E+02  0.6194E-01  0.1962E-02
  0.6216E+02  0.5790E-01  0.2060E-02
  0.6320E+02  0.5383E-01  0.2096E-02
  0.6423E+02  0.5011E-01  0.2048E-02
  0.6527E+02  0.4705E-01  0.1936E-02
  0.6630E+02  0.4484E-01  0.1812E-02
  0.6734E+02  0.4353E-01  0.1736E-02
  0.6838E+02  0.4300E-01  0.1743E-02
  0.6941E+02  0.4298E-01  0.1822E-02
  0.7045E+02  0.4313E-01  0.1936E-02
  0.7148E+02  0.4307E-01  0.2050E-02
  0.7252E+02  0.4250E-01  0.2141E-02
  0.7356E+02  0.4123E-01  0.2197E-02
  0.7459E+02  0.3926E-01  0.2209E-02
  0.7563E+02  0.3671E-01  0.2178E-02
  0.7666E+02  0.3389E-01  0.2121E-02
  0.7770E+02  0.3117E-01  0.2079E-02
  0.7874E+02  0.2891E-01  0.2099E-02
  0.7977E+02  0.2741E-01  0.2203E-02
  0.8081E+02  0.2682E-01  0.2369E-02
  0.8184E+02  0.2710E-01  0.2540E-02
  0.8288E+02  0.2801E-01  0.2666E-02
  0.8392E+02  0.2914E-01  0.2715E-02
  0.8495E+02  0.2999E-01  0.2688E-02
  0.8599E+02  0.3008E-01  0.2612E-02
  0.8702E+02  0.2902E-01  0.2528E-02
  0.8806E+02  0.2666E-01  0.2474E-02
  0.8910E+02  0.2310E-01  0.2478E-02
  0.9013E+02  0.1876E-01  0.2545E-02
  0.9117E+02  0.1430E-01  0.2657E-02
  0.9220E+02  0.1057E-01  0.2779E-02
  0.9324E+02  0.8427E-02  0.2861E-02
  0.9428E+02  0.8613E-02  0.2854E-02
  0.9531E+02  0.1154E-01  0.2728E-02
  0.9635E+02  0.1715E-01  0.2514E-02
  0.9738E+02  0.2479E-01  0.2332E-02
  0.9842E+02  0.3316E-01  0.2356E-02
  0.9946E+02  0.4031E-01  0.2609E-02
  0.1005E+03  0.4369E-01  0.2856E-02
  0.1015E+03  0.4031E-01  0.2742E-02
  0.1026E+03  0.2688E-01  0.1905E-02
  0.1036E+03  0.0000E+00  0.0000E+00
          Reciprocal space: Rg =   33.58     , I(0) =   0.9042E+02
     Real space: Rg =   33.83 +- 0.139  I(0) =   0.9044E+02 +-  0.3589E+00
