
           ####    G N O M   ---   Version 4.5a revised 09/02/02     ####

                                                  Fri Oct 20 04:27:16 2017
           ===    Run No   1   ===
 Run title:   Merge of: p2_H10_2.mcc p2_H10_1.mcc p2_H3_1.mccd p4_G3_2.mccd p4


   *******   Working Directory :
   *******    Input file(s) : 24409_merged.dat
           Condition P(rmin) = 0 is used. 
           Condition P(rmax) = 0 is used. 

          Experimental conditions for the first run
          -----------------------------------------

          Highest ALPHA is found to be   0.7232E+03

  The measure of inconsistency AN1 equals to    0.7754E+00
     Alpha    Discrp  Oscill  Stabil  Sysdev  Positv  Valcen    Total   
  0.7232E+06 53.9714  1.3545  0.9798  0.0000  1.0000  0.8175  0.00001
  0.1446E+06 51.8959  1.3467  0.9411  0.0000  1.0000  0.8187  0.00001
  0.2893E+05 43.9655  1.3140  0.7951  0.0000  1.0000  0.8242  0.00001
  0.5786E+04 27.3939  1.2371  0.4951  0.1506  1.0000  0.8385  0.00001
  0.1157E+04 12.2398  1.2241  0.1979  0.0879  1.0000  0.8472  0.00001
  0.2314E+03  4.3393  1.3462  0.0827  0.1590  1.0000  0.8355  0.00001
  0.4629E+02  1.2596  1.4614  0.0364  0.4477  1.0000  0.8240  0.50731
  0.9257E+01  0.5298  1.5038  0.0099  0.6318  1.0000  0.8199  0.48838
  0.1851E+01  0.4504  1.5167  0.0033  0.6402  1.0000  0.8188  0.46439
  0.3703E+00  0.4441  1.5221  0.0033  0.6485  1.0000  0.8184  0.43775
  0.7406E-01  0.4419  1.5350  0.0082  0.6569  1.0000  0.8183  0.10000
  0.1481E-01  0.4382  1.6495  0.0337  0.6485  1.0000  0.8191  0.10000
  0.2962E-02  0.4299  2.5525  0.0833  0.6402  0.9995  0.8210  0.10000
  0.5925E-03  0.4232  4.2344  0.0740  0.6569  0.9966  0.8207  0.10000
  0.1185E-03  0.4217  5.3226  0.1264  0.6234  0.9956  0.8037  0.10000
  0.2370E-04  0.4206  8.2022  0.3917  0.6318  0.9918  0.7112  0.10000
  0.4740E-05  0.4169 14.2992  0.7964  0.6402  0.8899  0.4222  0.10000
  0.9479E-06  0.4035 16.2681  0.7968  0.6234  0.7622  0.3118  0.10000
  0.1896E-06  0.3777 16.3607  0.4906  0.6109  0.7276  0.2837  0.10000
  0.3792E-07  0.3642 15.7627  0.3081  0.6192  0.7183  0.2890  0.10000
  0.7584E-08  0.3579 15.7438  0.5417  0.6276  0.7106  0.2929  0.10000
  0.1517E-08  0.3453 18.7293  0.5386  0.6192  0.7076  0.2914  0.10000
  0.3033E-09  0.3243 24.9923  0.5949  0.6527  0.7039  0.2936  0.10000
  0.6067E-10  0.2813 32.1032  0.6300  0.6862  0.7251  0.3479  0.10000
  0.1213E-10  0.2045 37.4543  0.5000  0.6360  0.7331  0.4533  0.10000
  0.2427E-11  0.1077 42.6938  0.3272  0.6192  0.7130  0.4337  0.10000
  0.4854E-12  0.0368 45.6581  0.1448  0.6276  0.7043  0.3841  0.10000
  0.9707E-13  0.0089 46.6726  0.0402  0.6527  0.7032  0.3627  0.10000
  0.1941E-13  0.0019 46.9199  0.0087  0.6527  0.7031  0.3573  0.10000
  0.3883E-14  0.0004 46.9718  0.0018  0.6527  0.7031  0.3561  0.10000
  0.7766E-15  0.0001 46.9823  0.0004  0.6527  0.7031  0.3559  0.10000

          ***  Golden section search to maximize estimate ***
     Alpha    Discrp  Oscill  Stabil  Sysdev  Positv  Valcen    Total   
  0.2503E+02  0.8180  1.4838  0.0226  0.5314  1.0000  0.8218  0.51819
  0.1712E+02  0.6627  1.4933  0.0165  0.5565  1.0000  0.8209  0.50329
  0.3166E+02  0.9545  1.4764  0.0273  0.4979  1.0000  0.8225  0.52372
  0.3660E+02  1.0576  1.4712  0.0306  0.4812  1.0000  0.8230  0.52237
  0.2894E+02  0.8981  1.4794  0.0255  0.4979  1.0000  0.8222  0.52225
  0.3346E+02  0.9921  1.4745  0.0285  0.5063  1.0000  0.8227  0.52395
  0.3463E+02  1.0164  1.4733  0.0293  0.4895  1.0000  0.8228  0.52352
  0.3276E+02  0.9774  1.4753  0.0281  0.5063  1.0000  0.8226  0.52398
  0.3233E+02  0.9686  1.4757  0.0278  0.4979  1.0000  0.8226  0.52385
  0.3302E+02  0.9830  1.4750  0.0283  0.5063  1.0000  0.8226  0.52398
  0.3319E+02  0.9864  1.4748  0.0284  0.5063  1.0000  0.8227  0.52397
  0.3292E+02  0.9809  1.4751  0.0282  0.5063  1.0000  0.8226  0.52398
  0.3292E+02  0.9809  1.4751  0.0282  0.5063  1.0000  0.8226  0.52398



             ####            Final results            ####

 Parameter    DISCRP    OSCILL    STABIL    SYSDEV    POSITV    VALCEN
 Weight        1.000     3.000     3.000     4.000     1.000     1.000
 Sigma         0.500     0.600     0.120     0.200     0.120     0.120
 Ideal         1.000     1.100     0.000     1.000     1.000     0.950
 Current       0.981     1.475     0.028     0.506     1.000     0.823
                - - - - - - - - - - - - - - - - - - - - - - - - - 
 Estimate      0.999     0.677     0.946     0.002     1.000     0.324

  Angular   range    :     from    0.0155   to    0.3061
  Real space range   :     from      0.00   to    118.50

  Highest ALPHA (theor) :   0.723E+06                 JOB = 0
  Current ALPHA         :   0.329E+02   Rg :  0.342E+02   I(0) :   0.200E+02

           Total  estimate : 0.524  which is  A REASONABLE  solution

      S          J EXP       ERROR       J REG       I REG

  0.0000E+00                                      0.1996E+02
  0.6202E-03                                      0.1996E+02
  0.1240E-02                                      0.1995E+02
  0.1861E-02                                      0.1994E+02
  0.2481E-02                                      0.1992E+02
  0.3101E-02                                      0.1989E+02
  0.3721E-02                                      0.1986E+02
  0.4342E-02                                      0.1982E+02
  0.4962E-02                                      0.1977E+02
  0.5582E-02                                      0.1972E+02
  0.6202E-02                                      0.1966E+02
  0.6823E-02                                      0.1960E+02
  0.7443E-02                                      0.1953E+02
  0.8063E-02                                      0.1946E+02
  0.8683E-02                                      0.1938E+02
  0.9304E-02                                      0.1930E+02
  0.9924E-02                                      0.1921E+02
  0.1054E-01                                      0.1911E+02
  0.1116E-01                                      0.1901E+02
  0.1178E-01                                      0.1891E+02
  0.1240E-01                                      0.1880E+02
  0.1303E-01                                      0.1868E+02
  0.1365E-01                                      0.1856E+02
  0.1427E-01                                      0.1844E+02
  0.1489E-01                                      0.1831E+02
  0.1551E-01  0.1874E+02  0.3299E+00  0.1818E+02  0.1818E+02
  0.1611E-01  0.1808E+02  0.2793E+00  0.1804E+02  0.1804E+02
  0.1672E-01  0.1805E+02  0.2992E+00  0.1790E+02  0.1790E+02
  0.1733E-01  0.1742E+02  0.2835E+00  0.1776E+02  0.1776E+02
  0.1794E-01  0.1715E+02  0.2735E+00  0.1762E+02  0.1762E+02
  0.1855E-01  0.1703E+02  0.3426E+00  0.1747E+02  0.1747E+02
  0.1915E-01  0.1736E+02  0.2289E+00  0.1731E+02  0.1731E+02
  0.1976E-01  0.1718E+02  0.2318E+00  0.1716E+02  0.1716E+02
  0.2037E-01  0.1709E+02  0.2515E+00  0.1700E+02  0.1700E+02
  0.2098E-01  0.1723E+02  0.2662E+00  0.1684E+02  0.1684E+02
  0.2159E-01  0.1663E+02  0.3242E+00  0.1667E+02  0.1667E+02
  0.2219E-01  0.1648E+02  0.1535E+00  0.1651E+02  0.1651E+02
  0.2280E-01  0.1633E+02  0.1074E+00  0.1634E+02  0.1634E+02
  0.2341E-01  0.1623E+02  0.1091E+00  0.1617E+02  0.1617E+02
  0.2402E-01  0.1594E+02  0.1063E+00  0.1599E+02  0.1599E+02
  0.2463E-01  0.1588E+02  0.1133E+00  0.1582E+02  0.1582E+02
  0.2524E-01  0.1566E+02  0.1086E+00  0.1564E+02  0.1564E+02
  0.2584E-01  0.1548E+02  0.1025E+00  0.1546E+02  0.1546E+02
  0.2645E-01  0.1537E+02  0.9526E-01  0.1528E+02  0.1528E+02
  0.2706E-01  0.1502E+02  0.8875E-01  0.1510E+02  0.1510E+02
  0.2767E-01  0.1486E+02  0.8823E-01  0.1491E+02  0.1491E+02
  0.2828E-01  0.1466E+02  0.9510E-01  0.1473E+02  0.1473E+02
  0.2888E-01  0.1440E+02  0.9239E-01  0.1454E+02  0.1454E+02
  0.2949E-01  0.1435E+02  0.9492E-01  0.1436E+02  0.1436E+02
  0.3010E-01  0.1418E+02  0.7792E-01  0.1417E+02  0.1417E+02
  0.3071E-01  0.1397E+02  0.7713E-01  0.1398E+02  0.1398E+02
  0.3132E-01  0.1370E+02  0.3360E+00  0.1380E+02  0.1380E+02
  0.3192E-01  0.1368E+02  0.1371E+00  0.1361E+02  0.1361E+02
  0.3253E-01  0.1360E+02  0.1308E+00  0.1342E+02  0.1342E+02
  0.3314E-01  0.1329E+02  0.1298E+00  0.1323E+02  0.1323E+02
  0.3375E-01  0.1310E+02  0.1237E+00  0.1304E+02  0.1304E+02
  0.3436E-01  0.1298E+02  0.1209E+00  0.1285E+02  0.1285E+02
  0.3497E-01  0.1286E+02  0.1228E+00  0.1267E+02  0.1267E+02
  0.3557E-01  0.1271E+02  0.1119E+00  0.1248E+02  0.1248E+02
  0.3618E-01  0.1273E+02  0.1069E+00  0.1229E+02  0.1229E+02
  0.3679E-01  0.1246E+02  0.1084E+00  0.1211E+02  0.1211E+02
  0.3740E-01  0.1218E+02  0.1154E+00  0.1192E+02  0.1192E+02
  0.3801E-01  0.1205E+02  0.1139E+00  0.1174E+02  0.1174E+02
  0.3861E-01  0.1175E+02  0.1091E+00  0.1155E+02  0.1155E+02
  0.3922E-01  0.1142E+02  0.1192E+00  0.1137E+02  0.1137E+02
  0.3983E-01  0.1137E+02  0.1105E+00  0.1119E+02  0.1119E+02
  0.4044E-01  0.1129E+02  0.1122E+00  0.1101E+02  0.1101E+02
  0.4105E-01  0.1101E+02  0.1069E+00  0.1083E+02  0.1083E+02
  0.4165E-01  0.1082E+02  0.1120E+00  0.1065E+02  0.1065E+02
  0.4226E-01  0.1071E+02  0.1024E+00  0.1048E+02  0.1048E+02
  0.4287E-01  0.1044E+02  0.1050E+00  0.1030E+02  0.1030E+02
  0.4348E-01  0.1027E+02  0.9646E-01  0.1013E+02  0.1013E+02
  0.4409E-01  0.1009E+02  0.9378E-01  0.9961E+01  0.9961E+01
  0.4469E-01  0.9757E+01  0.9579E-01  0.9793E+01  0.9793E+01
  0.4530E-01  0.9616E+01  0.9547E-01  0.9626E+01  0.9626E+01
  0.4591E-01  0.9447E+01  0.1180E+00  0.9461E+01  0.9461E+01
  0.4652E-01  0.9297E+01  0.9586E-01  0.9297E+01  0.9297E+01
  0.4713E-01  0.9184E+01  0.1045E+00  0.9136E+01  0.9136E+01
  0.4773E-01  0.9252E+01  0.9214E-01  0.8977E+01  0.8977E+01
  0.4834E-01  0.8976E+01  0.9217E-01  0.8820E+01  0.8820E+01
  0.4895E-01  0.8820E+01  0.9353E-01  0.8665E+01  0.8665E+01
  0.4956E-01  0.8611E+01  0.9731E-01  0.8512E+01  0.8512E+01
  0.5017E-01  0.8491E+01  0.8533E-01  0.8362E+01  0.8362E+01
  0.5078E-01  0.8347E+01  0.9848E-01  0.8213E+01  0.8213E+01
  0.5138E-01  0.8162E+01  0.9620E-01  0.8067E+01  0.8067E+01
  0.5199E-01  0.8048E+01  0.1231E+00  0.7923E+01  0.7923E+01
  0.5260E-01  0.7879E+01  0.8940E-01  0.7781E+01  0.7781E+01
  0.5321E-01  0.7706E+01  0.9055E-01  0.7641E+01  0.7641E+01
  0.5382E-01  0.7664E+01  0.8380E-01  0.7504E+01  0.7504E+01
  0.5442E-01  0.7533E+01  0.8700E-01  0.7369E+01  0.7369E+01
  0.5503E-01  0.7414E+01  0.8237E-01  0.7236E+01  0.7236E+01
  0.5564E-01  0.7354E+01  0.8589E-01  0.7105E+01  0.7105E+01
  0.5625E-01  0.7250E+01  0.8613E-01  0.6977E+01  0.6977E+01
  0.5686E-01  0.7026E+01  0.8739E-01  0.6851E+01  0.6851E+01
  0.5746E-01  0.6843E+01  0.8188E-01  0.6727E+01  0.6727E+01
  0.5807E-01  0.6764E+01  0.7906E-01  0.6605E+01  0.6605E+01
  0.5868E-01  0.6720E+01  0.7596E-01  0.6485E+01  0.6485E+01
  0.5929E-01  0.6606E+01  0.7805E-01  0.6368E+01  0.6368E+01
  0.5990E-01  0.6480E+01  0.8686E-01  0.6253E+01  0.6253E+01
  0.6050E-01  0.6333E+01  0.7315E-01  0.6140E+01  0.6140E+01
  0.6111E-01  0.6220E+01  0.8162E-01  0.6029E+01  0.6029E+01
  0.6172E-01  0.6087E+01  0.9395E-01  0.5920E+01  0.5920E+01
  0.6233E-01  0.5994E+01  0.8510E-01  0.5813E+01  0.5813E+01
  0.6294E-01  0.5886E+01  0.7325E-01  0.5708E+01  0.5708E+01
  0.6354E-01  0.5748E+01  0.7488E-01  0.5605E+01  0.5605E+01
  0.6415E-01  0.5672E+01  0.6868E-01  0.5504E+01  0.5504E+01
  0.6476E-01  0.5650E+01  0.6946E-01  0.5405E+01  0.5405E+01
  0.6537E-01  0.5606E+01  0.7446E-01  0.5309E+01  0.5309E+01
  0.6598E-01  0.5589E+01  0.7981E-01  0.5213E+01  0.5213E+01
  0.6659E-01  0.5488E+01  0.8582E-01  0.5120E+01  0.5120E+01
  0.6719E-01  0.5288E+01  0.7705E-01  0.5029E+01  0.5029E+01
  0.6780E-01  0.5191E+01  0.7073E-01  0.4939E+01  0.4939E+01
  0.6841E-01  0.5040E+01  0.6937E-01  0.4851E+01  0.4851E+01
  0.6902E-01  0.4944E+01  0.7322E-01  0.4765E+01  0.4765E+01
  0.6963E-01  0.4917E+01  0.7191E-01  0.4680E+01  0.4680E+01
  0.7023E-01  0.4615E+01  0.6646E-01  0.4598E+01  0.4598E+01
  0.7084E-01  0.4590E+01  0.6722E-01  0.4516E+01  0.4516E+01
  0.7145E-01  0.4537E+01  0.7156E-01  0.4437E+01  0.4437E+01
  0.7206E-01  0.4480E+01  0.6539E-01  0.4359E+01  0.4359E+01
  0.7267E-01  0.4403E+01  0.6575E-01  0.4282E+01  0.4282E+01
  0.7327E-01  0.4258E+01  0.6403E-01  0.4207E+01  0.4207E+01
  0.7388E-01  0.4163E+01  0.6533E-01  0.4133E+01  0.4133E+01
  0.7449E-01  0.4157E+01  0.6396E-01  0.4061E+01  0.4061E+01
  0.7510E-01  0.4061E+01  0.6214E-01  0.3990E+01  0.3990E+01
  0.7571E-01  0.4034E+01  0.6265E-01  0.3920E+01  0.3920E+01
  0.7631E-01  0.3953E+01  0.6228E-01  0.3852E+01  0.3852E+01
  0.7692E-01  0.3845E+01  0.6334E-01  0.3784E+01  0.3784E+01
  0.7753E-01  0.3827E+01  0.5506E-01  0.3719E+01  0.3719E+01
  0.7814E-01  0.3708E+01  0.4838E-01  0.3654E+01  0.3654E+01
  0.7875E-01  0.3637E+01  0.4576E-01  0.3591E+01  0.3591E+01
  0.7935E-01  0.3577E+01  0.4741E-01  0.3528E+01  0.3528E+01
  0.7996E-01  0.3586E+01  0.4779E-01  0.3467E+01  0.3467E+01
  0.8057E-01  0.3483E+01  0.4580E-01  0.3407E+01  0.3407E+01
  0.8118E-01  0.3448E+01  0.4365E-01  0.3348E+01  0.3348E+01
  0.8179E-01  0.3295E+01  0.4718E-01  0.3290E+01  0.3290E+01
  0.8239E-01  0.3303E+01  0.4560E-01  0.3233E+01  0.3233E+01
  0.8300E-01  0.3155E+01  0.4581E-01  0.3177E+01  0.3177E+01
  0.8361E-01  0.3138E+01  0.4442E-01  0.3122E+01  0.3122E+01
  0.8422E-01  0.3077E+01  0.4676E-01  0.3067E+01  0.3067E+01
  0.8483E-01  0.3094E+01  0.4742E-01  0.3014E+01  0.3014E+01
  0.8544E-01  0.3025E+01  0.4530E-01  0.2962E+01  0.2962E+01
  0.8604E-01  0.2912E+01  0.4291E-01  0.2910E+01  0.2910E+01
  0.8665E-01  0.2851E+01  0.4246E-01  0.2860E+01  0.2860E+01
  0.8726E-01  0.2767E+01  0.4143E-01  0.2810E+01  0.2810E+01
  0.8787E-01  0.2770E+01  0.4092E-01  0.2761E+01  0.2761E+01
  0.8847E-01  0.2707E+01  0.4010E-01  0.2713E+01  0.2713E+01
  0.8908E-01  0.2703E+01  0.4148E-01  0.2665E+01  0.2665E+01
  0.8969E-01  0.2644E+01  0.4486E-01  0.2619E+01  0.2619E+01
  0.9030E-01  0.2590E+01  0.4175E-01  0.2573E+01  0.2573E+01
  0.9091E-01  0.2524E+01  0.4258E-01  0.2528E+01  0.2528E+01
  0.9151E-01  0.2481E+01  0.4256E-01  0.2484E+01  0.2484E+01
  0.9212E-01  0.2459E+01  0.4267E-01  0.2440E+01  0.2440E+01
  0.9273E-01  0.2381E+01  0.4281E-01  0.2397E+01  0.2397E+01
  0.9334E-01  0.2339E+01  0.4329E-01  0.2355E+01  0.2355E+01
  0.9395E-01  0.2382E+01  0.4401E-01  0.2313E+01  0.2313E+01
  0.9456E-01  0.2267E+01  0.4480E-01  0.2272E+01  0.2272E+01
  0.9516E-01  0.2233E+01  0.4163E-01  0.2232E+01  0.2232E+01
  0.9577E-01  0.2214E+01  0.3854E-01  0.2192E+01  0.2192E+01
  0.9638E-01  0.2162E+01  0.4064E-01  0.2153E+01  0.2153E+01
  0.9699E-01  0.2084E+01  0.2379E-01  0.2115E+01  0.2115E+01
  0.9760E-01  0.2066E+01  0.2245E-01  0.2077E+01  0.2077E+01
  0.9820E-01  0.2034E+01  0.2234E-01  0.2040E+01  0.2040E+01
  0.9881E-01  0.2001E+01  0.4790E-01  0.2003E+01  0.2003E+01
  0.9942E-01  0.1981E+01  0.2343E-01  0.1967E+01  0.1967E+01
  0.1000E+00  0.1942E+01  0.2272E-01  0.1932E+01  0.1932E+01
  0.1006E+00  0.1901E+01  0.2278E-01  0.1897E+01  0.1897E+01
  0.1012E+00  0.1844E+01  0.2292E-01  0.1863E+01  0.1863E+01
  0.1019E+00  0.1805E+01  0.2269E-01  0.1830E+01  0.1830E+01
  0.1025E+00  0.1794E+01  0.2347E-01  0.1797E+01  0.1797E+01
  0.1031E+00  0.1800E+01  0.2223E-01  0.1764E+01  0.1764E+01
  0.1037E+00  0.1779E+01  0.2264E-01  0.1732E+01  0.1732E+01
  0.1043E+00  0.1715E+01  0.2147E-01  0.1701E+01  0.1701E+01
  0.1049E+00  0.1695E+01  0.2122E-01  0.1670E+01  0.1670E+01
  0.1055E+00  0.1632E+01  0.2149E-01  0.1640E+01  0.1640E+01
  0.1061E+00  0.1599E+01  0.2132E-01  0.1610E+01  0.1610E+01
  0.1067E+00  0.1617E+01  0.2124E-01  0.1581E+01  0.1581E+01
  0.1073E+00  0.1577E+01  0.2156E-01  0.1552E+01  0.1552E+01
  0.1079E+00  0.1536E+01  0.2142E-01  0.1524E+01  0.1524E+01
  0.1085E+00  0.1503E+01  0.2097E-01  0.1496E+01  0.1496E+01
  0.1091E+00  0.1497E+01  0.2057E-01  0.1469E+01  0.1469E+01
  0.1098E+00  0.1447E+01  0.2064E-01  0.1443E+01  0.1443E+01
  0.1104E+00  0.1419E+01  0.2060E-01  0.1417E+01  0.1417E+01
  0.1110E+00  0.1383E+01  0.2158E-01  0.1391E+01  0.1391E+01
  0.1116E+00  0.1354E+01  0.2152E-01  0.1366E+01  0.1366E+01
  0.1122E+00  0.1348E+01  0.2041E-01  0.1341E+01  0.1341E+01
  0.1128E+00  0.1331E+01  0.2089E-01  0.1317E+01  0.1317E+01
  0.1134E+00  0.1302E+01  0.2053E-01  0.1293E+01  0.1293E+01
  0.1140E+00  0.1270E+01  0.2074E-01  0.1270E+01  0.1270E+01
  0.1146E+00  0.1253E+01  0.2126E-01  0.1247E+01  0.1247E+01
  0.1152E+00  0.1221E+01  0.2066E-01  0.1224E+01  0.1224E+01
  0.1158E+00  0.1215E+01  0.2026E-01  0.1202E+01  0.1202E+01
  0.1164E+00  0.1203E+01  0.2085E-01  0.1181E+01  0.1181E+01
  0.1171E+00  0.1182E+01  0.2056E-01  0.1160E+01  0.1160E+01
  0.1177E+00  0.1148E+01  0.2020E-01  0.1139E+01  0.1139E+01
  0.1183E+00  0.1117E+01  0.1974E-01  0.1119E+01  0.1119E+01
  0.1189E+00  0.1094E+01  0.2001E-01  0.1099E+01  0.1099E+01
  0.1195E+00  0.1063E+01  0.2063E-01  0.1080E+01  0.1080E+01
  0.1201E+00  0.1040E+01  0.2306E-01  0.1061E+01  0.1061E+01
  0.1207E+00  0.1007E+01  0.2126E-01  0.1042E+01  0.1042E+01
  0.1213E+00  0.1007E+01  0.2288E-01  0.1024E+01  0.1024E+01
  0.1219E+00  0.9847E+00  0.2187E-01  0.1006E+01  0.1006E+01
  0.1225E+00  0.9838E+00  0.3099E-01  0.9881E+00  0.9881E+00
  0.1231E+00  0.1003E+01  0.4557E-01  0.9709E+00  0.9709E+00
  0.1237E+00  0.9555E+00  0.2799E-01  0.9540E+00  0.9540E+00
  0.1244E+00  0.9307E+00  0.3309E-01  0.9375E+00  0.9375E+00
  0.1250E+00  0.9087E+00  0.2362E-01  0.9214E+00  0.9214E+00
  0.1256E+00  0.8805E+00  0.2006E-01  0.9056E+00  0.9056E+00
  0.1262E+00  0.8874E+00  0.1997E-01  0.8901E+00  0.8901E+00
  0.1268E+00  0.8529E+00  0.2033E-01  0.8749E+00  0.8749E+00
  0.1274E+00  0.8578E+00  0.2305E-01  0.8600E+00  0.8600E+00
  0.1280E+00  0.8289E+00  0.2019E-01  0.8455E+00  0.8455E+00
  0.1286E+00  0.8361E+00  0.2202E-01  0.8312E+00  0.8312E+00
  0.1292E+00  0.7776E+00  0.2015E-01  0.8172E+00  0.8172E+00
  0.1298E+00  0.8009E+00  0.1961E-01  0.8035E+00  0.8035E+00
  0.1304E+00  0.7892E+00  0.1920E-01  0.7901E+00  0.7901E+00
  0.1310E+00  0.7644E+00  0.1861E-01  0.7770E+00  0.7770E+00
  0.1316E+00  0.7583E+00  0.1835E-01  0.7641E+00  0.7641E+00
  0.1323E+00  0.7472E+00  0.1906E-01  0.7515E+00  0.7515E+00
  0.1329E+00  0.7296E+00  0.1888E-01  0.7391E+00  0.7391E+00
  0.1335E+00  0.7217E+00  0.1886E-01  0.7270E+00  0.7270E+00
  0.1341E+00  0.7154E+00  0.1803E-01  0.7151E+00  0.7151E+00
  0.1347E+00  0.6959E+00  0.1872E-01  0.7035E+00  0.7035E+00
  0.1353E+00  0.6935E+00  0.1835E-01  0.6921E+00  0.6921E+00
  0.1359E+00  0.6906E+00  0.1888E-01  0.6809E+00  0.6809E+00
  0.1365E+00  0.6568E+00  0.1939E-01  0.6699E+00  0.6699E+00
  0.1371E+00  0.6670E+00  0.1833E-01  0.6592E+00  0.6592E+00
  0.1377E+00  0.6342E+00  0.1882E-01  0.6486E+00  0.6486E+00
  0.1383E+00  0.6297E+00  0.1839E-01  0.6383E+00  0.6383E+00
  0.1389E+00  0.6226E+00  0.1924E-01  0.6281E+00  0.6281E+00
  0.1396E+00  0.6166E+00  0.1853E-01  0.6182E+00  0.6182E+00
  0.1402E+00  0.6117E+00  0.1928E-01  0.6084E+00  0.6084E+00
  0.1408E+00  0.5757E+00  0.1927E-01  0.5989E+00  0.5989E+00
  0.1414E+00  0.5683E+00  0.1826E-01  0.5895E+00  0.5895E+00
  0.1420E+00  0.5709E+00  0.1839E-01  0.5803E+00  0.5803E+00
  0.1426E+00  0.5525E+00  0.1873E-01  0.5713E+00  0.5713E+00
  0.1432E+00  0.5459E+00  0.1837E-01  0.5624E+00  0.5624E+00
  0.1438E+00  0.5559E+00  0.1853E-01  0.5538E+00  0.5538E+00
  0.1444E+00  0.5185E+00  0.1875E-01  0.5453E+00  0.5453E+00
  0.1450E+00  0.5062E+00  0.1850E-01  0.5369E+00  0.5369E+00
  0.1456E+00  0.4890E+00  0.1878E-01  0.5287E+00  0.5287E+00
  0.1462E+00  0.4782E+00  0.1798E-01  0.5207E+00  0.5207E+00
  0.1468E+00  0.5208E+00  0.1769E-01  0.5128E+00  0.5128E+00
  0.1475E+00  0.4857E+00  0.1839E-01  0.5051E+00  0.5051E+00
  0.1481E+00  0.4546E+00  0.1824E-01  0.4975E+00  0.4975E+00
  0.1487E+00  0.4574E+00  0.1809E-01  0.4901E+00  0.4901E+00
  0.1493E+00  0.4655E+00  0.1747E-01  0.4828E+00  0.4828E+00
  0.1499E+00  0.4634E+00  0.1742E-01  0.4756E+00  0.4756E+00
  0.1505E+00  0.4330E+00  0.1740E-01  0.4686E+00  0.4686E+00
  0.1511E+00  0.4393E+00  0.1706E-01  0.4617E+00  0.4617E+00
  0.1517E+00  0.4328E+00  0.1694E-01  0.4550E+00  0.4550E+00
  0.1523E+00  0.4323E+00  0.1729E-01  0.4484E+00  0.4484E+00
  0.1529E+00  0.4442E+00  0.1741E-01  0.4419E+00  0.4419E+00
  0.1535E+00  0.4170E+00  0.1670E-01  0.4356E+00  0.4356E+00
  0.1541E+00  0.4199E+00  0.1732E-01  0.4294E+00  0.4294E+00
  0.1548E+00  0.3910E+00  0.1763E-01  0.4233E+00  0.4233E+00
  0.1554E+00  0.3824E+00  0.1851E-01  0.4173E+00  0.4173E+00
  0.1560E+00  0.3830E+00  0.2052E-01  0.4115E+00  0.4115E+00
  0.1566E+00  0.3853E+00  0.1865E-01  0.4058E+00  0.4058E+00
  0.1572E+00  0.3899E+00  0.2142E-01  0.4002E+00  0.4002E+00
  0.1578E+00  0.3731E+00  0.1895E-01  0.3947E+00  0.3947E+00
  0.1584E+00  0.4019E+00  0.1724E-01  0.3894E+00  0.3894E+00
  0.1590E+00  0.3888E+00  0.1710E-01  0.3841E+00  0.3841E+00
  0.1596E+00  0.3712E+00  0.1927E-01  0.3790E+00  0.3790E+00
  0.1602E+00  0.3674E+00  0.1848E-01  0.3740E+00  0.3740E+00
  0.1608E+00  0.3660E+00  0.1898E-01  0.3691E+00  0.3691E+00
  0.1614E+00  0.3697E+00  0.1743E-01  0.3643E+00  0.3643E+00
  0.1620E+00  0.3658E+00  0.3112E-01  0.3596E+00  0.3596E+00
  0.1627E+00  0.3531E+00  0.6596E-01  0.3550E+00  0.3550E+00
  0.1633E+00  0.3341E+00  0.1345E+00  0.3505E+00  0.3505E+00
  0.1639E+00  0.3332E+00  0.3615E+00  0.3462E+00  0.3462E+00
  0.1645E+00  0.3251E+00  0.4656E+00  0.3419E+00  0.3419E+00
  0.1651E+00  0.3210E+00  0.3751E+00  0.3377E+00  0.3377E+00
  0.1657E+00  0.3204E+00  0.3593E+00  0.3336E+00  0.3336E+00
  0.1663E+00  0.3058E+00  0.3273E+00  0.3297E+00  0.3297E+00
  0.1669E+00  0.2995E+00  0.1240E+00  0.3258E+00  0.3258E+00
  0.1675E+00  0.2875E+00  0.1850E-01  0.3220E+00  0.3220E+00
  0.1681E+00  0.2802E+00  0.1698E-01  0.3183E+00  0.3183E+00
  0.1687E+00  0.2943E+00  0.1690E-01  0.3147E+00  0.3147E+00
  0.1693E+00  0.2858E+00  0.1650E-01  0.3111E+00  0.3111E+00
  0.1700E+00  0.2963E+00  0.1624E-01  0.3077E+00  0.3077E+00
  0.1706E+00  0.3015E+00  0.1634E-01  0.3043E+00  0.3043E+00
  0.1712E+00  0.2886E+00  0.1713E-01  0.3011E+00  0.3011E+00
  0.1718E+00  0.3055E+00  0.2332E-01  0.2979E+00  0.2979E+00
  0.1724E+00  0.3087E+00  0.3057E-01  0.2947E+00  0.2947E+00
  0.1730E+00  0.2816E+00  0.1994E-01  0.2917E+00  0.2917E+00
  0.1736E+00  0.2948E+00  0.1998E-01  0.2887E+00  0.2887E+00
  0.1742E+00  0.2770E+00  0.1717E-01  0.2858E+00  0.2858E+00
  0.1748E+00  0.2913E+00  0.1752E-01  0.2830E+00  0.2830E+00
  0.1754E+00  0.2884E+00  0.1675E-01  0.2802E+00  0.2802E+00
  0.1760E+00  0.2804E+00  0.1660E-01  0.2775E+00  0.2775E+00
  0.1766E+00  0.2598E+00  0.2690E-01  0.2749E+00  0.2749E+00
  0.1773E+00  0.2530E+00  0.5265E-01  0.2723E+00  0.2723E+00
  0.1779E+00  0.2408E+00  0.2677E-01  0.2698E+00  0.2698E+00
  0.1785E+00  0.2486E+00  0.1869E-01  0.2673E+00  0.2673E+00
  0.1791E+00  0.2398E+00  0.1602E-01  0.2649E+00  0.2649E+00
  0.1797E+00  0.2561E+00  0.1623E-01  0.2626E+00  0.2626E+00
  0.1803E+00  0.2635E+00  0.1635E-01  0.2603E+00  0.2603E+00
  0.1809E+00  0.2560E+00  0.1596E-01  0.2581E+00  0.2581E+00
  0.1815E+00  0.2420E+00  0.1590E-01  0.2559E+00  0.2559E+00
  0.1821E+00  0.2393E+00  0.1584E-01  0.2537E+00  0.2537E+00
  0.1827E+00  0.2454E+00  0.1546E-01  0.2516E+00  0.2516E+00
  0.1833E+00  0.2673E+00  0.1566E-01  0.2496E+00  0.2496E+00
  0.1839E+00  0.2447E+00  0.1577E-01  0.2476E+00  0.2476E+00
  0.1845E+00  0.2242E+00  0.1595E-01  0.2456E+00  0.2456E+00
  0.1852E+00  0.2292E+00  0.1686E-01  0.2437E+00  0.2437E+00
  0.1858E+00  0.2127E+00  0.1670E-01  0.2418E+00  0.2418E+00
  0.1864E+00  0.2355E+00  0.1599E-01  0.2399E+00  0.2399E+00
  0.1870E+00  0.2318E+00  0.1643E-01  0.2381E+00  0.2381E+00
  0.1876E+00  0.2307E+00  0.1606E-01  0.2363E+00  0.2363E+00
  0.1882E+00  0.2060E+00  0.1525E-01  0.2346E+00  0.2346E+00
  0.1888E+00  0.2083E+00  0.1530E-01  0.2329E+00  0.2329E+00
  0.1894E+00  0.2046E+00  0.1477E-01  0.2312E+00  0.2312E+00
  0.1900E+00  0.2189E+00  0.1481E-01  0.2295E+00  0.2295E+00
  0.1906E+00  0.2031E+00  0.1512E-01  0.2279E+00  0.2279E+00
  0.1912E+00  0.2221E+00  0.1557E-01  0.2263E+00  0.2263E+00
  0.1918E+00  0.2051E+00  0.1538E-01  0.2247E+00  0.2247E+00
  0.1925E+00  0.2074E+00  0.1506E-01  0.2232E+00  0.2232E+00
  0.1931E+00  0.2257E+00  0.1534E-01  0.2217E+00  0.2217E+00
  0.1937E+00  0.2146E+00  0.1485E-01  0.2202E+00  0.2202E+00
  0.1943E+00  0.1941E+00  0.1478E-01  0.2187E+00  0.2187E+00
  0.1949E+00  0.2025E+00  0.1491E-01  0.2172E+00  0.2172E+00
  0.1955E+00  0.2027E+00  0.1412E-01  0.2158E+00  0.2158E+00
  0.1961E+00  0.1787E+00  0.1453E-01  0.2144E+00  0.2144E+00
  0.1967E+00  0.1758E+00  0.1481E-01  0.2130E+00  0.2130E+00
  0.1973E+00  0.1773E+00  0.1522E-01  0.2117E+00  0.2117E+00
  0.1979E+00  0.1982E+00  0.1468E-01  0.2104E+00  0.2104E+00
  0.1985E+00  0.2047E+00  0.1474E-01  0.2090E+00  0.2090E+00
  0.1991E+00  0.2054E+00  0.1457E-01  0.2078E+00  0.2078E+00
  0.1997E+00  0.1891E+00  0.1455E-01  0.2065E+00  0.2065E+00
  0.2004E+00  0.1955E+00  0.1426E-01  0.2052E+00  0.2052E+00
  0.2010E+00  0.2117E+00  0.1430E-01  0.2040E+00  0.2040E+00
  0.2016E+00  0.2175E+00  0.1464E-01  0.2028E+00  0.2028E+00
  0.2022E+00  0.1950E+00  0.1404E-01  0.2016E+00  0.2016E+00
  0.2028E+00  0.2024E+00  0.1415E-01  0.2005E+00  0.2005E+00
  0.2034E+00  0.2106E+00  0.1493E-01  0.1993E+00  0.1993E+00
  0.2040E+00  0.1961E+00  0.1504E-01  0.1982E+00  0.1982E+00
  0.2046E+00  0.1912E+00  0.1487E-01  0.1971E+00  0.1971E+00
  0.2052E+00  0.1965E+00  0.1500E-01  0.1960E+00  0.1960E+00
  0.2058E+00  0.1879E+00  0.1464E-01  0.1950E+00  0.1950E+00
  0.2064E+00  0.1807E+00  0.1472E-01  0.1939E+00  0.1939E+00
  0.2070E+00  0.1920E+00  0.1445E-01  0.1929E+00  0.1929E+00
  0.2077E+00  0.2027E+00  0.1475E-01  0.1919E+00  0.1919E+00
  0.2083E+00  0.1978E+00  0.1577E-01  0.1909E+00  0.1909E+00
  0.2089E+00  0.1847E+00  0.1521E-01  0.1900E+00  0.1900E+00
  0.2095E+00  0.1798E+00  0.1679E-01  0.1890E+00  0.1890E+00
  0.2101E+00  0.1798E+00  0.1449E-01  0.1881E+00  0.1881E+00
  0.2107E+00  0.1806E+00  0.1442E-01  0.1872E+00  0.1872E+00
  0.2113E+00  0.1858E+00  0.1416E-01  0.1864E+00  0.1864E+00
  0.2119E+00  0.1856E+00  0.1415E-01  0.1855E+00  0.1855E+00
  0.2125E+00  0.1714E+00  0.1400E-01  0.1847E+00  0.1847E+00
  0.2131E+00  0.1793E+00  0.1398E-01  0.1839E+00  0.1839E+00
  0.2137E+00  0.1794E+00  0.1368E-01  0.1831E+00  0.1831E+00
  0.2143E+00  0.1793E+00  0.1434E-01  0.1823E+00  0.1823E+00
  0.2149E+00  0.1855E+00  0.1407E-01  0.1816E+00  0.1816E+00
  0.2156E+00  0.1950E+00  0.1502E-01  0.1808E+00  0.1808E+00
  0.2162E+00  0.1983E+00  0.1557E-01  0.1801E+00  0.1801E+00
  0.2168E+00  0.1844E+00  0.1416E-01  0.1794E+00  0.1794E+00
  0.2174E+00  0.1796E+00  0.1423E-01  0.1788E+00  0.1788E+00
  0.2180E+00  0.1888E+00  0.1395E-01  0.1781E+00  0.1781E+00
  0.2186E+00  0.1643E+00  0.1383E-01  0.1775E+00  0.1775E+00
  0.2192E+00  0.1523E+00  0.1383E-01  0.1769E+00  0.1769E+00
  0.2198E+00  0.1565E+00  0.1416E-01  0.1763E+00  0.1763E+00
  0.2204E+00  0.1418E+00  0.1388E-01  0.1757E+00  0.1757E+00
  0.2210E+00  0.1546E+00  0.1389E-01  0.1752E+00  0.1752E+00
  0.2216E+00  0.1580E+00  0.1438E-01  0.1746E+00  0.1746E+00
  0.2222E+00  0.1749E+00  0.1363E-01  0.1741E+00  0.1741E+00
  0.2228E+00  0.1751E+00  0.1403E-01  0.1736E+00  0.1736E+00
  0.2235E+00  0.1603E+00  0.1367E-01  0.1731E+00  0.1731E+00
  0.2241E+00  0.1595E+00  0.1340E-01  0.1726E+00  0.1726E+00
  0.2247E+00  0.1518E+00  0.1377E-01  0.1721E+00  0.1721E+00
  0.2253E+00  0.1463E+00  0.1390E-01  0.1716E+00  0.1716E+00
  0.2259E+00  0.1424E+00  0.1378E-01  0.1712E+00  0.1712E+00
  0.2265E+00  0.1587E+00  0.1383E-01  0.1708E+00  0.1708E+00
  0.2271E+00  0.1631E+00  0.1374E-01  0.1703E+00  0.1703E+00
  0.2277E+00  0.1741E+00  0.1337E-01  0.1699E+00  0.1699E+00
  0.2283E+00  0.1668E+00  0.1380E-01  0.1695E+00  0.1695E+00
  0.2289E+00  0.1796E+00  0.1396E-01  0.1691E+00  0.1691E+00
  0.2295E+00  0.1748E+00  0.1380E-01  0.1687E+00  0.1687E+00
  0.2301E+00  0.1656E+00  0.1343E-01  0.1683E+00  0.1683E+00
  0.2308E+00  0.1666E+00  0.1347E-01  0.1680E+00  0.1680E+00
  0.2314E+00  0.1658E+00  0.1324E-01  0.1676E+00  0.1676E+00
  0.2320E+00  0.1777E+00  0.1338E-01  0.1672E+00  0.1672E+00
  0.2326E+00  0.1764E+00  0.1388E-01  0.1669E+00  0.1669E+00
  0.2332E+00  0.1665E+00  0.1326E-01  0.1665E+00  0.1665E+00
  0.2338E+00  0.1720E+00  0.1361E-01  0.1662E+00  0.1662E+00
  0.2344E+00  0.1725E+00  0.1371E-01  0.1658E+00  0.1658E+00
  0.2350E+00  0.1733E+00  0.2118E-01  0.1655E+00  0.1655E+00
  0.2356E+00  0.1649E+00  0.4180E-01  0.1651E+00  0.1651E+00
  0.2362E+00  0.1681E+00  0.2236E-01  0.1648E+00  0.1648E+00
  0.2368E+00  0.1522E+00  0.2389E-01  0.1644E+00  0.1644E+00
  0.2374E+00  0.1422E+00  0.2691E-01  0.1641E+00  0.1641E+00
  0.2380E+00  0.1534E+00  0.1701E-01  0.1637E+00  0.1637E+00
  0.2387E+00  0.1798E+00  0.2231E-01  0.1634E+00  0.1634E+00
  0.2393E+00  0.1902E+00  0.3897E-01  0.1630E+00  0.1630E+00
  0.2399E+00  0.1818E+00  0.2071E-01  0.1627E+00  0.1627E+00
  0.2405E+00  0.1818E+00  0.1882E-01  0.1623E+00  0.1623E+00
  0.2411E+00  0.1818E+00  0.1440E-01  0.1619E+00  0.1619E+00
  0.2417E+00  0.1960E+00  0.1330E-01  0.1616E+00  0.1616E+00
  0.2423E+00  0.1818E+00  0.1307E-01  0.1612E+00  0.1612E+00
  0.2429E+00  0.1700E+00  0.1285E-01  0.1608E+00  0.1608E+00
  0.2435E+00  0.1583E+00  0.1299E-01  0.1605E+00  0.1605E+00
  0.2441E+00  0.1553E+00  0.1302E-01  0.1601E+00  0.1601E+00
  0.2447E+00  0.1577E+00  0.1315E-01  0.1597E+00  0.1597E+00
  0.2453E+00  0.1571E+00  0.1309E-01  0.1593E+00  0.1593E+00
  0.2460E+00  0.1601E+00  0.1276E-01  0.1589E+00  0.1589E+00
  0.2466E+00  0.1623E+00  0.1261E-01  0.1585E+00  0.1585E+00
  0.2472E+00  0.1665E+00  0.1311E-01  0.1581E+00  0.1581E+00
  0.2478E+00  0.1632E+00  0.1282E-01  0.1577E+00  0.1577E+00
  0.2484E+00  0.1470E+00  0.1287E-01  0.1573E+00  0.1573E+00
  0.2490E+00  0.1421E+00  0.1265E-01  0.1569E+00  0.1569E+00
  0.2496E+00  0.1774E+00  0.1319E-01  0.1565E+00  0.1565E+00
  0.2502E+00  0.1714E+00  0.1289E-01  0.1560E+00  0.1560E+00
  0.2508E+00  0.1591E+00  0.1273E-01  0.1556E+00  0.1556E+00
  0.2514E+00  0.1587E+00  0.1277E-01  0.1552E+00  0.1552E+00
  0.2520E+00  0.1562E+00  0.1243E-01  0.1547E+00  0.1547E+00
  0.2526E+00  0.1770E+00  0.1275E-01  0.1543E+00  0.1543E+00
  0.2532E+00  0.1579E+00  0.1272E-01  0.1538E+00  0.1538E+00
  0.2539E+00  0.1516E+00  0.1265E-01  0.1534E+00  0.1534E+00
  0.2545E+00  0.1382E+00  0.1286E-01  0.1530E+00  0.1530E+00
  0.2551E+00  0.1468E+00  0.1262E-01  0.1525E+00  0.1525E+00
  0.2557E+00  0.1505E+00  0.1254E-01  0.1521E+00  0.1521E+00
  0.2563E+00  0.1389E+00  0.1293E-01  0.1516E+00  0.1516E+00
  0.2569E+00  0.1304E+00  0.1264E-01  0.1512E+00  0.1512E+00
  0.2575E+00  0.1318E+00  0.1269E-01  0.1507E+00  0.1507E+00
  0.2581E+00  0.1366E+00  0.1271E-01  0.1502E+00  0.1502E+00
  0.2587E+00  0.1291E+00  0.1248E-01  0.1498E+00  0.1498E+00
  0.2593E+00  0.1457E+00  0.1250E-01  0.1493E+00  0.1493E+00
  0.2599E+00  0.1488E+00  0.1264E-01  0.1489E+00  0.1489E+00
  0.2605E+00  0.1585E+00  0.1246E-01  0.1484E+00  0.1484E+00
  0.2612E+00  0.1443E+00  0.1252E-01  0.1480E+00  0.1480E+00
  0.2618E+00  0.1546E+00  0.1252E-01  0.1476E+00  0.1476E+00
  0.2624E+00  0.1485E+00  0.1231E-01  0.1471E+00  0.1471E+00
  0.2630E+00  0.1298E+00  0.1232E-01  0.1467E+00  0.1467E+00
  0.2636E+00  0.1326E+00  0.1248E-01  0.1462E+00  0.1462E+00
  0.2642E+00  0.1445E+00  0.1185E-01  0.1458E+00  0.1458E+00
  0.2648E+00  0.1407E+00  0.1230E-01  0.1454E+00  0.1454E+00
  0.2654E+00  0.1491E+00  0.1225E-01  0.1450E+00  0.1450E+00
  0.2660E+00  0.1487E+00  0.1229E-01  0.1445E+00  0.1445E+00
  0.2666E+00  0.1420E+00  0.1402E-01  0.1441E+00  0.1441E+00
  0.2672E+00  0.1589E+00  0.1604E-01  0.1437E+00  0.1437E+00
  0.2678E+00  0.1485E+00  0.1320E-01  0.1433E+00  0.1433E+00
  0.2684E+00  0.1503E+00  0.1481E-01  0.1429E+00  0.1429E+00
  0.2691E+00  0.1475E+00  0.1338E-01  0.1425E+00  0.1425E+00
  0.2697E+00  0.1552E+00  0.1220E-01  0.1421E+00  0.1421E+00
  0.2703E+00  0.1455E+00  0.1266E-01  0.1417E+00  0.1417E+00
  0.2709E+00  0.1425E+00  0.1316E-01  0.1414E+00  0.1414E+00
  0.2715E+00  0.1466E+00  0.1218E-01  0.1410E+00  0.1410E+00
  0.2721E+00  0.1356E+00  0.1255E-01  0.1406E+00  0.1406E+00
  0.2727E+00  0.1367E+00  0.1248E-01  0.1403E+00  0.1403E+00
  0.2733E+00  0.1380E+00  0.1242E-01  0.1399E+00  0.1399E+00
  0.2739E+00  0.1309E+00  0.1582E-01  0.1396E+00  0.1396E+00
  0.2745E+00  0.1511E+00  0.2645E-01  0.1393E+00  0.1393E+00
  0.2751E+00  0.1485E+00  0.1592E-01  0.1389E+00  0.1389E+00
  0.2757E+00  0.1620E+00  0.1539E-01  0.1386E+00  0.1386E+00
  0.2763E+00  0.1350E+00  0.1476E-01  0.1383E+00  0.1383E+00
  0.2770E+00  0.1507E+00  0.1229E-01  0.1379E+00  0.1379E+00
  0.2776E+00  0.1515E+00  0.1253E-01  0.1376E+00  0.1376E+00
  0.2782E+00  0.1422E+00  0.1204E-01  0.1373E+00  0.1373E+00
  0.2788E+00  0.1168E+00  0.1181E-01  0.1370E+00  0.1370E+00
  0.2794E+00  0.1275E+00  0.1180E-01  0.1367E+00  0.1367E+00
  0.2800E+00  0.1341E+00  0.1209E-01  0.1364E+00  0.1364E+00
  0.2806E+00  0.1335E+00  0.1152E-01  0.1361E+00  0.1361E+00
  0.2812E+00  0.1369E+00  0.1158E-01  0.1358E+00  0.1358E+00
  0.2818E+00  0.1301E+00  0.1187E-01  0.1355E+00  0.1355E+00
  0.2824E+00  0.1353E+00  0.1170E-01  0.1352E+00  0.1352E+00
  0.2830E+00  0.1620E+00  0.1184E-01  0.1350E+00  0.1350E+00
  0.2836E+00  0.1506E+00  0.1189E-01  0.1347E+00  0.1347E+00
  0.2843E+00  0.1510E+00  0.1163E-01  0.1344E+00  0.1344E+00
  0.2849E+00  0.1384E+00  0.1135E-01  0.1341E+00  0.1341E+00
  0.2855E+00  0.1278E+00  0.1134E-01  0.1338E+00  0.1338E+00
  0.2861E+00  0.1256E+00  0.1115E-01  0.1335E+00  0.1335E+00
  0.2867E+00  0.1253E+00  0.1138E-01  0.1332E+00  0.1332E+00
  0.2873E+00  0.1267E+00  0.1155E-01  0.1330E+00  0.1330E+00
  0.2879E+00  0.1228E+00  0.1117E-01  0.1327E+00  0.1327E+00
  0.2885E+00  0.1339E+00  0.1128E-01  0.1324E+00  0.1324E+00
  0.2891E+00  0.1109E+00  0.1153E-01  0.1321E+00  0.1321E+00
  0.2897E+00  0.1311E+00  0.1144E-01  0.1318E+00  0.1318E+00
  0.2903E+00  0.1065E+00  0.1197E-01  0.1315E+00  0.1315E+00
  0.2909E+00  0.1233E+00  0.1259E-01  0.1312E+00  0.1312E+00
  0.2915E+00  0.1366E+00  0.1125E-01  0.1309E+00  0.1309E+00
  0.2922E+00  0.1520E+00  0.1125E-01  0.1306E+00  0.1306E+00
  0.2928E+00  0.1499E+00  0.1142E-01  0.1303E+00  0.1303E+00
  0.2934E+00  0.1481E+00  0.1156E-01  0.1299E+00  0.1299E+00
  0.2940E+00  0.1470E+00  0.1291E-01  0.1296E+00  0.1296E+00
  0.2946E+00  0.1330E+00  0.1124E-01  0.1293E+00  0.1293E+00
  0.2952E+00  0.1351E+00  0.1099E-01  0.1289E+00  0.1289E+00
  0.2958E+00  0.1439E+00  0.1067E-01  0.1286E+00  0.1286E+00
  0.2964E+00  0.1308E+00  0.1109E-01  0.1283E+00  0.1283E+00
  0.2970E+00  0.1327E+00  0.1066E-01  0.1279E+00  0.1279E+00
  0.2976E+00  0.1365E+00  0.1055E-01  0.1275E+00  0.1275E+00
  0.2982E+00  0.1373E+00  0.1072E-01  0.1272E+00  0.1272E+00
  0.2988E+00  0.1531E+00  0.1052E-01  0.1268E+00  0.1268E+00
  0.2995E+00  0.1604E+00  0.1060E-01  0.1264E+00  0.1264E+00
  0.3001E+00  0.1633E+00  0.1062E-01  0.1261E+00  0.1261E+00
  0.3007E+00  0.1601E+00  0.1029E-01  0.1257E+00  0.1257E+00
  0.3013E+00  0.1535E+00  0.1050E-01  0.1253E+00  0.1253E+00
  0.3019E+00  0.1516E+00  0.1088E-01  0.1249E+00  0.1249E+00
  0.3025E+00  0.1436E+00  0.1071E-01  0.1245E+00  0.1245E+00
  0.3031E+00  0.1337E+00  0.1071E-01  0.1240E+00  0.1240E+00
  0.3037E+00  0.1317E+00  0.1063E-01  0.1236E+00  0.1236E+00
  0.3043E+00  0.1251E+00  0.1073E-01  0.1232E+00  0.1232E+00
  0.3049E+00  0.1108E+00  0.1291E-01  0.1228E+00  0.1228E+00
  0.3055E+00  0.1243E+00  0.1237E-01  0.1223E+00  0.1223E+00
  0.3061E+00  0.1190E+00  0.1205E-01  0.1219E+00  0.1219E+00

           Distance distribution  function of particle  


       R          P(R)      ERROR

  0.0000E+00  0.0000E+00  0.0000E+00
  0.1185E+01  0.1105E-02  0.8705E-05
  0.2370E+01  0.2254E-02  0.1333E-04
  0.3555E+01  0.3451E-02  0.1441E-04
  0.4740E+01  0.4703E-02  0.1284E-04
  0.5925E+01  0.6019E-02  0.1015E-04
  0.7110E+01  0.7406E-02  0.9093E-05
  0.8295E+01  0.8869E-02  0.1166E-04
  0.9480E+01  0.1041E-01  0.1595E-04
  0.1067E+02  0.1203E-01  0.1996E-04
  0.1185E+02  0.1372E-01  0.2279E-04
  0.1304E+02  0.1546E-01  0.2421E-04
  0.1422E+02  0.1724E-01  0.2441E-04
  0.1541E+02  0.1903E-01  0.2403E-04
  0.1659E+02  0.2079E-01  0.2398E-04
  0.1778E+02  0.2250E-01  0.2506E-04
  0.1896E+02  0.2412E-01  0.2751E-04
  0.2014E+02  0.2562E-01  0.3091E-04
  0.2133E+02  0.2698E-01  0.3460E-04
  0.2252E+02  0.2815E-01  0.3808E-04
  0.2370E+02  0.2914E-01  0.4112E-04
  0.2489E+02  0.2991E-01  0.4376E-04
  0.2607E+02  0.3048E-01  0.4618E-04
  0.2726E+02  0.3084E-01  0.4860E-04
  0.2844E+02  0.3101E-01  0.5112E-04
  0.2963E+02  0.3100E-01  0.5366E-04
  0.3081E+02  0.3083E-01  0.5596E-04
  0.3200E+02  0.3052E-01  0.5771E-04
  0.3318E+02  0.3011E-01  0.5864E-04
  0.3437E+02  0.2960E-01  0.5864E-04
  0.3555E+02  0.2903E-01  0.5777E-04
  0.3673E+02  0.2842E-01  0.5631E-04
  0.3792E+02  0.2777E-01  0.5469E-04
  0.3911E+02  0.2710E-01  0.5337E-04
  0.4029E+02  0.2643E-01  0.5269E-04
  0.4148E+02  0.2574E-01  0.5276E-04
  0.4266E+02  0.2506E-01  0.5342E-04
  0.4384E+02  0.2437E-01  0.5436E-04
  0.4503E+02  0.2368E-01  0.5526E-04
  0.4622E+02  0.2299E-01  0.5592E-04
  0.4740E+02  0.2229E-01  0.5632E-04
  0.4859E+02  0.2160E-01  0.5657E-04
  0.4977E+02  0.2090E-01  0.5686E-04
  0.5096E+02  0.2021E-01  0.5734E-04
  0.5214E+02  0.1952E-01  0.5808E-04
  0.5333E+02  0.1884E-01  0.5901E-04
  0.5451E+02  0.1818E-01  0.6000E-04
  0.5570E+02  0.1754E-01  0.6087E-04
  0.5688E+02  0.1692E-01  0.6150E-04
  0.5807E+02  0.1632E-01  0.6186E-04
  0.5925E+02  0.1574E-01  0.6200E-04
  0.6044E+02  0.1519E-01  0.6203E-04
  0.6162E+02  0.1466E-01  0.6207E-04
  0.6280E+02  0.1414E-01  0.6225E-04
  0.6399E+02  0.1364E-01  0.6262E-04
  0.6517E+02  0.1315E-01  0.6320E-04
  0.6636E+02  0.1267E-01  0.6399E-04
  0.6755E+02  0.1219E-01  0.6502E-04
  0.6873E+02  0.1172E-01  0.6634E-04
  0.6992E+02  0.1125E-01  0.6804E-04
  0.7110E+02  0.1080E-01  0.7020E-04
  0.7228E+02  0.1034E-01  0.7289E-04
  0.7347E+02  0.9902E-02  0.7610E-04
  0.7466E+02  0.9472E-02  0.7975E-04
  0.7584E+02  0.9056E-02  0.8369E-04
  0.7703E+02  0.8656E-02  0.8775E-04
  0.7821E+02  0.8272E-02  0.9174E-04
  0.7940E+02  0.7904E-02  0.9548E-04
  0.8058E+02  0.7550E-02  0.9880E-04
  0.8177E+02  0.7209E-02  0.1016E-03
  0.8295E+02  0.6877E-02  0.1038E-03
  0.8414E+02  0.6553E-02  0.1054E-03
  0.8532E+02  0.6233E-02  0.1063E-03
  0.8651E+02  0.5914E-02  0.1067E-03
  0.8769E+02  0.5596E-02  0.1066E-03
  0.8888E+02  0.5276E-02  0.1061E-03
  0.9006E+02  0.4957E-02  0.1054E-03
  0.9125E+02  0.4638E-02  0.1045E-03
  0.9243E+02  0.4323E-02  0.1037E-03
  0.9362E+02  0.4015E-02  0.1028E-03
  0.9480E+02  0.3718E-02  0.1021E-03
  0.9598E+02  0.3434E-02  0.1015E-03
  0.9717E+02  0.3167E-02  0.1010E-03
  0.9836E+02  0.2920E-02  0.1006E-03
  0.9954E+02  0.2693E-02  0.1003E-03
  0.1007E+03  0.2487E-02  0.9988E-04
  0.1019E+03  0.2300E-02  0.9934E-04
  0.1031E+03  0.2130E-02  0.9852E-04
  0.1043E+03  0.1975E-02  0.9726E-04
  0.1055E+03  0.1829E-02  0.9538E-04
  0.1067E+03  0.1689E-02  0.9273E-04
  0.1078E+03  0.1550E-02  0.8918E-04
  0.1090E+03  0.1409E-02  0.8460E-04
  0.1102E+03  0.1262E-02  0.7891E-04
  0.1114E+03  0.1108E-02  0.7202E-04
  0.1126E+03  0.9442E-03  0.6384E-04
  0.1138E+03  0.7711E-03  0.5427E-04
  0.1149E+03  0.5889E-03  0.4321E-04
  0.1161E+03  0.3987E-03  0.3053E-04
  0.1173E+03  0.2019E-03  0.1615E-04
  0.1185E+03  0.0000E+00  0.0000E+00
          Reciprocal space: Rg =   34.21     , I(0) =   0.1996E+02
     Real space: Rg =   34.40 +- 0.099  I(0) =   0.1996E+02 +-  0.4743E-01
