
           ####    G N O M   ---   Version 4.5a revised 09/02/02     ####

                                                  Mon Jan 18 16:32:40 2010
           ===    Run No   1   ===
 Run title:  0.000489754 0 0


  Number of points omitted at the beginning:          31

          To optimize the performance, some input data points 
           have been joined. New number of points equals to 269

   *******   Working Directory :
   *******    Input file(s) :
           Condition P(rmin) = 0 is used. 
           Condition P(rmax) = 0 is used. 

          Experimental conditions for the first run
          -----------------------------------------

          Highest ALPHA is found to be   0.3672E+03

  The measure of inconsistency AN1 equals to    0.1275E+01

          Warning: using the chosen range in the real space 
             it is not possible to fit the data set within the
             given error band. 
     Alpha    Discrp  Oscill  Stabil  Sysdev  Positv  Valcen    Total   
  0.3672E+06177.7844  1.1311  0.7623  0.0149  1.0000  0.8761  0.33917
  0.7344E+05102.6478  1.0925  0.4363  0.0448  1.0000  0.8921  0.34484
  0.1469E+05 44.3729  1.0697  0.1852  0.0597  1.0000  0.9189  0.37281
  0.2937E+04 17.8813  1.1297  0.0714  0.0896  1.0000  0.9412  0.51721
  0.5875E+03  6.9849  1.2354  0.0348  0.2090  1.0000  0.9552  0.58253
  0.1175E+03  2.9201  1.3214  0.0188  0.4478  1.0000  0.9608  0.66250
  0.2350E+02  1.5020  1.3896  0.0143  0.5970  1.0000  0.9621  0.73391
  0.4700E+01  1.1195  1.4424  0.0102  0.7164  1.0000  0.9620  0.80592
  0.9400E+00  1.0554  1.4774  0.0075  0.7612  1.0000  0.9616  0.83053
  0.1880E+00  1.0382  1.5354  0.0249  0.8060  1.0000  0.9605  0.83158
  0.3760E-01  1.0154  1.8698  0.0479  0.8209  0.9998  0.9563  0.72484
  0.7520E-02  1.0029  2.4404  0.0295  0.8209  0.9989  0.9507  0.68747
  0.1504E-02  1.0004  2.9098  0.0614  0.8209  0.9977  0.9504  0.64814
  0.3008E-03  0.9991  3.8561  0.0680  0.8507  0.9951  0.9494  0.65134
  0.6016E-04  0.9987  4.8642  0.0839  0.8657  0.9920  0.9427  0.63252
  0.1203E-04  0.9985  7.4334  0.2480  0.8657  0.9827  0.9100  0.49566
  0.2406E-05  0.9982 13.2815  0.4688  0.8806  0.9386  0.7899  0.00000

          ***  Golden section search to maximize estimate ***
     Alpha    Discrp  Oscill  Stabil  Sysdev  Positv  Valcen    Total   
  0.3476E+00  1.0448  1.5019  0.0153  0.7612  1.0000  0.9611  0.82280
  0.1487E+00  1.0352  1.5572  0.0293  0.8060  1.0000  0.9601  0.82231
  0.2378E+00  1.0408  1.5194  0.0209  0.7612  1.0000  0.9607  0.81551
  0.1719E+00  1.0371  1.5430  0.0266  0.8060  1.0000  0.9603  0.82835
  0.2056E+00  1.0392  1.5287  0.0233  0.7761  1.0000  0.9606  0.81950
  0.1817E+00  1.0377  1.5382  0.0256  0.8060  1.0000  0.9604  0.83039
  0.1945E+00  1.0386  1.5328  0.0243  0.7910  1.0000  0.9605  0.82541
  0.1856E+00  1.0380  1.5365  0.0252  0.8060  1.0000  0.9604  0.83113
  0.1905E+00  1.0383  1.5344  0.0247  0.8060  1.0000  0.9605  0.83202
  0.1920E+00  1.0384  1.5338  0.0246  0.7910  1.0000  0.9605  0.82498
  0.1895E+00  1.0382  1.5348  0.0248  0.8060  1.0000  0.9605  0.83185
  0.1911E+00  1.0383  1.5342  0.0246  0.8060  1.0000  0.9605  0.83212
  0.1914E+00  1.0384  1.5340  0.0246  0.8060  1.0000  0.9605  0.83218
  0.1917E+00  1.0384  1.5339  0.0246  0.8060  1.0000  0.9605  0.83222
  0.1917E+00  1.0384  1.5339  0.0246  0.8060  1.0000  0.9605  0.83222



             ####            Final results            ####

 Parameter    DISCRP    OSCILL    STABIL    SYSDEV    POSITV    VALCEN
 Weight        1.000     3.000     3.000     5.000     1.000     1.000
 Sigma         0.300     0.600     0.120     0.500     0.120     0.120
 Ideal         0.700     1.200     0.000     1.000     1.000     0.950
 Current       1.038     1.534     0.025     0.806     1.000     0.960
                - - - - - - - - - - - - - - - - - - - - - - - - - 
 Estimate      0.280     0.734     0.959     0.860     1.000     0.992

  Angular   range    :     from    0.0389   to    0.4919
  Real space range   :     from      0.00   to     59.43

  Highest ALPHA (theor) :   0.367E+06                 JOB = 0
  Current ALPHA         :   0.192E+00   Rg :  0.196E+02   I(0) :   0.241E+03

           Total  estimate : 0.832  which is    A GOOD      solution

      S          J EXP       ERROR       J REG       I REG

  0.0000E+00                                      0.2406E+03
  0.1693E-02                                      0.2406E+03
  0.3386E-02                                      0.2403E+03
  0.5079E-02                                      0.2399E+03
  0.6772E-02                                      0.2392E+03
  0.8465E-02                                      0.2385E+03
  0.1016E-01                                      0.2375E+03
  0.1185E-01                                      0.2364E+03
  0.1354E-01                                      0.2351E+03
  0.1524E-01                                      0.2336E+03
  0.1693E-01                                      0.2320E+03
  0.1862E-01                                      0.2302E+03
  0.2032E-01                                      0.2283E+03
  0.2201E-01                                      0.2262E+03
  0.2370E-01                                      0.2240E+03
  0.2540E-01                                      0.2216E+03
  0.2709E-01                                      0.2191E+03
  0.2878E-01                                      0.2165E+03
  0.3047E-01                                      0.2137E+03
  0.3217E-01                                      0.2109E+03
  0.3386E-01                                      0.2079E+03
  0.3555E-01                                      0.2048E+03
  0.3725E-01                                      0.2016E+03
  0.3894E-01  0.1985E+03  0.3404E+00  0.1983E+03  0.1983E+03
  0.4063E-01  0.1960E+03  0.3284E+00  0.1949E+03  0.1949E+03
  0.4232E-01  0.1918E+03  0.3069E+00  0.1914E+03  0.1914E+03
  0.4401E-01  0.1883E+03  0.2950E+00  0.1878E+03  0.1878E+03
  0.4570E-01  0.1842E+03  0.2888E+00  0.1842E+03  0.1842E+03
  0.4739E-01  0.1813E+03  0.2883E+00  0.1805E+03  0.1805E+03
  0.4908E-01  0.1767E+03  0.2912E+00  0.1768E+03  0.1768E+03
  0.5077E-01  0.1729E+03  0.2807E+00  0.1730E+03  0.1730E+03
  0.5246E-01  0.1695E+03  0.2725E+00  0.1692E+03  0.1692E+03
  0.5415E-01  0.1648E+03  0.2657E+00  0.1653E+03  0.1653E+03
  0.5584E-01  0.1610E+03  0.2497E+00  0.1614E+03  0.1614E+03
  0.5753E-01  0.1573E+03  0.2415E+00  0.1575E+03  0.1575E+03
  0.5922E-01  0.1534E+03  0.2429E+00  0.1535E+03  0.1535E+03
  0.6091E-01  0.1500E+03  0.2434E+00  0.1495E+03  0.1495E+03
  0.6260E-01  0.1452E+03  0.2438E+00  0.1456E+03  0.1456E+03
  0.6429E-01  0.1409E+03  0.2361E+00  0.1416E+03  0.1416E+03
  0.6598E-01  0.1373E+03  0.2256E+00  0.1376E+03  0.1376E+03
  0.6767E-01  0.1338E+03  0.2183E+00  0.1337E+03  0.1337E+03
  0.6936E-01  0.1294E+03  0.2104E+00  0.1297E+03  0.1297E+03
  0.7105E-01  0.1257E+03  0.2109E+00  0.1258E+03  0.1258E+03
  0.7274E-01  0.1216E+03  0.2132E+00  0.1219E+03  0.1219E+03
  0.7443E-01  0.1179E+03  0.2106E+00  0.1180E+03  0.1180E+03
  0.7612E-01  0.1137E+03  0.2022E+00  0.1142E+03  0.1142E+03
  0.7781E-01  0.1107E+03  0.1981E+00  0.1104E+03  0.1104E+03
  0.7950E-01  0.1070E+03  0.1951E+00  0.1067E+03  0.1067E+03
  0.8119E-01  0.1028E+03  0.1900E+00  0.1030E+03  0.1030E+03
  0.8288E-01  0.9871E+02  0.1868E+00  0.9931E+02  0.9931E+02
  0.8457E-01  0.9571E+02  0.1832E+00  0.9572E+02  0.9572E+02
  0.8626E-01  0.9206E+02  0.1833E+00  0.9219E+02  0.9219E+02
  0.8795E-01  0.8897E+02  0.1819E+00  0.8872E+02  0.8872E+02
  0.8964E-01  0.8545E+02  0.1791E+00  0.8531E+02  0.8531E+02
  0.9133E-01  0.8220E+02  0.1738E+00  0.8198E+02  0.8198E+02
  0.9302E-01  0.7875E+02  0.1673E+00  0.7871E+02  0.7871E+02
  0.9471E-01  0.7559E+02  0.1661E+00  0.7551E+02  0.7551E+02
  0.9640E-01  0.7219E+02  0.1625E+00  0.7239E+02  0.7239E+02
  0.9809E-01  0.6916E+02  0.1614E+00  0.6935E+02  0.6935E+02
  0.9978E-01  0.6626E+02  0.1579E+00  0.6638E+02  0.6638E+02
  0.1015E+00  0.6366E+02  0.1588E+00  0.6349E+02  0.6349E+02
  0.1032E+00  0.6102E+02  0.1557E+00  0.6068E+02  0.6068E+02
  0.1049E+00  0.5839E+02  0.1530E+00  0.5795E+02  0.5795E+02
  0.1065E+00  0.5573E+02  0.1546E+00  0.5530E+02  0.5530E+02
  0.1082E+00  0.5326E+02  0.1490E+00  0.5273E+02  0.5273E+02
  0.1099E+00  0.5031E+02  0.1471E+00  0.5025E+02  0.5025E+02
  0.1116E+00  0.4784E+02  0.1421E+00  0.4784E+02  0.4784E+02
  0.1133E+00  0.4559E+02  0.1435E+00  0.4552E+02  0.4552E+02
  0.1150E+00  0.4335E+02  0.1418E+00  0.4328E+02  0.4328E+02
  0.1167E+00  0.4074E+02  0.1415E+00  0.4111E+02  0.4111E+02
  0.1184E+00  0.3864E+02  0.1408E+00  0.3903E+02  0.3903E+02
  0.1201E+00  0.3701E+02  0.1389E+00  0.3703E+02  0.3703E+02
  0.1218E+00  0.3498E+02  0.1338E+00  0.3511E+02  0.3511E+02
  0.1234E+00  0.3362E+02  0.1432E+00  0.3326E+02  0.3326E+02
  0.1251E+00  0.3173E+02  0.1320E+00  0.3149E+02  0.3149E+02
  0.1268E+00  0.2960E+02  0.1308E+00  0.2980E+02  0.2980E+02
  0.1285E+00  0.2817E+02  0.1311E+00  0.2818E+02  0.2818E+02
  0.1302E+00  0.2653E+02  0.1318E+00  0.2663E+02  0.2663E+02
  0.1319E+00  0.2563E+02  0.1293E+00  0.2516E+02  0.2516E+02
  0.1336E+00  0.2379E+02  0.1303E+00  0.2375E+02  0.2375E+02
  0.1353E+00  0.2233E+02  0.1291E+00  0.2241E+02  0.2241E+02
  0.1370E+00  0.2079E+02  0.1255E+00  0.2114E+02  0.2114E+02
  0.1387E+00  0.1956E+02  0.1261E+00  0.1993E+02  0.1993E+02
  0.1403E+00  0.1877E+02  0.1239E+00  0.1878E+02  0.1878E+02
  0.1420E+00  0.1773E+02  0.1231E+00  0.1770E+02  0.1770E+02
  0.1437E+00  0.1686E+02  0.1217E+00  0.1667E+02  0.1667E+02
  0.1454E+00  0.1575E+02  0.1220E+00  0.1570E+02  0.1570E+02
  0.1471E+00  0.1457E+02  0.1211E+00  0.1479E+02  0.1479E+02
  0.1488E+00  0.1355E+02  0.1210E+00  0.1393E+02  0.1393E+02
  0.1505E+00  0.1336E+02  0.1204E+00  0.1312E+02  0.1312E+02
  0.1522E+00  0.1232E+02  0.1193E+00  0.1236E+02  0.1236E+02
  0.1539E+00  0.1149E+02  0.1176E+00  0.1164E+02  0.1164E+02
  0.1556E+00  0.1095E+02  0.1162E+00  0.1098E+02  0.1098E+02
  0.1572E+00  0.1002E+02  0.1139E+00  0.1036E+02  0.1036E+02
  0.1589E+00  0.9833E+01  0.1137E+00  0.9776E+01  0.9776E+01
  0.1606E+00  0.9447E+01  0.1133E+00  0.9236E+01  0.9236E+01
  0.1623E+00  0.9000E+01  0.1147E+00  0.8735E+01  0.8735E+01
  0.1640E+00  0.8530E+01  0.1155E+00  0.8271E+01  0.8271E+01
  0.1657E+00  0.7710E+01  0.1133E+00  0.7841E+01  0.7841E+01
  0.1674E+00  0.7319E+01  0.1124E+00  0.7445E+01  0.7445E+01
  0.1691E+00  0.7111E+01  0.1110E+00  0.7081E+01  0.7081E+01
  0.1708E+00  0.6756E+01  0.1113E+00  0.6747E+01  0.6747E+01
  0.1725E+00  0.6289E+01  0.1111E+00  0.6441E+01  0.6441E+01
  0.1741E+00  0.6068E+01  0.1093E+00  0.6162E+01  0.6162E+01
  0.1758E+00  0.6061E+01  0.1084E+00  0.5909E+01  0.5909E+01
  0.1775E+00  0.5872E+01  0.1084E+00  0.5680E+01  0.5680E+01
  0.1792E+00  0.5428E+01  0.1075E+00  0.5473E+01  0.5473E+01
  0.1809E+00  0.5261E+01  0.1058E+00  0.5287E+01  0.5287E+01
  0.1826E+00  0.5038E+01  0.1046E+00  0.5121E+01  0.5121E+01
  0.1843E+00  0.5066E+01  0.1051E+00  0.4974E+01  0.4974E+01
  0.1860E+00  0.4818E+01  0.1045E+00  0.4844E+01  0.4844E+01
  0.1877E+00  0.4761E+01  0.1054E+00  0.4730E+01  0.4730E+01
  0.1894E+00  0.4740E+01  0.1075E+00  0.4631E+01  0.4631E+01
  0.1910E+00  0.4639E+01  0.1069E+00  0.4546E+01  0.4546E+01
  0.1927E+00  0.4280E+01  0.1061E+00  0.4474E+01  0.4474E+01
  0.1944E+00  0.4194E+01  0.1039E+00  0.4413E+01  0.4413E+01
  0.1961E+00  0.4248E+01  0.1043E+00  0.4363E+01  0.4363E+01
  0.1978E+00  0.4559E+01  0.1040E+00  0.4323E+01  0.4323E+01
  0.1995E+00  0.4353E+01  0.1056E+00  0.4292E+01  0.4292E+01
  0.2012E+00  0.4444E+01  0.1050E+00  0.4269E+01  0.4269E+01
  0.2029E+00  0.4448E+01  0.1054E+00  0.4253E+01  0.4253E+01
  0.2046E+00  0.4272E+01  0.1049E+00  0.4244E+01  0.4244E+01
  0.2063E+00  0.4266E+01  0.1060E+00  0.4240E+01  0.4240E+01
  0.2079E+00  0.4075E+01  0.1049E+00  0.4242E+01  0.4242E+01
  0.2096E+00  0.4100E+01  0.1067E+00  0.4247E+01  0.4247E+01
  0.2113E+00  0.4182E+01  0.1064E+00  0.4257E+01  0.4257E+01
  0.2130E+00  0.3994E+01  0.1067E+00  0.4270E+01  0.4270E+01
  0.2147E+00  0.4325E+01  0.1048E+00  0.4285E+01  0.4285E+01
  0.2164E+00  0.4241E+01  0.1040E+00  0.4303E+01  0.4303E+01
  0.2181E+00  0.4321E+01  0.1050E+00  0.4322E+01  0.4322E+01
  0.2198E+00  0.4395E+01  0.1068E+00  0.4343E+01  0.4343E+01
  0.2215E+00  0.4366E+01  0.1072E+00  0.4364E+01  0.4364E+01
  0.2232E+00  0.4108E+01  0.1077E+00  0.4386E+01  0.4386E+01
  0.2249E+00  0.4428E+01  0.1055E+00  0.4408E+01  0.4408E+01
  0.2265E+00  0.4627E+01  0.1050E+00  0.4430E+01  0.4430E+01
  0.2282E+00  0.4778E+01  0.1052E+00  0.4451E+01  0.4451E+01
  0.2299E+00  0.4418E+01  0.1054E+00  0.4472E+01  0.4472E+01
  0.2316E+00  0.4577E+01  0.1079E+00  0.4492E+01  0.4492E+01
  0.2333E+00  0.4791E+01  0.1087E+00  0.4511E+01  0.4511E+01
  0.2350E+00  0.4482E+01  0.1076E+00  0.4529E+01  0.4529E+01
  0.2367E+00  0.4476E+01  0.1057E+00  0.4545E+01  0.4545E+01
  0.2384E+00  0.4872E+01  0.1051E+00  0.4559E+01  0.4559E+01
  0.2401E+00  0.4733E+01  0.1038E+00  0.4573E+01  0.4573E+01
  0.2418E+00  0.4568E+01  0.1035E+00  0.4584E+01  0.4584E+01
  0.2434E+00  0.4541E+01  0.1028E+00  0.4594E+01  0.4594E+01
  0.2451E+00  0.4444E+01  0.1021E+00  0.4602E+01  0.4602E+01
  0.2468E+00  0.4665E+01  0.1018E+00  0.4608E+01  0.4608E+01
  0.2485E+00  0.4428E+01  0.1040E+00  0.4613E+01  0.4613E+01
  0.2502E+00  0.4461E+01  0.1059E+00  0.4616E+01  0.4616E+01
  0.2519E+00  0.4667E+01  0.1052E+00  0.4617E+01  0.4617E+01
  0.2536E+00  0.4624E+01  0.1055E+00  0.4617E+01  0.4617E+01
  0.2553E+00  0.4765E+01  0.1064E+00  0.4615E+01  0.4615E+01
  0.2570E+00  0.4418E+01  0.1054E+00  0.4612E+01  0.4612E+01
  0.2587E+00  0.4607E+01  0.1091E+00  0.4607E+01  0.4607E+01
  0.2603E+00  0.4423E+01  0.1113E+00  0.4602E+01  0.4602E+01
  0.2620E+00  0.4605E+01  0.1124E+00  0.4595E+01  0.4595E+01
  0.2637E+00  0.4429E+01  0.1157E+00  0.4587E+01  0.4587E+01
  0.2654E+00  0.4730E+01  0.1164E+00  0.4578E+01  0.4578E+01
  0.2671E+00  0.4055E+01  0.1172E+00  0.4568E+01  0.4568E+01
  0.2688E+00  0.4442E+01  0.1196E+00  0.4558E+01  0.4558E+01
  0.2705E+00  0.4884E+01  0.1185E+00  0.4547E+01  0.4547E+01
  0.2722E+00  0.4481E+01  0.1208E+00  0.4535E+01  0.4535E+01
  0.2739E+00  0.4311E+01  0.1225E+00  0.4523E+01  0.4523E+01
  0.2756E+00  0.4158E+01  0.1237E+00  0.4511E+01  0.4511E+01
  0.2772E+00  0.4505E+01  0.1254E+00  0.4499E+01  0.4499E+01
  0.2789E+00  0.4360E+01  0.1263E+00  0.4488E+01  0.4488E+01
  0.2806E+00  0.4665E+01  0.1274E+00  0.4476E+01  0.4476E+01
  0.2823E+00  0.5013E+01  0.1288E+00  0.4464E+01  0.4464E+01
  0.2840E+00  0.4928E+01  0.1316E+00  0.4453E+01  0.4453E+01
  0.2857E+00  0.4586E+01  0.1310E+00  0.4442E+01  0.4442E+01
  0.2874E+00  0.4539E+01  0.1283E+00  0.4432E+01  0.4432E+01
  0.2891E+00  0.4245E+01  0.1314E+00  0.4422E+01  0.4422E+01
  0.2908E+00  0.4290E+01  0.1317E+00  0.4413E+01  0.4413E+01
  0.2925E+00  0.4542E+01  0.1353E+00  0.4405E+01  0.4405E+01
  0.2941E+00  0.4412E+01  0.1394E+00  0.4398E+01  0.4398E+01
  0.2958E+00  0.4194E+01  0.1398E+00  0.4391E+01  0.4391E+01
  0.2975E+00  0.4069E+01  0.1390E+00  0.4385E+01  0.4385E+01
  0.2992E+00  0.4279E+01  0.1399E+00  0.4380E+01  0.4380E+01
  0.3009E+00  0.4016E+01  0.1395E+00  0.4376E+01  0.4376E+01
  0.3026E+00  0.4172E+01  0.1397E+00  0.4373E+01  0.4373E+01
  0.3043E+00  0.4739E+01  0.1422E+00  0.4371E+01  0.4371E+01
  0.3060E+00  0.4612E+01  0.1421E+00  0.4370E+01  0.4370E+01
  0.3077E+00  0.4394E+01  0.1439E+00  0.4370E+01  0.4370E+01
  0.3094E+00  0.4729E+01  0.1479E+00  0.4370E+01  0.4370E+01
  0.3110E+00  0.4480E+01  0.1489E+00  0.4372E+01  0.4372E+01
  0.3127E+00  0.4800E+01  0.1490E+00  0.4374E+01  0.4374E+01
  0.3144E+00  0.4436E+01  0.1460E+00  0.4377E+01  0.4377E+01
  0.3161E+00  0.4542E+01  0.1484E+00  0.4381E+01  0.4381E+01
  0.3178E+00  0.4704E+01  0.1500E+00  0.4386E+01  0.4386E+01
  0.3195E+00  0.4213E+01  0.1519E+00  0.4391E+01  0.4391E+01
  0.3212E+00  0.4247E+01  0.1557E+00  0.4397E+01  0.4397E+01
  0.3229E+00  0.4433E+01  0.1580E+00  0.4403E+01  0.4403E+01
  0.3246E+00  0.4386E+01  0.1571E+00  0.4410E+01  0.4410E+01
  0.3263E+00  0.4191E+01  0.1548E+00  0.4418E+01  0.4418E+01
  0.3279E+00  0.4053E+01  0.1550E+00  0.4426E+01  0.4426E+01
  0.3296E+00  0.4152E+01  0.1531E+00  0.4434E+01  0.4434E+01
  0.3313E+00  0.4484E+01  0.1545E+00  0.4442E+01  0.4442E+01
  0.3330E+00  0.4394E+01  0.1539E+00  0.4451E+01  0.4451E+01
  0.3347E+00  0.4591E+01  0.1568E+00  0.4460E+01  0.4460E+01
  0.3364E+00  0.4115E+01  0.1608E+00  0.4470E+01  0.4470E+01
  0.3381E+00  0.4430E+01  0.1582E+00  0.4479E+01  0.4479E+01
  0.3398E+00  0.4395E+01  0.1553E+00  0.4489E+01  0.4489E+01
  0.3415E+00  0.5138E+01  0.1556E+00  0.4499E+01  0.4499E+01
  0.3432E+00  0.4642E+01  0.1553E+00  0.4508E+01  0.4508E+01
  0.3448E+00  0.4739E+01  0.1549E+00  0.4518E+01  0.4518E+01
  0.3465E+00  0.4667E+01  0.1589E+00  0.4528E+01  0.4528E+01
  0.3482E+00  0.4628E+01  0.1602E+00  0.4538E+01  0.4538E+01
  0.3499E+00  0.4957E+01  0.1624E+00  0.4548E+01  0.4548E+01
  0.3516E+00  0.4604E+01  0.1608E+00  0.4558E+01  0.4558E+01
  0.3533E+00  0.4704E+01  0.1596E+00  0.4568E+01  0.4568E+01
  0.3550E+00  0.4029E+01  0.1583E+00  0.4578E+01  0.4578E+01
  0.3567E+00  0.4332E+01  0.1567E+00  0.4588E+01  0.4588E+01
  0.3584E+00  0.4437E+01  0.1598E+00  0.4598E+01  0.4598E+01
  0.3601E+00  0.4431E+01  0.1593E+00  0.4608E+01  0.4608E+01
  0.3617E+00  0.3849E+01  0.1632E+00  0.4619E+01  0.4619E+01
  0.3634E+00  0.4662E+01  0.1661E+00  0.4629E+01  0.4629E+01
  0.3651E+00  0.4662E+01  0.1612E+00  0.4640E+01  0.4640E+01
  0.3668E+00  0.4533E+01  0.1596E+00  0.4651E+01  0.4651E+01
  0.3685E+00  0.4661E+01  0.1601E+00  0.4662E+01  0.4662E+01
  0.3702E+00  0.4676E+01  0.1597E+00  0.4674E+01  0.4674E+01
  0.3719E+00  0.4387E+01  0.1633E+00  0.4685E+01  0.4685E+01
  0.3736E+00  0.4795E+01  0.1654E+00  0.4698E+01  0.4698E+01
  0.3753E+00  0.4527E+01  0.1641E+00  0.4710E+01  0.4710E+01
  0.3770E+00  0.4905E+01  0.1641E+00  0.4723E+01  0.4723E+01
  0.3786E+00  0.4888E+01  0.1630E+00  0.4736E+01  0.4736E+01
  0.3803E+00  0.4874E+01  0.1612E+00  0.4750E+01  0.4750E+01
  0.3820E+00  0.5200E+01  0.1644E+00  0.4765E+01  0.4765E+01
  0.3837E+00  0.4792E+01  0.1654E+00  0.4779E+01  0.4779E+01
  0.3854E+00  0.4686E+01  0.1666E+00  0.4795E+01  0.4795E+01
  0.3871E+00  0.4164E+01  0.1641E+00  0.4811E+01  0.4811E+01
  0.3888E+00  0.4713E+01  0.1618E+00  0.4827E+01  0.4827E+01
  0.3905E+00  0.5369E+01  0.1632E+00  0.4844E+01  0.4844E+01
  0.3922E+00  0.4992E+01  0.1628E+00  0.4862E+01  0.4862E+01
  0.3939E+00  0.4866E+01  0.1660E+00  0.4880E+01  0.4880E+01
  0.3956E+00  0.4937E+01  0.1641E+00  0.4899E+01  0.4899E+01
  0.3972E+00  0.4999E+01  0.1656E+00  0.4918E+01  0.4918E+01
  0.3989E+00  0.4994E+01  0.1650E+00  0.4937E+01  0.4937E+01
  0.4006E+00  0.5127E+01  0.1623E+00  0.4957E+01  0.4957E+01
  0.4023E+00  0.5072E+01  0.1653E+00  0.4978E+01  0.4978E+01
  0.4040E+00  0.4865E+01  0.1638E+00  0.4998E+01  0.4998E+01
  0.4057E+00  0.4843E+01  0.1667E+00  0.5019E+01  0.5019E+01
  0.4074E+00  0.4659E+01  0.1658E+00  0.5041E+01  0.5041E+01
  0.4091E+00  0.5076E+01  0.1687E+00  0.5062E+01  0.5062E+01
  0.4108E+00  0.5466E+01  0.1644E+00  0.5083E+01  0.5083E+01
  0.4125E+00  0.5685E+01  0.1658E+00  0.5104E+01  0.5104E+01
  0.4141E+00  0.5246E+01  0.1646E+00  0.5125E+01  0.5125E+01
  0.4158E+00  0.5295E+01  0.1678E+00  0.5146E+01  0.5146E+01
  0.4175E+00  0.5222E+01  0.1702E+00  0.5167E+01  0.5167E+01
  0.4192E+00  0.4942E+01  0.1705E+00  0.5187E+01  0.5187E+01
  0.4209E+00  0.5140E+01  0.1648E+00  0.5207E+01  0.5207E+01
  0.4226E+00  0.5205E+01  0.1662E+00  0.5226E+01  0.5226E+01
  0.4243E+00  0.5070E+01  0.1645E+00  0.5244E+01  0.5244E+01
  0.4260E+00  0.5656E+01  0.1673E+00  0.5262E+01  0.5262E+01
  0.4277E+00  0.5309E+01  0.1684E+00  0.5279E+01  0.5279E+01
  0.4294E+00  0.5529E+01  0.1655E+00  0.5294E+01  0.5294E+01
  0.4310E+00  0.5435E+01  0.1650E+00  0.5309E+01  0.5309E+01
  0.4327E+00  0.5374E+01  0.1618E+00  0.5322E+01  0.5322E+01
  0.4344E+00  0.4675E+01  0.1644E+00  0.5334E+01  0.5334E+01
  0.4361E+00  0.5445E+01  0.1643E+00  0.5345E+01  0.5345E+01
  0.4378E+00  0.5262E+01  0.1648E+00  0.5355E+01  0.5355E+01
  0.4395E+00  0.5187E+01  0.1649E+00  0.5363E+01  0.5363E+01
  0.4412E+00  0.4831E+01  0.1642E+00  0.5369E+01  0.5369E+01
  0.4429E+00  0.5441E+01  0.1636E+00  0.5373E+01  0.5373E+01
  0.4446E+00  0.5562E+01  0.1730E+00  0.5376E+01  0.5376E+01
  0.4463E+00  0.5296E+01  0.1828E+00  0.5378E+01  0.5378E+01
  0.4479E+00  0.5545E+01  0.1886E+00  0.5377E+01  0.5377E+01
  0.4496E+00  0.5851E+01  0.1929E+00  0.5375E+01  0.5375E+01
  0.4513E+00  0.5220E+01  0.1989E+00  0.5371E+01  0.5371E+01
  0.4530E+00  0.5000E+01  0.2068E+00  0.5365E+01  0.5365E+01
  0.4547E+00  0.4938E+01  0.2191E+00  0.5357E+01  0.5357E+01
  0.4564E+00  0.4926E+01  0.2314E+00  0.5348E+01  0.5348E+01
  0.4581E+00  0.5334E+01  0.2339E+00  0.5336E+01  0.5336E+01
  0.4598E+00  0.5054E+01  0.2431E+00  0.5323E+01  0.5323E+01
  0.4615E+00  0.5320E+01  0.2565E+00  0.5309E+01  0.5309E+01
  0.4632E+00  0.6240E+01  0.2622E+00  0.5292E+01  0.5292E+01
  0.4648E+00  0.5271E+01  0.2769E+00  0.5274E+01  0.5274E+01
  0.4665E+00  0.5629E+01  0.2903E+00  0.5254E+01  0.5254E+01
  0.4682E+00  0.5243E+01  0.2969E+00  0.5233E+01  0.5233E+01
  0.4699E+00  0.5168E+01  0.3195E+00  0.5211E+01  0.5211E+01
  0.4716E+00  0.4642E+01  0.3245E+00  0.5187E+01  0.5187E+01
  0.4733E+00  0.5936E+01  0.3413E+00  0.5162E+01  0.5162E+01
  0.4750E+00  0.4283E+01  0.3623E+00  0.5136E+01  0.5136E+01
  0.4767E+00  0.5175E+01  0.3809E+00  0.5109E+01  0.5109E+01
  0.4784E+00  0.5695E+01  0.4209E+00  0.5081E+01  0.5081E+01
  0.4801E+00  0.5732E+01  0.4242E+00  0.5053E+01  0.5053E+01
  0.4817E+00  0.5788E+01  0.4790E+00  0.5023E+01  0.5023E+01
  0.4834E+00  0.4816E+01  0.5199E+00  0.4993E+01  0.4993E+01
  0.4851E+00  0.5297E+01  0.5738E+00  0.4963E+01  0.4963E+01
  0.4868E+00  0.6383E+01  0.7327E+00  0.4932E+01  0.4932E+01
  0.4885E+00  0.3780E+01  0.8896E+00  0.4901E+01  0.4901E+01
  0.4902E+00  0.4490E+01  0.1142E+01  0.4870E+01  0.4870E+01
  0.4919E+00  0.1302E+02  0.2085E+01  0.4839E+01  0.4839E+01

           Distance distribution  function of particle  


       R          P(R)      ERROR

  0.0000E+00  0.0000E+00  0.0000E+00
  0.5943E+00  0.5247E-01  0.1572E-02
  0.1189E+01  0.9244E-01  0.2467E-02
  0.1783E+01  0.1206E+00  0.2742E-02
  0.2377E+01  0.1383E+00  0.2484E-02
  0.2972E+01  0.1469E+00  0.1811E-02
  0.3566E+01  0.1485E+00  0.8661E-03
  0.4160E+01  0.1449E+00  0.4036E-03
  0.4754E+01  0.1385E+00  0.1453E-02
  0.5349E+01  0.1313E+00  0.2460E-02
  0.5943E+01  0.1253E+00  0.3254E-02
  0.6537E+01  0.1222E+00  0.3752E-02
  0.7132E+01  0.1235E+00  0.3908E-02
  0.7726E+01  0.1301E+00  0.3708E-02
  0.8320E+01  0.1428E+00  0.3175E-02
  0.8915E+01  0.1616E+00  0.2369E-02
  0.9509E+01  0.1865E+00  0.1399E-02
  0.1010E+02  0.2169E+00  0.6657E-03
  0.1070E+02  0.2518E+00  0.1284E-02
  0.1129E+02  0.2902E+00  0.2283E-02
  0.1189E+02  0.3308E+00  0.3157E-02
  0.1248E+02  0.3723E+00  0.3785E-02
  0.1307E+02  0.4134E+00  0.4105E-02
  0.1367E+02  0.4529E+00  0.4089E-02
  0.1426E+02  0.4898E+00  0.3740E-02
  0.1486E+02  0.5233E+00  0.3099E-02
  0.1545E+02  0.5528E+00  0.2249E-02
  0.1605E+02  0.5780E+00  0.1377E-02
  0.1664E+02  0.5988E+00  0.1097E-02
  0.1723E+02  0.6155E+00  0.1803E-02
  0.1783E+02  0.6284E+00  0.2721E-02
  0.1842E+02  0.6380E+00  0.3511E-02
  0.1902E+02  0.6450E+00  0.4056E-02
  0.1961E+02  0.6500E+00  0.4296E-02
  0.2021E+02  0.6537E+00  0.4210E-02
  0.2080E+02  0.6565E+00  0.3813E-02
  0.2139E+02  0.6590E+00  0.3159E-02
  0.2199E+02  0.6615E+00  0.2362E-02
  0.2258E+02  0.6642E+00  0.1678E-02
  0.2318E+02  0.6672E+00  0.1620E-02
  0.2377E+02  0.6702E+00  0.2259E-02
  0.2437E+02  0.6732E+00  0.3080E-02
  0.2496E+02  0.6758E+00  0.3794E-02
  0.2555E+02  0.6777E+00  0.4276E-02
  0.2615E+02  0.6783E+00  0.4468E-02
  0.2674E+02  0.6775E+00  0.4353E-02
  0.2734E+02  0.6748E+00  0.3957E-02
  0.2793E+02  0.6699E+00  0.3349E-02
  0.2853E+02  0.6627E+00  0.2669E-02
  0.2912E+02  0.6530E+00  0.2177E-02
  0.2972E+02  0.6408E+00  0.2202E-02
  0.3031E+02  0.6262E+00  0.2725E-02
  0.3090E+02  0.6094E+00  0.3410E-02
  0.3150E+02  0.5906E+00  0.4012E-02
  0.3209E+02  0.5699E+00  0.4405E-02
  0.3269E+02  0.5478E+00  0.4529E-02
  0.3328E+02  0.5245E+00  0.4372E-02
  0.3388E+02  0.5002E+00  0.3963E-02
  0.3447E+02  0.4753E+00  0.3383E-02
  0.3506E+02  0.4500E+00  0.2777E-02
  0.3566E+02  0.4246E+00  0.2392E-02
  0.3625E+02  0.3993E+00  0.2468E-02
  0.3685E+02  0.3743E+00  0.2944E-02
  0.3744E+02  0.3498E+00  0.3550E-02
  0.3804E+02  0.3260E+00  0.4081E-02
  0.3863E+02  0.3030E+00  0.4425E-02
  0.3922E+02  0.2812E+00  0.4534E-02
  0.3982E+02  0.2606E+00  0.4405E-02
  0.4041E+02  0.2414E+00  0.4081E-02
  0.4101E+02  0.2237E+00  0.3647E-02
  0.4160E+02  0.2077E+00  0.3238E-02
  0.4220E+02  0.1932E+00  0.3019E-02
  0.4279E+02  0.1804E+00  0.3096E-02
  0.4338E+02  0.1691E+00  0.3419E-02
  0.4398E+02  0.1591E+00  0.3837E-02
  0.4457E+02  0.1500E+00  0.4213E-02
  0.4517E+02  0.1416E+00  0.4463E-02
  0.4576E+02  0.1335E+00  0.4553E-02
  0.4636E+02  0.1252E+00  0.4487E-02
  0.4695E+02  0.1164E+00  0.4301E-02
  0.4754E+02  0.1067E+00  0.4060E-02
  0.4814E+02  0.9605E-01  0.3846E-02
  0.4873E+02  0.8426E-01  0.3744E-02
  0.4933E+02  0.7150E-01  0.3813E-02
  0.4992E+02  0.5807E-01  0.4057E-02
  0.5052E+02  0.4449E-01  0.4432E-02
  0.5111E+02  0.3146E-01  0.4866E-02
  0.5170E+02  0.1981E-01  0.5281E-02
  0.5230E+02  0.1046E-01  0.5596E-02
  0.5289E+02  0.4305E-02  0.5734E-02
  0.5349E+02  0.2099E-02  0.5627E-02
  0.5408E+02  0.4346E-02  0.5242E-02
  0.5468E+02  0.1114E-01  0.4624E-02
  0.5527E+02  0.2203E-01  0.3982E-02
  0.5586E+02  0.3585E-01  0.3774E-02
  0.5646E+02  0.5062E-01  0.4368E-02
  0.5705E+02  0.6341E-01  0.5444E-02
  0.5765E+02  0.7028E-01  0.6305E-02
  0.5824E+02  0.6620E-01  0.6227E-02
  0.5884E+02  0.4513E-01  0.4423E-02
  0.5943E+02  0.0000E+00  0.0000E+00
          Reciprocal space: Rg =   19.57     , I(0) =   0.2406E+03
     Real space: Rg =   19.56 +- 0.018  I(0) =   0.2406E+03 +-  0.1824E+00
