
           ####    G N O M   ---   Version 4.5a revised 09/02/02     ####

                                                  Mon Jan 18 16:32:44 2010
           ===    Run No   1   ===
 Run title:  0.000489754 0 0


  Number of points omitted at the beginning:          16

          To optimize the performance, some input data points 
           have been joined. New number of points equals to 277

   *******   Working Directory :
   *******    Input file(s) :
           Condition P(rmin) = 0 is used. 
           Condition P(rmax) = 0 is used. 

          Experimental conditions for the first run
          -----------------------------------------

          Highest ALPHA is found to be   0.3657E+04

  The measure of inconsistency AN1 equals to    0.1305E+01

          Warning: using the chosen range in the real space 
             it is not possible to fit the data set within the
             given error band. 
     Alpha    Discrp  Oscill  Stabil  Sysdev  Positv  Valcen    Total   
  0.3657E+07468.5471  1.1175  0.7847  0.0145  1.0000  0.8775  0.33864
  0.7313E+06287.7085  1.0764  0.4742  0.0290  1.0000  0.8950  0.34292
  0.1463E+06129.6395  1.0601  0.2093  0.0290  1.0000  0.9224  0.36057
  0.2925E+05 50.2015  1.1260  0.0784  0.0435  1.0000  0.9447  0.50283
  0.5850E+04 17.8784  1.2227  0.0347  0.1159  1.0000  0.9582  0.56928
  0.1170E+04  6.6419  1.2913  0.0166  0.2609  1.0000  0.9634  0.60173
  0.2340E+03  2.7771  1.3400  0.0114  0.6522  1.0000  0.9648  0.77720
  0.4680E+02  1.5591  1.3761  0.0094  0.7464  1.0000  0.9649  0.82749
  0.9361E+01  1.2991  1.4001  0.0059  0.8768  1.0000  0.9648  0.88473
  0.1872E+01  1.2685  1.4127  0.0045  0.8768  1.0000  0.9647  0.88283
  0.3744E+00  1.2639  1.4235  0.0071  0.8913  1.0000  0.9646  0.88460
  0.7489E-01  1.2610  1.4619  0.0156  0.8768  1.0000  0.9649  0.86781
  0.1498E-01  1.2562  1.7736  0.0637  0.8768  0.9999  0.9668  0.72748
  0.2995E-02  1.2466  3.4536  0.1222  0.8768  0.9971  0.9632  0.55666
  0.5991E-03  1.2399  5.9482  0.1691  0.8478  0.9842  0.9358  0.49840
  0.1198E-03  1.2340 10.6628  0.5650  0.8478  0.9399  0.7675  0.39119
  0.2396E-04  1.2234 13.8003  0.5067  0.8333  0.8510  0.4241  0.00000

          ***  Golden section search to maximize estimate ***
     Alpha    Discrp  Oscill  Stabil  Sysdev  Positv  Valcen    Total   
  0.1731E+02  1.3443  1.3927  0.0068  0.8478  1.0000  0.9648  0.87492
  0.5853E+01  1.2829  1.4045  0.0054  0.8768  1.0000  0.9647  0.88416
  0.1184E+02  1.3121  1.3975  0.0061  0.8768  1.0000  0.9648  0.88502
  0.1369E+02  1.3225  1.3957  0.0064  0.8768  1.0000  0.9648  0.88519
  0.1497E+02  1.3300  1.3946  0.0065  0.8768  1.0000  0.9648  0.88530
  0.1582E+02  1.3351  1.3939  0.0066  0.8768  1.0000  0.9648  0.88537
  0.1638E+02  1.3385  1.3934  0.0067  0.8478  1.0000  0.9648  0.87485
  0.1549E+02  1.3331  1.3942  0.0066  0.8768  1.0000  0.9648  0.88535
  0.1603E+02  1.3364  1.3937  0.0066  0.8623  1.0000  0.9648  0.88034
  0.1570E+02  1.3343  1.3940  0.0066  0.8768  1.0000  0.9648  0.88536
  0.1590E+02  1.3356  1.3938  0.0066  0.8768  1.0000  0.9648  0.88538
  0.1595E+02  1.3359  1.3938  0.0066  0.8623  1.0000  0.9648  0.88034
  0.1587E+02  1.3354  1.3939  0.0066  0.8768  1.0000  0.9648  0.88538
  0.1590E+02  1.3356  1.3938  0.0066  0.8768  1.0000  0.9648  0.88538



             ####            Final results            ####

 Parameter    DISCRP    OSCILL    STABIL    SYSDEV    POSITV    VALCEN
 Weight        1.000     3.000     3.000     5.000     1.000     1.000
 Sigma         0.300     0.600     0.120     0.500     0.120     0.120
 Ideal         0.700     1.200     0.000     1.000     1.000     0.950
 Current       1.336     1.394     0.007     0.877     1.000     0.965
                - - - - - - - - - - - - - - - - - - - - - - - - - 
 Estimate      0.011     0.901     0.997     0.941     1.000     0.985

  Angular   range    :     from    0.0263   to    0.4923
  Real space range   :     from      0.00   to     58.03

  Highest ALPHA (theor) :   0.366E+07                 JOB = 0
  Current ALPHA         :   0.159E+02   Rg :  0.192E+02   I(0) :   0.718E+03

           Total  estimate : 0.885  which is    A GOOD      solution

      S          J EXP       ERROR       J REG       I REG

  0.0000E+00                                      0.7176E+03
  0.1751E-02                                      0.7173E+03
  0.3502E-02                                      0.7165E+03
  0.5253E-02                                      0.7152E+03
  0.7004E-02                                      0.7133E+03
  0.8755E-02                                      0.7109E+03
  0.1051E-01                                      0.7080E+03
  0.1226E-01                                      0.7046E+03
  0.1401E-01                                      0.7006E+03
  0.1576E-01                                      0.6962E+03
  0.1751E-01                                      0.6912E+03
  0.1926E-01                                      0.6858E+03
  0.2101E-01                                      0.6799E+03
  0.2276E-01                                      0.6736E+03
  0.2451E-01                                      0.6668E+03
  0.2626E-01  0.6611E+03  0.5889E+00  0.6595E+03  0.6595E+03
  0.2795E-01  0.6544E+03  0.5710E+00  0.6522E+03  0.6522E+03
  0.2964E-01  0.6461E+03  0.5239E+00  0.6444E+03  0.6444E+03
  0.3133E-01  0.6361E+03  0.5096E+00  0.6363E+03  0.6363E+03
  0.3302E-01  0.6285E+03  0.4713E+00  0.6279E+03  0.6279E+03
  0.3471E-01  0.6199E+03  0.4664E+00  0.6191E+03  0.6191E+03
  0.3640E-01  0.6095E+03  0.4659E+00  0.6100E+03  0.6100E+03
  0.3809E-01  0.6000E+03  0.4706E+00  0.6006E+03  0.6006E+03
  0.3978E-01  0.5896E+03  0.4447E+00  0.5909E+03  0.5909E+03
  0.4147E-01  0.5805E+03  0.4253E+00  0.5810E+03  0.5810E+03
  0.4316E-01  0.5709E+03  0.3939E+00  0.5708E+03  0.5708E+03
  0.4485E-01  0.5610E+03  0.3990E+00  0.5604E+03  0.5604E+03
  0.4654E-01  0.5503E+03  0.3827E+00  0.5498E+03  0.5498E+03
  0.4824E-01  0.5396E+03  0.3810E+00  0.5390E+03  0.5390E+03
  0.4993E-01  0.5285E+03  0.3813E+00  0.5280E+03  0.5280E+03
  0.5162E-01  0.5177E+03  0.3758E+00  0.5169E+03  0.5169E+03
  0.5331E-01  0.5056E+03  0.3537E+00  0.5056E+03  0.5056E+03
  0.5500E-01  0.4941E+03  0.3374E+00  0.4942E+03  0.4942E+03
  0.5669E-01  0.4818E+03  0.3304E+00  0.4827E+03  0.4827E+03
  0.5838E-01  0.4703E+03  0.3214E+00  0.4711E+03  0.4711E+03
  0.6007E-01  0.4593E+03  0.3210E+00  0.4594E+03  0.4594E+03
  0.6176E-01  0.4471E+03  0.3161E+00  0.4477E+03  0.4477E+03
  0.6345E-01  0.4356E+03  0.3100E+00  0.4360E+03  0.4360E+03
  0.6514E-01  0.4247E+03  0.2982E+00  0.4243E+03  0.4243E+03
  0.6683E-01  0.4125E+03  0.2891E+00  0.4125E+03  0.4125E+03
  0.6852E-01  0.4001E+03  0.2802E+00  0.4008E+03  0.4008E+03
  0.7021E-01  0.3889E+03  0.2776E+00  0.3891E+03  0.3891E+03
  0.7190E-01  0.3772E+03  0.2712E+00  0.3775E+03  0.3775E+03
  0.7359E-01  0.3658E+03  0.2708E+00  0.3659E+03  0.3659E+03
  0.7528E-01  0.3538E+03  0.2648E+00  0.3544E+03  0.3544E+03
  0.7697E-01  0.3431E+03  0.2572E+00  0.3430E+03  0.3430E+03
  0.7866E-01  0.3315E+03  0.2465E+00  0.3317E+03  0.3317E+03
  0.8035E-01  0.3206E+03  0.2394E+00  0.3205E+03  0.3205E+03
  0.8204E-01  0.3095E+03  0.2380E+00  0.3095E+03  0.3095E+03
  0.8373E-01  0.2981E+03  0.2318E+00  0.2985E+03  0.2985E+03
  0.8542E-01  0.2869E+03  0.2286E+00  0.2878E+03  0.2878E+03
  0.8711E-01  0.2768E+03  0.2211E+00  0.2772E+03  0.2772E+03
  0.8880E-01  0.2670E+03  0.2202E+00  0.2668E+03  0.2668E+03
  0.9049E-01  0.2568E+03  0.2162E+00  0.2566E+03  0.2566E+03
  0.9218E-01  0.2466E+03  0.2076E+00  0.2465E+03  0.2465E+03
  0.9387E-01  0.2361E+03  0.1970E+00  0.2367E+03  0.2367E+03
  0.9556E-01  0.2267E+03  0.1967E+00  0.2270E+03  0.2270E+03
  0.9725E-01  0.2180E+03  0.1926E+00  0.2176E+03  0.2176E+03
  0.9894E-01  0.2081E+03  0.1924E+00  0.2084E+03  0.2084E+03
  0.1006E+00  0.1994E+03  0.1872E+00  0.1994E+03  0.1994E+03
  0.1023E+00  0.1911E+03  0.1851E+00  0.1906E+03  0.1906E+03
  0.1040E+00  0.1830E+03  0.1788E+00  0.1821E+03  0.1821E+03
  0.1057E+00  0.1749E+03  0.1749E+00  0.1738E+03  0.1738E+03
  0.1074E+00  0.1673E+03  0.1727E+00  0.1658E+03  0.1658E+03
  0.1091E+00  0.1588E+03  0.1697E+00  0.1579E+03  0.1579E+03
  0.1108E+00  0.1508E+03  0.1688E+00  0.1504E+03  0.1504E+03
  0.1125E+00  0.1431E+03  0.1661E+00  0.1430E+03  0.1430E+03
  0.1141E+00  0.1356E+03  0.1606E+00  0.1359E+03  0.1359E+03
  0.1158E+00  0.1284E+03  0.1599E+00  0.1291E+03  0.1291E+03
  0.1175E+00  0.1220E+03  0.1582E+00  0.1225E+03  0.1225E+03
  0.1192E+00  0.1162E+03  0.1540E+00  0.1161E+03  0.1161E+03
  0.1209E+00  0.1101E+03  0.1525E+00  0.1100E+03  0.1100E+03
  0.1226E+00  0.1041E+03  0.1528E+00  0.1041E+03  0.1041E+03
  0.1243E+00  0.9847E+02  0.1456E+00  0.9846E+02  0.9846E+02
  0.1260E+00  0.9257E+02  0.1418E+00  0.9304E+02  0.9304E+02
  0.1277E+00  0.8761E+02  0.1404E+00  0.8785E+02  0.8785E+02
  0.1294E+00  0.8268E+02  0.1392E+00  0.8288E+02  0.8288E+02
  0.1310E+00  0.7821E+02  0.1390E+00  0.7813E+02  0.7813E+02
  0.1327E+00  0.7348E+02  0.1412E+00  0.7361E+02  0.7361E+02
  0.1344E+00  0.6912E+02  0.1397E+00  0.6929E+02  0.6929E+02
  0.1361E+00  0.6498E+02  0.1343E+00  0.6519E+02  0.6519E+02
  0.1378E+00  0.6121E+02  0.1329E+00  0.6128E+02  0.6128E+02
  0.1395E+00  0.5739E+02  0.1294E+00  0.5758E+02  0.5758E+02
  0.1412E+00  0.5399E+02  0.1277E+00  0.5407E+02  0.5407E+02
  0.1429E+00  0.5068E+02  0.1263E+00  0.5075E+02  0.5075E+02
  0.1446E+00  0.4810E+02  0.1259E+00  0.4762E+02  0.4762E+02
  0.1463E+00  0.4519E+02  0.1252E+00  0.4466E+02  0.4466E+02
  0.1480E+00  0.4137E+02  0.1244E+00  0.4187E+02  0.4187E+02
  0.1496E+00  0.3928E+02  0.1245E+00  0.3925E+02  0.3925E+02
  0.1513E+00  0.3672E+02  0.1224E+00  0.3678E+02  0.3678E+02
  0.1530E+00  0.3451E+02  0.1197E+00  0.3447E+02  0.3447E+02
  0.1547E+00  0.3248E+02  0.1171E+00  0.3231E+02  0.3231E+02
  0.1564E+00  0.3011E+02  0.1158E+00  0.3030E+02  0.3030E+02
  0.1581E+00  0.2855E+02  0.1169E+00  0.2842E+02  0.2842E+02
  0.1598E+00  0.2662E+02  0.1154E+00  0.2667E+02  0.2667E+02
  0.1615E+00  0.2530E+02  0.1155E+00  0.2504E+02  0.2504E+02
  0.1632E+00  0.2390E+02  0.1149E+00  0.2354E+02  0.2354E+02
  0.1649E+00  0.2192E+02  0.1155E+00  0.2215E+02  0.2215E+02
  0.1665E+00  0.2075E+02  0.1133E+00  0.2086E+02  0.2086E+02
  0.1682E+00  0.1949E+02  0.1120E+00  0.1968E+02  0.1968E+02
  0.1699E+00  0.1862E+02  0.1110E+00  0.1860E+02  0.1860E+02
  0.1716E+00  0.1763E+02  0.1090E+00  0.1761E+02  0.1761E+02
  0.1733E+00  0.1660E+02  0.1087E+00  0.1670E+02  0.1670E+02
  0.1750E+00  0.1593E+02  0.1087E+00  0.1588E+02  0.1588E+02
  0.1767E+00  0.1496E+02  0.1076E+00  0.1514E+02  0.1514E+02
  0.1784E+00  0.1422E+02  0.1066E+00  0.1447E+02  0.1447E+02
  0.1801E+00  0.1396E+02  0.1072E+00  0.1386E+02  0.1386E+02
  0.1818E+00  0.1305E+02  0.1047E+00  0.1332E+02  0.1332E+02
  0.1834E+00  0.1302E+02  0.1040E+00  0.1284E+02  0.1284E+02
  0.1851E+00  0.1264E+02  0.1044E+00  0.1242E+02  0.1242E+02
  0.1868E+00  0.1195E+02  0.1064E+00  0.1204E+02  0.1204E+02
  0.1885E+00  0.1125E+02  0.1061E+00  0.1172E+02  0.1172E+02
  0.1902E+00  0.1128E+02  0.1059E+00  0.1143E+02  0.1143E+02
  0.1919E+00  0.1148E+02  0.1053E+00  0.1119E+02  0.1119E+02
  0.1936E+00  0.1104E+02  0.1048E+00  0.1098E+02  0.1098E+02
  0.1953E+00  0.1091E+02  0.1021E+00  0.1081E+02  0.1081E+02
  0.1970E+00  0.1067E+02  0.1025E+00  0.1067E+02  0.1067E+02
  0.1987E+00  0.1053E+02  0.1033E+00  0.1056E+02  0.1056E+02
  0.2003E+00  0.1029E+02  0.1026E+00  0.1047E+02  0.1047E+02
  0.2020E+00  0.1018E+02  0.1225E+00  0.1040E+02  0.1040E+02
  0.2037E+00  0.1020E+02  0.2397E+00  0.1036E+02  0.1036E+02
  0.2054E+00  0.1036E+02  0.1044E+00  0.1033E+02  0.1033E+02
  0.2071E+00  0.1070E+02  0.1033E+00  0.1032E+02  0.1032E+02
  0.2088E+00  0.1039E+02  0.1046E+00  0.1032E+02  0.1032E+02
  0.2105E+00  0.1063E+02  0.1041E+00  0.1033E+02  0.1033E+02
  0.2122E+00  0.1035E+02  0.1050E+00  0.1035E+02  0.1035E+02
  0.2139E+00  0.1032E+02  0.1049E+00  0.1038E+02  0.1038E+02
  0.2156E+00  0.1034E+02  0.1038E+00  0.1042E+02  0.1042E+02
  0.2172E+00  0.1078E+02  0.1032E+00  0.1047E+02  0.1047E+02
  0.2189E+00  0.1075E+02  0.1048E+00  0.1051E+02  0.1051E+02
  0.2206E+00  0.1049E+02  0.1056E+00  0.1057E+02  0.1057E+02
  0.2223E+00  0.1065E+02  0.1057E+00  0.1062E+02  0.1062E+02
  0.2240E+00  0.1056E+02  0.1052E+00  0.1067E+02  0.1067E+02
  0.2257E+00  0.1052E+02  0.1032E+00  0.1073E+02  0.1073E+02
  0.2274E+00  0.1085E+02  0.1033E+00  0.1078E+02  0.1078E+02
  0.2291E+00  0.1063E+02  0.1037E+00  0.1083E+02  0.1083E+02
  0.2308E+00  0.1086E+02  0.1063E+00  0.1088E+02  0.1088E+02
  0.2325E+00  0.1104E+02  0.1070E+00  0.1093E+02  0.1093E+02
  0.2341E+00  0.1112E+02  0.1081E+00  0.1097E+02  0.1097E+02
  0.2358E+00  0.1109E+02  0.1072E+00  0.1101E+02  0.1101E+02
  0.2375E+00  0.1093E+02  0.1042E+00  0.1105E+02  0.1105E+02
  0.2392E+00  0.1099E+02  0.1033E+00  0.1108E+02  0.1108E+02
  0.2409E+00  0.1097E+02  0.1011E+00  0.1111E+02  0.1111E+02
  0.2426E+00  0.1111E+02  0.1012E+00  0.1113E+02  0.1113E+02
  0.2443E+00  0.1134E+02  0.1016E+00  0.1115E+02  0.1115E+02
  0.2460E+00  0.1088E+02  0.1016E+00  0.1117E+02  0.1117E+02
  0.2477E+00  0.1090E+02  0.1023E+00  0.1118E+02  0.1118E+02
  0.2494E+00  0.1129E+02  0.1032E+00  0.1118E+02  0.1118E+02
  0.2510E+00  0.1127E+02  0.1042E+00  0.1118E+02  0.1118E+02
  0.2527E+00  0.1123E+02  0.1045E+00  0.1118E+02  0.1118E+02
  0.2544E+00  0.1113E+02  0.1079E+00  0.1117E+02  0.1117E+02
  0.2561E+00  0.1107E+02  0.2664E+00  0.1116E+02  0.1116E+02
  0.2578E+00  0.1106E+02  0.1089E+00  0.1115E+02  0.1115E+02
  0.2595E+00  0.1109E+02  0.1100E+00  0.1113E+02  0.1113E+02
  0.2612E+00  0.1104E+02  0.1123E+00  0.1110E+02  0.1110E+02
  0.2629E+00  0.1105E+02  0.1148E+00  0.1108E+02  0.1108E+02
  0.2646E+00  0.1104E+02  0.1149E+00  0.1105E+02  0.1105E+02
  0.2663E+00  0.1109E+02  0.1156E+00  0.1102E+02  0.1102E+02
  0.2679E+00  0.1126E+02  0.1175E+00  0.1099E+02  0.1099E+02
  0.2696E+00  0.1105E+02  0.1174E+00  0.1095E+02  0.1095E+02
  0.2713E+00  0.1106E+02  0.1187E+00  0.1092E+02  0.1092E+02
  0.2730E+00  0.1079E+02  0.1196E+00  0.1088E+02  0.1088E+02
  0.2747E+00  0.1053E+02  0.1210E+00  0.1084E+02  0.1084E+02
  0.2764E+00  0.1081E+02  0.1217E+00  0.1080E+02  0.1080E+02
  0.2781E+00  0.1092E+02  0.1248E+00  0.1076E+02  0.1076E+02
  0.2798E+00  0.1058E+02  0.1242E+00  0.1072E+02  0.1072E+02
  0.2815E+00  0.1032E+02  0.1271E+00  0.1068E+02  0.1068E+02
  0.2832E+00  0.1075E+02  0.1287E+00  0.1064E+02  0.1064E+02
  0.2848E+00  0.1088E+02  0.1290E+00  0.1061E+02  0.1061E+02
  0.2865E+00  0.1076E+02  0.1283E+00  0.1057E+02  0.1057E+02
  0.2882E+00  0.1048E+02  0.1281E+00  0.1053E+02  0.1053E+02
  0.2899E+00  0.1030E+02  0.1284E+00  0.1050E+02  0.1050E+02
  0.2916E+00  0.1060E+02  0.1320E+00  0.1047E+02  0.1047E+02
  0.2933E+00  0.1053E+02  0.1342E+00  0.1044E+02  0.1044E+02
  0.2950E+00  0.1064E+02  0.1373E+00  0.1041E+02  0.1041E+02
  0.2967E+00  0.1037E+02  0.1372E+00  0.1038E+02  0.1038E+02
  0.2984E+00  0.1034E+02  0.1376E+00  0.1036E+02  0.1036E+02
  0.3001E+00  0.9991E+01  0.1365E+00  0.1034E+02  0.1034E+02
  0.3017E+00  0.1052E+02  0.1389E+00  0.1032E+02  0.1032E+02
  0.3034E+00  0.1035E+02  0.1366E+00  0.1031E+02  0.1031E+02
  0.3051E+00  0.1058E+02  0.1395E+00  0.1030E+02  0.1030E+02
  0.3068E+00  0.1009E+02  0.1425E+00  0.1029E+02  0.1029E+02
  0.3085E+00  0.1059E+02  0.1452E+00  0.1028E+02  0.1028E+02
  0.3102E+00  0.1016E+02  0.1465E+00  0.1028E+02  0.1028E+02
  0.3119E+00  0.1039E+02  0.1465E+00  0.1028E+02  0.1028E+02
  0.3136E+00  0.1044E+02  0.1463E+00  0.1029E+02  0.1029E+02
  0.3153E+00  0.1001E+02  0.1477E+00  0.1030E+02  0.1030E+02
  0.3170E+00  0.1027E+02  0.1482E+00  0.1031E+02  0.1031E+02
  0.3187E+00  0.1060E+02  0.1479E+00  0.1032E+02  0.1032E+02
  0.3203E+00  0.9987E+01  0.1502E+00  0.1034E+02  0.1034E+02
  0.3220E+00  0.1007E+02  0.1541E+00  0.1036E+02  0.1036E+02
  0.3237E+00  0.1039E+02  0.1551E+00  0.1038E+02  0.1038E+02
  0.3254E+00  0.1058E+02  0.1530E+00  0.1041E+02  0.1041E+02
  0.3271E+00  0.1061E+02  0.1531E+00  0.1043E+02  0.1043E+02
  0.3288E+00  0.9981E+01  0.1500E+00  0.1047E+02  0.1047E+02
  0.3305E+00  0.1007E+02  0.1500E+00  0.1050E+02  0.1050E+02
  0.3322E+00  0.1053E+02  0.1528E+00  0.1053E+02  0.1053E+02
  0.3339E+00  0.1058E+02  0.1533E+00  0.1057E+02  0.1057E+02
  0.3356E+00  0.1054E+02  0.1593E+00  0.1061E+02  0.1061E+02
  0.3372E+00  0.1111E+02  0.1586E+00  0.1065E+02  0.1065E+02
  0.3389E+00  0.1074E+02  0.1547E+00  0.1069E+02  0.1069E+02
  0.3406E+00  0.1055E+02  0.1544E+00  0.1074E+02  0.1074E+02
  0.3423E+00  0.1094E+02  0.1537E+00  0.1078E+02  0.1078E+02
  0.3440E+00  0.1062E+02  0.1559E+00  0.1083E+02  0.1083E+02
  0.3457E+00  0.1039E+02  0.1554E+00  0.1088E+02  0.1088E+02
  0.3474E+00  0.1080E+02  0.1571E+00  0.1093E+02  0.1093E+02
  0.3491E+00  0.1067E+02  0.1586E+00  0.1098E+02  0.1098E+02
  0.3508E+00  0.1136E+02  0.1587E+00  0.1103E+02  0.1103E+02
  0.3525E+00  0.1106E+02  0.1572E+00  0.1108E+02  0.1108E+02
  0.3541E+00  0.1123E+02  0.1559E+00  0.1113E+02  0.1113E+02
  0.3558E+00  0.1099E+02  0.1553E+00  0.1118E+02  0.1118E+02
  0.3575E+00  0.1132E+02  0.1574E+00  0.1123E+02  0.1123E+02
  0.3592E+00  0.1129E+02  0.1589E+00  0.1128E+02  0.1128E+02
  0.3609E+00  0.1160E+02  0.1611E+00  0.1133E+02  0.1133E+02
  0.3626E+00  0.1159E+02  0.1621E+00  0.1137E+02  0.1137E+02
  0.3643E+00  0.1119E+02  0.1600E+00  0.1142E+02  0.1142E+02
  0.3660E+00  0.1161E+02  0.1613E+00  0.1147E+02  0.1147E+02
  0.3677E+00  0.1188E+02  0.1573E+00  0.1152E+02  0.1152E+02
  0.3694E+00  0.1134E+02  0.1578E+00  0.1157E+02  0.1157E+02
  0.3710E+00  0.1167E+02  0.1592E+00  0.1161E+02  0.1161E+02
  0.3727E+00  0.1153E+02  0.1621E+00  0.1166E+02  0.1166E+02
  0.3744E+00  0.1167E+02  0.1651E+00  0.1170E+02  0.1170E+02
  0.3761E+00  0.1214E+02  0.1630E+00  0.1175E+02  0.1175E+02
  0.3778E+00  0.1204E+02  0.1606E+00  0.1179E+02  0.1179E+02
  0.3795E+00  0.1151E+02  0.1575E+00  0.1184E+02  0.1184E+02
  0.3812E+00  0.1196E+02  0.1595E+00  0.1188E+02  0.1188E+02
  0.3829E+00  0.1219E+02  0.1645E+00  0.1192E+02  0.1192E+02
  0.3846E+00  0.1172E+02  0.1636E+00  0.1196E+02  0.1196E+02
  0.3863E+00  0.1180E+02  0.1635E+00  0.1200E+02  0.1200E+02
  0.3879E+00  0.1190E+02  0.1629E+00  0.1204E+02  0.1204E+02
  0.3896E+00  0.1252E+02  0.1613E+00  0.1208E+02  0.1208E+02
  0.3913E+00  0.1225E+02  0.1594E+00  0.1212E+02  0.1212E+02
  0.3930E+00  0.1239E+02  0.1611E+00  0.1215E+02  0.1215E+02
  0.3947E+00  0.1204E+02  0.1651E+00  0.1219E+02  0.1219E+02
  0.3964E+00  0.1222E+02  0.1628E+00  0.1223E+02  0.1223E+02
  0.3981E+00  0.1270E+02  0.1637E+00  0.1226E+02  0.1226E+02
  0.3998E+00  0.1223E+02  0.1608E+00  0.1230E+02  0.1230E+02
  0.4015E+00  0.1221E+02  0.1622E+00  0.1234E+02  0.1234E+02
  0.4032E+00  0.1195E+02  0.1642E+00  0.1237E+02  0.1237E+02
  0.4048E+00  0.1172E+02  0.1659E+00  0.1241E+02  0.1241E+02
  0.4065E+00  0.1219E+02  0.1649E+00  0.1244E+02  0.1244E+02
  0.4082E+00  0.1245E+02  0.1633E+00  0.1248E+02  0.1248E+02
  0.4099E+00  0.1248E+02  0.1628E+00  0.1251E+02  0.1251E+02
  0.4116E+00  0.1256E+02  0.1612E+00  0.1254E+02  0.1254E+02
  0.4133E+00  0.1279E+02  0.1623E+00  0.1258E+02  0.1258E+02
  0.4150E+00  0.1289E+02  0.1664E+00  0.1261E+02  0.1261E+02
  0.4167E+00  0.1227E+02  0.1650E+00  0.1264E+02  0.1264E+02
  0.4184E+00  0.1262E+02  0.1651E+00  0.1268E+02  0.1268E+02
  0.4201E+00  0.1265E+02  0.1623E+00  0.1271E+02  0.1271E+02
  0.4217E+00  0.1287E+02  0.1627E+00  0.1274E+02  0.1274E+02
  0.4234E+00  0.1293E+02  0.1628E+00  0.1277E+02  0.1277E+02
  0.4251E+00  0.1278E+02  0.1627E+00  0.1280E+02  0.1280E+02
  0.4268E+00  0.1268E+02  0.1668E+00  0.1284E+02  0.1284E+02
  0.4285E+00  0.1254E+02  0.1648E+00  0.1287E+02  0.1287E+02
  0.4302E+00  0.1227E+02  0.1635E+00  0.1289E+02  0.1289E+02
  0.4319E+00  0.1298E+02  0.1650E+00  0.1292E+02  0.1292E+02
  0.4336E+00  0.1304E+02  0.1636E+00  0.1295E+02  0.1295E+02
  0.4353E+00  0.1309E+02  0.1635E+00  0.1298E+02  0.1298E+02
  0.4370E+00  0.1291E+02  0.1623E+00  0.1300E+02  0.1300E+02
  0.4386E+00  0.1283E+02  0.1622E+00  0.1303E+02  0.1303E+02
  0.4403E+00  0.1327E+02  0.1643E+00  0.1305E+02  0.1305E+02
  0.4420E+00  0.1293E+02  0.1618E+00  0.1307E+02  0.1307E+02
  0.4437E+00  0.1304E+02  0.1660E+00  0.1309E+02  0.1309E+02
  0.4454E+00  0.1346E+02  0.1774E+00  0.1311E+02  0.1311E+02
  0.4471E+00  0.1379E+02  0.1833E+00  0.1312E+02  0.1312E+02
  0.4488E+00  0.1326E+02  0.1832E+00  0.1314E+02  0.1314E+02
  0.4505E+00  0.1315E+02  0.1951E+00  0.1315E+02  0.1315E+02
  0.4522E+00  0.1378E+02  0.2020E+00  0.1316E+02  0.1316E+02
  0.4539E+00  0.1332E+02  0.2129E+00  0.1316E+02  0.1316E+02
  0.4555E+00  0.1308E+02  0.2183E+00  0.1317E+02  0.1317E+02
  0.4572E+00  0.1367E+02  0.2273E+00  0.1317E+02  0.1317E+02
  0.4589E+00  0.1317E+02  0.2364E+00  0.1317E+02  0.1317E+02
  0.4606E+00  0.1349E+02  0.2437E+00  0.1316E+02  0.1316E+02
  0.4623E+00  0.1301E+02  0.2556E+00  0.1315E+02  0.1315E+02
  0.4640E+00  0.1331E+02  0.2664E+00  0.1314E+02  0.1314E+02
  0.4657E+00  0.1439E+02  0.2761E+00  0.1313E+02  0.1313E+02
  0.4674E+00  0.1409E+02  0.2926E+00  0.1311E+02  0.1311E+02
  0.4691E+00  0.1387E+02  0.3090E+00  0.1309E+02  0.1309E+02
  0.4708E+00  0.1294E+02  0.3145E+00  0.1307E+02  0.1307E+02
  0.4724E+00  0.1317E+02  0.3390E+00  0.1304E+02  0.1304E+02
  0.4741E+00  0.1434E+02  0.3508E+00  0.1301E+02  0.1301E+02
  0.4758E+00  0.1354E+02  0.3758E+00  0.1298E+02  0.1298E+02
  0.4775E+00  0.1381E+02  0.3889E+00  0.1294E+02  0.1294E+02
  0.4792E+00  0.1380E+02  0.4139E+00  0.1290E+02  0.1290E+02
  0.4809E+00  0.1228E+02  0.4474E+00  0.1286E+02  0.1286E+02
  0.4826E+00  0.1251E+02  0.4924E+00  0.1281E+02  0.1281E+02
  0.4843E+00  0.1278E+02  0.5637E+00  0.1276E+02  0.1276E+02
  0.4860E+00  0.1440E+02  0.6533E+00  0.1270E+02  0.1270E+02
  0.4877E+00  0.1368E+02  0.7827E+00  0.1265E+02  0.1265E+02
  0.4894E+00  0.1515E+02  0.9502E+00  0.1259E+02  0.1259E+02
  0.4910E+00  0.1599E+02  0.1450E+01  0.1252E+02  0.1252E+02
  0.4923E+00  0.1077E+02  0.2353E+01  0.1247E+02  0.1247E+02

           Distance distribution  function of particle  


       R          P(R)      ERROR

  0.0000E+00  0.0000E+00  0.0000E+00
  0.5803E+00  0.1250E+00  0.5918E-03
  0.1161E+01  0.2229E+00  0.9452E-03
  0.1741E+01  0.2953E+00  0.1078E-02
  0.2321E+01  0.3448E+00  0.1019E-02
  0.2902E+01  0.3745E+00  0.8066E-03
  0.3482E+01  0.3884E+00  0.4931E-03
  0.4062E+01  0.3910E+00  0.2183E-03
  0.4642E+01  0.3868E+00  0.4389E-03
  0.5223E+01  0.3805E+00  0.8150E-03
  0.5803E+01  0.3766E+00  0.1150E-02
  0.6383E+01  0.3789E+00  0.1399E-02
  0.6964E+01  0.3909E+00  0.1537E-02
  0.7544E+01  0.4152E+00  0.1554E-02
  0.8124E+01  0.4536E+00  0.1450E-02
  0.8705E+01  0.5071E+00  0.1239E-02
  0.9285E+01  0.5756E+00  0.9486E-03
  0.9865E+01  0.6582E+00  0.6392E-03
  0.1045E+02  0.7534E+00  0.4756E-03
  0.1103E+02  0.8589E+00  0.6486E-03
  0.1161E+02  0.9719E+00  0.9709E-03
  0.1219E+02  0.1089E+01  0.1281E-02
  0.1277E+02  0.1208E+01  0.1521E-02
  0.1335E+02  0.1325E+01  0.1661E-02
  0.1393E+02  0.1437E+01  0.1688E-02
  0.1451E+02  0.1542E+01  0.1603E-02
  0.1509E+02  0.1638E+01  0.1417E-02
  0.1567E+02  0.1722E+01  0.1159E-02
  0.1625E+02  0.1795E+01  0.8876E-03
  0.1683E+02  0.1856E+01  0.7241E-03
  0.1741E+02  0.1905E+01  0.8058E-03
  0.1799E+02  0.1943E+01  0.1071E-02
  0.1857E+02  0.1971E+01  0.1376E-02
  0.1915E+02  0.1992E+01  0.1640E-02
  0.1973E+02  0.2005E+01  0.1823E-02
  0.2031E+02  0.2014E+01  0.1906E-02
  0.2089E+02  0.2020E+01  0.1881E-02
  0.2147E+02  0.2024E+01  0.1756E-02
  0.2205E+02  0.2028E+01  0.1556E-02
  0.2263E+02  0.2032E+01  0.1323E-02
  0.2321E+02  0.2037E+01  0.1132E-02
  0.2379E+02  0.2043E+01  0.1078E-02
  0.2437E+02  0.2049E+01  0.1201E-02
  0.2495E+02  0.2055E+01  0.1433E-02
  0.2553E+02  0.2060E+01  0.1687E-02
  0.2611E+02  0.2062E+01  0.1899E-02
  0.2669E+02  0.2060E+01  0.2037E-02
  0.2727E+02  0.2053E+01  0.2084E-02
  0.2785E+02  0.2041E+01  0.2039E-02
  0.2843E+02  0.2021E+01  0.1917E-02
  0.2902E+02  0.1993E+01  0.1748E-02
  0.2960E+02  0.1957E+01  0.1579E-02
  0.3018E+02  0.1913E+01  0.1469E-02
  0.3076E+02  0.1860E+01  0.1468E-02
  0.3134E+02  0.1801E+01  0.1576E-02
  0.3192E+02  0.1735E+01  0.1748E-02
  0.3250E+02  0.1663E+01  0.1927E-02
  0.3308E+02  0.1588E+01  0.2070E-02
  0.3366E+02  0.1510E+01  0.2149E-02
  0.3424E+02  0.1431E+01  0.2156E-02
  0.3482E+02  0.1352E+01  0.2096E-02
  0.3540E+02  0.1274E+01  0.1988E-02
  0.3598E+02  0.1199E+01  0.1862E-02
  0.3656E+02  0.1127E+01  0.1758E-02
  0.3714E+02  0.1058E+01  0.1714E-02
  0.3772E+02  0.9932E+00  0.1744E-02
  0.3830E+02  0.9321E+00  0.1836E-02
  0.3888E+02  0.8745E+00  0.1956E-02
  0.3946E+02  0.8199E+00  0.2073E-02
  0.4004E+02  0.7679E+00  0.2163E-02
  0.4062E+02  0.7178E+00  0.2215E-02
  0.4120E+02  0.6691E+00  0.2233E-02
  0.4178E+02  0.6212E+00  0.2230E-02
  0.4236E+02  0.5739E+00  0.2222E-02
  0.4294E+02  0.5268E+00  0.2224E-02
  0.4352E+02  0.4798E+00  0.2243E-02
  0.4410E+02  0.4333E+00  0.2274E-02
  0.4468E+02  0.3873E+00  0.2301E-02
  0.4526E+02  0.3426E+00  0.2310E-02
  0.4584E+02  0.2996E+00  0.2290E-02
  0.4642E+02  0.2590E+00  0.2245E-02
  0.4700E+02  0.2216E+00  0.2192E-02
  0.4758E+02  0.1880E+00  0.2163E-02
  0.4816E+02  0.1587E+00  0.2192E-02
  0.4875E+02  0.1343E+00  0.2295E-02
  0.4933E+02  0.1148E+00  0.2457E-02
  0.4991E+02  0.1004E+00  0.2639E-02
  0.5049E+02  0.9086E-01  0.2789E-02
  0.5107E+02  0.8563E-01  0.2864E-02
  0.5165E+02  0.8404E-01  0.2839E-02
  0.5223E+02  0.8521E-01  0.2717E-02
  0.5281E+02  0.8807E-01  0.2542E-02
  0.5339E+02  0.9145E-01  0.2413E-02
  0.5397E+02  0.9413E-01  0.2455E-02
  0.5455E+02  0.9485E-01  0.2719E-02
  0.5513E+02  0.9243E-01  0.3113E-02
  0.5571E+02  0.8577E-01  0.3452E-02
  0.5629E+02  0.7392E-01  0.3529E-02
  0.5687E+02  0.5606E-01  0.3130E-02
  0.5745E+02  0.3157E-01  0.2031E-02
  0.5803E+02  0.0000E+00  0.0000E+00
          Reciprocal space: Rg =   19.16     , I(0) =   0.7176E+03
     Real space: Rg =   19.13 +- 0.005  I(0) =   0.7176E+03 +-  0.1652E+00
