
           ####    G N O M   ---   Version 4.5a revised 09/02/02     ####

                                                  Sat Nov  4 16:47:13 2017
           ===    Run No   1   ===
 Run title:  0.000132994 0 0


  Number of points omitted at the end:         347
   *******   Working Directory :
   *******    Input file(s) : 25526_01F_S020_0_01.sub
           Condition P(rmin) = 0 is used. 
           Condition P(rmax) = 0 is used. 

          Experimental conditions for the first run
          -----------------------------------------

          Highest ALPHA is found to be   0.1546E+05

  The measure of inconsistency AN1 equals to    0.1136E+01

          Warning: using the chosen range in the real space 
             it is not possible to fit the data set within the
             given error band. 
     Alpha    Discrp  Oscill  Stabil  Sysdev  Positv  Valcen    Total   
  0.1546E+08256.4194  1.4736  0.9812  0.0000  1.0000  0.7878  0.00001
  0.3091E+07247.6497  1.4703  0.9474  0.0000  1.0000  0.7882  0.00001
  0.6182E+06212.2777  1.4557  0.8113  0.0000  1.0000  0.7901  0.00001
  0.1236E+06129.8299  1.4134  0.4932  0.0228  1.0000  0.7952  0.00001
  0.2473E+05 53.6424  1.4044  0.1838  0.0076  1.0000  0.7938  0.00001
  0.4946E+04 16.5451  1.5126  0.0562  0.0380  1.0000  0.7724  0.00001
  0.9892E+03  4.1829  1.5940  0.0181  0.1597  1.0000  0.7572  0.00001
  0.1978E+03  1.6933  1.6184  0.0051  0.5551  1.0000  0.7529  0.37307
  0.3957E+02  1.4204  1.6264  0.0044  0.6160  1.0000  0.7519  0.10000
  0.7913E+01  1.3438  1.6404  0.0068  0.6008  1.0000  0.7517  0.10000
  0.1583E+01  1.2773  1.7043  0.0183  0.6312  1.0000  0.7521  0.10000
  0.3165E+00  1.1974  2.0117  0.0267  0.6160  1.0000  0.7523  0.10000
  0.6331E-01  1.1472  2.7172  0.0629  0.6312  0.9997  0.7482  0.10000
  0.1266E-01  1.0900  5.0825  0.1270  0.6920  0.9962  0.7313  0.10000
  0.2532E-02  1.0475  8.7712  0.1888  0.7224  0.9826  0.7039  0.10000
  0.5065E-03  1.0084 15.3701  0.5297  0.7224  0.9315  0.6174  0.10000
  0.1013E-03  0.9549 19.8193  0.3871  0.7224  0.8445  0.3280  0.10000
  0.2026E-04  0.9273 23.2373  0.5889  0.7072  0.7801  0.2552  0.10000
  0.4052E-05  0.8941 22.6117  0.7601  0.7376  0.7522  0.2659  0.10000
  0.8103E-06  0.8551 21.2665  0.3633  0.7376  0.7298  0.2690  0.10000
  0.1621E-06  0.8402 22.8750  0.4604  0.7529  0.7230  0.2519  0.10000
  0.3241E-07  0.8234 25.1875  0.7080  0.7376  0.7426  0.2115  0.10000
  0.6483E-08  0.7902 28.5543  0.6178  0.7224  0.7542  0.2087  0.10000
  0.1297E-08  0.7231 34.6755  0.7124  0.7529  0.7507  0.2379  0.10000
  0.2593E-09  0.5848 38.1385  0.5820  0.7681  0.7483  0.2681  0.10000
  0.5186E-10  0.3781 42.9236  0.4347  0.7833  0.7453  0.2632  0.10000
  0.1037E-10  0.1620 47.1847  0.2379  0.8137  0.7408  0.3855  0.10000
  0.2074E-11  0.0437 48.9140  0.0724  0.8441  0.7383  0.4288  0.10000
  0.4149E-12  0.0094 49.3409  0.0161  0.8137  0.7376  0.4383  0.10000
  0.8298E-13  0.0019 49.4304  0.0033  0.8137  0.7375  0.4403  0.10000
  0.1660E-13  0.0004 49.4485  0.0007  0.8137  0.7375  0.4407  0.10000

          ***  Golden section search to maximize estimate ***
     Alpha    Discrp  Oscill  Stabil  Sysdev  Positv  Valcen    Total   
  0.1463E+05 37.7748  1.4315  0.1211  0.0076  1.0000  0.7882  0.00001
  0.8929E+00  1.2480  1.7737  0.0235  0.6464  1.0000  0.7523  0.10000
  0.1024E+04  4.3026  1.5930  0.0186  0.1445  1.0000  0.7574  0.00001
  0.2514E+02  1.3949  1.6289  0.0049  0.6312  1.0000  0.7518  0.10000
  0.3707E+03  2.1362  1.6126  0.0079  0.5703  1.0000  0.7539  0.38169
  0.5464E+03  2.6787  1.6070  0.0110  0.3726  1.0000  0.7548  0.00001
  0.2916E+03  1.9182  1.6152  0.0066  0.5551  1.0000  0.7534  0.37696
  0.4299E+03  2.3119  1.6107  0.0090  0.5095  1.0000  0.7542  0.38314
  0.4711E+03  2.4390  1.6094  0.0097  0.4335  1.0000  0.7544  0.38458
  0.4985E+03  2.5253  1.6085  0.0101  0.4335  1.0000  0.7546  0.00009
  0.4549E+03  2.3887  1.6099  0.0094  0.4791  1.0000  0.7543  0.38403
  0.4814E+03  2.4713  1.6091  0.0098  0.4335  1.0000  0.7545  0.38501
  0.4879E+03  2.4916  1.6089  0.0100  0.4335  1.0000  0.7545  0.38528
  0.4919E+03  2.5044  1.6087  0.0100  0.4335  1.0000  0.7545  0.38544
  0.4944E+03  2.5124  1.6086  0.0101  0.4335  1.0000  0.7546  0.38555
  0.4944E+03  2.5124  1.6086  0.0101  0.4335  1.0000  0.7546  0.38555



             ####            Final results            ####

 Parameter    DISCRP    OSCILL    STABIL    SYSDEV    POSITV    VALCEN
 Weight        1.000     3.000     3.000     4.000     1.000     1.000
 Sigma         0.500     0.600     0.120     0.200     0.120     0.120
 Ideal         1.000     1.100     0.000     1.000     1.000     0.950
 Current       2.512     1.609     0.010     0.433     1.000     0.755
                - - - - - - - - - - - - - - - - - - - - - - - - - 
 Estimate      0.000     0.487     0.993     0.000     1.000     0.070

  Angular   range    :     from    0.0085   to    0.2092
  Real space range   :     from      0.00   to    201.40

  Highest ALPHA (theor) :   0.155E+08                 JOB = 0
  Current ALPHA         :   0.494E+03   Rg :  0.572E+02   I(0) :   0.665E+04

           Total  estimate : 0.386  which is  A SUSPICIOUS  solution

      S          J EXP       ERROR       J REG       I REG

  0.0000E+00                                      0.6649E+04
  0.7751E-03                                      0.6645E+04
  0.1550E-02                                      0.6632E+04
  0.2325E-02                                      0.6610E+04
  0.3100E-02                                      0.6579E+04
  0.3875E-02                                      0.6540E+04
  0.4651E-02                                      0.6492E+04
  0.5426E-02                                      0.6437E+04
  0.6201E-02                                      0.6374E+04
  0.6976E-02                                      0.6303E+04
  0.7751E-02                                      0.6225E+04
  0.8526E-02  0.6399E+04  0.7408E+02  0.6141E+04  0.6141E+04
  0.9289E-02  0.6275E+04  0.3454E+02  0.6052E+04  0.6052E+04
  0.1005E-01  0.6122E+04  0.2455E+02  0.5957E+04  0.5957E+04
  0.1082E-01  0.5994E+04  0.2050E+02  0.5857E+04  0.5857E+04
  0.1158E-01  0.5851E+04  0.1750E+02  0.5752E+04  0.5752E+04
  0.1234E-01  0.5730E+04  0.1623E+02  0.5643E+04  0.5643E+04
  0.1310E-01  0.5562E+04  0.1443E+02  0.5531E+04  0.5531E+04
  0.1387E-01  0.5431E+04  0.1253E+02  0.5414E+04  0.5414E+04
  0.1463E-01  0.5317E+04  0.1176E+02  0.5295E+04  0.5295E+04
  0.1539E-01  0.5176E+04  0.1083E+02  0.5174E+04  0.5174E+04
  0.1616E-01  0.5067E+04  0.1032E+02  0.5051E+04  0.5051E+04
  0.1692E-01  0.4916E+04  0.9632E+01  0.4926E+04  0.4926E+04
  0.1768E-01  0.4782E+04  0.9459E+01  0.4800E+04  0.4800E+04
  0.1845E-01  0.4651E+04  0.8738E+01  0.4674E+04  0.4674E+04
  0.1921E-01  0.4532E+04  0.8186E+01  0.4548E+04  0.4548E+04
  0.1997E-01  0.4404E+04  0.8343E+01  0.4422E+04  0.4422E+04
  0.2073E-01  0.4289E+04  0.8133E+01  0.4296E+04  0.4296E+04
  0.2150E-01  0.4154E+04  0.7413E+01  0.4172E+04  0.4172E+04
  0.2226E-01  0.4020E+04  0.7634E+01  0.4049E+04  0.4049E+04
  0.2302E-01  0.3911E+04  0.7175E+01  0.3927E+04  0.3927E+04
  0.2379E-01  0.3800E+04  0.2108E+02  0.3808E+04  0.3808E+04
  0.2455E-01  0.3681E+04  0.4421E+02  0.3690E+04  0.3690E+04
  0.2531E-01  0.3570E+04  0.1897E+02  0.3575E+04  0.3575E+04
  0.2608E-01  0.3457E+04  0.6446E+01  0.3463E+04  0.3463E+04
  0.2684E-01  0.3366E+04  0.6184E+01  0.3353E+04  0.3353E+04
  0.2760E-01  0.3267E+04  0.6090E+01  0.3247E+04  0.3247E+04
  0.2836E-01  0.3162E+04  0.5661E+01  0.3143E+04  0.3143E+04
  0.2913E-01  0.3065E+04  0.5481E+01  0.3042E+04  0.3042E+04
  0.2989E-01  0.2971E+04  0.5371E+01  0.2944E+04  0.2944E+04
  0.3065E-01  0.2876E+04  0.5255E+01  0.2850E+04  0.2850E+04
  0.3142E-01  0.2785E+04  0.5158E+01  0.2759E+04  0.2759E+04
  0.3218E-01  0.2688E+04  0.4936E+01  0.2670E+04  0.2670E+04
  0.3294E-01  0.2620E+04  0.4828E+01  0.2585E+04  0.2585E+04
  0.3371E-01  0.2551E+04  0.4741E+01  0.2503E+04  0.2503E+04
  0.3447E-01  0.2461E+04  0.4612E+01  0.2424E+04  0.2424E+04
  0.3523E-01  0.2387E+04  0.4681E+01  0.2348E+04  0.2348E+04
  0.3599E-01  0.2300E+04  0.4358E+01  0.2274E+04  0.2274E+04
  0.3676E-01  0.2230E+04  0.4471E+01  0.2204E+04  0.2204E+04
  0.3752E-01  0.2162E+04  0.4340E+01  0.2136E+04  0.2136E+04
  0.3828E-01  0.2098E+04  0.4292E+01  0.2070E+04  0.2070E+04
  0.3905E-01  0.2035E+04  0.4121E+01  0.2007E+04  0.2007E+04
  0.3981E-01  0.1978E+04  0.4107E+01  0.1946E+04  0.1946E+04
  0.4057E-01  0.1916E+04  0.3948E+01  0.1888E+04  0.1888E+04
  0.4134E-01  0.1854E+04  0.3653E+01  0.1831E+04  0.1831E+04
  0.4210E-01  0.1799E+04  0.3750E+01  0.1777E+04  0.1777E+04
  0.4286E-01  0.1737E+04  0.3692E+01  0.1724E+04  0.1724E+04
  0.4362E-01  0.1686E+04  0.3561E+01  0.1673E+04  0.1673E+04
  0.4439E-01  0.1637E+04  0.3528E+01  0.1624E+04  0.1624E+04
  0.4515E-01  0.1594E+04  0.3393E+01  0.1576E+04  0.1576E+04
  0.4591E-01  0.1548E+04  0.3443E+01  0.1530E+04  0.1530E+04
  0.4668E-01  0.1498E+04  0.3333E+01  0.1485E+04  0.1485E+04
  0.4744E-01  0.1459E+04  0.3313E+01  0.1442E+04  0.1442E+04
  0.4820E-01  0.1411E+04  0.3360E+01  0.1400E+04  0.1400E+04
  0.4897E-01  0.1364E+04  0.3121E+01  0.1358E+04  0.1358E+04
  0.4973E-01  0.1322E+04  0.3175E+01  0.1319E+04  0.1319E+04
  0.5049E-01  0.1282E+04  0.3037E+01  0.1280E+04  0.1280E+04
  0.5125E-01  0.1246E+04  0.3046E+01  0.1242E+04  0.1242E+04
  0.5202E-01  0.1209E+04  0.2948E+01  0.1205E+04  0.1205E+04
  0.5278E-01  0.1167E+04  0.2904E+01  0.1170E+04  0.1170E+04
  0.5354E-01  0.1136E+04  0.2904E+01  0.1135E+04  0.1135E+04
  0.5431E-01  0.1104E+04  0.2848E+01  0.1101E+04  0.1101E+04
  0.5507E-01  0.1076E+04  0.2851E+01  0.1069E+04  0.1069E+04
  0.5583E-01  0.1032E+04  0.2757E+01  0.1037E+04  0.1037E+04
  0.5660E-01  0.1005E+04  0.2719E+01  0.1006E+04  0.1006E+04
  0.5736E-01  0.9791E+03  0.2678E+01  0.9759E+03  0.9759E+03
  0.5812E-01  0.9528E+03  0.2611E+01  0.9468E+03  0.9468E+03
  0.5888E-01  0.9270E+03  0.2625E+01  0.9186E+03  0.9186E+03
  0.5965E-01  0.8968E+03  0.2501E+01  0.8913E+03  0.8913E+03
  0.6041E-01  0.8638E+03  0.2467E+01  0.8649E+03  0.8649E+03
  0.6117E-01  0.8379E+03  0.2453E+01  0.8393E+03  0.8393E+03
  0.6194E-01  0.8243E+03  0.2414E+01  0.8146E+03  0.8146E+03
  0.6270E-01  0.7970E+03  0.2444E+01  0.7907E+03  0.7907E+03
  0.6346E-01  0.7715E+03  0.2380E+01  0.7677E+03  0.7677E+03
  0.6423E-01  0.7485E+03  0.2392E+01  0.7455E+03  0.7455E+03
  0.6499E-01  0.7312E+03  0.2380E+01  0.7241E+03  0.7241E+03
  0.6575E-01  0.7103E+03  0.2363E+01  0.7035E+03  0.7035E+03
  0.6651E-01  0.6898E+03  0.2314E+01  0.6836E+03  0.6836E+03
  0.6728E-01  0.6732E+03  0.2210E+01  0.6644E+03  0.6644E+03
  0.6804E-01  0.6510E+03  0.2225E+01  0.6460E+03  0.6460E+03
  0.6880E-01  0.6301E+03  0.2138E+01  0.6283E+03  0.6283E+03
  0.6957E-01  0.6133E+03  0.2132E+01  0.6112E+03  0.6112E+03
  0.7033E-01  0.6007E+03  0.2150E+01  0.5947E+03  0.5947E+03
  0.7109E-01  0.5838E+03  0.2054E+01  0.5788E+03  0.5788E+03
  0.7186E-01  0.5715E+03  0.2096E+01  0.5635E+03  0.5635E+03
  0.7262E-01  0.5585E+03  0.2049E+01  0.5487E+03  0.5487E+03
  0.7338E-01  0.5439E+03  0.2059E+01  0.5345E+03  0.5345E+03
  0.7414E-01  0.5209E+03  0.2052E+01  0.5207E+03  0.5207E+03
  0.7491E-01  0.5072E+03  0.2002E+01  0.5073E+03  0.5073E+03
  0.7567E-01  0.4966E+03  0.2014E+01  0.4944E+03  0.4944E+03
  0.7643E-01  0.4809E+03  0.2029E+01  0.4819E+03  0.4819E+03
  0.7720E-01  0.4683E+03  0.1977E+01  0.4698E+03  0.4698E+03
  0.7796E-01  0.4629E+03  0.1927E+01  0.4580E+03  0.4580E+03
  0.7872E-01  0.4494E+03  0.1912E+01  0.4465E+03  0.4465E+03
  0.7949E-01  0.4308E+03  0.1901E+01  0.4353E+03  0.4353E+03
  0.8025E-01  0.4166E+03  0.1866E+01  0.4244E+03  0.4244E+03
  0.8101E-01  0.4119E+03  0.1881E+01  0.4138E+03  0.4138E+03
  0.8177E-01  0.4006E+03  0.1795E+01  0.4034E+03  0.4034E+03
  0.8254E-01  0.3930E+03  0.1835E+01  0.3933E+03  0.3933E+03
  0.8330E-01  0.3857E+03  0.1814E+01  0.3835E+03  0.3835E+03
  0.8406E-01  0.3729E+03  0.1798E+01  0.3738E+03  0.3738E+03
  0.8483E-01  0.3591E+03  0.1785E+01  0.3644E+03  0.3644E+03
  0.8559E-01  0.3509E+03  0.1767E+01  0.3551E+03  0.3551E+03
  0.8635E-01  0.3397E+03  0.1787E+01  0.3461E+03  0.3461E+03
  0.8712E-01  0.3350E+03  0.1733E+01  0.3373E+03  0.3373E+03
  0.8788E-01  0.3273E+03  0.1679E+01  0.3287E+03  0.3287E+03
  0.8864E-01  0.3200E+03  0.1702E+01  0.3203E+03  0.3203E+03
  0.8940E-01  0.3144E+03  0.1675E+01  0.3121E+03  0.3121E+03
  0.9017E-01  0.3079E+03  0.1699E+01  0.3042E+03  0.3042E+03
  0.9093E-01  0.2989E+03  0.1637E+01  0.2964E+03  0.2964E+03
  0.9169E-01  0.2900E+03  0.1653E+01  0.2888E+03  0.2888E+03
  0.9246E-01  0.2809E+03  0.1650E+01  0.2814E+03  0.2814E+03
  0.9322E-01  0.2745E+03  0.1629E+01  0.2743E+03  0.2743E+03
  0.9398E-01  0.2672E+03  0.1667E+01  0.2673E+03  0.2673E+03
  0.9475E-01  0.2613E+03  0.1625E+01  0.2605E+03  0.2605E+03
  0.9551E-01  0.2542E+03  0.1619E+01  0.2540E+03  0.2540E+03
  0.9627E-01  0.2491E+03  0.1608E+01  0.2476E+03  0.2476E+03
  0.9703E-01  0.2437E+03  0.1560E+01  0.2415E+03  0.2415E+03
  0.9780E-01  0.2362E+03  0.1573E+01  0.2355E+03  0.2355E+03
  0.9856E-01  0.2295E+03  0.1498E+01  0.2297E+03  0.2297E+03
  0.9932E-01  0.2235E+03  0.1501E+01  0.2242E+03  0.2242E+03
  0.1001E+00  0.2196E+03  0.1484E+01  0.2188E+03  0.2188E+03
  0.1008E+00  0.2151E+03  0.1493E+01  0.2135E+03  0.2135E+03
  0.1016E+00  0.2080E+03  0.1505E+01  0.2085E+03  0.2085E+03
  0.1024E+00  0.2062E+03  0.1486E+01  0.2036E+03  0.2036E+03
  0.1031E+00  0.2006E+03  0.1509E+01  0.1989E+03  0.1989E+03
  0.1039E+00  0.1963E+03  0.1479E+01  0.1943E+03  0.1943E+03
  0.1047E+00  0.1900E+03  0.1509E+01  0.1898E+03  0.1898E+03
  0.1054E+00  0.1830E+03  0.1514E+01  0.1855E+03  0.1855E+03
  0.1062E+00  0.1820E+03  0.1476E+01  0.1813E+03  0.1813E+03
  0.1070E+00  0.1784E+03  0.1488E+01  0.1772E+03  0.1772E+03
  0.1077E+00  0.1744E+03  0.1453E+01  0.1733E+03  0.1733E+03
  0.1085E+00  0.1690E+03  0.1467E+01  0.1694E+03  0.1694E+03
  0.1092E+00  0.1626E+03  0.1441E+01  0.1656E+03  0.1656E+03
  0.1100E+00  0.1625E+03  0.1413E+01  0.1619E+03  0.1619E+03
  0.1108E+00  0.1564E+03  0.1415E+01  0.1583E+03  0.1583E+03
  0.1115E+00  0.1526E+03  0.1403E+01  0.1548E+03  0.1548E+03
  0.1123E+00  0.1486E+03  0.1395E+01  0.1514E+03  0.1514E+03
  0.1131E+00  0.1446E+03  0.1382E+01  0.1480E+03  0.1480E+03
  0.1138E+00  0.1404E+03  0.1386E+01  0.1446E+03  0.1446E+03
  0.1146E+00  0.1356E+03  0.1364E+01  0.1414E+03  0.1414E+03
  0.1153E+00  0.1332E+03  0.1353E+01  0.1382E+03  0.1382E+03
  0.1161E+00  0.1308E+03  0.1390E+01  0.1350E+03  0.1350E+03
  0.1169E+00  0.1334E+03  0.1368E+01  0.1320E+03  0.1320E+03
  0.1176E+00  0.1279E+03  0.1381E+01  0.1289E+03  0.1289E+03
  0.1184E+00  0.1219E+03  0.1365E+01  0.1260E+03  0.1260E+03
  0.1192E+00  0.1195E+03  0.1364E+01  0.1231E+03  0.1231E+03
  0.1199E+00  0.1188E+03  0.1372E+01  0.1202E+03  0.1202E+03
  0.1207E+00  0.1180E+03  0.1346E+01  0.1174E+03  0.1174E+03
  0.1215E+00  0.1121E+03  0.1360E+01  0.1147E+03  0.1147E+03
  0.1222E+00  0.1095E+03  0.1326E+01  0.1121E+03  0.1121E+03
  0.1230E+00  0.1062E+03  0.1326E+01  0.1095E+03  0.1095E+03
  0.1237E+00  0.1051E+03  0.1320E+01  0.1069E+03  0.1069E+03
  0.1245E+00  0.1036E+03  0.1309E+01  0.1045E+03  0.1045E+03
  0.1253E+00  0.1023E+03  0.1298E+01  0.1021E+03  0.1021E+03
  0.1260E+00  0.9878E+02  0.1296E+01  0.9981E+02  0.9981E+02
  0.1268E+00  0.9783E+02  0.1306E+01  0.9758E+02  0.9758E+02
  0.1276E+00  0.9447E+02  0.1301E+01  0.9542E+02  0.9542E+02
  0.1283E+00  0.9085E+02  0.1290E+01  0.9333E+02  0.9333E+02
  0.1291E+00  0.8877E+02  0.1303E+01  0.9132E+02  0.9132E+02
  0.1298E+00  0.8807E+02  0.1268E+01  0.8938E+02  0.8938E+02
  0.1306E+00  0.8764E+02  0.1317E+01  0.8751E+02  0.8751E+02
  0.1314E+00  0.8089E+02  0.1295E+01  0.8571E+02  0.8571E+02
  0.1321E+00  0.8158E+02  0.1300E+01  0.8398E+02  0.8398E+02
  0.1329E+00  0.8148E+02  0.1305E+01  0.8231E+02  0.8231E+02
  0.1337E+00  0.8120E+02  0.1281E+01  0.8071E+02  0.8071E+02
  0.1344E+00  0.7712E+02  0.1315E+01  0.7916E+02  0.7916E+02
  0.1352E+00  0.7435E+02  0.1291E+01  0.7767E+02  0.7767E+02
  0.1359E+00  0.7082E+02  0.1308E+01  0.7623E+02  0.7623E+02
  0.1367E+00  0.6954E+02  0.1305E+01  0.7485E+02  0.7485E+02
  0.1375E+00  0.7038E+02  0.1299E+01  0.7350E+02  0.7350E+02
  0.1382E+00  0.6964E+02  0.1324E+01  0.7221E+02  0.7221E+02
  0.1390E+00  0.6562E+02  0.1311E+01  0.7094E+02  0.7094E+02
  0.1398E+00  0.6634E+02  0.1325E+01  0.6972E+02  0.6972E+02
  0.1405E+00  0.6555E+02  0.1342E+01  0.6852E+02  0.6852E+02
  0.1413E+00  0.6692E+02  0.1316E+01  0.6736E+02  0.6736E+02
  0.1421E+00  0.6606E+02  0.1337E+01  0.6622E+02  0.6622E+02
  0.1428E+00  0.6380E+02  0.1309E+01  0.6510E+02  0.6510E+02
  0.1436E+00  0.6372E+02  0.1315E+01  0.6400E+02  0.6400E+02
  0.1443E+00  0.6238E+02  0.1329E+01  0.6292E+02  0.6292E+02
  0.1451E+00  0.5938E+02  0.1335E+01  0.6186E+02  0.6186E+02
  0.1459E+00  0.5353E+02  0.1297E+01  0.6081E+02  0.6081E+02
  0.1466E+00  0.5557E+02  0.1301E+01  0.5978E+02  0.5978E+02
  0.1474E+00  0.5615E+02  0.1296E+01  0.5876E+02  0.5876E+02
  0.1482E+00  0.5305E+02  0.1276E+01  0.5776E+02  0.5776E+02
  0.1489E+00  0.5465E+02  0.1296E+01  0.5677E+02  0.5677E+02
  0.1497E+00  0.5095E+02  0.1272E+01  0.5579E+02  0.5579E+02
  0.1504E+00  0.5216E+02  0.1284E+01  0.5482E+02  0.5482E+02
  0.1512E+00  0.5157E+02  0.1300E+01  0.5387E+02  0.5387E+02
  0.1520E+00  0.5282E+02  0.1291E+01  0.5294E+02  0.5294E+02
  0.1527E+00  0.5073E+02  0.1311E+01  0.5202E+02  0.5202E+02
  0.1535E+00  0.4912E+02  0.1291E+01  0.5112E+02  0.5112E+02
  0.1543E+00  0.4634E+02  0.1328E+01  0.5024E+02  0.5024E+02
  0.1550E+00  0.4923E+02  0.1343E+01  0.4938E+02  0.4938E+02
  0.1558E+00  0.4776E+02  0.1319E+01  0.4854E+02  0.4854E+02
  0.1565E+00  0.4739E+02  0.1327E+01  0.4772E+02  0.4772E+02
  0.1573E+00  0.4401E+02  0.1312E+01  0.4692E+02  0.4692E+02
  0.1581E+00  0.4741E+02  0.1320E+01  0.4615E+02  0.4615E+02
  0.1588E+00  0.4375E+02  0.1315E+01  0.4540E+02  0.4540E+02
  0.1596E+00  0.4325E+02  0.1285E+01  0.4468E+02  0.4468E+02
  0.1604E+00  0.4005E+02  0.1284E+01  0.4398E+02  0.4398E+02
  0.1611E+00  0.4107E+02  0.1264E+01  0.4331E+02  0.4331E+02
  0.1619E+00  0.4089E+02  0.1281E+01  0.4266E+02  0.4266E+02
  0.1627E+00  0.3972E+02  0.1251E+01  0.4204E+02  0.4204E+02
  0.1634E+00  0.4119E+02  0.1266E+01  0.4144E+02  0.4144E+02
  0.1642E+00  0.3880E+02  0.1283E+01  0.4086E+02  0.4086E+02
  0.1649E+00  0.3894E+02  0.1288E+01  0.4031E+02  0.4031E+02
  0.1657E+00  0.3785E+02  0.1301E+01  0.3978E+02  0.3978E+02
  0.1665E+00  0.3748E+02  0.1285E+01  0.3926E+02  0.3926E+02
  0.1672E+00  0.3847E+02  0.1294E+01  0.3877E+02  0.3877E+02
  0.1680E+00  0.3799E+02  0.1290E+01  0.3829E+02  0.3829E+02
  0.1688E+00  0.3508E+02  0.1284E+01  0.3783E+02  0.3783E+02
  0.1695E+00  0.3608E+02  0.1313E+01  0.3737E+02  0.3737E+02
  0.1703E+00  0.3660E+02  0.1288E+01  0.3694E+02  0.3694E+02
  0.1710E+00  0.3460E+02  0.1314E+01  0.3651E+02  0.3651E+02
  0.1718E+00  0.3139E+02  0.1281E+01  0.3609E+02  0.3609E+02
  0.1726E+00  0.3270E+02  0.1280E+01  0.3568E+02  0.3568E+02
  0.1733E+00  0.3551E+02  0.1308E+01  0.3527E+02  0.3527E+02
  0.1741E+00  0.3275E+02  0.1285E+01  0.3487E+02  0.3487E+02
  0.1749E+00  0.3162E+02  0.1292E+01  0.3447E+02  0.3447E+02
  0.1756E+00  0.3229E+02  0.1281E+01  0.3408E+02  0.3408E+02
  0.1764E+00  0.3139E+02  0.1275E+01  0.3368E+02  0.3368E+02
  0.1772E+00  0.3072E+02  0.1277E+01  0.3329E+02  0.3329E+02
  0.1779E+00  0.3139E+02  0.1256E+01  0.3290E+02  0.3290E+02
  0.1787E+00  0.2986E+02  0.1274E+01  0.3251E+02  0.3251E+02
  0.1794E+00  0.3098E+02  0.1261E+01  0.3213E+02  0.3213E+02
  0.1802E+00  0.3080E+02  0.1273E+01  0.3174E+02  0.3174E+02
  0.1810E+00  0.2807E+02  0.1258E+01  0.3135E+02  0.3135E+02
  0.1817E+00  0.2824E+02  0.1254E+01  0.3097E+02  0.3097E+02
  0.1825E+00  0.2941E+02  0.1270E+01  0.3059E+02  0.3059E+02
  0.1833E+00  0.2999E+02  0.1271E+01  0.3022E+02  0.3022E+02
  0.1840E+00  0.3003E+02  0.1286E+01  0.2985E+02  0.2985E+02
  0.1848E+00  0.2689E+02  0.1273E+01  0.2948E+02  0.2948E+02
  0.1855E+00  0.2395E+02  0.1278E+01  0.2912E+02  0.2912E+02
  0.1863E+00  0.2413E+02  0.1297E+01  0.2877E+02  0.2877E+02
  0.1871E+00  0.2393E+02  0.1285E+01  0.2842E+02  0.2842E+02
  0.1878E+00  0.2688E+02  0.1300E+01  0.2809E+02  0.2809E+02
  0.1886E+00  0.2762E+02  0.1279E+01  0.2776E+02  0.2776E+02
  0.1894E+00  0.2592E+02  0.1280E+01  0.2745E+02  0.2745E+02
  0.1901E+00  0.2478E+02  0.1281E+01  0.2714E+02  0.2714E+02
  0.1909E+00  0.2415E+02  0.1256E+01  0.2685E+02  0.2685E+02
  0.1916E+00  0.2449E+02  0.1252E+01  0.2656E+02  0.2656E+02
  0.1924E+00  0.2518E+02  0.1250E+01  0.2629E+02  0.2629E+02
  0.1932E+00  0.2679E+02  0.1262E+01  0.2603E+02  0.2603E+02
  0.1939E+00  0.2698E+02  0.1259E+01  0.2579E+02  0.2579E+02
  0.1947E+00  0.2467E+02  0.1245E+01  0.2555E+02  0.2555E+02
  0.1955E+00  0.2423E+02  0.1269E+01  0.2533E+02  0.2533E+02
  0.1962E+00  0.2575E+02  0.1226E+01  0.2511E+02  0.2511E+02
  0.1970E+00  0.2293E+02  0.1251E+01  0.2491E+02  0.2491E+02
  0.1978E+00  0.2228E+02  0.1249E+01  0.2471E+02  0.2471E+02
  0.1985E+00  0.2141E+02  0.1250E+01  0.2453E+02  0.2453E+02
  0.1993E+00  0.2176E+02  0.1256E+01  0.2435E+02  0.2435E+02
  0.2000E+00  0.2251E+02  0.1214E+01  0.2418E+02  0.2418E+02
  0.2008E+00  0.2219E+02  0.1218E+01  0.2401E+02  0.2401E+02
  0.2016E+00  0.2096E+02  0.1220E+01  0.2384E+02  0.2384E+02
  0.2023E+00  0.2140E+02  0.1217E+01  0.2369E+02  0.2369E+02
  0.2031E+00  0.1987E+02  0.1218E+01  0.2353E+02  0.2353E+02
  0.2039E+00  0.2256E+02  0.1216E+01  0.2338E+02  0.2338E+02
  0.2046E+00  0.2330E+02  0.1234E+01  0.2322E+02  0.2322E+02
  0.2054E+00  0.2154E+02  0.1229E+01  0.2307E+02  0.2307E+02
  0.2061E+00  0.2336E+02  0.1249E+01  0.2291E+02  0.2291E+02
  0.2069E+00  0.2295E+02  0.1247E+01  0.2276E+02  0.2276E+02
  0.2077E+00  0.2008E+02  0.1252E+01  0.2260E+02  0.2260E+02
  0.2084E+00  0.2339E+02  0.1256E+01  0.2244E+02  0.2244E+02
  0.2092E+00  0.1885E+02  0.1258E+01  0.2228E+02  0.2228E+02

           Distance distribution  function of particle  


       R          P(R)      ERROR

  0.0000E+00  0.0000E+00  0.0000E+00
  0.2014E+01  0.1937E+00  0.7165E-03
  0.4028E+01  0.4584E+00  0.1056E-02
  0.6042E+01  0.7886E+00  0.1085E-02
  0.8056E+01  0.1175E+01  0.9216E-03
  0.1007E+02  0.1606E+01  0.7809E-03
  0.1208E+02  0.2067E+01  0.9183E-03
  0.1410E+02  0.2544E+01  0.1268E-02
  0.1611E+02  0.3022E+01  0.1629E-02
  0.1813E+02  0.3487E+01  0.1899E-02
  0.2014E+02  0.3926E+01  0.2046E-02
  0.2215E+02  0.4330E+01  0.2088E-02
  0.2417E+02  0.4689E+01  0.2072E-02
  0.2618E+02  0.5000E+01  0.2063E-02
  0.2820E+02  0.5260E+01  0.2105E-02
  0.3021E+02  0.5469E+01  0.2202E-02
  0.3222E+02  0.5629E+01  0.2321E-02
  0.3424E+02  0.5745E+01  0.2426E-02
  0.3625E+02  0.5820E+01  0.2501E-02
  0.3827E+02  0.5860E+01  0.2553E-02
  0.4028E+02  0.5871E+01  0.2605E-02
  0.4229E+02  0.5858E+01  0.2681E-02
  0.4431E+02  0.5824E+01  0.2781E-02
  0.4632E+02  0.5775E+01  0.2888E-02
  0.4834E+02  0.5713E+01  0.2972E-02
  0.5035E+02  0.5640E+01  0.3016E-02
  0.5236E+02  0.5557E+01  0.3019E-02
  0.5438E+02  0.5468E+01  0.3006E-02
  0.5639E+02  0.5371E+01  0.3019E-02
  0.5841E+02  0.5268E+01  0.3095E-02
  0.6042E+02  0.5160E+01  0.3248E-02
  0.6243E+02  0.5048E+01  0.3462E-02
  0.6445E+02  0.4932E+01  0.3699E-02
  0.6646E+02  0.4812E+01  0.3923E-02
  0.6848E+02  0.4691E+01  0.4111E-02
  0.7049E+02  0.4568E+01  0.4257E-02
  0.7250E+02  0.4444E+01  0.4369E-02
  0.7452E+02  0.4319E+01  0.4463E-02
  0.7653E+02  0.4195E+01  0.4555E-02
  0.7855E+02  0.4071E+01  0.4653E-02
  0.8056E+02  0.3946E+01  0.4760E-02
  0.8257E+02  0.3823E+01  0.4870E-02
  0.8459E+02  0.3699E+01  0.4973E-02
  0.8660E+02  0.3576E+01  0.5060E-02
  0.8862E+02  0.3454E+01  0.5122E-02
  0.9063E+02  0.3332E+01  0.5149E-02
  0.9264E+02  0.3212E+01  0.5133E-02
  0.9466E+02  0.3093E+01  0.5068E-02
  0.9667E+02  0.2977E+01  0.4956E-02
  0.9869E+02  0.2863E+01  0.4809E-02
  0.1007E+03  0.2753E+01  0.4651E-02
  0.1027E+03  0.2647E+01  0.4519E-02
  0.1047E+03  0.2545E+01  0.4453E-02
  0.1067E+03  0.2448E+01  0.4481E-02
  0.1088E+03  0.2355E+01  0.4610E-02
  0.1108E+03  0.2266E+01  0.4821E-02
  0.1128E+03  0.2182E+01  0.5078E-02
  0.1148E+03  0.2101E+01  0.5338E-02
  0.1168E+03  0.2024E+01  0.5569E-02
  0.1188E+03  0.1950E+01  0.5748E-02
  0.1208E+03  0.1879E+01  0.5867E-02
  0.1229E+03  0.1809E+01  0.5930E-02
  0.1249E+03  0.1742E+01  0.5949E-02
  0.1269E+03  0.1677E+01  0.5946E-02
  0.1289E+03  0.1614E+01  0.5945E-02
  0.1309E+03  0.1552E+01  0.5970E-02
  0.1329E+03  0.1493E+01  0.6036E-02
  0.1349E+03  0.1435E+01  0.6146E-02
  0.1370E+03  0.1379E+01  0.6290E-02
  0.1390E+03  0.1325E+01  0.6446E-02
  0.1410E+03  0.1272E+01  0.6591E-02
  0.1430E+03  0.1222E+01  0.6701E-02
  0.1450E+03  0.1173E+01  0.6765E-02
  0.1470E+03  0.1125E+01  0.6780E-02
  0.1490E+03  0.1079E+01  0.6756E-02
  0.1511E+03  0.1034E+01  0.6712E-02
  0.1531E+03  0.9905E+00  0.6671E-02
  0.1551E+03  0.9478E+00  0.6653E-02
  0.1571E+03  0.9062E+00  0.6671E-02
  0.1591E+03  0.8654E+00  0.6726E-02
  0.1611E+03  0.8256E+00  0.6811E-02
  0.1631E+03  0.7866E+00  0.6914E-02
  0.1651E+03  0.7484E+00  0.7022E-02
  0.1672E+03  0.7109E+00  0.7125E-02
  0.1692E+03  0.6742E+00  0.7218E-02
  0.1712E+03  0.6380E+00  0.7297E-02
  0.1732E+03  0.6022E+00  0.7358E-02
  0.1752E+03  0.5666E+00  0.7395E-02
  0.1772E+03  0.5311E+00  0.7398E-02
  0.1792E+03  0.4953E+00  0.7353E-02
  0.1813E+03  0.4591E+00  0.7246E-02
  0.1833E+03  0.4222E+00  0.7061E-02
  0.1853E+03  0.3842E+00  0.6783E-02
  0.1873E+03  0.3448E+00  0.6401E-02
  0.1893E+03  0.3037E+00  0.5903E-02
  0.1913E+03  0.2605E+00  0.5280E-02
  0.1933E+03  0.2148E+00  0.4521E-02
  0.1954E+03  0.1662E+00  0.3620E-02
  0.1974E+03  0.1144E+00  0.2568E-02
  0.1994E+03  0.5913E-01  0.1362E-02
  0.2014E+03  0.0000E+00  0.0000E+00
          Reciprocal space: Rg =   57.25     , I(0) =   0.6648E+04
     Real space: Rg =   57.67 +- 0.065  I(0) =   0.6649E+04 +-  0.6481E+01
