
           ####    G N O M   ---   Version 4.5a revised 09/02/02     ####

                                                  Sat Nov  4 16:47:13 2017
           ===    Run No   1   ===
 Run title:  0.0003414 0 0


  Number of points omitted at the end:         365
 Standard deviations are estimated by polynomial smoothing

   *******   Working Directory :
   *******    Input file(s) : 25526_01F_S058_0_01.sub
           Condition P(rmin) = 0 is used. 
           Condition P(rmax) = 0 is used. 

          Experimental conditions for the first run
          -----------------------------------------

          Highest ALPHA is found to be   0.2764E+05

  The measure of inconsistency AN1 equals to    0.1541E+01

          Warning: using the chosen range in the real space 
             it is not possible to fit the data set within the
             given error band. 
     Alpha    Discrp  Oscill  Stabil  Sysdev  Positv  Valcen    Total   
  0.2764E+08309.3292  1.5159  0.9811  0.0000  1.0000  0.7799  0.00001
  0.5529E+07298.5164  1.5121  0.9469  0.0000  1.0000  0.7804  0.00001
  0.1106E+07255.0411  1.4952  0.8100  0.0000  1.0000  0.7825  0.00001
  0.2211E+06154.3970  1.4446  0.4943  0.0100  1.0000  0.7891  0.00001
  0.4423E+05 61.7553  1.4143  0.1884  0.0100  1.0000  0.7920  0.00001
  0.8846E+04 18.1821  1.4879  0.0494  0.0697  1.0000  0.7773  0.00001
  0.1769E+04  4.7490  1.5502  0.0153  0.1692  1.0000  0.7655  0.00001
  0.3538E+03  2.3325  1.5698  0.0052  0.5672  1.0000  0.7621  0.36547
  0.7077E+02  2.0888  1.5764  0.0039  0.4677  1.0000  0.7614  0.10000
  0.1415E+02  2.0295  1.5876  0.0069  0.4478  1.0000  0.7614  0.10000
  0.2831E+01  1.9535  1.6706  0.0223  0.4478  1.0000  0.7620  0.10000
  0.5661E+00  1.8416  2.1206  0.0334  0.5672  1.0000  0.7619  0.10000
  0.1132E+00  1.7636  3.1717  0.0861  0.5871  0.9993  0.7555  0.10000
  0.2265E-01  1.6624  6.5620  0.1779  0.5871  0.9923  0.7278  0.10000
  0.4529E-02  1.5850 11.1417  0.2123  0.6269  0.9681  0.6803  0.10000
  0.9058E-03  1.5263 17.6074  0.5906  0.5871  0.9046  0.5630  0.10000
  0.1812E-03  1.4415 21.1142  0.4410  0.6269  0.8210  0.2860  0.10000
  0.3623E-04  1.3869 24.3061  0.6919  0.5871  0.7618  0.2490  0.10000
  0.7246E-05  1.3027 22.4277  0.7955  0.6070  0.7392  0.2640  0.10000
  0.1449E-05  1.1849 21.3714  0.3823  0.5672  0.7220  0.2684  0.10000
  0.2899E-06  1.1341 23.9577  0.4616  0.5572  0.7138  0.2618  0.10000
  0.5797E-07  1.0853 26.2387  0.7382  0.5771  0.7040  0.2549  0.10000
  0.1159E-07  1.0100 27.9020  0.4966  0.5871  0.7094  0.3001  0.10000
  0.2319E-08  0.9125 36.5401  0.6246  0.5871  0.7060  0.3234  0.10000
  0.4638E-09  0.7444 40.7046  0.6533  0.6269  0.6784  0.3672  0.10000
  0.9275E-10  0.5058 40.7735  0.4692  0.7264  0.6497  0.3977  0.10000
  0.1855E-10  0.2638 43.8865  0.3026  0.7861  0.6353  0.3808  0.10000
  0.3710E-11  0.0900 47.3317  0.1372  0.8259  0.6335  0.3482  0.10000
  0.7420E-12  0.0214 48.5861  0.0362  0.7861  0.6370  0.3329  0.10000
  0.1484E-12  0.0045 48.8766  0.0077  0.7861  0.6382  0.3313  0.10000
  0.2968E-13  0.0009 48.9364  0.0016  0.7861  0.6385  0.3318  0.10000

          ***  Golden section search to maximize estimate ***
     Alpha    Discrp  Oscill  Stabil  Sysdev  Positv  Valcen    Total   
  0.2616E+05 42.7443  1.4305  0.1222  0.0299  1.0000  0.7886  0.00001
  0.1597E+01  1.9133  1.7721  0.0288  0.5075  1.0000  0.7622  0.10000
  0.1831E+04  4.8717  1.5495  0.0157  0.1692  1.0000  0.7657  0.00001
  0.4497E+02  2.0689  1.5783  0.0041  0.4478  1.0000  0.7614  0.10000
  0.6629E+03  2.7351  1.5651  0.0072  0.4080  1.0000  0.7628  0.00001
  0.1609E+03  2.1541  1.5735  0.0043  0.4876  1.0000  0.7616  0.34696
  0.4497E+03  2.4435  1.5683  0.0058  0.5473  1.0000  0.7623  0.37028
  0.5216E+03  2.5353  1.5672  0.0062  0.4876  1.0000  0.7625  0.00008
  0.4104E+03  2.3962  1.5689  0.0055  0.5473  1.0000  0.7622  0.36817
  0.4759E+03  2.4761  1.5679  0.0059  0.5473  1.0000  0.7624  0.37158
  0.4929E+03  2.4978  1.5676  0.0060  0.5274  1.0000  0.7624  0.37193
  0.5036E+03  2.5118  1.5675  0.0061  0.5274  1.0000  0.7624  0.37242
  0.5104E+03  2.5206  1.5673  0.0061  0.5075  1.0000  0.7625  0.00010
  0.4995E+03  2.5064  1.5675  0.0061  0.5473  1.0000  0.7624  0.37270
  0.4970E+03  2.5031  1.5676  0.0061  0.5274  1.0000  0.7624  0.37212
  0.4995E+03  2.5064  1.5675  0.0061  0.5473  1.0000  0.7624  0.37270



             ####            Final results            ####

 Parameter    DISCRP    OSCILL    STABIL    SYSDEV    POSITV    VALCEN
 Weight        1.000     3.000     3.000     4.000     1.000     1.000
 Sigma         0.500     0.600     0.120     0.200     0.120     0.120
 Ideal         1.000     1.100     0.000     1.000     1.000     0.950
 Current       2.506     1.568     0.006     0.547     1.000     0.762
                - - - - - - - - - - - - - - - - - - - - - - - - - 
 Estimate      0.000     0.545     0.997     0.006     1.000     0.087

  Angular   range    :     from    0.0068   to    0.1937
  Real space range   :     from      0.00   to    216.10

  Highest ALPHA (theor) :   0.276E+08                 JOB = 0
  Current ALPHA         :   0.499E+03   Rg :  0.625E+02   I(0) :   0.139E+05

           Total  estimate : 0.373  which is  A SUSPICIOUS  solution

      S          J EXP       ERROR       J REG       I REG

  0.0000E+00                                      0.1387E+05
  0.9785E-03                                      0.1385E+05
  0.1957E-02                                      0.1380E+05
  0.2936E-02                                      0.1371E+05
  0.3914E-02                                      0.1359E+05
  0.4893E-02                                      0.1344E+05
  0.5871E-02                                      0.1325E+05
  0.6850E-02  0.1369E+05  0.7943E+03  0.1304E+05  0.1304E+05
  0.7779E-02  0.1461E+05  0.1506E+03  0.1281E+05  0.1281E+05
  0.8709E-02  0.1387E+05  0.1448E+03  0.1256E+05  0.1256E+05
  0.9639E-02  0.1329E+05  0.8221E+02  0.1229E+05  0.1229E+05
  0.1057E-01  0.1264E+05  0.5514E+02  0.1200E+05  0.1200E+05
  0.1150E-01  0.1217E+05  0.4056E+02  0.1170E+05  0.1170E+05
  0.1243E-01  0.1160E+05  0.3810E+02  0.1138E+05  0.1138E+05
  0.1336E-01  0.1115E+05  0.2433E+02  0.1105E+05  0.1105E+05
  0.1429E-01  0.1074E+05  0.2089E+02  0.1071E+05  0.1071E+05
  0.1522E-01  0.1037E+05  0.1930E+02  0.1037E+05  0.1037E+05
  0.1615E-01  0.1002E+05  0.1634E+02  0.1002E+05  0.1002E+05
  0.1708E-01  0.9637E+04  0.1620E+02  0.9664E+04  0.9664E+04
  0.1801E-01  0.9262E+04  0.1402E+02  0.9312E+04  0.9312E+04
  0.1894E-01  0.8913E+04  0.1422E+02  0.8962E+04  0.8962E+04
  0.1987E-01  0.8566E+04  0.1305E+02  0.8616E+04  0.8616E+04
  0.2080E-01  0.8208E+04  0.1275E+02  0.8274E+04  0.8274E+04
  0.2173E-01  0.7896E+04  0.1342E+02  0.7940E+04  0.7940E+04
  0.2266E-01  0.7589E+04  0.1272E+02  0.7613E+04  0.7613E+04
  0.2359E-01  0.7278E+04  0.1218E+02  0.7296E+04  0.7296E+04
  0.2451E-01  0.6985E+04  0.1138E+02  0.6989E+04  0.6989E+04
  0.2544E-01  0.6704E+04  0.1090E+02  0.6692E+04  0.6692E+04
  0.2637E-01  0.6417E+04  0.1034E+02  0.6407E+04  0.6407E+04
  0.2730E-01  0.6139E+04  0.9457E+01  0.6133E+04  0.6133E+04
  0.2823E-01  0.5892E+04  0.8600E+01  0.5871E+04  0.5871E+04
  0.2916E-01  0.5644E+04  0.8588E+01  0.5621E+04  0.5621E+04
  0.3009E-01  0.5416E+04  0.8504E+01  0.5383E+04  0.5383E+04
  0.3102E-01  0.5217E+04  0.8293E+01  0.5157E+04  0.5157E+04
  0.3195E-01  0.5014E+04  0.7925E+01  0.4942E+04  0.4942E+04
  0.3288E-01  0.4798E+04  0.8019E+01  0.4738E+04  0.4738E+04
  0.3381E-01  0.4601E+04  0.7590E+01  0.4544E+04  0.4544E+04
  0.3474E-01  0.4408E+04  0.7573E+01  0.4360E+04  0.4360E+04
  0.3567E-01  0.4226E+04  0.7075E+01  0.4186E+04  0.4186E+04
  0.3660E-01  0.4055E+04  0.7050E+01  0.4020E+04  0.4020E+04
  0.3753E-01  0.3903E+04  0.6779E+01  0.3863E+04  0.3863E+04
  0.3846E-01  0.3752E+04  0.6288E+01  0.3714E+04  0.3714E+04
  0.3939E-01  0.3603E+04  0.6596E+01  0.3571E+04  0.3571E+04
  0.4032E-01  0.3448E+04  0.6010E+01  0.3435E+04  0.3435E+04
  0.4125E-01  0.3314E+04  0.6079E+01  0.3305E+04  0.3305E+04
  0.4218E-01  0.3189E+04  0.5798E+01  0.3181E+04  0.3181E+04
  0.4311E-01  0.3063E+04  0.5596E+01  0.3062E+04  0.3062E+04
  0.4404E-01  0.2950E+04  0.5803E+01  0.2948E+04  0.2948E+04
  0.4497E-01  0.2838E+04  0.5263E+01  0.2838E+04  0.2838E+04
  0.4590E-01  0.2736E+04  0.5279E+01  0.2732E+04  0.2732E+04
  0.4683E-01  0.2635E+04  0.5252E+01  0.2630E+04  0.2630E+04
  0.4776E-01  0.2530E+04  0.5105E+01  0.2532E+04  0.2532E+04
  0.4869E-01  0.2435E+04  0.5101E+01  0.2437E+04  0.2437E+04
  0.4962E-01  0.2343E+04  0.4726E+01  0.2346E+04  0.2346E+04
  0.5055E-01  0.2258E+04  0.4734E+01  0.2258E+04  0.2258E+04
  0.5148E-01  0.2165E+04  0.4525E+01  0.2173E+04  0.2173E+04
  0.5241E-01  0.2080E+04  0.4575E+01  0.2091E+04  0.2091E+04
  0.5334E-01  0.2014E+04  0.4589E+01  0.2013E+04  0.2013E+04
  0.5427E-01  0.1942E+04  0.4502E+01  0.1938E+04  0.1938E+04
  0.5520E-01  0.1870E+04  0.4443E+01  0.1865E+04  0.1865E+04
  0.5613E-01  0.1793E+04  0.4190E+01  0.1796E+04  0.1796E+04
  0.5706E-01  0.1729E+04  0.4291E+01  0.1730E+04  0.1730E+04
  0.5799E-01  0.1683E+04  0.4125E+01  0.1666E+04  0.1666E+04
  0.5892E-01  0.1613E+04  0.4033E+01  0.1606E+04  0.1606E+04
  0.5985E-01  0.1556E+04  0.4085E+01  0.1548E+04  0.1548E+04
  0.6078E-01  0.1507E+04  0.3956E+01  0.1493E+04  0.1493E+04
  0.6170E-01  0.1455E+04  0.3954E+01  0.1440E+04  0.1440E+04
  0.6263E-01  0.1403E+04  0.3782E+01  0.1390E+04  0.1390E+04
  0.6356E-01  0.1350E+04  0.3667E+01  0.1343E+04  0.1343E+04
  0.6449E-01  0.1306E+04  0.3693E+01  0.1297E+04  0.1297E+04
  0.6542E-01  0.1274E+04  0.3615E+01  0.1254E+04  0.1254E+04
  0.6635E-01  0.1225E+04  0.3632E+01  0.1213E+04  0.1213E+04
  0.6728E-01  0.1186E+04  0.3420E+01  0.1173E+04  0.1173E+04
  0.6821E-01  0.1142E+04  0.3523E+01  0.1136E+04  0.1136E+04
  0.6914E-01  0.1099E+04  0.3515E+01  0.1100E+04  0.1100E+04
  0.7007E-01  0.1067E+04  0.3395E+01  0.1065E+04  0.1065E+04
  0.7100E-01  0.1034E+04  0.3498E+01  0.1032E+04  0.1032E+04
  0.7193E-01  0.9900E+03  0.3270E+01  0.9999E+03  0.9999E+03
  0.7286E-01  0.9620E+03  0.3352E+01  0.9689E+03  0.9689E+03
  0.7379E-01  0.9359E+03  0.3292E+01  0.9390E+03  0.9390E+03
  0.7472E-01  0.9070E+03  0.3172E+01  0.9101E+03  0.9101E+03
  0.7565E-01  0.8823E+03  0.3200E+01  0.8820E+03  0.8820E+03
  0.7658E-01  0.8491E+03  0.3122E+01  0.8548E+03  0.8548E+03
  0.7751E-01  0.8183E+03  0.3155E+01  0.8283E+03  0.8283E+03
  0.7844E-01  0.7958E+03  0.3000E+01  0.8026E+03  0.8026E+03
  0.7937E-01  0.7729E+03  0.3131E+01  0.7776E+03  0.7776E+03
  0.8030E-01  0.7547E+03  0.3415E+01  0.7533E+03  0.7533E+03
  0.8123E-01  0.7273E+03  0.2957E+01  0.7297E+03  0.7297E+03
  0.8216E-01  0.7051E+03  0.2952E+01  0.7069E+03  0.7069E+03
  0.8309E-01  0.6835E+03  0.2931E+01  0.6847E+03  0.6847E+03
  0.8402E-01  0.6602E+03  0.2947E+01  0.6633E+03  0.6633E+03
  0.8495E-01  0.6440E+03  0.2966E+01  0.6426E+03  0.6426E+03
  0.8588E-01  0.6213E+03  0.2885E+01  0.6226E+03  0.6226E+03
  0.8681E-01  0.6042E+03  0.2795E+01  0.6034E+03  0.6034E+03
  0.8774E-01  0.5890E+03  0.2750E+01  0.5849E+03  0.5849E+03
  0.8867E-01  0.5710E+03  0.2754E+01  0.5671E+03  0.5671E+03
  0.8960E-01  0.5513E+03  0.2704E+01  0.5500E+03  0.5500E+03
  0.9053E-01  0.5422E+03  0.2708E+01  0.5336E+03  0.5336E+03
  0.9146E-01  0.5241E+03  0.2678E+01  0.5180E+03  0.5180E+03
  0.9239E-01  0.5107E+03  0.2654E+01  0.5030E+03  0.5030E+03
  0.9332E-01  0.4999E+03  0.2651E+01  0.4886E+03  0.4886E+03
  0.9425E-01  0.4821E+03  0.2589E+01  0.4748E+03  0.4748E+03
  0.9518E-01  0.4626E+03  0.2526E+01  0.4616E+03  0.4616E+03
  0.9611E-01  0.4433E+03  0.2607E+01  0.4489E+03  0.4489E+03
  0.9704E-01  0.4324E+03  0.2602E+01  0.4367E+03  0.4367E+03
  0.9797E-01  0.4179E+03  0.2566E+01  0.4250E+03  0.4250E+03
  0.9890E-01  0.4093E+03  0.2529E+01  0.4136E+03  0.4136E+03
  0.9982E-01  0.4066E+03  0.2525E+01  0.4027E+03  0.4027E+03
  0.1008E+00  0.3920E+03  0.2490E+01  0.3920E+03  0.3920E+03
  0.1017E+00  0.3787E+03  0.2468E+01  0.3816E+03  0.3816E+03
  0.1026E+00  0.3669E+03  0.2434E+01  0.3715E+03  0.3715E+03
  0.1035E+00  0.3599E+03  0.2444E+01  0.3617E+03  0.3617E+03
  0.1045E+00  0.3532E+03  0.2610E+01  0.3520E+03  0.3520E+03
  0.1054E+00  0.3387E+03  0.2396E+01  0.3426E+03  0.3426E+03
  0.1063E+00  0.3313E+03  0.2360E+01  0.3333E+03  0.3333E+03
  0.1073E+00  0.3219E+03  0.2339E+01  0.3242E+03  0.3242E+03
  0.1082E+00  0.3137E+03  0.2340E+01  0.3153E+03  0.3153E+03
  0.1091E+00  0.3026E+03  0.2358E+01  0.3065E+03  0.3065E+03
  0.1101E+00  0.2914E+03  0.2259E+01  0.2980E+03  0.2980E+03
  0.1110E+00  0.2882E+03  0.2284E+01  0.2896E+03  0.2896E+03
  0.1119E+00  0.2797E+03  0.2299E+01  0.2815E+03  0.2815E+03
  0.1128E+00  0.2772E+03  0.2305E+01  0.2735E+03  0.2735E+03
  0.1138E+00  0.2681E+03  0.2337E+01  0.2658E+03  0.2658E+03
  0.1147E+00  0.2630E+03  0.2261E+01  0.2583E+03  0.2583E+03
  0.1156E+00  0.2526E+03  0.2223E+01  0.2511E+03  0.2511E+03
  0.1166E+00  0.2413E+03  0.2169E+01  0.2442E+03  0.2442E+03
  0.1175E+00  0.2368E+03  0.2156E+01  0.2374E+03  0.2374E+03
  0.1184E+00  0.2302E+03  0.2197E+01  0.2310E+03  0.2310E+03
  0.1193E+00  0.2244E+03  0.2152E+01  0.2248E+03  0.2248E+03
  0.1203E+00  0.2146E+03  0.2178E+01  0.2189E+03  0.2189E+03
  0.1212E+00  0.2074E+03  0.2106E+01  0.2133E+03  0.2133E+03
  0.1221E+00  0.2046E+03  0.2131E+01  0.2080E+03  0.2080E+03
  0.1231E+00  0.1988E+03  0.2100E+01  0.2028E+03  0.2028E+03
  0.1240E+00  0.1977E+03  0.2114E+01  0.1980E+03  0.1980E+03
  0.1249E+00  0.1935E+03  0.2125E+01  0.1933E+03  0.1933E+03
  0.1259E+00  0.1878E+03  0.2085E+01  0.1889E+03  0.1889E+03
  0.1268E+00  0.1817E+03  0.2077E+01  0.1846E+03  0.1846E+03
  0.1277E+00  0.1797E+03  0.2046E+01  0.1805E+03  0.1805E+03
  0.1286E+00  0.1759E+03  0.2115E+01  0.1765E+03  0.1765E+03
  0.1296E+00  0.1739E+03  0.2097E+01  0.1727E+03  0.1727E+03
  0.1305E+00  0.1666E+03  0.2104E+01  0.1690E+03  0.1690E+03
  0.1314E+00  0.1647E+03  0.2084E+01  0.1654E+03  0.1654E+03
  0.1324E+00  0.1589E+03  0.2056E+01  0.1618E+03  0.1618E+03
  0.1333E+00  0.1551E+03  0.2052E+01  0.1584E+03  0.1584E+03
  0.1342E+00  0.1510E+03  0.2089E+01  0.1549E+03  0.1549E+03
  0.1352E+00  0.1491E+03  0.2100E+01  0.1516E+03  0.1516E+03
  0.1361E+00  0.1452E+03  0.2053E+01  0.1482E+03  0.1482E+03
  0.1370E+00  0.1422E+03  0.1999E+01  0.1449E+03  0.1449E+03
  0.1379E+00  0.1434E+03  0.2077E+01  0.1417E+03  0.1417E+03
  0.1389E+00  0.1374E+03  0.2080E+01  0.1385E+03  0.1385E+03
  0.1398E+00  0.1356E+03  0.2039E+01  0.1353E+03  0.1353E+03
  0.1407E+00  0.1301E+03  0.2034E+01  0.1322E+03  0.1322E+03
  0.1417E+00  0.1243E+03  0.1911E+01  0.1292E+03  0.1292E+03
  0.1426E+00  0.1187E+03  0.1925E+01  0.1262E+03  0.1262E+03
  0.1435E+00  0.1215E+03  0.2198E+01  0.1233E+03  0.1233E+03
  0.1445E+00  0.1185E+03  0.1988E+01  0.1205E+03  0.1205E+03
  0.1454E+00  0.1180E+03  0.1930E+01  0.1177E+03  0.1177E+03
  0.1463E+00  0.1135E+03  0.1898E+01  0.1151E+03  0.1151E+03
  0.1472E+00  0.1134E+03  0.1938E+01  0.1126E+03  0.1126E+03
  0.1482E+00  0.1085E+03  0.1950E+01  0.1102E+03  0.1102E+03
  0.1491E+00  0.1074E+03  0.1933E+01  0.1079E+03  0.1079E+03
  0.1500E+00  0.1047E+03  0.1950E+01  0.1057E+03  0.1057E+03
  0.1510E+00  0.1024E+03  0.1934E+01  0.1037E+03  0.1037E+03
  0.1519E+00  0.9673E+02  0.1944E+01  0.1017E+03  0.1017E+03
  0.1528E+00  0.9280E+02  0.1925E+01  0.9987E+02  0.9987E+02
  0.1538E+00  0.9555E+02  0.1931E+01  0.9813E+02  0.9813E+02
  0.1547E+00  0.9178E+02  0.1892E+01  0.9650E+02  0.9650E+02
  0.1556E+00  0.9383E+02  0.1874E+01  0.9493E+02  0.9493E+02
  0.1565E+00  0.9233E+02  0.1894E+01  0.9346E+02  0.9346E+02
  0.1575E+00  0.9082E+02  0.1837E+01  0.9205E+02  0.9205E+02
  0.1584E+00  0.8747E+02  0.1849E+01  0.9070E+02  0.9070E+02
  0.1593E+00  0.8754E+02  0.1823E+01  0.8940E+02  0.8940E+02
  0.1603E+00  0.8265E+02  0.1821E+01  0.8814E+02  0.8814E+02
  0.1612E+00  0.8530E+02  0.1836E+01  0.8691E+02  0.8691E+02
  0.1621E+00  0.8577E+02  0.1815E+01  0.8570E+02  0.8570E+02
  0.1630E+00  0.8046E+02  0.1830E+01  0.8450E+02  0.8450E+02
  0.1640E+00  0.8115E+02  0.1818E+01  0.8332E+02  0.8332E+02
  0.1649E+00  0.7871E+02  0.1844E+01  0.8215E+02  0.8215E+02
  0.1658E+00  0.7579E+02  0.1878E+01  0.8097E+02  0.8097E+02
  0.1668E+00  0.7677E+02  0.1841E+01  0.7980E+02  0.7980E+02
  0.1677E+00  0.7628E+02  0.1847E+01  0.7864E+02  0.7864E+02
  0.1686E+00  0.7534E+02  0.1844E+01  0.7748E+02  0.7748E+02
  0.1696E+00  0.7634E+02  0.1851E+01  0.7632E+02  0.7632E+02
  0.1705E+00  0.7589E+02  0.1812E+01  0.7517E+02  0.7517E+02
  0.1714E+00  0.7508E+02  0.1840E+01  0.7405E+02  0.7405E+02
  0.1723E+00  0.7226E+02  0.1830E+01  0.7294E+02  0.7294E+02
  0.1733E+00  0.7026E+02  0.1790E+01  0.7186E+02  0.7186E+02
  0.1742E+00  0.6811E+02  0.1820E+01  0.7081E+02  0.7081E+02
  0.1751E+00  0.6908E+02  0.1811E+01  0.6979E+02  0.6979E+02
  0.1761E+00  0.6987E+02  0.1842E+01  0.6881E+02  0.6881E+02
  0.1770E+00  0.6551E+02  0.1763E+01  0.6787E+02  0.6787E+02
  0.1779E+00  0.6427E+02  0.1731E+01  0.6698E+02  0.6698E+02
  0.1789E+00  0.6616E+02  0.1761E+01  0.6613E+02  0.6613E+02
  0.1798E+00  0.6088E+02  0.1733E+01  0.6534E+02  0.6534E+02
  0.1807E+00  0.6485E+02  0.1760E+01  0.6459E+02  0.6459E+02
  0.1816E+00  0.6238E+02  0.1736E+01  0.6388E+02  0.6388E+02
  0.1826E+00  0.6495E+02  0.1803E+01  0.6322E+02  0.6322E+02
  0.1835E+00  0.6226E+02  0.1756E+01  0.6261E+02  0.6261E+02
  0.1844E+00  0.5661E+02  0.1737E+01  0.6202E+02  0.6202E+02
  0.1854E+00  0.5341E+02  0.1731E+01  0.6147E+02  0.6147E+02
  0.1863E+00  0.5559E+02  0.1724E+01  0.6095E+02  0.6095E+02
  0.1872E+00  0.6321E+02  0.1730E+01  0.6044E+02  0.6044E+02
  0.1882E+00  0.6045E+02  0.1716E+01  0.5995E+02  0.5995E+02
  0.1891E+00  0.5904E+02  0.1669E+01  0.5947E+02  0.5947E+02
  0.1900E+00  0.5965E+02  0.1709E+01  0.5899E+02  0.5899E+02
  0.1909E+00  0.5956E+02  0.1677E+01  0.5851E+02  0.5851E+02
  0.1919E+00  0.5929E+02  0.1690E+01  0.5803E+02  0.5803E+02
  0.1928E+00  0.6071E+02  0.1677E+01  0.5754E+02  0.5754E+02
  0.1937E+00  0.5584E+02  0.1687E+01  0.5703E+02  0.5703E+02

           Distance distribution  function of particle  


       R          P(R)      ERROR

  0.0000E+00  0.0000E+00  0.0000E+00
  0.2161E+01  0.4330E+00  0.1381E-02
  0.4322E+01  0.9870E+00  0.1985E-02
  0.6483E+01  0.1652E+01  0.1963E-02
  0.8644E+01  0.2410E+01  0.1604E-02
  0.1080E+02  0.3241E+01  0.1444E-02
  0.1297E+02  0.4119E+01  0.1908E-02
  0.1513E+02  0.5016E+01  0.2636E-02
  0.1729E+02  0.5907E+01  0.3246E-02
  0.1945E+02  0.6765E+01  0.3584E-02
  0.2161E+02  0.7567E+01  0.3636E-02
  0.2377E+02  0.8297E+01  0.3511E-02
  0.2593E+02  0.8939E+01  0.3412E-02
  0.2809E+02  0.9486E+01  0.3541E-02
  0.3025E+02  0.9936E+01  0.3929E-02
  0.3241E+02  0.1029E+02  0.4417E-02
  0.3458E+02  0.1055E+02  0.4818E-02
  0.3674E+02  0.1073E+02  0.5011E-02
  0.3890E+02  0.1085E+02  0.4977E-02
  0.4106E+02  0.1090E+02  0.4796E-02
  0.4322E+02  0.1090E+02  0.4638E-02
  0.4538E+02  0.1087E+02  0.4693E-02
  0.4754E+02  0.1081E+02  0.5047E-02
  0.4970E+02  0.1073E+02  0.5616E-02
  0.5186E+02  0.1064E+02  0.6236E-02
  0.5402E+02  0.1053E+02  0.6766E-02
  0.5619E+02  0.1041E+02  0.7129E-02
  0.5835E+02  0.1028E+02  0.7320E-02
  0.6051E+02  0.1014E+02  0.7386E-02
  0.6267E+02  0.9981E+01  0.7407E-02
  0.6483E+02  0.9814E+01  0.7461E-02
  0.6699E+02  0.9634E+01  0.7596E-02
  0.6915E+02  0.9441E+01  0.7809E-02
  0.7131E+02  0.9237E+01  0.8057E-02
  0.7347E+02  0.9023E+01  0.8280E-02
  0.7564E+02  0.8800E+01  0.8420E-02
  0.7780E+02  0.8572E+01  0.8447E-02
  0.7996E+02  0.8341E+01  0.8358E-02
  0.8212E+02  0.8109E+01  0.8187E-02
  0.8428E+02  0.7877E+01  0.8005E-02
  0.8644E+02  0.7647E+01  0.7907E-02
  0.8860E+02  0.7420E+01  0.7986E-02
  0.9076E+02  0.7197E+01  0.8280E-02
  0.9292E+02  0.6977E+01  0.8757E-02
  0.9508E+02  0.6761E+01  0.9318E-02
  0.9725E+02  0.6548E+01  0.9847E-02
  0.9941E+02  0.6338E+01  0.1025E-01
  0.1016E+03  0.6131E+01  0.1048E-01
  0.1037E+03  0.5927E+01  0.1055E-01
  0.1059E+03  0.5726E+01  0.1052E-01
  0.1080E+03  0.5529E+01  0.1048E-01
  0.1102E+03  0.5337E+01  0.1053E-01
  0.1124E+03  0.5149E+01  0.1071E-01
  0.1145E+03  0.4966E+01  0.1100E-01
  0.1167E+03  0.4790E+01  0.1133E-01
  0.1189E+03  0.4619E+01  0.1161E-01
  0.1210E+03  0.4455E+01  0.1179E-01
  0.1232E+03  0.4297E+01  0.1186E-01
  0.1253E+03  0.4145E+01  0.1186E-01
  0.1275E+03  0.3999E+01  0.1185E-01
  0.1297E+03  0.3858E+01  0.1192E-01
  0.1318E+03  0.3722E+01  0.1211E-01
  0.1340E+03  0.3589E+01  0.1244E-01
  0.1361E+03  0.3460E+01  0.1288E-01
  0.1383E+03  0.3335E+01  0.1339E-01
  0.1405E+03  0.3212E+01  0.1393E-01
  0.1426E+03  0.3092E+01  0.1447E-01
  0.1448E+03  0.2975E+01  0.1500E-01
  0.1469E+03  0.2861E+01  0.1552E-01
  0.1491E+03  0.2749E+01  0.1601E-01
  0.1513E+03  0.2639E+01  0.1646E-01
  0.1534E+03  0.2532E+01  0.1686E-01
  0.1556E+03  0.2427E+01  0.1717E-01
  0.1578E+03  0.2325E+01  0.1738E-01
  0.1599E+03  0.2225E+01  0.1749E-01
  0.1621E+03  0.2128E+01  0.1750E-01
  0.1642E+03  0.2033E+01  0.1743E-01
  0.1664E+03  0.1941E+01  0.1728E-01
  0.1686E+03  0.1852E+01  0.1707E-01
  0.1707E+03  0.1766E+01  0.1680E-01
  0.1729E+03  0.1683E+01  0.1647E-01
  0.1750E+03  0.1603E+01  0.1606E-01
  0.1772E+03  0.1527E+01  0.1559E-01
  0.1794E+03  0.1454E+01  0.1504E-01
  0.1815E+03  0.1385E+01  0.1442E-01
  0.1837E+03  0.1317E+01  0.1376E-01
  0.1858E+03  0.1252E+01  0.1310E-01
  0.1880E+03  0.1188E+01  0.1249E-01
  0.1902E+03  0.1124E+01  0.1200E-01
  0.1923E+03  0.1059E+01  0.1167E-01
  0.1945E+03  0.9927E+00  0.1150E-01
  0.1967E+03  0.9231E+00  0.1143E-01
  0.1988E+03  0.8494E+00  0.1135E-01
  0.2010E+03  0.7707E+00  0.1115E-01
  0.2031E+03  0.6860E+00  0.1070E-01
  0.2053E+03  0.5943E+00  0.9923E-02
  0.2075E+03  0.4947E+00  0.8758E-02
  0.2096E+03  0.3864E+00  0.7179E-02
  0.2118E+03  0.2684E+00  0.5183E-02
  0.2139E+03  0.1399E+00  0.2784E-02
  0.2161E+03  0.0000E+00  0.0000E+00
          Reciprocal space: Rg =   62.53     , I(0) =   0.1386E+05
     Real space: Rg =   63.01 +- 0.069  I(0) =   0.1387E+05 +-  0.1492E+02
