
           ####    G N O M   ---   Version 4.5a revised 09/02/02     ####

                                                  Sat Nov  4 16:47:10 2017
           ===    Run No   1   ===
 Run title:  0.0003414 0 0


  Number of points omitted at the end:         365
 Standard deviations are estimated by polynomial smoothing

   *******   Working Directory :
   *******    Input file(s) : 25526_01B_S050_0_01.sub
           Condition P(rmin) = 0 is used. 
           Condition P(rmax) = 0 is used. 

          Experimental conditions for the first run
          -----------------------------------------

          Highest ALPHA is found to be   0.2235E+03

  The measure of inconsistency AN1 equals to    0.9365E+00
     Alpha    Discrp  Oscill  Stabil  Sysdev  Positv  Valcen    Total   
  0.2235E+06 40.5793  1.3766  0.9718  0.0995  1.0000  0.8094  0.00001
  0.4470E+05 37.8188  1.3744  0.9053  0.1393  1.0000  0.8098  0.00001
  0.8940E+04 28.4089  1.3653  0.6778  0.1891  1.0000  0.8111  0.00001
  0.1788E+04 13.6028  1.3486  0.3117  0.0498  1.0000  0.8131  0.00001
  0.3576E+03  4.9283  1.3900  0.0884  0.1194  1.0000  0.8035  0.00001
  0.7152E+02  1.7561  1.4928  0.0261  0.3980  1.0000  0.7833  0.41537
  0.1430E+02  1.0987  1.5471  0.0083  0.6567  1.0000  0.7738  0.45731
  0.2861E+01  1.0355  1.5696  0.0088  0.6766  1.0000  0.7714  0.44144
  0.5722E+00  1.0185  1.6084  0.0147  0.6965  1.0000  0.7707  0.10000
  0.1144E+00  1.0076  1.7253  0.0166  0.6965  1.0000  0.7701  0.10000
  0.2289E-01  1.0023  1.9832  0.0314  0.6766  1.0000  0.7696  0.10000
  0.4577E-02  0.9963  3.1788  0.1095  0.6965  0.9989  0.7662  0.10000
  0.9155E-03  0.9818  8.4993  0.3958  0.7164  0.9829  0.7212  0.10000
  0.1831E-03  0.9527 15.1173  0.4420  0.7363  0.8992  0.4085  0.10000
  0.3662E-04  0.9341 18.0965  0.3788  0.7363  0.8250  0.2941  0.10000
  0.7324E-05  0.9216 20.0167  0.7467  0.7363  0.7714  0.2622  0.10000
  0.1465E-05  0.9061 18.3795  0.4330  0.7761  0.7443  0.2718  0.10000
  0.2930E-06  0.9005 17.1984  0.2389  0.7363  0.7339  0.2721  0.10000
  0.5859E-07  0.8992 15.7861  0.4474  0.7363  0.7286  0.3006  0.10000
  0.1172E-07  0.8972 16.8443  0.6333  0.7363  0.7245  0.3014  0.10000
  0.2344E-08  0.8917 19.9058  0.8524  0.7363  0.7144  0.2636  0.10000
  0.4687E-09  0.8711 22.0430  0.7895  0.7761  0.7182  0.2617  0.10000
  0.9374E-10  0.8136 25.7502  0.6609  0.8358  0.7327  0.3072  0.10000
  0.1875E-10  0.6939 31.2166  0.5523  0.8358  0.7358  0.3172  0.00000

          ***  Golden section search to maximize estimate ***
     Alpha    Discrp  Oscill  Stabil  Sysdev  Positv  Valcen    Total   
  0.2645E+02  1.2031  1.5329  0.0121  0.6368  1.0000  0.7761  0.45432
  0.1131E+02  1.0790  1.5511  0.0077  0.6766  1.0000  0.7732  0.45995
  0.9783E+01  1.0700  1.5534  0.0075  0.6766  1.0000  0.7729  0.45870
  0.1237E+02  1.0857  1.5497  0.0079  0.6567  1.0000  0.7734  0.45631
  0.1070E+02  1.0754  1.5520  0.0076  0.6766  1.0000  0.7731  0.45949
  0.1170E+02  1.0815  1.5506  0.0078  0.6766  1.0000  0.7733  0.46023
  0.1196E+02  1.0831  1.5502  0.0078  0.6567  1.0000  0.7733  0.45605
  0.1155E+02  1.0805  1.5508  0.0077  0.6766  1.0000  0.7732  0.46013
  0.1180E+02  1.0821  1.5504  0.0078  0.6567  1.0000  0.7733  0.45594
  0.1165E+02  1.0811  1.5507  0.0077  0.6766  1.0000  0.7733  0.46019
  0.1174E+02  1.0817  1.5505  0.0078  0.6567  1.0000  0.7733  0.45590
  0.1168E+02  1.0813  1.5506  0.0078  0.6766  1.0000  0.7733  0.46022
  0.1170E+02  1.0815  1.5506  0.0078  0.6766  1.0000  0.7733  0.46023



             ####            Final results            ####

 Parameter    DISCRP    OSCILL    STABIL    SYSDEV    POSITV    VALCEN
 Weight        1.000     3.000     3.000     4.000     1.000     1.000
 Sigma         0.500     0.600     0.120     0.200     0.120     0.120
 Ideal         1.000     1.100     0.000     1.000     1.000     0.950
 Current       1.081     1.551     0.008     0.677     1.000     0.773
                - - - - - - - - - - - - - - - - - - - - - - - - - 
 Estimate      0.974     0.569     0.996     0.073     1.000     0.114

  Angular   range    :     from    0.0068   to    0.1937
  Real space range   :     from      0.00   to    199.80

  Highest ALPHA (theor) :   0.224E+06                 JOB = 0
  Current ALPHA         :   0.117E+02   Rg :  0.595E+02   I(0) :   0.108E+04

           Total  estimate : 0.460  which is  A SUSPICIOUS  solution

      S          J EXP       ERROR       J REG       I REG

  0.0000E+00                                      0.1080E+04
  0.9785E-03                                      0.1079E+04
  0.1957E-02                                      0.1075E+04
  0.2936E-02                                      0.1069E+04
  0.3914E-02                                      0.1061E+04
  0.4893E-02                                      0.1050E+04
  0.5871E-02                                      0.1037E+04
  0.6850E-02  0.8627E+03  0.1212E+03  0.1022E+04  0.1022E+04
  0.7779E-02  0.9790E+03  0.5315E+02  0.1006E+04  0.1006E+04
  0.8709E-02  0.1141E+04  0.6477E+02  0.9880E+03  0.9880E+03
  0.9639E-02  0.1112E+04  0.3678E+02  0.9687E+03  0.9687E+03
  0.1057E-01  0.1038E+04  0.2819E+02  0.9480E+03  0.9480E+03
  0.1150E-01  0.9475E+03  0.2388E+02  0.9260E+03  0.9260E+03
  0.1243E-01  0.9175E+03  0.2097E+02  0.9030E+03  0.9030E+03
  0.1336E-01  0.9054E+03  0.1467E+02  0.8790E+03  0.8790E+03
  0.1429E-01  0.8801E+03  0.1319E+02  0.8543E+03  0.8543E+03
  0.1522E-01  0.8369E+03  0.1172E+02  0.8289E+03  0.8289E+03
  0.1615E-01  0.7894E+03  0.1184E+02  0.8031E+03  0.8031E+03
  0.1708E-01  0.7682E+03  0.1314E+02  0.7770E+03  0.7770E+03
  0.1801E-01  0.7583E+03  0.8723E+01  0.7507E+03  0.7507E+03
  0.1894E-01  0.7215E+03  0.7984E+01  0.7244E+03  0.7244E+03
  0.1987E-01  0.6887E+03  0.7457E+01  0.6981E+03  0.6981E+03
  0.2080E-01  0.6532E+03  0.7156E+01  0.6722E+03  0.6722E+03
  0.2173E-01  0.6398E+03  0.7369E+01  0.6465E+03  0.6465E+03
  0.2266E-01  0.6145E+03  0.6765E+01  0.6213E+03  0.6213E+03
  0.2359E-01  0.5855E+03  0.6556E+01  0.5967E+03  0.5967E+03
  0.2451E-01  0.5828E+03  0.5762E+01  0.5727E+03  0.5727E+03
  0.2544E-01  0.5473E+03  0.5796E+01  0.5493E+03  0.5493E+03
  0.2637E-01  0.5192E+03  0.6358E+01  0.5268E+03  0.5268E+03
  0.2730E-01  0.4997E+03  0.5119E+01  0.5050E+03  0.5050E+03
  0.2823E-01  0.4819E+03  0.4890E+01  0.4840E+03  0.4840E+03
  0.2916E-01  0.4599E+03  0.4587E+01  0.4639E+03  0.4639E+03
  0.3009E-01  0.4505E+03  0.4715E+01  0.4447E+03  0.4447E+03
  0.3102E-01  0.4360E+03  0.4377E+01  0.4263E+03  0.4263E+03
  0.3195E-01  0.4213E+03  0.4347E+01  0.4088E+03  0.4088E+03
  0.3288E-01  0.4005E+03  0.4374E+01  0.3922E+03  0.3922E+03
  0.3381E-01  0.3803E+03  0.4199E+01  0.3764E+03  0.3764E+03
  0.3474E-01  0.3667E+03  0.4245E+01  0.3614E+03  0.3614E+03
  0.3567E-01  0.3584E+03  0.4173E+01  0.3471E+03  0.3471E+03
  0.3660E-01  0.3389E+03  0.4096E+01  0.3336E+03  0.3336E+03
  0.3753E-01  0.3267E+03  0.3966E+01  0.3208E+03  0.3208E+03
  0.3846E-01  0.3086E+03  0.3801E+01  0.3086E+03  0.3086E+03
  0.3939E-01  0.2920E+03  0.4005E+01  0.2971E+03  0.2971E+03
  0.4032E-01  0.2788E+03  0.3632E+01  0.2861E+03  0.2861E+03
  0.4125E-01  0.2801E+03  0.3701E+01  0.2757E+03  0.2757E+03
  0.4218E-01  0.2681E+03  0.3612E+01  0.2657E+03  0.2657E+03
  0.4311E-01  0.2653E+03  0.3520E+01  0.2562E+03  0.2562E+03
  0.4404E-01  0.2514E+03  0.3505E+01  0.2471E+03  0.2471E+03
  0.4497E-01  0.2384E+03  0.3428E+01  0.2383E+03  0.2383E+03
  0.4590E-01  0.2251E+03  0.3483E+01  0.2299E+03  0.2299E+03
  0.4683E-01  0.2168E+03  0.3352E+01  0.2218E+03  0.2218E+03
  0.4776E-01  0.2109E+03  0.3317E+01  0.2140E+03  0.2140E+03
  0.4869E-01  0.2055E+03  0.3412E+01  0.2065E+03  0.2065E+03
  0.4962E-01  0.2001E+03  0.3294E+01  0.1992E+03  0.1992E+03
  0.5055E-01  0.1963E+03  0.3269E+01  0.1921E+03  0.1921E+03
  0.5148E-01  0.1869E+03  0.3143E+01  0.1852E+03  0.1852E+03
  0.5241E-01  0.1840E+03  0.3168E+01  0.1786E+03  0.1786E+03
  0.5334E-01  0.1783E+03  0.3160E+01  0.1721E+03  0.1721E+03
  0.5427E-01  0.1673E+03  0.3143E+01  0.1659E+03  0.1659E+03
  0.5520E-01  0.1542E+03  0.3259E+01  0.1598E+03  0.1598E+03
  0.5613E-01  0.1452E+03  0.3319E+01  0.1539E+03  0.1539E+03
  0.5706E-01  0.1521E+03  0.3195E+01  0.1482E+03  0.1482E+03
  0.5799E-01  0.1407E+03  0.3087E+01  0.1427E+03  0.1427E+03
  0.5892E-01  0.1412E+03  0.2960E+01  0.1374E+03  0.1374E+03
  0.5985E-01  0.1339E+03  0.2950E+01  0.1323E+03  0.1323E+03
  0.6078E-01  0.1268E+03  0.2889E+01  0.1273E+03  0.1273E+03
  0.6170E-01  0.1207E+03  0.2911E+01  0.1226E+03  0.1226E+03
  0.6263E-01  0.1207E+03  0.2879E+01  0.1180E+03  0.1180E+03
  0.6356E-01  0.1196E+03  0.2821E+01  0.1137E+03  0.1137E+03
  0.6449E-01  0.1095E+03  0.2813E+01  0.1095E+03  0.1095E+03
  0.6542E-01  0.1055E+03  0.2732E+01  0.1055E+03  0.1055E+03
  0.6635E-01  0.1027E+03  0.2721E+01  0.1017E+03  0.1017E+03
  0.6728E-01  0.1015E+03  0.2661E+01  0.9805E+02  0.9805E+02
  0.6821E-01  0.1001E+03  0.2721E+01  0.9460E+02  0.9460E+02
  0.6914E-01  0.9241E+02  0.2685E+01  0.9131E+02  0.9131E+02
  0.7007E-01  0.8766E+02  0.2688E+01  0.8818E+02  0.8818E+02
  0.7100E-01  0.8460E+02  0.2750E+01  0.8520E+02  0.8520E+02
  0.7193E-01  0.8280E+02  0.2615E+01  0.8236E+02  0.8236E+02
  0.7286E-01  0.8080E+02  0.2683E+01  0.7966E+02  0.7966E+02
  0.7379E-01  0.7776E+02  0.2570E+01  0.7708E+02  0.7708E+02
  0.7472E-01  0.7062E+02  0.2540E+01  0.7461E+02  0.7461E+02
  0.7565E-01  0.6860E+02  0.2546E+01  0.7225E+02  0.7225E+02
  0.7658E-01  0.7491E+02  0.2518E+01  0.6999E+02  0.6999E+02
  0.7751E-01  0.6533E+02  0.2517E+01  0.6782E+02  0.6782E+02
  0.7844E-01  0.6239E+02  0.2424E+01  0.6573E+02  0.6573E+02
  0.7937E-01  0.6565E+02  0.2497E+01  0.6370E+02  0.6370E+02
  0.8030E-01  0.6583E+02  0.2575E+01  0.6175E+02  0.6175E+02
  0.8123E-01  0.5865E+02  0.2431E+01  0.5985E+02  0.5985E+02
  0.8216E-01  0.5637E+02  0.2422E+01  0.5801E+02  0.5801E+02
  0.8309E-01  0.5109E+02  0.2416E+01  0.5622E+02  0.5622E+02
  0.8402E-01  0.5291E+02  0.2419E+01  0.5447E+02  0.5447E+02
  0.8495E-01  0.5539E+02  0.2512E+01  0.5277E+02  0.5277E+02
  0.8588E-01  0.5444E+02  0.2353E+01  0.5110E+02  0.5110E+02
  0.8681E-01  0.5163E+02  0.2346E+01  0.4948E+02  0.4948E+02
  0.8774E-01  0.4309E+02  0.2268E+01  0.4789E+02  0.4789E+02
  0.8867E-01  0.4467E+02  0.2349E+01  0.4635E+02  0.4635E+02
  0.8960E-01  0.4075E+02  0.2401E+01  0.4484E+02  0.4484E+02
  0.9053E-01  0.4448E+02  0.2289E+01  0.4336E+02  0.4336E+02
  0.9146E-01  0.4438E+02  0.2261E+01  0.4193E+02  0.4193E+02
  0.9239E-01  0.4697E+02  0.2261E+01  0.4054E+02  0.4054E+02
  0.9332E-01  0.4323E+02  0.2284E+01  0.3919E+02  0.3919E+02
  0.9425E-01  0.3790E+02  0.2210E+01  0.3788E+02  0.3788E+02
  0.9518E-01  0.3614E+02  0.2222E+01  0.3662E+02  0.3662E+02
  0.9611E-01  0.3544E+02  0.2248E+01  0.3540E+02  0.3540E+02
  0.9704E-01  0.3279E+02  0.2215E+01  0.3422E+02  0.3422E+02
  0.9797E-01  0.3208E+02  0.2222E+01  0.3309E+02  0.3309E+02
  0.9890E-01  0.3531E+02  0.2137E+01  0.3201E+02  0.3201E+02
  0.9982E-01  0.3077E+02  0.2197E+01  0.3097E+02  0.3097E+02
  0.1008E+00  0.2504E+02  0.2170E+01  0.2998E+02  0.2998E+02
  0.1017E+00  0.2877E+02  0.2138E+01  0.2903E+02  0.2903E+02
  0.1026E+00  0.3358E+02  0.2124E+01  0.2812E+02  0.2812E+02
  0.1035E+00  0.2854E+02  0.2158E+01  0.2725E+02  0.2725E+02
  0.1045E+00  0.2434E+02  0.2088E+01  0.2642E+02  0.2642E+02
  0.1054E+00  0.2760E+02  0.2055E+01  0.2563E+02  0.2563E+02
  0.1063E+00  0.2191E+02  0.2105E+01  0.2487E+02  0.2487E+02
  0.1073E+00  0.2063E+02  0.2042E+01  0.2414E+02  0.2414E+02
  0.1082E+00  0.2483E+02  0.2063E+01  0.2345E+02  0.2345E+02
  0.1091E+00  0.2371E+02  0.2108E+01  0.2278E+02  0.2278E+02
  0.1101E+00  0.2144E+02  0.2013E+01  0.2213E+02  0.2213E+02
  0.1110E+00  0.1783E+02  0.2051E+01  0.2151E+02  0.2151E+02
  0.1119E+00  0.1794E+02  0.2021E+01  0.2091E+02  0.2091E+02
  0.1128E+00  0.1813E+02  0.2044E+01  0.2033E+02  0.2033E+02
  0.1138E+00  0.1526E+02  0.2015E+01  0.1977E+02  0.1977E+02
  0.1147E+00  0.1556E+02  0.1949E+01  0.1922E+02  0.1922E+02
  0.1156E+00  0.2019E+02  0.1976E+01  0.1868E+02  0.1868E+02
  0.1166E+00  0.2010E+02  0.1953E+01  0.1816E+02  0.1816E+02
  0.1175E+00  0.1503E+02  0.1974E+01  0.1765E+02  0.1765E+02
  0.1184E+00  0.1539E+02  0.1972E+01  0.1715E+02  0.1715E+02
  0.1193E+00  0.1686E+02  0.1958E+01  0.1666E+02  0.1666E+02
  0.1203E+00  0.1669E+02  0.2043E+01  0.1618E+02  0.1618E+02
  0.1212E+00  0.1959E+02  0.1965E+01  0.1571E+02  0.1571E+02
  0.1221E+00  0.1754E+02  0.1963E+01  0.1526E+02  0.1526E+02
  0.1231E+00  0.1722E+02  0.1915E+01  0.1481E+02  0.1481E+02
  0.1240E+00  0.1732E+02  0.1917E+01  0.1438E+02  0.1438E+02
  0.1249E+00  0.1773E+02  0.1917E+01  0.1395E+02  0.1395E+02
  0.1259E+00  0.9730E+01  0.1870E+01  0.1354E+02  0.1354E+02
  0.1268E+00  0.9320E+01  0.1895E+01  0.1314E+02  0.1314E+02
  0.1277E+00  0.1049E+02  0.1869E+01  0.1275E+02  0.1275E+02
  0.1286E+00  0.1210E+02  0.1908E+01  0.1238E+02  0.1238E+02
  0.1296E+00  0.1305E+02  0.1891E+01  0.1202E+02  0.1202E+02
  0.1305E+00  0.1071E+02  0.1872E+01  0.1167E+02  0.1167E+02
  0.1314E+00  0.9220E+01  0.1909E+01  0.1134E+02  0.1134E+02
  0.1324E+00  0.1183E+02  0.1873E+01  0.1102E+02  0.1102E+02
  0.1333E+00  0.1242E+02  0.1883E+01  0.1071E+02  0.1071E+02
  0.1342E+00  0.1358E+02  0.1874E+01  0.1041E+02  0.1041E+02
  0.1352E+00  0.1072E+02  0.1819E+01  0.1013E+02  0.1013E+02
  0.1361E+00  0.8930E+01  0.1885E+01  0.9854E+01  0.9854E+01
  0.1370E+00  0.9850E+01  0.1829E+01  0.9590E+01  0.9590E+01
  0.1379E+00  0.9880E+01  0.1852E+01  0.9336E+01  0.9336E+01
  0.1389E+00  0.7970E+01  0.1814E+01  0.9091E+01  0.9091E+01
  0.1398E+00  0.6620E+01  0.1813E+01  0.8855E+01  0.8855E+01
  0.1407E+00  0.8090E+01  0.1815E+01  0.8624E+01  0.8624E+01
  0.1417E+00  0.3750E+01  0.1752E+01  0.8400E+01  0.8400E+01
  0.1426E+00  0.5450E+01  0.1780E+01  0.8182E+01  0.8182E+01
  0.1435E+00  0.1042E+02  0.2126E+01  0.7968E+01  0.7968E+01
  0.1445E+00  0.1162E+02  0.1883E+01  0.7758E+01  0.7758E+01
  0.1454E+00  0.5450E+01  0.1784E+01  0.7552E+01  0.7552E+01
  0.1463E+00  0.4540E+01  0.1761E+01  0.7349E+01  0.7349E+01
  0.1472E+00  0.2370E+01  0.1779E+01  0.7149E+01  0.7149E+01
  0.1482E+00  0.4300E+01  0.1770E+01  0.6952E+01  0.6952E+01
  0.1491E+00  0.1074E+02  0.1787E+01  0.6757E+01  0.6757E+01
  0.1500E+00  0.9200E+01  0.1777E+01  0.6565E+01  0.6565E+01
  0.1510E+00  0.9020E+01  0.1793E+01  0.6375E+01  0.6375E+01
  0.1519E+00  0.9300E+01  0.1852E+01  0.6189E+01  0.6189E+01
  0.1528E+00  0.4170E+01  0.1801E+01  0.6006E+01  0.6006E+01
  0.1538E+00  0.4390E+01  0.1781E+01  0.5827E+01  0.5827E+01
  0.1547E+00  0.5070E+01  0.1765E+01  0.5652E+01  0.5652E+01
  0.1556E+00  0.6980E+01  0.1751E+01  0.5481E+01  0.5481E+01
  0.1565E+00  0.5110E+01  0.1758E+01  0.5315E+01  0.5315E+01
  0.1575E+00  0.4610E+01  0.1767E+01  0.5156E+01  0.5156E+01
  0.1584E+00  0.7710E+01  0.1728E+01  0.5002E+01  0.5002E+01
  0.1593E+00  0.6090E+01  0.1715E+01  0.4855E+01  0.4855E+01
  0.1603E+00  0.3080E+01  0.1734E+01  0.4715E+01  0.4715E+01
  0.1612E+00 -0.2002E-01  0.1708E+01  0.4582E+01  0.4582E+01
  0.1621E+00  0.7101E+00  0.1661E+01  0.4457E+01  0.4457E+01
  0.1630E+00  0.3180E+01  0.1688E+01  0.4339E+01  0.4339E+01
  0.1640E+00  0.5500E+00  0.1672E+01  0.4229E+01  0.4229E+01
  0.1649E+00  0.2490E+01  0.1680E+01  0.4127E+01  0.4127E+01
  0.1658E+00  0.3490E+01  0.1663E+01  0.4033E+01  0.4033E+01
  0.1668E+00  0.2500E+01  0.1685E+01  0.3946E+01  0.3946E+01
  0.1677E+00  0.2310E+01  0.1727E+01  0.3866E+01  0.3866E+01
  0.1686E+00  0.9700E+00  0.1692E+01  0.3793E+01  0.3793E+01
  0.1696E+00  0.1820E+01  0.1700E+01  0.3727E+01  0.3727E+01
  0.1705E+00  0.6700E+00  0.1674E+01  0.3666E+01  0.3666E+01
  0.1714E+00 -0.1740E+01  0.1695E+01  0.3610E+01  0.3610E+01
  0.1723E+00  0.1920E+01  0.1689E+01  0.3560E+01  0.3560E+01
  0.1733E+00  0.6610E+01  0.1674E+01  0.3514E+01  0.3514E+01
  0.1742E+00  0.7500E+01  0.1673E+01  0.3471E+01  0.3471E+01
  0.1751E+00  0.6810E+01  0.1607E+01  0.3432E+01  0.3432E+01
  0.1761E+00  0.4030E+01  0.1657E+01  0.3396E+01  0.3396E+01
  0.1770E+00 -0.6600E+00  0.1649E+01  0.3361E+01  0.3361E+01
  0.1779E+00  0.7600E+00  0.1622E+01  0.3329E+01  0.3329E+01
  0.1789E+00  0.1780E+01  0.1616E+01  0.3297E+01  0.3297E+01
  0.1798E+00  0.2520E+01  0.1614E+01  0.3267E+01  0.3267E+01
  0.1807E+00 -0.2910E+01  0.1613E+01  0.3237E+01  0.3237E+01
  0.1816E+00  0.4090E+01  0.1631E+01  0.3207E+01  0.3207E+01
  0.1826E+00  0.3260E+01  0.1637E+01  0.3178E+01  0.3178E+01
  0.1835E+00  0.1340E+01  0.1660E+01  0.3149E+01  0.3149E+01
  0.1844E+00  0.3610E+01  0.1582E+01  0.3120E+01  0.3120E+01
  0.1854E+00  0.3820E+01  0.1611E+01  0.3092E+01  0.3092E+01
  0.1863E+00  0.7101E+00  0.1602E+01  0.3063E+01  0.3063E+01
  0.1872E+00 -0.1699E+00  0.1617E+01  0.3034E+01  0.3034E+01
  0.1882E+00  0.3900E+01  0.1585E+01  0.3006E+01  0.3006E+01
  0.1891E+00  0.2100E+01  0.1550E+01  0.2978E+01  0.2978E+01
  0.1900E+00  0.5110E+01  0.1579E+01  0.2950E+01  0.2950E+01
  0.1909E+00  0.5410E+01  0.1538E+01  0.2923E+01  0.2923E+01
  0.1919E+00  0.5310E+01  0.1570E+01  0.2897E+01  0.2897E+01
  0.1928E+00  0.6060E+01  0.1545E+01  0.2871E+01  0.2871E+01
  0.1937E+00  0.2480E+01  0.1547E+01  0.2846E+01  0.2846E+01

           Distance distribution  function of particle  


       R          P(R)      ERROR

  0.0000E+00  0.0000E+00  0.0000E+00
  0.1998E+01  0.2361E-01  0.9338E-03
  0.3996E+01  0.5913E-01  0.1427E-02
  0.5994E+01  0.1057E+00  0.1549E-02
  0.7992E+01  0.1620E+00  0.1424E-02
  0.9990E+01  0.2262E+00  0.1251E-02
  0.1199E+02  0.2963E+00  0.1285E-02
  0.1399E+02  0.3699E+00  0.1593E-02
  0.1598E+02  0.4446E+00  0.2001E-02
  0.1798E+02  0.5182E+00  0.2349E-02
  0.1998E+02  0.5885E+00  0.2564E-02
  0.2198E+02  0.6537E+00  0.2634E-02
  0.2398E+02  0.7123E+00  0.2601E-02
  0.2597E+02  0.7634E+00  0.2550E-02
  0.2797E+02  0.8062E+00  0.2572E-02
  0.2997E+02  0.8406E+00  0.2716E-02
  0.3197E+02  0.8669E+00  0.2950E-02
  0.3397E+02  0.8856E+00  0.3194E-02
  0.3596E+02  0.8976E+00  0.3372E-02
  0.3796E+02  0.9039E+00  0.3437E-02
  0.3996E+02  0.9055E+00  0.3388E-02
  0.4196E+02  0.9034E+00  0.3269E-02
  0.4396E+02  0.8987E+00  0.3162E-02
  0.4595E+02  0.8922E+00  0.3162E-02
  0.4795E+02  0.8844E+00  0.3326E-02
  0.4995E+02  0.8758E+00  0.3631E-02
  0.5195E+02  0.8666E+00  0.3999E-02
  0.5395E+02  0.8567E+00  0.4347E-02
  0.5594E+02  0.8462E+00  0.4615E-02
  0.5794E+02  0.8348E+00  0.4778E-02
  0.5994E+02  0.8223E+00  0.4841E-02
  0.6194E+02  0.8085E+00  0.4836E-02
  0.6394E+02  0.7932E+00  0.4808E-02
  0.6593E+02  0.7764E+00  0.4804E-02
  0.6793E+02  0.7582E+00  0.4851E-02
  0.6993E+02  0.7388E+00  0.4948E-02
  0.7193E+02  0.7185E+00  0.5070E-02
  0.7393E+02  0.6977E+00  0.5180E-02
  0.7592E+02  0.6766E+00  0.5244E-02
  0.7792E+02  0.6559E+00  0.5244E-02
  0.7992E+02  0.6358E+00  0.5180E-02
  0.8192E+02  0.6165E+00  0.5074E-02
  0.8392E+02  0.5984E+00  0.4963E-02
  0.8591E+02  0.5815E+00  0.4892E-02
  0.8791E+02  0.5656E+00  0.4899E-02
  0.8991E+02  0.5508E+00  0.4999E-02
  0.9191E+02  0.5367E+00  0.5182E-02
  0.9391E+02  0.5230E+00  0.5413E-02
  0.9590E+02  0.5096E+00  0.5650E-02
  0.9790E+02  0.4960E+00  0.5856E-02
  0.9990E+02  0.4822E+00  0.6006E-02
  0.1019E+03  0.4679E+00  0.6094E-02
  0.1039E+03  0.4531E+00  0.6130E-02
  0.1059E+03  0.4379E+00  0.6138E-02
  0.1079E+03  0.4224E+00  0.6146E-02
  0.1099E+03  0.4069E+00  0.6183E-02
  0.1119E+03  0.3914E+00  0.6262E-02
  0.1139E+03  0.3764E+00  0.6380E-02
  0.1159E+03  0.3621E+00  0.6521E-02
  0.1179E+03  0.3486E+00  0.6660E-02
  0.1199E+03  0.3361E+00  0.6775E-02
  0.1219E+03  0.3247E+00  0.6854E-02
  0.1239E+03  0.3143E+00  0.6898E-02
  0.1259E+03  0.3048E+00  0.6921E-02
  0.1279E+03  0.2962E+00  0.6944E-02
  0.1299E+03  0.2881E+00  0.6992E-02
  0.1319E+03  0.2805E+00  0.7082E-02
  0.1339E+03  0.2730E+00  0.7222E-02
  0.1359E+03  0.2656E+00  0.7407E-02
  0.1379E+03  0.2580E+00  0.7628E-02
  0.1399E+03  0.2503E+00  0.7870E-02
  0.1419E+03  0.2423E+00  0.8120E-02
  0.1439E+03  0.2342E+00  0.8369E-02
  0.1459E+03  0.2259E+00  0.8610E-02
  0.1479E+03  0.2176E+00  0.8838E-02
  0.1499E+03  0.2094E+00  0.9049E-02
  0.1518E+03  0.2013E+00  0.9235E-02
  0.1538E+03  0.1933E+00  0.9392E-02
  0.1558E+03  0.1856E+00  0.9512E-02
  0.1578E+03  0.1780E+00  0.9593E-02
  0.1598E+03  0.1706E+00  0.9632E-02
  0.1618E+03  0.1633E+00  0.9629E-02
  0.1638E+03  0.1559E+00  0.9587E-02
  0.1658E+03  0.1484E+00  0.9508E-02
  0.1678E+03  0.1407E+00  0.9394E-02
  0.1698E+03  0.1328E+00  0.9245E-02
  0.1718E+03  0.1245E+00  0.9057E-02
  0.1738E+03  0.1159E+00  0.8826E-02
  0.1758E+03  0.1071E+00  0.8544E-02
  0.1778E+03  0.9817E-01  0.8206E-02
  0.1798E+03  0.8908E-01  0.7805E-02
  0.1818E+03  0.7999E-01  0.7337E-02
  0.1838E+03  0.7098E-01  0.6800E-02
  0.1858E+03  0.6209E-01  0.6195E-02
  0.1878E+03  0.5335E-01  0.5522E-02
  0.1898E+03  0.4476E-01  0.4785E-02
  0.1918E+03  0.3623E-01  0.3983E-02
  0.1938E+03  0.2766E-01  0.3113E-02
  0.1958E+03  0.1889E-01  0.2168E-02
  0.1978E+03  0.9737E-02  0.1136E-02
  0.1998E+03  0.0000E+00  0.0000E+00
          Reciprocal space: Rg =   59.45     , I(0) =   0.1080E+04
     Real space: Rg =   59.81 +- 0.414  I(0) =   0.1080E+04 +-  0.7519E+01
