
           ####    G N O M   ---   Version 4.5a revised 09/02/02     ####

                                                  Sat Nov  4 17:10:57 2017
           ===    Run No   1   ===
 Run title:  0.000132994 0 0


  Number of points omitted at the beginning:          20
  Number of points omitted at the end:         266
   *******   Working Directory :
   *******    Input file(s) : 25526_01D_S016_0_01.sub
           Condition P(rmin) = 0 is used. 
           Condition P(rmax) = 0 is used. 

 Warning: Dmax*Smin =  3.537   is greater than Pi !


          Experimental conditions for the first run
          -----------------------------------------

          Highest ALPHA is found to be   0.3301E+03

  The measure of inconsistency AN1 equals to    0.1115E+01

          Warning: using the chosen range in the real space 
             it is not possible to fit the data set within the
             given error band. 
     Alpha    Discrp  Oscill  Stabil  Sysdev  Positv  Valcen    Total   
  0.3301E+06 69.6548  1.3737  0.9689  0.0370  1.0000  0.8115  0.00001
  0.6602E+05 64.2398  1.3676  0.8932  0.1296  1.0000  0.8130  0.00001
  0.1320E+05 46.9552  1.3428  0.6533  0.1296  1.0000  0.8192  0.00001
  0.2641E+04 22.4552  1.2913  0.3183  0.0185  1.0000  0.8350  0.00001
  0.5281E+03  7.7492  1.2934  0.1030  0.0926  1.0000  0.8456  0.00001
  0.1056E+03  2.2303  1.3449  0.0234  0.3519  1.0000  0.8425  0.46749
  0.2113E+02  1.0980  1.3706  0.0065  0.5741  1.0000  0.8395  0.49532
  0.4225E+01  0.9803  1.3810  0.0080  0.5988  1.0000  0.8387  0.10000
  0.8450E+00  0.9343  1.4120  0.0131  0.6235  1.0000  0.8384  0.10000
  0.1690E+00  0.8996  1.5247  0.0198  0.6358  1.0000  0.8381  0.10000
  0.3380E-01  0.8722  1.9103  0.0347  0.6605  1.0000  0.8377  0.10000
  0.6760E-02  0.8491  3.0341  0.0990  0.6852  0.9994  0.8356  0.10000
  0.1352E-02  0.8173  6.4833  0.1862  0.6975  0.9927  0.8165  0.10000
  0.2704E-03  0.7981 10.0899  0.1383  0.6605  0.9731  0.7547  0.10000
  0.5408E-04  0.7916 13.8224  0.3565  0.6605  0.9408  0.6800  0.10000
  0.1082E-04  0.7864 18.1913  0.2979  0.6728  0.8877  0.5094  0.10000
  0.2163E-05  0.7843 22.7668  0.4761  0.6728  0.8369  0.4131  0.10000
  0.4326E-06  0.7821 26.0074  0.7693  0.6605  0.7770  0.2091  0.10000
  0.8653E-07  0.7786 24.7005  0.8873  0.6605  0.7366  0.2659  0.10000
  0.1731E-07  0.7699 21.0201  0.9490  0.6728  0.7149  0.2748  0.10000
  0.3461E-08  0.7455 19.9267  0.6796  0.6605  0.7055  0.2864  0.10000
  0.6922E-09  0.7143 21.2993  0.4718  0.6605  0.6875  0.3043  0.10000
  0.1384E-09  0.6744 27.0895  0.5892  0.6481  0.6469  0.3333  0.10000
  0.2769E-10  0.5814 35.3506  0.5957  0.7099  0.6337  0.3809  0.10000
  0.5538E-11  0.3999 44.1307  0.4498  0.7407  0.6501  0.4000  0.10000
  0.1108E-11  0.1991 50.1632  0.3026  0.7407  0.6780  0.3743  0.10000
  0.2215E-12  0.0679 52.8586  0.1461  0.7284  0.6974  0.3288  0.10000
  0.4430E-13  0.0166 53.7254  0.0423  0.7284  0.7051  0.3071  0.10000
  0.8861E-14  0.0035 53.9376  0.0094  0.7284  0.7071  0.3014  0.10000
  0.1772E-14  0.0007 53.9825  0.0019  0.7284  0.7075  0.3002  0.10000
  0.3544E-15  0.0001 53.9916  0.0004  0.7284  0.7076  0.3000  0.10000

          ***  Golden section search to maximize estimate ***
     Alpha    Discrp  Oscill  Stabil  Sysdev  Positv  Valcen    Total   
  0.3906E+02  1.2832  1.3641  0.0097  0.5617  1.0000  0.8403  0.49666
  0.5712E+02  1.5163  1.3583  0.0134  0.5123  1.0000  0.8410  0.48161
  0.3089E+02  1.1914  1.3670  0.0081  0.5741  1.0000  0.8400  0.49957
  0.2672E+02  1.1490  1.3685  0.0074  0.5741  1.0000  0.8398  0.49886
  0.3379E+02  1.2227  1.3659  0.0087  0.5741  1.0000  0.8401  0.49923
  0.2922E+02  1.1741  1.3676  0.0078  0.5741  1.0000  0.8399  0.49946
  0.3197E+02  1.2028  1.3666  0.0083  0.5741  1.0000  0.8400  0.49951
  0.3024E+02  1.1846  1.3672  0.0080  0.5617  1.0000  0.8399  0.49903
  0.3130E+02  1.1957  1.3668  0.0082  0.5864  1.0000  0.8400  0.50023
  0.3155E+02  1.1984  1.3667  0.0082  0.5741  1.0000  0.8400  0.49955
  0.3114E+02  1.1940  1.3669  0.0082  0.5864  1.0000  0.8400  0.50023
  0.3104E+02  1.1930  1.3669  0.0082  0.5864  1.0000  0.8400  0.50023
  0.3104E+02  1.1930  1.3669  0.0082  0.5864  1.0000  0.8400  0.50023



             ####            Final results            ####

 Parameter    DISCRP    OSCILL    STABIL    SYSDEV    POSITV    VALCEN
 Weight        1.000     3.000     3.000     4.000     1.000     1.000
 Sigma         0.500     0.600     0.120     0.200     0.120     0.120
 Ideal         1.000     1.100     0.000     1.000     1.000     0.950
 Current       1.193     1.367     0.008     0.586     1.000     0.840
                - - - - - - - - - - - - - - - - - - - - - - - - - 
 Estimate      0.862     0.820     0.995     0.014     1.000     0.431

  Angular   range    :     from    0.0238   to    0.2710
  Real space range   :     from      0.00   to    148.70

  Highest ALPHA (theor) :   0.330E+06                 JOB = 0
  Current ALPHA         :   0.310E+02   Rg :  0.453E+02   I(0) :   0.129E+04

           Total  estimate : 0.500  which is  A REASONABLE  solution

      S          J EXP       ERROR       J REG       I REG

  0.0000E+00                                      0.1288E+04
  0.8495E-03                                      0.1287E+04
  0.1699E-02                                      0.1285E+04
  0.2549E-02                                      0.1282E+04
  0.3398E-02                                      0.1277E+04
  0.4248E-02                                      0.1272E+04
  0.5097E-02                                      0.1265E+04
  0.5947E-02                                      0.1256E+04
  0.6796E-02                                      0.1247E+04
  0.7646E-02                                      0.1237E+04
  0.8495E-02                                      0.1225E+04
  0.9345E-02                                      0.1212E+04
  0.1019E-01                                      0.1199E+04
  0.1104E-01                                      0.1184E+04
  0.1189E-01                                      0.1169E+04
  0.1274E-01                                      0.1152E+04
  0.1359E-01                                      0.1135E+04
  0.1444E-01                                      0.1117E+04
  0.1529E-01                                      0.1098E+04
  0.1614E-01                                      0.1078E+04
  0.1699E-01                                      0.1058E+04
  0.1784E-01                                      0.1038E+04
  0.1869E-01                                      0.1017E+04
  0.1954E-01                                      0.9952E+03
  0.2039E-01                                      0.9733E+03
  0.2124E-01                                      0.9512E+03
  0.2209E-01                                      0.9288E+03
  0.2294E-01                                      0.9062E+03
  0.2379E-01  0.9088E+03  0.4472E+01  0.8835E+03  0.8835E+03
  0.2455E-01  0.8785E+03  0.4374E+01  0.8631E+03  0.8631E+03
  0.2531E-01  0.8460E+03  0.4191E+01  0.8426E+03  0.8426E+03
  0.2608E-01  0.8367E+03  0.4064E+01  0.8222E+03  0.8222E+03
  0.2684E-01  0.8167E+03  0.3894E+01  0.8018E+03  0.8018E+03
  0.2760E-01  0.7899E+03  0.3886E+01  0.7815E+03  0.7815E+03
  0.2836E-01  0.7731E+03  0.3776E+01  0.7614E+03  0.7614E+03
  0.2913E-01  0.7516E+03  0.3744E+01  0.7414E+03  0.7414E+03
  0.2989E-01  0.7230E+03  0.3623E+01  0.7215E+03  0.7215E+03
  0.3065E-01  0.7027E+03  0.3541E+01  0.7020E+03  0.7020E+03
  0.3142E-01  0.6824E+03  0.3384E+01  0.6826E+03  0.6826E+03
  0.3218E-01  0.6607E+03  0.3216E+01  0.6636E+03  0.6636E+03
  0.3294E-01  0.6373E+03  0.3285E+01  0.6448E+03  0.6448E+03
  0.3371E-01  0.6157E+03  0.3160E+01  0.6263E+03  0.6263E+03
  0.3447E-01  0.6058E+03  0.3146E+01  0.6082E+03  0.6082E+03
  0.3523E-01  0.5912E+03  0.3211E+01  0.5904E+03  0.5904E+03
  0.3599E-01  0.5745E+03  0.3078E+01  0.5730E+03  0.5730E+03
  0.3676E-01  0.5563E+03  0.3114E+01  0.5560E+03  0.5560E+03
  0.3752E-01  0.5346E+03  0.2980E+01  0.5393E+03  0.5393E+03
  0.3828E-01  0.5204E+03  0.3005E+01  0.5231E+03  0.5231E+03
  0.3905E-01  0.5066E+03  0.2966E+01  0.5073E+03  0.5073E+03
  0.3981E-01  0.4945E+03  0.2792E+01  0.4919E+03  0.4919E+03
  0.4057E-01  0.4753E+03  0.2891E+01  0.4769E+03  0.4769E+03
  0.4134E-01  0.4603E+03  0.2683E+01  0.4623E+03  0.4623E+03
  0.4210E-01  0.4537E+03  0.2701E+01  0.4481E+03  0.4481E+03
  0.4286E-01  0.4395E+03  0.2650E+01  0.4344E+03  0.4344E+03
  0.4362E-01  0.4265E+03  0.2614E+01  0.4211E+03  0.4211E+03
  0.4439E-01  0.4142E+03  0.2615E+01  0.4082E+03  0.4082E+03
  0.4515E-01  0.4067E+03  0.2484E+01  0.3957E+03  0.3957E+03
  0.4591E-01  0.3945E+03  0.2562E+01  0.3837E+03  0.3837E+03
  0.4668E-01  0.3753E+03  0.2512E+01  0.3720E+03  0.3720E+03
  0.4744E-01  0.3636E+03  0.2491E+01  0.3607E+03  0.3607E+03
  0.4820E-01  0.3554E+03  0.2494E+01  0.3499E+03  0.3499E+03
  0.4897E-01  0.3461E+03  0.2414E+01  0.3393E+03  0.3393E+03
  0.4973E-01  0.3371E+03  0.2397E+01  0.3292E+03  0.3292E+03
  0.5049E-01  0.3340E+03  0.2326E+01  0.3194E+03  0.3194E+03
  0.5125E-01  0.3196E+03  0.2269E+01  0.3100E+03  0.3100E+03
  0.5202E-01  0.3070E+03  0.2265E+01  0.3009E+03  0.3009E+03
  0.5278E-01  0.2970E+03  0.2232E+01  0.2921E+03  0.2921E+03
  0.5354E-01  0.2818E+03  0.2272E+01  0.2837E+03  0.2837E+03
  0.5431E-01  0.2791E+03  0.2225E+01  0.2755E+03  0.2755E+03
  0.5507E-01  0.2735E+03  0.2244E+01  0.2676E+03  0.2676E+03
  0.5583E-01  0.2624E+03  0.2164E+01  0.2600E+03  0.2600E+03
  0.5660E-01  0.2564E+03  0.2133E+01  0.2527E+03  0.2527E+03
  0.5736E-01  0.2491E+03  0.2088E+01  0.2456E+03  0.2456E+03
  0.5812E-01  0.2431E+03  0.2041E+01  0.2388E+03  0.2388E+03
  0.5888E-01  0.2322E+03  0.2030E+01  0.2322E+03  0.2322E+03
  0.5965E-01  0.2235E+03  0.1960E+01  0.2258E+03  0.2258E+03
  0.6041E-01  0.2167E+03  0.1990E+01  0.2196E+03  0.2196E+03
  0.6117E-01  0.2119E+03  0.2024E+01  0.2137E+03  0.2137E+03
  0.6194E-01  0.2105E+03  0.2014E+01  0.2079E+03  0.2079E+03
  0.6270E-01  0.2076E+03  0.2031E+01  0.2023E+03  0.2023E+03
  0.6346E-01  0.1971E+03  0.1979E+01  0.1969E+03  0.1969E+03
  0.6423E-01  0.1877E+03  0.1975E+01  0.1916E+03  0.1916E+03
  0.6499E-01  0.1849E+03  0.1957E+01  0.1865E+03  0.1865E+03
  0.6575E-01  0.1794E+03  0.1953E+01  0.1815E+03  0.1815E+03
  0.6651E-01  0.1796E+03  0.1943E+01  0.1767E+03  0.1767E+03
  0.6728E-01  0.1738E+03  0.1886E+01  0.1721E+03  0.1721E+03
  0.6804E-01  0.1660E+03  0.1885E+01  0.1675E+03  0.1675E+03
  0.6880E-01  0.1663E+03  0.1801E+01  0.1631E+03  0.1631E+03
  0.6957E-01  0.1584E+03  0.1811E+01  0.1588E+03  0.1588E+03
  0.7033E-01  0.1570E+03  0.1770E+01  0.1546E+03  0.1546E+03
  0.7109E-01  0.1496E+03  0.1762E+01  0.1505E+03  0.1505E+03
  0.7186E-01  0.1452E+03  0.1783E+01  0.1465E+03  0.1465E+03
  0.7262E-01  0.1426E+03  0.1730E+01  0.1426E+03  0.1426E+03
  0.7338E-01  0.1380E+03  0.1784E+01  0.1389E+03  0.1389E+03
  0.7414E-01  0.1346E+03  0.1746E+01  0.1352E+03  0.1352E+03
  0.7491E-01  0.1306E+03  0.1765E+01  0.1316E+03  0.1316E+03
  0.7567E-01  0.1273E+03  0.1763E+01  0.1281E+03  0.1281E+03
  0.7643E-01  0.1278E+03  0.1747E+01  0.1247E+03  0.1247E+03
  0.7720E-01  0.1212E+03  0.1711E+01  0.1214E+03  0.1214E+03
  0.7796E-01  0.1171E+03  0.1677E+01  0.1181E+03  0.1181E+03
  0.7872E-01  0.1137E+03  0.1701E+01  0.1150E+03  0.1150E+03
  0.7949E-01  0.1084E+03  0.1688E+01  0.1119E+03  0.1119E+03
  0.8025E-01  0.1052E+03  0.1639E+01  0.1089E+03  0.1089E+03
  0.8101E-01  0.1050E+03  0.1651E+01  0.1060E+03  0.1060E+03
  0.8177E-01  0.1022E+03  0.1611E+01  0.1032E+03  0.1032E+03
  0.8254E-01  0.9944E+02  0.1632E+01  0.1004E+03  0.1004E+03
  0.8330E-01  0.1017E+03  0.1604E+01  0.9777E+02  0.9777E+02
  0.8406E-01  0.9864E+02  0.1597E+01  0.9518E+02  0.9518E+02
  0.8483E-01  0.9309E+02  0.1633E+01  0.9265E+02  0.9265E+02
  0.8559E-01  0.8797E+02  0.1587E+01  0.9021E+02  0.9021E+02
  0.8635E-01  0.8968E+02  0.1590E+01  0.8783E+02  0.8783E+02
  0.8712E-01  0.8661E+02  0.1589E+01  0.8552E+02  0.8552E+02
  0.8788E-01  0.8491E+02  0.1563E+01  0.8329E+02  0.8329E+02
  0.8864E-01  0.8406E+02  0.1549E+01  0.8112E+02  0.8112E+02
  0.8940E-01  0.8038E+02  0.1516E+01  0.7902E+02  0.7902E+02
  0.9017E-01  0.7937E+02  0.1532E+01  0.7699E+02  0.7699E+02
  0.9093E-01  0.7731E+02  0.1475E+01  0.7502E+02  0.7502E+02
  0.9169E-01  0.7267E+02  0.1483E+01  0.7311E+02  0.7311E+02
  0.9246E-01  0.7066E+02  0.1506E+01  0.7127E+02  0.7127E+02
  0.9322E-01  0.6982E+02  0.1519E+01  0.6948E+02  0.6948E+02
  0.9398E-01  0.6926E+02  0.1574E+01  0.6775E+02  0.6775E+02
  0.9475E-01  0.6559E+02  0.1525E+01  0.6607E+02  0.6607E+02
  0.9551E-01  0.6930E+02  0.1506E+01  0.6445E+02  0.6445E+02
  0.9627E-01  0.6473E+02  0.1488E+01  0.6288E+02  0.6288E+02
  0.9703E-01  0.6119E+02  0.1463E+01  0.6136E+02  0.6136E+02
  0.9780E-01  0.5970E+02  0.1457E+01  0.5989E+02  0.5989E+02
  0.9856E-01  0.5680E+02  0.1409E+01  0.5847E+02  0.5847E+02
  0.9932E-01  0.5534E+02  0.1407E+01  0.5708E+02  0.5708E+02
  0.1001E+00  0.5554E+02  0.1370E+01  0.5574E+02  0.5574E+02
  0.1008E+00  0.5474E+02  0.1377E+01  0.5444E+02  0.5444E+02
  0.1016E+00  0.5573E+02  0.1397E+01  0.5318E+02  0.5318E+02
  0.1024E+00  0.5530E+02  0.1385E+01  0.5196E+02  0.5196E+02
  0.1031E+00  0.5187E+02  0.1393E+01  0.5076E+02  0.5076E+02
  0.1039E+00  0.4774E+02  0.1392E+01  0.4961E+02  0.4961E+02
  0.1047E+00  0.4597E+02  0.1403E+01  0.4848E+02  0.4848E+02
  0.1054E+00  0.4732E+02  0.1402E+01  0.4738E+02  0.4738E+02
  0.1062E+00  0.4668E+02  0.1402E+01  0.4631E+02  0.4631E+02
  0.1070E+00  0.4560E+02  0.1387E+01  0.4527E+02  0.4527E+02
  0.1077E+00  0.4276E+02  0.1383E+01  0.4425E+02  0.4425E+02
  0.1085E+00  0.4162E+02  0.1388E+01  0.4325E+02  0.4325E+02
  0.1092E+00  0.4047E+02  0.1347E+01  0.4228E+02  0.4228E+02
  0.1100E+00  0.3861E+02  0.1337E+01  0.4133E+02  0.4133E+02
  0.1108E+00  0.3881E+02  0.1350E+01  0.4041E+02  0.4041E+02
  0.1115E+00  0.3767E+02  0.1327E+01  0.3950E+02  0.3950E+02
  0.1123E+00  0.3832E+02  0.1312E+01  0.3861E+02  0.3861E+02
  0.1131E+00  0.3693E+02  0.1312E+01  0.3774E+02  0.3774E+02
  0.1138E+00  0.3620E+02  0.1299E+01  0.3688E+02  0.3688E+02
  0.1146E+00  0.3193E+02  0.1291E+01  0.3605E+02  0.3605E+02
  0.1153E+00  0.3212E+02  0.1284E+01  0.3523E+02  0.3523E+02
  0.1161E+00  0.3439E+02  0.1316E+01  0.3442E+02  0.3442E+02
  0.1169E+00  0.3359E+02  0.1289E+01  0.3364E+02  0.3364E+02
  0.1176E+00  0.3184E+02  0.1307E+01  0.3286E+02  0.3286E+02
  0.1184E+00  0.3269E+02  0.1316E+01  0.3211E+02  0.3211E+02
  0.1192E+00  0.3217E+02  0.1309E+01  0.3137E+02  0.3137E+02
  0.1199E+00  0.2970E+02  0.1288E+01  0.3064E+02  0.3064E+02
  0.1207E+00  0.2894E+02  0.1300E+01  0.2993E+02  0.2993E+02
  0.1215E+00  0.2771E+02  0.1297E+01  0.2924E+02  0.2924E+02
  0.1222E+00  0.2580E+02  0.1275E+01  0.2856E+02  0.2856E+02
  0.1230E+00  0.2194E+02  0.1264E+01  0.2790E+02  0.2790E+02
  0.1237E+00  0.2648E+02  0.1269E+01  0.2725E+02  0.2725E+02
  0.1245E+00  0.2657E+02  0.1232E+01  0.2662E+02  0.2662E+02
  0.1253E+00  0.2666E+02  0.1263E+01  0.2600E+02  0.2600E+02
  0.1260E+00  0.2372E+02  0.1234E+01  0.2540E+02  0.2540E+02
  0.1268E+00  0.2149E+02  0.1247E+01  0.2481E+02  0.2481E+02
  0.1276E+00  0.2278E+02  0.1250E+01  0.2424E+02  0.2424E+02
  0.1283E+00  0.2504E+02  0.1253E+01  0.2369E+02  0.2369E+02
  0.1291E+00  0.2407E+02  0.1261E+01  0.2315E+02  0.2315E+02
  0.1298E+00  0.2434E+02  0.1237E+01  0.2263E+02  0.2263E+02
  0.1306E+00  0.2282E+02  0.1257E+01  0.2212E+02  0.2212E+02
  0.1314E+00  0.2204E+02  0.1262E+01  0.2163E+02  0.2163E+02
  0.1321E+00  0.2062E+02  0.1267E+01  0.2115E+02  0.2115E+02
  0.1329E+00  0.2161E+02  0.1267E+01  0.2068E+02  0.2068E+02
  0.1337E+00  0.2201E+02  0.1246E+01  0.2024E+02  0.2024E+02
  0.1344E+00  0.2531E+02  0.1265E+01  0.1980E+02  0.1980E+02
  0.1352E+00  0.2264E+02  0.1249E+01  0.1938E+02  0.1938E+02
  0.1359E+00  0.1897E+02  0.1262E+01  0.1897E+02  0.1897E+02
  0.1367E+00  0.2039E+02  0.1269E+01  0.1858E+02  0.1858E+02
  0.1375E+00  0.1824E+02  0.1267E+01  0.1820E+02  0.1820E+02
  0.1382E+00  0.1629E+02  0.1269E+01  0.1783E+02  0.1783E+02
  0.1390E+00  0.1658E+02  0.1284E+01  0.1747E+02  0.1747E+02
  0.1398E+00  0.1598E+02  0.1291E+01  0.1712E+02  0.1712E+02
  0.1405E+00  0.1521E+02  0.1291E+01  0.1679E+02  0.1679E+02
  0.1413E+00  0.1333E+02  0.1275E+01  0.1646E+02  0.1646E+02
  0.1421E+00  0.1334E+02  0.1286E+01  0.1615E+02  0.1615E+02
  0.1428E+00  0.1546E+02  0.1285E+01  0.1584E+02  0.1584E+02
  0.1436E+00  0.1676E+02  0.1281E+01  0.1554E+02  0.1554E+02
  0.1443E+00  0.1397E+02  0.1279E+01  0.1526E+02  0.1526E+02
  0.1451E+00  0.1235E+02  0.1279E+01  0.1497E+02  0.1497E+02
  0.1459E+00  0.1560E+02  0.1280E+01  0.1470E+02  0.1470E+02
  0.1466E+00  0.1555E+02  0.1261E+01  0.1443E+02  0.1443E+02
  0.1474E+00  0.1340E+02  0.1261E+01  0.1417E+02  0.1417E+02
  0.1482E+00  0.1147E+02  0.1246E+01  0.1392E+02  0.1392E+02
  0.1489E+00  0.1116E+02  0.1251E+01  0.1367E+02  0.1367E+02
  0.1497E+00  0.1003E+02  0.1238E+01  0.1342E+02  0.1342E+02
  0.1504E+00  0.1131E+02  0.1248E+01  0.1318E+02  0.1318E+02
  0.1512E+00  0.1211E+02  0.1261E+01  0.1295E+02  0.1295E+02
  0.1520E+00  0.9857E+01  0.1254E+01  0.1272E+02  0.1272E+02
  0.1527E+00  0.9374E+01  0.1285E+01  0.1249E+02  0.1249E+02
  0.1535E+00  0.9951E+01  0.1283E+01  0.1226E+02  0.1226E+02
  0.1543E+00  0.1108E+02  0.1296E+01  0.1204E+02  0.1204E+02
  0.1550E+00  0.1008E+02  0.1310E+01  0.1182E+02  0.1182E+02
  0.1558E+00  0.1172E+02  0.1266E+01  0.1161E+02  0.1161E+02
  0.1565E+00  0.8570E+01  0.1285E+01  0.1140E+02  0.1140E+02
  0.1573E+00  0.1056E+02  0.1278E+01  0.1119E+02  0.1119E+02
  0.1581E+00  0.1191E+02  0.1296E+01  0.1098E+02  0.1098E+02
  0.1588E+00  0.1284E+02  0.1281E+01  0.1078E+02  0.1078E+02
  0.1596E+00  0.1146E+02  0.1262E+01  0.1058E+02  0.1058E+02
  0.1604E+00  0.9215E+01  0.1245E+01  0.1038E+02  0.1038E+02
  0.1611E+00  0.6935E+01  0.1246E+01  0.1019E+02  0.1019E+02
  0.1619E+00  0.5865E+01  0.1265E+01  0.9997E+01  0.9997E+01
  0.1627E+00  0.7206E+01  0.1240E+01  0.9808E+01  0.9808E+01
  0.1634E+00  0.9636E+01  0.1245E+01  0.9623E+01  0.9623E+01
  0.1642E+00  0.9261E+01  0.1285E+01  0.9442E+01  0.9442E+01
  0.1649E+00  0.8386E+01  0.1263E+01  0.9264E+01  0.9264E+01
  0.1657E+00  0.7759E+01  0.1282E+01  0.9089E+01  0.9089E+01
  0.1665E+00  0.7353E+01  0.1254E+01  0.8919E+01  0.8919E+01
  0.1672E+00  0.6736E+01  0.1264E+01  0.8752E+01  0.8752E+01
  0.1680E+00  0.8761E+01  0.1252E+01  0.8590E+01  0.8590E+01
  0.1688E+00  0.7940E+01  0.1269E+01  0.8431E+01  0.8431E+01
  0.1695E+00  0.8773E+01  0.1293E+01  0.8277E+01  0.8277E+01
  0.1703E+00  0.8376E+01  0.1274E+01  0.8127E+01  0.8127E+01
  0.1710E+00  0.7031E+01  0.1285E+01  0.7982E+01  0.7982E+01
  0.1718E+00  0.5977E+01  0.1271E+01  0.7841E+01  0.7841E+01
  0.1726E+00  0.8386E+01  0.1276E+01  0.7705E+01  0.7705E+01
  0.1733E+00  0.6981E+01  0.1283E+01  0.7573E+01  0.7573E+01
  0.1741E+00  0.6648E+01  0.1255E+01  0.7446E+01  0.7446E+01
  0.1749E+00  0.6062E+01  0.1271E+01  0.7324E+01  0.7324E+01
  0.1756E+00  0.7333E+01  0.1250E+01  0.7207E+01  0.7207E+01
  0.1764E+00  0.9151E+01  0.1265E+01  0.7094E+01  0.7094E+01
  0.1772E+00  0.7630E+01  0.1248E+01  0.6985E+01  0.6985E+01
  0.1779E+00  0.5997E+01  0.1230E+01  0.6881E+01  0.6881E+01
  0.1787E+00  0.3839E+01  0.1256E+01  0.6781E+01  0.6781E+01
  0.1794E+00  0.1986E+01  0.1228E+01  0.6685E+01  0.6685E+01
  0.1802E+00  0.2469E+01  0.1250E+01  0.6594E+01  0.6594E+01
  0.1810E+00  0.2550E+01  0.1252E+01  0.6506E+01  0.6506E+01
  0.1817E+00  0.5918E+01  0.1226E+01  0.6422E+01  0.6422E+01
  0.1825E+00  0.7238E+01  0.1232E+01  0.6342E+01  0.6342E+01
  0.1833E+00  0.7425E+01  0.1227E+01  0.6265E+01  0.6265E+01
  0.1840E+00  0.8517E+01  0.1247E+01  0.6191E+01  0.6191E+01
  0.1848E+00  0.7144E+01  0.1244E+01  0.6121E+01  0.6121E+01
  0.1855E+00  0.3735E+01  0.1259E+01  0.6052E+01  0.6052E+01
  0.1863E+00  0.1205E+01  0.1270E+01  0.5986E+01  0.5986E+01
  0.1871E+00  0.7011E+01  0.1254E+01  0.5922E+01  0.5922E+01
  0.1878E+00  0.8184E+01  0.1280E+01  0.5861E+01  0.5861E+01
  0.1886E+00  0.7276E+01  0.1267E+01  0.5801E+01  0.5801E+01
  0.1894E+00  0.5082E+01  0.1256E+01  0.5743E+01  0.5743E+01
  0.1901E+00  0.4947E+01  0.1251E+01  0.5687E+01  0.5687E+01
  0.1909E+00  0.3073E+01  0.1253E+01  0.5632E+01  0.5632E+01
  0.1916E+00  0.3886E+01  0.1249E+01  0.5578E+01  0.5578E+01
  0.1924E+00  0.4462E+01  0.1223E+01  0.5524E+01  0.5524E+01
  0.1932E+00  0.5235E+01  0.1229E+01  0.5472E+01  0.5472E+01
  0.1939E+00  0.2018E+01  0.1217E+01  0.5420E+01  0.5420E+01
  0.1947E+00  0.3356E+01  0.1203E+01  0.5369E+01  0.5369E+01
  0.1955E+00  0.4199E+01  0.1213E+01  0.5317E+01  0.5317E+01
  0.1962E+00  0.4810E+01  0.1220E+01  0.5266E+01  0.5266E+01
  0.1970E+00  0.3076E+01  0.1239E+01  0.5216E+01  0.5216E+01
  0.1978E+00  0.2783E+01  0.1216E+01  0.5165E+01  0.5165E+01
  0.1985E+00  0.3358E+01  0.1212E+01  0.5114E+01  0.5114E+01
  0.1993E+00  0.3293E+01  0.1217E+01  0.5064E+01  0.5064E+01
  0.2000E+00  0.2994E+01  0.1202E+01  0.5013E+01  0.5013E+01
  0.2008E+00  0.3825E+01  0.1207E+01  0.4963E+01  0.4963E+01
  0.2016E+00  0.4179E+01  0.1203E+01  0.4912E+01  0.4912E+01
  0.2023E+00  0.3884E+01  0.1205E+01  0.4861E+01  0.4861E+01
  0.2031E+00  0.4249E+01  0.1209E+01  0.4811E+01  0.4811E+01
  0.2039E+00  0.3704E+01  0.1207E+01  0.4761E+01  0.4761E+01
  0.2046E+00  0.3448E+01  0.1219E+01  0.4710E+01  0.4710E+01
  0.2054E+00  0.2952E+01  0.1218E+01  0.4660E+01  0.4660E+01
  0.2061E+00  0.2729E+01  0.1231E+01  0.4611E+01  0.4611E+01
  0.2069E+00  0.4371E+01  0.1244E+01  0.4562E+01  0.4562E+01
  0.2077E+00  0.3872E+01  0.1227E+01  0.4513E+01  0.4513E+01
  0.2084E+00  0.6045E+01  0.1255E+01  0.4465E+01  0.4465E+01
  0.2092E+00  0.4922E+01  0.1241E+01  0.4417E+01  0.4417E+01
  0.2100E+00  0.4524E+01  0.1218E+01  0.4370E+01  0.4370E+01
  0.2107E+00  0.4648E+01  0.1232E+01  0.4324E+01  0.4324E+01
  0.2115E+00  0.3673E+01  0.1221E+01  0.4279E+01  0.4279E+01
  0.2122E+00  0.3284E+01  0.1203E+01  0.4235E+01  0.4235E+01
  0.2130E+00  0.3600E+01  0.1205E+01  0.4192E+01  0.4192E+01
  0.2138E+00  0.3618E+01  0.1206E+01  0.4150E+01  0.4150E+01
  0.2145E+00  0.3892E+01  0.1190E+01  0.4110E+01  0.4110E+01
  0.2153E+00  0.6117E+01  0.1191E+01  0.4070E+01  0.4070E+01
  0.2161E+00  0.6021E+01  0.1202E+01  0.4032E+01  0.4032E+01
  0.2168E+00  0.6987E+01  0.1205E+01  0.3995E+01  0.3995E+01
  0.2176E+00  0.6026E+01  0.1216E+01  0.3959E+01  0.3959E+01
  0.2184E+00  0.1108E+01  0.1198E+01  0.3925E+01  0.3925E+01
  0.2191E+00  0.2174E+01  0.1196E+01  0.3891E+01  0.3891E+01
  0.2199E+00  0.5756E+01  0.1212E+01  0.3859E+01  0.3859E+01
  0.2206E+00  0.3642E+01  0.1198E+01  0.3829E+01  0.3829E+01
  0.2214E+00  0.4093E+01  0.1189E+01  0.3799E+01  0.3799E+01
  0.2222E+00  0.4812E+01  0.1183E+01  0.3771E+01  0.3771E+01
  0.2229E+00  0.5036E+01  0.1180E+01  0.3744E+01  0.3744E+01
  0.2237E+00  0.2901E+01  0.1194E+01  0.3717E+01  0.3717E+01
  0.2245E+00  0.4719E+01  0.1205E+01  0.3692E+01  0.3692E+01
  0.2252E+00  0.4502E+01  0.1201E+01  0.3668E+01  0.3668E+01
  0.2260E+00  0.4663E+01  0.1200E+01  0.3644E+01  0.3644E+01
  0.2267E+00  0.5615E+01  0.1217E+01  0.3621E+01  0.3621E+01
  0.2275E+00  0.1500E+01  0.1212E+01  0.3599E+01  0.3599E+01
  0.2283E+00  0.2803E+01  0.1239E+01  0.3578E+01  0.3578E+01
  0.2290E+00  0.3008E+01  0.1240E+01  0.3555E+01  0.3555E+01
  0.2298E+00  0.4457E+01  0.1226E+01  0.3534E+01  0.3534E+01
  0.2306E+00  0.4772E+01  0.1232E+01  0.3514E+01  0.3514E+01
  0.2313E+00  0.2604E+01  0.1230E+01  0.3493E+01  0.3493E+01
  0.2321E+00  0.9830E+00  0.1247E+01  0.3472E+01  0.3472E+01
  0.2329E+00  0.1561E+01  0.1244E+01  0.3451E+01  0.3451E+01
  0.2336E+00  0.3456E+01  0.1245E+01  0.3431E+01  0.3431E+01
  0.2344E+00  0.6760E+01  0.1281E+01  0.3410E+01  0.3410E+01
  0.2351E+00  0.4990E+01  0.1285E+01  0.3388E+01  0.3388E+01
  0.2359E+00  0.4764E+01  0.1313E+01  0.3367E+01  0.3367E+01
  0.2367E+00  0.3181E+01  0.1303E+01  0.3345E+01  0.3345E+01
  0.2374E+00  0.1942E+01  0.1310E+01  0.3323E+01  0.3323E+01
  0.2382E+00  0.2097E+01  0.1323E+01  0.3300E+01  0.3300E+01
  0.2390E+00  0.3870E+00  0.1355E+01  0.3277E+01  0.3277E+01
  0.2397E+00  0.7750E+00  0.1352E+01  0.3253E+01  0.3253E+01
  0.2405E+00  0.2897E+01  0.1343E+01  0.3229E+01  0.3229E+01
  0.2412E+00  0.2584E+01  0.1365E+01  0.3204E+01  0.3204E+01
  0.2420E+00 -0.3240E+00  0.1368E+01  0.3179E+01  0.3179E+01
  0.2428E+00  0.2550E+01  0.1372E+01  0.3154E+01  0.3154E+01
  0.2435E+00  0.6132E+01  0.1409E+01  0.3128E+01  0.3128E+01
  0.2443E+00  0.2840E+01  0.1399E+01  0.3102E+01  0.3102E+01
  0.2451E+00  0.3263E+01  0.1432E+01  0.3075E+01  0.3075E+01
  0.2458E+00  0.6494E+01  0.1431E+01  0.3049E+01  0.3049E+01
  0.2466E+00  0.3257E+01  0.1430E+01  0.3022E+01  0.3022E+01
  0.2473E+00  0.2992E+01  0.1451E+01  0.2995E+01  0.2995E+01
  0.2481E+00  0.1496E+01  0.1447E+01  0.2968E+01  0.2968E+01
  0.2489E+00  0.3068E+01  0.1476E+01  0.2941E+01  0.2941E+01
  0.2496E+00  0.3537E+01  0.1447E+01  0.2914E+01  0.2914E+01
  0.2504E+00  0.1370E+00  0.1467E+01  0.2887E+01  0.2887E+01
  0.2512E+00 -0.4220E+00  0.1472E+01  0.2860E+01  0.2860E+01
  0.2519E+00  0.3353E+01  0.1464E+01  0.2834E+01  0.2834E+01
  0.2527E+00  0.1738E+01  0.1462E+01  0.2809E+01  0.2809E+01
  0.2535E+00  0.3700E+01  0.1442E+01  0.2783E+01  0.2783E+01
  0.2542E+00  0.2079E+01  0.1478E+01  0.2759E+01  0.2759E+01
  0.2550E+00  0.2051E+01  0.1458E+01  0.2734E+01  0.2734E+01
  0.2557E+00  0.2164E+01  0.1458E+01  0.2711E+01  0.2711E+01
  0.2565E+00  0.4927E+01  0.1464E+01  0.2688E+01  0.2688E+01
  0.2573E+00  0.2701E+01  0.1453E+01  0.2666E+01  0.2666E+01
  0.2580E+00  0.3883E+01  0.1481E+01  0.2645E+01  0.2645E+01
  0.2588E+00  0.1448E+01  0.1474E+01  0.2624E+01  0.2624E+01
  0.2596E+00  0.2964E+01  0.1474E+01  0.2605E+01  0.2605E+01
  0.2603E+00  0.1413E+01  0.1497E+01  0.2586E+01  0.2586E+01
  0.2611E+00 -0.2591E+01  0.1478E+01  0.2568E+01  0.2568E+01
  0.2618E+00 -0.2370E+01  0.1479E+01  0.2551E+01  0.2551E+01
  0.2626E+00 -0.1702E+01  0.1452E+01  0.2535E+01  0.2535E+01
  0.2634E+00 -0.3923E+01  0.1469E+01  0.2520E+01  0.2520E+01
  0.2641E+00  0.2004E+01  0.1502E+01  0.2505E+01  0.2505E+01
  0.2649E+00  0.3197E+01  0.1522E+01  0.2492E+01  0.2492E+01
  0.2657E+00  0.5922E+01  0.1522E+01  0.2479E+01  0.2479E+01
  0.2664E+00  0.4523E+01  0.1508E+01  0.2467E+01  0.2467E+01
  0.2672E+00  0.5837E+01  0.1537E+01  0.2455E+01  0.2455E+01
  0.2679E+00  0.3681E+01  0.1499E+01  0.2444E+01  0.2444E+01
  0.2687E+00  0.5477E+01  0.1508E+01  0.2434E+01  0.2434E+01
  0.2695E+00  0.1104E+01  0.1526E+01  0.2424E+01  0.2424E+01
  0.2702E+00  0.7970E+00  0.1504E+01  0.2414E+01  0.2414E+01
  0.2710E+00  0.2971E+00  0.1521E+01  0.2405E+01  0.2405E+01

           Distance distribution  function of particle  


       R          P(R)      ERROR

  0.0000E+00  0.0000E+00  0.0000E+00
  0.1487E+01  0.2765E-01  0.5558E-03
  0.2974E+01  0.6769E-01  0.8625E-03
  0.4461E+01  0.1195E+00  0.9571E-03
  0.5948E+01  0.1820E+00  0.9015E-03
  0.7435E+01  0.2538E+00  0.7913E-03
  0.8922E+01  0.3333E+00  0.7577E-03
  0.1041E+02  0.4187E+00  0.8781E-03
  0.1190E+02  0.5080E+00  0.1091E-02
  0.1338E+02  0.5992E+00  0.1303E-02
  0.1487E+02  0.6905E+00  0.1465E-02
  0.1636E+02  0.7800E+00  0.1562E-02
  0.1784E+02  0.8663E+00  0.1608E-02
  0.1933E+02  0.9479E+00  0.1634E-02
  0.2082E+02  0.1024E+01  0.1677E-02
  0.2230E+02  0.1093E+01  0.1758E-02
  0.2379E+02  0.1155E+01  0.1874E-02
  0.2528E+02  0.1210E+01  0.2000E-02
  0.2677E+02  0.1257E+01  0.2109E-02
  0.2825E+02  0.1297E+01  0.2177E-02
  0.2974E+02  0.1330E+01  0.2199E-02
  0.3123E+02  0.1355E+01  0.2179E-02
  0.3271E+02  0.1375E+01  0.2135E-02
  0.3420E+02  0.1388E+01  0.2088E-02
  0.3569E+02  0.1397E+01  0.2055E-02
  0.3717E+02  0.1400E+01  0.2045E-02
  0.3866E+02  0.1400E+01  0.2053E-02
  0.4015E+02  0.1396E+01  0.2067E-02
  0.4164E+02  0.1388E+01  0.2075E-02
  0.4312E+02  0.1378E+01  0.2072E-02
  0.4461E+02  0.1366E+01  0.2060E-02
  0.4610E+02  0.1351E+01  0.2051E-02
  0.4758E+02  0.1335E+01  0.2059E-02
  0.4907E+02  0.1318E+01  0.2099E-02
  0.5056E+02  0.1299E+01  0.2180E-02
  0.5204E+02  0.1279E+01  0.2303E-02
  0.5353E+02  0.1258E+01  0.2463E-02
  0.5502E+02  0.1236E+01  0.2649E-02
  0.5651E+02  0.1214E+01  0.2852E-02
  0.5799E+02  0.1190E+01  0.3061E-02
  0.5948E+02  0.1165E+01  0.3267E-02
  0.6097E+02  0.1140E+01  0.3461E-02
  0.6245E+02  0.1114E+01  0.3639E-02
  0.6394E+02  0.1087E+01  0.3796E-02
  0.6543E+02  0.1059E+01  0.3933E-02
  0.6691E+02  0.1031E+01  0.4053E-02
  0.6840E+02  0.1003E+01  0.4159E-02
  0.6989E+02  0.9744E+00  0.4256E-02
  0.7138E+02  0.9458E+00  0.4348E-02
  0.7286E+02  0.9173E+00  0.4437E-02
  0.7435E+02  0.8890E+00  0.4520E-02
  0.7584E+02  0.8612E+00  0.4596E-02
  0.7732E+02  0.8339E+00  0.4659E-02
  0.7881E+02  0.8072E+00  0.4705E-02
  0.8030E+02  0.7811E+00  0.4729E-02
  0.8178E+02  0.7556E+00  0.4729E-02
  0.8327E+02  0.7307E+00  0.4704E-02
  0.8476E+02  0.7062E+00  0.4655E-02
  0.8625E+02  0.6822E+00  0.4584E-02
  0.8773E+02  0.6585E+00  0.4498E-02
  0.8922E+02  0.6351E+00  0.4403E-02
  0.9071E+02  0.6119E+00  0.4310E-02
  0.9219E+02  0.5889E+00  0.4228E-02
  0.9368E+02  0.5662E+00  0.4167E-02
  0.9517E+02  0.5436E+00  0.4133E-02
  0.9665E+02  0.5213E+00  0.4129E-02
  0.9814E+02  0.4994E+00  0.4155E-02
  0.9963E+02  0.4778E+00  0.4204E-02
  0.1011E+03  0.4568E+00  0.4271E-02
  0.1026E+03  0.4363E+00  0.4347E-02
  0.1041E+03  0.4164E+00  0.4427E-02
  0.1056E+03  0.3971E+00  0.4504E-02
  0.1071E+03  0.3785E+00  0.4575E-02
  0.1086E+03  0.3604E+00  0.4638E-02
  0.1100E+03  0.3430E+00  0.4693E-02
  0.1115E+03  0.3262E+00  0.4740E-02
  0.1130E+03  0.3098E+00  0.4783E-02
  0.1145E+03  0.2939E+00  0.4825E-02
  0.1160E+03  0.2783E+00  0.4869E-02
  0.1175E+03  0.2631E+00  0.4919E-02
  0.1190E+03  0.2483E+00  0.4976E-02
  0.1204E+03  0.2337E+00  0.5038E-02
  0.1219E+03  0.2195E+00  0.5099E-02
  0.1234E+03  0.2057E+00  0.5152E-02
  0.1249E+03  0.1922E+00  0.5185E-02
  0.1264E+03  0.1792E+00  0.5188E-02
  0.1279E+03  0.1666E+00  0.5153E-02
  0.1294E+03  0.1544E+00  0.5070E-02
  0.1309E+03  0.1426E+00  0.4938E-02
  0.1323E+03  0.1312E+00  0.4753E-02
  0.1338E+03  0.1201E+00  0.4518E-02
  0.1353E+03  0.1093E+00  0.4236E-02
  0.1368E+03  0.9857E-01  0.3912E-02
  0.1383E+03  0.8782E-01  0.3551E-02
  0.1398E+03  0.7691E-01  0.3155E-02
  0.1413E+03  0.6568E-01  0.2726E-02
  0.1428E+03  0.5399E-01  0.2264E-02
  0.1442E+03  0.4170E-01  0.1764E-02
  0.1457E+03  0.2867E-01  0.1224E-02
  0.1472E+03  0.1480E-01  0.6369E-03
  0.1487E+03  0.0000E+00  0.0000E+00
          Reciprocal space: Rg =   45.35     , I(0) =   0.1287E+04
     Real space: Rg =   45.55 +- 0.112  I(0) =   0.1288E+04 +-  0.3965E+01
