
           ####    G N O M   ---   Version 4.5a revised 09/02/02     ####

                                                  Sat Nov  4 16:47:12 2017
           ===    Run No   1   ===
 Run title:  0.0003414 0 0


  Number of points omitted at the end:         362
 Standard deviations are estimated by polynomial smoothing

   *******   Working Directory :
   *******    Input file(s) : 25526_01D_S054_0_01.sub
           Condition P(rmin) = 0 is used. 
           Condition P(rmax) = 0 is used. 

          Experimental conditions for the first run
          -----------------------------------------

          Highest ALPHA is found to be   0.2219E+04

  The measure of inconsistency AN1 equals to    0.8520E+00
     Alpha    Discrp  Oscill  Stabil  Sysdev  Positv  Valcen    Total   
  0.2219E+07123.4648  1.4247  0.9765  0.0000  1.0000  0.7984  0.00001
  0.4438E+06117.0621  1.4229  0.9257  0.0000  1.0000  0.7986  0.00001
  0.8875E+05 93.3068  1.4152  0.7369  0.0392  1.0000  0.7994  0.00001
  0.1775E+05 48.4638  1.3978  0.3742  0.0294  1.0000  0.8002  0.00001
  0.3550E+04 17.3715  1.4266  0.1107  0.0588  1.0000  0.7900  0.00001
  0.7100E+03  5.1468  1.5311  0.0342  0.1176  1.0000  0.7662  0.00001
  0.1420E+03  1.5491  1.5919  0.0101  0.4314  1.0000  0.7536  0.39668
  0.2840E+02  0.9974  1.6096  0.0054  0.7255  1.0000  0.7503  0.43227
  0.5680E+01  0.9433  1.6166  0.0038  0.7451  1.0000  0.7498  0.10000
  0.1136E+01  0.9323  1.6262  0.0063  0.7255  1.0000  0.7499  0.10000
  0.2272E+00  0.9196  1.6923  0.0202  0.7255  1.0000  0.7505  0.10000
  0.4544E-01  0.9026  2.0361  0.0271  0.7451  1.0000  0.7509  0.10000
  0.9088E-02  0.8938  2.6965  0.0533  0.7059  0.9998  0.7476  0.10000
  0.1818E-02  0.8854  4.8172  0.1155  0.7059  0.9970  0.7335  0.10000
  0.3635E-03  0.8770  9.5238  0.3033  0.7451  0.9806  0.7067  0.10000
  0.7271E-04  0.8616 17.7664  0.6656  0.7451  0.8985  0.5110  0.10000
  0.1454E-04  0.8385 20.5935  0.4235  0.7059  0.8027  0.2718  0.10000
  0.2908E-05  0.8239 23.6202  0.7266  0.7255  0.7517  0.2628  0.10000
  0.5817E-06  0.8001 21.6964  0.7676  0.7647  0.7318  0.2644  0.10000
  0.1163E-06  0.7707 20.6739  0.3639  0.8039  0.7194  0.2597  0.10000
  0.2327E-07  0.7594 22.5217  0.4109  0.7647  0.7216  0.2270  0.10000
  0.4653E-08  0.7450 26.9419  0.7971  0.7647  0.7292  0.1628  0.10000
  0.9307E-09  0.7069 29.2428  0.6722  0.8431  0.7146  0.2002  0.10000
  0.1861E-09  0.6309 34.6878  0.6263  0.8039  0.6893  0.2834  0.10000
  0.3723E-10  0.4945 40.6979  0.5210  0.8431  0.6763  0.3102  0.10000
  0.7445E-11  0.3185 46.5765  0.4040  0.8235  0.6843  0.2976  0.10000
  0.1489E-11  0.1540 51.5172  0.2956  0.8431  0.6982  0.2544  0.10000
  0.2978E-12  0.0479 53.7476  0.1199  0.8039  0.7168  0.2110  0.10000
  0.5956E-13  0.0109 54.2817  0.0293  0.7843  0.7240  0.2073  0.10000
  0.1191E-13  0.0022 54.3900  0.0061  0.7843  0.7257  0.2098  0.10000
  0.2382E-14  0.0005 54.4116  0.0012  0.7843  0.7261  0.2103  0.10000

          ***  Golden section search to maximize estimate ***
     Alpha    Discrp  Oscill  Stabil  Sysdev  Positv  Valcen    Total   
  0.5252E+02  1.0805  1.6052  0.0061  0.6863  1.0000  0.7510  0.42936
  0.1621E+00  0.9159  1.7335  0.0237  0.7255  1.0000  0.7506  0.10000
  0.3592E+02  1.0205  1.6081  0.0056  0.7451  1.0000  0.7505  0.44628
  0.4153E+02  1.0395  1.6071  0.0058  0.7255  1.0000  0.7507  0.43951
  0.3284E+02  1.0107  1.6087  0.0056  0.7255  1.0000  0.7505  0.43508
  0.3797E+02  1.0273  1.6077  0.0057  0.7255  1.0000  0.7506  0.43785
  0.3471E+02  1.0166  1.6083  0.0056  0.7451  1.0000  0.7505  0.44563
  0.3669E+02  1.0230  1.6080  0.0057  0.7255  1.0000  0.7506  0.43721
  0.3545E+02  1.0190  1.6082  0.0056  0.7451  1.0000  0.7505  0.44603
  0.3621E+02  1.0215  1.6080  0.0056  0.7451  1.0000  0.7505  0.44644
  0.3639E+02  1.0221  1.6080  0.0056  0.7451  1.0000  0.7506  0.44653
  0.3650E+02  1.0224  1.6080  0.0056  0.7451  1.0000  0.7506  0.44659
  0.3650E+02  1.0224  1.6080  0.0056  0.7451  1.0000  0.7506  0.44659



             ####            Final results            ####

 Parameter    DISCRP    OSCILL    STABIL    SYSDEV    POSITV    VALCEN
 Weight        1.000     3.000     3.000     4.000     1.000     1.000
 Sigma         0.500     0.600     0.120     0.200     0.120     0.120
 Ideal         1.000     1.100     0.000     1.000     1.000     0.950
 Current       1.022     1.608     0.006     0.745     1.000     0.751
                - - - - - - - - - - - - - - - - - - - - - - - - - 
 Estimate      0.998     0.488     0.998     0.197     1.000     0.063

  Angular   range    :     from    0.0068   to    0.1965
  Real space range   :     from      0.00   to    213.50

  Highest ALPHA (theor) :   0.222E+07                 JOB = 0
  Current ALPHA         :   0.365E+02   Rg :  0.619E+02   I(0) :   0.369E+04

           Total  estimate : 0.447  which is  A SUSPICIOUS  solution

      S          J EXP       ERROR       J REG       I REG

  0.0000E+00                                      0.3691E+04
  0.9785E-03                                      0.3686E+04
  0.1957E-02                                      0.3672E+04
  0.2936E-02                                      0.3650E+04
  0.3914E-02                                      0.3618E+04
  0.4893E-02                                      0.3578E+04
  0.5871E-02                                      0.3530E+04
  0.6850E-02  0.3025E+04  0.3374E+03  0.3475E+04  0.3475E+04
  0.7779E-02  0.3556E+04  0.7543E+02  0.3415E+04  0.3415E+04
  0.8709E-02  0.3502E+04  0.7365E+02  0.3350E+04  0.3350E+04
  0.9639E-02  0.3448E+04  0.3914E+02  0.3280E+04  0.3280E+04
  0.1057E-01  0.3304E+04  0.2972E+02  0.3204E+04  0.3204E+04
  0.1150E-01  0.3242E+04  0.2447E+02  0.3125E+04  0.3125E+04
  0.1243E-01  0.3110E+04  0.2208E+02  0.3042E+04  0.3042E+04
  0.1336E-01  0.2978E+04  0.1574E+02  0.2955E+04  0.2955E+04
  0.1429E-01  0.2880E+04  0.1452E+02  0.2867E+04  0.2867E+04
  0.1522E-01  0.2790E+04  0.1225E+02  0.2777E+04  0.2777E+04
  0.1615E-01  0.2672E+04  0.1062E+02  0.2686E+04  0.2686E+04
  0.1708E-01  0.2573E+04  0.1025E+02  0.2594E+04  0.2594E+04
  0.1801E-01  0.2481E+04  0.9356E+01  0.2502E+04  0.2502E+04
  0.1894E-01  0.2384E+04  0.9335E+01  0.2410E+04  0.2410E+04
  0.1987E-01  0.2304E+04  0.8220E+01  0.2320E+04  0.2320E+04
  0.2080E-01  0.2207E+04  0.8192E+01  0.2231E+04  0.2231E+04
  0.2173E-01  0.2144E+04  0.8588E+01  0.2143E+04  0.2143E+04
  0.2266E-01  0.2056E+04  0.7477E+01  0.2058E+04  0.2058E+04
  0.2359E-01  0.1982E+04  0.7424E+01  0.1975E+04  0.1975E+04
  0.2451E-01  0.1892E+04  0.6873E+01  0.1895E+04  0.1895E+04
  0.2544E-01  0.1806E+04  0.6645E+01  0.1817E+04  0.1817E+04
  0.2637E-01  0.1736E+04  0.6379E+01  0.1742E+04  0.1742E+04
  0.2730E-01  0.1682E+04  0.5741E+01  0.1671E+04  0.1671E+04
  0.2823E-01  0.1611E+04  0.5415E+01  0.1602E+04  0.1602E+04
  0.2916E-01  0.1546E+04  0.5122E+01  0.1537E+04  0.1537E+04
  0.3009E-01  0.1483E+04  0.5238E+01  0.1474E+04  0.1474E+04
  0.3102E-01  0.1430E+04  0.5078E+01  0.1415E+04  0.1415E+04
  0.3195E-01  0.1365E+04  0.4954E+01  0.1358E+04  0.1358E+04
  0.3288E-01  0.1306E+04  0.5112E+01  0.1304E+04  0.1304E+04
  0.3381E-01  0.1265E+04  0.4781E+01  0.1253E+04  0.1253E+04
  0.3474E-01  0.1202E+04  0.4919E+01  0.1204E+04  0.1204E+04
  0.3567E-01  0.1162E+04  0.4558E+01  0.1158E+04  0.1158E+04
  0.3660E-01  0.1123E+04  0.4720E+01  0.1114E+04  0.1114E+04
  0.3753E-01  0.1071E+04  0.4708E+01  0.1072E+04  0.1072E+04
  0.3846E-01  0.1036E+04  0.4303E+01  0.1033E+04  0.1033E+04
  0.3939E-01  0.1003E+04  0.4379E+01  0.9944E+03  0.9944E+03
  0.4032E-01  0.9646E+03  0.4092E+01  0.9578E+03  0.9578E+03
  0.4125E-01  0.9281E+03  0.4124E+01  0.9228E+03  0.9228E+03
  0.4218E-01  0.8925E+03  0.3992E+01  0.8892E+03  0.8892E+03
  0.4311E-01  0.8508E+03  0.3796E+01  0.8568E+03  0.8568E+03
  0.4404E-01  0.8285E+03  0.3872E+01  0.8257E+03  0.8257E+03
  0.4497E-01  0.8001E+03  0.3706E+01  0.7956E+03  0.7956E+03
  0.4590E-01  0.7658E+03  0.3839E+01  0.7666E+03  0.7666E+03
  0.4683E-01  0.7384E+03  0.3727E+01  0.7386E+03  0.7386E+03
  0.4776E-01  0.7069E+03  0.3602E+01  0.7115E+03  0.7115E+03
  0.4869E-01  0.6818E+03  0.3691E+01  0.6853E+03  0.6853E+03
  0.4962E-01  0.6586E+03  0.3560E+01  0.6599E+03  0.6599E+03
  0.5055E-01  0.6360E+03  0.3476E+01  0.6355E+03  0.6355E+03
  0.5148E-01  0.6074E+03  0.3393E+01  0.6118E+03  0.6118E+03
  0.5241E-01  0.5868E+03  0.3381E+01  0.5890E+03  0.5890E+03
  0.5334E-01  0.5728E+03  0.3438E+01  0.5671E+03  0.5671E+03
  0.5427E-01  0.5478E+03  0.3268E+01  0.5460E+03  0.5460E+03
  0.5520E-01  0.5256E+03  0.3236E+01  0.5257E+03  0.5257E+03
  0.5613E-01  0.5103E+03  0.3261E+01  0.5062E+03  0.5062E+03
  0.5706E-01  0.4906E+03  0.3308E+01  0.4875E+03  0.4875E+03
  0.5799E-01  0.4670E+03  0.3199E+01  0.4697E+03  0.4697E+03
  0.5892E-01  0.4551E+03  0.3105E+01  0.4527E+03  0.4527E+03
  0.5985E-01  0.4358E+03  0.3120E+01  0.4364E+03  0.4364E+03
  0.6078E-01  0.4232E+03  0.3061E+01  0.4210E+03  0.4210E+03
  0.6170E-01  0.4150E+03  0.3083E+01  0.4062E+03  0.4062E+03
  0.6263E-01  0.3984E+03  0.3172E+01  0.3922E+03  0.3922E+03
  0.6356E-01  0.3808E+03  0.3355E+01  0.3789E+03  0.3789E+03
  0.6449E-01  0.3672E+03  0.2989E+01  0.3662E+03  0.3662E+03
  0.6542E-01  0.3568E+03  0.2919E+01  0.3542E+03  0.3542E+03
  0.6635E-01  0.3404E+03  0.2862E+01  0.3427E+03  0.3427E+03
  0.6728E-01  0.3284E+03  0.2828E+01  0.3318E+03  0.3318E+03
  0.6821E-01  0.3185E+03  0.2840E+01  0.3214E+03  0.3214E+03
  0.6914E-01  0.3180E+03  0.2836E+01  0.3114E+03  0.3114E+03
  0.7007E-01  0.3073E+03  0.2789E+01  0.3018E+03  0.3018E+03
  0.7100E-01  0.2943E+03  0.2836E+01  0.2927E+03  0.2927E+03
  0.7193E-01  0.2853E+03  0.2731E+01  0.2838E+03  0.2838E+03
  0.7286E-01  0.2719E+03  0.2734E+01  0.2753E+03  0.2753E+03
  0.7379E-01  0.2670E+03  0.2648E+01  0.2671E+03  0.2671E+03
  0.7472E-01  0.2564E+03  0.2679E+01  0.2591E+03  0.2591E+03
  0.7565E-01  0.2450E+03  0.2705E+01  0.2513E+03  0.2513E+03
  0.7658E-01  0.2439E+03  0.2573E+01  0.2438E+03  0.2438E+03
  0.7751E-01  0.2362E+03  0.2615E+01  0.2364E+03  0.2364E+03
  0.7844E-01  0.2282E+03  0.2496E+01  0.2292E+03  0.2292E+03
  0.7937E-01  0.2207E+03  0.2516E+01  0.2222E+03  0.2222E+03
  0.8030E-01  0.2152E+03  0.2537E+01  0.2154E+03  0.2154E+03
  0.8123E-01  0.2108E+03  0.2494E+01  0.2088E+03  0.2088E+03
  0.8216E-01  0.2026E+03  0.2633E+01  0.2023E+03  0.2023E+03
  0.8309E-01  0.1963E+03  0.2509E+01  0.1960E+03  0.1960E+03
  0.8402E-01  0.1898E+03  0.2495E+01  0.1899E+03  0.1899E+03
  0.8495E-01  0.1854E+03  0.2504E+01  0.1839E+03  0.1839E+03
  0.8588E-01  0.1818E+03  0.2393E+01  0.1781E+03  0.1781E+03
  0.8681E-01  0.1737E+03  0.2393E+01  0.1726E+03  0.1726E+03
  0.8774E-01  0.1650E+03  0.2328E+01  0.1672E+03  0.1672E+03
  0.8867E-01  0.1622E+03  0.2381E+01  0.1619E+03  0.1619E+03
  0.8960E-01  0.1566E+03  0.2350E+01  0.1569E+03  0.1569E+03
  0.9053E-01  0.1555E+03  0.2333E+01  0.1521E+03  0.1521E+03
  0.9146E-01  0.1481E+03  0.2332E+01  0.1475E+03  0.1475E+03
  0.9239E-01  0.1438E+03  0.2308E+01  0.1430E+03  0.1430E+03
  0.9332E-01  0.1413E+03  0.2297E+01  0.1387E+03  0.1387E+03
  0.9425E-01  0.1373E+03  0.2279E+01  0.1346E+03  0.1346E+03
  0.9518E-01  0.1293E+03  0.2277E+01  0.1307E+03  0.1307E+03
  0.9611E-01  0.1274E+03  0.2277E+01  0.1269E+03  0.1269E+03
  0.9704E-01  0.1224E+03  0.2276E+01  0.1233E+03  0.1233E+03
  0.9797E-01  0.1193E+03  0.2287E+01  0.1198E+03  0.1198E+03
  0.9890E-01  0.1188E+03  0.2206E+01  0.1164E+03  0.1164E+03
  0.9982E-01  0.1092E+03  0.2220E+01  0.1132E+03  0.1132E+03
  0.1008E+00  0.1096E+03  0.2180E+01  0.1100E+03  0.1100E+03
  0.1017E+00  0.1123E+03  0.2177E+01  0.1070E+03  0.1070E+03
  0.1026E+00  0.1031E+03  0.2135E+01  0.1040E+03  0.1040E+03
  0.1035E+00  0.9918E+02  0.2117E+01  0.1011E+03  0.1011E+03
  0.1045E+00  0.9503E+02  0.2114E+01  0.9828E+02  0.9828E+02
  0.1054E+00  0.9572E+02  0.2097E+01  0.9552E+02  0.9552E+02
  0.1063E+00  0.9104E+02  0.2124E+01  0.9283E+02  0.9283E+02
  0.1073E+00  0.8792E+02  0.2082E+01  0.9019E+02  0.9019E+02
  0.1082E+00  0.8442E+02  0.2051E+01  0.8761E+02  0.8761E+02
  0.1091E+00  0.8328E+02  0.2112E+01  0.8508E+02  0.8508E+02
  0.1101E+00  0.8403E+02  0.2025E+01  0.8261E+02  0.8261E+02
  0.1110E+00  0.7929E+02  0.2039E+01  0.8020E+02  0.8020E+02
  0.1119E+00  0.7829E+02  0.2062E+01  0.7784E+02  0.7784E+02
  0.1128E+00  0.7692E+02  0.2074E+01  0.7555E+02  0.7555E+02
  0.1138E+00  0.7327E+02  0.2051E+01  0.7332E+02  0.7332E+02
  0.1147E+00  0.7252E+02  0.2052E+01  0.7116E+02  0.7116E+02
  0.1156E+00  0.7182E+02  0.2009E+01  0.6908E+02  0.6908E+02
  0.1166E+00  0.6752E+02  0.2016E+01  0.6707E+02  0.6707E+02
  0.1175E+00  0.6590E+02  0.1989E+01  0.6514E+02  0.6514E+02
  0.1184E+00  0.6212E+02  0.1970E+01  0.6328E+02  0.6328E+02
  0.1193E+00  0.5949E+02  0.1989E+01  0.6151E+02  0.6151E+02
  0.1203E+00  0.5789E+02  0.2027E+01  0.5983E+02  0.5983E+02
  0.1212E+00  0.5712E+02  0.1933E+01  0.5822E+02  0.5822E+02
  0.1221E+00  0.5137E+02  0.1941E+01  0.5669E+02  0.5669E+02
  0.1231E+00  0.5157E+02  0.1930E+01  0.5524E+02  0.5524E+02
  0.1240E+00  0.5182E+02  0.1929E+01  0.5386E+02  0.5386E+02
  0.1249E+00  0.5106E+02  0.1940E+01  0.5255E+02  0.5255E+02
  0.1259E+00  0.5202E+02  0.1846E+01  0.5131E+02  0.5131E+02
  0.1268E+00  0.5051E+02  0.1881E+01  0.5012E+02  0.5012E+02
  0.1277E+00  0.4618E+02  0.1865E+01  0.4899E+02  0.4899E+02
  0.1286E+00  0.4748E+02  0.1935E+01  0.4791E+02  0.4791E+02
  0.1296E+00  0.4665E+02  0.1915E+01  0.4687E+02  0.4687E+02
  0.1305E+00  0.4629E+02  0.1880E+01  0.4586E+02  0.4586E+02
  0.1314E+00  0.4898E+02  0.1901E+01  0.4488E+02  0.4488E+02
  0.1324E+00  0.4694E+02  0.1875E+01  0.4393E+02  0.4393E+02
  0.1333E+00  0.4453E+02  0.1870E+01  0.4299E+02  0.4299E+02
  0.1342E+00  0.4297E+02  0.1883E+01  0.4207E+02  0.4207E+02
  0.1352E+00  0.4157E+02  0.1843E+01  0.4116E+02  0.4116E+02
  0.1361E+00  0.3822E+02  0.1880E+01  0.4026E+02  0.4026E+02
  0.1370E+00  0.3857E+02  0.1848E+01  0.3936E+02  0.3936E+02
  0.1379E+00  0.3518E+02  0.1864E+01  0.3848E+02  0.3848E+02
  0.1389E+00  0.3556E+02  0.1837E+01  0.3759E+02  0.3759E+02
  0.1398E+00  0.3616E+02  0.1819E+01  0.3672E+02  0.3672E+02
  0.1407E+00  0.3554E+02  0.1835E+01  0.3585E+02  0.3585E+02
  0.1417E+00  0.3430E+02  0.1783E+01  0.3499E+02  0.3499E+02
  0.1426E+00  0.3441E+02  0.1802E+01  0.3414E+02  0.3414E+02
  0.1435E+00  0.3213E+02  0.2049E+01  0.3331E+02  0.3331E+02
  0.1445E+00  0.3214E+02  0.1867E+01  0.3250E+02  0.3250E+02
  0.1454E+00  0.3120E+02  0.1785E+01  0.3171E+02  0.3171E+02
  0.1463E+00  0.3102E+02  0.1784E+01  0.3095E+02  0.3095E+02
  0.1472E+00  0.2638E+02  0.1777E+01  0.3021E+02  0.3021E+02
  0.1482E+00  0.2906E+02  0.1772E+01  0.2950E+02  0.2950E+02
  0.1491E+00  0.2657E+02  0.1783E+01  0.2883E+02  0.2883E+02
  0.1500E+00  0.2823E+02  0.1817E+01  0.2819E+02  0.2819E+02
  0.1510E+00  0.2825E+02  0.1780E+01  0.2758E+02  0.2758E+02
  0.1519E+00  0.2862E+02  0.1810E+01  0.2701E+02  0.2701E+02
  0.1528E+00  0.2460E+02  0.1769E+01  0.2648E+02  0.2648E+02
  0.1538E+00  0.2525E+02  0.1794E+01  0.2598E+02  0.2598E+02
  0.1547E+00  0.2552E+02  0.1823E+01  0.2552E+02  0.2552E+02
  0.1556E+00  0.2275E+02  0.1760E+01  0.2509E+02  0.2509E+02
  0.1565E+00  0.2155E+02  0.1771E+01  0.2468E+02  0.2468E+02
  0.1575E+00  0.2189E+02  0.1726E+01  0.2431E+02  0.2431E+02
  0.1584E+00  0.2116E+02  0.1723E+01  0.2396E+02  0.2396E+02
  0.1593E+00  0.2116E+02  0.1700E+01  0.2362E+02  0.2362E+02
  0.1603E+00  0.2090E+02  0.1707E+01  0.2331E+02  0.2331E+02
  0.1612E+00  0.2395E+02  0.1676E+01  0.2301E+02  0.2301E+02
  0.1621E+00  0.2630E+02  0.1665E+01  0.2272E+02  0.2272E+02
  0.1630E+00  0.2496E+02  0.1695E+01  0.2243E+02  0.2243E+02
  0.1640E+00  0.2281E+02  0.1703E+01  0.2215E+02  0.2215E+02
  0.1649E+00  0.1871E+02  0.1702E+01  0.2188E+02  0.2188E+02
  0.1658E+00  0.1882E+02  0.1712E+01  0.2160E+02  0.2160E+02
  0.1668E+00  0.2419E+02  0.1739E+01  0.2132E+02  0.2132E+02
  0.1677E+00  0.2205E+02  0.1727E+01  0.2103E+02  0.2103E+02
  0.1686E+00  0.2069E+02  0.1717E+01  0.2074E+02  0.2074E+02
  0.1696E+00  0.1970E+02  0.1716E+01  0.2045E+02  0.2045E+02
  0.1705E+00  0.1490E+02  0.1687E+01  0.2015E+02  0.2015E+02
  0.1714E+00  0.1705E+02  0.1730E+01  0.1985E+02  0.1985E+02
  0.1723E+00  0.1852E+02  0.1711E+01  0.1955E+02  0.1955E+02
  0.1733E+00  0.2109E+02  0.1701E+01  0.1924E+02  0.1924E+02
  0.1742E+00  0.2210E+02  0.1679E+01  0.1894E+02  0.1894E+02
  0.1751E+00  0.2038E+02  0.1629E+01  0.1864E+02  0.1864E+02
  0.1761E+00  0.2017E+02  0.1674E+01  0.1834E+02  0.1834E+02
  0.1770E+00  0.1760E+02  0.1622E+01  0.1805E+02  0.1805E+02
  0.1779E+00  0.1756E+02  0.1652E+01  0.1776E+02  0.1776E+02
  0.1789E+00  0.1813E+02  0.1606E+01  0.1748E+02  0.1748E+02
  0.1798E+00  0.1778E+02  0.1621E+01  0.1722E+02  0.1722E+02
  0.1807E+00  0.1425E+02  0.1621E+01  0.1696E+02  0.1696E+02
  0.1816E+00  0.1523E+02  0.1623E+01  0.1672E+02  0.1672E+02
  0.1826E+00  0.1713E+02  0.1633E+01  0.1649E+02  0.1649E+02
  0.1835E+00  0.1733E+02  0.1634E+01  0.1627E+02  0.1627E+02
  0.1844E+00  0.1892E+02  0.1603E+01  0.1607E+02  0.1607E+02
  0.1854E+00  0.1568E+02  0.1614E+01  0.1588E+02  0.1588E+02
  0.1863E+00  0.1291E+02  0.1609E+01  0.1570E+02  0.1570E+02
  0.1872E+00  0.1528E+02  0.1632E+01  0.1553E+02  0.1553E+02
  0.1882E+00  0.1258E+02  0.1572E+01  0.1537E+02  0.1537E+02
  0.1891E+00  0.1463E+02  0.1567E+01  0.1523E+02  0.1523E+02
  0.1900E+00  0.1608E+02  0.1569E+01  0.1508E+02  0.1508E+02
  0.1909E+00  0.1261E+02  0.1560E+01  0.1495E+02  0.1495E+02
  0.1919E+00  0.1022E+02  0.1563E+01  0.1481E+02  0.1481E+02
  0.1928E+00  0.1271E+02  0.1568E+01  0.1468E+02  0.1468E+02
  0.1937E+00  0.1580E+02  0.1586E+01  0.1455E+02  0.1455E+02
  0.1947E+00  0.1702E+02  0.1589E+01  0.1443E+02  0.1443E+02
  0.1956E+00  0.1388E+02  0.1608E+01  0.1430E+02  0.1430E+02
  0.1965E+00  0.1274E+02  0.1596E+01  0.1417E+02  0.1417E+02

           Distance distribution  function of particle  


       R          P(R)      ERROR

  0.0000E+00  0.0000E+00  0.0000E+00
  0.2135E+01  0.1123E+00  0.1290E-02
  0.4270E+01  0.2611E+00  0.1852E-02
  0.6405E+01  0.4432E+00  0.1824E-02
  0.8540E+01  0.6537E+00  0.1466E-02
  0.1067E+02  0.8857E+00  0.1275E-02
  0.1281E+02  0.1132E+01  0.1680E-02
  0.1494E+02  0.1384E+01  0.2338E-02
  0.1708E+02  0.1633E+01  0.2879E-02
  0.1921E+02  0.1874E+01  0.3154E-02
  0.2135E+02  0.2097E+01  0.3148E-02
  0.2348E+02  0.2299E+01  0.2958E-02
  0.2562E+02  0.2476E+01  0.2778E-02
  0.2775E+02  0.2626E+01  0.2817E-02
  0.2989E+02  0.2747E+01  0.3121E-02
  0.3202E+02  0.2841E+01  0.3530E-02
  0.3416E+02  0.2910E+01  0.3859E-02
  0.3629E+02  0.2955E+01  0.4000E-02
  0.3843E+02  0.2980E+01  0.3943E-02
  0.4056E+02  0.2988E+01  0.3777E-02
  0.4270E+02  0.2983E+01  0.3664E-02
  0.4483E+02  0.2967E+01  0.3770E-02
  0.4697E+02  0.2943E+01  0.4133E-02
  0.4910E+02  0.2912E+01  0.4646E-02
  0.5124E+02  0.2877E+01  0.5159E-02
  0.5337E+02  0.2838E+01  0.5563E-02
  0.5551E+02  0.2796E+01  0.5813E-02
  0.5764E+02  0.2752E+01  0.5919E-02
  0.5978E+02  0.2706E+01  0.5930E-02
  0.6191E+02  0.2658E+01  0.5915E-02
  0.6405E+02  0.2608E+01  0.5932E-02
  0.6618E+02  0.2556E+01  0.6015E-02
  0.6832E+02  0.2503E+01  0.6164E-02
  0.7045E+02  0.2448E+01  0.6354E-02
  0.7259E+02  0.2392E+01  0.6549E-02
  0.7472E+02  0.2335E+01  0.6707E-02
  0.7686E+02  0.2276E+01  0.6791E-02
  0.7899E+02  0.2217E+01  0.6770E-02
  0.8113E+02  0.2157E+01  0.6637E-02
  0.8326E+02  0.2097E+01  0.6422E-02
  0.8540E+02  0.2036E+01  0.6201E-02
  0.8753E+02  0.1974E+01  0.6089E-02
  0.8967E+02  0.1913E+01  0.6192E-02
  0.9180E+02  0.1851E+01  0.6539E-02
  0.9394E+02  0.1790E+01  0.7051E-02
  0.9607E+02  0.1730E+01  0.7590E-02
  0.9821E+02  0.1670E+01  0.8022E-02
  0.1003E+03  0.1612E+01  0.8262E-02
  0.1025E+03  0.1554E+01  0.8291E-02
  0.1046E+03  0.1498E+01  0.8162E-02
  0.1067E+03  0.1444E+01  0.7984E-02
  0.1089E+03  0.1391E+01  0.7887E-02
  0.1110E+03  0.1340E+01  0.7962E-02
  0.1132E+03  0.1290E+01  0.8210E-02
  0.1153E+03  0.1241E+01  0.8546E-02
  0.1174E+03  0.1194E+01  0.8854E-02
  0.1196E+03  0.1149E+01  0.9041E-02
  0.1217E+03  0.1105E+01  0.9069E-02
  0.1238E+03  0.1062E+01  0.8961E-02
  0.1260E+03  0.1022E+01  0.8790E-02
  0.1281E+03  0.9833E+00  0.8653E-02
  0.1302E+03  0.9474E+00  0.8631E-02
  0.1324E+03  0.9139E+00  0.8761E-02
  0.1345E+03  0.8830E+00  0.9027E-02
  0.1366E+03  0.8545E+00  0.9384E-02
  0.1388E+03  0.8284E+00  0.9784E-02
  0.1409E+03  0.8041E+00  0.1020E-01
  0.1430E+03  0.7813E+00  0.1061E-01
  0.1452E+03  0.7595E+00  0.1103E-01
  0.1473E+03  0.7380E+00  0.1143E-01
  0.1494E+03  0.7164E+00  0.1182E-01
  0.1516E+03  0.6942E+00  0.1216E-01
  0.1537E+03  0.6712E+00  0.1243E-01
  0.1559E+03  0.6472E+00  0.1263E-01
  0.1580E+03  0.6223E+00  0.1275E-01
  0.1601E+03  0.5967E+00  0.1280E-01
  0.1623E+03  0.5708E+00  0.1279E-01
  0.1644E+03  0.5451E+00  0.1274E-01
  0.1665E+03  0.5199E+00  0.1266E-01
  0.1687E+03  0.4958E+00  0.1254E-01
  0.1708E+03  0.4731E+00  0.1239E-01
  0.1729E+03  0.4521E+00  0.1219E-01
  0.1751E+03  0.4329E+00  0.1193E-01
  0.1772E+03  0.4152E+00  0.1160E-01
  0.1793E+03  0.3989E+00  0.1121E-01
  0.1815E+03  0.3835E+00  0.1074E-01
  0.1836E+03  0.3686E+00  0.1024E-01
  0.1857E+03  0.3535E+00  0.9739E-02
  0.1879E+03  0.3379E+00  0.9292E-02
  0.1900E+03  0.3211E+00  0.8960E-02
  0.1921E+03  0.3028E+00  0.8776E-02
  0.1943E+03  0.2827E+00  0.8729E-02
  0.1964E+03  0.2606E+00  0.8755E-02
  0.1986E+03  0.2364E+00  0.8748E-02
  0.2007E+03  0.2099E+00  0.8589E-02
  0.2028E+03  0.1812E+00  0.8168E-02
  0.2050E+03  0.1502E+00  0.7398E-02
  0.2071E+03  0.1167E+00  0.6220E-02
  0.2092E+03  0.8073E-01  0.4600E-02
  0.2114E+03  0.4190E-01  0.2525E-02
  0.2135E+03  0.0000E+00  0.0000E+00
          Reciprocal space: Rg =   61.89     , I(0) =   0.3690E+04
     Real space: Rg =   62.40 +- 0.171  I(0) =   0.3691E+04 +-  0.9615E+01
