
           ####    G N O M   ---   Version 4.5a revised 09/02/02     ####

                                                  Mon Jan 18 16:28:36 2010
           ===    Run No   1   ===
 Run title:  0.000489754 0 0


  Number of points omitted at the beginning:           1

          To optimize the performance, some input data points 
           have been joined. New number of points equals to 284

   *******   Working Directory :
   *******    Input file(s) :
           Condition P(rmin) = 0 is used. 
           Condition P(rmax) = 0 is used. 

          Experimental conditions for the first run
          -----------------------------------------

          Highest ALPHA is found to be   0.2668E+04

  The measure of inconsistency AN1 equals to    0.1447E+01

          Warning: using the chosen range in the real space 
             it is not possible to fit the data set within the
             given error band. 
     Alpha    Discrp  Oscill  Stabil  Sysdev  Positv  Valcen    Total   
  0.2668E+07130.3668  1.2682  0.9563  0.0000  1.0000  0.8361  0.31854
  0.5335E+06114.8195  1.2602  0.8430  0.0141  1.0000  0.8379  0.32074
  0.1067E+06 73.6808  1.2320  0.5446  0.1131  1.0000  0.8445  0.33343
  0.2134E+05 30.2009  1.1963  0.2224  0.1272  1.0000  0.8556  0.34803
  0.4268E+04 10.0442  1.2194  0.0593  0.1413  1.0000  0.8566  0.51095
  0.8536E+03  3.9602  1.2693  0.0175  0.2968  1.0000  0.8505  0.57799
  0.1707E+03  2.1156  1.3241  0.0117  0.6078  1.0000  0.8467  0.71607
  0.3415E+02  1.4423  1.3903  0.0106  0.7915  1.0000  0.8454  0.81154
  0.6829E+01  1.2272  1.4689  0.0104  0.7915  1.0000  0.8446  0.79583
  0.1366E+01  1.1419  1.6129  0.0154  0.8339  1.0000  0.8443  0.77657
  0.2732E+00  1.0841  2.0115  0.0228  0.8763  1.0000  0.8439  0.69498
  0.5463E-01  1.0427  3.0172  0.0443  0.9046  1.0000  0.8426  0.65426
  0.1093E-01  1.0109  5.1849  0.0688  0.9046  0.9993  0.8374  0.62399
  0.2185E-02  0.9870  9.5875  0.1555  0.9046  0.9940  0.8173  0.50523
  0.4371E-03  0.9612 18.8084  0.4142  0.9187  0.9663  0.7463  0.00000

          ***  Golden section search to maximize estimate ***
     Alpha    Discrp  Oscill  Stabil  Sysdev  Positv  Valcen    Total   
  0.1263E+02  1.2813  1.4366  0.0101  0.8339  1.0000  0.8448  0.82228
  0.9986E+01  1.2580  1.4484  0.0101  0.8198  1.0000  0.8447  0.81370
  0.1460E+02  1.2979  1.4295  0.0101  0.8339  1.0000  0.8449  0.82366
  0.1597E+02  1.3091  1.4252  0.0101  0.8339  1.0000  0.8449  0.82450
  0.1688E+02  1.3164  1.4226  0.0101  0.8339  1.0000  0.8450  0.82501
  0.1747E+02  1.3210  1.4210  0.0101  0.8057  1.0000  0.8450  0.81255
  0.1653E+02  1.3136  1.4236  0.0101  0.8339  1.0000  0.8450  0.82481
  0.1710E+02  1.3181  1.4220  0.0101  0.8198  1.0000  0.8450  0.81893
  0.1675E+02  1.3153  1.4230  0.0101  0.8339  1.0000  0.8450  0.82493
  0.1697E+02  1.3171  1.4224  0.0101  0.8339  1.0000  0.8450  0.82505
  0.1702E+02  1.3175  1.4222  0.0101  0.8339  1.0000  0.8450  0.82508
  0.1705E+02  1.3177  1.4221  0.0101  0.8339  1.0000  0.8450  0.82510
  0.1705E+02  1.3177  1.4221  0.0101  0.8339  1.0000  0.8450  0.82510



             ####            Final results            ####

 Parameter    DISCRP    OSCILL    STABIL    SYSDEV    POSITV    VALCEN
 Weight        1.000     3.000     3.000     5.000     1.000     1.000
 Sigma         0.300     0.600     0.120     0.500     0.120     0.120
 Ideal         0.700     1.200     0.000     1.000     1.000     0.950
 Current       1.318     1.422     0.010     0.834     1.000     0.845
                - - - - - - - - - - - - - - - - - - - - - - - - - 
 Estimate      0.014     0.872     0.993     0.896     1.000     0.465

  Angular   range    :     from    0.0136   to    0.4919
  Real space range   :     from      0.00   to    154.60

  Highest ALPHA (theor) :   0.267E+07                 JOB = 0
  Current ALPHA         :   0.171E+02   Rg :  0.512E+02   I(0) :   0.366E+03

           Total  estimate : 0.825  which is    A GOOD      solution

      S          J EXP       ERROR       J REG       I REG

  0.0000E+00                                      0.3659E+03
  0.1699E-02                                      0.3650E+03
  0.3397E-02                                      0.3622E+03
  0.5096E-02                                      0.3577E+03
  0.6794E-02                                      0.3514E+03
  0.8493E-02                                      0.3435E+03
  0.1019E-01                                      0.3342E+03
  0.1189E-01                                      0.3235E+03
  0.1359E-01  0.3150E+03  0.1153E+01  0.3117E+03  0.3117E+03
  0.1528E-01  0.3025E+03  0.7312E+00  0.2990E+03  0.2990E+03
  0.1697E-01  0.2880E+03  0.7060E+00  0.2856E+03  0.2856E+03
  0.1866E-01  0.2730E+03  0.5707E+00  0.2715E+03  0.2715E+03
  0.2035E-01  0.2578E+03  0.5324E+00  0.2572E+03  0.2572E+03
  0.2204E-01  0.2415E+03  0.4976E+00  0.2426E+03  0.2426E+03
  0.2373E-01  0.2291E+03  0.4655E+00  0.2281E+03  0.2281E+03
  0.2542E-01  0.2130E+03  0.4621E+00  0.2137E+03  0.2137E+03
  0.2711E-01  0.1979E+03  0.4060E+00  0.1997E+03  0.1997E+03
  0.2880E-01  0.1850E+03  0.3928E+00  0.1861E+03  0.1861E+03
  0.3049E-01  0.1722E+03  0.3677E+00  0.1730E+03  0.1730E+03
  0.3218E-01  0.1597E+03  0.3764E+00  0.1606E+03  0.1606E+03
  0.3387E-01  0.1482E+03  0.3265E+00  0.1489E+03  0.1489E+03
  0.3556E-01  0.1369E+03  0.3091E+00  0.1380E+03  0.1380E+03
  0.3725E-01  0.1285E+03  0.3079E+00  0.1278E+03  0.1278E+03
  0.3894E-01  0.1187E+03  0.2987E+00  0.1185E+03  0.1185E+03
  0.4063E-01  0.1098E+03  0.2837E+00  0.1098E+03  0.1098E+03
  0.4232E-01  0.1019E+03  0.2695E+00  0.1020E+03  0.1020E+03
  0.4401E-01  0.9534E+02  0.2567E+00  0.9482E+02  0.9482E+02
  0.4570E-01  0.8858E+02  0.2466E+00  0.8832E+02  0.8832E+02
  0.4739E-01  0.8326E+02  0.2477E+00  0.8242E+02  0.8242E+02
  0.4908E-01  0.7811E+02  0.2508E+00  0.7707E+02  0.7707E+02
  0.5077E-01  0.7344E+02  0.2412E+00  0.7220E+02  0.7220E+02
  0.5246E-01  0.6852E+02  0.2330E+00  0.6776E+02  0.6776E+02
  0.5415E-01  0.6382E+02  0.2159E+00  0.6370E+02  0.6370E+02
  0.5584E-01  0.5980E+02  0.2100E+00  0.5996E+02  0.5996E+02
  0.5753E-01  0.5564E+02  0.2037E+00  0.5649E+02  0.5649E+02
  0.5922E-01  0.5339E+02  0.2089E+00  0.5326E+02  0.5326E+02
  0.6091E-01  0.5079E+02  0.2098E+00  0.5023E+02  0.5023E+02
  0.6260E-01  0.4740E+02  0.2015E+00  0.4738E+02  0.4738E+02
  0.6429E-01  0.4431E+02  0.1988E+00  0.4468E+02  0.4468E+02
  0.6598E-01  0.4137E+02  0.1898E+00  0.4212E+02  0.4212E+02
  0.6767E-01  0.3866E+02  0.1845E+00  0.3969E+02  0.3969E+02
  0.6936E-01  0.3675E+02  0.1795E+00  0.3739E+02  0.3739E+02
  0.7105E-01  0.3496E+02  0.1798E+00  0.3520E+02  0.3520E+02
  0.7274E-01  0.3268E+02  0.1819E+00  0.3313E+02  0.3313E+02
  0.7443E-01  0.3174E+02  0.1818E+00  0.3118E+02  0.3118E+02
  0.7612E-01  0.2946E+02  0.1744E+00  0.2935E+02  0.2935E+02
  0.7781E-01  0.2788E+02  0.1700E+00  0.2764E+02  0.2764E+02
  0.7950E-01  0.2631E+02  0.1668E+00  0.2604E+02  0.2604E+02
  0.8119E-01  0.2489E+02  0.1623E+00  0.2456E+02  0.2456E+02
  0.8288E-01  0.2363E+02  0.1602E+00  0.2319E+02  0.2319E+02
  0.8457E-01  0.2174E+02  0.1623E+00  0.2192E+02  0.2192E+02
  0.8626E-01  0.2099E+02  0.1573E+00  0.2075E+02  0.2075E+02
  0.8795E-01  0.1989E+02  0.1566E+00  0.1967E+02  0.1967E+02
  0.8964E-01  0.1875E+02  0.1568E+00  0.1867E+02  0.1867E+02
  0.9133E-01  0.1814E+02  0.1513E+00  0.1773E+02  0.1773E+02
  0.9302E-01  0.1686E+02  0.1520E+00  0.1686E+02  0.1686E+02
  0.9471E-01  0.1623E+02  0.1434E+00  0.1604E+02  0.1604E+02
  0.9640E-01  0.1558E+02  0.1437E+00  0.1526E+02  0.1526E+02
  0.9809E-01  0.1410E+02  0.1465E+00  0.1451E+02  0.1451E+02
  0.9978E-01  0.1399E+02  0.1431E+00  0.1379E+02  0.1379E+02
  0.1015E+00  0.1302E+02  0.1414E+00  0.1309E+02  0.1309E+02
  0.1032E+00  0.1189E+02  0.1386E+00  0.1241E+02  0.1241E+02
  0.1049E+00  0.1117E+02  0.1369E+00  0.1174E+02  0.1174E+02
  0.1065E+00  0.1105E+02  0.1370E+00  0.1109E+02  0.1109E+02
  0.1082E+00  0.1038E+02  0.1327E+00  0.1046E+02  0.1046E+02
  0.1099E+00  0.9611E+01  0.1332E+00  0.9845E+01  0.9845E+01
  0.1116E+00  0.9104E+01  0.1295E+00  0.9253E+01  0.9253E+01
  0.1133E+00  0.8759E+01  0.1331E+00  0.8685E+01  0.8685E+01
  0.1150E+00  0.8194E+01  0.1305E+00  0.8145E+01  0.8145E+01
  0.1167E+00  0.7726E+01  0.1311E+00  0.7636E+01  0.7636E+01
  0.1184E+00  0.7069E+01  0.1293E+00  0.7162E+01  0.7162E+01
  0.1201E+00  0.6803E+01  0.1288E+00  0.6723E+01  0.6723E+01
  0.1218E+00  0.6510E+01  0.1270E+00  0.6322E+01  0.6322E+01
  0.1234E+00  0.5804E+01  0.1350E+00  0.5957E+01  0.5957E+01
  0.1251E+00  0.5485E+01  0.1241E+00  0.5629E+01  0.5629E+01
  0.1268E+00  0.5575E+01  0.1223E+00  0.5336E+01  0.5336E+01
  0.1285E+00  0.5521E+01  0.1228E+00  0.5075E+01  0.5075E+01
  0.1302E+00  0.4908E+01  0.1236E+00  0.4843E+01  0.4843E+01
  0.1319E+00  0.4803E+01  0.1237E+00  0.4635E+01  0.4635E+01
  0.1336E+00  0.4637E+01  0.1235E+00  0.4448E+01  0.4448E+01
  0.1353E+00  0.4457E+01  0.1221E+00  0.4276E+01  0.4276E+01
  0.1370E+00  0.4061E+01  0.1192E+00  0.4117E+01  0.4117E+01
  0.1387E+00  0.3845E+01  0.1186E+00  0.3967E+01  0.3967E+01
  0.1403E+00  0.3642E+01  0.1170E+00  0.3821E+01  0.3821E+01
  0.1420E+00  0.3643E+01  0.1172E+00  0.3678E+01  0.3678E+01
  0.1437E+00  0.3663E+01  0.1189E+00  0.3536E+01  0.3536E+01
  0.1454E+00  0.2913E+01  0.1180E+00  0.3394E+01  0.3394E+01
  0.1471E+00  0.2825E+01  0.1182E+00  0.3251E+01  0.3251E+01
  0.1488E+00  0.2908E+01  0.1173E+00  0.3108E+01  0.3108E+01
  0.1505E+00  0.3065E+01  0.1168E+00  0.2966E+01  0.2966E+01
  0.1522E+00  0.2429E+01  0.1154E+00  0.2827E+01  0.2827E+01
  0.1539E+00  0.2314E+01  0.1142E+00  0.2693E+01  0.2693E+01
  0.1556E+00  0.2612E+01  0.1119E+00  0.2567E+01  0.2567E+01
  0.1572E+00  0.2527E+01  0.1111E+00  0.2449E+01  0.2449E+01
  0.1589E+00  0.2408E+01  0.1118E+00  0.2343E+01  0.2343E+01
  0.1606E+00  0.2660E+01  0.1113E+00  0.2249E+01  0.2249E+01
  0.1623E+00  0.2774E+01  0.1125E+00  0.2169E+01  0.2169E+01
  0.1640E+00  0.2045E+01  0.1130E+00  0.2104E+01  0.2104E+01
  0.1657E+00  0.1832E+01  0.1122E+00  0.2053E+01  0.2053E+01
  0.1674E+00  0.2173E+01  0.1115E+00  0.2016E+01  0.2016E+01
  0.1691E+00  0.1920E+01  0.1093E+00  0.1993E+01  0.1993E+01
  0.1708E+00  0.2179E+01  0.1089E+00  0.1980E+01  0.1980E+01
  0.1725E+00  0.1949E+01  0.1082E+00  0.1976E+01  0.1976E+01
  0.1741E+00  0.1870E+01  0.1086E+00  0.1980E+01  0.1980E+01
  0.1758E+00  0.2002E+01  0.1070E+00  0.1988E+01  0.1988E+01
  0.1775E+00  0.1919E+01  0.1076E+00  0.1998E+01  0.1998E+01
  0.1792E+00  0.1735E+01  0.1057E+00  0.2007E+01  0.2007E+01
  0.1809E+00  0.2146E+01  0.1056E+00  0.2014E+01  0.2014E+01
  0.1826E+00  0.1973E+01  0.1043E+00  0.2017E+01  0.2017E+01
  0.1843E+00  0.1863E+01  0.1035E+00  0.2015E+01  0.2015E+01
  0.1860E+00  0.2125E+01  0.1047E+00  0.2007E+01  0.2007E+01
  0.1877E+00  0.1763E+01  0.1048E+00  0.1992E+01  0.1992E+01
  0.1894E+00  0.2043E+01  0.1074E+00  0.1971E+01  0.1971E+01
  0.1910E+00  0.1813E+01  0.1057E+00  0.1945E+01  0.1945E+01
  0.1927E+00  0.2002E+01  0.1045E+00  0.1914E+01  0.1914E+01
  0.1944E+00  0.1991E+01  0.1020E+00  0.1880E+01  0.1880E+01
  0.1961E+00  0.1582E+01  0.1021E+00  0.1844E+01  0.1844E+01
  0.1978E+00  0.1881E+01  0.1020E+00  0.1808E+01  0.1808E+01
  0.1995E+00  0.1773E+01  0.1051E+00  0.1774E+01  0.1774E+01
  0.2012E+00  0.1594E+01  0.1032E+00  0.1743E+01  0.1743E+01
  0.2029E+00  0.1950E+01  0.1035E+00  0.1716E+01  0.1716E+01
  0.2046E+00  0.1619E+01  0.1032E+00  0.1694E+01  0.1694E+01
  0.2063E+00  0.1710E+01  0.1035E+00  0.1678E+01  0.1678E+01
  0.2079E+00  0.1807E+01  0.1041E+00  0.1668E+01  0.1668E+01
  0.2096E+00  0.1757E+01  0.1049E+00  0.1663E+01  0.1663E+01
  0.2113E+00  0.1634E+01  0.1046E+00  0.1663E+01  0.1663E+01
  0.2130E+00  0.1688E+01  0.1056E+00  0.1668E+01  0.1668E+01
  0.2147E+00  0.1817E+01  0.1027E+00  0.1676E+01  0.1676E+01
  0.2164E+00  0.1668E+01  0.1033E+00  0.1686E+01  0.1686E+01
  0.2181E+00  0.1618E+01  0.1031E+00  0.1697E+01  0.1697E+01
  0.2198E+00  0.1800E+01  0.1043E+00  0.1707E+01  0.1707E+01
  0.2215E+00  0.1924E+01  0.1057E+00  0.1715E+01  0.1715E+01
  0.2232E+00  0.1763E+01  0.1054E+00  0.1720E+01  0.1720E+01
  0.2249E+00  0.1624E+01  0.1049E+00  0.1722E+01  0.1722E+01
  0.2265E+00  0.1400E+01  0.1028E+00  0.1720E+01  0.1720E+01
  0.2282E+00  0.1598E+01  0.1032E+00  0.1713E+01  0.1713E+01
  0.2299E+00  0.1711E+01  0.1033E+00  0.1702E+01  0.1702E+01
  0.2316E+00  0.1585E+01  0.1056E+00  0.1687E+01  0.1687E+01
  0.2333E+00  0.1728E+01  0.1063E+00  0.1668E+01  0.1668E+01
  0.2350E+00  0.1402E+01  0.1065E+00  0.1647E+01  0.1647E+01
  0.2367E+00  0.1611E+01  0.1060E+00  0.1626E+01  0.1626E+01
  0.2384E+00  0.1821E+01  0.1051E+00  0.1603E+01  0.1603E+01
  0.2401E+00  0.1477E+01  0.1030E+00  0.1581E+01  0.1581E+01
  0.2418E+00  0.1528E+01  0.1021E+00  0.1561E+01  0.1561E+01
  0.2434E+00  0.1702E+01  0.1000E+00  0.1544E+01  0.1544E+01
  0.2451E+00  0.1387E+01  0.9924E-01  0.1530E+01  0.1530E+01
  0.2468E+00  0.1309E+01  0.1009E+00  0.1520E+01  0.1520E+01
  0.2485E+00  0.1730E+01  0.1027E+00  0.1514E+01  0.1514E+01
  0.2502E+00  0.1637E+01  0.1044E+00  0.1512E+01  0.1512E+01
  0.2519E+00  0.1601E+01  0.1034E+00  0.1514E+01  0.1514E+01
  0.2536E+00  0.1385E+01  0.1034E+00  0.1519E+01  0.1519E+01
  0.2553E+00  0.1675E+01  0.1032E+00  0.1527E+01  0.1527E+01
  0.2570E+00  0.2012E+01  0.1043E+00  0.1537E+01  0.1537E+01
  0.2587E+00  0.1740E+01  0.1057E+00  0.1547E+01  0.1547E+01
  0.2603E+00  0.1323E+01  0.1091E+00  0.1557E+01  0.1557E+01
  0.2620E+00  0.1408E+01  0.1115E+00  0.1566E+01  0.1566E+01
  0.2637E+00  0.1494E+01  0.1144E+00  0.1573E+01  0.1573E+01
  0.2654E+00  0.1380E+01  0.1143E+00  0.1578E+01  0.1578E+01
  0.2671E+00  0.1325E+01  0.1151E+00  0.1580E+01  0.1580E+01
  0.2688E+00  0.1518E+01  0.1170E+00  0.1579E+01  0.1579E+01
  0.2705E+00  0.1546E+01  0.1176E+00  0.1574E+01  0.1574E+01
  0.2722E+00  0.1256E+01  0.1183E+00  0.1566E+01  0.1566E+01
  0.2739E+00  0.1526E+01  0.1185E+00  0.1555E+01  0.1555E+01
  0.2756E+00  0.1744E+01  0.1210E+00  0.1542E+01  0.1542E+01
  0.2772E+00  0.1704E+01  0.1226E+00  0.1528E+01  0.1528E+01
  0.2789E+00  0.1570E+01  0.1246E+00  0.1512E+01  0.1512E+01
  0.2806E+00  0.1538E+01  0.1272E+00  0.1497E+01  0.1497E+01
  0.2823E+00  0.1417E+01  0.1273E+00  0.1482E+01  0.1482E+01
  0.2840E+00  0.1300E+01  0.1284E+00  0.1469E+01  0.1469E+01
  0.2857E+00  0.1792E+01  0.1283E+00  0.1458E+01  0.1458E+01
  0.2874E+00  0.1369E+01  0.1263E+00  0.1449E+01  0.1449E+01
  0.2891E+00  0.1784E+01  0.1284E+00  0.1444E+01  0.1444E+01
  0.2908E+00  0.1552E+01  0.1287E+00  0.1441E+01  0.1441E+01
  0.2925E+00  0.1278E+01  0.1356E+00  0.1442E+01  0.1442E+01
  0.2941E+00  0.1110E+01  0.1364E+00  0.1445E+01  0.1445E+01
  0.2958E+00  0.1134E+01  0.1381E+00  0.1450E+01  0.1450E+01
  0.2975E+00  0.1448E+01  0.1372E+00  0.1457E+01  0.1457E+01
  0.2992E+00  0.1534E+01  0.1380E+00  0.1466E+01  0.1466E+01
  0.3009E+00  0.1647E+01  0.1382E+00  0.1475E+01  0.1475E+01
  0.3026E+00  0.1257E+01  0.1385E+00  0.1484E+01  0.1484E+01
  0.3043E+00  0.1366E+01  0.1398E+00  0.1492E+01  0.1492E+01
  0.3060E+00  0.1524E+01  0.1416E+00  0.1500E+01  0.1500E+01
  0.3077E+00  0.1807E+01  0.1434E+00  0.1506E+01  0.1506E+01
  0.3094E+00  0.1486E+01  0.1454E+00  0.1509E+01  0.1509E+01
  0.3110E+00  0.1158E+01  0.1472E+00  0.1511E+01  0.1511E+01
  0.3127E+00  0.1485E+01  0.1481E+00  0.1511E+01  0.1511E+01
  0.3144E+00  0.1717E+01  0.1452E+00  0.1508E+01  0.1508E+01
  0.3161E+00  0.1529E+01  0.1443E+00  0.1505E+01  0.1505E+01
  0.3178E+00  0.1231E+01  0.1478E+00  0.1500E+01  0.1500E+01
  0.3195E+00  0.1183E+01  0.1505E+00  0.1494E+01  0.1494E+01
  0.3212E+00  0.1248E+01  0.1536E+00  0.1488E+01  0.1488E+01
  0.3229E+00  0.1194E+01  0.1585E+00  0.1482E+01  0.1482E+01
  0.3246E+00  0.1193E+01  0.1546E+00  0.1477E+01  0.1477E+01
  0.3263E+00  0.1763E+01  0.1525E+00  0.1474E+01  0.1474E+01
  0.3279E+00  0.1780E+01  0.1521E+00  0.1472E+01  0.1472E+01
  0.3296E+00  0.1459E+01  0.1513E+00  0.1472E+01  0.1472E+01
  0.3313E+00  0.1623E+01  0.1523E+00  0.1475E+01  0.1475E+01
  0.3330E+00  0.1513E+01  0.1519E+00  0.1479E+01  0.1479E+01
  0.3347E+00  0.1651E+01  0.1543E+00  0.1486E+01  0.1486E+01
  0.3364E+00  0.1270E+01  0.1558E+00  0.1494E+01  0.1494E+01
  0.3381E+00  0.1553E+01  0.1553E+00  0.1504E+01  0.1504E+01
  0.3398E+00  0.1209E+01  0.1549E+00  0.1515E+01  0.1515E+01
  0.3415E+00  0.1719E+01  0.1546E+00  0.1526E+01  0.1526E+01
  0.3432E+00  0.1023E+01  0.1536E+00  0.1538E+01  0.1538E+01
  0.3448E+00  0.1416E+01  0.1533E+00  0.1549E+01  0.1549E+01
  0.3465E+00  0.1543E+01  0.1547E+00  0.1560E+01  0.1560E+01
  0.3482E+00  0.1473E+01  0.1583E+00  0.1569E+01  0.1569E+01
  0.3499E+00  0.1694E+01  0.1594E+00  0.1577E+01  0.1577E+01
  0.3516E+00  0.1953E+01  0.1587E+00  0.1583E+01  0.1583E+01
  0.3533E+00  0.1673E+01  0.1564E+00  0.1587E+01  0.1587E+01
  0.3550E+00  0.1155E+01  0.1538E+00  0.1590E+01  0.1590E+01
  0.3567E+00  0.1255E+01  0.1554E+00  0.1591E+01  0.1591E+01
  0.3584E+00  0.1284E+01  0.1569E+00  0.1591E+01  0.1591E+01
  0.3601E+00  0.2196E+01  0.1584E+00  0.1589E+01  0.1589E+01
  0.3617E+00  0.2116E+01  0.1618E+00  0.1586E+01  0.1586E+01
  0.3634E+00  0.1619E+01  0.1602E+00  0.1584E+01  0.1584E+01
  0.3651E+00  0.1573E+01  0.1610E+00  0.1580E+01  0.1580E+01
  0.3668E+00  0.1436E+01  0.1580E+00  0.1578E+01  0.1578E+01
  0.3685E+00  0.1574E+01  0.1578E+00  0.1575E+01  0.1575E+01
  0.3702E+00  0.2013E+01  0.1588E+00  0.1574E+01  0.1574E+01
  0.3719E+00  0.1746E+01  0.1618E+00  0.1573E+01  0.1573E+01
  0.3736E+00  0.1768E+01  0.1623E+00  0.1573E+01  0.1573E+01
  0.3753E+00  0.1989E+01  0.1611E+00  0.1575E+01  0.1575E+01
  0.3770E+00  0.1568E+01  0.1585E+00  0.1577E+01  0.1577E+01
  0.3786E+00  0.1228E+01  0.1568E+00  0.1579E+01  0.1579E+01
  0.3803E+00  0.1305E+01  0.1586E+00  0.1583E+01  0.1583E+01
  0.3820E+00  0.1960E+01  0.1597E+00  0.1586E+01  0.1586E+01
  0.3837E+00  0.1845E+01  0.1628E+00  0.1589E+01  0.1589E+01
  0.3854E+00  0.1691E+01  0.1635E+00  0.1592E+01  0.1592E+01
  0.3871E+00  0.1379E+01  0.1620E+00  0.1595E+01  0.1595E+01
  0.3888E+00  0.1552E+01  0.1626E+00  0.1596E+01  0.1596E+01
  0.3905E+00  0.1626E+01  0.1612E+00  0.1597E+01  0.1597E+01
  0.3922E+00  0.1610E+01  0.1601E+00  0.1596E+01  0.1596E+01
  0.3939E+00  0.1810E+01  0.1644E+00  0.1594E+01  0.1594E+01
  0.3956E+00  0.1454E+01  0.1624E+00  0.1592E+01  0.1592E+01
  0.3972E+00  0.1224E+01  0.1634E+00  0.1587E+01  0.1587E+01
  0.3989E+00  0.1597E+01  0.1622E+00  0.1583E+01  0.1583E+01
  0.4006E+00  0.1367E+01  0.1597E+00  0.1577E+01  0.1577E+01
  0.4023E+00  0.1374E+01  0.1629E+00  0.1572E+01  0.1572E+01
  0.4040E+00  0.1185E+01  0.1655E+00  0.1566E+01  0.1566E+01
  0.4057E+00  0.2050E+01  0.1656E+00  0.1560E+01  0.1560E+01
  0.4074E+00  0.1782E+01  0.1651E+00  0.1555E+01  0.1555E+01
  0.4091E+00  0.1839E+01  0.1622E+00  0.1550E+01  0.1550E+01
  0.4108E+00  0.1949E+01  0.1620E+00  0.1546E+01  0.1546E+01
  0.4125E+00  0.1784E+01  0.1624E+00  0.1543E+01  0.1543E+01
  0.4141E+00  0.1193E+01  0.1619E+00  0.1540E+01  0.1540E+01
  0.4158E+00  0.1663E+01  0.1645E+00  0.1538E+01  0.1538E+01
  0.4175E+00  0.2211E+01  0.1682E+00  0.1537E+01  0.1537E+01
  0.4192E+00  0.1060E+01  0.1645E+00  0.1537E+01  0.1537E+01
  0.4209E+00  0.1542E+01  0.1617E+00  0.1536E+01  0.1536E+01
  0.4226E+00  0.1981E+01  0.1597E+00  0.1536E+01  0.1536E+01
  0.4243E+00  0.1880E+01  0.1621E+00  0.1535E+01  0.1535E+01
  0.4260E+00  0.1460E+01  0.1633E+00  0.1534E+01  0.1534E+01
  0.4277E+00  0.1541E+01  0.1635E+00  0.1533E+01  0.1533E+01
  0.4294E+00  0.1859E+01  0.1637E+00  0.1530E+01  0.1530E+01
  0.4310E+00  0.1526E+01  0.1620E+00  0.1527E+01  0.1527E+01
  0.4327E+00  0.2035E+01  0.1611E+00  0.1521E+01  0.1521E+01
  0.4344E+00  0.1950E+01  0.1616E+00  0.1515E+01  0.1515E+01
  0.4361E+00  0.1912E+01  0.1619E+00  0.1508E+01  0.1508E+01
  0.4378E+00  0.1157E+01  0.1630E+00  0.1499E+01  0.1499E+01
  0.4395E+00  0.1285E+01  0.1636E+00  0.1490E+01  0.1490E+01
  0.4412E+00  0.1955E+01  0.1608E+00  0.1479E+01  0.1479E+01
  0.4429E+00  0.2113E+01  0.1622E+00  0.1469E+01  0.1469E+01
  0.4446E+00  0.1639E+01  0.1732E+00  0.1458E+01  0.1458E+01
  0.4463E+00  0.1195E+01  0.1803E+00  0.1446E+01  0.1446E+01
  0.4479E+00  0.9070E+00  0.1852E+00  0.1435E+01  0.1435E+01
  0.4496E+00  0.1805E+01  0.1911E+00  0.1424E+01  0.1424E+01
  0.4513E+00  0.1720E+01  0.1971E+00  0.1414E+01  0.1414E+01
  0.4530E+00  0.1789E+01  0.2074E+00  0.1405E+01  0.1405E+01
  0.4547E+00  0.2051E+01  0.2163E+00  0.1396E+01  0.1396E+01
  0.4564E+00  0.1453E+01  0.2223E+00  0.1388E+01  0.1388E+01
  0.4581E+00  0.1426E+01  0.2303E+00  0.1380E+01  0.1380E+01
  0.4598E+00  0.1023E+01  0.2419E+00  0.1373E+01  0.1373E+01
  0.4615E+00  0.1153E+01  0.2499E+00  0.1367E+01  0.1367E+01
  0.4632E+00  0.2135E+01  0.2621E+00  0.1361E+01  0.1361E+01
  0.4648E+00  0.1570E+01  0.2664E+00  0.1355E+01  0.1355E+01
  0.4665E+00  0.2155E+01  0.2781E+00  0.1349E+01  0.1349E+01
  0.4682E+00  0.2237E+01  0.2986E+00  0.1342E+01  0.1342E+01
  0.4699E+00  0.1730E+01  0.3121E+00  0.1335E+01  0.1335E+01
  0.4716E+00  0.2296E+01  0.3256E+00  0.1328E+01  0.1328E+01
  0.4733E+00  0.1454E+01  0.3399E+00  0.1320E+01  0.1320E+01
  0.4750E+00  0.1135E+01  0.3564E+00  0.1311E+01  0.1311E+01
  0.4767E+00  0.1886E+01  0.3793E+00  0.1302E+01  0.1302E+01
  0.4784E+00  0.9850E-01  0.3985E+00  0.1291E+01  0.1291E+01
  0.4801E+00  0.1498E+01  0.4175E+00  0.1281E+01  0.1281E+01
  0.4817E+00  0.8990E+00  0.4608E+00  0.1269E+01  0.1269E+01
  0.4834E+00  0.2138E+01  0.5383E+00  0.1258E+01  0.1258E+01
  0.4851E+00  0.2031E+01  0.5852E+00  0.1246E+01  0.1246E+01
  0.4868E+00  0.3615E+01  0.7051E+00  0.1235E+01  0.1235E+01
  0.4885E+00  0.2526E+01  0.9113E+00  0.1223E+01  0.1223E+01
  0.4902E+00  0.1428E+01  0.1135E+01  0.1213E+01  0.1213E+01
  0.4919E+00  0.4320E+01  0.1658E+01  0.1202E+01  0.1202E+01

           Distance distribution  function of particle  


       R          P(R)      ERROR

  0.0000E+00  0.0000E+00  0.0000E+00
  0.1546E+01  0.2932E-01  0.2913E-03
  0.3092E+01  0.4340E-01  0.2757E-03
  0.4638E+01  0.4718E-01  0.1707E-03
  0.6184E+01  0.4730E-01  0.3035E-03
  0.7730E+01  0.5022E-01  0.4274E-03
  0.9276E+01  0.6045E-01  0.4145E-03
  0.1082E+02  0.7967E-01  0.3370E-03
  0.1237E+02  0.1066E+00  0.3765E-03
  0.1391E+02  0.1378E+00  0.4939E-03
  0.1546E+02  0.1693E+00  0.5342E-03
  0.1701E+02  0.1977E+00  0.4792E-03
  0.1855E+02  0.2211E+00  0.4465E-03
  0.2010E+02  0.2394E+00  0.5370E-03
  0.2164E+02  0.2542E+00  0.6476E-03
  0.2319E+02  0.2674E+00  0.6775E-03
  0.2474E+02  0.2807E+00  0.6379E-03
  0.2628E+02  0.2946E+00  0.6211E-03
  0.2783E+02  0.3090E+00  0.6808E-03
  0.2937E+02  0.3226E+00  0.7578E-03
  0.3092E+02  0.3339E+00  0.7935E-03
  0.3247E+02  0.3421E+00  0.7982E-03
  0.3401E+02  0.3466E+00  0.8123E-03
  0.3556E+02  0.3480E+00  0.8400E-03
  0.3710E+02  0.3469E+00  0.8475E-03
  0.3865E+02  0.3446E+00  0.8221E-03
  0.4020E+02  0.3418E+00  0.7983E-03
  0.4174E+02  0.3389E+00  0.8195E-03
  0.4329E+02  0.3360E+00  0.8756E-03
  0.4483E+02  0.3331E+00  0.9170E-03
  0.4638E+02  0.3298E+00  0.9135E-03
  0.4793E+02  0.3262E+00  0.8751E-03
  0.4947E+02  0.3224E+00  0.8377E-03
  0.5102E+02  0.3186E+00  0.8350E-03
  0.5256E+02  0.3151E+00  0.8737E-03
  0.5411E+02  0.3118E+00  0.9344E-03
  0.5566E+02  0.3088E+00  0.9887E-03
  0.5720E+02  0.3058E+00  0.1014E-02
  0.5875E+02  0.3025E+00  0.1008E-02
  0.6029E+02  0.2989E+00  0.9879E-03
  0.6184E+02  0.2950E+00  0.9852E-03
  0.6339E+02  0.2910E+00  0.1009E-02
  0.6493E+02  0.2870E+00  0.1032E-02
  0.6648E+02  0.2833E+00  0.1022E-02
  0.6802E+02  0.2798E+00  0.9696E-03
  0.6957E+02  0.2764E+00  0.9043E-03
  0.7112E+02  0.2728E+00  0.8740E-03
  0.7266E+02  0.2687E+00  0.9015E-03
  0.7421E+02  0.2640E+00  0.9610E-03
  0.7575E+02  0.2584E+00  0.1012E-02
  0.7730E+02  0.2523E+00  0.1035E-02
  0.7885E+02  0.2458E+00  0.1036E-02
  0.8039E+02  0.2392E+00  0.1046E-02
  0.8194E+02  0.2328E+00  0.1094E-02
  0.8348E+02  0.2268E+00  0.1182E-02
  0.8503E+02  0.2211E+00  0.1278E-02
  0.8658E+02  0.2158E+00  0.1340E-02
  0.8812E+02  0.2105E+00  0.1344E-02
  0.8967E+02  0.2051E+00  0.1290E-02
  0.9121E+02  0.1995E+00  0.1205E-02
  0.9276E+02  0.1937E+00  0.1128E-02
  0.9431E+02  0.1877E+00  0.1093E-02
  0.9585E+02  0.1818E+00  0.1105E-02
  0.9740E+02  0.1760E+00  0.1141E-02
  0.9894E+02  0.1705E+00  0.1166E-02
  0.1005E+03  0.1653E+00  0.1157E-02
  0.1020E+03  0.1603E+00  0.1118E-02
  0.1036E+03  0.1554E+00  0.1082E-02
  0.1051E+03  0.1503E+00  0.1083E-02
  0.1067E+03  0.1451E+00  0.1131E-02
  0.1082E+03  0.1396E+00  0.1198E-02
  0.1098E+03  0.1340E+00  0.1252E-02
  0.1113E+03  0.1283E+00  0.1277E-02
  0.1129E+03  0.1227E+00  0.1274E-02
  0.1144E+03  0.1175E+00  0.1251E-02
  0.1160E+03  0.1128E+00  0.1215E-02
  0.1175E+03  0.1085E+00  0.1172E-02
  0.1190E+03  0.1044E+00  0.1127E-02
  0.1206E+03  0.1006E+00  0.1084E-02
  0.1221E+03  0.9671E-01  0.1051E-02
  0.1237E+03  0.9274E-01  0.1036E-02
  0.1252E+03  0.8866E-01  0.1051E-02
  0.1268E+03  0.8456E-01  0.1093E-02
  0.1283E+03  0.8058E-01  0.1147E-02
  0.1299E+03  0.7688E-01  0.1196E-02
  0.1314E+03  0.7357E-01  0.1236E-02
  0.1330E+03  0.7068E-01  0.1272E-02
  0.1345E+03  0.6818E-01  0.1312E-02
  0.1360E+03  0.6601E-01  0.1360E-02
  0.1376E+03  0.6408E-01  0.1417E-02
  0.1391E+03  0.6231E-01  0.1490E-02
  0.1407E+03  0.6063E-01  0.1583E-02
  0.1422E+03  0.5896E-01  0.1685E-02
  0.1438E+03  0.5715E-01  0.1773E-02
  0.1453E+03  0.5494E-01  0.1819E-02
  0.1469E+03  0.5192E-01  0.1802E-02
  0.1484E+03  0.4749E-01  0.1711E-02
  0.1500E+03  0.4091E-01  0.1527E-02
  0.1515E+03  0.3136E-01  0.1219E-02
  0.1531E+03  0.1799E-01  0.7307E-03
  0.1546E+03  0.0000E+00  0.0000E+00
          Reciprocal space: Rg =   51.16     , I(0) =   0.3659E+03
     Real space: Rg =   51.41 +- 0.078  I(0) =   0.3659E+03 +-  0.5080E+00
