
           ####    G N O M   ---   Version 4.5a revised 09/02/02     ####

                                                  Fri Oct 20 04:00:39 2017
           ===    Run No   1   ===
 Run title:   0.147309E-01  0.102269E+03  0.195817E+01


   *******   Working Directory :
   *******    Input file(s) : 23902_merge_new2_q25.dat
           Condition P(rmin) = 0 is used. 
           Condition P(rmax) = 0 is used. 

          Experimental conditions for the first run
          -----------------------------------------

          Highest ALPHA is found to be   0.8234E+04

  The measure of inconsistency AN1 equals to    0.8438E+00
     Alpha    Discrp  Oscill  Stabil  Sysdev  Positv  Valcen    Total   
  0.8234E+07 83.0416  1.9751  0.9671  0.0000  1.0000  0.7021  0.00001
  0.1647E+07 79.3749  1.9334  0.8899  0.0000  1.0000  0.7097  0.00001
  0.3294E+06 69.9614  1.7591  0.6992  0.0000  1.0000  0.7409  0.00001
  0.6587E+05 60.3986  1.3561  0.6279  0.0150  1.0000  0.8165  0.00001
  0.1317E+05 47.7701  1.1738  0.6238  0.0301  1.0000  0.8815  0.00001
  0.2635E+04 25.3055  1.2119  0.3500  0.0752  1.0000  0.9073  0.00001
  0.5270E+03  8.5042  1.2849  0.1084  0.1729  1.0000  0.9176  0.00001
  0.1054E+03  2.3412  1.3588  0.0361  0.3609  1.0000  0.9209  0.46255
  0.2108E+02  0.9932  1.3886  0.0091  0.5188  1.0000  0.9214  0.52062
  0.4216E+01  0.8573  1.3988  0.0079  0.5940  1.0000  0.9215  0.48471
  0.8431E+00  0.8080  1.4264  0.0131  0.6466  1.0000  0.9217  0.10000
  0.1686E+00  0.7781  1.5023  0.0261  0.6617  1.0000  0.9210  0.10000
  0.3373E-01  0.7400  1.9689  0.0949  0.6767  0.9997  0.9158  0.10000
  0.6745E-02  0.6791  3.6661  0.1395  0.7293  0.9954  0.8949  0.10000
  0.1349E-02  0.6539  5.0243  0.0955  0.7293  0.9865  0.8695  0.10000
  0.2698E-03  0.6491  5.7812  0.2004  0.7444  0.9782  0.8513  0.10000
  0.5396E-04  0.6442  7.8602  0.2755  0.7293  0.9462  0.6652  0.10000
  0.1079E-04  0.6413 10.1066  0.2872  0.7293  0.8923  0.5603  0.10000
  0.2158E-05  0.6388 13.1074  0.8279  0.7444  0.8098  0.3953  0.10000
  0.4317E-06  0.6322 12.9338  0.7145  0.6992  0.7431  0.3627  0.10000
  0.8634E-07  0.6249 12.7995  0.3578  0.6842  0.7153  0.3632  0.10000
  0.1727E-07  0.6208 15.0849  0.4788  0.6692  0.7010  0.3824  0.10000
  0.3454E-08  0.6107 21.2172  0.7301  0.6692  0.7169  0.3945  0.10000
  0.6907E-09  0.5820 26.2554  0.6515  0.6692  0.7039  0.3409  0.00000

          ***  Golden section search to maximize estimate ***
     Alpha    Discrp  Oscill  Stabil  Sysdev  Positv  Valcen    Total   
  0.3898E+02  1.2245  1.3814  0.0158  0.4737  1.0000  0.9213  0.51491
  0.1667E+02  0.9495  1.3905  0.0074  0.5338  1.0000  0.9214  0.51720
  0.2666E+02  1.0571  1.3862  0.0112  0.4887  1.0000  0.9213  0.52198
  0.3082E+02  1.1101  1.3846  0.0128  0.4737  1.0000  0.9213  0.52110
  0.2437E+02  1.0298  1.3872  0.0103  0.5038  1.0000  0.9213  0.52181
  0.2818E+02  1.0759  1.3856  0.0118  0.4887  1.0000  0.9213  0.52190
  0.2576E+02  1.0462  1.3866  0.0109  0.4887  1.0000  0.9213  0.52192
  0.2723E+02  1.0641  1.3860  0.0114  0.4737  1.0000  0.9213  0.52188
  0.2631E+02  1.0528  1.3864  0.0111  0.4887  1.0000  0.9213  0.52197
  0.2687E+02  1.0597  1.3861  0.0113  0.4887  1.0000  0.9213  0.52198
  0.2701E+02  1.0614  1.3861  0.0113  0.4737  1.0000  0.9213  0.52188
  0.2679E+02  1.0587  1.3862  0.0112  0.4887  1.0000  0.9213  0.52198
  0.2687E+02  1.0597  1.3861  0.0113  0.4887  1.0000  0.9213  0.52198



             ####            Final results            ####

 Parameter    DISCRP    OSCILL    STABIL    SYSDEV    POSITV    VALCEN
 Weight        1.000     3.000     3.000     4.000     1.000     1.000
 Sigma         0.500     0.600     0.120     0.200     0.120     0.120
 Ideal         1.000     1.100     0.000     1.000     1.000     0.950
 Current       1.060     1.386     0.011     0.489     1.000     0.921
                - - - - - - - - - - - - - - - - - - - - - - - - - 
 Estimate      0.986     0.797     0.991     0.001     1.000     0.945

  Angular   range    :     from    0.0156   to    0.2410
  Real space range   :     from      0.00   to     93.73

  Highest ALPHA (theor) :   0.823E+07                 JOB = 0
  Current ALPHA         :   0.269E+02   Rg :  0.286E+02   I(0) :   0.109E+03

           Total  estimate : 0.522  which is  A REASONABLE  solution

      S          J EXP       ERROR       J REG       I REG

  0.0000E+00                                      0.1092E+03
  0.8655E-03                                      0.1091E+03
  0.1731E-02                                      0.1091E+03
  0.2596E-02                                      0.1090E+03
  0.3462E-02                                      0.1088E+03
  0.4327E-02                                      0.1086E+03
  0.5193E-02                                      0.1084E+03
  0.6058E-02                                      0.1081E+03
  0.6924E-02                                      0.1077E+03
  0.7789E-02                                      0.1074E+03
  0.8655E-02                                      0.1070E+03
  0.9520E-02                                      0.1065E+03
  0.1039E-01                                      0.1060E+03
  0.1125E-01                                      0.1055E+03
  0.1212E-01                                      0.1049E+03
  0.1298E-01                                      0.1043E+03
  0.1385E-01                                      0.1036E+03
  0.1471E-01                                      0.1029E+03
  0.1558E-01  0.1021E+03  0.1710E+01  0.1022E+03  0.1022E+03
  0.1643E-01  0.1008E+03  0.1571E+01  0.1014E+03  0.1014E+03
  0.1727E-01  0.1006E+03  0.1473E+01  0.1007E+03  0.1007E+03
  0.1812E-01  0.1007E+03  0.1435E+01  0.9984E+02  0.9984E+02
  0.1897E-01  0.9843E+02  0.1396E+01  0.9899E+02  0.9899E+02
  0.1982E-01  0.9760E+02  0.1352E+01  0.9811E+02  0.9811E+02
  0.2066E-01  0.9635E+02  0.1326E+01  0.9720E+02  0.9720E+02
  0.2151E-01  0.9572E+02  0.1239E+01  0.9627E+02  0.9627E+02
  0.2236E-01  0.9647E+02  0.1222E+01  0.9531E+02  0.9531E+02
  0.2321E-01  0.9606E+02  0.1182E+01  0.9432E+02  0.9432E+02
  0.2405E-01  0.9518E+02  0.1119E+01  0.9331E+02  0.9331E+02
  0.2490E-01  0.9360E+02  0.1082E+01  0.9227E+02  0.9227E+02
  0.2575E-01  0.9153E+02  0.1029E+01  0.9121E+02  0.9121E+02
  0.2660E-01  0.9030E+02  0.1022E+01  0.9013E+02  0.9013E+02
  0.2745E-01  0.8926E+02  0.9963E+00  0.8902E+02  0.8902E+02
  0.2829E-01  0.8949E+02  0.9878E+00  0.8790E+02  0.8790E+02
  0.2914E-01  0.8831E+02  0.9812E+00  0.8676E+02  0.8676E+02
  0.2999E-01  0.8501E+02  0.9649E+00  0.8561E+02  0.8561E+02
  0.3084E-01  0.8518E+02  0.9901E+00  0.8444E+02  0.8444E+02
  0.3168E-01  0.8393E+02  0.9428E+00  0.8325E+02  0.8325E+02
  0.3253E-01  0.8072E+02  0.9355E+00  0.8205E+02  0.8205E+02
  0.3338E-01  0.8045E+02  0.9031E+00  0.8084E+02  0.8084E+02
  0.3423E-01  0.7955E+02  0.8844E+00  0.7962E+02  0.7962E+02
  0.3507E-01  0.7856E+02  0.7357E+00  0.7838E+02  0.7838E+02
  0.3592E-01  0.7779E+02  0.4755E+00  0.7714E+02  0.7714E+02
  0.3677E-01  0.7721E+02  0.4744E+00  0.7589E+02  0.7589E+02
  0.3762E-01  0.7597E+02  0.4648E+00  0.7464E+02  0.7464E+02
  0.3846E-01  0.7500E+02  0.4584E+00  0.7338E+02  0.7338E+02
  0.3931E-01  0.7282E+02  0.4600E+00  0.7212E+02  0.7212E+02
  0.4016E-01  0.7130E+02  0.4554E+00  0.7085E+02  0.7085E+02
  0.4101E-01  0.7025E+02  0.4540E+00  0.6958E+02  0.6958E+02
  0.4185E-01  0.6912E+02  0.4397E+00  0.6831E+02  0.6831E+02
  0.4270E-01  0.6794E+02  0.4378E+00  0.6704E+02  0.6704E+02
  0.4355E-01  0.6630E+02  0.4322E+00  0.6578E+02  0.6578E+02
  0.4440E-01  0.6449E+02  0.4261E+00  0.6451E+02  0.6451E+02
  0.4525E-01  0.6323E+02  0.4249E+00  0.6325E+02  0.6325E+02
  0.4609E-01  0.6110E+02  0.4122E+00  0.6199E+02  0.6199E+02
  0.4694E-01  0.5972E+02  0.4099E+00  0.6074E+02  0.6074E+02
  0.4779E-01  0.5950E+02  0.4013E+00  0.5949E+02  0.5949E+02
  0.4864E-01  0.5825E+02  0.3973E+00  0.5825E+02  0.5825E+02
  0.4948E-01  0.5733E+02  0.3987E+00  0.5702E+02  0.5702E+02
  0.5033E-01  0.5610E+02  0.3933E+00  0.5579E+02  0.5579E+02
  0.5118E-01  0.5460E+02  0.3978E+00  0.5458E+02  0.5458E+02
  0.5203E-01  0.5354E+02  0.3888E+00  0.5337E+02  0.5337E+02
  0.5287E-01  0.5175E+02  0.3843E+00  0.5218E+02  0.5218E+02
  0.5372E-01  0.5082E+02  0.3813E+00  0.5100E+02  0.5100E+02
  0.5457E-01  0.4963E+02  0.3750E+00  0.4982E+02  0.4982E+02
  0.5542E-01  0.4899E+02  0.3757E+00  0.4866E+02  0.4866E+02
  0.5626E-01  0.4828E+02  0.3685E+00  0.4752E+02  0.4752E+02
  0.5711E-01  0.4656E+02  0.3640E+00  0.4638E+02  0.4638E+02
  0.5796E-01  0.4545E+02  0.3598E+00  0.4526E+02  0.4526E+02
  0.5881E-01  0.4446E+02  0.3560E+00  0.4416E+02  0.4416E+02
  0.5965E-01  0.4357E+02  0.3565E+00  0.4307E+02  0.4307E+02
  0.6050E-01  0.4218E+02  0.3474E+00  0.4199E+02  0.4199E+02
  0.6135E-01  0.4116E+02  0.3463E+00  0.4093E+02  0.4093E+02
  0.6220E-01  0.4057E+02  0.3407E+00  0.3989E+02  0.3989E+02
  0.6304E-01  0.3961E+02  0.3392E+00  0.3886E+02  0.3886E+02
  0.6389E-01  0.3809E+02  0.3414E+00  0.3785E+02  0.3785E+02
  0.6474E-01  0.3704E+02  0.3408E+00  0.3685E+02  0.3685E+02
  0.6559E-01  0.3600E+02  0.3434E+00  0.3587E+02  0.3587E+02
  0.6644E-01  0.3550E+02  0.3362E+00  0.3491E+02  0.3491E+02
  0.6728E-01  0.3427E+02  0.3356E+00  0.3397E+02  0.3397E+02
  0.6813E-01  0.3348E+02  0.3322E+00  0.3304E+02  0.3304E+02
  0.6898E-01  0.3247E+02  0.3278E+00  0.3213E+02  0.3213E+02
  0.6983E-01  0.3117E+02  0.3266E+00  0.3124E+02  0.3124E+02
  0.7067E-01  0.3042E+02  0.3199E+00  0.3036E+02  0.3036E+02
  0.7152E-01  0.3005E+02  0.3172E+00  0.2950E+02  0.2950E+02
  0.7237E-01  0.2899E+02  0.3117E+00  0.2866E+02  0.2866E+02
  0.7322E-01  0.2816E+02  0.3079E+00  0.2784E+02  0.2784E+02
  0.7406E-01  0.2708E+02  0.3070E+00  0.2703E+02  0.2703E+02
  0.7491E-01  0.2644E+02  0.3018E+00  0.2625E+02  0.2625E+02
  0.7576E-01  0.2640E+02  0.3065E+00  0.2547E+02  0.2547E+02
  0.7661E-01  0.2564E+02  0.3050E+00  0.2472E+02  0.2472E+02
  0.7745E-01  0.2429E+02  0.2398E+00  0.2398E+02  0.2398E+02
  0.7830E-01  0.2350E+02  0.2080E+00  0.2326E+02  0.2326E+02
  0.7915E-01  0.2279E+02  0.2068E+00  0.2256E+02  0.2256E+02
  0.8000E-01  0.2187E+02  0.2074E+00  0.2187E+02  0.2187E+02
  0.8084E-01  0.2173E+02  0.2052E+00  0.2120E+02  0.2120E+02
  0.8169E-01  0.2095E+02  0.2063E+00  0.2054E+02  0.2054E+02
  0.8254E-01  0.2022E+02  0.1993E+00  0.1990E+02  0.1990E+02
  0.8339E-01  0.1968E+02  0.1966E+00  0.1928E+02  0.1928E+02
  0.8424E-01  0.1913E+02  0.1972E+00  0.1867E+02  0.1867E+02
  0.8508E-01  0.1840E+02  0.1921E+00  0.1807E+02  0.1807E+02
  0.8593E-01  0.1794E+02  0.1924E+00  0.1750E+02  0.1750E+02
  0.8678E-01  0.1718E+02  0.1918E+00  0.1693E+02  0.1693E+02
  0.8763E-01  0.1644E+02  0.1901E+00  0.1638E+02  0.1638E+02
  0.8847E-01  0.1580E+02  0.1908E+00  0.1585E+02  0.1585E+02
  0.8932E-01  0.1517E+02  0.1904E+00  0.1533E+02  0.1533E+02
  0.9017E-01  0.1451E+02  0.1912E+00  0.1482E+02  0.1482E+02
  0.9102E-01  0.1427E+02  0.1875E+00  0.1433E+02  0.1433E+02
  0.9186E-01  0.1389E+02  0.1876E+00  0.1385E+02  0.1385E+02
  0.9271E-01  0.1376E+02  0.1846E+00  0.1338E+02  0.1338E+02
  0.9356E-01  0.1341E+02  0.1826E+00  0.1293E+02  0.1293E+02
  0.9441E-01  0.1283E+02  0.1825E+00  0.1249E+02  0.1249E+02
  0.9525E-01  0.1215E+02  0.1812E+00  0.1206E+02  0.1206E+02
  0.9610E-01  0.1168E+02  0.1816E+00  0.1164E+02  0.1164E+02
  0.9695E-01  0.1139E+02  0.1795E+00  0.1124E+02  0.1124E+02
  0.9780E-01  0.1126E+02  0.1771E+00  0.1084E+02  0.1084E+02
  0.9864E-01  0.1109E+02  0.1774E+00  0.1046E+02  0.1046E+02
  0.9949E-01  0.1078E+02  0.1760E+00  0.1009E+02  0.1009E+02
  0.1003E+00  0.1000E+02  0.1843E+00  0.9730E+01  0.9730E+01
  0.1012E+00  0.9671E+01  0.1230E+00  0.9380E+01  0.9380E+01
  0.1020E+00  0.9250E+01  0.1234E+00  0.9042E+01  0.9042E+01
  0.1029E+00  0.8827E+01  0.1228E+00  0.8712E+01  0.8712E+01
  0.1037E+00  0.8616E+01  0.1202E+00  0.8394E+01  0.8394E+01
  0.1046E+00  0.8276E+01  0.1215E+00  0.8084E+01  0.8084E+01
  0.1054E+00  0.7919E+01  0.1200E+00  0.7784E+01  0.7784E+01
  0.1063E+00  0.7585E+01  0.1213E+00  0.7494E+01  0.7494E+01
  0.1071E+00  0.7233E+01  0.1200E+00  0.7213E+01  0.7213E+01
  0.1080E+00  0.6974E+01  0.1193E+00  0.6940E+01  0.6940E+01
  0.1088E+00  0.6663E+01  0.1208E+00  0.6676E+01  0.6676E+01
  0.1097E+00  0.6351E+01  0.1188E+00  0.6421E+01  0.6421E+01
  0.1105E+00  0.6209E+01  0.1184E+00  0.6174E+01  0.6174E+01
  0.1114E+00  0.6043E+01  0.1170E+00  0.5935E+01  0.5935E+01
  0.1122E+00  0.5744E+01  0.1163E+00  0.5704E+01  0.5704E+01
  0.1131E+00  0.5433E+01  0.1156E+00  0.5481E+01  0.5481E+01
  0.1139E+00  0.5288E+01  0.1144E+00  0.5265E+01  0.5265E+01
  0.1147E+00  0.5085E+01  0.1146E+00  0.5057E+01  0.5057E+01
  0.1156E+00  0.4803E+01  0.8506E-01  0.4856E+01  0.4856E+01
  0.1164E+00  0.4648E+01  0.8069E-01  0.4662E+01  0.4662E+01
  0.1173E+00  0.4434E+01  0.5396E-01  0.4476E+01  0.4476E+01
  0.1181E+00  0.4182E+01  0.5388E-01  0.4295E+01  0.4295E+01
  0.1190E+00  0.3966E+01  0.5418E-01  0.4122E+01  0.4122E+01
  0.1198E+00  0.3860E+01  0.5391E-01  0.3955E+01  0.3955E+01
  0.1207E+00  0.3737E+01  0.5434E-01  0.3794E+01  0.3794E+01
  0.1215E+00  0.3577E+01  0.5408E-01  0.3639E+01  0.3639E+01
  0.1224E+00  0.3524E+01  0.5400E-01  0.3490E+01  0.3490E+01
  0.1232E+00  0.3266E+01  0.5402E-01  0.3347E+01  0.3347E+01
  0.1241E+00  0.3131E+01  0.5354E-01  0.3210E+01  0.3210E+01
  0.1249E+00  0.3057E+01  0.5370E-01  0.3079E+01  0.3079E+01
  0.1258E+00  0.2841E+01  0.3861E-01  0.2953E+01  0.2953E+01
  0.1266E+00  0.2749E+01  0.3570E-01  0.2832E+01  0.2832E+01
  0.1275E+00  0.2623E+01  0.3553E-01  0.2716E+01  0.2716E+01
  0.1283E+00  0.2537E+01  0.3480E-01  0.2606E+01  0.2606E+01
  0.1292E+00  0.2437E+01  0.3482E-01  0.2500E+01  0.2500E+01
  0.1300E+00  0.2370E+01  0.3437E-01  0.2399E+01  0.2399E+01
  0.1309E+00  0.2255E+01  0.3475E-01  0.2303E+01  0.2303E+01
  0.1317E+00  0.2177E+01  0.3644E-01  0.2211E+01  0.2211E+01
  0.1325E+00  0.2105E+01  0.3451E-01  0.2124E+01  0.2124E+01
  0.1334E+00  0.2051E+01  0.3428E-01  0.2041E+01  0.2041E+01
  0.1342E+00  0.1962E+01  0.3601E-01  0.1962E+01  0.1962E+01
  0.1351E+00  0.1841E+01  0.2118E-01  0.1887E+01  0.1887E+01
  0.1359E+00  0.1780E+01  0.2104E-01  0.1816E+01  0.1816E+01
  0.1368E+00  0.1716E+01  0.2122E-01  0.1749E+01  0.1749E+01
  0.1376E+00  0.1666E+01  0.2123E-01  0.1685E+01  0.1685E+01
  0.1385E+00  0.1634E+01  0.2120E-01  0.1625E+01  0.1625E+01
  0.1393E+00  0.1570E+01  0.2242E-01  0.1568E+01  0.1568E+01
  0.1402E+00  0.1496E+01  0.1552E-01  0.1515E+01  0.1515E+01
  0.1410E+00  0.1467E+01  0.1559E-01  0.1464E+01  0.1464E+01
  0.1419E+00  0.1426E+01  0.1542E-01  0.1417E+01  0.1417E+01
  0.1427E+00  0.1367E+01  0.1521E-01  0.1373E+01  0.1373E+01
  0.1436E+00  0.1331E+01  0.1509E-01  0.1331E+01  0.1331E+01
  0.1444E+00  0.1324E+01  0.1492E-01  0.1292E+01  0.1292E+01
  0.1453E+00  0.1291E+01  0.1494E-01  0.1256E+01  0.1256E+01
  0.1461E+00  0.1234E+01  0.1475E-01  0.1222E+01  0.1222E+01
  0.1470E+00  0.1187E+01  0.1459E-01  0.1191E+01  0.1191E+01
  0.1478E+00  0.1184E+01  0.1464E-01  0.1162E+01  0.1162E+01
  0.1487E+00  0.1175E+01  0.1441E-01  0.1135E+01  0.1135E+01
  0.1495E+00  0.1136E+01  0.1453E-01  0.1110E+01  0.1110E+01
  0.1503E+00  0.1081E+01  0.1445E-01  0.1087E+01  0.1087E+01
  0.1512E+00  0.1054E+01  0.1452E-01  0.1066E+01  0.1066E+01
  0.1520E+00  0.1039E+01  0.1458E-01  0.1046E+01  0.1046E+01
  0.1529E+00  0.1029E+01  0.1467E-01  0.1029E+01  0.1029E+01
  0.1537E+00  0.1021E+01  0.1482E-01  0.1012E+01  0.1012E+01
  0.1546E+00  0.1006E+01  0.1470E-01  0.9974E+00  0.9974E+00
  0.1554E+00  0.9845E+00  0.1479E-01  0.9840E+00  0.9840E+00
  0.1563E+00  0.9865E+00  0.1473E-01  0.9718E+00  0.9718E+00
  0.1571E+00  0.9654E+00  0.1467E-01  0.9608E+00  0.9608E+00
  0.1580E+00  0.9573E+00  0.1467E-01  0.9509E+00  0.9509E+00
  0.1588E+00  0.9389E+00  0.1440E-01  0.9420E+00  0.9420E+00
  0.1597E+00  0.9098E+00  0.1448E-01  0.9341E+00  0.9341E+00
  0.1605E+00  0.9425E+00  0.1423E-01  0.9270E+00  0.9270E+00
  0.1614E+00  0.9266E+00  0.1412E-01  0.9207E+00  0.9207E+00
  0.1622E+00  0.9108E+00  0.1412E-01  0.9151E+00  0.9151E+00
  0.1631E+00  0.9351E+00  0.1400E-01  0.9102E+00  0.9102E+00
  0.1639E+00  0.9308E+00  0.1406E-01  0.9059E+00  0.9059E+00
  0.1648E+00  0.8897E+00  0.1389E-01  0.9022E+00  0.9022E+00
  0.1656E+00  0.8952E+00  0.1401E-01  0.8989E+00  0.8989E+00
  0.1665E+00  0.9011E+00  0.1398E-01  0.8960E+00  0.8960E+00
  0.1673E+00  0.8860E+00  0.1405E-01  0.8935E+00  0.8935E+00
  0.1681E+00  0.9011E+00  0.1403E-01  0.8913E+00  0.8913E+00
  0.1690E+00  0.8890E+00  0.1395E-01  0.8894E+00  0.8894E+00
  0.1698E+00  0.8670E+00  0.1383E-01  0.8877E+00  0.8877E+00
  0.1707E+00  0.8537E+00  0.1381E-01  0.8862E+00  0.8862E+00
  0.1715E+00  0.8807E+00  0.1379E-01  0.8849E+00  0.8849E+00
  0.1724E+00  0.8958E+00  0.1372E-01  0.8837E+00  0.8837E+00
  0.1732E+00  0.8795E+00  0.1350E-01  0.8826E+00  0.8826E+00
  0.1741E+00  0.8438E+00  0.1360E-01  0.8816E+00  0.8816E+00
  0.1749E+00  0.8558E+00  0.1346E-01  0.8806E+00  0.8806E+00
  0.1758E+00  0.8617E+00  0.1352E-01  0.8796E+00  0.8796E+00
  0.1766E+00  0.8539E+00  0.1341E-01  0.8786E+00  0.8786E+00
  0.1775E+00  0.8433E+00  0.1348E-01  0.8775E+00  0.8775E+00
  0.1783E+00  0.8398E+00  0.1347E-01  0.8764E+00  0.8764E+00
  0.1792E+00  0.8625E+00  0.1340E-01  0.8753E+00  0.8753E+00
  0.1800E+00  0.8625E+00  0.1353E-01  0.8741E+00  0.8741E+00
  0.1809E+00  0.8535E+00  0.1358E-01  0.8728E+00  0.8728E+00
  0.1817E+00  0.8721E+00  0.1354E-01  0.8714E+00  0.8714E+00
  0.1826E+00  0.8739E+00  0.1356E-01  0.8699E+00  0.8699E+00
  0.1834E+00  0.8795E+00  0.1344E-01  0.8684E+00  0.8684E+00
  0.1843E+00  0.8814E+00  0.1352E-01  0.8667E+00  0.8667E+00
  0.1851E+00  0.8914E+00  0.1339E-01  0.8649E+00  0.8649E+00
  0.1859E+00  0.8660E+00  0.1330E-01  0.8630E+00  0.8630E+00
  0.1868E+00  0.8448E+00  0.1326E-01  0.8609E+00  0.8609E+00
  0.1876E+00  0.8463E+00  0.1317E-01  0.8588E+00  0.8588E+00
  0.1885E+00  0.8496E+00  0.1334E-01  0.8566E+00  0.8566E+00
  0.1893E+00  0.8471E+00  0.1320E-01  0.8543E+00  0.8543E+00
  0.1902E+00  0.8358E+00  0.1322E-01  0.8518E+00  0.8518E+00
  0.1910E+00  0.8605E+00  0.1319E-01  0.8493E+00  0.8493E+00
  0.1919E+00  0.8647E+00  0.1313E-01  0.8467E+00  0.8467E+00
  0.1927E+00  0.8584E+00  0.1311E-01  0.8440E+00  0.8440E+00
  0.1936E+00  0.8413E+00  0.1288E-01  0.8412E+00  0.8412E+00
  0.1944E+00  0.8276E+00  0.1292E-01  0.8384E+00  0.8384E+00
  0.1953E+00  0.8422E+00  0.1288E-01  0.8355E+00  0.8355E+00
  0.1961E+00  0.8379E+00  0.1284E-01  0.8325E+00  0.8325E+00
  0.1970E+00  0.8532E+00  0.1269E-01  0.8295E+00  0.8295E+00
  0.1978E+00  0.8599E+00  0.1257E-01  0.8264E+00  0.8264E+00
  0.1987E+00  0.8511E+00  0.1260E-01  0.8233E+00  0.8233E+00
  0.1995E+00  0.8293E+00  0.1245E-01  0.8202E+00  0.8202E+00
  0.2004E+00  0.8188E+00  0.1237E-01  0.8170E+00  0.8170E+00
  0.2012E+00  0.8187E+00  0.1235E-01  0.8138E+00  0.8138E+00
  0.2021E+00  0.8183E+00  0.1235E-01  0.8106E+00  0.8106E+00
  0.2029E+00  0.8189E+00  0.1244E-01  0.8073E+00  0.8073E+00
  0.2037E+00  0.8100E+00  0.1248E-01  0.8041E+00  0.8041E+00
  0.2046E+00  0.8127E+00  0.1251E-01  0.8008E+00  0.8008E+00
  0.2054E+00  0.8275E+00  0.1256E-01  0.7976E+00  0.7976E+00
  0.2063E+00  0.8400E+00  0.1269E-01  0.7943E+00  0.7943E+00
  0.2071E+00  0.8122E+00  0.1273E-01  0.7910E+00  0.7910E+00
  0.2080E+00  0.7815E+00  0.1263E-01  0.7877E+00  0.7877E+00
  0.2088E+00  0.7729E+00  0.1280E-01  0.7845E+00  0.7845E+00
  0.2097E+00  0.7647E+00  0.1281E-01  0.7812E+00  0.7812E+00
  0.2105E+00  0.7721E+00  0.1281E-01  0.7779E+00  0.7779E+00
  0.2114E+00  0.7939E+00  0.1277E-01  0.7746E+00  0.7746E+00
  0.2122E+00  0.7608E+00  0.1274E-01  0.7713E+00  0.7713E+00
  0.2131E+00  0.7485E+00  0.1290E-01  0.7680E+00  0.7680E+00
  0.2139E+00  0.7549E+00  0.1290E-01  0.7647E+00  0.7647E+00
  0.2148E+00  0.7372E+00  0.1299E-01  0.7614E+00  0.7614E+00
  0.2156E+00  0.7200E+00  0.1283E-01  0.7581E+00  0.7581E+00
  0.2165E+00  0.7327E+00  0.1282E-01  0.7547E+00  0.7547E+00
  0.2173E+00  0.7517E+00  0.1301E-01  0.7514E+00  0.7514E+00
  0.2182E+00  0.7429E+00  0.1291E-01  0.7480E+00  0.7480E+00
  0.2190E+00  0.7322E+00  0.1295E-01  0.7446E+00  0.7446E+00
  0.2199E+00  0.7403E+00  0.1291E-01  0.7411E+00  0.7411E+00
  0.2207E+00  0.7216E+00  0.1325E-01  0.7376E+00  0.7376E+00
  0.2215E+00  0.7288E+00  0.1344E-01  0.7341E+00  0.7341E+00
  0.2224E+00  0.7272E+00  0.1350E-01  0.7305E+00  0.7305E+00
  0.2232E+00  0.7206E+00  0.1358E-01  0.7269E+00  0.7269E+00
  0.2241E+00  0.7105E+00  0.1368E-01  0.7232E+00  0.7232E+00
  0.2249E+00  0.7252E+00  0.1400E-01  0.7195E+00  0.7195E+00
  0.2258E+00  0.7429E+00  0.1405E-01  0.7157E+00  0.7157E+00
  0.2266E+00  0.7229E+00  0.1410E-01  0.7118E+00  0.7118E+00
  0.2275E+00  0.7001E+00  0.1415E-01  0.7079E+00  0.7079E+00
  0.2283E+00  0.7069E+00  0.1423E-01  0.7038E+00  0.7038E+00
  0.2292E+00  0.6941E+00  0.1442E-01  0.6998E+00  0.6998E+00
  0.2300E+00  0.7102E+00  0.1431E-01  0.6956E+00  0.6956E+00
  0.2309E+00  0.7108E+00  0.1432E-01  0.6914E+00  0.6914E+00
  0.2317E+00  0.6796E+00  0.1449E-01  0.6870E+00  0.6870E+00
  0.2326E+00  0.6951E+00  0.1447E-01  0.6826E+00  0.6826E+00
  0.2334E+00  0.6941E+00  0.1452E-01  0.6781E+00  0.6781E+00
  0.2343E+00  0.6811E+00  0.1440E-01  0.6736E+00  0.6736E+00
  0.2351E+00  0.6906E+00  0.1460E-01  0.6689E+00  0.6689E+00
  0.2360E+00  0.6673E+00  0.1481E-01  0.6642E+00  0.6642E+00
  0.2368E+00  0.6539E+00  0.1482E-01  0.6593E+00  0.6593E+00
  0.2377E+00  0.6335E+00  0.1489E-01  0.6544E+00  0.6544E+00
  0.2385E+00  0.6262E+00  0.1478E-01  0.6494E+00  0.6494E+00
  0.2393E+00  0.6381E+00  0.1511E-01  0.6444E+00  0.6444E+00
  0.2402E+00  0.6462E+00  0.1503E-01  0.6393E+00  0.6393E+00
  0.2410E+00  0.6368E+00  0.1501E-01  0.6341E+00  0.6341E+00

           Distance distribution  function of particle  


       R          P(R)      ERROR

  0.0000E+00  0.0000E+00  0.0000E+00
  0.9373E+00  0.2938E-02  0.3607E-04
  0.1875E+01  0.6494E-02  0.6015E-04
  0.2812E+01  0.1066E-01  0.7291E-04
  0.3749E+01  0.1542E-01  0.7546E-04
  0.4687E+01  0.2077E-01  0.6936E-04
  0.5624E+01  0.2667E-01  0.5688E-04
  0.6561E+01  0.3311E-01  0.4193E-04
  0.7498E+01  0.4005E-01  0.3363E-04
  0.8436E+01  0.4746E-01  0.4315E-04
  0.9373E+01  0.5530E-01  0.6411E-04
  0.1031E+02  0.6351E-01  0.8757E-04
  0.1125E+02  0.7206E-01  0.1097E-03
  0.1218E+02  0.8089E-01  0.1288E-03
  0.1312E+02  0.8995E-01  0.1437E-03
  0.1406E+02  0.9916E-01  0.1542E-03
  0.1500E+02  0.1085E+00  0.1603E-03
  0.1593E+02  0.1178E+00  0.1629E-03
  0.1687E+02  0.1271E+00  0.1631E-03
  0.1781E+02  0.1364E+00  0.1625E-03
  0.1875E+02  0.1454E+00  0.1628E-03
  0.1968E+02  0.1542E+00  0.1657E-03
  0.2062E+02  0.1627E+00  0.1716E-03
  0.2156E+02  0.1708E+00  0.1805E-03
  0.2250E+02  0.1784E+00  0.1914E-03
  0.2343E+02  0.1855E+00  0.2028E-03
  0.2437E+02  0.1921E+00  0.2135E-03
  0.2531E+02  0.1980E+00  0.2226E-03
  0.2624E+02  0.2033E+00  0.2294E-03
  0.2718E+02  0.2078E+00  0.2338E-03
  0.2812E+02  0.2116E+00  0.2365E-03
  0.2906E+02  0.2146E+00  0.2382E-03
  0.2999E+02  0.2168E+00  0.2402E-03
  0.3093E+02  0.2182E+00  0.2436E-03
  0.3187E+02  0.2187E+00  0.2495E-03
  0.3281E+02  0.2185E+00  0.2582E-03
  0.3374E+02  0.2174E+00  0.2694E-03
  0.3468E+02  0.2155E+00  0.2825E-03
  0.3562E+02  0.2129E+00  0.2960E-03
  0.3655E+02  0.2096E+00  0.3090E-03
  0.3749E+02  0.2056E+00  0.3202E-03
  0.3843E+02  0.2010E+00  0.3289E-03
  0.3937E+02  0.1959E+00  0.3348E-03
  0.4030E+02  0.1902E+00  0.3377E-03
  0.4124E+02  0.1842E+00  0.3383E-03
  0.4218E+02  0.1777E+00  0.3373E-03
  0.4312E+02  0.1710E+00  0.3357E-03
  0.4405E+02  0.1641E+00  0.3347E-03
  0.4499E+02  0.1570E+00  0.3350E-03
  0.4593E+02  0.1498E+00  0.3374E-03
  0.4687E+02  0.1426E+00  0.3420E-03
  0.4780E+02  0.1354E+00  0.3483E-03
  0.4874E+02  0.1284E+00  0.3557E-03
  0.4968E+02  0.1215E+00  0.3634E-03
  0.5061E+02  0.1148E+00  0.3707E-03
  0.5155E+02  0.1083E+00  0.3769E-03
  0.5249E+02  0.1021E+00  0.3820E-03
  0.5343E+02  0.9617E-01  0.3862E-03
  0.5436E+02  0.9055E-01  0.3900E-03
  0.5530E+02  0.8524E-01  0.3942E-03
  0.5624E+02  0.8024E-01  0.3996E-03
  0.5718E+02  0.7555E-01  0.4068E-03
  0.5811E+02  0.7117E-01  0.4162E-03
  0.5905E+02  0.6707E-01  0.4275E-03
  0.5999E+02  0.6325E-01  0.4402E-03
  0.6092E+02  0.5968E-01  0.4534E-03
  0.6186E+02  0.5634E-01  0.4659E-03
  0.6280E+02  0.5321E-01  0.4767E-03
  0.6374E+02  0.5026E-01  0.4849E-03
  0.6467E+02  0.4748E-01  0.4900E-03
  0.6561E+02  0.4484E-01  0.4916E-03
  0.6655E+02  0.4232E-01  0.4898E-03
  0.6749E+02  0.3991E-01  0.4851E-03
  0.6842E+02  0.3761E-01  0.4781E-03
  0.6936E+02  0.3539E-01  0.4696E-03
  0.7030E+02  0.3325E-01  0.4606E-03
  0.7123E+02  0.3119E-01  0.4516E-03
  0.7217E+02  0.2922E-01  0.4433E-03
  0.7311E+02  0.2733E-01  0.4356E-03
  0.7405E+02  0.2554E-01  0.4286E-03
  0.7498E+02  0.2384E-01  0.4219E-03
  0.7592E+02  0.2225E-01  0.4151E-03
  0.7686E+02  0.2077E-01  0.4081E-03
  0.7780E+02  0.1941E-01  0.4010E-03
  0.7873E+02  0.1817E-01  0.3944E-03
  0.7967E+02  0.1705E-01  0.3893E-03
  0.8061E+02  0.1605E-01  0.3867E-03
  0.8155E+02  0.1516E-01  0.3878E-03
  0.8248E+02  0.1436E-01  0.3928E-03
  0.8342E+02  0.1364E-01  0.4015E-03
  0.8436E+02  0.1297E-01  0.4124E-03
  0.8529E+02  0.1232E-01  0.4232E-03
  0.8623E+02  0.1165E-01  0.4309E-03
  0.8717E+02  0.1092E-01  0.4323E-03
  0.8811E+02  0.1009E-01  0.4240E-03
  0.8904E+02  0.9100E-02  0.4027E-03
  0.8998E+02  0.7903E-02  0.3653E-03
  0.9092E+02  0.6446E-02  0.3088E-03
  0.9186E+02  0.4677E-02  0.2306E-03
  0.9279E+02  0.2544E-02  0.1284E-03
  0.9373E+02  0.0000E+00  0.0000E+00
          Reciprocal space: Rg =   28.58     , I(0) =   0.1092E+03
     Real space: Rg =   28.61 +- 0.053  I(0) =   0.1092E+03 +-  0.2454E+00
