
           ####    G N O M   ---   Version 4.5a revised 09/02/02     ####

                                                  Fri Oct 20 04:19:19 2017
           ===    Run No   1   ===
 Run title:   0.181213E-01  0.594353E+02  0.810443E+00


   *******   Working Directory :
   *******    Input file(s) : 23906_merge2_q25.dat
           Condition P(rmin) = 0 is used. 
           Condition P(rmax) = 0 is used. 

          Experimental conditions for the first run
          -----------------------------------------

          Highest ALPHA is found to be   0.5165E+04

  The measure of inconsistency AN1 equals to    0.7333E+00
     Alpha    Discrp  Oscill  Stabil  Sysdev  Positv  Valcen    Total   
  0.5165E+07 88.5669  1.9034  0.9675  0.0000  1.0000  0.6962  0.00001
  0.1033E+07 84.8890  1.8640  0.8918  0.0000  1.0000  0.7028  0.00001
  0.2066E+06 75.2576  1.7081  0.7052  0.0000  1.0000  0.7297  0.00001
  0.4132E+05 63.8105  1.4131  0.6159  0.0300  1.0000  0.7938  0.00001
  0.8263E+04 46.5279  1.3389  0.5546  0.0150  1.0000  0.8550  0.00001
  0.1653E+04 22.4107  1.3672  0.2922  0.0375  1.0000  0.8892  0.00001
  0.3305E+03  7.3213  1.4289  0.1011  0.1573  1.0000  0.9057  0.00001
  0.6611E+02  1.9318  1.4916  0.0343  0.4270  1.0000  0.9101  0.50416
  0.1322E+02  0.7269  1.5151  0.0091  0.6667  1.0000  0.9108  0.64337
  0.2644E+01  0.6112  1.5213  0.0032  0.7416  1.0000  0.9108  0.71210
  0.5288E+00  0.6030  1.5241  0.0024  0.6966  1.0000  0.9106  0.63105
  0.1058E+00  0.6018  1.5270  0.0049  0.6966  1.0000  0.9106  0.55402
  0.2115E-01  0.6009  1.5403  0.0126  0.7116  1.0000  0.9109  0.47694
  0.4231E-02  0.6001  1.5839  0.0168  0.7116  0.9999  0.9110  0.10000
  0.8462E-03  0.5997  1.7246  0.0488  0.7116  0.9998  0.9105  0.41043
  0.1692E-03  0.5989  2.7871  0.1213  0.7266  0.9972  0.9041  0.10000
  0.3385E-04  0.5980  4.9947  0.1215  0.7116  0.9843  0.8600  0.10000
  0.6769E-05  0.5975  8.2586  0.4518  0.7116  0.9486  0.8099  0.10000
  0.1354E-05  0.5964 12.5771  0.7682  0.6966  0.8553  0.5241  0.10000
  0.2708E-06  0.5944 13.0631  0.4963  0.7116  0.7737  0.4662  0.10000
  0.5415E-07  0.5927 14.3792  0.6794  0.7266  0.7450  0.5190  0.10000
  0.1083E-07  0.5882 15.8019  0.9027  0.7416  0.7261  0.4708  0.10000
  0.2166E-08  0.5714 16.5473  0.8035  0.7865  0.7197  0.4456  0.10000
  0.4332E-09  0.5259 18.3140  0.6780  0.7715  0.7249  0.4909  0.10000
  0.8665E-10  0.4354 22.2639  0.4801  0.7715  0.7393  0.4779  0.10000
  0.1733E-10  0.3005 30.0072  0.3517  0.7416  0.7620  0.4525  0.10000
  0.3466E-11  0.1650 37.9082  0.2643  0.6966  0.7533  0.4088  0.10000
  0.6932E-12  0.0689 43.5580  0.1862  0.7116  0.7285  0.3686  0.10000
  0.1386E-12  0.0196 46.1800  0.0730  0.7266  0.7209  0.2986  0.10000
  0.2773E-13  0.0043 46.9088  0.0177  0.7266  0.7207  0.2914  0.10000
  0.5545E-14  0.0009 47.0669  0.0037  0.7266  0.7208  0.2897  0.10000

          ***  Golden section search to maximize estimate ***
     Alpha    Discrp  Oscill  Stabil  Sysdev  Positv  Valcen    Total   
  0.4890E+01  0.6253  1.5197  0.0041  0.7416  1.0000  0.9108  0.69567
  0.2091E+01  0.6087  1.5217  0.0031  0.7416  1.0000  0.9108  0.71874
  0.1808E+01  0.6075  1.5220  0.0030  0.7266  1.0000  0.9108  0.71204
  0.2287E+01  0.6095  1.5216  0.0031  0.7566  1.0000  0.9108  0.72438
  0.2417E+01  0.6102  1.5215  0.0031  0.7566  1.0000  0.9108  0.72282
  0.2210E+01  0.6092  1.5216  0.0031  0.7566  1.0000  0.9108  0.72536
  0.2164E+01  0.6090  1.5217  0.0031  0.7566  1.0000  0.9108  0.72596
  0.2136E+01  0.6089  1.5217  0.0031  0.7566  1.0000  0.9108  0.72633
  0.2118E+01  0.6088  1.5217  0.0031  0.7566  1.0000  0.9108  0.72657
  0.2108E+01  0.6087  1.5217  0.0031  0.7566  1.0000  0.9108  0.72671
  0.2101E+01  0.6087  1.5217  0.0031  0.7566  1.0000  0.9108  0.72680
  0.2097E+01  0.6087  1.5217  0.0031  0.7416  1.0000  0.9108  0.71865
  0.2104E+01  0.6087  1.5217  0.0031  0.7566  1.0000  0.9108  0.72676
  0.2100E+01  0.6087  1.5217  0.0031  0.7416  1.0000  0.9108  0.71862
  0.2102E+01  0.6087  1.5217  0.0031  0.7566  1.0000  0.9108  0.72678
  0.2101E+01  0.6087  1.5217  0.0031  0.7566  1.0000  0.9108  0.72680



             ####            Final results            ####

 Parameter    DISCRP    OSCILL    STABIL    SYSDEV    POSITV    VALCEN
 Weight        1.000     3.000     3.000     4.000     1.000     1.000
 Sigma         0.500     0.600     0.120     0.200     0.120     0.120
 Ideal         1.000     1.100     0.000     1.000     1.000     0.950
 Current       0.609     1.522     0.003     0.757     1.000     0.911
                - - - - - - - - - - - - - - - - - - - - - - - - - 
 Estimate      0.542     0.610     0.999     0.227     1.000     0.899

  Angular   range    :     from    0.0190   to    0.2453
  Real space range   :     from      0.00   to     94.22

  Highest ALPHA (theor) :   0.516E+07                 JOB = 0
  Current ALPHA         :   0.210E+01   Rg :  0.259E+02   I(0) :   0.643E+02

           Total  estimate : 0.727  which is  A REASONABLE  solution

      S          J EXP       ERROR       J REG       I REG

  0.0000E+00                                      0.6426E+02
  0.8622E-03                                      0.6425E+02
  0.1724E-02                                      0.6422E+02
  0.2587E-02                                      0.6416E+02
  0.3449E-02                                      0.6409E+02
  0.4311E-02                                      0.6399E+02
  0.5173E-02                                      0.6388E+02
  0.6036E-02                                      0.6374E+02
  0.6898E-02                                      0.6358E+02
  0.7760E-02                                      0.6340E+02
  0.8622E-02                                      0.6320E+02
  0.9484E-02                                      0.6298E+02
  0.1035E-01                                      0.6273E+02
  0.1121E-01                                      0.6247E+02
  0.1207E-01                                      0.6219E+02
  0.1293E-01                                      0.6189E+02
  0.1380E-01                                      0.6157E+02
  0.1466E-01                                      0.6124E+02
  0.1552E-01                                      0.6088E+02
  0.1638E-01                                      0.6050E+02
  0.1724E-01                                      0.6011E+02
  0.1811E-01                                      0.5970E+02
  0.1897E-01  0.5964E+02  0.7409E+00  0.5928E+02  0.5928E+02
  0.1982E-01  0.5880E+02  0.7201E+00  0.5884E+02  0.5884E+02
  0.2066E-01  0.5912E+02  0.7061E+00  0.5839E+02  0.5839E+02
  0.2151E-01  0.5845E+02  0.6484E+00  0.5792E+02  0.5792E+02
  0.2236E-01  0.5768E+02  0.6313E+00  0.5744E+02  0.5744E+02
  0.2321E-01  0.5694E+02  0.6160E+00  0.5695E+02  0.5695E+02
  0.2405E-01  0.5673E+02  0.5969E+00  0.5644E+02  0.5644E+02
  0.2490E-01  0.5596E+02  0.5837E+00  0.5592E+02  0.5592E+02
  0.2575E-01  0.5563E+02  0.5596E+00  0.5538E+02  0.5538E+02
  0.2660E-01  0.5467E+02  0.5579E+00  0.5484E+02  0.5484E+02
  0.2745E-01  0.5317E+02  0.5321E+00  0.5428E+02  0.5428E+02
  0.2829E-01  0.5241E+02  0.5216E+00  0.5371E+02  0.5371E+02
  0.2914E-01  0.5298E+02  0.5284E+00  0.5312E+02  0.5312E+02
  0.2999E-01  0.5266E+02  0.5177E+00  0.5253E+02  0.5253E+02
  0.3084E-01  0.5198E+02  0.5326E+00  0.5193E+02  0.5193E+02
  0.3168E-01  0.5090E+02  0.5052E+00  0.5132E+02  0.5132E+02
  0.3253E-01  0.5054E+02  0.5020E+00  0.5070E+02  0.5070E+02
  0.3338E-01  0.5041E+02  0.4908E+00  0.5007E+02  0.5007E+02
  0.3423E-01  0.4976E+02  0.4808E+00  0.4943E+02  0.4943E+02
  0.3507E-01  0.4913E+02  0.4685E+00  0.4879E+02  0.4879E+02
  0.3592E-01  0.4786E+02  0.4494E+00  0.4814E+02  0.4814E+02
  0.3677E-01  0.4696E+02  0.4538E+00  0.4748E+02  0.4748E+02
  0.3762E-01  0.4720E+02  0.4470E+00  0.4682E+02  0.4682E+02
  0.3846E-01  0.4659E+02  0.4405E+00  0.4615E+02  0.4615E+02
  0.3931E-01  0.4587E+02  0.4410E+00  0.4548E+02  0.4548E+02
  0.4016E-01  0.4473E+02  0.4312E+00  0.4480E+02  0.4480E+02
  0.4101E-01  0.4412E+02  0.4330E+00  0.4412E+02  0.4412E+02
  0.4185E-01  0.4337E+02  0.4232E+00  0.4343E+02  0.4343E+02
  0.4270E-01  0.4327E+02  0.4217E+00  0.4275E+02  0.4275E+02
  0.4355E-01  0.4217E+02  0.4191E+00  0.4206E+02  0.4206E+02
  0.4440E-01  0.4161E+02  0.4058E+00  0.4137E+02  0.4137E+02
  0.4525E-01  0.4101E+02  0.4082E+00  0.4067E+02  0.4067E+02
  0.4609E-01  0.3995E+02  0.3962E+00  0.3998E+02  0.3998E+02
  0.4694E-01  0.3891E+02  0.3948E+00  0.3928E+02  0.3928E+02
  0.4779E-01  0.3799E+02  0.3151E+00  0.3859E+02  0.3859E+02
  0.4864E-01  0.3780E+02  0.2662E+00  0.3790E+02  0.3790E+02
  0.4948E-01  0.3750E+02  0.2647E+00  0.3720E+02  0.3720E+02
  0.5033E-01  0.3632E+02  0.2596E+00  0.3651E+02  0.3651E+02
  0.5118E-01  0.3572E+02  0.2589E+00  0.3582E+02  0.3582E+02
  0.5203E-01  0.3509E+02  0.2575E+00  0.3513E+02  0.3513E+02
  0.5287E-01  0.3452E+02  0.2553E+00  0.3445E+02  0.3445E+02
  0.5372E-01  0.3378E+02  0.2550E+00  0.3377E+02  0.3377E+02
  0.5457E-01  0.3317E+02  0.2528E+00  0.3309E+02  0.3309E+02
  0.5542E-01  0.3240E+02  0.2511E+00  0.3241E+02  0.3241E+02
  0.5626E-01  0.3186E+02  0.2442E+00  0.3174E+02  0.3174E+02
  0.5711E-01  0.3165E+02  0.2426E+00  0.3107E+02  0.3107E+02
  0.5796E-01  0.3071E+02  0.2408E+00  0.3041E+02  0.3041E+02
  0.5881E-01  0.2969E+02  0.2362E+00  0.2975E+02  0.2975E+02
  0.5965E-01  0.2900E+02  0.2350E+00  0.2910E+02  0.2910E+02
  0.6050E-01  0.2860E+02  0.2290E+00  0.2845E+02  0.2845E+02
  0.6135E-01  0.2775E+02  0.2287E+00  0.2781E+02  0.2781E+02
  0.6220E-01  0.2734E+02  0.2249E+00  0.2717E+02  0.2717E+02
  0.6304E-01  0.2655E+02  0.2264E+00  0.2654E+02  0.2654E+02
  0.6389E-01  0.2598E+02  0.2268E+00  0.2592E+02  0.2592E+02
  0.6474E-01  0.2541E+02  0.2264E+00  0.2531E+02  0.2531E+02
  0.6559E-01  0.2472E+02  0.2269E+00  0.2470E+02  0.2470E+02
  0.6644E-01  0.2406E+02  0.2247E+00  0.2410E+02  0.2410E+02
  0.6728E-01  0.2345E+02  0.2237E+00  0.2350E+02  0.2350E+02
  0.6813E-01  0.2259E+02  0.2208E+00  0.2292E+02  0.2292E+02
  0.6898E-01  0.2203E+02  0.2171E+00  0.2234E+02  0.2234E+02
  0.6983E-01  0.2171E+02  0.2174E+00  0.2177E+02  0.2177E+02
  0.7067E-01  0.2129E+02  0.2131E+00  0.2120E+02  0.2120E+02
  0.7152E-01  0.2046E+02  0.1680E+00  0.2065E+02  0.2065E+02
  0.7237E-01  0.2005E+02  0.1585E+00  0.2010E+02  0.2010E+02
  0.7322E-01  0.1949E+02  0.1567E+00  0.1957E+02  0.1957E+02
  0.7406E-01  0.1906E+02  0.1558E+00  0.1904E+02  0.1904E+02
  0.7491E-01  0.1863E+02  0.1535E+00  0.1852E+02  0.1852E+02
  0.7576E-01  0.1820E+02  0.1535E+00  0.1800E+02  0.1800E+02
  0.7661E-01  0.1752E+02  0.1528E+00  0.1750E+02  0.1750E+02
  0.7745E-01  0.1709E+02  0.1536E+00  0.1701E+02  0.1701E+02
  0.7830E-01  0.1655E+02  0.1558E+00  0.1652E+02  0.1652E+02
  0.7915E-01  0.1600E+02  0.1737E+00  0.1604E+02  0.1604E+02
  0.8000E-01  0.1562E+02  0.1032E+00  0.1557E+02  0.1557E+02
  0.8084E-01  0.1526E+02  0.1016E+00  0.1512E+02  0.1512E+02
  0.8169E-01  0.1484E+02  0.1009E+00  0.1467E+02  0.1467E+02
  0.8254E-01  0.1445E+02  0.9982E-01  0.1422E+02  0.1422E+02
  0.8339E-01  0.1394E+02  0.9882E-01  0.1379E+02  0.1379E+02
  0.8424E-01  0.1340E+02  0.9814E-01  0.1337E+02  0.1337E+02
  0.8508E-01  0.1285E+02  0.9626E-01  0.1295E+02  0.1295E+02
  0.8593E-01  0.1250E+02  0.9675E-01  0.1255E+02  0.1255E+02
  0.8678E-01  0.1225E+02  0.9524E-01  0.1215E+02  0.1215E+02
  0.8763E-01  0.1176E+02  0.9493E-01  0.1176E+02  0.1176E+02
  0.8847E-01  0.1132E+02  0.9569E-01  0.1139E+02  0.1139E+02
  0.8932E-01  0.1106E+02  0.9486E-01  0.1102E+02  0.1102E+02
  0.9017E-01  0.1057E+02  0.7570E-01  0.1065E+02  0.1065E+02
  0.9102E-01  0.1026E+02  0.7083E-01  0.1030E+02  0.1030E+02
  0.9186E-01  0.9958E+01  0.7047E-01  0.9956E+01  0.9956E+01
  0.9271E-01  0.9615E+01  0.7034E-01  0.9620E+01  0.9620E+01
  0.9356E-01  0.9202E+01  0.6884E-01  0.9292E+01  0.9292E+01
  0.9441E-01  0.8933E+01  0.6885E-01  0.8973E+01  0.8973E+01
  0.9525E-01  0.8672E+01  0.7231E-01  0.8662E+01  0.8662E+01
  0.9610E-01  0.8348E+01  0.4539E-01  0.8359E+01  0.8359E+01
  0.9695E-01  0.8082E+01  0.4478E-01  0.8063E+01  0.8063E+01
  0.9780E-01  0.7804E+01  0.4454E-01  0.7776E+01  0.7776E+01
  0.9864E-01  0.7579E+01  0.4427E-01  0.7497E+01  0.7497E+01
  0.9949E-01  0.7286E+01  0.4337E-01  0.7225E+01  0.7225E+01
  0.1003E+00  0.6971E+01  0.4340E-01  0.6961E+01  0.6961E+01
  0.1012E+00  0.6667E+01  0.4313E-01  0.6705E+01  0.6705E+01
  0.1020E+00  0.6406E+01  0.4299E-01  0.6456E+01  0.6456E+01
  0.1029E+00  0.6177E+01  0.4320E-01  0.6214E+01  0.6214E+01
  0.1037E+00  0.5949E+01  0.4411E-01  0.5979E+01  0.5979E+01
  0.1046E+00  0.5728E+01  0.4442E-01  0.5751E+01  0.5751E+01
  0.1054E+00  0.5523E+01  0.4201E-01  0.5530E+01  0.5530E+01
  0.1063E+00  0.5283E+01  0.4186E-01  0.5317E+01  0.5317E+01
  0.1071E+00  0.5054E+01  0.4148E-01  0.5109E+01  0.5109E+01
  0.1080E+00  0.4859E+01  0.4110E-01  0.4909E+01  0.4909E+01
  0.1088E+00  0.4681E+01  0.4135E-01  0.4714E+01  0.4714E+01
  0.1097E+00  0.4499E+01  0.4139E-01  0.4526E+01  0.4526E+01
  0.1105E+00  0.4383E+01  0.4111E-01  0.4345E+01  0.4345E+01
  0.1114E+00  0.4210E+01  0.4049E-01  0.4169E+01  0.4169E+01
  0.1122E+00  0.4038E+01  0.4046E-01  0.3999E+01  0.3999E+01
  0.1131E+00  0.3884E+01  0.4015E-01  0.3836E+01  0.3836E+01
  0.1139E+00  0.3652E+01  0.3971E-01  0.3677E+01  0.3677E+01
  0.1147E+00  0.3452E+01  0.3961E-01  0.3525E+01  0.3525E+01
  0.1156E+00  0.3360E+01  0.3889E-01  0.3378E+01  0.3378E+01
  0.1164E+00  0.3288E+01  0.3918E-01  0.3236E+01  0.3236E+01
  0.1173E+00  0.3161E+01  0.3915E-01  0.3100E+01  0.3100E+01
  0.1181E+00  0.2948E+01  0.3913E-01  0.2968E+01  0.2968E+01
  0.1190E+00  0.2776E+01  0.3913E-01  0.2842E+01  0.2842E+01
  0.1198E+00  0.2773E+01  0.3888E-01  0.2721E+01  0.2721E+01
  0.1207E+00  0.2646E+01  0.3932E-01  0.2604E+01  0.2604E+01
  0.1215E+00  0.2499E+01  0.3917E-01  0.2492E+01  0.2492E+01
  0.1224E+00  0.2352E+01  0.3913E-01  0.2384E+01  0.2384E+01
  0.1232E+00  0.2268E+01  0.3908E-01  0.2281E+01  0.2281E+01
  0.1241E+00  0.2144E+01  0.2977E-01  0.2182E+01  0.2182E+01
  0.1249E+00  0.2071E+01  0.2923E-01  0.2087E+01  0.2087E+01
  0.1258E+00  0.2011E+01  0.2888E-01  0.1996E+01  0.1996E+01
  0.1266E+00  0.1924E+01  0.2880E-01  0.1909E+01  0.1909E+01
  0.1275E+00  0.1818E+01  0.2887E-01  0.1827E+01  0.1827E+01
  0.1283E+00  0.1731E+01  0.2823E-01  0.1747E+01  0.1747E+01
  0.1292E+00  0.1660E+01  0.2820E-01  0.1672E+01  0.1672E+01
  0.1300E+00  0.1617E+01  0.2759E-01  0.1600E+01  0.1600E+01
  0.1309E+00  0.1563E+01  0.2803E-01  0.1531E+01  0.1531E+01
  0.1317E+00  0.1505E+01  0.3097E-01  0.1465E+01  0.1465E+01
  0.1325E+00  0.1397E+01  0.1805E-01  0.1403E+01  0.1403E+01
  0.1334E+00  0.1345E+01  0.1810E-01  0.1344E+01  0.1344E+01
  0.1342E+00  0.1308E+01  0.1788E-01  0.1288E+01  0.1288E+01
  0.1351E+00  0.1255E+01  0.1797E-01  0.1235E+01  0.1235E+01
  0.1359E+00  0.1204E+01  0.1789E-01  0.1184E+01  0.1184E+01
  0.1368E+00  0.1140E+01  0.1906E-01  0.1136E+01  0.1136E+01
  0.1376E+00  0.1097E+01  0.1206E-01  0.1091E+01  0.1091E+01
  0.1385E+00  0.1039E+01  0.1190E-01  0.1048E+01  0.1048E+01
  0.1393E+00  0.1005E+01  0.1193E-01  0.1008E+01  0.1008E+01
  0.1402E+00  0.9704E+00  0.1184E-01  0.9702E+00  0.9702E+00
  0.1410E+00  0.9503E+00  0.1196E-01  0.9345E+00  0.9345E+00
  0.1419E+00  0.9277E+00  0.1185E-01  0.9010E+00  0.9010E+00
  0.1427E+00  0.8695E+00  0.1154E-01  0.8695E+00  0.8695E+00
  0.1436E+00  0.8444E+00  0.1141E-01  0.8400E+00  0.8400E+00
  0.1444E+00  0.8135E+00  0.1130E-01  0.8124E+00  0.8124E+00
  0.1453E+00  0.7766E+00  0.1126E-01  0.7866E+00  0.7866E+00
  0.1461E+00  0.7536E+00  0.1116E-01  0.7626E+00  0.7626E+00
  0.1470E+00  0.7307E+00  0.1103E-01  0.7402E+00  0.7402E+00
  0.1478E+00  0.6906E+00  0.1103E-01  0.7195E+00  0.7195E+00
  0.1487E+00  0.6758E+00  0.1098E-01  0.7002E+00  0.7002E+00
  0.1495E+00  0.6731E+00  0.1107E-01  0.6824E+00  0.6824E+00
  0.1503E+00  0.6551E+00  0.1100E-01  0.6659E+00  0.6659E+00
  0.1512E+00  0.6387E+00  0.1105E-01  0.6508E+00  0.6508E+00
  0.1520E+00  0.6323E+00  0.1100E-01  0.6369E+00  0.6369E+00
  0.1529E+00  0.6270E+00  0.1118E-01  0.6241E+00  0.6241E+00
  0.1537E+00  0.6083E+00  0.1129E-01  0.6125E+00  0.6125E+00
  0.1546E+00  0.5953E+00  0.1119E-01  0.6019E+00  0.6019E+00
  0.1554E+00  0.5989E+00  0.1137E-01  0.5923E+00  0.5923E+00
  0.1563E+00  0.5895E+00  0.1113E-01  0.5837E+00  0.5837E+00
  0.1571E+00  0.5562E+00  0.1099E-01  0.5759E+00  0.5759E+00
  0.1580E+00  0.5682E+00  0.1106E-01  0.5689E+00  0.5689E+00
  0.1588E+00  0.5776E+00  0.1087E-01  0.5627E+00  0.5627E+00
  0.1597E+00  0.5650E+00  0.1097E-01  0.5572E+00  0.5572E+00
  0.1605E+00  0.5665E+00  0.1080E-01  0.5524E+00  0.5524E+00
  0.1614E+00  0.5654E+00  0.1075E-01  0.5482E+00  0.5482E+00
  0.1622E+00  0.5442E+00  0.1078E-01  0.5446E+00  0.5446E+00
  0.1631E+00  0.5426E+00  0.1067E-01  0.5415E+00  0.5415E+00
  0.1639E+00  0.5408E+00  0.1065E-01  0.5388E+00  0.5388E+00
  0.1648E+00  0.5357E+00  0.1044E-01  0.5366E+00  0.5366E+00
  0.1656E+00  0.5428E+00  0.1066E-01  0.5349E+00  0.5349E+00
  0.1665E+00  0.5596E+00  0.1058E-01  0.5335E+00  0.5335E+00
  0.1673E+00  0.5549E+00  0.1067E-01  0.5324E+00  0.5324E+00
  0.1681E+00  0.5406E+00  0.1074E-01  0.5316E+00  0.5316E+00
  0.1690E+00  0.5235E+00  0.1068E-01  0.5311E+00  0.5311E+00
  0.1698E+00  0.5157E+00  0.1052E-01  0.5308E+00  0.5308E+00
  0.1707E+00  0.5182E+00  0.1035E-01  0.5307E+00  0.5307E+00
  0.1715E+00  0.5345E+00  0.1035E-01  0.5308E+00  0.5308E+00
  0.1724E+00  0.5253E+00  0.1021E-01  0.5311E+00  0.5311E+00
  0.1732E+00  0.5237E+00  0.1019E-01  0.5315E+00  0.5315E+00
  0.1741E+00  0.5222E+00  0.1020E-01  0.5320E+00  0.5320E+00
  0.1749E+00  0.5465E+00  0.1019E-01  0.5325E+00  0.5325E+00
  0.1758E+00  0.5256E+00  0.1028E-01  0.5332E+00  0.5332E+00
  0.1766E+00  0.5288E+00  0.1017E-01  0.5338E+00  0.5338E+00
  0.1775E+00  0.5406E+00  0.1028E-01  0.5346E+00  0.5346E+00
  0.1783E+00  0.5407E+00  0.1033E-01  0.5353E+00  0.5353E+00
  0.1792E+00  0.5402E+00  0.1028E-01  0.5360E+00  0.5360E+00
  0.1800E+00  0.5223E+00  0.1025E-01  0.5367E+00  0.5367E+00
  0.1809E+00  0.5215E+00  0.1023E-01  0.5373E+00  0.5373E+00
  0.1817E+00  0.5443E+00  0.1039E-01  0.5379E+00  0.5379E+00
  0.1826E+00  0.5535E+00  0.1037E-01  0.5385E+00  0.5385E+00
  0.1834E+00  0.5346E+00  0.1017E-01  0.5390E+00  0.5390E+00
  0.1843E+00  0.5306E+00  0.1027E-01  0.5394E+00  0.5394E+00
  0.1851E+00  0.5356E+00  0.1024E-01  0.5398E+00  0.5398E+00
  0.1859E+00  0.5431E+00  0.1014E-01  0.5400E+00  0.5400E+00
  0.1868E+00  0.5526E+00  0.1009E-01  0.5402E+00  0.5402E+00
  0.1876E+00  0.5411E+00  0.1007E-01  0.5403E+00  0.5403E+00
  0.1885E+00  0.5333E+00  0.1012E-01  0.5403E+00  0.5403E+00
  0.1893E+00  0.5381E+00  0.1014E-01  0.5402E+00  0.5402E+00
  0.1902E+00  0.5464E+00  0.1007E-01  0.5399E+00  0.5399E+00
  0.1910E+00  0.5320E+00  0.1014E-01  0.5396E+00  0.5396E+00
  0.1919E+00  0.5225E+00  0.1006E-01  0.5392E+00  0.5392E+00
  0.1927E+00  0.5387E+00  0.1002E-01  0.5387E+00  0.5387E+00
  0.1936E+00  0.5464E+00  0.9937E-02  0.5380E+00  0.5380E+00
  0.1944E+00  0.5494E+00  0.9900E-02  0.5373E+00  0.5373E+00
  0.1953E+00  0.5510E+00  0.9829E-02  0.5365E+00  0.5365E+00
  0.1961E+00  0.5423E+00  0.9904E-02  0.5355E+00  0.5355E+00
  0.1970E+00  0.5342E+00  0.9786E-02  0.5345E+00  0.5345E+00
  0.1978E+00  0.5304E+00  0.9592E-02  0.5333E+00  0.5333E+00
  0.1987E+00  0.5347E+00  0.9585E-02  0.5321E+00  0.5321E+00
  0.1995E+00  0.5375E+00  0.9558E-02  0.5307E+00  0.5307E+00
  0.2004E+00  0.5178E+00  0.9452E-02  0.5293E+00  0.5293E+00
  0.2012E+00  0.5169E+00  0.9381E-02  0.5278E+00  0.5278E+00
  0.2021E+00  0.5199E+00  0.9446E-02  0.5262E+00  0.5262E+00
  0.2029E+00  0.5183E+00  0.9516E-02  0.5245E+00  0.5245E+00
  0.2037E+00  0.5195E+00  0.9420E-02  0.5228E+00  0.5228E+00
  0.2046E+00  0.5193E+00  0.9529E-02  0.5210E+00  0.5210E+00
  0.2054E+00  0.5319E+00  0.9608E-02  0.5191E+00  0.5191E+00
  0.2063E+00  0.5306E+00  0.9662E-02  0.5171E+00  0.5171E+00
  0.2071E+00  0.5287E+00  0.9654E-02  0.5151E+00  0.5151E+00
  0.2080E+00  0.5101E+00  0.9574E-02  0.5130E+00  0.5130E+00
  0.2088E+00  0.4972E+00  0.9681E-02  0.5109E+00  0.5109E+00
  0.2097E+00  0.4952E+00  0.9755E-02  0.5087E+00  0.5087E+00
  0.2105E+00  0.4906E+00  0.9766E-02  0.5065E+00  0.5065E+00
  0.2114E+00  0.4955E+00  0.9701E-02  0.5042E+00  0.5042E+00
  0.2122E+00  0.5050E+00  0.9803E-02  0.5019E+00  0.5019E+00
  0.2131E+00  0.4970E+00  0.9940E-02  0.4995E+00  0.4995E+00
  0.2139E+00  0.4865E+00  0.9852E-02  0.4971E+00  0.4971E+00
  0.2148E+00  0.4927E+00  0.9825E-02  0.4947E+00  0.4947E+00
  0.2156E+00  0.4937E+00  0.9761E-02  0.4922E+00  0.4922E+00
  0.2165E+00  0.4930E+00  0.9710E-02  0.4897E+00  0.4897E+00
  0.2173E+00  0.4938E+00  0.9716E-02  0.4872E+00  0.4872E+00
  0.2182E+00  0.4973E+00  0.9692E-02  0.4846E+00  0.4846E+00
  0.2190E+00  0.4964E+00  0.9842E-02  0.4821E+00  0.4821E+00
  0.2199E+00  0.5036E+00  0.9771E-02  0.4795E+00  0.4795E+00
  0.2207E+00  0.4897E+00  0.1003E-01  0.4769E+00  0.4769E+00
  0.2215E+00  0.4701E+00  0.1020E-01  0.4742E+00  0.4742E+00
  0.2224E+00  0.4489E+00  0.1017E-01  0.4716E+00  0.4716E+00
  0.2232E+00  0.4625E+00  0.1040E-01  0.4689E+00  0.4689E+00
  0.2241E+00  0.4688E+00  0.1054E-01  0.4663E+00  0.4663E+00
  0.2249E+00  0.4553E+00  0.1063E-01  0.4636E+00  0.4636E+00
  0.2258E+00  0.4605E+00  0.1070E-01  0.4609E+00  0.4609E+00
  0.2266E+00  0.4664E+00  0.1081E-01  0.4582E+00  0.4582E+00
  0.2275E+00  0.4636E+00  0.1081E-01  0.4554E+00  0.4554E+00
  0.2283E+00  0.4593E+00  0.1087E-01  0.4527E+00  0.4527E+00
  0.2292E+00  0.4470E+00  0.1101E-01  0.4499E+00  0.4499E+00
  0.2300E+00  0.4495E+00  0.1101E-01  0.4472E+00  0.4472E+00
  0.2309E+00  0.4468E+00  0.1102E-01  0.4444E+00  0.4444E+00
  0.2317E+00  0.4326E+00  0.1112E-01  0.4416E+00  0.4416E+00
  0.2326E+00  0.4340E+00  0.1104E-01  0.4388E+00  0.4388E+00
  0.2334E+00  0.4467E+00  0.1118E-01  0.4360E+00  0.4360E+00
  0.2343E+00  0.4446E+00  0.1106E-01  0.4332E+00  0.4332E+00
  0.2351E+00  0.4269E+00  0.1112E-01  0.4303E+00  0.4303E+00
  0.2360E+00  0.4233E+00  0.1116E-01  0.4275E+00  0.4275E+00
  0.2368E+00  0.4044E+00  0.1138E-01  0.4247E+00  0.4247E+00
  0.2377E+00  0.4005E+00  0.1125E-01  0.4218E+00  0.4218E+00
  0.2385E+00  0.4074E+00  0.1119E-01  0.4189E+00  0.4189E+00
  0.2393E+00  0.4217E+00  0.1139E-01  0.4160E+00  0.4160E+00
  0.2402E+00  0.4129E+00  0.1143E-01  0.4131E+00  0.4131E+00
  0.2410E+00  0.4325E+00  0.1143E-01  0.4102E+00  0.4102E+00
  0.2419E+00  0.4227E+00  0.1174E-01  0.4073E+00  0.4073E+00
  0.2427E+00  0.4051E+00  0.1172E-01  0.4044E+00  0.4044E+00
  0.2436E+00  0.3982E+00  0.1206E-01  0.4014E+00  0.4014E+00
  0.2444E+00  0.3933E+00  0.1184E-01  0.3985E+00  0.3985E+00
  0.2453E+00  0.3864E+00  0.1178E-01  0.3955E+00  0.3955E+00

           Distance distribution  function of particle  


       R          P(R)      ERROR

  0.0000E+00  0.0000E+00  0.0000E+00
  0.9422E+00  0.1915E-02  0.8478E-04
  0.1884E+01  0.4269E-02  0.1396E-03
  0.2827E+01  0.7058E-02  0.1662E-03
  0.3769E+01  0.1027E-01  0.1673E-03
  0.4711E+01  0.1390E-01  0.1468E-03
  0.5653E+01  0.1791E-01  0.1092E-03
  0.6595E+01  0.2230E-01  0.6029E-04
  0.7538E+01  0.2705E-01  0.2081E-04
  0.8480E+01  0.3211E-01  0.6507E-04
  0.9422E+01  0.3746E-01  0.1211E-03
  0.1036E+02  0.4307E-01  0.1713E-03
  0.1131E+02  0.4890E-01  0.2113E-03
  0.1225E+02  0.5492E-01  0.2382E-03
  0.1319E+02  0.6107E-01  0.2504E-03
  0.1413E+02  0.6732E-01  0.2473E-03
  0.1508E+02  0.7363E-01  0.2297E-03
  0.1602E+02  0.7993E-01  0.1998E-03
  0.1696E+02  0.8619E-01  0.1619E-03
  0.1790E+02  0.9236E-01  0.1239E-03
  0.1884E+02  0.9838E-01  0.1022E-03
  0.1979E+02  0.1042E+00  0.1145E-03
  0.2073E+02  0.1098E+00  0.1518E-03
  0.2167E+02  0.1151E+00  0.1954E-03
  0.2261E+02  0.1200E+00  0.2349E-03
  0.2355E+02  0.1246E+00  0.2649E-03
  0.2450E+02  0.1287E+00  0.2827E-03
  0.2544E+02  0.1324E+00  0.2868E-03
  0.2638E+02  0.1356E+00  0.2775E-03
  0.2732E+02  0.1382E+00  0.2563E-03
  0.2827E+02  0.1403E+00  0.2269E-03
  0.2921E+02  0.1418E+00  0.1954E-03
  0.3015E+02  0.1427E+00  0.1716E-03
  0.3109E+02  0.1430E+00  0.1670E-03
  0.3203E+02  0.1427E+00  0.1854E-03
  0.3298E+02  0.1418E+00  0.2189E-03
  0.3392E+02  0.1403E+00  0.2564E-03
  0.3486E+02  0.1382E+00  0.2899E-03
  0.3580E+02  0.1356E+00  0.3145E-03
  0.3675E+02  0.1325E+00  0.3273E-03
  0.3769E+02  0.1290E+00  0.3272E-03
  0.3863E+02  0.1250E+00  0.3149E-03
  0.3957E+02  0.1207E+00  0.2929E-03
  0.4051E+02  0.1160E+00  0.2657E-03
  0.4146E+02  0.1111E+00  0.2405E-03
  0.4240E+02  0.1059E+00  0.2265E-03
  0.4334E+02  0.1006E+00  0.2308E-03
  0.4428E+02  0.9522E-01  0.2532E-03
  0.4523E+02  0.8978E-01  0.2864E-03
  0.4617E+02  0.8434E-01  0.3216E-03
  0.4711E+02  0.7897E-01  0.3519E-03
  0.4805E+02  0.7369E-01  0.3726E-03
  0.4899E+02  0.6855E-01  0.3809E-03
  0.4994E+02  0.6359E-01  0.3760E-03
  0.5088E+02  0.5883E-01  0.3588E-03
  0.5182E+02  0.5429E-01  0.3321E-03
  0.5276E+02  0.4999E-01  0.3008E-03
  0.5371E+02  0.4593E-01  0.2725E-03
  0.5465E+02  0.4214E-01  0.2562E-03
  0.5559E+02  0.3860E-01  0.2587E-03
  0.5653E+02  0.3531E-01  0.2794E-03
  0.5747E+02  0.3227E-01  0.3108E-03
  0.5842E+02  0.2946E-01  0.3441E-03
  0.5936E+02  0.2688E-01  0.3725E-03
  0.6030E+02  0.2450E-01  0.3914E-03
  0.6124E+02  0.2232E-01  0.3990E-03
  0.6219E+02  0.2033E-01  0.3957E-03
  0.6313E+02  0.1850E-01  0.3842E-03
  0.6407E+02  0.1682E-01  0.3694E-03
  0.6501E+02  0.1529E-01  0.3583E-03
  0.6595E+02  0.1389E-01  0.3576E-03
  0.6690E+02  0.1261E-01  0.3712E-03
  0.6784E+02  0.1145E-01  0.3975E-03
  0.6878E+02  0.1039E-01  0.4305E-03
  0.6972E+02  0.9445E-02  0.4627E-03
  0.7067E+02  0.8594E-02  0.4873E-03
  0.7161E+02  0.7836E-02  0.4991E-03
  0.7255E+02  0.7166E-02  0.4949E-03
  0.7349E+02  0.6577E-02  0.4735E-03
  0.7443E+02  0.6063E-02  0.4365E-03
  0.7538E+02  0.5616E-02  0.3881E-03
  0.7632E+02  0.5227E-02  0.3363E-03
  0.7726E+02  0.4887E-02  0.2940E-03
  0.7820E+02  0.4583E-02  0.2761E-03
  0.7914E+02  0.4305E-02  0.2896E-03
  0.8009E+02  0.4041E-02  0.3251E-03
  0.8103E+02  0.3779E-02  0.3659E-03
  0.8197E+02  0.3510E-02  0.3984E-03
  0.8291E+02  0.3225E-02  0.4144E-03
  0.8386E+02  0.2916E-02  0.4106E-03
  0.8480E+02  0.2581E-02  0.3895E-03
  0.8574E+02  0.2220E-02  0.3605E-03
  0.8668E+02  0.1838E-02  0.3414E-03
  0.8762E+02  0.1443E-02  0.3516E-03
  0.8857E+02  0.1048E-02  0.3953E-03
  0.8951E+02  0.6728E-03  0.4542E-03
  0.9045E+02  0.3394E-03  0.5007E-03
  0.9139E+02  0.7448E-04  0.5064E-03
  0.9234E+02 -0.9196E-04  0.4433E-03
  0.9328E+02 -0.1278E-03  0.2837E-03
  0.9422E+02  0.0000E+00  0.0000E+00
          Reciprocal space: Rg =   25.95     , I(0) =   0.6426E+02
     Real space: Rg =   25.96 +- 0.085  I(0) =   0.6426E+02 +-  0.1770E+00
