
           ####    G N O M   ---   Version 4.5a revised 09/02/02     ####

                                                  Fri Oct 20 04:19:24 2017
           ===    Run No   1   ===
 Run title:   0.215118E-01  0.342461E+02  0.654311E+00


   *******   Working Directory :
   *******    Input file(s) : 23907_merge2_q25.dat
           Condition P(rmin) = 0 is used. 
           Condition P(rmax) = 0 is used. 

          Experimental conditions for the first run
          -----------------------------------------

          Highest ALPHA is found to be   0.3026E+04

  The measure of inconsistency AN1 equals to    0.8967E+00
     Alpha    Discrp  Oscill  Stabil  Sysdev  Positv  Valcen    Total   
  0.3026E+07 96.9266  1.6993  0.9698  0.0000  1.0000  0.7379  0.00001
  0.6052E+06 93.3160  1.6597  0.9023  0.0000  1.0000  0.7452  0.00001
  0.1210E+06 83.3621  1.5176  0.7387  0.0000  1.0000  0.7731  0.00001
  0.2421E+05 68.2631  1.3263  0.6292  0.0448  1.0000  0.8296  0.00001
  0.4842E+04 42.9915  1.3362  0.4512  0.0299  1.0000  0.8748  0.00001
  0.9683E+03 16.7470  1.4131  0.1714  0.0746  1.0000  0.8963  0.00001
  0.1937E+03  4.7152  1.5080  0.0607  0.2836  1.0000  0.9034  0.00001
  0.3873E+02  1.2676  1.5624  0.0207  0.4328  1.0000  0.9046  0.61300
  0.7747E+01  0.7011  1.5787  0.0052  0.5672  1.0000  0.9047  0.66648
  0.1549E+01  0.6647  1.5824  0.0012  0.6119  1.0000  0.9047  0.68283
  0.3099E+00  0.6629  1.5835  0.0027  0.6269  1.0000  0.9048  0.65236
  0.6197E-01  0.6619  1.5884  0.0082  0.6269  1.0000  0.9049  0.54116
  0.1239E-01  0.6608  1.6133  0.0099  0.6269  1.0000  0.9052  0.42992
  0.2479E-02  0.6603  1.6617  0.0226  0.6269  0.9999  0.9056  0.10000
  0.4958E-03  0.6598  1.9767  0.0808  0.6418  0.9993  0.9061  0.10000
  0.9916E-04  0.6588  3.4008  0.1761  0.6418  0.9946  0.8982  0.10000
  0.1983E-04  0.6575  7.0616  0.4941  0.6418  0.9609  0.8378  0.10000
  0.3966E-05  0.6529 11.3056  0.7509  0.6418  0.8368  0.4981  0.10000
  0.7933E-06  0.6439 12.1667  0.5007  0.6418  0.7567  0.3770  0.10000
  0.1587E-06  0.6388 12.3178  0.2507  0.6716  0.7326  0.3374  0.10000
  0.3173E-07  0.6369 13.5945  0.5646  0.6866  0.7056  0.2871  0.10000
  0.6346E-08  0.6312 16.6959  0.7958  0.6866  0.7053  0.3888  0.10000
  0.1269E-08  0.6136 20.0090  0.6630  0.6716  0.7003  0.4384  0.00000

          ***  Golden section search to maximize estimate ***
     Alpha    Discrp  Oscill  Stabil  Sysdev  Positv  Valcen    Total   
  0.2865E+01  0.6685  1.5816  0.0020  0.6119  1.0000  0.9047  0.67897
  0.1225E+01  0.6641  1.5826  0.0011  0.6119  1.0000  0.9047  0.68407
  0.1060E+01  0.6638  1.5828  0.0011  0.6119  1.0000  0.9047  0.68327
  0.1340E+01  0.6643  1.5826  0.0012  0.6119  1.0000  0.9047  0.68360
  0.1159E+01  0.6639  1.5827  0.0011  0.6119  1.0000  0.9047  0.68435
  0.1120E+01  0.6639  1.5827  0.0011  0.6119  1.0000  0.9047  0.68419
  0.1184E+01  0.6640  1.5827  0.0011  0.6119  1.0000  0.9047  0.68424
  0.1144E+01  0.6639  1.5827  0.0011  0.6119  1.0000  0.9047  0.68442
  0.1135E+01  0.6639  1.5827  0.0011  0.6119  1.0000  0.9047  0.68440
  0.1150E+01  0.6639  1.5827  0.0011  0.6119  1.0000  0.9047  0.68439
  0.1140E+01  0.6639  1.5827  0.0011  0.6119  1.0000  0.9047  0.68443
  0.1138E+01  0.6639  1.5827  0.0011  0.6119  1.0000  0.9047  0.68444
  0.1137E+01  0.6639  1.5827  0.0011  0.6119  1.0000  0.9047  0.68444
  0.1139E+01  0.6639  1.5827  0.0011  0.6119  1.0000  0.9047  0.68444
  0.1138E+01  0.6639  1.5827  0.0011  0.6119  1.0000  0.9047  0.68444
  0.1137E+01  0.6639  1.5827  0.0011  0.6119  1.0000  0.9047  0.68444
  0.1138E+01  0.6639  1.5827  0.0011  0.6119  1.0000  0.9047  0.68444
  0.1138E+01  0.6639  1.5827  0.0011  0.6119  1.0000  0.9047  0.68444
  0.1138E+01  0.6639  1.5827  0.0011  0.6119  1.0000  0.9047  0.68444



             ####            Final results            ####

 Parameter    DISCRP    OSCILL    STABIL    SYSDEV    POSITV    VALCEN
 Weight        1.000     3.000     3.000     4.000     1.000     1.000
 Sigma         0.500     0.600     0.120     0.200     0.120     0.120
 Ideal         1.000     1.100     0.000     1.000     1.000     0.950
 Current       0.664     1.583     0.001     0.612     1.000     0.905
                - - - - - - - - - - - - - - - - - - - - - - - - - 
 Estimate      0.636     0.523     1.000     0.023     1.000     0.867

  Angular   range    :     from    0.0224   to    0.2495
  Real space range   :     from      0.00   to     95.24

  Highest ALPHA (theor) :   0.303E+07                 JOB = 0
  Current ALPHA         :   0.114E+01   Rg :  0.253E+02   I(0) :   0.383E+02

           Total  estimate : 0.684  which is  A REASONABLE  solution

      S          J EXP       ERROR       J REG       I REG

  0.0000E+00                                      0.3827E+02
  0.8600E-03                                      0.3826E+02
  0.1720E-02                                      0.3824E+02
  0.2580E-02                                      0.3821E+02
  0.3440E-02                                      0.3817E+02
  0.4300E-02                                      0.3811E+02
  0.5160E-02                                      0.3805E+02
  0.6020E-02                                      0.3797E+02
  0.6880E-02                                      0.3788E+02
  0.7740E-02                                      0.3778E+02
  0.8600E-02                                      0.3767E+02
  0.9460E-02                                      0.3754E+02
  0.1032E-01                                      0.3741E+02
  0.1118E-01                                      0.3726E+02
  0.1204E-01                                      0.3710E+02
  0.1290E-01                                      0.3693E+02
  0.1376E-01                                      0.3675E+02
  0.1462E-01                                      0.3656E+02
  0.1548E-01                                      0.3636E+02
  0.1634E-01                                      0.3615E+02
  0.1720E-01                                      0.3593E+02
  0.1806E-01                                      0.3570E+02
  0.1892E-01                                      0.3546E+02
  0.1978E-01                                      0.3521E+02
  0.2064E-01                                      0.3495E+02
  0.2150E-01                                      0.3468E+02
  0.2236E-01  0.3335E+02  0.6006E+00  0.3440E+02  0.3440E+02
  0.2321E-01  0.3462E+02  0.5850E+00  0.3412E+02  0.3412E+02
  0.2405E-01  0.3420E+02  0.5703E+00  0.3383E+02  0.3383E+02
  0.2490E-01  0.3318E+02  0.4698E+00  0.3354E+02  0.3354E+02
  0.2575E-01  0.3330E+02  0.2956E+00  0.3323E+02  0.3323E+02
  0.2660E-01  0.3322E+02  0.2900E+00  0.3292E+02  0.3292E+02
  0.2745E-01  0.3308E+02  0.2822E+00  0.3260E+02  0.3260E+02
  0.2829E-01  0.3228E+02  0.2818E+00  0.3227E+02  0.3227E+02
  0.2914E-01  0.3185E+02  0.2826E+00  0.3194E+02  0.3194E+02
  0.2999E-01  0.3114E+02  0.2737E+00  0.3160E+02  0.3160E+02
  0.3084E-01  0.3053E+02  0.2803E+00  0.3126E+02  0.3126E+02
  0.3168E-01  0.3040E+02  0.2703E+00  0.3091E+02  0.3091E+02
  0.3253E-01  0.3037E+02  0.2688E+00  0.3055E+02  0.3055E+02
  0.3338E-01  0.3013E+02  0.2594E+00  0.3019E+02  0.3019E+02
  0.3423E-01  0.2983E+02  0.2545E+00  0.2983E+02  0.2983E+02
  0.3507E-01  0.2960E+02  0.2481E+00  0.2946E+02  0.2946E+02
  0.3592E-01  0.2913E+02  0.2421E+00  0.2908E+02  0.2908E+02
  0.3677E-01  0.2885E+02  0.2398E+00  0.2871E+02  0.2871E+02
  0.3762E-01  0.2870E+02  0.2363E+00  0.2832E+02  0.2832E+02
  0.3846E-01  0.2842E+02  0.2337E+00  0.2794E+02  0.2794E+02
  0.3931E-01  0.2784E+02  0.2354E+00  0.2755E+02  0.2755E+02
  0.4016E-01  0.2733E+02  0.2280E+00  0.2716E+02  0.2716E+02
  0.4101E-01  0.2684E+02  0.2272E+00  0.2677E+02  0.2677E+02
  0.4185E-01  0.2619E+02  0.2242E+00  0.2637E+02  0.2637E+02
  0.4270E-01  0.2582E+02  0.2231E+00  0.2597E+02  0.2597E+02
  0.4355E-01  0.2525E+02  0.1772E+00  0.2557E+02  0.2557E+02
  0.4440E-01  0.2492E+02  0.1469E+00  0.2517E+02  0.2517E+02
  0.4525E-01  0.2475E+02  0.1475E+00  0.2477E+02  0.2477E+02
  0.4609E-01  0.2456E+02  0.1429E+00  0.2436E+02  0.2436E+02
  0.4694E-01  0.2408E+02  0.1422E+00  0.2396E+02  0.2396E+02
  0.4779E-01  0.2359E+02  0.1412E+00  0.2356E+02  0.2356E+02
  0.4864E-01  0.2337E+02  0.1394E+00  0.2315E+02  0.2315E+02
  0.4948E-01  0.2292E+02  0.1399E+00  0.2275E+02  0.2275E+02
  0.5033E-01  0.2235E+02  0.1374E+00  0.2234E+02  0.2234E+02
  0.5118E-01  0.2196E+02  0.1368E+00  0.2194E+02  0.2194E+02
  0.5203E-01  0.2152E+02  0.1359E+00  0.2153E+02  0.2153E+02
  0.5287E-01  0.2120E+02  0.1344E+00  0.2113E+02  0.2113E+02
  0.5372E-01  0.2070E+02  0.1340E+00  0.2073E+02  0.2073E+02
  0.5457E-01  0.2041E+02  0.1317E+00  0.2033E+02  0.2033E+02
  0.5542E-01  0.1995E+02  0.1322E+00  0.1993E+02  0.1993E+02
  0.5626E-01  0.1938E+02  0.1002E+00  0.1953E+02  0.1953E+02
  0.5711E-01  0.1921E+02  0.9732E-01  0.1914E+02  0.1914E+02
  0.5796E-01  0.1881E+02  0.9709E-01  0.1875E+02  0.1875E+02
  0.5881E-01  0.1841E+02  0.9423E-01  0.1836E+02  0.1836E+02
  0.5965E-01  0.1783E+02  0.9373E-01  0.1797E+02  0.1797E+02
  0.6050E-01  0.1742E+02  0.9144E-01  0.1759E+02  0.1759E+02
  0.6135E-01  0.1703E+02  0.9190E-01  0.1720E+02  0.1720E+02
  0.6220E-01  0.1661E+02  0.8988E-01  0.1682E+02  0.1682E+02
  0.6304E-01  0.1636E+02  0.9033E-01  0.1645E+02  0.1645E+02
  0.6389E-01  0.1607E+02  0.9042E-01  0.1608E+02  0.1608E+02
  0.6474E-01  0.1576E+02  0.9041E-01  0.1571E+02  0.1571E+02
  0.6559E-01  0.1535E+02  0.9062E-01  0.1534E+02  0.1534E+02
  0.6644E-01  0.1504E+02  0.8940E-01  0.1498E+02  0.1498E+02
  0.6728E-01  0.1457E+02  0.8888E-01  0.1463E+02  0.1463E+02
  0.6813E-01  0.1431E+02  0.8782E-01  0.1427E+02  0.1427E+02
  0.6898E-01  0.1394E+02  0.8683E-01  0.1392E+02  0.1392E+02
  0.6983E-01  0.1373E+02  0.8640E-01  0.1358E+02  0.1358E+02
  0.7067E-01  0.1346E+02  0.8443E-01  0.1324E+02  0.1324E+02
  0.7152E-01  0.1298E+02  0.8423E-01  0.1290E+02  0.1290E+02
  0.7237E-01  0.1253E+02  0.8280E-01  0.1257E+02  0.1257E+02
  0.7322E-01  0.1227E+02  0.8229E-01  0.1224E+02  0.1224E+02
  0.7406E-01  0.1188E+02  0.8163E-01  0.1192E+02  0.1192E+02
  0.7491E-01  0.1163E+02  0.8061E-01  0.1160E+02  0.1160E+02
  0.7576E-01  0.1133E+02  0.8114E-01  0.1129E+02  0.1129E+02
  0.7661E-01  0.1113E+02  0.8038E-01  0.1098E+02  0.1098E+02
  0.7745E-01  0.1093E+02  0.8108E-01  0.1068E+02  0.1068E+02
  0.7830E-01  0.1045E+02  0.8112E-01  0.1038E+02  0.1038E+02
  0.7915E-01  0.1013E+02  0.8033E-01  0.1009E+02  0.1009E+02
  0.8000E-01  0.9791E+01  0.7959E-01  0.9802E+01  0.9802E+01
  0.8084E-01  0.9548E+01  0.7896E-01  0.9519E+01  0.9519E+01
  0.8169E-01  0.9214E+01  0.7834E-01  0.9241E+01  0.9241E+01
  0.8254E-01  0.8863E+01  0.8140E-01  0.8968E+01  0.8968E+01
  0.8339E-01  0.8773E+01  0.4995E-01  0.8701E+01  0.8701E+01
  0.8424E-01  0.8484E+01  0.4994E-01  0.8438E+01  0.8438E+01
  0.8508E-01  0.8193E+01  0.4884E-01  0.8181E+01  0.8181E+01
  0.8593E-01  0.7885E+01  0.4886E-01  0.7929E+01  0.7929E+01
  0.8678E-01  0.7716E+01  0.4828E-01  0.7682E+01  0.7682E+01
  0.8763E-01  0.7515E+01  0.4777E-01  0.7440E+01  0.7440E+01
  0.8847E-01  0.7199E+01  0.4826E-01  0.7203E+01  0.7203E+01
  0.8932E-01  0.6908E+01  0.4784E-01  0.6971E+01  0.6971E+01
  0.9017E-01  0.6617E+01  0.3662E-01  0.6745E+01  0.6745E+01
  0.9102E-01  0.6510E+01  0.3546E-01  0.6523E+01  0.6523E+01
  0.9186E-01  0.6298E+01  0.3556E-01  0.6307E+01  0.6307E+01
  0.9271E-01  0.6076E+01  0.3530E-01  0.6095E+01  0.6095E+01
  0.9356E-01  0.5917E+01  0.3475E-01  0.5889E+01  0.5889E+01
  0.9441E-01  0.5670E+01  0.3462E-01  0.5687E+01  0.5687E+01
  0.9525E-01  0.5490E+01  0.3452E-01  0.5491E+01  0.5491E+01
  0.9610E-01  0.5272E+01  0.3437E-01  0.5299E+01  0.5299E+01
  0.9695E-01  0.5083E+01  0.3390E-01  0.5112E+01  0.5112E+01
  0.9780E-01  0.4918E+01  0.3372E-01  0.4930E+01  0.4930E+01
  0.9864E-01  0.4775E+01  0.3338E-01  0.4753E+01  0.4753E+01
  0.9949E-01  0.4595E+01  0.3291E-01  0.4580E+01  0.4580E+01
  0.1003E+00  0.4411E+01  0.3298E-01  0.4412E+01  0.4412E+01
  0.1012E+00  0.4214E+01  0.3263E-01  0.4249E+01  0.4249E+01
  0.1020E+00  0.4071E+01  0.3248E-01  0.4090E+01  0.4090E+01
  0.1029E+00  0.3986E+01  0.3254E-01  0.3935E+01  0.3935E+01
  0.1037E+00  0.3830E+01  0.3200E-01  0.3786E+01  0.3786E+01
  0.1046E+00  0.3681E+01  0.3222E-01  0.3640E+01  0.3640E+01
  0.1054E+00  0.3524E+01  0.3180E-01  0.3499E+01  0.3499E+01
  0.1063E+00  0.3355E+01  0.3213E-01  0.3362E+01  0.3362E+01
  0.1071E+00  0.3190E+01  0.3184E-01  0.3229E+01  0.3229E+01
  0.1080E+00  0.3085E+01  0.3163E-01  0.3100E+01  0.3100E+01
  0.1088E+00  0.2898E+01  0.3185E-01  0.2975E+01  0.2975E+01
  0.1097E+00  0.2807E+01  0.3150E-01  0.2855E+01  0.2855E+01
  0.1105E+00  0.2734E+01  0.3140E-01  0.2738E+01  0.2738E+01
  0.1114E+00  0.2622E+01  0.3117E-01  0.2625E+01  0.2625E+01
  0.1122E+00  0.2497E+01  0.3109E-01  0.2516E+01  0.2516E+01
  0.1131E+00  0.2444E+01  0.3092E-01  0.2411E+01  0.2411E+01
  0.1139E+00  0.2411E+01  0.3065E-01  0.2309E+01  0.2309E+01
  0.1147E+00  0.2262E+01  0.3054E-01  0.2211E+01  0.2211E+01
  0.1156E+00  0.2124E+01  0.3000E-01  0.2116E+01  0.2116E+01
  0.1164E+00  0.2002E+01  0.3005E-01  0.2025E+01  0.2025E+01
  0.1173E+00  0.1937E+01  0.2997E-01  0.1937E+01  0.1937E+01
  0.1181E+00  0.1860E+01  0.3000E-01  0.1852E+01  0.1852E+01
  0.1190E+00  0.1774E+01  0.3110E-01  0.1771E+01  0.1771E+01
  0.1198E+00  0.1668E+01  0.3421E-01  0.1693E+01  0.1693E+01
  0.1207E+00  0.1583E+01  0.3127E-01  0.1617E+01  0.1617E+01
  0.1215E+00  0.1520E+01  0.3169E-01  0.1545E+01  0.1545E+01
  0.1224E+00  0.1460E+01  0.1918E-01  0.1476E+01  0.1476E+01
  0.1232E+00  0.1408E+01  0.1920E-01  0.1410E+01  0.1410E+01
  0.1241E+00  0.1330E+01  0.1911E-01  0.1346E+01  0.1346E+01
  0.1249E+00  0.1282E+01  0.1915E-01  0.1285E+01  0.1285E+01
  0.1258E+00  0.1224E+01  0.1897E-01  0.1227E+01  0.1227E+01
  0.1266E+00  0.1191E+01  0.1895E-01  0.1171E+01  0.1171E+01
  0.1275E+00  0.1145E+01  0.1890E-01  0.1118E+01  0.1118E+01
  0.1283E+00  0.1095E+01  0.1842E-01  0.1068E+01  0.1068E+01
  0.1292E+00  0.1036E+01  0.1846E-01  0.1019E+01  0.1019E+01
  0.1300E+00  0.9690E+00  0.1829E-01  0.9733E+00  0.9733E+00
  0.1309E+00  0.9166E+00  0.1848E-01  0.9295E+00  0.9295E+00
  0.1317E+00  0.8797E+00  0.1910E-01  0.8879E+00  0.8879E+00
  0.1325E+00  0.8667E+00  0.1813E-01  0.8484E+00  0.8484E+00
  0.1334E+00  0.8425E+00  0.1922E-01  0.8109E+00  0.8109E+00
  0.1342E+00  0.7835E+00  0.9127E-02  0.7754E+00  0.7754E+00
  0.1351E+00  0.7443E+00  0.9223E-02  0.7418E+00  0.7418E+00
  0.1359E+00  0.7096E+00  0.9171E-02  0.7100E+00  0.7100E+00
  0.1368E+00  0.6871E+00  0.9230E-02  0.6801E+00  0.6801E+00
  0.1376E+00  0.6583E+00  0.9230E-02  0.6518E+00  0.6518E+00
  0.1385E+00  0.6289E+00  0.9261E-02  0.6251E+00  0.6251E+00
  0.1393E+00  0.5822E+00  0.9277E-02  0.6001E+00  0.6001E+00
  0.1402E+00  0.5547E+00  0.9268E-02  0.5766E+00  0.5766E+00
  0.1410E+00  0.5459E+00  0.9202E-02  0.5546E+00  0.5546E+00
  0.1419E+00  0.5269E+00  0.9109E-02  0.5340E+00  0.5340E+00
  0.1427E+00  0.4984E+00  0.9004E-02  0.5147E+00  0.5147E+00
  0.1436E+00  0.4919E+00  0.8995E-02  0.4968E+00  0.4968E+00
  0.1444E+00  0.4780E+00  0.8869E-02  0.4800E+00  0.4800E+00
  0.1453E+00  0.4770E+00  0.8837E-02  0.4645E+00  0.4645E+00
  0.1461E+00  0.4662E+00  0.8734E-02  0.4501E+00  0.4501E+00
  0.1470E+00  0.4497E+00  0.8636E-02  0.4368E+00  0.4368E+00
  0.1478E+00  0.4266E+00  0.8635E-02  0.4246E+00  0.4246E+00
  0.1487E+00  0.4111E+00  0.8608E-02  0.4133E+00  0.4133E+00
  0.1495E+00  0.3966E+00  0.8722E-02  0.4030E+00  0.4030E+00
  0.1503E+00  0.3923E+00  0.8612E-02  0.3936E+00  0.3936E+00
  0.1512E+00  0.3799E+00  0.8648E-02  0.3850E+00  0.3850E+00
  0.1520E+00  0.3570E+00  0.8715E-02  0.3772E+00  0.3772E+00
  0.1529E+00  0.3581E+00  0.8743E-02  0.3701E+00  0.3701E+00
  0.1537E+00  0.3585E+00  0.8813E-02  0.3638E+00  0.3638E+00
  0.1546E+00  0.3630E+00  0.8768E-02  0.3581E+00  0.3581E+00
  0.1554E+00  0.3688E+00  0.8804E-02  0.3531E+00  0.3531E+00
  0.1563E+00  0.3464E+00  0.8760E-02  0.3486E+00  0.3486E+00
  0.1571E+00  0.3440E+00  0.8741E-02  0.3447E+00  0.3447E+00
  0.1580E+00  0.3410E+00  0.8698E-02  0.3414E+00  0.3414E+00
  0.1588E+00  0.3383E+00  0.8542E-02  0.3385E+00  0.3385E+00
  0.1597E+00  0.3235E+00  0.8596E-02  0.3360E+00  0.3360E+00
  0.1605E+00  0.3299E+00  0.8435E-02  0.3340E+00  0.3340E+00
  0.1614E+00  0.3359E+00  0.8395E-02  0.3323E+00  0.3323E+00
  0.1622E+00  0.3374E+00  0.8418E-02  0.3310E+00  0.3310E+00
  0.1631E+00  0.3492E+00  0.8355E-02  0.3300E+00  0.3300E+00
  0.1639E+00  0.3489E+00  0.8403E-02  0.3293E+00  0.3293E+00
  0.1648E+00  0.3364E+00  0.8332E-02  0.3288E+00  0.3288E+00
  0.1656E+00  0.3279E+00  0.8360E-02  0.3286E+00  0.3286E+00
  0.1665E+00  0.3297E+00  0.8358E-02  0.3286E+00  0.3286E+00
  0.1673E+00  0.3221E+00  0.8390E-02  0.3288E+00  0.3288E+00
  0.1681E+00  0.3227E+00  0.8338E-02  0.3291E+00  0.3291E+00
  0.1690E+00  0.3282E+00  0.8307E-02  0.3296E+00  0.3296E+00
  0.1698E+00  0.3252E+00  0.8273E-02  0.3303E+00  0.3303E+00
  0.1707E+00  0.3221E+00  0.8202E-02  0.3310E+00  0.3310E+00
  0.1715E+00  0.3319E+00  0.8163E-02  0.3318E+00  0.3318E+00
  0.1724E+00  0.3415E+00  0.8137E-02  0.3327E+00  0.3327E+00
  0.1732E+00  0.3377E+00  0.8058E-02  0.3336E+00  0.3336E+00
  0.1741E+00  0.3396E+00  0.8092E-02  0.3346E+00  0.3346E+00
  0.1749E+00  0.3318E+00  0.8030E-02  0.3356E+00  0.3356E+00
  0.1758E+00  0.3409E+00  0.8095E-02  0.3366E+00  0.3366E+00
  0.1766E+00  0.3474E+00  0.8042E-02  0.3376E+00  0.3376E+00
  0.1775E+00  0.3418E+00  0.8045E-02  0.3386E+00  0.3386E+00
  0.1783E+00  0.3370E+00  0.8093E-02  0.3396E+00  0.3396E+00
  0.1792E+00  0.3322E+00  0.8033E-02  0.3405E+00  0.3405E+00
  0.1800E+00  0.3356E+00  0.8041E-02  0.3414E+00  0.3414E+00
  0.1809E+00  0.3415E+00  0.8075E-02  0.3423E+00  0.3423E+00
  0.1817E+00  0.3336E+00  0.8090E-02  0.3431E+00  0.3431E+00
  0.1826E+00  0.3401E+00  0.8106E-02  0.3438E+00  0.3438E+00
  0.1834E+00  0.3463E+00  0.8071E-02  0.3445E+00  0.3445E+00
  0.1843E+00  0.3553E+00  0.8066E-02  0.3451E+00  0.3451E+00
  0.1851E+00  0.3543E+00  0.7992E-02  0.3456E+00  0.3456E+00
  0.1859E+00  0.3557E+00  0.7948E-02  0.3461E+00  0.3461E+00
  0.1868E+00  0.3416E+00  0.7945E-02  0.3465E+00  0.3465E+00
  0.1876E+00  0.3406E+00  0.7879E-02  0.3468E+00  0.3468E+00
  0.1885E+00  0.3367E+00  0.7905E-02  0.3470E+00  0.3470E+00
  0.1893E+00  0.3305E+00  0.7860E-02  0.3471E+00  0.3471E+00
  0.1902E+00  0.3434E+00  0.7908E-02  0.3472E+00  0.3472E+00
  0.1910E+00  0.3507E+00  0.7893E-02  0.3471E+00  0.3471E+00
  0.1919E+00  0.3395E+00  0.7869E-02  0.3470E+00  0.3470E+00
  0.1927E+00  0.3380E+00  0.7839E-02  0.3468E+00  0.3468E+00
  0.1936E+00  0.3485E+00  0.7757E-02  0.3465E+00  0.3465E+00
  0.1944E+00  0.3510E+00  0.7746E-02  0.3462E+00  0.3462E+00
  0.1953E+00  0.3444E+00  0.7710E-02  0.3458E+00  0.3458E+00
  0.1961E+00  0.3477E+00  0.7672E-02  0.3452E+00  0.3452E+00
  0.1970E+00  0.3563E+00  0.7585E-02  0.3447E+00  0.3447E+00
  0.1978E+00  0.3559E+00  0.7495E-02  0.3440E+00  0.3440E+00
  0.1987E+00  0.3558E+00  0.7488E-02  0.3433E+00  0.3433E+00
  0.1995E+00  0.3487E+00  0.7398E-02  0.3425E+00  0.3425E+00
  0.2004E+00  0.3391E+00  0.7434E-02  0.3416E+00  0.3416E+00
  0.2012E+00  0.3345E+00  0.7382E-02  0.3407E+00  0.3407E+00
  0.2021E+00  0.3390E+00  0.7370E-02  0.3398E+00  0.3398E+00
  0.2029E+00  0.3439E+00  0.7432E-02  0.3387E+00  0.3387E+00
  0.2037E+00  0.3465E+00  0.7375E-02  0.3377E+00  0.3377E+00
  0.2046E+00  0.3300E+00  0.7459E-02  0.3366E+00  0.3366E+00
  0.2054E+00  0.3098E+00  0.7467E-02  0.3354E+00  0.3354E+00
  0.2063E+00  0.3089E+00  0.7557E-02  0.3342E+00  0.3342E+00
  0.2071E+00  0.3197E+00  0.7557E-02  0.3330E+00  0.3330E+00
  0.2080E+00  0.3283E+00  0.7568E-02  0.3317E+00  0.3317E+00
  0.2088E+00  0.3357E+00  0.7643E-02  0.3304E+00  0.3304E+00
  0.2097E+00  0.3265E+00  0.7653E-02  0.3291E+00  0.3291E+00
  0.2105E+00  0.3393E+00  0.7646E-02  0.3278E+00  0.3278E+00
  0.2114E+00  0.3455E+00  0.7645E-02  0.3264E+00  0.3264E+00
  0.2122E+00  0.3379E+00  0.7667E-02  0.3251E+00  0.3251E+00
  0.2131E+00  0.3259E+00  0.7726E-02  0.3237E+00  0.3237E+00
  0.2139E+00  0.3121E+00  0.7681E-02  0.3223E+00  0.3223E+00
  0.2148E+00  0.3173E+00  0.7734E-02  0.3209E+00  0.3209E+00
  0.2156E+00  0.3367E+00  0.7881E-02  0.3194E+00  0.3194E+00
  0.2165E+00  0.3325E+00  0.7882E-02  0.3180E+00  0.3180E+00
  0.2173E+00  0.3294E+00  0.7739E-02  0.3166E+00  0.3166E+00
  0.2182E+00  0.3112E+00  0.7679E-02  0.3152E+00  0.3152E+00
  0.2190E+00  0.3052E+00  0.7706E-02  0.3137E+00  0.3137E+00
  0.2199E+00  0.3094E+00  0.7682E-02  0.3123E+00  0.3123E+00
  0.2207E+00  0.3173E+00  0.7897E-02  0.3109E+00  0.3109E+00
  0.2215E+00  0.3039E+00  0.7999E-02  0.3095E+00  0.3095E+00
  0.2224E+00  0.2962E+00  0.8016E-02  0.3081E+00  0.3081E+00
  0.2232E+00  0.3005E+00  0.8108E-02  0.3067E+00  0.3067E+00
  0.2241E+00  0.3096E+00  0.8189E-02  0.3053E+00  0.3053E+00
  0.2249E+00  0.3239E+00  0.8296E-02  0.3039E+00  0.3039E+00
  0.2258E+00  0.3147E+00  0.8377E-02  0.3026E+00  0.3026E+00
  0.2266E+00  0.3055E+00  0.8415E-02  0.3012E+00  0.3012E+00
  0.2275E+00  0.2949E+00  0.8437E-02  0.2998E+00  0.2998E+00
  0.2283E+00  0.2924E+00  0.8464E-02  0.2985E+00  0.2985E+00
  0.2292E+00  0.2845E+00  0.8635E-02  0.2972E+00  0.2972E+00
  0.2300E+00  0.2831E+00  0.8765E-02  0.2958E+00  0.2958E+00
  0.2309E+00  0.2923E+00  0.8812E-02  0.2945E+00  0.2945E+00
  0.2317E+00  0.2976E+00  0.8796E-02  0.2932E+00  0.2932E+00
  0.2326E+00  0.2926E+00  0.8643E-02  0.2919E+00  0.2919E+00
  0.2334E+00  0.2819E+00  0.8709E-02  0.2907E+00  0.2907E+00
  0.2343E+00  0.2794E+00  0.8627E-02  0.2894E+00  0.2894E+00
  0.2351E+00  0.2777E+00  0.8767E-02  0.2881E+00  0.2881E+00
  0.2360E+00  0.2873E+00  0.8769E-02  0.2869E+00  0.2869E+00
  0.2368E+00  0.2850E+00  0.8774E-02  0.2856E+00  0.2856E+00
  0.2377E+00  0.2837E+00  0.8812E-02  0.2843E+00  0.2843E+00
  0.2385E+00  0.2777E+00  0.8809E-02  0.2831E+00  0.2831E+00
  0.2393E+00  0.2840E+00  0.9039E-02  0.2819E+00  0.2819E+00
  0.2402E+00  0.2817E+00  0.8983E-02  0.2806E+00  0.2806E+00
  0.2410E+00  0.2851E+00  0.8969E-02  0.2794E+00  0.2794E+00
  0.2419E+00  0.2831E+00  0.9160E-02  0.2781E+00  0.2781E+00
  0.2427E+00  0.2805E+00  0.9109E-02  0.2769E+00  0.2769E+00
  0.2436E+00  0.2839E+00  0.9332E-02  0.2757E+00  0.2757E+00
  0.2444E+00  0.2822E+00  0.9250E-02  0.2744E+00  0.2744E+00
  0.2453E+00  0.2840E+00  0.9215E-02  0.2732E+00  0.2732E+00
  0.2461E+00  0.2783E+00  0.9275E-02  0.2720E+00  0.2720E+00
  0.2470E+00  0.2648E+00  0.9203E-02  0.2707E+00  0.2707E+00
  0.2478E+00  0.2638E+00  0.9333E-02  0.2695E+00  0.2695E+00
  0.2487E+00  0.2668E+00  0.9254E-02  0.2682E+00  0.2682E+00
  0.2495E+00  0.2560E+00  0.9396E-02  0.2670E+00  0.2670E+00

           Distance distribution  function of particle  


       R          P(R)      ERROR

  0.0000E+00  0.0000E+00  0.0000E+00
  0.9524E+00  0.1411E-02  0.6609E-04
  0.1905E+01  0.3032E-02  0.1084E-03
  0.2857E+01  0.4863E-02  0.1283E-03
  0.3810E+01  0.6902E-02  0.1281E-03
  0.4762E+01  0.9149E-02  0.1108E-03
  0.5714E+01  0.1160E-01  0.8029E-04
  0.6667E+01  0.1426E-01  0.4091E-04
  0.7619E+01  0.1711E-01  0.1364E-04
  0.8572E+01  0.2015E-01  0.5458E-04
  0.9524E+01  0.2338E-01  0.9804E-04
  0.1048E+02  0.2677E-01  0.1358E-03
  0.1143E+02  0.3032E-01  0.1647E-03
  0.1238E+02  0.3401E-01  0.1827E-03
  0.1333E+02  0.3780E-01  0.1886E-03
  0.1429E+02  0.4169E-01  0.1821E-03
  0.1524E+02  0.4563E-01  0.1641E-03
  0.1619E+02  0.4960E-01  0.1363E-03
  0.1714E+02  0.5357E-01  0.1023E-03
  0.1810E+02  0.5749E-01  0.6943E-04
  0.1905E+02  0.6133E-01  0.5756E-04
  0.2000E+02  0.6504E-01  0.8076E-04
  0.2095E+02  0.6860E-01  0.1176E-03
  0.2191E+02  0.7195E-01  0.1535E-03
  0.2286E+02  0.7507E-01  0.1828E-03
  0.2381E+02  0.7792E-01  0.2027E-03
  0.2476E+02  0.8045E-01  0.2114E-03
  0.2571E+02  0.8266E-01  0.2084E-03
  0.2667E+02  0.8451E-01  0.1942E-03
  0.2762E+02  0.8597E-01  0.1702E-03
  0.2857E+02  0.8705E-01  0.1395E-03
  0.2952E+02  0.8772E-01  0.1077E-03
  0.3048E+02  0.8799E-01  0.8625E-04
  0.3143E+02  0.8785E-01  0.8990E-04
  0.3238E+02  0.8732E-01  0.1161E-03
  0.3333E+02  0.8640E-01  0.1496E-03
  0.3429E+02  0.8511E-01  0.1807E-03
  0.3524E+02  0.8347E-01  0.2048E-03
  0.3619E+02  0.8152E-01  0.2190E-03
  0.3714E+02  0.7926E-01  0.2222E-03
  0.3810E+02  0.7675E-01  0.2144E-03
  0.3905E+02  0.7400E-01  0.1971E-03
  0.4000E+02  0.7105E-01  0.1733E-03
  0.4095E+02  0.6793E-01  0.1487E-03
  0.4191E+02  0.6468E-01  0.1324E-03
  0.4286E+02  0.6134E-01  0.1342E-03
  0.4381E+02  0.5793E-01  0.1553E-03
  0.4476E+02  0.5448E-01  0.1869E-03
  0.4572E+02  0.5103E-01  0.2203E-03
  0.4667E+02  0.4761E-01  0.2491E-03
  0.4762E+02  0.4423E-01  0.2695E-03
  0.4857E+02  0.4092E-01  0.2793E-03
  0.4952E+02  0.3771E-01  0.2775E-03
  0.5048E+02  0.3460E-01  0.2645E-03
  0.5143E+02  0.3163E-01  0.2419E-03
  0.5238E+02  0.2879E-01  0.2129E-03
  0.5333E+02  0.2610E-01  0.1831E-03
  0.5429E+02  0.2358E-01  0.1604E-03
  0.5524E+02  0.2122E-01  0.1538E-03
  0.5619E+02  0.1903E-01  0.1660E-03
  0.5714E+02  0.1701E-01  0.1903E-03
  0.5810E+02  0.1516E-01  0.2175E-03
  0.5905E+02  0.1348E-01  0.2407E-03
  0.6000E+02  0.1197E-01  0.2557E-03
  0.6095E+02  0.1062E-01  0.2606E-03
  0.6191E+02  0.9415E-02  0.2556E-03
  0.6286E+02  0.8358E-02  0.2426E-03
  0.6381E+02  0.7435E-02  0.2261E-03
  0.6476E+02  0.6636E-02  0.2129E-03
  0.6572E+02  0.5949E-02  0.2110E-03
  0.6667E+02  0.5363E-02  0.2250E-03
  0.6762E+02  0.4865E-02  0.2527E-03
  0.6857E+02  0.4445E-02  0.2872E-03
  0.6953E+02  0.4089E-02  0.3212E-03
  0.7048E+02  0.3788E-02  0.3487E-03
  0.7143E+02  0.3531E-02  0.3652E-03
  0.7238E+02  0.3309E-02  0.3682E-03
  0.7333E+02  0.3112E-02  0.3564E-03
  0.7429E+02  0.2934E-02  0.3306E-03
  0.7524E+02  0.2769E-02  0.2932E-03
  0.7619E+02  0.2612E-02  0.2496E-03
  0.7714E+02  0.2457E-02  0.2089E-03
  0.7810E+02  0.2304E-02  0.1846E-03
  0.7905E+02  0.2149E-02  0.1882E-03
  0.8000E+02  0.1991E-02  0.2152E-03
  0.8095E+02  0.1830E-02  0.2503E-03
  0.8191E+02  0.1665E-02  0.2804E-03
  0.8286E+02  0.1497E-02  0.2972E-03
  0.8381E+02  0.1327E-02  0.2963E-03
  0.8476E+02  0.1156E-02  0.2772E-03
  0.8572E+02  0.9847E-03  0.2442E-03
  0.8667E+02  0.8149E-03  0.2098E-03
  0.8762E+02  0.6489E-03  0.1986E-03
  0.8857E+02  0.4895E-03  0.2305E-03
  0.8953E+02  0.3401E-03  0.2936E-03
  0.9048E+02  0.2053E-03  0.3613E-03
  0.9143E+02  0.9082E-04  0.4098E-03
  0.9238E+02  0.3654E-05  0.4186E-03
  0.9334E+02 -0.4760E-04  0.3671E-03
  0.9429E+02 -0.5275E-04  0.2346E-03
  0.9524E+02  0.0000E+00  0.0000E+00
          Reciprocal space: Rg =   25.27     , I(0) =   0.3826E+02
     Real space: Rg =   25.27 +- 0.094  I(0) =   0.3827E+02 +-  0.1080E+00
