
           ####    G N O M   ---   Version 4.5a revised 09/02/02     ####

                                                  Fri Oct 20 04:19:13 2017
           ===    Run No   1   ===
 Run title:   0.232070E-01  0.406189E+02  0.142348E+01


   *******   Working Directory :
   *******    Input file(s) : 23905_merge2_q25.dat
           Condition P(rmin) = 0 is used. 
           Condition P(rmax) = 0 is used. 

          Experimental conditions for the first run
          -----------------------------------------

          Highest ALPHA is found to be   0.3054E+04

  The measure of inconsistency AN1 equals to    0.8700E+00
     Alpha    Discrp  Oscill  Stabil  Sysdev  Positv  Valcen    Total   
  0.3054E+07 72.1162  1.9950  0.9677  0.0000  1.0000  0.6644  0.00001
  0.6108E+06 68.6299  1.9672  0.8910  0.0000  1.0000  0.6684  0.00001
  0.1222E+06 59.0422  1.8531  0.6839  0.0000  1.0000  0.6859  0.00001
  0.2443E+05 47.7822  1.6068  0.5419  0.0743  1.0000  0.7374  0.00001
  0.4886E+04 34.6142  1.5071  0.5168  0.0743  1.0000  0.8091  0.00001
  0.9772E+03 17.6045  1.4849  0.3375  0.0595  1.0000  0.8632  0.00001
  0.1954E+03  5.9335  1.4758  0.1289  0.2305  1.0000  0.8906  0.00001
  0.3909E+02  1.6258  1.5038  0.0369  0.4684  1.0000  0.8985  0.50654
  0.7818E+01  0.7392  1.5215  0.0101  0.6468  1.0000  0.8997  0.65264
  0.1564E+01  0.6641  1.5278  0.0033  0.6468  1.0000  0.8999  0.70222
  0.3127E+00  0.6592  1.5306  0.0050  0.6320  1.0000  0.8999  0.68913
  0.6254E-01  0.6573  1.5401  0.0124  0.6171  1.0000  0.9000  0.64411
  0.1251E-01  0.6537  1.6402  0.0450  0.6468  1.0000  0.9006  0.43851
  0.2502E-02  0.6439  2.5872  0.1251  0.6766  0.9984  0.8989  0.10000
  0.5003E-03  0.6335  4.6119  0.1366  0.6989  0.9884  0.8776  0.10000
  0.1001E-03  0.6303  5.9729  0.2056  0.6691  0.9763  0.8561  0.10000
  0.2001E-04  0.6274  8.7436  0.4294  0.6840  0.9359  0.6555  0.10000
  0.4003E-05  0.6239 11.4011  0.2823  0.6989  0.8547  0.5105  0.10000
  0.8005E-06  0.6225 13.7830  0.3945  0.6989  0.8071  0.4035  0.10000
  0.1601E-06  0.6211 16.6887  0.8643  0.6989  0.7504  0.3121  0.10000
  0.3202E-07  0.6178 16.8110  0.5994  0.6989  0.7273  0.3267  0.10000
  0.6404E-08  0.6124 22.1760  0.7053  0.7138  0.7188  0.3135  0.10000
  0.1281E-08  0.5960 27.5151  0.7992  0.6989  0.6801  0.3213  0.10000
  0.2562E-09  0.5523 30.6935  0.6759  0.7286  0.6956  0.3226  0.10000
  0.5123E-10  0.4672 36.3978  0.5516  0.6840  0.7207  0.3584  0.10000
  0.1025E-10  0.3318 44.1940  0.4668  0.6840  0.7457  0.4406  0.10000
  0.2049E-11  0.1817 48.8843  0.3569  0.7138  0.7454  0.3829  0.10000
  0.4099E-12  0.0664 51.1262  0.1762  0.7286  0.7290  0.2951  0.10000
  0.8197E-13  0.0165 51.8950  0.0499  0.7435  0.7200  0.2840  0.10000
  0.1639E-13  0.0035 52.0796  0.0109  0.7435  0.7177  0.2826  0.10000
  0.3279E-14  0.0007 52.1183  0.0022  0.7435  0.7171  0.2822  0.10000

          ***  Golden section search to maximize estimate ***
     Alpha    Discrp  Oscill  Stabil  Sysdev  Positv  Valcen    Total   
  0.2891E+01  0.6731  1.5261  0.0048  0.6617  1.0000  0.8998  0.69243
  0.1236E+01  0.6626  1.5282  0.0031  0.6468  1.0000  0.8999  0.70467
  0.1069E+01  0.6619  1.5285  0.0030  0.6320  1.0000  0.8999  0.70161
  0.1352E+01  0.6631  1.5281  0.0031  0.6468  1.0000  0.8999  0.70406
  0.1170E+01  0.6623  1.5283  0.0030  0.6468  1.0000  0.8999  0.70425
  0.1279E+01  0.6627  1.5282  0.0031  0.6468  1.0000  0.8999  0.70464
  0.1210E+01  0.6624  1.5283  0.0030  0.6468  1.0000  0.8999  0.70450
  0.1253E+01  0.6626  1.5282  0.0031  0.6468  1.0000  0.8999  0.70478
  0.1263E+01  0.6627  1.5282  0.0031  0.6468  1.0000  0.8999  0.70477
  0.1246E+01  0.6626  1.5282  0.0031  0.6468  1.0000  0.8999  0.70474
  0.1256E+01  0.6626  1.5282  0.0031  0.6468  1.0000  0.8999  0.70481
  0.1259E+01  0.6626  1.5282  0.0031  0.6468  1.0000  0.8999  0.70479
  0.1255E+01  0.6626  1.5282  0.0031  0.6468  1.0000  0.8999  0.70480
  0.1257E+01  0.6626  1.5282  0.0031  0.6468  1.0000  0.8999  0.70481
  0.1256E+01  0.6626  1.5282  0.0031  0.6468  1.0000  0.8999  0.70481
  0.1257E+01  0.6626  1.5282  0.0031  0.6468  1.0000  0.8999  0.70481
  0.1256E+01  0.6626  1.5282  0.0031  0.6468  1.0000  0.8999  0.70481
  0.1256E+01  0.6626  1.5282  0.0031  0.6468  1.0000  0.8999  0.70481



             ####            Final results            ####

 Parameter    DISCRP    OSCILL    STABIL    SYSDEV    POSITV    VALCEN
 Weight        1.000     3.000     3.000     4.000     1.000     1.000
 Sigma         0.500     0.600     0.120     0.200     0.120     0.120
 Ideal         1.000     1.100     0.000     1.000     1.000     0.950
 Current       0.663     1.528     0.003     0.647     1.000     0.900
                - - - - - - - - - - - - - - - - - - - - - - - - - 
 Estimate      0.634     0.601     0.999     0.044     1.000     0.840

  Angular   range    :     from    0.0241   to    0.2521
  Real space range   :     from      0.00   to     99.90

  Highest ALPHA (theor) :   0.305E+07                 JOB = 0
  Current ALPHA         :   0.126E+01   Rg :  0.276E+02   I(0) :   0.455E+02

           Total  estimate : 0.705  which is  A REASONABLE  solution

      S          J EXP       ERROR       J REG       I REG

  0.0000E+00                                      0.4552E+02
  0.8591E-03                                      0.4551E+02
  0.1718E-02                                      0.4549E+02
  0.2577E-02                                      0.4544E+02
  0.3436E-02                                      0.4538E+02
  0.4295E-02                                      0.4531E+02
  0.5155E-02                                      0.4521E+02
  0.6014E-02                                      0.4510E+02
  0.6873E-02                                      0.4498E+02
  0.7732E-02                                      0.4483E+02
  0.8591E-02                                      0.4468E+02
  0.9450E-02                                      0.4450E+02
  0.1031E-01                                      0.4431E+02
  0.1117E-01                                      0.4410E+02
  0.1203E-01                                      0.4388E+02
  0.1289E-01                                      0.4364E+02
  0.1375E-01                                      0.4339E+02
  0.1460E-01                                      0.4312E+02
  0.1546E-01                                      0.4284E+02
  0.1632E-01                                      0.4255E+02
  0.1718E-01                                      0.4224E+02
  0.1804E-01                                      0.4192E+02
  0.1890E-01                                      0.4158E+02
  0.1976E-01                                      0.4123E+02
  0.2062E-01                                      0.4087E+02
  0.2148E-01                                      0.4050E+02
  0.2234E-01                                      0.4012E+02
  0.2320E-01                                      0.3973E+02
  0.2405E-01  0.4027E+02  0.1318E+01  0.3932E+02  0.3932E+02
  0.2490E-01  0.3969E+02  0.1268E+01  0.3891E+02  0.3891E+02
  0.2575E-01  0.3884E+02  0.1175E+01  0.3850E+02  0.3850E+02
  0.2660E-01  0.3851E+02  0.9789E+00  0.3807E+02  0.3807E+02
  0.2745E-01  0.3863E+02  0.6345E+00  0.3763E+02  0.3763E+02
  0.2829E-01  0.3785E+02  0.6223E+00  0.3719E+02  0.3719E+02
  0.2914E-01  0.3743E+02  0.6275E+00  0.3674E+02  0.3674E+02
  0.2999E-01  0.3654E+02  0.6268E+00  0.3628E+02  0.3628E+02
  0.3084E-01  0.3473E+02  0.6465E+00  0.3582E+02  0.3582E+02
  0.3168E-01  0.3474E+02  0.6097E+00  0.3534E+02  0.3534E+02
  0.3253E-01  0.3436E+02  0.6079E+00  0.3487E+02  0.3487E+02
  0.3338E-01  0.3488E+02  0.5825E+00  0.3438E+02  0.3438E+02
  0.3423E-01  0.3377E+02  0.4446E+00  0.3390E+02  0.3390E+02
  0.3507E-01  0.3362E+02  0.3787E+00  0.3340E+02  0.3340E+02
  0.3592E-01  0.3312E+02  0.3654E+00  0.3291E+02  0.3291E+02
  0.3677E-01  0.3291E+02  0.3664E+00  0.3241E+02  0.3241E+02
  0.3762E-01  0.3242E+02  0.3614E+00  0.3190E+02  0.3190E+02
  0.3846E-01  0.3164E+02  0.3568E+00  0.3140E+02  0.3140E+02
  0.3931E-01  0.3113E+02  0.3562E+00  0.3089E+02  0.3089E+02
  0.4016E-01  0.3036E+02  0.3477E+00  0.3038E+02  0.3038E+02
  0.4101E-01  0.2947E+02  0.3524E+00  0.2986E+02  0.2986E+02
  0.4185E-01  0.2887E+02  0.3443E+00  0.2935E+02  0.2935E+02
  0.4270E-01  0.2806E+02  0.3430E+00  0.2884E+02  0.2884E+02
  0.4355E-01  0.2810E+02  0.3382E+00  0.2832E+02  0.2832E+02
  0.4440E-01  0.2803E+02  0.3273E+00  0.2781E+02  0.2781E+02
  0.4525E-01  0.2750E+02  0.3269E+00  0.2729E+02  0.2729E+02
  0.4609E-01  0.2666E+02  0.3194E+00  0.2678E+02  0.2678E+02
  0.4694E-01  0.2566E+02  0.3155E+00  0.2627E+02  0.2627E+02
  0.4779E-01  0.2546E+02  0.3138E+00  0.2576E+02  0.2576E+02
  0.4864E-01  0.2537E+02  0.3112E+00  0.2525E+02  0.2525E+02
  0.4948E-01  0.2521E+02  0.3113E+00  0.2474E+02  0.2474E+02
  0.5033E-01  0.2406E+02  0.3065E+00  0.2424E+02  0.2424E+02
  0.5118E-01  0.2288E+02  0.3073E+00  0.2373E+02  0.2373E+02
  0.5203E-01  0.2250E+02  0.3050E+00  0.2323E+02  0.2323E+02
  0.5287E-01  0.2272E+02  0.3019E+00  0.2274E+02  0.2274E+02
  0.5372E-01  0.2193E+02  0.2973E+00  0.2225E+02  0.2225E+02
  0.5457E-01  0.2160E+02  0.2938E+00  0.2176E+02  0.2176E+02
  0.5542E-01  0.2154E+02  0.2930E+00  0.2128E+02  0.2128E+02
  0.5626E-01  0.2094E+02  0.2843E+00  0.2080E+02  0.2080E+02
  0.5711E-01  0.2064E+02  0.2842E+00  0.2032E+02  0.2032E+02
  0.5796E-01  0.2002E+02  0.2833E+00  0.1985E+02  0.1985E+02
  0.5881E-01  0.1903E+02  0.2792E+00  0.1939E+02  0.1939E+02
  0.5965E-01  0.1857E+02  0.2759E+00  0.1893E+02  0.1893E+02
  0.6050E-01  0.1835E+02  0.2721E+00  0.1847E+02  0.1847E+02
  0.6135E-01  0.1838E+02  0.2718E+00  0.1802E+02  0.1802E+02
  0.6220E-01  0.1758E+02  0.2644E+00  0.1758E+02  0.1758E+02
  0.6304E-01  0.1705E+02  0.2654E+00  0.1714E+02  0.1714E+02
  0.6389E-01  0.1704E+02  0.2677E+00  0.1671E+02  0.1671E+02
  0.6474E-01  0.1662E+02  0.2680E+00  0.1629E+02  0.1629E+02
  0.6559E-01  0.1637E+02  0.2669E+00  0.1587E+02  0.1587E+02
  0.6644E-01  0.1582E+02  0.2643E+00  0.1546E+02  0.1546E+02
  0.6728E-01  0.1502E+02  0.2632E+00  0.1505E+02  0.1505E+02
  0.6813E-01  0.1478E+02  0.2607E+00  0.1465E+02  0.1465E+02
  0.6898E-01  0.1413E+02  0.2584E+00  0.1426E+02  0.1426E+02
  0.6983E-01  0.1394E+02  0.2565E+00  0.1387E+02  0.1387E+02
  0.7067E-01  0.1375E+02  0.2644E+00  0.1349E+02  0.1349E+02
  0.7152E-01  0.1299E+02  0.1479E+00  0.1312E+02  0.1312E+02
  0.7237E-01  0.1277E+02  0.8945E-01  0.1275E+02  0.1275E+02
  0.7322E-01  0.1247E+02  0.8760E-01  0.1240E+02  0.1240E+02
  0.7406E-01  0.1208E+02  0.8717E-01  0.1204E+02  0.1204E+02
  0.7491E-01  0.1163E+02  0.8616E-01  0.1170E+02  0.1170E+02
  0.7576E-01  0.1145E+02  0.8642E-01  0.1136E+02  0.1136E+02
  0.7661E-01  0.1129E+02  0.8564E-01  0.1103E+02  0.1103E+02
  0.7745E-01  0.1087E+02  0.8676E-01  0.1070E+02  0.1070E+02
  0.7830E-01  0.1055E+02  0.8427E-01  0.1038E+02  0.1038E+02
  0.7915E-01  0.1009E+02  0.8445E-01  0.1007E+02  0.1007E+02
  0.8000E-01  0.9736E+01  0.8549E-01  0.9768E+01  0.9768E+01
  0.8084E-01  0.9537E+01  0.8334E-01  0.9470E+01  0.9470E+01
  0.8169E-01  0.9348E+01  0.8303E-01  0.9179E+01  0.9179E+01
  0.8254E-01  0.9070E+01  0.8138E-01  0.8894E+01  0.8894E+01
  0.8339E-01  0.8701E+01  0.8052E-01  0.8616E+01  0.8616E+01
  0.8424E-01  0.8412E+01  0.8105E-01  0.8344E+01  0.8344E+01
  0.8508E-01  0.8111E+01  0.7971E-01  0.8079E+01  0.8079E+01
  0.8593E-01  0.7875E+01  0.7949E-01  0.7820E+01  0.7820E+01
  0.8678E-01  0.7556E+01  0.7776E-01  0.7567E+01  0.7567E+01
  0.8763E-01  0.7208E+01  0.7760E-01  0.7321E+01  0.7321E+01
  0.8847E-01  0.7040E+01  0.7809E-01  0.7081E+01  0.7081E+01
  0.8932E-01  0.6833E+01  0.7750E-01  0.6847E+01  0.6847E+01
  0.9017E-01  0.6450E+01  0.4460E-01  0.6618E+01  0.6618E+01
  0.9102E-01  0.6415E+01  0.3936E-01  0.6396E+01  0.6396E+01
  0.9186E-01  0.6169E+01  0.3916E-01  0.6180E+01  0.6180E+01
  0.9271E-01  0.5871E+01  0.3860E-01  0.5969E+01  0.5969E+01
  0.9356E-01  0.5680E+01  0.3850E-01  0.5764E+01  0.5764E+01
  0.9441E-01  0.5539E+01  0.4085E-01  0.5564E+01  0.5564E+01
  0.9525E-01  0.5370E+01  0.4090E-01  0.5370E+01  0.5370E+01
  0.9610E-01  0.5182E+01  0.4029E-01  0.5182E+01  0.5182E+01
  0.9695E-01  0.5011E+01  0.3776E-01  0.4998E+01  0.4998E+01
  0.9780E-01  0.4841E+01  0.3699E-01  0.4820E+01  0.4820E+01
  0.9864E-01  0.4605E+01  0.3684E-01  0.4647E+01  0.4647E+01
  0.9949E-01  0.4398E+01  0.3638E-01  0.4479E+01  0.4479E+01
  0.1003E+00  0.4265E+01  0.3631E-01  0.4315E+01  0.4315E+01
  0.1012E+00  0.4109E+01  0.3603E-01  0.4157E+01  0.4157E+01
  0.1020E+00  0.3925E+01  0.3589E-01  0.4003E+01  0.4003E+01
  0.1029E+00  0.3828E+01  0.3571E-01  0.3854E+01  0.3854E+01
  0.1037E+00  0.3701E+01  0.3496E-01  0.3710E+01  0.3710E+01
  0.1046E+00  0.3537E+01  0.3550E-01  0.3569E+01  0.3569E+01
  0.1054E+00  0.3420E+01  0.3689E-01  0.3434E+01  0.3434E+01
  0.1063E+00  0.3318E+01  0.2239E-01  0.3302E+01  0.3302E+01
  0.1071E+00  0.3227E+01  0.2229E-01  0.3175E+01  0.3175E+01
  0.1080E+00  0.3103E+01  0.2213E-01  0.3052E+01  0.3052E+01
  0.1088E+00  0.2961E+01  0.2232E-01  0.2932E+01  0.2932E+01
  0.1097E+00  0.2825E+01  0.2231E-01  0.2817E+01  0.2817E+01
  0.1105E+00  0.2729E+01  0.2218E-01  0.2705E+01  0.2705E+01
  0.1114E+00  0.2613E+01  0.2164E-01  0.2597E+01  0.2597E+01
  0.1122E+00  0.2478E+01  0.2155E-01  0.2493E+01  0.2493E+01
  0.1131E+00  0.2378E+01  0.2145E-01  0.2393E+01  0.2393E+01
  0.1139E+00  0.2298E+01  0.2106E-01  0.2296E+01  0.2296E+01
  0.1147E+00  0.2250E+01  0.2107E-01  0.2202E+01  0.2202E+01
  0.1156E+00  0.2176E+01  0.2081E-01  0.2112E+01  0.2112E+01
  0.1164E+00  0.2032E+01  0.2093E-01  0.2024E+01  0.2024E+01
  0.1173E+00  0.1937E+01  0.2095E-01  0.1941E+01  0.1941E+01
  0.1181E+00  0.1884E+01  0.2093E-01  0.1860E+01  0.1860E+01
  0.1190E+00  0.1816E+01  0.2091E-01  0.1782E+01  0.1782E+01
  0.1198E+00  0.1746E+01  0.2068E-01  0.1707E+01  0.1707E+01
  0.1207E+00  0.1648E+01  0.2100E-01  0.1635E+01  0.1635E+01
  0.1215E+00  0.1573E+01  0.2213E-01  0.1566E+01  0.1566E+01
  0.1224E+00  0.1480E+01  0.1241E-01  0.1500E+01  0.1500E+01
  0.1232E+00  0.1413E+01  0.1239E-01  0.1436E+01  0.1436E+01
  0.1241E+00  0.1345E+01  0.1237E-01  0.1375E+01  0.1375E+01
  0.1249E+00  0.1314E+01  0.1227E-01  0.1317E+01  0.1317E+01
  0.1258E+00  0.1269E+01  0.1217E-01  0.1260E+01  0.1260E+01
  0.1266E+00  0.1186E+01  0.1204E-01  0.1207E+01  0.1207E+01
  0.1275E+00  0.1142E+01  0.1205E-01  0.1155E+01  0.1155E+01
  0.1283E+00  0.1107E+01  0.1194E-01  0.1106E+01  0.1106E+01
  0.1292E+00  0.1067E+01  0.1186E-01  0.1060E+01  0.1060E+01
  0.1300E+00  0.1030E+01  0.1164E-01  0.1015E+01  0.1015E+01
  0.1309E+00  0.9782E+00  0.1179E-01  0.9723E+00  0.9723E+00
  0.1317E+00  0.9333E+00  0.1224E-01  0.9318E+00  0.9318E+00
  0.1325E+00  0.8836E+00  0.1155E-01  0.8932E+00  0.8932E+00
  0.1334E+00  0.8532E+00  0.1148E-01  0.8565E+00  0.8565E+00
  0.1342E+00  0.8108E+00  0.1141E-01  0.8216E+00  0.8216E+00
  0.1351E+00  0.7888E+00  0.1161E-01  0.7886E+00  0.7886E+00
  0.1359E+00  0.7431E+00  0.1158E-01  0.7573E+00  0.7573E+00
  0.1368E+00  0.7126E+00  0.1160E-01  0.7277E+00  0.7277E+00
  0.1376E+00  0.6995E+00  0.1165E-01  0.6997E+00  0.6997E+00
  0.1385E+00  0.6843E+00  0.1167E-01  0.6732E+00  0.6732E+00
  0.1393E+00  0.6384E+00  0.1171E-01  0.6483E+00  0.6483E+00
  0.1402E+00  0.6258E+00  0.1160E-01  0.6248E+00  0.6248E+00
  0.1410E+00  0.5960E+00  0.1157E-01  0.6028E+00  0.6028E+00
  0.1419E+00  0.5698E+00  0.1150E-01  0.5820E+00  0.5820E+00
  0.1427E+00  0.5706E+00  0.1140E-01  0.5626E+00  0.5626E+00
  0.1436E+00  0.5718E+00  0.1132E-01  0.5445E+00  0.5445E+00
  0.1444E+00  0.5490E+00  0.1112E-01  0.5275E+00  0.5275E+00
  0.1453E+00  0.5177E+00  0.1115E-01  0.5117E+00  0.5117E+00
  0.1461E+00  0.4999E+00  0.1099E-01  0.4969E+00  0.4969E+00
  0.1470E+00  0.4759E+00  0.1096E-01  0.4832E+00  0.4832E+00
  0.1478E+00  0.4765E+00  0.1103E-01  0.4706E+00  0.4706E+00
  0.1487E+00  0.4569E+00  0.1090E-01  0.4588E+00  0.4588E+00
  0.1495E+00  0.4486E+00  0.1090E-01  0.4480E+00  0.4480E+00
  0.1503E+00  0.4319E+00  0.1081E-01  0.4381E+00  0.4381E+00
  0.1512E+00  0.4220E+00  0.1094E-01  0.4290E+00  0.4290E+00
  0.1520E+00  0.4181E+00  0.1092E-01  0.4206E+00  0.4206E+00
  0.1529E+00  0.4100E+00  0.1093E-01  0.4130E+00  0.4130E+00
  0.1537E+00  0.4089E+00  0.1107E-01  0.4061E+00  0.4061E+00
  0.1546E+00  0.4059E+00  0.1100E-01  0.3998E+00  0.3998E+00
  0.1554E+00  0.3990E+00  0.1111E-01  0.3941E+00  0.3941E+00
  0.1563E+00  0.3832E+00  0.1103E-01  0.3891E+00  0.3891E+00
  0.1571E+00  0.3853E+00  0.1097E-01  0.3845E+00  0.3845E+00
  0.1580E+00  0.3920E+00  0.1095E-01  0.3805E+00  0.3805E+00
  0.1588E+00  0.3803E+00  0.1071E-01  0.3769E+00  0.3769E+00
  0.1597E+00  0.3795E+00  0.1081E-01  0.3738E+00  0.3738E+00
  0.1605E+00  0.3687E+00  0.1065E-01  0.3710E+00  0.3710E+00
  0.1614E+00  0.3527E+00  0.1058E-01  0.3686E+00  0.3686E+00
  0.1622E+00  0.3432E+00  0.1062E-01  0.3666E+00  0.3666E+00
  0.1631E+00  0.3631E+00  0.1054E-01  0.3649E+00  0.3649E+00
  0.1639E+00  0.3737E+00  0.1062E-01  0.3635E+00  0.3635E+00
  0.1648E+00  0.3804E+00  0.1065E-01  0.3623E+00  0.3623E+00
  0.1656E+00  0.3633E+00  0.1126E-01  0.3613E+00  0.3613E+00
  0.1665E+00  0.3528E+00  0.1069E-01  0.3606E+00  0.3606E+00
  0.1673E+00  0.3665E+00  0.1052E-01  0.3600E+00  0.3600E+00
  0.1681E+00  0.3558E+00  0.1054E-01  0.3596E+00  0.3596E+00
  0.1690E+00  0.3505E+00  0.1046E-01  0.3593E+00  0.3593E+00
  0.1698E+00  0.3603E+00  0.1037E-01  0.3591E+00  0.3591E+00
  0.1707E+00  0.3608E+00  0.1024E-01  0.3591E+00  0.3591E+00
  0.1715E+00  0.3647E+00  0.1020E-01  0.3591E+00  0.3591E+00
  0.1724E+00  0.3622E+00  0.1022E-01  0.3591E+00  0.3591E+00
  0.1732E+00  0.3659E+00  0.1014E-01  0.3593E+00  0.3593E+00
  0.1741E+00  0.3667E+00  0.1017E-01  0.3594E+00  0.3594E+00
  0.1749E+00  0.3786E+00  0.1007E-01  0.3596E+00  0.3596E+00
  0.1758E+00  0.3686E+00  0.1015E-01  0.3598E+00  0.3598E+00
  0.1766E+00  0.3499E+00  0.1013E-01  0.3600E+00  0.3600E+00
  0.1775E+00  0.3455E+00  0.1009E-01  0.3601E+00  0.3601E+00
  0.1783E+00  0.3613E+00  0.1012E-01  0.3603E+00  0.3603E+00
  0.1792E+00  0.3530E+00  0.1008E-01  0.3604E+00  0.3604E+00
  0.1800E+00  0.3476E+00  0.1011E-01  0.3605E+00  0.3605E+00
  0.1809E+00  0.3522E+00  0.1018E-01  0.3605E+00  0.3605E+00
  0.1817E+00  0.3576E+00  0.1020E-01  0.3605E+00  0.3605E+00
  0.1826E+00  0.3638E+00  0.1021E-01  0.3604E+00  0.3604E+00
  0.1834E+00  0.3637E+00  0.1010E-01  0.3603E+00  0.3603E+00
  0.1843E+00  0.3587E+00  0.1009E-01  0.3601E+00  0.3601E+00
  0.1851E+00  0.3599E+00  0.1004E-01  0.3599E+00  0.3599E+00
  0.1859E+00  0.3548E+00  0.9990E-02  0.3595E+00  0.3595E+00
  0.1868E+00  0.3535E+00  0.9921E-02  0.3592E+00  0.3592E+00
  0.1876E+00  0.3477E+00  0.9903E-02  0.3587E+00  0.3587E+00
  0.1885E+00  0.3396E+00  0.9937E-02  0.3582E+00  0.3582E+00
  0.1893E+00  0.3571E+00  0.9855E-02  0.3576E+00  0.3576E+00
  0.1902E+00  0.3540E+00  0.9938E-02  0.3570E+00  0.3570E+00
  0.1910E+00  0.3511E+00  0.9955E-02  0.3563E+00  0.3563E+00
  0.1919E+00  0.3614E+00  0.9842E-02  0.3555E+00  0.3555E+00
  0.1927E+00  0.3478E+00  0.9801E-02  0.3547E+00  0.3547E+00
  0.1936E+00  0.3604E+00  0.9732E-02  0.3538E+00  0.3538E+00
  0.1944E+00  0.3534E+00  0.9684E-02  0.3528E+00  0.3528E+00
  0.1953E+00  0.3685E+00  0.9612E-02  0.3518E+00  0.3518E+00
  0.1961E+00  0.3633E+00  0.9598E-02  0.3508E+00  0.3508E+00
  0.1970E+00  0.3570E+00  0.9494E-02  0.3497E+00  0.3497E+00
  0.1978E+00  0.3562E+00  0.9432E-02  0.3485E+00  0.3485E+00
  0.1987E+00  0.3586E+00  0.9452E-02  0.3474E+00  0.3474E+00
  0.1995E+00  0.3465E+00  0.9281E-02  0.3461E+00  0.3461E+00
  0.2004E+00  0.3497E+00  0.9292E-02  0.3449E+00  0.3449E+00
  0.2012E+00  0.3629E+00  0.9281E-02  0.3436E+00  0.3436E+00
  0.2021E+00  0.3426E+00  0.9269E-02  0.3423E+00  0.3423E+00
  0.2029E+00  0.3203E+00  0.9351E-02  0.3410E+00  0.3410E+00
  0.2037E+00  0.3235E+00  0.9310E-02  0.3396E+00  0.3396E+00
  0.2046E+00  0.3375E+00  0.9399E-02  0.3383E+00  0.3383E+00
  0.2054E+00  0.3403E+00  0.9475E-02  0.3369E+00  0.3369E+00
  0.2063E+00  0.3348E+00  0.9547E-02  0.3355E+00  0.3355E+00
  0.2071E+00  0.3350E+00  0.9536E-02  0.3341E+00  0.3341E+00
  0.2080E+00  0.3386E+00  0.9495E-02  0.3327E+00  0.3327E+00
  0.2088E+00  0.3355E+00  0.9599E-02  0.3313E+00  0.3313E+00
  0.2097E+00  0.3322E+00  0.9577E-02  0.3299E+00  0.3299E+00
  0.2105E+00  0.3151E+00  0.9593E-02  0.3285E+00  0.3285E+00
  0.2114E+00  0.3169E+00  0.9613E-02  0.3271E+00  0.3271E+00
  0.2122E+00  0.3218E+00  0.9643E-02  0.3257E+00  0.3257E+00
  0.2131E+00  0.3279E+00  0.9729E-02  0.3243E+00  0.3243E+00
  0.2139E+00  0.3287E+00  0.9678E-02  0.3229E+00  0.3229E+00
  0.2148E+00  0.3320E+00  0.9699E-02  0.3216E+00  0.3216E+00
  0.2156E+00  0.3276E+00  0.9583E-02  0.3202E+00  0.3202E+00
  0.2165E+00  0.3319E+00  0.9623E-02  0.3188E+00  0.3188E+00
  0.2173E+00  0.3214E+00  0.9690E-02  0.3175E+00  0.3175E+00
  0.2182E+00  0.3121E+00  0.9628E-02  0.3161E+00  0.3161E+00
  0.2190E+00  0.3062E+00  0.9653E-02  0.3148E+00  0.3148E+00
  0.2199E+00  0.3101E+00  0.9677E-02  0.3135E+00  0.3135E+00
  0.2207E+00  0.3111E+00  0.9941E-02  0.3122E+00  0.3122E+00
  0.2215E+00  0.3073E+00  0.1003E-01  0.3109E+00  0.3109E+00
  0.2224E+00  0.2965E+00  0.1006E-01  0.3095E+00  0.3095E+00
  0.2232E+00  0.3040E+00  0.1021E-01  0.3082E+00  0.3082E+00
  0.2241E+00  0.2973E+00  0.1021E-01  0.3069E+00  0.3069E+00
  0.2249E+00  0.3106E+00  0.1038E-01  0.3056E+00  0.3056E+00
  0.2258E+00  0.3090E+00  0.1048E-01  0.3043E+00  0.3043E+00
  0.2266E+00  0.3064E+00  0.1056E-01  0.3030E+00  0.3030E+00
  0.2275E+00  0.2987E+00  0.1058E-01  0.3017E+00  0.3017E+00
  0.2283E+00  0.2806E+00  0.1058E-01  0.3004E+00  0.3004E+00
  0.2292E+00  0.2891E+00  0.1076E-01  0.2991E+00  0.2991E+00
  0.2300E+00  0.3006E+00  0.1067E-01  0.2978E+00  0.2978E+00
  0.2309E+00  0.2975E+00  0.1074E-01  0.2965E+00  0.2965E+00
  0.2317E+00  0.2875E+00  0.1083E-01  0.2951E+00  0.2951E+00
  0.2326E+00  0.2930E+00  0.1085E-01  0.2938E+00  0.2938E+00
  0.2334E+00  0.2854E+00  0.1093E-01  0.2924E+00  0.2924E+00
  0.2343E+00  0.3011E+00  0.1076E-01  0.2910E+00  0.2910E+00
  0.2351E+00  0.3059E+00  0.1096E-01  0.2896E+00  0.2896E+00
  0.2360E+00  0.3110E+00  0.1103E-01  0.2882E+00  0.2882E+00
  0.2368E+00  0.2753E+00  0.1107E-01  0.2868E+00  0.2868E+00
  0.2377E+00  0.2820E+00  0.1113E-01  0.2853E+00  0.2853E+00
  0.2385E+00  0.2837E+00  0.1101E-01  0.2838E+00  0.2838E+00
  0.2393E+00  0.2770E+00  0.1121E-01  0.2823E+00  0.2823E+00
  0.2402E+00  0.2737E+00  0.1127E-01  0.2808E+00  0.2808E+00
  0.2410E+00  0.2851E+00  0.1124E-01  0.2792E+00  0.2792E+00
  0.2419E+00  0.2885E+00  0.1148E-01  0.2776E+00  0.2776E+00
  0.2427E+00  0.2688E+00  0.1142E-01  0.2760E+00  0.2760E+00
  0.2436E+00  0.2769E+00  0.1170E-01  0.2744E+00  0.2744E+00
  0.2444E+00  0.2946E+00  0.1161E-01  0.2727E+00  0.2727E+00
  0.2453E+00  0.2966E+00  0.1169E-01  0.2710E+00  0.2710E+00
  0.2461E+00  0.2796E+00  0.1177E-01  0.2693E+00  0.2693E+00
  0.2470E+00  0.2746E+00  0.1162E-01  0.2675E+00  0.2675E+00
  0.2478E+00  0.2704E+00  0.1172E-01  0.2658E+00  0.2658E+00
  0.2487E+00  0.2621E+00  0.1160E-01  0.2640E+00  0.2640E+00
  0.2495E+00  0.2525E+00  0.1172E-01  0.2621E+00  0.2621E+00
  0.2504E+00  0.2387E+00  0.1176E-01  0.2603E+00  0.2603E+00
  0.2512E+00  0.2413E+00  0.1184E-01  0.2584E+00  0.2584E+00
  0.2521E+00  0.2443E+00  0.1187E-01  0.2565E+00  0.2565E+00

           Distance distribution  function of particle  


       R          P(R)      ERROR

  0.0000E+00  0.0000E+00  0.0000E+00
  0.9990E+00  0.1354E-02  0.5980E-04
  0.1998E+01  0.3020E-02  0.9691E-04
  0.2997E+01  0.4993E-02  0.1128E-03
  0.3996E+01  0.7267E-02  0.1100E-03
  0.4995E+01  0.9830E-02  0.9171E-04
  0.5994E+01  0.1267E-01  0.6201E-04
  0.6993E+01  0.1577E-01  0.2737E-04
  0.7992E+01  0.1911E-01  0.2717E-04
  0.8991E+01  0.2267E-01  0.6489E-04
  0.9990E+01  0.2643E-01  0.1016E-03
  0.1099E+02  0.3036E-01  0.1316E-03
  0.1199E+02  0.3444E-01  0.1524E-03
  0.1299E+02  0.3863E-01  0.1624E-03
  0.1399E+02  0.4291E-01  0.1614E-03
  0.1499E+02  0.4724E-01  0.1503E-03
  0.1598E+02  0.5159E-01  0.1316E-03
  0.1698E+02  0.5593E-01  0.1106E-03
  0.1798E+02  0.6021E-01  0.9625E-04
  0.1898E+02  0.6441E-01  0.9936E-04
  0.1998E+02  0.6849E-01  0.1206E-03
  0.2098E+02  0.7240E-01  0.1505E-03
  0.2198E+02  0.7612E-01  0.1808E-03
  0.2298E+02  0.7959E-01  0.2062E-03
  0.2398E+02  0.8280E-01  0.2239E-03
  0.2498E+02  0.8570E-01  0.2323E-03
  0.2597E+02  0.8826E-01  0.2313E-03
  0.2697E+02  0.9046E-01  0.2219E-03
  0.2797E+02  0.9227E-01  0.2065E-03
  0.2897E+02  0.9367E-01  0.1889E-03
  0.2997E+02  0.9464E-01  0.1740E-03
  0.3097E+02  0.9518E-01  0.1669E-03
  0.3197E+02  0.9528E-01  0.1703E-03
  0.3297E+02  0.9495E-01  0.1825E-03
  0.3397E+02  0.9419E-01  0.1988E-03
  0.3497E+02  0.9301E-01  0.2144E-03
  0.3596E+02  0.9145E-01  0.2260E-03
  0.3696E+02  0.8952E-01  0.2320E-03
  0.3796E+02  0.8726E-01  0.2326E-03
  0.3896E+02  0.8471E-01  0.2295E-03
  0.3996E+02  0.8189E-01  0.2262E-03
  0.4096E+02  0.7886E-01  0.2268E-03
  0.4196E+02  0.7566E-01  0.2348E-03
  0.4296E+02  0.7233E-01  0.2515E-03
  0.4396E+02  0.6891E-01  0.2752E-03
  0.4496E+02  0.6544E-01  0.3024E-03
  0.4595E+02  0.6196E-01  0.3289E-03
  0.4695E+02  0.5850E-01  0.3515E-03
  0.4795E+02  0.5509E-01  0.3676E-03
  0.4895E+02  0.5177E-01  0.3758E-03
  0.4995E+02  0.4854E-01  0.3757E-03
  0.5095E+02  0.4543E-01  0.3679E-03
  0.5195E+02  0.4244E-01  0.3541E-03
  0.5295E+02  0.3960E-01  0.3369E-03
  0.5395E+02  0.3689E-01  0.3191E-03
  0.5495E+02  0.3433E-01  0.3039E-03
  0.5594E+02  0.3191E-01  0.2935E-03
  0.5694E+02  0.2962E-01  0.2888E-03
  0.5794E+02  0.2748E-01  0.2889E-03
  0.5894E+02  0.2546E-01  0.2920E-03
  0.5994E+02  0.2358E-01  0.2962E-03
  0.6094E+02  0.2181E-01  0.3002E-03
  0.6194E+02  0.2017E-01  0.3039E-03
  0.6294E+02  0.1864E-01  0.3085E-03
  0.6394E+02  0.1722E-01  0.3158E-03
  0.6494E+02  0.1591E-01  0.3279E-03
  0.6593E+02  0.1471E-01  0.3459E-03
  0.6693E+02  0.1361E-01  0.3693E-03
  0.6793E+02  0.1261E-01  0.3965E-03
  0.6893E+02  0.1171E-01  0.4247E-03
  0.6993E+02  0.1090E-01  0.4509E-03
  0.7093E+02  0.1017E-01  0.4725E-03
  0.7193E+02  0.9513E-02  0.4870E-03
  0.7293E+02  0.8927E-02  0.4930E-03
  0.7393E+02  0.8398E-02  0.4895E-03
  0.7493E+02  0.7915E-02  0.4766E-03
  0.7592E+02  0.7467E-02  0.4548E-03
  0.7692E+02  0.7043E-02  0.4254E-03
  0.7792E+02  0.6632E-02  0.3905E-03
  0.7892E+02  0.6225E-02  0.3526E-03
  0.7992E+02  0.5814E-02  0.3148E-03
  0.8092E+02  0.5393E-02  0.2808E-03
  0.8192E+02  0.4959E-02  0.2542E-03
  0.8292E+02  0.4511E-02  0.2379E-03
  0.8392E+02  0.4049E-02  0.2322E-03
  0.8492E+02  0.3579E-02  0.2352E-03
  0.8591E+02  0.3107E-02  0.2433E-03
  0.8691E+02  0.2640E-02  0.2536E-03
  0.8791E+02  0.2189E-02  0.2651E-03
  0.8891E+02  0.1761E-02  0.2795E-03
  0.8991E+02  0.1368E-02  0.3002E-03
  0.9091E+02  0.1016E-02  0.3308E-03
  0.9191E+02  0.7143E-03  0.3722E-03
  0.9291E+02  0.4657E-03  0.4214E-03
  0.9391E+02  0.2723E-03  0.4710E-03
  0.9491E+02  0.1330E-03  0.5103E-03
  0.9590E+02  0.4326E-04  0.5254E-03
  0.9690E+02 -0.4184E-05  0.5005E-03
  0.9790E+02 -0.1917E-04  0.4177E-03
  0.9890E+02 -0.1347E-04  0.2577E-03
  0.9990E+02  0.0000E+00  0.0000E+00
          Reciprocal space: Rg =   27.57     , I(0) =   0.4552E+02
     Real space: Rg =   27.61 +- 0.150  I(0) =   0.4552E+02 +-  0.2241E+00
