
           ####    G N O M   ---   Version 4.5a revised 09/02/02     ####

                                                  Fri Oct 20 04:20:23 2017
           ===    Run No   1   ===
 Run title:   0.189690E-01  0.301834E+02  0.465203E+00


   *******   Working Directory :
   *******    Input file(s) : 23916_merge2_q30.dat
           Condition P(rmin) = 0 is used. 
           Condition P(rmax) = 0 is used. 

          Experimental conditions for the first run
          -----------------------------------------

          Highest ALPHA is found to be   0.1731E+04

  The measure of inconsistency AN1 equals to    0.8342E+00
     Alpha    Discrp  Oscill  Stabil  Sysdev  Positv  Valcen    Total   
  0.1731E+07 56.9466  1.9666  0.9760  0.0000  1.0000  0.6979  0.00001
  0.3463E+06 54.6321  1.9429  0.9253  0.0000  1.0000  0.7009  0.00001
  0.6925E+05 46.9446  1.8409  0.7627  0.0000  1.0000  0.7143  0.00001
  0.1385E+05 34.9983  1.5731  0.5745  0.0364  1.0000  0.7541  0.00001
  0.2770E+04 22.3984  1.3768  0.4607  0.0364  1.0000  0.8070  0.00001
  0.5540E+03  9.3850  1.3613  0.2132  0.1333  1.0000  0.8375  0.00001
  0.1108E+03  2.7472  1.4180  0.0623  0.3758  1.0000  0.8431  0.00001
  0.2216E+02  0.8896  1.4666  0.0202  0.4848  1.0000  0.8417  0.50806
  0.4432E+01  0.6314  1.4841  0.0053  0.5455  1.0000  0.8407  0.45676
  0.8865E+00  0.6108  1.4906  0.0029  0.5697  1.0000  0.8401  0.42817
  0.1773E+00  0.6069  1.5015  0.0114  0.5697  1.0000  0.8394  0.10000
  0.3546E-01  0.5962  1.6612  0.0432  0.5576  1.0000  0.8369  0.10000
  0.7092E-02  0.5742  2.6635  0.0800  0.5939  0.9994  0.8281  0.10000
  0.1418E-02  0.5622  3.9592  0.0445  0.5818  0.9973  0.8163  0.10000
  0.2837E-03  0.5606  4.4922  0.0222  0.5697  0.9962  0.8108  0.10000
  0.5673E-04  0.5604  4.9847  0.1090  0.5697  0.9967  0.8067  0.10000
  0.1135E-04  0.5598  9.2205  0.4562  0.5697  0.9883  0.7472  0.10000
  0.2269E-05  0.5576 15.9165  0.7007  0.5697  0.8708  0.4410  0.10000
  0.4539E-06  0.5543 18.0996  0.4311  0.5697  0.7790  0.3185  0.10000
  0.9077E-07  0.5516 21.7280  0.8349  0.5697  0.7279  0.2724  0.10000
  0.1815E-07  0.5447 20.5197  0.8576  0.5697  0.7252  0.2833  0.10000
  0.3631E-08  0.5290 22.0767  0.5904  0.5818  0.7160  0.2854  0.10000
  0.7262E-09  0.4999 28.6032  0.7222  0.6061  0.6973  0.2591  0.10000
  0.1452E-09  0.4352 32.0137  0.6813  0.5939  0.7157  0.3824  0.10000
  0.2905E-10  0.3236 34.6501  0.4985  0.6303  0.7131  0.3861  0.10000
  0.5809E-11  0.2029 37.6380  0.3808  0.6303  0.7131  0.3222  0.10000
  0.1162E-11  0.0997 40.5488  0.2626  0.6182  0.7226  0.2713  0.10000
  0.2324E-12  0.0328 42.7592  0.1151  0.6424  0.7388  0.2542  0.10000
  0.4648E-13  0.0078 43.6407  0.0318  0.6545  0.7486  0.2448  0.10000
  0.9295E-14  0.0016 43.8630  0.0069  0.6545  0.7512  0.2423  0.10000
  0.1859E-14  0.0003 43.9095  0.0014  0.6545  0.7518  0.2418  0.10000

          ***  Golden section search to maximize estimate ***
     Alpha    Discrp  Oscill  Stabil  Sysdev  Positv  Valcen    Total   
  0.1198E+02  0.7173  1.4757  0.0120  0.5455  1.0000  0.8413  0.48771
  0.2803E+02  1.0050  1.4619  0.0243  0.4727  1.0000  0.8419  0.51172
  0.3240E+02  1.0951  1.4586  0.0272  0.4606  1.0000  0.8421  0.50979
  0.2562E+02  0.9568  1.4638  0.0227  0.4848  1.0000  0.8419  0.51112
  0.2962E+02  1.0375  1.4607  0.0254  0.4606  1.0000  0.8420  0.51145
  0.2708E+02  0.9859  1.4626  0.0237  0.4727  1.0000  0.8419  0.51160
  0.2863E+02  1.0171  1.4615  0.0247  0.4727  1.0000  0.8420  0.51170
  0.2766E+02  0.9976  1.4622  0.0241  0.4727  1.0000  0.8419  0.51170
  0.2825E+02  1.0096  1.4617  0.0245  0.4727  1.0000  0.8419  0.51173
  0.2840E+02  1.0124  1.4616  0.0246  0.4727  1.0000  0.8419  0.51172
  0.2817E+02  1.0078  1.4618  0.0244  0.4727  1.0000  0.8419  0.51173
  0.2817E+02  1.0078  1.4618  0.0244  0.4727  1.0000  0.8419  0.51173



             ####            Final results            ####

 Parameter    DISCRP    OSCILL    STABIL    SYSDEV    POSITV    VALCEN
 Weight        1.000     3.000     3.000     4.000     1.000     1.000
 Sigma         0.500     0.600     0.120     0.200     0.120     0.120
 Ideal         1.000     1.100     0.000     1.000     1.000     0.950
 Current       1.008     1.462     0.024     0.473     1.000     0.842
                - - - - - - - - - - - - - - - - - - - - - - - - - 
 Estimate      1.000     0.695     0.959     0.001     1.000     0.444

  Angular   range    :     from    0.0198   to    0.2995
  Real space range   :     from      0.00   to    111.80

  Highest ALPHA (theor) :   0.173E+07                 JOB = 0
  Current ALPHA         :   0.282E+02   Rg :  0.326E+02   I(0) :   0.334E+02

           Total  estimate : 0.512  which is  A REASONABLE  solution

      S          J EXP       ERROR       J REG       I REG

  0.0000E+00                                      0.3338E+02
  0.8616E-03                                      0.3337E+02
  0.1723E-02                                      0.3334E+02
  0.2585E-02                                      0.3330E+02
  0.3446E-02                                      0.3323E+02
  0.4308E-02                                      0.3316E+02
  0.5170E-02                                      0.3306E+02
  0.6031E-02                                      0.3295E+02
  0.6893E-02                                      0.3282E+02
  0.7754E-02                                      0.3267E+02
  0.8616E-02                                      0.3250E+02
  0.9478E-02                                      0.3233E+02
  0.1034E-01                                      0.3213E+02
  0.1120E-01                                      0.3192E+02
  0.1206E-01                                      0.3169E+02
  0.1292E-01                                      0.3145E+02
  0.1379E-01                                      0.3120E+02
  0.1465E-01                                      0.3093E+02
  0.1551E-01                                      0.3065E+02
  0.1637E-01                                      0.3036E+02
  0.1723E-01                                      0.3005E+02
  0.1809E-01                                      0.2973E+02
  0.1896E-01                                      0.2940E+02
  0.1982E-01  0.2988E+02  0.4158E+00  0.2907E+02  0.2907E+02
  0.2066E-01  0.2874E+02  0.1059E+01  0.2872E+02  0.2872E+02
  0.2151E-01  0.2855E+02  0.4356E+00  0.2837E+02  0.2837E+02
  0.2236E-01  0.2813E+02  0.4063E+00  0.2801E+02  0.2801E+02
  0.2321E-01  0.2808E+02  0.3926E+00  0.2764E+02  0.2764E+02
  0.2405E-01  0.2782E+02  0.3803E+00  0.2726E+02  0.2726E+02
  0.2490E-01  0.2749E+02  0.3675E+00  0.2688E+02  0.2688E+02
  0.2575E-01  0.2644E+02  0.3458E+00  0.2649E+02  0.2649E+02
  0.2660E-01  0.2638E+02  0.3428E+00  0.2610E+02  0.2610E+02
  0.2745E-01  0.2647E+02  0.3297E+00  0.2570E+02  0.2570E+02
  0.2829E-01  0.2588E+02  0.3316E+00  0.2529E+02  0.2529E+02
  0.2914E-01  0.2515E+02  0.3396E+00  0.2488E+02  0.2488E+02
  0.2999E-01  0.2491E+02  0.3284E+00  0.2447E+02  0.2447E+02
  0.3084E-01  0.2446E+02  0.3331E+00  0.2406E+02  0.2406E+02
  0.3168E-01  0.2358E+02  0.3127E+00  0.2364E+02  0.2364E+02
  0.3253E-01  0.2331E+02  0.3151E+00  0.2322E+02  0.2322E+02
  0.3338E-01  0.2293E+02  0.3071E+00  0.2280E+02  0.2280E+02
  0.3423E-01  0.2249E+02  0.2950E+00  0.2238E+02  0.2238E+02
  0.3507E-01  0.2222E+02  0.2885E+00  0.2196E+02  0.2196E+02
  0.3592E-01  0.2187E+02  0.2826E+00  0.2154E+02  0.2154E+02
  0.3677E-01  0.2148E+02  0.2809E+00  0.2112E+02  0.2112E+02
  0.3762E-01  0.2107E+02  0.2793E+00  0.2071E+02  0.2071E+02
  0.3846E-01  0.2000E+02  0.2779E+00  0.2029E+02  0.2029E+02
  0.3931E-01  0.1983E+02  0.2734E+00  0.1988E+02  0.1988E+02
  0.4016E-01  0.1959E+02  0.2675E+00  0.1946E+02  0.1946E+02
  0.4101E-01  0.1887E+02  0.2692E+00  0.1905E+02  0.1905E+02
  0.4185E-01  0.1821E+02  0.2645E+00  0.1865E+02  0.1865E+02
  0.4270E-01  0.1809E+02  0.2609E+00  0.1825E+02  0.1825E+02
  0.4355E-01  0.1779E+02  0.2590E+00  0.1785E+02  0.1785E+02
  0.4440E-01  0.1741E+02  0.1995E+00  0.1745E+02  0.1745E+02
  0.4525E-01  0.1727E+02  0.1733E+00  0.1706E+02  0.1706E+02
  0.4609E-01  0.1673E+02  0.1680E+00  0.1668E+02  0.1668E+02
  0.4694E-01  0.1633E+02  0.1657E+00  0.1630E+02  0.1630E+02
  0.4779E-01  0.1613E+02  0.1633E+00  0.1593E+02  0.1593E+02
  0.4864E-01  0.1585E+02  0.1623E+00  0.1556E+02  0.1556E+02
  0.4948E-01  0.1554E+02  0.1621E+00  0.1519E+02  0.1519E+02
  0.5033E-01  0.1503E+02  0.1591E+00  0.1484E+02  0.1484E+02
  0.5118E-01  0.1490E+02  0.1592E+00  0.1448E+02  0.1448E+02
  0.5203E-01  0.1446E+02  0.1578E+00  0.1414E+02  0.1414E+02
  0.5287E-01  0.1398E+02  0.1564E+00  0.1380E+02  0.1380E+02
  0.5372E-01  0.1361E+02  0.1552E+00  0.1347E+02  0.1347E+02
  0.5457E-01  0.1353E+02  0.1522E+00  0.1314E+02  0.1314E+02
  0.5542E-01  0.1346E+02  0.1537E+00  0.1282E+02  0.1282E+02
  0.5626E-01  0.1295E+02  0.1496E+00  0.1251E+02  0.1251E+02
  0.5711E-01  0.1242E+02  0.1501E+00  0.1220E+02  0.1220E+02
  0.5796E-01  0.1197E+02  0.1486E+00  0.1190E+02  0.1190E+02
  0.5881E-01  0.1177E+02  0.1465E+00  0.1160E+02  0.1160E+02
  0.5965E-01  0.1172E+02  0.1444E+00  0.1132E+02  0.1132E+02
  0.6050E-01  0.1173E+02  0.1407E+00  0.1103E+02  0.1103E+02
  0.6135E-01  0.1154E+02  0.1407E+00  0.1076E+02  0.1076E+02
  0.6220E-01  0.1092E+02  0.1381E+00  0.1049E+02  0.1049E+02
  0.6304E-01  0.1050E+02  0.1381E+00  0.1023E+02  0.1023E+02
  0.6389E-01  0.1039E+02  0.1386E+00  0.9971E+01  0.9971E+01
  0.6474E-01  0.9895E+01  0.1084E+00  0.9720E+01  0.9720E+01
  0.6559E-01  0.9770E+01  0.1051E+00  0.9476E+01  0.9476E+01
  0.6644E-01  0.9528E+01  0.1025E+00  0.9238E+01  0.9238E+01
  0.6728E-01  0.9302E+01  0.1038E+00  0.9005E+01  0.9005E+01
  0.6813E-01  0.9113E+01  0.1025E+00  0.8779E+01  0.8779E+01
  0.6898E-01  0.8973E+01  0.1006E+00  0.8558E+01  0.8558E+01
  0.6983E-01  0.8713E+01  0.9984E-01  0.8342E+01  0.8342E+01
  0.7067E-01  0.8374E+01  0.9764E-01  0.8132E+01  0.8132E+01
  0.7152E-01  0.8087E+01  0.9809E-01  0.7927E+01  0.7927E+01
  0.7237E-01  0.7814E+01  0.9633E-01  0.7727E+01  0.7727E+01
  0.7322E-01  0.7671E+01  0.9612E-01  0.7532E+01  0.7532E+01
  0.7406E-01  0.7566E+01  0.9528E-01  0.7342E+01  0.7342E+01
  0.7491E-01  0.7481E+01  0.9429E-01  0.7156E+01  0.7156E+01
  0.7576E-01  0.7231E+01  0.9557E-01  0.6976E+01  0.6976E+01
  0.7661E-01  0.6977E+01  0.9448E-01  0.6799E+01  0.6799E+01
  0.7745E-01  0.6733E+01  0.9491E-01  0.6628E+01  0.6628E+01
  0.7830E-01  0.6517E+01  0.9436E-01  0.6460E+01  0.6460E+01
  0.7915E-01  0.6236E+01  0.9362E-01  0.6296E+01  0.6296E+01
  0.8000E-01  0.6114E+01  0.9334E-01  0.6137E+01  0.6137E+01
  0.8084E-01  0.6035E+01  0.9204E-01  0.5981E+01  0.5981E+01
  0.8169E-01  0.5993E+01  0.9110E-01  0.5829E+01  0.5829E+01
  0.8254E-01  0.5869E+01  0.9048E-01  0.5681E+01  0.5681E+01
  0.8339E-01  0.5598E+01  0.8981E-01  0.5536E+01  0.5536E+01
  0.8424E-01  0.5391E+01  0.8945E-01  0.5395E+01  0.5395E+01
  0.8508E-01  0.5346E+01  0.8786E-01  0.5257E+01  0.5257E+01
  0.8593E-01  0.5165E+01  0.8761E-01  0.5123E+01  0.5123E+01
  0.8678E-01  0.5061E+01  0.8710E-01  0.4991E+01  0.4991E+01
  0.8763E-01  0.4921E+01  0.8616E-01  0.4863E+01  0.4863E+01
  0.8847E-01  0.4828E+01  0.8668E-01  0.4737E+01  0.4737E+01
  0.8932E-01  0.4661E+01  0.9058E-01  0.4615E+01  0.4615E+01
  0.9017E-01  0.4559E+01  0.5602E-01  0.4495E+01  0.4495E+01
  0.9102E-01  0.4476E+01  0.5534E-01  0.4378E+01  0.4378E+01
  0.9186E-01  0.4351E+01  0.5525E-01  0.4264E+01  0.4264E+01
  0.9271E-01  0.4158E+01  0.5465E-01  0.4153E+01  0.4153E+01
  0.9356E-01  0.3962E+01  0.5427E-01  0.4044E+01  0.4044E+01
  0.9441E-01  0.3862E+01  0.5440E-01  0.3937E+01  0.3937E+01
  0.9525E-01  0.3769E+01  0.5383E-01  0.3833E+01  0.3833E+01
  0.9610E-01  0.3722E+01  0.5351E-01  0.3732E+01  0.3732E+01
  0.9695E-01  0.3580E+01  0.5312E-01  0.3632E+01  0.3632E+01
  0.9780E-01  0.3507E+01  0.5247E-01  0.3536E+01  0.3536E+01
  0.9864E-01  0.3422E+01  0.4046E-01  0.3441E+01  0.3441E+01
  0.9949E-01  0.3383E+01  0.3897E-01  0.3349E+01  0.3349E+01
  0.1003E+00  0.3338E+01  0.3884E-01  0.3259E+01  0.3259E+01
  0.1012E+00  0.3231E+01  0.3841E-01  0.3171E+01  0.3171E+01
  0.1020E+00  0.3109E+01  0.3841E-01  0.3085E+01  0.3085E+01
  0.1029E+00  0.3009E+01  0.3824E-01  0.3001E+01  0.3001E+01
  0.1037E+00  0.2876E+01  0.3781E-01  0.2920E+01  0.2920E+01
  0.1046E+00  0.2766E+01  0.3824E-01  0.2840E+01  0.2840E+01
  0.1054E+00  0.2775E+01  0.3759E-01  0.2762E+01  0.2762E+01
  0.1063E+00  0.2669E+01  0.3778E-01  0.2687E+01  0.2687E+01
  0.1071E+00  0.2587E+01  0.3750E-01  0.2613E+01  0.2613E+01
  0.1080E+00  0.2510E+01  0.3710E-01  0.2542E+01  0.2542E+01
  0.1088E+00  0.2435E+01  0.3951E-01  0.2472E+01  0.2472E+01
  0.1097E+00  0.2411E+01  0.2385E-01  0.2404E+01  0.2404E+01
  0.1105E+00  0.2320E+01  0.2370E-01  0.2338E+01  0.2338E+01
  0.1114E+00  0.2252E+01  0.2350E-01  0.2274E+01  0.2274E+01
  0.1122E+00  0.2211E+01  0.2342E-01  0.2211E+01  0.2211E+01
  0.1131E+00  0.2161E+01  0.2319E-01  0.2151E+01  0.2151E+01
  0.1139E+00  0.2080E+01  0.2285E-01  0.2092E+01  0.2092E+01
  0.1147E+00  0.2027E+01  0.2286E-01  0.2035E+01  0.2035E+01
  0.1156E+00  0.1987E+01  0.2263E-01  0.1979E+01  0.1979E+01
  0.1164E+00  0.1934E+01  0.2261E-01  0.1925E+01  0.1925E+01
  0.1173E+00  0.1899E+01  0.2252E-01  0.1873E+01  0.1873E+01
  0.1181E+00  0.1841E+01  0.2255E-01  0.1822E+01  0.1822E+01
  0.1190E+00  0.1785E+01  0.2242E-01  0.1773E+01  0.1773E+01
  0.1198E+00  0.1727E+01  0.2247E-01  0.1725E+01  0.1725E+01
  0.1207E+00  0.1682E+01  0.2272E-01  0.1679E+01  0.1679E+01
  0.1215E+00  0.1608E+01  0.2254E-01  0.1634E+01  0.1634E+01
  0.1224E+00  0.1560E+01  0.2255E-01  0.1591E+01  0.1591E+01
  0.1232E+00  0.1521E+01  0.2397E-01  0.1549E+01  0.1549E+01
  0.1241E+00  0.1499E+01  0.1370E-01  0.1509E+01  0.1509E+01
  0.1249E+00  0.1465E+01  0.1361E-01  0.1469E+01  0.1469E+01
  0.1258E+00  0.1436E+01  0.1340E-01  0.1431E+01  0.1431E+01
  0.1266E+00  0.1405E+01  0.1333E-01  0.1395E+01  0.1395E+01
  0.1275E+00  0.1368E+01  0.1333E-01  0.1359E+01  0.1359E+01
  0.1283E+00  0.1328E+01  0.1306E-01  0.1325E+01  0.1325E+01
  0.1292E+00  0.1280E+01  0.1306E-01  0.1291E+01  0.1291E+01
  0.1300E+00  0.1250E+01  0.1286E-01  0.1259E+01  0.1259E+01
  0.1309E+00  0.1224E+01  0.1300E-01  0.1228E+01  0.1228E+01
  0.1317E+00  0.1219E+01  0.1338E-01  0.1198E+01  0.1198E+01
  0.1325E+00  0.1175E+01  0.1283E-01  0.1168E+01  0.1168E+01
  0.1334E+00  0.1124E+01  0.1285E-01  0.1140E+01  0.1140E+01
  0.1342E+00  0.1103E+01  0.1282E-01  0.1112E+01  0.1112E+01
  0.1351E+00  0.1083E+01  0.1288E-01  0.1086E+01  0.1086E+01
  0.1359E+00  0.1058E+01  0.1290E-01  0.1060E+01  0.1060E+01
  0.1368E+00  0.1024E+01  0.1301E-01  0.1035E+01  0.1035E+01
  0.1376E+00  0.1009E+01  0.1289E-01  0.1011E+01  0.1011E+01
  0.1385E+00  0.9937E+00  0.1292E-01  0.9875E+00  0.9875E+00
  0.1393E+00  0.9794E+00  0.1295E-01  0.9647E+00  0.9647E+00
  0.1402E+00  0.9613E+00  0.1282E-01  0.9426E+00  0.9426E+00
  0.1410E+00  0.9186E+00  0.1284E-01  0.9211E+00  0.9211E+00
  0.1419E+00  0.8876E+00  0.1275E-01  0.9002E+00  0.9002E+00
  0.1427E+00  0.8655E+00  0.1266E-01  0.8799E+00  0.8799E+00
  0.1436E+00  0.8558E+00  0.1258E-01  0.8602E+00  0.8602E+00
  0.1444E+00  0.8258E+00  0.1233E-01  0.8409E+00  0.8409E+00
  0.1453E+00  0.8110E+00  0.1234E-01  0.8222E+00  0.8222E+00
  0.1461E+00  0.7965E+00  0.1217E-01  0.8040E+00  0.8040E+00
  0.1470E+00  0.8074E+00  0.1202E-01  0.7862E+00  0.7862E+00
  0.1478E+00  0.7910E+00  0.1207E-01  0.7689E+00  0.7689E+00
  0.1487E+00  0.7497E+00  0.1202E-01  0.7521E+00  0.7521E+00
  0.1495E+00  0.7130E+00  0.1215E-01  0.7356E+00  0.7356E+00
  0.1503E+00  0.6888E+00  0.1207E-01  0.7196E+00  0.7196E+00
  0.1512E+00  0.6817E+00  0.1212E-01  0.7039E+00  0.7039E+00
  0.1520E+00  0.6693E+00  0.1206E-01  0.6886E+00  0.6886E+00
  0.1529E+00  0.6588E+00  0.1212E-01  0.6737E+00  0.6737E+00
  0.1537E+00  0.6595E+00  0.1233E-01  0.6592E+00  0.6592E+00
  0.1546E+00  0.6568E+00  0.1224E-01  0.6450E+00  0.6450E+00
  0.1554E+00  0.6557E+00  0.1224E-01  0.6311E+00  0.6311E+00
  0.1563E+00  0.6384E+00  0.1213E-01  0.6176E+00  0.6176E+00
  0.1571E+00  0.5959E+00  0.1206E-01  0.6043E+00  0.6043E+00
  0.1580E+00  0.5748E+00  0.1210E-01  0.5914E+00  0.5914E+00
  0.1588E+00  0.5620E+00  0.1185E-01  0.5789E+00  0.5789E+00
  0.1597E+00  0.5679E+00  0.1192E-01  0.5666E+00  0.5666E+00
  0.1605E+00  0.5612E+00  0.1168E-01  0.5546E+00  0.5546E+00
  0.1614E+00  0.5613E+00  0.1166E-01  0.5430E+00  0.5430E+00
  0.1622E+00  0.5335E+00  0.1169E-01  0.5316E+00  0.5316E+00
  0.1631E+00  0.5040E+00  0.1158E-01  0.5205E+00  0.5205E+00
  0.1639E+00  0.4969E+00  0.1167E-01  0.5097E+00  0.5097E+00
  0.1648E+00  0.4894E+00  0.1159E-01  0.4992E+00  0.4992E+00
  0.1656E+00  0.4736E+00  0.1161E-01  0.4890E+00  0.4890E+00
  0.1665E+00  0.4743E+00  0.1162E-01  0.4791E+00  0.4791E+00
  0.1673E+00  0.4657E+00  0.1162E-01  0.4695E+00  0.4695E+00
  0.1681E+00  0.4468E+00  0.1161E-01  0.4602E+00  0.4602E+00
  0.1690E+00  0.4458E+00  0.1150E-01  0.4511E+00  0.4511E+00
  0.1698E+00  0.4536E+00  0.1152E-01  0.4423E+00  0.4423E+00
  0.1707E+00  0.4338E+00  0.1148E-01  0.4338E+00  0.4338E+00
  0.1715E+00  0.4200E+00  0.1156E-01  0.4255E+00  0.4255E+00
  0.1724E+00  0.4286E+00  0.1142E-01  0.4176E+00  0.4176E+00
  0.1732E+00  0.4203E+00  0.1120E-01  0.4099E+00  0.4099E+00
  0.1741E+00  0.3962E+00  0.1119E-01  0.4024E+00  0.4024E+00
  0.1749E+00  0.3906E+00  0.1104E-01  0.3953E+00  0.3953E+00
  0.1758E+00  0.3787E+00  0.1119E-01  0.3883E+00  0.3883E+00
  0.1766E+00  0.3738E+00  0.1117E-01  0.3817E+00  0.3817E+00
  0.1775E+00  0.3624E+00  0.1113E-01  0.3753E+00  0.3753E+00
  0.1783E+00  0.3594E+00  0.1126E-01  0.3691E+00  0.3691E+00
  0.1792E+00  0.3553E+00  0.1120E-01  0.3631E+00  0.3631E+00
  0.1800E+00  0.3694E+00  0.1117E-01  0.3574E+00  0.3574E+00
  0.1809E+00  0.3720E+00  0.1115E-01  0.3520E+00  0.3520E+00
  0.1817E+00  0.3409E+00  0.1119E-01  0.3467E+00  0.3467E+00
  0.1826E+00  0.3378E+00  0.1121E-01  0.3417E+00  0.3417E+00
  0.1834E+00  0.3265E+00  0.1109E-01  0.3368E+00  0.3368E+00
  0.1843E+00  0.3198E+00  0.1110E-01  0.3322E+00  0.3322E+00
  0.1851E+00  0.3426E+00  0.1102E-01  0.3277E+00  0.3277E+00
  0.1859E+00  0.3499E+00  0.1100E-01  0.3235E+00  0.3235E+00
  0.1868E+00  0.3264E+00  0.1092E-01  0.3194E+00  0.3194E+00
  0.1876E+00  0.3140E+00  0.1091E-01  0.3155E+00  0.3155E+00
  0.1885E+00  0.3135E+00  0.1092E-01  0.3117E+00  0.3117E+00
  0.1893E+00  0.3097E+00  0.1085E-01  0.3081E+00  0.3081E+00
  0.1902E+00  0.3024E+00  0.1093E-01  0.3047E+00  0.3047E+00
  0.1910E+00  0.3009E+00  0.1094E-01  0.3013E+00  0.3013E+00
  0.1919E+00  0.2998E+00  0.1085E-01  0.2981E+00  0.2981E+00
  0.1927E+00  0.2869E+00  0.1080E-01  0.2951E+00  0.2951E+00
  0.1936E+00  0.2824E+00  0.1068E-01  0.2921E+00  0.2921E+00
  0.1944E+00  0.2795E+00  0.1067E-01  0.2892E+00  0.2892E+00
  0.1953E+00  0.2979E+00  0.1062E-01  0.2865E+00  0.2865E+00
  0.1961E+00  0.2845E+00  0.1059E-01  0.2838E+00  0.2838E+00
  0.1970E+00  0.2793E+00  0.1045E-01  0.2812E+00  0.2812E+00
  0.1978E+00  0.2595E+00  0.1042E-01  0.2787E+00  0.2787E+00
  0.1987E+00  0.2597E+00  0.1043E-01  0.2763E+00  0.2763E+00
  0.1995E+00  0.2561E+00  0.1024E-01  0.2739E+00  0.2739E+00
  0.2004E+00  0.2591E+00  0.1024E-01  0.2716E+00  0.2716E+00
  0.2012E+00  0.2673E+00  0.1022E-01  0.2693E+00  0.2693E+00
  0.2021E+00  0.2788E+00  0.1023E-01  0.2671E+00  0.2671E+00
  0.2029E+00  0.2791E+00  0.1034E-01  0.2649E+00  0.2649E+00
  0.2037E+00  0.2664E+00  0.1027E-01  0.2628E+00  0.2628E+00
  0.2046E+00  0.2621E+00  0.1033E-01  0.2607E+00  0.2607E+00
  0.2054E+00  0.2655E+00  0.1036E-01  0.2586E+00  0.2586E+00
  0.2063E+00  0.2370E+00  0.1044E-01  0.2566E+00  0.2566E+00
  0.2071E+00  0.2432E+00  0.1053E-01  0.2545E+00  0.2545E+00
  0.2080E+00  0.2460E+00  0.1049E-01  0.2525E+00  0.2525E+00
  0.2088E+00  0.2469E+00  0.1054E-01  0.2505E+00  0.2505E+00
  0.2097E+00  0.2426E+00  0.1055E-01  0.2485E+00  0.2485E+00
  0.2105E+00  0.2445E+00  0.1063E-01  0.2466E+00  0.2466E+00
  0.2114E+00  0.2462E+00  0.1060E-01  0.2446E+00  0.2446E+00
  0.2122E+00  0.2566E+00  0.1056E-01  0.2427E+00  0.2427E+00
  0.2131E+00  0.2396E+00  0.1064E-01  0.2407E+00  0.2407E+00
  0.2139E+00  0.2299E+00  0.1063E-01  0.2388E+00  0.2388E+00
  0.2148E+00  0.2233E+00  0.1061E-01  0.2369E+00  0.2369E+00
  0.2156E+00  0.2282E+00  0.1060E-01  0.2350E+00  0.2350E+00
  0.2165E+00  0.2365E+00  0.1055E-01  0.2331E+00  0.2331E+00
  0.2173E+00  0.2365E+00  0.1064E-01  0.2312E+00  0.2312E+00
  0.2182E+00  0.2364E+00  0.1057E-01  0.2294E+00  0.2294E+00
  0.2190E+00  0.2360E+00  0.1068E-01  0.2275E+00  0.2275E+00
  0.2199E+00  0.2259E+00  0.1067E-01  0.2257E+00  0.2257E+00
  0.2207E+00  0.2175E+00  0.1084E-01  0.2238E+00  0.2238E+00
  0.2215E+00  0.2130E+00  0.1106E-01  0.2220E+00  0.2220E+00
  0.2224E+00  0.2206E+00  0.1119E-01  0.2202E+00  0.2202E+00
  0.2232E+00  0.2103E+00  0.1131E-01  0.2184E+00  0.2184E+00
  0.2241E+00  0.1995E+00  0.1128E-01  0.2167E+00  0.2167E+00
  0.2249E+00  0.2032E+00  0.1144E-01  0.2150E+00  0.2150E+00
  0.2258E+00  0.2143E+00  0.1155E-01  0.2132E+00  0.2132E+00
  0.2266E+00  0.2233E+00  0.1165E-01  0.2115E+00  0.2115E+00
  0.2275E+00  0.2125E+00  0.1165E-01  0.2099E+00  0.2099E+00
  0.2283E+00  0.2086E+00  0.1175E-01  0.2082E+00  0.2082E+00
  0.2292E+00  0.2069E+00  0.1194E-01  0.2066E+00  0.2066E+00
  0.2300E+00  0.2161E+00  0.1182E-01  0.2050E+00  0.2050E+00
  0.2309E+00  0.2161E+00  0.1182E-01  0.2035E+00  0.2035E+00
  0.2317E+00  0.2180E+00  0.1192E-01  0.2019E+00  0.2019E+00
  0.2326E+00  0.2167E+00  0.1196E-01  0.2004E+00  0.2004E+00
  0.2334E+00  0.2084E+00  0.1204E-01  0.1989E+00  0.1989E+00
  0.2343E+00  0.2176E+00  0.1201E-01  0.1975E+00  0.1975E+00
  0.2351E+00  0.2269E+00  0.1211E-01  0.1961E+00  0.1961E+00
  0.2360E+00  0.2130E+00  0.1215E-01  0.1947E+00  0.1947E+00
  0.2368E+00  0.1871E+00  0.1222E-01  0.1933E+00  0.1933E+00
  0.2377E+00  0.1823E+00  0.1228E-01  0.1920E+00  0.1920E+00
  0.2385E+00  0.1863E+00  0.1221E-01  0.1907E+00  0.1907E+00
  0.2393E+00  0.1934E+00  0.1243E-01  0.1894E+00  0.1894E+00
  0.2402E+00  0.1679E+00  0.1239E-01  0.1882E+00  0.1882E+00
  0.2410E+00  0.1867E+00  0.1237E-01  0.1869E+00  0.1869E+00
  0.2419E+00  0.1822E+00  0.1272E-01  0.1857E+00  0.1857E+00
  0.2427E+00  0.1861E+00  0.1268E-01  0.1845E+00  0.1845E+00
  0.2436E+00  0.1787E+00  0.1286E-01  0.1834E+00  0.1834E+00
  0.2444E+00  0.1703E+00  0.1271E-01  0.1822E+00  0.1822E+00
  0.2453E+00  0.1686E+00  0.1283E-01  0.1811E+00  0.1811E+00
  0.2461E+00  0.1755E+00  0.1293E-01  0.1800E+00  0.1800E+00
  0.2470E+00  0.1890E+00  0.1277E-01  0.1789E+00  0.1789E+00
  0.2478E+00  0.1888E+00  0.1290E-01  0.1779E+00  0.1779E+00
  0.2487E+00  0.1742E+00  0.1276E-01  0.1768E+00  0.1768E+00
  0.2495E+00  0.1652E+00  0.1297E-01  0.1758E+00  0.1758E+00
  0.2504E+00  0.1674E+00  0.1297E-01  0.1747E+00  0.1747E+00
  0.2512E+00  0.1790E+00  0.1306E-01  0.1737E+00  0.1737E+00
  0.2521E+00  0.1829E+00  0.1303E-01  0.1727E+00  0.1727E+00
  0.2529E+00  0.1679E+00  0.1302E-01  0.1717E+00  0.1717E+00
  0.2538E+00  0.1695E+00  0.1327E-01  0.1707E+00  0.1707E+00
  0.2546E+00  0.1571E+00  0.1328E-01  0.1697E+00  0.1697E+00
  0.2555E+00  0.1651E+00  0.1342E-01  0.1687E+00  0.1687E+00
  0.2563E+00  0.1597E+00  0.1351E-01  0.1677E+00  0.1677E+00
  0.2571E+00  0.1654E+00  0.1348E-01  0.1667E+00  0.1667E+00
  0.2580E+00  0.1680E+00  0.1374E-01  0.1658E+00  0.1658E+00
  0.2588E+00  0.1669E+00  0.1371E-01  0.1648E+00  0.1648E+00
  0.2597E+00  0.1520E+00  0.1374E-01  0.1638E+00  0.1638E+00
  0.2605E+00  0.1375E+00  0.1379E-01  0.1628E+00  0.1628E+00
  0.2614E+00  0.1381E+00  0.1375E-01  0.1619E+00  0.1619E+00
  0.2622E+00  0.1509E+00  0.1390E-01  0.1609E+00  0.1609E+00
  0.2631E+00  0.1538E+00  0.1365E-01  0.1599E+00  0.1599E+00
  0.2639E+00  0.1569E+00  0.1383E-01  0.1589E+00  0.1589E+00
  0.2648E+00  0.1603E+00  0.1397E-01  0.1580E+00  0.1580E+00
  0.2656E+00  0.1650E+00  0.1402E-01  0.1570E+00  0.1570E+00
  0.2665E+00  0.1758E+00  0.1409E-01  0.1560E+00  0.1560E+00
  0.2673E+00  0.1923E+00  0.1403E-01  0.1551E+00  0.1551E+00
  0.2682E+00  0.1884E+00  0.1435E-01  0.1541E+00  0.1541E+00
  0.2690E+00  0.1529E+00  0.1430E-01  0.1532E+00  0.1532E+00
  0.2699E+00  0.1395E+00  0.1449E-01  0.1522E+00  0.1522E+00
  0.2707E+00  0.1550E+00  0.1461E-01  0.1513E+00  0.1513E+00
  0.2716E+00  0.1560E+00  0.1468E-01  0.1503E+00  0.1503E+00
  0.2724E+00  0.1394E+00  0.1478E-01  0.1494E+00  0.1494E+00
  0.2733E+00  0.1406E+00  0.1479E-01  0.1485E+00  0.1485E+00
  0.2741E+00  0.1399E+00  0.1498E-01  0.1475E+00  0.1475E+00
  0.2749E+00  0.1356E+00  0.1502E-01  0.1466E+00  0.1466E+00
  0.2758E+00  0.1316E+00  0.1509E-01  0.1457E+00  0.1457E+00
  0.2766E+00  0.1251E+00  0.1526E-01  0.1449E+00  0.1449E+00
  0.2775E+00  0.1388E+00  0.1496E-01  0.1440E+00  0.1440E+00
  0.2783E+00  0.1333E+00  0.1527E-01  0.1431E+00  0.1431E+00
  0.2792E+00  0.1431E+00  0.1492E-01  0.1423E+00  0.1423E+00
  0.2800E+00  0.1535E+00  0.1503E-01  0.1415E+00  0.1415E+00
  0.2809E+00  0.1476E+00  0.1507E-01  0.1407E+00  0.1407E+00
  0.2817E+00  0.1465E+00  0.1496E-01  0.1399E+00  0.1399E+00
  0.2826E+00  0.1428E+00  0.1509E-01  0.1391E+00  0.1391E+00
  0.2834E+00  0.1091E+00  0.1520E-01  0.1383E+00  0.1383E+00
  0.2843E+00  0.1306E+00  0.1557E-01  0.1376E+00  0.1376E+00
  0.2851E+00  0.1280E+00  0.1567E-01  0.1369E+00  0.1369E+00
  0.2860E+00  0.1173E+00  0.1596E-01  0.1362E+00  0.1362E+00
  0.2868E+00  0.1170E+00  0.1632E-01  0.1355E+00  0.1355E+00
  0.2877E+00  0.1246E+00  0.1612E-01  0.1348E+00  0.1348E+00
  0.2885E+00  0.1260E+00  0.1634E-01  0.1342E+00  0.1342E+00
  0.2894E+00  0.1296E+00  0.1605E-01  0.1335E+00  0.1335E+00
  0.2902E+00  0.1022E+00  0.1614E-01  0.1329E+00  0.1329E+00
  0.2911E+00  0.1394E+00  0.1605E-01  0.1323E+00  0.1323E+00
  0.2919E+00  0.1551E+00  0.1599E-01  0.1317E+00  0.1317E+00
  0.2927E+00  0.1612E+00  0.1634E-01  0.1312E+00  0.1312E+00
  0.2936E+00  0.1641E+00  0.1620E-01  0.1306E+00  0.1306E+00
  0.2944E+00  0.1502E+00  0.1643E-01  0.1301E+00  0.1301E+00
  0.2953E+00  0.1472E+00  0.1634E-01  0.1296E+00  0.1296E+00
  0.2961E+00  0.1210E+00  0.1634E-01  0.1291E+00  0.1291E+00
  0.2970E+00  0.1224E+00  0.1649E-01  0.1286E+00  0.1286E+00
  0.2978E+00  0.1381E+00  0.1630E-01  0.1281E+00  0.1281E+00
  0.2987E+00  0.1733E+00  0.1653E-01  0.1276E+00  0.1276E+00
  0.2995E+00  0.2031E+00  0.1667E-01  0.1271E+00  0.1271E+00

           Distance distribution  function of particle  


       R          P(R)      ERROR

  0.0000E+00  0.0000E+00  0.0000E+00
  0.1118E+01  0.1180E-02  0.1342E-04
  0.2236E+01  0.2637E-02  0.2067E-04
  0.3354E+01  0.4364E-02  0.2243E-04
  0.4472E+01  0.6349E-02  0.1987E-04
  0.5590E+01  0.8576E-02  0.1497E-04
  0.6708E+01  0.1102E-01  0.1191E-04
  0.7826E+01  0.1367E-01  0.1571E-04
  0.8944E+01  0.1648E-01  0.2335E-04
  0.1006E+02  0.1943E-01  0.3100E-04
  0.1118E+02  0.2248E-01  0.3716E-04
  0.1230E+02  0.2559E-01  0.4138E-04
  0.1342E+02  0.2871E-01  0.4392E-04
  0.1453E+02  0.3181E-01  0.4563E-04
  0.1565E+02  0.3485E-01  0.4776E-04
  0.1677E+02  0.3778E-01  0.5147E-04
  0.1789E+02  0.4056E-01  0.5719E-04
  0.1901E+02  0.4316E-01  0.6445E-04
  0.2012E+02  0.4554E-01  0.7228E-04
  0.2124E+02  0.4769E-01  0.7970E-04
  0.2236E+02  0.4957E-01  0.8594E-04
  0.2348E+02  0.5118E-01  0.9061E-04
  0.2460E+02  0.5251E-01  0.9369E-04
  0.2571E+02  0.5355E-01  0.9547E-04
  0.2683E+02  0.5430E-01  0.9648E-04
  0.2795E+02  0.5479E-01  0.9728E-04
  0.2907E+02  0.5501E-01  0.9833E-04
  0.3019E+02  0.5499E-01  0.9983E-04
  0.3130E+02  0.5475E-01  0.1017E-03
  0.3242E+02  0.5430E-01  0.1037E-03
  0.3354E+02  0.5367E-01  0.1055E-03
  0.3466E+02  0.5288E-01  0.1070E-03
  0.3578E+02  0.5195E-01  0.1082E-03
  0.3689E+02  0.5090E-01  0.1093E-03
  0.3801E+02  0.4976E-01  0.1107E-03
  0.3913E+02  0.4853E-01  0.1126E-03
  0.4025E+02  0.4723E-01  0.1151E-03
  0.4137E+02  0.4589E-01  0.1182E-03
  0.4248E+02  0.4450E-01  0.1217E-03
  0.4360E+02  0.4310E-01  0.1252E-03
  0.4472E+02  0.4167E-01  0.1285E-03
  0.4584E+02  0.4025E-01  0.1316E-03
  0.4696E+02  0.3883E-01  0.1345E-03
  0.4807E+02  0.3743E-01  0.1376E-03
  0.4919E+02  0.3605E-01  0.1411E-03
  0.5031E+02  0.3469E-01  0.1452E-03
  0.5143E+02  0.3337E-01  0.1499E-03
  0.5255E+02  0.3209E-01  0.1551E-03
  0.5366E+02  0.3085E-01  0.1606E-03
  0.5478E+02  0.2965E-01  0.1661E-03
  0.5590E+02  0.2849E-01  0.1713E-03
  0.5702E+02  0.2737E-01  0.1761E-03
  0.5814E+02  0.2629E-01  0.1805E-03
  0.5925E+02  0.2524E-01  0.1845E-03
  0.6037E+02  0.2422E-01  0.1882E-03
  0.6149E+02  0.2322E-01  0.1919E-03
  0.6261E+02  0.2225E-01  0.1954E-03
  0.6373E+02  0.2130E-01  0.1987E-03
  0.6484E+02  0.2037E-01  0.2018E-03
  0.6596E+02  0.1946E-01  0.2045E-03
  0.6708E+02  0.1857E-01  0.2068E-03
  0.6820E+02  0.1769E-01  0.2088E-03
  0.6932E+02  0.1685E-01  0.2104E-03
  0.7043E+02  0.1603E-01  0.2118E-03
  0.7155E+02  0.1525E-01  0.2132E-03
  0.7267E+02  0.1451E-01  0.2146E-03
  0.7379E+02  0.1380E-01  0.2160E-03
  0.7491E+02  0.1313E-01  0.2174E-03
  0.7602E+02  0.1251E-01  0.2185E-03
  0.7714E+02  0.1193E-01  0.2192E-03
  0.7826E+02  0.1139E-01  0.2193E-03
  0.7938E+02  0.1089E-01  0.2184E-03
  0.8050E+02  0.1042E-01  0.2166E-03
  0.8161E+02  0.9976E-02  0.2137E-03
  0.8273E+02  0.9551E-02  0.2099E-03
  0.8385E+02  0.9140E-02  0.2053E-03
  0.8497E+02  0.8736E-02  0.2001E-03
  0.8609E+02  0.8336E-02  0.1945E-03
  0.8720E+02  0.7935E-02  0.1888E-03
  0.8832E+02  0.7531E-02  0.1835E-03
  0.8944E+02  0.7122E-02  0.1788E-03
  0.9056E+02  0.6711E-02  0.1750E-03
  0.9168E+02  0.6299E-02  0.1724E-03
  0.9279E+02  0.5888E-02  0.1710E-03
  0.9391E+02  0.5484E-02  0.1710E-03
  0.9503E+02  0.5089E-02  0.1722E-03
  0.9615E+02  0.4707E-02  0.1742E-03
  0.9727E+02  0.4341E-02  0.1768E-03
  0.9838E+02  0.3993E-02  0.1796E-03
  0.9950E+02  0.3664E-02  0.1819E-03
  0.1006E+03  0.3351E-02  0.1834E-03
  0.1017E+03  0.3052E-02  0.1832E-03
  0.1029E+03  0.2763E-02  0.1808E-03
  0.1040E+03  0.2477E-02  0.1752E-03
  0.1051E+03  0.2188E-02  0.1658E-03
  0.1062E+03  0.1889E-02  0.1519E-03
  0.1073E+03  0.1572E-02  0.1329E-03
  0.1084E+03  0.1231E-02  0.1083E-03
  0.1096E+03  0.8578E-03  0.7794E-04
  0.1107E+03  0.4488E-03  0.4176E-04
  0.1118E+03  0.0000E+00  0.0000E+00
          Reciprocal space: Rg =   32.58     , I(0) =   0.3337E+02
     Real space: Rg =   32.74 +- 0.118  I(0) =   0.3338E+02 +-  0.1305E+00
