
           ####    G N O M   ---   Version 4.5a revised 09/02/02     ####

                                                  Fri Oct 20 04:20:13 2017
           ===    Run No   1   ===
 Run title:   0.155070E-01  0.684418E+00  0.101802E+00


   *******   Working Directory :
   *******    Input file(s) : 23915_LBNL_q27.dat
           Condition P(rmin) = 0 is used. 
           Condition P(rmax) = 0 is used. 

          Experimental conditions for the first run
          -----------------------------------------

          Highest ALPHA is found to be   0.3419E+03

  The measure of inconsistency AN1 equals to    0.7953E+00
     Alpha    Discrp  Oscill  Stabil  Sysdev  Positv  Valcen    Total   
  0.3419E+06 30.6666  1.4617  0.9748  0.0000  1.0000  0.7979  0.00001
  0.6838E+05 29.4456  1.4319  0.9219  0.0000  1.0000  0.8035  0.00001
  0.1368E+05 25.6118  1.3244  0.7729  0.0000  1.0000  0.8249  0.00001
  0.2735E+04 18.9052  1.1705  0.5908  0.0336  1.0000  0.8663  0.00001
  0.5470E+03  9.8609  1.1667  0.3198  0.0911  1.0000  0.8946  0.00001
  0.1094E+03  3.4610  1.2530  0.1017  0.4029  1.0000  0.9037  0.00001
  0.2188E+02  1.0821  1.3536  0.0479  0.6043  1.0000  0.9056  0.58335
  0.4376E+01  0.5570  1.3997  0.0158  0.6811  1.0000  0.9061  0.68264
  0.8752E+00  0.5115  1.4131  0.0048  0.6906  1.0000  0.9063  0.65284
  0.1750E+00  0.5082  1.4191  0.0064  0.6906  1.0000  0.9060  0.55960
  0.3501E-01  0.5071  1.4308  0.0106  0.7002  1.0000  0.9054  0.52883
  0.7002E-02  0.5060  1.4938  0.0319  0.7002  0.9999  0.9042  0.53446
  0.1400E-02  0.5040  1.9753  0.0619  0.6906  0.9989  0.8994  0.10000
  0.2801E-03  0.5024  3.1747  0.1236  0.6715  0.9937  0.8868  0.10000
  0.5601E-04  0.4999  7.1330  0.4745  0.6715  0.9597  0.8257  0.10000
  0.1120E-04  0.4941 11.5229  0.5448  0.6906  0.8600  0.4647  0.10000
  0.2241E-05  0.4896 13.1333  0.3040  0.6811  0.7944  0.3785  0.10000
  0.4481E-06  0.4872 15.7535  0.8659  0.6715  0.7477  0.3602  0.10000
  0.8962E-07  0.4815 14.0325  0.7799  0.7002  0.7299  0.3196  0.10000
  0.1792E-07  0.4742 13.6807  0.3671  0.7002  0.7202  0.3217  0.10000
  0.3585E-08  0.4711 15.7287  0.4968  0.7098  0.7099  0.2954  0.10000
  0.7170E-09  0.4665 18.0739  0.8791  0.7194  0.7123  0.3087  0.10000
  0.1434E-09  0.4533 19.7321  0.6462  0.7098  0.7351  0.3328  0.10000
  0.2868E-10  0.4228 26.6574  0.6653  0.7386  0.7602  0.3816  0.10000
  0.5736E-11  0.3562 33.1716  0.5666  0.7290  0.7470  0.4638  0.10000
  0.1147E-11  0.2579 39.0062  0.4670  0.7194  0.7089  0.4368  0.10000
  0.2294E-12  0.1544 43.0014  0.3813  0.7098  0.6835  0.3630  0.10000
  0.4589E-13  0.0645 45.8399  0.2161  0.7578  0.6664  0.3632  0.10000
  0.9177E-14  0.0173 47.2115  0.0670  0.7386  0.6579  0.3570  0.10000
  0.1835E-14  0.0037 47.5605  0.0153  0.7482  0.6559  0.3556  0.10000
  0.3671E-15  0.0008 47.6313  0.0032  0.7482  0.6555  0.3555  0.10000

          ***  Golden section search to maximize estimate ***
     Alpha    Discrp  Oscill  Stabil  Sysdev  Positv  Valcen    Total   
  0.2366E+01  0.5251  1.4068  0.0098  0.7290  1.0000  0.9062  0.73504
  0.1618E+01  0.5170  1.4098  0.0073  0.7098  1.0000  0.9062  0.69972
  0.2993E+01  0.5335  1.4045  0.0117  0.7194  1.0000  0.9062  0.71762
  0.2047E+01  0.5213  1.4081  0.0087  0.7002  1.0000  0.9062  0.71316
  0.2589E+01  0.5279  1.4060  0.0105  0.7290  1.0000  0.9062  0.73004
  0.2239E+01  0.5235  1.4073  0.0094  0.7194  1.0000  0.9062  0.72697
  0.2449E+01  0.5261  1.4065  0.0100  0.7290  1.0000  0.9062  0.73314
  0.2317E+01  0.5244  1.4070  0.0096  0.7290  1.0000  0.9062  0.73371
  0.2398E+01  0.5254  1.4067  0.0099  0.7290  1.0000  0.9062  0.73432
  0.2347E+01  0.5248  1.4069  0.0097  0.7290  1.0000  0.9062  0.73470
  0.2378E+01  0.5252  1.4068  0.0098  0.7290  1.0000  0.9062  0.73476
  0.2359E+01  0.5250  1.4069  0.0097  0.7290  1.0000  0.9062  0.73508
  0.2355E+01  0.5249  1.4069  0.0097  0.7290  1.0000  0.9062  0.73493
  0.2362E+01  0.5250  1.4069  0.0098  0.7290  1.0000  0.9062  0.73515
  0.2364E+01  0.5250  1.4069  0.0098  0.7290  1.0000  0.9062  0.73511
  0.2362E+01  0.5250  1.4069  0.0098  0.7290  1.0000  0.9062  0.73515



             ####            Final results            ####

 Parameter    DISCRP    OSCILL    STABIL    SYSDEV    POSITV    VALCEN
 Weight        1.000     3.000     3.000     4.000     1.000     1.000
 Sigma         0.500     0.600     0.120     0.200     0.120     0.120
 Ideal         1.000     1.100     0.000     1.000     1.000     0.950
 Current       0.525     1.407     0.010     0.729     1.000     0.906
                - - - - - - - - - - - - - - - - - - - - - - - - - 
 Estimate      0.406     0.770     0.993     0.159     1.000     0.875

  Angular   range    :     from    0.0161   to    0.2697
  Real space range   :     from      0.00   to     86.06

  Highest ALPHA (theor) :   0.342E+06                 JOB = 0
  Current ALPHA         :   0.236E+01   Rg :  0.246E+02   I(0) :   0.643E+00

           Total  estimate : 0.735  which is  A REASONABLE  solution

      S          J EXP       ERROR       J REG       I REG

  0.0000E+00                                      0.6433E+00
  0.6198E-03                                      0.6433E+00
  0.1240E-02                                      0.6431E+00
  0.1859E-02                                      0.6429E+00
  0.2479E-02                                      0.6425E+00
  0.3099E-02                                      0.6421E+00
  0.3719E-02                                      0.6415E+00
  0.4339E-02                                      0.6409E+00
  0.4958E-02                                      0.6401E+00
  0.5578E-02                                      0.6393E+00
  0.6198E-02                                      0.6384E+00
  0.6818E-02                                      0.6373E+00
  0.7438E-02                                      0.6362E+00
  0.8057E-02                                      0.6350E+00
  0.8677E-02                                      0.6336E+00
  0.9297E-02                                      0.6322E+00
  0.9917E-02                                      0.6307E+00
  0.1054E-01                                      0.6291E+00
  0.1116E-01                                      0.6274E+00
  0.1178E-01                                      0.6256E+00
  0.1240E-01                                      0.6237E+00
  0.1302E-01                                      0.6217E+00
  0.1364E-01                                      0.6197E+00
  0.1426E-01                                      0.6175E+00
  0.1488E-01                                      0.6153E+00
  0.1550E-01                                      0.6129E+00
  0.1611E-01  0.6540E+00  0.9126E-01  0.6105E+00  0.6105E+00
  0.1672E-01  0.6954E+00  0.9051E-01  0.6081E+00  0.6081E+00
  0.1733E-01  0.6481E+00  0.6760E-01  0.6055E+00  0.6055E+00
  0.1794E-01  0.6151E+00  0.4094E-01  0.6029E+00  0.6029E+00
  0.1855E-01  0.6120E+00  0.3652E-01  0.6002E+00  0.6002E+00
  0.1916E-01  0.6068E+00  0.3368E-01  0.5975E+00  0.5975E+00
  0.1976E-01  0.6450E+00  0.3533E-01  0.5946E+00  0.5946E+00
  0.2037E-01  0.6230E+00  0.2869E-01  0.5917E+00  0.5917E+00
  0.2098E-01  0.6017E+00  0.2872E-01  0.5887E+00  0.5887E+00
  0.2159E-01  0.6235E+00  0.2545E-01  0.5857E+00  0.5857E+00
  0.2220E-01  0.6281E+00  0.2819E-01  0.5825E+00  0.5825E+00
  0.2280E-01  0.6002E+00  0.2373E-01  0.5794E+00  0.5794E+00
  0.2341E-01  0.5672E+00  0.2439E-01  0.5761E+00  0.5761E+00
  0.2402E-01  0.5707E+00  0.2127E-01  0.5728E+00  0.5728E+00
  0.2463E-01  0.5418E+00  0.1879E-01  0.5694E+00  0.5694E+00
  0.2524E-01  0.5526E+00  0.1880E-01  0.5659E+00  0.5659E+00
  0.2584E-01  0.5439E+00  0.2009E-01  0.5624E+00  0.5624E+00
  0.2645E-01  0.5562E+00  0.2037E-01  0.5588E+00  0.5588E+00
  0.2706E-01  0.5450E+00  0.1919E-01  0.5552E+00  0.5552E+00
  0.2767E-01  0.5471E+00  0.1667E-01  0.5515E+00  0.5515E+00
  0.2828E-01  0.5459E+00  0.1804E-01  0.5477E+00  0.5477E+00
  0.2889E-01  0.5594E+00  0.1935E-01  0.5439E+00  0.5439E+00
  0.2949E-01  0.5586E+00  0.1925E-01  0.5401E+00  0.5401E+00
  0.3010E-01  0.5479E+00  0.1446E-01  0.5361E+00  0.5361E+00
  0.3071E-01  0.5442E+00  0.1259E-01  0.5322E+00  0.5322E+00
  0.3132E-01  0.5259E+00  0.1790E-01  0.5282E+00  0.5282E+00
  0.3193E-01  0.5156E+00  0.2287E-01  0.5241E+00  0.5241E+00
  0.3254E-01  0.5099E+00  0.1195E-01  0.5200E+00  0.5200E+00
  0.3314E-01  0.5143E+00  0.8704E-02  0.5159E+00  0.5159E+00
  0.3375E-01  0.5171E+00  0.9103E-02  0.5117E+00  0.5117E+00
  0.3436E-01  0.5128E+00  0.8634E-02  0.5075E+00  0.5075E+00
  0.3497E-01  0.5267E+00  0.8533E-02  0.5032E+00  0.5032E+00
  0.3558E-01  0.4977E+00  0.8452E-02  0.4989E+00  0.4989E+00
  0.3618E-01  0.4834E+00  0.8173E-02  0.4946E+00  0.4946E+00
  0.3679E-01  0.4934E+00  0.8147E-02  0.4902E+00  0.4902E+00
  0.3740E-01  0.4915E+00  0.7575E-02  0.4858E+00  0.4858E+00
  0.3801E-01  0.4866E+00  0.7958E-02  0.4814E+00  0.4814E+00
  0.3862E-01  0.4669E+00  0.7389E-02  0.4770E+00  0.4770E+00
  0.3922E-01  0.4594E+00  0.7810E-02  0.4725E+00  0.4725E+00
  0.3983E-01  0.4574E+00  0.7801E-02  0.4680E+00  0.4680E+00
  0.4044E-01  0.4677E+00  0.7689E-02  0.4634E+00  0.4634E+00
  0.4105E-01  0.4568E+00  0.7069E-02  0.4589E+00  0.4589E+00
  0.4166E-01  0.4525E+00  0.7259E-02  0.4543E+00  0.4543E+00
  0.4227E-01  0.4516E+00  0.7052E-02  0.4497E+00  0.4497E+00
  0.4287E-01  0.4488E+00  0.7382E-02  0.4451E+00  0.4451E+00
  0.4348E-01  0.4567E+00  0.6802E-02  0.4405E+00  0.4405E+00
  0.4409E-01  0.4421E+00  0.6334E-02  0.4359E+00  0.4359E+00
  0.4470E-01  0.4310E+00  0.6404E-02  0.4312E+00  0.4312E+00
  0.4530E-01  0.4300E+00  0.6004E-02  0.4266E+00  0.4266E+00
  0.4591E-01  0.4158E+00  0.6204E-02  0.4219E+00  0.4219E+00
  0.4652E-01  0.4162E+00  0.6236E-02  0.4172E+00  0.4172E+00
  0.4713E-01  0.4095E+00  0.6128E-02  0.4125E+00  0.4125E+00
  0.4774E-01  0.3983E+00  0.5867E-02  0.4078E+00  0.4078E+00
  0.4835E-01  0.3969E+00  0.6051E-02  0.4032E+00  0.4032E+00
  0.4895E-01  0.3936E+00  0.6140E-02  0.3985E+00  0.3985E+00
  0.4956E-01  0.3914E+00  0.6463E-02  0.3938E+00  0.3938E+00
  0.5017E-01  0.3822E+00  0.6136E-02  0.3891E+00  0.3891E+00
  0.5078E-01  0.3700E+00  0.6340E-02  0.3844E+00  0.3844E+00
  0.5139E-01  0.3693E+00  0.5863E-02  0.3797E+00  0.3797E+00
  0.5199E-01  0.3707E+00  0.6320E-02  0.3750E+00  0.3750E+00
  0.5260E-01  0.3661E+00  0.5721E-02  0.3704E+00  0.3704E+00
  0.5321E-01  0.3689E+00  0.5582E-02  0.3657E+00  0.3657E+00
  0.5382E-01  0.3647E+00  0.5718E-02  0.3611E+00  0.3611E+00
  0.5443E-01  0.3551E+00  0.5307E-02  0.3564E+00  0.3564E+00
  0.5504E-01  0.3556E+00  0.5689E-02  0.3518E+00  0.3518E+00
  0.5564E-01  0.3538E+00  0.5118E-02  0.3472E+00  0.3472E+00
  0.5625E-01  0.3403E+00  0.5168E-02  0.3426E+00  0.3426E+00
  0.5686E-01  0.3361E+00  0.5133E-02  0.3380E+00  0.3380E+00
  0.5747E-01  0.3342E+00  0.5143E-02  0.3334E+00  0.3334E+00
  0.5808E-01  0.3317E+00  0.5104E-02  0.3289E+00  0.3289E+00
  0.5868E-01  0.3246E+00  0.5803E-02  0.3243E+00  0.3243E+00
  0.5929E-01  0.3315E+00  0.5651E-02  0.3198E+00  0.3198E+00
  0.5990E-01  0.3253E+00  0.5518E-02  0.3153E+00  0.3153E+00
  0.6051E-01  0.3236E+00  0.5421E-02  0.3109E+00  0.3109E+00
  0.6112E-01  0.3130E+00  0.5571E-02  0.3064E+00  0.3064E+00
  0.6173E-01  0.2988E+00  0.5448E-02  0.3020E+00  0.3020E+00
  0.6233E-01  0.3048E+00  0.5086E-02  0.2976E+00  0.2976E+00
  0.6294E-01  0.2976E+00  0.5211E-02  0.2932E+00  0.2932E+00
  0.6355E-01  0.2915E+00  0.5233E-02  0.2889E+00  0.2889E+00
  0.6416E-01  0.2847E+00  0.5577E-02  0.2846E+00  0.2846E+00
  0.6477E-01  0.2793E+00  0.5127E-02  0.2803E+00  0.2803E+00
  0.6537E-01  0.2784E+00  0.5450E-02  0.2761E+00  0.2761E+00
  0.6598E-01  0.2685E+00  0.5321E-02  0.2718E+00  0.2718E+00
  0.6659E-01  0.2672E+00  0.5237E-02  0.2676E+00  0.2676E+00
  0.6720E-01  0.2630E+00  0.5014E-02  0.2635E+00  0.2635E+00
  0.6781E-01  0.2601E+00  0.6162E-02  0.2593E+00  0.2593E+00
  0.6841E-01  0.2523E+00  0.7808E-02  0.2552E+00  0.2552E+00
  0.6902E-01  0.2439E+00  0.5677E-02  0.2512E+00  0.2512E+00
  0.6963E-01  0.2392E+00  0.4883E-02  0.2472E+00  0.2472E+00
  0.7024E-01  0.2433E+00  0.5016E-02  0.2432E+00  0.2432E+00
  0.7085E-01  0.2365E+00  0.4684E-02  0.2392E+00  0.2392E+00
  0.7146E-01  0.2407E+00  0.4503E-02  0.2353E+00  0.2353E+00
  0.7206E-01  0.2398E+00  0.4597E-02  0.2314E+00  0.2314E+00
  0.7267E-01  0.2345E+00  0.4752E-02  0.2276E+00  0.2276E+00
  0.7328E-01  0.2270E+00  0.4366E-02  0.2238E+00  0.2238E+00
  0.7389E-01  0.2256E+00  0.4601E-02  0.2200E+00  0.2200E+00
  0.7450E-01  0.2187E+00  0.4372E-02  0.2163E+00  0.2163E+00
  0.7510E-01  0.2156E+00  0.3930E-02  0.2126E+00  0.2126E+00
  0.7571E-01  0.2156E+00  0.4263E-02  0.2089E+00  0.2089E+00
  0.7632E-01  0.2102E+00  0.4460E-02  0.2053E+00  0.2053E+00
  0.7693E-01  0.2058E+00  0.4546E-02  0.2017E+00  0.2017E+00
  0.7754E-01  0.2098E+00  0.4154E-02  0.1982E+00  0.1982E+00
  0.7814E-01  0.2027E+00  0.4265E-02  0.1947E+00  0.1947E+00
  0.7875E-01  0.1990E+00  0.4150E-02  0.1912E+00  0.1912E+00
  0.7936E-01  0.1919E+00  0.4165E-02  0.1878E+00  0.1878E+00
  0.7997E-01  0.1881E+00  0.4256E-02  0.1845E+00  0.1845E+00
  0.8058E-01  0.1768E+00  0.3916E-02  0.1811E+00  0.1811E+00
  0.8118E-01  0.1743E+00  0.4223E-02  0.1779E+00  0.1779E+00
  0.8179E-01  0.1726E+00  0.4097E-02  0.1746E+00  0.1746E+00
  0.8240E-01  0.1746E+00  0.4478E-02  0.1714E+00  0.1714E+00
  0.8301E-01  0.1714E+00  0.4805E-02  0.1682E+00  0.1682E+00
  0.8362E-01  0.1578E+00  0.4347E-02  0.1651E+00  0.1651E+00
  0.8423E-01  0.1560E+00  0.3972E-02  0.1620E+00  0.1620E+00
  0.8483E-01  0.1489E+00  0.3942E-02  0.1590E+00  0.1590E+00
  0.8544E-01  0.1501E+00  0.3814E-02  0.1560E+00  0.1560E+00
  0.8605E-01  0.1502E+00  0.3856E-02  0.1531E+00  0.1531E+00
  0.8666E-01  0.1561E+00  0.4171E-02  0.1501E+00  0.1501E+00
  0.8727E-01  0.1541E+00  0.4101E-02  0.1473E+00  0.1473E+00
  0.8787E-01  0.1525E+00  0.3897E-02  0.1444E+00  0.1444E+00
  0.8848E-01  0.1518E+00  0.4040E-02  0.1417E+00  0.1417E+00
  0.8909E-01  0.1495E+00  0.4188E-02  0.1389E+00  0.1389E+00
  0.8970E-01  0.1448E+00  0.3823E-02  0.1362E+00  0.1362E+00
  0.9031E-01  0.1386E+00  0.4457E-02  0.1336E+00  0.1336E+00
  0.9091E-01  0.1318E+00  0.4057E-02  0.1309E+00  0.1309E+00
  0.9152E-01  0.1220E+00  0.4040E-02  0.1284E+00  0.1284E+00
  0.9213E-01  0.1235E+00  0.4130E-02  0.1258E+00  0.1258E+00
  0.9274E-01  0.1212E+00  0.4138E-02  0.1233E+00  0.1233E+00
  0.9335E-01  0.1273E+00  0.4374E-02  0.1208E+00  0.1208E+00
  0.9395E-01  0.1179E+00  0.3875E-02  0.1184E+00  0.1184E+00
  0.9456E-01  0.1161E+00  0.4063E-02  0.1161E+00  0.1161E+00
  0.9517E-01  0.1127E+00  0.4111E-02  0.1137E+00  0.1137E+00
  0.9578E-01  0.1128E+00  0.3760E-02  0.1114E+00  0.1114E+00
  0.9639E-01  0.1095E+00  0.3884E-02  0.1091E+00  0.1091E+00
  0.9699E-01  0.1069E+00  0.3894E-02  0.1069E+00  0.1069E+00
  0.9760E-01  0.1058E+00  0.3844E-02  0.1047E+00  0.1047E+00
  0.9821E-01  0.1030E+00  0.3870E-02  0.1026E+00  0.1026E+00
  0.9882E-01  0.1008E+00  0.3557E-02  0.1005E+00  0.1005E+00
  0.9943E-01  0.9610E-01  0.3587E-02  0.9840E-01  0.9840E-01
  0.1000E+00  0.9271E-01  0.3595E-02  0.9637E-01  0.9637E-01
  0.1006E+00  0.8737E-01  0.3658E-02  0.9437E-01  0.9437E-01
  0.1013E+00  0.9124E-01  0.3468E-02  0.9241E-01  0.9241E-01
  0.1019E+00  0.8523E-01  0.3886E-02  0.9048E-01  0.9048E-01
  0.1025E+00  0.8998E-01  0.3591E-02  0.8859E-01  0.8859E-01
  0.1031E+00  0.8393E-01  0.3501E-02  0.8673E-01  0.8673E-01
  0.1037E+00  0.8664E-01  0.3625E-02  0.8491E-01  0.8491E-01
  0.1043E+00  0.8852E-01  0.3585E-02  0.8312E-01  0.8312E-01
  0.1049E+00  0.8010E-01  0.3525E-02  0.8136E-01  0.8136E-01
  0.1055E+00  0.8342E-01  0.3711E-02  0.7964E-01  0.7964E-01
  0.1061E+00  0.7635E-01  0.3630E-02  0.7796E-01  0.7796E-01
  0.1067E+00  0.7856E-01  0.3478E-02  0.7630E-01  0.7630E-01
  0.1073E+00  0.7424E-01  0.3481E-02  0.7468E-01  0.7468E-01
  0.1079E+00  0.7349E-01  0.3381E-02  0.7309E-01  0.7309E-01
  0.1085E+00  0.7153E-01  0.3479E-02  0.7154E-01  0.7154E-01
  0.1092E+00  0.7380E-01  0.3386E-02  0.7001E-01  0.7001E-01
  0.1098E+00  0.7077E-01  0.3372E-02  0.6851E-01  0.6851E-01
  0.1104E+00  0.6225E-01  0.3400E-02  0.6704E-01  0.6704E-01
  0.1110E+00  0.6568E-01  0.3766E-02  0.6561E-01  0.6561E-01
  0.1116E+00  0.6229E-01  0.3334E-02  0.6420E-01  0.6420E-01
  0.1122E+00  0.6367E-01  0.3377E-02  0.6282E-01  0.6282E-01
  0.1128E+00  0.5768E-01  0.3214E-02  0.6148E-01  0.6148E-01
  0.1134E+00  0.5936E-01  0.3392E-02  0.6016E-01  0.6016E-01
  0.1140E+00  0.5616E-01  0.3277E-02  0.5886E-01  0.5886E-01
  0.1146E+00  0.5828E-01  0.3495E-02  0.5760E-01  0.5760E-01
  0.1152E+00  0.5377E-01  0.3366E-02  0.5636E-01  0.5636E-01
  0.1158E+00  0.5628E-01  0.3388E-02  0.5515E-01  0.5515E-01
  0.1165E+00  0.5440E-01  0.3498E-02  0.5396E-01  0.5396E-01
  0.1171E+00  0.5140E-01  0.3360E-02  0.5280E-01  0.5280E-01
  0.1177E+00  0.5046E-01  0.3347E-02  0.5167E-01  0.5167E-01
  0.1183E+00  0.4688E-01  0.3366E-02  0.5056E-01  0.5056E-01
  0.1189E+00  0.4531E-01  0.3385E-02  0.4947E-01  0.4947E-01
  0.1195E+00  0.4672E-01  0.3557E-02  0.4841E-01  0.4841E-01
  0.1201E+00  0.4500E-01  0.3422E-02  0.4737E-01  0.4737E-01
  0.1207E+00  0.4249E-01  0.3332E-02  0.4636E-01  0.4636E-01
  0.1213E+00  0.4899E-01  0.3275E-02  0.4537E-01  0.4537E-01
  0.1219E+00  0.4513E-01  0.3238E-02  0.4440E-01  0.4440E-01
  0.1225E+00  0.4461E-01  0.3311E-02  0.4345E-01  0.4345E-01
  0.1231E+00  0.4413E-01  0.3375E-02  0.4253E-01  0.4253E-01
  0.1238E+00  0.4456E-01  0.3500E-02  0.4162E-01  0.4162E-01
  0.1244E+00  0.4206E-01  0.3295E-02  0.4074E-01  0.4074E-01
  0.1250E+00  0.3989E-01  0.3855E-02  0.3988E-01  0.3988E-01
  0.1256E+00  0.3773E-01  0.1979E-02  0.3904E-01  0.3904E-01
  0.1262E+00  0.3393E-01  0.1977E-02  0.3821E-01  0.3821E-01
  0.1268E+00  0.3273E-01  0.1938E-02  0.3741E-01  0.3741E-01
  0.1274E+00  0.3211E-01  0.1950E-02  0.3663E-01  0.3663E-01
  0.1280E+00  0.3229E-01  0.2004E-02  0.3586E-01  0.3586E-01
  0.1286E+00  0.3217E-01  0.2264E-02  0.3511E-01  0.3511E-01
  0.1292E+00  0.3189E-01  0.2058E-02  0.3439E-01  0.3439E-01
  0.1298E+00  0.3223E-01  0.2034E-02  0.3367E-01  0.3367E-01
  0.1304E+00  0.3104E-01  0.2138E-02  0.3298E-01  0.3298E-01
  0.1310E+00  0.3237E-01  0.2156E-02  0.3230E-01  0.3230E-01
  0.1317E+00  0.3151E-01  0.2438E-02  0.3164E-01  0.3164E-01
  0.1323E+00  0.3262E-01  0.2475E-02  0.3100E-01  0.3100E-01
  0.1329E+00  0.2997E-01  0.2946E-02  0.3037E-01  0.3037E-01
  0.1335E+00  0.3042E-01  0.2172E-02  0.2976E-01  0.2976E-01
  0.1341E+00  0.2834E-01  0.1366E-02  0.2916E-01  0.2916E-01
  0.1347E+00  0.2797E-01  0.1221E-02  0.2858E-01  0.2858E-01
  0.1353E+00  0.2753E-01  0.1369E-02  0.2801E-01  0.2801E-01
  0.1359E+00  0.2646E-01  0.1266E-02  0.2746E-01  0.2746E-01
  0.1365E+00  0.2635E-01  0.1117E-02  0.2692E-01  0.2692E-01
  0.1371E+00  0.2622E-01  0.1120E-02  0.2639E-01  0.2639E-01
  0.1377E+00  0.2609E-01  0.1184E-02  0.2588E-01  0.2588E-01
  0.1383E+00  0.2514E-01  0.1215E-02  0.2538E-01  0.2538E-01
  0.1390E+00  0.2418E-01  0.1182E-02  0.2489E-01  0.2489E-01
  0.1396E+00  0.2410E-01  0.1178E-02  0.2442E-01  0.2442E-01
  0.1402E+00  0.2440E-01  0.1212E-02  0.2396E-01  0.2396E-01
  0.1408E+00  0.2568E-01  0.7032E-03  0.2351E-01  0.2351E-01
  0.1414E+00  0.2432E-01  0.8971E-03  0.2307E-01  0.2307E-01
  0.1420E+00  0.2513E-01  0.7756E-03  0.2265E-01  0.2265E-01
  0.1426E+00  0.2277E-01  0.7339E-03  0.2223E-01  0.2223E-01
  0.1432E+00  0.2273E-01  0.7459E-03  0.2183E-01  0.2183E-01
  0.1438E+00  0.2244E-01  0.7084E-03  0.2144E-01  0.2144E-01
  0.1444E+00  0.2178E-01  0.6959E-03  0.2105E-01  0.2105E-01
  0.1450E+00  0.2163E-01  0.6864E-03  0.2068E-01  0.2068E-01
  0.1456E+00  0.2047E-01  0.6770E-03  0.2032E-01  0.2032E-01
  0.1463E+00  0.2017E-01  0.7268E-03  0.1996E-01  0.1996E-01
  0.1469E+00  0.1940E-01  0.7047E-03  0.1962E-01  0.1962E-01
  0.1475E+00  0.1858E-01  0.7150E-03  0.1929E-01  0.1929E-01
  0.1481E+00  0.1887E-01  0.6581E-03  0.1896E-01  0.1896E-01
  0.1487E+00  0.1881E-01  0.6604E-03  0.1865E-01  0.1865E-01
  0.1493E+00  0.1843E-01  0.6566E-03  0.1834E-01  0.1834E-01
  0.1499E+00  0.1873E-01  0.6561E-03  0.1804E-01  0.1804E-01
  0.1505E+00  0.1750E-01  0.6400E-03  0.1775E-01  0.1775E-01
  0.1511E+00  0.1772E-01  0.6285E-03  0.1747E-01  0.1747E-01
  0.1517E+00  0.1729E-01  0.6621E-03  0.1719E-01  0.1719E-01
  0.1523E+00  0.1658E-01  0.6416E-03  0.1692E-01  0.1692E-01
  0.1529E+00  0.1596E-01  0.6418E-03  0.1666E-01  0.1666E-01
  0.1535E+00  0.1540E-01  0.6635E-03  0.1641E-01  0.1641E-01
  0.1542E+00  0.1509E-01  0.6424E-03  0.1616E-01  0.1616E-01
  0.1548E+00  0.1464E-01  0.6257E-03  0.1592E-01  0.1592E-01
  0.1554E+00  0.1492E-01  0.6295E-03  0.1569E-01  0.1569E-01
  0.1560E+00  0.1414E-01  0.6200E-03  0.1546E-01  0.1546E-01
  0.1566E+00  0.1428E-01  0.6286E-03  0.1524E-01  0.1524E-01
  0.1572E+00  0.1378E-01  0.5767E-03  0.1503E-01  0.1503E-01
  0.1578E+00  0.1474E-01  0.5867E-03  0.1482E-01  0.1482E-01
  0.1584E+00  0.1449E-01  0.5701E-03  0.1462E-01  0.1462E-01
  0.1590E+00  0.1520E-01  0.5969E-03  0.1442E-01  0.1442E-01
  0.1596E+00  0.1490E-01  0.6125E-03  0.1423E-01  0.1423E-01
  0.1602E+00  0.1430E-01  0.6002E-03  0.1405E-01  0.1405E-01
  0.1608E+00  0.1441E-01  0.5897E-03  0.1386E-01  0.1386E-01
  0.1615E+00  0.1396E-01  0.5912E-03  0.1369E-01  0.1369E-01
  0.1621E+00  0.1436E-01  0.5719E-03  0.1352E-01  0.1352E-01
  0.1627E+00  0.1403E-01  0.5909E-03  0.1335E-01  0.1335E-01
  0.1633E+00  0.1348E-01  0.5933E-03  0.1319E-01  0.1319E-01
  0.1639E+00  0.1305E-01  0.5791E-03  0.1303E-01  0.1303E-01
  0.1645E+00  0.1205E-01  0.6002E-03  0.1288E-01  0.1288E-01
  0.1651E+00  0.1208E-01  0.6125E-03  0.1273E-01  0.1273E-01
  0.1657E+00  0.1233E-01  0.7062E-03  0.1258E-01  0.1258E-01
  0.1663E+00  0.1234E-01  0.6315E-03  0.1244E-01  0.1244E-01
  0.1669E+00  0.1187E-01  0.6709E-03  0.1230E-01  0.1230E-01
  0.1675E+00  0.1229E-01  0.6088E-03  0.1217E-01  0.1217E-01
  0.1681E+00  0.1133E-01  0.6192E-03  0.1204E-01  0.1204E-01
  0.1688E+00  0.1245E-01  0.6331E-03  0.1191E-01  0.1191E-01
  0.1694E+00  0.1190E-01  0.6017E-03  0.1178E-01  0.1178E-01
  0.1700E+00  0.1133E-01  0.5785E-03  0.1166E-01  0.1166E-01
  0.1706E+00  0.1161E-01  0.5878E-03  0.1154E-01  0.1154E-01
  0.1712E+00  0.1106E-01  0.5682E-03  0.1143E-01  0.1143E-01
  0.1718E+00  0.1148E-01  0.5872E-03  0.1131E-01  0.1131E-01
  0.1724E+00  0.1167E-01  0.5818E-03  0.1120E-01  0.1120E-01
  0.1730E+00  0.1171E-01  0.5996E-03  0.1110E-01  0.1110E-01
  0.1736E+00  0.1117E-01  0.5850E-03  0.1099E-01  0.1099E-01
  0.1742E+00  0.9999E-02  0.6139E-03  0.1089E-01  0.1089E-01
  0.1748E+00  0.1046E-01  0.6060E-03  0.1079E-01  0.1079E-01
  0.1754E+00  0.1001E-01  0.5764E-03  0.1069E-01  0.1069E-01
  0.1760E+00  0.1079E-01  0.6080E-03  0.1059E-01  0.1059E-01
  0.1767E+00  0.1065E-01  0.5863E-03  0.1050E-01  0.1050E-01
  0.1773E+00  0.1006E-01  0.6168E-03  0.1041E-01  0.1041E-01
  0.1779E+00  0.9872E-02  0.6018E-03  0.1032E-01  0.1032E-01
  0.1785E+00  0.9658E-02  0.5730E-03  0.1023E-01  0.1023E-01
  0.1791E+00  0.9865E-02  0.5944E-03  0.1014E-01  0.1014E-01
  0.1797E+00  0.9787E-02  0.6100E-03  0.1006E-01  0.1006E-01
  0.1803E+00  0.9763E-02  0.6045E-03  0.9971E-02  0.9971E-02
  0.1809E+00  0.9859E-02  0.6324E-03  0.9889E-02  0.9889E-02
  0.1815E+00  0.1044E-01  0.5904E-03  0.9808E-02  0.9808E-02
  0.1821E+00  0.9720E-02  0.6742E-03  0.9729E-02  0.9729E-02
  0.1827E+00  0.1015E-01  0.1043E-02  0.9650E-02  0.9650E-02
  0.1833E+00  0.9642E-02  0.7614E-03  0.9573E-02  0.9573E-02
  0.1840E+00  0.1018E-01  0.7758E-03  0.9498E-02  0.9498E-02
  0.1846E+00  0.9717E-02  0.6149E-03  0.9423E-02  0.9423E-02
  0.1852E+00  0.9524E-02  0.5704E-03  0.9349E-02  0.9349E-02
  0.1858E+00  0.9647E-02  0.5403E-03  0.9277E-02  0.9277E-02
  0.1864E+00  0.8712E-02  0.6018E-03  0.9205E-02  0.9205E-02
  0.1870E+00  0.9535E-02  0.5758E-03  0.9135E-02  0.9135E-02
  0.1876E+00  0.9904E-02  0.5806E-03  0.9065E-02  0.9065E-02
  0.1882E+00  0.8951E-02  0.5760E-03  0.8996E-02  0.8996E-02
  0.1888E+00  0.8555E-02  0.5546E-03  0.8928E-02  0.8928E-02
  0.1894E+00  0.7941E-02  0.5216E-03  0.8860E-02  0.8860E-02
  0.1900E+00  0.9361E-02  0.5647E-03  0.8794E-02  0.8794E-02
  0.1906E+00  0.8967E-02  0.5573E-03  0.8728E-02  0.8728E-02
  0.1912E+00  0.8653E-02  0.5624E-03  0.8662E-02  0.8662E-02
  0.1919E+00  0.8859E-02  0.7823E-03  0.8598E-02  0.8598E-02
  0.1925E+00  0.8611E-02  0.1432E-02  0.8533E-02  0.8533E-02
  0.1931E+00  0.8781E-02  0.9993E-03  0.8470E-02  0.8470E-02
  0.1937E+00  0.8844E-02  0.1590E-02  0.8407E-02  0.8407E-02
  0.1943E+00  0.9028E-02  0.8619E-03  0.8344E-02  0.8344E-02
  0.1949E+00  0.8168E-02  0.5625E-03  0.8283E-02  0.8283E-02
  0.1955E+00  0.9047E-02  0.5539E-03  0.8221E-02  0.8221E-02
  0.1961E+00  0.8317E-02  0.5453E-03  0.8160E-02  0.8160E-02
  0.1967E+00  0.8679E-02  0.5305E-03  0.8100E-02  0.8100E-02
  0.1973E+00  0.7811E-02  0.5252E-03  0.8040E-02  0.8040E-02
  0.1979E+00  0.7669E-02  0.5316E-03  0.7980E-02  0.7980E-02
  0.1985E+00  0.7049E-02  0.5406E-03  0.7921E-02  0.7921E-02
  0.1992E+00  0.7997E-02  0.5669E-03  0.7862E-02  0.7862E-02
  0.1998E+00  0.7345E-02  0.5424E-03  0.7803E-02  0.7803E-02
  0.2004E+00  0.8251E-02  0.5734E-03  0.7745E-02  0.7745E-02
  0.2010E+00  0.7235E-02  0.5503E-03  0.7687E-02  0.7687E-02
  0.2016E+00  0.7692E-02  0.5503E-03  0.7630E-02  0.7630E-02
  0.2022E+00  0.7656E-02  0.5627E-03  0.7573E-02  0.7573E-02
  0.2028E+00  0.8186E-02  0.5284E-03  0.7516E-02  0.7516E-02
  0.2034E+00  0.7850E-02  0.5297E-03  0.7460E-02  0.7460E-02
  0.2040E+00  0.7481E-02  0.5110E-03  0.7404E-02  0.7404E-02
  0.2046E+00  0.7603E-02  0.5769E-03  0.7348E-02  0.7348E-02
  0.2052E+00  0.7348E-02  0.7247E-03  0.7293E-02  0.7293E-02
  0.2058E+00  0.7088E-02  0.5738E-03  0.7238E-02  0.7238E-02
  0.2065E+00  0.6358E-02  0.5787E-03  0.7183E-02  0.7183E-02
  0.2071E+00  0.7374E-02  0.5493E-03  0.7129E-02  0.7129E-02
  0.2077E+00  0.6899E-02  0.5262E-03  0.7075E-02  0.7075E-02
  0.2083E+00  0.7274E-02  0.5185E-03  0.7022E-02  0.7022E-02
  0.2089E+00  0.6933E-02  0.5216E-03  0.6969E-02  0.6969E-02
  0.2095E+00  0.7118E-02  0.5299E-03  0.6916E-02  0.6916E-02
  0.2101E+00  0.6877E-02  0.5231E-03  0.6863E-02  0.6863E-02
  0.2107E+00  0.6385E-02  0.5276E-03  0.6811E-02  0.6811E-02
  0.2113E+00  0.6958E-02  0.5465E-03  0.6760E-02  0.6760E-02
  0.2119E+00  0.7146E-02  0.5136E-03  0.6709E-02  0.6709E-02
  0.2125E+00  0.6739E-02  0.5317E-03  0.6658E-02  0.6658E-02
  0.2131E+00  0.6583E-02  0.5132E-03  0.6607E-02  0.6607E-02
  0.2137E+00  0.6378E-02  0.5846E-03  0.6558E-02  0.6558E-02
  0.2144E+00  0.6628E-02  0.5927E-03  0.6508E-02  0.6508E-02
  0.2150E+00  0.6166E-02  0.8101E-03  0.6459E-02  0.6459E-02
  0.2156E+00  0.6472E-02  0.6837E-03  0.6411E-02  0.6411E-02
  0.2162E+00  0.6611E-02  0.5368E-03  0.6362E-02  0.6362E-02
  0.2168E+00  0.6710E-02  0.5299E-03  0.6314E-02  0.6314E-02
  0.2174E+00  0.6664E-02  0.5300E-03  0.6267E-02  0.6267E-02
  0.2180E+00  0.6688E-02  0.5021E-03  0.6221E-02  0.6221E-02
  0.2186E+00  0.6541E-02  0.5148E-03  0.6174E-02  0.6174E-02
  0.2192E+00  0.5978E-02  0.5132E-03  0.6129E-02  0.6129E-02
  0.2198E+00  0.5645E-02  0.5362E-03  0.6083E-02  0.6083E-02
  0.2204E+00  0.5872E-02  0.5380E-03  0.6039E-02  0.6039E-02
  0.2210E+00  0.5228E-02  0.5084E-03  0.5995E-02  0.5995E-02
  0.2216E+00  0.5402E-02  0.5223E-03  0.5951E-02  0.5951E-02
  0.2223E+00  0.5455E-02  0.5176E-03  0.5908E-02  0.5908E-02
  0.2229E+00  0.4916E-02  0.5311E-03  0.5866E-02  0.5866E-02
  0.2235E+00  0.5318E-02  0.5203E-03  0.5824E-02  0.5824E-02
  0.2241E+00  0.5807E-02  0.5280E-03  0.5782E-02  0.5782E-02
  0.2247E+00  0.5421E-02  0.4889E-03  0.5742E-02  0.5742E-02
  0.2253E+00  0.6063E-02  0.4862E-03  0.5702E-02  0.5702E-02
  0.2259E+00  0.5159E-02  0.4828E-03  0.5662E-02  0.5662E-02
  0.2265E+00  0.5892E-02  0.5028E-03  0.5623E-02  0.5623E-02
  0.2271E+00  0.5425E-02  0.4975E-03  0.5585E-02  0.5585E-02
  0.2277E+00  0.5554E-02  0.4994E-03  0.5547E-02  0.5547E-02
  0.2283E+00  0.5123E-02  0.5725E-03  0.5510E-02  0.5510E-02
  0.2289E+00  0.5842E-02  0.9331E-03  0.5473E-02  0.5473E-02
  0.2296E+00  0.6353E-02  0.6398E-03  0.5438E-02  0.5438E-02
  0.2302E+00  0.5745E-02  0.5231E-03  0.5402E-02  0.5402E-02
  0.2308E+00  0.5897E-02  0.5254E-03  0.5368E-02  0.5368E-02
  0.2314E+00  0.5113E-02  0.5358E-03  0.5334E-02  0.5334E-02
  0.2320E+00  0.4375E-02  0.5953E-03  0.5300E-02  0.5300E-02
  0.2326E+00  0.5232E-02  0.4969E-03  0.5268E-02  0.5268E-02
  0.2332E+00  0.5565E-02  0.4966E-03  0.5236E-02  0.5236E-02
  0.2338E+00  0.5232E-02  0.4691E-03  0.5204E-02  0.5204E-02
  0.2344E+00  0.5334E-02  0.4650E-03  0.5173E-02  0.5173E-02
  0.2350E+00  0.4959E-02  0.4701E-03  0.5143E-02  0.5143E-02
  0.2356E+00  0.5087E-02  0.4810E-03  0.5114E-02  0.5114E-02
  0.2362E+00  0.5330E-02  0.4776E-03  0.5085E-02  0.5085E-02
  0.2369E+00  0.5332E-02  0.4720E-03  0.5057E-02  0.5057E-02
  0.2375E+00  0.5656E-02  0.4791E-03  0.5029E-02  0.5029E-02
  0.2381E+00  0.5014E-02  0.5040E-03  0.5002E-02  0.5002E-02
  0.2387E+00  0.5153E-02  0.4949E-03  0.4975E-02  0.4975E-02
  0.2393E+00  0.4972E-02  0.4829E-03  0.4949E-02  0.4949E-02
  0.2399E+00  0.4898E-02  0.4819E-03  0.4924E-02  0.4924E-02
  0.2405E+00  0.4796E-02  0.4791E-03  0.4899E-02  0.4899E-02
  0.2411E+00  0.4665E-02  0.4941E-03  0.4875E-02  0.4875E-02
  0.2417E+00  0.4273E-02  0.4720E-03  0.4852E-02  0.4852E-02
  0.2423E+00  0.4368E-02  0.4860E-03  0.4829E-02  0.4829E-02
  0.2429E+00  0.4440E-02  0.5127E-03  0.4806E-02  0.4806E-02
  0.2435E+00  0.4951E-02  0.4720E-03  0.4784E-02  0.4784E-02
  0.2441E+00  0.4872E-02  0.4877E-03  0.4763E-02  0.4763E-02
  0.2448E+00  0.4707E-02  0.4597E-03  0.4742E-02  0.4742E-02
  0.2454E+00  0.4576E-02  0.4743E-03  0.4722E-02  0.4722E-02
  0.2460E+00  0.4068E-02  0.4750E-03  0.4702E-02  0.4702E-02
  0.2466E+00  0.4131E-02  0.4807E-03  0.4683E-02  0.4683E-02
  0.2472E+00  0.4264E-02  0.5003E-03  0.4664E-02  0.4664E-02
  0.2478E+00  0.4332E-02  0.4764E-03  0.4645E-02  0.4645E-02
  0.2484E+00  0.5264E-02  0.4709E-03  0.4628E-02  0.4628E-02
  0.2490E+00  0.4950E-02  0.4744E-03  0.4610E-02  0.4610E-02
  0.2496E+00  0.4513E-02  0.5377E-03  0.4593E-02  0.4593E-02
  0.2502E+00  0.4424E-02  0.8061E-03  0.4576E-02  0.4576E-02
  0.2508E+00  0.4681E-02  0.7354E-03  0.4560E-02  0.4560E-02
  0.2514E+00  0.4352E-02  0.1332E-02  0.4544E-02  0.4544E-02
  0.2521E+00  0.4437E-02  0.6967E-03  0.4528E-02  0.4528E-02
  0.2527E+00  0.4354E-02  0.4693E-03  0.4513E-02  0.4513E-02
  0.2533E+00  0.5332E-02  0.4712E-03  0.4498E-02  0.4498E-02
  0.2539E+00  0.4760E-02  0.4727E-03  0.4484E-02  0.4484E-02
  0.2545E+00  0.4855E-02  0.4507E-03  0.4470E-02  0.4470E-02
  0.2551E+00  0.4881E-02  0.4624E-03  0.4456E-02  0.4456E-02
  0.2557E+00  0.5005E-02  0.4785E-03  0.4442E-02  0.4442E-02
  0.2563E+00  0.4720E-02  0.4749E-03  0.4429E-02  0.4429E-02
  0.2569E+00  0.3974E-02  0.5612E-03  0.4415E-02  0.4415E-02
  0.2575E+00  0.4688E-02  0.4710E-03  0.4402E-02  0.4402E-02
  0.2581E+00  0.3746E-02  0.4712E-03  0.4390E-02  0.4390E-02
  0.2587E+00  0.4348E-02  0.4636E-03  0.4377E-02  0.4377E-02
  0.2593E+00  0.4444E-02  0.4439E-03  0.4365E-02  0.4365E-02
  0.2600E+00  0.3829E-02  0.4546E-03  0.4353E-02  0.4353E-02
  0.2606E+00  0.4206E-02  0.4619E-03  0.4341E-02  0.4341E-02
  0.2612E+00  0.4576E-02  0.4624E-03  0.4329E-02  0.4329E-02
  0.2618E+00  0.4760E-02  0.4871E-03  0.4317E-02  0.4317E-02
  0.2624E+00  0.4457E-02  0.4794E-03  0.4305E-02  0.4305E-02
  0.2630E+00  0.4465E-02  0.4573E-03  0.4294E-02  0.4294E-02
  0.2636E+00  0.3964E-02  0.4734E-03  0.4282E-02  0.4282E-02
  0.2642E+00  0.4173E-02  0.4366E-03  0.4271E-02  0.4271E-02
  0.2648E+00  0.4456E-02  0.4521E-03  0.4259E-02  0.4259E-02
  0.2654E+00  0.4328E-02  0.4637E-03  0.4248E-02  0.4248E-02
  0.2660E+00  0.4199E-02  0.4405E-03  0.4237E-02  0.4237E-02
  0.2666E+00  0.4332E-02  0.4399E-03  0.4226E-02  0.4226E-02
  0.2673E+00  0.4080E-02  0.4542E-03  0.4214E-02  0.4214E-02
  0.2679E+00  0.3647E-02  0.4563E-03  0.4203E-02  0.4203E-02
  0.2685E+00  0.4077E-02  0.4432E-03  0.4192E-02  0.4192E-02
  0.2691E+00  0.4304E-02  0.4469E-03  0.4181E-02  0.4181E-02
  0.2697E+00  0.4506E-02  0.4489E-03  0.4169E-02  0.4169E-02

           Distance distribution  function of particle  


       R          P(R)      ERROR

  0.0000E+00  0.0000E+00  0.0000E+00
  0.8606E+00  0.2347E-04  0.7279E-06
  0.1721E+01  0.5162E-04  0.1212E-05
  0.2582E+01  0.8436E-04  0.1466E-05
  0.3442E+01  0.1216E-03  0.1513E-05
  0.4303E+01  0.1630E-03  0.1387E-05
  0.5164E+01  0.2086E-03  0.1132E-05
  0.6024E+01  0.2578E-03  0.8269E-06
  0.6885E+01  0.3106E-03  0.6492E-06
  0.7745E+01  0.3664E-03  0.8235E-06
  0.8606E+01  0.4248E-03  0.1220E-05
  0.9467E+01  0.4855E-03  0.1654E-05
  0.1033E+02  0.5479E-03  0.2049E-05
  0.1119E+02  0.6116E-03  0.2365E-05
  0.1205E+02  0.6761E-03  0.2583E-05
  0.1291E+02  0.7407E-03  0.2694E-05
  0.1377E+02  0.8050E-03  0.2702E-05
  0.1463E+02  0.8685E-03  0.2622E-05
  0.1549E+02  0.9306E-03  0.2486E-05
  0.1635E+02  0.9908E-03  0.2338E-05
  0.1721E+02  0.1049E-02  0.2239E-05
  0.1807E+02  0.1103E-02  0.2242E-05
  0.1893E+02  0.1155E-02  0.2373E-05
  0.1979E+02  0.1203E-02  0.2611E-05
  0.2065E+02  0.1247E-02  0.2910E-05
  0.2152E+02  0.1286E-02  0.3218E-05
  0.2238E+02  0.1321E-02  0.3496E-05
  0.2324E+02  0.1351E-02  0.3716E-05
  0.2410E+02  0.1377E-02  0.3865E-05
  0.2496E+02  0.1397E-02  0.3938E-05
  0.2582E+02  0.1412E-02  0.3944E-05
  0.2668E+02  0.1421E-02  0.3901E-05
  0.2754E+02  0.1426E-02  0.3833E-05
  0.2840E+02  0.1426E-02  0.3771E-05
  0.2926E+02  0.1422E-02  0.3745E-05
  0.3012E+02  0.1412E-02  0.3775E-05
  0.3098E+02  0.1399E-02  0.3867E-05
  0.3184E+02  0.1381E-02  0.4013E-05
  0.3270E+02  0.1360E-02  0.4190E-05
  0.3356E+02  0.1335E-02  0.4377E-05
  0.3442E+02  0.1307E-02  0.4551E-05
  0.3528E+02  0.1276E-02  0.4700E-05
  0.3615E+02  0.1243E-02  0.4819E-05
  0.3701E+02  0.1207E-02  0.4912E-05
  0.3787E+02  0.1170E-02  0.4992E-05
  0.3873E+02  0.1130E-02  0.5073E-05
  0.3959E+02  0.1090E-02  0.5172E-05
  0.4045E+02  0.1048E-02  0.5302E-05
  0.4131E+02  0.1005E-02  0.5467E-05
  0.4217E+02  0.9621E-03  0.5660E-05
  0.4303E+02  0.9183E-03  0.5869E-05
  0.4389E+02  0.8743E-03  0.6074E-05
  0.4475E+02  0.8303E-03  0.6255E-05
  0.4561E+02  0.7864E-03  0.6395E-05
  0.4647E+02  0.7428E-03  0.6482E-05
  0.4733E+02  0.6997E-03  0.6511E-05
  0.4819E+02  0.6572E-03  0.6486E-05
  0.4905E+02  0.6155E-03  0.6416E-05
  0.4991E+02  0.5747E-03  0.6321E-05
  0.5078E+02  0.5350E-03  0.6223E-05
  0.5164E+02  0.4966E-03  0.6147E-05
  0.5250E+02  0.4595E-03  0.6112E-05
  0.5336E+02  0.4240E-03  0.6131E-05
  0.5422E+02  0.3901E-03  0.6204E-05
  0.5508E+02  0.3579E-03  0.6320E-05
  0.5594E+02  0.3275E-03  0.6459E-05
  0.5680E+02  0.2991E-03  0.6600E-05
  0.5766E+02  0.2726E-03  0.6721E-05
  0.5852E+02  0.2482E-03  0.6808E-05
  0.5938E+02  0.2257E-03  0.6851E-05
  0.6024E+02  0.2053E-03  0.6850E-05
  0.6110E+02  0.1868E-03  0.6812E-05
  0.6196E+02  0.1702E-03  0.6750E-05
  0.6282E+02  0.1554E-03  0.6679E-05
  0.6368E+02  0.1422E-03  0.6617E-05
  0.6455E+02  0.1306E-03  0.6578E-05
  0.6541E+02  0.1204E-03  0.6571E-05
  0.6627E+02  0.1113E-03  0.6597E-05
  0.6713E+02  0.1033E-03  0.6651E-05
  0.6799E+02  0.9602E-04  0.6724E-05
  0.6885E+02  0.8943E-04  0.6804E-05
  0.6971E+02  0.8331E-04  0.6883E-05
  0.7057E+02  0.7750E-04  0.6959E-05
  0.7143E+02  0.7184E-04  0.7036E-05
  0.7229E+02  0.6624E-04  0.7122E-05
  0.7315E+02  0.6060E-04  0.7232E-05
  0.7401E+02  0.5486E-04  0.7378E-05
  0.7487E+02  0.4901E-04  0.7570E-05
  0.7573E+02  0.4305E-04  0.7806E-05
  0.7659E+02  0.3703E-04  0.8074E-05
  0.7745E+02  0.3102E-04  0.8347E-05
  0.7831E+02  0.2514E-04  0.8587E-05
  0.7918E+02  0.1949E-04  0.8747E-05
  0.8004E+02  0.1423E-04  0.8772E-05
  0.8090E+02  0.9508E-05  0.8605E-05
  0.8176E+02  0.5471E-05  0.8181E-05
  0.8262E+02  0.2267E-05  0.7438E-05
  0.8348E+02  0.2641E-07  0.6312E-05
  0.8434E+02 -0.1143E-05  0.4738E-05
  0.8520E+02 -0.1165E-05  0.2653E-05
  0.8606E+02  0.0000E+00  0.0000E+00
          Reciprocal space: Rg =   24.59     , I(0) =   0.6433E+00
     Real space: Rg =   24.60 +- 0.137  I(0) =   0.6433E+00 +-  0.3286E-02
