
           ####    G N O M   ---   Version 4.5a revised 09/02/02     ####

                                                  Fri Oct 20 04:20:05 2017
           ===    Run No   1   ===
 Run title:   0.147309E-01  0.263570E+02  0.554444E+00


   *******   Working Directory :
   *******    Input file(s) : 23912_merged2_q25.dat
           Condition P(rmin) = 0 is used. 
           Condition P(rmax) = 0 is used. 

          Experimental conditions for the first run
          -----------------------------------------

          Highest ALPHA is found to be   0.4392E+03

  The measure of inconsistency AN1 equals to    0.8567E+00
     Alpha    Discrp  Oscill  Stabil  Sysdev  Positv  Valcen    Total   
  0.4392E+06 53.1300  1.4142  0.9556  0.0000  1.0000  0.7910  0.00001
  0.8784E+05 49.3206  1.3678  0.8527  0.0000  1.0000  0.8031  0.00001
  0.1757E+05 40.5774  1.2414  0.6654  0.0725  1.0000  0.8415  0.00001
  0.3514E+04 27.7178  1.1703  0.4975  0.0217  1.0000  0.8935  0.00001
  0.7027E+03 12.5345  1.2277  0.2305  0.1304  1.0000  0.9235  0.00001
  0.1405E+03  3.8213  1.3150  0.0712  0.2029  1.0000  0.9359  0.00001
  0.2811E+02  1.2109  1.3616  0.0187  0.4203  1.0000  0.9393  0.52097
  0.5622E+01  0.8640  1.3754  0.0064  0.5072  1.0000  0.9397  0.50572
  0.1124E+01  0.8219  1.3895  0.0117  0.4783  1.0000  0.9388  0.10000
  0.2249E+00  0.8001  1.4307  0.0168  0.5000  1.0000  0.9379  0.10000
  0.4497E-01  0.7808  1.6277  0.0639  0.5435  0.9999  0.9386  0.10000
  0.8995E-02  0.7486  2.6279  0.1110  0.5290  0.9979  0.9354  0.10000
  0.1799E-02  0.7328  3.7546  0.0574  0.5725  0.9930  0.9226  0.10000
  0.3598E-03  0.7309  4.1722  0.0312  0.5870  0.9896  0.9153  0.10000
  0.7196E-04  0.7307  4.4088  0.1119  0.5725  0.9846  0.9059  0.10000
  0.1439E-04  0.7304  6.1653  0.4242  0.5725  0.9569  0.8482  0.10000
  0.2878E-05  0.7289 10.1133  0.8073  0.5870  0.8572  0.5069  0.10000
  0.5757E-06  0.7244 11.0042  0.6743  0.5580  0.7621  0.3983  0.10000
  0.1151E-06  0.7197 10.9398  0.3355  0.5580  0.7380  0.3785  0.10000
  0.2303E-07  0.7183 10.5751  0.3367  0.5580  0.7393  0.3952  0.10000
  0.4605E-08  0.7168 12.1577  0.6436  0.5580  0.7331  0.3940  0.10000
  0.9211E-09  0.7122 15.8955  0.6296  0.5580  0.7094  0.3535  0.10000
  0.1842E-09  0.6997 22.6138  0.7341  0.5725  0.7233  0.3284  0.10000
  0.3684E-10  0.6606 28.9658  0.7209  0.5580  0.7731  0.3517  0.10000
  0.7369E-11  0.5634 34.5876  0.6204  0.5435  0.7859  0.3282  0.10000
  0.1474E-11  0.4003 39.3646  0.4881  0.6014  0.7686  0.3193  0.10000
  0.2947E-12  0.2139 43.5222  0.3170  0.6884  0.7513  0.3069  0.10000
  0.5895E-13  0.0793 46.7699  0.1633  0.6884  0.7378  0.3185  0.10000
  0.1179E-13  0.0209 48.4567  0.0574  0.7174  0.7306  0.3260  0.10000
  0.2358E-14  0.0046 48.9710  0.0139  0.7174  0.7296  0.3278  0.10000
  0.4716E-15  0.0010 49.0872  0.0029  0.7174  0.7294  0.3282  0.10000

          ***  Golden section search to maximize estimate ***
     Alpha    Discrp  Oscill  Stabil  Sysdev  Positv  Valcen    Total   
  0.1520E+02  0.9754  1.3688  0.0107  0.4638  1.0000  0.9396  0.52677
  0.1040E+02  0.9111  1.3718  0.0078  0.5072  1.0000  0.9397  0.52046
  0.1922E+02  1.0405  1.3665  0.0132  0.4203  1.0000  0.9395  0.52839
  0.2223E+02  1.0946  1.3648  0.0151  0.4058  1.0000  0.9394  0.52754
  0.1757E+02  1.0127  1.3674  0.0122  0.4493  1.0000  0.9395  0.52813
  0.2032E+02  1.0597  1.3658  0.0139  0.4058  1.0000  0.9395  0.52828
  0.1858E+02  1.0294  1.3668  0.0128  0.4203  1.0000  0.9395  0.52833
  0.1964E+02  1.0476  1.3662  0.0135  0.4058  1.0000  0.9395  0.52836
  0.1897E+02  1.0362  1.3666  0.0130  0.4203  1.0000  0.9395  0.52837
  0.1938E+02  1.0432  1.3664  0.0133  0.4203  1.0000  0.9395  0.52839
  0.1948E+02  1.0449  1.3663  0.0134  0.4203  1.0000  0.9395  0.52839
  0.1932E+02  1.0422  1.3664  0.0133  0.4203  1.0000  0.9395  0.52839
  0.1928E+02  1.0415  1.3664  0.0132  0.4203  1.0000  0.9395  0.52839
  0.1932E+02  1.0422  1.3664  0.0133  0.4203  1.0000  0.9395  0.52839



             ####            Final results            ####

 Parameter    DISCRP    OSCILL    STABIL    SYSDEV    POSITV    VALCEN
 Weight        1.000     3.000     3.000     4.000     1.000     1.000
 Sigma         0.500     0.600     0.120     0.200     0.120     0.120
 Ideal         1.000     1.100     0.000     1.000     1.000     0.950
 Current       1.042     1.366     0.013     0.420     1.000     0.939
                - - - - - - - - - - - - - - - - - - - - - - - - - 
 Estimate      0.993     0.821     0.988     0.000     1.000     0.992

  Angular   range    :     from    0.0156   to    0.2495
  Real space range   :     from      0.00   to     83.78

  Highest ALPHA (theor) :   0.439E+06                 JOB = 0
  Current ALPHA         :   0.193E+02   Rg :  0.259E+02   I(0) :   0.273E+02

           Total  estimate : 0.528  which is  A REASONABLE  solution

      S          J EXP       ERROR       J REG       I REG

  0.0000E+00                                      0.2735E+02
  0.8655E-03                                      0.2734E+02
  0.1731E-02                                      0.2733E+02
  0.2596E-02                                      0.2730E+02
  0.3462E-02                                      0.2727E+02
  0.4327E-02                                      0.2723E+02
  0.5193E-02                                      0.2718E+02
  0.6058E-02                                      0.2712E+02
  0.6924E-02                                      0.2705E+02
  0.7789E-02                                      0.2698E+02
  0.8655E-02                                      0.2689E+02
  0.9520E-02                                      0.2679E+02
  0.1039E-01                                      0.2669E+02
  0.1125E-01                                      0.2658E+02
  0.1212E-01                                      0.2646E+02
  0.1298E-01                                      0.2633E+02
  0.1385E-01                                      0.2619E+02
  0.1471E-01                                      0.2605E+02
  0.1558E-01  0.2607E+02  0.4611E+00  0.2590E+02  0.2590E+02
  0.1643E-01  0.2578E+02  0.4323E+00  0.2574E+02  0.2574E+02
  0.1727E-01  0.2618E+02  0.4005E+00  0.2557E+02  0.2557E+02
  0.1812E-01  0.2547E+02  0.3871E+00  0.2540E+02  0.2540E+02
  0.1897E-01  0.2479E+02  0.3776E+00  0.2523E+02  0.2523E+02
  0.1982E-01  0.2547E+02  0.3611E+00  0.2504E+02  0.2504E+02
  0.2066E-01  0.2546E+02  0.3539E+00  0.2485E+02  0.2485E+02
  0.2151E-01  0.2468E+02  0.3296E+00  0.2465E+02  0.2465E+02
  0.2236E-01  0.2475E+02  0.3225E+00  0.2445E+02  0.2445E+02
  0.2321E-01  0.2464E+02  0.3128E+00  0.2424E+02  0.2424E+02
  0.2405E-01  0.2453E+02  0.3049E+00  0.2402E+02  0.2402E+02
  0.2490E-01  0.2430E+02  0.2996E+00  0.2380E+02  0.2380E+02
  0.2575E-01  0.2392E+02  0.2800E+00  0.2357E+02  0.2357E+02
  0.2660E-01  0.2318E+02  0.2772E+00  0.2334E+02  0.2334E+02
  0.2745E-01  0.2323E+02  0.2652E+00  0.2310E+02  0.2310E+02
  0.2829E-01  0.2340E+02  0.2637E+00  0.2286E+02  0.2286E+02
  0.2914E-01  0.2277E+02  0.2673E+00  0.2261E+02  0.2261E+02
  0.2999E-01  0.2247E+02  0.2598E+00  0.2236E+02  0.2236E+02
  0.3084E-01  0.2221E+02  0.2650E+00  0.2210E+02  0.2210E+02
  0.3168E-01  0.2172E+02  0.2572E+00  0.2184E+02  0.2184E+02
  0.3253E-01  0.2180E+02  0.2609E+00  0.2158E+02  0.2158E+02
  0.3338E-01  0.2186E+02  0.2474E+00  0.2131E+02  0.2131E+02
  0.3423E-01  0.2190E+02  0.2437E+00  0.2104E+02  0.2104E+02
  0.3507E-01  0.2140E+02  0.2351E+00  0.2077E+02  0.2077E+02
  0.3592E-01  0.2117E+02  0.2270E+00  0.2049E+02  0.2049E+02
  0.3677E-01  0.2048E+02  0.2279E+00  0.2021E+02  0.2021E+02
  0.3762E-01  0.2006E+02  0.2246E+00  0.1993E+02  0.1993E+02
  0.3846E-01  0.1989E+02  0.2223E+00  0.1964E+02  0.1964E+02
  0.3931E-01  0.1956E+02  0.2253E+00  0.1936E+02  0.1936E+02
  0.4016E-01  0.1932E+02  0.2182E+00  0.1907E+02  0.1907E+02
  0.4101E-01  0.1875E+02  0.2150E+00  0.1878E+02  0.1878E+02
  0.4185E-01  0.1840E+02  0.2122E+00  0.1849E+02  0.1849E+02
  0.4270E-01  0.1798E+02  0.2113E+00  0.1820E+02  0.1820E+02
  0.4355E-01  0.1762E+02  0.2100E+00  0.1790E+02  0.1790E+02
  0.4440E-01  0.1761E+02  0.2023E+00  0.1761E+02  0.1761E+02
  0.4525E-01  0.1743E+02  0.2014E+00  0.1732E+02  0.1732E+02
  0.4609E-01  0.1704E+02  0.1957E+00  0.1702E+02  0.1702E+02
  0.4694E-01  0.1659E+02  0.1958E+00  0.1673E+02  0.1673E+02
  0.4779E-01  0.1625E+02  0.1926E+00  0.1643E+02  0.1643E+02
  0.4864E-01  0.1582E+02  0.1910E+00  0.1614E+02  0.1614E+02
  0.4948E-01  0.1557E+02  0.1931E+00  0.1584E+02  0.1584E+02
  0.5033E-01  0.1550E+02  0.1909E+00  0.1555E+02  0.1555E+02
  0.5118E-01  0.1523E+02  0.1903E+00  0.1526E+02  0.1526E+02
  0.5203E-01  0.1502E+02  0.1867E+00  0.1496E+02  0.1496E+02
  0.5287E-01  0.1478E+02  0.1864E+00  0.1467E+02  0.1467E+02
  0.5372E-01  0.1446E+02  0.1844E+00  0.1438E+02  0.1438E+02
  0.5457E-01  0.1393E+02  0.1787E+00  0.1410E+02  0.1410E+02
  0.5542E-01  0.1371E+02  0.1791E+00  0.1381E+02  0.1381E+02
  0.5626E-01  0.1359E+02  0.1772E+00  0.1352E+02  0.1352E+02
  0.5711E-01  0.1337E+02  0.1772E+00  0.1324E+02  0.1324E+02
  0.5796E-01  0.1312E+02  0.1727E+00  0.1296E+02  0.1296E+02
  0.5881E-01  0.1279E+02  0.1709E+00  0.1268E+02  0.1268E+02
  0.5965E-01  0.1221E+02  0.1707E+00  0.1240E+02  0.1240E+02
  0.6050E-01  0.1195E+02  0.1649E+00  0.1213E+02  0.1213E+02
  0.6135E-01  0.1168E+02  0.1664E+00  0.1186E+02  0.1186E+02
  0.6220E-01  0.1163E+02  0.1637E+00  0.1159E+02  0.1159E+02
  0.6304E-01  0.1143E+02  0.1626E+00  0.1132E+02  0.1132E+02
  0.6389E-01  0.1107E+02  0.1623E+00  0.1106E+02  0.1106E+02
  0.6474E-01  0.1096E+02  0.1636E+00  0.1080E+02  0.1080E+02
  0.6559E-01  0.1070E+02  0.1645E+00  0.1054E+02  0.1054E+02
  0.6644E-01  0.1040E+02  0.1619E+00  0.1028E+02  0.1028E+02
  0.6728E-01  0.1018E+02  0.1615E+00  0.1003E+02  0.1003E+02
  0.6813E-01  0.9925E+01  0.1598E+00  0.9783E+01  0.9783E+01
  0.6898E-01  0.9637E+01  0.1575E+00  0.9538E+01  0.9538E+01
  0.6983E-01  0.9430E+01  0.1570E+00  0.9296E+01  0.9296E+01
  0.7067E-01  0.9521E+01  0.1544E+00  0.9058E+01  0.9058E+01
  0.7152E-01  0.9105E+01  0.1525E+00  0.8823E+01  0.8823E+01
  0.7237E-01  0.8739E+01  0.1057E+00  0.8591E+01  0.8591E+01
  0.7322E-01  0.8635E+01  0.7934E-01  0.8364E+01  0.8364E+01
  0.7406E-01  0.8357E+01  0.7831E-01  0.8140E+01  0.8140E+01
  0.7491E-01  0.8030E+01  0.7713E-01  0.7919E+01  0.7919E+01
  0.7576E-01  0.7893E+01  0.7749E-01  0.7702E+01  0.7702E+01
  0.7661E-01  0.7685E+01  0.7703E-01  0.7489E+01  0.7489E+01
  0.7745E-01  0.7438E+01  0.7801E-01  0.7280E+01  0.7280E+01
  0.7830E-01  0.7222E+01  0.7737E-01  0.7074E+01  0.7074E+01
  0.7915E-01  0.6907E+01  0.7723E-01  0.6872E+01  0.6872E+01
  0.8000E-01  0.6788E+01  0.7705E-01  0.6674E+01  0.6674E+01
  0.8084E-01  0.6520E+01  0.7561E-01  0.6479E+01  0.6479E+01
  0.8169E-01  0.6449E+01  0.7559E-01  0.6289E+01  0.6289E+01
  0.8254E-01  0.6274E+01  0.7411E-01  0.6102E+01  0.6102E+01
  0.8339E-01  0.5991E+01  0.7316E-01  0.5919E+01  0.5919E+01
  0.8424E-01  0.5747E+01  0.7416E-01  0.5739E+01  0.5739E+01
  0.8508E-01  0.5626E+01  0.7209E-01  0.5564E+01  0.5564E+01
  0.8593E-01  0.5459E+01  0.7142E-01  0.5392E+01  0.5392E+01
  0.8678E-01  0.5251E+01  0.7152E-01  0.5224E+01  0.5224E+01
  0.8763E-01  0.4998E+01  0.7140E-01  0.5059E+01  0.5059E+01
  0.8847E-01  0.4735E+01  0.7169E-01  0.4899E+01  0.4899E+01
  0.8932E-01  0.4671E+01  0.7026E-01  0.4742E+01  0.4742E+01
  0.9017E-01  0.4622E+01  0.5042E-01  0.4588E+01  0.4588E+01
  0.9102E-01  0.4595E+01  0.4730E-01  0.4438E+01  0.4438E+01
  0.9186E-01  0.4428E+01  0.4703E-01  0.4292E+01  0.4292E+01
  0.9271E-01  0.4183E+01  0.4675E-01  0.4149E+01  0.4149E+01
  0.9356E-01  0.4091E+01  0.4552E-01  0.4010E+01  0.4010E+01
  0.9441E-01  0.3974E+01  0.4540E-01  0.3874E+01  0.3874E+01
  0.9525E-01  0.3854E+01  0.4527E-01  0.3741E+01  0.3741E+01
  0.9610E-01  0.3650E+01  0.4535E-01  0.3612E+01  0.3612E+01
  0.9695E-01  0.3456E+01  0.4496E-01  0.3486E+01  0.3486E+01
  0.9780E-01  0.3404E+01  0.4491E-01  0.3364E+01  0.3364E+01
  0.9864E-01  0.3244E+01  0.4432E-01  0.3244E+01  0.3244E+01
  0.9949E-01  0.3169E+01  0.4335E-01  0.3128E+01  0.3128E+01
  0.1003E+00  0.3059E+01  0.4337E-01  0.3016E+01  0.3016E+01
  0.1012E+00  0.2937E+01  0.4347E-01  0.2906E+01  0.2906E+01
  0.1020E+00  0.2874E+01  0.4343E-01  0.2799E+01  0.2799E+01
  0.1029E+00  0.2723E+01  0.4329E-01  0.2695E+01  0.2695E+01
  0.1037E+00  0.2631E+01  0.4272E-01  0.2595E+01  0.2595E+01
  0.1046E+00  0.2536E+01  0.4293E-01  0.2497E+01  0.2497E+01
  0.1054E+00  0.2390E+01  0.4239E-01  0.2402E+01  0.2402E+01
  0.1063E+00  0.2280E+01  0.4245E-01  0.2310E+01  0.2310E+01
  0.1071E+00  0.2260E+01  0.4182E-01  0.2220E+01  0.2220E+01
  0.1080E+00  0.2201E+01  0.4173E-01  0.2134E+01  0.2134E+01
  0.1088E+00  0.2078E+01  0.4497E-01  0.2050E+01  0.2050E+01
  0.1097E+00  0.1942E+01  0.2145E-01  0.1968E+01  0.1968E+01
  0.1105E+00  0.1863E+01  0.2136E-01  0.1889E+01  0.1889E+01
  0.1114E+00  0.1808E+01  0.2105E-01  0.1813E+01  0.1813E+01
  0.1122E+00  0.1782E+01  0.2117E-01  0.1739E+01  0.1739E+01
  0.1131E+00  0.1720E+01  0.2110E-01  0.1668E+01  0.1668E+01
  0.1139E+00  0.1641E+01  0.2071E-01  0.1599E+01  0.1599E+01
  0.1147E+00  0.1570E+01  0.2069E-01  0.1532E+01  0.1532E+01
  0.1156E+00  0.1488E+01  0.2039E-01  0.1468E+01  0.1468E+01
  0.1164E+00  0.1386E+01  0.2052E-01  0.1405E+01  0.1405E+01
  0.1173E+00  0.1304E+01  0.2060E-01  0.1345E+01  0.1345E+01
  0.1181E+00  0.1258E+01  0.2047E-01  0.1287E+01  0.1287E+01
  0.1190E+00  0.1215E+01  0.2047E-01  0.1232E+01  0.1232E+01
  0.1198E+00  0.1156E+01  0.2039E-01  0.1178E+01  0.1178E+01
  0.1207E+00  0.1100E+01  0.2056E-01  0.1126E+01  0.1126E+01
  0.1215E+00  0.1061E+01  0.2030E-01  0.1076E+01  0.1076E+01
  0.1224E+00  0.1012E+01  0.2034E-01  0.1028E+01  0.1028E+01
  0.1232E+00  0.9950E+00  0.2038E-01  0.9821E+00  0.9821E+00
  0.1241E+00  0.9396E+00  0.2025E-01  0.9378E+00  0.9378E+00
  0.1249E+00  0.8786E+00  0.2023E-01  0.8953E+00  0.8953E+00
  0.1258E+00  0.8241E+00  0.1995E-01  0.8545E+00  0.8545E+00
  0.1266E+00  0.7601E+00  0.2004E-01  0.8153E+00  0.8153E+00
  0.1275E+00  0.7332E+00  0.1991E-01  0.7778E+00  0.7778E+00
  0.1283E+00  0.6995E+00  0.1951E-01  0.7420E+00  0.7420E+00
  0.1292E+00  0.6716E+00  0.1948E-01  0.7076E+00  0.7076E+00
  0.1300E+00  0.6301E+00  0.1927E-01  0.6748E+00  0.6748E+00
  0.1309E+00  0.6037E+00  0.1959E-01  0.6434E+00  0.6434E+00
  0.1317E+00  0.5694E+00  0.2032E-01  0.6134E+00  0.6134E+00
  0.1325E+00  0.5394E+00  0.1931E-01  0.5849E+00  0.5849E+00
  0.1334E+00  0.5146E+00  0.1913E-01  0.5577E+00  0.5577E+00
  0.1342E+00  0.5081E+00  0.1914E-01  0.5318E+00  0.5318E+00
  0.1351E+00  0.4790E+00  0.1925E-01  0.5072E+00  0.5072E+00
  0.1359E+00  0.4471E+00  0.1925E-01  0.4839E+00  0.4839E+00
  0.1368E+00  0.4692E+00  0.1934E-01  0.4617E+00  0.4617E+00
  0.1376E+00  0.4392E+00  0.1936E-01  0.4407E+00  0.4407E+00
  0.1385E+00  0.4147E+00  0.1940E-01  0.4209E+00  0.4209E+00
  0.1393E+00  0.4027E+00  0.1930E-01  0.4021E+00  0.4021E+00
  0.1402E+00  0.3909E+00  0.1902E-01  0.3844E+00  0.3844E+00
  0.1410E+00  0.3759E+00  0.1916E-01  0.3677E+00  0.3677E+00
  0.1419E+00  0.3458E+00  0.1916E-01  0.3520E+00  0.3520E+00
  0.1427E+00  0.3368E+00  0.1886E-01  0.3373E+00  0.3373E+00
  0.1436E+00  0.3124E+00  0.1869E-01  0.3234E+00  0.3234E+00
  0.1444E+00  0.2903E+00  0.1844E-01  0.3105E+00  0.3105E+00
  0.1453E+00  0.2771E+00  0.1849E-01  0.2984E+00  0.2984E+00
  0.1461E+00  0.2527E+00  0.1845E-01  0.2872E+00  0.2872E+00
  0.1470E+00  0.2524E+00  0.1820E-01  0.2767E+00  0.2767E+00
  0.1478E+00  0.2514E+00  0.1824E-01  0.2670E+00  0.2670E+00
  0.1487E+00  0.2307E+00  0.1811E-01  0.2580E+00  0.2580E+00
  0.1495E+00  0.2262E+00  0.1828E-01  0.2498E+00  0.2498E+00
  0.1503E+00  0.2513E+00  0.1805E-01  0.2422E+00  0.2422E+00
  0.1512E+00  0.2520E+00  0.1814E-01  0.2352E+00  0.2352E+00
  0.1520E+00  0.2535E+00  0.1829E-01  0.2288E+00  0.2288E+00
  0.1529E+00  0.2253E+00  0.1845E-01  0.2231E+00  0.2231E+00
  0.1537E+00  0.2272E+00  0.1853E-01  0.2178E+00  0.2178E+00
  0.1546E+00  0.2453E+00  0.1835E-01  0.2131E+00  0.2131E+00
  0.1554E+00  0.2287E+00  0.1860E-01  0.2089E+00  0.2089E+00
  0.1563E+00  0.1730E+00  0.1836E-01  0.2052E+00  0.2052E+00
  0.1571E+00  0.1579E+00  0.1836E-01  0.2019E+00  0.2019E+00
  0.1580E+00  0.1998E+00  0.1832E-01  0.1991E+00  0.1991E+00
  0.1588E+00  0.2008E+00  0.1803E-01  0.1966E+00  0.1966E+00
  0.1597E+00  0.2067E+00  0.1802E-01  0.1945E+00  0.1945E+00
  0.1605E+00  0.1998E+00  0.1773E-01  0.1928E+00  0.1928E+00
  0.1614E+00  0.2032E+00  0.1763E-01  0.1913E+00  0.1913E+00
  0.1622E+00  0.2236E+00  0.1764E-01  0.1902E+00  0.1902E+00
  0.1631E+00  0.1967E+00  0.1747E-01  0.1894E+00  0.1894E+00
  0.1639E+00  0.1762E+00  0.1759E-01  0.1888E+00  0.1888E+00
  0.1648E+00  0.2099E+00  0.1738E-01  0.1884E+00  0.1884E+00
  0.1656E+00  0.2167E+00  0.1741E-01  0.1883E+00  0.1883E+00
  0.1665E+00  0.2323E+00  0.1749E-01  0.1883E+00  0.1883E+00
  0.1673E+00  0.2220E+00  0.1758E-01  0.1886E+00  0.1886E+00
  0.1681E+00  0.2109E+00  0.1746E-01  0.1890E+00  0.1890E+00
  0.1690E+00  0.2050E+00  0.1734E-01  0.1895E+00  0.1895E+00
  0.1698E+00  0.2115E+00  0.1744E-01  0.1901E+00  0.1901E+00
  0.1707E+00  0.2150E+00  0.1727E-01  0.1909E+00  0.1909E+00
  0.1715E+00  0.2028E+00  0.1717E-01  0.1917E+00  0.1917E+00
  0.1724E+00  0.1910E+00  0.1710E-01  0.1926E+00  0.1926E+00
  0.1732E+00  0.2230E+00  0.1691E-01  0.1936E+00  0.1936E+00
  0.1741E+00  0.2126E+00  0.1696E-01  0.1946E+00  0.1946E+00
  0.1749E+00  0.1849E+00  0.1680E-01  0.1957E+00  0.1957E+00
  0.1758E+00  0.1852E+00  0.1699E-01  0.1968E+00  0.1968E+00
  0.1766E+00  0.1863E+00  0.1701E-01  0.1978E+00  0.1978E+00
  0.1775E+00  0.1938E+00  0.1695E-01  0.1989E+00  0.1989E+00
  0.1783E+00  0.1937E+00  0.1700E-01  0.2000E+00  0.2000E+00
  0.1792E+00  0.1716E+00  0.1685E-01  0.2010E+00  0.2010E+00
  0.1800E+00  0.1803E+00  0.1699E-01  0.2020E+00  0.2020E+00
  0.1809E+00  0.1875E+00  0.1695E-01  0.2030E+00  0.2030E+00
  0.1817E+00  0.1935E+00  0.1694E-01  0.2039E+00  0.2039E+00
  0.1826E+00  0.2144E+00  0.1703E-01  0.2048E+00  0.2048E+00
  0.1834E+00  0.2313E+00  0.1675E-01  0.2056E+00  0.2056E+00
  0.1843E+00  0.1860E+00  0.1674E-01  0.2063E+00  0.2063E+00
  0.1851E+00  0.2053E+00  0.1672E-01  0.2070E+00  0.2070E+00
  0.1859E+00  0.2003E+00  0.1658E-01  0.2075E+00  0.2075E+00
  0.1868E+00  0.1633E+00  0.1652E-01  0.2080E+00  0.2080E+00
  0.1876E+00  0.1817E+00  0.1647E-01  0.2085E+00  0.2085E+00
  0.1885E+00  0.1684E+00  0.1656E-01  0.2088E+00  0.2088E+00
  0.1893E+00  0.1606E+00  0.1648E-01  0.2090E+00  0.2090E+00
  0.1902E+00  0.1757E+00  0.1647E-01  0.2092E+00  0.2092E+00
  0.1910E+00  0.1759E+00  0.1650E-01  0.2092E+00  0.2092E+00
  0.1919E+00  0.1911E+00  0.1646E-01  0.2092E+00  0.2092E+00
  0.1927E+00  0.1852E+00  0.1630E-01  0.2091E+00  0.2091E+00
  0.1936E+00  0.1802E+00  0.1612E-01  0.2088E+00  0.2088E+00
  0.1944E+00  0.2048E+00  0.1623E-01  0.2085E+00  0.2085E+00
  0.1953E+00  0.2418E+00  0.1621E-01  0.2081E+00  0.2081E+00
  0.1961E+00  0.2276E+00  0.1607E-01  0.2076E+00  0.2076E+00
  0.1970E+00  0.2094E+00  0.1584E-01  0.2070E+00  0.2070E+00
  0.1978E+00  0.2279E+00  0.1580E-01  0.2063E+00  0.2063E+00
  0.1987E+00  0.2214E+00  0.1625E-01  0.2056E+00  0.2056E+00
  0.1995E+00  0.1998E+00  0.1597E-01  0.2047E+00  0.2047E+00
  0.2004E+00  0.1767E+00  0.1579E-01  0.2038E+00  0.2038E+00
  0.2012E+00  0.1989E+00  0.1550E-01  0.2028E+00  0.2028E+00
  0.2021E+00  0.1921E+00  0.1554E-01  0.2018E+00  0.2018E+00
  0.2029E+00  0.1812E+00  0.1559E-01  0.2006E+00  0.2006E+00
  0.2037E+00  0.2076E+00  0.1552E-01  0.1994E+00  0.1994E+00
  0.2046E+00  0.2316E+00  0.1571E-01  0.1982E+00  0.1982E+00
  0.2054E+00  0.2423E+00  0.1573E-01  0.1969E+00  0.1969E+00
  0.2063E+00  0.1882E+00  0.1584E-01  0.1955E+00  0.1955E+00
  0.2071E+00  0.1623E+00  0.1595E-01  0.1942E+00  0.1942E+00
  0.2080E+00  0.1804E+00  0.1587E-01  0.1927E+00  0.1927E+00
  0.2088E+00  0.1982E+00  0.1601E-01  0.1912E+00  0.1912E+00
  0.2097E+00  0.2122E+00  0.1592E-01  0.1897E+00  0.1897E+00
  0.2105E+00  0.2031E+00  0.1603E-01  0.1882E+00  0.1882E+00
  0.2114E+00  0.1883E+00  0.1603E-01  0.1867E+00  0.1867E+00
  0.2122E+00  0.1738E+00  0.1605E-01  0.1851E+00  0.1851E+00
  0.2131E+00  0.1717E+00  0.1618E-01  0.1835E+00  0.1835E+00
  0.2139E+00  0.1848E+00  0.1610E-01  0.1820E+00  0.1820E+00
  0.2148E+00  0.1875E+00  0.1607E-01  0.1804E+00  0.1804E+00
  0.2156E+00  0.1975E+00  0.1608E-01  0.1788E+00  0.1788E+00
  0.2165E+00  0.2039E+00  0.1605E-01  0.1772E+00  0.1772E+00
  0.2173E+00  0.2070E+00  0.1618E-01  0.1756E+00  0.1756E+00
  0.2182E+00  0.2003E+00  0.1612E-01  0.1741E+00  0.1741E+00
  0.2190E+00  0.1940E+00  0.1623E-01  0.1725E+00  0.1725E+00
  0.2199E+00  0.1876E+00  0.1616E-01  0.1710E+00  0.1710E+00
  0.2207E+00  0.1879E+00  0.1645E-01  0.1695E+00  0.1695E+00
  0.2215E+00  0.1864E+00  0.1675E-01  0.1680E+00  0.1680E+00
  0.2224E+00  0.1938E+00  0.1688E-01  0.1666E+00  0.1666E+00
  0.2232E+00  0.1614E+00  0.1701E-01  0.1651E+00  0.1651E+00
  0.2241E+00  0.1728E+00  0.1713E-01  0.1638E+00  0.1638E+00
  0.2249E+00  0.1849E+00  0.1739E-01  0.1624E+00  0.1624E+00
  0.2258E+00  0.1477E+00  0.1744E-01  0.1611E+00  0.1611E+00
  0.2266E+00  0.1513E+00  0.1752E-01  0.1598E+00  0.1598E+00
  0.2275E+00  0.1364E+00  0.1768E-01  0.1586E+00  0.1586E+00
  0.2283E+00  0.1203E+00  0.1785E-01  0.1574E+00  0.1574E+00
  0.2292E+00  0.1244E+00  0.1822E-01  0.1562E+00  0.1562E+00
  0.2300E+00  0.1272E+00  0.1799E-01  0.1551E+00  0.1551E+00
  0.2309E+00  0.1314E+00  0.1785E-01  0.1541E+00  0.1541E+00
  0.2317E+00  0.1463E+00  0.1803E-01  0.1531E+00  0.1531E+00
  0.2326E+00  0.1432E+00  0.1799E-01  0.1521E+00  0.1521E+00
  0.2334E+00  0.1371E+00  0.1829E-01  0.1512E+00  0.1512E+00
  0.2343E+00  0.1444E+00  0.1823E-01  0.1503E+00  0.1503E+00
  0.2351E+00  0.1706E+00  0.1856E-01  0.1494E+00  0.1494E+00
  0.2360E+00  0.1999E+00  0.1861E-01  0.1486E+00  0.1486E+00
  0.2368E+00  0.1712E+00  0.1847E-01  0.1479E+00  0.1479E+00
  0.2377E+00  0.1483E+00  0.1855E-01  0.1471E+00  0.1471E+00
  0.2385E+00  0.1409E+00  0.1848E-01  0.1464E+00  0.1464E+00
  0.2393E+00  0.1669E+00  0.1869E-01  0.1458E+00  0.1458E+00
  0.2402E+00  0.1700E+00  0.1864E-01  0.1452E+00  0.1452E+00
  0.2410E+00  0.1521E+00  0.1872E-01  0.1446E+00  0.1446E+00
  0.2419E+00  0.1420E+00  0.2032E-01  0.1440E+00  0.1440E+00
  0.2427E+00  0.1371E+00  0.1400E-01  0.1435E+00  0.1435E+00
  0.2436E+00  0.1465E+00  0.1434E-01  0.1430E+00  0.1430E+00
  0.2444E+00  0.1311E+00  0.1411E-01  0.1426E+00  0.1426E+00
  0.2453E+00  0.1292E+00  0.1417E-01  0.1421E+00  0.1421E+00
  0.2461E+00  0.1294E+00  0.1413E-01  0.1417E+00  0.1417E+00
  0.2470E+00  0.1315E+00  0.1399E-01  0.1413E+00  0.1413E+00
  0.2478E+00  0.1472E+00  0.1419E-01  0.1409E+00  0.1409E+00
  0.2487E+00  0.1498E+00  0.1414E-01  0.1405E+00  0.1405E+00
  0.2495E+00  0.1524E+00  0.1425E-01  0.1401E+00  0.1401E+00

           Distance distribution  function of particle  


       R          P(R)      ERROR

  0.0000E+00  0.0000E+00  0.0000E+00
  0.8378E+00  0.6712E-03  0.1234E-04
  0.1676E+01  0.1495E-02  0.2115E-04
  0.2513E+01  0.2471E-02  0.2661E-04
  0.3351E+01  0.3597E-02  0.2896E-04
  0.4189E+01  0.4869E-02  0.2859E-04
  0.5027E+01  0.6283E-02  0.2600E-04
  0.5865E+01  0.7834E-02  0.2194E-04
  0.6702E+01  0.9517E-02  0.1761E-04
  0.7540E+01  0.1132E-01  0.1528E-04
  0.8378E+01  0.1325E-01  0.1734E-04
  0.9216E+01  0.1528E-01  0.2303E-04
  0.1005E+02  0.1741E-01  0.3020E-04
  0.1089E+02  0.1962E-01  0.3752E-04
  0.1173E+02  0.2191E-01  0.4430E-04
  0.1257E+02  0.2427E-01  0.5016E-04
  0.1340E+02  0.2667E-01  0.5492E-04
  0.1424E+02  0.2910E-01  0.5853E-04
  0.1508E+02  0.3155E-01  0.6108E-04
  0.1592E+02  0.3401E-01  0.6276E-04
  0.1676E+02  0.3645E-01  0.6390E-04
  0.1759E+02  0.3887E-01  0.6488E-04
  0.1843E+02  0.4123E-01  0.6609E-04
  0.1927E+02  0.4353E-01  0.6784E-04
  0.2011E+02  0.4576E-01  0.7033E-04
  0.2095E+02  0.4788E-01  0.7354E-04
  0.2178E+02  0.4989E-01  0.7732E-04
  0.2262E+02  0.5177E-01  0.8137E-04
  0.2346E+02  0.5351E-01  0.8537E-04
  0.2430E+02  0.5510E-01  0.8901E-04
  0.2513E+02  0.5651E-01  0.9206E-04
  0.2597E+02  0.5775E-01  0.9434E-04
  0.2681E+02  0.5880E-01  0.9581E-04
  0.2765E+02  0.5965E-01  0.9651E-04
  0.2849E+02  0.6031E-01  0.9661E-04
  0.2932E+02  0.6075E-01  0.9635E-04
  0.3016E+02  0.6099E-01  0.9603E-04
  0.3100E+02  0.6102E-01  0.9600E-04
  0.3184E+02  0.6085E-01  0.9652E-04
  0.3267E+02  0.6048E-01  0.9778E-04
  0.3351E+02  0.5991E-01  0.9983E-04
  0.3435E+02  0.5915E-01  0.1026E-03
  0.3519E+02  0.5821E-01  0.1057E-03
  0.3603E+02  0.5711E-01  0.1091E-03
  0.3686E+02  0.5584E-01  0.1122E-03
  0.3770E+02  0.5443E-01  0.1149E-03
  0.3854E+02  0.5289E-01  0.1169E-03
  0.3938E+02  0.5124E-01  0.1181E-03
  0.4021E+02  0.4948E-01  0.1185E-03
  0.4105E+02  0.4764E-01  0.1182E-03
  0.4189E+02  0.4573E-01  0.1172E-03
  0.4273E+02  0.4376E-01  0.1159E-03
  0.4357E+02  0.4176E-01  0.1147E-03
  0.4440E+02  0.3973E-01  0.1137E-03
  0.4524E+02  0.3769E-01  0.1133E-03
  0.4608E+02  0.3566E-01  0.1136E-03
  0.4692E+02  0.3364E-01  0.1148E-03
  0.4775E+02  0.3165E-01  0.1168E-03
  0.4859E+02  0.2970E-01  0.1195E-03
  0.4943E+02  0.2779E-01  0.1224E-03
  0.5027E+02  0.2595E-01  0.1255E-03
  0.5111E+02  0.2416E-01  0.1285E-03
  0.5194E+02  0.2245E-01  0.1312E-03
  0.5278E+02  0.2082E-01  0.1335E-03
  0.5362E+02  0.1926E-01  0.1355E-03
  0.5446E+02  0.1779E-01  0.1372E-03
  0.5529E+02  0.1640E-01  0.1387E-03
  0.5613E+02  0.1510E-01  0.1403E-03
  0.5697E+02  0.1388E-01  0.1420E-03
  0.5781E+02  0.1275E-01  0.1441E-03
  0.5865E+02  0.1170E-01  0.1466E-03
  0.5948E+02  0.1074E-01  0.1495E-03
  0.6032E+02  0.9861E-02  0.1526E-03
  0.6116E+02  0.9061E-02  0.1559E-03
  0.6200E+02  0.8337E-02  0.1590E-03
  0.6284E+02  0.7687E-02  0.1618E-03
  0.6367E+02  0.7108E-02  0.1641E-03
  0.6451E+02  0.6594E-02  0.1658E-03
  0.6535E+02  0.6143E-02  0.1667E-03
  0.6619E+02  0.5750E-02  0.1669E-03
  0.6702E+02  0.5411E-02  0.1666E-03
  0.6786E+02  0.5121E-02  0.1659E-03
  0.6870E+02  0.4874E-02  0.1652E-03
  0.6954E+02  0.4665E-02  0.1647E-03
  0.7038E+02  0.4488E-02  0.1648E-03
  0.7121E+02  0.4338E-02  0.1657E-03
  0.7205E+02  0.4206E-02  0.1674E-03
  0.7289E+02  0.4087E-02  0.1698E-03
  0.7373E+02  0.3973E-02  0.1727E-03
  0.7456E+02  0.3856E-02  0.1754E-03
  0.7540E+02  0.3728E-02  0.1774E-03
  0.7624E+02  0.3582E-02  0.1780E-03
  0.7708E+02  0.3407E-02  0.1764E-03
  0.7792E+02  0.3196E-02  0.1718E-03
  0.7875E+02  0.2941E-02  0.1635E-03
  0.7959E+02  0.2631E-02  0.1507E-03
  0.8043E+02  0.2260E-02  0.1329E-03
  0.8127E+02  0.1819E-02  0.1095E-03
  0.8210E+02  0.1300E-02  0.7977E-04
  0.8294E+02  0.6954E-03  0.4340E-04
  0.8378E+02  0.0000E+00  0.0000E+00
          Reciprocal space: Rg =   25.94     , I(0) =   0.2735E+02
     Real space: Rg =   25.95 +- 0.057  I(0) =   0.2735E+02 +-  0.7112E-01
