
           ####    G N O M   ---   Version 4.5a revised 09/02/02     ####

                                                  Fri Oct 20 04:21:08 2017
           ===    Run No   1   ===
 Run title:   0.342917E-01  0.119758E+03  0.446103E+00


   *******   Working Directory :
   *******    Input file(s) : 23919_merged3_q18.dat
           Condition P(rmin) = 0 is used. 
           Condition P(rmax) = 0 is used. 

 Warning: Dmax*Smin =  3.566   is greater than Pi !


          Experimental conditions for the first run
          -----------------------------------------

          Highest ALPHA is found to be   0.1128E+03

  The measure of inconsistency AN1 equals to    0.6161E+00
     Alpha    Discrp  Oscill  Stabil  Sysdev  Positv  Valcen    Total   
  0.1128E+06105.3258  1.3095  0.9310  0.0000  1.0000  0.8260  0.00001
  0.2255E+05 85.7109  1.2930  0.7572  0.0000  1.0000  0.8310  0.00001
  0.4510E+04 47.6989  1.2449  0.4255  0.0114  1.0000  0.8473  0.00001
  0.9021E+03 18.9468  1.2174  0.1639  0.0114  1.0000  0.8695  0.00001
  0.1804E+03  6.0178  1.2893  0.0557  0.0114  1.0000  0.8755  0.00001
  0.3608E+02  1.6799  1.3588  0.0214  0.2857  1.0000  0.8742  0.49274
  0.7216E+01  0.8447  1.3816  0.0060  0.6971  1.0000  0.8739  0.52754
  0.1443E+01  0.7603  1.3891  0.0093  0.6971  1.0000  0.8750  0.48123
  0.2887E+00  0.7323  1.4033  0.0091  0.6857  1.0000  0.8767  0.10000
  0.5773E-01  0.7230  1.4282  0.0190  0.7086  1.0000  0.8755  0.10000
  0.1155E-01  0.7142  1.5597  0.0422  0.7771  1.0000  0.8678  0.10000
  0.2309E-02  0.7083  1.8697  0.0297  0.7086  0.9999  0.8581  0.10000
  0.4619E-03  0.7067  2.2552  0.0867  0.7314  0.9993  0.8583  0.10000
  0.9237E-04  0.7046  3.9740  0.2150  0.7314  0.9932  0.8631  0.10000
  0.1847E-04  0.7027  6.7704  0.2103  0.7314  0.9660  0.8266  0.10000
  0.3695E-05  0.7015 10.2450  0.7207  0.7314  0.9054  0.5784  0.10000
  0.7390E-06  0.6982 11.1029  0.8299  0.7771  0.8017  0.4284  0.10000
  0.1478E-06  0.6926 10.7971  0.4493  0.7771  0.7462  0.3810  0.10000
  0.2956E-07  0.6903 11.1672  0.1649  0.7771  0.7337  0.3723  0.10000
  0.5912E-08  0.6897 13.6831  0.5798  0.7771  0.7207  0.3869  0.10000
  0.1182E-08  0.6885 15.1127  0.8501  0.7771  0.7137  0.3943  0.10000
  0.2365E-09  0.6850 16.1836  0.8012  0.7771  0.7174  0.3904  0.10000
  0.4729E-10  0.6731 17.7814  0.8955  0.8000  0.7543  0.4434  0.10000
  0.9459E-11  0.6309 19.2550  0.7187  0.7771  0.7685  0.4886  0.10000
  0.1892E-11  0.5358 23.6230  0.4922  0.8000  0.7646  0.4767  0.10000
  0.3784E-12  0.4020 31.1170  0.3895  0.8229  0.7504  0.4090  0.10000
  0.7567E-13  0.2640 39.2545  0.3673  0.7771  0.7374  0.3172  0.10000
  0.1513E-13  0.1412 44.8095  0.3226  0.8229  0.7587  0.3636  0.10000
  0.3027E-14  0.0592 46.6607  0.2093  0.8229  0.7615  0.4603  0.10000
  0.6054E-15  0.0184 47.5777  0.0944  0.8000  0.7464  0.4832  0.10000
  0.1211E-15  0.0043 47.9930  0.0251  0.8000  0.7381  0.4836  0.10000

          ***  Golden section search to maximize estimate ***
     Alpha    Discrp  Oscill  Stabil  Sysdev  Positv  Valcen    Total   
  0.1334E+02  0.9775  1.3764  0.0092  0.5600  1.0000  0.8739  0.52553
  0.5706E+01  0.8198  1.3829  0.0056  0.6971  1.0000  0.8739  0.52047
  0.9126E+01  0.8810  1.3799  0.0068  0.6743  1.0000  0.8738  0.52826
  0.1055E+02  0.9113  1.3787  0.0076  0.6057  1.0000  0.8738  0.52205
  0.8344E+01  0.8655  1.3806  0.0064  0.6971  1.0000  0.8738  0.53195
  0.7894E+01  0.8570  1.3810  0.0062  0.6971  1.0000  0.8738  0.53026
  0.8634E+01  0.8712  1.3804  0.0066  0.6971  1.0000  0.8738  0.53299
  0.8819E+01  0.8748  1.3802  0.0067  0.6971  1.0000  0.8738  0.53363
  0.8935E+01  0.8772  1.3801  0.0067  0.6971  1.0000  0.8738  0.53403
  0.9008E+01  0.8786  1.3800  0.0068  0.6743  1.0000  0.8738  0.52786
  0.8891E+01  0.8763  1.3801  0.0067  0.6971  1.0000  0.8738  0.53388
  0.8963E+01  0.8777  1.3801  0.0067  0.6743  1.0000  0.8738  0.52771
  0.8918E+01  0.8768  1.3801  0.0067  0.6971  1.0000  0.8738  0.53397
  0.8935E+01  0.8772  1.3801  0.0067  0.6971  1.0000  0.8738  0.53403



             ####            Final results            ####

 Parameter    DISCRP    OSCILL    STABIL    SYSDEV    POSITV    VALCEN
 Weight        1.000     3.000     3.000     4.000     1.000     1.000
 Sigma         0.500     0.600     0.120     0.200     0.120     0.120
 Ideal         1.000     1.100     0.000     1.000     1.000     0.950
 Current       0.877     1.380     0.007     0.697     1.000     0.874
                - - - - - - - - - - - - - - - - - - - - - - - - - 
 Estimate      0.941     0.804     0.997     0.101     1.000     0.668

  Angular   range    :     from    0.0351   to    0.1830
  Real space range   :     from      0.00   to    101.50

  Highest ALPHA (theor) :   0.113E+06                 JOB = 0
  Current ALPHA         :   0.894E+01   Rg :  0.301E+02   I(0) :   0.169E+03

           Total  estimate : 0.534  which is  A REASONABLE  solution

      S          J EXP       ERROR       J REG       I REG

  0.0000E+00                                      0.1690E+03
  0.1255E-02                                      0.1689E+03
  0.2510E-02                                      0.1687E+03
  0.3765E-02                                      0.1683E+03
  0.5020E-02                                      0.1677E+03
  0.6274E-02                                      0.1670E+03
  0.7529E-02                                      0.1661E+03
  0.8784E-02                                      0.1651E+03
  0.1004E-01                                      0.1639E+03
  0.1129E-01                                      0.1626E+03
  0.1255E-01                                      0.1611E+03
  0.1380E-01                                      0.1595E+03
  0.1506E-01                                      0.1578E+03
  0.1631E-01                                      0.1559E+03
  0.1757E-01                                      0.1540E+03
  0.1882E-01                                      0.1519E+03
  0.2008E-01                                      0.1497E+03
  0.2133E-01                                      0.1474E+03
  0.2259E-01                                      0.1450E+03
  0.2384E-01                                      0.1425E+03
  0.2510E-01                                      0.1399E+03
  0.2635E-01                                      0.1373E+03
  0.2761E-01                                      0.1346E+03
  0.2886E-01                                      0.1319E+03
  0.3012E-01                                      0.1291E+03
  0.3137E-01                                      0.1262E+03
  0.3263E-01                                      0.1234E+03
  0.3388E-01                                      0.1205E+03
  0.3514E-01  0.1178E+03  0.4383E+00  0.1175E+03  0.1175E+03
  0.3598E-01  0.1165E+03  0.4395E+00  0.1156E+03  0.1156E+03
  0.3683E-01  0.1140E+03  0.4312E+00  0.1136E+03  0.1136E+03
  0.3767E-01  0.1125E+03  0.4341E+00  0.1116E+03  0.1116E+03
  0.3852E-01  0.1100E+03  0.4264E+00  0.1096E+03  0.1096E+03
  0.3936E-01  0.1080E+03  0.4081E+00  0.1076E+03  0.1076E+03
  0.4021E-01  0.1056E+03  0.4064E+00  0.1057E+03  0.1057E+03
  0.4105E-01  0.1034E+03  0.4011E+00  0.1037E+03  0.1037E+03
  0.4190E-01  0.1010E+03  0.1067E+01  0.1017E+03  0.1017E+03
  0.4274E-01  0.9959E+02  0.4399E+00  0.9976E+02  0.9976E+02
  0.4359E-01  0.9780E+02  0.4154E+00  0.9781E+02  0.9781E+02
  0.4443E-01  0.9605E+02  0.3971E+00  0.9587E+02  0.9587E+02
  0.4528E-01  0.9416E+02  0.3895E+00  0.9395E+02  0.9395E+02
  0.4612E-01  0.9202E+02  0.3902E+00  0.9204E+02  0.9204E+02
  0.4697E-01  0.9014E+02  0.3941E+00  0.9014E+02  0.9014E+02
  0.4781E-01  0.8845E+02  0.3878E+00  0.8826E+02  0.8826E+02
  0.4866E-01  0.8607E+02  0.3918E+00  0.8640E+02  0.8640E+02
  0.4950E-01  0.8419E+02  0.3917E+00  0.8456E+02  0.8456E+02
  0.5035E-01  0.8209E+02  0.3906E+00  0.8274E+02  0.8274E+02
  0.5119E-01  0.8042E+02  0.3875E+00  0.8095E+02  0.8095E+02
  0.5204E-01  0.7899E+02  0.3757E+00  0.7917E+02  0.7917E+02
  0.5288E-01  0.7704E+02  0.1129E+01  0.7741E+02  0.7741E+02
  0.5373E-01  0.7599E+02  0.4790E+00  0.7569E+02  0.7569E+02
  0.5457E-01  0.7433E+02  0.4534E+00  0.7398E+02  0.7398E+02
  0.5542E-01  0.7181E+02  0.4499E+00  0.7230E+02  0.7230E+02
  0.5626E-01  0.7083E+02  0.4408E+00  0.7064E+02  0.7064E+02
  0.5711E-01  0.6976E+02  0.4317E+00  0.6902E+02  0.6902E+02
  0.5795E-01  0.6771E+02  0.4253E+00  0.6741E+02  0.6741E+02
  0.5880E-01  0.6584E+02  0.4288E+00  0.6584E+02  0.6584E+02
  0.5964E-01  0.6456E+02  0.4406E+00  0.6429E+02  0.6429E+02
  0.6049E-01  0.6339E+02  0.4376E+00  0.6277E+02  0.6277E+02
  0.6133E-01  0.6149E+02  0.4356E+00  0.6128E+02  0.6128E+02
  0.6218E-01  0.6037E+02  0.4347E+00  0.5981E+02  0.5981E+02
  0.6302E-01  0.5868E+02  0.4263E+00  0.5837E+02  0.5837E+02
  0.6387E-01  0.5731E+02  0.4246E+00  0.5697E+02  0.5697E+02
  0.6471E-01  0.5664E+02  0.4138E+00  0.5558E+02  0.5558E+02
  0.6556E-01  0.5483E+02  0.4092E+00  0.5423E+02  0.5423E+02
  0.6640E-01  0.5311E+02  0.4061E+00  0.5290E+02  0.5290E+02
  0.6725E-01  0.5196E+02  0.3979E+00  0.5161E+02  0.5161E+02
  0.6809E-01  0.5077E+02  0.3872E+00  0.5033E+02  0.5033E+02
  0.6894E-01  0.4958E+02  0.3885E+00  0.4909E+02  0.4909E+02
  0.6978E-01  0.4796E+02  0.4009E+00  0.4787E+02  0.4787E+02
  0.7063E-01  0.4652E+02  0.4164E+00  0.4668E+02  0.4668E+02
  0.7147E-01  0.4609E+02  0.3916E+00  0.4552E+02  0.4552E+02
  0.7232E-01  0.4514E+02  0.3862E+00  0.4438E+02  0.4438E+02
  0.7316E-01  0.4369E+02  0.3931E+00  0.4327E+02  0.4327E+02
  0.7401E-01  0.4278E+02  0.3902E+00  0.4218E+02  0.4218E+02
  0.7485E-01  0.4148E+02  0.3871E+00  0.4112E+02  0.4112E+02
  0.7570E-01  0.4041E+02  0.4028E+00  0.4008E+02  0.4008E+02
  0.7654E-01  0.3934E+02  0.2867E+00  0.3907E+02  0.3907E+02
  0.7739E-01  0.3818E+02  0.2832E+00  0.3808E+02  0.3808E+02
  0.7823E-01  0.3705E+02  0.2793E+00  0.3711E+02  0.3711E+02
  0.7908E-01  0.3658E+02  0.2750E+00  0.3616E+02  0.3616E+02
  0.7992E-01  0.3553E+02  0.2730E+00  0.3524E+02  0.3524E+02
  0.8077E-01  0.3464E+02  0.2731E+00  0.3434E+02  0.3434E+02
  0.8161E-01  0.3320E+02  0.2693E+00  0.3346E+02  0.3346E+02
  0.8246E-01  0.3278E+02  0.2675E+00  0.3260E+02  0.3260E+02
  0.8330E-01  0.3231E+02  0.2638E+00  0.3177E+02  0.3177E+02
  0.8415E-01  0.3133E+02  0.2643E+00  0.3095E+02  0.3095E+02
  0.8499E-01  0.3003E+02  0.2623E+00  0.3015E+02  0.3015E+02
  0.8584E-01  0.2919E+02  0.2614E+00  0.2937E+02  0.2937E+02
  0.8668E-01  0.2876E+02  0.2611E+00  0.2861E+02  0.2861E+02
  0.8753E-01  0.2863E+02  0.2643E+00  0.2787E+02  0.2787E+02
  0.8837E-01  0.2769E+02  0.2613E+00  0.2715E+02  0.2715E+02
  0.8922E-01  0.2718E+02  0.2604E+00  0.2644E+02  0.2644E+02
  0.9006E-01  0.2583E+02  0.2596E+00  0.2575E+02  0.2575E+02
  0.9091E-01  0.2495E+02  0.2552E+00  0.2508E+02  0.2508E+02
  0.9176E-01  0.2440E+02  0.2493E+00  0.2442E+02  0.2442E+02
  0.9260E-01  0.2380E+02  0.2425E+00  0.2378E+02  0.2378E+02
  0.9345E-01  0.2292E+02  0.2400E+00  0.2316E+02  0.2316E+02
  0.9429E-01  0.2267E+02  0.2532E+00  0.2255E+02  0.2255E+02
  0.9514E-01  0.2216E+02  0.2075E+00  0.2195E+02  0.2195E+02
  0.9598E-01  0.2149E+02  0.2070E+00  0.2137E+02  0.2137E+02
  0.9683E-01  0.2058E+02  0.2061E+00  0.2080E+02  0.2080E+02
  0.9767E-01  0.1996E+02  0.2060E+00  0.2025E+02  0.2025E+02
  0.9852E-01  0.1961E+02  0.2066E+00  0.1971E+02  0.1971E+02
  0.9936E-01  0.1899E+02  0.2064E+00  0.1919E+02  0.1919E+02
  0.1002E+00  0.1879E+02  0.2046E+00  0.1867E+02  0.1867E+02
  0.1011E+00  0.1813E+02  0.2036E+00  0.1818E+02  0.1818E+02
  0.1019E+00  0.1762E+02  0.2013E+00  0.1769E+02  0.1769E+02
  0.1027E+00  0.1715E+02  0.2014E+00  0.1722E+02  0.1722E+02
  0.1036E+00  0.1647E+02  0.1978E+00  0.1675E+02  0.1675E+02
  0.1044E+00  0.1629E+02  0.1963E+00  0.1630E+02  0.1630E+02
  0.1053E+00  0.1573E+02  0.1969E+00  0.1587E+02  0.1587E+02
  0.1061E+00  0.1522E+02  0.1952E+00  0.1544E+02  0.1544E+02
  0.1070E+00  0.1494E+02  0.1959E+00  0.1502E+02  0.1502E+02
  0.1078E+00  0.1449E+02  0.1915E+00  0.1462E+02  0.1462E+02
  0.1087E+00  0.1419E+02  0.1900E+00  0.1423E+02  0.1423E+02
  0.1095E+00  0.1385E+02  0.1918E+00  0.1384E+02  0.1384E+02
  0.1103E+00  0.1332E+02  0.1882E+00  0.1347E+02  0.1347E+02
  0.1112E+00  0.1301E+02  0.1892E+00  0.1311E+02  0.1311E+02
  0.1120E+00  0.1253E+02  0.1885E+00  0.1276E+02  0.1276E+02
  0.1129E+00  0.1212E+02  0.1891E+00  0.1242E+02  0.1242E+02
  0.1137E+00  0.1211E+02  0.1887E+00  0.1209E+02  0.1209E+02
  0.1146E+00  0.1206E+02  0.1865E+00  0.1177E+02  0.1177E+02
  0.1154E+00  0.1142E+02  0.1886E+00  0.1146E+02  0.1146E+02
  0.1163E+00  0.1125E+02  0.1885E+00  0.1116E+02  0.1116E+02
  0.1171E+00  0.1077E+02  0.1896E+00  0.1087E+02  0.1087E+02
  0.1180E+00  0.1067E+02  0.1872E+00  0.1058E+02  0.1058E+02
  0.1188E+00  0.1014E+02  0.1862E+00  0.1031E+02  0.1031E+02
  0.1196E+00  0.9664E+01  0.1877E+00  0.1004E+02  0.1004E+02
  0.1205E+00  0.9695E+01  0.1895E+00  0.9788E+01  0.9788E+01
  0.1213E+00  0.9546E+01  0.1828E+00  0.9540E+01  0.9540E+01
  0.1222E+00  0.9212E+01  0.1840E+00  0.9301E+01  0.9301E+01
  0.1230E+00  0.9048E+01  0.2001E+00  0.9070E+01  0.9070E+01
  0.1239E+00  0.8789E+01  0.1873E+00  0.8847E+01  0.8847E+01
  0.1247E+00  0.8629E+01  0.1798E+00  0.8632E+01  0.8632E+01
  0.1256E+00  0.8459E+01  0.1780E+00  0.8424E+01  0.8424E+01
  0.1264E+00  0.8257E+01  0.1768E+00  0.8224E+01  0.8224E+01
  0.1272E+00  0.7776E+01  0.1754E+00  0.8032E+01  0.8032E+01
  0.1281E+00  0.7475E+01  0.1754E+00  0.7846E+01  0.7846E+01
  0.1289E+00  0.7690E+01  0.1753E+00  0.7667E+01  0.7667E+01
  0.1298E+00  0.7550E+01  0.1763E+00  0.7496E+01  0.7496E+01
  0.1306E+00  0.7442E+01  0.1778E+00  0.7330E+01  0.7330E+01
  0.1315E+00  0.7284E+01  0.1772E+00  0.7171E+01  0.7171E+01
  0.1323E+00  0.7103E+01  0.1776E+00  0.7018E+01  0.7018E+01
  0.1332E+00  0.6752E+01  0.1768E+00  0.6871E+01  0.6871E+01
  0.1340E+00  0.6671E+01  0.1773E+00  0.6730E+01  0.6730E+01
  0.1349E+00  0.6649E+01  0.1760E+00  0.6594E+01  0.6594E+01
  0.1357E+00  0.6585E+01  0.1727E+00  0.6464E+01  0.6464E+01
  0.1365E+00  0.6291E+01  0.1721E+00  0.6339E+01  0.6339E+01
  0.1374E+00  0.6093E+01  0.1714E+00  0.6218E+01  0.6218E+01
  0.1382E+00  0.5753E+01  0.1703E+00  0.6103E+01  0.6103E+01
  0.1391E+00  0.5879E+01  0.1689E+00  0.5992E+01  0.5992E+01
  0.1399E+00  0.5892E+01  0.1685E+00  0.5885E+01  0.5885E+01
  0.1408E+00  0.6026E+01  0.1672E+00  0.5783E+01  0.5783E+01
  0.1416E+00  0.5967E+01  0.1676E+00  0.5685E+01  0.5685E+01
  0.1425E+00  0.5827E+01  0.1669E+00  0.5590E+01  0.5590E+01
  0.1433E+00  0.5612E+01  0.1674E+00  0.5499E+01  0.5499E+01
  0.1441E+00  0.5355E+01  0.1675E+00  0.5411E+01  0.5411E+01
  0.1450E+00  0.5262E+01  0.1680E+00  0.5327E+01  0.5327E+01
  0.1458E+00  0.5069E+01  0.1686E+00  0.5245E+01  0.5245E+01
  0.1467E+00  0.4734E+01  0.1675E+00  0.5167E+01  0.5167E+01
  0.1475E+00  0.4976E+01  0.1680E+00  0.5091E+01  0.5091E+01
  0.1484E+00  0.5137E+01  0.1677E+00  0.5018E+01  0.5018E+01
  0.1492E+00  0.4812E+01  0.1697E+00  0.4947E+01  0.4947E+01
  0.1501E+00  0.4902E+01  0.1690E+00  0.4878E+01  0.4878E+01
  0.1509E+00  0.4749E+01  0.1674E+00  0.4812E+01  0.4812E+01
  0.1518E+00  0.4718E+01  0.1653E+00  0.4747E+01  0.4747E+01
  0.1526E+00  0.4687E+01  0.1636E+00  0.4685E+01  0.4685E+01
  0.1534E+00  0.4658E+01  0.1609E+00  0.4624E+01  0.4624E+01
  0.1543E+00  0.4740E+01  0.1612E+00  0.4564E+01  0.4564E+01
  0.1551E+00  0.4378E+01  0.1597E+00  0.4507E+01  0.4507E+01
  0.1560E+00  0.3840E+01  0.1601E+00  0.4450E+01  0.4450E+01
  0.1568E+00  0.4146E+01  0.1595E+00  0.4395E+01  0.4395E+01
  0.1577E+00  0.4726E+01  0.1576E+00  0.4341E+01  0.4341E+01
  0.1585E+00  0.4318E+01  0.1573E+00  0.4288E+01  0.4288E+01
  0.1594E+00  0.4006E+01  0.1594E+00  0.4236E+01  0.4236E+01
  0.1602E+00  0.3946E+01  0.1617E+00  0.4185E+01  0.4185E+01
  0.1610E+00  0.3909E+01  0.1608E+00  0.4135E+01  0.4135E+01
  0.1619E+00  0.4228E+01  0.1604E+00  0.4086E+01  0.4086E+01
  0.1627E+00  0.4034E+01  0.1620E+00  0.4038E+01  0.4038E+01
  0.1636E+00  0.3660E+01  0.1608E+00  0.3990E+01  0.3990E+01
  0.1644E+00  0.3763E+01  0.1618E+00  0.3943E+01  0.3943E+01
  0.1653E+00  0.3921E+01  0.1606E+00  0.3897E+01  0.3897E+01
  0.1661E+00  0.3894E+01  0.1596E+00  0.3851E+01  0.3851E+01
  0.1670E+00  0.3859E+01  0.1603E+00  0.3806E+01  0.3806E+01
  0.1678E+00  0.3807E+01  0.1581E+00  0.3762E+01  0.3762E+01
  0.1687E+00  0.3739E+01  0.1567E+00  0.3718E+01  0.3718E+01
  0.1695E+00  0.3747E+01  0.1554E+00  0.3674E+01  0.3674E+01
  0.1703E+00  0.3455E+01  0.1553E+00  0.3631E+01  0.3631E+01
  0.1712E+00  0.3313E+01  0.1548E+00  0.3589E+01  0.3589E+01
  0.1720E+00  0.3353E+01  0.1564E+00  0.3547E+01  0.3547E+01
  0.1729E+00  0.3256E+01  0.1547E+00  0.3506E+01  0.3506E+01
  0.1737E+00  0.3319E+01  0.1540E+00  0.3466E+01  0.3466E+01
  0.1746E+00  0.3666E+01  0.1537E+00  0.3425E+01  0.3425E+01
  0.1754E+00  0.3581E+01  0.1527E+00  0.3386E+01  0.3386E+01
  0.1763E+00  0.3420E+01  0.1524E+00  0.3347E+01  0.3347E+01
  0.1771E+00  0.3336E+01  0.1541E+00  0.3308E+01  0.3308E+01
  0.1780E+00  0.3292E+01  0.1521E+00  0.3271E+01  0.3271E+01
  0.1788E+00  0.3163E+01  0.1509E+00  0.3233E+01  0.3233E+01
  0.1796E+00  0.3281E+01  0.1508E+00  0.3197E+01  0.3197E+01
  0.1805E+00  0.3279E+01  0.1522E+00  0.3161E+01  0.3161E+01
  0.1813E+00  0.3094E+01  0.1504E+00  0.3125E+01  0.3125E+01
  0.1822E+00  0.3139E+01  0.1485E+00  0.3091E+01  0.3091E+01
  0.1830E+00  0.2972E+01  0.1468E+00  0.3057E+01  0.3057E+01

           Distance distribution  function of particle  


       R          P(R)      ERROR

  0.0000E+00  0.0000E+00  0.0000E+00
  0.1015E+01  0.8722E-02  0.8600E-04
  0.2030E+01  0.1819E-01  0.1507E-03
  0.3045E+01  0.2837E-01  0.1949E-03
  0.4060E+01  0.3925E-01  0.2199E-03
  0.5075E+01  0.5077E-01  0.2274E-03
  0.6090E+01  0.6288E-01  0.2199E-03
  0.7105E+01  0.7551E-01  0.2004E-03
  0.8120E+01  0.8858E-01  0.1731E-03
  0.9135E+01  0.1020E+00  0.1445E-03
  0.1015E+02  0.1157E+00  0.1254E-03
  0.1116E+02  0.1296E+00  0.1283E-03
  0.1218E+02  0.1435E+00  0.1549E-03
  0.1319E+02  0.1574E+00  0.1952E-03
  0.1421E+02  0.1712E+00  0.2397E-03
  0.1522E+02  0.1847E+00  0.2827E-03
  0.1624E+02  0.1979E+00  0.3209E-03
  0.1725E+02  0.2105E+00  0.3521E-03
  0.1827E+02  0.2227E+00  0.3750E-03
  0.1928E+02  0.2341E+00  0.3890E-03
  0.2030E+02  0.2448E+00  0.3942E-03
  0.2131E+02  0.2548E+00  0.3911E-03
  0.2233E+02  0.2638E+00  0.3810E-03
  0.2334E+02  0.2719E+00  0.3658E-03
  0.2436E+02  0.2789E+00  0.3480E-03
  0.2537E+02  0.2850E+00  0.3309E-03
  0.2639E+02  0.2900E+00  0.3178E-03
  0.2740E+02  0.2939E+00  0.3118E-03
  0.2842E+02  0.2967E+00  0.3147E-03
  0.2943E+02  0.2984E+00  0.3262E-03
  0.3045E+02  0.2991E+00  0.3444E-03
  0.3146E+02  0.2988E+00  0.3660E-03
  0.3248E+02  0.2974E+00  0.3881E-03
  0.3349E+02  0.2951E+00  0.4080E-03
  0.3451E+02  0.2919E+00  0.4237E-03
  0.3552E+02  0.2878E+00  0.4340E-03
  0.3654E+02  0.2830E+00  0.4386E-03
  0.3755E+02  0.2774E+00  0.4377E-03
  0.3857E+02  0.2712E+00  0.4326E-03
  0.3958E+02  0.2645E+00  0.4255E-03
  0.4060E+02  0.2572E+00  0.4191E-03
  0.4161E+02  0.2495E+00  0.4169E-03
  0.4263E+02  0.2415E+00  0.4223E-03
  0.4364E+02  0.2332E+00  0.4377E-03
  0.4466E+02  0.2247E+00  0.4640E-03
  0.4567E+02  0.2161E+00  0.5002E-03
  0.4669E+02  0.2074E+00  0.5442E-03
  0.4770E+02  0.1987E+00  0.5930E-03
  0.4872E+02  0.1901E+00  0.6438E-03
  0.4973E+02  0.1815E+00  0.6941E-03
  0.5075E+02  0.1731E+00  0.7417E-03
  0.5176E+02  0.1649E+00  0.7849E-03
  0.5278E+02  0.1569E+00  0.8225E-03
  0.5379E+02  0.1491E+00  0.8538E-03
  0.5481E+02  0.1416E+00  0.8785E-03
  0.5582E+02  0.1344E+00  0.8968E-03
  0.5684E+02  0.1275E+00  0.9092E-03
  0.5785E+02  0.1209E+00  0.9166E-03
  0.5887E+02  0.1146E+00  0.9202E-03
  0.5988E+02  0.1086E+00  0.9211E-03
  0.6090E+02  0.1029E+00  0.9206E-03
  0.6191E+02  0.9753E-01  0.9198E-03
  0.6293E+02  0.9244E-01  0.9196E-03
  0.6394E+02  0.8763E-01  0.9206E-03
  0.6496E+02  0.8310E-01  0.9228E-03
  0.6597E+02  0.7883E-01  0.9262E-03
  0.6699E+02  0.7482E-01  0.9301E-03
  0.6800E+02  0.7104E-01  0.9341E-03
  0.6902E+02  0.6749E-01  0.9374E-03
  0.7003E+02  0.6416E-01  0.9394E-03
  0.7105E+02  0.6102E-01  0.9398E-03
  0.7206E+02  0.5808E-01  0.9387E-03
  0.7308E+02  0.5532E-01  0.9362E-03
  0.7409E+02  0.5273E-01  0.9330E-03
  0.7511E+02  0.5029E-01  0.9300E-03
  0.7612E+02  0.4800E-01  0.9282E-03
  0.7714E+02  0.4585E-01  0.9288E-03
  0.7815E+02  0.4382E-01  0.9325E-03
  0.7917E+02  0.4190E-01  0.9401E-03
  0.8018E+02  0.4009E-01  0.9517E-03
  0.8120E+02  0.3838E-01  0.9668E-03
  0.8221E+02  0.3674E-01  0.9846E-03
  0.8323E+02  0.3516E-01  0.1004E-02
  0.8424E+02  0.3365E-01  0.1023E-02
  0.8526E+02  0.3217E-01  0.1041E-02
  0.8627E+02  0.3071E-01  0.1055E-02
  0.8729E+02  0.2926E-01  0.1064E-02
  0.8830E+02  0.2781E-01  0.1067E-02
  0.8932E+02  0.2632E-01  0.1062E-02
  0.9033E+02  0.2479E-01  0.1049E-02
  0.9135E+02  0.2320E-01  0.1026E-02
  0.9236E+02  0.2153E-01  0.9922E-03
  0.9338E+02  0.1975E-01  0.9468E-03
  0.9439E+02  0.1786E-01  0.8885E-03
  0.9541E+02  0.1583E-01  0.8164E-03
  0.9642E+02  0.1366E-01  0.7289E-03
  0.9744E+02  0.1131E-01  0.6245E-03
  0.9845E+02  0.8782E-02  0.5014E-03
  0.9947E+02  0.6061E-02  0.3577E-03
  0.1005E+03  0.3136E-02  0.1912E-03
  0.1015E+03  0.0000E+00  0.0000E+00
          Reciprocal space: Rg =   30.11     , I(0) =   0.1690E+03
     Real space: Rg =   30.24 +- 0.090  I(0) =   0.1690E+03 +-  0.4937E+00
