
           ####    G N O M   ---   Version 4.5a revised 09/02/02     ####

                                                  Fri Oct 20 04:23:06 2017
           ===    Run No   1   ===
 Run title:   0.460926E-01  0.140144E+02  0.540872E+00


   *******   Working Directory :
   *******    Input file(s) : 23921_merge2_q25.dat
           Condition P(rmin) = 0 is used. 
           Condition P(rmax) = 0 is used. 

 Warning: Dmax*Smin =  4.896   is greater than Pi !


          Experimental conditions for the first run
          -----------------------------------------

          Highest ALPHA is found to be   0.2994E+03

  The measure of inconsistency AN1 equals to    0.9170E+00
     Alpha    Discrp  Oscill  Stabil  Sysdev  Positv  Valcen    Total   
  0.2994E+06 40.1989  2.1495  0.9729  0.0000  1.0000  0.6436  0.00001
  0.5989E+05 38.3177  2.1297  0.9114  0.0000  1.0000  0.6450  0.00001
  0.1198E+05 32.3528  2.0452  0.7196  0.0000  1.0000  0.6510  0.00001
  0.2395E+04 23.8626  1.8356  0.5084  0.1004  1.0000  0.6721  0.00001
  0.4791E+03 15.4668  1.7199  0.4248  0.0753  1.0000  0.7174  0.00001
  0.9582E+02  7.3123  1.6586  0.2902  0.2343  1.0000  0.7799  0.00001
  0.1916E+02  2.7251  1.5368  0.1759  0.3682  1.0000  0.8327  0.00001
  0.3833E+01  1.0826  1.4242  0.0988  0.5188  1.0000  0.8626  0.54700
  0.7665E+00  0.7950  1.3534  0.0442  0.6527  1.0000  0.8754  0.52477
  0.1533E+00  0.7671  1.3285  0.0198  0.6192  1.0000  0.8795  0.10000
  0.3066E-01  0.7570  1.3533  0.0204  0.6360  1.0000  0.8805  0.10000
  0.6132E-02  0.7492  1.5071  0.0419  0.6192  1.0000  0.8794  0.10000
  0.1226E-02  0.7352  2.5994  0.1384  0.6025  0.9994  0.8707  0.10000
  0.2453E-03  0.7151  5.3284  0.1669  0.6025  0.9929  0.8385  0.10000
  0.4906E-04  0.7080  7.1012  0.0777  0.5690  0.9824  0.8093  0.10000
  0.9812E-05  0.7067  8.7225  0.2441  0.5690  0.9683  0.7897  0.10000
  0.1962E-05  0.7055 12.6927  0.3501  0.5690  0.9228  0.7149  0.10000
  0.3925E-06  0.7045 16.7781  0.7903  0.5690  0.8618  0.4806  0.10000
  0.7849E-07  0.7022 15.1094  0.9410  0.5690  0.7770  0.3460  0.10000
  0.1570E-07  0.6967 14.0427  0.6229  0.5858  0.7284  0.3321  0.10000
  0.3140E-08  0.6919 14.2582  0.4139  0.5523  0.7224  0.3445  0.10000
  0.6279E-09  0.6869 16.9422  0.7170  0.5523  0.7219  0.3583  0.10000
  0.1256E-09  0.6718 20.4907  0.7118  0.5523  0.7274  0.3346  0.10000
  0.2512E-10  0.6300 26.2247  0.6590  0.6025  0.7350  0.3664  0.10000
  0.5024E-11  0.5362 32.5781  0.5682  0.6695  0.7193  0.3440  0.10000
  0.1005E-11  0.3874 39.0099  0.4622  0.6695  0.7043  0.3845  0.10000
  0.2009E-12  0.2165 44.8667  0.3378  0.6527  0.7094  0.3964  0.10000
  0.4019E-13  0.0895 48.3347  0.2157  0.6695  0.7190  0.3638  0.10000
  0.8038E-14  0.0272 49.5880  0.1002  0.6695  0.7315  0.3497  0.10000
  0.1608E-14  0.0063 49.9281  0.0274  0.6862  0.7397  0.3462  0.10000
  0.3215E-15  0.0013 50.0034  0.0059  0.6862  0.7421  0.3472  0.10000

          ***  Golden section search to maximize estimate ***
     Alpha    Discrp  Oscill  Stabil  Sysdev  Positv  Valcen    Total   
  0.1417E+01  0.8402  1.3742  0.0624  0.6360  1.0000  0.8720  0.54356
  0.2621E+01  0.9515  1.4027  0.0842  0.5858  1.0000  0.8668  0.55323
  0.3031E+01  0.9944  1.4106  0.0897  0.5858  1.0000  0.8653  0.55358
  0.3315E+01  1.0252  1.4156  0.0931  0.5523  1.0000  0.8643  0.55128
  0.2867E+01  0.9771  1.4075  0.0876  0.5858  1.0000  0.8659  0.55366
  0.2771E+01  0.9670  1.4056  0.0863  0.5858  1.0000  0.8663  0.55358
  0.2929E+01  0.9836  1.4087  0.0884  0.5858  1.0000  0.8657  0.55367
  0.2967E+01  0.9877  1.4094  0.0889  0.5858  1.0000  0.8655  0.55365
  0.2905E+01  0.9811  1.4082  0.0881  0.5858  1.0000  0.8658  0.55367
  0.2890E+01  0.9795  1.4079  0.0879  0.5858  1.0000  0.8658  0.55367
  0.2914E+01  0.9820  1.4084  0.0882  0.5858  1.0000  0.8657  0.55367
  0.2899E+01  0.9805  1.4081  0.0880  0.5858  1.0000  0.8658  0.55367
  0.2896E+01  0.9801  1.4080  0.0879  0.5858  1.0000  0.8658  0.55367
  0.2901E+01  0.9807  1.4082  0.0880  0.5858  1.0000  0.8658  0.55367
  0.2899E+01  0.9805  1.4081  0.0880  0.5858  1.0000  0.8658  0.55367



             ####            Final results            ####

 Parameter    DISCRP    OSCILL    STABIL    SYSDEV    POSITV    VALCEN
 Weight        1.000     3.000     3.000     4.000     1.000     1.000
 Sigma         0.500     0.600     0.120     0.200     0.120     0.120
 Ideal         1.000     1.100     0.000     1.000     1.000     0.950
 Current       0.980     1.408     0.088     0.586     1.000     0.866
                - - - - - - - - - - - - - - - - - - - - - - - - - 
 Estimate      0.998     0.768     0.584     0.014     1.000     0.611

  Angular   range    :     from    0.0469   to    0.2495
  Real space range   :     from      0.00   to    104.30

  Highest ALPHA (theor) :   0.299E+06                 JOB = 0
  Current ALPHA         :   0.290E+01   Rg :  0.307E+02   I(0) :   0.245E+02

           Total  estimate : 0.554  which is  A REASONABLE  solution

      S          J EXP       ERROR       J REG       I REG

  0.0000E+00                                      0.2454E+02
  0.1676E-02                                      0.2452E+02
  0.3353E-02                                      0.2445E+02
  0.5029E-02                                      0.2434E+02
  0.6706E-02                                      0.2419E+02
  0.8382E-02                                      0.2400E+02
  0.1006E-01                                      0.2377E+02
  0.1174E-01                                      0.2350E+02
  0.1341E-01                                      0.2319E+02
  0.1509E-01                                      0.2285E+02
  0.1676E-01                                      0.2247E+02
  0.1844E-01                                      0.2206E+02
  0.2012E-01                                      0.2162E+02
  0.2179E-01                                      0.2115E+02
  0.2347E-01                                      0.2067E+02
  0.2515E-01                                      0.2015E+02
  0.2682E-01                                      0.1962E+02
  0.2850E-01                                      0.1908E+02
  0.3018E-01                                      0.1852E+02
  0.3185E-01                                      0.1795E+02
  0.3353E-01                                      0.1737E+02
  0.3521E-01                                      0.1678E+02
  0.3688E-01                                      0.1619E+02
  0.3856E-01                                      0.1560E+02
  0.4023E-01                                      0.1502E+02
  0.4191E-01                                      0.1443E+02
  0.4359E-01                                      0.1385E+02
  0.4526E-01                                      0.1328E+02
  0.4694E-01  0.1383E+02  0.4321E+00  0.1272E+02  0.1272E+02
  0.4779E-01  0.1396E+02  0.2841E+00  0.1244E+02  0.1244E+02
  0.4864E-01  0.1323E+02  0.2789E+00  0.1216E+02  0.1216E+02
  0.4948E-01  0.1227E+02  0.2804E+00  0.1189E+02  0.1189E+02
  0.5033E-01  0.1222E+02  0.2748E+00  0.1162E+02  0.1162E+02
  0.5118E-01  0.1186E+02  0.2730E+00  0.1135E+02  0.1135E+02
  0.5203E-01  0.1152E+02  0.2722E+00  0.1109E+02  0.1109E+02
  0.5287E-01  0.1137E+02  0.2681E+00  0.1083E+02  0.1083E+02
  0.5372E-01  0.1156E+02  0.2681E+00  0.1057E+02  0.1057E+02
  0.5457E-01  0.1157E+02  0.2631E+00  0.1032E+02  0.1032E+02
  0.5542E-01  0.1116E+02  0.2624E+00  0.1007E+02  0.1007E+02
  0.5626E-01  0.1058E+02  0.2579E+00  0.9826E+01  0.9826E+01
  0.5711E-01  0.9963E+01  0.2564E+00  0.9587E+01  0.9587E+01
  0.5796E-01  0.9357E+01  0.2007E+00  0.9352E+01  0.9352E+01
  0.5881E-01  0.9088E+01  0.1727E+00  0.9121E+01  0.9121E+01
  0.5965E-01  0.8904E+01  0.1707E+00  0.8894E+01  0.8894E+01
  0.6050E-01  0.8945E+01  0.1661E+00  0.8672E+01  0.8672E+01
  0.6135E-01  0.8763E+01  0.1661E+00  0.8455E+01  0.8455E+01
  0.6220E-01  0.8416E+01  0.1635E+00  0.8242E+01  0.8242E+01
  0.6304E-01  0.8069E+01  0.1640E+00  0.8034E+01  0.8034E+01
  0.6389E-01  0.7819E+01  0.1642E+00  0.7830E+01  0.7830E+01
  0.6474E-01  0.7703E+01  0.1621E+00  0.7630E+01  0.7630E+01
  0.6559E-01  0.7600E+01  0.1640E+00  0.7436E+01  0.7436E+01
  0.6644E-01  0.7590E+01  0.1621E+00  0.7245E+01  0.7245E+01
  0.6728E-01  0.7313E+01  0.1622E+00  0.7059E+01  0.7059E+01
  0.6813E-01  0.6770E+01  0.1596E+00  0.6878E+01  0.6878E+01
  0.6898E-01  0.6648E+01  0.1578E+00  0.6701E+01  0.6701E+01
  0.6983E-01  0.6250E+01  0.1572E+00  0.6528E+01  0.6528E+01
  0.7067E-01  0.5967E+01  0.1538E+00  0.6359E+01  0.6359E+01
  0.7152E-01  0.6111E+01  0.1531E+00  0.6195E+01  0.6195E+01
  0.7237E-01  0.6179E+01  0.1503E+00  0.6035E+01  0.6035E+01
  0.7322E-01  0.5870E+01  0.1179E+00  0.5879E+01  0.5879E+01
  0.7406E-01  0.5680E+01  0.1115E+00  0.5727E+01  0.5727E+01
  0.7491E-01  0.5702E+01  0.1098E+00  0.5580E+01  0.5580E+01
  0.7576E-01  0.5447E+01  0.1106E+00  0.5436E+01  0.5436E+01
  0.7661E-01  0.5280E+01  0.1098E+00  0.5295E+01  0.5295E+01
  0.7745E-01  0.5168E+01  0.1103E+00  0.5159E+01  0.5159E+01
  0.7830E-01  0.4863E+01  0.1097E+00  0.5026E+01  0.5026E+01
  0.7915E-01  0.4885E+01  0.1097E+00  0.4897E+01  0.4897E+01
  0.8000E-01  0.4729E+01  0.1099E+00  0.4771E+01  0.4771E+01
  0.8084E-01  0.4668E+01  0.1090E+00  0.4649E+01  0.4649E+01
  0.8169E-01  0.4665E+01  0.1084E+00  0.4530E+01  0.4530E+01
  0.8254E-01  0.4531E+01  0.1067E+00  0.4414E+01  0.4414E+01
  0.8339E-01  0.4396E+01  0.1055E+00  0.4301E+01  0.4301E+01
  0.8424E-01  0.4329E+01  0.8500E-01  0.4192E+01  0.4192E+01
  0.8508E-01  0.4141E+01  0.8331E-01  0.4085E+01  0.4085E+01
  0.8593E-01  0.3916E+01  0.8272E-01  0.3982E+01  0.3982E+01
  0.8678E-01  0.3787E+01  0.8641E-01  0.3881E+01  0.3881E+01
  0.8763E-01  0.3714E+01  0.4978E-01  0.3782E+01  0.3782E+01
  0.8847E-01  0.3664E+01  0.5005E-01  0.3687E+01  0.3687E+01
  0.8932E-01  0.3664E+01  0.4961E-01  0.3594E+01  0.3594E+01
  0.9017E-01  0.3578E+01  0.4145E-01  0.3503E+01  0.3503E+01
  0.9102E-01  0.3484E+01  0.3963E-01  0.3415E+01  0.3415E+01
  0.9186E-01  0.3384E+01  0.3949E-01  0.3329E+01  0.3329E+01
  0.9271E-01  0.3305E+01  0.3915E-01  0.3245E+01  0.3245E+01
  0.9356E-01  0.3223E+01  0.3899E-01  0.3164E+01  0.3164E+01
  0.9441E-01  0.3087E+01  0.3879E-01  0.3084E+01  0.3084E+01
  0.9525E-01  0.2990E+01  0.3851E-01  0.3007E+01  0.3007E+01
  0.9610E-01  0.2929E+01  0.3839E-01  0.2932E+01  0.2932E+01
  0.9695E-01  0.2875E+01  0.3799E-01  0.2858E+01  0.2858E+01
  0.9780E-01  0.2795E+01  0.3771E-01  0.2786E+01  0.2786E+01
  0.9864E-01  0.2740E+01  0.3752E-01  0.2716E+01  0.2716E+01
  0.9949E-01  0.2607E+01  0.3686E-01  0.2648E+01  0.2648E+01
  0.1003E+00  0.2506E+01  0.3693E-01  0.2582E+01  0.2582E+01
  0.1012E+00  0.2449E+01  0.3668E-01  0.2517E+01  0.2517E+01
  0.1020E+00  0.2476E+01  0.3659E-01  0.2453E+01  0.2453E+01
  0.1029E+00  0.2438E+01  0.3650E-01  0.2391E+01  0.2391E+01
  0.1037E+00  0.2400E+01  0.3586E-01  0.2331E+01  0.2331E+01
  0.1046E+00  0.2295E+01  0.3631E-01  0.2272E+01  0.2272E+01
  0.1054E+00  0.2214E+01  0.3587E-01  0.2214E+01  0.2214E+01
  0.1063E+00  0.2151E+01  0.3617E-01  0.2158E+01  0.2158E+01
  0.1071E+00  0.2102E+01  0.3560E-01  0.2103E+01  0.2103E+01
  0.1080E+00  0.2076E+01  0.3550E-01  0.2049E+01  0.2049E+01
  0.1088E+00  0.2027E+01  0.3536E-01  0.1997E+01  0.1997E+01
  0.1097E+00  0.1952E+01  0.3539E-01  0.1946E+01  0.1946E+01
  0.1105E+00  0.1895E+01  0.3520E-01  0.1896E+01  0.1896E+01
  0.1114E+00  0.1864E+01  0.3469E-01  0.1847E+01  0.1847E+01
  0.1122E+00  0.1765E+01  0.3466E-01  0.1799E+01  0.1799E+01
  0.1131E+00  0.1696E+01  0.3455E-01  0.1752E+01  0.1752E+01
  0.1139E+00  0.1651E+01  0.3420E-01  0.1707E+01  0.1707E+01
  0.1147E+00  0.1569E+01  0.3424E-01  0.1662E+01  0.1662E+01
  0.1156E+00  0.1527E+01  0.3378E-01  0.1619E+01  0.1619E+01
  0.1164E+00  0.1536E+01  0.3458E-01  0.1576E+01  0.1576E+01
  0.1173E+00  0.1523E+01  0.3802E-01  0.1535E+01  0.1535E+01
  0.1181E+00  0.1490E+01  0.3785E-01  0.1494E+01  0.1494E+01
  0.1190E+00  0.1450E+01  0.3794E-01  0.1455E+01  0.1455E+01
  0.1198E+00  0.1356E+01  0.3774E-01  0.1416E+01  0.1416E+01
  0.1207E+00  0.1314E+01  0.3808E-01  0.1379E+01  0.1379E+01
  0.1215E+00  0.1362E+01  0.3769E-01  0.1342E+01  0.1342E+01
  0.1224E+00  0.1326E+01  0.3783E-01  0.1306E+01  0.1306E+01
  0.1232E+00  0.1299E+01  0.3796E-01  0.1271E+01  0.1271E+01
  0.1241E+00  0.1250E+01  0.3791E-01  0.1237E+01  0.1237E+01
  0.1249E+00  0.1210E+01  0.3769E-01  0.1204E+01  0.1204E+01
  0.1258E+00  0.1209E+01  0.3730E-01  0.1172E+01  0.1172E+01
  0.1266E+00  0.1211E+01  0.3705E-01  0.1140E+01  0.1140E+01
  0.1275E+00  0.1183E+01  0.3702E-01  0.1109E+01  0.1109E+01
  0.1283E+00  0.1083E+01  0.3639E-01  0.1080E+01  0.1080E+01
  0.1292E+00  0.1024E+01  0.3645E-01  0.1051E+01  0.1051E+01
  0.1300E+00  0.1025E+01  0.3606E-01  0.1022E+01  0.1022E+01
  0.1309E+00  0.9797E+00  0.3615E-01  0.9947E+00  0.9947E+00
  0.1317E+00  0.9171E+00  0.3580E-01  0.9679E+00  0.9679E+00
  0.1325E+00  0.9095E+00  0.3558E-01  0.9419E+00  0.9419E+00
  0.1334E+00  0.9436E+00  0.3810E-01  0.9166E+00  0.9166E+00
  0.1342E+00  0.9176E+00  0.1361E-01  0.8920E+00  0.8920E+00
  0.1351E+00  0.8866E+00  0.1376E-01  0.8681E+00  0.8681E+00
  0.1359E+00  0.8686E+00  0.1386E-01  0.8449E+00  0.8449E+00
  0.1368E+00  0.8491E+00  0.1396E-01  0.8224E+00  0.8224E+00
  0.1376E+00  0.8044E+00  0.1397E-01  0.8005E+00  0.8005E+00
  0.1385E+00  0.7600E+00  0.1397E-01  0.7793E+00  0.7793E+00
  0.1393E+00  0.7409E+00  0.1395E-01  0.7588E+00  0.7588E+00
  0.1402E+00  0.7381E+00  0.1385E-01  0.7388E+00  0.7388E+00
  0.1410E+00  0.7107E+00  0.1378E-01  0.7195E+00  0.7195E+00
  0.1419E+00  0.7003E+00  0.1379E-01  0.7007E+00  0.7007E+00
  0.1427E+00  0.6753E+00  0.1369E-01  0.6825E+00  0.6825E+00
  0.1436E+00  0.6515E+00  0.1364E-01  0.6649E+00  0.6649E+00
  0.1444E+00  0.6429E+00  0.1342E-01  0.6478E+00  0.6478E+00
  0.1453E+00  0.6198E+00  0.1336E-01  0.6313E+00  0.6313E+00
  0.1461E+00  0.6162E+00  0.1312E-01  0.6153E+00  0.6153E+00
  0.1470E+00  0.6217E+00  0.1302E-01  0.5998E+00  0.5998E+00
  0.1478E+00  0.6116E+00  0.1307E-01  0.5848E+00  0.5848E+00
  0.1487E+00  0.5685E+00  0.1300E-01  0.5703E+00  0.5703E+00
  0.1495E+00  0.5373E+00  0.1314E-01  0.5563E+00  0.5563E+00
  0.1503E+00  0.5163E+00  0.1294E-01  0.5427E+00  0.5427E+00
  0.1512E+00  0.5171E+00  0.1302E-01  0.5295E+00  0.5295E+00
  0.1520E+00  0.4948E+00  0.1300E-01  0.5168E+00  0.5168E+00
  0.1529E+00  0.4813E+00  0.1316E-01  0.5045E+00  0.5045E+00
  0.1537E+00  0.4530E+00  0.1321E-01  0.4926E+00  0.4926E+00
  0.1546E+00  0.4728E+00  0.1306E-01  0.4811E+00  0.4811E+00
  0.1554E+00  0.4739E+00  0.1321E-01  0.4699E+00  0.4699E+00
  0.1563E+00  0.4646E+00  0.1308E-01  0.4591E+00  0.4591E+00
  0.1571E+00  0.4836E+00  0.1306E-01  0.4487E+00  0.4487E+00
  0.1580E+00  0.4664E+00  0.1309E-01  0.4386E+00  0.4386E+00
  0.1588E+00  0.4258E+00  0.1285E-01  0.4289E+00  0.4289E+00
  0.1597E+00  0.4166E+00  0.1292E-01  0.4195E+00  0.4195E+00
  0.1605E+00  0.4124E+00  0.1269E-01  0.4104E+00  0.4104E+00
  0.1614E+00  0.4176E+00  0.1263E-01  0.4016E+00  0.4016E+00
  0.1622E+00  0.4083E+00  0.1268E-01  0.3931E+00  0.3931E+00
  0.1631E+00  0.3780E+00  0.1254E-01  0.3849E+00  0.3849E+00
  0.1639E+00  0.3669E+00  0.1255E-01  0.3769E+00  0.3769E+00
  0.1648E+00  0.3723E+00  0.1271E-01  0.3692E+00  0.3692E+00
  0.1656E+00  0.3726E+00  0.1362E-01  0.3618E+00  0.3618E+00
  0.1665E+00  0.3729E+00  0.1274E-01  0.3546E+00  0.3546E+00
  0.1673E+00  0.3545E+00  0.1249E-01  0.3477E+00  0.3477E+00
  0.1681E+00  0.3412E+00  0.1251E-01  0.3410E+00  0.3410E+00
  0.1690E+00  0.3193E+00  0.1244E-01  0.3345E+00  0.3345E+00
  0.1698E+00  0.3209E+00  0.1240E-01  0.3282E+00  0.3282E+00
  0.1707E+00  0.3037E+00  0.1229E-01  0.3222E+00  0.3222E+00
  0.1715E+00  0.2836E+00  0.1219E-01  0.3164E+00  0.3164E+00
  0.1724E+00  0.2666E+00  0.1215E-01  0.3107E+00  0.3107E+00
  0.1732E+00  0.2623E+00  0.1206E-01  0.3053E+00  0.3053E+00
  0.1741E+00  0.2982E+00  0.1206E-01  0.3001E+00  0.3001E+00
  0.1749E+00  0.3105E+00  0.1201E-01  0.2950E+00  0.2950E+00
  0.1758E+00  0.2997E+00  0.1215E-01  0.2901E+00  0.2901E+00
  0.1766E+00  0.2828E+00  0.1208E-01  0.2854E+00  0.2854E+00
  0.1775E+00  0.3073E+00  0.1205E-01  0.2809E+00  0.2809E+00
  0.1783E+00  0.3000E+00  0.1210E-01  0.2765E+00  0.2765E+00
  0.1792E+00  0.2833E+00  0.1201E-01  0.2723E+00  0.2723E+00
  0.1800E+00  0.2659E+00  0.1204E-01  0.2683E+00  0.2683E+00
  0.1809E+00  0.2729E+00  0.1206E-01  0.2644E+00  0.2644E+00
  0.1817E+00  0.2793E+00  0.1209E-01  0.2607E+00  0.2607E+00
  0.1826E+00  0.2611E+00  0.1214E-01  0.2571E+00  0.2571E+00
  0.1834E+00  0.2573E+00  0.1204E-01  0.2536E+00  0.2536E+00
  0.1843E+00  0.2431E+00  0.1204E-01  0.2503E+00  0.2503E+00
  0.1851E+00  0.2401E+00  0.1193E-01  0.2471E+00  0.2471E+00
  0.1859E+00  0.2470E+00  0.1186E-01  0.2441E+00  0.2441E+00
  0.1868E+00  0.2254E+00  0.1182E-01  0.2411E+00  0.2411E+00
  0.1876E+00  0.2370E+00  0.1178E-01  0.2383E+00  0.2383E+00
  0.1885E+00  0.2352E+00  0.1182E-01  0.2356E+00  0.2356E+00
  0.1893E+00  0.2181E+00  0.1174E-01  0.2331E+00  0.2331E+00
  0.1902E+00  0.2180E+00  0.1177E-01  0.2306E+00  0.2306E+00
  0.1910E+00  0.2280E+00  0.1177E-01  0.2282E+00  0.2282E+00
  0.1919E+00  0.2220E+00  0.1173E-01  0.2260E+00  0.2260E+00
  0.1927E+00  0.2169E+00  0.1174E-01  0.2238E+00  0.2238E+00
  0.1936E+00  0.2260E+00  0.1160E-01  0.2218E+00  0.2218E+00
  0.1944E+00  0.2131E+00  0.1154E-01  0.2198E+00  0.2198E+00
  0.1953E+00  0.2221E+00  0.1152E-01  0.2180E+00  0.2180E+00
  0.1961E+00  0.2217E+00  0.1142E-01  0.2162E+00  0.2162E+00
  0.1970E+00  0.2343E+00  0.1131E-01  0.2145E+00  0.2145E+00
  0.1978E+00  0.2193E+00  0.1121E-01  0.2128E+00  0.2128E+00
  0.1987E+00  0.2149E+00  0.1128E-01  0.2113E+00  0.2113E+00
  0.1995E+00  0.2148E+00  0.1116E-01  0.2098E+00  0.2098E+00
  0.2004E+00  0.2195E+00  0.1116E-01  0.2084E+00  0.2084E+00
  0.2012E+00  0.2109E+00  0.1109E-01  0.2070E+00  0.2070E+00
  0.2021E+00  0.2098E+00  0.1110E-01  0.2058E+00  0.2058E+00
  0.2029E+00  0.1967E+00  0.1115E-01  0.2045E+00  0.2045E+00
  0.2037E+00  0.1966E+00  0.1104E-01  0.2033E+00  0.2033E+00
  0.2046E+00  0.1964E+00  0.1112E-01  0.2022E+00  0.2022E+00
  0.2054E+00  0.1855E+00  0.1122E-01  0.2011E+00  0.2011E+00
  0.2063E+00  0.1816E+00  0.1132E-01  0.2001E+00  0.2001E+00
  0.2071E+00  0.1857E+00  0.1134E-01  0.1991E+00  0.1991E+00
  0.2080E+00  0.1864E+00  0.1128E-01  0.1981E+00  0.1981E+00
  0.2088E+00  0.1958E+00  0.1135E-01  0.1971E+00  0.1971E+00
  0.2097E+00  0.2107E+00  0.1136E-01  0.1962E+00  0.1962E+00
  0.2105E+00  0.1891E+00  0.1143E-01  0.1953E+00  0.1953E+00
  0.2114E+00  0.2007E+00  0.1145E-01  0.1945E+00  0.1945E+00
  0.2122E+00  0.2116E+00  0.1142E-01  0.1936E+00  0.1936E+00
  0.2131E+00  0.1931E+00  0.1154E-01  0.1928E+00  0.1928E+00
  0.2139E+00  0.1763E+00  0.1149E-01  0.1920E+00  0.1920E+00
  0.2148E+00  0.1909E+00  0.1147E-01  0.1912E+00  0.1912E+00
  0.2156E+00  0.1982E+00  0.1141E-01  0.1904E+00  0.1904E+00
  0.2165E+00  0.1990E+00  0.1141E-01  0.1896E+00  0.1896E+00
  0.2173E+00  0.1878E+00  0.1153E-01  0.1888E+00  0.1888E+00
  0.2182E+00  0.1831E+00  0.1149E-01  0.1881E+00  0.1881E+00
  0.2190E+00  0.1854E+00  0.1152E-01  0.1873E+00  0.1873E+00
  0.2199E+00  0.1874E+00  0.1153E-01  0.1865E+00  0.1865E+00
  0.2207E+00  0.1807E+00  0.1178E-01  0.1857E+00  0.1857E+00
  0.2215E+00  0.1667E+00  0.1194E-01  0.1850E+00  0.1850E+00
  0.2224E+00  0.1668E+00  0.1196E-01  0.1842E+00  0.1842E+00
  0.2232E+00  0.1798E+00  0.1281E-01  0.1834E+00  0.1834E+00
  0.2241E+00  0.1840E+00  0.7467E-02  0.1826E+00  0.1826E+00
  0.2249E+00  0.1727E+00  0.7579E-02  0.1818E+00  0.1818E+00
  0.2258E+00  0.1813E+00  0.7657E-02  0.1810E+00  0.1810E+00
  0.2266E+00  0.1830E+00  0.7721E-02  0.1802E+00  0.1802E+00
  0.2275E+00  0.1828E+00  0.7733E-02  0.1793E+00  0.1793E+00
  0.2283E+00  0.1936E+00  0.7694E-02  0.1785E+00  0.1785E+00
  0.2292E+00  0.2003E+00  0.7850E-02  0.1777E+00  0.1777E+00
  0.2300E+00  0.1713E+00  0.7807E-02  0.1768E+00  0.1768E+00
  0.2309E+00  0.1647E+00  0.7823E-02  0.1759E+00  0.1759E+00
  0.2317E+00  0.1730E+00  0.7907E-02  0.1751E+00  0.1751E+00
  0.2326E+00  0.1839E+00  0.7846E-02  0.1742E+00  0.1742E+00
  0.2334E+00  0.1874E+00  0.7924E-02  0.1733E+00  0.1733E+00
  0.2343E+00  0.1787E+00  0.7886E-02  0.1724E+00  0.1724E+00
  0.2351E+00  0.1659E+00  0.7962E-02  0.1715E+00  0.1715E+00
  0.2360E+00  0.1618E+00  0.7980E-02  0.1706E+00  0.1706E+00
  0.2368E+00  0.1672E+00  0.8030E-02  0.1696E+00  0.1696E+00
  0.2377E+00  0.1637E+00  0.8064E-02  0.1687E+00  0.1687E+00
  0.2385E+00  0.1641E+00  0.8031E-02  0.1678E+00  0.1678E+00
  0.2393E+00  0.1602E+00  0.8136E-02  0.1668E+00  0.1668E+00
  0.2402E+00  0.1657E+00  0.8153E-02  0.1659E+00  0.1659E+00
  0.2410E+00  0.1695E+00  0.8137E-02  0.1650E+00  0.1650E+00
  0.2419E+00  0.1631E+00  0.8375E-02  0.1640E+00  0.1640E+00
  0.2427E+00  0.1637E+00  0.8363E-02  0.1630E+00  0.1630E+00
  0.2436E+00  0.1615E+00  0.8533E-02  0.1621E+00  0.1621E+00
  0.2444E+00  0.1696E+00  0.8422E-02  0.1611E+00  0.1611E+00
  0.2453E+00  0.1538E+00  0.8436E-02  0.1602E+00  0.1602E+00
  0.2461E+00  0.1450E+00  0.8507E-02  0.1592E+00  0.1592E+00
  0.2470E+00  0.1488E+00  0.8388E-02  0.1583E+00  0.1583E+00
  0.2478E+00  0.1716E+00  0.8473E-02  0.1573E+00  0.1573E+00
  0.2487E+00  0.1693E+00  0.8370E-02  0.1564E+00  0.1564E+00
  0.2495E+00  0.1606E+00  0.8455E-02  0.1554E+00  0.1554E+00

           Distance distribution  function of particle  


       R          P(R)      ERROR

  0.0000E+00  0.0000E+00  0.0000E+00
  0.1043E+01  0.9043E-03  0.1470E-04
  0.2086E+01  0.1982E-02  0.2383E-04
  0.3129E+01  0.3230E-02  0.2785E-04
  0.4172E+01  0.4642E-02  0.2756E-04
  0.5215E+01  0.6210E-02  0.2430E-04
  0.6258E+01  0.7921E-02  0.2048E-04
  0.7301E+01  0.9764E-02  0.2028E-04
  0.8344E+01  0.1172E-01  0.2623E-04
  0.9387E+01  0.1378E-01  0.3604E-04
  0.1043E+02  0.1591E-01  0.4704E-04
  0.1147E+02  0.1811E-01  0.5781E-04
  0.1252E+02  0.2034E-01  0.6764E-04
  0.1356E+02  0.2257E-01  0.7626E-04
  0.1460E+02  0.2480E-01  0.8376E-04
  0.1564E+02  0.2699E-01  0.9050E-04
  0.1669E+02  0.2912E-01  0.9702E-04
  0.1773E+02  0.3116E-01  0.1039E-03
  0.1877E+02  0.3309E-01  0.1117E-03
  0.1982E+02  0.3489E-01  0.1205E-03
  0.2086E+02  0.3654E-01  0.1304E-03
  0.2190E+02  0.3802E-01  0.1411E-03
  0.2295E+02  0.3932E-01  0.1522E-03
  0.2399E+02  0.4043E-01  0.1634E-03
  0.2503E+02  0.4134E-01  0.1743E-03
  0.2607E+02  0.4204E-01  0.1849E-03
  0.2712E+02  0.4253E-01  0.1951E-03
  0.2816E+02  0.4282E-01  0.2052E-03
  0.2920E+02  0.4291E-01  0.2153E-03
  0.3025E+02  0.4281E-01  0.2258E-03
  0.3129E+02  0.4253E-01  0.2367E-03
  0.3233E+02  0.4210E-01  0.2482E-03
  0.3338E+02  0.4151E-01  0.2601E-03
  0.3442E+02  0.4080E-01  0.2723E-03
  0.3546E+02  0.3997E-01  0.2844E-03
  0.3650E+02  0.3906E-01  0.2963E-03
  0.3755E+02  0.3807E-01  0.3076E-03
  0.3859E+02  0.3703E-01  0.3183E-03
  0.3963E+02  0.3596E-01  0.3282E-03
  0.4068E+02  0.3487E-01  0.3375E-03
  0.4172E+02  0.3377E-01  0.3463E-03
  0.4276E+02  0.3268E-01  0.3549E-03
  0.4381E+02  0.3161E-01  0.3634E-03
  0.4485E+02  0.3056E-01  0.3720E-03
  0.4589E+02  0.2955E-01  0.3808E-03
  0.4693E+02  0.2857E-01  0.3897E-03
  0.4798E+02  0.2762E-01  0.3988E-03
  0.4902E+02  0.2671E-01  0.4077E-03
  0.5006E+02  0.2583E-01  0.4164E-03
  0.5111E+02  0.2499E-01  0.4248E-03
  0.5215E+02  0.2417E-01  0.4328E-03
  0.5319E+02  0.2337E-01  0.4403E-03
  0.5424E+02  0.2260E-01  0.4475E-03
  0.5528E+02  0.2184E-01  0.4542E-03
  0.5632E+02  0.2109E-01  0.4606E-03
  0.5736E+02  0.2035E-01  0.4665E-03
  0.5841E+02  0.1961E-01  0.4718E-03
  0.5945E+02  0.1888E-01  0.4763E-03
  0.6049E+02  0.1815E-01  0.4798E-03
  0.6154E+02  0.1742E-01  0.4820E-03
  0.6258E+02  0.1669E-01  0.4827E-03
  0.6362E+02  0.1597E-01  0.4817E-03
  0.6467E+02  0.1526E-01  0.4790E-03
  0.6571E+02  0.1455E-01  0.4746E-03
  0.6675E+02  0.1385E-01  0.4686E-03
  0.6780E+02  0.1316E-01  0.4613E-03
  0.6884E+02  0.1248E-01  0.4530E-03
  0.6988E+02  0.1182E-01  0.4438E-03
  0.7092E+02  0.1118E-01  0.4342E-03
  0.7197E+02  0.1056E-01  0.4244E-03
  0.7301E+02  0.9957E-02  0.4144E-03
  0.7405E+02  0.9374E-02  0.4044E-03
  0.7510E+02  0.8813E-02  0.3945E-03
  0.7614E+02  0.8271E-02  0.3848E-03
  0.7718E+02  0.7750E-02  0.3753E-03
  0.7822E+02  0.7249E-02  0.3663E-03
  0.7927E+02  0.6766E-02  0.3580E-03
  0.8031E+02  0.6302E-02  0.3505E-03
  0.8135E+02  0.5855E-02  0.3440E-03
  0.8240E+02  0.5426E-02  0.3384E-03
  0.8344E+02  0.5013E-02  0.3337E-03
  0.8448E+02  0.4616E-02  0.3292E-03
  0.8553E+02  0.4236E-02  0.3247E-03
  0.8657E+02  0.3873E-02  0.3194E-03
  0.8761E+02  0.3527E-02  0.3129E-03
  0.8865E+02  0.3197E-02  0.3049E-03
  0.8970E+02  0.2886E-02  0.2951E-03
  0.9074E+02  0.2592E-02  0.2838E-03
  0.9178E+02  0.2316E-02  0.2714E-03
  0.9283E+02  0.2058E-02  0.2583E-03
  0.9387E+02  0.1818E-02  0.2452E-03
  0.9491E+02  0.1594E-02  0.2324E-03
  0.9596E+02  0.1385E-02  0.2202E-03
  0.9700E+02  0.1190E-02  0.2078E-03
  0.9804E+02  0.1007E-02  0.1942E-03
  0.9908E+02  0.8332E-03  0.1780E-03
  0.1001E+03  0.6658E-03  0.1573E-03
  0.1012E+03  0.5020E-03  0.1305E-03
  0.1022E+03  0.3386E-03  0.9597E-04
  0.1033E+03  0.1722E-03  0.5269E-04
  0.1043E+03  0.0000E+00  0.0000E+00
          Reciprocal space: Rg =   30.67     , I(0) =   0.2454E+02
     Real space: Rg =   30.78 +- 0.241  I(0) =   0.2454E+02 +-  0.3155E+00
