
           ####    G N O M   ---   Version 4.5a revised 09/02/02     ####

                                                  Tue Nov 10 00:27:23 2009
           ===    Run No   1   ===
 Run title:   Merge of: 23922_G2_2.m 23922_G3_2.m 23922_G4_2.m 23922_G5_2.m


  Number of points omitted at the beginning:           1
   *******   Working Directory :
   *******    Input file(s) :
           Condition P(rmin) = 0 is used. 
           Condition P(rmax) = 0 is used. 

          Experimental conditions for the first run
          -----------------------------------------

          Highest ALPHA is found to be   0.3025E+03

  The measure of inconsistency AN1 equals to    0.8926E+00
     Alpha    Discrp  Oscill  Stabil  Sysdev  Positv  Valcen    Total   
  0.3025E+06 57.9690  1.2415  0.9438  0.0000  1.0000  0.8401  0.32211
  0.6051E+05 52.0422  1.1943  0.8171  0.0162  1.0000  0.8542  0.33091
  0.1210E+05 39.5135  1.0968  0.6118  0.0729  1.0000  0.8912  0.34714
  0.2420E+04 22.2966  1.0757  0.3774  0.1296  1.0000  0.9285  0.36314
  0.4841E+03  8.0115  1.1225  0.1339  0.1215  1.0000  0.9480  0.43159
  0.9681E+02  2.1387  1.1719  0.0360  0.2348  1.0000  0.9572  0.58658
  0.1936E+02  0.6595  1.1932  0.0090  0.5385  1.0000  0.9602  0.79217
  0.3872E+01  0.4604  1.2007  0.0072  0.5951  1.0000  0.9615  0.79314
  0.7745E+00  0.4197  1.2119  0.0073  0.6073  1.0000  0.9627  0.79231
  0.1549E+00  0.4102  1.2237  0.0056  0.5911  1.0000  0.9629  0.78086
  0.3098E-01  0.4076  1.2438  0.0140  0.5830  1.0000  0.9616  0.77249
  0.6196E-02  0.4059  1.3060  0.0161  0.5749  1.0000  0.9596  0.76123
  0.1239E-02  0.4046  1.5403  0.0697  0.5830  1.0000  0.9595  0.65591
  0.2478E-03  0.4016  3.1392  0.1932  0.5830  0.9966  0.9518  0.36353
  0.4957E-04  0.3981  6.1059  0.2134  0.5749  0.9769  0.9026  0.33828
  0.9913E-05  0.3955  9.8312  0.7058  0.5668  0.9155  0.7679  0.24471
  0.1983E-05  0.3880 11.0220  0.8646  0.5830  0.8047  0.4382  0.20741
  0.3965E-06  0.3729 10.7554  0.5120  0.5830  0.7439  0.3884  0.20064
  0.7931E-07  0.3644 11.1598  0.2005  0.6032  0.7293  0.3846  0.22431
  0.1586E-07  0.3622 13.2582  0.6559  0.6113  0.7176  0.3972  0.00000

          ***  Golden section search to maximize estimate ***
     Alpha    Discrp  Oscill  Stabil  Sysdev  Positv  Valcen    Total   
  0.1047E+02  0.5319  1.1965  0.0062  0.5789  1.0000  0.9607  0.79820
  0.1324E+02  0.5678  1.1954  0.0069  0.5709  1.0000  0.9605  0.79995
  0.1531E+02  0.5970  1.1946  0.0075  0.5709  1.0000  0.9604  0.80449
  0.1675E+02  0.6185  1.1941  0.0080  0.5628  1.0000  0.9603  0.80251
  0.1448E+02  0.5851  1.1949  0.0072  0.5789  1.0000  0.9604  0.80752
  0.1400E+02  0.5782  1.1951  0.0071  0.5709  1.0000  0.9605  0.80167
  0.1479E+02  0.5896  1.1948  0.0073  0.5628  1.0000  0.9604  0.79868
  0.1430E+02  0.5824  1.1950  0.0072  0.5709  1.0000  0.9605  0.80233
  0.1460E+02  0.5868  1.1949  0.0073  0.5628  1.0000  0.9604  0.79827
  0.1441E+02  0.5841  1.1950  0.0072  0.5789  1.0000  0.9605  0.80736
  0.1453E+02  0.5858  1.1949  0.0073  0.5709  1.0000  0.9604  0.80284
  0.1446E+02  0.5847  1.1950  0.0072  0.5789  1.0000  0.9605  0.80746
  0.1448E+02  0.5851  1.1949  0.0072  0.5789  1.0000  0.9604  0.80752



             ####            Final results            ####

 Parameter    DISCRP    OSCILL    STABIL    SYSDEV    POSITV    VALCEN
 Weight        1.000     3.000     3.000     5.000     1.000     1.000
 Sigma         0.300     0.600     0.120     0.500     0.120     0.120
 Ideal         0.700     1.200     0.000     1.000     1.000     0.950
 Current       0.585     1.195     0.007     0.579     1.000     0.960
                - - - - - - - - - - - - - - - - - - - - - - - - - 
 Estimate      0.864     1.000     0.996     0.492     1.000     0.992

  Angular   range    :     from    0.0234   to    0.3238
  Real space range   :     from      0.00   to     56.25

  Highest ALPHA (theor) :   0.303E+06                 JOB = 0
  Current ALPHA         :   0.145E+02   Rg :  0.194E+02   I(0) :   0.402E+01

           Total  estimate : 0.808  which is    A GOOD      solution

      S          J EXP       ERROR       J REG       I REG

  0.0000E+00                                      0.4020E+01
  0.8362E-03                                      0.4019E+01
  0.1672E-02                                      0.4018E+01
  0.2509E-02                                      0.4017E+01
  0.3345E-02                                      0.4014E+01
  0.4181E-02                                      0.4011E+01
  0.5017E-02                                      0.4007E+01
  0.5853E-02                                      0.4003E+01
  0.6689E-02                                      0.3997E+01
  0.7526E-02                                      0.3991E+01
  0.8362E-02                                      0.3985E+01
  0.9198E-02                                      0.3978E+01
  0.1003E-01                                      0.3970E+01
  0.1087E-01                                      0.3961E+01
  0.1171E-01                                      0.3952E+01
  0.1254E-01                                      0.3942E+01
  0.1338E-01                                      0.3931E+01
  0.1422E-01                                      0.3920E+01
  0.1505E-01                                      0.3908E+01
  0.1589E-01                                      0.3895E+01
  0.1672E-01                                      0.3882E+01
  0.1756E-01                                      0.3868E+01
  0.1840E-01                                      0.3853E+01
  0.1923E-01                                      0.3838E+01
  0.2007E-01                                      0.3823E+01
  0.2090E-01                                      0.3806E+01
  0.2174E-01                                      0.3789E+01
  0.2258E-01                                      0.3772E+01
  0.2341E-01  0.3726E+01  0.5661E-01  0.3754E+01  0.3754E+01
  0.2402E-01  0.3765E+01  0.4793E-01  0.3740E+01  0.3740E+01
  0.2463E-01  0.3706E+01  0.4183E-01  0.3726E+01  0.3726E+01
  0.2524E-01  0.3706E+01  0.3757E-01  0.3712E+01  0.3712E+01
  0.2584E-01  0.3706E+01  0.3956E-01  0.3698E+01  0.3698E+01
  0.2645E-01  0.3694E+01  0.3645E-01  0.3683E+01  0.3683E+01
  0.2706E-01  0.3672E+01  0.3770E-01  0.3668E+01  0.3668E+01
  0.2767E-01  0.3675E+01  0.3555E-01  0.3653E+01  0.3653E+01
  0.2828E-01  0.3654E+01  0.3362E-01  0.3637E+01  0.3637E+01
  0.2889E-01  0.3680E+01  0.3105E-01  0.3621E+01  0.3621E+01
  0.2949E-01  0.3618E+01  0.3089E-01  0.3605E+01  0.3605E+01
  0.3010E-01  0.3641E+01  0.3332E-01  0.3589E+01  0.3589E+01
  0.3071E-01  0.3604E+01  0.3317E-01  0.3572E+01  0.3572E+01
  0.3132E-01  0.3566E+01  0.3180E-01  0.3555E+01  0.3555E+01
  0.3193E-01  0.3574E+01  0.3197E-01  0.3538E+01  0.3538E+01
  0.3254E-01  0.3523E+01  0.3021E-01  0.3521E+01  0.3521E+01
  0.3314E-01  0.3486E+01  0.3290E-01  0.3503E+01  0.3503E+01
  0.3375E-01  0.3521E+01  0.3149E-01  0.3485E+01  0.3485E+01
  0.3436E-01  0.3472E+01  0.2695E-01  0.3467E+01  0.3467E+01
  0.3497E-01  0.3454E+01  0.2899E-01  0.3449E+01  0.3449E+01
  0.3558E-01  0.3452E+01  0.3517E-01  0.3430E+01  0.3430E+01
  0.3618E-01  0.3436E+01  0.3248E-01  0.3411E+01  0.3411E+01
  0.3679E-01  0.3434E+01  0.3187E-01  0.3392E+01  0.3392E+01
  0.3740E-01  0.3424E+01  0.3099E-01  0.3373E+01  0.3373E+01
  0.3801E-01  0.3480E+01  0.1297E+00  0.3354E+01  0.3354E+01
  0.3862E-01  0.3461E+01  0.4989E-01  0.3334E+01  0.3334E+01
  0.3922E-01  0.3359E+01  0.4789E-01  0.3314E+01  0.3314E+01
  0.3983E-01  0.3321E+01  0.3654E-01  0.3294E+01  0.3294E+01
  0.4044E-01  0.3363E+01  0.3441E-01  0.3274E+01  0.3274E+01
  0.4105E-01  0.3265E+01  0.3630E-01  0.3254E+01  0.3254E+01
  0.4166E-01  0.3264E+01  0.3370E-01  0.3233E+01  0.3233E+01
  0.4227E-01  0.3289E+01  0.3201E-01  0.3212E+01  0.3212E+01
  0.4287E-01  0.3249E+01  0.2858E-01  0.3191E+01  0.3191E+01
  0.4348E-01  0.3209E+01  0.3216E-01  0.3170E+01  0.3170E+01
  0.4409E-01  0.3173E+01  0.3081E-01  0.3149E+01  0.3149E+01
  0.4470E-01  0.3138E+01  0.3013E-01  0.3127E+01  0.3127E+01
  0.4530E-01  0.3155E+01  0.3032E-01  0.3106E+01  0.3106E+01
  0.4591E-01  0.3153E+01  0.2889E-01  0.3084E+01  0.3084E+01
  0.4652E-01  0.3150E+01  0.2961E-01  0.3062E+01  0.3062E+01
  0.4713E-01  0.3082E+01  0.2682E-01  0.3040E+01  0.3040E+01
  0.4774E-01  0.3036E+01  0.2639E-01  0.3018E+01  0.3018E+01
  0.4835E-01  0.3049E+01  0.2641E-01  0.2995E+01  0.2995E+01
  0.4895E-01  0.3032E+01  0.2346E-01  0.2973E+01  0.2973E+01
  0.4956E-01  0.3013E+01  0.2461E-01  0.2950E+01  0.2950E+01
  0.5017E-01  0.2944E+01  0.2345E-01  0.2928E+01  0.2928E+01
  0.5078E-01  0.2912E+01  0.2549E-01  0.2905E+01  0.2905E+01
  0.5139E-01  0.2875E+01  0.2656E-01  0.2882E+01  0.2882E+01
  0.5199E-01  0.2819E+01  0.2706E-01  0.2859E+01  0.2859E+01
  0.5260E-01  0.2836E+01  0.2509E-01  0.2836E+01  0.2836E+01
  0.5321E-01  0.2810E+01  0.2445E-01  0.2813E+01  0.2813E+01
  0.5382E-01  0.2826E+01  0.2558E-01  0.2790E+01  0.2790E+01
  0.5443E-01  0.2786E+01  0.2375E-01  0.2766E+01  0.2766E+01
  0.5504E-01  0.2764E+01  0.2326E-01  0.2743E+01  0.2743E+01
  0.5564E-01  0.2715E+01  0.2368E-01  0.2719E+01  0.2719E+01
  0.5625E-01  0.2685E+01  0.2445E-01  0.2696E+01  0.2696E+01
  0.5686E-01  0.2681E+01  0.2492E-01  0.2672E+01  0.2672E+01
  0.5747E-01  0.2624E+01  0.2333E-01  0.2648E+01  0.2648E+01
  0.5808E-01  0.2644E+01  0.2364E-01  0.2625E+01  0.2625E+01
  0.5868E-01  0.2578E+01  0.2405E-01  0.2601E+01  0.2601E+01
  0.5929E-01  0.2528E+01  0.2270E-01  0.2577E+01  0.2577E+01
  0.5990E-01  0.2498E+01  0.2462E-01  0.2553E+01  0.2553E+01
  0.6051E-01  0.2485E+01  0.2331E-01  0.2529E+01  0.2529E+01
  0.6112E-01  0.2480E+01  0.2424E-01  0.2505E+01  0.2505E+01
  0.6173E-01  0.2471E+01  0.2290E-01  0.2482E+01  0.2482E+01
  0.6233E-01  0.2440E+01  0.2244E-01  0.2458E+01  0.2458E+01
  0.6294E-01  0.2412E+01  0.2330E-01  0.2434E+01  0.2434E+01
  0.6355E-01  0.2460E+01  0.2256E-01  0.2410E+01  0.2410E+01
  0.6416E-01  0.2397E+01  0.2315E-01  0.2386E+01  0.2386E+01
  0.6477E-01  0.2351E+01  0.2370E-01  0.2362E+01  0.2362E+01
  0.6537E-01  0.2354E+01  0.2302E-01  0.2338E+01  0.2338E+01
  0.6598E-01  0.2324E+01  0.2339E-01  0.2314E+01  0.2314E+01
  0.6659E-01  0.2288E+01  0.2868E-01  0.2290E+01  0.2290E+01
  0.6720E-01  0.2265E+01  0.4437E-01  0.2266E+01  0.2266E+01
  0.6781E-01  0.2228E+01  0.2914E-01  0.2242E+01  0.2242E+01
  0.6841E-01  0.2204E+01  0.3045E-01  0.2218E+01  0.2218E+01
  0.6902E-01  0.2178E+01  0.2350E-01  0.2194E+01  0.2194E+01
  0.6963E-01  0.2138E+01  0.2074E-01  0.2170E+01  0.2170E+01
  0.7024E-01  0.2139E+01  0.2062E-01  0.2146E+01  0.2146E+01
  0.7085E-01  0.2136E+01  0.2287E-01  0.2123E+01  0.2123E+01
  0.7146E-01  0.2107E+01  0.2219E-01  0.2099E+01  0.2099E+01
  0.7206E-01  0.2080E+01  0.2172E-01  0.2075E+01  0.2075E+01
  0.7267E-01  0.2085E+01  0.2060E-01  0.2052E+01  0.2052E+01
  0.7328E-01  0.2044E+01  0.2044E-01  0.2028E+01  0.2028E+01
  0.7389E-01  0.1984E+01  0.2027E-01  0.2004E+01  0.2004E+01
  0.7450E-01  0.1964E+01  0.2030E-01  0.1981E+01  0.1981E+01
  0.7510E-01  0.1921E+01  0.1919E-01  0.1958E+01  0.1958E+01
  0.7571E-01  0.1891E+01  0.1975E-01  0.1934E+01  0.1934E+01
  0.7632E-01  0.1885E+01  0.2043E-01  0.1911E+01  0.1911E+01
  0.7693E-01  0.1845E+01  0.1940E-01  0.1888E+01  0.1888E+01
  0.7754E-01  0.1860E+01  0.1959E-01  0.1865E+01  0.1865E+01
  0.7814E-01  0.1833E+01  0.2059E-01  0.1842E+01  0.1842E+01
  0.7875E-01  0.1834E+01  0.1888E-01  0.1819E+01  0.1819E+01
  0.7936E-01  0.1772E+01  0.1925E-01  0.1796E+01  0.1796E+01
  0.7997E-01  0.1732E+01  0.1954E-01  0.1774E+01  0.1774E+01
  0.8058E-01  0.1713E+01  0.1839E-01  0.1751E+01  0.1751E+01
  0.8118E-01  0.1691E+01  0.1941E-01  0.1729E+01  0.1729E+01
  0.8179E-01  0.1695E+01  0.1843E-01  0.1706E+01  0.1706E+01
  0.8240E-01  0.1675E+01  0.1859E-01  0.1684E+01  0.1684E+01
  0.8301E-01  0.1673E+01  0.1869E-01  0.1662E+01  0.1662E+01
  0.8362E-01  0.1669E+01  0.1943E-01  0.1640E+01  0.1640E+01
  0.8423E-01  0.1648E+01  0.2137E-01  0.1618E+01  0.1618E+01
  0.8483E-01  0.1613E+01  0.1830E-01  0.1596E+01  0.1596E+01
  0.8544E-01  0.1576E+01  0.1832E-01  0.1574E+01  0.1574E+01
  0.8605E-01  0.1571E+01  0.1820E-01  0.1553E+01  0.1553E+01
  0.8666E-01  0.1541E+01  0.2044E-01  0.1531E+01  0.1531E+01
  0.8727E-01  0.1515E+01  0.2106E-01  0.1510E+01  0.1510E+01
  0.8787E-01  0.1507E+01  0.1859E-01  0.1489E+01  0.1489E+01
  0.8848E-01  0.1482E+01  0.1771E-01  0.1468E+01  0.1468E+01
  0.8909E-01  0.1498E+01  0.1760E-01  0.1447E+01  0.1447E+01
  0.8970E-01  0.1415E+01  0.1828E-01  0.1426E+01  0.1426E+01
  0.9031E-01  0.1417E+01  0.1768E-01  0.1406E+01  0.1406E+01
  0.9091E-01  0.1373E+01  0.1862E-01  0.1385E+01  0.1385E+01
  0.9152E-01  0.1383E+01  0.1865E-01  0.1365E+01  0.1365E+01
  0.9213E-01  0.1368E+01  0.1789E-01  0.1345E+01  0.1345E+01
  0.9274E-01  0.1345E+01  0.1893E-01  0.1325E+01  0.1325E+01
  0.9335E-01  0.1350E+01  0.1702E-01  0.1305E+01  0.1305E+01
  0.9395E-01  0.1329E+01  0.1679E-01  0.1285E+01  0.1285E+01
  0.9456E-01  0.1272E+01  0.1721E-01  0.1266E+01  0.1266E+01
  0.9517E-01  0.1273E+01  0.1681E-01  0.1246E+01  0.1246E+01
  0.9578E-01  0.1224E+01  0.1689E-01  0.1227E+01  0.1227E+01
  0.9639E-01  0.1192E+01  0.1726E-01  0.1208E+01  0.1208E+01
  0.9700E-01  0.1184E+01  0.1809E-01  0.1189E+01  0.1189E+01
  0.9760E-01  0.1164E+01  0.1010E-01  0.1170E+01  0.1170E+01
  0.9821E-01  0.1148E+01  0.1060E-01  0.1152E+01  0.1152E+01
  0.9882E-01  0.1147E+01  0.1077E-01  0.1133E+01  0.1133E+01
  0.9943E-01  0.1119E+01  0.1093E-01  0.1115E+01  0.1115E+01
  0.1000E+00  0.1105E+01  0.1103E-01  0.1097E+01  0.1097E+01
  0.1006E+00  0.1091E+01  0.1125E-01  0.1079E+01  0.1079E+01
  0.1013E+00  0.1075E+01  0.1085E-01  0.1061E+01  0.1061E+01
  0.1019E+00  0.1063E+01  0.1091E-01  0.1044E+01  0.1044E+01
  0.1025E+00  0.1025E+01  0.9999E-02  0.1026E+01  0.1026E+01
  0.1031E+00  0.1013E+01  0.1007E-01  0.1009E+01  0.1009E+01
  0.1037E+00  0.9995E+00  0.1030E-01  0.9921E+00  0.9921E+00
  0.1043E+00  0.9781E+00  0.1035E-01  0.9752E+00  0.9752E+00
  0.1049E+00  0.9561E+00  0.9782E-02  0.9585E+00  0.9585E+00
  0.1055E+00  0.9595E+00  0.9793E-02  0.9420E+00  0.9420E+00
  0.1061E+00  0.9331E+00  0.9448E-02  0.9257E+00  0.9257E+00
  0.1067E+00  0.9308E+00  0.1001E-01  0.9096E+00  0.9096E+00
  0.1073E+00  0.9025E+00  0.1003E-01  0.8936E+00  0.8936E+00
  0.1079E+00  0.8724E+00  0.9271E-02  0.8778E+00  0.8778E+00
  0.1085E+00  0.8645E+00  0.1021E-01  0.8622E+00  0.8622E+00
  0.1092E+00  0.8385E+00  0.9761E-02  0.8468E+00  0.8468E+00
  0.1098E+00  0.8390E+00  0.9601E-02  0.8315E+00  0.8315E+00
  0.1104E+00  0.8378E+00  0.9226E-02  0.8165E+00  0.8165E+00
  0.1110E+00  0.8306E+00  0.1003E-01  0.8016E+00  0.8016E+00
  0.1116E+00  0.8007E+00  0.9365E-02  0.7869E+00  0.7869E+00
  0.1122E+00  0.7815E+00  0.9828E-02  0.7724E+00  0.7724E+00
  0.1128E+00  0.7658E+00  0.9448E-02  0.7581E+00  0.7581E+00
  0.1134E+00  0.7545E+00  0.9798E-02  0.7439E+00  0.7439E+00
  0.1140E+00  0.7364E+00  0.1001E-01  0.7299E+00  0.7299E+00
  0.1146E+00  0.7295E+00  0.9795E-02  0.7161E+00  0.7161E+00
  0.1152E+00  0.7160E+00  0.9102E-02  0.7025E+00  0.7025E+00
  0.1158E+00  0.6992E+00  0.9680E-02  0.6890E+00  0.6890E+00
  0.1165E+00  0.6846E+00  0.9576E-02  0.6758E+00  0.6758E+00
  0.1171E+00  0.6733E+00  0.9855E-02  0.6627E+00  0.6627E+00
  0.1177E+00  0.6612E+00  0.9516E-02  0.6498E+00  0.6498E+00
  0.1183E+00  0.6396E+00  0.9266E-02  0.6371E+00  0.6371E+00
  0.1189E+00  0.6225E+00  0.9520E-02  0.6245E+00  0.6245E+00
  0.1195E+00  0.6211E+00  0.9109E-02  0.6122E+00  0.6122E+00
  0.1201E+00  0.6067E+00  0.9251E-02  0.6000E+00  0.6000E+00
  0.1207E+00  0.5899E+00  0.8848E-02  0.5880E+00  0.5880E+00
  0.1213E+00  0.5899E+00  0.9549E-02  0.5761E+00  0.5761E+00
  0.1219E+00  0.5774E+00  0.9515E-02  0.5645E+00  0.5645E+00
  0.1225E+00  0.5525E+00  0.6437E-02  0.5530E+00  0.5530E+00
  0.1231E+00  0.5417E+00  0.6588E-02  0.5417E+00  0.5417E+00
  0.1238E+00  0.5304E+00  0.6803E-02  0.5305E+00  0.5305E+00
  0.1244E+00  0.5179E+00  0.6482E-02  0.5195E+00  0.5195E+00
  0.1250E+00  0.5179E+00  0.6493E-02  0.5087E+00  0.5087E+00
  0.1256E+00  0.4981E+00  0.6145E-02  0.4981E+00  0.4981E+00
  0.1262E+00  0.4895E+00  0.6082E-02  0.4876E+00  0.4876E+00
  0.1268E+00  0.4887E+00  0.6731E-02  0.4774E+00  0.4774E+00
  0.1274E+00  0.4789E+00  0.6787E-02  0.4672E+00  0.4672E+00
  0.1280E+00  0.4572E+00  0.7298E-02  0.4572E+00  0.4572E+00
  0.1286E+00  0.4488E+00  0.7736E-02  0.4474E+00  0.4474E+00
  0.1292E+00  0.4423E+00  0.6891E-02  0.4378E+00  0.4378E+00
  0.1298E+00  0.4283E+00  0.6796E-02  0.4283E+00  0.4283E+00
  0.1304E+00  0.4169E+00  0.6721E-02  0.4190E+00  0.4190E+00
  0.1310E+00  0.4140E+00  0.6243E-02  0.4099E+00  0.4099E+00
  0.1317E+00  0.4067E+00  0.6600E-02  0.4009E+00  0.4009E+00
  0.1323E+00  0.3946E+00  0.4543E-02  0.3920E+00  0.3920E+00
  0.1329E+00  0.3879E+00  0.4266E-02  0.3833E+00  0.3833E+00
  0.1335E+00  0.3740E+00  0.3914E-02  0.3748E+00  0.3748E+00
  0.1341E+00  0.3681E+00  0.4177E-02  0.3664E+00  0.3664E+00
  0.1347E+00  0.3573E+00  0.4164E-02  0.3582E+00  0.3582E+00
  0.1353E+00  0.3513E+00  0.4180E-02  0.3501E+00  0.3501E+00
  0.1359E+00  0.3434E+00  0.4267E-02  0.3422E+00  0.3422E+00
  0.1365E+00  0.3345E+00  0.4893E-02  0.3344E+00  0.3344E+00
  0.1371E+00  0.3252E+00  0.8132E-02  0.3268E+00  0.3268E+00
  0.1377E+00  0.3216E+00  0.1258E-01  0.3193E+00  0.3193E+00
  0.1383E+00  0.3150E+00  0.9087E-02  0.3120E+00  0.3120E+00
  0.1390E+00  0.3097E+00  0.1575E-01  0.3048E+00  0.3048E+00
  0.1396E+00  0.3035E+00  0.9484E-02  0.2977E+00  0.2977E+00
  0.1402E+00  0.2986E+00  0.4961E-02  0.2908E+00  0.2908E+00
  0.1408E+00  0.2824E+00  0.4456E-02  0.2840E+00  0.2840E+00
  0.1414E+00  0.2774E+00  0.4419E-02  0.2774E+00  0.2774E+00
  0.1420E+00  0.2680E+00  0.4233E-02  0.2709E+00  0.2709E+00
  0.1426E+00  0.2598E+00  0.4027E-02  0.2645E+00  0.2645E+00
  0.1432E+00  0.2498E+00  0.4212E-02  0.2582E+00  0.2582E+00
  0.1438E+00  0.2511E+00  0.3981E-02  0.2521E+00  0.2521E+00
  0.1444E+00  0.2477E+00  0.3974E-02  0.2461E+00  0.2461E+00
  0.1450E+00  0.2442E+00  0.4281E-02  0.2403E+00  0.2403E+00
  0.1456E+00  0.2373E+00  0.4327E-02  0.2345E+00  0.2345E+00
  0.1463E+00  0.2317E+00  0.4087E-02  0.2289E+00  0.2289E+00
  0.1469E+00  0.2240E+00  0.3820E-02  0.2234E+00  0.2234E+00
  0.1475E+00  0.2192E+00  0.3905E-02  0.2180E+00  0.2180E+00
  0.1481E+00  0.2123E+00  0.4423E-02  0.2128E+00  0.2128E+00
  0.1487E+00  0.2081E+00  0.5532E-02  0.2076E+00  0.2076E+00
  0.1493E+00  0.2008E+00  0.4194E-02  0.2026E+00  0.2026E+00
  0.1499E+00  0.1974E+00  0.4230E-02  0.1977E+00  0.1977E+00
  0.1505E+00  0.1930E+00  0.4026E-02  0.1929E+00  0.1929E+00
  0.1511E+00  0.1859E+00  0.3850E-02  0.1882E+00  0.1882E+00
  0.1517E+00  0.1788E+00  0.3752E-02  0.1836E+00  0.1836E+00
  0.1523E+00  0.1767E+00  0.3720E-02  0.1791E+00  0.1791E+00
  0.1529E+00  0.1754E+00  0.3898E-02  0.1748E+00  0.1748E+00
  0.1535E+00  0.1703E+00  0.3732E-02  0.1705E+00  0.1705E+00
  0.1542E+00  0.1644E+00  0.3799E-02  0.1664E+00  0.1664E+00
  0.1548E+00  0.1642E+00  0.3732E-02  0.1623E+00  0.1623E+00
  0.1554E+00  0.1609E+00  0.3643E-02  0.1583E+00  0.1583E+00
  0.1560E+00  0.1545E+00  0.3649E-02  0.1545E+00  0.1545E+00
  0.1566E+00  0.1478E+00  0.3637E-02  0.1507E+00  0.1507E+00
  0.1572E+00  0.1455E+00  0.3617E-02  0.1470E+00  0.1470E+00
  0.1578E+00  0.1393E+00  0.3673E-02  0.1434E+00  0.1434E+00
  0.1584E+00  0.1392E+00  0.3894E-02  0.1399E+00  0.1399E+00
  0.1590E+00  0.1397E+00  0.4981E-02  0.1365E+00  0.1365E+00
  0.1596E+00  0.1352E+00  0.9233E-02  0.1332E+00  0.1332E+00
  0.1602E+00  0.1300E+00  0.8025E-02  0.1300E+00  0.1300E+00
  0.1608E+00  0.1265E+00  0.4445E-02  0.1269E+00  0.1269E+00
  0.1615E+00  0.1213E+00  0.3686E-02  0.1238E+00  0.1238E+00
  0.1621E+00  0.1178E+00  0.4504E-02  0.1208E+00  0.1208E+00
  0.1627E+00  0.1218E+00  0.7557E-02  0.1179E+00  0.1179E+00
  0.1633E+00  0.1164E+00  0.4449E-02  0.1151E+00  0.1151E+00
  0.1639E+00  0.1134E+00  0.3533E-02  0.1124E+00  0.1124E+00
  0.1645E+00  0.1126E+00  0.3616E-02  0.1097E+00  0.1097E+00
  0.1651E+00  0.1080E+00  0.3437E-02  0.1071E+00  0.1071E+00
  0.1657E+00  0.1052E+00  0.3476E-02  0.1046E+00  0.1046E+00
  0.1663E+00  0.1015E+00  0.3297E-02  0.1022E+00  0.1022E+00
  0.1669E+00  0.1005E+00  0.3343E-02  0.9979E-01  0.9979E-01
  0.1675E+00  0.9565E-01  0.3371E-02  0.9748E-01  0.9748E-01
  0.1681E+00  0.9191E-01  0.3584E-02  0.9524E-01  0.9524E-01
  0.1688E+00  0.8625E-01  0.3517E-02  0.9307E-01  0.9307E-01
  0.1694E+00  0.8099E-01  0.3493E-02  0.9096E-01  0.9096E-01
  0.1700E+00  0.8147E-01  0.3368E-02  0.8892E-01  0.8892E-01
  0.1706E+00  0.8253E-01  0.3405E-02  0.8694E-01  0.8694E-01
  0.1712E+00  0.8195E-01  0.3440E-02  0.8502E-01  0.8502E-01
  0.1718E+00  0.8171E-01  0.3392E-02  0.8315E-01  0.8315E-01
  0.1724E+00  0.8122E-01  0.3494E-02  0.8134E-01  0.8134E-01
  0.1730E+00  0.8080E-01  0.3460E-02  0.7960E-01  0.7960E-01
  0.1736E+00  0.7647E-01  0.3404E-02  0.7790E-01  0.7790E-01
  0.1742E+00  0.7985E-01  0.3405E-02  0.7626E-01  0.7626E-01
  0.1748E+00  0.7310E-01  0.3428E-02  0.7468E-01  0.7468E-01
  0.1754E+00  0.7284E-01  0.3449E-02  0.7314E-01  0.7314E-01
  0.1760E+00  0.7162E-01  0.3539E-02  0.7166E-01  0.7166E-01
  0.1767E+00  0.7179E-01  0.3554E-02  0.7023E-01  0.7023E-01
  0.1773E+00  0.6678E-01  0.3429E-02  0.6884E-01  0.6884E-01
  0.1779E+00  0.6827E-01  0.3508E-02  0.6750E-01  0.6750E-01
  0.1785E+00  0.6711E-01  0.3592E-02  0.6621E-01  0.6621E-01
  0.1791E+00  0.6192E-01  0.3387E-02  0.6496E-01  0.6496E-01
  0.1797E+00  0.6453E-01  0.3448E-02  0.6375E-01  0.6375E-01
  0.1803E+00  0.5493E-01  0.3736E-02  0.6259E-01  0.6259E-01
  0.1809E+00  0.5025E-01  0.3440E-02  0.6147E-01  0.6147E-01
  0.1815E+00  0.5538E-01  0.3230E-02  0.6039E-01  0.6039E-01
  0.1821E+00  0.5430E-01  0.3392E-02  0.5934E-01  0.5934E-01
  0.1827E+00  0.5145E-01  0.3410E-02  0.5834E-01  0.5834E-01
  0.1833E+00  0.5521E-01  0.3428E-02  0.5737E-01  0.5737E-01
  0.1840E+00  0.5325E-01  0.3312E-02  0.5644E-01  0.5644E-01
  0.1846E+00  0.5111E-01  0.3424E-02  0.5555E-01  0.5555E-01
  0.1852E+00  0.4882E-01  0.3205E-02  0.5469E-01  0.5469E-01
  0.1858E+00  0.4530E-01  0.3401E-02  0.5386E-01  0.5386E-01
  0.1864E+00  0.4857E-01  0.3348E-02  0.5307E-01  0.5307E-01
  0.1870E+00  0.4819E-01  0.3389E-02  0.5231E-01  0.5231E-01
  0.1876E+00  0.4216E-01  0.3953E-02  0.5157E-01  0.5157E-01
  0.1882E+00  0.4428E-01  0.3302E-02  0.5087E-01  0.5087E-01
  0.1888E+00  0.4177E-01  0.3230E-02  0.5020E-01  0.5020E-01
  0.1894E+00  0.4230E-01  0.3027E-02  0.4955E-01  0.4955E-01
  0.1900E+00  0.4138E-01  0.3158E-02  0.4894E-01  0.4894E-01
  0.1906E+00  0.4700E-01  0.3239E-02  0.4835E-01  0.4835E-01
  0.1912E+00  0.4389E-01  0.3393E-02  0.4778E-01  0.4778E-01
  0.1919E+00  0.4398E-01  0.3233E-02  0.4724E-01  0.4724E-01
  0.1925E+00  0.4510E-01  0.3127E-02  0.4672E-01  0.4672E-01
  0.1931E+00  0.4607E-01  0.3309E-02  0.4623E-01  0.4623E-01
  0.1937E+00  0.4519E-01  0.3344E-02  0.4576E-01  0.4576E-01
  0.1943E+00  0.4553E-01  0.3184E-02  0.4531E-01  0.4531E-01
  0.1949E+00  0.4379E-01  0.3046E-02  0.4489E-01  0.4489E-01
  0.1955E+00  0.4369E-01  0.3111E-02  0.4448E-01  0.4448E-01
  0.1961E+00  0.4349E-01  0.2917E-02  0.4409E-01  0.4409E-01
  0.1967E+00  0.4050E-01  0.2969E-02  0.4373E-01  0.4373E-01
  0.1973E+00  0.4293E-01  0.3067E-02  0.4338E-01  0.4338E-01
  0.1979E+00  0.4231E-01  0.3263E-02  0.4305E-01  0.4305E-01
  0.1985E+00  0.4528E-01  0.3468E-02  0.4274E-01  0.4274E-01
  0.1992E+00  0.4262E-01  0.3306E-02  0.4244E-01  0.4244E-01
  0.1998E+00  0.4144E-01  0.3315E-02  0.4216E-01  0.4216E-01
  0.2004E+00  0.4181E-01  0.3403E-02  0.4190E-01  0.4190E-01
  0.2010E+00  0.4298E-01  0.3448E-02  0.4165E-01  0.4165E-01
  0.2016E+00  0.4476E-01  0.3845E-02  0.4142E-01  0.4142E-01
  0.2022E+00  0.4496E-01  0.3361E-02  0.4120E-01  0.4120E-01
  0.2028E+00  0.4371E-01  0.3089E-02  0.4099E-01  0.4099E-01
  0.2034E+00  0.4034E-01  0.3238E-02  0.4080E-01  0.4080E-01
  0.2040E+00  0.4071E-01  0.3377E-02  0.4062E-01  0.4062E-01
  0.2046E+00  0.4400E-01  0.3163E-02  0.4045E-01  0.4045E-01
  0.2052E+00  0.4406E-01  0.3093E-02  0.4029E-01  0.4029E-01
  0.2058E+00  0.4400E-01  0.3065E-02  0.4015E-01  0.4015E-01
  0.2065E+00  0.4391E-01  0.3073E-02  0.4001E-01  0.4001E-01
  0.2071E+00  0.4226E-01  0.3198E-02  0.3989E-01  0.3989E-01
  0.2077E+00  0.4433E-01  0.3159E-02  0.3977E-01  0.3977E-01
  0.2083E+00  0.4201E-01  0.3067E-02  0.3967E-01  0.3967E-01
  0.2089E+00  0.4057E-01  0.2960E-02  0.3957E-01  0.3957E-01
  0.2095E+00  0.3645E-01  0.3038E-02  0.3948E-01  0.3948E-01
  0.2101E+00  0.3596E-01  0.3269E-02  0.3941E-01  0.3941E-01
  0.2107E+00  0.4038E-01  0.2974E-02  0.3933E-01  0.3933E-01
  0.2113E+00  0.3705E-01  0.3106E-02  0.3927E-01  0.3927E-01
  0.2119E+00  0.4287E-01  0.3317E-02  0.3922E-01  0.3922E-01
  0.2125E+00  0.4233E-01  0.3338E-02  0.3917E-01  0.3917E-01
  0.2131E+00  0.4431E-01  0.4652E-02  0.3912E-01  0.3912E-01
  0.2137E+00  0.4361E-01  0.3766E-02  0.3909E-01  0.3909E-01
  0.2144E+00  0.4293E-01  0.3424E-02  0.3906E-01  0.3906E-01
  0.2150E+00  0.3813E-01  0.4574E-02  0.3903E-01  0.3903E-01
  0.2156E+00  0.3853E-01  0.3246E-02  0.3902E-01  0.3902E-01
  0.2162E+00  0.3779E-01  0.3034E-02  0.3900E-01  0.3900E-01
  0.2168E+00  0.4133E-01  0.3137E-02  0.3899E-01  0.3899E-01
  0.2174E+00  0.3811E-01  0.3069E-02  0.3899E-01  0.3899E-01
  0.2180E+00  0.3872E-01  0.3046E-02  0.3899E-01  0.3899E-01
  0.2186E+00  0.4180E-01  0.3236E-02  0.3900E-01  0.3900E-01
  0.2192E+00  0.3895E-01  0.3012E-02  0.3900E-01  0.3900E-01
  0.2198E+00  0.3621E-01  0.2986E-02  0.3902E-01  0.3902E-01
  0.2204E+00  0.3767E-01  0.3073E-02  0.3903E-01  0.3903E-01
  0.2210E+00  0.3820E-01  0.2907E-02  0.3905E-01  0.3905E-01
  0.2217E+00  0.3553E-01  0.2946E-02  0.3907E-01  0.3907E-01
  0.2223E+00  0.3578E-01  0.2788E-02  0.3910E-01  0.3910E-01
  0.2229E+00  0.3815E-01  0.2762E-02  0.3913E-01  0.3913E-01
  0.2235E+00  0.3672E-01  0.2958E-02  0.3916E-01  0.3916E-01
  0.2241E+00  0.4049E-01  0.2954E-02  0.3919E-01  0.3919E-01
  0.2247E+00  0.3567E-01  0.2986E-02  0.3922E-01  0.3922E-01
  0.2253E+00  0.3575E-01  0.2861E-02  0.3926E-01  0.3926E-01
  0.2259E+00  0.3715E-01  0.2889E-02  0.3930E-01  0.3930E-01
  0.2265E+00  0.3621E-01  0.2978E-02  0.3934E-01  0.3934E-01
  0.2271E+00  0.3860E-01  0.2826E-02  0.3938E-01  0.3938E-01
  0.2277E+00  0.3763E-01  0.2806E-02  0.3942E-01  0.3942E-01
  0.2283E+00  0.3631E-01  0.2954E-02  0.3946E-01  0.3946E-01
  0.2289E+00  0.3605E-01  0.3033E-02  0.3951E-01  0.3951E-01
  0.2296E+00  0.3862E-01  0.3007E-02  0.3955E-01  0.3955E-01
  0.2302E+00  0.4257E-01  0.2873E-02  0.3960E-01  0.3960E-01
  0.2308E+00  0.4322E-01  0.3013E-02  0.3965E-01  0.3965E-01
  0.2314E+00  0.3754E-01  0.2936E-02  0.3970E-01  0.3970E-01
  0.2320E+00  0.4026E-01  0.2957E-02  0.3974E-01  0.3974E-01
  0.2326E+00  0.3857E-01  0.2927E-02  0.3979E-01  0.3979E-01
  0.2332E+00  0.3957E-01  0.2858E-02  0.3984E-01  0.3984E-01
  0.2338E+00  0.4418E-01  0.2690E-02  0.3989E-01  0.3989E-01
  0.2344E+00  0.4277E-01  0.2856E-02  0.3994E-01  0.3994E-01
  0.2350E+00  0.4226E-01  0.2720E-02  0.3999E-01  0.3999E-01
  0.2356E+00  0.3812E-01  0.2880E-02  0.4003E-01  0.4003E-01
  0.2362E+00  0.3921E-01  0.2842E-02  0.4008E-01  0.4008E-01
  0.2369E+00  0.3964E-01  0.2874E-02  0.4013E-01  0.4013E-01
  0.2375E+00  0.3848E-01  0.2719E-02  0.4018E-01  0.4018E-01
  0.2381E+00  0.3946E-01  0.2829E-02  0.4022E-01  0.4022E-01
  0.2387E+00  0.4132E-01  0.2825E-02  0.4027E-01  0.4027E-01
  0.2393E+00  0.4040E-01  0.2915E-02  0.4032E-01  0.4032E-01
  0.2399E+00  0.3759E-01  0.2722E-02  0.4036E-01  0.4036E-01
  0.2405E+00  0.3820E-01  0.2776E-02  0.4040E-01  0.4040E-01
  0.2411E+00  0.3711E-01  0.2837E-02  0.4045E-01  0.4045E-01
  0.2417E+00  0.3721E-01  0.2814E-02  0.4049E-01  0.4049E-01
  0.2423E+00  0.3885E-01  0.2746E-02  0.4053E-01  0.4053E-01
  0.2429E+00  0.4234E-01  0.2633E-02  0.4057E-01  0.4057E-01
  0.2435E+00  0.4328E-01  0.2733E-02  0.4061E-01  0.4061E-01
  0.2441E+00  0.4326E-01  0.2716E-02  0.4065E-01  0.4065E-01
  0.2448E+00  0.4124E-01  0.2754E-02  0.4068E-01  0.4068E-01
  0.2454E+00  0.4442E-01  0.2856E-02  0.4072E-01  0.4072E-01
  0.2460E+00  0.4372E-01  0.2742E-02  0.4075E-01  0.4075E-01
  0.2466E+00  0.4505E-01  0.2672E-02  0.4078E-01  0.4078E-01
  0.2472E+00  0.4781E-01  0.2863E-02  0.4082E-01  0.4082E-01
  0.2478E+00  0.4411E-01  0.2929E-02  0.4085E-01  0.4085E-01
  0.2484E+00  0.4566E-01  0.3358E-02  0.4087E-01  0.4087E-01
  0.2490E+00  0.4514E-01  0.2882E-02  0.4090E-01  0.4090E-01
  0.2496E+00  0.4610E-01  0.2942E-02  0.4092E-01  0.4092E-01
  0.2502E+00  0.4780E-01  0.2866E-02  0.4095E-01  0.4095E-01
  0.2508E+00  0.4376E-01  0.2794E-02  0.4097E-01  0.4097E-01
  0.2514E+00  0.4785E-01  0.2746E-02  0.4099E-01  0.4099E-01
  0.2521E+00  0.4337E-01  0.2750E-02  0.4101E-01  0.4101E-01
  0.2527E+00  0.4407E-01  0.2799E-02  0.4102E-01  0.4102E-01
  0.2533E+00  0.4418E-01  0.2862E-02  0.4104E-01  0.4104E-01
  0.2539E+00  0.4778E-01  0.2997E-02  0.4105E-01  0.4105E-01
  0.2545E+00  0.4554E-01  0.3313E-02  0.4106E-01  0.4106E-01
  0.2551E+00  0.4314E-01  0.2996E-02  0.4107E-01  0.4107E-01
  0.2557E+00  0.3842E-01  0.3159E-02  0.4108E-01  0.4108E-01
  0.2563E+00  0.3878E-01  0.4300E-02  0.4109E-01  0.4109E-01
  0.2569E+00  0.3874E-01  0.2914E-02  0.4109E-01  0.4109E-01
  0.2575E+00  0.3475E-01  0.2757E-02  0.4109E-01  0.4109E-01
  0.2581E+00  0.4098E-01  0.3047E-02  0.4109E-01  0.4109E-01
  0.2587E+00  0.4084E-01  0.3741E-02  0.4109E-01  0.4109E-01
  0.2593E+00  0.3842E-01  0.2926E-02  0.4108E-01  0.4108E-01
  0.2600E+00  0.4023E-01  0.2598E-02  0.4108E-01  0.4108E-01
  0.2606E+00  0.4006E-01  0.2685E-02  0.4107E-01  0.4107E-01
  0.2612E+00  0.3704E-01  0.2632E-02  0.4106E-01  0.4106E-01
  0.2618E+00  0.4255E-01  0.2702E-02  0.4105E-01  0.4105E-01
  0.2624E+00  0.4169E-01  0.2742E-02  0.4103E-01  0.4103E-01
  0.2630E+00  0.4006E-01  0.2683E-02  0.4102E-01  0.4102E-01
  0.2636E+00  0.4395E-01  0.2669E-02  0.4100E-01  0.4100E-01
  0.2642E+00  0.4246E-01  0.2619E-02  0.4098E-01  0.4098E-01
  0.2648E+00  0.4387E-01  0.2649E-02  0.4095E-01  0.4095E-01
  0.2654E+00  0.4334E-01  0.2704E-02  0.4093E-01  0.4093E-01
  0.2660E+00  0.4336E-01  0.2637E-02  0.4090E-01  0.4090E-01
  0.2666E+00  0.3862E-01  0.2702E-02  0.4087E-01  0.4087E-01
  0.2673E+00  0.4169E-01  0.2645E-02  0.4084E-01  0.4084E-01
  0.2679E+00  0.4198E-01  0.2523E-02  0.4081E-01  0.4081E-01
  0.2685E+00  0.3990E-01  0.2523E-02  0.4077E-01  0.4077E-01
  0.2691E+00  0.3752E-01  0.2477E-02  0.4074E-01  0.4074E-01
  0.2697E+00  0.4161E-01  0.2494E-02  0.4070E-01  0.4070E-01
  0.2703E+00  0.4163E-01  0.2536E-02  0.4065E-01  0.4065E-01
  0.2709E+00  0.4087E-01  0.2564E-02  0.4061E-01  0.4061E-01
  0.2715E+00  0.3953E-01  0.2537E-02  0.4057E-01  0.4057E-01
  0.2721E+00  0.4033E-01  0.2485E-02  0.4052E-01  0.4052E-01
  0.2727E+00  0.4303E-01  0.2621E-02  0.4047E-01  0.4047E-01
  0.2733E+00  0.4065E-01  0.2747E-02  0.4041E-01  0.4041E-01
  0.2739E+00  0.4041E-01  0.2600E-02  0.4036E-01  0.4036E-01
  0.2745E+00  0.3898E-01  0.2587E-02  0.4030E-01  0.4030E-01
  0.2752E+00  0.3914E-01  0.2427E-02  0.4025E-01  0.4025E-01
  0.2758E+00  0.3993E-01  0.2591E-02  0.4019E-01  0.4019E-01
  0.2764E+00  0.4102E-01  0.2581E-02  0.4012E-01  0.4012E-01
  0.2770E+00  0.3912E-01  0.2577E-02  0.4006E-01  0.4006E-01
  0.2776E+00  0.3543E-01  0.2411E-02  0.3999E-01  0.3999E-01
  0.2782E+00  0.3689E-01  0.2520E-02  0.3992E-01  0.3992E-01
  0.2788E+00  0.3988E-01  0.2420E-02  0.3985E-01  0.3985E-01
  0.2794E+00  0.3909E-01  0.2473E-02  0.3978E-01  0.3978E-01
  0.2800E+00  0.3961E-01  0.2595E-02  0.3971E-01  0.3971E-01
  0.2806E+00  0.3949E-01  0.2502E-02  0.3963E-01  0.3963E-01
  0.2812E+00  0.4105E-01  0.2725E-02  0.3955E-01  0.3955E-01
  0.2818E+00  0.4242E-01  0.2574E-02  0.3947E-01  0.3947E-01
  0.2825E+00  0.3901E-01  0.2498E-02  0.3939E-01  0.3939E-01
  0.2831E+00  0.3518E-01  0.2364E-02  0.3931E-01  0.3931E-01
  0.2837E+00  0.3907E-01  0.2468E-02  0.3922E-01  0.3922E-01
  0.2843E+00  0.3855E-01  0.2510E-02  0.3913E-01  0.3913E-01
  0.2849E+00  0.4004E-01  0.2611E-02  0.3904E-01  0.3904E-01
  0.2855E+00  0.4194E-01  0.2710E-02  0.3895E-01  0.3895E-01
  0.2861E+00  0.3723E-01  0.2516E-02  0.3886E-01  0.3886E-01
  0.2867E+00  0.3889E-01  0.2562E-02  0.3877E-01  0.3877E-01
  0.2873E+00  0.3871E-01  0.2418E-02  0.3867E-01  0.3867E-01
  0.2879E+00  0.3913E-01  0.2422E-02  0.3857E-01  0.3857E-01
  0.2885E+00  0.3755E-01  0.2415E-02  0.3847E-01  0.3847E-01
  0.2891E+00  0.3589E-01  0.2415E-02  0.3837E-01  0.3837E-01
  0.2897E+00  0.3513E-01  0.2435E-02  0.3827E-01  0.3827E-01
  0.2904E+00  0.3466E-01  0.2457E-02  0.3816E-01  0.3816E-01
  0.2910E+00  0.3427E-01  0.2463E-02  0.3806E-01  0.3806E-01
  0.2916E+00  0.3094E-01  0.2412E-02  0.3795E-01  0.3795E-01
  0.2922E+00  0.3396E-01  0.2413E-02  0.3784E-01  0.3784E-01
  0.2928E+00  0.3412E-01  0.2388E-02  0.3773E-01  0.3773E-01
  0.2934E+00  0.3665E-01  0.2341E-02  0.3762E-01  0.3762E-01
  0.2940E+00  0.3553E-01  0.2388E-02  0.3751E-01  0.3751E-01
  0.2946E+00  0.3465E-01  0.2220E-02  0.3739E-01  0.3739E-01
  0.2952E+00  0.3443E-01  0.2321E-02  0.3728E-01  0.3728E-01
  0.2958E+00  0.3795E-01  0.2381E-02  0.3716E-01  0.3716E-01
  0.2964E+00  0.3461E-01  0.2365E-02  0.3705E-01  0.3705E-01
  0.2970E+00  0.3790E-01  0.2287E-02  0.3693E-01  0.3693E-01
  0.2976E+00  0.3642E-01  0.2209E-02  0.3681E-01  0.3681E-01
  0.2983E+00  0.3583E-01  0.2228E-02  0.3669E-01  0.3669E-01
  0.2989E+00  0.3580E-01  0.2322E-02  0.3656E-01  0.3656E-01
  0.2995E+00  0.3496E-01  0.2340E-02  0.3644E-01  0.3644E-01
  0.3001E+00  0.3400E-01  0.2421E-02  0.3632E-01  0.3632E-01
  0.3007E+00  0.3561E-01  0.2315E-02  0.3619E-01  0.3619E-01
  0.3013E+00  0.3905E-01  0.2284E-02  0.3607E-01  0.3607E-01
  0.3019E+00  0.3772E-01  0.2333E-02  0.3594E-01  0.3594E-01
  0.3025E+00  0.3794E-01  0.2306E-02  0.3581E-01  0.3581E-01
  0.3031E+00  0.3899E-01  0.2400E-02  0.3568E-01  0.3568E-01
  0.3037E+00  0.4047E-01  0.2438E-02  0.3555E-01  0.3555E-01
  0.3043E+00  0.3793E-01  0.2297E-02  0.3542E-01  0.3542E-01
  0.3049E+00  0.3424E-01  0.2330E-02  0.3529E-01  0.3529E-01
  0.3056E+00  0.3750E-01  0.2250E-02  0.3516E-01  0.3516E-01
  0.3062E+00  0.3435E-01  0.2186E-02  0.3503E-01  0.3503E-01
  0.3068E+00  0.3730E-01  0.2244E-02  0.3490E-01  0.3490E-01
  0.3074E+00  0.3701E-01  0.2224E-02  0.3477E-01  0.3477E-01
  0.3080E+00  0.3893E-01  0.2227E-02  0.3463E-01  0.3463E-01
  0.3086E+00  0.3682E-01  0.2275E-02  0.3450E-01  0.3450E-01
  0.3092E+00  0.3513E-01  0.2220E-02  0.3437E-01  0.3437E-01
  0.3098E+00  0.3624E-01  0.2238E-02  0.3423E-01  0.3423E-01
  0.3104E+00  0.3577E-01  0.2236E-02  0.3410E-01  0.3410E-01
  0.3110E+00  0.3236E-01  0.2244E-02  0.3397E-01  0.3397E-01
  0.3116E+00  0.3078E-01  0.2262E-02  0.3383E-01  0.3383E-01
  0.3122E+00  0.3221E-01  0.2328E-02  0.3370E-01  0.3370E-01
  0.3128E+00  0.3265E-01  0.2436E-02  0.3356E-01  0.3356E-01
  0.3135E+00  0.3428E-01  0.2598E-02  0.3343E-01  0.3343E-01
  0.3141E+00  0.3115E-01  0.2578E-02  0.3329E-01  0.3329E-01
  0.3147E+00  0.3150E-01  0.2542E-02  0.3316E-01  0.3316E-01
  0.3153E+00  0.3344E-01  0.2783E-02  0.3302E-01  0.3302E-01
  0.3159E+00  0.3330E-01  0.2789E-02  0.3289E-01  0.3289E-01
  0.3165E+00  0.3382E-01  0.2865E-02  0.3275E-01  0.3275E-01
  0.3171E+00  0.3715E-01  0.2959E-02  0.3262E-01  0.3262E-01
  0.3177E+00  0.3364E-01  0.2996E-02  0.3249E-01  0.3249E-01
  0.3183E+00  0.3667E-01  0.3092E-02  0.3235E-01  0.3235E-01
  0.3189E+00  0.3614E-01  0.3217E-02  0.3222E-01  0.3222E-01
  0.3195E+00  0.3582E-01  0.3075E-02  0.3209E-01  0.3209E-01
  0.3201E+00  0.3326E-01  0.3407E-02  0.3195E-01  0.3195E-01
  0.3208E+00  0.3240E-01  0.3355E-02  0.3182E-01  0.3182E-01
  0.3214E+00  0.3544E-01  0.3621E-02  0.3169E-01  0.3169E-01
  0.3220E+00  0.3565E-01  0.3824E-02  0.3156E-01  0.3156E-01
  0.3226E+00  0.3507E-01  0.3729E-02  0.3143E-01  0.3143E-01
  0.3232E+00  0.3398E-01  0.4370E-02  0.3130E-01  0.3130E-01
  0.3238E+00  0.3257E-01  0.4381E-02  0.3117E-01  0.3117E-01

           Distance distribution  function of particle  


       R          P(R)      ERROR

  0.0000E+00  0.0000E+00  0.0000E+00
  0.5625E+00  0.1581E-03  0.2159E-05
  0.1125E+01  0.3294E-03  0.3780E-05
  0.1688E+01  0.5138E-03  0.4883E-05
  0.2250E+01  0.7116E-03  0.5497E-05
  0.2812E+01  0.9226E-03  0.5663E-05
  0.3375E+01  0.1147E-02  0.5432E-05
  0.3938E+01  0.1385E-02  0.4870E-05
  0.4500E+01  0.1637E-02  0.4061E-05
  0.5062E+01  0.1902E-02  0.3130E-05
  0.5625E+01  0.2180E-02  0.2327E-05
  0.6188E+01  0.2472E-02  0.2151E-05
  0.6750E+01  0.2777E-02  0.2835E-05
  0.7312E+01  0.3095E-02  0.3939E-05
  0.7875E+01  0.3425E-02  0.5124E-05
  0.8438E+01  0.3767E-02  0.6241E-05
  0.9000E+01  0.4121E-02  0.7208E-05
  0.9562E+01  0.4484E-02  0.7977E-05
  0.1012E+02  0.4857E-02  0.8516E-05
  0.1069E+02  0.5238E-02  0.8810E-05
  0.1125E+02  0.5626E-02  0.8857E-05
  0.1181E+02  0.6019E-02  0.8675E-05
  0.1238E+02  0.6415E-02  0.8294E-05
  0.1294E+02  0.6813E-02  0.7771E-05
  0.1350E+02  0.7211E-02  0.7186E-05
  0.1406E+02  0.7607E-02  0.6654E-05
  0.1462E+02  0.7998E-02  0.6316E-05
  0.1519E+02  0.8382E-02  0.6301E-05
  0.1575E+02  0.8757E-02  0.6667E-05
  0.1631E+02  0.9122E-02  0.7366E-05
  0.1688E+02  0.9472E-02  0.8282E-05
  0.1744E+02  0.9807E-02  0.9294E-05
  0.1800E+02  0.1012E-01  0.1030E-04
  0.1856E+02  0.1042E-01  0.1123E-04
  0.1912E+02  0.1070E-01  0.1202E-04
  0.1969E+02  0.1095E-01  0.1264E-04
  0.2025E+02  0.1117E-01  0.1307E-04
  0.2081E+02  0.1137E-01  0.1330E-04
  0.2138E+02  0.1154E-01  0.1335E-04
  0.2194E+02  0.1168E-01  0.1323E-04
  0.2250E+02  0.1180E-01  0.1300E-04
  0.2306E+02  0.1188E-01  0.1270E-04
  0.2362E+02  0.1192E-01  0.1241E-04
  0.2419E+02  0.1194E-01  0.1218E-04
  0.2475E+02  0.1193E-01  0.1209E-04
  0.2531E+02  0.1189E-01  0.1219E-04
  0.2588E+02  0.1181E-01  0.1248E-04
  0.2644E+02  0.1171E-01  0.1295E-04
  0.2700E+02  0.1158E-01  0.1357E-04
  0.2756E+02  0.1142E-01  0.1426E-04
  0.2812E+02  0.1123E-01  0.1497E-04
  0.2869E+02  0.1103E-01  0.1564E-04
  0.2925E+02  0.1079E-01  0.1623E-04
  0.2981E+02  0.1054E-01  0.1670E-04
  0.3038E+02  0.1027E-01  0.1702E-04
  0.3094E+02  0.9980E-02  0.1720E-04
  0.3150E+02  0.9675E-02  0.1724E-04
  0.3206E+02  0.9357E-02  0.1715E-04
  0.3262E+02  0.9027E-02  0.1696E-04
  0.3319E+02  0.8688E-02  0.1672E-04
  0.3375E+02  0.8341E-02  0.1646E-04
  0.3431E+02  0.7989E-02  0.1622E-04
  0.3488E+02  0.7632E-02  0.1604E-04
  0.3544E+02  0.7274E-02  0.1595E-04
  0.3600E+02  0.6915E-02  0.1596E-04
  0.3656E+02  0.6558E-02  0.1606E-04
  0.3712E+02  0.6204E-02  0.1623E-04
  0.3769E+02  0.5855E-02  0.1645E-04
  0.3825E+02  0.5511E-02  0.1666E-04
  0.3881E+02  0.5175E-02  0.1685E-04
  0.3938E+02  0.4847E-02  0.1697E-04
  0.3994E+02  0.4529E-02  0.1700E-04
  0.4050E+02  0.4222E-02  0.1695E-04
  0.4106E+02  0.3927E-02  0.1680E-04
  0.4162E+02  0.3643E-02  0.1659E-04
  0.4219E+02  0.3373E-02  0.1632E-04
  0.4275E+02  0.3117E-02  0.1606E-04
  0.4331E+02  0.2874E-02  0.1583E-04
  0.4388E+02  0.2646E-02  0.1570E-04
  0.4444E+02  0.2432E-02  0.1572E-04
  0.4500E+02  0.2232E-02  0.1590E-04
  0.4556E+02  0.2046E-02  0.1626E-04
  0.4612E+02  0.1875E-02  0.1679E-04
  0.4669E+02  0.1716E-02  0.1746E-04
  0.4725E+02  0.1571E-02  0.1822E-04
  0.4781E+02  0.1437E-02  0.1902E-04
  0.4838E+02  0.1315E-02  0.1980E-04
  0.4894E+02  0.1202E-02  0.2051E-04
  0.4950E+02  0.1099E-02  0.2110E-04
  0.5006E+02  0.1003E-02  0.2151E-04
  0.5062E+02  0.9133E-03  0.2170E-04
  0.5119E+02  0.8283E-03  0.2162E-04
  0.5175E+02  0.7465E-03  0.2122E-04
  0.5231E+02  0.6661E-03  0.2046E-04
  0.5288E+02  0.5854E-03  0.1928E-04
  0.5344E+02  0.5027E-03  0.1763E-04
  0.5400E+02  0.4164E-03  0.1545E-04
  0.5456E+02  0.3246E-03  0.1266E-04
  0.5512E+02  0.2256E-03  0.9205E-05
  0.5569E+02  0.1180E-03  0.5010E-05
  0.5625E+02  0.0000E+00  0.0000E+00
          Reciprocal space: Rg =   19.36     , I(0) =   0.4020E+01
     Real space: Rg =   19.34 +- 0.016  I(0) =   0.4020E+01 +-  0.4660E-02
