
           ####    G N O M   ---   Version 4.5a revised 09/02/02     ####

                                                  Fri Oct 20 04:25:05 2017
           ===    Run No   1   ===
 Run title:   Merge of: p2_B3_2.mccd p2_B6_2.mccd p2_E7_2.mccd


   *******   Working Directory :
   *******    Input file(s) : 24155_merged.dat
           Condition P(rmin) = 0 is used. 
           Condition P(rmax) = 0 is used. 

          Experimental conditions for the first run
          -----------------------------------------

          Highest ALPHA is found to be   0.4494E+02

  The measure of inconsistency AN1 equals to    0.7863E+00
     Alpha    Discrp  Oscill  Stabil  Sysdev  Positv  Valcen    Total   
  0.4494E+05 38.0436  1.1495  0.9216  0.0000  1.0000  0.8688  0.00001
  0.8988E+04 30.0060  1.1474  0.7225  0.0000  1.0000  0.8701  0.00001
  0.1798E+04 15.4889  1.1409  0.3525  0.0476  1.0000  0.8752  0.00001
  0.3595E+03  7.0681  1.1476  0.1143  0.0556  1.0000  0.8908  0.00001
  0.7191E+02  3.8714  1.2881  0.0848  0.1627  1.0000  0.9185  0.00001
  0.1438E+02  1.6465  1.5601  0.0490  0.4048  1.0000  0.9388  0.52440
  0.2876E+01  0.7546  1.7515  0.0261  0.6270  1.0000  0.9449  0.45594
  0.5753E+00  0.5473  1.8670  0.0260  0.7460  1.0000  0.9458  0.10000
  0.1151E+00  0.4907  1.9945  0.0263  0.7222  1.0000  0.9449  0.10000
  0.2301E-01  0.4762  2.1422  0.0423  0.7222  1.0000  0.9432  0.10000
  0.4602E-02  0.4684  2.5084  0.0754  0.7302  0.9999  0.9388  0.10000
  0.9204E-03  0.4604  3.9288  0.2180  0.7143  0.9979  0.9200  0.10000
  0.1841E-03  0.4448  7.9443  0.3487  0.7143  0.9615  0.7511  0.10000
  0.3682E-04  0.4344 10.4514  0.1826  0.7421  0.9045  0.5373  0.10000
  0.7363E-05  0.4315 12.8527  0.4820  0.7659  0.8502  0.5439  0.10000
  0.1473E-05  0.4281 14.4460  0.5459  0.7659  0.7936  0.3579  0.10000
  0.2945E-06  0.4261 14.7723  0.2268  0.7738  0.7644  0.3511  0.10000
  0.5891E-07  0.4256 17.2402  0.6279  0.7698  0.7392  0.3317  0.10000
  0.1178E-07  0.4248 15.9402  0.7127  0.7659  0.7315  0.2968  0.10000
  0.2356E-08  0.4241 14.8878  0.4046  0.7659  0.7274  0.3277  0.10000
  0.4713E-09  0.4233 18.5921  0.6716  0.7540  0.7643  0.4041  0.10000
  0.9425E-10  0.4204 23.6870  0.8632  0.7579  0.7667  0.4066  0.10000
  0.1885E-10  0.4086 26.8708  0.8103  0.7500  0.7388  0.3743  0.10000
  0.3770E-11  0.3749 29.4425  0.7055  0.7341  0.7220  0.3347  0.10000
  0.7540E-12  0.3125 32.0717  0.5335  0.7341  0.7153  0.3264  0.10000
  0.1508E-12  0.2232 39.5481  0.4124  0.7341  0.7001  0.3267  0.10000
  0.3016E-13  0.1198 49.0519  0.3387  0.7063  0.6798  0.3815  0.10000
  0.6032E-14  0.0411 53.6233  0.1647  0.6944  0.7073  0.4692  0.00000

          ***  Golden section search to maximize estimate ***
     Alpha    Discrp  Oscill  Stabil  Sysdev  Positv  Valcen    Total   
  0.7777E+01  1.1732  1.6459  0.0375  0.5159  1.0000  0.9422  0.53190
  0.5319E+01  0.9705  1.6909  0.0325  0.5159  1.0000  0.9436  0.50978
  0.9836E+01  1.3310  1.6151  0.0412  0.4762  1.0000  0.9411  0.53329
  0.1137E+02  1.4423  1.5948  0.0439  0.4365  1.0000  0.9403  0.53060
  0.8992E+01  1.2676  1.6272  0.0397  0.5079  1.0000  0.9416  0.53394
  0.8507E+01  1.2304  1.6344  0.0388  0.5079  1.0000  0.9418  0.53355
  0.9305E+01  1.2913  1.6226  0.0403  0.5079  1.0000  0.9414  0.53393
  0.8803E+01  1.2532  1.6299  0.0394  0.5079  1.0000  0.9417  0.53385
  0.9110E+01  1.2766  1.6254  0.0399  0.5079  1.0000  0.9415  0.53396
  0.9184E+01  1.2822  1.6243  0.0401  0.5079  1.0000  0.9415  0.53396
  0.9065E+01  1.2731  1.6261  0.0399  0.5079  1.0000  0.9415  0.53395
  0.9138E+01  1.2787  1.6250  0.0400  0.5079  1.0000  0.9415  0.53396
  0.9156E+01  1.2800  1.6247  0.0400  0.5079  1.0000  0.9415  0.53396
  0.9138E+01  1.2787  1.6250  0.0400  0.5079  1.0000  0.9415  0.53396



             ####            Final results            ####

 Parameter    DISCRP    OSCILL    STABIL    SYSDEV    POSITV    VALCEN
 Weight        1.000     3.000     3.000     4.000     1.000     1.000
 Sigma         0.500     0.600     0.120     0.200     0.120     0.120
 Ideal         1.000     1.100     0.000     1.000     1.000     0.950
 Current       1.279     1.625     0.040     0.508     1.000     0.941
                - - - - - - - - - - - - - - - - - - - - - - - - - 
 Estimate      0.733     0.465     0.895     0.002     1.000     0.995

  Angular   range    :     from    0.0131   to    0.3195
  Real space range   :     from      0.00   to     82.45

  Highest ALPHA (theor) :   0.449E+05                 JOB = 0
  Current ALPHA         :   0.914E+01   Rg :  0.255E+02   I(0) :   0.108E+02

           Total  estimate : 0.534  which is  A REASONABLE  solution

      S          J EXP       ERROR       J REG       I REG

  0.0000E+00                                      0.1076E+02
  0.6226E-03                                      0.1076E+02
  0.1245E-02                                      0.1076E+02
  0.1868E-02                                      0.1075E+02
  0.2490E-02                                      0.1075E+02
  0.3113E-02                                      0.1074E+02
  0.3735E-02                                      0.1073E+02
  0.4358E-02                                      0.1072E+02
  0.4981E-02                                      0.1071E+02
  0.5603E-02                                      0.1069E+02
  0.6226E-02                                      0.1067E+02
  0.6848E-02                                      0.1065E+02
  0.7471E-02                                      0.1063E+02
  0.8093E-02                                      0.1061E+02
  0.8716E-02                                      0.1059E+02
  0.9339E-02                                      0.1056E+02
  0.9961E-02                                      0.1053E+02
  0.1058E-01                                      0.1051E+02
  0.1121E-01                                      0.1047E+02
  0.1183E-01                                      0.1044E+02
  0.1245E-01                                      0.1041E+02
  0.1307E-01  0.1049E+02  0.8472E+00  0.1037E+02  0.1037E+02
  0.1368E-01  0.9872E+01  0.7002E+00  0.1034E+02  0.1034E+02
  0.1429E-01  0.9881E+01  0.5300E+00  0.1030E+02  0.1030E+02
  0.1490E-01  0.1033E+02  0.4560E+00  0.1026E+02  0.1026E+02
  0.1551E-01  0.9987E+01  0.4242E+00  0.1022E+02  0.1022E+02
  0.1611E-01  0.1017E+02  0.3598E+00  0.1018E+02  0.1018E+02
  0.1672E-01  0.1028E+02  0.3537E+00  0.1013E+02  0.1013E+02
  0.1733E-01  0.1051E+02  0.3167E+00  0.1009E+02  0.1009E+02
  0.1794E-01  0.1033E+02  0.2592E+00  0.1004E+02  0.1004E+02
  0.1855E-01  0.1001E+02  0.2322E+00  0.9992E+01  0.9992E+01
  0.1915E-01  0.9847E+01  0.2417E+00  0.9942E+01  0.9942E+01
  0.1976E-01  0.9880E+01  0.2336E+00  0.9891E+01  0.9891E+01
  0.2037E-01  0.9698E+01  0.2189E+00  0.9840E+01  0.9840E+01
  0.2098E-01  0.9753E+01  0.2505E+00  0.9786E+01  0.9786E+01
  0.2159E-01  0.9693E+01  0.1855E+00  0.9732E+01  0.9732E+01
  0.2219E-01  0.9504E+01  0.2055E+00  0.9676E+01  0.9676E+01
  0.2280E-01  0.9586E+01  0.3257E+00  0.9619E+01  0.9619E+01
  0.2341E-01  0.9582E+01  0.1512E+00  0.9561E+01  0.9561E+01
  0.2402E-01  0.9485E+01  0.1146E+00  0.9502E+01  0.9502E+01
  0.2463E-01  0.9474E+01  0.1279E+00  0.9441E+01  0.9441E+01
  0.2524E-01  0.9476E+01  0.1230E+00  0.9380E+01  0.9380E+01
  0.2584E-01  0.9190E+01  0.2395E+00  0.9317E+01  0.9317E+01
  0.2645E-01  0.9117E+01  0.1212E+00  0.9254E+01  0.9254E+01
  0.2706E-01  0.9197E+01  0.1204E+00  0.9189E+01  0.9189E+01
  0.2767E-01  0.9070E+01  0.1101E+00  0.9123E+01  0.9123E+01
  0.2828E-01  0.9045E+01  0.1158E+00  0.9057E+01  0.9057E+01
  0.2888E-01  0.9101E+01  0.1014E+00  0.8989E+01  0.8989E+01
  0.2949E-01  0.9091E+01  0.1029E+00  0.8921E+01  0.8921E+01
  0.3010E-01  0.8870E+01  0.1062E+00  0.8852E+01  0.8852E+01
  0.3071E-01  0.8991E+01  0.1003E+00  0.8782E+01  0.8782E+01
  0.3132E-01  0.8852E+01  0.9605E-01  0.8711E+01  0.8711E+01
  0.3192E-01  0.8932E+01  0.8923E-01  0.8639E+01  0.8639E+01
  0.3253E-01  0.8680E+01  0.9652E-01  0.8567E+01  0.8567E+01
  0.3314E-01  0.8611E+01  0.9615E-01  0.8494E+01  0.8494E+01
  0.3375E-01  0.8503E+01  0.9170E-01  0.8420E+01  0.8420E+01
  0.3436E-01  0.8324E+01  0.8924E-01  0.8345E+01  0.8345E+01
  0.3497E-01  0.8190E+01  0.1006E+00  0.8270E+01  0.8270E+01
  0.3557E-01  0.8053E+01  0.8796E-01  0.8195E+01  0.8195E+01
  0.3618E-01  0.8121E+01  0.9400E-01  0.8118E+01  0.8118E+01
  0.3679E-01  0.8117E+01  0.9277E-01  0.8042E+01  0.8042E+01
  0.3740E-01  0.7956E+01  0.8683E-01  0.7964E+01  0.7964E+01
  0.3801E-01  0.8040E+01  0.8714E-01  0.7887E+01  0.7887E+01
  0.3861E-01  0.7895E+01  0.9215E-01  0.7808E+01  0.7808E+01
  0.3922E-01  0.7649E+01  0.9039E-01  0.7730E+01  0.7730E+01
  0.3983E-01  0.7668E+01  0.8120E-01  0.7651E+01  0.7651E+01
  0.4044E-01  0.7567E+01  0.8760E-01  0.7572E+01  0.7572E+01
  0.4105E-01  0.7496E+01  0.7575E-01  0.7492E+01  0.7492E+01
  0.4165E-01  0.7360E+01  0.7752E-01  0.7412E+01  0.7412E+01
  0.4226E-01  0.7288E+01  0.7523E-01  0.7332E+01  0.7332E+01
  0.4287E-01  0.7172E+01  0.6952E-01  0.7251E+01  0.7251E+01
  0.4348E-01  0.7107E+01  0.7160E-01  0.7171E+01  0.7171E+01
  0.4409E-01  0.7030E+01  0.7247E-01  0.7090E+01  0.7090E+01
  0.4469E-01  0.6996E+01  0.7121E-01  0.7009E+01  0.7009E+01
  0.4530E-01  0.6981E+01  0.7080E-01  0.6928E+01  0.6928E+01
  0.4591E-01  0.6870E+01  0.7265E-01  0.6847E+01  0.6847E+01
  0.4652E-01  0.6735E+01  0.6982E-01  0.6766E+01  0.6766E+01
  0.4713E-01  0.6770E+01  0.7378E-01  0.6685E+01  0.6685E+01
  0.4773E-01  0.6617E+01  0.6634E-01  0.6604E+01  0.6604E+01
  0.4834E-01  0.6512E+01  0.6632E-01  0.6522E+01  0.6522E+01
  0.4895E-01  0.6404E+01  0.6607E-01  0.6441E+01  0.6441E+01
  0.4956E-01  0.6449E+01  0.6798E-01  0.6360E+01  0.6360E+01
  0.5017E-01  0.6268E+01  0.6747E-01  0.6279E+01  0.6279E+01
  0.5078E-01  0.6236E+01  0.6900E-01  0.6198E+01  0.6198E+01
  0.5138E-01  0.6095E+01  0.6620E-01  0.6118E+01  0.6118E+01
  0.5199E-01  0.5996E+01  0.6759E-01  0.6037E+01  0.6037E+01
  0.5260E-01  0.5881E+01  0.6536E-01  0.5957E+01  0.5957E+01
  0.5321E-01  0.5823E+01  0.6426E-01  0.5877E+01  0.5877E+01
  0.5382E-01  0.5724E+01  0.5788E-01  0.5798E+01  0.5798E+01
  0.5442E-01  0.5608E+01  0.5711E-01  0.5718E+01  0.5718E+01
  0.5503E-01  0.5558E+01  0.6024E-01  0.5639E+01  0.5639E+01
  0.5564E-01  0.5567E+01  0.6024E-01  0.5560E+01  0.5560E+01
  0.5625E-01  0.5419E+01  0.6202E-01  0.5482E+01  0.5482E+01
  0.5686E-01  0.5431E+01  0.5931E-01  0.5404E+01  0.5404E+01
  0.5746E-01  0.5380E+01  0.5884E-01  0.5326E+01  0.5326E+01
  0.5807E-01  0.5256E+01  0.5781E-01  0.5248E+01  0.5248E+01
  0.5868E-01  0.5295E+01  0.5555E-01  0.5171E+01  0.5171E+01
  0.5929E-01  0.5214E+01  0.5564E-01  0.5095E+01  0.5095E+01
  0.5990E-01  0.5103E+01  0.5927E-01  0.5019E+01  0.5019E+01
  0.6050E-01  0.4982E+01  0.5517E-01  0.4944E+01  0.4944E+01
  0.6111E-01  0.4928E+01  0.5859E-01  0.4869E+01  0.4869E+01
  0.6172E-01  0.4814E+01  0.5577E-01  0.4794E+01  0.4794E+01
  0.6233E-01  0.4713E+01  0.5630E-01  0.4720E+01  0.4720E+01
  0.6294E-01  0.4704E+01  0.5944E-01  0.4647E+01  0.4647E+01
  0.6354E-01  0.4573E+01  0.6170E-01  0.4574E+01  0.4574E+01
  0.6415E-01  0.4560E+01  0.5733E-01  0.4502E+01  0.4502E+01
  0.6476E-01  0.4470E+01  0.5547E-01  0.4430E+01  0.4430E+01
  0.6537E-01  0.4431E+01  0.5455E-01  0.4359E+01  0.4359E+01
  0.6598E-01  0.4354E+01  0.5187E-01  0.4288E+01  0.4288E+01
  0.6659E-01  0.4297E+01  0.5461E-01  0.4218E+01  0.4218E+01
  0.6719E-01  0.4117E+01  0.5382E-01  0.4149E+01  0.4149E+01
  0.6780E-01  0.4084E+01  0.5539E-01  0.4081E+01  0.4081E+01
  0.6841E-01  0.4096E+01  0.5509E-01  0.4013E+01  0.4013E+01
  0.6902E-01  0.3980E+01  0.5433E-01  0.3946E+01  0.3946E+01
  0.6963E-01  0.3907E+01  0.5376E-01  0.3879E+01  0.3879E+01
  0.7023E-01  0.3904E+01  0.5318E-01  0.3814E+01  0.3814E+01
  0.7084E-01  0.3822E+01  0.5117E-01  0.3748E+01  0.3748E+01
  0.7145E-01  0.3779E+01  0.5308E-01  0.3684E+01  0.3684E+01
  0.7206E-01  0.3715E+01  0.5030E-01  0.3620E+01  0.3620E+01
  0.7267E-01  0.3637E+01  0.5260E-01  0.3558E+01  0.3558E+01
  0.7327E-01  0.3550E+01  0.4959E-01  0.3495E+01  0.3495E+01
  0.7388E-01  0.3497E+01  0.5342E-01  0.3434E+01  0.3434E+01
  0.7449E-01  0.3389E+01  0.5306E-01  0.3373E+01  0.3373E+01
  0.7510E-01  0.3361E+01  0.5253E-01  0.3313E+01  0.3313E+01
  0.7571E-01  0.3432E+01  0.6275E-01  0.3254E+01  0.3254E+01
  0.7631E-01  0.3230E+01  0.6297E-01  0.3196E+01  0.3196E+01
  0.7692E-01  0.3276E+01  0.6471E-01  0.3138E+01  0.3138E+01
  0.7753E-01  0.3166E+01  0.6291E-01  0.3081E+01  0.3081E+01
  0.7814E-01  0.3081E+01  0.5905E-01  0.3025E+01  0.3025E+01
  0.7875E-01  0.2982E+01  0.5904E-01  0.2970E+01  0.2970E+01
  0.7935E-01  0.2890E+01  0.6137E-01  0.2915E+01  0.2915E+01
  0.7996E-01  0.2928E+01  0.5893E-01  0.2862E+01  0.2862E+01
  0.8057E-01  0.2811E+01  0.5832E-01  0.2809E+01  0.2809E+01
  0.8118E-01  0.2750E+01  0.5527E-01  0.2756E+01  0.2756E+01
  0.8179E-01  0.2697E+01  0.5626E-01  0.2705E+01  0.2705E+01
  0.8239E-01  0.2651E+01  0.5400E-01  0.2654E+01  0.2654E+01
  0.8300E-01  0.2611E+01  0.5115E-01  0.2604E+01  0.2604E+01
  0.8361E-01  0.2592E+01  0.5379E-01  0.2555E+01  0.2555E+01
  0.8422E-01  0.2534E+01  0.5625E-01  0.2507E+01  0.2507E+01
  0.8483E-01  0.2516E+01  0.5310E-01  0.2459E+01  0.2459E+01
  0.8544E-01  0.2467E+01  0.5421E-01  0.2413E+01  0.2413E+01
  0.8604E-01  0.2451E+01  0.5434E-01  0.2367E+01  0.2367E+01
  0.8665E-01  0.2392E+01  0.5201E-01  0.2322E+01  0.2322E+01
  0.8726E-01  0.2417E+01  0.5629E-01  0.2277E+01  0.2277E+01
  0.8787E-01  0.2336E+01  0.5524E-01  0.2233E+01  0.2233E+01
  0.8847E-01  0.2240E+01  0.5341E-01  0.2191E+01  0.2191E+01
  0.8908E-01  0.2229E+01  0.5505E-01  0.2148E+01  0.2148E+01
  0.8969E-01  0.2255E+01  0.5345E-01  0.2107E+01  0.2107E+01
  0.9030E-01  0.2105E+01  0.5388E-01  0.2066E+01  0.2066E+01
  0.9091E-01  0.2045E+01  0.5366E-01  0.2026E+01  0.2026E+01
  0.9151E-01  0.2052E+01  0.5628E-01  0.1987E+01  0.1987E+01
  0.9212E-01  0.2044E+01  0.5354E-01  0.1949E+01  0.1949E+01
  0.9273E-01  0.1993E+01  0.5378E-01  0.1911E+01  0.1911E+01
  0.9334E-01  0.1936E+01  0.5497E-01  0.1874E+01  0.1874E+01
  0.9395E-01  0.1870E+01  0.5159E-01  0.1838E+01  0.1838E+01
  0.9456E-01  0.1813E+01  0.5386E-01  0.1802E+01  0.1802E+01
  0.9516E-01  0.1776E+01  0.5185E-01  0.1767E+01  0.1767E+01
  0.9577E-01  0.1688E+01  0.5199E-01  0.1733E+01  0.1733E+01
  0.9638E-01  0.1694E+01  0.5372E-01  0.1700E+01  0.1700E+01
  0.9699E-01  0.1690E+01  0.5628E-01  0.1667E+01  0.1667E+01
  0.9760E-01  0.1643E+01  0.5339E-01  0.1635E+01  0.1635E+01
  0.9820E-01  0.1634E+01  0.5069E-01  0.1603E+01  0.1603E+01
  0.9881E-01  0.1570E+01  0.5349E-01  0.1573E+01  0.1573E+01
  0.9942E-01  0.1552E+01  0.5074E-01  0.1543E+01  0.1543E+01
  0.1000E+00  0.1446E+01  0.5159E-01  0.1513E+01  0.1513E+01
  0.1006E+00  0.1460E+01  0.5160E-01  0.1484E+01  0.1484E+01
  0.1012E+00  0.1397E+01  0.5070E-01  0.1456E+01  0.1456E+01
  0.1019E+00  0.1401E+01  0.5046E-01  0.1428E+01  0.1428E+01
  0.1025E+00  0.1321E+01  0.5235E-01  0.1401E+01  0.1401E+01
  0.1031E+00  0.1331E+01  0.4646E-01  0.1375E+01  0.1375E+01
  0.1037E+00  0.1272E+01  0.4926E-01  0.1349E+01  0.1349E+01
  0.1043E+00  0.1266E+01  0.4918E-01  0.1324E+01  0.1324E+01
  0.1049E+00  0.1290E+01  0.4986E-01  0.1300E+01  0.1300E+01
  0.1055E+00  0.1228E+01  0.4965E-01  0.1276E+01  0.1276E+01
  0.1061E+00  0.1234E+01  0.4803E-01  0.1252E+01  0.1252E+01
  0.1067E+00  0.1211E+01  0.4926E-01  0.1229E+01  0.1229E+01
  0.1073E+00  0.1235E+01  0.4786E-01  0.1207E+01  0.1207E+01
  0.1079E+00  0.1179E+01  0.4840E-01  0.1185E+01  0.1185E+01
  0.1085E+00  0.1144E+01  0.4949E-01  0.1164E+01  0.1164E+01
  0.1091E+00  0.1121E+01  0.4713E-01  0.1143E+01  0.1143E+01
  0.1098E+00  0.1155E+01  0.4786E-01  0.1123E+01  0.1123E+01
  0.1104E+00  0.1189E+01  0.4791E-01  0.1103E+01  0.1103E+01
  0.1110E+00  0.1153E+01  0.4638E-01  0.1084E+01  0.1084E+01
  0.1116E+00  0.1079E+01  0.4650E-01  0.1065E+01  0.1065E+01
  0.1122E+00  0.1035E+01  0.4607E-01  0.1047E+01  0.1047E+01
  0.1128E+00  0.9906E+00  0.4761E-01  0.1029E+01  0.1029E+01
  0.1134E+00  0.9748E+00  0.4666E-01  0.1012E+01  0.1012E+01
  0.1140E+00  0.9319E+00  0.4502E-01  0.9951E+00  0.9951E+00
  0.1146E+00  0.8992E+00  0.4406E-01  0.9787E+00  0.9787E+00
  0.1152E+00  0.8494E+00  0.4476E-01  0.9627E+00  0.9627E+00
  0.1158E+00  0.8188E+00  0.4550E-01  0.9472E+00  0.9472E+00
  0.1164E+00  0.7667E+00  0.4795E-01  0.9321E+00  0.9321E+00
  0.1171E+00  0.8663E+00  0.4646E-01  0.9174E+00  0.9174E+00
  0.1177E+00  0.8639E+00  0.4442E-01  0.9031E+00  0.9031E+00
  0.1183E+00  0.8312E+00  0.4519E-01  0.8892E+00  0.8892E+00
  0.1189E+00  0.8355E+00  0.4521E-01  0.8757E+00  0.8757E+00
  0.1195E+00  0.8558E+00  0.4522E-01  0.8626E+00  0.8626E+00
  0.1201E+00  0.8725E+00  0.4284E-01  0.8499E+00  0.8499E+00
  0.1207E+00  0.8950E+00  0.4383E-01  0.8375E+00  0.8375E+00
  0.1213E+00  0.8723E+00  0.4415E-01  0.8255E+00  0.8255E+00
  0.1219E+00  0.7423E+00  0.4395E-01  0.8139E+00  0.8139E+00
  0.1225E+00  0.7359E+00  0.4521E-01  0.8026E+00  0.8026E+00
  0.1231E+00  0.6646E+00  0.4457E-01  0.7916E+00  0.7916E+00
  0.1237E+00  0.7383E+00  0.4502E-01  0.7810E+00  0.7810E+00
  0.1244E+00  0.7021E+00  0.4505E-01  0.7707E+00  0.7707E+00
  0.1250E+00  0.6843E+00  0.4315E-01  0.7607E+00  0.7607E+00
  0.1256E+00  0.5922E+00  0.4423E-01  0.7510E+00  0.7510E+00
  0.1262E+00  0.5663E+00  0.4356E-01  0.7416E+00  0.7416E+00
  0.1268E+00  0.6599E+00  0.4441E-01  0.7326E+00  0.7326E+00
  0.1274E+00  0.6715E+00  0.4564E-01  0.7238E+00  0.7238E+00
  0.1280E+00  0.6529E+00  0.4465E-01  0.7153E+00  0.7153E+00
  0.1286E+00  0.6333E+00  0.4418E-01  0.7070E+00  0.7070E+00
  0.1292E+00  0.5855E+00  0.4272E-01  0.6991E+00  0.6991E+00
  0.1298E+00  0.6378E+00  0.4110E-01  0.6914E+00  0.6914E+00
  0.1304E+00  0.5701E+00  0.4063E-01  0.6839E+00  0.6839E+00
  0.1310E+00  0.5908E+00  0.4110E-01  0.6767E+00  0.6767E+00
  0.1316E+00  0.5704E+00  0.4105E-01  0.6698E+00  0.6698E+00
  0.1323E+00  0.6020E+00  0.4331E-01  0.6631E+00  0.6631E+00
  0.1329E+00  0.6171E+00  0.4409E-01  0.6566E+00  0.6566E+00
  0.1335E+00  0.6229E+00  0.4295E-01  0.6504E+00  0.6504E+00
  0.1341E+00  0.6185E+00  0.4496E-01  0.6444E+00  0.6444E+00
  0.1347E+00  0.5686E+00  0.4562E-01  0.6385E+00  0.6385E+00
  0.1353E+00  0.5654E+00  0.4308E-01  0.6329E+00  0.6329E+00
  0.1359E+00  0.5192E+00  0.4464E-01  0.6276E+00  0.6276E+00
  0.1365E+00  0.5257E+00  0.4534E-01  0.6224E+00  0.6224E+00
  0.1371E+00  0.4837E+00  0.4317E-01  0.6174E+00  0.6174E+00
  0.1377E+00  0.5781E+00  0.4375E-01  0.6125E+00  0.6125E+00
  0.1383E+00  0.5726E+00  0.4519E-01  0.6079E+00  0.6079E+00
  0.1389E+00  0.5392E+00  0.4433E-01  0.6035E+00  0.6035E+00
  0.1396E+00  0.5625E+00  0.4251E-01  0.5992E+00  0.5992E+00
  0.1402E+00  0.5841E+00  0.4238E-01  0.5951E+00  0.5951E+00
  0.1408E+00  0.5754E+00  0.4094E-01  0.5911E+00  0.5911E+00
  0.1414E+00  0.5916E+00  0.4075E-01  0.5874E+00  0.5874E+00
  0.1420E+00  0.5732E+00  0.4275E-01  0.5837E+00  0.5837E+00
  0.1426E+00  0.5707E+00  0.4399E-01  0.5802E+00  0.5802E+00
  0.1432E+00  0.5779E+00  0.4120E-01  0.5769E+00  0.5769E+00
  0.1438E+00  0.5165E+00  0.4218E-01  0.5737E+00  0.5737E+00
  0.1444E+00  0.5096E+00  0.4164E-01  0.5707E+00  0.5707E+00
  0.1450E+00  0.4650E+00  0.4010E-01  0.5678E+00  0.5678E+00
  0.1456E+00  0.5159E+00  0.4140E-01  0.5650E+00  0.5650E+00
  0.1462E+00  0.5576E+00  0.4030E-01  0.5623E+00  0.5623E+00
  0.1468E+00  0.5496E+00  0.4213E-01  0.5598E+00  0.5598E+00
  0.1475E+00  0.4760E+00  0.4238E-01  0.5573E+00  0.5573E+00
  0.1481E+00  0.5129E+00  0.4112E-01  0.5550E+00  0.5550E+00
  0.1487E+00  0.5463E+00  0.4742E-01  0.5528E+00  0.5528E+00
  0.1493E+00  0.5841E+00  0.5105E-01  0.5507E+00  0.5507E+00
  0.1499E+00  0.5755E+00  0.4276E-01  0.5487E+00  0.5487E+00
  0.1505E+00  0.5545E+00  0.3905E-01  0.5469E+00  0.5469E+00
  0.1511E+00  0.4600E+00  0.3954E-01  0.5451E+00  0.5451E+00
  0.1517E+00  0.4988E+00  0.3687E-01  0.5434E+00  0.5434E+00
  0.1523E+00  0.5370E+00  0.3702E-01  0.5417E+00  0.5417E+00
  0.1529E+00  0.5274E+00  0.4004E-01  0.5402E+00  0.5402E+00
  0.1535E+00  0.4918E+00  0.3832E-01  0.5388E+00  0.5388E+00
  0.1541E+00  0.5100E+00  0.3962E-01  0.5374E+00  0.5374E+00
  0.1548E+00  0.5069E+00  0.4238E-01  0.5361E+00  0.5361E+00
  0.1554E+00  0.5084E+00  0.4099E-01  0.5349E+00  0.5349E+00
  0.1560E+00  0.4682E+00  0.4009E-01  0.5338E+00  0.5338E+00
  0.1566E+00  0.4959E+00  0.4109E-01  0.5327E+00  0.5327E+00
  0.1572E+00  0.4789E+00  0.3873E-01  0.5317E+00  0.5317E+00
  0.1578E+00  0.4824E+00  0.3741E-01  0.5307E+00  0.5307E+00
  0.1584E+00  0.4659E+00  0.3688E-01  0.5299E+00  0.5299E+00
  0.1590E+00  0.5108E+00  0.3537E-01  0.5290E+00  0.5290E+00
  0.1596E+00  0.4711E+00  0.3823E-01  0.5283E+00  0.5283E+00
  0.1602E+00  0.5138E+00  0.3707E-01  0.5275E+00  0.5275E+00
  0.1608E+00  0.4821E+00  0.3719E-01  0.5269E+00  0.5269E+00
  0.1614E+00  0.4877E+00  0.3720E-01  0.5262E+00  0.5262E+00
  0.1620E+00  0.5007E+00  0.3894E-01  0.5257E+00  0.5257E+00
  0.1627E+00  0.5145E+00  0.3731E-01  0.5251E+00  0.5251E+00
  0.1633E+00  0.4480E+00  0.3772E-01  0.5246E+00  0.5246E+00
  0.1639E+00  0.4581E+00  0.3770E-01  0.5242E+00  0.5242E+00
  0.1645E+00  0.4512E+00  0.3587E-01  0.5238E+00  0.5238E+00
  0.1651E+00  0.5139E+00  0.3521E-01  0.5234E+00  0.5234E+00
  0.1657E+00  0.4891E+00  0.3594E-01  0.5230E+00  0.5230E+00
  0.1663E+00  0.5177E+00  0.3670E-01  0.5227E+00  0.5227E+00
  0.1669E+00  0.5076E+00  0.3717E-01  0.5224E+00  0.5224E+00
  0.1675E+00  0.5235E+00  0.3694E-01  0.5221E+00  0.5221E+00
  0.1681E+00  0.5108E+00  0.3651E-01  0.5219E+00  0.5219E+00
  0.1687E+00  0.4967E+00  0.3700E-01  0.5217E+00  0.5217E+00
  0.1693E+00  0.5896E+00  0.3574E-01  0.5215E+00  0.5215E+00
  0.1700E+00  0.6058E+00  0.3675E-01  0.5213E+00  0.5213E+00
  0.1706E+00  0.5801E+00  0.3686E-01  0.5211E+00  0.5211E+00
  0.1712E+00  0.5558E+00  0.3746E-01  0.5210E+00  0.5210E+00
  0.1718E+00  0.4855E+00  0.3728E-01  0.5209E+00  0.5209E+00
  0.1724E+00  0.5234E+00  0.3708E-01  0.5208E+00  0.5208E+00
  0.1730E+00  0.5264E+00  0.3625E-01  0.5207E+00  0.5207E+00
  0.1736E+00  0.4640E+00  0.3629E-01  0.5206E+00  0.5206E+00
  0.1742E+00  0.5432E+00  0.3577E-01  0.5205E+00  0.5205E+00
  0.1748E+00  0.5014E+00  0.3592E-01  0.5204E+00  0.5204E+00
  0.1754E+00  0.5012E+00  0.3591E-01  0.5203E+00  0.5203E+00
  0.1760E+00  0.4806E+00  0.3694E-01  0.5203E+00  0.5203E+00
  0.1766E+00  0.5057E+00  0.3621E-01  0.5202E+00  0.5202E+00
  0.1773E+00  0.5568E+00  0.3410E-01  0.5202E+00  0.5202E+00
  0.1779E+00  0.5338E+00  0.3511E-01  0.5201E+00  0.5201E+00
  0.1785E+00  0.5286E+00  0.3562E-01  0.5201E+00  0.5201E+00
  0.1791E+00  0.5007E+00  0.3686E-01  0.5200E+00  0.5200E+00
  0.1797E+00  0.4692E+00  0.3661E-01  0.5200E+00  0.5200E+00
  0.1803E+00  0.4974E+00  0.3692E-01  0.5199E+00  0.5199E+00
  0.1809E+00  0.5550E+00  0.3687E-01  0.5199E+00  0.5199E+00
  0.1815E+00  0.5354E+00  0.3630E-01  0.5198E+00  0.5198E+00
  0.1821E+00  0.5164E+00  0.3726E-01  0.5198E+00  0.5198E+00
  0.1827E+00  0.5438E+00  0.3616E-01  0.5197E+00  0.5197E+00
  0.1833E+00  0.5463E+00  0.3620E-01  0.5197E+00  0.5197E+00
  0.1839E+00  0.5070E+00  0.3695E-01  0.5196E+00  0.5196E+00
  0.1845E+00  0.5429E+00  0.3584E-01  0.5195E+00  0.5195E+00
  0.1852E+00  0.5331E+00  0.3615E-01  0.5194E+00  0.5194E+00
  0.1858E+00  0.5416E+00  0.3594E-01  0.5193E+00  0.5193E+00
  0.1864E+00  0.5118E+00  0.3542E-01  0.5192E+00  0.5192E+00
  0.1870E+00  0.5299E+00  0.3608E-01  0.5191E+00  0.5191E+00
  0.1876E+00  0.5117E+00  0.3524E-01  0.5190E+00  0.5190E+00
  0.1882E+00  0.5080E+00  0.3451E-01  0.5189E+00  0.5189E+00
  0.1888E+00  0.5211E+00  0.3449E-01  0.5188E+00  0.5188E+00
  0.1894E+00  0.5123E+00  0.3472E-01  0.5186E+00  0.5186E+00
  0.1900E+00  0.5305E+00  0.3536E-01  0.5185E+00  0.5185E+00
  0.1906E+00  0.5112E+00  0.3401E-01  0.5183E+00  0.5183E+00
  0.1912E+00  0.4341E+00  0.3478E-01  0.5182E+00  0.5182E+00
  0.1918E+00  0.4250E+00  0.3470E-01  0.5180E+00  0.5180E+00
  0.1925E+00  0.4425E+00  0.3428E-01  0.5178E+00  0.5178E+00
  0.1931E+00  0.4386E+00  0.3479E-01  0.5176E+00  0.5176E+00
  0.1937E+00  0.5121E+00  0.3429E-01  0.5174E+00  0.5174E+00
  0.1943E+00  0.4799E+00  0.3399E-01  0.5172E+00  0.5172E+00
  0.1949E+00  0.5076E+00  0.3368E-01  0.5170E+00  0.5170E+00
  0.1955E+00  0.5279E+00  0.3315E-01  0.5167E+00  0.5167E+00
  0.1961E+00  0.5189E+00  0.3306E-01  0.5165E+00  0.5165E+00
  0.1967E+00  0.4975E+00  0.3568E-01  0.5162E+00  0.5162E+00
  0.1973E+00  0.5210E+00  0.3428E-01  0.5160E+00  0.5160E+00
  0.1979E+00  0.4916E+00  0.3676E-01  0.5157E+00  0.5157E+00
  0.1985E+00  0.4991E+00  0.3382E-01  0.5154E+00  0.5154E+00
  0.1991E+00  0.5351E+00  0.3273E-01  0.5151E+00  0.5151E+00
  0.1997E+00  0.5329E+00  0.3392E-01  0.5148E+00  0.5148E+00
  0.2004E+00  0.5185E+00  0.3339E-01  0.5145E+00  0.5145E+00
  0.2010E+00  0.5304E+00  0.3193E-01  0.5142E+00  0.5142E+00
  0.2016E+00  0.5265E+00  0.3212E-01  0.5139E+00  0.5139E+00
  0.2022E+00  0.5321E+00  0.3200E-01  0.5136E+00  0.5136E+00
  0.2028E+00  0.4991E+00  0.3235E-01  0.5132E+00  0.5132E+00
  0.2034E+00  0.4866E+00  0.3270E-01  0.5129E+00  0.5129E+00
  0.2040E+00  0.4831E+00  0.3308E-01  0.5125E+00  0.5125E+00
  0.2046E+00  0.5228E+00  0.3123E-01  0.5122E+00  0.5122E+00
  0.2052E+00  0.5049E+00  0.3405E-01  0.5118E+00  0.5118E+00
  0.2058E+00  0.5375E+00  0.3284E-01  0.5115E+00  0.5115E+00
  0.2064E+00  0.5518E+00  0.3295E-01  0.5111E+00  0.5111E+00
  0.2070E+00  0.4889E+00  0.3398E-01  0.5107E+00  0.5107E+00
  0.2077E+00  0.4996E+00  0.3210E-01  0.5103E+00  0.5103E+00
  0.2083E+00  0.4779E+00  0.3316E-01  0.5100E+00  0.5100E+00
  0.2089E+00  0.5001E+00  0.3393E-01  0.5096E+00  0.5096E+00
  0.2095E+00  0.4948E+00  0.3482E-01  0.5092E+00  0.5092E+00
  0.2101E+00  0.5150E+00  0.3272E-01  0.5088E+00  0.5088E+00
  0.2107E+00  0.5113E+00  0.3276E-01  0.5084E+00  0.5084E+00
  0.2113E+00  0.5245E+00  0.3257E-01  0.5080E+00  0.5080E+00
  0.2119E+00  0.5053E+00  0.3229E-01  0.5076E+00  0.5076E+00
  0.2125E+00  0.5252E+00  0.3244E-01  0.5072E+00  0.5072E+00
  0.2131E+00  0.4896E+00  0.3350E-01  0.5068E+00  0.5068E+00
  0.2137E+00  0.4988E+00  0.3171E-01  0.5064E+00  0.5064E+00
  0.2143E+00  0.4198E+00  0.3176E-01  0.5060E+00  0.5060E+00
  0.2149E+00  0.4797E+00  0.3211E-01  0.5057E+00  0.5057E+00
  0.2156E+00  0.4628E+00  0.3213E-01  0.5053E+00  0.5053E+00
  0.2162E+00  0.4837E+00  0.3178E-01  0.5049E+00  0.5049E+00
  0.2168E+00  0.5245E+00  0.3499E-01  0.5045E+00  0.5045E+00
  0.2174E+00  0.4993E+00  0.3235E-01  0.5041E+00  0.5041E+00
  0.2180E+00  0.5167E+00  0.3231E-01  0.5037E+00  0.5037E+00
  0.2186E+00  0.4852E+00  0.3299E-01  0.5034E+00  0.5034E+00
  0.2192E+00  0.4525E+00  0.3287E-01  0.5030E+00  0.5030E+00
  0.2198E+00  0.5054E+00  0.3197E-01  0.5026E+00  0.5026E+00
  0.2204E+00  0.4755E+00  0.3089E-01  0.5023E+00  0.5023E+00
  0.2210E+00  0.4626E+00  0.3080E-01  0.5019E+00  0.5019E+00
  0.2216E+00  0.4222E+00  0.3241E-01  0.5016E+00  0.5016E+00
  0.2222E+00  0.4529E+00  0.3135E-01  0.5012E+00  0.5012E+00
  0.2228E+00  0.4555E+00  0.3112E-01  0.5009E+00  0.5009E+00
  0.2235E+00  0.4847E+00  0.3067E-01  0.5006E+00  0.5006E+00
  0.2241E+00  0.4722E+00  0.3041E-01  0.5003E+00  0.5003E+00
  0.2247E+00  0.5171E+00  0.3110E-01  0.4999E+00  0.4999E+00
  0.2253E+00  0.4867E+00  0.3195E-01  0.4996E+00  0.4996E+00
  0.2259E+00  0.4918E+00  0.3202E-01  0.4993E+00  0.4993E+00
  0.2265E+00  0.4983E+00  0.3107E-01  0.4991E+00  0.4991E+00
  0.2271E+00  0.4758E+00  0.3027E-01  0.4988E+00  0.4988E+00
  0.2277E+00  0.4930E+00  0.2986E-01  0.4985E+00  0.4985E+00
  0.2283E+00  0.4852E+00  0.3020E-01  0.4982E+00  0.4982E+00
  0.2289E+00  0.5306E+00  0.3308E-01  0.4980E+00  0.4980E+00
  0.2295E+00  0.4573E+00  0.3118E-01  0.4977E+00  0.4977E+00
  0.2301E+00  0.4787E+00  0.3026E-01  0.4975E+00  0.4975E+00
  0.2308E+00  0.4593E+00  0.3038E-01  0.4973E+00  0.4973E+00
  0.2314E+00  0.4812E+00  0.2982E-01  0.4970E+00  0.4970E+00
  0.2320E+00  0.4897E+00  0.2954E-01  0.4968E+00  0.4968E+00
  0.2326E+00  0.4908E+00  0.3163E-01  0.4966E+00  0.4966E+00
  0.2332E+00  0.4749E+00  0.3119E-01  0.4964E+00  0.4964E+00
  0.2338E+00  0.5102E+00  0.3017E-01  0.4962E+00  0.4962E+00
  0.2344E+00  0.4930E+00  0.3102E-01  0.4961E+00  0.4961E+00
  0.2350E+00  0.4833E+00  0.2977E-01  0.4959E+00  0.4959E+00
  0.2356E+00  0.5066E+00  0.2914E-01  0.4957E+00  0.4957E+00
  0.2362E+00  0.4889E+00  0.2896E-01  0.4956E+00  0.4956E+00
  0.2368E+00  0.4831E+00  0.2888E-01  0.4954E+00  0.4954E+00
  0.2374E+00  0.4612E+00  0.2907E-01  0.4953E+00  0.4953E+00
  0.2380E+00  0.4556E+00  0.3017E-01  0.4952E+00  0.4952E+00
  0.2387E+00  0.4632E+00  0.2968E-01  0.4950E+00  0.4950E+00
  0.2393E+00  0.4780E+00  0.2957E-01  0.4949E+00  0.4949E+00
  0.2399E+00  0.4422E+00  0.3008E-01  0.4948E+00  0.4948E+00
  0.2405E+00  0.4320E+00  0.2990E-01  0.4947E+00  0.4947E+00
  0.2411E+00  0.4380E+00  0.2995E-01  0.4946E+00  0.4946E+00
  0.2417E+00  0.4694E+00  0.2998E-01  0.4945E+00  0.4945E+00
  0.2423E+00  0.4952E+00  0.2988E-01  0.4944E+00  0.4944E+00
  0.2429E+00  0.4832E+00  0.3045E-01  0.4944E+00  0.4944E+00
  0.2435E+00  0.4873E+00  0.3061E-01  0.4943E+00  0.4943E+00
  0.2441E+00  0.4881E+00  0.2942E-01  0.4942E+00  0.4942E+00
  0.2447E+00  0.4851E+00  0.3079E-01  0.4942E+00  0.4942E+00
  0.2453E+00  0.4715E+00  0.2925E-01  0.4941E+00  0.4941E+00
  0.2460E+00  0.4560E+00  0.2880E-01  0.4940E+00  0.4940E+00
  0.2466E+00  0.5314E+00  0.2814E-01  0.4940E+00  0.4940E+00
  0.2472E+00  0.5239E+00  0.2967E-01  0.4939E+00  0.4939E+00
  0.2478E+00  0.5339E+00  0.2917E-01  0.4939E+00  0.4939E+00
  0.2484E+00  0.5932E+00  0.3090E-01  0.4938E+00  0.4938E+00
  0.2490E+00  0.5287E+00  0.3008E-01  0.4938E+00  0.4938E+00
  0.2496E+00  0.5266E+00  0.2888E-01  0.4937E+00  0.4937E+00
  0.2502E+00  0.5123E+00  0.2873E-01  0.4937E+00  0.4937E+00
  0.2508E+00  0.5110E+00  0.2925E-01  0.4937E+00  0.4937E+00
  0.2514E+00  0.4931E+00  0.2954E-01  0.4936E+00  0.4936E+00
  0.2520E+00  0.5047E+00  0.2897E-01  0.4936E+00  0.4936E+00
  0.2526E+00  0.4839E+00  0.3000E-01  0.4935E+00  0.4935E+00
  0.2532E+00  0.5001E+00  0.2896E-01  0.4935E+00  0.4935E+00
  0.2539E+00  0.4927E+00  0.2891E-01  0.4934E+00  0.4934E+00
  0.2545E+00  0.4753E+00  0.2822E-01  0.4934E+00  0.4934E+00
  0.2551E+00  0.4919E+00  0.2773E-01  0.4933E+00  0.4933E+00
  0.2557E+00  0.4915E+00  0.2900E-01  0.4932E+00  0.4932E+00
  0.2563E+00  0.5000E+00  0.2924E-01  0.4932E+00  0.4932E+00
  0.2569E+00  0.4690E+00  0.2889E-01  0.4931E+00  0.4931E+00
  0.2575E+00  0.4680E+00  0.2885E-01  0.4930E+00  0.4930E+00
  0.2581E+00  0.4959E+00  0.2870E-01  0.4929E+00  0.4929E+00
  0.2587E+00  0.5046E+00  0.2941E-01  0.4928E+00  0.4928E+00
  0.2593E+00  0.4865E+00  0.2934E-01  0.4927E+00  0.4927E+00
  0.2599E+00  0.4900E+00  0.2925E-01  0.4926E+00  0.4926E+00
  0.2605E+00  0.4994E+00  0.2842E-01  0.4925E+00  0.4925E+00
  0.2612E+00  0.5194E+00  0.2738E-01  0.4923E+00  0.4923E+00
  0.2618E+00  0.4889E+00  0.3002E-01  0.4922E+00  0.4922E+00
  0.2624E+00  0.5082E+00  0.3140E-01  0.4921E+00  0.4921E+00
  0.2630E+00  0.5119E+00  0.2814E-01  0.4919E+00  0.4919E+00
  0.2636E+00  0.5371E+00  0.2975E-01  0.4917E+00  0.4917E+00
  0.2642E+00  0.5459E+00  0.2897E-01  0.4915E+00  0.4915E+00
  0.2648E+00  0.5320E+00  0.2865E-01  0.4913E+00  0.4913E+00
  0.2654E+00  0.5153E+00  0.2985E-01  0.4911E+00  0.4911E+00
  0.2660E+00  0.5145E+00  0.3279E-01  0.4909E+00  0.4909E+00
  0.2666E+00  0.5319E+00  0.2947E-01  0.4907E+00  0.4907E+00
  0.2672E+00  0.5390E+00  0.2913E-01  0.4904E+00  0.4904E+00
  0.2678E+00  0.5054E+00  0.2730E-01  0.4902E+00  0.4902E+00
  0.2684E+00  0.5089E+00  0.2704E-01  0.4899E+00  0.4899E+00
  0.2691E+00  0.5504E+00  0.2816E-01  0.4896E+00  0.4896E+00
  0.2697E+00  0.5190E+00  0.2773E-01  0.4893E+00  0.4893E+00
  0.2703E+00  0.5030E+00  0.2865E-01  0.4890E+00  0.4890E+00
  0.2709E+00  0.5536E+00  0.2818E-01  0.4886E+00  0.4886E+00
  0.2715E+00  0.5339E+00  0.2833E-01  0.4883E+00  0.4883E+00
  0.2721E+00  0.5080E+00  0.2792E-01  0.4879E+00  0.4879E+00
  0.2727E+00  0.5018E+00  0.2774E-01  0.4875E+00  0.4875E+00
  0.2733E+00  0.5031E+00  0.2698E-01  0.4871E+00  0.4871E+00
  0.2739E+00  0.5658E+00  0.2661E-01  0.4867E+00  0.4867E+00
  0.2745E+00  0.5892E+00  0.2682E-01  0.4862E+00  0.4862E+00
  0.2751E+00  0.5395E+00  0.2774E-01  0.4858E+00  0.4858E+00
  0.2757E+00  0.5491E+00  0.2704E-01  0.4853E+00  0.4853E+00
  0.2763E+00  0.4801E+00  0.2756E-01  0.4848E+00  0.4848E+00
  0.2770E+00  0.5128E+00  0.2636E-01  0.4843E+00  0.4843E+00
  0.2776E+00  0.5311E+00  0.2727E-01  0.4837E+00  0.4837E+00
  0.2782E+00  0.5088E+00  0.3175E-01  0.4832E+00  0.4832E+00
  0.2788E+00  0.5491E+00  0.4755E-01  0.4826E+00  0.4826E+00
  0.2794E+00  0.5287E+00  0.3195E-01  0.4820E+00  0.4820E+00
  0.2800E+00  0.5459E+00  0.3009E-01  0.4814E+00  0.4814E+00
  0.2806E+00  0.5280E+00  0.2745E-01  0.4808E+00  0.4808E+00
  0.2812E+00  0.4981E+00  0.2725E-01  0.4801E+00  0.4801E+00
  0.2818E+00  0.5016E+00  0.2711E-01  0.4794E+00  0.4794E+00
  0.2824E+00  0.4991E+00  0.2615E-01  0.4787E+00  0.4787E+00
  0.2830E+00  0.5043E+00  0.2607E-01  0.4780E+00  0.4780E+00
  0.2836E+00  0.5078E+00  0.2676E-01  0.4773E+00  0.4773E+00
  0.2843E+00  0.5315E+00  0.2642E-01  0.4766E+00  0.4766E+00
  0.2849E+00  0.5247E+00  0.2607E-01  0.4758E+00  0.4758E+00
  0.2855E+00  0.5308E+00  0.2669E-01  0.4750E+00  0.4750E+00
  0.2861E+00  0.5047E+00  0.2497E-01  0.4742E+00  0.4742E+00
  0.2867E+00  0.5195E+00  0.2618E-01  0.4734E+00  0.4734E+00
  0.2873E+00  0.5206E+00  0.2596E-01  0.4725E+00  0.4725E+00
  0.2879E+00  0.4984E+00  0.2459E-01  0.4717E+00  0.4717E+00
  0.2885E+00  0.5033E+00  0.2603E-01  0.4708E+00  0.4708E+00
  0.2891E+00  0.4642E+00  0.2637E-01  0.4699E+00  0.4699E+00
  0.2897E+00  0.4792E+00  0.2697E-01  0.4690E+00  0.4690E+00
  0.2903E+00  0.4994E+00  0.2649E-01  0.4680E+00  0.4680E+00
  0.2909E+00  0.4974E+00  0.2614E-01  0.4671E+00  0.4671E+00
  0.2915E+00  0.5336E+00  0.2754E-01  0.4661E+00  0.4661E+00
  0.2922E+00  0.5178E+00  0.2593E-01  0.4651E+00  0.4651E+00
  0.2928E+00  0.5494E+00  0.2570E-01  0.4641E+00  0.4641E+00
  0.2934E+00  0.4899E+00  0.2430E-01  0.4631E+00  0.4631E+00
  0.2940E+00  0.4922E+00  0.2431E-01  0.4621E+00  0.4621E+00
  0.2946E+00  0.5074E+00  0.2515E-01  0.4610E+00  0.4610E+00
  0.2952E+00  0.5341E+00  0.2449E-01  0.4599E+00  0.4599E+00
  0.2958E+00  0.5010E+00  0.2460E-01  0.4588E+00  0.4588E+00
  0.2964E+00  0.5135E+00  0.2544E-01  0.4577E+00  0.4577E+00
  0.2970E+00  0.5194E+00  0.2476E-01  0.4566E+00  0.4566E+00
  0.2976E+00  0.4918E+00  0.2515E-01  0.4555E+00  0.4555E+00
  0.2982E+00  0.4926E+00  0.2514E-01  0.4543E+00  0.4543E+00
  0.2988E+00  0.4737E+00  0.2433E-01  0.4532E+00  0.4532E+00
  0.2995E+00  0.5000E+00  0.2494E-01  0.4520E+00  0.4520E+00
  0.3001E+00  0.5038E+00  0.2476E-01  0.4508E+00  0.4508E+00
  0.3007E+00  0.5211E+00  0.2383E-01  0.4496E+00  0.4496E+00
  0.3013E+00  0.5379E+00  0.2435E-01  0.4484E+00  0.4484E+00
  0.3019E+00  0.5108E+00  0.2407E-01  0.4472E+00  0.4472E+00
  0.3025E+00  0.5268E+00  0.2398E-01  0.4459E+00  0.4459E+00
  0.3031E+00  0.5067E+00  0.2474E-01  0.4447E+00  0.4447E+00
  0.3037E+00  0.5034E+00  0.2467E-01  0.4434E+00  0.4434E+00
  0.3043E+00  0.5226E+00  0.2442E-01  0.4422E+00  0.4422E+00
  0.3049E+00  0.5157E+00  0.2427E-01  0.4409E+00  0.4409E+00
  0.3055E+00  0.4933E+00  0.2425E-01  0.4396E+00  0.4396E+00
  0.3061E+00  0.5124E+00  0.2331E-01  0.4383E+00  0.4383E+00
  0.3067E+00  0.5277E+00  0.2343E-01  0.4370E+00  0.4370E+00
  0.3074E+00  0.4763E+00  0.2485E-01  0.4357E+00  0.4357E+00
  0.3080E+00  0.4633E+00  0.2404E-01  0.4343E+00  0.4343E+00
  0.3086E+00  0.4938E+00  0.2426E-01  0.4330E+00  0.4330E+00
  0.3092E+00  0.4962E+00  0.2369E-01  0.4317E+00  0.4317E+00
  0.3098E+00  0.5308E+00  0.2460E-01  0.4303E+00  0.4303E+00
  0.3104E+00  0.5128E+00  0.2350E-01  0.4290E+00  0.4290E+00
  0.3110E+00  0.5278E+00  0.2404E-01  0.4276E+00  0.4276E+00
  0.3116E+00  0.5726E+00  0.2351E-01  0.4262E+00  0.4262E+00
  0.3122E+00  0.5549E+00  0.2343E-01  0.4249E+00  0.4249E+00
  0.3128E+00  0.5277E+00  0.2365E-01  0.4235E+00  0.4235E+00
  0.3134E+00  0.5467E+00  0.2436E-01  0.4221E+00  0.4221E+00
  0.3140E+00  0.5187E+00  0.2608E-01  0.4207E+00  0.4207E+00
  0.3146E+00  0.5148E+00  0.2698E-01  0.4193E+00  0.4193E+00
  0.3153E+00  0.5325E+00  0.2653E-01  0.4179E+00  0.4179E+00
  0.3159E+00  0.5165E+00  0.2858E-01  0.4165E+00  0.4165E+00
  0.3165E+00  0.5414E+00  0.3021E-01  0.4151E+00  0.4151E+00
  0.3171E+00  0.5566E+00  0.3133E-01  0.4137E+00  0.4137E+00
  0.3177E+00  0.5757E+00  0.3636E-01  0.4123E+00  0.4123E+00
  0.3183E+00  0.5748E+00  0.3852E-01  0.4109E+00  0.4109E+00
  0.3189E+00  0.5846E+00  0.4419E-01  0.4095E+00  0.4095E+00
  0.3195E+00  0.5657E+00  0.5592E-01  0.4081E+00  0.4081E+00

           Distance distribution  function of particle  


       R          P(R)      ERROR

  0.0000E+00  0.0000E+00  0.0000E+00
  0.8245E+00  0.2521E-02  0.1084E-04
  0.1649E+01  0.4577E-02  0.1842E-04
  0.2474E+01  0.6185E-02  0.2295E-04
  0.3298E+01  0.7376E-02  0.2480E-04
  0.4123E+01  0.8188E-02  0.2445E-04
  0.4947E+01  0.8670E-02  0.2258E-04
  0.5771E+01  0.8878E-02  0.2016E-04
  0.6596E+01  0.8870E-02  0.1846E-04
  0.7421E+01  0.8710E-02  0.1875E-04
  0.8245E+01  0.8457E-02  0.2131E-04
  0.9069E+01  0.8173E-02  0.2526E-04
  0.9894E+01  0.7913E-02  0.2958E-04
  0.1072E+02  0.7724E-02  0.3352E-04
  0.1154E+02  0.7648E-02  0.3668E-04
  0.1237E+02  0.7716E-02  0.3884E-04
  0.1319E+02  0.7952E-02  0.4000E-04
  0.1402E+02  0.8366E-02  0.4029E-04
  0.1484E+02  0.8961E-02  0.3996E-04
  0.1567E+02  0.9730E-02  0.3940E-04
  0.1649E+02  0.1066E-01  0.3900E-04
  0.1731E+02  0.1171E-01  0.3914E-04
  0.1814E+02  0.1288E-01  0.4002E-04
  0.1896E+02  0.1411E-01  0.4164E-04
  0.1979E+02  0.1538E-01  0.4383E-04
  0.2061E+02  0.1665E-01  0.4631E-04
  0.2144E+02  0.1788E-01  0.4881E-04
  0.2226E+02  0.1905E-01  0.5115E-04
  0.2309E+02  0.2011E-01  0.5322E-04
  0.2391E+02  0.2105E-01  0.5503E-04
  0.2473E+02  0.2185E-01  0.5666E-04
  0.2556E+02  0.2250E-01  0.5825E-04
  0.2638E+02  0.2299E-01  0.5994E-04
  0.2721E+02  0.2333E-01  0.6184E-04
  0.2803E+02  0.2351E-01  0.6398E-04
  0.2886E+02  0.2355E-01  0.6634E-04
  0.2968E+02  0.2346E-01  0.6879E-04
  0.3051E+02  0.2326E-01  0.7116E-04
  0.3133E+02  0.2297E-01  0.7329E-04
  0.3216E+02  0.2261E-01  0.7502E-04
  0.3298E+02  0.2219E-01  0.7622E-04
  0.3380E+02  0.2175E-01  0.7684E-04
  0.3463E+02  0.2128E-01  0.7690E-04
  0.3545E+02  0.2081E-01  0.7645E-04
  0.3628E+02  0.2034E-01  0.7563E-04
  0.3710E+02  0.1988E-01  0.7458E-04
  0.3793E+02  0.1944E-01  0.7347E-04
  0.3875E+02  0.1900E-01  0.7247E-04
  0.3958E+02  0.1858E-01  0.7168E-04
  0.4040E+02  0.1816E-01  0.7117E-04
  0.4123E+02  0.1773E-01  0.7093E-04
  0.4205E+02  0.1730E-01  0.7092E-04
  0.4287E+02  0.1684E-01  0.7105E-04
  0.4370E+02  0.1636E-01  0.7125E-04
  0.4452E+02  0.1584E-01  0.7144E-04
  0.4535E+02  0.1529E-01  0.7159E-04
  0.4617E+02  0.1470E-01  0.7168E-04
  0.4700E+02  0.1406E-01  0.7175E-04
  0.4782E+02  0.1339E-01  0.7184E-04
  0.4865E+02  0.1268E-01  0.7201E-04
  0.4947E+02  0.1194E-01  0.7231E-04
  0.5029E+02  0.1118E-01  0.7275E-04
  0.5112E+02  0.1041E-01  0.7335E-04
  0.5194E+02  0.9645E-02  0.7409E-04
  0.5277E+02  0.8886E-02  0.7492E-04
  0.5359E+02  0.8147E-02  0.7579E-04
  0.5442E+02  0.7438E-02  0.7665E-04
  0.5524E+02  0.6769E-02  0.7745E-04
  0.5607E+02  0.6146E-02  0.7817E-04
  0.5689E+02  0.5574E-02  0.7877E-04
  0.5772E+02  0.5058E-02  0.7924E-04
  0.5854E+02  0.4597E-02  0.7958E-04
  0.5936E+02  0.4193E-02  0.7979E-04
  0.6019E+02  0.3842E-02  0.7988E-04
  0.6101E+02  0.3540E-02  0.7987E-04
  0.6184E+02  0.3283E-02  0.7978E-04
  0.6266E+02  0.3065E-02  0.7965E-04
  0.6349E+02  0.2878E-02  0.7954E-04
  0.6431E+02  0.2716E-02  0.7951E-04
  0.6514E+02  0.2573E-02  0.7964E-04
  0.6596E+02  0.2443E-02  0.7998E-04
  0.6678E+02  0.2320E-02  0.8062E-04
  0.6761E+02  0.2200E-02  0.8157E-04
  0.6843E+02  0.2080E-02  0.8284E-04
  0.6926E+02  0.1958E-02  0.8436E-04
  0.7008E+02  0.1833E-02  0.8603E-04
  0.7091E+02  0.1704E-02  0.8771E-04
  0.7173E+02  0.1572E-02  0.8922E-04
  0.7256E+02  0.1438E-02  0.9035E-04
  0.7338E+02  0.1304E-02  0.9089E-04
  0.7420E+02  0.1171E-02  0.9061E-04
  0.7503E+02  0.1041E-02  0.8929E-04
  0.7585E+02  0.9149E-03  0.8673E-04
  0.7668E+02  0.7933E-03  0.8271E-04
  0.7750E+02  0.6762E-03  0.7706E-04
  0.7833E+02  0.5632E-03  0.6959E-04
  0.7915E+02  0.4532E-03  0.6014E-04
  0.7998E+02  0.3442E-03  0.4858E-04
  0.8080E+02  0.2342E-03  0.3477E-04
  0.8163E+02  0.1204E-03  0.1860E-04
  0.8245E+02  0.0000E+00  0.0000E+00
          Reciprocal space: Rg =   25.48     , I(0) =   0.1076E+02
     Real space: Rg =   25.48 +- 0.066  I(0) =   0.1076E+02 +-  0.2981E-01
