
           ####    G N O M   ---   Version 4.5a revised 09/02/02     ####

                                                  Tue May 25 19:06:22 2010
           ===    Run No   1   ===
 Run title:   Merge of: p3_B2_2.mccd p3_B3_2.mccd


  Number of points omitted at the beginning:           6
   *******   Working Directory :
   *******    Input file(s) :
           Condition P(rmin) = 0 is used. 
           Condition P(rmax) = 0 is used. 

          Experimental conditions for the first run
          -----------------------------------------

          Highest ALPHA is found to be   0.2318E+03

  The measure of inconsistency AN1 equals to    0.9746E+00
     Alpha    Discrp  Oscill  Stabil  Sysdev  Positv  Valcen    Total   
  0.2318E+06 37.3800  1.3767  0.9763  0.0000  1.0000  0.8135  0.29403
  0.4637E+05 35.3699  1.3747  0.9247  0.0000  1.0000  0.8139  0.29457
  0.9273E+04 27.9315  1.3657  0.7340  0.0000  1.0000  0.8158  0.29698
  0.1855E+04 14.0120  1.3362  0.3751  0.0488  1.0000  0.8222  0.30754
  0.3709E+03  5.0914  1.3000  0.1223  0.1220  1.0000  0.8311  0.39881
  0.7419E+02  2.4352  1.3335  0.0375  0.2358  1.0000  0.8306  0.53081
  0.1484E+02  1.2475  1.4646  0.0204  0.3577  1.0000  0.8233  0.55057
  0.2968E+01  0.8017  1.5979  0.0142  0.4878  1.0000  0.8195  0.63141
  0.5935E+00  0.7157  1.6870  0.0112  0.4715  1.0000  0.8190  0.60454
  0.1187E+00  0.6943  1.8087  0.0220  0.5000  1.0000  0.8193  0.57979
  0.2374E-01  0.6704  2.4112  0.0614  0.5244  1.0000  0.8169  0.47607
  0.4748E-02  0.6249  5.3002  0.1802  0.5650  0.9975  0.7947  0.34187
  0.9496E-03  0.5665 10.6430  0.2168  0.5772  0.9742  0.7176  0.31139
  0.1899E-03  0.5245 16.5613  0.5499  0.5772  0.9165  0.6222  0.00000

          ***  Golden section search to maximize estimate ***
     Alpha    Discrp  Oscill  Stabil  Sysdev  Positv  Valcen    Total   
  0.1605E+01  0.7499  1.6364  0.0128  0.4797  1.0000  0.8191  0.62170
  0.3753E+01  0.8330  1.5813  0.0147  0.4797  1.0000  0.8198  0.62720
  0.2346E+01  0.7776  1.6134  0.0136  0.4715  1.0000  0.8193  0.62176
  0.3246E+01  0.8128  1.5917  0.0144  0.4878  1.0000  0.8196  0.63160
  0.3431E+01  0.8201  1.5878  0.0145  0.4797  1.0000  0.8197  0.62745
  0.3137E+01  0.8084  1.5941  0.0143  0.4878  1.0000  0.8196  0.63155
  0.3315E+01  0.8155  1.5902  0.0144  0.4878  1.0000  0.8197  0.63160
  0.3359E+01  0.8173  1.5893  0.0145  0.4797  1.0000  0.8197  0.62747
  0.3289E+01  0.8145  1.5908  0.0144  0.4878  1.0000  0.8196  0.63160
  0.3332E+01  0.8162  1.5899  0.0144  0.4878  1.0000  0.8197  0.63160
  0.3305E+01  0.8151  1.5904  0.0144  0.4878  1.0000  0.8197  0.63160
  0.3322E+01  0.8158  1.5901  0.0144  0.4878  1.0000  0.8197  0.63160
  0.3312E+01  0.8154  1.5903  0.0144  0.4878  1.0000  0.8197  0.63160
  0.3318E+01  0.8156  1.5902  0.0144  0.4878  1.0000  0.8197  0.63160
  0.3318E+01  0.8156  1.5902  0.0144  0.4878  1.0000  0.8197  0.63160



             ####            Final results            ####

 Parameter    DISCRP    OSCILL    STABIL    SYSDEV    POSITV    VALCEN
 Weight        1.000     3.000     3.000     5.000     1.000     1.000
 Sigma         0.300     0.600     0.120     0.500     0.120     0.120
 Ideal         0.700     1.200     0.000     1.000     1.000     0.950
 Current       0.816     1.590     0.014     0.488     1.000     0.820
                - - - - - - - - - - - - - - - - - - - - - - - - - 
 Estimate      0.862     0.655     0.986     0.350     1.000     0.307

  Angular   range    :     from    0.0173   to    0.3165
  Real space range   :     from      0.00   to    139.30

  Highest ALPHA (theor) :   0.232E+06                 JOB = 0
  Current ALPHA         :   0.332E+01   Rg :  0.449E+02   I(0) :   0.212E+02

           Total  estimate : 0.632  which is  A REASONABLE  solution

      S          J EXP       ERROR       J REG       I REG

  0.0000E+00                                      0.2124E+02
  0.6189E-03                                      0.2124E+02
  0.1238E-02                                      0.2122E+02
  0.1857E-02                                      0.2119E+02
  0.2476E-02                                      0.2116E+02
  0.3095E-02                                      0.2111E+02
  0.3714E-02                                      0.2105E+02
  0.4333E-02                                      0.2097E+02
  0.4951E-02                                      0.2089E+02
  0.5570E-02                                      0.2080E+02
  0.6189E-02                                      0.2070E+02
  0.6808E-02                                      0.2059E+02
  0.7427E-02                                      0.2046E+02
  0.8046E-02                                      0.2033E+02
  0.8665E-02                                      0.2019E+02
  0.9284E-02                                      0.2004E+02
  0.9903E-02                                      0.1988E+02
  0.1052E-01                                      0.1971E+02
  0.1114E-01                                      0.1954E+02
  0.1176E-01                                      0.1935E+02
  0.1238E-01                                      0.1916E+02
  0.1300E-01                                      0.1896E+02
  0.1362E-01                                      0.1876E+02
  0.1424E-01                                      0.1854E+02
  0.1485E-01                                      0.1833E+02
  0.1547E-01                                      0.1810E+02
  0.1609E-01                                      0.1787E+02
  0.1671E-01                                      0.1763E+02
  0.1733E-01  0.1804E+02  0.3108E+00  0.1739E+02  0.1739E+02
  0.1794E-01  0.1773E+02  0.2933E+00  0.1715E+02  0.1715E+02
  0.1855E-01  0.1730E+02  0.3072E+00  0.1691E+02  0.1691E+02
  0.1916E-01  0.1737E+02  0.2446E+00  0.1666E+02  0.1666E+02
  0.1976E-01  0.1690E+02  0.2612E+00  0.1640E+02  0.1640E+02
  0.2037E-01  0.1647E+02  0.5296E+00  0.1615E+02  0.1615E+02
  0.2098E-01  0.1628E+02  0.2252E+00  0.1589E+02  0.1589E+02
  0.2159E-01  0.1589E+02  0.1758E+00  0.1563E+02  0.1563E+02
  0.2220E-01  0.1568E+02  0.2122E+00  0.1537E+02  0.1537E+02
  0.2280E-01  0.1548E+02  0.1604E+00  0.1511E+02  0.1511E+02
  0.2341E-01  0.1515E+02  0.1906E+00  0.1485E+02  0.1485E+02
  0.2402E-01  0.1462E+02  0.1766E+00  0.1458E+02  0.1458E+02
  0.2463E-01  0.1444E+02  0.1755E+00  0.1432E+02  0.1432E+02
  0.2524E-01  0.1402E+02  0.1543E+00  0.1405E+02  0.1405E+02
  0.2584E-01  0.1378E+02  0.1670E+00  0.1379E+02  0.1379E+02
  0.2645E-01  0.1364E+02  0.1668E+00  0.1352E+02  0.1352E+02
  0.2706E-01  0.1317E+02  0.1573E+00  0.1326E+02  0.1326E+02
  0.2767E-01  0.1296E+02  0.1295E+00  0.1299E+02  0.1299E+02
  0.2828E-01  0.1272E+02  0.1098E+00  0.1273E+02  0.1273E+02
  0.2888E-01  0.1248E+02  0.1064E+00  0.1247E+02  0.1247E+02
  0.2949E-01  0.1212E+02  0.1203E+00  0.1222E+02  0.1222E+02
  0.3010E-01  0.1194E+02  0.1146E+00  0.1196E+02  0.1196E+02
  0.3071E-01  0.1149E+02  0.1158E+00  0.1171E+02  0.1171E+02
  0.3132E-01  0.1123E+02  0.1273E+00  0.1146E+02  0.1146E+02
  0.3192E-01  0.1114E+02  0.1156E+00  0.1121E+02  0.1121E+02
  0.3253E-01  0.1084E+02  0.1217E+00  0.1097E+02  0.1097E+02
  0.3314E-01  0.1060E+02  0.1189E+00  0.1073E+02  0.1073E+02
  0.3375E-01  0.1044E+02  0.1154E+00  0.1049E+02  0.1049E+02
  0.3436E-01  0.1017E+02  0.1111E+00  0.1026E+02  0.1026E+02
  0.3497E-01  0.9804E+01  0.1181E+00  0.1003E+02  0.1003E+02
  0.3557E-01  0.9786E+01  0.1140E+00  0.9801E+01  0.9801E+01
  0.3618E-01  0.9543E+01  0.1038E+00  0.9579E+01  0.9579E+01
  0.3679E-01  0.9307E+01  0.1001E+00  0.9361E+01  0.9361E+01
  0.3740E-01  0.9042E+01  0.9909E-01  0.9148E+01  0.9148E+01
  0.3801E-01  0.8861E+01  0.9534E-01  0.8939E+01  0.8939E+01
  0.3861E-01  0.8541E+01  0.9793E-01  0.8735E+01  0.8735E+01
  0.3922E-01  0.8512E+01  0.9519E-01  0.8534E+01  0.8534E+01
  0.3983E-01  0.8286E+01  0.9149E-01  0.8339E+01  0.8339E+01
  0.4044E-01  0.8083E+01  0.1070E+00  0.8148E+01  0.8148E+01
  0.4105E-01  0.7916E+01  0.1051E+00  0.7962E+01  0.7962E+01
  0.4165E-01  0.7698E+01  0.8963E-01  0.7780E+01  0.7780E+01
  0.4226E-01  0.7410E+01  0.9584E-01  0.7603E+01  0.7603E+01
  0.4287E-01  0.7245E+01  0.9449E-01  0.7431E+01  0.7431E+01
  0.4348E-01  0.7192E+01  0.9458E-01  0.7263E+01  0.7263E+01
  0.4409E-01  0.7012E+01  0.8440E-01  0.7100E+01  0.7100E+01
  0.4469E-01  0.6968E+01  0.8693E-01  0.6942E+01  0.6942E+01
  0.4530E-01  0.6805E+01  0.8552E-01  0.6788E+01  0.6788E+01
  0.4591E-01  0.6714E+01  0.8732E-01  0.6638E+01  0.6638E+01
  0.4652E-01  0.6599E+01  0.7890E-01  0.6493E+01  0.6493E+01
  0.4713E-01  0.6355E+01  0.8197E-01  0.6353E+01  0.6353E+01
  0.4773E-01  0.6246E+01  0.7909E-01  0.6216E+01  0.6216E+01
  0.4834E-01  0.6224E+01  0.8469E-01  0.6084E+01  0.6084E+01
  0.4895E-01  0.6098E+01  0.7531E-01  0.5956E+01  0.5956E+01
  0.4956E-01  0.5902E+01  0.7573E-01  0.5832E+01  0.5832E+01
  0.5017E-01  0.5698E+01  0.7563E-01  0.5712E+01  0.5712E+01
  0.5078E-01  0.5713E+01  0.7414E-01  0.5596E+01  0.5596E+01
  0.5138E-01  0.5567E+01  0.7091E-01  0.5484E+01  0.5484E+01
  0.5199E-01  0.5471E+01  0.8018E-01  0.5375E+01  0.5375E+01
  0.5260E-01  0.5393E+01  0.7195E-01  0.5270E+01  0.5270E+01
  0.5321E-01  0.5206E+01  0.7155E-01  0.5168E+01  0.5168E+01
  0.5382E-01  0.5182E+01  0.7161E-01  0.5069E+01  0.5069E+01
  0.5442E-01  0.5189E+01  0.7254E-01  0.4974E+01  0.4974E+01
  0.5503E-01  0.5067E+01  0.6933E-01  0.4882E+01  0.4882E+01
  0.5564E-01  0.4969E+01  0.6857E-01  0.4793E+01  0.4793E+01
  0.5625E-01  0.4762E+01  0.6696E-01  0.4706E+01  0.4706E+01
  0.5686E-01  0.4686E+01  0.7042E-01  0.4623E+01  0.4623E+01
  0.5746E-01  0.4592E+01  0.6379E-01  0.4541E+01  0.4541E+01
  0.5807E-01  0.4622E+01  0.6938E-01  0.4463E+01  0.4463E+01
  0.5868E-01  0.4407E+01  0.8235E-01  0.4387E+01  0.4387E+01
  0.5929E-01  0.4385E+01  0.7045E-01  0.4313E+01  0.4313E+01
  0.5990E-01  0.4308E+01  0.8323E-01  0.4241E+01  0.4241E+01
  0.6050E-01  0.4176E+01  0.7459E-01  0.4171E+01  0.4171E+01
  0.6111E-01  0.4035E+01  0.7311E-01  0.4104E+01  0.4104E+01
  0.6172E-01  0.3940E+01  0.6684E-01  0.4038E+01  0.4038E+01
  0.6233E-01  0.3916E+01  0.7468E-01  0.3974E+01  0.3974E+01
  0.6294E-01  0.3899E+01  0.6437E-01  0.3911E+01  0.3911E+01
  0.6354E-01  0.3989E+01  0.6182E-01  0.3850E+01  0.3850E+01
  0.6415E-01  0.3857E+01  0.6034E-01  0.3791E+01  0.3791E+01
  0.6476E-01  0.3855E+01  0.6358E-01  0.3733E+01  0.3733E+01
  0.6537E-01  0.3695E+01  0.6284E-01  0.3676E+01  0.3676E+01
  0.6598E-01  0.3559E+01  0.6597E-01  0.3621E+01  0.3621E+01
  0.6659E-01  0.3451E+01  0.6069E-01  0.3567E+01  0.3567E+01
  0.6719E-01  0.3446E+01  0.6068E-01  0.3514E+01  0.3514E+01
  0.6780E-01  0.3390E+01  0.6279E-01  0.3462E+01  0.3462E+01
  0.6841E-01  0.3319E+01  0.5800E-01  0.3410E+01  0.3410E+01
  0.6902E-01  0.3338E+01  0.6051E-01  0.3360E+01  0.3360E+01
  0.6963E-01  0.3289E+01  0.5951E-01  0.3311E+01  0.3311E+01
  0.7023E-01  0.3270E+01  0.6179E-01  0.3262E+01  0.3262E+01
  0.7084E-01  0.3308E+01  0.6324E-01  0.3215E+01  0.3215E+01
  0.7145E-01  0.3208E+01  0.6029E-01  0.3168E+01  0.3168E+01
  0.7206E-01  0.2996E+01  0.5807E-01  0.3121E+01  0.3121E+01
  0.7267E-01  0.2962E+01  0.5917E-01  0.3076E+01  0.3076E+01
  0.7327E-01  0.2976E+01  0.5646E-01  0.3031E+01  0.3031E+01
  0.7388E-01  0.2834E+01  0.5672E-01  0.2986E+01  0.2986E+01
  0.7449E-01  0.2830E+01  0.5713E-01  0.2942E+01  0.2942E+01
  0.7510E-01  0.2803E+01  0.5661E-01  0.2899E+01  0.2899E+01
  0.7571E-01  0.2719E+01  0.5509E-01  0.2856E+01  0.2856E+01
  0.7631E-01  0.2668E+01  0.5268E-01  0.2814E+01  0.2814E+01
  0.7692E-01  0.2717E+01  0.5576E-01  0.2772E+01  0.2772E+01
  0.7753E-01  0.2694E+01  0.5558E-01  0.2731E+01  0.2731E+01
  0.7814E-01  0.2722E+01  0.5768E-01  0.2690E+01  0.2690E+01
  0.7875E-01  0.2761E+01  0.5686E-01  0.2650E+01  0.2650E+01
  0.7935E-01  0.2707E+01  0.5766E-01  0.2610E+01  0.2610E+01
  0.7996E-01  0.2595E+01  0.5642E-01  0.2571E+01  0.2571E+01
  0.8057E-01  0.2491E+01  0.5698E-01  0.2532E+01  0.2532E+01
  0.8118E-01  0.2440E+01  0.5409E-01  0.2493E+01  0.2493E+01
  0.8179E-01  0.2382E+01  0.5741E-01  0.2456E+01  0.2456E+01
  0.8239E-01  0.2398E+01  0.5160E-01  0.2418E+01  0.2418E+01
  0.8300E-01  0.2395E+01  0.5087E-01  0.2381E+01  0.2381E+01
  0.8361E-01  0.2283E+01  0.5321E-01  0.2345E+01  0.2345E+01
  0.8422E-01  0.2312E+01  0.4982E-01  0.2309E+01  0.2309E+01
  0.8483E-01  0.2192E+01  0.4667E-01  0.2273E+01  0.2273E+01
  0.8544E-01  0.2252E+01  0.5068E-01  0.2238E+01  0.2238E+01
  0.8604E-01  0.2259E+01  0.5045E-01  0.2203E+01  0.2203E+01
  0.8665E-01  0.2183E+01  0.4872E-01  0.2169E+01  0.2169E+01
  0.8726E-01  0.2192E+01  0.4907E-01  0.2136E+01  0.2136E+01
  0.8787E-01  0.2174E+01  0.5011E-01  0.2103E+01  0.2103E+01
  0.8848E-01  0.2106E+01  0.4934E-01  0.2070E+01  0.2070E+01
  0.8908E-01  0.2045E+01  0.4930E-01  0.2038E+01  0.2038E+01
  0.8969E-01  0.2028E+01  0.4943E-01  0.2007E+01  0.2007E+01
  0.9030E-01  0.2034E+01  0.4897E-01  0.1976E+01  0.1976E+01
  0.9091E-01  0.2010E+01  0.5022E-01  0.1946E+01  0.1946E+01
  0.9151E-01  0.1988E+01  0.5169E-01  0.1916E+01  0.1916E+01
  0.9212E-01  0.2008E+01  0.5267E-01  0.1886E+01  0.1886E+01
  0.9273E-01  0.1923E+01  0.4975E-01  0.1858E+01  0.1858E+01
  0.9334E-01  0.1958E+01  0.4991E-01  0.1829E+01  0.1829E+01
  0.9395E-01  0.1796E+01  0.4873E-01  0.1802E+01  0.1802E+01
  0.9456E-01  0.1804E+01  0.5077E-01  0.1774E+01  0.1774E+01
  0.9516E-01  0.1759E+01  0.5109E-01  0.1748E+01  0.1748E+01
  0.9577E-01  0.1882E+01  0.4941E-01  0.1721E+01  0.1721E+01
  0.9638E-01  0.1819E+01  0.4895E-01  0.1696E+01  0.1696E+01
  0.9699E-01  0.1841E+01  0.4759E-01  0.1671E+01  0.1671E+01
  0.9760E-01  0.1698E+01  0.4789E-01  0.1646E+01  0.1646E+01
  0.9820E-01  0.1599E+01  0.4814E-01  0.1622E+01  0.1622E+01
  0.9881E-01  0.1601E+01  0.4981E-01  0.1598E+01  0.1598E+01
  0.9942E-01  0.1563E+01  0.4653E-01  0.1575E+01  0.1575E+01
  0.1000E+00  0.1490E+01  0.4859E-01  0.1552E+01  0.1552E+01
  0.1006E+00  0.1413E+01  0.4649E-01  0.1530E+01  0.1530E+01
  0.1012E+00  0.1464E+01  0.4828E-01  0.1508E+01  0.1508E+01
  0.1019E+00  0.1446E+01  0.5013E-01  0.1487E+01  0.1487E+01
  0.1025E+00  0.1512E+01  0.4949E-01  0.1466E+01  0.1466E+01
  0.1031E+00  0.1514E+01  0.4531E-01  0.1445E+01  0.1445E+01
  0.1037E+00  0.1512E+01  0.4546E-01  0.1425E+01  0.1425E+01
  0.1043E+00  0.1448E+01  0.4431E-01  0.1406E+01  0.1406E+01
  0.1049E+00  0.1395E+01  0.4514E-01  0.1386E+01  0.1386E+01
  0.1055E+00  0.1383E+01  0.4653E-01  0.1367E+01  0.1367E+01
  0.1061E+00  0.1360E+01  0.4761E-01  0.1349E+01  0.1349E+01
  0.1067E+00  0.1308E+01  0.5483E-01  0.1331E+01  0.1331E+01
  0.1073E+00  0.1363E+01  0.5026E-01  0.1313E+01  0.1313E+01
  0.1079E+00  0.1297E+01  0.5894E-01  0.1295E+01  0.1295E+01
  0.1085E+00  0.1240E+01  0.4487E-01  0.1278E+01  0.1278E+01
  0.1091E+00  0.1191E+01  0.4318E-01  0.1261E+01  0.1261E+01
  0.1098E+00  0.1186E+01  0.4524E-01  0.1244E+01  0.1244E+01
  0.1104E+00  0.1143E+01  0.4334E-01  0.1228E+01  0.1228E+01
  0.1110E+00  0.1111E+01  0.4345E-01  0.1212E+01  0.1212E+01
  0.1116E+00  0.1155E+01  0.4662E-01  0.1196E+01  0.1196E+01
  0.1122E+00  0.1170E+01  0.4288E-01  0.1181E+01  0.1181E+01
  0.1128E+00  0.1187E+01  0.4490E-01  0.1165E+01  0.1165E+01
  0.1134E+00  0.1174E+01  0.4437E-01  0.1150E+01  0.1150E+01
  0.1140E+00  0.1117E+01  0.4366E-01  0.1135E+01  0.1135E+01
  0.1146E+00  0.1083E+01  0.4477E-01  0.1121E+01  0.1121E+01
  0.1152E+00  0.1026E+01  0.4321E-01  0.1106E+01  0.1106E+01
  0.1158E+00  0.1075E+01  0.4289E-01  0.1092E+01  0.1092E+01
  0.1164E+00  0.1123E+01  0.4449E-01  0.1078E+01  0.1078E+01
  0.1171E+00  0.1113E+01  0.4100E-01  0.1065E+01  0.1065E+01
  0.1177E+00  0.1052E+01  0.4311E-01  0.1051E+01  0.1051E+01
  0.1183E+00  0.9891E+00  0.4164E-01  0.1038E+01  0.1038E+01
  0.1189E+00  0.9200E+00  0.4200E-01  0.1024E+01  0.1024E+01
  0.1195E+00  0.1008E+01  0.4086E-01  0.1011E+01  0.1011E+01
  0.1201E+00  0.9742E+00  0.4234E-01  0.9986E+00  0.9986E+00
  0.1207E+00  0.1020E+01  0.4135E-01  0.9860E+00  0.9860E+00
  0.1213E+00  0.1010E+01  0.4026E-01  0.9735E+00  0.9735E+00
  0.1219E+00  0.9411E+00  0.4033E-01  0.9613E+00  0.9613E+00
  0.1225E+00  0.9097E+00  0.4067E-01  0.9491E+00  0.9491E+00
  0.1231E+00  0.9654E+00  0.4193E-01  0.9372E+00  0.9372E+00
  0.1237E+00  0.9131E+00  0.4344E-01  0.9254E+00  0.9254E+00
  0.1244E+00  0.9227E+00  0.4974E-01  0.9138E+00  0.9138E+00
  0.1250E+00  0.8602E+00  0.4208E-01  0.9024E+00  0.9024E+00
  0.1256E+00  0.8181E+00  0.4286E-01  0.8912E+00  0.8912E+00
  0.1262E+00  0.8341E+00  0.3987E-01  0.8801E+00  0.8801E+00
  0.1268E+00  0.8371E+00  0.3856E-01  0.8692E+00  0.8692E+00
  0.1274E+00  0.8438E+00  0.4153E-01  0.8585E+00  0.8585E+00
  0.1280E+00  0.8170E+00  0.4186E-01  0.8480E+00  0.8480E+00
  0.1286E+00  0.8239E+00  0.4202E-01  0.8376E+00  0.8376E+00
  0.1292E+00  0.8719E+00  0.4113E-01  0.8274E+00  0.8274E+00
  0.1298E+00  0.8342E+00  0.4019E-01  0.8174E+00  0.8174E+00
  0.1304E+00  0.8106E+00  0.4252E-01  0.8076E+00  0.8076E+00
  0.1310E+00  0.7987E+00  0.4152E-01  0.7980E+00  0.7980E+00
  0.1316E+00  0.7875E+00  0.4172E-01  0.7885E+00  0.7885E+00
  0.1323E+00  0.7281E+00  0.4159E-01  0.7793E+00  0.7793E+00
  0.1329E+00  0.7380E+00  0.3998E-01  0.7702E+00  0.7702E+00
  0.1335E+00  0.7328E+00  0.4144E-01  0.7613E+00  0.7613E+00
  0.1341E+00  0.7691E+00  0.4004E-01  0.7526E+00  0.7526E+00
  0.1347E+00  0.7584E+00  0.4038E-01  0.7440E+00  0.7440E+00
  0.1353E+00  0.7484E+00  0.3907E-01  0.7357E+00  0.7357E+00
  0.1359E+00  0.7492E+00  0.3887E-01  0.7275E+00  0.7275E+00
  0.1365E+00  0.6346E+00  0.4007E-01  0.7196E+00  0.7196E+00
  0.1371E+00  0.6646E+00  0.3990E-01  0.7118E+00  0.7118E+00
  0.1377E+00  0.7162E+00  0.4055E-01  0.7041E+00  0.7041E+00
  0.1383E+00  0.7089E+00  0.4092E-01  0.6967E+00  0.6967E+00
  0.1389E+00  0.7504E+00  0.4088E-01  0.6894E+00  0.6894E+00
  0.1396E+00  0.7591E+00  0.4046E-01  0.6823E+00  0.6823E+00
  0.1402E+00  0.7248E+00  0.4212E-01  0.6754E+00  0.6754E+00
  0.1408E+00  0.7180E+00  0.3955E-01  0.6686E+00  0.6686E+00
  0.1414E+00  0.7042E+00  0.3708E-01  0.6620E+00  0.6620E+00
  0.1420E+00  0.6973E+00  0.3597E-01  0.6556E+00  0.6556E+00
  0.1426E+00  0.7335E+00  0.3732E-01  0.6493E+00  0.6493E+00
  0.1432E+00  0.7191E+00  0.3818E-01  0.6432E+00  0.6432E+00
  0.1438E+00  0.6923E+00  0.4123E-01  0.6372E+00  0.6372E+00
  0.1444E+00  0.6440E+00  0.3980E-01  0.6314E+00  0.6314E+00
  0.1450E+00  0.6090E+00  0.3766E-01  0.6257E+00  0.6257E+00
  0.1456E+00  0.5570E+00  0.4488E-01  0.6202E+00  0.6202E+00
  0.1462E+00  0.5965E+00  0.4712E-01  0.6148E+00  0.6148E+00
  0.1468E+00  0.5848E+00  0.5456E-01  0.6095E+00  0.6095E+00
  0.1475E+00  0.6250E+00  0.6410E-01  0.6043E+00  0.6043E+00
  0.1481E+00  0.5865E+00  0.4364E-01  0.5992E+00  0.5992E+00
  0.1487E+00  0.5717E+00  0.3907E-01  0.5943E+00  0.5943E+00
  0.1493E+00  0.6030E+00  0.3900E-01  0.5894E+00  0.5894E+00
  0.1499E+00  0.5761E+00  0.3554E-01  0.5847E+00  0.5847E+00
  0.1505E+00  0.6037E+00  0.3602E-01  0.5800E+00  0.5800E+00
  0.1511E+00  0.6221E+00  0.3695E-01  0.5755E+00  0.5755E+00
  0.1517E+00  0.6021E+00  0.3746E-01  0.5710E+00  0.5710E+00
  0.1523E+00  0.5923E+00  0.3809E-01  0.5666E+00  0.5666E+00
  0.1529E+00  0.5968E+00  0.3846E-01  0.5623E+00  0.5623E+00
  0.1535E+00  0.6513E+00  0.3751E-01  0.5580E+00  0.5580E+00
  0.1541E+00  0.5454E+00  0.3686E-01  0.5539E+00  0.5539E+00
  0.1548E+00  0.5094E+00  0.3659E-01  0.5498E+00  0.5498E+00
  0.1554E+00  0.4941E+00  0.3592E-01  0.5457E+00  0.5457E+00
  0.1560E+00  0.4663E+00  0.3482E-01  0.5417E+00  0.5417E+00
  0.1566E+00  0.4678E+00  0.3478E-01  0.5378E+00  0.5378E+00
  0.1572E+00  0.4993E+00  0.3759E-01  0.5339E+00  0.5339E+00
  0.1578E+00  0.4781E+00  0.5437E-01  0.5300E+00  0.5300E+00
  0.1584E+00  0.4960E+00  0.5840E-01  0.5262E+00  0.5262E+00
  0.1590E+00  0.4437E+00  0.3957E-01  0.5224E+00  0.5224E+00
  0.1596E+00  0.4505E+00  0.3604E-01  0.5187E+00  0.5187E+00
  0.1602E+00  0.5051E+00  0.3488E-01  0.5150E+00  0.5150E+00
  0.1608E+00  0.4940E+00  0.3534E-01  0.5113E+00  0.5113E+00
  0.1614E+00  0.4965E+00  0.3344E-01  0.5077E+00  0.5077E+00
  0.1620E+00  0.5150E+00  0.3305E-01  0.5041E+00  0.5041E+00
  0.1627E+00  0.4971E+00  0.3299E-01  0.5006E+00  0.5006E+00
  0.1633E+00  0.4809E+00  0.3233E-01  0.4970E+00  0.4970E+00
  0.1639E+00  0.4865E+00  0.3330E-01  0.4935E+00  0.4935E+00
  0.1645E+00  0.4838E+00  0.3408E-01  0.4901E+00  0.4901E+00
  0.1651E+00  0.4488E+00  0.3521E-01  0.4867E+00  0.4867E+00
  0.1657E+00  0.4691E+00  0.3970E-01  0.4833E+00  0.4833E+00
  0.1663E+00  0.4006E+00  0.3467E-01  0.4799E+00  0.4799E+00
  0.1669E+00  0.3987E+00  0.3453E-01  0.4766E+00  0.4766E+00
  0.1675E+00  0.4493E+00  0.3446E-01  0.4733E+00  0.4733E+00
  0.1681E+00  0.5240E+00  0.3499E-01  0.4701E+00  0.4701E+00
  0.1687E+00  0.5726E+00  0.3404E-01  0.4669E+00  0.4669E+00
  0.1693E+00  0.5036E+00  0.3314E-01  0.4637E+00  0.4637E+00
  0.1700E+00  0.4465E+00  0.3376E-01  0.4606E+00  0.4606E+00
  0.1706E+00  0.3717E+00  0.3467E-01  0.4575E+00  0.4575E+00
  0.1712E+00  0.3914E+00  0.3444E-01  0.4545E+00  0.4545E+00
  0.1718E+00  0.3528E+00  0.3439E-01  0.4515E+00  0.4515E+00
  0.1724E+00  0.3581E+00  0.3566E-01  0.4486E+00  0.4486E+00
  0.1730E+00  0.3521E+00  0.3547E-01  0.4457E+00  0.4457E+00
  0.1736E+00  0.3706E+00  0.3482E-01  0.4429E+00  0.4429E+00
  0.1742E+00  0.3730E+00  0.3444E-01  0.4401E+00  0.4401E+00
  0.1748E+00  0.4148E+00  0.3538E-01  0.4374E+00  0.4374E+00
  0.1754E+00  0.3963E+00  0.3491E-01  0.4348E+00  0.4348E+00
  0.1760E+00  0.4334E+00  0.3491E-01  0.4323E+00  0.4323E+00
  0.1766E+00  0.4614E+00  0.3314E-01  0.4297E+00  0.4297E+00
  0.1773E+00  0.4677E+00  0.3370E-01  0.4273E+00  0.4273E+00
  0.1779E+00  0.4799E+00  0.3426E-01  0.4249E+00  0.4249E+00
  0.1785E+00  0.4666E+00  0.3424E-01  0.4227E+00  0.4227E+00
  0.1791E+00  0.4352E+00  0.3270E-01  0.4204E+00  0.4204E+00
  0.1797E+00  0.4922E+00  0.3435E-01  0.4183E+00  0.4183E+00
  0.1803E+00  0.4495E+00  0.3459E-01  0.4162E+00  0.4162E+00
  0.1809E+00  0.4869E+00  0.3329E-01  0.4142E+00  0.4142E+00
  0.1815E+00  0.4385E+00  0.3336E-01  0.4123E+00  0.4123E+00
  0.1821E+00  0.4275E+00  0.3335E-01  0.4104E+00  0.4104E+00
  0.1827E+00  0.4078E+00  0.3269E-01  0.4087E+00  0.4087E+00
  0.1833E+00  0.4158E+00  0.3252E-01  0.4070E+00  0.4070E+00
  0.1839E+00  0.4279E+00  0.3483E-01  0.4053E+00  0.4053E+00
  0.1845E+00  0.4467E+00  0.3316E-01  0.4038E+00  0.4038E+00
  0.1852E+00  0.4083E+00  0.3357E-01  0.4023E+00  0.4023E+00
  0.1858E+00  0.3843E+00  0.3316E-01  0.4009E+00  0.4009E+00
  0.1864E+00  0.3840E+00  0.3484E-01  0.3996E+00  0.3996E+00
  0.1870E+00  0.4027E+00  0.3496E-01  0.3983E+00  0.3983E+00
  0.1876E+00  0.3801E+00  0.3249E-01  0.3971E+00  0.3971E+00
  0.1882E+00  0.3682E+00  0.3283E-01  0.3959E+00  0.3959E+00
  0.1888E+00  0.3812E+00  0.3326E-01  0.3949E+00  0.3949E+00
  0.1894E+00  0.3667E+00  0.3214E-01  0.3938E+00  0.3938E+00
  0.1900E+00  0.3220E+00  0.3100E-01  0.3929E+00  0.3929E+00
  0.1906E+00  0.4221E+00  0.3061E-01  0.3920E+00  0.3920E+00
  0.1912E+00  0.4401E+00  0.3159E-01  0.3911E+00  0.3911E+00
  0.1918E+00  0.4645E+00  0.3162E-01  0.3903E+00  0.3903E+00
  0.1925E+00  0.4618E+00  0.3128E-01  0.3896E+00  0.3896E+00
  0.1931E+00  0.3914E+00  0.3146E-01  0.3888E+00  0.3888E+00
  0.1937E+00  0.4395E+00  0.3139E-01  0.3882E+00  0.3882E+00
  0.1943E+00  0.3641E+00  0.3169E-01  0.3875E+00  0.3875E+00
  0.1949E+00  0.3687E+00  0.3184E-01  0.3869E+00  0.3869E+00
  0.1955E+00  0.3948E+00  0.3075E-01  0.3864E+00  0.3864E+00
  0.1961E+00  0.3747E+00  0.3169E-01  0.3858E+00  0.3858E+00
  0.1967E+00  0.3977E+00  0.3171E-01  0.3853E+00  0.3853E+00
  0.1973E+00  0.3864E+00  0.3180E-01  0.3848E+00  0.3848E+00
  0.1979E+00  0.3607E+00  0.3393E-01  0.3843E+00  0.3843E+00
  0.1985E+00  0.3578E+00  0.3310E-01  0.3838E+00  0.3838E+00
  0.1991E+00  0.3952E+00  0.3115E-01  0.3834E+00  0.3834E+00
  0.1997E+00  0.3367E+00  0.3166E-01  0.3830E+00  0.3830E+00
  0.2004E+00  0.3354E+00  0.3178E-01  0.3825E+00  0.3825E+00
  0.2010E+00  0.2908E+00  0.3111E-01  0.3821E+00  0.3821E+00
  0.2016E+00  0.3119E+00  0.3119E-01  0.3817E+00  0.3817E+00
  0.2022E+00  0.3242E+00  0.3103E-01  0.3812E+00  0.3812E+00
  0.2028E+00  0.3169E+00  0.3004E-01  0.3808E+00  0.3808E+00
  0.2034E+00  0.3569E+00  0.3190E-01  0.3804E+00  0.3804E+00
  0.2040E+00  0.3788E+00  0.3062E-01  0.3799E+00  0.3799E+00
  0.2046E+00  0.3301E+00  0.3029E-01  0.3795E+00  0.3795E+00
  0.2052E+00  0.3245E+00  0.3120E-01  0.3790E+00  0.3790E+00
  0.2058E+00  0.3183E+00  0.3085E-01  0.3785E+00  0.3785E+00
  0.2064E+00  0.3692E+00  0.3114E-01  0.3781E+00  0.3781E+00
  0.2070E+00  0.3684E+00  0.3051E-01  0.3776E+00  0.3776E+00
  0.2077E+00  0.3844E+00  0.3088E-01  0.3771E+00  0.3771E+00
  0.2083E+00  0.3874E+00  0.2917E-01  0.3766E+00  0.3766E+00
  0.2089E+00  0.4067E+00  0.3063E-01  0.3760E+00  0.3760E+00
  0.2095E+00  0.3995E+00  0.3119E-01  0.3755E+00  0.3755E+00
  0.2101E+00  0.3530E+00  0.2926E-01  0.3749E+00  0.3749E+00
  0.2107E+00  0.3571E+00  0.2950E-01  0.3744E+00  0.3744E+00
  0.2113E+00  0.3225E+00  0.2967E-01  0.3738E+00  0.3738E+00
  0.2119E+00  0.3149E+00  0.2989E-01  0.3732E+00  0.3732E+00
  0.2125E+00  0.3494E+00  0.3058E-01  0.3726E+00  0.3726E+00
  0.2131E+00  0.3971E+00  0.3090E-01  0.3720E+00  0.3720E+00
  0.2137E+00  0.3260E+00  0.2915E-01  0.3714E+00  0.3714E+00
  0.2143E+00  0.3783E+00  0.2960E-01  0.3707E+00  0.3707E+00
  0.2149E+00  0.3683E+00  0.2942E-01  0.3701E+00  0.3701E+00
  0.2156E+00  0.3906E+00  0.2978E-01  0.3695E+00  0.3695E+00
  0.2162E+00  0.4244E+00  0.2987E-01  0.3688E+00  0.3688E+00
  0.2168E+00  0.4040E+00  0.2855E-01  0.3682E+00  0.3682E+00
  0.2174E+00  0.3900E+00  0.2799E-01  0.3676E+00  0.3676E+00
  0.2180E+00  0.4130E+00  0.2890E-01  0.3669E+00  0.3669E+00
  0.2186E+00  0.3939E+00  0.2970E-01  0.3663E+00  0.3663E+00
  0.2192E+00  0.3799E+00  0.2843E-01  0.3657E+00  0.3657E+00
  0.2198E+00  0.3717E+00  0.2867E-01  0.3651E+00  0.3651E+00
  0.2204E+00  0.3530E+00  0.2805E-01  0.3645E+00  0.3645E+00
  0.2210E+00  0.3617E+00  0.2815E-01  0.3639E+00  0.3639E+00
  0.2216E+00  0.3642E+00  0.2899E-01  0.3633E+00  0.3633E+00
  0.2222E+00  0.3316E+00  0.2913E-01  0.3628E+00  0.3628E+00
  0.2228E+00  0.3421E+00  0.3004E-01  0.3622E+00  0.3622E+00
  0.2235E+00  0.3507E+00  0.2879E-01  0.3617E+00  0.3617E+00
  0.2241E+00  0.3678E+00  0.2836E-01  0.3612E+00  0.3612E+00
  0.2247E+00  0.3350E+00  0.2873E-01  0.3607E+00  0.3607E+00
  0.2253E+00  0.3320E+00  0.2959E-01  0.3602E+00  0.3602E+00
  0.2259E+00  0.3535E+00  0.2860E-01  0.3598E+00  0.3598E+00
  0.2265E+00  0.3629E+00  0.3073E-01  0.3594E+00  0.3594E+00
  0.2271E+00  0.3987E+00  0.2954E-01  0.3590E+00  0.3590E+00
  0.2277E+00  0.3857E+00  0.2771E-01  0.3586E+00  0.3586E+00
  0.2283E+00  0.3876E+00  0.2815E-01  0.3583E+00  0.3583E+00
  0.2289E+00  0.3740E+00  0.2821E-01  0.3580E+00  0.3580E+00
  0.2295E+00  0.3887E+00  0.2765E-01  0.3577E+00  0.3577E+00
  0.2301E+00  0.3561E+00  0.2717E-01  0.3575E+00  0.3575E+00
  0.2308E+00  0.4009E+00  0.2746E-01  0.3572E+00  0.3572E+00
  0.2314E+00  0.3453E+00  0.2773E-01  0.3571E+00  0.3571E+00
  0.2320E+00  0.3502E+00  0.2782E-01  0.3569E+00  0.3569E+00
  0.2326E+00  0.3534E+00  0.2883E-01  0.3568E+00  0.3568E+00
  0.2332E+00  0.3250E+00  0.2974E-01  0.3566E+00  0.3566E+00
  0.2338E+00  0.3022E+00  0.2955E-01  0.3566E+00  0.3566E+00
  0.2344E+00  0.3231E+00  0.2964E-01  0.3565E+00  0.3565E+00
  0.2350E+00  0.3539E+00  0.2754E-01  0.3565E+00  0.3565E+00
  0.2356E+00  0.3801E+00  0.2753E-01  0.3565E+00  0.3565E+00
  0.2362E+00  0.3677E+00  0.2825E-01  0.3565E+00  0.3565E+00
  0.2368E+00  0.3744E+00  0.2773E-01  0.3565E+00  0.3565E+00
  0.2374E+00  0.3072E+00  0.2689E-01  0.3565E+00  0.3565E+00
  0.2380E+00  0.2901E+00  0.2855E-01  0.3566E+00  0.3566E+00
  0.2387E+00  0.3085E+00  0.2744E-01  0.3567E+00  0.3567E+00
  0.2393E+00  0.3072E+00  0.2697E-01  0.3568E+00  0.3568E+00
  0.2399E+00  0.3443E+00  0.2712E-01  0.3569E+00  0.3569E+00
  0.2405E+00  0.3560E+00  0.2672E-01  0.3570E+00  0.3570E+00
  0.2411E+00  0.3793E+00  0.2766E-01  0.3572E+00  0.3572E+00
  0.2417E+00  0.3770E+00  0.2829E-01  0.3573E+00  0.3573E+00
  0.2423E+00  0.4153E+00  0.2864E-01  0.3575E+00  0.3575E+00
  0.2429E+00  0.3668E+00  0.2709E-01  0.3576E+00  0.3576E+00
  0.2435E+00  0.3657E+00  0.2696E-01  0.3578E+00  0.3578E+00
  0.2441E+00  0.3745E+00  0.2642E-01  0.3579E+00  0.3579E+00
  0.2447E+00  0.3914E+00  0.2664E-01  0.3581E+00  0.3581E+00
  0.2453E+00  0.3800E+00  0.2763E-01  0.3583E+00  0.3583E+00
  0.2460E+00  0.3476E+00  0.2773E-01  0.3584E+00  0.3584E+00
  0.2466E+00  0.3213E+00  0.2761E-01  0.3586E+00  0.3586E+00
  0.2472E+00  0.3053E+00  0.2769E-01  0.3587E+00  0.3587E+00
  0.2478E+00  0.2909E+00  0.2703E-01  0.3588E+00  0.3588E+00
  0.2484E+00  0.3367E+00  0.2727E-01  0.3590E+00  0.3590E+00
  0.2490E+00  0.3088E+00  0.2686E-01  0.3591E+00  0.3591E+00
  0.2496E+00  0.3351E+00  0.2632E-01  0.3592E+00  0.3592E+00
  0.2502E+00  0.3530E+00  0.2635E-01  0.3593E+00  0.3593E+00
  0.2508E+00  0.3542E+00  0.2651E-01  0.3593E+00  0.3593E+00
  0.2514E+00  0.3152E+00  0.2725E-01  0.3594E+00  0.3594E+00
  0.2520E+00  0.3130E+00  0.3273E-01  0.3594E+00  0.3594E+00
  0.2526E+00  0.3122E+00  0.3542E-01  0.3595E+00  0.3595E+00
  0.2532E+00  0.3416E+00  0.3127E-01  0.3595E+00  0.3595E+00
  0.2539E+00  0.3657E+00  0.2861E-01  0.3595E+00  0.3595E+00
  0.2545E+00  0.3967E+00  0.3239E-01  0.3595E+00  0.3595E+00
  0.2551E+00  0.3924E+00  0.2801E-01  0.3594E+00  0.3594E+00
  0.2557E+00  0.3455E+00  0.2626E-01  0.3594E+00  0.3594E+00
  0.2563E+00  0.3524E+00  0.2773E-01  0.3593E+00  0.3593E+00
  0.2569E+00  0.3658E+00  0.2702E-01  0.3592E+00  0.3592E+00
  0.2575E+00  0.3199E+00  0.2675E-01  0.3591E+00  0.3591E+00
  0.2581E+00  0.3864E+00  0.2655E-01  0.3590E+00  0.3590E+00
  0.2587E+00  0.3582E+00  0.2627E-01  0.3589E+00  0.3589E+00
  0.2593E+00  0.3746E+00  0.2636E-01  0.3588E+00  0.3588E+00
  0.2599E+00  0.3589E+00  0.2651E-01  0.3586E+00  0.3586E+00
  0.2605E+00  0.3502E+00  0.2630E-01  0.3584E+00  0.3584E+00
  0.2612E+00  0.3669E+00  0.2703E-01  0.3583E+00  0.3583E+00
  0.2618E+00  0.3694E+00  0.2721E-01  0.3581E+00  0.3581E+00
  0.2624E+00  0.3824E+00  0.2607E-01  0.3579E+00  0.3579E+00
  0.2630E+00  0.3772E+00  0.2597E-01  0.3577E+00  0.3577E+00
  0.2636E+00  0.3981E+00  0.2581E-01  0.3575E+00  0.3575E+00
  0.2642E+00  0.3658E+00  0.2540E-01  0.3573E+00  0.3573E+00
  0.2648E+00  0.3900E+00  0.2665E-01  0.3571E+00  0.3571E+00
  0.2654E+00  0.3660E+00  0.2667E-01  0.3569E+00  0.3569E+00
  0.2660E+00  0.3708E+00  0.2699E-01  0.3566E+00  0.3566E+00
  0.2666E+00  0.3490E+00  0.2668E-01  0.3564E+00  0.3564E+00
  0.2672E+00  0.3113E+00  0.2613E-01  0.3562E+00  0.3562E+00
  0.2678E+00  0.3315E+00  0.2603E-01  0.3560E+00  0.3560E+00
  0.2684E+00  0.3542E+00  0.2571E-01  0.3558E+00  0.3558E+00
  0.2691E+00  0.3663E+00  0.2737E-01  0.3556E+00  0.3556E+00
  0.2697E+00  0.3404E+00  0.2641E-01  0.3554E+00  0.3554E+00
  0.2703E+00  0.3478E+00  0.2547E-01  0.3552E+00  0.3552E+00
  0.2709E+00  0.3583E+00  0.2543E-01  0.3550E+00  0.3550E+00
  0.2715E+00  0.3591E+00  0.2545E-01  0.3548E+00  0.3548E+00
  0.2721E+00  0.3922E+00  0.2534E-01  0.3546E+00  0.3546E+00
  0.2727E+00  0.3714E+00  0.2599E-01  0.3545E+00  0.3545E+00
  0.2733E+00  0.3688E+00  0.2414E-01  0.3543E+00  0.3543E+00
  0.2739E+00  0.3686E+00  0.2505E-01  0.3542E+00  0.3542E+00
  0.2745E+00  0.3706E+00  0.2598E-01  0.3540E+00  0.3540E+00
  0.2751E+00  0.3681E+00  0.2601E-01  0.3539E+00  0.3539E+00
  0.2757E+00  0.3373E+00  0.2516E-01  0.3538E+00  0.3538E+00
  0.2763E+00  0.3265E+00  0.2529E-01  0.3537E+00  0.3537E+00
  0.2770E+00  0.3645E+00  0.2499E-01  0.3536E+00  0.3536E+00
  0.2776E+00  0.3744E+00  0.2458E-01  0.3535E+00  0.3535E+00
  0.2782E+00  0.3687E+00  0.2553E-01  0.3534E+00  0.3534E+00
  0.2788E+00  0.4042E+00  0.2565E-01  0.3534E+00  0.3534E+00
  0.2794E+00  0.3788E+00  0.2400E-01  0.3533E+00  0.3533E+00
  0.2800E+00  0.3532E+00  0.2505E-01  0.3533E+00  0.3533E+00
  0.2806E+00  0.3680E+00  0.2400E-01  0.3532E+00  0.3532E+00
  0.2812E+00  0.3423E+00  0.2397E-01  0.3532E+00  0.3532E+00
  0.2818E+00  0.3555E+00  0.2520E-01  0.3532E+00  0.3532E+00
  0.2824E+00  0.3486E+00  0.2472E-01  0.3531E+00  0.3531E+00
  0.2830E+00  0.3340E+00  0.2411E-01  0.3531E+00  0.3531E+00
  0.2836E+00  0.3633E+00  0.2572E-01  0.3531E+00  0.3531E+00
  0.2843E+00  0.3573E+00  0.2898E-01  0.3530E+00  0.3530E+00
  0.2849E+00  0.3296E+00  0.4385E-01  0.3530E+00  0.3530E+00
  0.2855E+00  0.3542E+00  0.4406E-01  0.3530E+00  0.3530E+00
  0.2861E+00  0.3162E+00  0.2734E-01  0.3529E+00  0.3529E+00
  0.2867E+00  0.2807E+00  0.2402E-01  0.3529E+00  0.3529E+00
  0.2873E+00  0.2863E+00  0.2427E-01  0.3528E+00  0.3528E+00
  0.2879E+00  0.3192E+00  0.2350E-01  0.3528E+00  0.3528E+00
  0.2885E+00  0.3374E+00  0.2292E-01  0.3527E+00  0.3527E+00
  0.2891E+00  0.3180E+00  0.2359E-01  0.3526E+00  0.3526E+00
  0.2897E+00  0.3380E+00  0.2363E-01  0.3525E+00  0.3525E+00
  0.2903E+00  0.3911E+00  0.2398E-01  0.3524E+00  0.3524E+00
  0.2909E+00  0.3884E+00  0.2394E-01  0.3523E+00  0.3523E+00
  0.2915E+00  0.3499E+00  0.2363E-01  0.3521E+00  0.3521E+00
  0.2922E+00  0.3787E+00  0.2256E-01  0.3519E+00  0.3519E+00
  0.2928E+00  0.3536E+00  0.2306E-01  0.3517E+00  0.3517E+00
  0.2934E+00  0.3314E+00  0.2837E-01  0.3515E+00  0.3515E+00
  0.2940E+00  0.3785E+00  0.4732E-01  0.3513E+00  0.3513E+00
  0.2946E+00  0.3878E+00  0.3987E-01  0.3510E+00  0.3510E+00
  0.2952E+00  0.3748E+00  0.4996E-01  0.3507E+00  0.3507E+00
  0.2958E+00  0.3867E+00  0.3081E-01  0.3504E+00  0.3504E+00
  0.2964E+00  0.3837E+00  0.2323E-01  0.3500E+00  0.3500E+00
  0.2970E+00  0.4222E+00  0.2266E-01  0.3497E+00  0.3497E+00
  0.2976E+00  0.3761E+00  0.2323E-01  0.3492E+00  0.3492E+00
  0.2982E+00  0.3853E+00  0.2327E-01  0.3488E+00  0.3488E+00
  0.2988E+00  0.3913E+00  0.2267E-01  0.3483E+00  0.3483E+00
  0.2995E+00  0.3846E+00  0.2264E-01  0.3478E+00  0.3478E+00
  0.3001E+00  0.3378E+00  0.2243E-01  0.3473E+00  0.3473E+00
  0.3007E+00  0.3771E+00  0.2196E-01  0.3467E+00  0.3467E+00
  0.3013E+00  0.3868E+00  0.2199E-01  0.3461E+00  0.3461E+00
  0.3019E+00  0.4386E+00  0.2272E-01  0.3455E+00  0.3455E+00
  0.3025E+00  0.4114E+00  0.2194E-01  0.3448E+00  0.3448E+00
  0.3031E+00  0.3990E+00  0.2217E-01  0.3441E+00  0.3441E+00
  0.3037E+00  0.3869E+00  0.2229E-01  0.3433E+00  0.3433E+00
  0.3043E+00  0.3859E+00  0.2161E-01  0.3426E+00  0.3426E+00
  0.3049E+00  0.3548E+00  0.2259E-01  0.3418E+00  0.3418E+00
  0.3055E+00  0.3493E+00  0.2249E-01  0.3410E+00  0.3410E+00
  0.3061E+00  0.3560E+00  0.2206E-01  0.3401E+00  0.3401E+00
  0.3067E+00  0.3557E+00  0.2466E-01  0.3392E+00  0.3392E+00
  0.3074E+00  0.3836E+00  0.2994E-01  0.3383E+00  0.3383E+00
  0.3080E+00  0.3876E+00  0.2346E-01  0.3373E+00  0.3373E+00
  0.3086E+00  0.3513E+00  0.2131E-01  0.3364E+00  0.3364E+00
  0.3092E+00  0.3473E+00  0.2210E-01  0.3354E+00  0.3354E+00
  0.3098E+00  0.3489E+00  0.2144E-01  0.3344E+00  0.3344E+00
  0.3104E+00  0.3351E+00  0.2087E-01  0.3333E+00  0.3333E+00
  0.3110E+00  0.3457E+00  0.2080E-01  0.3322E+00  0.3322E+00
  0.3116E+00  0.3506E+00  0.2084E-01  0.3312E+00  0.3312E+00
  0.3122E+00  0.3730E+00  0.2156E-01  0.3301E+00  0.3301E+00
  0.3128E+00  0.3690E+00  0.2099E-01  0.3289E+00  0.3289E+00
  0.3134E+00  0.3754E+00  0.2103E-01  0.3278E+00  0.3278E+00
  0.3140E+00  0.3737E+00  0.2349E-01  0.3267E+00  0.3267E+00
  0.3146E+00  0.3775E+00  0.2426E-01  0.3255E+00  0.3255E+00
  0.3153E+00  0.3784E+00  0.2582E-01  0.3243E+00  0.3243E+00
  0.3159E+00  0.3565E+00  0.2815E-01  0.3231E+00  0.3231E+00
  0.3165E+00  0.3490E+00  0.2715E-01  0.3219E+00  0.3219E+00

           Distance distribution  function of particle  


       R          P(R)      ERROR

  0.0000E+00  0.0000E+00  0.0000E+00
  0.1393E+01  0.3153E-02  0.2428E-04
  0.2786E+01  0.5378E-02  0.3329E-04
  0.4179E+01  0.6788E-02  0.3004E-04
  0.5572E+01  0.7555E-02  0.2039E-04
  0.6965E+01  0.7894E-02  0.1846E-04
  0.8358E+01  0.8029E-02  0.3098E-04
  0.9751E+01  0.8177E-02  0.4437E-04
  0.1114E+02  0.8515E-02  0.5255E-04
  0.1254E+02  0.9168E-02  0.5383E-04
  0.1393E+02  0.1019E-01  0.4912E-04
  0.1532E+02  0.1159E-01  0.4215E-04
  0.1672E+02  0.1328E-01  0.3951E-04
  0.1811E+02  0.1516E-01  0.4533E-04
  0.1950E+02  0.1708E-01  0.5550E-04
  0.2089E+02  0.1891E-01  0.6424E-04
  0.2229E+02  0.2049E-01  0.6853E-04
  0.2368E+02  0.2175E-01  0.6800E-04
  0.2507E+02  0.2261E-01  0.6468E-04
  0.2647E+02  0.2306E-01  0.6250E-04
  0.2786E+02  0.2315E-01  0.6513E-04
  0.2925E+02  0.2293E-01  0.7276E-04
  0.3065E+02  0.2252E-01  0.8228E-04
  0.3204E+02  0.2200E-01  0.9040E-04
  0.3343E+02  0.2147E-01  0.9538E-04
  0.3483E+02  0.2102E-01  0.9721E-04
  0.3622E+02  0.2068E-01  0.9715E-04
  0.3761E+02  0.2048E-01  0.9693E-04
  0.3900E+02  0.2040E-01  0.9762E-04
  0.4040E+02  0.2041E-01  0.9903E-04
  0.4179E+02  0.2045E-01  0.9999E-04
  0.4318E+02  0.2048E-01  0.9932E-04
  0.4458E+02  0.2045E-01  0.9669E-04
  0.4597E+02  0.2031E-01  0.9286E-04
  0.4736E+02  0.2007E-01  0.8939E-04
  0.4876E+02  0.1971E-01  0.8769E-04
  0.5015E+02  0.1927E-01  0.8806E-04
  0.5154E+02  0.1879E-01  0.8952E-04
  0.5293E+02  0.1830E-01  0.9074E-04
  0.5433E+02  0.1785E-01  0.9107E-04
  0.5572E+02  0.1747E-01  0.9104E-04
  0.5711E+02  0.1717E-01  0.9201E-04
  0.5851E+02  0.1696E-01  0.9518E-04
  0.5990E+02  0.1683E-01  0.1006E-03
  0.6129E+02  0.1675E-01  0.1069E-03
  0.6269E+02  0.1668E-01  0.1126E-03
  0.6408E+02  0.1659E-01  0.1165E-03
  0.6547E+02  0.1646E-01  0.1189E-03
  0.6686E+02  0.1626E-01  0.1211E-03
  0.6826E+02  0.1598E-01  0.1250E-03
  0.6965E+02  0.1564E-01  0.1321E-03
  0.7104E+02  0.1525E-01  0.1422E-03
  0.7244E+02  0.1483E-01  0.1540E-03
  0.7383E+02  0.1441E-01  0.1653E-03
  0.7522E+02  0.1402E-01  0.1747E-03
  0.7661E+02  0.1368E-01  0.1809E-03
  0.7801E+02  0.1339E-01  0.1840E-03
  0.7940E+02  0.1315E-01  0.1842E-03
  0.8079E+02  0.1296E-01  0.1823E-03
  0.8219E+02  0.1280E-01  0.1789E-03
  0.8358E+02  0.1263E-01  0.1745E-03
  0.8497E+02  0.1245E-01  0.1693E-03
  0.8637E+02  0.1223E-01  0.1635E-03
  0.8776E+02  0.1196E-01  0.1574E-03
  0.8915E+02  0.1164E-01  0.1515E-03
  0.9055E+02  0.1127E-01  0.1465E-03
  0.9194E+02  0.1087E-01  0.1431E-03
  0.9333E+02  0.1046E-01  0.1419E-03
  0.9472E+02  0.1004E-01  0.1429E-03
  0.9612E+02  0.9637E-02  0.1456E-03
  0.9751E+02  0.9262E-02  0.1494E-03
  0.9890E+02  0.8918E-02  0.1534E-03
  0.1003E+03  0.8601E-02  0.1571E-03
  0.1017E+03  0.8303E-02  0.1600E-03
  0.1031E+03  0.8011E-02  0.1625E-03
  0.1045E+03  0.7712E-02  0.1647E-03
  0.1059E+03  0.7395E-02  0.1675E-03
  0.1073E+03  0.7052E-02  0.1714E-03
  0.1087E+03  0.6681E-02  0.1764E-03
  0.1100E+03  0.6287E-02  0.1825E-03
  0.1114E+03  0.5880E-02  0.1887E-03
  0.1128E+03  0.5474E-02  0.1942E-03
  0.1142E+03  0.5083E-02  0.1981E-03
  0.1156E+03  0.4721E-02  0.2001E-03
  0.1170E+03  0.4401E-02  0.2002E-03
  0.1184E+03  0.4126E-02  0.1987E-03
  0.1198E+03  0.3897E-02  0.1966E-03
  0.1212E+03  0.3706E-02  0.1944E-03
  0.1226E+03  0.3543E-02  0.1925E-03
  0.1240E+03  0.3394E-02  0.1910E-03
  0.1254E+03  0.3244E-02  0.1893E-03
  0.1268E+03  0.3079E-02  0.1867E-03
  0.1282E+03  0.2890E-02  0.1825E-03
  0.1295E+03  0.2668E-02  0.1758E-03
  0.1309E+03  0.2411E-02  0.1659E-03
  0.1323E+03  0.2117E-02  0.1521E-03
  0.1337E+03  0.1786E-02  0.1337E-03
  0.1351E+03  0.1416E-02  0.1101E-03
  0.1365E+03  0.1002E-02  0.8043E-04
  0.1379E+03  0.5350E-03  0.4394E-04
  0.1393E+03  0.0000E+00  0.0000E+00
          Reciprocal space: Rg =   44.88     , I(0) =   0.2124E+02
     Real space: Rg =   45.13 +- 0.167  I(0) =   0.2124E+02 +-  0.9339E-01
