
           ####    G N O M   ---   Version 4.5a revised 09/02/02     ####

                                                  Fri Oct 20 04:26:04 2017
           ===    Run No   1   ===
 Run title:   Merge of: p3_E6_1.mccd p3_E6_2.mccd p3_E7_1.mccd p3_E7_2.mccd p3


   *******   Working Directory :
   *******    Input file(s) : 24162_merged.dat
           Condition P(rmin) = 0 is used. 
           Condition P(rmax) = 0 is used. 

          Experimental conditions for the first run
          -----------------------------------------

          Highest ALPHA is found to be   0.3007E+03

  The measure of inconsistency AN1 equals to    0.9096E+00
     Alpha    Discrp  Oscill  Stabil  Sysdev  Positv  Valcen    Total   
  0.3007E+06 54.2367  1.5247  0.9598  0.0000  1.0000  0.7679  0.00001
  0.6014E+05 48.8507  1.5082  0.8583  0.0000  1.0000  0.7725  0.00001
  0.1203E+05 34.5111  1.4453  0.5977  0.1070  1.0000  0.7911  0.00001
  0.2405E+04 18.2894  1.3369  0.3505  0.0041  1.0000  0.8351  0.00001
  0.4811E+03  6.9471  1.3056  0.1656  0.1070  1.0000  0.8747  0.00001
  0.9622E+02  1.8932  1.3129  0.0461  0.3374  1.0000  0.8907  0.52203
  0.1924E+02  0.6962  1.3216  0.0109  0.4815  1.0000  0.8950  0.59467
  0.3849E+01  0.5537  1.3278  0.0041  0.5144  1.0000  0.8959  0.54841
  0.7698E+00  0.5396  1.3330  0.0050  0.5556  1.0000  0.8960  0.47925
  0.1540E+00  0.5299  1.3664  0.0209  0.5556  1.0000  0.8951  0.10000
  0.3079E-01  0.5034  1.7527  0.0653  0.5473  0.9997  0.8907  0.10000
  0.6158E-02  0.4675  3.0519  0.0771  0.5761  0.9969  0.8788  0.10000
  0.1232E-02  0.4486  4.8868  0.1993  0.5926  0.9885  0.8690  0.10000
  0.2463E-03  0.4228  9.3781  0.4207  0.5844  0.9482  0.7550  0.10000
  0.4926E-04  0.4005 12.1592  0.2231  0.5885  0.8905  0.4892  0.10000
  0.9853E-05  0.3957 13.6467  0.2226  0.5967  0.8576  0.4315  0.10000
  0.1971E-05  0.3940 16.3237  0.5078  0.5967  0.8059  0.3345  0.10000
  0.3941E-06  0.3927 16.6148  0.2712  0.6049  0.7861  0.3109  0.10000
  0.7882E-07  0.3924 17.4194  0.3502  0.6049  0.7631  0.3038  0.10000
  0.1576E-07  0.3921 18.2769  0.8381  0.6049  0.7556  0.4056  0.10000
  0.3153E-08  0.3912 18.5156  0.8919  0.5967  0.7222  0.4832  0.10000
  0.6306E-09  0.3868 19.8978  0.9141  0.5967  0.7090  0.4822  0.10000
  0.1261E-09  0.3692 21.2796  0.8026  0.6049  0.7012  0.4743  0.10000
  0.2522E-10  0.3209 24.3989  0.5868  0.6049  0.6937  0.4491  0.10000
  0.5045E-11  0.2369 30.7128  0.4163  0.5967  0.6998  0.4276  0.10000
  0.1009E-11  0.1344 39.1514  0.3057  0.5885  0.7118  0.4002  0.10000
  0.2018E-12  0.0537 44.8776  0.1893  0.5967  0.7188  0.3668  0.10000
  0.4036E-13  0.0148 47.0545  0.0677  0.5885  0.7134  0.3489  0.10000
  0.8071E-14  0.0032 47.6469  0.0163  0.5967  0.7101  0.3426  0.10000
  0.1614E-14  0.0007 47.7777  0.0034  0.5967  0.7092  0.3411  0.10000
  0.3229E-15  0.0001 47.8044  0.0007  0.5967  0.7090  0.3408  0.10000

          ***  Golden section search to maximize estimate ***
     Alpha    Discrp  Oscill  Stabil  Sysdev  Positv  Valcen    Total   
  0.3559E+02  0.9227  1.3186  0.0184  0.3868  1.0000  0.8941  0.60385
  0.5203E+02  1.1791  1.3165  0.0261  0.3539  1.0000  0.8931  0.59026
  0.2814E+02  0.8140  1.3198  0.0149  0.4609  1.0000  0.8945  0.60174
  0.4114E+02  1.0075  1.3178  0.0210  0.3951  1.0000  0.8938  0.60232
  0.3253E+02  0.8773  1.3190  0.0170  0.4198  1.0000  0.8942  0.60348
  0.3761E+02  0.9534  1.3183  0.0194  0.3786  1.0000  0.8940  0.60364
  0.3439E+02  0.9048  1.3188  0.0179  0.3868  1.0000  0.8941  0.60379
  0.3635E+02  0.9342  1.3185  0.0188  0.3868  1.0000  0.8940  0.60382
  0.3512E+02  0.9158  1.3186  0.0182  0.3868  1.0000  0.8941  0.60384
  0.3587E+02  0.9270  1.3185  0.0186  0.3868  1.0000  0.8941  0.60385
  0.3541E+02  0.9200  1.3186  0.0183  0.3868  1.0000  0.8941  0.60385
  0.3570E+02  0.9244  1.3186  0.0185  0.3868  1.0000  0.8941  0.60385
  0.3559E+02  0.9227  1.3186  0.0184  0.3868  1.0000  0.8941  0.60385



             ####            Final results            ####

 Parameter    DISCRP    OSCILL    STABIL    SYSDEV    POSITV    VALCEN
 Weight        1.000     3.000     3.000     4.000     1.000     1.000
 Sigma         0.500     0.600     0.120     0.200     0.120     0.120
 Ideal         1.000     1.100     0.000     1.000     1.000     0.950
 Current       0.923     1.319     0.018     0.387     1.000     0.894
                - - - - - - - - - - - - - - - - - - - - - - - - - 
 Estimate      0.976     0.876     0.977     0.000     1.000     0.805

  Angular   range    :     from    0.0173   to    0.3159
  Real space range   :     from      0.00   to     90.06

  Highest ALPHA (theor) :   0.301E+06                 JOB = 0
  Current ALPHA         :   0.356E+02   Rg :  0.274E+02   I(0) :   0.242E+02

           Total  estimate : 0.604  which is  A REASONABLE  solution

      S          J EXP       ERROR       J REG       I REG

  0.0000E+00                                      0.2422E+02
  0.6189E-03                                      0.2422E+02
  0.1238E-02                                      0.2421E+02
  0.1857E-02                                      0.2420E+02
  0.2476E-02                                      0.2418E+02
  0.3095E-02                                      0.2416E+02
  0.3714E-02                                      0.2414E+02
  0.4333E-02                                      0.2411E+02
  0.4951E-02                                      0.2407E+02
  0.5570E-02                                      0.2403E+02
  0.6189E-02                                      0.2399E+02
  0.6808E-02                                      0.2394E+02
  0.7427E-02                                      0.2389E+02
  0.8046E-02                                      0.2383E+02
  0.8665E-02                                      0.2377E+02
  0.9284E-02                                      0.2370E+02
  0.9903E-02                                      0.2363E+02
  0.1052E-01                                      0.2356E+02
  0.1114E-01                                      0.2348E+02
  0.1176E-01                                      0.2340E+02
  0.1238E-01                                      0.2331E+02
  0.1300E-01                                      0.2322E+02
  0.1362E-01                                      0.2313E+02
  0.1424E-01                                      0.2303E+02
  0.1485E-01                                      0.2292E+02
  0.1547E-01                                      0.2282E+02
  0.1609E-01                                      0.2271E+02
  0.1671E-01                                      0.2259E+02
  0.1733E-01  0.2260E+02  0.1172E+01  0.2247E+02  0.2247E+02
  0.1794E-01  0.2356E+02  0.8680E+00  0.2235E+02  0.2235E+02
  0.1855E-01  0.2186E+02  0.7888E+00  0.2223E+02  0.2223E+02
  0.1915E-01  0.2285E+02  0.7251E+00  0.2210E+02  0.2210E+02
  0.1976E-01  0.2281E+02  0.6149E+00  0.2197E+02  0.2197E+02
  0.2037E-01  0.2299E+02  0.7419E+00  0.2184E+02  0.2184E+02
  0.2098E-01  0.2213E+02  0.7883E+00  0.2171E+02  0.2171E+02
  0.2159E-01  0.2244E+02  0.6699E+00  0.2157E+02  0.2157E+02
  0.2219E-01  0.2251E+02  0.7117E+00  0.2143E+02  0.2143E+02
  0.2280E-01  0.2263E+02  0.4670E+00  0.2128E+02  0.2128E+02
  0.2341E-01  0.2186E+02  0.5244E+00  0.2113E+02  0.2113E+02
  0.2402E-01  0.2146E+02  0.4999E+00  0.2098E+02  0.2098E+02
  0.2463E-01  0.2160E+02  0.5083E+00  0.2083E+02  0.2083E+02
  0.2524E-01  0.2127E+02  0.4161E+00  0.2068E+02  0.2068E+02
  0.2584E-01  0.2068E+02  0.4288E+00  0.2052E+02  0.2052E+02
  0.2645E-01  0.2066E+02  0.4549E+00  0.2036E+02  0.2036E+02
  0.2706E-01  0.2010E+02  0.3954E+00  0.2020E+02  0.2020E+02
  0.2767E-01  0.2037E+02  0.4217E+00  0.2003E+02  0.2003E+02
  0.2828E-01  0.1975E+02  0.3963E+00  0.1986E+02  0.1986E+02
  0.2888E-01  0.2033E+02  0.3608E+00  0.1970E+02  0.1970E+02
  0.2949E-01  0.2001E+02  0.3377E+00  0.1953E+02  0.1953E+02
  0.3010E-01  0.2009E+02  0.3635E+00  0.1935E+02  0.1935E+02
  0.3071E-01  0.2021E+02  0.3799E+00  0.1918E+02  0.1918E+02
  0.3132E-01  0.1990E+02  0.3669E+00  0.1900E+02  0.1900E+02
  0.3192E-01  0.1962E+02  0.4029E+00  0.1883E+02  0.1883E+02
  0.3253E-01  0.1960E+02  0.3626E+00  0.1865E+02  0.1865E+02
  0.3314E-01  0.1873E+02  0.3653E+00  0.1847E+02  0.1847E+02
  0.3375E-01  0.1867E+02  0.3462E+00  0.1828E+02  0.1828E+02
  0.3436E-01  0.1874E+02  0.3084E+00  0.1810E+02  0.1810E+02
  0.3497E-01  0.1833E+02  0.3137E+00  0.1792E+02  0.1792E+02
  0.3557E-01  0.1809E+02  0.3218E+00  0.1773E+02  0.1773E+02
  0.3618E-01  0.1828E+02  0.3006E+00  0.1754E+02  0.1754E+02
  0.3679E-01  0.1762E+02  0.3176E+00  0.1736E+02  0.1736E+02
  0.3740E-01  0.1759E+02  0.3122E+00  0.1717E+02  0.1717E+02
  0.3801E-01  0.1721E+02  0.3347E+00  0.1698E+02  0.1698E+02
  0.3861E-01  0.1730E+02  0.2922E+00  0.1679E+02  0.1679E+02
  0.3922E-01  0.1712E+02  0.2870E+00  0.1660E+02  0.1660E+02
  0.3983E-01  0.1684E+02  0.2839E+00  0.1641E+02  0.1641E+02
  0.4044E-01  0.1652E+02  0.2838E+00  0.1622E+02  0.1622E+02
  0.4105E-01  0.1649E+02  0.2896E+00  0.1603E+02  0.1603E+02
  0.4165E-01  0.1587E+02  0.2719E+00  0.1584E+02  0.1584E+02
  0.4226E-01  0.1558E+02  0.2713E+00  0.1565E+02  0.1565E+02
  0.4287E-01  0.1543E+02  0.2768E+00  0.1546E+02  0.1546E+02
  0.4348E-01  0.1485E+02  0.2668E+00  0.1526E+02  0.1526E+02
  0.4409E-01  0.1477E+02  0.2714E+00  0.1507E+02  0.1507E+02
  0.4469E-01  0.1499E+02  0.2587E+00  0.1488E+02  0.1488E+02
  0.4530E-01  0.1473E+02  0.2520E+00  0.1469E+02  0.1469E+02
  0.4591E-01  0.1463E+02  0.2562E+00  0.1450E+02  0.1450E+02
  0.4652E-01  0.1448E+02  0.2508E+00  0.1431E+02  0.1431E+02
  0.4713E-01  0.1381E+02  0.2520E+00  0.1412E+02  0.1412E+02
  0.4773E-01  0.1384E+02  0.2314E+00  0.1393E+02  0.1393E+02
  0.4834E-01  0.1369E+02  0.2560E+00  0.1374E+02  0.1374E+02
  0.4895E-01  0.1336E+02  0.2573E+00  0.1355E+02  0.1355E+02
  0.4956E-01  0.1325E+02  0.2446E+00  0.1337E+02  0.1337E+02
  0.5017E-01  0.1320E+02  0.1328E+00  0.1318E+02  0.1318E+02
  0.5078E-01  0.1309E+02  0.1455E+00  0.1299E+02  0.1299E+02
  0.5138E-01  0.1306E+02  0.1496E+00  0.1281E+02  0.1281E+02
  0.5199E-01  0.1282E+02  0.1471E+00  0.1262E+02  0.1262E+02
  0.5260E-01  0.1264E+02  0.1432E+00  0.1244E+02  0.1244E+02
  0.5321E-01  0.1235E+02  0.1467E+00  0.1226E+02  0.1226E+02
  0.5382E-01  0.1216E+02  0.1432E+00  0.1208E+02  0.1208E+02
  0.5442E-01  0.1192E+02  0.1447E+00  0.1190E+02  0.1190E+02
  0.5503E-01  0.1184E+02  0.1160E+00  0.1172E+02  0.1172E+02
  0.5564E-01  0.1172E+02  0.1004E+00  0.1154E+02  0.1154E+02
  0.5625E-01  0.1160E+02  0.9045E-01  0.1137E+02  0.1137E+02
  0.5686E-01  0.1146E+02  0.9199E-01  0.1119E+02  0.1119E+02
  0.5746E-01  0.1115E+02  0.8934E-01  0.1102E+02  0.1102E+02
  0.5807E-01  0.1094E+02  0.8966E-01  0.1085E+02  0.1085E+02
  0.5868E-01  0.1080E+02  0.9606E-01  0.1068E+02  0.1068E+02
  0.5929E-01  0.1066E+02  0.9035E-01  0.1051E+02  0.1051E+02
  0.5990E-01  0.1056E+02  0.9188E-01  0.1034E+02  0.1034E+02
  0.6050E-01  0.1036E+02  0.8561E-01  0.1018E+02  0.1018E+02
  0.6111E-01  0.1019E+02  0.9117E-01  0.1001E+02  0.1001E+02
  0.6172E-01  0.9949E+01  0.7696E-01  0.9849E+01  0.9849E+01
  0.6233E-01  0.9697E+01  0.7023E-01  0.9688E+01  0.9688E+01
  0.6294E-01  0.9597E+01  0.6350E-01  0.9529E+01  0.9529E+01
  0.6354E-01  0.9427E+01  0.6905E-01  0.9371E+01  0.9371E+01
  0.6415E-01  0.9337E+01  0.7087E-01  0.9216E+01  0.9216E+01
  0.6476E-01  0.9134E+01  0.6797E-01  0.9062E+01  0.9062E+01
  0.6537E-01  0.9037E+01  0.6607E-01  0.8910E+01  0.8910E+01
  0.6598E-01  0.8853E+01  0.6729E-01  0.8759E+01  0.8759E+01
  0.6659E-01  0.8780E+01  0.6549E-01  0.8611E+01  0.8611E+01
  0.6719E-01  0.8613E+01  0.6820E-01  0.8464E+01  0.8464E+01
  0.6780E-01  0.8491E+01  0.6556E-01  0.8319E+01  0.8319E+01
  0.6841E-01  0.8402E+01  0.6559E-01  0.8176E+01  0.8176E+01
  0.6902E-01  0.8174E+01  0.7078E-01  0.8035E+01  0.8035E+01
  0.6963E-01  0.7966E+01  0.6683E-01  0.7896E+01  0.7896E+01
  0.7023E-01  0.7736E+01  0.6513E-01  0.7758E+01  0.7758E+01
  0.7084E-01  0.7685E+01  0.6400E-01  0.7623E+01  0.7623E+01
  0.7145E-01  0.7509E+01  0.6583E-01  0.7489E+01  0.7489E+01
  0.7206E-01  0.7440E+01  0.6012E-01  0.7357E+01  0.7357E+01
  0.7267E-01  0.7329E+01  0.6650E-01  0.7227E+01  0.7227E+01
  0.7327E-01  0.7187E+01  0.6123E-01  0.7099E+01  0.7099E+01
  0.7388E-01  0.7067E+01  0.5924E-01  0.6973E+01  0.6973E+01
  0.7449E-01  0.6863E+01  0.5730E-01  0.6849E+01  0.6849E+01
  0.7510E-01  0.6844E+01  0.5625E-01  0.6727E+01  0.6727E+01
  0.7571E-01  0.6661E+01  0.5295E-01  0.6606E+01  0.6606E+01
  0.7631E-01  0.6589E+01  0.5561E-01  0.6488E+01  0.6488E+01
  0.7692E-01  0.6501E+01  0.5482E-01  0.6371E+01  0.6371E+01
  0.7753E-01  0.6310E+01  0.5459E-01  0.6256E+01  0.6256E+01
  0.7814E-01  0.6254E+01  0.5738E-01  0.6143E+01  0.6143E+01
  0.7875E-01  0.6192E+01  0.5744E-01  0.6032E+01  0.6032E+01
  0.7935E-01  0.6067E+01  0.6649E-01  0.5923E+01  0.5923E+01
  0.7996E-01  0.5930E+01  0.9744E-01  0.5815E+01  0.5815E+01
  0.8057E-01  0.5778E+01  0.6207E-01  0.5709E+01  0.5709E+01
  0.8118E-01  0.5604E+01  0.4389E-01  0.5605E+01  0.5605E+01
  0.8179E-01  0.5571E+01  0.3811E-01  0.5503E+01  0.5503E+01
  0.8239E-01  0.5544E+01  0.3594E-01  0.5403E+01  0.5403E+01
  0.8300E-01  0.5411E+01  0.3600E-01  0.5304E+01  0.5304E+01
  0.8361E-01  0.5307E+01  0.3502E-01  0.5207E+01  0.5207E+01
  0.8422E-01  0.5124E+01  0.3664E-01  0.5112E+01  0.5112E+01
  0.8483E-01  0.5023E+01  0.3586E-01  0.5018E+01  0.5018E+01
  0.8544E-01  0.4947E+01  0.3541E-01  0.4926E+01  0.4926E+01
  0.8604E-01  0.4860E+01  0.3497E-01  0.4836E+01  0.4836E+01
  0.8665E-01  0.4785E+01  0.4883E-01  0.4748E+01  0.4748E+01
  0.8726E-01  0.4674E+01  0.8949E-01  0.4661E+01  0.4661E+01
  0.8787E-01  0.4585E+01  0.8024E-01  0.4575E+01  0.4575E+01
  0.8847E-01  0.4536E+01  0.1604E+00  0.4491E+01  0.4491E+01
  0.8908E-01  0.4440E+01  0.8001E-01  0.4409E+01  0.4409E+01
  0.8969E-01  0.4391E+01  0.8853E-01  0.4328E+01  0.4328E+01
  0.9030E-01  0.4328E+01  0.4796E-01  0.4249E+01  0.4249E+01
  0.9091E-01  0.4254E+01  0.3532E-01  0.4172E+01  0.4172E+01
  0.9151E-01  0.4159E+01  0.3270E-01  0.4095E+01  0.4095E+01
  0.9212E-01  0.4029E+01  0.3277E-01  0.4020E+01  0.4020E+01
  0.9273E-01  0.3992E+01  0.3197E-01  0.3947E+01  0.3947E+01
  0.9334E-01  0.3911E+01  0.3077E-01  0.3875E+01  0.3875E+01
  0.9395E-01  0.3870E+01  0.3344E-01  0.3804E+01  0.3804E+01
  0.9456E-01  0.3816E+01  0.3477E-01  0.3735E+01  0.3735E+01
  0.9516E-01  0.3753E+01  0.3674E-01  0.3667E+01  0.3667E+01
  0.9577E-01  0.3639E+01  0.3498E-01  0.3600E+01  0.3600E+01
  0.9638E-01  0.3570E+01  0.3331E-01  0.3535E+01  0.3535E+01
  0.9699E-01  0.3453E+01  0.3410E-01  0.3471E+01  0.3471E+01
  0.9760E-01  0.3363E+01  0.3448E-01  0.3408E+01  0.3408E+01
  0.9820E-01  0.3301E+01  0.3571E-01  0.3346E+01  0.3346E+01
  0.9881E-01  0.3279E+01  0.4715E-01  0.3286E+01  0.3286E+01
  0.9942E-01  0.3282E+01  0.3461E-01  0.3227E+01  0.3227E+01
  0.1000E+00  0.3169E+01  0.3247E-01  0.3169E+01  0.3169E+01
  0.1006E+00  0.3150E+01  0.3328E-01  0.3112E+01  0.3112E+01
  0.1012E+00  0.3011E+01  0.3085E-01  0.3056E+01  0.3056E+01
  0.1019E+00  0.2996E+01  0.3138E-01  0.3001E+01  0.3001E+01
  0.1025E+00  0.2929E+01  0.3273E-01  0.2947E+01  0.2947E+01
  0.1031E+00  0.2879E+01  0.3168E-01  0.2894E+01  0.2894E+01
  0.1037E+00  0.2829E+01  0.3283E-01  0.2842E+01  0.2842E+01
  0.1043E+00  0.2773E+01  0.3089E-01  0.2792E+01  0.2792E+01
  0.1049E+00  0.2743E+01  0.3133E-01  0.2742E+01  0.2742E+01
  0.1055E+00  0.2667E+01  0.3020E-01  0.2693E+01  0.2693E+01
  0.1061E+00  0.2619E+01  0.3046E-01  0.2645E+01  0.2645E+01
  0.1067E+00  0.2571E+01  0.3093E-01  0.2598E+01  0.2598E+01
  0.1073E+00  0.2489E+01  0.3144E-01  0.2552E+01  0.2552E+01
  0.1079E+00  0.2478E+01  0.3083E-01  0.2507E+01  0.2507E+01
  0.1085E+00  0.2405E+01  0.2946E-01  0.2463E+01  0.2463E+01
  0.1091E+00  0.2391E+01  0.3205E-01  0.2419E+01  0.2419E+01
  0.1098E+00  0.2357E+01  0.3136E-01  0.2377E+01  0.2377E+01
  0.1104E+00  0.2309E+01  0.2995E-01  0.2335E+01  0.2335E+01
  0.1110E+00  0.2261E+01  0.2896E-01  0.2294E+01  0.2294E+01
  0.1116E+00  0.2255E+01  0.2846E-01  0.2254E+01  0.2254E+01
  0.1122E+00  0.2257E+01  0.2812E-01  0.2214E+01  0.2214E+01
  0.1128E+00  0.2132E+01  0.2912E-01  0.2175E+01  0.2175E+01
  0.1134E+00  0.2154E+01  0.2966E-01  0.2137E+01  0.2137E+01
  0.1140E+00  0.2091E+01  0.2903E-01  0.2100E+01  0.2100E+01
  0.1146E+00  0.2076E+01  0.2937E-01  0.2063E+01  0.2063E+01
  0.1152E+00  0.2062E+01  0.2858E-01  0.2027E+01  0.2027E+01
  0.1158E+00  0.2007E+01  0.2813E-01  0.1992E+01  0.1992E+01
  0.1164E+00  0.1932E+01  0.2902E-01  0.1957E+01  0.1957E+01
  0.1171E+00  0.1919E+01  0.2715E-01  0.1923E+01  0.1923E+01
  0.1177E+00  0.1833E+01  0.2645E-01  0.1890E+01  0.1890E+01
  0.1183E+00  0.1794E+01  0.2825E-01  0.1857E+01  0.1857E+01
  0.1189E+00  0.1765E+01  0.2701E-01  0.1825E+01  0.1825E+01
  0.1195E+00  0.1737E+01  0.2859E-01  0.1793E+01  0.1793E+01
  0.1201E+00  0.1703E+01  0.2909E-01  0.1762E+01  0.1762E+01
  0.1207E+00  0.1713E+01  0.2903E-01  0.1731E+01  0.1731E+01
  0.1213E+00  0.1687E+01  0.2751E-01  0.1702E+01  0.1702E+01
  0.1219E+00  0.1616E+01  0.2733E-01  0.1672E+01  0.1672E+01
  0.1225E+00  0.1633E+01  0.2896E-01  0.1643E+01  0.1643E+01
  0.1231E+00  0.1592E+01  0.2715E-01  0.1615E+01  0.1615E+01
  0.1237E+00  0.1514E+01  0.3405E-01  0.1587E+01  0.1587E+01
  0.1244E+00  0.1507E+01  0.4385E-01  0.1560E+01  0.1560E+01
  0.1250E+00  0.1506E+01  0.3842E-01  0.1533E+01  0.1533E+01
  0.1256E+00  0.1538E+01  0.7630E-01  0.1506E+01  0.1506E+01
  0.1262E+00  0.1491E+01  0.1567E+00  0.1481E+01  0.1481E+01
  0.1268E+00  0.1510E+01  0.6833E-01  0.1455E+01  0.1455E+01
  0.1274E+00  0.1495E+01  0.2680E-01  0.1430E+01  0.1430E+01
  0.1280E+00  0.1480E+01  0.2560E-01  0.1406E+01  0.1406E+01
  0.1286E+00  0.1417E+01  0.2657E-01  0.1381E+01  0.1381E+01
  0.1292E+00  0.1368E+01  0.2598E-01  0.1358E+01  0.1358E+01
  0.1298E+00  0.1320E+01  0.2598E-01  0.1335E+01  0.1335E+01
  0.1304E+00  0.1262E+01  0.2603E-01  0.1312E+01  0.1312E+01
  0.1310E+00  0.1255E+01  0.2739E-01  0.1289E+01  0.1289E+01
  0.1316E+00  0.1218E+01  0.2643E-01  0.1267E+01  0.1267E+01
  0.1323E+00  0.1214E+01  0.2641E-01  0.1246E+01  0.1246E+01
  0.1329E+00  0.1190E+01  0.2810E-01  0.1225E+01  0.1225E+01
  0.1335E+00  0.1196E+01  0.3207E-01  0.1204E+01  0.1204E+01
  0.1341E+00  0.1183E+01  0.4817E-01  0.1183E+01  0.1183E+01
  0.1347E+00  0.1186E+01  0.3194E-01  0.1163E+01  0.1163E+01
  0.1353E+00  0.1145E+01  0.2565E-01  0.1143E+01  0.1143E+01
  0.1359E+00  0.1155E+01  0.2788E-01  0.1124E+01  0.1124E+01
  0.1365E+00  0.1127E+01  0.2912E-01  0.1105E+01  0.1105E+01
  0.1371E+00  0.1125E+01  0.3124E-01  0.1087E+01  0.1087E+01
  0.1377E+00  0.1096E+01  0.2821E-01  0.1068E+01  0.1068E+01
  0.1383E+00  0.1021E+01  0.3172E-01  0.1050E+01  0.1050E+01
  0.1389E+00  0.1036E+01  0.2936E-01  0.1033E+01  0.1033E+01
  0.1396E+00  0.1003E+01  0.3395E-01  0.1015E+01  0.1015E+01
  0.1402E+00  0.9511E+00  0.4291E-01  0.9984E+00  0.9984E+00
  0.1408E+00  0.9178E+00  0.4610E-01  0.9818E+00  0.9818E+00
  0.1414E+00  0.9679E+00  0.4506E-01  0.9655E+00  0.9655E+00
  0.1420E+00  0.8894E+00  0.4998E-01  0.9495E+00  0.9495E+00
  0.1426E+00  0.9040E+00  0.4015E-01  0.9339E+00  0.9339E+00
  0.1432E+00  0.8713E+00  0.3700E-01  0.9185E+00  0.9185E+00
  0.1438E+00  0.8436E+00  0.3816E-01  0.9034E+00  0.9034E+00
  0.1444E+00  0.8981E+00  0.3822E-01  0.8886E+00  0.8886E+00
  0.1450E+00  0.8845E+00  0.3989E-01  0.8742E+00  0.8742E+00
  0.1456E+00  0.8744E+00  0.3744E-01  0.8600E+00  0.8600E+00
  0.1462E+00  0.8908E+00  0.3746E-01  0.8460E+00  0.8460E+00
  0.1468E+00  0.8122E+00  0.3733E-01  0.8324E+00  0.8324E+00
  0.1475E+00  0.7853E+00  0.3802E-01  0.8191E+00  0.8191E+00
  0.1481E+00  0.7958E+00  0.3835E-01  0.8060E+00  0.8060E+00
  0.1487E+00  0.8253E+00  0.3653E-01  0.7932E+00  0.7932E+00
  0.1493E+00  0.7394E+00  0.3596E-01  0.7806E+00  0.7806E+00
  0.1499E+00  0.7268E+00  0.3426E-01  0.7683E+00  0.7683E+00
  0.1505E+00  0.7438E+00  0.3452E-01  0.7563E+00  0.7563E+00
  0.1511E+00  0.7538E+00  0.3494E-01  0.7445E+00  0.7445E+00
  0.1517E+00  0.7869E+00  0.3517E-01  0.7329E+00  0.7329E+00
  0.1523E+00  0.7810E+00  0.3535E-01  0.7216E+00  0.7216E+00
  0.1529E+00  0.7551E+00  0.3628E-01  0.7106E+00  0.7106E+00
  0.1535E+00  0.7326E+00  0.3527E-01  0.6997E+00  0.6997E+00
  0.1541E+00  0.6761E+00  0.3547E-01  0.6892E+00  0.6892E+00
  0.1548E+00  0.6430E+00  0.3488E-01  0.6788E+00  0.6788E+00
  0.1554E+00  0.6421E+00  0.3651E-01  0.6687E+00  0.6687E+00
  0.1560E+00  0.6068E+00  0.3835E-01  0.6587E+00  0.6587E+00
  0.1566E+00  0.6153E+00  0.3618E-01  0.6490E+00  0.6490E+00
  0.1572E+00  0.6536E+00  0.3528E-01  0.6395E+00  0.6395E+00
  0.1578E+00  0.6845E+00  0.3484E-01  0.6303E+00  0.6303E+00
  0.1584E+00  0.6993E+00  0.3347E-01  0.6212E+00  0.6212E+00
  0.1590E+00  0.6496E+00  0.3185E-01  0.6123E+00  0.6123E+00
  0.1596E+00  0.6079E+00  0.3495E-01  0.6036E+00  0.6036E+00
  0.1602E+00  0.5585E+00  0.3320E-01  0.5951E+00  0.5951E+00
  0.1608E+00  0.5363E+00  0.3300E-01  0.5868E+00  0.5868E+00
  0.1614E+00  0.4972E+00  0.3355E-01  0.5787E+00  0.5787E+00
  0.1620E+00  0.5058E+00  0.3364E-01  0.5708E+00  0.5708E+00
  0.1627E+00  0.4929E+00  0.3398E-01  0.5630E+00  0.5630E+00
  0.1633E+00  0.4890E+00  0.3509E-01  0.5554E+00  0.5554E+00
  0.1639E+00  0.4600E+00  0.3385E-01  0.5480E+00  0.5480E+00
  0.1645E+00  0.5003E+00  0.3255E-01  0.5408E+00  0.5408E+00
  0.1651E+00  0.4840E+00  0.3212E-01  0.5337E+00  0.5337E+00
  0.1657E+00  0.4926E+00  0.3263E-01  0.5268E+00  0.5268E+00
  0.1663E+00  0.4604E+00  0.3196E-01  0.5200E+00  0.5200E+00
  0.1669E+00  0.4861E+00  0.3343E-01  0.5134E+00  0.5134E+00
  0.1675E+00  0.4427E+00  0.3322E-01  0.5069E+00  0.5069E+00
  0.1681E+00  0.4526E+00  0.3258E-01  0.5006E+00  0.5006E+00
  0.1687E+00  0.4598E+00  0.3338E-01  0.4944E+00  0.4944E+00
  0.1693E+00  0.4857E+00  0.3332E-01  0.4883E+00  0.4883E+00
  0.1700E+00  0.5273E+00  0.3322E-01  0.4824E+00  0.4824E+00
  0.1706E+00  0.4836E+00  0.3354E-01  0.4766E+00  0.4766E+00
  0.1712E+00  0.4614E+00  0.3323E-01  0.4710E+00  0.4710E+00
  0.1718E+00  0.4641E+00  0.3249E-01  0.4654E+00  0.4654E+00
  0.1724E+00  0.4463E+00  0.3328E-01  0.4600E+00  0.4600E+00
  0.1730E+00  0.4312E+00  0.3252E-01  0.4547E+00  0.4547E+00
  0.1736E+00  0.4485E+00  0.3329E-01  0.4495E+00  0.4495E+00
  0.1742E+00  0.4185E+00  0.3254E-01  0.4444E+00  0.4444E+00
  0.1748E+00  0.3440E+00  0.3405E-01  0.4395E+00  0.4395E+00
  0.1754E+00  0.3680E+00  0.3374E-01  0.4346E+00  0.4346E+00
  0.1760E+00  0.3437E+00  0.3463E-01  0.4298E+00  0.4298E+00
  0.1766E+00  0.3233E+00  0.3271E-01  0.4252E+00  0.4252E+00
  0.1773E+00  0.3686E+00  0.3209E-01  0.4206E+00  0.4206E+00
  0.1779E+00  0.3988E+00  0.3233E-01  0.4161E+00  0.4161E+00
  0.1785E+00  0.3920E+00  0.3513E-01  0.4117E+00  0.4117E+00
  0.1791E+00  0.3576E+00  0.3210E-01  0.4074E+00  0.4074E+00
  0.1797E+00  0.3297E+00  0.3259E-01  0.4032E+00  0.4032E+00
  0.1803E+00  0.3445E+00  0.3224E-01  0.3991E+00  0.3991E+00
  0.1809E+00  0.3104E+00  0.3046E-01  0.3950E+00  0.3950E+00
  0.1815E+00  0.3356E+00  0.3245E-01  0.3910E+00  0.3910E+00
  0.1821E+00  0.2877E+00  0.3234E-01  0.3871E+00  0.3871E+00
  0.1827E+00  0.3048E+00  0.3180E-01  0.3833E+00  0.3833E+00
  0.1833E+00  0.3040E+00  0.3182E-01  0.3795E+00  0.3795E+00
  0.1839E+00  0.2837E+00  0.3266E-01  0.3758E+00  0.3758E+00
  0.1845E+00  0.3756E+00  0.3082E-01  0.3722E+00  0.3722E+00
  0.1852E+00  0.3414E+00  0.3291E-01  0.3686E+00  0.3686E+00
  0.1858E+00  0.2815E+00  0.3112E-01  0.3651E+00  0.3651E+00
  0.1864E+00  0.2976E+00  0.3176E-01  0.3617E+00  0.3617E+00
  0.1870E+00  0.2757E+00  0.3199E-01  0.3583E+00  0.3583E+00
  0.1876E+00  0.3012E+00  0.3143E-01  0.3549E+00  0.3549E+00
  0.1882E+00  0.3008E+00  0.2978E-01  0.3517E+00  0.3517E+00
  0.1888E+00  0.2941E+00  0.3086E-01  0.3484E+00  0.3484E+00
  0.1894E+00  0.2366E+00  0.3177E-01  0.3453E+00  0.3453E+00
  0.1900E+00  0.2684E+00  0.3113E-01  0.3421E+00  0.3421E+00
  0.1906E+00  0.2775E+00  0.3044E-01  0.3391E+00  0.3391E+00
  0.1912E+00  0.2881E+00  0.3083E-01  0.3360E+00  0.3360E+00
  0.1918E+00  0.2930E+00  0.3092E-01  0.3331E+00  0.3331E+00
  0.1925E+00  0.2959E+00  0.3087E-01  0.3301E+00  0.3301E+00
  0.1931E+00  0.3439E+00  0.3055E-01  0.3272E+00  0.3272E+00
  0.1937E+00  0.3264E+00  0.2909E-01  0.3244E+00  0.3244E+00
  0.1943E+00  0.3170E+00  0.2963E-01  0.3216E+00  0.3216E+00
  0.1949E+00  0.3828E+00  0.3039E-01  0.3188E+00  0.3188E+00
  0.1955E+00  0.3392E+00  0.3037E-01  0.3161E+00  0.3161E+00
  0.1961E+00  0.3629E+00  0.2972E-01  0.3134E+00  0.3134E+00
  0.1967E+00  0.3787E+00  0.2924E-01  0.3107E+00  0.3107E+00
  0.1973E+00  0.3385E+00  0.2981E-01  0.3081E+00  0.3081E+00
  0.1979E+00  0.3401E+00  0.2900E-01  0.3055E+00  0.3055E+00
  0.1985E+00  0.3372E+00  0.2974E-01  0.3030E+00  0.3030E+00
  0.1991E+00  0.2950E+00  0.2866E-01  0.3005E+00  0.3005E+00
  0.1997E+00  0.3231E+00  0.2911E-01  0.2980E+00  0.2980E+00
  0.2004E+00  0.3217E+00  0.2968E-01  0.2955E+00  0.2955E+00
  0.2010E+00  0.3077E+00  0.2979E-01  0.2931E+00  0.2931E+00
  0.2016E+00  0.3154E+00  0.2925E-01  0.2907E+00  0.2907E+00
  0.2022E+00  0.2893E+00  0.2961E-01  0.2884E+00  0.2884E+00
  0.2028E+00  0.3322E+00  0.3030E-01  0.2861E+00  0.2861E+00
  0.2034E+00  0.3270E+00  0.2911E-01  0.2838E+00  0.2838E+00
  0.2040E+00  0.3199E+00  0.2927E-01  0.2815E+00  0.2815E+00
  0.2046E+00  0.3102E+00  0.2879E-01  0.2793E+00  0.2793E+00
  0.2052E+00  0.3412E+00  0.2870E-01  0.2771E+00  0.2771E+00
  0.2058E+00  0.3299E+00  0.2909E-01  0.2749E+00  0.2749E+00
  0.2064E+00  0.3076E+00  0.2913E-01  0.2728E+00  0.2728E+00
  0.2070E+00  0.2952E+00  0.2950E-01  0.2707E+00  0.2707E+00
  0.2077E+00  0.2377E+00  0.2939E-01  0.2686E+00  0.2686E+00
  0.2083E+00  0.2554E+00  0.2914E-01  0.2665E+00  0.2665E+00
  0.2089E+00  0.2503E+00  0.2982E-01  0.2645E+00  0.2645E+00
  0.2095E+00  0.2330E+00  0.2790E-01  0.2625E+00  0.2625E+00
  0.2101E+00  0.2236E+00  0.2832E-01  0.2605E+00  0.2605E+00
  0.2107E+00  0.2165E+00  0.3009E-01  0.2586E+00  0.2586E+00
  0.2113E+00  0.2547E+00  0.3000E-01  0.2567E+00  0.2567E+00
  0.2119E+00  0.2260E+00  0.3052E-01  0.2548E+00  0.2548E+00
  0.2125E+00  0.2373E+00  0.3429E-01  0.2529E+00  0.2529E+00
  0.2131E+00  0.2061E+00  0.2976E-01  0.2511E+00  0.2511E+00
  0.2137E+00  0.2341E+00  0.2801E-01  0.2493E+00  0.2493E+00
  0.2143E+00  0.2307E+00  0.2837E-01  0.2475E+00  0.2475E+00
  0.2149E+00  0.2374E+00  0.2937E-01  0.2457E+00  0.2457E+00
  0.2156E+00  0.2245E+00  0.2810E-01  0.2440E+00  0.2440E+00
  0.2162E+00  0.2064E+00  0.2930E-01  0.2423E+00  0.2423E+00
  0.2168E+00  0.2348E+00  0.2877E-01  0.2406E+00  0.2406E+00
  0.2174E+00  0.2326E+00  0.2910E-01  0.2390E+00  0.2390E+00
  0.2180E+00  0.2475E+00  0.3121E-01  0.2373E+00  0.2373E+00
  0.2186E+00  0.2463E+00  0.3188E-01  0.2357E+00  0.2357E+00
  0.2192E+00  0.2433E+00  0.4524E-01  0.2342E+00  0.2342E+00
  0.2198E+00  0.2258E+00  0.3241E-01  0.2326E+00  0.2326E+00
  0.2204E+00  0.1994E+00  0.3053E-01  0.2311E+00  0.2311E+00
  0.2210E+00  0.1850E+00  0.2878E-01  0.2296E+00  0.2296E+00
  0.2216E+00  0.2093E+00  0.2812E-01  0.2281E+00  0.2281E+00
  0.2222E+00  0.2217E+00  0.2843E-01  0.2267E+00  0.2267E+00
  0.2228E+00  0.2029E+00  0.2756E-01  0.2252E+00  0.2252E+00
  0.2235E+00  0.2364E+00  0.2917E-01  0.2238E+00  0.2238E+00
  0.2241E+00  0.2149E+00  0.2773E-01  0.2224E+00  0.2224E+00
  0.2247E+00  0.2220E+00  0.2633E-01  0.2211E+00  0.2211E+00
  0.2253E+00  0.2443E+00  0.2766E-01  0.2197E+00  0.2197E+00
  0.2259E+00  0.2220E+00  0.2659E-01  0.2184E+00  0.2184E+00
  0.2265E+00  0.2203E+00  0.2634E-01  0.2171E+00  0.2171E+00
  0.2271E+00  0.2405E+00  0.2740E-01  0.2159E+00  0.2159E+00
  0.2277E+00  0.1923E+00  0.2723E-01  0.2146E+00  0.2146E+00
  0.2283E+00  0.1977E+00  0.2875E-01  0.2134E+00  0.2134E+00
  0.2289E+00  0.1861E+00  0.3437E-01  0.2122E+00  0.2122E+00
  0.2295E+00  0.1834E+00  0.3139E-01  0.2110E+00  0.2110E+00
  0.2301E+00  0.1694E+00  0.2913E-01  0.2098E+00  0.2098E+00
  0.2308E+00  0.2062E+00  0.2768E-01  0.2087E+00  0.2087E+00
  0.2314E+00  0.1751E+00  0.2930E-01  0.2076E+00  0.2076E+00
  0.2320E+00  0.1793E+00  0.2766E-01  0.2064E+00  0.2064E+00
  0.2326E+00  0.2014E+00  0.2754E-01  0.2054E+00  0.2054E+00
  0.2332E+00  0.2179E+00  0.2791E-01  0.2043E+00  0.2043E+00
  0.2338E+00  0.2128E+00  0.2692E-01  0.2032E+00  0.2032E+00
  0.2344E+00  0.2108E+00  0.2761E-01  0.2022E+00  0.2022E+00
  0.2350E+00  0.2069E+00  0.2748E-01  0.2012E+00  0.2012E+00
  0.2356E+00  0.2043E+00  0.3001E-01  0.2002E+00  0.2002E+00
  0.2362E+00  0.2213E+00  0.2733E-01  0.1992E+00  0.1992E+00
  0.2368E+00  0.2349E+00  0.2725E-01  0.1983E+00  0.1983E+00
  0.2374E+00  0.2073E+00  0.2643E-01  0.1973E+00  0.1973E+00
  0.2380E+00  0.2089E+00  0.2660E-01  0.1964E+00  0.1964E+00
  0.2387E+00  0.1734E+00  0.3699E-01  0.1955E+00  0.1955E+00
  0.2393E+00  0.1608E+00  0.1881E-01  0.1946E+00  0.1946E+00
  0.2405E+00  0.1777E+00  0.2986E-01  0.1928E+00  0.1928E+00
  0.2411E+00  0.1803E+00  0.2599E-01  0.1919E+00  0.1919E+00
  0.2417E+00  0.1618E+00  0.2620E-01  0.1911E+00  0.1911E+00
  0.2423E+00  0.1945E+00  0.2701E-01  0.1903E+00  0.1903E+00
  0.2429E+00  0.1903E+00  0.2719E-01  0.1894E+00  0.1894E+00
  0.2435E+00  0.1694E+00  0.2807E-01  0.1886E+00  0.1886E+00
  0.2441E+00  0.1603E+00  0.3691E-01  0.1878E+00  0.1878E+00
  0.2447E+00  0.1473E+00  0.1842E-01  0.1871E+00  0.1871E+00
  0.2460E+00  0.1539E+00  0.2897E-01  0.1855E+00  0.1855E+00
  0.2466E+00  0.1625E+00  0.2559E-01  0.1848E+00  0.1848E+00
  0.2472E+00  0.1745E+00  0.2549E-01  0.1840E+00  0.1840E+00
  0.2478E+00  0.1720E+00  0.2572E-01  0.1833E+00  0.1833E+00
  0.2484E+00  0.1606E+00  0.2587E-01  0.1826E+00  0.1826E+00
  0.2490E+00  0.1885E+00  0.2625E-01  0.1818E+00  0.1818E+00
  0.2496E+00  0.1527E+00  0.2622E-01  0.1811E+00  0.1811E+00
  0.2502E+00  0.1414E+00  0.2552E-01  0.1804E+00  0.1804E+00
  0.2508E+00  0.1676E+00  0.2490E-01  0.1797E+00  0.1797E+00
  0.2514E+00  0.1800E+00  0.2524E-01  0.1790E+00  0.1790E+00
  0.2520E+00  0.2047E+00  0.2544E-01  0.1784E+00  0.1784E+00
  0.2526E+00  0.1713E+00  0.2586E-01  0.1777E+00  0.1777E+00
  0.2532E+00  0.1913E+00  0.2506E-01  0.1770E+00  0.1770E+00
  0.2539E+00  0.1765E+00  0.2571E-01  0.1764E+00  0.1764E+00
  0.2545E+00  0.1418E+00  0.2689E-01  0.1757E+00  0.1757E+00
  0.2551E+00  0.1608E+00  0.2452E-01  0.1751E+00  0.1751E+00
  0.2557E+00  0.1455E+00  0.2511E-01  0.1744E+00  0.1744E+00
  0.2563E+00  0.1149E+00  0.2554E-01  0.1738E+00  0.1738E+00
  0.2569E+00  0.1869E+00  0.2536E-01  0.1732E+00  0.1732E+00
  0.2575E+00  0.1306E+00  0.2561E-01  0.1725E+00  0.1725E+00
  0.2581E+00  0.1848E+00  0.2627E-01  0.1719E+00  0.1719E+00
  0.2587E+00  0.1627E+00  0.2631E-01  0.1713E+00  0.1713E+00
  0.2593E+00  0.1901E+00  0.2533E-01  0.1707E+00  0.1707E+00
  0.2599E+00  0.1916E+00  0.2545E-01  0.1701E+00  0.1701E+00
  0.2605E+00  0.1427E+00  0.2498E-01  0.1695E+00  0.1695E+00
  0.2612E+00  0.1452E+00  0.2510E-01  0.1689E+00  0.1689E+00
  0.2618E+00  0.1461E+00  0.2581E-01  0.1683E+00  0.1683E+00
  0.2624E+00  0.1696E+00  0.2507E-01  0.1677E+00  0.1677E+00
  0.2630E+00  0.1565E+00  0.2517E-01  0.1672E+00  0.1672E+00
  0.2636E+00  0.1345E+00  0.2626E-01  0.1666E+00  0.1666E+00
  0.2642E+00  0.1321E+00  0.2568E-01  0.1660E+00  0.1660E+00
  0.2648E+00  0.1407E+00  0.2620E-01  0.1654E+00  0.1654E+00
  0.2654E+00  0.1441E+00  0.2551E-01  0.1649E+00  0.1649E+00
  0.2660E+00  0.1333E+00  0.2547E-01  0.1643E+00  0.1643E+00
  0.2666E+00  0.1817E+00  0.2533E-01  0.1637E+00  0.1637E+00
  0.2672E+00  0.1488E+00  0.2547E-01  0.1632E+00  0.1632E+00
  0.2678E+00  0.1938E+00  0.2477E-01  0.1626E+00  0.1626E+00
  0.2684E+00  0.1686E+00  0.2544E-01  0.1621E+00  0.1621E+00
  0.2691E+00  0.1766E+00  0.2593E-01  0.1616E+00  0.1616E+00
  0.2697E+00  0.1923E+00  0.2639E-01  0.1610E+00  0.1610E+00
  0.2703E+00  0.1869E+00  0.2406E-01  0.1605E+00  0.1605E+00
  0.2709E+00  0.1554E+00  0.2410E-01  0.1599E+00  0.1599E+00
  0.2715E+00  0.1949E+00  0.2370E-01  0.1594E+00  0.1594E+00
  0.2721E+00  0.1752E+00  0.2344E-01  0.1589E+00  0.1589E+00
  0.2727E+00  0.1665E+00  0.2445E-01  0.1584E+00  0.1584E+00
  0.2733E+00  0.1747E+00  0.2357E-01  0.1579E+00  0.1579E+00
  0.2739E+00  0.1615E+00  0.3418E-01  0.1573E+00  0.1573E+00
  0.2745E+00  0.1463E+00  0.1675E-01  0.1568E+00  0.1568E+00
  0.2757E+00  0.1361E+00  0.2638E-01  0.1558E+00  0.1558E+00
  0.2763E+00  0.1502E+00  0.2477E-01  0.1553E+00  0.1553E+00
  0.2770E+00  0.1910E+00  0.2699E-01  0.1548E+00  0.1548E+00
  0.2776E+00  0.1670E+00  0.3901E-01  0.1543E+00  0.1543E+00
  0.2782E+00  0.1925E+00  0.3227E-01  0.1539E+00  0.1539E+00
  0.2788E+00  0.2044E+00  0.3043E-01  0.1534E+00  0.1534E+00
  0.2794E+00  0.1573E+00  0.3249E-01  0.1529E+00  0.1529E+00
  0.2800E+00  0.1958E+00  0.2587E-01  0.1524E+00  0.1524E+00
  0.2806E+00  0.1413E+00  0.2453E-01  0.1519E+00  0.1519E+00
  0.2812E+00  0.1698E+00  0.2295E-01  0.1515E+00  0.1515E+00
  0.2818E+00  0.1372E+00  0.2366E-01  0.1510E+00  0.1510E+00
  0.2824E+00  0.1254E+00  0.2403E-01  0.1506E+00  0.1506E+00
  0.2830E+00  0.1216E+00  0.2518E-01  0.1501E+00  0.1501E+00
  0.2836E+00  0.1203E+00  0.3584E-01  0.1496E+00  0.1496E+00
  0.2843E+00  0.1257E+00  0.1693E-01  0.1492E+00  0.1492E+00
  0.2855E+00  0.1277E+00  0.2739E-01  0.1483E+00  0.1483E+00
  0.2861E+00  0.1232E+00  0.2508E-01  0.1479E+00  0.1479E+00
  0.2867E+00  0.1455E+00  0.2445E-01  0.1474E+00  0.1474E+00
  0.2873E+00  0.1539E+00  0.2381E-01  0.1470E+00  0.1470E+00
  0.2879E+00  0.1936E+00  0.2232E-01  0.1466E+00  0.1466E+00
  0.2885E+00  0.1615E+00  0.2353E-01  0.1462E+00  0.1462E+00
  0.2891E+00  0.1742E+00  0.2379E-01  0.1457E+00  0.1457E+00
  0.2897E+00  0.1475E+00  0.2303E-01  0.1453E+00  0.1453E+00
  0.2903E+00  0.1620E+00  0.2299E-01  0.1449E+00  0.1449E+00
  0.2909E+00  0.1282E+00  0.2370E-01  0.1445E+00  0.1445E+00
  0.2915E+00  0.1005E+00  0.2239E-01  0.1441E+00  0.1441E+00
  0.2922E+00  0.1417E+00  0.2493E-01  0.1437E+00  0.1437E+00
  0.2928E+00  0.1230E+00  0.2394E-01  0.1433E+00  0.1433E+00
  0.2934E+00  0.1458E+00  0.2221E-01  0.1429E+00  0.1429E+00
  0.2940E+00  0.1293E+00  0.3230E-01  0.1425E+00  0.1425E+00
  0.2946E+00  0.1322E+00  0.1605E-01  0.1421E+00  0.1421E+00
  0.2958E+00  0.1746E+00  0.2663E-01  0.1413E+00  0.1413E+00
  0.2964E+00  0.1723E+00  0.2904E-01  0.1409E+00  0.1409E+00
  0.2970E+00  0.1546E+00  0.2444E-01  0.1405E+00  0.1405E+00
  0.2976E+00  0.1376E+00  0.2382E-01  0.1401E+00  0.1401E+00
  0.2982E+00  0.1591E+00  0.2366E-01  0.1397E+00  0.1397E+00
  0.2988E+00  0.1437E+00  0.2210E-01  0.1394E+00  0.1394E+00
  0.2995E+00  0.1546E+00  0.2181E-01  0.1390E+00  0.1390E+00
  0.3001E+00  0.1675E+00  0.2177E-01  0.1386E+00  0.1386E+00
  0.3007E+00  0.1351E+00  0.2179E-01  0.1382E+00  0.1382E+00
  0.3013E+00  0.1303E+00  0.2133E-01  0.1378E+00  0.1378E+00
  0.3019E+00  0.1464E+00  0.2192E-01  0.1375E+00  0.1375E+00
  0.3025E+00  0.1740E+00  0.2250E-01  0.1371E+00  0.1371E+00
  0.3031E+00  0.1565E+00  0.2974E-01  0.1367E+00  0.1367E+00
  0.3037E+00  0.1873E+00  0.2516E-01  0.1363E+00  0.1363E+00
  0.3043E+00  0.1639E+00  0.2245E-01  0.1360E+00  0.1360E+00
  0.3049E+00  0.1443E+00  0.2115E-01  0.1356E+00  0.1356E+00
  0.3055E+00  0.1693E+00  0.2083E-01  0.1352E+00  0.1352E+00
  0.3061E+00  0.1609E+00  0.2156E-01  0.1348E+00  0.1348E+00
  0.3067E+00  0.1511E+00  0.2253E-01  0.1344E+00  0.1344E+00
  0.3074E+00  0.1408E+00  0.2330E-01  0.1341E+00  0.1341E+00
  0.3080E+00  0.1416E+00  0.2875E-01  0.1337E+00  0.1337E+00
  0.3086E+00  0.1421E+00  0.2910E-01  0.1333E+00  0.1333E+00
  0.3092E+00  0.1381E+00  0.2247E-01  0.1329E+00  0.1329E+00
  0.3098E+00  0.1517E+00  0.2057E-01  0.1325E+00  0.1325E+00
  0.3104E+00  0.1664E+00  0.2063E-01  0.1322E+00  0.1322E+00
  0.3110E+00  0.1995E+00  0.2735E-01  0.1318E+00  0.1318E+00
  0.3116E+00  0.1647E+00  0.2580E-01  0.1314E+00  0.1314E+00
  0.3122E+00  0.1368E+00  0.2811E-01  0.1310E+00  0.1310E+00
  0.3128E+00  0.1466E+00  0.2875E-01  0.1306E+00  0.1306E+00
  0.3134E+00  0.1410E+00  0.2938E-01  0.1302E+00  0.1302E+00
  0.3140E+00  0.1877E+00  0.3027E-01  0.1298E+00  0.1298E+00
  0.3146E+00  0.1534E+00  0.2976E-01  0.1294E+00  0.1294E+00
  0.3153E+00  0.1460E+00  0.5380E-01  0.1290E+00  0.1290E+00
  0.3159E+00  0.1660E+00  0.5871E-01  0.1286E+00  0.1286E+00

           Distance distribution  function of particle  


       R          P(R)      ERROR

  0.0000E+00  0.0000E+00  0.0000E+00
  0.9006E+00  0.9933E-03  0.1325E-04
  0.1801E+01  0.2126E-02  0.2194E-04
  0.2702E+01  0.3397E-02  0.2640E-04
  0.3602E+01  0.4803E-02  0.2715E-04
  0.4503E+01  0.6339E-02  0.2496E-04
  0.5404E+01  0.7999E-02  0.2094E-04
  0.6304E+01  0.9777E-02  0.1684E-04
  0.7205E+01  0.1166E-01  0.1551E-04
  0.8105E+01  0.1364E-01  0.1866E-04
  0.9006E+01  0.1571E-01  0.2439E-04
  0.9907E+01  0.1784E-01  0.3049E-04
  0.1081E+02  0.2003E-01  0.3576E-04
  0.1171E+02  0.2225E-01  0.3964E-04
  0.1261E+02  0.2448E-01  0.4191E-04
  0.1351E+02  0.2671E-01  0.4267E-04
  0.1441E+02  0.2890E-01  0.4227E-04
  0.1531E+02  0.3105E-01  0.4132E-04
  0.1621E+02  0.3312E-01  0.4061E-04
  0.1711E+02  0.3510E-01  0.4095E-04
  0.1801E+02  0.3696E-01  0.4284E-04
  0.1891E+02  0.3869E-01  0.4630E-04
  0.1981E+02  0.4028E-01  0.5091E-04
  0.2071E+02  0.4170E-01  0.5611E-04
  0.2161E+02  0.4295E-01  0.6144E-04
  0.2252E+02  0.4402E-01  0.6656E-04
  0.2342E+02  0.4491E-01  0.7136E-04
  0.2432E+02  0.4561E-01  0.7587E-04
  0.2522E+02  0.4614E-01  0.8020E-04
  0.2612E+02  0.4648E-01  0.8451E-04
  0.2702E+02  0.4665E-01  0.8892E-04
  0.2792E+02  0.4667E-01  0.9346E-04
  0.2882E+02  0.4653E-01  0.9806E-04
  0.2972E+02  0.4626E-01  0.1025E-03
  0.3062E+02  0.4586E-01  0.1067E-03
  0.3152E+02  0.4536E-01  0.1103E-03
  0.3242E+02  0.4475E-01  0.1132E-03
  0.3332E+02  0.4406E-01  0.1151E-03
  0.3422E+02  0.4330E-01  0.1163E-03
  0.3512E+02  0.4247E-01  0.1166E-03
  0.3602E+02  0.4159E-01  0.1163E-03
  0.3692E+02  0.4066E-01  0.1156E-03
  0.3783E+02  0.3970E-01  0.1148E-03
  0.3873E+02  0.3870E-01  0.1142E-03
  0.3963E+02  0.3767E-01  0.1139E-03
  0.4053E+02  0.3662E-01  0.1140E-03
  0.4143E+02  0.3555E-01  0.1145E-03
  0.4233E+02  0.3445E-01  0.1153E-03
  0.4323E+02  0.3335E-01  0.1164E-03
  0.4413E+02  0.3223E-01  0.1176E-03
  0.4503E+02  0.3110E-01  0.1188E-03
  0.4593E+02  0.2997E-01  0.1200E-03
  0.4683E+02  0.2883E-01  0.1213E-03
  0.4773E+02  0.2770E-01  0.1226E-03
  0.4863E+02  0.2657E-01  0.1241E-03
  0.4953E+02  0.2546E-01  0.1257E-03
  0.5043E+02  0.2436E-01  0.1274E-03
  0.5133E+02  0.2329E-01  0.1292E-03
  0.5223E+02  0.2224E-01  0.1309E-03
  0.5314E+02  0.2122E-01  0.1324E-03
  0.5404E+02  0.2023E-01  0.1336E-03
  0.5494E+02  0.1928E-01  0.1344E-03
  0.5584E+02  0.1836E-01  0.1347E-03
  0.5674E+02  0.1748E-01  0.1344E-03
  0.5764E+02  0.1663E-01  0.1338E-03
  0.5854E+02  0.1582E-01  0.1327E-03
  0.5944E+02  0.1504E-01  0.1315E-03
  0.6034E+02  0.1430E-01  0.1303E-03
  0.6124E+02  0.1357E-01  0.1291E-03
  0.6214E+02  0.1288E-01  0.1283E-03
  0.6304E+02  0.1220E-01  0.1279E-03
  0.6394E+02  0.1154E-01  0.1280E-03
  0.6484E+02  0.1090E-01  0.1286E-03
  0.6574E+02  0.1027E-01  0.1298E-03
  0.6664E+02  0.9658E-02  0.1315E-03
  0.6755E+02  0.9055E-02  0.1336E-03
  0.6845E+02  0.8465E-02  0.1359E-03
  0.6935E+02  0.7888E-02  0.1385E-03
  0.7025E+02  0.7326E-02  0.1410E-03
  0.7115E+02  0.6781E-02  0.1435E-03
  0.7205E+02  0.6253E-02  0.1458E-03
  0.7295E+02  0.5747E-02  0.1478E-03
  0.7385E+02  0.5263E-02  0.1494E-03
  0.7475E+02  0.4804E-02  0.1506E-03
  0.7565E+02  0.4371E-02  0.1513E-03
  0.7655E+02  0.3966E-02  0.1514E-03
  0.7745E+02  0.3588E-02  0.1509E-03
  0.7835E+02  0.3238E-02  0.1495E-03
  0.7925E+02  0.2915E-02  0.1473E-03
  0.8015E+02  0.2617E-02  0.1440E-03
  0.8105E+02  0.2341E-02  0.1395E-03
  0.8195E+02  0.2085E-02  0.1335E-03
  0.8286E+02  0.1845E-02  0.1261E-03
  0.8376E+02  0.1617E-02  0.1169E-03
  0.8466E+02  0.1396E-02  0.1060E-03
  0.8556E+02  0.1180E-02  0.9311E-04
  0.8646E+02  0.9622E-03  0.7832E-04
  0.8736E+02  0.7395E-03  0.6157E-04
  0.8826E+02  0.5074E-03  0.4290E-04
  0.8916E+02  0.2620E-03  0.2236E-04
  0.9006E+02  0.0000E+00  0.0000E+00
          Reciprocal space: Rg =   27.36     , I(0) =   0.2422E+02
     Real space: Rg =   27.41 +- 0.066  I(0) =   0.2422E+02 +-  0.8429E-01
