
           ####    G N O M   ---   Version 4.5a revised 09/02/02     ####

                                                  Fri Dec 22 04:26:06 2017
           ===    Run No   1   ===
 Run title:   Merge of: p3_D3_2.mccd p3_D6_2.mccd p3_D7_2.mccd p3_D10_2.mcc p3


  Number of points omitted at the beginning:          67
   *******   Working Directory :
   *******    Input file(s) : 24161_merged_final.dat
           Condition P(rmin) = 0 is used. 
           Condition P(rmax) = 0 is used. 

 Warning: Dmax*Smin =  5.682   is greater than Pi !


          Experimental conditions for the first run
          -----------------------------------------

          Highest ALPHA is found to be   0.2158E+03

  The measure of inconsistency AN1 equals to    0.7978E+00
     Alpha    Discrp  Oscill  Stabil  Sysdev  Positv  Valcen    Total   
  0.2158E+06 80.8180  1.7695  0.9728  0.0000  1.0000  0.7049  0.00001
  0.4315E+05 76.0684  1.7600  0.9101  0.0000  1.0000  0.7068  0.00001
  0.8631E+04 60.2027  1.7207  0.7042  0.0000  1.0000  0.7150  0.00001
  0.1726E+04 35.2290  1.6334  0.4120  0.0656  1.0000  0.7407  0.00001
  0.3452E+03 15.4320  1.6071  0.2145  0.0562  1.0000  0.7779  0.00001
  0.6905E+02  5.0965  1.6019  0.1105  0.1030  1.0000  0.8060  0.00001
  0.1381E+02  1.9702  1.5038  0.1253  0.4309  1.0000  0.8290  0.35406
  0.2762E+01  1.0062  1.3833  0.0877  0.5621  1.0000  0.8453  0.39895
  0.5524E+00  0.7111  1.3353  0.0439  0.6276  1.0000  0.8512  0.10000
  0.1105E+00  0.6090  1.3548  0.0242  0.6557  1.0000  0.8530  0.10000
  0.2209E-01  0.5625  1.4697  0.0278  0.6464  1.0000  0.8547  0.10000
  0.4419E-02  0.5359  1.7435  0.0271  0.6276  1.0000  0.8556  0.10000
  0.8838E-03  0.5216  2.4061  0.0817  0.5995  1.0000  0.8524  0.10000
  0.1768E-03  0.5055  4.3238  0.1007  0.6183  0.9992  0.8391  0.10000
  0.3535E-04  0.4996  6.0453  0.0893  0.6089  0.9962  0.8247  0.10000
  0.7070E-05  0.4971  9.0560  0.2721  0.6370  0.9859  0.7957  0.10000
  0.1414E-05  0.4939 15.4594  0.5097  0.6276  0.9404  0.6516  0.10000
  0.2828E-06  0.4885 18.1662  0.9639  0.6651  0.8426  0.3291  0.10000
  0.5656E-07  0.4722 16.7331  0.7487  0.6464  0.7474  0.2937  0.10000
  0.1131E-07  0.4514 16.5918  0.3466  0.6745  0.7252  0.2822  0.10000
  0.2263E-08  0.4443 18.2597  0.2667  0.6745  0.7265  0.2825  0.10000
  0.4525E-09  0.4383 25.3665  0.8164  0.6838  0.7469  0.2867  0.10000
  0.9050E-10  0.4187 27.1625  0.7820  0.6838  0.7476  0.3859  0.10000
  0.1810E-10  0.3730 30.4701  0.5934  0.6745  0.7535  0.4559  0.10000
  0.3620E-11  0.2923 38.0957  0.5120  0.7026  0.7832  0.5187  0.10000
  0.7240E-12  0.1719 45.7379  0.3903  0.7213  0.7959  0.5625  0.10000
  0.1448E-12  0.0695 48.7815  0.2224  0.7119  0.7841  0.5097  0.10000
  0.2896E-13  0.0192 49.6939  0.0785  0.7026  0.7817  0.4598  0.10000
  0.5792E-14  0.0042 49.9240  0.0186  0.7026  0.7817  0.4434  0.10000
  0.1158E-14  0.0009 49.9737  0.0039  0.7026  0.7817  0.4397  0.10000
  0.2317E-15  0.0002 49.9838  0.0008  0.7026  0.7817  0.4389  0.10000

          ***  Golden section search to maximize estimate ***
     Alpha    Discrp  Oscill  Stabil  Sysdev  Positv  Valcen    Total   
  0.5107E+01  1.2565  1.4227  0.1091  0.5340  1.0000  0.8405  0.37799
  0.1576E-01  0.5546  1.5177  0.0275  0.6183  1.0000  0.8551  0.10000
  0.3493E+01  1.0881  1.3970  0.0962  0.5808  1.0000  0.8437  0.39456
  0.3839E+00  0.6773  1.3349  0.0378  0.6464  1.0000  0.8517  0.10000
  0.3021E+01  1.0357  1.3883  0.0910  0.5621  1.0000  0.8447  0.39746
  0.1300E+01  0.8268  1.3509  0.0631  0.6276  1.0000  0.8490  0.10000
  0.2858E+01  1.0172  1.3852  0.0890  0.5621  1.0000  0.8451  0.39841
  0.2071E+01  0.9247  1.3688  0.0776  0.5808  1.0000  0.8470  0.10000
  0.2798E+01  1.0103  1.3840  0.0882  0.5621  1.0000  0.8452  0.39875
  0.2474E+01  0.9728  1.3775  0.0838  0.5808  1.0000  0.8460  0.40136
  0.2312E+01  0.9536  1.3741  0.0814  0.5808  1.0000  0.8464  0.10000
  0.2580E+01  0.9852  1.3797  0.0853  0.5808  1.0000  0.8458  0.40080
  0.2411E+01  0.9653  1.3761  0.0829  0.5808  1.0000  0.8462  0.10000
  0.2514E+01  0.9775  1.3783  0.0844  0.5808  1.0000  0.8459  0.40115
  0.2450E+01  0.9699  1.3770  0.0834  0.5808  1.0000  0.8461  0.10000
  0.2489E+01  0.9746  1.3778  0.0840  0.5808  1.0000  0.8460  0.40128
  0.2465E+01  0.9717  1.3773  0.0837  0.5808  1.0000  0.8460  0.40141
  0.2459E+01  0.9710  1.3772  0.0836  0.5808  1.0000  0.8460  0.10000
  0.2468E+01  0.9721  1.3774  0.0837  0.5808  1.0000  0.8460  0.40139
  0.2463E+01  0.9714  1.3772  0.0836  0.5808  1.0000  0.8460  0.10000
  0.2466E+01  0.9719  1.3773  0.0837  0.5808  1.0000  0.8460  0.40140
  0.2465E+01  0.9717  1.3773  0.0837  0.5808  1.0000  0.8460  0.40141



             ####            Final results            ####

 Parameter    DISCRP    OSCILL    STABIL    SYSDEV    POSITV    VALCEN
 Weight        1.000     3.000     3.000     4.000     1.000     1.000
 Sigma         0.500     0.600     0.120     0.200     0.120     0.120
 Ideal         1.000     1.100     0.000     1.000     1.000     0.950
 Current       0.972     1.377     0.084     0.581     1.000     0.846
                - - - - - - - - - - - - - - - - - - - - - - - - - 
 Estimate      0.997     0.808     0.615     0.012     1.000     0.472

  Angular   range    :     from    0.0544   to    0.3140
  Real space range   :     from      0.00   to    104.40

  Highest ALPHA (theor) :   0.216E+06                 JOB = 0
  Current ALPHA         :   0.246E+01   Rg :  0.345E+02   I(0) :   0.231E+02

           Total  estimate : 0.401  which is  A SUSPICIOUS  solution

      S          J EXP       ERROR       J REG       I REG

  0.0000E+00                                      0.2312E+02
  0.1944E-02                                      0.2309E+02
  0.3887E-02                                      0.2298E+02
  0.5831E-02                                      0.2281E+02
  0.7775E-02                                      0.2257E+02
  0.9718E-02                                      0.2227E+02
  0.1166E-01                                      0.2190E+02
  0.1361E-01                                      0.2148E+02
  0.1555E-01                                      0.2100E+02
  0.1749E-01                                      0.2048E+02
  0.1944E-01                                      0.1991E+02
  0.2138E-01                                      0.1931E+02
  0.2332E-01                                      0.1867E+02
  0.2527E-01                                      0.1801E+02
  0.2721E-01                                      0.1733E+02
  0.2916E-01                                      0.1663E+02
  0.3110E-01                                      0.1592E+02
  0.3304E-01                                      0.1521E+02
  0.3499E-01                                      0.1450E+02
  0.3693E-01                                      0.1380E+02
  0.3887E-01                                      0.1311E+02
  0.4082E-01                                      0.1243E+02
  0.4276E-01                                      0.1177E+02
  0.4470E-01                                      0.1114E+02
  0.4665E-01                                      0.1053E+02
  0.4859E-01                                      0.9942E+01
  0.5054E-01                                      0.9386E+01
  0.5248E-01                                      0.8860E+01
  0.5442E-01  0.8691E+01  0.3891E-01  0.8364E+01  0.8364E+01
  0.5503E-01  0.8510E+01  0.3996E-01  0.8215E+01  0.8215E+01
  0.5564E-01  0.8329E+01  0.4953E-01  0.8069E+01  0.8069E+01
  0.5625E-01  0.8109E+01  0.3951E-01  0.7926E+01  0.7926E+01
  0.5686E-01  0.7936E+01  0.3718E-01  0.7786E+01  0.7786E+01
  0.5746E-01  0.7739E+01  0.3548E-01  0.7648E+01  0.7648E+01
  0.5807E-01  0.7567E+01  0.3371E-01  0.7514E+01  0.7514E+01
  0.5868E-01  0.7405E+01  0.3670E-01  0.7382E+01  0.7382E+01
  0.5929E-01  0.7337E+01  0.3394E-01  0.7254E+01  0.7254E+01
  0.5990E-01  0.7175E+01  0.3476E-01  0.7128E+01  0.7128E+01
  0.6050E-01  0.7034E+01  0.3492E-01  0.7005E+01  0.7005E+01
  0.6111E-01  0.6890E+01  0.3646E-01  0.6885E+01  0.6885E+01
  0.6172E-01  0.6670E+01  0.3441E-01  0.6767E+01  0.6767E+01
  0.6233E-01  0.6574E+01  0.3946E-01  0.6652E+01  0.6652E+01
  0.6294E-01  0.6464E+01  0.3202E-01  0.6540E+01  0.6540E+01
  0.6354E-01  0.6376E+01  0.3155E-01  0.6430E+01  0.6430E+01
  0.6415E-01  0.6290E+01  0.3214E-01  0.6323E+01  0.6323E+01
  0.6476E-01  0.6217E+01  0.3168E-01  0.6219E+01  0.6219E+01
  0.6537E-01  0.6102E+01  0.3071E-01  0.6116E+01  0.6116E+01
  0.6598E-01  0.5978E+01  0.3102E-01  0.6016E+01  0.6016E+01
  0.6659E-01  0.5876E+01  0.3065E-01  0.5919E+01  0.5919E+01
  0.6719E-01  0.5767E+01  0.2943E-01  0.5824E+01  0.5824E+01
  0.6780E-01  0.5664E+01  0.2987E-01  0.5731E+01  0.5731E+01
  0.6841E-01  0.5544E+01  0.2806E-01  0.5640E+01  0.5640E+01
  0.6902E-01  0.5484E+01  0.3021E-01  0.5551E+01  0.5551E+01
  0.6963E-01  0.5417E+01  0.2832E-01  0.5464E+01  0.5464E+01
  0.7023E-01  0.5333E+01  0.3106E-01  0.5380E+01  0.5380E+01
  0.7084E-01  0.5276E+01  0.3220E-01  0.5297E+01  0.5297E+01
  0.7145E-01  0.5188E+01  0.3184E-01  0.5216E+01  0.5216E+01
  0.7206E-01  0.5075E+01  0.2936E-01  0.5137E+01  0.5137E+01
  0.7267E-01  0.4983E+01  0.2940E-01  0.5059E+01  0.5059E+01
  0.7327E-01  0.4934E+01  0.2907E-01  0.4984E+01  0.4984E+01
  0.7388E-01  0.4894E+01  0.2928E-01  0.4910E+01  0.4910E+01
  0.7449E-01  0.4813E+01  0.2981E-01  0.4837E+01  0.4837E+01
  0.7510E-01  0.4738E+01  0.2678E-01  0.4766E+01  0.4766E+01
  0.7571E-01  0.4676E+01  0.2719E-01  0.4696E+01  0.4696E+01
  0.7631E-01  0.4643E+01  0.2423E-01  0.4628E+01  0.4628E+01
  0.7692E-01  0.4537E+01  0.2364E-01  0.4561E+01  0.4561E+01
  0.7753E-01  0.4524E+01  0.2346E-01  0.4496E+01  0.4496E+01
  0.7814E-01  0.4440E+01  0.2340E-01  0.4432E+01  0.4432E+01
  0.7875E-01  0.4391E+01  0.2349E-01  0.4368E+01  0.4368E+01
  0.7935E-01  0.4321E+01  0.2275E-01  0.4306E+01  0.4306E+01
  0.7996E-01  0.4262E+01  0.2308E-01  0.4245E+01  0.4245E+01
  0.8057E-01  0.4212E+01  0.2233E-01  0.4185E+01  0.4185E+01
  0.8118E-01  0.4107E+01  0.2202E-01  0.4126E+01  0.4126E+01
  0.8179E-01  0.4056E+01  0.2280E-01  0.4068E+01  0.4068E+01
  0.8239E-01  0.4011E+01  0.2396E-01  0.4011E+01  0.4011E+01
  0.8300E-01  0.3986E+01  0.2460E-01  0.3955E+01  0.3955E+01
  0.8361E-01  0.3933E+01  0.2359E-01  0.3899E+01  0.3899E+01
  0.8422E-01  0.3910E+01  0.2404E-01  0.3844E+01  0.3844E+01
  0.8483E-01  0.3818E+01  0.2314E-01  0.3790E+01  0.3790E+01
  0.8544E-01  0.3765E+01  0.2338E-01  0.3736E+01  0.3736E+01
  0.8604E-01  0.3706E+01  0.2274E-01  0.3683E+01  0.3683E+01
  0.8665E-01  0.3682E+01  0.2184E-01  0.3631E+01  0.3631E+01
  0.8726E-01  0.3645E+01  0.2196E-01  0.3580E+01  0.3580E+01
  0.8787E-01  0.3569E+01  0.2298E-01  0.3528E+01  0.3528E+01
  0.8847E-01  0.3534E+01  0.2289E-01  0.3478E+01  0.3478E+01
  0.8908E-01  0.3456E+01  0.2339E-01  0.3428E+01  0.3428E+01
  0.8969E-01  0.3429E+01  0.2291E-01  0.3378E+01  0.3378E+01
  0.9030E-01  0.3348E+01  0.2241E-01  0.3329E+01  0.3329E+01
  0.9091E-01  0.3307E+01  0.2245E-01  0.3280E+01  0.3280E+01
  0.9151E-01  0.3267E+01  0.2245E-01  0.3231E+01  0.3231E+01
  0.9212E-01  0.3193E+01  0.2254E-01  0.3183E+01  0.3183E+01
  0.9273E-01  0.3156E+01  0.2266E-01  0.3135E+01  0.3135E+01
  0.9334E-01  0.3087E+01  0.2369E-01  0.3088E+01  0.3088E+01
  0.9395E-01  0.3046E+01  0.2254E-01  0.3041E+01  0.3041E+01
  0.9456E-01  0.2963E+01  0.2295E-01  0.2994E+01  0.2994E+01
  0.9516E-01  0.2921E+01  0.2235E-01  0.2948E+01  0.2948E+01
  0.9577E-01  0.2896E+01  0.2133E-01  0.2902E+01  0.2902E+01
  0.9638E-01  0.2880E+01  0.2247E-01  0.2856E+01  0.2856E+01
  0.9699E-01  0.2833E+01  0.2274E-01  0.2811E+01  0.2811E+01
  0.9760E-01  0.2777E+01  0.2531E-01  0.2766E+01  0.2766E+01
  0.9820E-01  0.2745E+01  0.2244E-01  0.2721E+01  0.2721E+01
  0.9881E-01  0.2682E+01  0.2127E-01  0.2676E+01  0.2676E+01
  0.9942E-01  0.2659E+01  0.2064E-01  0.2632E+01  0.2632E+01
  0.1000E+00  0.2600E+01  0.2098E-01  0.2588E+01  0.2588E+01
  0.1006E+00  0.2593E+01  0.2035E-01  0.2544E+01  0.2544E+01
  0.1012E+00  0.2534E+01  0.2129E-01  0.2501E+01  0.2501E+01
  0.1019E+00  0.2512E+01  0.2096E-01  0.2458E+01  0.2458E+01
  0.1025E+00  0.2418E+01  0.2216E-01  0.2415E+01  0.2415E+01
  0.1031E+00  0.2364E+01  0.2061E-01  0.2373E+01  0.2373E+01
  0.1037E+00  0.2329E+01  0.2078E-01  0.2330E+01  0.2330E+01
  0.1043E+00  0.2307E+01  0.2013E-01  0.2289E+01  0.2289E+01
  0.1049E+00  0.2264E+01  0.2004E-01  0.2247E+01  0.2247E+01
  0.1055E+00  0.2240E+01  0.2015E-01  0.2206E+01  0.2206E+01
  0.1061E+00  0.2189E+01  0.2100E-01  0.2165E+01  0.2165E+01
  0.1067E+00  0.2118E+01  0.2057E-01  0.2125E+01  0.2125E+01
  0.1073E+00  0.2081E+01  0.2015E-01  0.2085E+01  0.2085E+01
  0.1079E+00  0.2033E+01  0.2029E-01  0.2045E+01  0.2045E+01
  0.1085E+00  0.1990E+01  0.1943E-01  0.2006E+01  0.2006E+01
  0.1091E+00  0.1972E+01  0.1946E-01  0.1967E+01  0.1967E+01
  0.1098E+00  0.1931E+01  0.2108E-01  0.1929E+01  0.1929E+01
  0.1104E+00  0.1901E+01  0.2038E-01  0.1891E+01  0.1891E+01
  0.1110E+00  0.1834E+01  0.2054E-01  0.1854E+01  0.1854E+01
  0.1116E+00  0.1790E+01  0.2037E-01  0.1817E+01  0.1817E+01
  0.1122E+00  0.1742E+01  0.1891E-01  0.1780E+01  0.1780E+01
  0.1128E+00  0.1701E+01  0.1925E-01  0.1744E+01  0.1744E+01
  0.1134E+00  0.1707E+01  0.1948E-01  0.1708E+01  0.1708E+01
  0.1140E+00  0.1661E+01  0.1896E-01  0.1673E+01  0.1673E+01
  0.1146E+00  0.1643E+01  0.1902E-01  0.1639E+01  0.1639E+01
  0.1152E+00  0.1607E+01  0.2197E-01  0.1604E+01  0.1604E+01
  0.1158E+00  0.1551E+01  0.3311E-01  0.1571E+01  0.1571E+01
  0.1164E+00  0.1499E+01  0.2975E-01  0.1538E+01  0.1538E+01
  0.1171E+00  0.1493E+01  0.2048E-01  0.1505E+01  0.1505E+01
  0.1177E+00  0.1440E+01  0.1887E-01  0.1473E+01  0.1473E+01
  0.1183E+00  0.1446E+01  0.1929E-01  0.1442E+01  0.1442E+01
  0.1189E+00  0.1413E+01  0.1956E-01  0.1411E+01  0.1411E+01
  0.1195E+00  0.1361E+01  0.1455E-01  0.1381E+01  0.1381E+01
  0.1201E+00  0.1334E+01  0.1433E-01  0.1351E+01  0.1351E+01
  0.1207E+00  0.1308E+01  0.1409E-01  0.1322E+01  0.1322E+01
  0.1213E+00  0.1295E+01  0.1387E-01  0.1294E+01  0.1294E+01
  0.1219E+00  0.1262E+01  0.1411E-01  0.1266E+01  0.1266E+01
  0.1225E+00  0.1235E+01  0.1420E-01  0.1238E+01  0.1238E+01
  0.1231E+00  0.1203E+01  0.1532E-01  0.1211E+01  0.1211E+01
  0.1237E+00  0.1191E+01  0.1386E-01  0.1185E+01  0.1185E+01
  0.1244E+00  0.1155E+01  0.1357E-01  0.1160E+01  0.1160E+01
  0.1250E+00  0.1127E+01  0.1407E-01  0.1135E+01  0.1135E+01
  0.1256E+00  0.1080E+01  0.1366E-01  0.1110E+01  0.1110E+01
  0.1262E+00  0.1068E+01  0.1772E-01  0.1086E+01  0.1086E+01
  0.1268E+00  0.1056E+01  0.3020E-01  0.1063E+01  0.1063E+01
  0.1274E+00  0.1063E+01  0.2705E-01  0.1041E+01  0.1041E+01
  0.1280E+00  0.1032E+01  0.5518E-01  0.1019E+01  0.1019E+01
  0.1286E+00  0.9967E+00  0.5374E-01  0.9971E+00  0.9971E+00
  0.1292E+00  0.9695E+00  0.2409E-01  0.9762E+00  0.9762E+00
  0.1298E+00  0.9384E+00  0.1411E-01  0.9559E+00  0.9559E+00
  0.1304E+00  0.9163E+00  0.1375E-01  0.9361E+00  0.9361E+00
  0.1310E+00  0.9051E+00  0.1419E-01  0.9169E+00  0.9169E+00
  0.1316E+00  0.8966E+00  0.1375E-01  0.8982E+00  0.8982E+00
  0.1323E+00  0.8781E+00  0.1420E-01  0.8801E+00  0.8801E+00
  0.1329E+00  0.8688E+00  0.1434E-01  0.8625E+00  0.8625E+00
  0.1335E+00  0.8477E+00  0.1395E-01  0.8454E+00  0.8454E+00
  0.1341E+00  0.8318E+00  0.1494E-01  0.8289E+00  0.8289E+00
  0.1347E+00  0.8055E+00  0.1360E-01  0.8128E+00  0.8128E+00
  0.1353E+00  0.7893E+00  0.1343E-01  0.7972E+00  0.7972E+00
  0.1359E+00  0.7654E+00  0.1384E-01  0.7822E+00  0.7822E+00
  0.1365E+00  0.7729E+00  0.1380E-01  0.7676E+00  0.7676E+00
  0.1371E+00  0.7437E+00  0.1327E-01  0.7534E+00  0.7534E+00
  0.1377E+00  0.7392E+00  0.1342E-01  0.7397E+00  0.7397E+00
  0.1383E+00  0.7309E+00  0.1365E-01  0.7265E+00  0.7265E+00
  0.1389E+00  0.7223E+00  0.1346E-01  0.7137E+00  0.7137E+00
  0.1396E+00  0.7362E+00  0.1355E-01  0.7013E+00  0.7013E+00
  0.1402E+00  0.7106E+00  0.1384E-01  0.6893E+00  0.6893E+00
  0.1408E+00  0.7149E+00  0.1343E-01  0.6777E+00  0.6777E+00
  0.1414E+00  0.6675E+00  0.1316E-01  0.6664E+00  0.6664E+00
  0.1420E+00  0.6505E+00  0.1356E-01  0.6556E+00  0.6556E+00
  0.1426E+00  0.6370E+00  0.1399E-01  0.6451E+00  0.6451E+00
  0.1432E+00  0.6398E+00  0.1359E-01  0.6349E+00  0.6349E+00
  0.1438E+00  0.6341E+00  0.1408E-01  0.6251E+00  0.6251E+00
  0.1444E+00  0.6285E+00  0.1372E-01  0.6156E+00  0.6156E+00
  0.1450E+00  0.6139E+00  0.1269E-01  0.6063E+00  0.6063E+00
  0.1456E+00  0.5894E+00  0.1334E-01  0.5974E+00  0.5974E+00
  0.1462E+00  0.5806E+00  0.1330E-01  0.5888E+00  0.5888E+00
  0.1468E+00  0.5561E+00  0.1316E-01  0.5804E+00  0.5804E+00
  0.1475E+00  0.5644E+00  0.1288E-01  0.5723E+00  0.5723E+00
  0.1481E+00  0.5519E+00  0.1277E-01  0.5644E+00  0.5644E+00
  0.1487E+00  0.5465E+00  0.1227E-01  0.5568E+00  0.5568E+00
  0.1493E+00  0.5478E+00  0.1237E-01  0.5493E+00  0.5493E+00
  0.1499E+00  0.5473E+00  0.1163E-01  0.5421E+00  0.5421E+00
  0.1505E+00  0.5378E+00  0.1223E-01  0.5351E+00  0.5351E+00
  0.1511E+00  0.5372E+00  0.1219E-01  0.5283E+00  0.5283E+00
  0.1517E+00  0.5261E+00  0.1288E-01  0.5216E+00  0.5216E+00
  0.1523E+00  0.5328E+00  0.1255E-01  0.5151E+00  0.5151E+00
  0.1529E+00  0.5278E+00  0.1230E-01  0.5088E+00  0.5088E+00
  0.1535E+00  0.5108E+00  0.1231E-01  0.5026E+00  0.5026E+00
  0.1541E+00  0.4894E+00  0.1208E-01  0.4966E+00  0.4966E+00
  0.1548E+00  0.4933E+00  0.1236E-01  0.4907E+00  0.4907E+00
  0.1554E+00  0.4758E+00  0.1185E-01  0.4849E+00  0.4849E+00
  0.1560E+00  0.4730E+00  0.1195E-01  0.4793E+00  0.4793E+00
  0.1566E+00  0.4691E+00  0.1234E-01  0.4737E+00  0.4737E+00
  0.1572E+00  0.4693E+00  0.1144E-01  0.4683E+00  0.4683E+00
  0.1578E+00  0.4532E+00  0.1191E-01  0.4630E+00  0.4630E+00
  0.1584E+00  0.4415E+00  0.1179E-01  0.4577E+00  0.4577E+00
  0.1590E+00  0.4432E+00  0.1157E-01  0.4525E+00  0.4525E+00
  0.1596E+00  0.4474E+00  0.1196E-01  0.4474E+00  0.4474E+00
  0.1602E+00  0.4460E+00  0.1193E-01  0.4424E+00  0.4424E+00
  0.1608E+00  0.4358E+00  0.1157E-01  0.4375E+00  0.4375E+00
  0.1614E+00  0.4350E+00  0.1122E-01  0.4326E+00  0.4326E+00
  0.1620E+00  0.4179E+00  0.1169E-01  0.4278E+00  0.4278E+00
  0.1627E+00  0.4094E+00  0.1190E-01  0.4230E+00  0.4230E+00
  0.1633E+00  0.4156E+00  0.1171E-01  0.4183E+00  0.4183E+00
  0.1639E+00  0.4193E+00  0.1163E-01  0.4136E+00  0.4136E+00
  0.1645E+00  0.4077E+00  0.1159E-01  0.4090E+00  0.4090E+00
  0.1651E+00  0.3967E+00  0.1144E-01  0.4045E+00  0.4045E+00
  0.1657E+00  0.4057E+00  0.1122E-01  0.4000E+00  0.4000E+00
  0.1663E+00  0.3866E+00  0.1118E-01  0.3955E+00  0.3955E+00
  0.1669E+00  0.3912E+00  0.1121E-01  0.3911E+00  0.3911E+00
  0.1675E+00  0.3753E+00  0.1127E-01  0.3867E+00  0.3867E+00
  0.1681E+00  0.3807E+00  0.1146E-01  0.3824E+00  0.3824E+00
  0.1687E+00  0.3700E+00  0.1146E-01  0.3781E+00  0.3781E+00
  0.1693E+00  0.3850E+00  0.1130E-01  0.3739E+00  0.3739E+00
  0.1700E+00  0.3717E+00  0.1148E-01  0.3697E+00  0.3697E+00
  0.1706E+00  0.3558E+00  0.1174E-01  0.3655E+00  0.3655E+00
  0.1712E+00  0.3458E+00  0.1146E-01  0.3614E+00  0.3614E+00
  0.1718E+00  0.3352E+00  0.1172E-01  0.3573E+00  0.3573E+00
  0.1724E+00  0.3493E+00  0.1164E-01  0.3533E+00  0.3533E+00
  0.1730E+00  0.3521E+00  0.1155E-01  0.3494E+00  0.3494E+00
  0.1736E+00  0.3283E+00  0.1145E-01  0.3454E+00  0.3454E+00
  0.1742E+00  0.3344E+00  0.1156E-01  0.3416E+00  0.3416E+00
  0.1748E+00  0.3426E+00  0.1163E-01  0.3377E+00  0.3377E+00
  0.1754E+00  0.3329E+00  0.1211E-01  0.3340E+00  0.3340E+00
  0.1760E+00  0.3176E+00  0.2010E-01  0.3303E+00  0.3303E+00
  0.1766E+00  0.3088E+00  0.4264E-01  0.3266E+00  0.3266E+00
  0.1773E+00  0.2924E+00  0.2174E-01  0.3230E+00  0.3230E+00
  0.1779E+00  0.2828E+00  0.1473E-01  0.3195E+00  0.3195E+00
  0.1785E+00  0.2801E+00  0.1534E-01  0.3160E+00  0.3160E+00
  0.1791E+00  0.2872E+00  0.1449E-01  0.3126E+00  0.3126E+00
  0.1797E+00  0.2766E+00  0.1470E-01  0.3092E+00  0.3092E+00
  0.1803E+00  0.2836E+00  0.1476E-01  0.3059E+00  0.3059E+00
  0.1809E+00  0.2838E+00  0.1463E-01  0.3027E+00  0.3027E+00
  0.1815E+00  0.3092E+00  0.1456E-01  0.2996E+00  0.2996E+00
  0.1821E+00  0.2907E+00  0.1435E-01  0.2965E+00  0.2965E+00
  0.1827E+00  0.2920E+00  0.1513E-01  0.2935E+00  0.2935E+00
  0.1833E+00  0.2874E+00  0.1436E-01  0.2906E+00  0.2906E+00
  0.1839E+00  0.2999E+00  0.1470E-01  0.2877E+00  0.2877E+00
  0.1845E+00  0.2917E+00  0.1434E-01  0.2850E+00  0.2850E+00
  0.1852E+00  0.3012E+00  0.1433E-01  0.2823E+00  0.2823E+00
  0.1858E+00  0.2989E+00  0.1431E-01  0.2796E+00  0.2796E+00
  0.1864E+00  0.2973E+00  0.1448E-01  0.2771E+00  0.2771E+00
  0.1870E+00  0.2916E+00  0.1433E-01  0.2746E+00  0.2746E+00
  0.1876E+00  0.2718E+00  0.1429E-01  0.2723E+00  0.2723E+00
  0.1882E+00  0.2649E+00  0.1447E-01  0.2700E+00  0.2700E+00
  0.1888E+00  0.2491E+00  0.1441E-01  0.2678E+00  0.2678E+00
  0.1894E+00  0.2562E+00  0.1432E-01  0.2656E+00  0.2656E+00
  0.1900E+00  0.2408E+00  0.1400E-01  0.2636E+00  0.2636E+00
  0.1906E+00  0.2493E+00  0.1361E-01  0.2616E+00  0.2616E+00
  0.1912E+00  0.2516E+00  0.1359E-01  0.2597E+00  0.2597E+00
  0.1918E+00  0.2585E+00  0.1395E-01  0.2579E+00  0.2579E+00
  0.1925E+00  0.2658E+00  0.1449E-01  0.2561E+00  0.2561E+00
  0.1931E+00  0.2555E+00  0.1417E-01  0.2545E+00  0.2545E+00
  0.1937E+00  0.2615E+00  0.1426E-01  0.2529E+00  0.2529E+00
  0.1943E+00  0.2684E+00  0.1472E-01  0.2514E+00  0.2514E+00
  0.1949E+00  0.2631E+00  0.1645E-01  0.2499E+00  0.2499E+00
  0.1955E+00  0.2636E+00  0.1418E-01  0.2486E+00  0.2486E+00
  0.1961E+00  0.2343E+00  0.1348E-01  0.2473E+00  0.2473E+00
  0.1967E+00  0.2479E+00  0.1383E-01  0.2461E+00  0.2461E+00
  0.1973E+00  0.2525E+00  0.1368E-01  0.2449E+00  0.2449E+00
  0.1979E+00  0.2562E+00  0.1467E-01  0.2438E+00  0.2438E+00
  0.1985E+00  0.2607E+00  0.1359E-01  0.2428E+00  0.2428E+00
  0.1991E+00  0.2378E+00  0.1349E-01  0.2418E+00  0.2418E+00
  0.1997E+00  0.2449E+00  0.1354E-01  0.2409E+00  0.2409E+00
  0.2004E+00  0.2578E+00  0.1384E-01  0.2401E+00  0.2401E+00
  0.2010E+00  0.2527E+00  0.1381E-01  0.2393E+00  0.2393E+00
  0.2016E+00  0.2436E+00  0.1365E-01  0.2385E+00  0.2385E+00
  0.2022E+00  0.2394E+00  0.1405E-01  0.2378E+00  0.2378E+00
  0.2028E+00  0.2262E+00  0.1477E-01  0.2372E+00  0.2372E+00
  0.2034E+00  0.2303E+00  0.1336E-01  0.2366E+00  0.2366E+00
  0.2040E+00  0.2276E+00  0.1389E-01  0.2360E+00  0.2360E+00
  0.2046E+00  0.2344E+00  0.1303E-01  0.2355E+00  0.2355E+00
  0.2052E+00  0.2393E+00  0.1334E-01  0.2350E+00  0.2350E+00
  0.2058E+00  0.2496E+00  0.1339E-01  0.2345E+00  0.2345E+00
  0.2064E+00  0.2407E+00  0.1356E-01  0.2341E+00  0.2341E+00
  0.2070E+00  0.2386E+00  0.1341E-01  0.2337E+00  0.2337E+00
  0.2077E+00  0.2379E+00  0.1337E-01  0.2333E+00  0.2333E+00
  0.2083E+00  0.2327E+00  0.1278E-01  0.2330E+00  0.2330E+00
  0.2089E+00  0.2202E+00  0.1397E-01  0.2326E+00  0.2326E+00
  0.2095E+00  0.2322E+00  0.1340E-01  0.2323E+00  0.2323E+00
  0.2101E+00  0.2301E+00  0.1428E-01  0.2320E+00  0.2320E+00
  0.2107E+00  0.2473E+00  0.1330E-01  0.2317E+00  0.2317E+00
  0.2113E+00  0.2286E+00  0.1369E-01  0.2314E+00  0.2314E+00
  0.2119E+00  0.2309E+00  0.1485E-01  0.2311E+00  0.2311E+00
  0.2125E+00  0.2300E+00  0.1350E-01  0.2309E+00  0.2309E+00
  0.2131E+00  0.2354E+00  0.1499E-01  0.2306E+00  0.2306E+00
  0.2137E+00  0.2318E+00  0.1306E-01  0.2303E+00  0.2303E+00
  0.2143E+00  0.2276E+00  0.1279E-01  0.2300E+00  0.2300E+00
  0.2149E+00  0.2209E+00  0.1288E-01  0.2297E+00  0.2297E+00
  0.2156E+00  0.2206E+00  0.1324E-01  0.2294E+00  0.2294E+00
  0.2162E+00  0.2215E+00  0.1405E-01  0.2291E+00  0.2291E+00
  0.2168E+00  0.2112E+00  0.1557E-01  0.2288E+00  0.2288E+00
  0.2174E+00  0.2096E+00  0.1337E-01  0.2285E+00  0.2285E+00
  0.2180E+00  0.2173E+00  0.1646E-01  0.2281E+00  0.2281E+00
  0.2186E+00  0.2304E+00  0.2797E-01  0.2277E+00  0.2277E+00
  0.2192E+00  0.2261E+00  0.1682E-01  0.2274E+00  0.2274E+00
  0.2198E+00  0.2303E+00  0.1651E-01  0.2270E+00  0.2270E+00
  0.2204E+00  0.2347E+00  0.2587E-01  0.2266E+00  0.2266E+00
  0.2210E+00  0.2234E+00  0.1572E-01  0.2261E+00  0.2261E+00
  0.2216E+00  0.2263E+00  0.1270E-01  0.2257E+00  0.2257E+00
  0.2222E+00  0.2157E+00  0.1263E-01  0.2252E+00  0.2252E+00
  0.2228E+00  0.2153E+00  0.1266E-01  0.2247E+00  0.2247E+00
  0.2235E+00  0.2189E+00  0.1270E-01  0.2242E+00  0.2242E+00
  0.2241E+00  0.2319E+00  0.1225E-01  0.2236E+00  0.2236E+00
  0.2247E+00  0.2263E+00  0.1231E-01  0.2231E+00  0.2231E+00
  0.2253E+00  0.2144E+00  0.1274E-01  0.2225E+00  0.2225E+00
  0.2259E+00  0.2111E+00  0.1218E-01  0.2219E+00  0.2219E+00
  0.2265E+00  0.2085E+00  0.1221E-01  0.2212E+00  0.2212E+00
  0.2271E+00  0.2201E+00  0.1238E-01  0.2206E+00  0.2206E+00
  0.2277E+00  0.2174E+00  0.1235E-01  0.2199E+00  0.2199E+00
  0.2283E+00  0.2142E+00  0.1258E-01  0.2192E+00  0.2192E+00
  0.2289E+00  0.2284E+00  0.1244E-01  0.2185E+00  0.2185E+00
  0.2295E+00  0.2310E+00  0.1249E-01  0.2178E+00  0.2178E+00
  0.2301E+00  0.2029E+00  0.1271E-01  0.2170E+00  0.2170E+00
  0.2308E+00  0.2158E+00  0.1245E-01  0.2163E+00  0.2163E+00
  0.2314E+00  0.2067E+00  0.1238E-01  0.2155E+00  0.2155E+00
  0.2320E+00  0.2155E+00  0.1224E-01  0.2147E+00  0.2147E+00
  0.2326E+00  0.1991E+00  0.1259E-01  0.2138E+00  0.2138E+00
  0.2332E+00  0.2085E+00  0.1247E-01  0.2130E+00  0.2130E+00
  0.2338E+00  0.2130E+00  0.1211E-01  0.2122E+00  0.2122E+00
  0.2344E+00  0.2248E+00  0.1215E-01  0.2113E+00  0.2113E+00
  0.2350E+00  0.2133E+00  0.1189E-01  0.2105E+00  0.2105E+00
  0.2356E+00  0.2019E+00  0.1222E-01  0.2096E+00  0.2096E+00
  0.2362E+00  0.2095E+00  0.1238E-01  0.2087E+00  0.2087E+00
  0.2368E+00  0.2065E+00  0.1218E-01  0.2078E+00  0.2078E+00
  0.2374E+00  0.2191E+00  0.1240E-01  0.2070E+00  0.2070E+00
  0.2380E+00  0.2075E+00  0.1218E-01  0.2061E+00  0.2061E+00
  0.2387E+00  0.2002E+00  0.1218E-01  0.2052E+00  0.2052E+00
  0.2393E+00  0.2083E+00  0.1236E-01  0.2043E+00  0.2043E+00
  0.2399E+00  0.1985E+00  0.1252E-01  0.2034E+00  0.2034E+00
  0.2405E+00  0.1928E+00  0.1239E-01  0.2025E+00  0.2025E+00
  0.2411E+00  0.1845E+00  0.1218E-01  0.2017E+00  0.2017E+00
  0.2417E+00  0.2001E+00  0.1207E-01  0.2008E+00  0.2008E+00
  0.2423E+00  0.1836E+00  0.1199E-01  0.1999E+00  0.1999E+00
  0.2429E+00  0.1881E+00  0.1176E-01  0.1991E+00  0.1991E+00
  0.2435E+00  0.1795E+00  0.1227E-01  0.1982E+00  0.1982E+00
  0.2441E+00  0.1739E+00  0.1228E-01  0.1974E+00  0.1974E+00
  0.2447E+00  0.1984E+00  0.1250E-01  0.1966E+00  0.1966E+00
  0.2453E+00  0.2039E+00  0.1427E-01  0.1958E+00  0.1958E+00
  0.2460E+00  0.2097E+00  0.1228E-01  0.1950E+00  0.1950E+00
  0.2466E+00  0.2009E+00  0.1176E-01  0.1943E+00  0.1943E+00
  0.2472E+00  0.1840E+00  0.1192E-01  0.1935E+00  0.1935E+00
  0.2478E+00  0.1916E+00  0.1196E-01  0.1928E+00  0.1928E+00
  0.2484E+00  0.1686E+00  0.1194E-01  0.1921E+00  0.1921E+00
  0.2490E+00  0.1837E+00  0.1202E-01  0.1914E+00  0.1914E+00
  0.2496E+00  0.1949E+00  0.1188E-01  0.1907E+00  0.1907E+00
  0.2502E+00  0.1900E+00  0.1146E-01  0.1901E+00  0.1901E+00
  0.2508E+00  0.2000E+00  0.1181E-01  0.1895E+00  0.1895E+00
  0.2514E+00  0.1985E+00  0.1176E-01  0.1889E+00  0.1889E+00
  0.2520E+00  0.1952E+00  0.1195E-01  0.1883E+00  0.1883E+00
  0.2526E+00  0.1872E+00  0.1265E-01  0.1878E+00  0.1878E+00
  0.2532E+00  0.1986E+00  0.1190E-01  0.1872E+00  0.1872E+00
  0.2539E+00  0.1921E+00  0.1278E-01  0.1868E+00  0.1868E+00
  0.2545E+00  0.1963E+00  0.1599E-01  0.1863E+00  0.1863E+00
  0.2551E+00  0.1919E+00  0.1279E-01  0.1858E+00  0.1858E+00
  0.2557E+00  0.2068E+00  0.1163E-01  0.1854E+00  0.1854E+00
  0.2563E+00  0.2188E+00  0.1194E-01  0.1850E+00  0.1850E+00
  0.2569E+00  0.2293E+00  0.1153E-01  0.1847E+00  0.1847E+00
  0.2575E+00  0.2192E+00  0.1165E-01  0.1843E+00  0.1843E+00
  0.2581E+00  0.2145E+00  0.1185E-01  0.1840E+00  0.1840E+00
  0.2587E+00  0.1990E+00  0.1168E-01  0.1837E+00  0.1837E+00
  0.2593E+00  0.1918E+00  0.1182E-01  0.1834E+00  0.1834E+00
  0.2599E+00  0.1719E+00  0.1222E-01  0.1832E+00  0.1832E+00
  0.2605E+00  0.1704E+00  0.1180E-01  0.1829E+00  0.1829E+00
  0.2612E+00  0.1782E+00  0.1161E-01  0.1827E+00  0.1827E+00
  0.2618E+00  0.1959E+00  0.1164E-01  0.1826E+00  0.1826E+00
  0.2624E+00  0.1865E+00  0.1152E-01  0.1824E+00  0.1824E+00
  0.2630E+00  0.1701E+00  0.1238E-01  0.1823E+00  0.1823E+00
  0.2636E+00  0.1703E+00  0.1182E-01  0.1821E+00  0.1821E+00
  0.2642E+00  0.1739E+00  0.1145E-01  0.1820E+00  0.1820E+00
  0.2648E+00  0.1711E+00  0.1156E-01  0.1820E+00  0.1820E+00
  0.2654E+00  0.1658E+00  0.1150E-01  0.1819E+00  0.1819E+00
  0.2660E+00  0.1644E+00  0.1122E-01  0.1818E+00  0.1818E+00
  0.2666E+00  0.1536E+00  0.1112E-01  0.1818E+00  0.1818E+00
  0.2672E+00  0.1666E+00  0.1101E-01  0.1818E+00  0.1818E+00
  0.2678E+00  0.1606E+00  0.1104E-01  0.1818E+00  0.1818E+00
  0.2684E+00  0.1779E+00  0.1145E-01  0.1818E+00  0.1818E+00
  0.2691E+00  0.1842E+00  0.1129E-01  0.1818E+00  0.1818E+00
  0.2697E+00  0.1825E+00  0.1122E-01  0.1818E+00  0.1818E+00
  0.2703E+00  0.1814E+00  0.1097E-01  0.1818E+00  0.1818E+00
  0.2709E+00  0.1792E+00  0.1162E-01  0.1819E+00  0.1819E+00
  0.2715E+00  0.1830E+00  0.1152E-01  0.1819E+00  0.1819E+00
  0.2721E+00  0.1802E+00  0.1153E-01  0.1820E+00  0.1820E+00
  0.2727E+00  0.1827E+00  0.1152E-01  0.1820E+00  0.1820E+00
  0.2733E+00  0.1775E+00  0.1101E-01  0.1821E+00  0.1821E+00
  0.2739E+00  0.1793E+00  0.1099E-01  0.1821E+00  0.1821E+00
  0.2745E+00  0.1824E+00  0.1111E-01  0.1822E+00  0.1822E+00
  0.2751E+00  0.1762E+00  0.1116E-01  0.1823E+00  0.1823E+00
  0.2757E+00  0.1741E+00  0.1121E-01  0.1823E+00  0.1823E+00
  0.2763E+00  0.1950E+00  0.1123E-01  0.1824E+00  0.1824E+00
  0.2770E+00  0.1857E+00  0.1093E-01  0.1824E+00  0.1824E+00
  0.2776E+00  0.1908E+00  0.1091E-01  0.1825E+00  0.1825E+00
  0.2782E+00  0.1652E+00  0.1132E-01  0.1825E+00  0.1825E+00
  0.2788E+00  0.1672E+00  0.1122E-01  0.1826E+00  0.1826E+00
  0.2794E+00  0.1601E+00  0.1173E-01  0.1826E+00  0.1826E+00
  0.2800E+00  0.1839E+00  0.1211E-01  0.1826E+00  0.1826E+00
  0.2806E+00  0.1889E+00  0.1240E-01  0.1826E+00  0.1826E+00
  0.2812E+00  0.1769E+00  0.1250E-01  0.1826E+00  0.1826E+00
  0.2818E+00  0.1969E+00  0.1158E-01  0.1826E+00  0.1826E+00
  0.2824E+00  0.1731E+00  0.1242E-01  0.1826E+00  0.1826E+00
  0.2830E+00  0.1778E+00  0.1178E-01  0.1826E+00  0.1826E+00
  0.2836E+00  0.1712E+00  0.1192E-01  0.1826E+00  0.1826E+00
  0.2843E+00  0.1623E+00  0.1780E-01  0.1825E+00  0.1825E+00
  0.2849E+00  0.1633E+00  0.2622E-01  0.1825E+00  0.1825E+00
  0.2855E+00  0.1709E+00  0.1542E-01  0.1824E+00  0.1824E+00
  0.2861E+00  0.1710E+00  0.1762E-01  0.1823E+00  0.1823E+00
  0.2867E+00  0.1881E+00  0.1509E-01  0.1823E+00  0.1823E+00
  0.2873E+00  0.1782E+00  0.1379E-01  0.1822E+00  0.1822E+00
  0.2879E+00  0.1770E+00  0.1470E-01  0.1820E+00  0.1820E+00
  0.2885E+00  0.1770E+00  0.1260E-01  0.1819E+00  0.1819E+00
  0.2891E+00  0.1782E+00  0.1195E-01  0.1818E+00  0.1818E+00
  0.2897E+00  0.1736E+00  0.1085E-01  0.1816E+00  0.1816E+00
  0.2903E+00  0.1752E+00  0.1079E-01  0.1814E+00  0.1814E+00
  0.2909E+00  0.1793E+00  0.1085E-01  0.1813E+00  0.1813E+00
  0.2915E+00  0.1743E+00  0.1077E-01  0.1811E+00  0.1811E+00
  0.2922E+00  0.1721E+00  0.1065E-01  0.1809E+00  0.1809E+00
  0.2928E+00  0.1614E+00  0.1059E-01  0.1807E+00  0.1807E+00
  0.2934E+00  0.1588E+00  0.1031E-01  0.1804E+00  0.1804E+00
  0.2940E+00  0.1728E+00  0.1048E-01  0.1802E+00  0.1802E+00
  0.2946E+00  0.1727E+00  0.1037E-01  0.1799E+00  0.1799E+00
  0.2952E+00  0.1813E+00  0.1011E-01  0.1797E+00  0.1797E+00
  0.2958E+00  0.1802E+00  0.9993E-02  0.1794E+00  0.1794E+00
  0.2964E+00  0.1885E+00  0.1032E-01  0.1791E+00  0.1791E+00
  0.2970E+00  0.1942E+00  0.1022E-01  0.1788E+00  0.1788E+00
  0.2976E+00  0.1892E+00  0.9868E-02  0.1785E+00  0.1785E+00
  0.2982E+00  0.1941E+00  0.1020E-01  0.1782E+00  0.1782E+00
  0.2988E+00  0.1989E+00  0.9965E-02  0.1778E+00  0.1778E+00
  0.2995E+00  0.1864E+00  0.1020E-01  0.1775E+00  0.1775E+00
  0.3001E+00  0.1818E+00  0.1024E-01  0.1772E+00  0.1772E+00
  0.3007E+00  0.1920E+00  0.1012E-01  0.1768E+00  0.1768E+00
  0.3013E+00  0.1857E+00  0.1023E-01  0.1764E+00  0.1764E+00
  0.3019E+00  0.1720E+00  0.1047E-01  0.1761E+00  0.1761E+00
  0.3025E+00  0.1890E+00  0.1033E-01  0.1757E+00  0.1757E+00
  0.3031E+00  0.1721E+00  0.1028E-01  0.1753E+00  0.1753E+00
  0.3037E+00  0.1789E+00  0.1033E-01  0.1749E+00  0.1749E+00
  0.3043E+00  0.1889E+00  0.1082E-01  0.1745E+00  0.1745E+00
  0.3049E+00  0.1815E+00  0.1031E-01  0.1741E+00  0.1741E+00
  0.3055E+00  0.1779E+00  0.1097E-01  0.1737E+00  0.1737E+00
  0.3061E+00  0.1820E+00  0.1027E-01  0.1733E+00  0.1733E+00
  0.3067E+00  0.1838E+00  0.1007E-01  0.1729E+00  0.1729E+00
  0.3074E+00  0.1921E+00  0.1019E-01  0.1725E+00  0.1725E+00
  0.3080E+00  0.1839E+00  0.9894E-02  0.1721E+00  0.1721E+00
  0.3086E+00  0.1755E+00  0.9803E-02  0.1717E+00  0.1717E+00
  0.3092E+00  0.1695E+00  0.9838E-02  0.1712E+00  0.1712E+00
  0.3098E+00  0.1664E+00  0.9508E-02  0.1708E+00  0.1708E+00
  0.3104E+00  0.1780E+00  0.9667E-02  0.1704E+00  0.1704E+00
  0.3110E+00  0.1701E+00  0.9559E-02  0.1700E+00  0.1700E+00
  0.3116E+00  0.1930E+00  0.9310E-02  0.1695E+00  0.1695E+00
  0.3122E+00  0.1898E+00  0.9803E-02  0.1691E+00  0.1691E+00
  0.3128E+00  0.1901E+00  0.9734E-02  0.1687E+00  0.1687E+00
  0.3134E+00  0.1949E+00  0.9901E-02  0.1682E+00  0.1682E+00
  0.3140E+00  0.2085E+00  0.1090E-01  0.1678E+00  0.1678E+00

           Distance distribution  function of particle  


       R          P(R)      ERROR

  0.0000E+00  0.0000E+00  0.0000E+00
  0.1044E+01  0.1390E-02  0.9217E-05
  0.2088E+01  0.2722E-02  0.1419E-04
  0.3132E+01  0.4010E-02  0.1540E-04
  0.4176E+01  0.5271E-02  0.1367E-04
  0.5220E+01  0.6529E-02  0.1043E-04
  0.6264E+01  0.7810E-02  0.8631E-05
  0.7308E+01  0.9141E-02  0.1139E-04
  0.8352E+01  0.1055E-01  0.1662E-04
  0.9396E+01  0.1204E-01  0.2179E-04
  0.1044E+02  0.1364E-01  0.2584E-04
  0.1148E+02  0.1535E-01  0.2841E-04
  0.1253E+02  0.1716E-01  0.2960E-04
  0.1357E+02  0.1906E-01  0.2994E-04
  0.1462E+02  0.2102E-01  0.3034E-04
  0.1566E+02  0.2300E-01  0.3180E-04
  0.1670E+02  0.2497E-01  0.3487E-04
  0.1775E+02  0.2689E-01  0.3938E-04
  0.1879E+02  0.2871E-01  0.4467E-04
  0.1984E+02  0.3040E-01  0.4998E-04
  0.2088E+02  0.3191E-01  0.5480E-04
  0.2192E+02  0.3322E-01  0.5886E-04
  0.2297E+02  0.3430E-01  0.6217E-04
  0.2401E+02  0.3514E-01  0.6500E-04
  0.2506E+02  0.3574E-01  0.6774E-04
  0.2610E+02  0.3610E-01  0.7078E-04
  0.2714E+02  0.3624E-01  0.7440E-04
  0.2819E+02  0.3617E-01  0.7867E-04
  0.2923E+02  0.3593E-01  0.8348E-04
  0.3028E+02  0.3554E-01  0.8862E-04
  0.3132E+02  0.3502E-01  0.9387E-04
  0.3236E+02  0.3441E-01  0.9910E-04
  0.3341E+02  0.3373E-01  0.1043E-03
  0.3445E+02  0.3301E-01  0.1094E-03
  0.3550E+02  0.3225E-01  0.1146E-03
  0.3654E+02  0.3147E-01  0.1198E-03
  0.3758E+02  0.3068E-01  0.1252E-03
  0.3863E+02  0.2987E-01  0.1305E-03
  0.3967E+02  0.2906E-01  0.1357E-03
  0.4072E+02  0.2823E-01  0.1406E-03
  0.4176E+02  0.2739E-01  0.1452E-03
  0.4280E+02  0.2654E-01  0.1493E-03
  0.4385E+02  0.2568E-01  0.1531E-03
  0.4489E+02  0.2481E-01  0.1565E-03
  0.4594E+02  0.2394E-01  0.1596E-03
  0.4698E+02  0.2307E-01  0.1626E-03
  0.4802E+02  0.2223E-01  0.1655E-03
  0.4907E+02  0.2141E-01  0.1682E-03
  0.5011E+02  0.2064E-01  0.1707E-03
  0.5116E+02  0.1993E-01  0.1731E-03
  0.5220E+02  0.1928E-01  0.1753E-03
  0.5324E+02  0.1871E-01  0.1774E-03
  0.5429E+02  0.1821E-01  0.1794E-03
  0.5533E+02  0.1779E-01  0.1816E-03
  0.5638E+02  0.1745E-01  0.1838E-03
  0.5742E+02  0.1717E-01  0.1862E-03
  0.5846E+02  0.1695E-01  0.1886E-03
  0.5951E+02  0.1678E-01  0.1911E-03
  0.6055E+02  0.1663E-01  0.1934E-03
  0.6160E+02  0.1649E-01  0.1954E-03
  0.6264E+02  0.1636E-01  0.1971E-03
  0.6368E+02  0.1621E-01  0.1984E-03
  0.6473E+02  0.1605E-01  0.1995E-03
  0.6577E+02  0.1586E-01  0.2003E-03
  0.6682E+02  0.1564E-01  0.2010E-03
  0.6786E+02  0.1540E-01  0.2015E-03
  0.6890E+02  0.1513E-01  0.2018E-03
  0.6995E+02  0.1484E-01  0.2017E-03
  0.7099E+02  0.1454E-01  0.2012E-03
  0.7204E+02  0.1424E-01  0.2002E-03
  0.7308E+02  0.1395E-01  0.1985E-03
  0.7412E+02  0.1366E-01  0.1963E-03
  0.7517E+02  0.1338E-01  0.1935E-03
  0.7621E+02  0.1311E-01  0.1904E-03
  0.7726E+02  0.1285E-01  0.1871E-03
  0.7830E+02  0.1259E-01  0.1836E-03
  0.7934E+02  0.1234E-01  0.1802E-03
  0.8039E+02  0.1207E-01  0.1767E-03
  0.8143E+02  0.1179E-01  0.1733E-03
  0.8248E+02  0.1148E-01  0.1697E-03
  0.8352E+02  0.1114E-01  0.1661E-03
  0.8456E+02  0.1076E-01  0.1624E-03
  0.8561E+02  0.1034E-01  0.1587E-03
  0.8665E+02  0.9874E-02  0.1549E-03
  0.8770E+02  0.9372E-02  0.1511E-03
  0.8874E+02  0.8835E-02  0.1475E-03
  0.8978E+02  0.8270E-02  0.1439E-03
  0.9083E+02  0.7684E-02  0.1405E-03
  0.9187E+02  0.7085E-02  0.1372E-03
  0.9292E+02  0.6480E-02  0.1340E-03
  0.9396E+02  0.5876E-02  0.1308E-03
  0.9500E+02  0.5277E-02  0.1274E-03
  0.9605E+02  0.4687E-02  0.1234E-03
  0.9709E+02  0.4105E-02  0.1185E-03
  0.9814E+02  0.3531E-02  0.1118E-03
  0.9918E+02  0.2960E-02  0.1028E-03
  0.1002E+03  0.2388E-02  0.9067E-04
  0.1013E+03  0.1810E-02  0.7476E-04
  0.1023E+03  0.1221E-02  0.5452E-04
  0.1034E+03  0.6184E-03  0.2964E-04
  0.1044E+03  0.0000E+00  0.0000E+00
          Reciprocal space: Rg =   34.51     , I(0) =   0.2312E+02
     Real space: Rg =   34.68 +- 0.084  I(0) =   0.2312E+02 +-  0.1394E+00
