
           ####    G N O M   ---   Version 4.5a revised 09/02/02     ####

                                                  Fri Dec 22 04:32:53 2017
           ===    Run No   1   ===
 Run title:   Merge of: p2_H10_2.mcc p2_H10_1.mcc p2_H3_1.mccd p4_G3_2.mccd p4


  Number of points omitted at the beginning:          65
   *******   Working Directory :
   *******    Input file(s) : 24409_merged.dat
           Condition P(rmin) = 0 is used. 
           Condition P(rmax) = 0 is used. 

 Warning: Dmax*Smin =  5.299   is greater than Pi !


          Experimental conditions for the first run
          -----------------------------------------

          Highest ALPHA is found to be   0.9127E+02

  The measure of inconsistency AN1 equals to    0.6933E+00
     Alpha    Discrp  Oscill  Stabil  Sysdev  Positv  Valcen    Total   
  0.9127E+05 38.7239  1.8384  0.9732  0.0000  1.0000  0.6887  0.00001
  0.1825E+05 36.6142  1.8254  0.9122  0.0000  1.0000  0.6909  0.00001
  0.3651E+04 29.6515  1.7704  0.7146  0.0000  1.0000  0.7010  0.00001
  0.7302E+03 19.0196  1.6333  0.4567  0.1646  1.0000  0.7346  0.00001
  0.1460E+03 10.0781  1.5390  0.3136  0.1550  1.0000  0.7939  0.00001
  0.2921E+02  3.7724  1.4991  0.1738  0.2421  1.0000  0.8448  0.00001
  0.5842E+01  1.1848  1.4281  0.0983  0.5472  1.0000  0.8717  0.56182
  0.1168E+01  0.5780  1.3602  0.0484  0.6441  1.0000  0.8839  0.56510
  0.2337E+00  0.5048  1.3356  0.0125  0.6150  1.0000  0.8876  0.56352
  0.4673E-01  0.4997  1.3323  0.0042  0.6199  1.0000  0.8883  0.56398
  0.9346E-02  0.4987  1.3373  0.0081  0.6199  1.0000  0.8886  0.47717
  0.1869E-02  0.4970  1.4176  0.0337  0.6295  1.0000  0.8907  0.10000
  0.3739E-03  0.4923  2.2650  0.1074  0.6295  0.9997  0.8964  0.10000
  0.7477E-04  0.4861  4.4568  0.1423  0.6392  0.9959  0.8966  0.10000
  0.1495E-04  0.4836  6.2277  0.2232  0.6392  0.9898  0.8307  0.10000
  0.2991E-05  0.4813  9.3856  0.4656  0.6392  0.9561  0.5831  0.10000
  0.5982E-06  0.4785 11.4598  0.3983  0.6392  0.8688  0.4817  0.10000
  0.1196E-06  0.4769 11.7681  0.5756  0.6586  0.8072  0.4368  0.10000
  0.2393E-07  0.4735 13.0731  0.7031  0.6489  0.7467  0.3646  0.10000
  0.4785E-08  0.4682 13.4454  0.4730  0.6295  0.7242  0.3392  0.10000
  0.9571E-09  0.4645 13.7992  0.5355  0.6538  0.7163  0.3551  0.10000
  0.1914E-09  0.4564 16.9040  0.7219  0.6538  0.7128  0.3540  0.10000
  0.3828E-10  0.4342 20.8695  0.5981  0.6441  0.7100  0.3536  0.10000
  0.7657E-11  0.3899 28.0712  0.6358  0.6344  0.7041  0.3514  0.10000
  0.1531E-11  0.3058 33.7181  0.5501  0.6634  0.6725  0.3396  0.10000
  0.3063E-12  0.1883 39.6716  0.3773  0.6828  0.6822  0.3737  0.10000
  0.6125E-13  0.0789 44.9524  0.2144  0.6925  0.6851  0.3557  0.10000
  0.1225E-13  0.0214 47.1412  0.0683  0.7022  0.6800  0.3489  0.10000
  0.2450E-14  0.0046 47.6997  0.0155  0.7022  0.6779  0.3450  0.10000
  0.4900E-15  0.0009 47.8185  0.0032  0.7022  0.6774  0.3441  0.10000
  0.9800E-16  0.0002 47.8426  0.0006  0.7022  0.6773  0.3439  0.10000

          ***  Golden section search to maximize estimate ***
     Alpha    Discrp  Oscill  Stabil  Sysdev  Positv  Valcen    Total   
  0.2160E+01  0.6947  1.3815  0.0680  0.6247  1.0000  0.8806  0.56999
  0.3159E+01  0.8249  1.3980  0.0799  0.6247  1.0000  0.8778  0.57780
  0.3995E+01  0.9370  1.4091  0.0870  0.5956  1.0000  0.8757  0.57773
  0.2732E+01  0.7685  1.3914  0.0754  0.6344  1.0000  0.8789  0.57607
  0.3455E+01  0.8645  1.4022  0.0826  0.6247  1.0000  0.8770  0.57929
  0.3652E+01  0.8909  1.4048  0.0843  0.6150  1.0000  0.8765  0.57891
  0.3339E+01  0.8489  1.4005  0.0816  0.6344  1.0000  0.8773  0.57999
  0.3269E+01  0.8396  1.3996  0.0809  0.6344  1.0000  0.8775  0.57964
  0.3383E+01  0.8548  1.4012  0.0820  0.6247  1.0000  0.8772  0.57898
  0.3312E+01  0.8454  1.4002  0.0813  0.6247  1.0000  0.8774  0.57864
  0.3356E+01  0.8512  1.4008  0.0817  0.6247  1.0000  0.8773  0.57885
  0.3329E+01  0.8476  1.4004  0.0815  0.6344  1.0000  0.8773  0.57994
  0.3345E+01  0.8498  1.4006  0.0816  0.6344  1.0000  0.8773  0.58002
  0.3349E+01  0.8503  1.4007  0.0816  0.6247  1.0000  0.8773  0.57882
  0.3343E+01  0.8495  1.4006  0.0816  0.6344  1.0000  0.8773  0.58001
  0.3345E+01  0.8498  1.4006  0.0816  0.6344  1.0000  0.8773  0.58002



             ####            Final results            ####

 Parameter    DISCRP    OSCILL    STABIL    SYSDEV    POSITV    VALCEN
 Weight        1.000     3.000     3.000     4.000     1.000     1.000
 Sigma         0.500     0.600     0.120     0.200     0.120     0.120
 Ideal         1.000     1.100     0.000     1.000     1.000     0.950
 Current       0.850     1.401     0.082     0.634     1.000     0.877
                - - - - - - - - - - - - - - - - - - - - - - - - - 
 Estimate      0.914     0.778     0.630     0.035     1.000     0.693

  Angular   range    :     from    0.0550   to    0.3061
  Real space range   :     from      0.00   to     96.30

  Highest ALPHA (theor) :   0.913E+05                 JOB = 0
  Current ALPHA         :   0.335E+01   Rg :  0.279E+02   I(0) :   0.149E+02

           Total  estimate : 0.580  which is  A REASONABLE  solution

      S          J EXP       ERROR       J REG       I REG

  0.0000E+00                                      0.1495E+02
  0.1965E-02                                      0.1493E+02
  0.3931E-02                                      0.1489E+02
  0.5896E-02                                      0.1481E+02
  0.7862E-02                                      0.1471E+02
  0.9827E-02                                      0.1457E+02
  0.1179E-01                                      0.1441E+02
  0.1376E-01                                      0.1423E+02
  0.1572E-01                                      0.1401E+02
  0.1769E-01                                      0.1378E+02
  0.1965E-01                                      0.1352E+02
  0.2162E-01                                      0.1324E+02
  0.2358E-01                                      0.1294E+02
  0.2555E-01                                      0.1262E+02
  0.2752E-01                                      0.1229E+02
  0.2948E-01                                      0.1194E+02
  0.3145E-01                                      0.1159E+02
  0.3341E-01                                      0.1122E+02
  0.3538E-01                                      0.1085E+02
  0.3734E-01                                      0.1047E+02
  0.3931E-01                                      0.1008E+02
  0.4127E-01                                      0.9699E+01
  0.4324E-01                                      0.9313E+01
  0.4520E-01                                      0.8929E+01
  0.4717E-01                                      0.8548E+01
  0.4913E-01                                      0.8172E+01
  0.5110E-01                                      0.7801E+01
  0.5307E-01                                      0.7437E+01
  0.5503E-01  0.7414E+01  0.8237E-01  0.7081E+01  0.7081E+01
  0.5564E-01  0.7354E+01  0.8589E-01  0.6973E+01  0.6973E+01
  0.5625E-01  0.7250E+01  0.8613E-01  0.6866E+01  0.6866E+01
  0.5686E-01  0.7026E+01  0.8739E-01  0.6759E+01  0.6759E+01
  0.5746E-01  0.6843E+01  0.8188E-01  0.6654E+01  0.6654E+01
  0.5807E-01  0.6764E+01  0.7906E-01  0.6549E+01  0.6549E+01
  0.5868E-01  0.6720E+01  0.7596E-01  0.6446E+01  0.6446E+01
  0.5929E-01  0.6606E+01  0.7805E-01  0.6343E+01  0.6343E+01
  0.5990E-01  0.6480E+01  0.8686E-01  0.6241E+01  0.6241E+01
  0.6050E-01  0.6333E+01  0.7315E-01  0.6141E+01  0.6141E+01
  0.6111E-01  0.6220E+01  0.8162E-01  0.6041E+01  0.6041E+01
  0.6172E-01  0.6087E+01  0.9395E-01  0.5943E+01  0.5943E+01
  0.6233E-01  0.5994E+01  0.8510E-01  0.5846E+01  0.5846E+01
  0.6294E-01  0.5886E+01  0.7325E-01  0.5749E+01  0.5749E+01
  0.6354E-01  0.5748E+01  0.7488E-01  0.5654E+01  0.5654E+01
  0.6415E-01  0.5672E+01  0.6868E-01  0.5560E+01  0.5560E+01
  0.6476E-01  0.5650E+01  0.6946E-01  0.5467E+01  0.5467E+01
  0.6537E-01  0.5606E+01  0.7446E-01  0.5376E+01  0.5376E+01
  0.6598E-01  0.5589E+01  0.7981E-01  0.5285E+01  0.5285E+01
  0.6659E-01  0.5488E+01  0.8582E-01  0.5196E+01  0.5196E+01
  0.6719E-01  0.5288E+01  0.7705E-01  0.5107E+01  0.5107E+01
  0.6780E-01  0.5191E+01  0.7073E-01  0.5020E+01  0.5020E+01
  0.6841E-01  0.5040E+01  0.6937E-01  0.4934E+01  0.4934E+01
  0.6902E-01  0.4944E+01  0.7322E-01  0.4849E+01  0.4849E+01
  0.6963E-01  0.4917E+01  0.7191E-01  0.4766E+01  0.4766E+01
  0.7023E-01  0.4615E+01  0.6646E-01  0.4683E+01  0.4683E+01
  0.7084E-01  0.4590E+01  0.6722E-01  0.4602E+01  0.4602E+01
  0.7145E-01  0.4537E+01  0.7156E-01  0.4522E+01  0.4522E+01
  0.7206E-01  0.4480E+01  0.6539E-01  0.4443E+01  0.4443E+01
  0.7267E-01  0.4403E+01  0.6575E-01  0.4365E+01  0.4365E+01
  0.7327E-01  0.4258E+01  0.6403E-01  0.4288E+01  0.4288E+01
  0.7388E-01  0.4163E+01  0.6533E-01  0.4213E+01  0.4213E+01
  0.7449E-01  0.4157E+01  0.6396E-01  0.4138E+01  0.4138E+01
  0.7510E-01  0.4061E+01  0.6214E-01  0.4065E+01  0.4065E+01
  0.7571E-01  0.4034E+01  0.6265E-01  0.3993E+01  0.3993E+01
  0.7631E-01  0.3953E+01  0.6228E-01  0.3922E+01  0.3922E+01
  0.7692E-01  0.3845E+01  0.6334E-01  0.3852E+01  0.3852E+01
  0.7753E-01  0.3827E+01  0.5506E-01  0.3784E+01  0.3784E+01
  0.7814E-01  0.3708E+01  0.4838E-01  0.3716E+01  0.3716E+01
  0.7875E-01  0.3637E+01  0.4576E-01  0.3650E+01  0.3650E+01
  0.7935E-01  0.3577E+01  0.4741E-01  0.3584E+01  0.3584E+01
  0.7996E-01  0.3586E+01  0.4779E-01  0.3520E+01  0.3520E+01
  0.8057E-01  0.3483E+01  0.4580E-01  0.3457E+01  0.3457E+01
  0.8118E-01  0.3448E+01  0.4365E-01  0.3395E+01  0.3395E+01
  0.8179E-01  0.3295E+01  0.4718E-01  0.3334E+01  0.3334E+01
  0.8239E-01  0.3303E+01  0.4560E-01  0.3274E+01  0.3274E+01
  0.8300E-01  0.3155E+01  0.4581E-01  0.3215E+01  0.3215E+01
  0.8361E-01  0.3138E+01  0.4442E-01  0.3157E+01  0.3157E+01
  0.8422E-01  0.3077E+01  0.4676E-01  0.3100E+01  0.3100E+01
  0.8483E-01  0.3094E+01  0.4742E-01  0.3044E+01  0.3044E+01
  0.8544E-01  0.3025E+01  0.4530E-01  0.2989E+01  0.2989E+01
  0.8604E-01  0.2912E+01  0.4291E-01  0.2935E+01  0.2935E+01
  0.8665E-01  0.2851E+01  0.4246E-01  0.2882E+01  0.2882E+01
  0.8726E-01  0.2767E+01  0.4143E-01  0.2829E+01  0.2829E+01
  0.8787E-01  0.2770E+01  0.4092E-01  0.2778E+01  0.2778E+01
  0.8847E-01  0.2707E+01  0.4010E-01  0.2728E+01  0.2728E+01
  0.8908E-01  0.2703E+01  0.4148E-01  0.2679E+01  0.2679E+01
  0.8969E-01  0.2644E+01  0.4486E-01  0.2630E+01  0.2630E+01
  0.9030E-01  0.2590E+01  0.4175E-01  0.2583E+01  0.2583E+01
  0.9091E-01  0.2524E+01  0.4258E-01  0.2536E+01  0.2536E+01
  0.9151E-01  0.2481E+01  0.4256E-01  0.2490E+01  0.2490E+01
  0.9212E-01  0.2459E+01  0.4267E-01  0.2445E+01  0.2445E+01
  0.9273E-01  0.2381E+01  0.4281E-01  0.2401E+01  0.2401E+01
  0.9334E-01  0.2339E+01  0.4329E-01  0.2357E+01  0.2357E+01
  0.9395E-01  0.2382E+01  0.4401E-01  0.2314E+01  0.2314E+01
  0.9456E-01  0.2267E+01  0.4480E-01  0.2273E+01  0.2273E+01
  0.9516E-01  0.2233E+01  0.4163E-01  0.2232E+01  0.2232E+01
  0.9577E-01  0.2214E+01  0.3854E-01  0.2191E+01  0.2191E+01
  0.9638E-01  0.2162E+01  0.4064E-01  0.2152E+01  0.2152E+01
  0.9699E-01  0.2084E+01  0.2379E-01  0.2113E+01  0.2113E+01
  0.9760E-01  0.2066E+01  0.2245E-01  0.2075E+01  0.2075E+01
  0.9820E-01  0.2034E+01  0.2234E-01  0.2037E+01  0.2037E+01
  0.9881E-01  0.2001E+01  0.4790E-01  0.2001E+01  0.2001E+01
  0.9942E-01  0.1981E+01  0.2343E-01  0.1964E+01  0.1964E+01
  0.1000E+00  0.1942E+01  0.2272E-01  0.1929E+01  0.1929E+01
  0.1006E+00  0.1901E+01  0.2278E-01  0.1894E+01  0.1894E+01
  0.1012E+00  0.1844E+01  0.2292E-01  0.1860E+01  0.1860E+01
  0.1019E+00  0.1805E+01  0.2269E-01  0.1827E+01  0.1827E+01
  0.1025E+00  0.1794E+01  0.2347E-01  0.1794E+01  0.1794E+01
  0.1031E+00  0.1800E+01  0.2223E-01  0.1762E+01  0.1762E+01
  0.1037E+00  0.1779E+01  0.2264E-01  0.1730E+01  0.1730E+01
  0.1043E+00  0.1715E+01  0.2147E-01  0.1699E+01  0.1699E+01
  0.1049E+00  0.1695E+01  0.2122E-01  0.1668E+01  0.1668E+01
  0.1055E+00  0.1632E+01  0.2149E-01  0.1638E+01  0.1638E+01
  0.1061E+00  0.1599E+01  0.2132E-01  0.1609E+01  0.1609E+01
  0.1067E+00  0.1617E+01  0.2124E-01  0.1580E+01  0.1580E+01
  0.1073E+00  0.1577E+01  0.2156E-01  0.1552E+01  0.1552E+01
  0.1079E+00  0.1536E+01  0.2142E-01  0.1524E+01  0.1524E+01
  0.1085E+00  0.1503E+01  0.2097E-01  0.1497E+01  0.1497E+01
  0.1091E+00  0.1497E+01  0.2057E-01  0.1470E+01  0.1470E+01
  0.1098E+00  0.1447E+01  0.2064E-01  0.1444E+01  0.1444E+01
  0.1104E+00  0.1419E+01  0.2060E-01  0.1418E+01  0.1418E+01
  0.1110E+00  0.1383E+01  0.2158E-01  0.1393E+01  0.1393E+01
  0.1116E+00  0.1354E+01  0.2152E-01  0.1368E+01  0.1368E+01
  0.1122E+00  0.1348E+01  0.2041E-01  0.1343E+01  0.1343E+01
  0.1128E+00  0.1331E+01  0.2089E-01  0.1319E+01  0.1319E+01
  0.1134E+00  0.1302E+01  0.2053E-01  0.1296E+01  0.1296E+01
  0.1140E+00  0.1270E+01  0.2074E-01  0.1273E+01  0.1273E+01
  0.1146E+00  0.1253E+01  0.2126E-01  0.1250E+01  0.1250E+01
  0.1152E+00  0.1221E+01  0.2066E-01  0.1228E+01  0.1228E+01
  0.1158E+00  0.1215E+01  0.2026E-01  0.1206E+01  0.1206E+01
  0.1164E+00  0.1203E+01  0.2085E-01  0.1184E+01  0.1184E+01
  0.1171E+00  0.1182E+01  0.2056E-01  0.1163E+01  0.1163E+01
  0.1177E+00  0.1148E+01  0.2020E-01  0.1143E+01  0.1143E+01
  0.1183E+00  0.1117E+01  0.1974E-01  0.1122E+01  0.1122E+01
  0.1189E+00  0.1094E+01  0.2001E-01  0.1102E+01  0.1102E+01
  0.1195E+00  0.1063E+01  0.2063E-01  0.1083E+01  0.1083E+01
  0.1201E+00  0.1040E+01  0.2306E-01  0.1064E+01  0.1064E+01
  0.1207E+00  0.1007E+01  0.2126E-01  0.1045E+01  0.1045E+01
  0.1213E+00  0.1007E+01  0.2288E-01  0.1026E+01  0.1026E+01
  0.1219E+00  0.9847E+00  0.2187E-01  0.1008E+01  0.1008E+01
  0.1225E+00  0.9838E+00  0.3099E-01  0.9903E+00  0.9903E+00
  0.1231E+00  0.1003E+01  0.4557E-01  0.9728E+00  0.9728E+00
  0.1237E+00  0.9555E+00  0.2799E-01  0.9556E+00  0.9556E+00
  0.1244E+00  0.9307E+00  0.3309E-01  0.9388E+00  0.9388E+00
  0.1250E+00  0.9087E+00  0.2362E-01  0.9223E+00  0.9223E+00
  0.1256E+00  0.8805E+00  0.2006E-01  0.9061E+00  0.9061E+00
  0.1262E+00  0.8874E+00  0.1997E-01  0.8902E+00  0.8902E+00
  0.1268E+00  0.8529E+00  0.2033E-01  0.8746E+00  0.8746E+00
  0.1274E+00  0.8578E+00  0.2305E-01  0.8593E+00  0.8593E+00
  0.1280E+00  0.8289E+00  0.2019E-01  0.8443E+00  0.8443E+00
  0.1286E+00  0.8361E+00  0.2202E-01  0.8296E+00  0.8296E+00
  0.1292E+00  0.7776E+00  0.2015E-01  0.8152E+00  0.8152E+00
  0.1298E+00  0.8009E+00  0.1961E-01  0.8010E+00  0.8010E+00
  0.1304E+00  0.7892E+00  0.1920E-01  0.7872E+00  0.7872E+00
  0.1310E+00  0.7644E+00  0.1861E-01  0.7736E+00  0.7736E+00
  0.1316E+00  0.7583E+00  0.1835E-01  0.7602E+00  0.7602E+00
  0.1323E+00  0.7472E+00  0.1906E-01  0.7472E+00  0.7472E+00
  0.1329E+00  0.7296E+00  0.1888E-01  0.7344E+00  0.7344E+00
  0.1335E+00  0.7217E+00  0.1886E-01  0.7218E+00  0.7218E+00
  0.1341E+00  0.7154E+00  0.1803E-01  0.7095E+00  0.7095E+00
  0.1347E+00  0.6959E+00  0.1872E-01  0.6974E+00  0.6974E+00
  0.1353E+00  0.6935E+00  0.1835E-01  0.6856E+00  0.6856E+00
  0.1359E+00  0.6906E+00  0.1888E-01  0.6740E+00  0.6740E+00
  0.1365E+00  0.6568E+00  0.1939E-01  0.6627E+00  0.6627E+00
  0.1371E+00  0.6670E+00  0.1833E-01  0.6516E+00  0.6516E+00
  0.1377E+00  0.6342E+00  0.1882E-01  0.6407E+00  0.6407E+00
  0.1383E+00  0.6297E+00  0.1839E-01  0.6300E+00  0.6300E+00
  0.1389E+00  0.6226E+00  0.1924E-01  0.6196E+00  0.6196E+00
  0.1396E+00  0.6166E+00  0.1853E-01  0.6093E+00  0.6093E+00
  0.1402E+00  0.6117E+00  0.1928E-01  0.5993E+00  0.5993E+00
  0.1408E+00  0.5757E+00  0.1927E-01  0.5895E+00  0.5895E+00
  0.1414E+00  0.5683E+00  0.1826E-01  0.5799E+00  0.5799E+00
  0.1420E+00  0.5709E+00  0.1839E-01  0.5705E+00  0.5705E+00
  0.1426E+00  0.5525E+00  0.1873E-01  0.5613E+00  0.5613E+00
  0.1432E+00  0.5459E+00  0.1837E-01  0.5523E+00  0.5523E+00
  0.1438E+00  0.5559E+00  0.1853E-01  0.5435E+00  0.5435E+00
  0.1444E+00  0.5185E+00  0.1875E-01  0.5349E+00  0.5349E+00
  0.1450E+00  0.5062E+00  0.1850E-01  0.5265E+00  0.5265E+00
  0.1456E+00  0.4890E+00  0.1878E-01  0.5182E+00  0.5182E+00
  0.1462E+00  0.4782E+00  0.1798E-01  0.5102E+00  0.5102E+00
  0.1468E+00  0.5208E+00  0.1769E-01  0.5023E+00  0.5023E+00
  0.1475E+00  0.4857E+00  0.1839E-01  0.4945E+00  0.4945E+00
  0.1481E+00  0.4546E+00  0.1824E-01  0.4870E+00  0.4870E+00
  0.1487E+00  0.4574E+00  0.1809E-01  0.4796E+00  0.4796E+00
  0.1493E+00  0.4655E+00  0.1747E-01  0.4724E+00  0.4724E+00
  0.1499E+00  0.4634E+00  0.1742E-01  0.4653E+00  0.4653E+00
  0.1505E+00  0.4330E+00  0.1740E-01  0.4584E+00  0.4584E+00
  0.1511E+00  0.4393E+00  0.1706E-01  0.4516E+00  0.4516E+00
  0.1517E+00  0.4328E+00  0.1694E-01  0.4450E+00  0.4450E+00
  0.1523E+00  0.4323E+00  0.1729E-01  0.4386E+00  0.4386E+00
  0.1529E+00  0.4442E+00  0.1741E-01  0.4322E+00  0.4322E+00
  0.1535E+00  0.4170E+00  0.1670E-01  0.4261E+00  0.4261E+00
  0.1541E+00  0.4199E+00  0.1732E-01  0.4200E+00  0.4200E+00
  0.1548E+00  0.3910E+00  0.1763E-01  0.4141E+00  0.4141E+00
  0.1554E+00  0.3824E+00  0.1851E-01  0.4083E+00  0.4083E+00
  0.1560E+00  0.3830E+00  0.2052E-01  0.4027E+00  0.4027E+00
  0.1566E+00  0.3853E+00  0.1865E-01  0.3972E+00  0.3972E+00
  0.1572E+00  0.3899E+00  0.2142E-01  0.3918E+00  0.3918E+00
  0.1578E+00  0.3731E+00  0.1895E-01  0.3865E+00  0.3865E+00
  0.1584E+00  0.4019E+00  0.1724E-01  0.3813E+00  0.3813E+00
  0.1590E+00  0.3888E+00  0.1710E-01  0.3763E+00  0.3763E+00
  0.1596E+00  0.3712E+00  0.1927E-01  0.3714E+00  0.3714E+00
  0.1602E+00  0.3674E+00  0.1848E-01  0.3666E+00  0.3666E+00
  0.1608E+00  0.3660E+00  0.1898E-01  0.3618E+00  0.3618E+00
  0.1614E+00  0.3697E+00  0.1743E-01  0.3572E+00  0.3572E+00
  0.1620E+00  0.3658E+00  0.3112E-01  0.3527E+00  0.3527E+00
  0.1627E+00  0.3531E+00  0.6596E-01  0.3483E+00  0.3483E+00
  0.1633E+00  0.3341E+00  0.1345E+00  0.3440E+00  0.3440E+00
  0.1639E+00  0.3332E+00  0.3615E+00  0.3398E+00  0.3398E+00
  0.1645E+00  0.3251E+00  0.4656E+00  0.3357E+00  0.3357E+00
  0.1651E+00  0.3210E+00  0.3751E+00  0.3316E+00  0.3316E+00
  0.1657E+00  0.3204E+00  0.3593E+00  0.3277E+00  0.3277E+00
  0.1663E+00  0.3058E+00  0.3273E+00  0.3239E+00  0.3239E+00
  0.1669E+00  0.2995E+00  0.1240E+00  0.3201E+00  0.3201E+00
  0.1675E+00  0.2875E+00  0.1850E-01  0.3164E+00  0.3164E+00
  0.1681E+00  0.2802E+00  0.1698E-01  0.3128E+00  0.3128E+00
  0.1687E+00  0.2943E+00  0.1690E-01  0.3092E+00  0.3092E+00
  0.1693E+00  0.2858E+00  0.1650E-01  0.3058E+00  0.3058E+00
  0.1700E+00  0.2963E+00  0.1624E-01  0.3024E+00  0.3024E+00
  0.1706E+00  0.3015E+00  0.1634E-01  0.2991E+00  0.2991E+00
  0.1712E+00  0.2886E+00  0.1713E-01  0.2959E+00  0.2959E+00
  0.1718E+00  0.3055E+00  0.2332E-01  0.2927E+00  0.2927E+00
  0.1724E+00  0.3087E+00  0.3057E-01  0.2896E+00  0.2896E+00
  0.1730E+00  0.2816E+00  0.1994E-01  0.2866E+00  0.2866E+00
  0.1736E+00  0.2948E+00  0.1998E-01  0.2836E+00  0.2836E+00
  0.1742E+00  0.2770E+00  0.1717E-01  0.2807E+00  0.2807E+00
  0.1748E+00  0.2913E+00  0.1752E-01  0.2778E+00  0.2778E+00
  0.1754E+00  0.2884E+00  0.1675E-01  0.2750E+00  0.2750E+00
  0.1760E+00  0.2804E+00  0.1660E-01  0.2723E+00  0.2723E+00
  0.1766E+00  0.2598E+00  0.2690E-01  0.2696E+00  0.2696E+00
  0.1773E+00  0.2530E+00  0.5265E-01  0.2670E+00  0.2670E+00
  0.1779E+00  0.2408E+00  0.2677E-01  0.2644E+00  0.2644E+00
  0.1785E+00  0.2486E+00  0.1869E-01  0.2619E+00  0.2619E+00
  0.1791E+00  0.2398E+00  0.1602E-01  0.2595E+00  0.2595E+00
  0.1797E+00  0.2561E+00  0.1623E-01  0.2571E+00  0.2571E+00
  0.1803E+00  0.2635E+00  0.1635E-01  0.2547E+00  0.2547E+00
  0.1809E+00  0.2560E+00  0.1596E-01  0.2524E+00  0.2524E+00
  0.1815E+00  0.2420E+00  0.1590E-01  0.2501E+00  0.2501E+00
  0.1821E+00  0.2393E+00  0.1584E-01  0.2479E+00  0.2479E+00
  0.1827E+00  0.2454E+00  0.1546E-01  0.2458E+00  0.2458E+00
  0.1833E+00  0.2673E+00  0.1566E-01  0.2436E+00  0.2436E+00
  0.1839E+00  0.2447E+00  0.1577E-01  0.2416E+00  0.2416E+00
  0.1845E+00  0.2242E+00  0.1595E-01  0.2395E+00  0.2395E+00
  0.1852E+00  0.2292E+00  0.1686E-01  0.2375E+00  0.2375E+00
  0.1858E+00  0.2127E+00  0.1670E-01  0.2356E+00  0.2356E+00
  0.1864E+00  0.2355E+00  0.1599E-01  0.2337E+00  0.2337E+00
  0.1870E+00  0.2318E+00  0.1643E-01  0.2318E+00  0.2318E+00
  0.1876E+00  0.2307E+00  0.1606E-01  0.2300E+00  0.2300E+00
  0.1882E+00  0.2060E+00  0.1525E-01  0.2282E+00  0.2282E+00
  0.1888E+00  0.2083E+00  0.1530E-01  0.2264E+00  0.2264E+00
  0.1894E+00  0.2046E+00  0.1477E-01  0.2247E+00  0.2247E+00
  0.1900E+00  0.2189E+00  0.1481E-01  0.2230E+00  0.2230E+00
  0.1906E+00  0.2031E+00  0.1512E-01  0.2214E+00  0.2214E+00
  0.1912E+00  0.2221E+00  0.1557E-01  0.2198E+00  0.2198E+00
  0.1918E+00  0.2051E+00  0.1538E-01  0.2182E+00  0.2182E+00
  0.1925E+00  0.2074E+00  0.1506E-01  0.2167E+00  0.2167E+00
  0.1931E+00  0.2257E+00  0.1534E-01  0.2152E+00  0.2152E+00
  0.1937E+00  0.2146E+00  0.1485E-01  0.2137E+00  0.2137E+00
  0.1943E+00  0.1941E+00  0.1478E-01  0.2123E+00  0.2123E+00
  0.1949E+00  0.2025E+00  0.1491E-01  0.2109E+00  0.2109E+00
  0.1955E+00  0.2027E+00  0.1412E-01  0.2095E+00  0.2095E+00
  0.1961E+00  0.1787E+00  0.1453E-01  0.2082E+00  0.2082E+00
  0.1967E+00  0.1758E+00  0.1481E-01  0.2069E+00  0.2069E+00
  0.1973E+00  0.1773E+00  0.1522E-01  0.2056E+00  0.2056E+00
  0.1979E+00  0.1982E+00  0.1468E-01  0.2043E+00  0.2043E+00
  0.1985E+00  0.2047E+00  0.1474E-01  0.2031E+00  0.2031E+00
  0.1991E+00  0.2054E+00  0.1457E-01  0.2019E+00  0.2019E+00
  0.1997E+00  0.1891E+00  0.1455E-01  0.2008E+00  0.2008E+00
  0.2004E+00  0.1955E+00  0.1426E-01  0.1996E+00  0.1996E+00
  0.2010E+00  0.2117E+00  0.1430E-01  0.1985E+00  0.1985E+00
  0.2016E+00  0.2175E+00  0.1464E-01  0.1975E+00  0.1975E+00
  0.2022E+00  0.1950E+00  0.1404E-01  0.1964E+00  0.1964E+00
  0.2028E+00  0.2024E+00  0.1415E-01  0.1954E+00  0.1954E+00
  0.2034E+00  0.2106E+00  0.1493E-01  0.1944E+00  0.1944E+00
  0.2040E+00  0.1961E+00  0.1504E-01  0.1934E+00  0.1934E+00
  0.2046E+00  0.1912E+00  0.1487E-01  0.1925E+00  0.1925E+00
  0.2052E+00  0.1965E+00  0.1500E-01  0.1915E+00  0.1915E+00
  0.2058E+00  0.1879E+00  0.1464E-01  0.1906E+00  0.1906E+00
  0.2064E+00  0.1807E+00  0.1472E-01  0.1897E+00  0.1897E+00
  0.2070E+00  0.1920E+00  0.1445E-01  0.1889E+00  0.1889E+00
  0.2077E+00  0.2027E+00  0.1475E-01  0.1881E+00  0.1881E+00
  0.2083E+00  0.1978E+00  0.1577E-01  0.1872E+00  0.1872E+00
  0.2089E+00  0.1847E+00  0.1521E-01  0.1864E+00  0.1864E+00
  0.2095E+00  0.1798E+00  0.1679E-01  0.1857E+00  0.1857E+00
  0.2101E+00  0.1798E+00  0.1449E-01  0.1849E+00  0.1849E+00
  0.2107E+00  0.1806E+00  0.1442E-01  0.1842E+00  0.1842E+00
  0.2113E+00  0.1858E+00  0.1416E-01  0.1835E+00  0.1835E+00
  0.2119E+00  0.1856E+00  0.1415E-01  0.1828E+00  0.1828E+00
  0.2125E+00  0.1714E+00  0.1400E-01  0.1821E+00  0.1821E+00
  0.2131E+00  0.1793E+00  0.1398E-01  0.1815E+00  0.1815E+00
  0.2137E+00  0.1794E+00  0.1368E-01  0.1808E+00  0.1808E+00
  0.2143E+00  0.1793E+00  0.1434E-01  0.1802E+00  0.1802E+00
  0.2149E+00  0.1855E+00  0.1407E-01  0.1796E+00  0.1796E+00
  0.2156E+00  0.1950E+00  0.1502E-01  0.1790E+00  0.1790E+00
  0.2162E+00  0.1983E+00  0.1557E-01  0.1784E+00  0.1784E+00
  0.2168E+00  0.1844E+00  0.1416E-01  0.1778E+00  0.1778E+00
  0.2174E+00  0.1796E+00  0.1423E-01  0.1773E+00  0.1773E+00
  0.2180E+00  0.1888E+00  0.1395E-01  0.1767E+00  0.1767E+00
  0.2186E+00  0.1643E+00  0.1383E-01  0.1762E+00  0.1762E+00
  0.2192E+00  0.1523E+00  0.1383E-01  0.1757E+00  0.1757E+00
  0.2198E+00  0.1565E+00  0.1416E-01  0.1752E+00  0.1752E+00
  0.2204E+00  0.1418E+00  0.1388E-01  0.1747E+00  0.1747E+00
  0.2210E+00  0.1546E+00  0.1389E-01  0.1742E+00  0.1742E+00
  0.2216E+00  0.1580E+00  0.1438E-01  0.1737E+00  0.1737E+00
  0.2222E+00  0.1749E+00  0.1363E-01  0.1732E+00  0.1732E+00
  0.2228E+00  0.1751E+00  0.1403E-01  0.1728E+00  0.1728E+00
  0.2235E+00  0.1603E+00  0.1367E-01  0.1723E+00  0.1723E+00
  0.2241E+00  0.1595E+00  0.1340E-01  0.1719E+00  0.1719E+00
  0.2247E+00  0.1518E+00  0.1377E-01  0.1715E+00  0.1715E+00
  0.2253E+00  0.1463E+00  0.1390E-01  0.1710E+00  0.1710E+00
  0.2259E+00  0.1424E+00  0.1378E-01  0.1706E+00  0.1706E+00
  0.2265E+00  0.1587E+00  0.1383E-01  0.1702E+00  0.1702E+00
  0.2271E+00  0.1631E+00  0.1374E-01  0.1698E+00  0.1698E+00
  0.2277E+00  0.1741E+00  0.1337E-01  0.1694E+00  0.1694E+00
  0.2283E+00  0.1668E+00  0.1380E-01  0.1690E+00  0.1690E+00
  0.2289E+00  0.1796E+00  0.1396E-01  0.1686E+00  0.1686E+00
  0.2295E+00  0.1748E+00  0.1380E-01  0.1682E+00  0.1682E+00
  0.2301E+00  0.1656E+00  0.1343E-01  0.1678E+00  0.1678E+00
  0.2308E+00  0.1666E+00  0.1347E-01  0.1674E+00  0.1674E+00
  0.2314E+00  0.1658E+00  0.1324E-01  0.1670E+00  0.1670E+00
  0.2320E+00  0.1777E+00  0.1338E-01  0.1666E+00  0.1666E+00
  0.2326E+00  0.1764E+00  0.1388E-01  0.1663E+00  0.1663E+00
  0.2332E+00  0.1665E+00  0.1326E-01  0.1659E+00  0.1659E+00
  0.2338E+00  0.1720E+00  0.1361E-01  0.1655E+00  0.1655E+00
  0.2344E+00  0.1725E+00  0.1371E-01  0.1651E+00  0.1651E+00
  0.2350E+00  0.1733E+00  0.2118E-01  0.1648E+00  0.1648E+00
  0.2356E+00  0.1649E+00  0.4180E-01  0.1644E+00  0.1644E+00
  0.2362E+00  0.1681E+00  0.2236E-01  0.1640E+00  0.1640E+00
  0.2368E+00  0.1522E+00  0.2389E-01  0.1636E+00  0.1636E+00
  0.2374E+00  0.1422E+00  0.2691E-01  0.1633E+00  0.1633E+00
  0.2380E+00  0.1534E+00  0.1701E-01  0.1629E+00  0.1629E+00
  0.2387E+00  0.1798E+00  0.2231E-01  0.1625E+00  0.1625E+00
  0.2393E+00  0.1902E+00  0.3897E-01  0.1622E+00  0.1622E+00
  0.2399E+00  0.1818E+00  0.2071E-01  0.1618E+00  0.1618E+00
  0.2405E+00  0.1818E+00  0.1882E-01  0.1614E+00  0.1614E+00
  0.2411E+00  0.1818E+00  0.1440E-01  0.1611E+00  0.1611E+00
  0.2417E+00  0.1960E+00  0.1330E-01  0.1607E+00  0.1607E+00
  0.2423E+00  0.1818E+00  0.1307E-01  0.1603E+00  0.1603E+00
  0.2429E+00  0.1700E+00  0.1285E-01  0.1599E+00  0.1599E+00
  0.2435E+00  0.1583E+00  0.1299E-01  0.1596E+00  0.1596E+00
  0.2441E+00  0.1553E+00  0.1302E-01  0.1592E+00  0.1592E+00
  0.2447E+00  0.1577E+00  0.1315E-01  0.1588E+00  0.1588E+00
  0.2453E+00  0.1571E+00  0.1309E-01  0.1584E+00  0.1584E+00
  0.2460E+00  0.1601E+00  0.1276E-01  0.1581E+00  0.1581E+00
  0.2466E+00  0.1623E+00  0.1261E-01  0.1577E+00  0.1577E+00
  0.2472E+00  0.1665E+00  0.1311E-01  0.1573E+00  0.1573E+00
  0.2478E+00  0.1632E+00  0.1282E-01  0.1569E+00  0.1569E+00
  0.2484E+00  0.1470E+00  0.1287E-01  0.1566E+00  0.1566E+00
  0.2490E+00  0.1421E+00  0.1265E-01  0.1562E+00  0.1562E+00
  0.2496E+00  0.1774E+00  0.1319E-01  0.1558E+00  0.1558E+00
  0.2502E+00  0.1714E+00  0.1289E-01  0.1554E+00  0.1554E+00
  0.2508E+00  0.1591E+00  0.1273E-01  0.1551E+00  0.1551E+00
  0.2514E+00  0.1587E+00  0.1277E-01  0.1547E+00  0.1547E+00
  0.2520E+00  0.1562E+00  0.1243E-01  0.1543E+00  0.1543E+00
  0.2526E+00  0.1770E+00  0.1275E-01  0.1539E+00  0.1539E+00
  0.2532E+00  0.1579E+00  0.1272E-01  0.1536E+00  0.1536E+00
  0.2539E+00  0.1516E+00  0.1265E-01  0.1532E+00  0.1532E+00
  0.2545E+00  0.1382E+00  0.1286E-01  0.1528E+00  0.1528E+00
  0.2551E+00  0.1468E+00  0.1262E-01  0.1524E+00  0.1524E+00
  0.2557E+00  0.1505E+00  0.1254E-01  0.1521E+00  0.1521E+00
  0.2563E+00  0.1389E+00  0.1293E-01  0.1517E+00  0.1517E+00
  0.2569E+00  0.1304E+00  0.1264E-01  0.1513E+00  0.1513E+00
  0.2575E+00  0.1318E+00  0.1269E-01  0.1510E+00  0.1510E+00
  0.2581E+00  0.1366E+00  0.1271E-01  0.1506E+00  0.1506E+00
  0.2587E+00  0.1291E+00  0.1248E-01  0.1502E+00  0.1502E+00
  0.2593E+00  0.1457E+00  0.1250E-01  0.1499E+00  0.1499E+00
  0.2599E+00  0.1488E+00  0.1264E-01  0.1495E+00  0.1495E+00
  0.2605E+00  0.1585E+00  0.1246E-01  0.1492E+00  0.1492E+00
  0.2612E+00  0.1443E+00  0.1252E-01  0.1488E+00  0.1488E+00
  0.2618E+00  0.1546E+00  0.1252E-01  0.1485E+00  0.1485E+00
  0.2624E+00  0.1485E+00  0.1231E-01  0.1481E+00  0.1481E+00
  0.2630E+00  0.1298E+00  0.1232E-01  0.1478E+00  0.1478E+00
  0.2636E+00  0.1326E+00  0.1248E-01  0.1474E+00  0.1474E+00
  0.2642E+00  0.1445E+00  0.1185E-01  0.1471E+00  0.1471E+00
  0.2648E+00  0.1407E+00  0.1230E-01  0.1467E+00  0.1467E+00
  0.2654E+00  0.1491E+00  0.1225E-01  0.1464E+00  0.1464E+00
  0.2660E+00  0.1487E+00  0.1229E-01  0.1461E+00  0.1461E+00
  0.2666E+00  0.1420E+00  0.1402E-01  0.1457E+00  0.1457E+00
  0.2672E+00  0.1589E+00  0.1604E-01  0.1454E+00  0.1454E+00
  0.2678E+00  0.1485E+00  0.1320E-01  0.1451E+00  0.1451E+00
  0.2684E+00  0.1503E+00  0.1481E-01  0.1448E+00  0.1448E+00
  0.2691E+00  0.1475E+00  0.1338E-01  0.1444E+00  0.1444E+00
  0.2697E+00  0.1552E+00  0.1220E-01  0.1441E+00  0.1441E+00
  0.2703E+00  0.1455E+00  0.1266E-01  0.1438E+00  0.1438E+00
  0.2709E+00  0.1425E+00  0.1316E-01  0.1435E+00  0.1435E+00
  0.2715E+00  0.1466E+00  0.1218E-01  0.1432E+00  0.1432E+00
  0.2721E+00  0.1356E+00  0.1255E-01  0.1429E+00  0.1429E+00
  0.2727E+00  0.1367E+00  0.1248E-01  0.1426E+00  0.1426E+00
  0.2733E+00  0.1380E+00  0.1242E-01  0.1423E+00  0.1423E+00
  0.2739E+00  0.1309E+00  0.1582E-01  0.1420E+00  0.1420E+00
  0.2745E+00  0.1511E+00  0.2645E-01  0.1417E+00  0.1417E+00
  0.2751E+00  0.1485E+00  0.1592E-01  0.1414E+00  0.1414E+00
  0.2757E+00  0.1620E+00  0.1539E-01  0.1411E+00  0.1411E+00
  0.2763E+00  0.1350E+00  0.1476E-01  0.1408E+00  0.1408E+00
  0.2770E+00  0.1507E+00  0.1229E-01  0.1405E+00  0.1405E+00
  0.2776E+00  0.1515E+00  0.1253E-01  0.1403E+00  0.1403E+00
  0.2782E+00  0.1422E+00  0.1204E-01  0.1400E+00  0.1400E+00
  0.2788E+00  0.1168E+00  0.1181E-01  0.1397E+00  0.1397E+00
  0.2794E+00  0.1275E+00  0.1180E-01  0.1394E+00  0.1394E+00
  0.2800E+00  0.1341E+00  0.1209E-01  0.1392E+00  0.1392E+00
  0.2806E+00  0.1335E+00  0.1152E-01  0.1389E+00  0.1389E+00
  0.2812E+00  0.1369E+00  0.1158E-01  0.1386E+00  0.1386E+00
  0.2818E+00  0.1301E+00  0.1187E-01  0.1383E+00  0.1383E+00
  0.2824E+00  0.1353E+00  0.1170E-01  0.1381E+00  0.1381E+00
  0.2830E+00  0.1620E+00  0.1184E-01  0.1378E+00  0.1378E+00
  0.2836E+00  0.1506E+00  0.1189E-01  0.1375E+00  0.1375E+00
  0.2843E+00  0.1510E+00  0.1163E-01  0.1373E+00  0.1373E+00
  0.2849E+00  0.1384E+00  0.1135E-01  0.1370E+00  0.1370E+00
  0.2855E+00  0.1278E+00  0.1134E-01  0.1367E+00  0.1367E+00
  0.2861E+00  0.1256E+00  0.1115E-01  0.1365E+00  0.1365E+00
  0.2867E+00  0.1253E+00  0.1138E-01  0.1362E+00  0.1362E+00
  0.2873E+00  0.1267E+00  0.1155E-01  0.1359E+00  0.1359E+00
  0.2879E+00  0.1228E+00  0.1117E-01  0.1356E+00  0.1356E+00
  0.2885E+00  0.1339E+00  0.1128E-01  0.1354E+00  0.1354E+00
  0.2891E+00  0.1109E+00  0.1153E-01  0.1351E+00  0.1351E+00
  0.2897E+00  0.1311E+00  0.1144E-01  0.1348E+00  0.1348E+00
  0.2903E+00  0.1065E+00  0.1197E-01  0.1346E+00  0.1346E+00
  0.2909E+00  0.1233E+00  0.1259E-01  0.1343E+00  0.1343E+00
  0.2915E+00  0.1366E+00  0.1125E-01  0.1340E+00  0.1340E+00
  0.2922E+00  0.1520E+00  0.1125E-01  0.1337E+00  0.1337E+00
  0.2928E+00  0.1499E+00  0.1142E-01  0.1334E+00  0.1334E+00
  0.2934E+00  0.1481E+00  0.1156E-01  0.1331E+00  0.1331E+00
  0.2940E+00  0.1470E+00  0.1291E-01  0.1329E+00  0.1329E+00
  0.2946E+00  0.1330E+00  0.1124E-01  0.1326E+00  0.1326E+00
  0.2952E+00  0.1351E+00  0.1099E-01  0.1323E+00  0.1323E+00
  0.2958E+00  0.1439E+00  0.1067E-01  0.1320E+00  0.1320E+00
  0.2964E+00  0.1308E+00  0.1109E-01  0.1317E+00  0.1317E+00
  0.2970E+00  0.1327E+00  0.1066E-01  0.1314E+00  0.1314E+00
  0.2976E+00  0.1365E+00  0.1055E-01  0.1311E+00  0.1311E+00
  0.2982E+00  0.1373E+00  0.1072E-01  0.1307E+00  0.1307E+00
  0.2988E+00  0.1531E+00  0.1052E-01  0.1304E+00  0.1304E+00
  0.2995E+00  0.1604E+00  0.1060E-01  0.1301E+00  0.1301E+00
  0.3001E+00  0.1633E+00  0.1062E-01  0.1298E+00  0.1298E+00
  0.3007E+00  0.1601E+00  0.1029E-01  0.1295E+00  0.1295E+00
  0.3013E+00  0.1535E+00  0.1050E-01  0.1291E+00  0.1291E+00
  0.3019E+00  0.1516E+00  0.1088E-01  0.1288E+00  0.1288E+00
  0.3025E+00  0.1436E+00  0.1071E-01  0.1284E+00  0.1284E+00
  0.3031E+00  0.1337E+00  0.1071E-01  0.1281E+00  0.1281E+00
  0.3037E+00  0.1317E+00  0.1063E-01  0.1278E+00  0.1278E+00
  0.3043E+00  0.1251E+00  0.1073E-01  0.1274E+00  0.1274E+00
  0.3049E+00  0.1108E+00  0.1291E-01  0.1270E+00  0.1270E+00
  0.3055E+00  0.1243E+00  0.1237E-01  0.1267E+00  0.1267E+00
  0.3061E+00  0.1190E+00  0.1205E-01  0.1263E+00  0.1263E+00

           Distance distribution  function of particle  


       R          P(R)      ERROR

  0.0000E+00  0.0000E+00  0.0000E+00
  0.9630E+00  0.9209E-03  0.8876E-05
  0.1926E+01  0.1850E-02  0.1430E-04
  0.2889E+01  0.2792E-02  0.1659E-04
  0.3852E+01  0.3750E-02  0.1627E-04
  0.4815E+01  0.4731E-02  0.1418E-04
  0.5778E+01  0.5743E-02  0.1163E-04
  0.6741E+01  0.6792E-02  0.1078E-04
  0.7704E+01  0.7884E-02  0.1307E-04
  0.8667E+01  0.9025E-02  0.1727E-04
  0.9630E+01  0.1022E-01  0.2176E-04
  0.1059E+02  0.1146E-01  0.2574E-04
  0.1156E+02  0.1276E-01  0.2894E-04
  0.1252E+02  0.1409E-01  0.3147E-04
  0.1348E+02  0.1546E-01  0.3375E-04
  0.1445E+02  0.1685E-01  0.3639E-04
  0.1541E+02  0.1824E-01  0.3994E-04
  0.1637E+02  0.1962E-01  0.4472E-04
  0.1733E+02  0.2096E-01  0.5064E-04
  0.1830E+02  0.2226E-01  0.5734E-04
  0.1926E+02  0.2347E-01  0.6433E-04
  0.2022E+02  0.2460E-01  0.7115E-04
  0.2119E+02  0.2561E-01  0.7745E-04
  0.2215E+02  0.2651E-01  0.8301E-04
  0.2311E+02  0.2726E-01  0.8781E-04
  0.2407E+02  0.2787E-01  0.9195E-04
  0.2504E+02  0.2833E-01  0.9566E-04
  0.2600E+02  0.2865E-01  0.9925E-04
  0.2696E+02  0.2881E-01  0.1030E-03
  0.2793E+02  0.2884E-01  0.1071E-03
  0.2889E+02  0.2874E-01  0.1117E-03
  0.2985E+02  0.2853E-01  0.1167E-03
  0.3082E+02  0.2821E-01  0.1220E-03
  0.3178E+02  0.2780E-01  0.1274E-03
  0.3274E+02  0.2732E-01  0.1328E-03
  0.3370E+02  0.2677E-01  0.1381E-03
  0.3467E+02  0.2618E-01  0.1431E-03
  0.3563E+02  0.2555E-01  0.1480E-03
  0.3659E+02  0.2490E-01  0.1529E-03
  0.3756E+02  0.2423E-01  0.1577E-03
  0.3852E+02  0.2355E-01  0.1625E-03
  0.3948E+02  0.2286E-01  0.1674E-03
  0.4045E+02  0.2217E-01  0.1722E-03
  0.4141E+02  0.2148E-01  0.1770E-03
  0.4237E+02  0.2078E-01  0.1814E-03
  0.4334E+02  0.2008E-01  0.1855E-03
  0.4430E+02  0.1938E-01  0.1891E-03
  0.4526E+02  0.1868E-01  0.1923E-03
  0.4622E+02  0.1798E-01  0.1950E-03
  0.4719E+02  0.1728E-01  0.1973E-03
  0.4815E+02  0.1658E-01  0.1994E-03
  0.4911E+02  0.1588E-01  0.2013E-03
  0.5008E+02  0.1519E-01  0.2031E-03
  0.5104E+02  0.1451E-01  0.2050E-03
  0.5200E+02  0.1384E-01  0.2069E-03
  0.5296E+02  0.1319E-01  0.2089E-03
  0.5393E+02  0.1256E-01  0.2109E-03
  0.5489E+02  0.1195E-01  0.2130E-03
  0.5585E+02  0.1136E-01  0.2150E-03
  0.5682E+02  0.1080E-01  0.2170E-03
  0.5778E+02  0.1027E-01  0.2189E-03
  0.5874E+02  0.9753E-02  0.2206E-03
  0.5971E+02  0.9265E-02  0.2221E-03
  0.6067E+02  0.8797E-02  0.2233E-03
  0.6163E+02  0.8349E-02  0.2241E-03
  0.6259E+02  0.7916E-02  0.2244E-03
  0.6356E+02  0.7497E-02  0.2242E-03
  0.6452E+02  0.7089E-02  0.2234E-03
  0.6548E+02  0.6690E-02  0.2219E-03
  0.6645E+02  0.6299E-02  0.2200E-03
  0.6741E+02  0.5916E-02  0.2175E-03
  0.6837E+02  0.5540E-02  0.2148E-03
  0.6934E+02  0.5172E-02  0.2118E-03
  0.7030E+02  0.4814E-02  0.2088E-03
  0.7126E+02  0.4468E-02  0.2057E-03
  0.7222E+02  0.4135E-02  0.2028E-03
  0.7319E+02  0.3819E-02  0.1999E-03
  0.7415E+02  0.3521E-02  0.1971E-03
  0.7511E+02  0.3243E-02  0.1942E-03
  0.7608E+02  0.2986E-02  0.1911E-03
  0.7704E+02  0.2750E-02  0.1879E-03
  0.7800E+02  0.2536E-02  0.1843E-03
  0.7897E+02  0.2341E-02  0.1803E-03
  0.7993E+02  0.2165E-02  0.1759E-03
  0.8089E+02  0.2004E-02  0.1710E-03
  0.8186E+02  0.1855E-02  0.1656E-03
  0.8282E+02  0.1717E-02  0.1597E-03
  0.8378E+02  0.1584E-02  0.1531E-03
  0.8474E+02  0.1455E-02  0.1458E-03
  0.8571E+02  0.1326E-02  0.1378E-03
  0.8667E+02  0.1196E-02  0.1291E-03
  0.8763E+02  0.1064E-02  0.1196E-03
  0.8860E+02  0.9296E-03  0.1093E-03
  0.8956E+02  0.7936E-03  0.9832E-04
  0.9052E+02  0.6575E-03  0.8661E-04
  0.9148E+02  0.5238E-03  0.7422E-04
  0.9245E+02  0.3954E-03  0.6112E-04
  0.9341E+02  0.2755E-03  0.4727E-04
  0.9437E+02  0.1675E-03  0.3255E-04
  0.9534E+02  0.7477E-04  0.1685E-04
  0.9630E+02  0.0000E+00  0.0000E+00
          Reciprocal space: Rg =   27.94     , I(0) =   0.1494E+02
     Real space: Rg =   28.03 +- 0.173  I(0) =   0.1495E+02 +-  0.1414E+00
