
           ####    G N O M   ---   Version 4.5a revised 09/02/02     ####

                                                  Mon Jan 11 18:25:38 2010
           ===    Run No   1   ===
 Run title:   Merge of: 24427_01B_S0 24427_01C_S0 24427_01D_S0 24427_01F_S0


  Number of points omitted at the beginning:          34

          To optimize the performance, some input data points 
           have been joined. New number of points equals to 265

   *******   Working Directory :
   *******    Input file(s) :
           Condition P(rmin) = 0 is used. 
           Condition P(rmax) = 0 is used. 

          Experimental conditions for the first run
          -----------------------------------------

          Highest ALPHA is found to be   0.2502E+04

  The measure of inconsistency AN1 equals to    0.1260E+01

          Warning: using the chosen range in the real space 
             it is not possible to fit the data set within the
             given error band. 
     Alpha    Discrp  Oscill  Stabil  Sysdev  Positv  Valcen    Total   
  0.2502E+07191.4562  1.6132  0.8630  0.0000  1.0000  0.7461  0.21532
  0.5004E+06151.3253  1.5241  0.6236  0.0152  1.0000  0.7753  0.24746
  0.1001E+06109.3146  1.3463  0.4772  0.0152  1.0000  0.8505  0.31662
  0.2002E+05 66.4303  1.2896  0.3963  0.0303  1.0000  0.9240  0.35744
  0.4003E+04 26.0646  1.3088  0.1819  0.1212  1.0000  0.9533  0.38795
  0.8007E+03  8.0003  1.3390  0.0498  0.2424  1.0000  0.9609  0.56167
  0.1601E+03  2.7088  1.3754  0.0152  0.5909  1.0000  0.9625  0.73253
  0.3203E+02  1.3300  1.4047  0.0087  0.7121  1.0000  0.9625  0.80322
  0.6405E+01  1.0700  1.4246  0.0065  0.8333  1.0000  0.9624  0.87721
  0.1281E+01  1.0327  1.4385  0.0044  0.8485  1.0000  0.9623  0.88577
  0.2562E+00  1.0275  1.4492  0.0066  0.8182  1.0000  0.9623  0.87070
  0.5124E-01  1.0231  1.5054  0.0265  0.8182  1.0000  0.9632  0.84674
  0.1025E-01  1.0110  2.1413  0.0916  0.8182  0.9996  0.9652  0.61689
  0.2050E-02  0.9920  4.3001  0.1210  0.8182  0.9937  0.9554  0.56062
  0.4099E-03  0.9833  6.5688  0.1805  0.7879  0.9784  0.9241  0.48721
  0.8199E-04  0.9760 11.1344  0.5140  0.7879  0.9307  0.7525  0.38491
  0.1640E-04  0.9666 14.3594  0.3603  0.7727  0.8561  0.4252  0.00000

          ***  Golden section search to maximize estimate ***
     Alpha    Discrp  Oscill  Stabil  Sysdev  Positv  Valcen    Total   
  0.2369E+01  1.0392  1.4340  0.0052  0.8333  1.0000  0.9623  0.87954
  0.1013E+01  1.0314  1.4400  0.0043  0.8485  1.0000  0.9622  0.88563
  0.1620E+01  1.0346  1.4369  0.0046  0.8485  1.0000  0.9623  0.88584
  0.1873E+01  1.0361  1.4358  0.0048  0.8333  1.0000  0.9623  0.87962
  0.1481E+01  1.0338  1.4375  0.0045  0.8485  1.0000  0.9623  0.88582
  0.1712E+01  1.0351  1.4365  0.0047  0.8485  1.0000  0.9623  0.88584
  0.1772E+01  1.0355  1.4362  0.0047  0.8485  1.0000  0.9623  0.88584
  0.1810E+01  1.0357  1.4361  0.0048  0.8485  1.0000  0.9623  0.88584
  0.1749E+01  1.0353  1.4363  0.0047  0.8485  1.0000  0.9623  0.88584
  0.1787E+01  1.0355  1.4362  0.0048  0.8485  1.0000  0.9623  0.88584
  0.1763E+01  1.0354  1.4363  0.0047  0.8485  1.0000  0.9623  0.88584
  0.1758E+01  1.0354  1.4363  0.0047  0.8485  1.0000  0.9623  0.88584
  0.1767E+01  1.0354  1.4362  0.0047  0.8485  1.0000  0.9623  0.88584
  0.1761E+01  1.0354  1.4363  0.0047  0.8485  1.0000  0.9623  0.88584
  0.1765E+01  1.0354  1.4363  0.0047  0.8485  1.0000  0.9623  0.88584
  0.1763E+01  1.0354  1.4363  0.0047  0.8485  1.0000  0.9623  0.88584
  0.1763E+01  1.0354  1.4363  0.0047  0.8485  1.0000  0.9623  0.88584



             ####            Final results            ####

 Parameter    DISCRP    OSCILL    STABIL    SYSDEV    POSITV    VALCEN
 Weight        1.000     3.000     3.000     5.000     1.000     1.000
 Sigma         0.300     0.600     0.120     0.500     0.120     0.120
 Ideal         0.700     1.200     0.000     1.000     1.000     0.950
 Current       1.035     1.436     0.005     0.848     1.000     0.962
                - - - - - - - - - - - - - - - - - - - - - - - - - 
 Estimate      0.286     0.856     0.998     0.912     1.000     0.990

  Angular   range    :     from    0.0415   to    0.4877
  Real space range   :     from      0.00   to     59.32

  Highest ALPHA (theor) :   0.250E+07                 JOB = 0
  Current ALPHA         :   0.176E+01   Rg :  0.192E+02   I(0) :   0.397E+02

           Total  estimate : 0.886  which is    A GOOD      solution

      S          J EXP       ERROR       J REG       I REG

  0.0000E+00                                      0.3973E+02
  0.1728E-02                                      0.3972E+02
  0.3456E-02                                      0.3967E+02
  0.5184E-02                                      0.3960E+02
  0.6912E-02                                      0.3950E+02
  0.8641E-02                                      0.3937E+02
  0.1037E-01                                      0.3921E+02
  0.1210E-01                                      0.3902E+02
  0.1382E-01                                      0.3881E+02
  0.1555E-01                                      0.3857E+02
  0.1728E-01                                      0.3830E+02
  0.1901E-01                                      0.3801E+02
  0.2074E-01                                      0.3769E+02
  0.2247E-01                                      0.3734E+02
  0.2419E-01                                      0.3697E+02
  0.2592E-01                                      0.3658E+02
  0.2765E-01                                      0.3617E+02
  0.2938E-01                                      0.3573E+02
  0.3111E-01                                      0.3527E+02
  0.3283E-01                                      0.3479E+02
  0.3456E-01                                      0.3430E+02
  0.3629E-01                                      0.3378E+02
  0.3802E-01                                      0.3325E+02
  0.3975E-01                                      0.3270E+02
  0.4147E-01  0.3274E+02  0.1683E+00  0.3213E+02  0.3213E+02
  0.4316E-01  0.3198E+02  0.1427E+00  0.3157E+02  0.3157E+02
  0.4485E-01  0.3114E+02  0.1027E+00  0.3099E+02  0.3099E+02
  0.4654E-01  0.3072E+02  0.9928E-01  0.3040E+02  0.3040E+02
  0.4824E-01  0.3012E+02  0.1032E+00  0.2980E+02  0.2980E+02
  0.4993E-01  0.2908E+02  0.1007E+00  0.2919E+02  0.2919E+02
  0.5162E-01  0.2855E+02  0.1016E+00  0.2857E+02  0.2857E+02
  0.5331E-01  0.2812E+02  0.9288E-01  0.2795E+02  0.2795E+02
  0.5500E-01  0.2741E+02  0.8758E-01  0.2731E+02  0.2731E+02
  0.5669E-01  0.2678E+02  0.8519E-01  0.2667E+02  0.2667E+02
  0.5838E-01  0.2617E+02  0.8455E-01  0.2603E+02  0.2603E+02
  0.6007E-01  0.2530E+02  0.8637E-01  0.2539E+02  0.2539E+02
  0.6176E-01  0.2467E+02  0.8682E-01  0.2474E+02  0.2474E+02
  0.6345E-01  0.2401E+02  0.6411E-01  0.2409E+02  0.2409E+02
  0.6514E-01  0.2342E+02  0.6090E-01  0.2344E+02  0.2344E+02
  0.6683E-01  0.2278E+02  0.5911E-01  0.2278E+02  0.2278E+02
  0.6852E-01  0.2212E+02  0.5780E-01  0.2214E+02  0.2214E+02
  0.7021E-01  0.2139E+02  0.5762E-01  0.2149E+02  0.2149E+02
  0.7190E-01  0.2055E+02  0.5713E-01  0.2084E+02  0.2084E+02
  0.7359E-01  0.2017E+02  0.5831E-01  0.2020E+02  0.2020E+02
  0.7528E-01  0.1952E+02  0.5673E-01  0.1956E+02  0.1956E+02
  0.7697E-01  0.1894E+02  0.5523E-01  0.1893E+02  0.1893E+02
  0.7866E-01  0.1817E+02  0.5341E-01  0.1831E+02  0.1831E+02
  0.8035E-01  0.1773E+02  0.5302E-01  0.1769E+02  0.1769E+02
  0.8204E-01  0.1691E+02  0.5174E-01  0.1708E+02  0.1708E+02
  0.8373E-01  0.1638E+02  0.5162E-01  0.1647E+02  0.1647E+02
  0.8542E-01  0.1570E+02  0.5139E-01  0.1588E+02  0.1588E+02
  0.8711E-01  0.1526E+02  0.5096E-01  0.1529E+02  0.1529E+02
  0.8880E-01  0.1466E+02  0.5078E-01  0.1472E+02  0.1472E+02
  0.9049E-01  0.1422E+02  0.5015E-01  0.1415E+02  0.1415E+02
  0.9218E-01  0.1357E+02  0.4854E-01  0.1360E+02  0.1360E+02
  0.9387E-01  0.1300E+02  0.5809E-01  0.1305E+02  0.1305E+02
  0.9556E-01  0.1248E+02  0.5752E-01  0.1252E+02  0.1252E+02
  0.9725E-01  0.1185E+02  0.4693E-01  0.1200E+02  0.1200E+02
  0.9894E-01  0.1148E+02  0.4673E-01  0.1149E+02  0.1149E+02
  0.1006E+00  0.1115E+02  0.4647E-01  0.1100E+02  0.1100E+02
  0.1023E+00  0.1062E+02  0.4667E-01  0.1051E+02  0.1051E+02
  0.1040E+00  0.1011E+02  0.4477E-01  0.1004E+02  0.1004E+02
  0.1057E+00  0.9679E+01  0.4426E-01  0.9584E+01  0.9584E+01
  0.1074E+00  0.9342E+01  0.4342E-01  0.9140E+01  0.9140E+01
  0.1091E+00  0.8896E+01  0.4323E-01  0.8708E+01  0.8708E+01
  0.1108E+00  0.8479E+01  0.4292E-01  0.8291E+01  0.8291E+01
  0.1125E+00  0.8015E+01  0.3821E-01  0.7886E+01  0.7886E+01
  0.1141E+00  0.7491E+01  0.3102E-01  0.7495E+01  0.7495E+01
  0.1158E+00  0.7167E+01  0.3223E-01  0.7118E+01  0.7118E+01
  0.1175E+00  0.6737E+01  0.8716E-02  0.6754E+01  0.6754E+01
  0.1192E+00  0.6413E+01  0.8521E-02  0.6403E+01  0.6403E+01
  0.1209E+00  0.6077E+01  0.8412E-02  0.6065E+01  0.6065E+01
  0.1226E+00  0.5749E+01  0.8402E-02  0.5741E+01  0.5741E+01
  0.1243E+00  0.5435E+01  0.8071E-02  0.5429E+01  0.5429E+01
  0.1260E+00  0.5113E+01  0.7837E-02  0.5131E+01  0.5131E+01
  0.1277E+00  0.4836E+01  0.7749E-02  0.4845E+01  0.4845E+01
  0.1294E+00  0.4566E+01  0.7689E-02  0.4571E+01  0.4571E+01
  0.1310E+00  0.4318E+01  0.7682E-02  0.4310E+01  0.4310E+01
  0.1327E+00  0.4057E+01  0.7782E-02  0.4060E+01  0.4060E+01
  0.1344E+00  0.3816E+01  0.7701E-02  0.3823E+01  0.3823E+01
  0.1361E+00  0.3589E+01  0.7436E-02  0.3596E+01  0.3596E+01
  0.1378E+00  0.3379E+01  0.7332E-02  0.3381E+01  0.3381E+01
  0.1395E+00  0.3169E+01  0.7140E-02  0.3177E+01  0.3177E+01
  0.1412E+00  0.2979E+01  0.7053E-02  0.2984E+01  0.2984E+01
  0.1429E+00  0.2800E+01  0.6979E-02  0.2801E+01  0.2801E+01
  0.1446E+00  0.2655E+01  0.6949E-02  0.2628E+01  0.2628E+01
  0.1463E+00  0.2492E+01  0.6913E-02  0.2465E+01  0.2465E+01
  0.1480E+00  0.2289E+01  0.6868E-02  0.2312E+01  0.2312E+01
  0.1496E+00  0.2167E+01  0.6863E-02  0.2167E+01  0.2167E+01
  0.1513E+00  0.2028E+01  0.6756E-02  0.2031E+01  0.2031E+01
  0.1530E+00  0.1905E+01  0.6614E-02  0.1904E+01  0.1904E+01
  0.1547E+00  0.1792E+01  0.6469E-02  0.1785E+01  0.1785E+01
  0.1564E+00  0.1664E+01  0.6383E-02  0.1674E+01  0.1674E+01
  0.1581E+00  0.1575E+01  0.6438E-02  0.1570E+01  0.1570E+01
  0.1598E+00  0.1472E+01  0.6389E-02  0.1473E+01  0.1473E+01
  0.1615E+00  0.1396E+01  0.6377E-02  0.1384E+01  0.1384E+01
  0.1632E+00  0.1318E+01  0.6348E-02  0.1300E+01  0.1300E+01
  0.1649E+00  0.1212E+01  0.6369E-02  0.1224E+01  0.1224E+01
  0.1665E+00  0.1145E+01  0.6258E-02  0.1153E+01  0.1153E+01
  0.1682E+00  0.1078E+01  0.6183E-02  0.1087E+01  0.1087E+01
  0.1699E+00  0.1028E+01  0.6131E-02  0.1028E+01  0.1028E+01
  0.1716E+00  0.9732E+00  0.6022E-02  0.9728E+00  0.9728E+00
  0.1733E+00  0.9175E+00  0.6003E-02  0.9228E+00  0.9228E+00
  0.1750E+00  0.8782E+00  0.5993E-02  0.8773E+00  0.8773E+00
  0.1767E+00  0.8253E+00  0.5940E-02  0.8361E+00  0.8361E+00
  0.1784E+00  0.7872E+00  0.5901E-02  0.7989E+00  0.7989E+00
  0.1801E+00  0.7694E+00  0.5909E-02  0.7654E+00  0.7654E+00
  0.1818E+00  0.7218E+00  0.5780E-02  0.7355E+00  0.7355E+00
  0.1834E+00  0.7180E+00  0.5743E-02  0.7088E+00  0.7088E+00
  0.1851E+00  0.6981E+00  0.5767E-02  0.6852E+00  0.6852E+00
  0.1868E+00  0.6590E+00  0.5866E-02  0.6644E+00  0.6644E+00
  0.1885E+00  0.6215E+00  0.5862E-02  0.6463E+00  0.6463E+00
  0.1902E+00  0.6245E+00  0.5846E-02  0.6305E+00  0.6305E+00
  0.1919E+00  0.6324E+00  0.5809E-02  0.6171E+00  0.6171E+00
  0.1936E+00  0.6097E+00  0.5780E-02  0.6056E+00  0.6056E+00
  0.1953E+00  0.6021E+00  0.5647E-02  0.5961E+00  0.5961E+00
  0.1970E+00  0.5896E+00  0.5659E-02  0.5882E+00  0.5882E+00
  0.1987E+00  0.5803E+00  0.5699E-02  0.5819E+00  0.5819E+00
  0.2003E+00  0.5685E+00  0.5675E-02  0.5770E+00  0.5770E+00
  0.2020E+00  0.5627E+00  0.7852E-02  0.5734E+00  0.5734E+00
  0.2037E+00  0.5635E+00  0.1260E-01  0.5708E+00  0.5708E+00
  0.2054E+00  0.5733E+00  0.5775E-02  0.5693E+00  0.5693E+00
  0.2071E+00  0.5879E+00  0.5712E-02  0.5687E+00  0.5687E+00
  0.2088E+00  0.5750E+00  0.5773E-02  0.5688E+00  0.5688E+00
  0.2105E+00  0.5856E+00  0.5755E-02  0.5695E+00  0.5695E+00
  0.2122E+00  0.5720E+00  0.5795E-02  0.5709E+00  0.5709E+00
  0.2139E+00  0.5694E+00  0.5783E-02  0.5727E+00  0.5727E+00
  0.2156E+00  0.5729E+00  0.5728E-02  0.5749E+00  0.5749E+00
  0.2172E+00  0.5940E+00  0.5712E-02  0.5774E+00  0.5774E+00
  0.2189E+00  0.5921E+00  0.5790E-02  0.5801E+00  0.5801E+00
  0.2206E+00  0.5801E+00  0.5824E-02  0.5830E+00  0.5830E+00
  0.2223E+00  0.5873E+00  0.5830E-02  0.5860E+00  0.5860E+00
  0.2240E+00  0.5834E+00  0.5806E-02  0.5891E+00  0.5891E+00
  0.2257E+00  0.5823E+00  0.5703E-02  0.5922E+00  0.5922E+00
  0.2274E+00  0.5970E+00  0.5702E-02  0.5952E+00  0.5952E+00
  0.2291E+00  0.5881E+00  0.5728E-02  0.5981E+00  0.5981E+00
  0.2308E+00  0.5991E+00  0.5863E-02  0.6010E+00  0.6010E+00
  0.2325E+00  0.6086E+00  0.5911E-02  0.6036E+00  0.6036E+00
  0.2341E+00  0.6140E+00  0.5958E-02  0.6061E+00  0.6061E+00
  0.2358E+00  0.6122E+00  0.5912E-02  0.6085E+00  0.6085E+00
  0.2375E+00  0.6042E+00  0.5759E-02  0.6105E+00  0.6105E+00
  0.2392E+00  0.6060E+00  0.5697E-02  0.6124E+00  0.6124E+00
  0.2409E+00  0.6057E+00  0.5595E-02  0.6140E+00  0.6140E+00
  0.2426E+00  0.6136E+00  0.5585E-02  0.6154E+00  0.6154E+00
  0.2443E+00  0.6241E+00  0.5603E-02  0.6165E+00  0.6165E+00
  0.2460E+00  0.6022E+00  0.5606E-02  0.6173E+00  0.6173E+00
  0.2477E+00  0.6027E+00  0.5651E-02  0.6179E+00  0.6179E+00
  0.2494E+00  0.6227E+00  0.5700E-02  0.6182E+00  0.6182E+00
  0.2510E+00  0.6222E+00  0.5746E-02  0.6182E+00  0.6182E+00
  0.2527E+00  0.6198E+00  0.5776E-02  0.6180E+00  0.6180E+00
  0.2544E+00  0.6153E+00  0.6135E-02  0.6176E+00  0.6176E+00
  0.2561E+00  0.6114E+00  0.1392E-01  0.6169E+00  0.6169E+00
  0.2578E+00  0.6103E+00  0.7513E-02  0.6160E+00  0.6160E+00
  0.2595E+00  0.6121E+00  0.6077E-02  0.6149E+00  0.6149E+00
  0.2612E+00  0.6098E+00  0.6199E-02  0.6136E+00  0.6136E+00
  0.2629E+00  0.6101E+00  0.6329E-02  0.6122E+00  0.6122E+00
  0.2646E+00  0.6098E+00  0.6346E-02  0.6105E+00  0.6105E+00
  0.2663E+00  0.6126E+00  0.6381E-02  0.6087E+00  0.6087E+00
  0.2679E+00  0.6207E+00  0.6481E-02  0.6068E+00  0.6068E+00
  0.2696E+00  0.6109E+00  0.6495E-02  0.6048E+00  0.6048E+00
  0.2713E+00  0.6091E+00  0.6559E-02  0.6027E+00  0.6027E+00
  0.2730E+00  0.5958E+00  0.6601E-02  0.6005E+00  0.6005E+00
  0.2747E+00  0.5829E+00  0.6675E-02  0.5982E+00  0.5982E+00
  0.2764E+00  0.5968E+00  0.6728E-02  0.5960E+00  0.5960E+00
  0.2781E+00  0.6024E+00  0.6880E-02  0.5936E+00  0.5936E+00
  0.2798E+00  0.5835E+00  0.6870E-02  0.5913E+00  0.5913E+00
  0.2815E+00  0.5715E+00  0.7015E-02  0.5891E+00  0.5891E+00
  0.2832E+00  0.5926E+00  0.7097E-02  0.5868E+00  0.5868E+00
  0.2848E+00  0.5998E+00  0.7116E-02  0.5846E+00  0.5846E+00
  0.2865E+00  0.5941E+00  0.7087E-02  0.5825E+00  0.5825E+00
  0.2882E+00  0.5797E+00  0.7075E-02  0.5804E+00  0.5804E+00
  0.2899E+00  0.5701E+00  0.7098E-02  0.5785E+00  0.5785E+00
  0.2916E+00  0.5833E+00  0.7278E-02  0.5766E+00  0.5766E+00
  0.2933E+00  0.5814E+00  0.7409E-02  0.5749E+00  0.5749E+00
  0.2950E+00  0.5874E+00  0.7570E-02  0.5733E+00  0.5733E+00
  0.2967E+00  0.5736E+00  0.7581E-02  0.5719E+00  0.5719E+00
  0.2984E+00  0.5679E+00  0.7594E-02  0.5706E+00  0.5706E+00
  0.3001E+00  0.5541E+00  0.7546E-02  0.5694E+00  0.5694E+00
  0.3017E+00  0.5794E+00  0.7649E-02  0.5685E+00  0.5685E+00
  0.3034E+00  0.5734E+00  0.7563E-02  0.5677E+00  0.5677E+00
  0.3051E+00  0.5820E+00  0.7708E-02  0.5671E+00  0.5671E+00
  0.3068E+00  0.5602E+00  0.7861E-02  0.5667E+00  0.5667E+00
  0.3085E+00  0.5809E+00  0.8010E-02  0.5664E+00  0.5664E+00
  0.3102E+00  0.5634E+00  0.8091E-02  0.5664E+00  0.5664E+00
  0.3119E+00  0.5739E+00  0.8090E-02  0.5665E+00  0.5665E+00
  0.3136E+00  0.5751E+00  0.8075E-02  0.5669E+00  0.5669E+00
  0.3153E+00  0.5534E+00  0.8152E-02  0.5674E+00  0.5674E+00
  0.3170E+00  0.5672E+00  0.8179E-02  0.5681E+00  0.5681E+00
  0.3187E+00  0.5828E+00  0.8174E-02  0.5690E+00  0.5690E+00
  0.3203E+00  0.5530E+00  0.8303E-02  0.5700E+00  0.5700E+00
  0.3220E+00  0.5565E+00  0.8498E-02  0.5712E+00  0.5712E+00
  0.3237E+00  0.5729E+00  0.8549E-02  0.5726E+00  0.5726E+00
  0.3254E+00  0.5840E+00  0.8453E-02  0.5742E+00  0.5742E+00
  0.3271E+00  0.5840E+00  0.8440E-02  0.5759E+00  0.5759E+00
  0.3288E+00  0.5521E+00  0.8294E-02  0.5777E+00  0.5777E+00
  0.3305E+00  0.5567E+00  0.8288E-02  0.5796E+00  0.5796E+00
  0.3322E+00  0.5803E+00  0.8426E-02  0.5817E+00  0.5817E+00
  0.3339E+00  0.5847E+00  0.8479E-02  0.5839E+00  0.5839E+00
  0.3356E+00  0.5842E+00  0.8773E-02  0.5862E+00  0.5862E+00
  0.3372E+00  0.6089E+00  0.8760E-02  0.5886E+00  0.5886E+00
  0.3389E+00  0.5941E+00  0.8559E-02  0.5910E+00  0.5910E+00
  0.3406E+00  0.5852E+00  0.8518E-02  0.5936E+00  0.5936E+00
  0.3423E+00  0.6016E+00  0.8492E-02  0.5962E+00  0.5962E+00
  0.3440E+00  0.5873E+00  0.8590E-02  0.5988E+00  0.5988E+00
  0.3457E+00  0.5762E+00  0.8586E-02  0.6015E+00  0.6015E+00
  0.3474E+00  0.5934E+00  0.8672E-02  0.6042E+00  0.6042E+00
  0.3491E+00  0.5918E+00  0.8748E-02  0.6070E+00  0.6070E+00
  0.3508E+00  0.6248E+00  0.8759E-02  0.6098E+00  0.6098E+00
  0.3525E+00  0.6127E+00  0.8686E-02  0.6125E+00  0.6125E+00
  0.3541E+00  0.6184E+00  0.8605E-02  0.6153E+00  0.6153E+00
  0.3558E+00  0.6090E+00  0.8580E-02  0.6180E+00  0.6180E+00
  0.3575E+00  0.6233E+00  0.8688E-02  0.6208E+00  0.6208E+00
  0.3592E+00  0.6235E+00  0.8780E-02  0.6235E+00  0.6235E+00
  0.3609E+00  0.6403E+00  0.8895E-02  0.6262E+00  0.6262E+00
  0.3626E+00  0.6389E+00  0.8932E-02  0.6288E+00  0.6288E+00
  0.3643E+00  0.6197E+00  0.8848E-02  0.6314E+00  0.6314E+00
  0.3660E+00  0.6414E+00  0.8889E-02  0.6340E+00  0.6340E+00
  0.3677E+00  0.6537E+00  0.8693E-02  0.6365E+00  0.6365E+00
  0.3694E+00  0.6275E+00  0.8709E-02  0.6390E+00  0.6390E+00
  0.3710E+00  0.6428E+00  0.8800E-02  0.6414E+00  0.6414E+00
  0.3727E+00  0.6387E+00  0.8948E-02  0.6438E+00  0.6438E+00
  0.3744E+00  0.6446E+00  0.9100E-02  0.6461E+00  0.6461E+00
  0.3761E+00  0.6681E+00  0.9000E-02  0.6484E+00  0.6484E+00
  0.3778E+00  0.6634E+00  0.8864E-02  0.6506E+00  0.6506E+00
  0.3795E+00  0.6383E+00  0.8714E-02  0.6528E+00  0.6528E+00
  0.3812E+00  0.6594E+00  0.8817E-02  0.6550E+00  0.6550E+00
  0.3829E+00  0.6707E+00  0.9065E-02  0.6571E+00  0.6571E+00
  0.3846E+00  0.6481E+00  0.9035E-02  0.6591E+00  0.6591E+00
  0.3863E+00  0.6510E+00  0.9032E-02  0.6611E+00  0.6611E+00
  0.3879E+00  0.6596E+00  0.8983E-02  0.6631E+00  0.6631E+00
  0.3896E+00  0.6883E+00  0.8902E-02  0.6651E+00  0.6651E+00
  0.3913E+00  0.6769E+00  0.8812E-02  0.6670E+00  0.6670E+00
  0.3930E+00  0.6831E+00  0.8898E-02  0.6689E+00  0.6689E+00
  0.3947E+00  0.6671E+00  0.9105E-02  0.6708E+00  0.6708E+00
  0.3964E+00  0.6756E+00  0.9002E-02  0.6727E+00  0.6727E+00
  0.3981E+00  0.6977E+00  0.9023E-02  0.6746E+00  0.6746E+00
  0.3998E+00  0.6768E+00  0.8888E-02  0.6765E+00  0.6765E+00
  0.4015E+00  0.6733E+00  0.8958E-02  0.6783E+00  0.6783E+00
  0.4032E+00  0.6600E+00  0.9061E-02  0.6802E+00  0.6802E+00
  0.4048E+00  0.6487E+00  0.9148E-02  0.6821E+00  0.6821E+00
  0.4065E+00  0.6717E+00  0.9104E-02  0.6840E+00  0.6840E+00
  0.4082E+00  0.6888E+00  0.9021E-02  0.6859E+00  0.6859E+00
  0.4099E+00  0.6895E+00  0.8984E-02  0.6878E+00  0.6878E+00
  0.4116E+00  0.6925E+00  0.8907E-02  0.6897E+00  0.6897E+00
  0.4133E+00  0.7058E+00  0.8965E-02  0.6917E+00  0.6917E+00
  0.4150E+00  0.7100E+00  0.9166E-02  0.6936E+00  0.6936E+00
  0.4167E+00  0.6792E+00  0.9120E-02  0.6956E+00  0.6956E+00
  0.4184E+00  0.6957E+00  0.9114E-02  0.6976E+00  0.6976E+00
  0.4201E+00  0.6999E+00  0.8972E-02  0.6996E+00  0.6996E+00
  0.4217E+00  0.7099E+00  0.8976E-02  0.7016E+00  0.7016E+00
  0.4234E+00  0.7140E+00  0.8984E-02  0.7037E+00  0.7037E+00
  0.4251E+00  0.7047E+00  0.8997E-02  0.7057E+00  0.7057E+00
  0.4268E+00  0.6985E+00  0.9189E-02  0.7078E+00  0.7078E+00
  0.4285E+00  0.6921E+00  0.9107E-02  0.7098E+00  0.7098E+00
  0.4302E+00  0.6807E+00  0.9023E-02  0.7119E+00  0.7119E+00
  0.4319E+00  0.7145E+00  0.9096E-02  0.7139E+00  0.7139E+00
  0.4336E+00  0.7205E+00  0.9059E-02  0.7159E+00  0.7159E+00
  0.4353E+00  0.7225E+00  0.9024E-02  0.7179E+00  0.7179E+00
  0.4370E+00  0.7129E+00  0.8955E-02  0.7199E+00  0.7199E+00
  0.4386E+00  0.7091E+00  0.8971E-02  0.7218E+00  0.7218E+00
  0.4403E+00  0.7304E+00  0.9063E-02  0.7237E+00  0.7237E+00
  0.4420E+00  0.7153E+00  0.8936E-02  0.7256E+00  0.7256E+00
  0.4437E+00  0.7202E+00  0.9180E-02  0.7273E+00  0.7273E+00
  0.4454E+00  0.7426E+00  0.9779E-02  0.7290E+00  0.7290E+00
  0.4471E+00  0.7593E+00  0.1010E-01  0.7307E+00  0.7307E+00
  0.4488E+00  0.7331E+00  0.1016E-01  0.7322E+00  0.7322E+00
  0.4505E+00  0.7287E+00  0.1076E-01  0.7337E+00  0.7337E+00
  0.4522E+00  0.7586E+00  0.1117E-01  0.7350E+00  0.7350E+00
  0.4539E+00  0.7349E+00  0.1174E-01  0.7362E+00  0.7362E+00
  0.4555E+00  0.7218E+00  0.1205E-01  0.7373E+00  0.7373E+00
  0.4572E+00  0.7524E+00  0.1255E-01  0.7383E+00  0.7383E+00
  0.4589E+00  0.7315E+00  0.1307E-01  0.7392E+00  0.7392E+00
  0.4606E+00  0.7422E+00  0.1348E-01  0.7399E+00  0.7399E+00
  0.4623E+00  0.7190E+00  0.1411E-01  0.7404E+00  0.7404E+00
  0.4640E+00  0.7362E+00  0.1469E-01  0.7408E+00  0.7408E+00
  0.4657E+00  0.7919E+00  0.1525E-01  0.7410E+00  0.7410E+00
  0.4674E+00  0.7779E+00  0.1617E-01  0.7410E+00  0.7410E+00
  0.4691E+00  0.7634E+00  0.1703E-01  0.7409E+00  0.7409E+00
  0.4708E+00  0.7172E+00  0.1741E-01  0.7406E+00  0.7406E+00
  0.4724E+00  0.7297E+00  0.1867E-01  0.7400E+00  0.7400E+00
  0.4741E+00  0.7859E+00  0.1943E-01  0.7393E+00  0.7393E+00
  0.4758E+00  0.7520E+00  0.2069E-01  0.7384E+00  0.7384E+00
  0.4775E+00  0.7613E+00  0.2147E-01  0.7373E+00  0.7373E+00
  0.4792E+00  0.7561E+00  0.2290E-01  0.7360E+00  0.7360E+00
  0.4809E+00  0.6830E+00  0.2472E-01  0.7345E+00  0.7345E+00
  0.4826E+00  0.6917E+00  0.2722E-01  0.7328E+00  0.7328E+00
  0.4843E+00  0.7108E+00  0.3122E-01  0.7309E+00  0.7309E+00
  0.4860E+00  0.7888E+00  0.3633E-01  0.7288E+00  0.7288E+00
  0.4877E+00  0.7582E+00  0.4314E-01  0.7266E+00  0.7266E+00

           Distance distribution  function of particle  


       R          P(R)      ERROR

  0.0000E+00  0.0000E+00  0.0000E+00
  0.5932E+00  0.7400E-02  0.9213E-04
  0.1186E+01  0.1309E-01  0.1446E-03
  0.1780E+01  0.1717E-01  0.1608E-03
  0.2373E+01  0.1982E-01  0.1457E-03
  0.2966E+01  0.2125E-01  0.1062E-03
  0.3559E+01  0.2173E-01  0.5051E-04
  0.4152E+01  0.2155E-01  0.2225E-04
  0.4746E+01  0.2102E-01  0.8462E-04
  0.5339E+01  0.2042E-01  0.1438E-03
  0.5932E+01  0.2006E-01  0.1905E-03
  0.6525E+01  0.2016E-01  0.2198E-03
  0.7118E+01  0.2094E-01  0.2290E-03
  0.7712E+01  0.2254E-01  0.2175E-03
  0.8305E+01  0.2506E-01  0.1864E-03
  0.8898E+01  0.2852E-01  0.1393E-03
  0.9491E+01  0.3289E-01  0.8264E-04
  0.1008E+02  0.3809E-01  0.3965E-04
  0.1068E+02  0.4398E-01  0.7509E-04
  0.1127E+02  0.5039E-01  0.1334E-03
  0.1186E+02  0.5714E-01  0.1846E-03
  0.1246E+02  0.6402E-01  0.2214E-03
  0.1305E+02  0.7082E-01  0.2402E-03
  0.1364E+02  0.7735E-01  0.2393E-03
  0.1424E+02  0.8345E-01  0.2191E-03
  0.1483E+02  0.8899E-01  0.1819E-03
  0.1542E+02  0.9387E-01  0.1327E-03
  0.1602E+02  0.9803E-01  0.8297E-04
  0.1661E+02  0.1015E+00  0.6810E-04
  0.1720E+02  0.1042E+00  0.1085E-03
  0.1780E+02  0.1063E+00  0.1615E-03
  0.1839E+02  0.1078E+00  0.2075E-03
  0.1898E+02  0.1089E+00  0.2391E-03
  0.1958E+02  0.1096E+00  0.2530E-03
  0.2017E+02  0.1101E+00  0.2479E-03
  0.2076E+02  0.1105E+00  0.2247E-03
  0.2136E+02  0.1109E+00  0.1868E-03
  0.2195E+02  0.1113E+00  0.1411E-03
  0.2254E+02  0.1117E+00  0.1032E-03
  0.2313E+02  0.1123E+00  0.1015E-03
  0.2373E+02  0.1129E+00  0.1385E-03
  0.2432E+02  0.1135E+00  0.1861E-03
  0.2491E+02  0.1141E+00  0.2276E-03
  0.2551E+02  0.1146E+00  0.2558E-03
  0.2610E+02  0.1149E+00  0.2672E-03
  0.2669E+02  0.1148E+00  0.2609E-03
  0.2729E+02  0.1145E+00  0.2384E-03
  0.2788E+02  0.1136E+00  0.2043E-03
  0.2847E+02  0.1123E+00  0.1670E-03
  0.2907E+02  0.1105E+00  0.1414E-03
  0.2966E+02  0.1082E+00  0.1439E-03
  0.3025E+02  0.1053E+00  0.1727E-03
  0.3085E+02  0.1020E+00  0.2105E-03
  0.3144E+02  0.9835E-01  0.2438E-03
  0.3203E+02  0.9436E-01  0.2650E-03
  0.3263E+02  0.9014E-01  0.2704E-03
  0.3322E+02  0.8579E-01  0.2592E-03
  0.3381E+02  0.8139E-01  0.2332E-03
  0.3441E+02  0.7703E-01  0.1972E-03
  0.3500E+02  0.7277E-01  0.1606E-03
  0.3559E+02  0.6867E-01  0.1391E-03
  0.3619E+02  0.6476E-01  0.1473E-03
  0.3678E+02  0.6106E-01  0.1791E-03
  0.3737E+02  0.5756E-01  0.2175E-03
  0.3796E+02  0.5425E-01  0.2502E-03
  0.3856E+02  0.5110E-01  0.2709E-03
  0.3915E+02  0.4807E-01  0.2767E-03
  0.3974E+02  0.4513E-01  0.2677E-03
  0.4034E+02  0.4222E-01  0.2464E-03
  0.4093E+02  0.3933E-01  0.2184E-03
  0.4152E+02  0.3642E-01  0.1927E-03
  0.4212E+02  0.3350E-01  0.1804E-03
  0.4271E+02  0.3055E-01  0.1882E-03
  0.4330E+02  0.2760E-01  0.2115E-03
  0.4390E+02  0.2469E-01  0.2396E-03
  0.4449E+02  0.2184E-01  0.2635E-03
  0.4508E+02  0.1912E-01  0.2776E-03
  0.4568E+02  0.1657E-01  0.2794E-03
  0.4627E+02  0.1423E-01  0.2691E-03
  0.4686E+02  0.1216E-01  0.2492E-03
  0.4746E+02  0.1038E-01  0.2249E-03
  0.4805E+02  0.8910E-02  0.2039E-03
  0.4864E+02  0.7755E-02  0.1950E-03
  0.4924E+02  0.6901E-02  0.2032E-03
  0.4983E+02  0.6317E-02  0.2254E-03
  0.5042E+02  0.5960E-02  0.2538E-03
  0.5102E+02  0.5778E-02  0.2806E-03
  0.5161E+02  0.5709E-02  0.3003E-03
  0.5220E+02  0.5694E-02  0.3092E-03
  0.5279E+02  0.5674E-02  0.3055E-03
  0.5339E+02  0.5599E-02  0.2898E-03
  0.5398E+02  0.5432E-02  0.2663E-03
  0.5457E+02  0.5150E-02  0.2455E-03
  0.5517E+02  0.4746E-02  0.2445E-03
  0.5576E+02  0.4228E-02  0.2750E-03
  0.5635E+02  0.3616E-02  0.3287E-03
  0.5695E+02  0.2937E-02  0.3824E-03
  0.5754E+02  0.2222E-02  0.4088E-03
  0.5813E+02  0.1493E-02  0.3774E-03
  0.5873E+02  0.7575E-03  0.2540E-03
  0.5932E+02  0.0000E+00  0.0000E+00
          Reciprocal space: Rg =   19.21     , I(0) =   0.3973E+02
     Real space: Rg =   19.18 +- 0.017  I(0) =   0.3973E+02 +-  0.4292E-01
