
           ####    G N O M   ---   Version 4.5a revised 09/02/02     ####

                                                  Fri Dec 22 04:50:07 2017
           ===    Run No   1   ===
 Run title:  0.000132994 0 0


  Number of points omitted at the beginning:          50
  Number of points omitted at the end:         154
   *******   Working Directory :
   *******    Input file(s) : 25526_01D_S016_0_01.sub
           Condition P(rmin) = 0 is used. 
           Condition P(rmax) = 0 is used. 

 Warning: Dmax*Smin =  5.503   is greater than Pi !


          Experimental conditions for the first run
          -----------------------------------------

          Highest ALPHA is found to be   0.4666E+02

  The measure of inconsistency AN1 equals to    0.1154E+01

          Warning: using the chosen range in the real space 
             it is not possible to fit the data set within the
             given error band. 
     Alpha    Discrp  Oscill  Stabil  Sysdev  Positv  Valcen    Total   
  0.4666E+05 37.7402  1.6414  0.9652  0.1182  1.0000  0.7394  0.00001
  0.9331E+04 34.6006  1.6309  0.8788  0.2414  1.0000  0.7423  0.00001
  0.1866E+04 25.3581  1.5895  0.6291  0.3498  1.0000  0.7547  0.00001
  0.3732E+03 13.5508  1.5116  0.3495  0.1724  1.0000  0.7889  0.00001
  0.7465E+02  5.3865  1.4817  0.1849  0.3695  1.0000  0.8300  0.00001
  0.1493E+02  1.7773  1.4248  0.1125  0.5567  1.0000  0.8581  0.57650
  0.2986E+01  0.8667  1.3337  0.0830  0.6650  1.0000  0.8753  0.58984
  0.5972E+00  0.7000  1.2776  0.0424  0.6749  1.0000  0.8826  0.48952
  0.1194E+00  0.6627  1.2738  0.0232  0.7192  1.0000  0.8847  0.10000
  0.2389E-01  0.6504  1.3113  0.0142  0.7488  1.0000  0.8854  0.10000
  0.4777E-02  0.6451  1.4373  0.0261  0.7291  1.0000  0.8862  0.10000
  0.9555E-03  0.6384  2.0959  0.0488  0.7291  1.0000  0.8865  0.10000
  0.1911E-03  0.6341  3.2649  0.0718  0.7389  0.9995  0.8805  0.10000
  0.3822E-04  0.6311  5.7495  0.2013  0.7685  0.9962  0.8514  0.10000
  0.7644E-05  0.6282  9.8269  0.3118  0.7685  0.9800  0.7765  0.10000
  0.1529E-05  0.6252 14.1198  0.5716  0.7685  0.9184  0.4124  0.10000
  0.3058E-06  0.6198 17.1418  0.4596  0.7685  0.8111  0.3129  0.10000
  0.6115E-07  0.6168 18.6935  0.2184  0.7586  0.7718  0.2850  0.10000
  0.1223E-07  0.6158 22.2303  0.6006  0.7488  0.7445  0.2636  0.10000
  0.2446E-08  0.6141 23.4960  0.7638  0.7389  0.7137  0.2301  0.10000
  0.4892E-09  0.6094 24.4604  0.8884  0.7291  0.7215  0.2522  0.10000
  0.9784E-10  0.5926 26.0827  0.7857  0.7291  0.7238  0.2513  0.10000
  0.1957E-10  0.5478 30.5155  0.6338  0.7586  0.7136  0.2916  0.10000
  0.3914E-11  0.4625 37.0013  0.5416  0.7783  0.6984  0.3203  0.10000
  0.7827E-12  0.3411 43.9193  0.4676  0.7389  0.6944  0.3229  0.10000
  0.1565E-12  0.1974 49.5615  0.3830  0.7882  0.6873  0.2774  0.10000
  0.3131E-13  0.0762 52.0994  0.1995  0.7980  0.6681  0.3026  0.10000
  0.6262E-14  0.0200 52.9361  0.0633  0.7783  0.6585  0.3204  0.10000
  0.1252E-14  0.0043 53.1485  0.0144  0.7685  0.6562  0.3247  0.10000
  0.2505E-15  0.0009 53.1938  0.0030  0.7685  0.6558  0.3257  0.10000
  0.5010E-16  0.0002 53.2030  0.0006  0.7685  0.6557  0.3258  0.10000

          ***  Golden section search to maximize estimate ***
     Alpha    Discrp  Oscill  Stabil  Sysdev  Positv  Valcen    Total   
  0.5522E+01  1.0611  1.3674  0.0967  0.6650  1.0000  0.8700  0.62349
  0.8074E+01  1.2584  1.3897  0.1030  0.6650  1.0000  0.8659  0.62340
  0.4366E+01  0.9718  1.3540  0.0920  0.6552  1.0000  0.8722  0.61167
  0.6384E+01  1.1279  1.3759  0.0993  0.6650  1.0000  0.8685  0.62621
  0.6983E+01  1.1742  1.3812  0.1007  0.6749  1.0000  0.8676  0.62850
  0.7381E+01  1.2050  1.3844  0.1016  0.6650  1.0000  0.8669  0.62559
  0.6748E+01  1.1560  1.3792  0.1002  0.6749  1.0000  0.8679  0.62864
  0.6606E+01  1.1451  1.3779  0.0998  0.6650  1.0000  0.8682  0.62639
  0.6837E+01  1.1629  1.3799  0.1004  0.6749  1.0000  0.8678  0.62861
  0.6693E+01  1.1518  1.3787  0.1000  0.6650  1.0000  0.8680  0.62640
  0.6782E+01  1.1587  1.3794  0.1003  0.6749  1.0000  0.8679  0.62864
  0.6727E+01  1.1544  1.3790  0.1001  0.6749  1.0000  0.8680  0.62865
  0.6714E+01  1.1534  1.3789  0.1001  0.6749  1.0000  0.8680  0.62865
  0.6706E+01  1.1528  1.3788  0.1001  0.6749  1.0000  0.8680  0.62865
  0.6706E+01  1.1528  1.3788  0.1001  0.6749  1.0000  0.8680  0.62865



             ####            Final results            ####

 Parameter    DISCRP    OSCILL    STABIL    SYSDEV    POSITV    VALCEN
 Weight        1.000     3.000     3.000     4.000     1.000     1.000
 Sigma         0.500     0.600     0.120     0.200     0.120     0.120
 Ideal         1.000     1.100     0.000     1.000     1.000     0.950
 Current       1.153     1.379     0.100     0.675     1.000     0.868
                - - - - - - - - - - - - - - - - - - - - - - - - - 
 Estimate      0.911     0.806     0.499     0.071     1.000     0.627

  Angular   range    :     from    0.0467   to    0.3565
  Real space range   :     from      0.00   to    117.90

  Highest ALPHA (theor) :   0.467E+05                 JOB = 0
  Current ALPHA         :   0.671E+01   Rg :  0.341E+02   I(0) :   0.798E+03

           Total  estimate : 0.629  which is  A REASONABLE  solution

      S          J EXP       ERROR       J REG       I REG

  0.0000E+00                                      0.7985E+03
  0.1667E-02                                      0.7976E+03
  0.3334E-02                                      0.7950E+03
  0.5001E-02                                      0.7907E+03
  0.6668E-02                                      0.7848E+03
  0.8335E-02                                      0.7772E+03
  0.1000E-01                                      0.7680E+03
  0.1167E-01                                      0.7573E+03
  0.1334E-01                                      0.7451E+03
  0.1500E-01                                      0.7316E+03
  0.1667E-01                                      0.7168E+03
  0.1834E-01                                      0.7008E+03
  0.2000E-01                                      0.6838E+03
  0.2167E-01                                      0.6658E+03
  0.2334E-01                                      0.6470E+03
  0.2501E-01                                      0.6274E+03
  0.2667E-01                                      0.6072E+03
  0.2834E-01                                      0.5865E+03
  0.3001E-01                                      0.5655E+03
  0.3167E-01                                      0.5441E+03
  0.3334E-01                                      0.5226E+03
  0.3501E-01                                      0.5011E+03
  0.3667E-01                                      0.4796E+03
  0.3834E-01                                      0.4582E+03
  0.4001E-01                                      0.4371E+03
  0.4168E-01                                      0.4163E+03
  0.4334E-01                                      0.3959E+03
  0.4501E-01                                      0.3759E+03
  0.4668E-01  0.3753E+03  0.2512E+01  0.3565E+03  0.3565E+03
  0.4744E-01  0.3636E+03  0.2491E+01  0.3478E+03  0.3478E+03
  0.4820E-01  0.3554E+03  0.2494E+01  0.3393E+03  0.3393E+03
  0.4897E-01  0.3461E+03  0.2414E+01  0.3308E+03  0.3308E+03
  0.4973E-01  0.3371E+03  0.2397E+01  0.3225E+03  0.3225E+03
  0.5049E-01  0.3340E+03  0.2326E+01  0.3143E+03  0.3143E+03
  0.5125E-01  0.3196E+03  0.2269E+01  0.3063E+03  0.3063E+03
  0.5202E-01  0.3070E+03  0.2265E+01  0.2984E+03  0.2984E+03
  0.5278E-01  0.2970E+03  0.2232E+01  0.2907E+03  0.2907E+03
  0.5354E-01  0.2818E+03  0.2272E+01  0.2831E+03  0.2831E+03
  0.5431E-01  0.2791E+03  0.2225E+01  0.2757E+03  0.2757E+03
  0.5507E-01  0.2735E+03  0.2244E+01  0.2684E+03  0.2684E+03
  0.5583E-01  0.2624E+03  0.2164E+01  0.2612E+03  0.2612E+03
  0.5660E-01  0.2564E+03  0.2133E+01  0.2542E+03  0.2542E+03
  0.5736E-01  0.2491E+03  0.2088E+01  0.2474E+03  0.2474E+03
  0.5812E-01  0.2431E+03  0.2041E+01  0.2407E+03  0.2407E+03
  0.5888E-01  0.2322E+03  0.2030E+01  0.2342E+03  0.2342E+03
  0.5965E-01  0.2235E+03  0.1960E+01  0.2278E+03  0.2278E+03
  0.6041E-01  0.2167E+03  0.1990E+01  0.2216E+03  0.2216E+03
  0.6117E-01  0.2119E+03  0.2024E+01  0.2156E+03  0.2156E+03
  0.6194E-01  0.2105E+03  0.2014E+01  0.2096E+03  0.2096E+03
  0.6270E-01  0.2076E+03  0.2031E+01  0.2039E+03  0.2039E+03
  0.6346E-01  0.1971E+03  0.1979E+01  0.1983E+03  0.1983E+03
  0.6423E-01  0.1877E+03  0.1975E+01  0.1928E+03  0.1928E+03
  0.6499E-01  0.1849E+03  0.1957E+01  0.1875E+03  0.1875E+03
  0.6575E-01  0.1794E+03  0.1953E+01  0.1823E+03  0.1823E+03
  0.6651E-01  0.1796E+03  0.1943E+01  0.1773E+03  0.1773E+03
  0.6728E-01  0.1738E+03  0.1886E+01  0.1724E+03  0.1724E+03
  0.6804E-01  0.1660E+03  0.1885E+01  0.1676E+03  0.1676E+03
  0.6880E-01  0.1663E+03  0.1801E+01  0.1630E+03  0.1630E+03
  0.6957E-01  0.1584E+03  0.1810E+01  0.1585E+03  0.1585E+03
  0.7033E-01  0.1570E+03  0.1770E+01  0.1542E+03  0.1542E+03
  0.7109E-01  0.1496E+03  0.1762E+01  0.1500E+03  0.1500E+03
  0.7186E-01  0.1452E+03  0.1783E+01  0.1459E+03  0.1459E+03
  0.7262E-01  0.1426E+03  0.1730E+01  0.1419E+03  0.1419E+03
  0.7338E-01  0.1380E+03  0.1784E+01  0.1380E+03  0.1380E+03
  0.7414E-01  0.1346E+03  0.1746E+01  0.1343E+03  0.1343E+03
  0.7491E-01  0.1306E+03  0.1765E+01  0.1307E+03  0.1307E+03
  0.7567E-01  0.1273E+03  0.1763E+01  0.1271E+03  0.1271E+03
  0.7643E-01  0.1278E+03  0.1747E+01  0.1237E+03  0.1237E+03
  0.7720E-01  0.1212E+03  0.1711E+01  0.1204E+03  0.1204E+03
  0.7796E-01  0.1171E+03  0.1677E+01  0.1172E+03  0.1172E+03
  0.7872E-01  0.1137E+03  0.1701E+01  0.1141E+03  0.1141E+03
  0.7949E-01  0.1084E+03  0.1688E+01  0.1111E+03  0.1111E+03
  0.8025E-01  0.1052E+03  0.1639E+01  0.1082E+03  0.1082E+03
  0.8101E-01  0.1050E+03  0.1651E+01  0.1053E+03  0.1053E+03
  0.8177E-01  0.1022E+03  0.1611E+01  0.1026E+03  0.1026E+03
  0.8254E-01  0.9944E+02  0.1632E+01  0.9991E+02  0.9991E+02
  0.8330E-01  0.1017E+03  0.1604E+01  0.9733E+02  0.9733E+02
  0.8406E-01  0.9864E+02  0.1597E+01  0.9483E+02  0.9483E+02
  0.8483E-01  0.9309E+02  0.1633E+01  0.9240E+02  0.9240E+02
  0.8559E-01  0.8797E+02  0.1587E+01  0.9004E+02  0.9004E+02
  0.8635E-01  0.8968E+02  0.1590E+01  0.8775E+02  0.8775E+02
  0.8712E-01  0.8661E+02  0.1589E+01  0.8554E+02  0.8554E+02
  0.8788E-01  0.8491E+02  0.1563E+01  0.8338E+02  0.8338E+02
  0.8864E-01  0.8406E+02  0.1549E+01  0.8129E+02  0.8129E+02
  0.8940E-01  0.8038E+02  0.1516E+01  0.7926E+02  0.7926E+02
  0.9017E-01  0.7937E+02  0.1532E+01  0.7729E+02  0.7729E+02
  0.9093E-01  0.7731E+02  0.1475E+01  0.7538E+02  0.7538E+02
  0.9169E-01  0.7267E+02  0.1483E+01  0.7352E+02  0.7352E+02
  0.9246E-01  0.7066E+02  0.1506E+01  0.7171E+02  0.7171E+02
  0.9322E-01  0.6982E+02  0.1519E+01  0.6995E+02  0.6995E+02
  0.9398E-01  0.6926E+02  0.1574E+01  0.6824E+02  0.6824E+02
  0.9475E-01  0.6559E+02  0.1525E+01  0.6658E+02  0.6658E+02
  0.9551E-01  0.6930E+02  0.1506E+01  0.6497E+02  0.6497E+02
  0.9627E-01  0.6473E+02  0.1488E+01  0.6339E+02  0.6339E+02
  0.9703E-01  0.6119E+02  0.1463E+01  0.6186E+02  0.6186E+02
  0.9780E-01  0.5970E+02  0.1457E+01  0.6037E+02  0.6037E+02
  0.9856E-01  0.5680E+02  0.1409E+01  0.5892E+02  0.5892E+02
  0.9932E-01  0.5534E+02  0.1407E+01  0.5751E+02  0.5751E+02
  0.1001E+00  0.5554E+02  0.1370E+01  0.5613E+02  0.5613E+02
  0.1008E+00  0.5474E+02  0.1377E+01  0.5479E+02  0.5479E+02
  0.1016E+00  0.5573E+02  0.1397E+01  0.5348E+02  0.5348E+02
  0.1024E+00  0.5530E+02  0.1385E+01  0.5221E+02  0.5221E+02
  0.1031E+00  0.5187E+02  0.1393E+01  0.5097E+02  0.5097E+02
  0.1039E+00  0.4774E+02  0.1392E+01  0.4976E+02  0.4976E+02
  0.1047E+00  0.4597E+02  0.1403E+01  0.4858E+02  0.4858E+02
  0.1054E+00  0.4732E+02  0.1402E+01  0.4743E+02  0.4743E+02
  0.1062E+00  0.4668E+02  0.1402E+01  0.4631E+02  0.4631E+02
  0.1070E+00  0.4560E+02  0.1387E+01  0.4522E+02  0.4522E+02
  0.1077E+00  0.4276E+02  0.1383E+01  0.4415E+02  0.4415E+02
  0.1085E+00  0.4162E+02  0.1388E+01  0.4311E+02  0.4311E+02
  0.1092E+00  0.4047E+02  0.1347E+01  0.4210E+02  0.4210E+02
  0.1100E+00  0.3861E+02  0.1337E+01  0.4111E+02  0.4111E+02
  0.1108E+00  0.3881E+02  0.1350E+01  0.4014E+02  0.4014E+02
  0.1115E+00  0.3767E+02  0.1327E+01  0.3920E+02  0.3920E+02
  0.1123E+00  0.3832E+02  0.1312E+01  0.3829E+02  0.3829E+02
  0.1131E+00  0.3693E+02  0.1312E+01  0.3739E+02  0.3739E+02
  0.1138E+00  0.3620E+02  0.1299E+01  0.3652E+02  0.3652E+02
  0.1146E+00  0.3193E+02  0.1291E+01  0.3567E+02  0.3567E+02
  0.1153E+00  0.3212E+02  0.1284E+01  0.3484E+02  0.3484E+02
  0.1161E+00  0.3439E+02  0.1316E+01  0.3403E+02  0.3403E+02
  0.1169E+00  0.3359E+02  0.1289E+01  0.3325E+02  0.3325E+02
  0.1176E+00  0.3184E+02  0.1307E+01  0.3248E+02  0.3248E+02
  0.1184E+00  0.3269E+02  0.1316E+01  0.3173E+02  0.3173E+02
  0.1192E+00  0.3217E+02  0.1309E+01  0.3100E+02  0.3100E+02
  0.1199E+00  0.2970E+02  0.1288E+01  0.3029E+02  0.3029E+02
  0.1207E+00  0.2895E+02  0.1300E+01  0.2960E+02  0.2960E+02
  0.1215E+00  0.2771E+02  0.1297E+01  0.2892E+02  0.2892E+02
  0.1222E+00  0.2580E+02  0.1275E+01  0.2827E+02  0.2827E+02
  0.1230E+00  0.2194E+02  0.1264E+01  0.2763E+02  0.2763E+02
  0.1237E+00  0.2648E+02  0.1269E+01  0.2700E+02  0.2700E+02
  0.1245E+00  0.2657E+02  0.1232E+01  0.2640E+02  0.2640E+02
  0.1253E+00  0.2666E+02  0.1263E+01  0.2581E+02  0.2581E+02
  0.1260E+00  0.2372E+02  0.1234E+01  0.2523E+02  0.2523E+02
  0.1268E+00  0.2149E+02  0.1247E+01  0.2467E+02  0.2467E+02
  0.1276E+00  0.2278E+02  0.1250E+01  0.2413E+02  0.2413E+02
  0.1283E+00  0.2504E+02  0.1253E+01  0.2359E+02  0.2359E+02
  0.1291E+00  0.2407E+02  0.1261E+01  0.2308E+02  0.2308E+02
  0.1298E+00  0.2434E+02  0.1237E+01  0.2258E+02  0.2258E+02
  0.1306E+00  0.2282E+02  0.1257E+01  0.2209E+02  0.2209E+02
  0.1314E+00  0.2204E+02  0.1262E+01  0.2161E+02  0.2161E+02
  0.1321E+00  0.2062E+02  0.1267E+01  0.2114E+02  0.2114E+02
  0.1329E+00  0.2161E+02  0.1267E+01  0.2069E+02  0.2069E+02
  0.1337E+00  0.2201E+02  0.1246E+01  0.2025E+02  0.2025E+02
  0.1344E+00  0.2531E+02  0.1265E+01  0.1982E+02  0.1982E+02
  0.1352E+00  0.2264E+02  0.1249E+01  0.1941E+02  0.1941E+02
  0.1359E+00  0.1897E+02  0.1262E+01  0.1900E+02  0.1900E+02
  0.1367E+00  0.2039E+02  0.1269E+01  0.1860E+02  0.1860E+02
  0.1375E+00  0.1824E+02  0.1267E+01  0.1822E+02  0.1822E+02
  0.1382E+00  0.1629E+02  0.1269E+01  0.1784E+02  0.1784E+02
  0.1390E+00  0.1658E+02  0.1284E+01  0.1748E+02  0.1748E+02
  0.1398E+00  0.1598E+02  0.1291E+01  0.1712E+02  0.1712E+02
  0.1405E+00  0.1521E+02  0.1291E+01  0.1677E+02  0.1677E+02
  0.1413E+00  0.1333E+02  0.1275E+01  0.1643E+02  0.1643E+02
  0.1421E+00  0.1333E+02  0.1286E+01  0.1610E+02  0.1610E+02
  0.1428E+00  0.1546E+02  0.1285E+01  0.1578E+02  0.1578E+02
  0.1436E+00  0.1676E+02  0.1281E+01  0.1547E+02  0.1547E+02
  0.1443E+00  0.1397E+02  0.1279E+01  0.1516E+02  0.1516E+02
  0.1451E+00  0.1235E+02  0.1279E+01  0.1486E+02  0.1486E+02
  0.1459E+00  0.1560E+02  0.1280E+01  0.1457E+02  0.1457E+02
  0.1466E+00  0.1555E+02  0.1261E+01  0.1428E+02  0.1428E+02
  0.1474E+00  0.1340E+02  0.1261E+01  0.1400E+02  0.1400E+02
  0.1482E+00  0.1147E+02  0.1246E+01  0.1373E+02  0.1373E+02
  0.1489E+00  0.1116E+02  0.1251E+01  0.1346E+02  0.1346E+02
  0.1497E+00  0.1003E+02  0.1238E+01  0.1320E+02  0.1320E+02
  0.1504E+00  0.1131E+02  0.1248E+01  0.1295E+02  0.1295E+02
  0.1512E+00  0.1211E+02  0.1261E+01  0.1270E+02  0.1270E+02
  0.1520E+00  0.9857E+01  0.1254E+01  0.1246E+02  0.1246E+02
  0.1527E+00  0.9374E+01  0.1285E+01  0.1222E+02  0.1222E+02
  0.1535E+00  0.9951E+01  0.1283E+01  0.1199E+02  0.1199E+02
  0.1543E+00  0.1108E+02  0.1296E+01  0.1177E+02  0.1177E+02
  0.1550E+00  0.1008E+02  0.1310E+01  0.1154E+02  0.1154E+02
  0.1558E+00  0.1172E+02  0.1266E+01  0.1133E+02  0.1133E+02
  0.1565E+00  0.8570E+01  0.1285E+01  0.1112E+02  0.1112E+02
  0.1573E+00  0.1056E+02  0.1278E+01  0.1091E+02  0.1091E+02
  0.1581E+00  0.1191E+02  0.1296E+01  0.1071E+02  0.1071E+02
  0.1588E+00  0.1284E+02  0.1281E+01  0.1051E+02  0.1051E+02
  0.1596E+00  0.1146E+02  0.1262E+01  0.1031E+02  0.1031E+02
  0.1604E+00  0.9215E+01  0.1245E+01  0.1013E+02  0.1013E+02
  0.1611E+00  0.6935E+01  0.1246E+01  0.9940E+01  0.9940E+01
  0.1619E+00  0.5865E+01  0.1265E+01  0.9760E+01  0.9760E+01
  0.1627E+00  0.7206E+01  0.1240E+01  0.9583E+01  0.9583E+01
  0.1634E+00  0.9636E+01  0.1245E+01  0.9410E+01  0.9410E+01
  0.1642E+00  0.9261E+01  0.1285E+01  0.9242E+01  0.9242E+01
  0.1649E+00  0.8386E+01  0.1263E+01  0.9077E+01  0.9077E+01
  0.1657E+00  0.7759E+01  0.1282E+01  0.8917E+01  0.8917E+01
  0.1665E+00  0.7353E+01  0.1254E+01  0.8760E+01  0.8760E+01
  0.1672E+00  0.6736E+01  0.1264E+01  0.8607E+01  0.8607E+01
  0.1680E+00  0.8761E+01  0.1252E+01  0.8457E+01  0.8457E+01
  0.1688E+00  0.7940E+01  0.1269E+01  0.8312E+01  0.8312E+01
  0.1695E+00  0.8773E+01  0.1293E+01  0.8170E+01  0.8170E+01
  0.1703E+00  0.8376E+01  0.1274E+01  0.8032E+01  0.8032E+01
  0.1710E+00  0.7031E+01  0.1285E+01  0.7897E+01  0.7897E+01
  0.1718E+00  0.5977E+01  0.1271E+01  0.7766E+01  0.7766E+01
  0.1726E+00  0.8386E+01  0.1276E+01  0.7638E+01  0.7638E+01
  0.1733E+00  0.6981E+01  0.1283E+01  0.7514E+01  0.7514E+01
  0.1741E+00  0.6648E+01  0.1255E+01  0.7393E+01  0.7393E+01
  0.1749E+00  0.6062E+01  0.1271E+01  0.7276E+01  0.7276E+01
  0.1756E+00  0.7333E+01  0.1250E+01  0.7162E+01  0.7162E+01
  0.1764E+00  0.9151E+01  0.1265E+01  0.7051E+01  0.7051E+01
  0.1772E+00  0.7630E+01  0.1248E+01  0.6943E+01  0.6943E+01
  0.1779E+00  0.5997E+01  0.1230E+01  0.6838E+01  0.6838E+01
  0.1787E+00  0.3839E+01  0.1256E+01  0.6737E+01  0.6737E+01
  0.1794E+00  0.1986E+01  0.1228E+01  0.6638E+01  0.6638E+01
  0.1802E+00  0.2469E+01  0.1250E+01  0.6543E+01  0.6543E+01
  0.1810E+00  0.2550E+01  0.1252E+01  0.6450E+01  0.6450E+01
  0.1817E+00  0.5918E+01  0.1226E+01  0.6361E+01  0.6361E+01
  0.1825E+00  0.7238E+01  0.1232E+01  0.6274E+01  0.6274E+01
  0.1833E+00  0.7425E+01  0.1227E+01  0.6190E+01  0.6190E+01
  0.1840E+00  0.8517E+01  0.1247E+01  0.6108E+01  0.6108E+01
  0.1848E+00  0.7144E+01  0.1244E+01  0.6029E+01  0.6029E+01
  0.1855E+00  0.3735E+01  0.1259E+01  0.5952E+01  0.5952E+01
  0.1863E+00  0.1205E+01  0.1270E+01  0.5878E+01  0.5878E+01
  0.1871E+00  0.7011E+01  0.1254E+01  0.5807E+01  0.5807E+01
  0.1878E+00  0.8184E+01  0.1280E+01  0.5737E+01  0.5737E+01
  0.1886E+00  0.7276E+01  0.1267E+01  0.5670E+01  0.5670E+01
  0.1894E+00  0.5082E+01  0.1256E+01  0.5605E+01  0.5605E+01
  0.1901E+00  0.4947E+01  0.1251E+01  0.5542E+01  0.5542E+01
  0.1909E+00  0.3073E+01  0.1253E+01  0.5481E+01  0.5481E+01
  0.1916E+00  0.3886E+01  0.1249E+01  0.5422E+01  0.5422E+01
  0.1924E+00  0.4462E+01  0.1223E+01  0.5365E+01  0.5365E+01
  0.1932E+00  0.5235E+01  0.1229E+01  0.5309E+01  0.5309E+01
  0.1939E+00  0.2018E+01  0.1217E+01  0.5255E+01  0.5255E+01
  0.1947E+00  0.3356E+01  0.1203E+01  0.5203E+01  0.5203E+01
  0.1955E+00  0.4199E+01  0.1213E+01  0.5152E+01  0.5152E+01
  0.1962E+00  0.4810E+01  0.1220E+01  0.5103E+01  0.5103E+01
  0.1970E+00  0.3076E+01  0.1239E+01  0.5055E+01  0.5055E+01
  0.1978E+00  0.2783E+01  0.1216E+01  0.5008E+01  0.5008E+01
  0.1985E+00  0.3358E+01  0.1212E+01  0.4963E+01  0.4963E+01
  0.1993E+00  0.3293E+01  0.1217E+01  0.4920E+01  0.4920E+01
  0.2000E+00  0.2994E+01  0.1202E+01  0.4876E+01  0.4876E+01
  0.2008E+00  0.3825E+01  0.1207E+01  0.4834E+01  0.4834E+01
  0.2016E+00  0.4179E+01  0.1203E+01  0.4793E+01  0.4793E+01
  0.2023E+00  0.3884E+01  0.1205E+01  0.4752E+01  0.4752E+01
  0.2031E+00  0.4249E+01  0.1209E+01  0.4713E+01  0.4713E+01
  0.2039E+00  0.3704E+01  0.1207E+01  0.4674E+01  0.4674E+01
  0.2046E+00  0.3448E+01  0.1219E+01  0.4637E+01  0.4637E+01
  0.2054E+00  0.2952E+01  0.1218E+01  0.4600E+01  0.4600E+01
  0.2061E+00  0.2729E+01  0.1231E+01  0.4563E+01  0.4563E+01
  0.2069E+00  0.4371E+01  0.1244E+01  0.4527E+01  0.4527E+01
  0.2077E+00  0.3872E+01  0.1227E+01  0.4492E+01  0.4492E+01
  0.2084E+00  0.6045E+01  0.1255E+01  0.4457E+01  0.4457E+01
  0.2092E+00  0.4922E+01  0.1241E+01  0.4423E+01  0.4423E+01
  0.2100E+00  0.4524E+01  0.1218E+01  0.4389E+01  0.4389E+01
  0.2107E+00  0.4648E+01  0.1232E+01  0.4356E+01  0.4356E+01
  0.2115E+00  0.3673E+01  0.1221E+01  0.4323E+01  0.4323E+01
  0.2122E+00  0.3284E+01  0.1203E+01  0.4291E+01  0.4291E+01
  0.2130E+00  0.3600E+01  0.1205E+01  0.4258E+01  0.4258E+01
  0.2138E+00  0.3618E+01  0.1206E+01  0.4227E+01  0.4227E+01
  0.2145E+00  0.3892E+01  0.1190E+01  0.4195E+01  0.4195E+01
  0.2153E+00  0.6117E+01  0.1191E+01  0.4164E+01  0.4164E+01
  0.2161E+00  0.6021E+01  0.1202E+01  0.4133E+01  0.4133E+01
  0.2168E+00  0.6987E+01  0.1205E+01  0.4103E+01  0.4103E+01
  0.2176E+00  0.6026E+01  0.1216E+01  0.4072E+01  0.4072E+01
  0.2184E+00  0.1108E+01  0.1198E+01  0.4042E+01  0.4042E+01
  0.2191E+00  0.2174E+01  0.1196E+01  0.4012E+01  0.4012E+01
  0.2199E+00  0.5756E+01  0.1212E+01  0.3983E+01  0.3983E+01
  0.2206E+00  0.3642E+01  0.1198E+01  0.3954E+01  0.3954E+01
  0.2214E+00  0.4093E+01  0.1189E+01  0.3925E+01  0.3925E+01
  0.2222E+00  0.4812E+01  0.1183E+01  0.3896E+01  0.3896E+01
  0.2229E+00  0.5036E+01  0.1180E+01  0.3868E+01  0.3868E+01
  0.2237E+00  0.2901E+01  0.1194E+01  0.3839E+01  0.3839E+01
  0.2245E+00  0.4719E+01  0.1205E+01  0.3811E+01  0.3811E+01
  0.2252E+00  0.4502E+01  0.1201E+01  0.3784E+01  0.3784E+01
  0.2260E+00  0.4663E+01  0.1200E+01  0.3756E+01  0.3756E+01
  0.2267E+00  0.5615E+01  0.1217E+01  0.3729E+01  0.3729E+01
  0.2275E+00  0.1500E+01  0.1212E+01  0.3702E+01  0.3702E+01
  0.2283E+00  0.2803E+01  0.1239E+01  0.3676E+01  0.3676E+01
  0.2290E+00  0.3008E+01  0.1240E+01  0.3650E+01  0.3650E+01
  0.2298E+00  0.4457E+01  0.1226E+01  0.3624E+01  0.3624E+01
  0.2306E+00  0.4772E+01  0.1232E+01  0.3598E+01  0.3598E+01
  0.2313E+00  0.2604E+01  0.1230E+01  0.3573E+01  0.3573E+01
  0.2321E+00  0.9830E+00  0.1247E+01  0.3548E+01  0.3548E+01
  0.2329E+00  0.1561E+01  0.1244E+01  0.3524E+01  0.3524E+01
  0.2336E+00  0.3456E+01  0.1245E+01  0.3500E+01  0.3500E+01
  0.2344E+00  0.6760E+01  0.1281E+01  0.3476E+01  0.3476E+01
  0.2351E+00  0.4990E+01  0.1285E+01  0.3452E+01  0.3452E+01
  0.2359E+00  0.4764E+01  0.1313E+01  0.3429E+01  0.3429E+01
  0.2367E+00  0.3181E+01  0.1303E+01  0.3406E+01  0.3406E+01
  0.2374E+00  0.1942E+01  0.1310E+01  0.3384E+01  0.3384E+01
  0.2382E+00  0.2097E+01  0.1323E+01  0.3362E+01  0.3362E+01
  0.2390E+00  0.3870E+00  0.1355E+01  0.3340E+01  0.3340E+01
  0.2397E+00  0.7750E+00  0.1352E+01  0.3319E+01  0.3319E+01
  0.2405E+00  0.2897E+01  0.1343E+01  0.3298E+01  0.3298E+01
  0.2412E+00  0.2584E+01  0.1365E+01  0.3278E+01  0.3278E+01
  0.2420E+00 -0.3240E+00  0.1368E+01  0.3258E+01  0.3258E+01
  0.2428E+00  0.2550E+01  0.1372E+01  0.3238E+01  0.3238E+01
  0.2435E+00  0.6132E+01  0.1409E+01  0.3218E+01  0.3218E+01
  0.2443E+00  0.2840E+01  0.1399E+01  0.3199E+01  0.3199E+01
  0.2451E+00  0.3263E+01  0.1432E+01  0.3180E+01  0.3180E+01
  0.2458E+00  0.6494E+01  0.1431E+01  0.3162E+01  0.3162E+01
  0.2466E+00  0.3257E+01  0.1430E+01  0.3144E+01  0.3144E+01
  0.2473E+00  0.2992E+01  0.1451E+01  0.3126E+01  0.3126E+01
  0.2481E+00  0.1496E+01  0.1447E+01  0.3109E+01  0.3109E+01
  0.2489E+00  0.3068E+01  0.1476E+01  0.3092E+01  0.3092E+01
  0.2496E+00  0.3537E+01  0.1447E+01  0.3075E+01  0.3075E+01
  0.2504E+00  0.1370E+00  0.1467E+01  0.3059E+01  0.3059E+01
  0.2512E+00 -0.4220E+00  0.1472E+01  0.3043E+01  0.3043E+01
  0.2519E+00  0.3353E+01  0.1464E+01  0.3027E+01  0.3027E+01
  0.2527E+00  0.1738E+01  0.1462E+01  0.3012E+01  0.3012E+01
  0.2535E+00  0.3700E+01  0.1442E+01  0.2997E+01  0.2997E+01
  0.2542E+00  0.2079E+01  0.1478E+01  0.2982E+01  0.2982E+01
  0.2550E+00  0.2051E+01  0.1458E+01  0.2967E+01  0.2967E+01
  0.2557E+00  0.2164E+01  0.1458E+01  0.2953E+01  0.2953E+01
  0.2565E+00  0.4927E+01  0.1464E+01  0.2939E+01  0.2939E+01
  0.2573E+00  0.2701E+01  0.1453E+01  0.2926E+01  0.2926E+01
  0.2580E+00  0.3883E+01  0.1481E+01  0.2912E+01  0.2912E+01
  0.2588E+00  0.1448E+01  0.1474E+01  0.2898E+01  0.2898E+01
  0.2596E+00  0.2964E+01  0.1474E+01  0.2885E+01  0.2885E+01
  0.2603E+00  0.1413E+01  0.1497E+01  0.2872E+01  0.2872E+01
  0.2611E+00 -0.2591E+01  0.1478E+01  0.2860E+01  0.2860E+01
  0.2618E+00 -0.2370E+01  0.1479E+01  0.2847E+01  0.2847E+01
  0.2626E+00 -0.1702E+01  0.1452E+01  0.2835E+01  0.2835E+01
  0.2634E+00 -0.3923E+01  0.1469E+01  0.2823E+01  0.2823E+01
  0.2641E+00  0.2004E+01  0.1502E+01  0.2811E+01  0.2811E+01
  0.2649E+00  0.3197E+01  0.1522E+01  0.2799E+01  0.2799E+01
  0.2657E+00  0.5922E+01  0.1522E+01  0.2788E+01  0.2788E+01
  0.2664E+00  0.4523E+01  0.1508E+01  0.2776E+01  0.2776E+01
  0.2672E+00  0.5837E+01  0.1537E+01  0.2765E+01  0.2765E+01
  0.2679E+00  0.3681E+01  0.1499E+01  0.2754E+01  0.2754E+01
  0.2687E+00  0.5477E+01  0.1508E+01  0.2743E+01  0.2743E+01
  0.2695E+00  0.1104E+01  0.1526E+01  0.2732E+01  0.2732E+01
  0.2702E+00  0.7970E+00  0.1504E+01  0.2721E+01  0.2721E+01
  0.2710E+00  0.2971E+00  0.1521E+01  0.2710E+01  0.2710E+01
  0.2718E+00  0.4226E+01  0.1480E+01  0.2700E+01  0.2700E+01
  0.2725E+00  0.4087E+01  0.1514E+01  0.2689E+01  0.2689E+01
  0.2733E+00  0.1810E+00  0.1503E+01  0.2679E+01  0.2679E+01
  0.2741E+00  0.3148E+01  0.1518E+01  0.2669E+01  0.2669E+01
  0.2748E+00  0.3208E+01  0.1536E+01  0.2658E+01  0.2658E+01
  0.2756E+00  0.5008E+01  0.1500E+01  0.2648E+01  0.2648E+01
  0.2763E+00  0.5218E+01  0.1521E+01  0.2638E+01  0.2638E+01
  0.2771E+00  0.2806E+01  0.1548E+01  0.2628E+01  0.2628E+01
  0.2779E+00  0.5827E+01  0.1547E+01  0.2618E+01  0.2618E+01
  0.2786E+00  0.4911E+01  0.1555E+01  0.2609E+01  0.2609E+01
  0.2794E+00  0.3729E+01  0.1542E+01  0.2599E+01  0.2599E+01
  0.2802E+00  0.1933E+01  0.1569E+01  0.2589E+01  0.2589E+01
  0.2809E+00  0.1270E+01  0.1527E+01  0.2579E+01  0.2579E+01
  0.2817E+00  0.5482E+01  0.1536E+01  0.2570E+01  0.2570E+01
  0.2824E+00  0.4487E+01  0.1564E+01  0.2560E+01  0.2560E+01
  0.2832E+00  0.2905E+01  0.1555E+01  0.2551E+01  0.2551E+01
  0.2840E+00  0.3133E+01  0.1595E+01  0.2541E+01  0.2541E+01
  0.2847E+00  0.1332E+01  0.1568E+01  0.2532E+01  0.2532E+01
  0.2855E+00 -0.9670E+00  0.1581E+01  0.2522E+01  0.2522E+01
  0.2863E+00  0.7340E+00  0.1572E+01  0.2513E+01  0.2513E+01
  0.2870E+00  0.4217E+01  0.1590E+01  0.2503E+01  0.2503E+01
  0.2878E+00  0.4079E+01  0.1580E+01  0.2494E+01  0.2494E+01
  0.2885E+00  0.2621E+01  0.1533E+01  0.2485E+01  0.2485E+01
  0.2893E+00  0.2566E+01  0.1588E+01  0.2475E+01  0.2475E+01
  0.2901E+00  0.5493E+01  0.1596E+01  0.2466E+01  0.2466E+01
  0.2908E+00  0.2604E+01  0.1600E+01  0.2457E+01  0.2457E+01
  0.2916E+00  0.1794E+01  0.1602E+01  0.2447E+01  0.2447E+01
  0.2924E+00  0.3150E+00  0.1597E+01  0.2438E+01  0.2438E+01
  0.2931E+00  0.2718E+01  0.1615E+01  0.2429E+01  0.2429E+01
  0.2939E+00  0.4385E+01  0.1575E+01  0.2420E+01  0.2420E+01
  0.2947E+00  0.3724E+01  0.1618E+01  0.2410E+01  0.2410E+01
  0.2954E+00  0.1904E+01  0.1593E+01  0.2401E+01  0.2401E+01
  0.2962E+00  0.3739E+01  0.1630E+01  0.2392E+01  0.2392E+01
  0.2969E+00  0.2855E+01  0.1593E+01  0.2382E+01  0.2382E+01
  0.2977E+00  0.7010E+00  0.1569E+01  0.2373E+01  0.2373E+01
  0.2985E+00 -0.7170E+00  0.1597E+01  0.2364E+01  0.2364E+01
  0.2992E+00 -0.1830E+00  0.1557E+01  0.2355E+01  0.2355E+01
  0.3000E+00  0.1430E+00  0.1583E+01  0.2345E+01  0.2345E+01
  0.3008E+00  0.5950E+00  0.1605E+01  0.2336E+01  0.2336E+01
  0.3015E+00  0.3733E+01  0.1586E+01  0.2327E+01  0.2327E+01
  0.3023E+00  0.3920E+00  0.1639E+01  0.2317E+01  0.2317E+01
  0.3030E+00  0.5347E+01  0.1631E+01  0.2308E+01  0.2308E+01
  0.3038E+00  0.6490E+01  0.1644E+01  0.2299E+01  0.2299E+01
  0.3046E+00  0.6856E+01  0.1624E+01  0.2289E+01  0.2289E+01
  0.3053E+00  0.6667E+01  0.1639E+01  0.2280E+01  0.2280E+01
  0.3061E+00  0.2579E+01  0.1706E+01  0.2271E+01  0.2271E+01
  0.3069E+00  0.4610E+01  0.1652E+01  0.2261E+01  0.2261E+01
  0.3076E+00  0.1532E+01  0.1669E+01  0.2252E+01  0.2252E+01
  0.3084E+00  0.4416E+01  0.1624E+01  0.2242E+01  0.2242E+01
  0.3092E+00  0.4206E+01  0.1668E+01  0.2233E+01  0.2233E+01
  0.3099E+00  0.3228E+01  0.1647E+01  0.2224E+01  0.2224E+01
  0.3107E+00  0.6392E+01  0.1602E+01  0.2214E+01  0.2214E+01
  0.3114E+00  0.3347E+01  0.1628E+01  0.2205E+01  0.2205E+01
  0.3122E+00 -0.1235E+01  0.1611E+01  0.2196E+01  0.2196E+01
  0.3130E+00  0.6870E+00  0.1639E+01  0.2186E+01  0.2186E+01
  0.3137E+00  0.1526E+01  0.1624E+01  0.2177E+01  0.2177E+01
  0.3145E+00  0.3309E+01  0.1629E+01  0.2168E+01  0.2168E+01
  0.3153E+00  0.5445E+01  0.1680E+01  0.2158E+01  0.2158E+01
  0.3160E+00  0.2890E+01  0.1657E+01  0.2149E+01  0.2149E+01
  0.3168E+00  0.3373E+01  0.1710E+01  0.2140E+01  0.2140E+01
  0.3175E+00  0.4338E+01  0.1705E+01  0.2130E+01  0.2130E+01
  0.3183E+00  0.2016E+01  0.1709E+01  0.2121E+01  0.2121E+01
  0.3191E+00  0.3470E+01  0.1706E+01  0.2112E+01  0.2112E+01
  0.3198E+00 -0.3270E+00  0.1693E+01  0.2103E+01  0.2103E+01
  0.3206E+00  0.2600E+01  0.1695E+01  0.2094E+01  0.2094E+01
  0.3214E+00  0.4114E+01  0.1674E+01  0.2084E+01  0.2084E+01
  0.3221E+00  0.5325E+01  0.1673E+01  0.2075E+01  0.2075E+01
  0.3229E+00  0.2714E+01  0.1686E+01  0.2066E+01  0.2066E+01
  0.3236E+00  0.8330E+00  0.1647E+01  0.2057E+01  0.2057E+01
  0.3244E+00  0.2484E+01  0.1642E+01  0.2048E+01  0.2048E+01
  0.3252E+00  0.1234E+01  0.1693E+01  0.2039E+01  0.2039E+01
  0.3259E+00  0.1983E+01  0.1676E+01  0.2030E+01  0.2030E+01
  0.3267E+00 -0.1046E+01  0.1677E+01  0.2022E+01  0.2022E+01
  0.3275E+00 -0.2206E+01  0.1699E+01  0.2013E+01  0.2013E+01
  0.3282E+00 -0.4035E+01  0.1705E+01  0.2004E+01  0.2004E+01
  0.3290E+00 -0.1019E+01  0.1724E+01  0.1995E+01  0.1995E+01
  0.3298E+00  0.2089E+01  0.1729E+01  0.1987E+01  0.1987E+01
  0.3305E+00  0.3737E+01  0.1736E+01  0.1978E+01  0.1978E+01
  0.3313E+00  0.2230E+01  0.1772E+01  0.1970E+01  0.1970E+01
  0.3320E+00  0.5208E+01  0.1721E+01  0.1961E+01  0.1961E+01
  0.3328E+00  0.3373E+01  0.1715E+01  0.1953E+01  0.1953E+01
  0.3336E+00  0.1398E+01  0.1718E+01  0.1944E+01  0.1944E+01
  0.3343E+00  0.8099E-01  0.1704E+01  0.1936E+01  0.1936E+01
  0.3351E+00  0.2945E+01  0.1691E+01  0.1928E+01  0.1928E+01
  0.3359E+00  0.5431E+01  0.1690E+01  0.1920E+01  0.1920E+01
  0.3366E+00  0.2080E+01  0.1692E+01  0.1912E+01  0.1912E+01
  0.3374E+00  0.2536E+01  0.1676E+01  0.1904E+01  0.1904E+01
  0.3381E+00  0.4755E+01  0.1690E+01  0.1896E+01  0.1896E+01
  0.3389E+00  0.5740E+00  0.1704E+01  0.1888E+01  0.1888E+01
  0.3397E+00  0.1610E+00  0.1699E+01  0.1880E+01  0.1880E+01
  0.3404E+00  0.4336E+01  0.1734E+01  0.1872E+01  0.1872E+01
  0.3412E+00  0.5407E+01  0.1741E+01  0.1864E+01  0.1864E+01
  0.3420E+00 -0.1491E+01  0.1740E+01  0.1857E+01  0.1857E+01
  0.3427E+00 -0.4600E+00  0.1748E+01  0.1849E+01  0.1849E+01
  0.3435E+00  0.1771E+01  0.1757E+01  0.1841E+01  0.1841E+01
  0.3442E+00  0.1881E+01  0.1754E+01  0.1834E+01  0.1834E+01
  0.3450E+00  0.1701E+01  0.1770E+01  0.1826E+01  0.1826E+01
  0.3458E+00  0.1513E+01  0.1749E+01  0.1819E+01  0.1819E+01
  0.3465E+00  0.3375E+01  0.1727E+01  0.1811E+01  0.1811E+01
  0.3473E+00  0.2319E+01  0.1731E+01  0.1804E+01  0.1804E+01
  0.3481E+00  0.3928E+01  0.1743E+01  0.1796E+01  0.1796E+01
  0.3488E+00  0.4889E+01  0.1710E+01  0.1789E+01  0.1789E+01
  0.3496E+00  0.4553E+01  0.1705E+01  0.1782E+01  0.1782E+01
  0.3504E+00  0.1589E+01  0.1716E+01  0.1774E+01  0.1774E+01
  0.3511E+00  0.3697E+01  0.1735E+01  0.1767E+01  0.1767E+01
  0.3519E+00  0.3161E+01  0.1738E+01  0.1760E+01  0.1760E+01
  0.3526E+00  0.1857E+01  0.1712E+01  0.1753E+01  0.1753E+01
  0.3534E+00  0.1303E+01  0.1742E+01  0.1746E+01  0.1746E+01
  0.3542E+00  0.4409E+01  0.1774E+01  0.1738E+01  0.1738E+01
  0.3549E+00  0.4574E+01  0.1791E+01  0.1731E+01  0.1731E+01
  0.3557E+00  0.5940E+00  0.1790E+01  0.1725E+01  0.1725E+01
  0.3565E+00  0.5340E+00  0.1746E+01  0.1717E+01  0.1717E+01

           Distance distribution  function of particle  


       R          P(R)      ERROR

  0.0000E+00  0.0000E+00  0.0000E+00
  0.1179E+01  0.2366E-01  0.5754E-03
  0.2358E+01  0.5305E-01  0.9008E-03
  0.3537E+01  0.8810E-01  0.1014E-02
  0.4716E+01  0.1286E+00  0.9747E-03
  0.5895E+01  0.1744E+00  0.8720E-03
  0.7074E+01  0.2252E+00  0.8178E-03
  0.8253E+01  0.2804E+00  0.8898E-03
  0.9432E+01  0.3395E+00  0.1056E-02
  0.1061E+02  0.4019E+00  0.1240E-02
  0.1179E+02  0.4668E+00  0.1395E-02
  0.1297E+02  0.5334E+00  0.1510E-02
  0.1415E+02  0.6005E+00  0.1602E-02
  0.1533E+02  0.6673E+00  0.1698E-02
  0.1651E+02  0.7328E+00  0.1822E-02
  0.1769E+02  0.7960E+00  0.1979E-02
  0.1886E+02  0.8561E+00  0.2157E-02
  0.2004E+02  0.9121E+00  0.2334E-02
  0.2122E+02  0.9636E+00  0.2493E-02
  0.2240E+02  0.1010E+01  0.2623E-02
  0.2358E+02  0.1051E+01  0.2725E-02
  0.2476E+02  0.1086E+01  0.2808E-02
  0.2594E+02  0.1116E+01  0.2883E-02
  0.2712E+02  0.1141E+01  0.2961E-02
  0.2830E+02  0.1160E+01  0.3049E-02
  0.2948E+02  0.1174E+01  0.3146E-02
  0.3065E+02  0.1184E+01  0.3252E-02
  0.3183E+02  0.1189E+01  0.3363E-02
  0.3301E+02  0.1191E+01  0.3478E-02
  0.3419E+02  0.1189E+01  0.3598E-02
  0.3537E+02  0.1184E+01  0.3722E-02
  0.3655E+02  0.1177E+01  0.3851E-02
  0.3773E+02  0.1167E+01  0.3983E-02
  0.3891E+02  0.1154E+01  0.4117E-02
  0.4009E+02  0.1140E+01  0.4252E-02
  0.4127E+02  0.1123E+01  0.4389E-02
  0.4244E+02  0.1105E+01  0.4532E-02
  0.4362E+02  0.1085E+01  0.4684E-02
  0.4480E+02  0.1064E+01  0.4851E-02
  0.4598E+02  0.1042E+01  0.5035E-02
  0.4716E+02  0.1018E+01  0.5239E-02
  0.4834E+02  0.9942E+00  0.5459E-02
  0.4952E+02  0.9692E+00  0.5693E-02
  0.5070E+02  0.9437E+00  0.5933E-02
  0.5188E+02  0.9177E+00  0.6173E-02
  0.5305E+02  0.8913E+00  0.6407E-02
  0.5423E+02  0.8647E+00  0.6626E-02
  0.5541E+02  0.8379E+00  0.6825E-02
  0.5659E+02  0.8109E+00  0.7001E-02
  0.5777E+02  0.7838E+00  0.7151E-02
  0.5895E+02  0.7567E+00  0.7274E-02
  0.6013E+02  0.7294E+00  0.7371E-02
  0.6131E+02  0.7021E+00  0.7443E-02
  0.6249E+02  0.6747E+00  0.7493E-02
  0.6367E+02  0.6473E+00  0.7522E-02
  0.6484E+02  0.6199E+00  0.7533E-02
  0.6602E+02  0.5926E+00  0.7526E-02
  0.6720E+02  0.5654E+00  0.7500E-02
  0.6838E+02  0.5384E+00  0.7456E-02
  0.6956E+02  0.5117E+00  0.7393E-02
  0.7074E+02  0.4854E+00  0.7312E-02
  0.7192E+02  0.4595E+00  0.7211E-02
  0.7310E+02  0.4343E+00  0.7093E-02
  0.7428E+02  0.4096E+00  0.6960E-02
  0.7546E+02  0.3858E+00  0.6815E-02
  0.7664E+02  0.3628E+00  0.6665E-02
  0.7781E+02  0.3407E+00  0.6515E-02
  0.7899E+02  0.3195E+00  0.6372E-02
  0.8017E+02  0.2993E+00  0.6242E-02
  0.8135E+02  0.2801E+00  0.6129E-02
  0.8253E+02  0.2618E+00  0.6037E-02
  0.8371E+02  0.2444E+00  0.5965E-02
  0.8489E+02  0.2279E+00  0.5911E-02
  0.8607E+02  0.2121E+00  0.5872E-02
  0.8725E+02  0.1971E+00  0.5844E-02
  0.8842E+02  0.1826E+00  0.5821E-02
  0.8960E+02  0.1688E+00  0.5798E-02
  0.9078E+02  0.1554E+00  0.5769E-02
  0.9196E+02  0.1425E+00  0.5729E-02
  0.9314E+02  0.1301E+00  0.5672E-02
  0.9432E+02  0.1180E+00  0.5594E-02
  0.9550E+02  0.1065E+00  0.5494E-02
  0.9668E+02  0.9543E-01  0.5369E-02
  0.9786E+02  0.8489E-01  0.5222E-02
  0.9904E+02  0.7493E-01  0.5053E-02
  0.1002E+03  0.6559E-01  0.4867E-02
  0.1014E+03  0.5692E-01  0.4668E-02
  0.1026E+03  0.4893E-01  0.4459E-02
  0.1038E+03  0.4166E-01  0.4242E-02
  0.1049E+03  0.3508E-01  0.4017E-02
  0.1061E+03  0.2920E-01  0.3783E-02
  0.1073E+03  0.2399E-01  0.3537E-02
  0.1085E+03  0.1939E-01  0.3272E-02
  0.1096E+03  0.1538E-01  0.2985E-02
  0.1108E+03  0.1190E-01  0.2669E-02
  0.1120E+03  0.8901E-02  0.2319E-02
  0.1132E+03  0.6349E-02  0.1932E-02
  0.1144E+03  0.4206E-02  0.1507E-02
  0.1155E+03  0.2445E-02  0.1042E-02
  0.1167E+03  0.1047E-02  0.5386E-03
  0.1179E+03  0.0000E+00  0.0000E+00
          Reciprocal space: Rg =   34.14     , I(0) =   0.7985E+03
     Real space: Rg =   34.23 +- 0.140  I(0) =   0.7985E+03 +-  0.5251E+01
