
           ####    G N O M   ---   Version 4.5a revised 09/02/02     ####

                                                  Sat Nov  4 17:06:49 2017
           ===    Run No   1   ===
 Run title:  0.000355115 0 0


  Number of points omitted at the beginning:          50
  Number of points omitted at the end:          24
   *******   Working Directory :
   *******    Input file(s) : 26584_02D_S042_0_01.sub
           Condition P(rmin) = 0 is used. 
           Condition P(rmax) = 0 is used. 

 Warning: Dmax*Smin =  4.741   is greater than Pi !


          Experimental conditions for the first run
          -----------------------------------------

          Highest ALPHA is found to be   0.1650E+02

  The measure of inconsistency AN1 equals to    0.1164E+01

          Warning: using the chosen range in the real space 
             it is not possible to fit the data set within the
             given error band. 
     Alpha    Discrp  Oscill  Stabil  Sysdev  Positv  Valcen    Total   
  0.1650E+05 33.1297  1.5387  0.9337  0.0000  1.0000  0.7686  0.00001
  0.3300E+04 27.0726  1.5274  0.7636  0.0086  1.0000  0.7716  0.00001
  0.6601E+03 14.8103  1.4881  0.4224  0.2833  1.0000  0.7827  0.00001
  0.1320E+03  5.7187  1.4367  0.1683  0.2575  1.0000  0.8024  0.00001
  0.2640E+02  2.2199  1.4501  0.0631  0.3090  1.0000  0.8112  0.44166
  0.5280E+01  1.0803  1.4989  0.0394  0.6009  1.0000  0.8133  0.48284
  0.1056E+01  0.6502  1.5792  0.0221  0.7124  1.0000  0.8113  0.44221
  0.2112E+00  0.5327  1.6594  0.0167  0.7897  1.0000  0.8086  0.10000
  0.4224E-01  0.5069  1.7462  0.0219  0.7811  1.0000  0.8071  0.10000
  0.8449E-02  0.4949  1.9545  0.0277  0.8069  1.0000  0.8055  0.10000
  0.1690E-02  0.4906  2.2436  0.0152  0.8069  0.9999  0.8035  0.10000
  0.3379E-03  0.4900  2.4366  0.0189  0.7983  0.9997  0.8024  0.10000
  0.6759E-04  0.4897  2.9560  0.0760  0.7897  0.9989  0.8049  0.10000
  0.1352E-04  0.4891  5.7167  0.1730  0.7897  0.9946  0.8079  0.10000
  0.2704E-05  0.4887  9.3935  0.1149  0.7897  0.9813  0.7528  0.10000
  0.5407E-06  0.4886 11.6311  0.1822  0.7897  0.9649  0.7186  0.10000
  0.1081E-06  0.4885 15.4067  0.3258  0.7897  0.9373  0.5783  0.10000
  0.2163E-07  0.4885 21.6703  0.6372  0.7897  0.8926  0.3957  0.10000
  0.4326E-08  0.4883 27.0935  0.9478  0.7897  0.7724  0.3690  0.10000
  0.8651E-09  0.4874 28.0214  0.9719  0.7897  0.7157  0.3584  0.10000
  0.1730E-09  0.4830 28.4497  0.9408  0.7897  0.6993  0.3670  0.10000
  0.3461E-10  0.4655 29.2436  0.8437  0.7897  0.6871  0.3888  0.10000
  0.6921E-11  0.4147 31.1156  0.6837  0.8069  0.6716  0.4268  0.10000
  0.1384E-11  0.3141 35.6635  0.5117  0.8240  0.6675  0.4455  0.10000
  0.2768E-12  0.1770 41.3205  0.3490  0.8069  0.6755  0.4225  0.10000
  0.5537E-13  0.0661 44.7218  0.1736  0.8326  0.6790  0.4035  0.10000
  0.1107E-13  0.0169 45.8795  0.0534  0.8069  0.6792  0.4054  0.10000
  0.2215E-14  0.0036 46.1467  0.0121  0.8069  0.6788  0.4081  0.10000
  0.4430E-15  0.0007 46.2017  0.0025  0.8069  0.6786  0.4089  0.10000
  0.8859E-16  0.0001 46.2127  0.0005  0.8069  0.6786  0.4090  0.10000
  0.1772E-16  0.0000 46.2149  0.0001  0.8069  0.6786  0.4090  0.10000

          ***  Golden section search to maximize estimate ***
     Alpha    Discrp  Oscill  Stabil  Sysdev  Positv  Valcen    Total   
  0.1953E+01  0.7639  1.5456  0.0270  0.6867  1.0000  0.8125  0.46561
  0.3611E+01  0.9368  1.5151  0.0342  0.6266  1.0000  0.8132  0.47935
  0.2470E+01  0.8222  1.5334  0.0295  0.6953  1.0000  0.8128  0.47948
  0.3123E+01  0.8899  1.5219  0.0323  0.6438  1.0000  0.8131  0.47709
  0.2702E+01  0.8469  1.5289  0.0305  0.6953  1.0000  0.8129  0.48336
  0.2611E+01  0.8373  1.5306  0.0301  0.6953  1.0000  0.8129  0.48190
  0.2759E+01  0.8529  1.5279  0.0308  0.6953  1.0000  0.8130  0.48424
  0.2796E+01  0.8567  1.5272  0.0309  0.6953  1.0000  0.8130  0.48478
  0.2818E+01  0.8590  1.5268  0.0310  0.6867  1.0000  0.8130  0.48254
  0.2782E+01  0.8552  1.5275  0.0309  0.6953  1.0000  0.8130  0.48457
  0.2804E+01  0.8576  1.5271  0.0310  0.6953  1.0000  0.8130  0.48490
  0.2810E+01  0.8581  1.5270  0.0310  0.6867  1.0000  0.8130  0.48241
  0.2801E+01  0.8572  1.5271  0.0309  0.6953  1.0000  0.8130  0.48485
  0.2806E+01  0.8578  1.5270  0.0310  0.6953  1.0000  0.8130  0.48493
  0.2806E+01  0.8578  1.5270  0.0310  0.6953  1.0000  0.8130  0.48493



             ####            Final results            ####

 Parameter    DISCRP    OSCILL    STABIL    SYSDEV    POSITV    VALCEN
 Weight        1.000     3.000     3.000     4.000     1.000     1.000
 Sigma         0.500     0.600     0.120     0.200     0.120     0.120
 Ideal         1.000     1.100     0.000     1.000     1.000     0.950
 Current       0.858     1.527     0.031     0.695     1.000     0.813
                - - - - - - - - - - - - - - - - - - - - - - - - - 
 Estimate      0.922     0.603     0.936     0.098     1.000     0.272

  Angular   range    :     from    0.0552   to    0.4886
  Real space range   :     from      0.00   to     85.84

  Highest ALPHA (theor) :   0.165E+05                 JOB = 0
  Current ALPHA         :   0.281E+01   Rg :  0.261E+02   I(0) :   0.552E+03

           Total  estimate : 0.485  which is  A SUSPICIOUS  solution

      S          J EXP       ERROR       J REG       I REG

  0.0000E+00                                      0.5525E+03
  0.1972E-02                                      0.5520E+03
  0.3945E-02                                      0.5505E+03
  0.5917E-02                                      0.5481E+03
  0.7890E-02                                      0.5447E+03
  0.9862E-02                                      0.5403E+03
  0.1183E-01                                      0.5351E+03
  0.1381E-01                                      0.5289E+03
  0.1578E-01                                      0.5220E+03
  0.1775E-01                                      0.5142E+03
  0.1972E-01                                      0.5057E+03
  0.2170E-01                                      0.4966E+03
  0.2367E-01                                      0.4868E+03
  0.2564E-01                                      0.4764E+03
  0.2761E-01                                      0.4655E+03
  0.2959E-01                                      0.4541E+03
  0.3156E-01                                      0.4424E+03
  0.3353E-01                                      0.4304E+03
  0.3550E-01                                      0.4181E+03
  0.3748E-01                                      0.4056E+03
  0.3945E-01                                      0.3930E+03
  0.4142E-01                                      0.3803E+03
  0.4339E-01                                      0.3676E+03
  0.4536E-01                                      0.3549E+03
  0.4734E-01                                      0.3423E+03
  0.4931E-01                                      0.3299E+03
  0.5128E-01                                      0.3177E+03
  0.5325E-01                                      0.3056E+03
  0.5523E-01  0.3130E+03  0.2590E+01  0.2939E+03  0.2939E+03
  0.5616E-01  0.2988E+03  0.2636E+01  0.2885E+03  0.2885E+03
  0.5709E-01  0.2862E+03  0.2597E+01  0.2831E+03  0.2831E+03
  0.5802E-01  0.2764E+03  0.2543E+01  0.2778E+03  0.2778E+03
  0.5895E-01  0.2709E+03  0.2438E+01  0.2726E+03  0.2726E+03
  0.5988E-01  0.2688E+03  0.2403E+01  0.2674E+03  0.2674E+03
  0.6081E-01  0.2657E+03  0.2370E+01  0.2623E+03  0.2623E+03
  0.6174E-01  0.2584E+03  0.2374E+01  0.2574E+03  0.2574E+03
  0.6267E-01  0.2531E+03  0.2344E+01  0.2524E+03  0.2524E+03
  0.6360E-01  0.2437E+03  0.2313E+01  0.2476E+03  0.2476E+03
  0.6453E-01  0.2360E+03  0.2319E+01  0.2429E+03  0.2429E+03
  0.6546E-01  0.2389E+03  0.2301E+01  0.2382E+03  0.2382E+03
  0.6639E-01  0.2329E+03  0.2285E+01  0.2337E+03  0.2337E+03
  0.6732E-01  0.2272E+03  0.2304E+01  0.2292E+03  0.2292E+03
  0.6825E-01  0.2203E+03  0.2291E+01  0.2248E+03  0.2248E+03
  0.6918E-01  0.2165E+03  0.2225E+01  0.2205E+03  0.2205E+03
  0.7011E-01  0.2149E+03  0.2204E+01  0.2163E+03  0.2163E+03
  0.7104E-01  0.2101E+03  0.2237E+01  0.2121E+03  0.2121E+03
  0.7197E-01  0.2098E+03  0.2217E+01  0.2081E+03  0.2081E+03
  0.7290E-01  0.2083E+03  0.2174E+01  0.2041E+03  0.2041E+03
  0.7383E-01  0.2030E+03  0.2122E+01  0.2003E+03  0.2003E+03
  0.7476E-01  0.1949E+03  0.2097E+01  0.1965E+03  0.1965E+03
  0.7569E-01  0.1947E+03  0.2077E+01  0.1928E+03  0.1928E+03
  0.7662E-01  0.1920E+03  0.2080E+01  0.1892E+03  0.1892E+03
  0.7755E-01  0.1886E+03  0.2065E+01  0.1856E+03  0.1856E+03
  0.7848E-01  0.1820E+03  0.2045E+01  0.1822E+03  0.1822E+03
  0.7941E-01  0.1828E+03  0.2054E+01  0.1788E+03  0.1788E+03
  0.8034E-01  0.1824E+03  0.2091E+01  0.1755E+03  0.1755E+03
  0.8127E-01  0.1784E+03  0.2054E+01  0.1723E+03  0.1723E+03
  0.8220E-01  0.1722E+03  0.2038E+01  0.1692E+03  0.1692E+03
  0.8313E-01  0.1684E+03  0.2006E+01  0.1661E+03  0.1661E+03
  0.8406E-01  0.1636E+03  0.1966E+01  0.1631E+03  0.1631E+03
  0.8499E-01  0.1614E+03  0.1976E+01  0.1602E+03  0.1602E+03
  0.8592E-01  0.1600E+03  0.2035E+01  0.1574E+03  0.1574E+03
  0.8685E-01  0.1559E+03  0.1985E+01  0.1546E+03  0.1546E+03
  0.8778E-01  0.1522E+03  0.1916E+01  0.1519E+03  0.1519E+03
  0.8871E-01  0.1479E+03  0.1906E+01  0.1492E+03  0.1492E+03
  0.8964E-01  0.1477E+03  0.1858E+01  0.1466E+03  0.1466E+03
  0.9057E-01  0.1444E+03  0.1817E+01  0.1441E+03  0.1441E+03
  0.9150E-01  0.1443E+03  0.1816E+01  0.1416E+03  0.1416E+03
  0.9243E-01  0.1391E+03  0.1845E+01  0.1392E+03  0.1392E+03
  0.9336E-01  0.1372E+03  0.1844E+01  0.1368E+03  0.1368E+03
  0.9429E-01  0.1317E+03  0.1839E+01  0.1345E+03  0.1345E+03
  0.9522E-01  0.1284E+03  0.1828E+01  0.1322E+03  0.1322E+03
  0.9615E-01  0.1271E+03  0.1837E+01  0.1300E+03  0.1300E+03
  0.9708E-01  0.1250E+03  0.1903E+01  0.1278E+03  0.1278E+03
  0.9801E-01  0.1262E+03  0.1830E+01  0.1257E+03  0.1257E+03
  0.9894E-01  0.1229E+03  0.1797E+01  0.1236E+03  0.1236E+03
  0.9987E-01  0.1210E+03  0.1776E+01  0.1215E+03  0.1215E+03
  0.1008E+00  0.1200E+03  0.1803E+01  0.1195E+03  0.1195E+03
  0.1017E+00  0.1172E+03  0.1745E+01  0.1175E+03  0.1175E+03
  0.1027E+00  0.1147E+03  0.1703E+01  0.1156E+03  0.1156E+03
  0.1036E+00  0.1101E+03  0.1714E+01  0.1137E+03  0.1137E+03
  0.1045E+00  0.1096E+03  0.1684E+01  0.1118E+03  0.1118E+03
  0.1054E+00  0.1135E+03  0.1697E+01  0.1099E+03  0.1099E+03
  0.1064E+00  0.1113E+03  0.1698E+01  0.1081E+03  0.1081E+03
  0.1073E+00  0.1072E+03  0.1662E+01  0.1063E+03  0.1063E+03
  0.1082E+00  0.1073E+03  0.1650E+01  0.1046E+03  0.1046E+03
  0.1092E+00  0.1028E+03  0.1683E+01  0.1028E+03  0.1028E+03
  0.1101E+00  0.1026E+03  0.1676E+01  0.1011E+03  0.1011E+03
  0.1110E+00  0.1009E+03  0.1710E+01  0.9941E+02  0.9941E+02
  0.1120E+00  0.9750E+02  0.1690E+01  0.9773E+02  0.9773E+02
  0.1129E+00  0.9389E+02  0.1632E+01  0.9608E+02  0.9608E+02
  0.1138E+00  0.9649E+02  0.1628E+01  0.9445E+02  0.9445E+02
  0.1147E+00  0.9253E+02  0.1607E+01  0.9284E+02  0.9284E+02
  0.1157E+00  0.9092E+02  0.1577E+01  0.9124E+02  0.9124E+02
  0.1166E+00  0.9191E+02  0.1611E+01  0.8967E+02  0.8967E+02
  0.1175E+00  0.8951E+02  0.1631E+01  0.8811E+02  0.8811E+02
  0.1185E+00  0.8966E+02  0.1621E+01  0.8657E+02  0.8657E+02
  0.1194E+00  0.8582E+02  0.1642E+01  0.8505E+02  0.8505E+02
  0.1203E+00  0.8823E+02  0.1552E+01  0.8355E+02  0.8355E+02
  0.1213E+00  0.8819E+02  0.1550E+01  0.8206E+02  0.8206E+02
  0.1222E+00  0.8549E+02  0.1535E+01  0.8058E+02  0.8058E+02
  0.1231E+00  0.8107E+02  0.1521E+01  0.7913E+02  0.7913E+02
  0.1240E+00  0.7773E+02  0.1539E+01  0.7768E+02  0.7768E+02
  0.1250E+00  0.7658E+02  0.1545E+01  0.7626E+02  0.7626E+02
  0.1259E+00  0.7505E+02  0.1577E+01  0.7485E+02  0.7485E+02
  0.1268E+00  0.7239E+02  0.1560E+01  0.7345E+02  0.7345E+02
  0.1278E+00  0.7367E+02  0.1554E+01  0.7207E+02  0.7207E+02
  0.1287E+00  0.7445E+02  0.1556E+01  0.7071E+02  0.7071E+02
  0.1296E+00  0.7340E+02  0.1543E+01  0.6936E+02  0.6936E+02
  0.1306E+00  0.7129E+02  0.1513E+01  0.6803E+02  0.6803E+02
  0.1315E+00  0.6726E+02  0.1494E+01  0.6671E+02  0.6671E+02
  0.1324E+00  0.6729E+02  0.1497E+01  0.6541E+02  0.6541E+02
  0.1333E+00  0.6473E+02  0.1782E+01  0.6413E+02  0.6413E+02
  0.1343E+00  0.6213E+02  0.1544E+01  0.6286E+02  0.6286E+02
  0.1352E+00  0.6101E+02  0.1474E+01  0.6161E+02  0.6161E+02
  0.1361E+00  0.5946E+02  0.1439E+01  0.6038E+02  0.6038E+02
  0.1371E+00  0.5874E+02  0.1452E+01  0.5917E+02  0.5917E+02
  0.1380E+00  0.5656E+02  0.1440E+01  0.5797E+02  0.5797E+02
  0.1389E+00  0.5728E+02  0.1431E+01  0.5679E+02  0.5679E+02
  0.1399E+00  0.5736E+02  0.1461E+01  0.5562E+02  0.5562E+02
  0.1408E+00  0.5274E+02  0.1442E+01  0.5448E+02  0.5448E+02
  0.1417E+00  0.5266E+02  0.1447E+01  0.5335E+02  0.5335E+02
  0.1426E+00  0.5255E+02  0.1468E+01  0.5224E+02  0.5224E+02
  0.1436E+00  0.5217E+02  0.1463E+01  0.5115E+02  0.5115E+02
  0.1445E+00  0.5004E+02  0.1469E+01  0.5008E+02  0.5008E+02
  0.1454E+00  0.4717E+02  0.1454E+01  0.4903E+02  0.4903E+02
  0.1464E+00  0.4809E+02  0.1462E+01  0.4800E+02  0.4800E+02
  0.1473E+00  0.4571E+02  0.1445E+01  0.4699E+02  0.4699E+02
  0.1482E+00  0.4460E+02  0.1439E+01  0.4600E+02  0.4600E+02
  0.1492E+00  0.4130E+02  0.1435E+01  0.4502E+02  0.4502E+02
  0.1501E+00  0.4415E+02  0.1428E+01  0.4407E+02  0.4407E+02
  0.1510E+00  0.4340E+02  0.1409E+01  0.4314E+02  0.4314E+02
  0.1520E+00  0.4221E+02  0.1386E+01  0.4222E+02  0.4222E+02
  0.1529E+00  0.4134E+02  0.1402E+01  0.4133E+02  0.4133E+02
  0.1538E+00  0.4227E+02  0.1385E+01  0.4046E+02  0.4046E+02
  0.1547E+00  0.4090E+02  0.1378E+01  0.3960E+02  0.3960E+02
  0.1557E+00  0.3916E+02  0.1388E+01  0.3877E+02  0.3877E+02
  0.1566E+00  0.3421E+02  0.1392E+01  0.3796E+02  0.3796E+02
  0.1575E+00  0.3357E+02  0.1369E+01  0.3716E+02  0.3716E+02
  0.1585E+00  0.3620E+02  0.1363E+01  0.3639E+02  0.3639E+02
  0.1594E+00  0.3810E+02  0.1380E+01  0.3563E+02  0.3563E+02
  0.1603E+00  0.3456E+02  0.1379E+01  0.3490E+02  0.3490E+02
  0.1613E+00  0.3466E+02  0.1394E+01  0.3418E+02  0.3418E+02
  0.1622E+00  0.3194E+02  0.1371E+01  0.3349E+02  0.3349E+02
  0.1631E+00  0.2861E+02  0.1371E+01  0.3281E+02  0.3281E+02
  0.1640E+00  0.2947E+02  0.1385E+01  0.3215E+02  0.3215E+02
  0.1650E+00  0.3232E+02  0.1381E+01  0.3150E+02  0.3150E+02
  0.1659E+00  0.2969E+02  0.1351E+01  0.3088E+02  0.3088E+02
  0.1668E+00  0.2932E+02  0.1364E+01  0.3027E+02  0.3027E+02
  0.1678E+00  0.3032E+02  0.1352E+01  0.2969E+02  0.2969E+02
  0.1687E+00  0.2901E+02  0.1350E+01  0.2911E+02  0.2911E+02
  0.1696E+00  0.3038E+02  0.1325E+01  0.2856E+02  0.2856E+02
  0.1706E+00  0.2950E+02  0.1355E+01  0.2802E+02  0.2802E+02
  0.1715E+00  0.2736E+02  0.1343E+01  0.2750E+02  0.2750E+02
  0.1724E+00  0.2791E+02  0.1333E+01  0.2699E+02  0.2699E+02
  0.1733E+00  0.2700E+02  0.1312E+01  0.2650E+02  0.2650E+02
  0.1743E+00  0.2628E+02  0.1302E+01  0.2602E+02  0.2602E+02
  0.1752E+00  0.2713E+02  0.1296E+01  0.2556E+02  0.2556E+02
  0.1761E+00  0.2467E+02  0.1290E+01  0.2511E+02  0.2511E+02
  0.1771E+00  0.2285E+02  0.1294E+01  0.2468E+02  0.2468E+02
  0.1780E+00  0.2405E+02  0.1287E+01  0.2425E+02  0.2425E+02
  0.1789E+00  0.2275E+02  0.1298E+01  0.2385E+02  0.2385E+02
  0.1799E+00  0.2175E+02  0.1325E+01  0.2345E+02  0.2345E+02
  0.1808E+00  0.2330E+02  0.1295E+01  0.2306E+02  0.2306E+02
  0.1817E+00  0.2176E+02  0.1306E+01  0.2269E+02  0.2269E+02
  0.1826E+00  0.2169E+02  0.1311E+01  0.2233E+02  0.2233E+02
  0.1836E+00  0.2098E+02  0.1287E+01  0.2198E+02  0.2198E+02
  0.1845E+00  0.1872E+02  0.1289E+01  0.2164E+02  0.2164E+02
  0.1854E+00  0.2074E+02  0.1273E+01  0.2131E+02  0.2131E+02
  0.1864E+00  0.2239E+02  0.1294E+01  0.2099E+02  0.2099E+02
  0.1873E+00  0.2164E+02  0.1280E+01  0.2068E+02  0.2068E+02
  0.1882E+00  0.2005E+02  0.1292E+01  0.2038E+02  0.2038E+02
  0.1892E+00  0.1918E+02  0.1266E+01  0.2008E+02  0.2008E+02
  0.1901E+00  0.2115E+02  0.1255E+01  0.1980E+02  0.1980E+02
  0.1910E+00  0.1754E+02  0.1267E+01  0.1952E+02  0.1952E+02
  0.1919E+00  0.1795E+02  0.1260E+01  0.1925E+02  0.1925E+02
  0.1929E+00  0.1687E+02  0.1248E+01  0.1899E+02  0.1899E+02
  0.1938E+00  0.1841E+02  0.1248E+01  0.1874E+02  0.1874E+02
  0.1947E+00  0.2012E+02  0.1229E+01  0.1849E+02  0.1849E+02
  0.1957E+00  0.1852E+02  0.1231E+01  0.1825E+02  0.1825E+02
  0.1966E+00  0.1889E+02  0.1224E+01  0.1801E+02  0.1801E+02
  0.1975E+00  0.1515E+02  0.1239E+01  0.1778E+02  0.1778E+02
  0.1985E+00  0.1369E+02  0.1222E+01  0.1756E+02  0.1756E+02
  0.1994E+00  0.1632E+02  0.1223E+01  0.1734E+02  0.1734E+02
  0.2003E+00  0.1639E+02  0.1211E+01  0.1713E+02  0.1713E+02
  0.2012E+00  0.1515E+02  0.1195E+01  0.1692E+02  0.1692E+02
  0.2022E+00  0.1496E+02  0.1210E+01  0.1672E+02  0.1672E+02
  0.2031E+00  0.1498E+02  0.1208E+01  0.1652E+02  0.1652E+02
  0.2040E+00  0.1612E+02  0.1210E+01  0.1633E+02  0.1633E+02
  0.2050E+00  0.1486E+02  0.1195E+01  0.1614E+02  0.1614E+02
  0.2059E+00  0.1352E+02  0.1208E+01  0.1595E+02  0.1595E+02
  0.2068E+00  0.1343E+02  0.1208E+01  0.1577E+02  0.1577E+02
  0.2078E+00  0.1441E+02  0.1215E+01  0.1560E+02  0.1560E+02
  0.2087E+00  0.1339E+02  0.1214E+01  0.1543E+02  0.1543E+02
  0.2096E+00  0.1247E+02  0.1204E+01  0.1526E+02  0.1526E+02
  0.2105E+00  0.1320E+02  0.1209E+01  0.1509E+02  0.1509E+02
  0.2115E+00  0.1653E+02  0.1207E+01  0.1493E+02  0.1493E+02
  0.2124E+00  0.1261E+02  0.1199E+01  0.1478E+02  0.1478E+02
  0.2133E+00  0.1526E+02  0.1232E+01  0.1462E+02  0.1462E+02
  0.2143E+00  0.1556E+02  0.1242E+01  0.1447E+02  0.1447E+02
  0.2152E+00  0.1214E+02  0.1266E+01  0.1432E+02  0.1432E+02
  0.2161E+00  0.1272E+02  0.1304E+01  0.1418E+02  0.1418E+02
  0.2171E+00  0.1350E+02  0.1268E+01  0.1404E+02  0.1404E+02
  0.2180E+00  0.1369E+02  0.1319E+01  0.1390E+02  0.1390E+02
  0.2189E+00  0.1235E+02  0.1288E+01  0.1377E+02  0.1377E+02
  0.2198E+00  0.1294E+02  0.1278E+01  0.1364E+02  0.1364E+02
  0.2208E+00  0.1142E+02  0.1268E+01  0.1351E+02  0.1351E+02
  0.2217E+00  0.1528E+02  0.1273E+01  0.1339E+02  0.1339E+02
  0.2226E+00  0.1625E+02  0.1293E+01  0.1327E+02  0.1327E+02
  0.2236E+00  0.1410E+02  0.1307E+01  0.1315E+02  0.1315E+02
  0.2245E+00  0.1215E+02  0.1287E+01  0.1303E+02  0.1303E+02
  0.2254E+00  0.1195E+02  0.1316E+01  0.1292E+02  0.1292E+02
  0.2264E+00  0.1144E+02  0.1308E+01  0.1281E+02  0.1281E+02
  0.2273E+00  0.1313E+02  0.1348E+01  0.1270E+02  0.1270E+02
  0.2282E+00  0.1137E+02  0.1316E+01  0.1260E+02  0.1260E+02
  0.2291E+00  0.1226E+02  0.1318E+01  0.1250E+02  0.1250E+02
  0.2301E+00  0.1460E+02  0.1308E+01  0.1240E+02  0.1240E+02
  0.2310E+00  0.1134E+02  0.1305E+01  0.1230E+02  0.1230E+02
  0.2319E+00  0.1324E+02  0.1319E+01  0.1221E+02  0.1221E+02
  0.2329E+00  0.1267E+02  0.1314E+01  0.1212E+02  0.1212E+02
  0.2338E+00  0.1227E+02  0.1309E+01  0.1203E+02  0.1203E+02
  0.2347E+00  0.1232E+02  0.1316E+01  0.1194E+02  0.1194E+02
  0.2357E+00  0.1307E+02  0.1326E+01  0.1186E+02  0.1186E+02
  0.2366E+00  0.1325E+02  0.1312E+01  0.1178E+02  0.1178E+02
  0.2375E+00  0.1290E+02  0.1332E+01  0.1170E+02  0.1170E+02
  0.2384E+00  0.1206E+02  0.1344E+01  0.1162E+02  0.1162E+02
  0.2394E+00  0.1107E+02  0.1361E+01  0.1154E+02  0.1154E+02
  0.2403E+00  0.1194E+02  0.1345E+01  0.1147E+02  0.1147E+02
  0.2412E+00  0.1154E+02  0.1354E+01  0.1140E+02  0.1140E+02
  0.2422E+00  0.1131E+02  0.1367E+01  0.1133E+02  0.1133E+02
  0.2431E+00  0.8811E+01  0.1370E+01  0.1127E+02  0.1127E+02
  0.2440E+00  0.1029E+02  0.1377E+01  0.1120E+02  0.1120E+02
  0.2450E+00  0.9337E+01  0.1407E+01  0.1114E+02  0.1114E+02
  0.2459E+00  0.9911E+01  0.1411E+01  0.1108E+02  0.1108E+02
  0.2468E+00  0.9231E+01  0.1429E+01  0.1102E+02  0.1102E+02
  0.2477E+00  0.1120E+02  0.1425E+01  0.1096E+02  0.1096E+02
  0.2487E+00  0.8710E+01  0.1429E+01  0.1090E+02  0.1090E+02
  0.2496E+00  0.6031E+01  0.1430E+01  0.1085E+02  0.1085E+02
  0.2505E+00  0.7248E+01  0.1448E+01  0.1080E+02  0.1080E+02
  0.2515E+00  0.1044E+02  0.1450E+01  0.1074E+02  0.1074E+02
  0.2524E+00  0.8332E+01  0.1448E+01  0.1069E+02  0.1069E+02
  0.2533E+00  0.8379E+01  0.1491E+01  0.1064E+02  0.1064E+02
  0.2543E+00  0.6996E+01  0.1478E+01  0.1059E+02  0.1059E+02
  0.2552E+00  0.9806E+01  0.1523E+01  0.1055E+02  0.1055E+02
  0.2561E+00  0.1301E+02  0.1522E+01  0.1050E+02  0.1050E+02
  0.2570E+00  0.1152E+02  0.1506E+01  0.1046E+02  0.1046E+02
  0.2580E+00  0.1141E+02  0.1517E+01  0.1041E+02  0.1041E+02
  0.2589E+00  0.9182E+01  0.1513E+01  0.1037E+02  0.1037E+02
  0.2598E+00  0.8805E+01  0.1511E+01  0.1032E+02  0.1032E+02
  0.2608E+00  0.1201E+02  0.1533E+01  0.1028E+02  0.1028E+02
  0.2617E+00  0.1277E+02  0.1559E+01  0.1024E+02  0.1024E+02
  0.2626E+00  0.1008E+02  0.1503E+01  0.1020E+02  0.1020E+02
  0.2636E+00  0.9022E+01  0.1521E+01  0.1016E+02  0.1016E+02
  0.2645E+00  0.9257E+01  0.1511E+01  0.1012E+02  0.1012E+02
  0.2654E+00  0.9389E+01  0.1550E+01  0.1008E+02  0.1008E+02
  0.2663E+00  0.9347E+01  0.1536E+01  0.1004E+02  0.1004E+02
  0.2673E+00  0.1031E+02  0.1532E+01  0.1001E+02  0.1001E+02
  0.2682E+00  0.6447E+01  0.1541E+01  0.9968E+01  0.9968E+01
  0.2691E+00  0.8556E+01  0.1542E+01  0.9931E+01  0.9931E+01
  0.2701E+00  0.1128E+02  0.1527E+01  0.9895E+01  0.9895E+01
  0.2710E+00  0.9372E+01  0.1532E+01  0.9858E+01  0.9858E+01
  0.2719E+00  0.8972E+01  0.1544E+01  0.9823E+01  0.9823E+01
  0.2729E+00  0.1214E+02  0.1537E+01  0.9787E+01  0.9787E+01
  0.2738E+00  0.9247E+01  0.1561E+01  0.9752E+01  0.9752E+01
  0.2747E+00  0.9882E+01  0.1556E+01  0.9717E+01  0.9717E+01
  0.2756E+00  0.8535E+01  0.1542E+01  0.9683E+01  0.9683E+01
  0.2766E+00  0.1187E+02  0.1588E+01  0.9649E+01  0.9649E+01
  0.2775E+00  0.1129E+02  0.1614E+01  0.9616E+01  0.9616E+01
  0.2784E+00  0.7324E+01  0.1597E+01  0.9582E+01  0.9582E+01
  0.2794E+00  0.7966E+01  0.1616E+01  0.9549E+01  0.9549E+01
  0.2803E+00  0.7651E+01  0.1606E+01  0.9517E+01  0.9517E+01
  0.2812E+00  0.9382E+01  0.1620E+01  0.9485E+01  0.9485E+01
  0.2822E+00  0.5671E+01  0.1610E+01  0.9453E+01  0.9453E+01
  0.2831E+00  0.1244E+02  0.1613E+01  0.9422E+01  0.9422E+01
  0.2840E+00  0.1143E+02  0.1594E+01  0.9391E+01  0.9391E+01
  0.2849E+00  0.3163E+01  0.1603E+01  0.9360E+01  0.9360E+01
  0.2859E+00  0.8019E+01  0.1614E+01  0.9330E+01  0.9330E+01
  0.2868E+00  0.9275E+01  0.1619E+01  0.9301E+01  0.9301E+01
  0.2877E+00  0.1020E+02  0.1616E+01  0.9272E+01  0.9272E+01
  0.2887E+00  0.9564E+01  0.1626E+01  0.9243E+01  0.9243E+01
  0.2896E+00  0.7972E+01  0.1663E+01  0.9215E+01  0.9215E+01
  0.2905E+00  0.8441E+01  0.1627E+01  0.9187E+01  0.9187E+01
  0.2915E+00  0.4131E+01  0.1663E+01  0.9160E+01  0.9160E+01
  0.2924E+00  0.4387E+01  0.1717E+01  0.9133E+01  0.9133E+01
  0.2933E+00  0.7301E+01  0.1714E+01  0.9108E+01  0.9108E+01
  0.2942E+00  0.6882E+01  0.1745E+01  0.9082E+01  0.9082E+01
  0.2952E+00  0.6185E+01  0.1726E+01  0.9058E+01  0.9058E+01
  0.2961E+00  0.5776E+01  0.1732E+01  0.9033E+01  0.9033E+01
  0.2970E+00  0.9025E+01  0.1770E+01  0.9010E+01  0.9010E+01
  0.2980E+00  0.6746E+01  0.1733E+01  0.8987E+01  0.8987E+01
  0.2989E+00  0.6830E+01  0.1724E+01  0.8964E+01  0.8964E+01
  0.2998E+00  0.8177E+01  0.1725E+01  0.8943E+01  0.8943E+01
  0.3008E+00  0.8943E+01  0.1725E+01  0.8922E+01  0.8922E+01
  0.3017E+00  0.7129E+01  0.1757E+01  0.8901E+01  0.8901E+01
  0.3026E+00  0.9909E+01  0.1745E+01  0.8881E+01  0.8881E+01
  0.3035E+00  0.7698E+01  0.1747E+01  0.8862E+01  0.8862E+01
  0.3045E+00  0.8846E+01  0.1745E+01  0.8843E+01  0.8843E+01
  0.3054E+00  0.8561E+01  0.1758E+01  0.8825E+01  0.8825E+01
  0.3063E+00  0.8244E+01  0.1763E+01  0.8808E+01  0.8808E+01
  0.3073E+00  0.8068E+01  0.1768E+01  0.8791E+01  0.8791E+01
  0.3082E+00  0.6819E+01  0.1815E+01  0.8775E+01  0.8775E+01
  0.3091E+00  0.6848E+01  0.1831E+01  0.8759E+01  0.8759E+01
  0.3101E+00  0.7372E+01  0.1843E+01  0.8744E+01  0.8744E+01
  0.3110E+00  0.1107E+02  0.1857E+01  0.8729E+01  0.8729E+01
  0.3119E+00  0.8889E+01  0.1861E+01  0.8715E+01  0.8715E+01
  0.3128E+00  0.1053E+02  0.1889E+01  0.8701E+01  0.8701E+01
  0.3138E+00  0.1028E+02  0.1873E+01  0.8688E+01  0.8688E+01
  0.3147E+00  0.7072E+01  0.1879E+01  0.8676E+01  0.8676E+01
  0.3156E+00  0.5071E+01  0.1847E+01  0.8663E+01  0.8663E+01
  0.3166E+00  0.9003E+01  0.1882E+01  0.8651E+01  0.8651E+01
  0.3175E+00  0.7795E+01  0.1833E+01  0.8640E+01  0.8640E+01
  0.3184E+00  0.7065E+01  0.1801E+01  0.8629E+01  0.8629E+01
  0.3194E+00  0.9270E+01  0.1833E+01  0.8618E+01  0.8618E+01
  0.3203E+00  0.1396E+02  0.1815E+01  0.8607E+01  0.8607E+01
  0.3212E+00  0.1248E+02  0.1829E+01  0.8596E+01  0.8596E+01
  0.3221E+00  0.9749E+01  0.1828E+01  0.8586E+01  0.8586E+01
  0.3231E+00  0.9484E+01  0.1856E+01  0.8576E+01  0.8576E+01
  0.3240E+00  0.6913E+01  0.1903E+01  0.8566E+01  0.8566E+01
  0.3249E+00  0.9960E+01  0.1998E+01  0.8557E+01  0.8557E+01
  0.3259E+00  0.1085E+02  0.2094E+01  0.8547E+01  0.8547E+01
  0.3268E+00  0.1055E+02  0.1919E+01  0.8537E+01  0.8537E+01
  0.3277E+00  0.6199E+01  0.1946E+01  0.8528E+01  0.8528E+01
  0.3287E+00  0.6211E+01  0.1966E+01  0.8518E+01  0.8518E+01
  0.3296E+00  0.7554E+01  0.1901E+01  0.8508E+01  0.8508E+01
  0.3305E+00  0.1020E+02  0.1972E+01  0.8499E+01  0.8499E+01
  0.3314E+00  0.1189E+02  0.1905E+01  0.8489E+01  0.8489E+01
  0.3324E+00  0.1210E+02  0.1937E+01  0.8479E+01  0.8479E+01
  0.3333E+00  0.8435E+01  0.1937E+01  0.8469E+01  0.8469E+01
  0.3342E+00  0.9083E+01  0.1921E+01  0.8459E+01  0.8459E+01
  0.3352E+00  0.1006E+02  0.1896E+01  0.8449E+01  0.8449E+01
  0.3361E+00  0.7633E+01  0.1881E+01  0.8438E+01  0.8438E+01
  0.3370E+00  0.5977E+01  0.1902E+01  0.8428E+01  0.8428E+01
  0.3380E+00  0.8258E+01  0.1928E+01  0.8417E+01  0.8417E+01
  0.3389E+00  0.8272E+01  0.1917E+01  0.8406E+01  0.8406E+01
  0.3398E+00  0.8575E+01  0.1966E+01  0.8394E+01  0.8394E+01
  0.3407E+00  0.9493E+01  0.1957E+01  0.8383E+01  0.8383E+01
  0.3417E+00  0.7614E+01  0.1969E+01  0.8371E+01  0.8371E+01
  0.3426E+00  0.6941E+01  0.1985E+01  0.8359E+01  0.8359E+01
  0.3435E+00  0.4818E+01  0.1983E+01  0.8346E+01  0.8346E+01
  0.3445E+00  0.9500E+01  0.2000E+01  0.8333E+01  0.8333E+01
  0.3454E+00  0.9828E+01  0.1979E+01  0.8321E+01  0.8321E+01
  0.3463E+00  0.8162E+01  0.1968E+01  0.8307E+01  0.8307E+01
  0.3473E+00  0.5888E+01  0.1992E+01  0.8294E+01  0.8294E+01
  0.3482E+00  0.4286E+01  0.1964E+01  0.8280E+01  0.8280E+01
  0.3491E+00  0.8437E+01  0.1952E+01  0.8266E+01  0.8266E+01
  0.3500E+00  0.9897E+01  0.1984E+01  0.8252E+01  0.8252E+01
  0.3510E+00  0.9807E+01  0.1905E+01  0.8237E+01  0.8237E+01
  0.3519E+00  0.7547E+01  0.1953E+01  0.8222E+01  0.8222E+01
  0.3528E+00  0.4672E+01  0.1931E+01  0.8207E+01  0.8207E+01
  0.3538E+00  0.9715E+01  0.1966E+01  0.8192E+01  0.8192E+01
  0.3547E+00  0.1286E+02  0.1974E+01  0.8176E+01  0.8176E+01
  0.3556E+00  0.9739E+01  0.1998E+01  0.8161E+01  0.8161E+01
  0.3566E+00  0.2819E+01  0.2070E+01  0.8145E+01  0.8145E+01
  0.3575E+00  0.3279E+01  0.2069E+01  0.8129E+01  0.8129E+01
  0.3584E+00  0.5344E+01  0.2091E+01  0.8112E+01  0.8112E+01
  0.3593E+00  0.1043E+02  0.2039E+01  0.8096E+01  0.8096E+01
  0.3603E+00  0.1149E+02  0.2057E+01  0.8080E+01  0.8080E+01
  0.3612E+00  0.1361E+02  0.2063E+01  0.8063E+01  0.8063E+01
  0.3621E+00  0.7985E+01  0.1962E+01  0.8046E+01  0.8046E+01
  0.3631E+00  0.8382E+01  0.1989E+01  0.8030E+01  0.8030E+01
  0.3640E+00  0.1084E+02  0.1989E+01  0.8013E+01  0.8013E+01
  0.3649E+00  0.9572E+01  0.1965E+01  0.7996E+01  0.7996E+01
  0.3659E+00  0.6003E+01  0.1958E+01  0.7979E+01  0.7979E+01
  0.3668E+00  0.8689E+01  0.1970E+01  0.7962E+01  0.7962E+01
  0.3677E+00  0.9677E+01  0.1993E+01  0.7945E+01  0.7945E+01
  0.3686E+00  0.9533E+01  0.1968E+01  0.7928E+01  0.7928E+01
  0.3696E+00  0.1069E+02  0.1978E+01  0.7911E+01  0.7911E+01
  0.3705E+00  0.5034E+01  0.2003E+01  0.7895E+01  0.7895E+01
  0.3714E+00  0.4895E+01  0.2046E+01  0.7878E+01  0.7878E+01
  0.3724E+00  0.9961E+01  0.2074E+01  0.7861E+01  0.7861E+01
  0.3733E+00  0.1360E+02  0.2015E+01  0.7844E+01  0.7844E+01
  0.3742E+00  0.6886E+01  0.2029E+01  0.7828E+01  0.7828E+01
  0.3752E+00  0.8505E+01  0.2036E+01  0.7811E+01  0.7811E+01
  0.3761E+00  0.1115E+02  0.2041E+01  0.7795E+01  0.7795E+01
  0.3770E+00  0.9515E+01  0.2060E+01  0.7779E+01  0.7779E+01
  0.3779E+00  0.5358E+01  0.2017E+01  0.7762E+01  0.7762E+01
  0.3789E+00  0.7810E+01  0.2022E+01  0.7746E+01  0.7746E+01
  0.3798E+00  0.7223E+01  0.2018E+01  0.7730E+01  0.7730E+01
  0.3807E+00  0.1070E+02  0.2010E+01  0.7714E+01  0.7714E+01
  0.3817E+00  0.1072E+02  0.1990E+01  0.7698E+01  0.7698E+01
  0.3826E+00  0.1162E+02  0.2007E+01  0.7683E+01  0.7683E+01
  0.3835E+00  0.8304E+01  0.2029E+01  0.7667E+01  0.7667E+01
  0.3845E+00  0.4847E+01  0.2031E+01  0.7651E+01  0.7651E+01
  0.3854E+00  0.7268E+01  0.2104E+01  0.7636E+01  0.7636E+01
  0.3863E+00  0.1148E+02  0.2070E+01  0.7620E+01  0.7620E+01
  0.3872E+00  0.1096E+02  0.2120E+01  0.7605E+01  0.7605E+01
  0.3882E+00  0.1253E+02  0.2130E+01  0.7590E+01  0.7590E+01
  0.3891E+00  0.1370E+02  0.2111E+01  0.7574E+01  0.7574E+01
  0.3900E+00  0.8849E+01  0.2166E+01  0.7559E+01  0.7559E+01
  0.3910E+00  0.7821E+01  0.2065E+01  0.7544E+01  0.7544E+01
  0.3919E+00  0.1176E+02  0.2100E+01  0.7529E+01  0.7529E+01
  0.3928E+00  0.1348E+02  0.2033E+01  0.7514E+01  0.7514E+01
  0.3938E+00  0.7225E+01  0.1969E+01  0.7498E+01  0.7498E+01
  0.3947E+00  0.4928E+01  0.2000E+01  0.7483E+01  0.7483E+01
  0.3956E+00  0.5003E+01  0.2037E+01  0.7468E+01  0.7468E+01
  0.3965E+00  0.6927E+01  0.2034E+01  0.7453E+01  0.7453E+01
  0.3975E+00  0.1105E+02  0.2037E+01  0.7437E+01  0.7437E+01
  0.3984E+00  0.9089E+01  0.2055E+01  0.7422E+01  0.7422E+01
  0.3993E+00  0.8872E+01  0.2101E+01  0.7406E+01  0.7406E+01
  0.4003E+00  0.1089E+02  0.2117E+01  0.7390E+01  0.7390E+01
  0.4012E+00  0.9698E+01  0.2145E+01  0.7375E+01  0.7375E+01
  0.4021E+00  0.9678E+01  0.2092E+01  0.7359E+01  0.7359E+01
  0.4031E+00  0.8647E+01  0.2073E+01  0.7342E+01  0.7342E+01
  0.4040E+00  0.1037E+02  0.2072E+01  0.7326E+01  0.7326E+01
  0.4049E+00  0.1163E+02  0.2056E+01  0.7310E+01  0.7310E+01
  0.4058E+00  0.1598E+02  0.2024E+01  0.7293E+01  0.7293E+01
  0.4068E+00  0.1602E+02  0.2047E+01  0.7276E+01  0.7276E+01
  0.4077E+00  0.9929E+01  0.2071E+01  0.7259E+01  0.7259E+01
  0.4086E+00  0.6202E+01  0.2120E+01  0.7242E+01  0.7242E+01
  0.4096E+00  0.8631E+01  0.1994E+01  0.7225E+01  0.7225E+01
  0.4105E+00  0.7853E+01  0.2048E+01  0.7207E+01  0.7207E+01
  0.4114E+00  0.9178E+01  0.2078E+01  0.7189E+01  0.7189E+01
  0.4124E+00  0.7635E+01  0.2125E+01  0.7171E+01  0.7171E+01
  0.4133E+00  0.1716E+02  0.2107E+01  0.7152E+01  0.7152E+01
  0.4142E+00  0.1376E+02  0.2153E+01  0.7134E+01  0.7134E+01
  0.4151E+00  0.1243E+02  0.2150E+01  0.7115E+01  0.7115E+01
  0.4161E+00  0.1022E+02  0.2200E+01  0.7096E+01  0.7096E+01
  0.4170E+00  0.6807E+01  0.2098E+01  0.7076E+01  0.7076E+01
  0.4179E+00  0.9116E+01  0.2028E+01  0.7057E+01  0.7057E+01
  0.4189E+00  0.9288E+01  0.2023E+01  0.7037E+01  0.7037E+01
  0.4198E+00  0.5748E+01  0.1995E+01  0.7017E+01  0.7017E+01
  0.4207E+00  0.4687E+01  0.2009E+01  0.6996E+01  0.6996E+01
  0.4217E+00  0.1127E+02  0.2029E+01  0.6976E+01  0.6976E+01
  0.4226E+00  0.1165E+02  0.2030E+01  0.6955E+01  0.6955E+01
  0.4235E+00  0.9577E+01  0.2074E+01  0.6934E+01  0.6934E+01
  0.4244E+00  0.8890E+01  0.2092E+01  0.6913E+01  0.6913E+01
  0.4254E+00  0.1421E+02  0.2162E+01  0.6891E+01  0.6891E+01
  0.4263E+00  0.1171E+02  0.2170E+01  0.6870E+01  0.6870E+01
  0.4272E+00  0.8531E+01  0.2136E+01  0.6848E+01  0.6848E+01
  0.4282E+00  0.4322E+01  0.2150E+01  0.6826E+01  0.6826E+01
  0.4291E+00  0.7574E+01  0.2138E+01  0.6804E+01  0.6804E+01
  0.4300E+00  0.4360E+01  0.2123E+01  0.6781E+01  0.6781E+01
  0.4310E+00  0.7899E+01  0.2050E+01  0.6759E+01  0.6759E+01
  0.4319E+00  0.1358E+02  0.2050E+01  0.6737E+01  0.6737E+01
  0.4328E+00  0.1255E+02  0.2080E+01  0.6714E+01  0.6714E+01
  0.4337E+00  0.5557E+01  0.2045E+01  0.6691E+01  0.6691E+01
  0.4347E+00  0.9320E+01  0.2073E+01  0.6669E+01  0.6669E+01
  0.4356E+00  0.6610E+01  0.2090E+01  0.6646E+01  0.6646E+01
  0.4365E+00  0.1020E+02  0.2128E+01  0.6623E+01  0.6623E+01
  0.4375E+00  0.1332E+02  0.2088E+01  0.6600E+01  0.6600E+01
  0.4384E+00  0.1178E+02  0.2113E+01  0.6577E+01  0.6577E+01
  0.4393E+00  0.9271E+01  0.2105E+01  0.6554E+01  0.6554E+01
  0.4403E+00  0.6530E+01  0.2055E+01  0.6531E+01  0.6531E+01
  0.4412E+00  0.7520E+01  0.2085E+01  0.6508E+01  0.6508E+01
  0.4421E+00  0.1185E+02  0.2133E+01  0.6485E+01  0.6485E+01
  0.4430E+00  0.6550E+01  0.2071E+01  0.6462E+01  0.6462E+01
  0.4440E+00  0.2300E+01  0.2044E+01  0.6439E+01  0.6439E+01
  0.4449E+00  0.2510E+01  0.2032E+01  0.6417E+01  0.6417E+01
  0.4458E+00  0.8490E+01  0.2060E+01  0.6394E+01  0.6394E+01
  0.4468E+00  0.8400E+01  0.2100E+01  0.6371E+01  0.6371E+01
  0.4477E+00  0.8190E+01  0.2076E+01  0.6349E+01  0.6349E+01
  0.4486E+00  0.1060E+02  0.2142E+01  0.6327E+01  0.6327E+01
  0.4496E+00  0.6700E+01  0.2118E+01  0.6304E+01  0.6304E+01
  0.4505E+00  0.4430E+01  0.2140E+01  0.6282E+01  0.6282E+01
  0.4514E+00  0.7220E+01  0.2136E+01  0.6260E+01  0.6260E+01
  0.4523E+00  0.1426E+02  0.2136E+01  0.6238E+01  0.6238E+01
  0.4533E+00  0.8490E+01  0.2111E+01  0.6216E+01  0.6216E+01
  0.4542E+00  0.8060E+01  0.2199E+01  0.6194E+01  0.6194E+01
  0.4551E+00  0.7880E+01  0.2145E+01  0.6173E+01  0.6173E+01
  0.4561E+00  0.9960E+01  0.2127E+01  0.6151E+01  0.6151E+01
  0.4570E+00  0.7760E+01  0.2165E+01  0.6130E+01  0.6130E+01
  0.4579E+00  0.3910E+01  0.2226E+01  0.6109E+01  0.6109E+01
  0.4589E+00  0.8110E+01  0.2261E+01  0.6088E+01  0.6088E+01
  0.4598E+00  0.1051E+02  0.2206E+01  0.6067E+01  0.6067E+01
  0.4607E+00  0.9290E+01  0.2195E+01  0.6046E+01  0.6046E+01
  0.4616E+00  0.7480E+01  0.2297E+01  0.6025E+01  0.6025E+01
  0.4626E+00  0.1140E+02  0.2267E+01  0.6005E+01  0.6005E+01
  0.4635E+00  0.1352E+02  0.2311E+01  0.5984E+01  0.5984E+01
  0.4644E+00  0.7200E+01  0.2279E+01  0.5964E+01  0.5964E+01
  0.4654E+00  0.7900E+01  0.2229E+01  0.5944E+01  0.5944E+01
  0.4663E+00  0.1276E+02  0.2248E+01  0.5924E+01  0.5924E+01
  0.4672E+00  0.8780E+01  0.2222E+01  0.5903E+01  0.5903E+01
  0.4682E+00  0.7840E+01  0.2243E+01  0.5884E+01  0.5884E+01
  0.4691E+00  0.6740E+01  0.2327E+01  0.5864E+01  0.5864E+01
  0.4700E+00  0.5090E+01  0.2292E+01  0.5844E+01  0.5844E+01
  0.4710E+00  0.3580E+01  0.2268E+01  0.5824E+01  0.5824E+01
  0.4719E+00  0.7000E+01  0.2317E+01  0.5804E+01  0.5804E+01
  0.4728E+00  0.9060E+01  0.2330E+01  0.5785E+01  0.5785E+01
  0.4737E+00  0.7690E+01  0.2354E+01  0.5765E+01  0.5765E+01
  0.4747E+00  0.7600E+01  0.2338E+01  0.5746E+01  0.5746E+01
  0.4756E+00  0.8650E+01  0.2353E+01  0.5726E+01  0.5726E+01
  0.4765E+00  0.1152E+02  0.2320E+01  0.5707E+01  0.5707E+01
  0.4775E+00  0.1259E+02  0.2447E+01  0.5687E+01  0.5687E+01
  0.4784E+00  0.1037E+02  0.2424E+01  0.5668E+01  0.5668E+01
  0.4793E+00  0.7340E+01  0.2334E+01  0.5648E+01  0.5648E+01
  0.4803E+00  0.9570E+01  0.2337E+01  0.5629E+01  0.5629E+01
  0.4812E+00  0.8890E+01  0.2399E+01  0.5609E+01  0.5609E+01
  0.4821E+00  0.1181E+02  0.2397E+01  0.5590E+01  0.5590E+01
  0.4830E+00  0.9380E+01  0.2422E+01  0.5570E+01  0.5570E+01
  0.4840E+00  0.1164E+02  0.2460E+01  0.5550E+01  0.5550E+01
  0.4849E+00  0.1287E+02  0.2396E+01  0.5531E+01  0.5531E+01
  0.4858E+00  0.8550E+01  0.2337E+01  0.5511E+01  0.5511E+01
  0.4868E+00  0.1167E+02  0.2357E+01  0.5491E+01  0.5491E+01
  0.4877E+00  0.7280E+01  0.2338E+01  0.5472E+01  0.5472E+01
  0.4886E+00  0.1090E+02  0.2400E+01  0.5452E+01  0.5452E+01

           Distance distribution  function of particle  


       R          P(R)      ERROR

  0.0000E+00  0.0000E+00  0.0000E+00
  0.8584E+00  0.8298E-01  0.1056E-02
  0.1717E+01  0.1523E+00  0.1629E-02
  0.2575E+01  0.2095E+00  0.1786E-02
  0.3434E+01  0.2566E+00  0.1640E-02
  0.4292E+01  0.2965E+00  0.1367E-02
  0.5150E+01  0.3323E+00  0.1229E-02
  0.6009E+01  0.3671E+00  0.1416E-02
  0.6867E+01  0.4037E+00  0.1795E-02
  0.7726E+01  0.4443E+00  0.2158E-02
  0.8584E+01  0.4906E+00  0.2402E-02
  0.9442E+01  0.5432E+00  0.2501E-02
  0.1030E+02  0.6021E+00  0.2485E-02
  0.1116E+02  0.6661E+00  0.2431E-02
  0.1202E+02  0.7338E+00  0.2433E-02
  0.1288E+02  0.8029E+00  0.2555E-02
  0.1373E+02  0.8711E+00  0.2791E-02
  0.1459E+02  0.9358E+00  0.3078E-02
  0.1545E+02  0.9949E+00  0.3345E-02
  0.1631E+02  0.1046E+01  0.3543E-02
  0.1717E+02  0.1089E+01  0.3653E-02
  0.1803E+02  0.1122E+01  0.3683E-02
  0.1888E+02  0.1144E+01  0.3661E-02
  0.1974E+02  0.1157E+01  0.3623E-02
  0.2060E+02  0.1162E+01  0.3603E-02
  0.2146E+02  0.1158E+01  0.3624E-02
  0.2232E+02  0.1148E+01  0.3691E-02
  0.2318E+02  0.1132E+01  0.3797E-02
  0.2404E+02  0.1113E+01  0.3931E-02
  0.2489E+02  0.1090E+01  0.4081E-02
  0.2575E+02  0.1065E+01  0.4240E-02
  0.2661E+02  0.1039E+01  0.4401E-02
  0.2747E+02  0.1012E+01  0.4562E-02
  0.2833E+02  0.9841E+00  0.4718E-02
  0.2919E+02  0.9554E+00  0.4864E-02
  0.3004E+02  0.9259E+00  0.4997E-02
  0.3090E+02  0.8958E+00  0.5117E-02
  0.3176E+02  0.8650E+00  0.5223E-02
  0.3262E+02  0.8339E+00  0.5318E-02
  0.3348E+02  0.8024E+00  0.5406E-02
  0.3434E+02  0.7710E+00  0.5492E-02
  0.3519E+02  0.7399E+00  0.5585E-02
  0.3605E+02  0.7096E+00  0.5692E-02
  0.3691E+02  0.6803E+00  0.5824E-02
  0.3777E+02  0.6524E+00  0.5987E-02
  0.3863E+02  0.6262E+00  0.6185E-02
  0.3949E+02  0.6017E+00  0.6420E-02
  0.4034E+02  0.5791E+00  0.6684E-02
  0.4120E+02  0.5584E+00  0.6971E-02
  0.4206E+02  0.5396E+00  0.7272E-02
  0.4292E+02  0.5226E+00  0.7577E-02
  0.4378E+02  0.5072E+00  0.7879E-02
  0.4464E+02  0.4933E+00  0.8174E-02
  0.4550E+02  0.4807E+00  0.8457E-02
  0.4635E+02  0.4694E+00  0.8723E-02
  0.4721E+02  0.4593E+00  0.8970E-02
  0.4807E+02  0.4501E+00  0.9193E-02
  0.4893E+02  0.4418E+00  0.9388E-02
  0.4979E+02  0.4342E+00  0.9554E-02
  0.5065E+02  0.4272E+00  0.9689E-02
  0.5150E+02  0.4207E+00  0.9793E-02
  0.5236E+02  0.4146E+00  0.9868E-02
  0.5322E+02  0.4085E+00  0.9914E-02
  0.5408E+02  0.4025E+00  0.9930E-02
  0.5494E+02  0.3962E+00  0.9916E-02
  0.5580E+02  0.3897E+00  0.9872E-02
  0.5665E+02  0.3827E+00  0.9798E-02
  0.5751E+02  0.3752E+00  0.9694E-02
  0.5837E+02  0.3671E+00  0.9563E-02
  0.5923E+02  0.3584E+00  0.9408E-02
  0.6009E+02  0.3491E+00  0.9236E-02
  0.6095E+02  0.3392E+00  0.9053E-02
  0.6180E+02  0.3287E+00  0.8868E-02
  0.6266E+02  0.3176E+00  0.8687E-02
  0.6352E+02  0.3061E+00  0.8521E-02
  0.6438E+02  0.2940E+00  0.8376E-02
  0.6524E+02  0.2815E+00  0.8257E-02
  0.6610E+02  0.2687E+00  0.8168E-02
  0.6696E+02  0.2554E+00  0.8108E-02
  0.6781E+02  0.2420E+00  0.8072E-02
  0.6867E+02  0.2283E+00  0.8053E-02
  0.6953E+02  0.2145E+00  0.8043E-02
  0.7039E+02  0.2007E+00  0.8033E-02
  0.7125E+02  0.1871E+00  0.8013E-02
  0.7211E+02  0.1737E+00  0.7977E-02
  0.7296E+02  0.1607E+00  0.7918E-02
  0.7382E+02  0.1481E+00  0.7829E-02
  0.7468E+02  0.1360E+00  0.7704E-02
  0.7554E+02  0.1244E+00  0.7535E-02
  0.7640E+02  0.1132E+00  0.7314E-02
  0.7726E+02  0.1024E+00  0.7034E-02
  0.7811E+02  0.9200E-01  0.6685E-02
  0.7897E+02  0.8179E-01  0.6261E-02
  0.7983E+02  0.7169E-01  0.5756E-02
  0.8069E+02  0.6162E-01  0.5166E-02
  0.8155E+02  0.5150E-01  0.4492E-02
  0.8241E+02  0.4129E-01  0.3735E-02
  0.8326E+02  0.3098E-01  0.2900E-02
  0.8412E+02  0.2062E-01  0.1994E-02
  0.8498E+02  0.1026E-01  0.1024E-02
  0.8584E+02  0.0000E+00  0.0000E+00
          Reciprocal space: Rg =   26.10     , I(0) =   0.5524E+03
     Real space: Rg =   26.26 +- 0.150  I(0) =   0.5525E+03 +-  0.4738E+01
