
           ####    G N O M   ---   Version 4.5a revised 09/02/02     ####

                                                  Fri Dec 22 05:00:09 2017
           ===    Run No   1   ===
 Run title:   Merge of: 26882_04B_S1 26882_04C_S1 26882_05B_S1 26882_05C_S1


  Number of points omitted at the beginning:          10
  Number of points omitted at the end:         254
   *******   Working Directory :
   *******    Input file(s) : 26882_merged_0613.dat
           Condition P(rmin) = 0 is used. 
           Condition P(rmax) = 0 is used. 

 Warning: Dmax*Smin =  4.509   is greater than Pi !


          Experimental conditions for the first run
          -----------------------------------------

          Highest ALPHA is found to be   0.5005E+03

  The measure of inconsistency AN1 equals to    0.7620E+00
     Alpha    Discrp  Oscill  Stabil  Sysdev  Positv  Valcen    Total   
  0.5005E+06 74.4696  1.5241  0.9775  0.0000  1.0000  0.7750  0.00001
  0.1001E+06 71.0651  1.5177  0.9306  0.0000  1.0000  0.7762  0.00001
  0.2002E+05 58.5005  1.4910  0.7601  0.2769  1.0000  0.7815  0.00001
  0.4004E+04 34.2244  1.4278  0.4497  0.0231  1.0000  0.7977  0.00001
  0.8008E+03 13.4570  1.3897  0.2027  0.0231  1.0000  0.8197  0.00001
  0.1602E+03  3.8676  1.3648  0.0842  0.2000  1.0000  0.8346  0.00001
  0.3203E+02  1.2507  1.3292  0.0422  0.5231  1.0000  0.8427  0.49540
  0.6407E+01  0.7831  1.3080  0.0195  0.5846  1.0000  0.8461  0.46706
  0.1281E+01  0.7170  1.3034  0.0084  0.5385  1.0000  0.8473  0.10000
  0.2563E+00  0.7025  1.3130  0.0090  0.5538  1.0000  0.8480  0.10000
  0.5125E-01  0.6808  1.4432  0.0287  0.5692  1.0000  0.8492  0.10000
  0.1025E-01  0.6482  2.0849  0.0398  0.6000  1.0000  0.8502  0.10000
  0.2050E-02  0.6356  2.7846  0.0217  0.6615  0.9999  0.8492  0.10000
  0.4100E-03  0.6330  3.4228  0.0534  0.6923  0.9995  0.8460  0.10000
  0.8200E-04  0.6304  5.8515  0.2133  0.6769  0.9969  0.8413  0.10000
  0.1640E-04  0.6236 13.8845  0.5749  0.6769  0.9636  0.7237  0.10000
  0.3280E-05  0.6127 17.9339  0.4122  0.7231  0.8626  0.3391  0.10000
  0.6560E-06  0.6082 18.9827  0.1725  0.7154  0.8166  0.3015  0.10000
  0.1312E-06  0.6073 21.0689  0.4680  0.7154  0.7975  0.3040  0.10000
  0.2624E-07  0.6062 21.8758  0.7153  0.7000  0.7746  0.3454  0.10000
  0.5248E-08  0.6025 23.6399  0.8789  0.7000  0.7481  0.3877  0.10000
  0.1050E-08  0.5879 25.4356  0.8342  0.7154  0.7436  0.4014  0.10000
  0.2099E-09  0.5453 27.8928  0.6796  0.7077  0.7551  0.4182  0.10000
  0.4199E-10  0.4618 32.2770  0.5471  0.7231  0.7669  0.4399  0.10000
  0.8397E-11  0.3336 39.2904  0.4522  0.7231  0.7685  0.3734  0.10000
  0.1679E-11  0.1836 45.6620  0.3462  0.7538  0.7604  0.3381  0.10000
  0.3359E-12  0.0666 48.9194  0.1706  0.8154  0.7532  0.2952  0.10000
  0.6718E-13  0.0166 49.9457  0.0491  0.8462  0.7496  0.2773  0.10000
  0.1344E-13  0.0035 50.1879  0.0108  0.8462  0.7485  0.2727  0.10000
  0.2687E-14  0.0007 50.2384  0.0022  0.8462  0.7483  0.2718  0.10000
  0.5374E-15  0.0001 50.2485  0.0004  0.8462  0.7482  0.2716  0.10000

          ***  Golden section search to maximize estimate ***
     Alpha    Discrp  Oscill  Stabil  Sysdev  Positv  Valcen    Total   
  0.1732E+02  0.9627  1.3188  0.0317  0.5846  1.0000  0.8444  0.49711
  0.1185E+02  0.8675  1.3138  0.0264  0.6154  1.0000  0.8452  0.48760
  0.2191E+02  1.0486  1.3224  0.0354  0.5385  1.0000  0.8439  0.50037
  0.2533E+02  1.1153  1.3249  0.0379  0.5385  1.0000  0.8435  0.50091
  0.2771E+02  1.1627  1.3265  0.0395  0.5385  1.0000  0.8432  0.49986
  0.2396E+02  1.0884  1.3239  0.0369  0.5231  1.0000  0.8436  0.50074
  0.2621E+02  1.1328  1.3255  0.0385  0.5385  1.0000  0.8434  0.50064
  0.2480E+02  1.1048  1.3245  0.0375  0.5385  1.0000  0.8435  0.50101
  0.2448E+02  1.0985  1.3243  0.0373  0.5385  1.0000  0.8436  0.50104
  0.2428E+02  1.0946  1.3242  0.0371  0.5385  1.0000  0.8436  0.50105
  0.2416E+02  1.0923  1.3241  0.0370  0.5231  1.0000  0.8436  0.50075
  0.2435E+02  1.0961  1.3242  0.0372  0.5385  1.0000  0.8436  0.50105
  0.2423E+02  1.0937  1.3241  0.0371  0.5385  1.0000  0.8436  0.50105
  0.2423E+02  1.0937  1.3241  0.0371  0.5385  1.0000  0.8436  0.50105



             ####            Final results            ####

 Parameter    DISCRP    OSCILL    STABIL    SYSDEV    POSITV    VALCEN
 Weight        1.000     3.000     3.000     4.000     1.000     1.000
 Sigma         0.500     0.600     0.120     0.200     0.120     0.120
 Ideal         1.000     1.100     0.000     1.000     1.000     0.950
 Current       1.094     1.324     0.037     0.538     1.000     0.844
                - - - - - - - - - - - - - - - - - - - - - - - - - 
 Estimate      0.965     0.870     0.909     0.005     1.000     0.455

  Angular   range    :     from    0.0292   to    0.2710
  Real space range   :     from      0.00   to    154.50

  Highest ALPHA (theor) :   0.501E+06                 JOB = 0
  Current ALPHA         :   0.242E+02   Rg :  0.486E+02   I(0) :   0.209E+04

           Total  estimate : 0.501  which is  A REASONABLE  solution

      S          J EXP       ERROR       J REG       I REG

  0.0000E+00                                      0.2090E+04
  0.1042E-02                                      0.2088E+04
  0.2085E-02                                      0.2083E+04
  0.3127E-02                                      0.2074E+04
  0.4169E-02                                      0.2061E+04
  0.5212E-02                                      0.2045E+04
  0.6254E-02                                      0.2026E+04
  0.7297E-02                                      0.2003E+04
  0.8339E-02                                      0.1978E+04
  0.9381E-02                                      0.1949E+04
  0.1042E-01                                      0.1918E+04
  0.1147E-01                                      0.1884E+04
  0.1251E-01                                      0.1848E+04
  0.1355E-01                                      0.1809E+04
  0.1459E-01                                      0.1768E+04
  0.1564E-01                                      0.1726E+04
  0.1668E-01                                      0.1682E+04
  0.1772E-01                                      0.1636E+04
  0.1876E-01                                      0.1589E+04
  0.1980E-01                                      0.1542E+04
  0.2085E-01                                      0.1494E+04
  0.2189E-01                                      0.1445E+04
  0.2293E-01                                      0.1396E+04
  0.2397E-01                                      0.1347E+04
  0.2502E-01                                      0.1298E+04
  0.2606E-01                                      0.1249E+04
  0.2710E-01                                      0.1201E+04
  0.2814E-01                                      0.1153E+04
  0.2919E-01  0.1148E+04  0.5594E+01  0.1106E+04  0.1106E+04
  0.3012E-01  0.1090E+04  0.5126E+01  0.1065E+04  0.1065E+04
  0.3105E-01  0.1048E+04  0.4125E+01  0.1025E+04  0.1025E+04
  0.3198E-01  0.1004E+04  0.4040E+01  0.9856E+03  0.9856E+03
  0.3291E-01  0.9577E+03  0.3978E+01  0.9473E+03  0.9473E+03
  0.3384E-01  0.9186E+03  0.3934E+01  0.9101E+03  0.9101E+03
  0.3477E-01  0.8779E+03  0.3805E+01  0.8740E+03  0.8740E+03
  0.3570E-01  0.8455E+03  0.3652E+01  0.8390E+03  0.8390E+03
  0.3663E-01  0.8083E+03  0.3634E+01  0.8052E+03  0.8052E+03
  0.3756E-01  0.7733E+03  0.3478E+01  0.7726E+03  0.7726E+03
  0.3849E-01  0.7471E+03  0.3456E+01  0.7412E+03  0.7412E+03
  0.3942E-01  0.7122E+03  0.3315E+01  0.7110E+03  0.7110E+03
  0.4035E-01  0.6795E+03  0.3332E+01  0.6821E+03  0.6821E+03
  0.4128E-01  0.6484E+03  0.3337E+01  0.6544E+03  0.6544E+03
  0.4221E-01  0.6255E+03  0.3246E+01  0.6280E+03  0.6280E+03
  0.4314E-01  0.6027E+03  0.3251E+01  0.6027E+03  0.6027E+03
  0.4407E-01  0.5762E+03  0.3202E+01  0.5787E+03  0.5787E+03
  0.4500E-01  0.5554E+03  0.3219E+01  0.5557E+03  0.5557E+03
  0.4593E-01  0.5363E+03  0.3151E+01  0.5339E+03  0.5339E+03
  0.4686E-01  0.5152E+03  0.3087E+01  0.5132E+03  0.5132E+03
  0.4779E-01  0.4916E+03  0.2946E+01  0.4936E+03  0.4936E+03
  0.4872E-01  0.4740E+03  0.2887E+01  0.4749E+03  0.4749E+03
  0.4965E-01  0.4607E+03  0.2871E+01  0.4572E+03  0.4572E+03
  0.5058E-01  0.4466E+03  0.2822E+01  0.4404E+03  0.4404E+03
  0.5151E-01  0.4322E+03  0.2783E+01  0.4245E+03  0.4245E+03
  0.5244E-01  0.4112E+03  0.2781E+01  0.4094E+03  0.4094E+03
  0.5337E-01  0.3998E+03  0.2775E+01  0.3951E+03  0.3951E+03
  0.5430E-01  0.3860E+03  0.2776E+01  0.3815E+03  0.3815E+03
  0.5523E-01  0.3675E+03  0.2757E+01  0.3686E+03  0.3686E+03
  0.5616E-01  0.3541E+03  0.2771E+01  0.3563E+03  0.3563E+03
  0.5709E-01  0.3466E+03  0.2737E+01  0.3446E+03  0.3446E+03
  0.5802E-01  0.3353E+03  0.2665E+01  0.3334E+03  0.3334E+03
  0.5895E-01  0.3233E+03  0.2597E+01  0.3228E+03  0.3228E+03
  0.5988E-01  0.3160E+03  0.2559E+01  0.3126E+03  0.3126E+03
  0.6081E-01  0.3086E+03  0.2540E+01  0.3029E+03  0.3029E+03
  0.6174E-01  0.3008E+03  0.2513E+01  0.2935E+03  0.2935E+03
  0.6267E-01  0.2903E+03  0.2483E+01  0.2845E+03  0.2845E+03
  0.6360E-01  0.2788E+03  0.2450E+01  0.2759E+03  0.2759E+03
  0.6453E-01  0.2661E+03  0.2444E+01  0.2675E+03  0.2675E+03
  0.6546E-01  0.2603E+03  0.2458E+01  0.2595E+03  0.2595E+03
  0.6639E-01  0.2532E+03  0.2453E+01  0.2517E+03  0.2517E+03
  0.6732E-01  0.2458E+03  0.2429E+01  0.2441E+03  0.2441E+03
  0.6825E-01  0.2379E+03  0.2412E+01  0.2368E+03  0.2368E+03
  0.6918E-01  0.2292E+03  0.2386E+01  0.2297E+03  0.2297E+03
  0.7011E-01  0.2196E+03  0.2386E+01  0.2228E+03  0.2228E+03
  0.7104E-01  0.2160E+03  0.2329E+01  0.2161E+03  0.2161E+03
  0.7197E-01  0.2101E+03  0.2329E+01  0.2096E+03  0.2096E+03
  0.7290E-01  0.2018E+03  0.2319E+01  0.2032E+03  0.2032E+03
  0.7383E-01  0.1950E+03  0.2264E+01  0.1970E+03  0.1970E+03
  0.7476E-01  0.1907E+03  0.2215E+01  0.1910E+03  0.1910E+03
  0.7569E-01  0.1849E+03  0.2203E+01  0.1852E+03  0.1852E+03
  0.7662E-01  0.1808E+03  0.2207E+01  0.1794E+03  0.1794E+03
  0.7755E-01  0.1768E+03  0.2199E+01  0.1739E+03  0.1739E+03
  0.7848E-01  0.1705E+03  0.2201E+01  0.1685E+03  0.1685E+03
  0.7941E-01  0.1630E+03  0.2185E+01  0.1633E+03  0.1633E+03
  0.8034E-01  0.1571E+03  0.2145E+01  0.1582E+03  0.1582E+03
  0.8127E-01  0.1534E+03  0.2167E+01  0.1532E+03  0.1532E+03
  0.8220E-01  0.1499E+03  0.2159E+01  0.1484E+03  0.1484E+03
  0.8313E-01  0.1463E+03  0.2149E+01  0.1438E+03  0.1438E+03
  0.8406E-01  0.1419E+03  0.2141E+01  0.1393E+03  0.1393E+03
  0.8499E-01  0.1400E+03  0.2110E+01  0.1349E+03  0.1349E+03
  0.8592E-01  0.1338E+03  0.2104E+01  0.1307E+03  0.1307E+03
  0.8685E-01  0.1262E+03  0.2041E+01  0.1267E+03  0.1267E+03
  0.8778E-01  0.1217E+03  0.2051E+01  0.1227E+03  0.1227E+03
  0.8871E-01  0.1187E+03  0.2014E+01  0.1189E+03  0.1189E+03
  0.8964E-01  0.1147E+03  0.2020E+01  0.1153E+03  0.1153E+03
  0.9057E-01  0.1105E+03  0.1987E+01  0.1117E+03  0.1117E+03
  0.9150E-01  0.1068E+03  0.1973E+01  0.1083E+03  0.1083E+03
  0.9243E-01  0.1072E+03  0.1986E+01  0.1051E+03  0.1051E+03
  0.9336E-01  0.1068E+03  0.1981E+01  0.1019E+03  0.1019E+03
  0.9429E-01  0.1022E+03  0.1973E+01  0.9884E+02  0.9884E+02
  0.9522E-01  0.9844E+02  0.1981E+01  0.9589E+02  0.9589E+02
  0.9615E-01  0.9574E+02  0.1986E+01  0.9305E+02  0.9305E+02
  0.9708E-01  0.9360E+02  0.1981E+01  0.9030E+02  0.9030E+02
  0.9801E-01  0.8710E+02  0.1945E+01  0.8765E+02  0.8765E+02
  0.9894E-01  0.8281E+02  0.1919E+01  0.8508E+02  0.8508E+02
  0.9987E-01  0.8216E+02  0.1907E+01  0.8260E+02  0.8260E+02
  0.1008E+00  0.8046E+02  0.1902E+01  0.8019E+02  0.8019E+02
  0.1017E+00  0.7988E+02  0.1866E+01  0.7786E+02  0.7786E+02
  0.1027E+00  0.8089E+02  0.1825E+01  0.7559E+02  0.7559E+02
  0.1036E+00  0.7784E+02  0.1833E+01  0.7339E+02  0.7339E+02
  0.1045E+00  0.7126E+02  0.1825E+01  0.7125E+02  0.7125E+02
  0.1054E+00  0.6875E+02  0.1826E+01  0.6917E+02  0.6917E+02
  0.1064E+00  0.6522E+02  0.1813E+01  0.6714E+02  0.6714E+02
  0.1073E+00  0.6345E+02  0.1807E+01  0.6516E+02  0.6516E+02
  0.1082E+00  0.6083E+02  0.1813E+01  0.6323E+02  0.6323E+02
  0.1092E+00  0.5915E+02  0.1812E+01  0.6135E+02  0.6135E+02
  0.1101E+00  0.5710E+02  0.1805E+01  0.5951E+02  0.5951E+02
  0.1110E+00  0.5664E+02  0.1799E+01  0.5771E+02  0.5771E+02
  0.1120E+00  0.5507E+02  0.1818E+01  0.5596E+02  0.5596E+02
  0.1129E+00  0.5291E+02  0.1781E+01  0.5424E+02  0.5424E+02
  0.1138E+00  0.5135E+02  0.1773E+01  0.5257E+02  0.5257E+02
  0.1147E+00  0.4811E+02  0.1744E+01  0.5094E+02  0.5094E+02
  0.1157E+00  0.4759E+02  0.1709E+01  0.4934E+02  0.4934E+02
  0.1166E+00  0.4700E+02  0.1706E+01  0.4779E+02  0.4779E+02
  0.1175E+00  0.4781E+02  0.1694E+01  0.4628E+02  0.4628E+02
  0.1185E+00  0.4412E+02  0.1676E+01  0.4481E+02  0.4481E+02
  0.1194E+00  0.4074E+02  0.1676E+01  0.4338E+02  0.4338E+02
  0.1203E+00  0.4178E+02  0.1668E+01  0.4198E+02  0.4198E+02
  0.1213E+00  0.4255E+02  0.1664E+01  0.4064E+02  0.4064E+02
  0.1222E+00  0.3892E+02  0.1646E+01  0.3933E+02  0.3933E+02
  0.1231E+00  0.3517E+02  0.1657E+01  0.3806E+02  0.3806E+02
  0.1240E+00  0.3404E+02  0.1673E+01  0.3684E+02  0.3684E+02
  0.1250E+00  0.3442E+02  0.1681E+01  0.3566E+02  0.3566E+02
  0.1259E+00  0.3367E+02  0.1678E+01  0.3452E+02  0.3452E+02
  0.1268E+00  0.3346E+02  0.1680E+01  0.3342E+02  0.3342E+02
  0.1278E+00  0.3271E+02  0.1676E+01  0.3237E+02  0.3237E+02
  0.1287E+00  0.3122E+02  0.1680E+01  0.3135E+02  0.3135E+02
  0.1296E+00  0.2698E+02  0.1659E+01  0.3038E+02  0.3038E+02
  0.1306E+00  0.2711E+02  0.1647E+01  0.2944E+02  0.2944E+02
  0.1315E+00  0.2520E+02  0.1635E+01  0.2855E+02  0.2855E+02
  0.1324E+00  0.2595E+02  0.1628E+01  0.2769E+02  0.2769E+02
  0.1333E+00  0.2703E+02  0.1615E+01  0.2687E+02  0.2687E+02
  0.1343E+00  0.2568E+02  0.1665E+01  0.2608E+02  0.2608E+02
  0.1352E+00  0.2474E+02  0.1611E+01  0.2533E+02  0.2533E+02
  0.1361E+00  0.2483E+02  0.1585E+01  0.2461E+02  0.2461E+02
  0.1371E+00  0.2510E+02  0.1583E+01  0.2392E+02  0.2392E+02
  0.1380E+00  0.2259E+02  0.1571E+01  0.2326E+02  0.2326E+02
  0.1389E+00  0.2316E+02  0.1582E+01  0.2262E+02  0.2262E+02
  0.1399E+00  0.2190E+02  0.1670E+01  0.2201E+02  0.2201E+02
  0.1408E+00  0.1989E+02  0.1029E+01  0.2143E+02  0.2143E+02
  0.1417E+00  0.1972E+02  0.1034E+01  0.2087E+02  0.2087E+02
  0.1426E+00  0.1852E+02  0.1034E+01  0.2033E+02  0.2033E+02
  0.1436E+00  0.1969E+02  0.1032E+01  0.1980E+02  0.1980E+02
  0.1445E+00  0.2063E+02  0.1032E+01  0.1930E+02  0.1930E+02
  0.1454E+00  0.1958E+02  0.1029E+01  0.1881E+02  0.1881E+02
  0.1464E+00  0.1810E+02  0.1030E+01  0.1834E+02  0.1834E+02
  0.1473E+00  0.1638E+02  0.1024E+01  0.1788E+02  0.1788E+02
  0.1482E+00  0.1581E+02  0.1031E+01  0.1744E+02  0.1744E+02
  0.1492E+00  0.1666E+02  0.1018E+01  0.1700E+02  0.1700E+02
  0.1501E+00  0.1614E+02  0.1005E+01  0.1658E+02  0.1658E+02
  0.1510E+00  0.1555E+02  0.9994E+00  0.1617E+02  0.1617E+02
  0.1520E+00  0.1568E+02  0.9956E+00  0.1578E+02  0.1578E+02
  0.1529E+00  0.1259E+02  0.9964E+00  0.1539E+02  0.1539E+02
  0.1538E+00  0.1085E+02  0.9867E+00  0.1501E+02  0.1501E+02
  0.1547E+00  0.1184E+02  0.9851E+00  0.1464E+02  0.1464E+02
  0.1557E+00  0.1265E+02  0.9774E+00  0.1429E+02  0.1429E+02
  0.1566E+00  0.1288E+02  0.9798E+00  0.1394E+02  0.1394E+02
  0.1575E+00  0.1244E+02  0.9765E+00  0.1361E+02  0.1361E+02
  0.1585E+00  0.1216E+02  0.9758E+00  0.1328E+02  0.1328E+02
  0.1594E+00  0.1246E+02  0.9794E+00  0.1297E+02  0.1297E+02
  0.1603E+00  0.1262E+02  0.9761E+00  0.1266E+02  0.1266E+02
  0.1613E+00  0.1218E+02  0.9735E+00  0.1237E+02  0.1237E+02
  0.1622E+00  0.1009E+02  0.9784E+00  0.1209E+02  0.1209E+02
  0.1631E+00  0.1083E+02  0.9826E+00  0.1182E+02  0.1182E+02
  0.1640E+00  0.1134E+02  0.9878E+00  0.1156E+02  0.1156E+02
  0.1650E+00  0.1229E+02  0.9799E+00  0.1131E+02  0.1131E+02
  0.1659E+00  0.1220E+02  0.9704E+00  0.1108E+02  0.1108E+02
  0.1668E+00  0.1005E+02  0.9677E+00  0.1086E+02  0.1086E+02
  0.1678E+00  0.9742E+01  0.9649E+00  0.1065E+02  0.1065E+02
  0.1687E+00  0.8964E+01  0.9594E+00  0.1045E+02  0.1045E+02
  0.1696E+00  0.8811E+01  0.9422E+00  0.1026E+02  0.1026E+02
  0.1706E+00  0.7794E+01  0.9355E+00  0.1009E+02  0.1009E+02
  0.1715E+00  0.9661E+01  0.9361E+00  0.9923E+01  0.9923E+01
  0.1724E+00  0.1178E+02  0.9377E+00  0.9769E+01  0.9769E+01
  0.1733E+00  0.1029E+02  0.9346E+00  0.9624E+01  0.9624E+01
  0.1743E+00  0.1008E+02  0.9388E+00  0.9489E+01  0.9489E+01
  0.1752E+00  0.9873E+01  0.9371E+00  0.9363E+01  0.9363E+01
  0.1761E+00  0.8879E+01  0.9307E+00  0.9246E+01  0.9246E+01
  0.1771E+00  0.9388E+01  0.9259E+00  0.9135E+01  0.9135E+01
  0.1780E+00  0.8252E+01  0.9231E+00  0.9031E+01  0.9031E+01
  0.1789E+00  0.7024E+01  0.9282E+00  0.8934E+01  0.8934E+01
  0.1799E+00  0.7929E+01  0.9317E+00  0.8841E+01  0.8841E+01
  0.1808E+00  0.8645E+01  0.9295E+00  0.8754E+01  0.8754E+01
  0.1817E+00  0.7754E+01  0.9285E+00  0.8670E+01  0.8670E+01
  0.1826E+00  0.7663E+01  0.9254E+00  0.8589E+01  0.8589E+01
  0.1836E+00  0.8005E+01  0.9238E+00  0.8511E+01  0.8511E+01
  0.1845E+00  0.8221E+01  0.9203E+00  0.8434E+01  0.8434E+01
  0.1854E+00  0.7849E+01  0.9120E+00  0.8359E+01  0.8359E+01
  0.1864E+00  0.8155E+01  0.9180E+00  0.8285E+01  0.8285E+01
  0.1873E+00  0.8749E+01  0.9160E+00  0.8212E+01  0.8212E+01
  0.1882E+00  0.8530E+01  0.9235E+00  0.8138E+01  0.8138E+01
  0.1892E+00  0.7011E+01  0.9133E+00  0.8065E+01  0.8065E+01
  0.1901E+00  0.7025E+01  0.9077E+00  0.7990E+01  0.7990E+01
  0.1910E+00  0.7226E+01  0.9020E+00  0.7916E+01  0.7916E+01
  0.1919E+00  0.6807E+01  0.8956E+00  0.7840E+01  0.7840E+01
  0.1929E+00  0.6869E+01  0.8928E+00  0.7764E+01  0.7764E+01
  0.1938E+00  0.7564E+01  0.8908E+00  0.7688E+01  0.7688E+01
  0.1947E+00  0.8697E+01  0.8853E+00  0.7612E+01  0.7612E+01
  0.1957E+00  0.8546E+01  0.8835E+00  0.7535E+01  0.7535E+01
  0.1966E+00  0.6863E+01  0.8773E+00  0.7456E+01  0.7456E+01
  0.1975E+00  0.6635E+01  0.8753E+00  0.7379E+01  0.7379E+01
  0.1985E+00  0.7525E+01  0.8737E+00  0.7303E+01  0.7303E+01
  0.1994E+00  0.6458E+01  0.8701E+00  0.7227E+01  0.7227E+01
  0.2003E+00  0.5984E+01  0.8656E+00  0.7153E+01  0.7153E+01
  0.2012E+00  0.5849E+01  0.8575E+00  0.7080E+01  0.7080E+01
  0.2022E+00  0.6794E+01  0.8641E+00  0.7009E+01  0.7009E+01
  0.2031E+00  0.7067E+01  0.8646E+00  0.6940E+01  0.6940E+01
  0.2040E+00  0.7199E+01  0.8612E+00  0.6873E+01  0.6873E+01
  0.2050E+00  0.6830E+01  0.8543E+00  0.6810E+01  0.6810E+01
  0.2059E+00  0.6244E+01  0.8590E+00  0.6749E+01  0.6749E+01
  0.2068E+00  0.5755E+01  0.8669E+00  0.6692E+01  0.6692E+01
  0.2078E+00  0.5423E+01  0.8680E+00  0.6638E+01  0.6638E+01
  0.2087E+00  0.6815E+01  0.8659E+00  0.6587E+01  0.6587E+01
  0.2096E+00  0.7402E+01  0.8661E+00  0.6540E+01  0.6540E+01
  0.2105E+00  0.6994E+01  0.8686E+00  0.6497E+01  0.6497E+01
  0.2115E+00  0.5823E+01  0.8645E+00  0.6457E+01  0.6457E+01
  0.2124E+00  0.5776E+01  0.8654E+00  0.6421E+01  0.6421E+01
  0.2133E+00  0.4587E+01  0.8848E+00  0.6388E+01  0.6388E+01
  0.2143E+00  0.6586E+01  0.8914E+00  0.6358E+01  0.6358E+01
  0.2152E+00  0.7919E+01  0.9033E+00  0.6331E+01  0.6331E+01
  0.2161E+00  0.7463E+01  0.9123E+00  0.6306E+01  0.6306E+01
  0.2171E+00  0.4817E+01  0.9103E+00  0.6283E+01  0.6283E+01
  0.2180E+00  0.5366E+01  0.9130E+00  0.6263E+01  0.6263E+01
  0.2189E+00  0.7491E+01  0.9164E+00  0.6244E+01  0.6244E+01
  0.2198E+00  0.6148E+01  0.9202E+00  0.6226E+01  0.6226E+01
  0.2208E+00  0.5669E+01  0.9145E+00  0.6208E+01  0.6208E+01
  0.2217E+00  0.6170E+01  0.9158E+00  0.6191E+01  0.6191E+01
  0.2226E+00  0.5569E+01  0.9221E+00  0.6174E+01  0.6174E+01
  0.2236E+00  0.6157E+01  0.9285E+00  0.6156E+01  0.6156E+01
  0.2245E+00  0.6992E+01  0.9259E+00  0.6137E+01  0.6137E+01
  0.2254E+00  0.6600E+01  0.9313E+00  0.6117E+01  0.6117E+01
  0.2264E+00  0.6488E+01  0.9321E+00  0.6095E+01  0.6095E+01
  0.2273E+00  0.7247E+01  0.9388E+00  0.6072E+01  0.6072E+01
  0.2282E+00  0.8341E+01  0.9400E+00  0.6047E+01  0.6047E+01
  0.2291E+00  0.7600E+01  0.9471E+00  0.6018E+01  0.6018E+01
  0.2301E+00  0.7756E+01  0.9453E+00  0.5988E+01  0.5988E+01
  0.2310E+00  0.6387E+01  0.9425E+00  0.5955E+01  0.5955E+01
  0.2319E+00  0.5392E+01  0.9347E+00  0.5919E+01  0.5919E+01
  0.2329E+00  0.4733E+01  0.9326E+00  0.5881E+01  0.5881E+01
  0.2338E+00  0.7265E+01  0.9344E+00  0.5839E+01  0.5839E+01
  0.2347E+00  0.8208E+01  0.9357E+00  0.5796E+01  0.5796E+01
  0.2357E+00  0.6956E+01  0.9382E+00  0.5750E+01  0.5750E+01
  0.2366E+00  0.7053E+01  0.9398E+00  0.5701E+01  0.5701E+01
  0.2375E+00  0.6076E+01  0.9489E+00  0.5651E+01  0.5651E+01
  0.2384E+00  0.5449E+01  0.9586E+00  0.5598E+01  0.5598E+01
  0.2394E+00  0.5397E+01  0.9668E+00  0.5544E+01  0.5544E+01
  0.2403E+00  0.5135E+01  0.9698E+00  0.5489E+01  0.5489E+01
  0.2412E+00  0.4766E+01  0.9739E+00  0.5433E+01  0.5433E+01
  0.2422E+00  0.4673E+01  0.9869E+00  0.5376E+01  0.5376E+01
  0.2431E+00  0.6217E+01  0.9863E+00  0.5319E+01  0.5319E+01
  0.2440E+00  0.5858E+01  0.9896E+00  0.5262E+01  0.5262E+01
  0.2450E+00  0.4254E+01  0.1000E+01  0.5205E+01  0.5205E+01
  0.2459E+00  0.4834E+01  0.1009E+01  0.5149E+01  0.5149E+01
  0.2468E+00  0.4965E+01  0.1017E+01  0.5093E+01  0.5093E+01
  0.2477E+00  0.5971E+01  0.1013E+01  0.5039E+01  0.5039E+01
  0.2487E+00  0.6271E+01  0.1016E+01  0.4985E+01  0.4985E+01
  0.2496E+00  0.6131E+01  0.1026E+01  0.4934E+01  0.4934E+01
  0.2505E+00  0.7337E+01  0.1035E+01  0.4885E+01  0.4885E+01
  0.2515E+00  0.5845E+01  0.1041E+01  0.4837E+01  0.4837E+01
  0.2524E+00  0.4346E+01  0.1033E+01  0.4791E+01  0.4791E+01
  0.2533E+00  0.4737E+01  0.1047E+01  0.4748E+01  0.4748E+01
  0.2543E+00  0.5298E+01  0.1048E+01  0.4706E+01  0.4706E+01
  0.2552E+00  0.3697E+01  0.1051E+01  0.4667E+01  0.4667E+01
  0.2561E+00  0.2408E+01  0.1065E+01  0.4630E+01  0.4630E+01
  0.2570E+00  0.3054E+01  0.1075E+01  0.4595E+01  0.4595E+01
  0.2580E+00  0.4249E+01  0.1086E+01  0.4562E+01  0.4562E+01
  0.2589E+00  0.5148E+01  0.1081E+01  0.4530E+01  0.4530E+01
  0.2598E+00  0.3527E+01  0.1088E+01  0.4501E+01  0.4501E+01
  0.2608E+00  0.2041E+01  0.1093E+01  0.4473E+01  0.4473E+01
  0.2617E+00  0.2032E+01  0.1097E+01  0.4446E+01  0.4446E+01
  0.2626E+00  0.2689E+01  0.1110E+01  0.4420E+01  0.4420E+01
  0.2636E+00  0.4306E+01  0.1101E+01  0.4396E+01  0.4396E+01
  0.2645E+00  0.5112E+01  0.1098E+01  0.4372E+01  0.4372E+01
  0.2654E+00  0.3477E+01  0.1097E+01  0.4348E+01  0.4348E+01
  0.2663E+00  0.3371E+01  0.1099E+01  0.4325E+01  0.4325E+01
  0.2673E+00  0.3872E+01  0.1092E+01  0.4302E+01  0.4302E+01
  0.2682E+00  0.4661E+01  0.1090E+01  0.4279E+01  0.4279E+01
  0.2691E+00  0.5472E+01  0.1104E+01  0.4256E+01  0.4256E+01
  0.2701E+00  0.5178E+01  0.1093E+01  0.4232E+01  0.4232E+01
  0.2710E+00  0.6169E+01  0.1094E+01  0.4208E+01  0.4208E+01

           Distance distribution  function of particle  


       R          P(R)      ERROR

  0.0000E+00  0.0000E+00  0.0000E+00
  0.1545E+01  0.4636E-01  0.7030E-03
  0.3090E+01  0.1088E+00  0.1031E-02
  0.4635E+01  0.1866E+00  0.1051E-02
  0.6180E+01  0.2788E+00  0.8876E-03
  0.7725E+01  0.3837E+00  0.7752E-03
  0.9270E+01  0.4997E+00  0.9597E-03
  0.1081E+02  0.6244E+00  0.1338E-02
  0.1236E+02  0.7557E+00  0.1714E-02
  0.1390E+02  0.8909E+00  0.1991E-02
  0.1545E+02  0.1028E+01  0.2144E-02
  0.1699E+02  0.1163E+01  0.2190E-02
  0.1854E+02  0.1295E+01  0.2184E-02
  0.2009E+02  0.1420E+01  0.2190E-02
  0.2163E+02  0.1538E+01  0.2255E-02
  0.2317E+02  0.1646E+01  0.2380E-02
  0.2472E+02  0.1742E+01  0.2528E-02
  0.2627E+02  0.1826E+01  0.2657E-02
  0.2781E+02  0.1897E+01  0.2745E-02
  0.2935E+02  0.1954E+01  0.2798E-02
  0.3090E+02  0.1998E+01  0.2837E-02
  0.3245E+02  0.2030E+01  0.2892E-02
  0.3399E+02  0.2051E+01  0.2975E-02
  0.3553E+02  0.2060E+01  0.3081E-02
  0.3708E+02  0.2061E+01  0.3196E-02
  0.3863E+02  0.2055E+01  0.3307E-02
  0.4017E+02  0.2042E+01  0.3420E-02
  0.4171E+02  0.2026E+01  0.3557E-02
  0.4326E+02  0.2006E+01  0.3749E-02
  0.4480E+02  0.1985E+01  0.4012E-02
  0.4635E+02  0.1963E+01  0.4343E-02
  0.4789E+02  0.1940E+01  0.4714E-02
  0.4944E+02  0.1919E+01  0.5094E-02
  0.5098E+02  0.1898E+01  0.5453E-02
  0.5253E+02  0.1877E+01  0.5777E-02
  0.5407E+02  0.1858E+01  0.6064E-02
  0.5562E+02  0.1838E+01  0.6325E-02
  0.5716E+02  0.1818E+01  0.6572E-02
  0.5871E+02  0.1797E+01  0.6814E-02
  0.6025E+02  0.1775E+01  0.7051E-02
  0.6180E+02  0.1753E+01  0.7272E-02
  0.6334E+02  0.1728E+01  0.7463E-02
  0.6489E+02  0.1702E+01  0.7608E-02
  0.6644E+02  0.1675E+01  0.7699E-02
  0.6798E+02  0.1646E+01  0.7732E-02
  0.6952E+02  0.1616E+01  0.7712E-02
  0.7107E+02  0.1586E+01  0.7651E-02
  0.7261E+02  0.1554E+01  0.7566E-02
  0.7416E+02  0.1523E+01  0.7476E-02
  0.7570E+02  0.1491E+01  0.7406E-02
  0.7725E+02  0.1458E+01  0.7375E-02
  0.7880E+02  0.1426E+01  0.7399E-02
  0.8034E+02  0.1393E+01  0.7483E-02
  0.8188E+02  0.1360E+01  0.7621E-02
  0.8343E+02  0.1326E+01  0.7796E-02
  0.8497E+02  0.1292E+01  0.7985E-02
  0.8652E+02  0.1257E+01  0.8167E-02
  0.8806E+02  0.1221E+01  0.8327E-02
  0.8961E+02  0.1184E+01  0.8457E-02
  0.9116E+02  0.1147E+01  0.8564E-02
  0.9270E+02  0.1110E+01  0.8658E-02
  0.9424E+02  0.1072E+01  0.8755E-02
  0.9579E+02  0.1034E+01  0.8867E-02
  0.9733E+02  0.9970E+00  0.9000E-02
  0.9888E+02  0.9604E+00  0.9151E-02
  0.1004E+03  0.9246E+00  0.9310E-02
  0.1020E+03  0.8897E+00  0.9462E-02
  0.1035E+03  0.8557E+00  0.9591E-02
  0.1051E+03  0.8225E+00  0.9686E-02
  0.1066E+03  0.7900E+00  0.9741E-02
  0.1081E+03  0.7581E+00  0.9756E-02
  0.1097E+03  0.7264E+00  0.9741E-02
  0.1112E+03  0.6949E+00  0.9708E-02
  0.1128E+03  0.6633E+00  0.9673E-02
  0.1143E+03  0.6317E+00  0.9647E-02
  0.1159E+03  0.5999E+00  0.9634E-02
  0.1174E+03  0.5681E+00  0.9630E-02
  0.1190E+03  0.5363E+00  0.9620E-02
  0.1205E+03  0.5049E+00  0.9589E-02
  0.1221E+03  0.4739E+00  0.9520E-02
  0.1236E+03  0.4438E+00  0.9402E-02
  0.1251E+03  0.4146E+00  0.9236E-02
  0.1267E+03  0.3867E+00  0.9028E-02
  0.1282E+03  0.3600E+00  0.8795E-02
  0.1298E+03  0.3346E+00  0.8553E-02
  0.1313E+03  0.3106E+00  0.8315E-02
  0.1329E+03  0.2877E+00  0.8089E-02
  0.1344E+03  0.2659E+00  0.7870E-02
  0.1360E+03  0.2449E+00  0.7649E-02
  0.1375E+03  0.2244E+00  0.7407E-02
  0.1390E+03  0.2043E+00  0.7127E-02
  0.1406E+03  0.1843E+00  0.6795E-02
  0.1421E+03  0.1644E+00  0.6395E-02
  0.1437E+03  0.1443E+00  0.5921E-02
  0.1452E+03  0.1240E+00  0.5362E-02
  0.1468E+03  0.1036E+00  0.4714E-02
  0.1483E+03  0.8297E-01  0.3970E-02
  0.1499E+03  0.6223E-01  0.3127E-02
  0.1514E+03  0.4144E-01  0.2183E-02
  0.1530E+03  0.2067E-01  0.1139E-02
  0.1545E+03  0.0000E+00  0.0000E+00
          Reciprocal space: Rg =   48.62     , I(0) =   0.2090E+04
     Real space: Rg =   48.82 +- 0.125  I(0) =   0.2090E+04 +-  0.9048E+01
