
           ####    G N O M   ---   Version 4.5a revised 09/02/02     ####

                                                  Fri Oct 20 04:26:29 2017
           ===    Run No   1   ===
 Run title:   Merge of: p2_G2_2.mccd p2_G2_1.mccd p2_G3_1.mccd p2_G3_2.mccd p2


   *******   Working Directory :
   *******    Input file(s) : 24164_merged.dat
           Condition P(rmin) = 0 is used. 
           Condition P(rmax) = 0 is used. 

          Experimental conditions for the first run
          -----------------------------------------

          Highest ALPHA is found to be   0.1843E+04

  The measure of inconsistency AN1 equals to    0.8071E+00
     Alpha    Discrp  Oscill  Stabil  Sysdev  Positv  Valcen    Total   
  0.1843E+07 44.4999  1.9372  0.9802  0.0000  1.0000  0.6968  0.00001
  0.3686E+06 43.0449  1.9232  0.9434  0.0000  1.0000  0.6985  0.00001
  0.7372E+05 37.5687  1.8604  0.8074  0.0000  1.0000  0.7064  0.00001
  0.1474E+05 26.8086  1.6626  0.5738  0.0236  1.0000  0.7342  0.00001
  0.2949E+04 16.3359  1.4376  0.4265  0.0472  1.0000  0.7850  0.00001
  0.5898E+03  6.9397  1.3790  0.2234  0.1496  1.0000  0.8279  0.00001
  0.1180E+03  2.0296  1.3916  0.0664  0.3622  1.0000  0.8460  0.41027
  0.2359E+02  0.6939  1.4144  0.0177  0.5984  1.0000  0.8504  0.49583
  0.4718E+01  0.5215  1.4252  0.0052  0.6220  1.0000  0.8512  0.45607
  0.9436E+00  0.4972  1.4402  0.0097  0.5669  1.0000  0.8518  0.10000
  0.1887E+00  0.4807  1.4961  0.0116  0.5591  1.0000  0.8521  0.10000
  0.3774E-01  0.4707  1.6661  0.0348  0.5827  1.0000  0.8503  0.10000
  0.7549E-02  0.4592  2.3837  0.0509  0.5906  0.9995  0.8442  0.10000
  0.1510E-02  0.4540  3.3555  0.0574  0.5984  0.9982  0.8383  0.10000
  0.3020E-03  0.4507  5.6447  0.1840  0.5984  0.9925  0.8289  0.10000
  0.6039E-04  0.4460 11.6579  0.4081  0.5984  0.9558  0.7468  0.10000
  0.1208E-04  0.4372 17.2154  0.9055  0.6063  0.8533  0.3863  0.10000
  0.2416E-05  0.4115 16.8023  0.7137  0.6299  0.7550  0.2960  0.10000
  0.4831E-06  0.3813 16.8514  0.3119  0.6614  0.7264  0.2899  0.10000
  0.9663E-07  0.3721 18.6852  0.3442  0.6299  0.7182  0.2942  0.10000
  0.1933E-07  0.3657 21.5078  0.7581  0.6457  0.7271  0.3011  0.10000
  0.3865E-08  0.3546 21.8107  0.5973  0.6457  0.7252  0.2996  0.10000
  0.7730E-09  0.3350 25.5816  0.7461  0.6535  0.7123  0.2905  0.10000
  0.1546E-09  0.2895 28.2723  0.6160  0.6535  0.6913  0.4420  0.10000
  0.3092E-10  0.2163 32.9289  0.4632  0.6457  0.6847  0.4786  0.10000
  0.6184E-11  0.1323 39.1504  0.3487  0.5827  0.6791  0.4165  0.10000
  0.1237E-11  0.0590 45.2323  0.2285  0.6024  0.6763  0.3610  0.10000
  0.2474E-12  0.0177 48.4074  0.0965  0.5945  0.6824  0.3318  0.10000
  0.4947E-13  0.0040 49.3274  0.0251  0.5945  0.6882  0.3219  0.10000
  0.9895E-14  0.0008 49.5304  0.0053  0.6024  0.6898  0.3196  0.10000
  0.1979E-14  0.0002 49.5718  0.0011  0.6024  0.6902  0.3191  0.10000

          ***  Golden section search to maximize estimate ***
     Alpha    Discrp  Oscill  Stabil  Sysdev  Positv  Valcen    Total   
  0.6379E+02  1.2573  1.4014  0.0401  0.4961  1.0000  0.8485  0.48089
  0.3449E+02  0.8365  1.4101  0.0243  0.5354  1.0000  0.8499  0.50180
  0.5044E+02  1.0629  1.4049  0.0332  0.5197  1.0000  0.8492  0.49932
  0.3988E+02  0.9115  1.4082  0.0274  0.5276  1.0000  0.8497  0.50335
  0.3773E+02  0.8813  1.4089  0.0262  0.5354  1.0000  0.8498  0.50309
  0.4127E+02  0.9312  1.4077  0.0282  0.5354  1.0000  0.8496  0.50357
  0.4215E+02  0.9438  1.4074  0.0287  0.5197  1.0000  0.8495  0.50323
  0.4073E+02  0.9236  1.4079  0.0279  0.5354  1.0000  0.8496  0.50357
  0.4161E+02  0.9360  1.4076  0.0284  0.5276  1.0000  0.8496  0.50340
  0.4107E+02  0.9283  1.4078  0.0281  0.5354  1.0000  0.8496  0.50357
  0.4094E+02  0.9265  1.4078  0.0280  0.5354  1.0000  0.8496  0.50357
  0.4107E+02  0.9283  1.4078  0.0281  0.5354  1.0000  0.8496  0.50357



             ####            Final results            ####

 Parameter    DISCRP    OSCILL    STABIL    SYSDEV    POSITV    VALCEN
 Weight        1.000     3.000     3.000     4.000     1.000     1.000
 Sigma         0.500     0.600     0.120     0.200     0.120     0.120
 Ideal         1.000     1.100     0.000     1.000     1.000     0.950
 Current       0.928     1.408     0.028     0.535     1.000     0.850
                - - - - - - - - - - - - - - - - - - - - - - - - - 
 Estimate      0.980     0.769     0.947     0.005     1.000     0.497

  Angular   range    :     from    0.0106   to    0.3195
  Real space range   :     from      0.00   to    105.30

  Highest ALPHA (theor) :   0.184E+07                 JOB = 0
  Current ALPHA         :   0.411E+02   Rg :  0.317E+02   I(0) :   0.185E+02

           Total  estimate : 0.504  which is  A REASONABLE  solution

      S          J EXP       ERROR       J REG       I REG

  0.0000E+00                                      0.1846E+02
  0.6259E-03                                      0.1846E+02
  0.1252E-02                                      0.1845E+02
  0.1878E-02                                      0.1844E+02
  0.2504E-02                                      0.1842E+02
  0.3130E-02                                      0.1840E+02
  0.3756E-02                                      0.1837E+02
  0.4382E-02                                      0.1834E+02
  0.5008E-02                                      0.1830E+02
  0.5633E-02                                      0.1826E+02
  0.6259E-02                                      0.1822E+02
  0.6885E-02                                      0.1817E+02
  0.7511E-02                                      0.1811E+02
  0.8137E-02                                      0.1805E+02
  0.8763E-02                                      0.1799E+02
  0.9389E-02                                      0.1792E+02
  0.1002E-01                                      0.1785E+02
  0.1064E-01  0.1957E+02  0.5274E+00  0.1777E+02  0.1777E+02
  0.1125E-01  0.2070E+02  0.1389E+01  0.1769E+02  0.1769E+02
  0.1186E-01  0.2104E+02  0.2194E+01  0.1761E+02  0.1761E+02
  0.1247E-01  0.2130E+02  0.1788E+01  0.1752E+02  0.1752E+02
  0.1307E-01  0.1903E+02  0.2622E+01  0.1743E+02  0.1743E+02
  0.1368E-01  0.1771E+02  0.1779E+01  0.1734E+02  0.1734E+02
  0.1429E-01  0.1748E+02  0.1618E+01  0.1724E+02  0.1724E+02
  0.1490E-01  0.1791E+02  0.1271E+01  0.1714E+02  0.1714E+02
  0.1551E-01  0.1735E+02  0.7223E+00  0.1704E+02  0.1704E+02
  0.1611E-01  0.1732E+02  0.5869E+00  0.1693E+02  0.1693E+02
  0.1672E-01  0.1749E+02  0.5474E+00  0.1682E+02  0.1682E+02
  0.1733E-01  0.1760E+02  0.5539E+00  0.1670E+02  0.1670E+02
  0.1794E-01  0.1792E+02  0.5516E+00  0.1658E+02  0.1658E+02
  0.1855E-01  0.1788E+02  0.5587E+00  0.1646E+02  0.1646E+02
  0.1915E-01  0.1792E+02  0.4706E+00  0.1634E+02  0.1634E+02
  0.1976E-01  0.1720E+02  0.4247E+00  0.1621E+02  0.1621E+02
  0.2037E-01  0.1731E+02  0.4134E+00  0.1609E+02  0.1609E+02
  0.2098E-01  0.1642E+02  0.4680E+00  0.1595E+02  0.1595E+02
  0.2159E-01  0.1637E+02  0.3922E+00  0.1582E+02  0.1582E+02
  0.2219E-01  0.1627E+02  0.4575E+00  0.1568E+02  0.1568E+02
  0.2280E-01  0.1628E+02  0.3924E+00  0.1555E+02  0.1555E+02
  0.2341E-01  0.1645E+02  0.3358E+00  0.1540E+02  0.1540E+02
  0.2402E-01  0.1590E+02  0.3497E+00  0.1526E+02  0.1526E+02
  0.2463E-01  0.1525E+02  0.3221E+00  0.1512E+02  0.1512E+02
  0.2524E-01  0.1518E+02  0.2978E+00  0.1497E+02  0.1497E+02
  0.2584E-01  0.1475E+02  0.3509E+00  0.1482E+02  0.1482E+02
  0.2645E-01  0.1498E+02  0.4083E+00  0.1467E+02  0.1467E+02
  0.2706E-01  0.1474E+02  0.7369E+00  0.1452E+02  0.1452E+02
  0.2767E-01  0.1433E+02  0.7916E+00  0.1437E+02  0.1437E+02
  0.2828E-01  0.1424E+02  0.3908E+00  0.1421E+02  0.1421E+02
  0.2888E-01  0.1444E+02  0.3418E+00  0.1406E+02  0.1406E+02
  0.2949E-01  0.1364E+02  0.3044E+00  0.1390E+02  0.1390E+02
  0.3010E-01  0.1397E+02  0.3145E+00  0.1374E+02  0.1374E+02
  0.3071E-01  0.1372E+02  0.3126E+00  0.1358E+02  0.1358E+02
  0.3132E-01  0.1319E+02  0.3036E+00  0.1343E+02  0.1343E+02
  0.3192E-01  0.1325E+02  0.2665E+00  0.1327E+02  0.1327E+02
  0.3253E-01  0.1322E+02  0.2518E+00  0.1311E+02  0.1311E+02
  0.3314E-01  0.1310E+02  0.2566E+00  0.1294E+02  0.1294E+02
  0.3375E-01  0.1302E+02  0.2506E+00  0.1278E+02  0.1278E+02
  0.3436E-01  0.1254E+02  0.2388E+00  0.1262E+02  0.1262E+02
  0.3497E-01  0.1227E+02  0.2697E+00  0.1246E+02  0.1246E+02
  0.3557E-01  0.1243E+02  0.2539E+00  0.1230E+02  0.1230E+02
  0.3618E-01  0.1252E+02  0.2268E+00  0.1214E+02  0.1214E+02
  0.3679E-01  0.1213E+02  0.2348E+00  0.1197E+02  0.1197E+02
  0.3740E-01  0.1227E+02  0.2250E+00  0.1181E+02  0.1181E+02
  0.3801E-01  0.1194E+02  0.2152E+00  0.1165E+02  0.1165E+02
  0.3861E-01  0.1166E+02  0.2160E+00  0.1149E+02  0.1149E+02
  0.3922E-01  0.1138E+02  0.2184E+00  0.1133E+02  0.1133E+02
  0.3983E-01  0.1124E+02  0.2227E+00  0.1117E+02  0.1117E+02
  0.4044E-01  0.1121E+02  0.2203E+00  0.1101E+02  0.1101E+02
  0.4105E-01  0.1047E+02  0.2239E+00  0.1085E+02  0.1085E+02
  0.4165E-01  0.1020E+02  0.2222E+00  0.1069E+02  0.1069E+02
  0.4226E-01  0.1004E+02  0.2430E+00  0.1054E+02  0.1054E+02
  0.4287E-01  0.1015E+02  0.2383E+00  0.1038E+02  0.1038E+02
  0.4348E-01  0.1025E+02  0.2056E+00  0.1023E+02  0.1023E+02
  0.4409E-01  0.1036E+02  0.2005E+00  0.1007E+02  0.1007E+02
  0.4469E-01  0.1018E+02  0.2132E+00  0.9920E+01  0.9920E+01
  0.4530E-01  0.9873E+01  0.1959E+00  0.9768E+01  0.9768E+01
  0.4591E-01  0.1002E+02  0.2052E+00  0.9617E+01  0.9617E+01
  0.4652E-01  0.9942E+01  0.1874E+00  0.9468E+01  0.9468E+01
  0.4713E-01  0.9578E+01  0.2148E+00  0.9320E+01  0.9320E+01
  0.4773E-01  0.9520E+01  0.1924E+00  0.9173E+01  0.9173E+01
  0.4834E-01  0.9385E+01  0.1798E+00  0.9028E+01  0.9028E+01
  0.4895E-01  0.9146E+01  0.1407E+00  0.8884E+01  0.8884E+01
  0.4956E-01  0.8988E+01  0.1482E+00  0.8742E+01  0.8742E+01
  0.5017E-01  0.8896E+01  0.1371E+00  0.8601E+01  0.8601E+01
  0.5078E-01  0.8471E+01  0.1373E+00  0.8462E+01  0.8462E+01
  0.5138E-01  0.8362E+01  0.1265E+00  0.8324E+01  0.8324E+01
  0.5199E-01  0.8444E+01  0.1395E+00  0.8188E+01  0.8188E+01
  0.5260E-01  0.8231E+01  0.1135E+00  0.8054E+01  0.8054E+01
  0.5321E-01  0.8095E+01  0.1064E+00  0.7921E+01  0.7921E+01
  0.5382E-01  0.8056E+01  0.1036E+00  0.7790E+01  0.7790E+01
  0.5442E-01  0.7963E+01  0.1038E+00  0.7661E+01  0.7661E+01
  0.5503E-01  0.7706E+01  0.1045E+00  0.7533E+01  0.7533E+01
  0.5564E-01  0.7733E+01  0.1019E+00  0.7407E+01  0.7407E+01
  0.5625E-01  0.7576E+01  0.1024E+00  0.7283E+01  0.7283E+01
  0.5686E-01  0.7527E+01  0.1070E+00  0.7161E+01  0.7161E+01
  0.5746E-01  0.7305E+01  0.1018E+00  0.7041E+01  0.7041E+01
  0.5807E-01  0.6937E+01  0.9598E-01  0.6922E+01  0.6922E+01
  0.5868E-01  0.6716E+01  0.1023E+00  0.6805E+01  0.6805E+01
  0.5929E-01  0.6663E+01  0.1127E+00  0.6690E+01  0.6690E+01
  0.5990E-01  0.6671E+01  0.1071E+00  0.6576E+01  0.6576E+01
  0.6050E-01  0.6552E+01  0.9541E-01  0.6465E+01  0.6465E+01
  0.6111E-01  0.6525E+01  0.1002E+00  0.6355E+01  0.6355E+01
  0.6172E-01  0.6476E+01  0.9330E-01  0.6247E+01  0.6247E+01
  0.6233E-01  0.6407E+01  0.9906E-01  0.6140E+01  0.6140E+01
  0.6294E-01  0.6269E+01  0.9430E-01  0.6036E+01  0.6036E+01
  0.6354E-01  0.6004E+01  0.1023E+00  0.5933E+01  0.5933E+01
  0.6415E-01  0.5941E+01  0.1007E+00  0.5832E+01  0.5832E+01
  0.6476E-01  0.5763E+01  0.9821E-01  0.5733E+01  0.5733E+01
  0.6537E-01  0.5812E+01  0.9543E-01  0.5635E+01  0.5635E+01
  0.6598E-01  0.5599E+01  0.1022E+00  0.5539E+01  0.5539E+01
  0.6659E-01  0.5675E+01  0.9475E-01  0.5445E+01  0.5445E+01
  0.6719E-01  0.5423E+01  0.8000E-01  0.5352E+01  0.5352E+01
  0.6780E-01  0.5455E+01  0.7771E-01  0.5261E+01  0.5261E+01
  0.6841E-01  0.5404E+01  0.7381E-01  0.5172E+01  0.5172E+01
  0.6902E-01  0.5352E+01  0.7762E-01  0.5084E+01  0.5084E+01
  0.6963E-01  0.5195E+01  0.7510E-01  0.4998E+01  0.4998E+01
  0.7023E-01  0.5087E+01  0.7552E-01  0.4913E+01  0.4913E+01
  0.7084E-01  0.5003E+01  0.6902E-01  0.4830E+01  0.4830E+01
  0.7145E-01  0.5025E+01  0.7141E-01  0.4749E+01  0.4749E+01
  0.7206E-01  0.4824E+01  0.7325E-01  0.4668E+01  0.4668E+01
  0.7267E-01  0.4723E+01  0.7373E-01  0.4590E+01  0.4590E+01
  0.7327E-01  0.4751E+01  0.7082E-01  0.4512E+01  0.4512E+01
  0.7388E-01  0.4665E+01  0.7088E-01  0.4437E+01  0.4437E+01
  0.7449E-01  0.4565E+01  0.6884E-01  0.4362E+01  0.4362E+01
  0.7510E-01  0.4466E+01  0.7182E-01  0.4289E+01  0.4289E+01
  0.7571E-01  0.4414E+01  0.6784E-01  0.4217E+01  0.4217E+01
  0.7631E-01  0.4307E+01  0.6707E-01  0.4146E+01  0.4146E+01
  0.7692E-01  0.4211E+01  0.5214E-01  0.4077E+01  0.4077E+01
  0.7753E-01  0.4157E+01  0.5199E-01  0.4009E+01  0.4009E+01
  0.7814E-01  0.4038E+01  0.5175E-01  0.3942E+01  0.3942E+01
  0.7875E-01  0.4044E+01  0.5125E-01  0.3876E+01  0.3876E+01
  0.7935E-01  0.3935E+01  0.4914E-01  0.3812E+01  0.3812E+01
  0.7996E-01  0.3891E+01  0.5015E-01  0.3748E+01  0.3748E+01
  0.8057E-01  0.3764E+01  0.5050E-01  0.3686E+01  0.3686E+01
  0.8118E-01  0.3675E+01  0.4748E-01  0.3625E+01  0.3625E+01
  0.8179E-01  0.3672E+01  0.4952E-01  0.3564E+01  0.3564E+01
  0.8239E-01  0.3590E+01  0.4604E-01  0.3505E+01  0.3505E+01
  0.8300E-01  0.3569E+01  0.4732E-01  0.3447E+01  0.3447E+01
  0.8361E-01  0.3486E+01  0.3376E-01  0.3390E+01  0.3390E+01
  0.8422E-01  0.3404E+01  0.3534E-01  0.3334E+01  0.3334E+01
  0.8483E-01  0.3306E+01  0.3461E-01  0.3278E+01  0.3278E+01
  0.8544E-01  0.3219E+01  0.3332E-01  0.3224E+01  0.3224E+01
  0.8604E-01  0.3166E+01  0.3420E-01  0.3171E+01  0.3171E+01
  0.8665E-01  0.3154E+01  0.3277E-01  0.3118E+01  0.3118E+01
  0.8726E-01  0.3129E+01  0.3499E-01  0.3066E+01  0.3066E+01
  0.8787E-01  0.3080E+01  0.3269E-01  0.3015E+01  0.3015E+01
  0.8847E-01  0.3039E+01  0.3249E-01  0.2965E+01  0.2965E+01
  0.8908E-01  0.2956E+01  0.3274E-01  0.2916E+01  0.2916E+01
  0.8969E-01  0.2877E+01  0.3363E-01  0.2867E+01  0.2867E+01
  0.9030E-01  0.2842E+01  0.3338E-01  0.2819E+01  0.2819E+01
  0.9091E-01  0.2769E+01  0.3507E-01  0.2772E+01  0.2772E+01
  0.9151E-01  0.2709E+01  0.3406E-01  0.2726E+01  0.2726E+01
  0.9212E-01  0.2659E+01  0.3333E-01  0.2680E+01  0.2680E+01
  0.9273E-01  0.2579E+01  0.3150E-01  0.2635E+01  0.2635E+01
  0.9334E-01  0.2587E+01  0.3239E-01  0.2591E+01  0.2591E+01
  0.9395E-01  0.2523E+01  0.3293E-01  0.2547E+01  0.2547E+01
  0.9456E-01  0.2508E+01  0.3298E-01  0.2504E+01  0.2504E+01
  0.9516E-01  0.2441E+01  0.3310E-01  0.2462E+01  0.2462E+01
  0.9577E-01  0.2372E+01  0.3871E-01  0.2420E+01  0.2420E+01
  0.9638E-01  0.2362E+01  0.6268E-01  0.2379E+01  0.2379E+01
  0.9699E-01  0.2350E+01  0.4002E-01  0.2339E+01  0.2339E+01
  0.9760E-01  0.2299E+01  0.3608E-01  0.2299E+01  0.2299E+01
  0.9820E-01  0.2292E+01  0.3214E-01  0.2260E+01  0.2260E+01
  0.9881E-01  0.2231E+01  0.3250E-01  0.2221E+01  0.2221E+01
  0.9942E-01  0.2185E+01  0.3069E-01  0.2183E+01  0.2183E+01
  0.1000E+00  0.2158E+01  0.3320E-01  0.2145E+01  0.2145E+01
  0.1006E+00  0.2096E+01  0.3160E-01  0.2108E+01  0.2108E+01
  0.1012E+00  0.2082E+01  0.3118E-01  0.2071E+01  0.2071E+01
  0.1019E+00  0.2041E+01  0.3106E-01  0.2035E+01  0.2035E+01
  0.1025E+00  0.1999E+01  0.3132E-01  0.2000E+01  0.2000E+01
  0.1031E+00  0.1966E+01  0.3062E-01  0.1965E+01  0.1965E+01
  0.1037E+00  0.1938E+01  0.3206E-01  0.1931E+01  0.1931E+01
  0.1043E+00  0.1883E+01  0.3280E-01  0.1897E+01  0.1897E+01
  0.1049E+00  0.1848E+01  0.3158E-01  0.1863E+01  0.1863E+01
  0.1055E+00  0.1812E+01  0.2407E-01  0.1830E+01  0.1830E+01
  0.1061E+00  0.1785E+01  0.2578E-01  0.1798E+01  0.1798E+01
  0.1067E+00  0.1741E+01  0.2602E-01  0.1766E+01  0.1766E+01
  0.1073E+00  0.1716E+01  0.2605E-01  0.1735E+01  0.1735E+01
  0.1079E+00  0.1677E+01  0.2525E-01  0.1704E+01  0.1704E+01
  0.1085E+00  0.1687E+01  0.2406E-01  0.1673E+01  0.1673E+01
  0.1091E+00  0.1655E+01  0.2337E-01  0.1643E+01  0.1643E+01
  0.1098E+00  0.1594E+01  0.2498E-01  0.1614E+01  0.1614E+01
  0.1104E+00  0.1579E+01  0.2379E-01  0.1585E+01  0.1585E+01
  0.1110E+00  0.1514E+01  0.2396E-01  0.1556E+01  0.1556E+01
  0.1116E+00  0.1516E+01  0.2341E-01  0.1528E+01  0.1528E+01
  0.1122E+00  0.1472E+01  0.2225E-01  0.1501E+01  0.1501E+01
  0.1128E+00  0.1464E+01  0.2327E-01  0.1474E+01  0.1474E+01
  0.1134E+00  0.1407E+01  0.2374E-01  0.1447E+01  0.1447E+01
  0.1140E+00  0.1388E+01  0.2262E-01  0.1421E+01  0.1421E+01
  0.1146E+00  0.1360E+01  0.2386E-01  0.1395E+01  0.1395E+01
  0.1152E+00  0.1357E+01  0.2502E-01  0.1370E+01  0.1370E+01
  0.1158E+00  0.1368E+01  0.2226E-01  0.1345E+01  0.1345E+01
  0.1164E+00  0.1353E+01  0.2344E-01  0.1321E+01  0.1321E+01
  0.1171E+00  0.1295E+01  0.2539E-01  0.1297E+01  0.1297E+01
  0.1177E+00  0.1265E+01  0.2216E-01  0.1273E+01  0.1273E+01
  0.1183E+00  0.1245E+01  0.2293E-01  0.1250E+01  0.1250E+01
  0.1189E+00  0.1260E+01  0.2132E-01  0.1228E+01  0.1228E+01
  0.1195E+00  0.1235E+01  0.2177E-01  0.1205E+01  0.1205E+01
  0.1201E+00  0.1201E+01  0.2231E-01  0.1184E+01  0.1184E+01
  0.1207E+00  0.1167E+01  0.2230E-01  0.1162E+01  0.1162E+01
  0.1213E+00  0.1128E+01  0.2562E-01  0.1141E+01  0.1141E+01
  0.1219E+00  0.1106E+01  0.2605E-01  0.1121E+01  0.1121E+01
  0.1225E+00  0.1103E+01  0.1317E-01  0.1101E+01  0.1101E+01
  0.1231E+00  0.1077E+01  0.1313E-01  0.1081E+01  0.1081E+01
  0.1237E+00  0.1061E+01  0.1346E-01  0.1062E+01  0.1062E+01
  0.1244E+00  0.1049E+01  0.1352E-01  0.1043E+01  0.1043E+01
  0.1250E+00  0.1023E+01  0.1315E-01  0.1025E+01  0.1025E+01
  0.1256E+00  0.1010E+01  0.1296E-01  0.1007E+01  0.1007E+01
  0.1262E+00  0.9893E+00  0.1252E-01  0.9888E+00  0.9888E+00
  0.1268E+00  0.9540E+00  0.1879E-01  0.9716E+00  0.9716E+00
  0.1274E+00  0.9453E+00  0.3638E-01  0.9546E+00  0.9546E+00
  0.1280E+00  0.9425E+00  0.2070E-01  0.9381E+00  0.9381E+00
  0.1286E+00  0.9284E+00  0.2443E-01  0.9220E+00  0.9220E+00
  0.1292E+00  0.9095E+00  0.1614E-01  0.9061E+00  0.9061E+00
  0.1298E+00  0.8943E+00  0.1439E-01  0.8907E+00  0.8907E+00
  0.1304E+00  0.8834E+00  0.1370E-01  0.8756E+00  0.8756E+00
  0.1310E+00  0.8648E+00  0.1353E-01  0.8608E+00  0.8608E+00
  0.1316E+00  0.8700E+00  0.1275E-01  0.8464E+00  0.8464E+00
  0.1323E+00  0.8436E+00  0.1302E-01  0.8324E+00  0.8324E+00
  0.1329E+00  0.8130E+00  0.1303E-01  0.8186E+00  0.8186E+00
  0.1335E+00  0.8033E+00  0.1271E-01  0.8052E+00  0.8052E+00
  0.1341E+00  0.7903E+00  0.1287E-01  0.7920E+00  0.7920E+00
  0.1347E+00  0.7676E+00  0.1438E-01  0.7792E+00  0.7792E+00
  0.1353E+00  0.7689E+00  0.1338E-01  0.7667E+00  0.7667E+00
  0.1359E+00  0.7561E+00  0.1293E-01  0.7545E+00  0.7545E+00
  0.1365E+00  0.7450E+00  0.1236E-01  0.7426E+00  0.7426E+00
  0.1371E+00  0.7332E+00  0.1258E-01  0.7309E+00  0.7309E+00
  0.1377E+00  0.7172E+00  0.1253E-01  0.7195E+00  0.7195E+00
  0.1383E+00  0.6931E+00  0.1299E-01  0.7084E+00  0.7084E+00
  0.1389E+00  0.6867E+00  0.1257E-01  0.6976E+00  0.6976E+00
  0.1396E+00  0.6954E+00  0.1234E-01  0.6870E+00  0.6870E+00
  0.1402E+00  0.6650E+00  0.1266E-01  0.6767E+00  0.6767E+00
  0.1408E+00  0.6714E+00  0.1294E-01  0.6666E+00  0.6666E+00
  0.1414E+00  0.6390E+00  0.1283E-01  0.6567E+00  0.6567E+00
  0.1420E+00  0.6379E+00  0.1262E-01  0.6471E+00  0.6471E+00
  0.1426E+00  0.6220E+00  0.1262E-01  0.6377E+00  0.6377E+00
  0.1432E+00  0.6293E+00  0.1280E-01  0.6285E+00  0.6285E+00
  0.1438E+00  0.6177E+00  0.1314E-01  0.6195E+00  0.6195E+00
  0.1444E+00  0.6147E+00  0.1215E-01  0.6108E+00  0.6108E+00
  0.1450E+00  0.5918E+00  0.1199E-01  0.6022E+00  0.6022E+00
  0.1456E+00  0.5790E+00  0.1215E-01  0.5938E+00  0.5938E+00
  0.1462E+00  0.5813E+00  0.1182E-01  0.5856E+00  0.5856E+00
  0.1468E+00  0.5820E+00  0.1138E-01  0.5776E+00  0.5776E+00
  0.1475E+00  0.5556E+00  0.1162E-01  0.5698E+00  0.5698E+00
  0.1481E+00  0.5467E+00  0.1123E-01  0.5621E+00  0.5621E+00
  0.1487E+00  0.5479E+00  0.1226E-01  0.5546E+00  0.5546E+00
  0.1493E+00  0.5499E+00  0.1225E-01  0.5473E+00  0.5473E+00
  0.1499E+00  0.5492E+00  0.1215E-01  0.5401E+00  0.5401E+00
  0.1505E+00  0.5343E+00  0.1323E-01  0.5330E+00  0.5330E+00
  0.1511E+00  0.5383E+00  0.1298E-01  0.5261E+00  0.5261E+00
  0.1517E+00  0.5024E+00  0.1605E-01  0.5194E+00  0.5194E+00
  0.1523E+00  0.5043E+00  0.1440E-01  0.5127E+00  0.5127E+00
  0.1529E+00  0.4848E+00  0.1383E-01  0.5062E+00  0.5062E+00
  0.1535E+00  0.4908E+00  0.1809E-01  0.4999E+00  0.4999E+00
  0.1541E+00  0.5005E+00  0.1791E-01  0.4936E+00  0.4936E+00
  0.1548E+00  0.4899E+00  0.1424E-01  0.4875E+00  0.4875E+00
  0.1554E+00  0.4755E+00  0.2083E-01  0.4815E+00  0.4815E+00
  0.1560E+00  0.4744E+00  0.1916E-01  0.4756E+00  0.4756E+00
  0.1566E+00  0.4538E+00  0.1329E-01  0.4698E+00  0.4698E+00
  0.1572E+00  0.4437E+00  0.1317E-01  0.4641E+00  0.4641E+00
  0.1578E+00  0.4502E+00  0.1151E-01  0.4586E+00  0.4586E+00
  0.1584E+00  0.4413E+00  0.1131E-01  0.4531E+00  0.4531E+00
  0.1590E+00  0.4462E+00  0.1114E-01  0.4477E+00  0.4477E+00
  0.1596E+00  0.4429E+00  0.1143E-01  0.4424E+00  0.4424E+00
  0.1602E+00  0.4404E+00  0.1119E-01  0.4372E+00  0.4372E+00
  0.1608E+00  0.4286E+00  0.1116E-01  0.4321E+00  0.4321E+00
  0.1614E+00  0.4171E+00  0.1093E-01  0.4271E+00  0.4271E+00
  0.1620E+00  0.4056E+00  0.1102E-01  0.4222E+00  0.4222E+00
  0.1627E+00  0.4020E+00  0.1092E-01  0.4174E+00  0.4174E+00
  0.1633E+00  0.3967E+00  0.1073E-01  0.4126E+00  0.4126E+00
  0.1639E+00  0.4033E+00  0.1104E-01  0.4079E+00  0.4079E+00
  0.1645E+00  0.4010E+00  0.1124E-01  0.4034E+00  0.4034E+00
  0.1651E+00  0.3944E+00  0.1061E-01  0.3988E+00  0.3988E+00
  0.1657E+00  0.3819E+00  0.1080E-01  0.3944E+00  0.3944E+00
  0.1663E+00  0.3680E+00  0.1089E-01  0.3900E+00  0.3900E+00
  0.1669E+00  0.3755E+00  0.1100E-01  0.3858E+00  0.3858E+00
  0.1675E+00  0.3476E+00  0.1113E-01  0.3816E+00  0.3816E+00
  0.1681E+00  0.3450E+00  0.1083E-01  0.3774E+00  0.3774E+00
  0.1687E+00  0.3437E+00  0.1109E-01  0.3734E+00  0.3734E+00
  0.1693E+00  0.3347E+00  0.1102E-01  0.3694E+00  0.3694E+00
  0.1700E+00  0.3526E+00  0.1103E-01  0.3655E+00  0.3655E+00
  0.1706E+00  0.3500E+00  0.1110E-01  0.3616E+00  0.3616E+00
  0.1712E+00  0.3546E+00  0.1133E-01  0.3579E+00  0.3579E+00
  0.1718E+00  0.3479E+00  0.1087E-01  0.3542E+00  0.3542E+00
  0.1724E+00  0.3523E+00  0.1070E-01  0.3506E+00  0.3506E+00
  0.1730E+00  0.3554E+00  0.1078E-01  0.3470E+00  0.3470E+00
  0.1736E+00  0.3443E+00  0.1124E-01  0.3435E+00  0.3435E+00
  0.1742E+00  0.3474E+00  0.1099E-01  0.3401E+00  0.3401E+00
  0.1748E+00  0.3574E+00  0.1133E-01  0.3368E+00  0.3368E+00
  0.1754E+00  0.3553E+00  0.1094E-01  0.3335E+00  0.3335E+00
  0.1760E+00  0.3360E+00  0.1117E-01  0.3303E+00  0.3303E+00
  0.1766E+00  0.3271E+00  0.1088E-01  0.3271E+00  0.3271E+00
  0.1773E+00  0.3242E+00  0.1090E-01  0.3241E+00  0.3241E+00
  0.1779E+00  0.3241E+00  0.1096E-01  0.3211E+00  0.3211E+00
  0.1785E+00  0.3150E+00  0.1106E-01  0.3181E+00  0.3181E+00
  0.1791E+00  0.3233E+00  0.1067E-01  0.3153E+00  0.3153E+00
  0.1797E+00  0.3015E+00  0.1074E-01  0.3125E+00  0.3125E+00
  0.1803E+00  0.3110E+00  0.1094E-01  0.3098E+00  0.3098E+00
  0.1809E+00  0.2997E+00  0.1049E-01  0.3071E+00  0.3071E+00
  0.1815E+00  0.3077E+00  0.1084E-01  0.3045E+00  0.3045E+00
  0.1821E+00  0.3038E+00  0.1133E-01  0.3020E+00  0.3020E+00
  0.1827E+00  0.3091E+00  0.1124E-01  0.2995E+00  0.2995E+00
  0.1833E+00  0.3074E+00  0.1102E-01  0.2971E+00  0.2971E+00
  0.1839E+00  0.3239E+00  0.1226E-01  0.2948E+00  0.2948E+00
  0.1845E+00  0.2884E+00  0.1330E-01  0.2925E+00  0.2925E+00
  0.1852E+00  0.2882E+00  0.1199E-01  0.2903E+00  0.2903E+00
  0.1858E+00  0.2927E+00  0.1398E-01  0.2881E+00  0.2881E+00
  0.1864E+00  0.2830E+00  0.1202E-01  0.2860E+00  0.2860E+00
  0.1870E+00  0.2770E+00  0.1066E-01  0.2840E+00  0.2840E+00
  0.1876E+00  0.2907E+00  0.1035E-01  0.2820E+00  0.2820E+00
  0.1882E+00  0.2744E+00  0.1017E-01  0.2801E+00  0.2801E+00
  0.1888E+00  0.2754E+00  0.1031E-01  0.2783E+00  0.2783E+00
  0.1894E+00  0.2753E+00  0.1008E-01  0.2765E+00  0.2765E+00
  0.1900E+00  0.2739E+00  0.9711E-02  0.2747E+00  0.2747E+00
  0.1906E+00  0.2603E+00  0.9541E-02  0.2730E+00  0.2730E+00
  0.1912E+00  0.2643E+00  0.1014E-01  0.2714E+00  0.2714E+00
  0.1918E+00  0.2520E+00  0.1009E-01  0.2698E+00  0.2698E+00
  0.1925E+00  0.2532E+00  0.1059E-01  0.2682E+00  0.2682E+00
  0.1931E+00  0.2582E+00  0.1047E-01  0.2667E+00  0.2667E+00
  0.1937E+00  0.2588E+00  0.1031E-01  0.2653E+00  0.2653E+00
  0.1943E+00  0.2647E+00  0.1028E-01  0.2639E+00  0.2639E+00
  0.1949E+00  0.2598E+00  0.9799E-02  0.2625E+00  0.2625E+00
  0.1955E+00  0.2586E+00  0.1000E-01  0.2612E+00  0.2612E+00
  0.1961E+00  0.2578E+00  0.1032E-01  0.2599E+00  0.2599E+00
  0.1967E+00  0.2726E+00  0.1012E-01  0.2586E+00  0.2586E+00
  0.1973E+00  0.2645E+00  0.1016E-01  0.2574E+00  0.2574E+00
  0.1979E+00  0.2652E+00  0.1015E-01  0.2562E+00  0.2562E+00
  0.1985E+00  0.2616E+00  0.1067E-01  0.2551E+00  0.2551E+00
  0.1991E+00  0.2605E+00  0.1152E-01  0.2540E+00  0.2540E+00
  0.1997E+00  0.2510E+00  0.1476E-01  0.2529E+00  0.2529E+00
  0.2004E+00  0.2556E+00  0.1437E-01  0.2518E+00  0.2518E+00
  0.2010E+00  0.2487E+00  0.1103E-01  0.2508E+00  0.2508E+00
  0.2016E+00  0.2422E+00  0.9839E-02  0.2498E+00  0.2498E+00
  0.2022E+00  0.2328E+00  0.1007E-01  0.2488E+00  0.2488E+00
  0.2028E+00  0.2318E+00  0.9981E-02  0.2479E+00  0.2479E+00
  0.2034E+00  0.2404E+00  0.9926E-02  0.2469E+00  0.2469E+00
  0.2040E+00  0.2358E+00  0.9953E-02  0.2460E+00  0.2460E+00
  0.2046E+00  0.2460E+00  0.9974E-02  0.2451E+00  0.2451E+00
  0.2052E+00  0.2527E+00  0.9827E-02  0.2442E+00  0.2442E+00
  0.2058E+00  0.2327E+00  0.1004E-01  0.2433E+00  0.2433E+00
  0.2064E+00  0.2330E+00  0.9722E-02  0.2424E+00  0.2424E+00
  0.2070E+00  0.2344E+00  0.9541E-02  0.2416E+00  0.2416E+00
  0.2077E+00  0.2385E+00  0.9613E-02  0.2407E+00  0.2407E+00
  0.2083E+00  0.2468E+00  0.9552E-02  0.2399E+00  0.2399E+00
  0.2089E+00  0.2414E+00  0.9909E-02  0.2390E+00  0.2390E+00
  0.2095E+00  0.2431E+00  0.9676E-02  0.2382E+00  0.2382E+00
  0.2101E+00  0.2472E+00  0.9416E-02  0.2373E+00  0.2373E+00
  0.2107E+00  0.2360E+00  0.9544E-02  0.2365E+00  0.2365E+00
  0.2113E+00  0.2241E+00  0.9622E-02  0.2357E+00  0.2357E+00
  0.2119E+00  0.2381E+00  0.9200E-02  0.2348E+00  0.2348E+00
  0.2125E+00  0.2406E+00  0.9392E-02  0.2340E+00  0.2340E+00
  0.2131E+00  0.2391E+00  0.9380E-02  0.2331E+00  0.2331E+00
  0.2137E+00  0.2302E+00  0.9509E-02  0.2323E+00  0.2323E+00
  0.2143E+00  0.2249E+00  0.9650E-02  0.2315E+00  0.2315E+00
  0.2149E+00  0.2294E+00  0.9523E-02  0.2306E+00  0.2306E+00
  0.2156E+00  0.2279E+00  0.9273E-02  0.2297E+00  0.2297E+00
  0.2162E+00  0.2226E+00  0.9621E-02  0.2289E+00  0.2289E+00
  0.2168E+00  0.2276E+00  0.9620E-02  0.2280E+00  0.2280E+00
  0.2174E+00  0.2325E+00  0.9494E-02  0.2271E+00  0.2271E+00
  0.2180E+00  0.2192E+00  0.9201E-02  0.2262E+00  0.2262E+00
  0.2186E+00  0.2257E+00  0.9199E-02  0.2253E+00  0.2253E+00
  0.2192E+00  0.2326E+00  0.9150E-02  0.2244E+00  0.2244E+00
  0.2198E+00  0.2349E+00  0.9407E-02  0.2235E+00  0.2235E+00
  0.2204E+00  0.2299E+00  0.9387E-02  0.2226E+00  0.2226E+00
  0.2210E+00  0.2281E+00  0.9248E-02  0.2216E+00  0.2216E+00
  0.2216E+00  0.2212E+00  0.9392E-02  0.2207E+00  0.2207E+00
  0.2222E+00  0.2075E+00  0.9345E-02  0.2197E+00  0.2197E+00
  0.2228E+00  0.2051E+00  0.1312E-01  0.2188E+00  0.2188E+00
  0.2235E+00  0.2063E+00  0.2428E-01  0.2178E+00  0.2178E+00
  0.2241E+00  0.2176E+00  0.1287E-01  0.2168E+00  0.2168E+00
  0.2247E+00  0.2151E+00  0.9461E-02  0.2158E+00  0.2158E+00
  0.2253E+00  0.2072E+00  0.1031E-01  0.2148E+00  0.2148E+00
  0.2259E+00  0.2121E+00  0.9207E-02  0.2138E+00  0.2138E+00
  0.2265E+00  0.2212E+00  0.9797E-02  0.2128E+00  0.2128E+00
  0.2271E+00  0.2152E+00  0.9136E-02  0.2118E+00  0.2118E+00
  0.2277E+00  0.2146E+00  0.9060E-02  0.2108E+00  0.2108E+00
  0.2283E+00  0.2090E+00  0.9252E-02  0.2097E+00  0.2097E+00
  0.2289E+00  0.2078E+00  0.9514E-02  0.2087E+00  0.2087E+00
  0.2295E+00  0.2038E+00  0.9064E-02  0.2077E+00  0.2077E+00
  0.2301E+00  0.2091E+00  0.9052E-02  0.2066E+00  0.2066E+00
  0.2308E+00  0.2213E+00  0.9006E-02  0.2056E+00  0.2056E+00
  0.2314E+00  0.2073E+00  0.8967E-02  0.2045E+00  0.2045E+00
  0.2320E+00  0.2000E+00  0.8824E-02  0.2035E+00  0.2035E+00
  0.2326E+00  0.1923E+00  0.8972E-02  0.2024E+00  0.2024E+00
  0.2332E+00  0.1924E+00  0.8672E-02  0.2014E+00  0.2014E+00
  0.2338E+00  0.1986E+00  0.8355E-02  0.2003E+00  0.2003E+00
  0.2344E+00  0.1925E+00  0.8849E-02  0.1993E+00  0.1993E+00
  0.2350E+00  0.1942E+00  0.9912E-02  0.1982E+00  0.1982E+00
  0.2356E+00  0.1954E+00  0.1422E-01  0.1972E+00  0.1972E+00
  0.2362E+00  0.1986E+00  0.1026E-01  0.1961E+00  0.1961E+00
  0.2368E+00  0.2042E+00  0.9340E-02  0.1951E+00  0.1951E+00
  0.2374E+00  0.1930E+00  0.8952E-02  0.1941E+00  0.1941E+00
  0.2380E+00  0.1803E+00  0.8776E-02  0.1931E+00  0.1931E+00
  0.2387E+00  0.1866E+00  0.8292E-02  0.1920E+00  0.1920E+00
  0.2393E+00  0.1941E+00  0.8533E-02  0.1910E+00  0.1910E+00
  0.2399E+00  0.1900E+00  0.9141E-02  0.1900E+00  0.1900E+00
  0.2405E+00  0.1909E+00  0.8989E-02  0.1891E+00  0.1891E+00
  0.2411E+00  0.1824E+00  0.8893E-02  0.1881E+00  0.1881E+00
  0.2417E+00  0.1974E+00  0.9698E-02  0.1871E+00  0.1871E+00
  0.2423E+00  0.1875E+00  0.8803E-02  0.1861E+00  0.1861E+00
  0.2429E+00  0.1932E+00  0.8773E-02  0.1852E+00  0.1852E+00
  0.2435E+00  0.1926E+00  0.8923E-02  0.1843E+00  0.1843E+00
  0.2441E+00  0.1882E+00  0.8500E-02  0.1834E+00  0.1834E+00
  0.2447E+00  0.1964E+00  0.8611E-02  0.1825E+00  0.1825E+00
  0.2453E+00  0.1856E+00  0.8700E-02  0.1816E+00  0.1816E+00
  0.2460E+00  0.1851E+00  0.8900E-02  0.1807E+00  0.1807E+00
  0.2466E+00  0.1803E+00  0.8790E-02  0.1799E+00  0.1799E+00
  0.2472E+00  0.1744E+00  0.9118E-02  0.1790E+00  0.1790E+00
  0.2478E+00  0.1811E+00  0.9047E-02  0.1782E+00  0.1782E+00
  0.2484E+00  0.1769E+00  0.9483E-02  0.1774E+00  0.1774E+00
  0.2490E+00  0.1879E+00  0.1175E-01  0.1766E+00  0.1766E+00
  0.2496E+00  0.1815E+00  0.1603E-01  0.1758E+00  0.1758E+00
  0.2502E+00  0.1780E+00  0.1298E-01  0.1751E+00  0.1751E+00
  0.2508E+00  0.1797E+00  0.1625E-01  0.1743E+00  0.1743E+00
  0.2514E+00  0.1738E+00  0.1110E-01  0.1736E+00  0.1736E+00
  0.2520E+00  0.1788E+00  0.8840E-02  0.1729E+00  0.1729E+00
  0.2526E+00  0.1730E+00  0.8902E-02  0.1722E+00  0.1722E+00
  0.2532E+00  0.1552E+00  0.8434E-02  0.1716E+00  0.1716E+00
  0.2539E+00  0.1627E+00  0.8639E-02  0.1709E+00  0.1709E+00
  0.2545E+00  0.1696E+00  0.8754E-02  0.1703E+00  0.1703E+00
  0.2551E+00  0.1720E+00  0.9297E-02  0.1697E+00  0.1697E+00
  0.2557E+00  0.1720E+00  0.8900E-02  0.1691E+00  0.1691E+00
  0.2563E+00  0.1651E+00  0.9368E-02  0.1685E+00  0.1685E+00
  0.2569E+00  0.1649E+00  0.8482E-02  0.1680E+00  0.1680E+00
  0.2575E+00  0.1642E+00  0.8442E-02  0.1674E+00  0.1674E+00
  0.2581E+00  0.1614E+00  0.8586E-02  0.1669E+00  0.1669E+00
  0.2587E+00  0.1597E+00  0.8335E-02  0.1664E+00  0.1664E+00
  0.2593E+00  0.1683E+00  0.8606E-02  0.1659E+00  0.1659E+00
  0.2599E+00  0.1594E+00  0.8456E-02  0.1654E+00  0.1654E+00
  0.2605E+00  0.1532E+00  0.8303E-02  0.1650E+00  0.1650E+00
  0.2612E+00  0.1492E+00  0.8157E-02  0.1645E+00  0.1645E+00
  0.2618E+00  0.1543E+00  0.8158E-02  0.1641E+00  0.1641E+00
  0.2624E+00  0.1699E+00  0.8193E-02  0.1637E+00  0.1637E+00
  0.2630E+00  0.1646E+00  0.8601E-02  0.1633E+00  0.1633E+00
  0.2636E+00  0.1694E+00  0.8528E-02  0.1629E+00  0.1629E+00
  0.2642E+00  0.1682E+00  0.8272E-02  0.1625E+00  0.1625E+00
  0.2648E+00  0.1604E+00  0.8320E-02  0.1622E+00  0.1622E+00
  0.2654E+00  0.1610E+00  0.8329E-02  0.1618E+00  0.1618E+00
  0.2660E+00  0.1569E+00  0.8116E-02  0.1615E+00  0.1615E+00
  0.2666E+00  0.1564E+00  0.8343E-02  0.1611E+00  0.1611E+00
  0.2672E+00  0.1679E+00  0.8442E-02  0.1608E+00  0.1608E+00
  0.2678E+00  0.1629E+00  0.1039E-01  0.1605E+00  0.1605E+00
  0.2684E+00  0.1652E+00  0.9869E-02  0.1602E+00  0.1602E+00
  0.2691E+00  0.1657E+00  0.1413E-01  0.1599E+00  0.1599E+00
  0.2697E+00  0.1571E+00  0.9477E-02  0.1596E+00  0.1596E+00
  0.2703E+00  0.1558E+00  0.8258E-02  0.1593E+00  0.1593E+00
  0.2709E+00  0.1638E+00  0.8203E-02  0.1590E+00  0.1590E+00
  0.2715E+00  0.1573E+00  0.9138E-02  0.1588E+00  0.1588E+00
  0.2721E+00  0.1543E+00  0.8108E-02  0.1585E+00  0.1585E+00
  0.2727E+00  0.1561E+00  0.8059E-02  0.1582E+00  0.1582E+00
  0.2733E+00  0.1549E+00  0.7898E-02  0.1580E+00  0.1580E+00
  0.2739E+00  0.1564E+00  0.7924E-02  0.1577E+00  0.1577E+00
  0.2745E+00  0.1618E+00  0.8104E-02  0.1575E+00  0.1575E+00
  0.2751E+00  0.1518E+00  0.7843E-02  0.1572E+00  0.1572E+00
  0.2757E+00  0.1496E+00  0.8048E-02  0.1570E+00  0.1570E+00
  0.2763E+00  0.1514E+00  0.7896E-02  0.1567E+00  0.1567E+00
  0.2770E+00  0.1492E+00  0.8049E-02  0.1565E+00  0.1565E+00
  0.2776E+00  0.1454E+00  0.9389E-02  0.1562E+00  0.1562E+00
  0.2782E+00  0.1409E+00  0.8503E-02  0.1560E+00  0.1560E+00
  0.2788E+00  0.1339E+00  0.7826E-02  0.1557E+00  0.1557E+00
  0.2794E+00  0.1511E+00  0.7677E-02  0.1555E+00  0.1555E+00
  0.2800E+00  0.1360E+00  0.8082E-02  0.1552E+00  0.1552E+00
  0.2806E+00  0.1416E+00  0.7735E-02  0.1550E+00  0.1550E+00
  0.2812E+00  0.1452E+00  0.7700E-02  0.1547E+00  0.1547E+00
  0.2818E+00  0.1469E+00  0.7807E-02  0.1545E+00  0.1545E+00
  0.2824E+00  0.1472E+00  0.7759E-02  0.1542E+00  0.1542E+00
  0.2830E+00  0.1478E+00  0.7719E-02  0.1539E+00  0.1539E+00
  0.2836E+00  0.1498E+00  0.7936E-02  0.1537E+00  0.1537E+00
  0.2843E+00  0.1444E+00  0.8050E-02  0.1534E+00  0.1534E+00
  0.2849E+00  0.1519E+00  0.7636E-02  0.1531E+00  0.1531E+00
  0.2855E+00  0.1491E+00  0.7683E-02  0.1529E+00  0.1529E+00
  0.2861E+00  0.1529E+00  0.7704E-02  0.1526E+00  0.1526E+00
  0.2867E+00  0.1541E+00  0.7737E-02  0.1523E+00  0.1523E+00
  0.2873E+00  0.1546E+00  0.7928E-02  0.1520E+00  0.1520E+00
  0.2879E+00  0.1522E+00  0.8088E-02  0.1517E+00  0.1517E+00
  0.2885E+00  0.1543E+00  0.8787E-02  0.1514E+00  0.1514E+00
  0.2891E+00  0.1496E+00  0.7868E-02  0.1511E+00  0.1511E+00
  0.2897E+00  0.1597E+00  0.8128E-02  0.1508E+00  0.1508E+00
  0.2903E+00  0.1691E+00  0.7717E-02  0.1505E+00  0.1505E+00
  0.2909E+00  0.1540E+00  0.7591E-02  0.1502E+00  0.1502E+00
  0.2915E+00  0.1480E+00  0.7369E-02  0.1499E+00  0.1499E+00
  0.2922E+00  0.1436E+00  0.7219E-02  0.1496E+00  0.1496E+00
  0.2928E+00  0.1492E+00  0.7444E-02  0.1492E+00  0.1492E+00
  0.2934E+00  0.1428E+00  0.7520E-02  0.1489E+00  0.1489E+00
  0.2940E+00  0.1470E+00  0.7549E-02  0.1486E+00  0.1486E+00
  0.2946E+00  0.1558E+00  0.7697E-02  0.1483E+00  0.1483E+00
  0.2952E+00  0.1589E+00  0.7487E-02  0.1479E+00  0.1479E+00
  0.2958E+00  0.1653E+00  0.7265E-02  0.1476E+00  0.1476E+00
  0.2964E+00  0.1656E+00  0.7338E-02  0.1472E+00  0.1472E+00
  0.2970E+00  0.1608E+00  0.7477E-02  0.1469E+00  0.1469E+00
  0.2976E+00  0.1640E+00  0.7507E-02  0.1465E+00  0.1465E+00
  0.2982E+00  0.1560E+00  0.7453E-02  0.1462E+00  0.1462E+00
  0.2988E+00  0.1579E+00  0.8166E-02  0.1458E+00  0.1458E+00
  0.2995E+00  0.1466E+00  0.7279E-02  0.1454E+00  0.1454E+00
  0.3001E+00  0.1450E+00  0.7250E-02  0.1451E+00  0.1451E+00
  0.3007E+00  0.1474E+00  0.7156E-02  0.1447E+00  0.1447E+00
  0.3013E+00  0.1427E+00  0.7007E-02  0.1443E+00  0.1443E+00
  0.3019E+00  0.1406E+00  0.7189E-02  0.1439E+00  0.1439E+00
  0.3025E+00  0.1419E+00  0.6876E-02  0.1436E+00  0.1436E+00
  0.3031E+00  0.1445E+00  0.7134E-02  0.1432E+00  0.1432E+00
  0.3037E+00  0.1363E+00  0.7115E-02  0.1428E+00  0.1428E+00
  0.3043E+00  0.1456E+00  0.6980E-02  0.1424E+00  0.1424E+00
  0.3049E+00  0.1472E+00  0.7092E-02  0.1420E+00  0.1420E+00
  0.3055E+00  0.1489E+00  0.7140E-02  0.1416E+00  0.1416E+00
  0.3061E+00  0.1554E+00  0.7107E-02  0.1412E+00  0.1412E+00
  0.3067E+00  0.1474E+00  0.6982E-02  0.1408E+00  0.1408E+00
  0.3074E+00  0.1540E+00  0.7267E-02  0.1405E+00  0.1405E+00
  0.3080E+00  0.1550E+00  0.6680E-02  0.1401E+00  0.1401E+00
  0.3086E+00  0.1475E+00  0.6554E-02  0.1397E+00  0.1397E+00
  0.3092E+00  0.1494E+00  0.6909E-02  0.1393E+00  0.1393E+00
  0.3098E+00  0.1422E+00  0.6725E-02  0.1389E+00  0.1389E+00
  0.3104E+00  0.1481E+00  0.6695E-02  0.1385E+00  0.1385E+00
  0.3110E+00  0.1364E+00  0.6523E-02  0.1381E+00  0.1381E+00
  0.3116E+00  0.1331E+00  0.6487E-02  0.1377E+00  0.1377E+00
  0.3122E+00  0.1369E+00  0.6724E-02  0.1373E+00  0.1373E+00
  0.3128E+00  0.1411E+00  0.6564E-02  0.1369E+00  0.1369E+00
  0.3134E+00  0.1380E+00  0.6590E-02  0.1365E+00  0.1365E+00
  0.3140E+00  0.1384E+00  0.6978E-02  0.1361E+00  0.1361E+00
  0.3146E+00  0.1356E+00  0.7605E-02  0.1357E+00  0.1357E+00
  0.3153E+00  0.1423E+00  0.7911E-02  0.1353E+00  0.1353E+00
  0.3159E+00  0.1319E+00  0.8436E-02  0.1348E+00  0.1348E+00
  0.3165E+00  0.1403E+00  0.8980E-02  0.1344E+00  0.1344E+00
  0.3171E+00  0.1364E+00  0.9277E-02  0.1340E+00  0.1340E+00
  0.3177E+00  0.1404E+00  0.9594E-02  0.1336E+00  0.1336E+00
  0.3183E+00  0.1522E+00  0.1063E-01  0.1332E+00  0.1332E+00
  0.3189E+00  0.1483E+00  0.1258E-01  0.1328E+00  0.1328E+00
  0.3195E+00  0.1530E+00  0.1599E-01  0.1324E+00  0.1324E+00

           Distance distribution  function of particle  


       R          P(R)      ERROR

  0.0000E+00  0.0000E+00  0.0000E+00
  0.1053E+01  0.1149E-02  0.6085E-05
  0.2106E+01  0.2304E-02  0.9335E-05
  0.3159E+01  0.3470E-02  0.1014E-04
  0.4212E+01  0.4654E-02  0.9191E-05
  0.5265E+01  0.5867E-02  0.7702E-05
  0.6318E+01  0.7118E-02  0.7630E-05
  0.7371E+01  0.8416E-02  0.9916E-05
  0.8424E+01  0.9770E-02  0.1329E-04
  0.9477E+01  0.1118E-01  0.1655E-04
  0.1053E+02  0.1266E-01  0.1915E-04
  0.1158E+02  0.1418E-01  0.2099E-04
  0.1264E+02  0.1576E-01  0.2227E-04
  0.1369E+02  0.1736E-01  0.2345E-04
  0.1474E+02  0.1898E-01  0.2509E-04
  0.1579E+02  0.2058E-01  0.2753E-04
  0.1685E+02  0.2215E-01  0.3077E-04
  0.1790E+02  0.2366E-01  0.3451E-04
  0.1895E+02  0.2508E-01  0.3835E-04
  0.2001E+02  0.2638E-01  0.4198E-04
  0.2106E+02  0.2755E-01  0.4530E-04
  0.2211E+02  0.2857E-01  0.4835E-04
  0.2317E+02  0.2942E-01  0.5136E-04
  0.2422E+02  0.3010E-01  0.5461E-04
  0.2527E+02  0.3061E-01  0.5832E-04
  0.2632E+02  0.3095E-01  0.6254E-04
  0.2738E+02  0.3112E-01  0.6712E-04
  0.2843E+02  0.3115E-01  0.7180E-04
  0.2948E+02  0.3105E-01  0.7624E-04
  0.3054E+02  0.3082E-01  0.8015E-04
  0.3159E+02  0.3050E-01  0.8334E-04
  0.3264E+02  0.3009E-01  0.8575E-04
  0.3370E+02  0.2961E-01  0.8744E-04
  0.3475E+02  0.2907E-01  0.8856E-04
  0.3580E+02  0.2849E-01  0.8931E-04
  0.3685E+02  0.2786E-01  0.8987E-04
  0.3791E+02  0.2720E-01  0.9039E-04
  0.3896E+02  0.2651E-01  0.9093E-04
  0.4001E+02  0.2579E-01  0.9151E-04
  0.4107E+02  0.2504E-01  0.9215E-04
  0.4212E+02  0.2427E-01  0.9290E-04
  0.4317E+02  0.2348E-01  0.9382E-04
  0.4423E+02  0.2267E-01  0.9502E-04
  0.4528E+02  0.2184E-01  0.9660E-04
  0.4633E+02  0.2102E-01  0.9859E-04
  0.4738E+02  0.2019E-01  0.1009E-03
  0.4844E+02  0.1938E-01  0.1035E-03
  0.4949E+02  0.1859E-01  0.1061E-03
  0.5054E+02  0.1782E-01  0.1085E-03
  0.5160E+02  0.1710E-01  0.1105E-03
  0.5265E+02  0.1642E-01  0.1121E-03
  0.5370E+02  0.1579E-01  0.1133E-03
  0.5476E+02  0.1521E-01  0.1141E-03
  0.5581E+02  0.1467E-01  0.1146E-03
  0.5686E+02  0.1419E-01  0.1148E-03
  0.5791E+02  0.1374E-01  0.1149E-03
  0.5897E+02  0.1333E-01  0.1148E-03
  0.6002E+02  0.1294E-01  0.1146E-03
  0.6107E+02  0.1257E-01  0.1141E-03
  0.6213E+02  0.1220E-01  0.1134E-03
  0.6318E+02  0.1183E-01  0.1127E-03
  0.6423E+02  0.1145E-01  0.1122E-03
  0.6529E+02  0.1106E-01  0.1119E-03
  0.6634E+02  0.1065E-01  0.1122E-03
  0.6739E+02  0.1023E-01  0.1131E-03
  0.6844E+02  0.9798E-02  0.1145E-03
  0.6950E+02  0.9358E-02  0.1165E-03
  0.7055E+02  0.8917E-02  0.1188E-03
  0.7160E+02  0.8481E-02  0.1211E-03
  0.7266E+02  0.8057E-02  0.1232E-03
  0.7371E+02  0.7651E-02  0.1251E-03
  0.7476E+02  0.7270E-02  0.1267E-03
  0.7582E+02  0.6916E-02  0.1280E-03
  0.7687E+02  0.6591E-02  0.1289E-03
  0.7792E+02  0.6296E-02  0.1297E-03
  0.7897E+02  0.6027E-02  0.1302E-03
  0.8003E+02  0.5783E-02  0.1305E-03
  0.8108E+02  0.5557E-02  0.1304E-03
  0.8213E+02  0.5344E-02  0.1300E-03
  0.8319E+02  0.5137E-02  0.1290E-03
  0.8424E+02  0.4932E-02  0.1276E-03
  0.8529E+02  0.4723E-02  0.1257E-03
  0.8635E+02  0.4507E-02  0.1234E-03
  0.8740E+02  0.4280E-02  0.1208E-03
  0.8845E+02  0.4042E-02  0.1180E-03
  0.8950E+02  0.3795E-02  0.1149E-03
  0.9056E+02  0.3539E-02  0.1116E-03
  0.9161E+02  0.3278E-02  0.1082E-03
  0.9266E+02  0.3014E-02  0.1045E-03
  0.9372E+02  0.2753E-02  0.1007E-03
  0.9477E+02  0.2495E-02  0.9666E-04
  0.9582E+02  0.2244E-02  0.9228E-04
  0.9688E+02  0.2001E-02  0.8748E-04
  0.9793E+02  0.1764E-02  0.8205E-04
  0.9898E+02  0.1533E-02  0.7575E-04
  0.1000E+03  0.1304E-02  0.6822E-04
  0.1011E+03  0.1071E-02  0.5910E-04
  0.1021E+03  0.8307E-03  0.4802E-04
  0.1032E+03  0.5759E-03  0.3463E-04
  0.1042E+03  0.3008E-03  0.1868E-04
  0.1053E+03  0.0000E+00  0.0000E+00
          Reciprocal space: Rg =   31.70     , I(0) =   0.1846E+02
     Real space: Rg =   31.77 +- 0.100  I(0) =   0.1846E+02 +-  0.8365E-01
