
           ####    G N O M   ---   Version 4.5a revised 09/02/02     ####

                                                  Tue May 25 23:05:15 2010
           ===    Run No   1   ===
 Run title:   Merge of: p4_F2_2.mccd p4_F3_1.mccd p4_A6_2.mccd p4_F4_2.mccd p4


  Number of points omitted at the beginning:          18
   *******   Working Directory :
   *******    Input file(s) :
           Condition P(rmin) = 0 is used. 
           Condition P(rmax) = 0 is used. 

          Experimental conditions for the first run
          -----------------------------------------

          Highest ALPHA is found to be   0.4919E+03

  The measure of inconsistency AN1 equals to    0.8264E+00
     Alpha    Discrp  Oscill  Stabil  Sysdev  Positv  Valcen    Total   
  0.4919E+06 56.9230  1.2141  0.9714  0.0000  1.0000  0.8509  0.32828
  0.9837E+05 53.8916  1.1969  0.9069  0.0000  1.0000  0.8556  0.33074
  0.1967E+05 44.3546  1.1445  0.7223  0.2236  1.0000  0.8725  0.36298
  0.3935E+04 27.6892  1.1056  0.4556  0.0166  1.0000  0.9021  0.34885
  0.7870E+03 11.4157  1.1517  0.1784  0.2070  1.0000  0.9237  0.40480
  0.1574E+03  3.5322  1.2400  0.0577  0.2733  1.0000  0.9338  0.56821
  0.3148E+02  1.1287  1.3002  0.0185  0.4306  1.0000  0.9366  0.66652
  0.6296E+01  0.7258  1.3231  0.0081  0.5797  1.0000  0.9370  0.80787
  0.1259E+01  0.6548  1.3429  0.0088  0.5880  1.0000  0.9368  0.80854
  0.2518E+00  0.6184  1.4013  0.0199  0.6294  1.0000  0.9360  0.81434
  0.5037E-01  0.5874  1.6063  0.0338  0.6377  1.0000  0.9337  0.74828
  0.1007E-01  0.5529  2.5045  0.1257  0.6170  0.9993  0.9251  0.46803
  0.2015E-02  0.4943  5.3178  0.1900  0.6501  0.9901  0.8848  0.40504
  0.4029E-03  0.4651  7.6176  0.1139  0.6584  0.9703  0.8358  0.44579
  0.8059E-04  0.4572 10.0233  0.3570  0.6335  0.9417  0.7964  0.31614
  0.1612E-04  0.4487 13.5306  0.3887  0.6170  0.8806  0.6206  0.00000

          ***  Golden section search to maximize estimate ***
     Alpha    Discrp  Oscill  Stabil  Sysdev  Positv  Valcen    Total   
  0.6809E+00  0.6410  1.3554  0.0127  0.6128  1.0000  0.9366  0.81907
  0.3682E+00  0.6272  1.3783  0.0175  0.6294  1.0000  0.9363  0.82140
  0.5384E+00  0.6358  1.3625  0.0145  0.6294  1.0000  0.9365  0.82667
  0.4257E+00  0.6305  1.3715  0.0164  0.6377  1.0000  0.9364  0.82867
  0.4922E+00  0.6338  1.3657  0.0153  0.6377  1.0000  0.9365  0.83064
  0.5094E+00  0.6346  1.3644  0.0150  0.6211  1.0000  0.9365  0.82094
  0.4819E+00  0.6334  1.3665  0.0154  0.6377  1.0000  0.9364  0.83037
  0.4987E+00  0.6341  1.3652  0.0152  0.6377  1.0000  0.9365  0.83080
  0.5028E+00  0.6343  1.3649  0.0151  0.6211  1.0000  0.9365  0.82078
  0.4962E+00  0.6340  1.3654  0.0152  0.6377  1.0000  0.9365  0.83074
  0.5003E+00  0.6342  1.3651  0.0151  0.6294  1.0000  0.9365  0.82578
  0.4978E+00  0.6341  1.3653  0.0152  0.6377  1.0000  0.9365  0.83078
  0.4993E+00  0.6341  1.3651  0.0152  0.6377  1.0000  0.9365  0.83082
  0.4997E+00  0.6342  1.3651  0.0151  0.6377  1.0000  0.9365  0.83083
  0.4999E+00  0.6342  1.3651  0.0151  0.6377  1.0000  0.9365  0.83083
  0.4999E+00  0.6342  1.3651  0.0151  0.6377  1.0000  0.9365  0.83083



             ####            Final results            ####

 Parameter    DISCRP    OSCILL    STABIL    SYSDEV    POSITV    VALCEN
 Weight        1.000     3.000     3.000     5.000     1.000     1.000
 Sigma         0.300     0.600     0.120     0.500     0.120     0.120
 Ideal         0.700     1.200     0.000     1.000     1.000     0.950
 Current       0.634     1.365     0.015     0.638     1.000     0.936
                - - - - - - - - - - - - - - - - - - - - - - - - - 
 Estimate      0.953     0.927     0.984     0.591     1.000     0.987

  Angular   range    :     from    0.0258   to    0.3195
  Real space range   :     from      0.00   to     83.52

  Highest ALPHA (theor) :   0.492E+06                 JOB = 0
  Current ALPHA         :   0.500E+00   Rg :  0.268E+02   I(0) :   0.719E+01

           Total  estimate : 0.831  which is    A GOOD      solution

      S          J EXP       ERROR       J REG       I REG

  0.0000E+00                                      0.7189E+01
  0.9230E-03                                      0.7187E+01
  0.1846E-02                                      0.7183E+01
  0.2769E-02                                      0.7176E+01
  0.3692E-02                                      0.7166E+01
  0.4615E-02                                      0.7152E+01
  0.5538E-02                                      0.7136E+01
  0.6461E-02                                      0.7117E+01
  0.7384E-02                                      0.7096E+01
  0.8307E-02                                      0.7071E+01
  0.9230E-02                                      0.7044E+01
  0.1015E-01                                      0.7014E+01
  0.1108E-01                                      0.6981E+01
  0.1200E-01                                      0.6945E+01
  0.1292E-01                                      0.6907E+01
  0.1384E-01                                      0.6867E+01
  0.1477E-01                                      0.6823E+01
  0.1569E-01                                      0.6778E+01
  0.1661E-01                                      0.6730E+01
  0.1754E-01                                      0.6679E+01
  0.1846E-01                                      0.6626E+01
  0.1938E-01                                      0.6571E+01
  0.2031E-01                                      0.6514E+01
  0.2123E-01                                      0.6455E+01
  0.2215E-01                                      0.6394E+01
  0.2307E-01                                      0.6331E+01
  0.2400E-01                                      0.6266E+01
  0.2492E-01                                      0.6199E+01
  0.2584E-01  0.6156E+01  0.1268E+00  0.6130E+01  0.6130E+01
  0.2645E-01  0.6036E+01  0.1269E+00  0.6084E+01  0.6084E+01
  0.2706E-01  0.6129E+01  0.1233E+00  0.6037E+01  0.6037E+01
  0.2767E-01  0.6066E+01  0.6903E-01  0.5990E+01  0.5990E+01
  0.2828E-01  0.6041E+01  0.4655E-01  0.5942E+01  0.5942E+01
  0.2888E-01  0.5942E+01  0.4199E-01  0.5893E+01  0.5893E+01
  0.2949E-01  0.5912E+01  0.4592E-01  0.5844E+01  0.5844E+01
  0.3010E-01  0.5927E+01  0.4865E-01  0.5794E+01  0.5794E+01
  0.3071E-01  0.5886E+01  0.4012E-01  0.5743E+01  0.5743E+01
  0.3132E-01  0.5936E+01  0.1130E+00  0.5692E+01  0.5692E+01
  0.3192E-01  0.5893E+01  0.5070E-01  0.5641E+01  0.5641E+01
  0.3253E-01  0.5737E+01  0.4634E-01  0.5589E+01  0.5589E+01
  0.3314E-01  0.5670E+01  0.4816E-01  0.5536E+01  0.5536E+01
  0.3375E-01  0.5540E+01  0.4554E-01  0.5484E+01  0.5484E+01
  0.3436E-01  0.5498E+01  0.4522E-01  0.5430E+01  0.5430E+01
  0.3497E-01  0.5392E+01  0.4136E-01  0.5377E+01  0.5377E+01
  0.3557E-01  0.5337E+01  0.3697E-01  0.5323E+01  0.5323E+01
  0.3618E-01  0.5266E+01  0.3393E-01  0.5268E+01  0.5268E+01
  0.3679E-01  0.5264E+01  0.3683E-01  0.5214E+01  0.5214E+01
  0.3740E-01  0.5144E+01  0.3596E-01  0.5159E+01  0.5159E+01
  0.3801E-01  0.5104E+01  0.3137E-01  0.5104E+01  0.5104E+01
  0.3861E-01  0.4990E+01  0.3503E-01  0.5048E+01  0.5048E+01
  0.3922E-01  0.4969E+01  0.3837E-01  0.4993E+01  0.4993E+01
  0.3983E-01  0.4906E+01  0.3540E-01  0.4937E+01  0.4937E+01
  0.4044E-01  0.4863E+01  0.3695E-01  0.4881E+01  0.4881E+01
  0.4105E-01  0.4812E+01  0.3569E-01  0.4824E+01  0.4824E+01
  0.4165E-01  0.4769E+01  0.3200E-01  0.4768E+01  0.4768E+01
  0.4226E-01  0.4660E+01  0.3516E-01  0.4712E+01  0.4712E+01
  0.4287E-01  0.4636E+01  0.3374E-01  0.4655E+01  0.4655E+01
  0.4348E-01  0.4604E+01  0.3248E-01  0.4599E+01  0.4599E+01
  0.4409E-01  0.4530E+01  0.3106E-01  0.4542E+01  0.4542E+01
  0.4469E-01  0.4456E+01  0.2928E-01  0.4485E+01  0.4485E+01
  0.4530E-01  0.4364E+01  0.2974E-01  0.4429E+01  0.4429E+01
  0.4591E-01  0.4327E+01  0.3066E-01  0.4372E+01  0.4372E+01
  0.4652E-01  0.4263E+01  0.2862E-01  0.4316E+01  0.4316E+01
  0.4713E-01  0.4219E+01  0.2972E-01  0.4259E+01  0.4259E+01
  0.4773E-01  0.4152E+01  0.2947E-01  0.4203E+01  0.4203E+01
  0.4834E-01  0.4082E+01  0.2906E-01  0.4146E+01  0.4146E+01
  0.4895E-01  0.4037E+01  0.2703E-01  0.4090E+01  0.4090E+01
  0.4956E-01  0.3963E+01  0.2994E-01  0.4034E+01  0.4034E+01
  0.5017E-01  0.3924E+01  0.2541E-01  0.3978E+01  0.3978E+01
  0.5078E-01  0.3872E+01  0.2605E-01  0.3922E+01  0.3922E+01
  0.5138E-01  0.3822E+01  0.2637E-01  0.3867E+01  0.3867E+01
  0.5199E-01  0.3812E+01  0.2790E-01  0.3811E+01  0.3811E+01
  0.5260E-01  0.3747E+01  0.2515E-01  0.3756E+01  0.3756E+01
  0.5321E-01  0.3728E+01  0.2690E-01  0.3701E+01  0.3701E+01
  0.5382E-01  0.3643E+01  0.2516E-01  0.3647E+01  0.3647E+01
  0.5442E-01  0.3584E+01  0.2575E-01  0.3592E+01  0.3592E+01
  0.5503E-01  0.3520E+01  0.2470E-01  0.3538E+01  0.3538E+01
  0.5564E-01  0.3483E+01  0.2524E-01  0.3484E+01  0.3484E+01
  0.5625E-01  0.3417E+01  0.2495E-01  0.3431E+01  0.3431E+01
  0.5686E-01  0.3348E+01  0.2440E-01  0.3378E+01  0.3378E+01
  0.5746E-01  0.3318E+01  0.2387E-01  0.3325E+01  0.3325E+01
  0.5807E-01  0.3275E+01  0.2585E-01  0.3272E+01  0.3272E+01
  0.5868E-01  0.3204E+01  0.2607E-01  0.3220E+01  0.3220E+01
  0.5929E-01  0.3154E+01  0.2398E-01  0.3168E+01  0.3168E+01
  0.5990E-01  0.3104E+01  0.2454E-01  0.3117E+01  0.3117E+01
  0.6050E-01  0.3067E+01  0.2454E-01  0.3066E+01  0.3066E+01
  0.6111E-01  0.2995E+01  0.2474E-01  0.3015E+01  0.3015E+01
  0.6172E-01  0.2964E+01  0.2501E-01  0.2965E+01  0.2965E+01
  0.6233E-01  0.2922E+01  0.2461E-01  0.2915E+01  0.2915E+01
  0.6294E-01  0.2868E+01  0.2324E-01  0.2866E+01  0.2866E+01
  0.6354E-01  0.2787E+01  0.2443E-01  0.2817E+01  0.2817E+01
  0.6415E-01  0.2737E+01  0.2424E-01  0.2769E+01  0.2769E+01
  0.6476E-01  0.2717E+01  0.2402E-01  0.2721E+01  0.2721E+01
  0.6537E-01  0.2692E+01  0.2276E-01  0.2673E+01  0.2673E+01
  0.6598E-01  0.2636E+01  0.2326E-01  0.2626E+01  0.2626E+01
  0.6659E-01  0.2606E+01  0.2261E-01  0.2580E+01  0.2580E+01
  0.6719E-01  0.2570E+01  0.2352E-01  0.2533E+01  0.2533E+01
  0.6780E-01  0.2498E+01  0.2217E-01  0.2488E+01  0.2488E+01
  0.6841E-01  0.2438E+01  0.2152E-01  0.2443E+01  0.2443E+01
  0.6902E-01  0.2377E+01  0.2171E-01  0.2398E+01  0.2398E+01
  0.6963E-01  0.2350E+01  0.2100E-01  0.2354E+01  0.2354E+01
  0.7023E-01  0.2292E+01  0.2163E-01  0.2311E+01  0.2311E+01
  0.7084E-01  0.2291E+01  0.2576E-01  0.2267E+01  0.2267E+01
  0.7145E-01  0.2258E+01  0.2223E-01  0.2225E+01  0.2225E+01
  0.7206E-01  0.2187E+01  0.2126E-01  0.2183E+01  0.2183E+01
  0.7267E-01  0.2149E+01  0.2141E-01  0.2141E+01  0.2141E+01
  0.7327E-01  0.2106E+01  0.2151E-01  0.2100E+01  0.2100E+01
  0.7388E-01  0.2048E+01  0.2180E-01  0.2060E+01  0.2060E+01
  0.7449E-01  0.2008E+01  0.2033E-01  0.2020E+01  0.2020E+01
  0.7510E-01  0.2010E+01  0.2017E-01  0.1980E+01  0.1980E+01
  0.7571E-01  0.1985E+01  0.2045E-01  0.1941E+01  0.1941E+01
  0.7631E-01  0.1930E+01  0.2071E-01  0.1903E+01  0.1903E+01
  0.7692E-01  0.1898E+01  0.1951E-01  0.1865E+01  0.1865E+01
  0.7753E-01  0.1832E+01  0.2039E-01  0.1828E+01  0.1828E+01
  0.7814E-01  0.1801E+01  0.2028E-01  0.1791E+01  0.1791E+01
  0.7875E-01  0.1764E+01  0.1943E-01  0.1755E+01  0.1755E+01
  0.7935E-01  0.1715E+01  0.1942E-01  0.1719E+01  0.1719E+01
  0.7996E-01  0.1686E+01  0.1979E-01  0.1684E+01  0.1684E+01
  0.8057E-01  0.1655E+01  0.1983E-01  0.1649E+01  0.1649E+01
  0.8118E-01  0.1636E+01  0.1887E-01  0.1615E+01  0.1615E+01
  0.8179E-01  0.1599E+01  0.1893E-01  0.1581E+01  0.1581E+01
  0.8239E-01  0.1546E+01  0.1974E-01  0.1548E+01  0.1548E+01
  0.8300E-01  0.1524E+01  0.1865E-01  0.1515E+01  0.1515E+01
  0.8361E-01  0.1492E+01  0.1848E-01  0.1483E+01  0.1483E+01
  0.8422E-01  0.1470E+01  0.1908E-01  0.1451E+01  0.1451E+01
  0.8483E-01  0.1421E+01  0.1795E-01  0.1420E+01  0.1420E+01
  0.8544E-01  0.1371E+01  0.1895E-01  0.1390E+01  0.1390E+01
  0.8604E-01  0.1340E+01  0.1916E-01  0.1359E+01  0.1359E+01
  0.8665E-01  0.1357E+01  0.1849E-01  0.1330E+01  0.1330E+01
  0.8726E-01  0.1308E+01  0.1858E-01  0.1301E+01  0.1301E+01
  0.8787E-01  0.1297E+01  0.1861E-01  0.1272E+01  0.1272E+01
  0.8848E-01  0.1264E+01  0.1805E-01  0.1244E+01  0.1244E+01
  0.8908E-01  0.1238E+01  0.2295E-01  0.1216E+01  0.1216E+01
  0.8969E-01  0.1189E+01  0.4059E-01  0.1189E+01  0.1189E+01
  0.9030E-01  0.1178E+01  0.4170E-01  0.1162E+01  0.1162E+01
  0.9091E-01  0.1175E+01  0.8886E-01  0.1136E+01  0.1136E+01
  0.9151E-01  0.1139E+01  0.7497E-01  0.1110E+01  0.1110E+01
  0.9212E-01  0.1114E+01  0.3199E-01  0.1084E+01  0.1084E+01
  0.9273E-01  0.1068E+01  0.1755E-01  0.1059E+01  0.1059E+01
  0.9334E-01  0.1034E+01  0.1815E-01  0.1035E+01  0.1035E+01
  0.9395E-01  0.1008E+01  0.1718E-01  0.1011E+01  0.1011E+01
  0.9456E-01  0.9558E+00  0.1817E-01  0.9874E+00  0.9874E+00
  0.9516E-01  0.9693E+00  0.1733E-01  0.9642E+00  0.9642E+00
  0.9577E-01  0.9336E+00  0.1665E-01  0.9414E+00  0.9414E+00
  0.9638E-01  0.9274E+00  0.1719E-01  0.9191E+00  0.9191E+00
  0.9699E-01  0.9173E+00  0.1723E-01  0.8972E+00  0.8972E+00
  0.9760E-01  0.8934E+00  0.1681E-01  0.8757E+00  0.8757E+00
  0.9820E-01  0.8515E+00  0.1684E-01  0.8547E+00  0.8547E+00
  0.9881E-01  0.8442E+00  0.1700E-01  0.8340E+00  0.8340E+00
  0.9942E-01  0.8195E+00  0.1647E-01  0.8137E+00  0.8137E+00
  0.1000E+00  0.7802E+00  0.1810E-01  0.7938E+00  0.7938E+00
  0.1006E+00  0.7797E+00  0.2464E-01  0.7743E+00  0.7743E+00
  0.1012E+00  0.7427E+00  0.1796E-01  0.7552E+00  0.7552E+00
  0.1019E+00  0.7217E+00  0.1723E-01  0.7364E+00  0.7364E+00
  0.1025E+00  0.7097E+00  0.1790E-01  0.7180E+00  0.7180E+00
  0.1031E+00  0.6926E+00  0.1673E-01  0.7000E+00  0.7000E+00
  0.1037E+00  0.6744E+00  0.1674E-01  0.6824E+00  0.6824E+00
  0.1043E+00  0.6822E+00  0.1735E-01  0.6651E+00  0.6651E+00
  0.1049E+00  0.6892E+00  0.1739E-01  0.6482E+00  0.6482E+00
  0.1055E+00  0.6692E+00  0.1705E-01  0.6316E+00  0.6316E+00
  0.1061E+00  0.6474E+00  0.1693E-01  0.6153E+00  0.6153E+00
  0.1067E+00  0.6225E+00  0.1795E-01  0.5994E+00  0.5994E+00
  0.1073E+00  0.6022E+00  0.1764E-01  0.5839E+00  0.5839E+00
  0.1079E+00  0.5691E+00  0.1736E-01  0.5686E+00  0.5686E+00
  0.1085E+00  0.5574E+00  0.2106E-01  0.5537E+00  0.5537E+00
  0.1091E+00  0.5445E+00  0.2129E-01  0.5391E+00  0.5391E+00
  0.1098E+00  0.5235E+00  0.2087E-01  0.5248E+00  0.5248E+00
  0.1104E+00  0.5191E+00  0.2011E-01  0.5108E+00  0.5108E+00
  0.1110E+00  0.4755E+00  0.2046E-01  0.4971E+00  0.4971E+00
  0.1116E+00  0.4900E+00  0.2236E-01  0.4837E+00  0.4837E+00
  0.1122E+00  0.4867E+00  0.2126E-01  0.4706E+00  0.4706E+00
  0.1128E+00  0.4723E+00  0.2032E-01  0.4578E+00  0.4578E+00
  0.1134E+00  0.4496E+00  0.1970E-01  0.4453E+00  0.4453E+00
  0.1140E+00  0.4279E+00  0.2023E-01  0.4331E+00  0.4331E+00
  0.1146E+00  0.4380E+00  0.2088E-01  0.4211E+00  0.4211E+00
  0.1152E+00  0.4202E+00  0.2058E-01  0.4094E+00  0.4094E+00
  0.1158E+00  0.4136E+00  0.2126E-01  0.3980E+00  0.3980E+00
  0.1164E+00  0.3927E+00  0.7385E-02  0.3869E+00  0.3869E+00
  0.1171E+00  0.3758E+00  0.7135E-02  0.3760E+00  0.3760E+00
  0.1177E+00  0.3659E+00  0.6905E-02  0.3654E+00  0.3654E+00
  0.1183E+00  0.3559E+00  0.7330E-02  0.3550E+00  0.3550E+00
  0.1189E+00  0.3434E+00  0.7182E-02  0.3449E+00  0.3449E+00
  0.1195E+00  0.3383E+00  0.7268E-02  0.3350E+00  0.3350E+00
  0.1201E+00  0.3293E+00  0.7005E-02  0.3253E+00  0.3253E+00
  0.1207E+00  0.3167E+00  0.7130E-02  0.3159E+00  0.3159E+00
  0.1213E+00  0.3122E+00  0.6984E-02  0.3068E+00  0.3068E+00
  0.1219E+00  0.2984E+00  0.6987E-02  0.2978E+00  0.2978E+00
  0.1225E+00  0.2865E+00  0.6680E-02  0.2891E+00  0.2891E+00
  0.1231E+00  0.2828E+00  0.6995E-02  0.2806E+00  0.2806E+00
  0.1237E+00  0.2616E+00  0.6602E-02  0.2723E+00  0.2723E+00
  0.1244E+00  0.2540E+00  0.6641E-02  0.2643E+00  0.2643E+00
  0.1250E+00  0.2533E+00  0.6826E-02  0.2564E+00  0.2564E+00
  0.1256E+00  0.2412E+00  0.6825E-02  0.2488E+00  0.2488E+00
  0.1262E+00  0.2319E+00  0.6933E-02  0.2414E+00  0.2414E+00
  0.1268E+00  0.2141E+00  0.6486E-02  0.2341E+00  0.2341E+00
  0.1274E+00  0.2164E+00  0.6791E-02  0.2271E+00  0.2271E+00
  0.1280E+00  0.2135E+00  0.6757E-02  0.2203E+00  0.2203E+00
  0.1286E+00  0.2069E+00  0.6846E-02  0.2137E+00  0.2137E+00
  0.1292E+00  0.1939E+00  0.6865E-02  0.2072E+00  0.2072E+00
  0.1298E+00  0.1874E+00  0.6500E-02  0.2009E+00  0.2009E+00
  0.1304E+00  0.1867E+00  0.6518E-02  0.1949E+00  0.1949E+00
  0.1310E+00  0.1774E+00  0.6758E-02  0.1890E+00  0.1890E+00
  0.1316E+00  0.1730E+00  0.6443E-02  0.1832E+00  0.1832E+00
  0.1323E+00  0.1782E+00  0.6476E-02  0.1777E+00  0.1777E+00
  0.1329E+00  0.1683E+00  0.6618E-02  0.1723E+00  0.1723E+00
  0.1335E+00  0.1670E+00  0.7034E-02  0.1671E+00  0.1671E+00
  0.1341E+00  0.1690E+00  0.6499E-02  0.1621E+00  0.1621E+00
  0.1347E+00  0.1597E+00  0.6634E-02  0.1572E+00  0.1572E+00
  0.1353E+00  0.1506E+00  0.6512E-02  0.1525E+00  0.1525E+00
  0.1359E+00  0.1499E+00  0.6408E-02  0.1479E+00  0.1479E+00
  0.1365E+00  0.1412E+00  0.6949E-02  0.1435E+00  0.1435E+00
  0.1371E+00  0.1389E+00  0.6576E-02  0.1392E+00  0.1392E+00
  0.1377E+00  0.1295E+00  0.6405E-02  0.1351E+00  0.1351E+00
  0.1383E+00  0.1291E+00  0.6660E-02  0.1311E+00  0.1311E+00
  0.1389E+00  0.1298E+00  0.6351E-02  0.1273E+00  0.1273E+00
  0.1396E+00  0.1209E+00  0.6351E-02  0.1236E+00  0.1236E+00
  0.1402E+00  0.1283E+00  0.7288E-02  0.1200E+00  0.1200E+00
  0.1408E+00  0.1208E+00  0.6626E-02  0.1166E+00  0.1166E+00
  0.1414E+00  0.1115E+00  0.6383E-02  0.1133E+00  0.1133E+00
  0.1420E+00  0.1173E+00  0.6348E-02  0.1102E+00  0.1102E+00
  0.1426E+00  0.1101E+00  0.6539E-02  0.1071E+00  0.1071E+00
  0.1432E+00  0.1078E+00  0.6380E-02  0.1042E+00  0.1042E+00
  0.1438E+00  0.1115E+00  0.6649E-02  0.1014E+00  0.1014E+00
  0.1444E+00  0.1067E+00  0.6396E-02  0.9874E-01  0.9874E-01
  0.1450E+00  0.9651E-01  0.7116E-02  0.9618E-01  0.9618E-01
  0.1456E+00  0.9277E-01  0.6757E-02  0.9373E-01  0.9373E-01
  0.1462E+00  0.8252E-01  0.6281E-02  0.9139E-01  0.9139E-01
  0.1468E+00  0.8512E-01  0.6261E-02  0.8915E-01  0.8915E-01
  0.1475E+00  0.8211E-01  0.6202E-02  0.8702E-01  0.8702E-01
  0.1481E+00  0.8466E-01  0.5975E-02  0.8499E-01  0.8499E-01
  0.1487E+00  0.8948E-01  0.6209E-02  0.8306E-01  0.8306E-01
  0.1493E+00  0.8970E-01  0.6242E-02  0.8122E-01  0.8122E-01
  0.1499E+00  0.8790E-01  0.6057E-02  0.7948E-01  0.7948E-01
  0.1505E+00  0.8391E-01  0.6382E-02  0.7782E-01  0.7782E-01
  0.1511E+00  0.9523E-01  0.6420E-02  0.7626E-01  0.7626E-01
  0.1517E+00  0.8339E-01  0.6486E-02  0.7478E-01  0.7478E-01
  0.1523E+00  0.8839E-01  0.6398E-02  0.7338E-01  0.7338E-01
  0.1529E+00  0.8592E-01  0.6218E-02  0.7207E-01  0.7207E-01
  0.1535E+00  0.7762E-01  0.6005E-02  0.7083E-01  0.7083E-01
  0.1541E+00  0.7108E-01  0.6145E-02  0.6967E-01  0.6967E-01
  0.1548E+00  0.7118E-01  0.6193E-02  0.6858E-01  0.6858E-01
  0.1554E+00  0.5811E-01  0.5876E-02  0.6756E-01  0.6756E-01
  0.1560E+00  0.5865E-01  0.6014E-02  0.6661E-01  0.6661E-01
  0.1566E+00  0.5607E-01  0.6236E-02  0.6572E-01  0.6572E-01
  0.1572E+00  0.5490E-01  0.5930E-02  0.6490E-01  0.6490E-01
  0.1578E+00  0.6059E-01  0.6070E-02  0.6414E-01  0.6414E-01
  0.1584E+00  0.6283E-01  0.5825E-02  0.6344E-01  0.6344E-01
  0.1590E+00  0.6302E-01  0.5655E-02  0.6279E-01  0.6279E-01
  0.1596E+00  0.5927E-01  0.5843E-02  0.6220E-01  0.6220E-01
  0.1602E+00  0.6847E-01  0.5925E-02  0.6166E-01  0.6166E-01
  0.1608E+00  0.6430E-01  0.5596E-02  0.6116E-01  0.6116E-01
  0.1614E+00  0.6385E-01  0.6121E-02  0.6072E-01  0.6072E-01
  0.1620E+00  0.5890E-01  0.5624E-02  0.6032E-01  0.6032E-01
  0.1627E+00  0.5929E-01  0.5681E-02  0.5996E-01  0.5996E-01
  0.1633E+00  0.5428E-01  0.5702E-02  0.5965E-01  0.5965E-01
  0.1639E+00  0.5621E-01  0.5642E-02  0.5937E-01  0.5937E-01
  0.1645E+00  0.5423E-01  0.5726E-02  0.5913E-01  0.5913E-01
  0.1651E+00  0.6005E-01  0.5742E-02  0.5892E-01  0.5892E-01
  0.1657E+00  0.6405E-01  0.5781E-02  0.5875E-01  0.5875E-01
  0.1663E+00  0.6021E-01  0.5728E-02  0.5861E-01  0.5861E-01
  0.1669E+00  0.6065E-01  0.5671E-02  0.5849E-01  0.5849E-01
  0.1675E+00  0.5941E-01  0.5584E-02  0.5841E-01  0.5841E-01
  0.1681E+00  0.5958E-01  0.5539E-02  0.5834E-01  0.5834E-01
  0.1687E+00  0.6231E-01  0.5618E-02  0.5831E-01  0.5831E-01
  0.1693E+00  0.6014E-01  0.5731E-02  0.5829E-01  0.5829E-01
  0.1700E+00  0.6732E-01  0.5786E-02  0.5829E-01  0.5829E-01
  0.1706E+00  0.7031E-01  0.5619E-02  0.5831E-01  0.5831E-01
  0.1712E+00  0.6676E-01  0.5800E-02  0.5835E-01  0.5835E-01
  0.1718E+00  0.6410E-01  0.5705E-02  0.5840E-01  0.5840E-01
  0.1724E+00  0.5695E-01  0.5683E-02  0.5847E-01  0.5847E-01
  0.1730E+00  0.5693E-01  0.5716E-02  0.5854E-01  0.5854E-01
  0.1736E+00  0.5823E-01  0.5838E-02  0.5863E-01  0.5863E-01
  0.1742E+00  0.6202E-01  0.5440E-02  0.5873E-01  0.5873E-01
  0.1748E+00  0.6298E-01  0.5656E-02  0.5884E-01  0.5884E-01
  0.1754E+00  0.6405E-01  0.5513E-02  0.5895E-01  0.5895E-01
  0.1760E+00  0.6907E-01  0.5564E-02  0.5906E-01  0.5906E-01
  0.1766E+00  0.6868E-01  0.5677E-02  0.5918E-01  0.5918E-01
  0.1773E+00  0.6363E-01  0.5898E-02  0.5931E-01  0.5931E-01
  0.1779E+00  0.6022E-01  0.5848E-02  0.5943E-01  0.5943E-01
  0.1785E+00  0.6106E-01  0.5554E-02  0.5956E-01  0.5956E-01
  0.1791E+00  0.5744E-01  0.5564E-02  0.5969E-01  0.5969E-01
  0.1797E+00  0.5344E-01  0.5749E-02  0.5981E-01  0.5981E-01
  0.1803E+00  0.5038E-01  0.5704E-02  0.5993E-01  0.5993E-01
  0.1809E+00  0.5260E-01  0.5387E-02  0.6005E-01  0.6005E-01
  0.1815E+00  0.6194E-01  0.5489E-02  0.6017E-01  0.6017E-01
  0.1821E+00  0.6236E-01  0.5587E-02  0.6028E-01  0.6028E-01
  0.1827E+00  0.6071E-01  0.5629E-02  0.6039E-01  0.6039E-01
  0.1833E+00  0.6049E-01  0.5550E-02  0.6049E-01  0.6049E-01
  0.1839E+00  0.5387E-01  0.5486E-02  0.6058E-01  0.6058E-01
  0.1845E+00  0.5805E-01  0.5549E-02  0.6067E-01  0.6067E-01
  0.1852E+00  0.6449E-01  0.5455E-02  0.6074E-01  0.6074E-01
  0.1858E+00  0.5836E-01  0.5608E-02  0.6081E-01  0.6081E-01
  0.1864E+00  0.5553E-01  0.5442E-02  0.6088E-01  0.6088E-01
  0.1870E+00  0.5010E-01  0.5345E-02  0.6093E-01  0.6093E-01
  0.1876E+00  0.5361E-01  0.5928E-02  0.6097E-01  0.6097E-01
  0.1882E+00  0.5952E-01  0.5676E-02  0.6100E-01  0.6100E-01
  0.1888E+00  0.5947E-01  0.5499E-02  0.6103E-01  0.6103E-01
  0.1894E+00  0.5524E-01  0.5213E-02  0.6104E-01  0.6104E-01
  0.1900E+00  0.5287E-01  0.5214E-02  0.6104E-01  0.6104E-01
  0.1906E+00  0.5847E-01  0.5357E-02  0.6103E-01  0.6103E-01
  0.1912E+00  0.5974E-01  0.5333E-02  0.6101E-01  0.6101E-01
  0.1918E+00  0.5947E-01  0.5298E-02  0.6098E-01  0.6098E-01
  0.1925E+00  0.6444E-01  0.5322E-02  0.6094E-01  0.6094E-01
  0.1931E+00  0.6225E-01  0.5336E-02  0.6088E-01  0.6088E-01
  0.1937E+00  0.5437E-01  0.5512E-02  0.6082E-01  0.6082E-01
  0.1943E+00  0.5489E-01  0.5436E-02  0.6074E-01  0.6074E-01
  0.1949E+00  0.5633E-01  0.5336E-02  0.6065E-01  0.6065E-01
  0.1955E+00  0.5941E-01  0.5265E-02  0.6056E-01  0.6056E-01
  0.1961E+00  0.5530E-01  0.5219E-02  0.6045E-01  0.6045E-01
  0.1967E+00  0.6109E-01  0.5247E-02  0.6033E-01  0.6033E-01
  0.1973E+00  0.5509E-01  0.5329E-02  0.6020E-01  0.6020E-01
  0.1979E+00  0.5840E-01  0.5141E-02  0.6005E-01  0.6005E-01
  0.1985E+00  0.5192E-01  0.5085E-02  0.5990E-01  0.5990E-01
  0.1991E+00  0.5476E-01  0.5290E-02  0.5974E-01  0.5974E-01
  0.1997E+00  0.5353E-01  0.5230E-02  0.5957E-01  0.5957E-01
  0.2004E+00  0.4753E-01  0.5374E-02  0.5939E-01  0.5939E-01
  0.2010E+00  0.5377E-01  0.5262E-02  0.5920E-01  0.5920E-01
  0.2016E+00  0.5381E-01  0.4992E-02  0.5900E-01  0.5900E-01
  0.2022E+00  0.5439E-01  0.4920E-02  0.5879E-01  0.5879E-01
  0.2028E+00  0.5378E-01  0.5031E-02  0.5858E-01  0.5858E-01
  0.2034E+00  0.5418E-01  0.5098E-02  0.5835E-01  0.5835E-01
  0.2040E+00  0.5442E-01  0.5162E-02  0.5812E-01  0.5812E-01
  0.2046E+00  0.5630E-01  0.4852E-02  0.5788E-01  0.5788E-01
  0.2052E+00  0.4590E-01  0.5061E-02  0.5763E-01  0.5763E-01
  0.2058E+00  0.5083E-01  0.5177E-02  0.5738E-01  0.5738E-01
  0.2064E+00  0.5488E-01  0.5017E-02  0.5712E-01  0.5712E-01
  0.2070E+00  0.5896E-01  0.5022E-02  0.5685E-01  0.5685E-01
  0.2077E+00  0.6500E-01  0.5085E-02  0.5658E-01  0.5658E-01
  0.2083E+00  0.5745E-01  0.4925E-02  0.5631E-01  0.5631E-01
  0.2089E+00  0.5619E-01  0.5088E-02  0.5602E-01  0.5602E-01
  0.2095E+00  0.5773E-01  0.5034E-02  0.5574E-01  0.5574E-01
  0.2101E+00  0.6593E-01  0.4994E-02  0.5545E-01  0.5545E-01
  0.2107E+00  0.6361E-01  0.5257E-02  0.5515E-01  0.5515E-01
  0.2113E+00  0.6222E-01  0.5090E-02  0.5485E-01  0.5485E-01
  0.2119E+00  0.5732E-01  0.5160E-02  0.5455E-01  0.5455E-01
  0.2125E+00  0.6268E-01  0.5161E-02  0.5425E-01  0.5425E-01
  0.2131E+00  0.6677E-01  0.4996E-02  0.5394E-01  0.5394E-01
  0.2137E+00  0.6730E-01  0.4840E-02  0.5363E-01  0.5363E-01
  0.2143E+00  0.6762E-01  0.4839E-02  0.5332E-01  0.5332E-01
  0.2149E+00  0.5999E-01  0.4900E-02  0.5301E-01  0.5301E-01
  0.2156E+00  0.5236E-01  0.4805E-02  0.5270E-01  0.5270E-01
  0.2162E+00  0.4758E-01  0.4949E-02  0.5238E-01  0.5238E-01
  0.2168E+00  0.5128E-01  0.4855E-02  0.5207E-01  0.5207E-01
  0.2174E+00  0.5235E-01  0.4802E-02  0.5175E-01  0.5175E-01
  0.2180E+00  0.5503E-01  0.5037E-02  0.5144E-01  0.5144E-01
  0.2186E+00  0.5347E-01  0.4784E-02  0.5113E-01  0.5113E-01
  0.2192E+00  0.5036E-01  0.4904E-02  0.5081E-01  0.5081E-01
  0.2198E+00  0.4706E-01  0.4809E-02  0.5050E-01  0.5050E-01
  0.2204E+00  0.5449E-01  0.4843E-02  0.5019E-01  0.5019E-01
  0.2210E+00  0.5110E-01  0.5006E-02  0.4988E-01  0.4988E-01
  0.2216E+00  0.5523E-01  0.5219E-02  0.4957E-01  0.4957E-01
  0.2222E+00  0.5344E-01  0.5327E-02  0.4926E-01  0.4926E-01
  0.2228E+00  0.5814E-01  0.4943E-02  0.4895E-01  0.4895E-01
  0.2235E+00  0.4881E-01  0.5087E-02  0.4864E-01  0.4864E-01
  0.2241E+00  0.4937E-01  0.4831E-02  0.4834E-01  0.4834E-01
  0.2247E+00  0.4517E-01  0.4915E-02  0.4804E-01  0.4804E-01
  0.2253E+00  0.4181E-01  0.4988E-02  0.4774E-01  0.4774E-01
  0.2259E+00  0.4750E-01  0.4835E-02  0.4744E-01  0.4744E-01
  0.2265E+00  0.4245E-01  0.4786E-02  0.4715E-01  0.4715E-01
  0.2271E+00  0.4738E-01  0.4858E-02  0.4686E-01  0.4686E-01
  0.2277E+00  0.4552E-01  0.4712E-02  0.4657E-01  0.4657E-01
  0.2283E+00  0.4762E-01  0.4710E-02  0.4628E-01  0.4628E-01
  0.2289E+00  0.4663E-01  0.4833E-02  0.4600E-01  0.4600E-01
  0.2295E+00  0.4513E-01  0.4756E-02  0.4572E-01  0.4572E-01
  0.2301E+00  0.5341E-01  0.4643E-02  0.4544E-01  0.4544E-01
  0.2308E+00  0.4628E-01  0.4655E-02  0.4516E-01  0.4516E-01
  0.2314E+00  0.4584E-01  0.4687E-02  0.4489E-01  0.4489E-01
  0.2320E+00  0.4334E-01  0.4665E-02  0.4462E-01  0.4462E-01
  0.2326E+00  0.4340E-01  0.4845E-02  0.4435E-01  0.4435E-01
  0.2332E+00  0.5166E-01  0.5115E-02  0.4409E-01  0.4409E-01
  0.2338E+00  0.4482E-01  0.4708E-02  0.4382E-01  0.4382E-01
  0.2344E+00  0.4880E-01  0.4802E-02  0.4356E-01  0.4356E-01
  0.2350E+00  0.4238E-01  0.4790E-02  0.4330E-01  0.4330E-01
  0.2356E+00  0.4105E-01  0.4764E-02  0.4305E-01  0.4305E-01
  0.2362E+00  0.4800E-01  0.4601E-02  0.4280E-01  0.4280E-01
  0.2368E+00  0.4792E-01  0.4511E-02  0.4255E-01  0.4255E-01
  0.2374E+00  0.4821E-01  0.4524E-02  0.4230E-01  0.4230E-01
  0.2380E+00  0.4602E-01  0.4620E-02  0.4205E-01  0.4205E-01
  0.2387E+00  0.4090E-01  0.4709E-02  0.4181E-01  0.4181E-01
  0.2393E+00  0.4288E-01  0.4665E-02  0.4157E-01  0.4157E-01
  0.2399E+00  0.3919E-01  0.4672E-02  0.4133E-01  0.4133E-01
  0.2405E+00  0.4363E-01  0.4593E-02  0.4109E-01  0.4109E-01
  0.2411E+00  0.3677E-01  0.4540E-02  0.4085E-01  0.4085E-01
  0.2417E+00  0.3896E-01  0.4640E-02  0.4062E-01  0.4062E-01
  0.2423E+00  0.3779E-01  0.4511E-02  0.4039E-01  0.4039E-01
  0.2429E+00  0.3963E-01  0.4563E-02  0.4015E-01  0.4015E-01
  0.2435E+00  0.3323E-01  0.4574E-02  0.3993E-01  0.3993E-01
  0.2441E+00  0.3572E-01  0.4421E-02  0.3970E-01  0.3970E-01
  0.2447E+00  0.3749E-01  0.4520E-02  0.3947E-01  0.3947E-01
  0.2453E+00  0.3781E-01  0.4521E-02  0.3924E-01  0.3924E-01
  0.2460E+00  0.4193E-01  0.4516E-02  0.3902E-01  0.3902E-01
  0.2466E+00  0.3571E-01  0.4843E-02  0.3880E-01  0.3880E-01
  0.2472E+00  0.3877E-01  0.5230E-02  0.3857E-01  0.3857E-01
  0.2478E+00  0.3692E-01  0.5070E-02  0.3835E-01  0.3835E-01
  0.2484E+00  0.3685E-01  0.4514E-02  0.3813E-01  0.3813E-01
  0.2490E+00  0.3933E-01  0.4516E-02  0.3791E-01  0.3791E-01
  0.2496E+00  0.4118E-01  0.4463E-02  0.3769E-01  0.3769E-01
  0.2502E+00  0.4056E-01  0.4534E-02  0.3747E-01  0.3747E-01
  0.2508E+00  0.3815E-01  0.4495E-02  0.3725E-01  0.3725E-01
  0.2514E+00  0.3159E-01  0.4449E-02  0.3704E-01  0.3704E-01
  0.2520E+00  0.3312E-01  0.4403E-02  0.3682E-01  0.3682E-01
  0.2526E+00  0.3414E-01  0.4514E-02  0.3660E-01  0.3660E-01
  0.2532E+00  0.3014E-01  0.4445E-02  0.3639E-01  0.3639E-01
  0.2539E+00  0.3435E-01  0.4507E-02  0.3617E-01  0.3617E-01
  0.2545E+00  0.3152E-01  0.4494E-02  0.3596E-01  0.3596E-01
  0.2551E+00  0.2785E-01  0.4380E-02  0.3575E-01  0.3575E-01
  0.2557E+00  0.2518E-01  0.4365E-02  0.3553E-01  0.3553E-01
  0.2563E+00  0.2894E-01  0.4444E-02  0.3532E-01  0.3532E-01
  0.2569E+00  0.2909E-01  0.4351E-02  0.3511E-01  0.3511E-01
  0.2575E+00  0.2803E-01  0.4510E-02  0.3490E-01  0.3490E-01
  0.2581E+00  0.3252E-01  0.4432E-02  0.3469E-01  0.3469E-01
  0.2587E+00  0.3999E-01  0.4547E-02  0.3448E-01  0.3448E-01
  0.2593E+00  0.3249E-01  0.4569E-02  0.3428E-01  0.3428E-01
  0.2599E+00  0.3656E-01  0.4578E-02  0.3407E-01  0.3407E-01
  0.2605E+00  0.3157E-01  0.4430E-02  0.3386E-01  0.3386E-01
  0.2612E+00  0.3836E-01  0.4406E-02  0.3366E-01  0.3366E-01
  0.2618E+00  0.3668E-01  0.4428E-02  0.3346E-01  0.3346E-01
  0.2624E+00  0.3717E-01  0.4216E-02  0.3326E-01  0.3326E-01
  0.2630E+00  0.3636E-01  0.4463E-02  0.3306E-01  0.3306E-01
  0.2636E+00  0.3319E-01  0.4415E-02  0.3286E-01  0.3286E-01
  0.2642E+00  0.3400E-01  0.4344E-02  0.3266E-01  0.3266E-01
  0.2648E+00  0.3416E-01  0.4421E-02  0.3247E-01  0.3247E-01
  0.2654E+00  0.3587E-01  0.4491E-02  0.3228E-01  0.3228E-01
  0.2660E+00  0.2567E-01  0.4367E-02  0.3209E-01  0.3209E-01
  0.2666E+00  0.3024E-01  0.4363E-02  0.3190E-01  0.3190E-01
  0.2672E+00  0.3124E-01  0.4385E-02  0.3172E-01  0.3172E-01
  0.2678E+00  0.3332E-01  0.4432E-02  0.3153E-01  0.3153E-01
  0.2684E+00  0.3206E-01  0.4360E-02  0.3135E-01  0.3135E-01
  0.2691E+00  0.3497E-01  0.4351E-02  0.3118E-01  0.3118E-01
  0.2697E+00  0.3377E-01  0.4390E-02  0.3101E-01  0.3101E-01
  0.2703E+00  0.3769E-01  0.4354E-02  0.3084E-01  0.3084E-01
  0.2709E+00  0.3360E-01  0.4372E-02  0.3067E-01  0.3067E-01
  0.2715E+00  0.2917E-01  0.4246E-02  0.3051E-01  0.3051E-01
  0.2721E+00  0.2901E-01  0.4347E-02  0.3035E-01  0.3035E-01
  0.2727E+00  0.2157E-01  0.4462E-02  0.3019E-01  0.3019E-01
  0.2733E+00  0.2623E-01  0.4886E-02  0.3004E-01  0.3004E-01
  0.2739E+00  0.2946E-01  0.4346E-02  0.2990E-01  0.2990E-01
  0.2745E+00  0.2989E-01  0.4134E-02  0.2975E-01  0.2975E-01
  0.2751E+00  0.2798E-01  0.4186E-02  0.2962E-01  0.2962E-01
  0.2757E+00  0.2484E-01  0.4317E-02  0.2949E-01  0.2949E-01
  0.2763E+00  0.2297E-01  0.4226E-02  0.2936E-01  0.2936E-01
  0.2770E+00  0.2121E-01  0.4136E-02  0.2924E-01  0.2924E-01
  0.2776E+00  0.2618E-01  0.4060E-02  0.2912E-01  0.2912E-01
  0.2782E+00  0.2514E-01  0.4122E-02  0.2901E-01  0.2901E-01
  0.2788E+00  0.2900E-01  0.4095E-02  0.2890E-01  0.2890E-01
  0.2794E+00  0.2815E-01  0.4119E-02  0.2880E-01  0.2880E-01
  0.2800E+00  0.2692E-01  0.4135E-02  0.2870E-01  0.2870E-01
  0.2806E+00  0.2784E-01  0.4178E-02  0.2861E-01  0.2861E-01
  0.2812E+00  0.2947E-01  0.4109E-02  0.2853E-01  0.2853E-01
  0.2818E+00  0.3579E-01  0.4126E-02  0.2845E-01  0.2845E-01
  0.2824E+00  0.3195E-01  0.4000E-02  0.2838E-01  0.2838E-01
  0.2830E+00  0.3140E-01  0.3978E-02  0.2831E-01  0.2831E-01
  0.2836E+00  0.3241E-01  0.3954E-02  0.2826E-01  0.2826E-01
  0.2843E+00  0.3129E-01  0.3980E-02  0.2820E-01  0.2820E-01
  0.2849E+00  0.2972E-01  0.3943E-02  0.2815E-01  0.2815E-01
  0.2855E+00  0.3292E-01  0.4038E-02  0.2811E-01  0.2811E-01
  0.2861E+00  0.2809E-01  0.3951E-02  0.2808E-01  0.2808E-01
  0.2867E+00  0.2883E-01  0.3892E-02  0.2805E-01  0.2805E-01
  0.2873E+00  0.3180E-01  0.3902E-02  0.2803E-01  0.2803E-01
  0.2879E+00  0.2858E-01  0.3888E-02  0.2801E-01  0.2801E-01
  0.2885E+00  0.3333E-01  0.3917E-02  0.2800E-01  0.2800E-01
  0.2891E+00  0.3170E-01  0.3962E-02  0.2800E-01  0.2800E-01
  0.2897E+00  0.2800E-01  0.3877E-02  0.2800E-01  0.2800E-01
  0.2903E+00  0.2633E-01  0.3926E-02  0.2801E-01  0.2801E-01
  0.2909E+00  0.3096E-01  0.4091E-02  0.2803E-01  0.2803E-01
  0.2915E+00  0.3223E-01  0.3964E-02  0.2805E-01  0.2805E-01
  0.2922E+00  0.3015E-01  0.3912E-02  0.2808E-01  0.2808E-01
  0.2928E+00  0.2925E-01  0.4085E-02  0.2811E-01  0.2811E-01
  0.2934E+00  0.2641E-01  0.3946E-02  0.2815E-01  0.2815E-01
  0.2940E+00  0.2847E-01  0.4026E-02  0.2819E-01  0.2819E-01
  0.2946E+00  0.3284E-01  0.3910E-02  0.2824E-01  0.2824E-01
  0.2952E+00  0.2769E-01  0.3876E-02  0.2829E-01  0.2829E-01
  0.2958E+00  0.2916E-01  0.3820E-02  0.2835E-01  0.2835E-01
  0.2964E+00  0.3103E-01  0.3794E-02  0.2842E-01  0.2842E-01
  0.2970E+00  0.2864E-01  0.3762E-02  0.2849E-01  0.2849E-01
  0.2976E+00  0.2450E-01  0.3816E-02  0.2856E-01  0.2856E-01
  0.2982E+00  0.2910E-01  0.3759E-02  0.2864E-01  0.2864E-01
  0.2988E+00  0.2899E-01  0.3787E-02  0.2872E-01  0.2872E-01
  0.2995E+00  0.2737E-01  0.3733E-02  0.2880E-01  0.2880E-01
  0.3001E+00  0.3134E-01  0.3814E-02  0.2889E-01  0.2889E-01
  0.3007E+00  0.3090E-01  0.3716E-02  0.2898E-01  0.2898E-01
  0.3013E+00  0.2908E-01  0.3733E-02  0.2908E-01  0.2908E-01
  0.3019E+00  0.3367E-01  0.3776E-02  0.2918E-01  0.2918E-01
  0.3025E+00  0.3089E-01  0.3774E-02  0.2928E-01  0.2928E-01
  0.3031E+00  0.3139E-01  0.3708E-02  0.2938E-01  0.2938E-01
  0.3037E+00  0.2836E-01  0.3776E-02  0.2948E-01  0.2948E-01
  0.3043E+00  0.2585E-01  0.3601E-02  0.2959E-01  0.2959E-01
  0.3049E+00  0.2559E-01  0.3691E-02  0.2969E-01  0.2969E-01
  0.3055E+00  0.2585E-01  0.3790E-02  0.2980E-01  0.2980E-01
  0.3061E+00  0.2452E-01  0.3884E-02  0.2991E-01  0.2991E-01
  0.3067E+00  0.3080E-01  0.3762E-02  0.3002E-01  0.3002E-01
  0.3074E+00  0.2716E-01  0.3808E-02  0.3013E-01  0.3013E-01
  0.3080E+00  0.2711E-01  0.3672E-02  0.3024E-01  0.3024E-01
  0.3086E+00  0.2960E-01  0.3751E-02  0.3034E-01  0.3034E-01
  0.3092E+00  0.2682E-01  0.3653E-02  0.3045E-01  0.3045E-01
  0.3098E+00  0.3142E-01  0.3637E-02  0.3056E-01  0.3056E-01
  0.3104E+00  0.2898E-01  0.3692E-02  0.3066E-01  0.3066E-01
  0.3110E+00  0.2986E-01  0.3748E-02  0.3077E-01  0.3077E-01
  0.3116E+00  0.3116E-01  0.3572E-02  0.3087E-01  0.3087E-01
  0.3122E+00  0.2807E-01  0.3623E-02  0.3096E-01  0.3096E-01
  0.3128E+00  0.3110E-01  0.3689E-02  0.3106E-01  0.3106E-01
  0.3134E+00  0.3009E-01  0.3674E-02  0.3115E-01  0.3115E-01
  0.3140E+00  0.3299E-01  0.3893E-02  0.3124E-01  0.3124E-01
  0.3146E+00  0.2755E-01  0.4220E-02  0.3132E-01  0.3132E-01
  0.3153E+00  0.3122E-01  0.4464E-02  0.3140E-01  0.3140E-01
  0.3159E+00  0.3508E-01  0.4737E-02  0.3148E-01  0.3148E-01
  0.3165E+00  0.3485E-01  0.5413E-02  0.3155E-01  0.3155E-01
  0.3171E+00  0.4121E-01  0.5220E-02  0.3162E-01  0.3162E-01
  0.3177E+00  0.3372E-01  0.5502E-02  0.3168E-01  0.3168E-01
  0.3183E+00  0.2864E-01  0.5810E-02  0.3174E-01  0.3174E-01
  0.3189E+00  0.3643E-01  0.6873E-02  0.3179E-01  0.3179E-01
  0.3195E+00  0.3776E-01  0.8410E-02  0.3183E-01  0.3183E-01

           Distance distribution  function of particle  


       R          P(R)      ERROR

  0.0000E+00  0.0000E+00  0.0000E+00
  0.8352E+00  0.2069E-03  0.1306E-04
  0.1670E+01  0.4438E-03  0.2089E-04
  0.2506E+01  0.7108E-03  0.2389E-04
  0.3341E+01  0.1008E-02  0.2266E-04
  0.4176E+01  0.1336E-02  0.1801E-04
  0.5011E+01  0.1694E-02  0.1097E-04
  0.5846E+01  0.2083E-02  0.3771E-05
  0.6682E+01  0.2502E-02  0.8429E-05
  0.7517E+01  0.2951E-02  0.1697E-04
  0.8352E+01  0.3429E-02  0.2451E-04
  0.9187E+01  0.3935E-02  0.3017E-04
  0.1002E+02  0.4467E-02  0.3342E-04
  0.1086E+02  0.5024E-02  0.3401E-04
  0.1169E+02  0.5604E-02  0.3193E-04
  0.1253E+02  0.6202E-02  0.2743E-04
  0.1336E+02  0.6815E-02  0.2109E-04
  0.1420E+02  0.7440E-02  0.1407E-04
  0.1503E+02  0.8072E-02  0.9686E-05
  0.1587E+02  0.8705E-02  0.1308E-04
  0.1670E+02  0.9336E-02  0.2030E-04
  0.1754E+02  0.9957E-02  0.2738E-04
  0.1837E+02  0.1057E-01  0.3296E-04
  0.1921E+02  0.1115E-01  0.3643E-04
  0.2004E+02  0.1172E-01  0.3745E-04
  0.2088E+02  0.1225E-01  0.3600E-04
  0.2172E+02  0.1275E-01  0.3228E-04
  0.2255E+02  0.1321E-01  0.2684E-04
  0.2339E+02  0.1363E-01  0.2074E-04
  0.2422E+02  0.1401E-01  0.1611E-04
  0.2506E+02  0.1433E-01  0.1618E-04
  0.2589E+02  0.1461E-01  0.2095E-04
  0.2673E+02  0.1484E-01  0.2723E-04
  0.2756E+02  0.1502E-01  0.3294E-04
  0.2840E+02  0.1516E-01  0.3707E-04
  0.2923E+02  0.1524E-01  0.3915E-04
  0.3007E+02  0.1528E-01  0.3907E-04
  0.3090E+02  0.1528E-01  0.3701E-04
  0.3174E+02  0.1523E-01  0.3356E-04
  0.3257E+02  0.1514E-01  0.2974E-04
  0.3341E+02  0.1501E-01  0.2705E-04
  0.3424E+02  0.1485E-01  0.2699E-04
  0.3508E+02  0.1465E-01  0.2980E-04
  0.3591E+02  0.1442E-01  0.3425E-04
  0.3675E+02  0.1416E-01  0.3877E-04
  0.3758E+02  0.1386E-01  0.4223E-04
  0.3842E+02  0.1354E-01  0.4393E-04
  0.3925E+02  0.1318E-01  0.4354E-04
  0.4009E+02  0.1280E-01  0.4109E-04
  0.4092E+02  0.1239E-01  0.3697E-04
  0.4176E+02  0.1195E-01  0.3204E-04
  0.4260E+02  0.1149E-01  0.2782E-04
  0.4343E+02  0.1101E-01  0.2632E-04
  0.4427E+02  0.1051E-01  0.2866E-04
  0.4510E+02  0.9989E-02  0.3379E-04
  0.4594E+02  0.9460E-02  0.3980E-04
  0.4677E+02  0.8925E-02  0.4522E-04
  0.4761E+02  0.8389E-02  0.4919E-04
  0.4844E+02  0.7858E-02  0.5129E-04
  0.4928E+02  0.7338E-02  0.5146E-04
  0.5011E+02  0.6834E-02  0.4997E-04
  0.5095E+02  0.6353E-02  0.4743E-04
  0.5178E+02  0.5900E-02  0.4469E-04
  0.5262E+02  0.5481E-02  0.4272E-04
  0.5345E+02  0.5098E-02  0.4226E-04
  0.5429E+02  0.4754E-02  0.4341E-04
  0.5512E+02  0.4450E-02  0.4557E-04
  0.5596E+02  0.4187E-02  0.4785E-04
  0.5679E+02  0.3961E-02  0.4946E-04
  0.5763E+02  0.3771E-02  0.4993E-04
  0.5846E+02  0.3610E-02  0.4918E-04
  0.5930E+02  0.3474E-02  0.4753E-04
  0.6013E+02  0.3356E-02  0.4570E-04
  0.6097E+02  0.3248E-02  0.4459E-04
  0.6180E+02  0.3144E-02  0.4496E-04
  0.6264E+02  0.3036E-02  0.4699E-04
  0.6348E+02  0.2918E-02  0.5014E-04
  0.6431E+02  0.2786E-02  0.5353E-04
  0.6515E+02  0.2638E-02  0.5632E-04
  0.6598E+02  0.2470E-02  0.5799E-04
  0.6682E+02  0.2286E-02  0.5849E-04
  0.6765E+02  0.2088E-02  0.5823E-04
  0.6849E+02  0.1881E-02  0.5807E-04
  0.6932E+02  0.1673E-02  0.5906E-04
  0.7016E+02  0.1472E-02  0.6194E-04
  0.7099E+02  0.1289E-02  0.6665E-04
  0.7183E+02  0.1132E-02  0.7240E-04
  0.7266E+02  0.1011E-02  0.7803E-04
  0.7350E+02  0.9338E-03  0.8248E-04
  0.7433E+02  0.9044E-03  0.8509E-04
  0.7517E+02  0.9242E-03  0.8582E-04
  0.7600E+02  0.9897E-03  0.8538E-04
  0.7684E+02  0.1092E-02  0.8508E-04
  0.7767E+02  0.1215E-02  0.8634E-04
  0.7851E+02  0.1339E-02  0.8973E-04
  0.7934E+02  0.1433E-02  0.9404E-04
  0.8018E+02  0.1462E-02  0.9636E-04
  0.8101E+02  0.1384E-02  0.9271E-04
  0.8185E+02  0.1151E-02  0.7856E-04
  0.8268E+02  0.7084E-03  0.4922E-04
  0.8352E+02  0.0000E+00  0.0000E+00
          Reciprocal space: Rg =   26.77     , I(0) =   0.7189E+01
     Real space: Rg =   26.82 +- 0.066  I(0) =   0.7189E+01 +-  0.1660E-01
