
           ####    G N O M   ---   Version 4.5a revised 09/02/02     ####

                                                  Wed May 19 19:45:03 2010
           ===    Run No   1   ===
 Run title:   Merge of: p1_H2_2.mccd p1_H3_2.mccd p1_H6_2.mccd p1_H7_1.mccd p1


  Number of points omitted at the beginning:          35
   *******   Working Directory :
   *******    Input file(s) :
           Condition P(rmin) = 0 is used. 
           Condition P(rmax) = 0 is used. 

          Experimental conditions for the first run
          -----------------------------------------

          Highest ALPHA is found to be   0.1133E+03

  The measure of inconsistency AN1 equals to    0.8229E+00
     Alpha    Discrp  Oscill  Stabil  Sysdev  Positv  Valcen    Total   
  0.1133E+06 46.2167  1.3415  0.9449  0.0000  1.0000  0.8217  0.30341
  0.2267E+05 40.7130  1.3076  0.8118  0.0000  1.0000  0.8323  0.31279
  0.4534E+04 28.9982  1.2181  0.5668  0.0403  1.0000  0.8660  0.33825
  0.9068E+03 15.6605  1.1606  0.3541  0.0313  1.0000  0.9119  0.35777
  0.1814E+03  5.4955  1.1639  0.1461  0.1969  1.0000  0.9373  0.43128
  0.3627E+02  1.4412  1.1750  0.0374  0.3937  1.0000  0.9462  0.63338
  0.7254E+01  0.5849  1.1804  0.0090  0.6443  1.0000  0.9487  0.84695
  0.1451E+01  0.4972  1.1833  0.0049  0.6890  1.0000  0.9497  0.85872
  0.2902E+00  0.4854  1.1885  0.0077  0.6980  1.0000  0.9497  0.86125
  0.5803E-01  0.4764  1.2218  0.0177  0.6980  1.0000  0.9482  0.85546
  0.1161E-01  0.4671  1.3784  0.0458  0.7069  1.0000  0.9463  0.81661
  0.2321E-02  0.4488  2.4841  0.1902  0.6980  0.9985  0.9411  0.44543
  0.4643E-03  0.4055  5.8426  0.3462  0.6443  0.9796  0.8854  0.36547
  0.9285E-04  0.3743  7.7239  0.1974  0.6309  0.9374  0.5773  0.29780
  0.1857E-04  0.3686  7.8551  0.2341  0.6309  0.9135  0.5594  0.27540
  0.3714E-05  0.3655  8.0752  0.4355  0.6219  0.8620  0.5238  0.24126
  0.7428E-06  0.3622  8.6479  0.3458  0.6219  0.8000  0.4719  0.22621
  0.1486E-06  0.3606  8.8633  0.5241  0.6130  0.7635  0.4458  0.21750
  0.2971E-07  0.3570 10.3362  0.7498  0.6130  0.7262  0.3966  0.21588
  0.5943E-08  0.3487 11.1533  0.5310  0.6309  0.7113  0.3698  0.22543
  0.1189E-08  0.3431 11.8819  0.2664  0.6667  0.7105  0.3642  0.24810
  0.2377E-09  0.3404 14.4876  0.7058  0.6846  0.7235  0.3715  0.00000

          ***  Golden section search to maximize estimate ***
     Alpha    Discrp  Oscill  Stabil  Sysdev  Positv  Valcen    Total   
  0.7846E+00  0.4908  1.1847  0.0045  0.6890  1.0000  0.9498  0.85750
  0.4243E+00  0.4872  1.1866  0.0058  0.6890  1.0000  0.9498  0.85659
  0.6204E+00  0.4892  1.1853  0.0047  0.6890  1.0000  0.9499  0.85716
  0.4905E+00  0.4879  1.1861  0.0053  0.6890  1.0000  0.9498  0.85682
  0.5672E+00  0.4887  1.1856  0.0049  0.6890  1.0000  0.9499  0.85703
  0.5185E+00  0.4882  1.1859  0.0051  0.6980  1.0000  0.9498  0.86228
  0.5480E+00  0.4885  1.1857  0.0050  0.6980  1.0000  0.9498  0.86236
  0.5553E+00  0.4886  1.1857  0.0049  0.6980  1.0000  0.9498  0.86238
  0.5598E+00  0.4886  1.1856  0.0049  0.6980  1.0000  0.9499  0.86239
  0.5626E+00  0.4887  1.1856  0.0049  0.6980  1.0000  0.9499  0.86240
  0.5643E+00  0.4887  1.1856  0.0049  0.6980  1.0000  0.9499  0.86240
  0.5654E+00  0.4887  1.1856  0.0049  0.6890  1.0000  0.9499  0.85703
  0.5637E+00  0.4887  1.1856  0.0049  0.6980  1.0000  0.9499  0.86240
  0.5647E+00  0.4887  1.1856  0.0049  0.6980  1.0000  0.9499  0.86241
  0.5650E+00  0.4887  1.1856  0.0049  0.6890  1.0000  0.9499  0.85703
  0.5647E+00  0.4887  1.1856  0.0049  0.6980  1.0000  0.9499  0.86241



             ####            Final results            ####

 Parameter    DISCRP    OSCILL    STABIL    SYSDEV    POSITV    VALCEN
 Weight        1.000     3.000     3.000     5.000     1.000     1.000
 Sigma         0.300     0.600     0.120     0.500     0.120     0.120
 Ideal         0.700     1.200     0.000     1.000     1.000     0.950
 Current       0.489     1.186     0.005     0.698     1.000     0.950
                - - - - - - - - - - - - - - - - - - - - - - - - - 
 Estimate      0.609     0.999     0.998     0.694     1.000     1.000

  Angular   range    :     from    0.0417   to    0.3134
  Real space range   :     from      0.00   to     62.36

  Highest ALPHA (theor) :   0.113E+06                 JOB = 0
  Current ALPHA         :   0.565E+00   Rg :  0.211E+02   I(0) :   0.446E+01

           Total  estimate : 0.862  which is    A GOOD      solution

      S          J EXP       ERROR       J REG       I REG

  0.0000E+00                                      0.4458E+01
  0.1488E-02                                      0.4457E+01
  0.2975E-02                                      0.4453E+01
  0.4463E-02                                      0.4445E+01
  0.5951E-02                                      0.4435E+01
  0.7438E-02                                      0.4422E+01
  0.8926E-02                                      0.4406E+01
  0.1041E-01                                      0.4387E+01
  0.1190E-01                                      0.4366E+01
  0.1339E-01                                      0.4341E+01
  0.1488E-01                                      0.4314E+01
  0.1636E-01                                      0.4285E+01
  0.1785E-01                                      0.4252E+01
  0.1934E-01                                      0.4218E+01
  0.2083E-01                                      0.4180E+01
  0.2231E-01                                      0.4141E+01
  0.2380E-01                                      0.4099E+01
  0.2529E-01                                      0.4054E+01
  0.2678E-01                                      0.4008E+01
  0.2827E-01                                      0.3959E+01
  0.2975E-01                                      0.3909E+01
  0.3124E-01                                      0.3856E+01
  0.3273E-01                                      0.3802E+01
  0.3422E-01                                      0.3746E+01
  0.3570E-01                                      0.3688E+01
  0.3719E-01                                      0.3629E+01
  0.3868E-01                                      0.3569E+01
  0.4017E-01                                      0.3507E+01
  0.4165E-01  0.3490E+01  0.5103E-01  0.3444E+01  0.3444E+01
  0.4226E-01  0.3330E+01  0.5371E-01  0.3417E+01  0.3417E+01
  0.4287E-01  0.3373E+01  0.4628E-01  0.3391E+01  0.3391E+01
  0.4348E-01  0.3378E+01  0.4658E-01  0.3365E+01  0.3365E+01
  0.4409E-01  0.3349E+01  0.4513E-01  0.3338E+01  0.3338E+01
  0.4469E-01  0.3249E+01  0.4329E-01  0.3311E+01  0.3311E+01
  0.4530E-01  0.3273E+01  0.4226E-01  0.3284E+01  0.3284E+01
  0.4591E-01  0.3301E+01  0.4272E-01  0.3257E+01  0.3257E+01
  0.4652E-01  0.3305E+01  0.4302E-01  0.3230E+01  0.3230E+01
  0.4713E-01  0.3294E+01  0.4136E-01  0.3203E+01  0.3203E+01
  0.4773E-01  0.3259E+01  0.4503E-01  0.3175E+01  0.3175E+01
  0.4834E-01  0.3256E+01  0.4542E-01  0.3147E+01  0.3147E+01
  0.4895E-01  0.3106E+01  0.4299E-01  0.3120E+01  0.3120E+01
  0.4956E-01  0.3137E+01  0.4105E-01  0.3092E+01  0.3092E+01
  0.5017E-01  0.3084E+01  0.4115E-01  0.3064E+01  0.3064E+01
  0.5078E-01  0.3095E+01  0.4313E-01  0.3036E+01  0.3036E+01
  0.5138E-01  0.3042E+01  0.4446E-01  0.3008E+01  0.3008E+01
  0.5199E-01  0.3048E+01  0.4416E-01  0.2980E+01  0.2980E+01
  0.5260E-01  0.3013E+01  0.4639E-01  0.2951E+01  0.2951E+01
  0.5321E-01  0.2942E+01  0.3984E-01  0.2923E+01  0.2923E+01
  0.5382E-01  0.2899E+01  0.3980E-01  0.2895E+01  0.2895E+01
  0.5442E-01  0.2832E+01  0.3972E-01  0.2866E+01  0.2866E+01
  0.5503E-01  0.2812E+01  0.3805E-01  0.2838E+01  0.2838E+01
  0.5564E-01  0.2855E+01  0.3594E-01  0.2810E+01  0.2810E+01
  0.5625E-01  0.2810E+01  0.3562E-01  0.2781E+01  0.2781E+01
  0.5686E-01  0.2820E+01  0.3802E-01  0.2753E+01  0.2753E+01
  0.5746E-01  0.2784E+01  0.3697E-01  0.2724E+01  0.2724E+01
  0.5807E-01  0.2734E+01  0.3609E-01  0.2696E+01  0.2696E+01
  0.5868E-01  0.2644E+01  0.4028E-01  0.2667E+01  0.2667E+01
  0.5929E-01  0.2701E+01  0.3641E-01  0.2638E+01  0.2638E+01
  0.5990E-01  0.2618E+01  0.3895E-01  0.2610E+01  0.2610E+01
  0.6050E-01  0.2599E+01  0.3655E-01  0.2582E+01  0.2582E+01
  0.6111E-01  0.2627E+01  0.4434E-01  0.2553E+01  0.2553E+01
  0.6172E-01  0.2595E+01  0.4323E-01  0.2525E+01  0.2525E+01
  0.6233E-01  0.2559E+01  0.5693E-01  0.2496E+01  0.2496E+01
  0.6294E-01  0.2444E+01  0.4013E-01  0.2468E+01  0.2468E+01
  0.6354E-01  0.2393E+01  0.3523E-01  0.2440E+01  0.2440E+01
  0.6415E-01  0.2363E+01  0.3408E-01  0.2411E+01  0.2411E+01
  0.6476E-01  0.2365E+01  0.3416E-01  0.2383E+01  0.2383E+01
  0.6537E-01  0.2318E+01  0.3362E-01  0.2355E+01  0.2355E+01
  0.6598E-01  0.2319E+01  0.3379E-01  0.2327E+01  0.2327E+01
  0.6659E-01  0.2283E+01  0.3359E-01  0.2299E+01  0.2299E+01
  0.6719E-01  0.2241E+01  0.3105E-01  0.2271E+01  0.2271E+01
  0.6780E-01  0.2214E+01  0.3192E-01  0.2243E+01  0.2243E+01
  0.6841E-01  0.2228E+01  0.3174E-01  0.2216E+01  0.2216E+01
  0.6902E-01  0.2180E+01  0.3020E-01  0.2188E+01  0.2188E+01
  0.6963E-01  0.2129E+01  0.3304E-01  0.2161E+01  0.2161E+01
  0.7023E-01  0.2115E+01  0.3168E-01  0.2133E+01  0.2133E+01
  0.7084E-01  0.2067E+01  0.2699E-01  0.2106E+01  0.2106E+01
  0.7145E-01  0.2073E+01  0.2270E-01  0.2079E+01  0.2079E+01
  0.7206E-01  0.2052E+01  0.2037E-01  0.2052E+01  0.2052E+01
  0.7267E-01  0.1996E+01  0.2117E-01  0.2025E+01  0.2025E+01
  0.7327E-01  0.1935E+01  0.2197E-01  0.1998E+01  0.1998E+01
  0.7388E-01  0.1935E+01  0.2365E-01  0.1972E+01  0.1972E+01
  0.7449E-01  0.1929E+01  0.3267E-01  0.1945E+01  0.1945E+01
  0.7510E-01  0.1929E+01  0.5950E-01  0.1919E+01  0.1919E+01
  0.7571E-01  0.1872E+01  0.3283E-01  0.1893E+01  0.1893E+01
  0.7631E-01  0.1876E+01  0.2812E-01  0.1867E+01  0.1867E+01
  0.7692E-01  0.1807E+01  0.1856E-01  0.1841E+01  0.1841E+01
  0.7753E-01  0.1782E+01  0.1502E-01  0.1815E+01  0.1815E+01
  0.7814E-01  0.1788E+01  0.1513E-01  0.1789E+01  0.1789E+01
  0.7875E-01  0.1781E+01  0.1465E-01  0.1764E+01  0.1764E+01
  0.7935E-01  0.1747E+01  0.1581E-01  0.1739E+01  0.1739E+01
  0.7996E-01  0.1738E+01  0.1419E-01  0.1714E+01  0.1714E+01
  0.8057E-01  0.1708E+01  0.1469E-01  0.1689E+01  0.1689E+01
  0.8118E-01  0.1667E+01  0.1427E-01  0.1664E+01  0.1664E+01
  0.8179E-01  0.1646E+01  0.1522E-01  0.1640E+01  0.1640E+01
  0.8239E-01  0.1601E+01  0.1554E-01  0.1615E+01  0.1615E+01
  0.8300E-01  0.1598E+01  0.1538E-01  0.1591E+01  0.1591E+01
  0.8361E-01  0.1563E+01  0.1489E-01  0.1567E+01  0.1567E+01
  0.8422E-01  0.1553E+01  0.1704E-01  0.1544E+01  0.1544E+01
  0.8483E-01  0.1522E+01  0.1273E-01  0.1520E+01  0.1520E+01
  0.8544E-01  0.1483E+01  0.1332E-01  0.1497E+01  0.1497E+01
  0.8604E-01  0.1450E+01  0.1279E-01  0.1474E+01  0.1474E+01
  0.8665E-01  0.1433E+01  0.1182E-01  0.1451E+01  0.1451E+01
  0.8726E-01  0.1414E+01  0.1218E-01  0.1428E+01  0.1428E+01
  0.8787E-01  0.1402E+01  0.1179E-01  0.1406E+01  0.1406E+01
  0.8848E-01  0.1384E+01  0.1175E-01  0.1383E+01  0.1383E+01
  0.8908E-01  0.1363E+01  0.1153E-01  0.1361E+01  0.1361E+01
  0.8969E-01  0.1344E+01  0.1298E-01  0.1339E+01  0.1339E+01
  0.9030E-01  0.1297E+01  0.1261E-01  0.1318E+01  0.1318E+01
  0.9091E-01  0.1282E+01  0.1259E-01  0.1296E+01  0.1296E+01
  0.9151E-01  0.1272E+01  0.1186E-01  0.1275E+01  0.1275E+01
  0.9212E-01  0.1240E+01  0.1189E-01  0.1254E+01  0.1254E+01
  0.9273E-01  0.1250E+01  0.1195E-01  0.1233E+01  0.1233E+01
  0.9334E-01  0.1207E+01  0.1180E-01  0.1213E+01  0.1213E+01
  0.9395E-01  0.1198E+01  0.1205E-01  0.1193E+01  0.1193E+01
  0.9456E-01  0.1170E+01  0.1244E-01  0.1173E+01  0.1173E+01
  0.9516E-01  0.1155E+01  0.1184E-01  0.1153E+01  0.1153E+01
  0.9577E-01  0.1131E+01  0.1214E-01  0.1133E+01  0.1133E+01
  0.9638E-01  0.1102E+01  0.1205E-01  0.1114E+01  0.1114E+01
  0.9699E-01  0.1060E+01  0.1199E-01  0.1095E+01  0.1095E+01
  0.9760E-01  0.1065E+01  0.1164E-01  0.1076E+01  0.1076E+01
  0.9820E-01  0.1048E+01  0.1170E-01  0.1057E+01  0.1057E+01
  0.9881E-01  0.1036E+01  0.1204E-01  0.1038E+01  0.1038E+01
  0.9942E-01  0.1014E+01  0.1149E-01  0.1020E+01  0.1020E+01
  0.1000E+00  0.1013E+01  0.1146E-01  0.1002E+01  0.1002E+01
  0.1006E+00  0.9914E+00  0.1113E-01  0.9844E+00  0.9844E+00
  0.1012E+00  0.9770E+00  0.1108E-01  0.9668E+00  0.9668E+00
  0.1019E+00  0.9591E+00  0.1088E-01  0.9495E+00  0.9495E+00
  0.1025E+00  0.9285E+00  0.1128E-01  0.9324E+00  0.9324E+00
  0.1031E+00  0.9240E+00  0.1099E-01  0.9155E+00  0.9155E+00
  0.1037E+00  0.9020E+00  0.1135E-01  0.8989E+00  0.8989E+00
  0.1043E+00  0.8882E+00  0.1052E-01  0.8825E+00  0.8825E+00
  0.1049E+00  0.8696E+00  0.1054E-01  0.8663E+00  0.8663E+00
  0.1055E+00  0.8425E+00  0.1143E-01  0.8503E+00  0.8503E+00
  0.1061E+00  0.8250E+00  0.1162E-01  0.8346E+00  0.8346E+00
  0.1067E+00  0.8196E+00  0.1085E-01  0.8191E+00  0.8191E+00
  0.1073E+00  0.8174E+00  0.1125E-01  0.8038E+00  0.8038E+00
  0.1079E+00  0.7945E+00  0.1077E-01  0.7888E+00  0.7888E+00
  0.1085E+00  0.7771E+00  0.1076E-01  0.7739E+00  0.7739E+00
  0.1091E+00  0.7660E+00  0.1098E-01  0.7593E+00  0.7593E+00
  0.1098E+00  0.7582E+00  0.1078E-01  0.7450E+00  0.7450E+00
  0.1104E+00  0.7455E+00  0.9772E-02  0.7308E+00  0.7308E+00
  0.1110E+00  0.7263E+00  0.1048E-01  0.7168E+00  0.7168E+00
  0.1116E+00  0.7219E+00  0.1002E-01  0.7031E+00  0.7031E+00
  0.1122E+00  0.6995E+00  0.1028E-01  0.6896E+00  0.6896E+00
  0.1128E+00  0.7015E+00  0.1064E-01  0.6763E+00  0.6763E+00
  0.1134E+00  0.6815E+00  0.1036E-01  0.6632E+00  0.6632E+00
  0.1140E+00  0.6664E+00  0.1009E-01  0.6504E+00  0.6504E+00
  0.1146E+00  0.6310E+00  0.1041E-01  0.6377E+00  0.6377E+00
  0.1152E+00  0.6313E+00  0.1033E-01  0.6253E+00  0.6253E+00
  0.1158E+00  0.6119E+00  0.1079E-01  0.6130E+00  0.6130E+00
  0.1164E+00  0.6019E+00  0.1079E-01  0.6010E+00  0.6010E+00
  0.1171E+00  0.5991E+00  0.9805E-02  0.5892E+00  0.5892E+00
  0.1177E+00  0.5848E+00  0.9750E-02  0.5775E+00  0.5775E+00
  0.1183E+00  0.5672E+00  0.9890E-02  0.5661E+00  0.5661E+00
  0.1189E+00  0.5549E+00  0.1004E-01  0.5549E+00  0.5549E+00
  0.1195E+00  0.5524E+00  0.1011E-01  0.5439E+00  0.5439E+00
  0.1201E+00  0.5396E+00  0.9691E-02  0.5330E+00  0.5330E+00
  0.1207E+00  0.5178E+00  0.9688E-02  0.5224E+00  0.5224E+00
  0.1213E+00  0.5211E+00  0.1037E-01  0.5120E+00  0.5120E+00
  0.1219E+00  0.5024E+00  0.1037E-01  0.5017E+00  0.5017E+00
  0.1225E+00  0.4966E+00  0.9972E-02  0.4916E+00  0.4916E+00
  0.1231E+00  0.4751E+00  0.9850E-02  0.4818E+00  0.4818E+00
  0.1237E+00  0.4683E+00  0.9964E-02  0.4721E+00  0.4721E+00
  0.1244E+00  0.4556E+00  0.1004E-01  0.4625E+00  0.4625E+00
  0.1250E+00  0.4524E+00  0.9827E-02  0.4532E+00  0.4532E+00
  0.1256E+00  0.4463E+00  0.9674E-02  0.4441E+00  0.4441E+00
  0.1262E+00  0.4366E+00  0.9641E-02  0.4351E+00  0.4351E+00
  0.1268E+00  0.4325E+00  0.9636E-02  0.4263E+00  0.4263E+00
  0.1274E+00  0.4126E+00  0.9538E-02  0.4177E+00  0.4177E+00
  0.1280E+00  0.4102E+00  0.1030E-01  0.4092E+00  0.4092E+00
  0.1286E+00  0.4069E+00  0.1010E-01  0.4009E+00  0.4009E+00
  0.1292E+00  0.4018E+00  0.9517E-02  0.3928E+00  0.3928E+00
  0.1298E+00  0.3821E+00  0.1001E-01  0.3848E+00  0.3848E+00
  0.1304E+00  0.3780E+00  0.1005E-01  0.3770E+00  0.3770E+00
  0.1310E+00  0.3956E+00  0.9856E-02  0.3694E+00  0.3694E+00
  0.1316E+00  0.3668E+00  0.9502E-02  0.3619E+00  0.3619E+00
  0.1323E+00  0.3572E+00  0.9522E-02  0.3545E+00  0.3545E+00
  0.1329E+00  0.3457E+00  0.9456E-02  0.3474E+00  0.3474E+00
  0.1335E+00  0.3508E+00  0.9509E-02  0.3403E+00  0.3403E+00
  0.1341E+00  0.3332E+00  0.9555E-02  0.3334E+00  0.3334E+00
  0.1347E+00  0.3237E+00  0.7005E-02  0.3267E+00  0.3267E+00
  0.1353E+00  0.3161E+00  0.6921E-02  0.3201E+00  0.3201E+00
  0.1359E+00  0.3032E+00  0.6930E-02  0.3136E+00  0.3136E+00
  0.1365E+00  0.2980E+00  0.7251E-02  0.3073E+00  0.3073E+00
  0.1371E+00  0.3004E+00  0.7008E-02  0.3012E+00  0.3012E+00
  0.1377E+00  0.2951E+00  0.6949E-02  0.2951E+00  0.2951E+00
  0.1383E+00  0.2880E+00  0.6853E-02  0.2892E+00  0.2892E+00
  0.1389E+00  0.2841E+00  0.7011E-02  0.2834E+00  0.2834E+00
  0.1396E+00  0.2740E+00  0.6746E-02  0.2777E+00  0.2777E+00
  0.1402E+00  0.2677E+00  0.6800E-02  0.2722E+00  0.2722E+00
  0.1408E+00  0.2656E+00  0.6755E-02  0.2668E+00  0.2668E+00
  0.1414E+00  0.2603E+00  0.6829E-02  0.2615E+00  0.2615E+00
  0.1420E+00  0.2581E+00  0.6669E-02  0.2564E+00  0.2564E+00
  0.1426E+00  0.2544E+00  0.6611E-02  0.2513E+00  0.2513E+00
  0.1432E+00  0.2376E+00  0.6673E-02  0.2464E+00  0.2464E+00
  0.1438E+00  0.2466E+00  0.6753E-02  0.2416E+00  0.2416E+00
  0.1444E+00  0.2382E+00  0.6640E-02  0.2368E+00  0.2368E+00
  0.1450E+00  0.2326E+00  0.6570E-02  0.2322E+00  0.2322E+00
  0.1456E+00  0.2274E+00  0.6724E-02  0.2277E+00  0.2277E+00
  0.1462E+00  0.2093E+00  0.6615E-02  0.2234E+00  0.2234E+00
  0.1468E+00  0.2151E+00  0.6657E-02  0.2191E+00  0.2191E+00
  0.1475E+00  0.2190E+00  0.7544E-02  0.2149E+00  0.2149E+00
  0.1481E+00  0.2080E+00  0.1055E-01  0.2108E+00  0.2108E+00
  0.1487E+00  0.2002E+00  0.7419E-02  0.2068E+00  0.2068E+00
  0.1493E+00  0.1975E+00  0.6791E-02  0.2029E+00  0.2029E+00
  0.1499E+00  0.1976E+00  0.6338E-02  0.1991E+00  0.1991E+00
  0.1505E+00  0.1937E+00  0.6349E-02  0.1954E+00  0.1954E+00
  0.1511E+00  0.1960E+00  0.6385E-02  0.1918E+00  0.1918E+00
  0.1517E+00  0.1952E+00  0.6484E-02  0.1882E+00  0.1882E+00
  0.1523E+00  0.1893E+00  0.6424E-02  0.1848E+00  0.1848E+00
  0.1529E+00  0.1874E+00  0.6204E-02  0.1814E+00  0.1814E+00
  0.1535E+00  0.1744E+00  0.5953E-02  0.1781E+00  0.1781E+00
  0.1541E+00  0.1833E+00  0.6195E-02  0.1749E+00  0.1749E+00
  0.1548E+00  0.1720E+00  0.6315E-02  0.1718E+00  0.1718E+00
  0.1554E+00  0.1648E+00  0.6169E-02  0.1687E+00  0.1687E+00
  0.1560E+00  0.1682E+00  0.6006E-02  0.1658E+00  0.1658E+00
  0.1566E+00  0.1589E+00  0.6003E-02  0.1629E+00  0.1629E+00
  0.1572E+00  0.1673E+00  0.5808E-02  0.1600E+00  0.1600E+00
  0.1578E+00  0.1580E+00  0.6070E-02  0.1573E+00  0.1573E+00
  0.1584E+00  0.1538E+00  0.6096E-02  0.1546E+00  0.1546E+00
  0.1590E+00  0.1423E+00  0.6099E-02  0.1519E+00  0.1519E+00
  0.1596E+00  0.1406E+00  0.6145E-02  0.1494E+00  0.1494E+00
  0.1602E+00  0.1397E+00  0.6100E-02  0.1469E+00  0.1469E+00
  0.1608E+00  0.1448E+00  0.5910E-02  0.1444E+00  0.1444E+00
  0.1614E+00  0.1415E+00  0.5983E-02  0.1421E+00  0.1421E+00
  0.1620E+00  0.1344E+00  0.6193E-02  0.1398E+00  0.1398E+00
  0.1627E+00  0.1264E+00  0.6332E-02  0.1375E+00  0.1375E+00
  0.1633E+00  0.1299E+00  0.6492E-02  0.1353E+00  0.1353E+00
  0.1639E+00  0.1268E+00  0.6728E-02  0.1331E+00  0.1331E+00
  0.1645E+00  0.1262E+00  0.6134E-02  0.1311E+00  0.1311E+00
  0.1651E+00  0.1227E+00  0.6194E-02  0.1290E+00  0.1290E+00
  0.1657E+00  0.1220E+00  0.5913E-02  0.1270E+00  0.1270E+00
  0.1663E+00  0.1168E+00  0.5924E-02  0.1251E+00  0.1251E+00
  0.1669E+00  0.1240E+00  0.5901E-02  0.1232E+00  0.1232E+00
  0.1675E+00  0.1175E+00  0.5787E-02  0.1213E+00  0.1213E+00
  0.1681E+00  0.1198E+00  0.5840E-02  0.1196E+00  0.1196E+00
  0.1687E+00  0.1183E+00  0.5970E-02  0.1178E+00  0.1178E+00
  0.1693E+00  0.1170E+00  0.5951E-02  0.1161E+00  0.1161E+00
  0.1700E+00  0.1186E+00  0.5870E-02  0.1144E+00  0.1144E+00
  0.1706E+00  0.1144E+00  0.6038E-02  0.1128E+00  0.1128E+00
  0.1712E+00  0.1194E+00  0.6051E-02  0.1112E+00  0.1112E+00
  0.1718E+00  0.1185E+00  0.6110E-02  0.1097E+00  0.1097E+00
  0.1724E+00  0.1117E+00  0.5970E-02  0.1082E+00  0.1082E+00
  0.1730E+00  0.1094E+00  0.5969E-02  0.1067E+00  0.1067E+00
  0.1736E+00  0.1124E+00  0.5975E-02  0.1053E+00  0.1053E+00
  0.1742E+00  0.1060E+00  0.5915E-02  0.1039E+00  0.1039E+00
  0.1748E+00  0.1013E+00  0.6217E-02  0.1025E+00  0.1025E+00
  0.1754E+00  0.1058E+00  0.6073E-02  0.1012E+00  0.1012E+00
  0.1760E+00  0.9793E-01  0.6377E-02  0.9989E-01  0.9989E-01
  0.1766E+00  0.9141E-01  0.5987E-02  0.9863E-01  0.9863E-01
  0.1773E+00  0.9460E-01  0.6017E-02  0.9740E-01  0.9740E-01
  0.1779E+00  0.9612E-01  0.5914E-02  0.9620E-01  0.9620E-01
  0.1785E+00  0.9761E-01  0.5884E-02  0.9503E-01  0.9503E-01
  0.1791E+00  0.9296E-01  0.5736E-02  0.9388E-01  0.9388E-01
  0.1797E+00  0.8926E-01  0.5764E-02  0.9277E-01  0.9277E-01
  0.1803E+00  0.9534E-01  0.4590E-01  0.9168E-01  0.9168E-01
  0.1809E+00  0.9334E-01  0.1276E+00  0.9062E-01  0.9062E-01
  0.1815E+00  0.8141E-01  0.5975E-02  0.8959E-01  0.8959E-01
  0.1821E+00  0.9301E-01  0.6001E-02  0.8858E-01  0.8858E-01
  0.1827E+00  0.9040E-01  0.5674E-02  0.8759E-01  0.8759E-01
  0.1833E+00  0.9101E-01  0.5805E-02  0.8663E-01  0.8663E-01
  0.1839E+00  0.8909E-01  0.5967E-02  0.8569E-01  0.8569E-01
  0.1845E+00  0.7728E-01  0.6030E-02  0.8477E-01  0.8477E-01
  0.1852E+00  0.7036E-01  0.6485E-02  0.8388E-01  0.8388E-01
  0.1858E+00  0.7447E-01  0.9278E-02  0.8301E-01  0.8301E-01
  0.1864E+00  0.7733E-01  0.1867E-01  0.8216E-01  0.8216E-01
  0.1870E+00  0.8109E-01  0.1220E-01  0.8132E-01  0.8132E-01
  0.1876E+00  0.7744E-01  0.6687E-02  0.8051E-01  0.8051E-01
  0.1882E+00  0.6712E-01  0.5523E-02  0.7972E-01  0.7972E-01
  0.1888E+00  0.6950E-01  0.5805E-02  0.7894E-01  0.7894E-01
  0.1894E+00  0.6431E-01  0.5745E-02  0.7819E-01  0.7819E-01
  0.1900E+00  0.7408E-01  0.5675E-02  0.7745E-01  0.7745E-01
  0.1906E+00  0.8204E-01  0.5634E-02  0.7673E-01  0.7673E-01
  0.1912E+00  0.7916E-01  0.5760E-02  0.7602E-01  0.7602E-01
  0.1918E+00  0.8940E-01  0.5625E-02  0.7533E-01  0.7533E-01
  0.1925E+00  0.8726E-01  0.5811E-02  0.7466E-01  0.7466E-01
  0.1931E+00  0.7270E-01  0.5911E-02  0.7400E-01  0.7400E-01
  0.1937E+00  0.7334E-01  0.5999E-02  0.7336E-01  0.7336E-01
  0.1943E+00  0.7737E-01  0.6007E-02  0.7273E-01  0.7273E-01
  0.1949E+00  0.7650E-01  0.5749E-02  0.7212E-01  0.7212E-01
  0.1955E+00  0.6986E-01  0.5680E-02  0.7152E-01  0.7152E-01
  0.1961E+00  0.7451E-01  0.5648E-02  0.7093E-01  0.7093E-01
  0.1967E+00  0.8018E-01  0.5761E-02  0.7036E-01  0.7036E-01
  0.1973E+00  0.7020E-01  0.5908E-02  0.6980E-01  0.6980E-01
  0.1979E+00  0.6922E-01  0.5653E-02  0.6925E-01  0.6925E-01
  0.1985E+00  0.6009E-01  0.5482E-02  0.6871E-01  0.6871E-01
  0.1991E+00  0.6342E-01  0.5359E-02  0.6819E-01  0.6819E-01
  0.1997E+00  0.6273E-01  0.5504E-02  0.6768E-01  0.6768E-01
  0.2004E+00  0.7198E-01  0.5521E-02  0.6717E-01  0.6717E-01
  0.2010E+00  0.7045E-01  0.6137E-02  0.6668E-01  0.6668E-01
  0.2016E+00  0.7129E-01  0.5711E-02  0.6620E-01  0.6620E-01
  0.2022E+00  0.6485E-01  0.5821E-02  0.6574E-01  0.6574E-01
  0.2028E+00  0.6638E-01  0.5658E-02  0.6528E-01  0.6528E-01
  0.2034E+00  0.6514E-01  0.5547E-02  0.6483E-01  0.6483E-01
  0.2040E+00  0.6371E-01  0.5495E-02  0.6439E-01  0.6439E-01
  0.2046E+00  0.6364E-01  0.5276E-02  0.6395E-01  0.6395E-01
  0.2052E+00  0.6277E-01  0.5471E-02  0.6353E-01  0.6353E-01
  0.2058E+00  0.6310E-01  0.5564E-02  0.6312E-01  0.6312E-01
  0.2064E+00  0.6855E-01  0.5295E-02  0.6272E-01  0.6272E-01
  0.2070E+00  0.6718E-01  0.5416E-02  0.6232E-01  0.6232E-01
  0.2077E+00  0.6449E-01  0.5486E-02  0.6193E-01  0.6193E-01
  0.2083E+00  0.6768E-01  0.5151E-02  0.6155E-01  0.6155E-01
  0.2089E+00  0.6690E-01  0.5468E-02  0.6118E-01  0.6118E-01
  0.2095E+00  0.6665E-01  0.5351E-02  0.6082E-01  0.6082E-01
  0.2101E+00  0.7357E-01  0.5399E-02  0.6046E-01  0.6046E-01
  0.2107E+00  0.7283E-01  0.5353E-02  0.6011E-01  0.6011E-01
  0.2113E+00  0.6494E-01  0.5348E-02  0.5977E-01  0.5977E-01
  0.2119E+00  0.6090E-01  0.5515E-02  0.5943E-01  0.5943E-01
  0.2125E+00  0.6300E-01  0.5393E-02  0.5910E-01  0.5910E-01
  0.2131E+00  0.5957E-01  0.5323E-02  0.5878E-01  0.5878E-01
  0.2137E+00  0.5322E-01  0.5332E-02  0.5846E-01  0.5846E-01
  0.2143E+00  0.5621E-01  0.5244E-02  0.5815E-01  0.5815E-01
  0.2149E+00  0.5887E-01  0.5259E-02  0.5785E-01  0.5785E-01
  0.2156E+00  0.5962E-01  0.5263E-02  0.5755E-01  0.5755E-01
  0.2162E+00  0.5311E-01  0.6921E-02  0.5725E-01  0.5725E-01
  0.2168E+00  0.6001E-01  0.4542E-02  0.5697E-01  0.5697E-01
  0.2174E+00  0.5415E-01  0.4651E-02  0.5668E-01  0.5668E-01
  0.2180E+00  0.5529E-01  0.4672E-02  0.5641E-01  0.5641E-01
  0.2186E+00  0.5545E-01  0.4661E-02  0.5614E-01  0.5614E-01
  0.2192E+00  0.4962E-01  0.4820E-02  0.5587E-01  0.5587E-01
  0.2198E+00  0.5009E-01  0.4853E-02  0.5561E-01  0.5561E-01
  0.2204E+00  0.5103E-01  0.5236E-02  0.5535E-01  0.5535E-01
  0.2210E+00  0.5210E-01  0.4660E-02  0.5510E-01  0.5510E-01
  0.2216E+00  0.5513E-01  0.4587E-02  0.5485E-01  0.5485E-01
  0.2222E+00  0.5358E-01  0.4516E-02  0.5460E-01  0.5460E-01
  0.2228E+00  0.5195E-01  0.4465E-02  0.5436E-01  0.5436E-01
  0.2235E+00  0.5718E-01  0.4530E-02  0.5413E-01  0.5413E-01
  0.2241E+00  0.5302E-01  0.4630E-02  0.5389E-01  0.5389E-01
  0.2247E+00  0.5998E-01  0.4601E-02  0.5367E-01  0.5367E-01
  0.2253E+00  0.6012E-01  0.4795E-02  0.5344E-01  0.5344E-01
  0.2259E+00  0.5898E-01  0.4627E-02  0.5322E-01  0.5322E-01
  0.2265E+00  0.4986E-01  0.4627E-02  0.5300E-01  0.5300E-01
  0.2271E+00  0.5129E-01  0.4680E-02  0.5279E-01  0.5279E-01
  0.2277E+00  0.5685E-01  0.4443E-02  0.5258E-01  0.5258E-01
  0.2283E+00  0.4845E-01  0.4468E-02  0.5237E-01  0.5237E-01
  0.2289E+00  0.5483E-01  0.4567E-02  0.5216E-01  0.5216E-01
  0.2295E+00  0.5013E-01  0.4416E-02  0.5196E-01  0.5196E-01
  0.2301E+00  0.5085E-01  0.4252E-02  0.5176E-01  0.5176E-01
  0.2308E+00  0.5386E-01  0.4398E-02  0.5157E-01  0.5157E-01
  0.2314E+00  0.5070E-01  0.4305E-02  0.5137E-01  0.5137E-01
  0.2320E+00  0.5648E-01  0.4350E-02  0.5118E-01  0.5118E-01
  0.2326E+00  0.5119E-01  0.4336E-02  0.5099E-01  0.5099E-01
  0.2332E+00  0.5502E-01  0.4272E-02  0.5081E-01  0.5081E-01
  0.2338E+00  0.5067E-01  0.4205E-02  0.5062E-01  0.5062E-01
  0.2344E+00  0.5185E-01  0.4258E-02  0.5044E-01  0.5044E-01
  0.2350E+00  0.5263E-01  0.4411E-02  0.5026E-01  0.5026E-01
  0.2356E+00  0.4701E-01  0.4439E-02  0.5008E-01  0.5008E-01
  0.2362E+00  0.4459E-01  0.4380E-02  0.4991E-01  0.4991E-01
  0.2368E+00  0.4268E-01  0.4242E-02  0.4974E-01  0.4974E-01
  0.2374E+00  0.4468E-01  0.4365E-02  0.4956E-01  0.4956E-01
  0.2380E+00  0.4390E-01  0.4359E-02  0.4939E-01  0.4939E-01
  0.2387E+00  0.4410E-01  0.4259E-02  0.4923E-01  0.4923E-01
  0.2393E+00  0.4653E-01  0.4248E-02  0.4906E-01  0.4906E-01
  0.2399E+00  0.5152E-01  0.4416E-02  0.4889E-01  0.4889E-01
  0.2405E+00  0.4858E-01  0.4313E-02  0.4873E-01  0.4873E-01
  0.2411E+00  0.5008E-01  0.4328E-02  0.4857E-01  0.4857E-01
  0.2417E+00  0.4305E-01  0.4299E-02  0.4841E-01  0.4841E-01
  0.2423E+00  0.4072E-01  0.4288E-02  0.4825E-01  0.4825E-01
  0.2429E+00  0.3961E-01  0.4343E-02  0.4809E-01  0.4809E-01
  0.2435E+00  0.4803E-01  0.4491E-02  0.4794E-01  0.4794E-01
  0.2441E+00  0.4589E-01  0.4360E-02  0.4778E-01  0.4778E-01
  0.2447E+00  0.5317E-01  0.4909E-02  0.4763E-01  0.4763E-01
  0.2453E+00  0.5402E-01  0.8202E-02  0.4747E-01  0.4747E-01
  0.2460E+00  0.4663E-01  0.1172E-01  0.4732E-01  0.4732E-01
  0.2466E+00  0.5203E-01  0.7648E-02  0.4717E-01  0.4717E-01
  0.2472E+00  0.4729E-01  0.1213E-01  0.4702E-01  0.4702E-01
  0.2478E+00  0.4473E-01  0.6994E-02  0.4687E-01  0.4687E-01
  0.2484E+00  0.4209E-01  0.4497E-02  0.4672E-01  0.4672E-01
  0.2490E+00  0.4834E-01  0.4379E-02  0.4658E-01  0.4658E-01
  0.2496E+00  0.4493E-01  0.4202E-02  0.4643E-01  0.4643E-01
  0.2502E+00  0.5013E-01  0.4215E-02  0.4628E-01  0.4628E-01
  0.2508E+00  0.4795E-01  0.4318E-02  0.4614E-01  0.4614E-01
  0.2514E+00  0.4943E-01  0.4244E-02  0.4599E-01  0.4599E-01
  0.2520E+00  0.4820E-01  0.4141E-02  0.4585E-01  0.4585E-01
  0.2526E+00  0.4288E-01  0.4364E-02  0.4571E-01  0.4571E-01
  0.2532E+00  0.4213E-01  0.4245E-02  0.4557E-01  0.4557E-01
  0.2539E+00  0.4783E-01  0.4136E-02  0.4543E-01  0.4543E-01
  0.2545E+00  0.4659E-01  0.4214E-02  0.4529E-01  0.4529E-01
  0.2551E+00  0.4638E-01  0.4123E-02  0.4515E-01  0.4515E-01
  0.2557E+00  0.4314E-01  0.4059E-02  0.4501E-01  0.4501E-01
  0.2563E+00  0.4267E-01  0.4274E-02  0.4487E-01  0.4487E-01
  0.2569E+00  0.3975E-01  0.4205E-02  0.4473E-01  0.4473E-01
  0.2575E+00  0.4307E-01  0.4308E-02  0.4459E-01  0.4459E-01
  0.2581E+00  0.3681E-01  0.4307E-02  0.4445E-01  0.4445E-01
  0.2587E+00  0.3856E-01  0.4150E-02  0.4432E-01  0.4432E-01
  0.2593E+00  0.4008E-01  0.4172E-02  0.4418E-01  0.4418E-01
  0.2599E+00  0.4160E-01  0.4221E-02  0.4405E-01  0.4405E-01
  0.2605E+00  0.4419E-01  0.4124E-02  0.4391E-01  0.4391E-01
  0.2612E+00  0.4598E-01  0.4252E-02  0.4378E-01  0.4378E-01
  0.2618E+00  0.4264E-01  0.4126E-02  0.4364E-01  0.4364E-01
  0.2624E+00  0.4489E-01  0.4500E-02  0.4351E-01  0.4351E-01
  0.2630E+00  0.4111E-01  0.6526E-02  0.4338E-01  0.4338E-01
  0.2636E+00  0.4164E-01  0.4671E-02  0.4325E-01  0.4325E-01
  0.2642E+00  0.4220E-01  0.4070E-02  0.4312E-01  0.4312E-01
  0.2648E+00  0.3763E-01  0.4082E-02  0.4299E-01  0.4299E-01
  0.2654E+00  0.4189E-01  0.4053E-02  0.4286E-01  0.4286E-01
  0.2660E+00  0.4554E-01  0.4003E-02  0.4273E-01  0.4273E-01
  0.2666E+00  0.4563E-01  0.4085E-02  0.4260E-01  0.4260E-01
  0.2672E+00  0.4008E-01  0.3971E-02  0.4247E-01  0.4247E-01
  0.2678E+00  0.3738E-01  0.3929E-02  0.4234E-01  0.4234E-01
  0.2684E+00  0.4190E-01  0.4004E-02  0.4221E-01  0.4221E-01
  0.2691E+00  0.4101E-01  0.4050E-02  0.4209E-01  0.4209E-01
  0.2697E+00  0.4659E-01  0.3909E-02  0.4196E-01  0.4196E-01
  0.2703E+00  0.3977E-01  0.3917E-02  0.4184E-01  0.4184E-01
  0.2709E+00  0.4189E-01  0.4079E-02  0.4171E-01  0.4171E-01
  0.2715E+00  0.4141E-01  0.4011E-02  0.4159E-01  0.4159E-01
  0.2721E+00  0.4247E-01  0.4068E-02  0.4147E-01  0.4147E-01
  0.2727E+00  0.3995E-01  0.4049E-02  0.4134E-01  0.4134E-01
  0.2733E+00  0.4135E-01  0.3882E-02  0.4122E-01  0.4122E-01
  0.2739E+00  0.4728E-01  0.3959E-02  0.4110E-01  0.4110E-01
  0.2745E+00  0.4498E-01  0.4058E-02  0.4098E-01  0.4098E-01
  0.2751E+00  0.4390E-01  0.3959E-02  0.4087E-01  0.4087E-01
  0.2757E+00  0.4149E-01  0.3997E-02  0.4075E-01  0.4075E-01
  0.2763E+00  0.4026E-01  0.3943E-02  0.4063E-01  0.4063E-01
  0.2770E+00  0.4247E-01  0.3842E-02  0.4051E-01  0.4051E-01
  0.2776E+00  0.3781E-01  0.3892E-02  0.4040E-01  0.4040E-01
  0.2782E+00  0.4264E-01  0.4062E-02  0.4028E-01  0.4028E-01
  0.2788E+00  0.4479E-01  0.4062E-02  0.4017E-01  0.4017E-01
  0.2794E+00  0.4424E-01  0.3841E-02  0.4006E-01  0.4006E-01
  0.2800E+00  0.4296E-01  0.3863E-02  0.3995E-01  0.3995E-01
  0.2806E+00  0.4393E-01  0.3811E-02  0.3984E-01  0.3984E-01
  0.2812E+00  0.4151E-01  0.3837E-02  0.3973E-01  0.3973E-01
  0.2818E+00  0.4106E-01  0.3865E-02  0.3962E-01  0.3962E-01
  0.2824E+00  0.4632E-01  0.3851E-02  0.3951E-01  0.3951E-01
  0.2830E+00  0.4343E-01  0.3854E-02  0.3941E-01  0.3941E-01
  0.2836E+00  0.4667E-01  0.3861E-02  0.3930E-01  0.3930E-01
  0.2843E+00  0.4348E-01  0.3855E-02  0.3920E-01  0.3920E-01
  0.2849E+00  0.4552E-01  0.3827E-02  0.3909E-01  0.3909E-01
  0.2855E+00  0.4276E-01  0.3832E-02  0.3899E-01  0.3899E-01
  0.2861E+00  0.4038E-01  0.3633E-02  0.3889E-01  0.3889E-01
  0.2867E+00  0.4043E-01  0.3732E-02  0.3879E-01  0.3879E-01
  0.2873E+00  0.4507E-01  0.3714E-02  0.3870E-01  0.3870E-01
  0.2879E+00  0.3874E-01  0.3711E-02  0.3860E-01  0.3860E-01
  0.2885E+00  0.3887E-01  0.3613E-02  0.3850E-01  0.3850E-01
  0.2891E+00  0.3113E-01  0.3641E-02  0.3841E-01  0.3841E-01
  0.2897E+00  0.3813E-01  0.3550E-02  0.3831E-01  0.3831E-01
  0.2903E+00  0.3708E-01  0.3961E-02  0.3822E-01  0.3822E-01
  0.2909E+00  0.3954E-01  0.4885E-02  0.3813E-01  0.3813E-01
  0.2915E+00  0.4157E-01  0.4643E-02  0.3804E-01  0.3804E-01
  0.2922E+00  0.3853E-01  0.7215E-02  0.3795E-01  0.3795E-01
  0.2928E+00  0.3980E-01  0.5614E-02  0.3786E-01  0.3786E-01
  0.2934E+00  0.3296E-01  0.3889E-02  0.3778E-01  0.3778E-01
  0.2940E+00  0.3296E-01  0.3703E-02  0.3769E-01  0.3769E-01
  0.2946E+00  0.3637E-01  0.3746E-02  0.3761E-01  0.3761E-01
  0.2952E+00  0.3369E-01  0.3738E-02  0.3753E-01  0.3753E-01
  0.2958E+00  0.3509E-01  0.3784E-02  0.3745E-01  0.3745E-01
  0.2964E+00  0.3508E-01  0.3958E-02  0.3737E-01  0.3737E-01
  0.2970E+00  0.3381E-01  0.3738E-02  0.3729E-01  0.3729E-01
  0.2976E+00  0.3246E-01  0.3865E-02  0.3721E-01  0.3721E-01
  0.2982E+00  0.3495E-01  0.3964E-02  0.3713E-01  0.3713E-01
  0.2988E+00  0.3490E-01  0.4205E-02  0.3706E-01  0.3706E-01
  0.2995E+00  0.3609E-01  0.4080E-02  0.3698E-01  0.3698E-01
  0.3001E+00  0.3238E-01  0.3628E-02  0.3691E-01  0.3691E-01
  0.3007E+00  0.3279E-01  0.3505E-02  0.3684E-01  0.3684E-01
  0.3013E+00  0.3305E-01  0.3549E-02  0.3677E-01  0.3677E-01
  0.3019E+00  0.3554E-01  0.3586E-02  0.3670E-01  0.3670E-01
  0.3025E+00  0.3777E-01  0.3535E-02  0.3663E-01  0.3663E-01
  0.3031E+00  0.4001E-01  0.3540E-02  0.3656E-01  0.3656E-01
  0.3037E+00  0.3583E-01  0.3539E-02  0.3650E-01  0.3650E-01
  0.3043E+00  0.3958E-01  0.3427E-02  0.3643E-01  0.3643E-01
  0.3049E+00  0.3609E-01  0.3477E-02  0.3637E-01  0.3637E-01
  0.3055E+00  0.3187E-01  0.3420E-02  0.3630E-01  0.3630E-01
  0.3061E+00  0.2734E-01  0.3476E-02  0.3624E-01  0.3624E-01
  0.3067E+00  0.2987E-01  0.3506E-02  0.3618E-01  0.3618E-01
  0.3074E+00  0.3059E-01  0.3520E-02  0.3612E-01  0.3612E-01
  0.3080E+00  0.3383E-01  0.3695E-02  0.3606E-01  0.3606E-01
  0.3086E+00  0.3815E-01  0.3443E-02  0.3600E-01  0.3600E-01
  0.3092E+00  0.4028E-01  0.3459E-02  0.3594E-01  0.3594E-01
  0.3098E+00  0.3684E-01  0.3317E-02  0.3588E-01  0.3588E-01
  0.3104E+00  0.3823E-01  0.3377E-02  0.3582E-01  0.3582E-01
  0.3110E+00  0.3997E-01  0.3447E-02  0.3577E-01  0.3577E-01
  0.3116E+00  0.3864E-01  0.3381E-02  0.3571E-01  0.3571E-01
  0.3122E+00  0.4218E-01  0.3475E-02  0.3566E-01  0.3566E-01
  0.3128E+00  0.4006E-01  0.3384E-02  0.3560E-01  0.3560E-01
  0.3134E+00  0.3697E-01  0.3442E-02  0.3555E-01  0.3555E-01

           Distance distribution  function of particle  


       R          P(R)      ERROR

  0.0000E+00  0.0000E+00  0.0000E+00
  0.6236E+00  0.1921E-03  0.7459E-05
  0.1247E+01  0.3979E-03  0.1278E-04
  0.1871E+01  0.6175E-03  0.1606E-04
  0.2494E+01  0.8510E-03  0.1744E-04
  0.3118E+01  0.1098E-02  0.1712E-04
  0.3742E+01  0.1360E-02  0.1532E-04
  0.4365E+01  0.1636E-02  0.1236E-04
  0.4989E+01  0.1926E-02  0.8615E-05
  0.5612E+01  0.2230E-02  0.4851E-05
  0.6236E+01  0.2549E-02  0.4178E-05
  0.6860E+01  0.2881E-02  0.7862E-05
  0.7483E+01  0.3227E-02  0.1229E-04
  0.8107E+01  0.3586E-02  0.1643E-04
  0.8730E+01  0.3958E-02  0.1994E-04
  0.9354E+01  0.4340E-02  0.2259E-04
  0.9978E+01  0.4733E-02  0.2426E-04
  0.1060E+02  0.5135E-02  0.2487E-04
  0.1122E+02  0.5544E-02  0.2441E-04
  0.1185E+02  0.5958E-02  0.2292E-04
  0.1247E+02  0.6375E-02  0.2054E-04
  0.1310E+02  0.6793E-02  0.1748E-04
  0.1372E+02  0.7210E-02  0.1412E-04
  0.1434E+02  0.7622E-02  0.1118E-04
  0.1497E+02  0.8029E-02  0.9939E-05
  0.1559E+02  0.8425E-02  0.1135E-04
  0.1621E+02  0.8810E-02  0.1464E-04
  0.1684E+02  0.9179E-02  0.1856E-04
  0.1746E+02  0.9531E-02  0.2240E-04
  0.1808E+02  0.9863E-02  0.2577E-04
  0.1871E+02  0.1017E-01  0.2842E-04
  0.1933E+02  0.1046E-01  0.3022E-04
  0.1996E+02  0.1072E-01  0.3110E-04
  0.2058E+02  0.1095E-01  0.3107E-04
  0.2120E+02  0.1115E-01  0.3022E-04
  0.2183E+02  0.1132E-01  0.2868E-04
  0.2245E+02  0.1145E-01  0.2673E-04
  0.2307E+02  0.1156E-01  0.2473E-04
  0.2370E+02  0.1163E-01  0.2313E-04
  0.2432E+02  0.1168E-01  0.2242E-04
  0.2494E+02  0.1169E-01  0.2290E-04
  0.2557E+02  0.1167E-01  0.2452E-04
  0.2619E+02  0.1162E-01  0.2692E-04
  0.2681E+02  0.1154E-01  0.2965E-04
  0.2744E+02  0.1144E-01  0.3229E-04
  0.2806E+02  0.1131E-01  0.3455E-04
  0.2869E+02  0.1115E-01  0.3621E-04
  0.2931E+02  0.1098E-01  0.3717E-04
  0.2993E+02  0.1079E-01  0.3740E-04
  0.3056E+02  0.1058E-01  0.3695E-04
  0.3118E+02  0.1035E-01  0.3597E-04
  0.3180E+02  0.1012E-01  0.3470E-04
  0.3243E+02  0.9866E-02  0.3344E-04
  0.3305E+02  0.9606E-02  0.3256E-04
  0.3367E+02  0.9338E-02  0.3238E-04
  0.3430E+02  0.9063E-02  0.3311E-04
  0.3492E+02  0.8782E-02  0.3474E-04
  0.3555E+02  0.8497E-02  0.3707E-04
  0.3617E+02  0.8208E-02  0.3979E-04
  0.3679E+02  0.7916E-02  0.4257E-04
  0.3742E+02  0.7623E-02  0.4514E-04
  0.3804E+02  0.7328E-02  0.4728E-04
  0.3866E+02  0.7032E-02  0.4883E-04
  0.3929E+02  0.6736E-02  0.4973E-04
  0.3991E+02  0.6440E-02  0.4997E-04
  0.4053E+02  0.6144E-02  0.4958E-04
  0.4116E+02  0.5848E-02  0.4867E-04
  0.4178E+02  0.5554E-02  0.4737E-04
  0.4240E+02  0.5262E-02  0.4585E-04
  0.4303E+02  0.4971E-02  0.4426E-04
  0.4365E+02  0.4683E-02  0.4275E-04
  0.4428E+02  0.4399E-02  0.4142E-04
  0.4490E+02  0.4120E-02  0.4033E-04
  0.4552E+02  0.3845E-02  0.3944E-04
  0.4615E+02  0.3577E-02  0.3871E-04
  0.4677E+02  0.3316E-02  0.3807E-04
  0.4739E+02  0.3064E-02  0.3746E-04
  0.4802E+02  0.2821E-02  0.3685E-04
  0.4864E+02  0.2590E-02  0.3628E-04
  0.4926E+02  0.2371E-02  0.3584E-04
  0.4989E+02  0.2165E-02  0.3565E-04
  0.5051E+02  0.1974E-02  0.3584E-04
  0.5114E+02  0.1798E-02  0.3651E-04
  0.5176E+02  0.1638E-02  0.3768E-04
  0.5238E+02  0.1495E-02  0.3933E-04
  0.5301E+02  0.1368E-02  0.4138E-04
  0.5363E+02  0.1257E-02  0.4376E-04
  0.5425E+02  0.1161E-02  0.4640E-04
  0.5488E+02  0.1079E-02  0.4929E-04
  0.5550E+02  0.1010E-02  0.5243E-04
  0.5612E+02  0.9506E-03  0.5578E-04
  0.5675E+02  0.8987E-03  0.5927E-04
  0.5737E+02  0.8505E-03  0.6266E-04
  0.5799E+02  0.8021E-03  0.6557E-04
  0.5862E+02  0.7489E-03  0.6741E-04
  0.5924E+02  0.6855E-03  0.6740E-04
  0.5987E+02  0.6064E-03  0.6456E-04
  0.6049E+02  0.5051E-03  0.5776E-04
  0.6111E+02  0.3750E-03  0.4569E-04
  0.6174E+02  0.2091E-03  0.2694E-04
  0.6236E+02  0.0000E+00  0.0000E+00
          Reciprocal space: Rg =   21.12     , I(0) =   0.4459E+01
     Real space: Rg =   21.10 +- 0.045  I(0) =   0.4458E+01 +-  0.1367E-01
