
           ####    G N O M   ---   Version 4.5a revised 09/02/02     ####

                                                  Wed May 19 19:44:38 2010
           ===    Run No   1   ===
 Run title:   Merge of: p1_H2_2.mccd p1_H3_2.mccd p1_H6_2.mccd p1_H7_1.mccd p1


  Number of points omitted at the beginning:          34
   *******   Working Directory :
   *******    Input file(s) : 24147_merged.dat
           Condition P(rmin) = 0 is used. 
           Condition P(rmax) = 0 is used. 

          Experimental conditions for the first run
          -----------------------------------------

          Highest ALPHA is found to be   0.1237E+03

  The measure of inconsistency AN1 equals to    0.8223E+00
     Alpha    Discrp  Oscill  Stabil  Sysdev  Positv  Valcen    Total   
  0.1237E+06 46.6502  1.4107  0.9543  0.0000  1.0000  0.8029  0.00001
  0.2475E+05 42.0503  1.3824  0.8422  0.0000  1.0000  0.8114  0.00001
  0.4949E+04 31.0596  1.2982  0.6019  0.0804  1.0000  0.8407  0.00001
  0.9899E+03 17.6964  1.2291  0.3824  0.0134  1.0000  0.8892  0.00001
  0.1980E+03  6.6719  1.2398  0.1669  0.1429  1.0000  0.9217  0.00001
  0.3959E+02  1.7823  1.2652  0.0439  0.3929  1.0000  0.9343  0.57536
  0.7919E+01  0.5953  1.2786  0.0097  0.6518  1.0000  0.9377  0.61679
  0.1584E+01  0.4649  1.2824  0.0042  0.7232  1.0000  0.9384  0.57461
  0.3168E+00  0.4499  1.2877  0.0069  0.6964  1.0000  0.9382  0.49554
  0.6335E-01  0.4398  1.3169  0.0231  0.6830  1.0000  0.9383  0.10000
  0.1267E-01  0.4182  1.6091  0.0726  0.6563  0.9998  0.9388  0.10000
  0.2534E-02  0.3911  2.5710  0.0900  0.6473  0.9978  0.9345  0.10000
  0.5068E-03  0.3819  3.4066  0.1209  0.6518  0.9957  0.9289  0.10000
  0.1014E-03  0.3760  5.1546  0.3117  0.6429  0.9877  0.8891  0.10000
  0.2027E-04  0.3685  7.6353  0.3284  0.6339  0.9387  0.5813  0.10000
  0.4055E-05  0.3648  8.4810  0.4498  0.6161  0.8797  0.5337  0.10000
  0.8109E-06  0.3586 10.0963  0.6982  0.6161  0.7852  0.4437  0.10000
  0.1622E-06  0.3462 11.0408  0.4862  0.6339  0.7336  0.3829  0.10000
  0.3244E-07  0.3392 11.4655  0.1694  0.6875  0.7208  0.3657  0.10000
  0.6487E-08  0.3381 12.6698  0.3464  0.6875  0.7173  0.3697  0.10000
  0.1297E-08  0.3369 14.4013  0.7535  0.6875  0.7170  0.3281  0.10000
  0.2595E-09  0.3344 14.8060  0.6330  0.6696  0.7006  0.4163  0.10000
  0.5190E-10  0.3288 18.6206  0.7169  0.6607  0.6502  0.4673  0.10000
  0.1038E-10  0.3112 24.7844  0.6512  0.6875  0.6369  0.4202  0.10000
  0.2076E-11  0.2658 32.5670  0.6218  0.6964  0.6478  0.3550  0.10000
  0.4152E-12  0.1838 37.6055  0.4705  0.6696  0.6546  0.3058  0.10000
  0.8304E-13  0.0943 42.1792  0.2807  0.6518  0.6652  0.2831  0.10000
  0.1661E-13  0.0325 46.2097  0.1302  0.6964  0.6837  0.2633  0.10000
  0.3321E-14  0.0078 47.8170  0.0362  0.6786  0.6906  0.2530  0.10000
  0.6643E-15  0.0016 48.2076  0.0079  0.6786  0.6922  0.2502  0.10000
  0.1329E-15  0.0003 48.2891  0.0016  0.6786  0.6925  0.2496  0.10000

          ***  Golden section search to maximize estimate ***
     Alpha    Discrp  Oscill  Stabil  Sysdev  Positv  Valcen    Total   
  0.2141E+02  1.0763  1.2721  0.0247  0.4911  1.0000  0.9362  0.63761
  0.2708E+02  1.2968  1.2698  0.0309  0.4464  1.0000  0.9356  0.61954
  0.1852E+02  0.9652  1.2734  0.0216  0.5179  1.0000  0.9365  0.63983
  0.1693E+02  0.9051  1.2741  0.0198  0.5357  1.0000  0.9367  0.63875
  0.1958E+02  1.0055  1.2729  0.0227  0.5179  1.0000  0.9364  0.63981
  0.1790E+02  0.9415  1.2737  0.0209  0.5268  1.0000  0.9366  0.63963
  0.1892E+02  0.9803  1.2732  0.0220  0.5089  1.0000  0.9365  0.63979
  0.1828E+02  0.9560  1.2735  0.0213  0.5179  1.0000  0.9365  0.63972
  0.1867E+02  0.9709  1.2733  0.0217  0.5268  1.0000  0.9365  0.64002
  0.1876E+02  0.9745  1.2733  0.0218  0.5268  1.0000  0.9365  0.64004
  0.1882E+02  0.9767  1.2733  0.0219  0.5179  1.0000  0.9365  0.63990
  0.1873E+02  0.9731  1.2733  0.0218  0.5268  1.0000  0.9365  0.64003
  0.1876E+02  0.9745  1.2733  0.0218  0.5268  1.0000  0.9365  0.64004



             ####            Final results            ####

 Parameter    DISCRP    OSCILL    STABIL    SYSDEV    POSITV    VALCEN
 Weight        1.000     3.000     3.000     4.000     1.000     1.000
 Sigma         0.500     0.600     0.120     0.200     0.120     0.120
 Ideal         1.000     1.100     0.000     1.000     1.000     0.950
 Current       0.974     1.273     0.022     0.527     1.000     0.936
                - - - - - - - - - - - - - - - - - - - - - - - - - 
 Estimate      0.997     0.920     0.967     0.004     1.000     0.987

  Angular   range    :     from    0.0410   to    0.3134
  Real space range   :     from      0.00   to     68.08

  Highest ALPHA (theor) :   0.124E+06                 JOB = 0
  Current ALPHA         :   0.188E+02   Rg :  0.214E+02   I(0) :   0.443E+01

           Total  estimate : 0.640  which is  A REASONABLE  solution

      S          J EXP       ERROR       J REG       I REG

  0.0000E+00                                      0.4427E+01
  0.1466E-02                                      0.4426E+01
  0.2932E-02                                      0.4421E+01
  0.4398E-02                                      0.4414E+01
  0.5864E-02                                      0.4404E+01
  0.7329E-02                                      0.4391E+01
  0.8795E-02                                      0.4375E+01
  0.1026E-01                                      0.4357E+01
  0.1173E-01                                      0.4336E+01
  0.1319E-01                                      0.4312E+01
  0.1466E-01                                      0.4285E+01
  0.1612E-01                                      0.4256E+01
  0.1759E-01                                      0.4224E+01
  0.1906E-01                                      0.4189E+01
  0.2052E-01                                      0.4153E+01
  0.2199E-01                                      0.4113E+01
  0.2345E-01                                      0.4072E+01
  0.2492E-01                                      0.4028E+01
  0.2639E-01                                      0.3983E+01
  0.2785E-01                                      0.3935E+01
  0.2932E-01                                      0.3885E+01
  0.3078E-01                                      0.3833E+01
  0.3225E-01                                      0.3780E+01
  0.3372E-01                                      0.3724E+01
  0.3518E-01                                      0.3668E+01
  0.3665E-01                                      0.3609E+01
  0.3811E-01                                      0.3550E+01
  0.3958E-01                                      0.3489E+01
  0.4105E-01  0.3493E+01  0.5269E-01  0.3427E+01  0.3427E+01
  0.4165E-01  0.3490E+01  0.5103E-01  0.3401E+01  0.3401E+01
  0.4226E-01  0.3330E+01  0.5371E-01  0.3374E+01  0.3374E+01
  0.4287E-01  0.3373E+01  0.4628E-01  0.3348E+01  0.3348E+01
  0.4348E-01  0.3378E+01  0.4658E-01  0.3321E+01  0.3321E+01
  0.4409E-01  0.3349E+01  0.4513E-01  0.3295E+01  0.3295E+01
  0.4469E-01  0.3249E+01  0.4329E-01  0.3268E+01  0.3268E+01
  0.4530E-01  0.3273E+01  0.4226E-01  0.3241E+01  0.3241E+01
  0.4591E-01  0.3301E+01  0.4272E-01  0.3213E+01  0.3213E+01
  0.4652E-01  0.3305E+01  0.4302E-01  0.3186E+01  0.3186E+01
  0.4713E-01  0.3294E+01  0.4136E-01  0.3159E+01  0.3159E+01
  0.4773E-01  0.3259E+01  0.4503E-01  0.3131E+01  0.3131E+01
  0.4834E-01  0.3256E+01  0.4542E-01  0.3103E+01  0.3103E+01
  0.4895E-01  0.3106E+01  0.4299E-01  0.3076E+01  0.3076E+01
  0.4956E-01  0.3137E+01  0.4105E-01  0.3048E+01  0.3048E+01
  0.5017E-01  0.3084E+01  0.4115E-01  0.3020E+01  0.3020E+01
  0.5078E-01  0.3095E+01  0.4313E-01  0.2992E+01  0.2992E+01
  0.5138E-01  0.3042E+01  0.4446E-01  0.2964E+01  0.2964E+01
  0.5199E-01  0.3048E+01  0.4416E-01  0.2936E+01  0.2936E+01
  0.5260E-01  0.3013E+01  0.4639E-01  0.2907E+01  0.2907E+01
  0.5321E-01  0.2942E+01  0.3984E-01  0.2879E+01  0.2879E+01
  0.5382E-01  0.2899E+01  0.3980E-01  0.2851E+01  0.2851E+01
  0.5442E-01  0.2832E+01  0.3972E-01  0.2822E+01  0.2822E+01
  0.5503E-01  0.2812E+01  0.3805E-01  0.2794E+01  0.2794E+01
  0.5564E-01  0.2855E+01  0.3594E-01  0.2766E+01  0.2766E+01
  0.5625E-01  0.2810E+01  0.3562E-01  0.2737E+01  0.2737E+01
  0.5686E-01  0.2820E+01  0.3802E-01  0.2709E+01  0.2709E+01
  0.5746E-01  0.2784E+01  0.3697E-01  0.2681E+01  0.2681E+01
  0.5807E-01  0.2734E+01  0.3609E-01  0.2652E+01  0.2652E+01
  0.5868E-01  0.2644E+01  0.4028E-01  0.2624E+01  0.2624E+01
  0.5929E-01  0.2701E+01  0.3641E-01  0.2595E+01  0.2595E+01
  0.5990E-01  0.2618E+01  0.3895E-01  0.2567E+01  0.2567E+01
  0.6050E-01  0.2599E+01  0.3655E-01  0.2539E+01  0.2539E+01
  0.6111E-01  0.2627E+01  0.4434E-01  0.2510E+01  0.2510E+01
  0.6172E-01  0.2595E+01  0.4323E-01  0.2482E+01  0.2482E+01
  0.6233E-01  0.2559E+01  0.5693E-01  0.2454E+01  0.2454E+01
  0.6294E-01  0.2444E+01  0.4013E-01  0.2426E+01  0.2426E+01
  0.6354E-01  0.2393E+01  0.3523E-01  0.2398E+01  0.2398E+01
  0.6415E-01  0.2363E+01  0.3408E-01  0.2370E+01  0.2370E+01
  0.6476E-01  0.2365E+01  0.3416E-01  0.2342E+01  0.2342E+01
  0.6537E-01  0.2318E+01  0.3362E-01  0.2314E+01  0.2314E+01
  0.6598E-01  0.2319E+01  0.3379E-01  0.2286E+01  0.2286E+01
  0.6659E-01  0.2283E+01  0.3359E-01  0.2258E+01  0.2258E+01
  0.6719E-01  0.2241E+01  0.3105E-01  0.2231E+01  0.2231E+01
  0.6780E-01  0.2214E+01  0.3192E-01  0.2203E+01  0.2203E+01
  0.6841E-01  0.2228E+01  0.3174E-01  0.2176E+01  0.2176E+01
  0.6902E-01  0.2180E+01  0.3020E-01  0.2149E+01  0.2149E+01
  0.6962E-01  0.2129E+01  0.3304E-01  0.2122E+01  0.2122E+01
  0.7023E-01  0.2115E+01  0.3168E-01  0.2095E+01  0.2095E+01
  0.7084E-01  0.2067E+01  0.2699E-01  0.2068E+01  0.2068E+01
  0.7145E-01  0.2073E+01  0.2270E-01  0.2041E+01  0.2041E+01
  0.7206E-01  0.2052E+01  0.2037E-01  0.2014E+01  0.2014E+01
  0.7267E-01  0.1996E+01  0.2117E-01  0.1988E+01  0.1988E+01
  0.7327E-01  0.1935E+01  0.2197E-01  0.1961E+01  0.1961E+01
  0.7388E-01  0.1935E+01  0.2365E-01  0.1935E+01  0.1935E+01
  0.7449E-01  0.1929E+01  0.3267E-01  0.1909E+01  0.1909E+01
  0.7510E-01  0.1929E+01  0.5950E-01  0.1883E+01  0.1883E+01
  0.7571E-01  0.1872E+01  0.3283E-01  0.1857E+01  0.1857E+01
  0.7631E-01  0.1876E+01  0.2812E-01  0.1832E+01  0.1832E+01
  0.7692E-01  0.1807E+01  0.1856E-01  0.1806E+01  0.1806E+01
  0.7753E-01  0.1782E+01  0.1502E-01  0.1781E+01  0.1781E+01
  0.7814E-01  0.1788E+01  0.1513E-01  0.1756E+01  0.1756E+01
  0.7875E-01  0.1781E+01  0.1465E-01  0.1731E+01  0.1731E+01
  0.7935E-01  0.1747E+01  0.1581E-01  0.1706E+01  0.1706E+01
  0.7996E-01  0.1738E+01  0.1419E-01  0.1682E+01  0.1682E+01
  0.8057E-01  0.1708E+01  0.1469E-01  0.1657E+01  0.1657E+01
  0.8118E-01  0.1667E+01  0.1427E-01  0.1633E+01  0.1633E+01
  0.8179E-01  0.1646E+01  0.1522E-01  0.1609E+01  0.1609E+01
  0.8239E-01  0.1601E+01  0.1554E-01  0.1585E+01  0.1585E+01
  0.8300E-01  0.1598E+01  0.1538E-01  0.1562E+01  0.1562E+01
  0.8361E-01  0.1563E+01  0.1489E-01  0.1538E+01  0.1538E+01
  0.8422E-01  0.1553E+01  0.1704E-01  0.1515E+01  0.1515E+01
  0.8483E-01  0.1522E+01  0.1273E-01  0.1492E+01  0.1492E+01
  0.8544E-01  0.1483E+01  0.1332E-01  0.1469E+01  0.1469E+01
  0.8604E-01  0.1450E+01  0.1279E-01  0.1447E+01  0.1447E+01
  0.8665E-01  0.1433E+01  0.1182E-01  0.1424E+01  0.1424E+01
  0.8726E-01  0.1414E+01  0.1218E-01  0.1402E+01  0.1402E+01
  0.8787E-01  0.1402E+01  0.1179E-01  0.1380E+01  0.1380E+01
  0.8847E-01  0.1384E+01  0.1175E-01  0.1358E+01  0.1358E+01
  0.8908E-01  0.1363E+01  0.1153E-01  0.1337E+01  0.1337E+01
  0.8969E-01  0.1344E+01  0.1298E-01  0.1315E+01  0.1315E+01
  0.9030E-01  0.1297E+01  0.1261E-01  0.1294E+01  0.1294E+01
  0.9091E-01  0.1282E+01  0.1259E-01  0.1274E+01  0.1274E+01
  0.9151E-01  0.1272E+01  0.1186E-01  0.1253E+01  0.1253E+01
  0.9212E-01  0.1240E+01  0.1189E-01  0.1232E+01  0.1232E+01
  0.9273E-01  0.1250E+01  0.1195E-01  0.1212E+01  0.1212E+01
  0.9334E-01  0.1207E+01  0.1180E-01  0.1192E+01  0.1192E+01
  0.9395E-01  0.1198E+01  0.1205E-01  0.1172E+01  0.1172E+01
  0.9456E-01  0.1170E+01  0.1244E-01  0.1153E+01  0.1153E+01
  0.9516E-01  0.1155E+01  0.1184E-01  0.1134E+01  0.1134E+01
  0.9577E-01  0.1131E+01  0.1214E-01  0.1115E+01  0.1115E+01
  0.9638E-01  0.1102E+01  0.1205E-01  0.1096E+01  0.1096E+01
  0.9699E-01  0.1060E+01  0.1199E-01  0.1077E+01  0.1077E+01
  0.9760E-01  0.1065E+01  0.1164E-01  0.1059E+01  0.1059E+01
  0.9820E-01  0.1048E+01  0.1170E-01  0.1041E+01  0.1041E+01
  0.9881E-01  0.1036E+01  0.1204E-01  0.1023E+01  0.1023E+01
  0.9942E-01  0.1014E+01  0.1149E-01  0.1005E+01  0.1005E+01
  0.1000E+00  0.1013E+01  0.1146E-01  0.9874E+00  0.9874E+00
  0.1006E+00  0.9914E+00  0.1113E-01  0.9702E+00  0.9702E+00
  0.1012E+00  0.9770E+00  0.1108E-01  0.9531E+00  0.9531E+00
  0.1019E+00  0.9591E+00  0.1088E-01  0.9363E+00  0.9363E+00
  0.1025E+00  0.9285E+00  0.1128E-01  0.9197E+00  0.9197E+00
  0.1031E+00  0.9240E+00  0.1099E-01  0.9034E+00  0.9034E+00
  0.1037E+00  0.9020E+00  0.1135E-01  0.8873E+00  0.8873E+00
  0.1043E+00  0.8882E+00  0.1052E-01  0.8714E+00  0.8714E+00
  0.1049E+00  0.8696E+00  0.1054E-01  0.8557E+00  0.8557E+00
  0.1055E+00  0.8425E+00  0.1143E-01  0.8402E+00  0.8402E+00
  0.1061E+00  0.8250E+00  0.1162E-01  0.8250E+00  0.8250E+00
  0.1067E+00  0.8196E+00  0.1085E-01  0.8100E+00  0.8100E+00
  0.1073E+00  0.8174E+00  0.1125E-01  0.7952E+00  0.7952E+00
  0.1079E+00  0.7945E+00  0.1077E-01  0.7806E+00  0.7806E+00
  0.1085E+00  0.7771E+00  0.1076E-01  0.7663E+00  0.7663E+00
  0.1091E+00  0.7660E+00  0.1098E-01  0.7521E+00  0.7521E+00
  0.1098E+00  0.7582E+00  0.1078E-01  0.7382E+00  0.7382E+00
  0.1104E+00  0.7455E+00  0.9772E-02  0.7245E+00  0.7245E+00
  0.1110E+00  0.7263E+00  0.1048E-01  0.7110E+00  0.7110E+00
  0.1116E+00  0.7219E+00  0.1002E-01  0.6977E+00  0.6977E+00
  0.1122E+00  0.6995E+00  0.1028E-01  0.6846E+00  0.6846E+00
  0.1128E+00  0.7015E+00  0.1064E-01  0.6717E+00  0.6717E+00
  0.1134E+00  0.6815E+00  0.1036E-01  0.6591E+00  0.6591E+00
  0.1140E+00  0.6664E+00  0.1009E-01  0.6466E+00  0.6466E+00
  0.1146E+00  0.6310E+00  0.1041E-01  0.6344E+00  0.6344E+00
  0.1152E+00  0.6313E+00  0.1033E-01  0.6223E+00  0.6223E+00
  0.1158E+00  0.6119E+00  0.1079E-01  0.6105E+00  0.6105E+00
  0.1164E+00  0.6019E+00  0.1079E-01  0.5988E+00  0.5988E+00
  0.1171E+00  0.5991E+00  0.9805E-02  0.5874E+00  0.5874E+00
  0.1177E+00  0.5848E+00  0.9750E-02  0.5761E+00  0.5761E+00
  0.1183E+00  0.5672E+00  0.9890E-02  0.5650E+00  0.5650E+00
  0.1189E+00  0.5549E+00  0.1004E-01  0.5542E+00  0.5542E+00
  0.1195E+00  0.5524E+00  0.1011E-01  0.5435E+00  0.5435E+00
  0.1201E+00  0.5396E+00  0.9691E-02  0.5330E+00  0.5330E+00
  0.1207E+00  0.5178E+00  0.9688E-02  0.5227E+00  0.5227E+00
  0.1213E+00  0.5211E+00  0.1037E-01  0.5126E+00  0.5126E+00
  0.1219E+00  0.5024E+00  0.1037E-01  0.5026E+00  0.5026E+00
  0.1225E+00  0.4966E+00  0.9972E-02  0.4929E+00  0.4929E+00
  0.1231E+00  0.4751E+00  0.9850E-02  0.4833E+00  0.4833E+00
  0.1237E+00  0.4683E+00  0.9964E-02  0.4739E+00  0.4739E+00
  0.1244E+00  0.4556E+00  0.1004E-01  0.4646E+00  0.4646E+00
  0.1250E+00  0.4524E+00  0.9827E-02  0.4555E+00  0.4555E+00
  0.1256E+00  0.4463E+00  0.9674E-02  0.4467E+00  0.4467E+00
  0.1262E+00  0.4366E+00  0.9641E-02  0.4379E+00  0.4379E+00
  0.1268E+00  0.4325E+00  0.9636E-02  0.4294E+00  0.4294E+00
  0.1274E+00  0.4126E+00  0.9538E-02  0.4210E+00  0.4210E+00
  0.1280E+00  0.4102E+00  0.1030E-01  0.4127E+00  0.4127E+00
  0.1286E+00  0.4069E+00  0.1010E-01  0.4047E+00  0.4047E+00
  0.1292E+00  0.4018E+00  0.9517E-02  0.3967E+00  0.3967E+00
  0.1298E+00  0.3821E+00  0.1001E-01  0.3890E+00  0.3890E+00
  0.1304E+00  0.3780E+00  0.1005E-01  0.3814E+00  0.3814E+00
  0.1310E+00  0.3956E+00  0.9856E-02  0.3739E+00  0.3739E+00
  0.1316E+00  0.3668E+00  0.9502E-02  0.3666E+00  0.3666E+00
  0.1323E+00  0.3572E+00  0.9522E-02  0.3594E+00  0.3594E+00
  0.1329E+00  0.3457E+00  0.9456E-02  0.3524E+00  0.3524E+00
  0.1335E+00  0.3508E+00  0.9509E-02  0.3455E+00  0.3455E+00
  0.1341E+00  0.3332E+00  0.9555E-02  0.3388E+00  0.3388E+00
  0.1347E+00  0.3237E+00  0.7005E-02  0.3322E+00  0.3322E+00
  0.1353E+00  0.3161E+00  0.6921E-02  0.3257E+00  0.3257E+00
  0.1359E+00  0.3032E+00  0.6930E-02  0.3194E+00  0.3194E+00
  0.1365E+00  0.2980E+00  0.7251E-02  0.3132E+00  0.3132E+00
  0.1371E+00  0.3004E+00  0.7008E-02  0.3071E+00  0.3071E+00
  0.1377E+00  0.2951E+00  0.6949E-02  0.3011E+00  0.3011E+00
  0.1383E+00  0.2880E+00  0.6853E-02  0.2953E+00  0.2953E+00
  0.1389E+00  0.2841E+00  0.7011E-02  0.2896E+00  0.2896E+00
  0.1396E+00  0.2740E+00  0.6746E-02  0.2840E+00  0.2840E+00
  0.1402E+00  0.2677E+00  0.6800E-02  0.2786E+00  0.2786E+00
  0.1408E+00  0.2656E+00  0.6755E-02  0.2732E+00  0.2732E+00
  0.1414E+00  0.2603E+00  0.6829E-02  0.2680E+00  0.2680E+00
  0.1420E+00  0.2581E+00  0.6669E-02  0.2629E+00  0.2629E+00
  0.1426E+00  0.2544E+00  0.6611E-02  0.2579E+00  0.2579E+00
  0.1432E+00  0.2376E+00  0.6673E-02  0.2530E+00  0.2530E+00
  0.1438E+00  0.2466E+00  0.6753E-02  0.2482E+00  0.2482E+00
  0.1444E+00  0.2382E+00  0.6640E-02  0.2435E+00  0.2435E+00
  0.1450E+00  0.2326E+00  0.6570E-02  0.2390E+00  0.2390E+00
  0.1456E+00  0.2274E+00  0.6724E-02  0.2345E+00  0.2345E+00
  0.1462E+00  0.2093E+00  0.6615E-02  0.2301E+00  0.2301E+00
  0.1468E+00  0.2151E+00  0.6657E-02  0.2258E+00  0.2258E+00
  0.1475E+00  0.2190E+00  0.7544E-02  0.2217E+00  0.2217E+00
  0.1481E+00  0.2080E+00  0.1055E-01  0.2176E+00  0.2176E+00
  0.1487E+00  0.2002E+00  0.7419E-02  0.2136E+00  0.2136E+00
  0.1493E+00  0.1975E+00  0.6791E-02  0.2097E+00  0.2097E+00
  0.1499E+00  0.1976E+00  0.6338E-02  0.2058E+00  0.2058E+00
  0.1505E+00  0.1937E+00  0.6349E-02  0.2021E+00  0.2021E+00
  0.1511E+00  0.1960E+00  0.6385E-02  0.1985E+00  0.1985E+00
  0.1517E+00  0.1952E+00  0.6484E-02  0.1949E+00  0.1949E+00
  0.1523E+00  0.1893E+00  0.6424E-02  0.1914E+00  0.1914E+00
  0.1529E+00  0.1874E+00  0.6204E-02  0.1880E+00  0.1880E+00
  0.1535E+00  0.1744E+00  0.5953E-02  0.1847E+00  0.1847E+00
  0.1541E+00  0.1833E+00  0.6195E-02  0.1814E+00  0.1814E+00
  0.1548E+00  0.1720E+00  0.6315E-02  0.1783E+00  0.1783E+00
  0.1554E+00  0.1648E+00  0.6169E-02  0.1752E+00  0.1752E+00
  0.1560E+00  0.1682E+00  0.6006E-02  0.1721E+00  0.1721E+00
  0.1566E+00  0.1589E+00  0.6003E-02  0.1692E+00  0.1692E+00
  0.1572E+00  0.1673E+00  0.5808E-02  0.1663E+00  0.1663E+00
  0.1578E+00  0.1580E+00  0.6070E-02  0.1635E+00  0.1635E+00
  0.1584E+00  0.1538E+00  0.6096E-02  0.1607E+00  0.1607E+00
  0.1590E+00  0.1423E+00  0.6099E-02  0.1580E+00  0.1580E+00
  0.1596E+00  0.1406E+00  0.6145E-02  0.1554E+00  0.1554E+00
  0.1602E+00  0.1397E+00  0.6100E-02  0.1528E+00  0.1528E+00
  0.1608E+00  0.1448E+00  0.5910E-02  0.1503E+00  0.1503E+00
  0.1614E+00  0.1415E+00  0.5983E-02  0.1479E+00  0.1479E+00
  0.1620E+00  0.1344E+00  0.6193E-02  0.1455E+00  0.1455E+00
  0.1627E+00  0.1264E+00  0.6332E-02  0.1432E+00  0.1432E+00
  0.1633E+00  0.1299E+00  0.6492E-02  0.1409E+00  0.1409E+00
  0.1639E+00  0.1268E+00  0.6728E-02  0.1387E+00  0.1387E+00
  0.1645E+00  0.1262E+00  0.6134E-02  0.1365E+00  0.1365E+00
  0.1651E+00  0.1227E+00  0.6194E-02  0.1344E+00  0.1344E+00
  0.1657E+00  0.1220E+00  0.5913E-02  0.1323E+00  0.1323E+00
  0.1663E+00  0.1168E+00  0.5924E-02  0.1303E+00  0.1303E+00
  0.1669E+00  0.1240E+00  0.5901E-02  0.1283E+00  0.1283E+00
  0.1675E+00  0.1175E+00  0.5787E-02  0.1264E+00  0.1264E+00
  0.1681E+00  0.1198E+00  0.5840E-02  0.1245E+00  0.1245E+00
  0.1687E+00  0.1183E+00  0.5970E-02  0.1227E+00  0.1227E+00
  0.1693E+00  0.1170E+00  0.5951E-02  0.1209E+00  0.1209E+00
  0.1700E+00  0.1186E+00  0.5870E-02  0.1191E+00  0.1191E+00
  0.1706E+00  0.1144E+00  0.6038E-02  0.1174E+00  0.1174E+00
  0.1712E+00  0.1194E+00  0.6051E-02  0.1158E+00  0.1158E+00
  0.1718E+00  0.1185E+00  0.6110E-02  0.1142E+00  0.1142E+00
  0.1724E+00  0.1117E+00  0.5970E-02  0.1126E+00  0.1126E+00
  0.1730E+00  0.1094E+00  0.5969E-02  0.1110E+00  0.1110E+00
  0.1736E+00  0.1124E+00  0.5975E-02  0.1095E+00  0.1095E+00
  0.1742E+00  0.1060E+00  0.5915E-02  0.1080E+00  0.1080E+00
  0.1748E+00  0.1013E+00  0.6217E-02  0.1066E+00  0.1066E+00
  0.1754E+00  0.1058E+00  0.6073E-02  0.1052E+00  0.1052E+00
  0.1760E+00  0.9793E-01  0.6377E-02  0.1038E+00  0.1038E+00
  0.1766E+00  0.9141E-01  0.5987E-02  0.1025E+00  0.1025E+00
  0.1773E+00  0.9460E-01  0.6017E-02  0.1012E+00  0.1012E+00
  0.1779E+00  0.9612E-01  0.5914E-02  0.9991E-01  0.9991E-01
  0.1785E+00  0.9761E-01  0.5884E-02  0.9867E-01  0.9867E-01
  0.1791E+00  0.9296E-01  0.5736E-02  0.9746E-01  0.9746E-01
  0.1797E+00  0.8926E-01  0.5764E-02  0.9627E-01  0.9627E-01
  0.1803E+00  0.9534E-01  0.4590E-01  0.9512E-01  0.9512E-01
  0.1809E+00  0.9334E-01  0.1276E+00  0.9399E-01  0.9399E-01
  0.1815E+00  0.8141E-01  0.5975E-02  0.9289E-01  0.9289E-01
  0.1821E+00  0.9301E-01  0.6001E-02  0.9181E-01  0.9181E-01
  0.1827E+00  0.9040E-01  0.5674E-02  0.9076E-01  0.9076E-01
  0.1833E+00  0.9101E-01  0.5805E-02  0.8974E-01  0.8974E-01
  0.1839E+00  0.8909E-01  0.5967E-02  0.8874E-01  0.8874E-01
  0.1845E+00  0.7728E-01  0.6030E-02  0.8776E-01  0.8776E-01
  0.1852E+00  0.7036E-01  0.6485E-02  0.8681E-01  0.8681E-01
  0.1858E+00  0.7447E-01  0.9278E-02  0.8588E-01  0.8588E-01
  0.1864E+00  0.7733E-01  0.1867E-01  0.8497E-01  0.8497E-01
  0.1870E+00  0.8109E-01  0.1220E-01  0.8408E-01  0.8408E-01
  0.1876E+00  0.7744E-01  0.6687E-02  0.8322E-01  0.8322E-01
  0.1882E+00  0.6712E-01  0.5523E-02  0.8237E-01  0.8237E-01
  0.1888E+00  0.6950E-01  0.5805E-02  0.8154E-01  0.8154E-01
  0.1894E+00  0.6431E-01  0.5745E-02  0.8074E-01  0.8074E-01
  0.1900E+00  0.7408E-01  0.5675E-02  0.7995E-01  0.7995E-01
  0.1906E+00  0.8204E-01  0.5634E-02  0.7918E-01  0.7918E-01
  0.1912E+00  0.7916E-01  0.5760E-02  0.7843E-01  0.7843E-01
  0.1918E+00  0.8940E-01  0.5625E-02  0.7770E-01  0.7770E-01
  0.1925E+00  0.8726E-01  0.5811E-02  0.7698E-01  0.7698E-01
  0.1931E+00  0.7270E-01  0.5911E-02  0.7628E-01  0.7628E-01
  0.1937E+00  0.7334E-01  0.5999E-02  0.7560E-01  0.7560E-01
  0.1943E+00  0.7737E-01  0.6007E-02  0.7493E-01  0.7493E-01
  0.1949E+00  0.7650E-01  0.5749E-02  0.7428E-01  0.7428E-01
  0.1955E+00  0.6986E-01  0.5680E-02  0.7364E-01  0.7364E-01
  0.1961E+00  0.7451E-01  0.5648E-02  0.7302E-01  0.7302E-01
  0.1967E+00  0.8018E-01  0.5761E-02  0.7241E-01  0.7241E-01
  0.1973E+00  0.7020E-01  0.5908E-02  0.7181E-01  0.7181E-01
  0.1979E+00  0.6922E-01  0.5653E-02  0.7123E-01  0.7123E-01
  0.1985E+00  0.6009E-01  0.5482E-02  0.7067E-01  0.7067E-01
  0.1991E+00  0.6342E-01  0.5359E-02  0.7011E-01  0.7011E-01
  0.1997E+00  0.6273E-01  0.5504E-02  0.6957E-01  0.6957E-01
  0.2004E+00  0.7198E-01  0.5521E-02  0.6904E-01  0.6904E-01
  0.2010E+00  0.7045E-01  0.6137E-02  0.6852E-01  0.6852E-01
  0.2016E+00  0.7129E-01  0.5711E-02  0.6801E-01  0.6801E-01
  0.2022E+00  0.6485E-01  0.5821E-02  0.6752E-01  0.6752E-01
  0.2028E+00  0.6638E-01  0.5658E-02  0.6703E-01  0.6703E-01
  0.2034E+00  0.6514E-01  0.5547E-02  0.6656E-01  0.6656E-01
  0.2040E+00  0.6371E-01  0.5495E-02  0.6609E-01  0.6609E-01
  0.2046E+00  0.6364E-01  0.5276E-02  0.6564E-01  0.6564E-01
  0.2052E+00  0.6277E-01  0.5471E-02  0.6520E-01  0.6520E-01
  0.2058E+00  0.6310E-01  0.5564E-02  0.6476E-01  0.6476E-01
  0.2064E+00  0.6855E-01  0.5295E-02  0.6434E-01  0.6434E-01
  0.2070E+00  0.6718E-01  0.5416E-02  0.6392E-01  0.6392E-01
  0.2077E+00  0.6449E-01  0.5486E-02  0.6351E-01  0.6351E-01
  0.2083E+00  0.6768E-01  0.5151E-02  0.6311E-01  0.6311E-01
  0.2089E+00  0.6690E-01  0.5468E-02  0.6272E-01  0.6272E-01
  0.2095E+00  0.6665E-01  0.5351E-02  0.6234E-01  0.6234E-01
  0.2101E+00  0.7357E-01  0.5399E-02  0.6196E-01  0.6196E-01
  0.2107E+00  0.7283E-01  0.5353E-02  0.6160E-01  0.6160E-01
  0.2113E+00  0.6494E-01  0.5348E-02  0.6124E-01  0.6124E-01
  0.2119E+00  0.6090E-01  0.5515E-02  0.6089E-01  0.6089E-01
  0.2125E+00  0.6300E-01  0.5393E-02  0.6054E-01  0.6054E-01
  0.2131E+00  0.5957E-01  0.5323E-02  0.6020E-01  0.6020E-01
  0.2137E+00  0.5322E-01  0.5332E-02  0.5987E-01  0.5987E-01
  0.2143E+00  0.5621E-01  0.5244E-02  0.5954E-01  0.5954E-01
  0.2149E+00  0.5887E-01  0.5259E-02  0.5922E-01  0.5922E-01
  0.2156E+00  0.5962E-01  0.5263E-02  0.5891E-01  0.5891E-01
  0.2162E+00  0.5311E-01  0.6921E-02  0.5860E-01  0.5860E-01
  0.2168E+00  0.6001E-01  0.4542E-02  0.5830E-01  0.5830E-01
  0.2174E+00  0.5415E-01  0.4651E-02  0.5800E-01  0.5800E-01
  0.2180E+00  0.5529E-01  0.4672E-02  0.5771E-01  0.5771E-01
  0.2186E+00  0.5545E-01  0.4661E-02  0.5742E-01  0.5742E-01
  0.2192E+00  0.4962E-01  0.4820E-02  0.5714E-01  0.5714E-01
  0.2198E+00  0.5009E-01  0.4853E-02  0.5686E-01  0.5686E-01
  0.2204E+00  0.5103E-01  0.5236E-02  0.5659E-01  0.5659E-01
  0.2210E+00  0.5210E-01  0.4660E-02  0.5633E-01  0.5633E-01
  0.2216E+00  0.5513E-01  0.4587E-02  0.5606E-01  0.5606E-01
  0.2222E+00  0.5358E-01  0.4516E-02  0.5580E-01  0.5580E-01
  0.2228E+00  0.5195E-01  0.4465E-02  0.5555E-01  0.5555E-01
  0.2235E+00  0.5718E-01  0.4530E-02  0.5530E-01  0.5530E-01
  0.2241E+00  0.5302E-01  0.4630E-02  0.5505E-01  0.5505E-01
  0.2247E+00  0.5998E-01  0.4601E-02  0.5481E-01  0.5481E-01
  0.2253E+00  0.6012E-01  0.4795E-02  0.5457E-01  0.5457E-01
  0.2259E+00  0.5898E-01  0.4627E-02  0.5433E-01  0.5433E-01
  0.2265E+00  0.4986E-01  0.4627E-02  0.5410E-01  0.5410E-01
  0.2271E+00  0.5129E-01  0.4680E-02  0.5387E-01  0.5387E-01
  0.2277E+00  0.5686E-01  0.4443E-02  0.5364E-01  0.5364E-01
  0.2283E+00  0.4845E-01  0.4468E-02  0.5342E-01  0.5342E-01
  0.2289E+00  0.5483E-01  0.4567E-02  0.5320E-01  0.5320E-01
  0.2295E+00  0.5013E-01  0.4416E-02  0.5298E-01  0.5298E-01
  0.2301E+00  0.5085E-01  0.4252E-02  0.5277E-01  0.5277E-01
  0.2308E+00  0.5386E-01  0.4398E-02  0.5255E-01  0.5255E-01
  0.2314E+00  0.5070E-01  0.4305E-02  0.5234E-01  0.5234E-01
  0.2320E+00  0.5648E-01  0.4350E-02  0.5214E-01  0.5214E-01
  0.2326E+00  0.5119E-01  0.4336E-02  0.5193E-01  0.5193E-01
  0.2332E+00  0.5502E-01  0.4272E-02  0.5173E-01  0.5173E-01
  0.2338E+00  0.5067E-01  0.4205E-02  0.5153E-01  0.5153E-01
  0.2344E+00  0.5185E-01  0.4258E-02  0.5133E-01  0.5133E-01
  0.2350E+00  0.5263E-01  0.4411E-02  0.5113E-01  0.5113E-01
  0.2356E+00  0.4701E-01  0.4439E-02  0.5094E-01  0.5094E-01
  0.2362E+00  0.4459E-01  0.4380E-02  0.5075E-01  0.5075E-01
  0.2368E+00  0.4268E-01  0.4242E-02  0.5055E-01  0.5055E-01
  0.2374E+00  0.4468E-01  0.4365E-02  0.5037E-01  0.5037E-01
  0.2380E+00  0.4390E-01  0.4359E-02  0.5018E-01  0.5018E-01
  0.2387E+00  0.4410E-01  0.4259E-02  0.4999E-01  0.4999E-01
  0.2393E+00  0.4653E-01  0.4248E-02  0.4981E-01  0.4981E-01
  0.2399E+00  0.5152E-01  0.4416E-02  0.4963E-01  0.4963E-01
  0.2405E+00  0.4858E-01  0.4313E-02  0.4945E-01  0.4945E-01
  0.2411E+00  0.5008E-01  0.4328E-02  0.4927E-01  0.4927E-01
  0.2417E+00  0.4305E-01  0.4299E-02  0.4909E-01  0.4909E-01
  0.2423E+00  0.4072E-01  0.4288E-02  0.4891E-01  0.4891E-01
  0.2429E+00  0.3961E-01  0.4343E-02  0.4874E-01  0.4874E-01
  0.2435E+00  0.4803E-01  0.4491E-02  0.4856E-01  0.4856E-01
  0.2441E+00  0.4589E-01  0.4360E-02  0.4839E-01  0.4839E-01
  0.2447E+00  0.5317E-01  0.4909E-02  0.4822E-01  0.4822E-01
  0.2453E+00  0.5402E-01  0.8202E-02  0.4804E-01  0.4804E-01
  0.2460E+00  0.4663E-01  0.1172E-01  0.4788E-01  0.4788E-01
  0.2466E+00  0.5203E-01  0.7648E-02  0.4771E-01  0.4771E-01
  0.2472E+00  0.4729E-01  0.1213E-01  0.4754E-01  0.4754E-01
  0.2478E+00  0.4473E-01  0.6994E-02  0.4737E-01  0.4737E-01
  0.2484E+00  0.4209E-01  0.4497E-02  0.4721E-01  0.4721E-01
  0.2490E+00  0.4834E-01  0.4379E-02  0.4704E-01  0.4704E-01
  0.2496E+00  0.4493E-01  0.4202E-02  0.4688E-01  0.4688E-01
  0.2502E+00  0.5013E-01  0.4215E-02  0.4672E-01  0.4672E-01
  0.2508E+00  0.4795E-01  0.4318E-02  0.4655E-01  0.4655E-01
  0.2514E+00  0.4943E-01  0.4244E-02  0.4639E-01  0.4639E-01
  0.2520E+00  0.4820E-01  0.4141E-02  0.4623E-01  0.4623E-01
  0.2526E+00  0.4288E-01  0.4364E-02  0.4607E-01  0.4607E-01
  0.2532E+00  0.4213E-01  0.4245E-02  0.4592E-01  0.4592E-01
  0.2539E+00  0.4783E-01  0.4136E-02  0.4576E-01  0.4576E-01
  0.2545E+00  0.4659E-01  0.4214E-02  0.4560E-01  0.4560E-01
  0.2551E+00  0.4638E-01  0.4123E-02  0.4544E-01  0.4544E-01
  0.2557E+00  0.4314E-01  0.4059E-02  0.4529E-01  0.4529E-01
  0.2563E+00  0.4267E-01  0.4274E-02  0.4514E-01  0.4514E-01
  0.2569E+00  0.3975E-01  0.4205E-02  0.4498E-01  0.4498E-01
  0.2575E+00  0.4307E-01  0.4308E-02  0.4483E-01  0.4483E-01
  0.2581E+00  0.3681E-01  0.4307E-02  0.4468E-01  0.4468E-01
  0.2587E+00  0.3856E-01  0.4150E-02  0.4453E-01  0.4453E-01
  0.2593E+00  0.4008E-01  0.4172E-02  0.4437E-01  0.4437E-01
  0.2599E+00  0.4160E-01  0.4221E-02  0.4422E-01  0.4422E-01
  0.2605E+00  0.4419E-01  0.4124E-02  0.4408E-01  0.4408E-01
  0.2612E+00  0.4598E-01  0.4252E-02  0.4393E-01  0.4393E-01
  0.2618E+00  0.4264E-01  0.4126E-02  0.4378E-01  0.4378E-01
  0.2624E+00  0.4489E-01  0.4500E-02  0.4363E-01  0.4363E-01
  0.2630E+00  0.4111E-01  0.6526E-02  0.4349E-01  0.4349E-01
  0.2636E+00  0.4164E-01  0.4671E-02  0.4334E-01  0.4334E-01
  0.2642E+00  0.4220E-01  0.4070E-02  0.4320E-01  0.4320E-01
  0.2648E+00  0.3763E-01  0.4082E-02  0.4305E-01  0.4305E-01
  0.2654E+00  0.4189E-01  0.4053E-02  0.4291E-01  0.4291E-01
  0.2660E+00  0.4554E-01  0.4003E-02  0.4277E-01  0.4277E-01
  0.2666E+00  0.4563E-01  0.4085E-02  0.4263E-01  0.4263E-01
  0.2672E+00  0.4008E-01  0.3971E-02  0.4248E-01  0.4248E-01
  0.2678E+00  0.3738E-01  0.3929E-02  0.4234E-01  0.4234E-01
  0.2684E+00  0.4190E-01  0.4004E-02  0.4221E-01  0.4221E-01
  0.2691E+00  0.4101E-01  0.4050E-02  0.4207E-01  0.4207E-01
  0.2697E+00  0.4659E-01  0.3909E-02  0.4193E-01  0.4193E-01
  0.2703E+00  0.3977E-01  0.3917E-02  0.4179E-01  0.4179E-01
  0.2709E+00  0.4189E-01  0.4079E-02  0.4166E-01  0.4166E-01
  0.2715E+00  0.4141E-01  0.4011E-02  0.4152E-01  0.4152E-01
  0.2721E+00  0.4247E-01  0.4068E-02  0.4139E-01  0.4139E-01
  0.2727E+00  0.3995E-01  0.4049E-02  0.4125E-01  0.4125E-01
  0.2733E+00  0.4135E-01  0.3882E-02  0.4112E-01  0.4112E-01
  0.2739E+00  0.4728E-01  0.3959E-02  0.4099E-01  0.4099E-01
  0.2745E+00  0.4498E-01  0.4058E-02  0.4085E-01  0.4085E-01
  0.2751E+00  0.4390E-01  0.3959E-02  0.4072E-01  0.4072E-01
  0.2757E+00  0.4149E-01  0.3997E-02  0.4059E-01  0.4059E-01
  0.2763E+00  0.4026E-01  0.3943E-02  0.4046E-01  0.4046E-01
  0.2770E+00  0.4247E-01  0.3842E-02  0.4033E-01  0.4033E-01
  0.2776E+00  0.3781E-01  0.3892E-02  0.4021E-01  0.4021E-01
  0.2782E+00  0.4264E-01  0.4062E-02  0.4008E-01  0.4008E-01
  0.2788E+00  0.4479E-01  0.4062E-02  0.3995E-01  0.3995E-01
  0.2794E+00  0.4424E-01  0.3841E-02  0.3983E-01  0.3983E-01
  0.2800E+00  0.4296E-01  0.3863E-02  0.3970E-01  0.3970E-01
  0.2806E+00  0.4393E-01  0.3811E-02  0.3958E-01  0.3958E-01
  0.2812E+00  0.4151E-01  0.3837E-02  0.3946E-01  0.3946E-01
  0.2818E+00  0.4106E-01  0.3865E-02  0.3933E-01  0.3933E-01
  0.2824E+00  0.4632E-01  0.3851E-02  0.3921E-01  0.3921E-01
  0.2830E+00  0.4343E-01  0.3854E-02  0.3909E-01  0.3909E-01
  0.2836E+00  0.4667E-01  0.3861E-02  0.3897E-01  0.3897E-01
  0.2843E+00  0.4348E-01  0.3855E-02  0.3885E-01  0.3885E-01
  0.2849E+00  0.4552E-01  0.3827E-02  0.3873E-01  0.3873E-01
  0.2855E+00  0.4276E-01  0.3832E-02  0.3862E-01  0.3862E-01
  0.2861E+00  0.4038E-01  0.3633E-02  0.3850E-01  0.3850E-01
  0.2867E+00  0.4043E-01  0.3732E-02  0.3838E-01  0.3838E-01
  0.2873E+00  0.4507E-01  0.3714E-02  0.3827E-01  0.3827E-01
  0.2879E+00  0.3874E-01  0.3711E-02  0.3815E-01  0.3815E-01
  0.2885E+00  0.3887E-01  0.3613E-02  0.3804E-01  0.3804E-01
  0.2891E+00  0.3113E-01  0.3641E-02  0.3792E-01  0.3792E-01
  0.2897E+00  0.3813E-01  0.3550E-02  0.3781E-01  0.3781E-01
  0.2903E+00  0.3708E-01  0.3961E-02  0.3770E-01  0.3770E-01
  0.2909E+00  0.3954E-01  0.4885E-02  0.3759E-01  0.3759E-01
  0.2915E+00  0.4157E-01  0.4643E-02  0.3747E-01  0.3747E-01
  0.2922E+00  0.3853E-01  0.7215E-02  0.3736E-01  0.3736E-01
  0.2928E+00  0.3980E-01  0.5614E-02  0.3725E-01  0.3725E-01
  0.2934E+00  0.3296E-01  0.3889E-02  0.3714E-01  0.3714E-01
  0.2940E+00  0.3296E-01  0.3703E-02  0.3704E-01  0.3704E-01
  0.2946E+00  0.3637E-01  0.3746E-02  0.3693E-01  0.3693E-01
  0.2952E+00  0.3369E-01  0.3738E-02  0.3682E-01  0.3682E-01
  0.2958E+00  0.3509E-01  0.3784E-02  0.3671E-01  0.3671E-01
  0.2964E+00  0.3508E-01  0.3958E-02  0.3661E-01  0.3661E-01
  0.2970E+00  0.3381E-01  0.3738E-02  0.3650E-01  0.3650E-01
  0.2976E+00  0.3246E-01  0.3865E-02  0.3639E-01  0.3639E-01
  0.2982E+00  0.3495E-01  0.3964E-02  0.3629E-01  0.3629E-01
  0.2988E+00  0.3490E-01  0.4205E-02  0.3618E-01  0.3618E-01
  0.2995E+00  0.3609E-01  0.4080E-02  0.3608E-01  0.3608E-01
  0.3001E+00  0.3238E-01  0.3628E-02  0.3598E-01  0.3598E-01
  0.3007E+00  0.3279E-01  0.3505E-02  0.3587E-01  0.3587E-01
  0.3013E+00  0.3305E-01  0.3549E-02  0.3577E-01  0.3577E-01
  0.3019E+00  0.3554E-01  0.3585E-02  0.3567E-01  0.3567E-01
  0.3025E+00  0.3777E-01  0.3535E-02  0.3556E-01  0.3556E-01
  0.3031E+00  0.4001E-01  0.3540E-02  0.3546E-01  0.3546E-01
  0.3037E+00  0.3583E-01  0.3539E-02  0.3536E-01  0.3536E-01
  0.3043E+00  0.3958E-01  0.3427E-02  0.3526E-01  0.3526E-01
  0.3049E+00  0.3608E-01  0.3477E-02  0.3516E-01  0.3516E-01
  0.3055E+00  0.3187E-01  0.3420E-02  0.3505E-01  0.3505E-01
  0.3061E+00  0.2734E-01  0.3476E-02  0.3495E-01  0.3495E-01
  0.3067E+00  0.2987E-01  0.3506E-02  0.3485E-01  0.3485E-01
  0.3074E+00  0.3059E-01  0.3520E-02  0.3475E-01  0.3475E-01
  0.3080E+00  0.3383E-01  0.3695E-02  0.3465E-01  0.3465E-01
  0.3086E+00  0.3815E-01  0.3443E-02  0.3455E-01  0.3455E-01
  0.3092E+00  0.4028E-01  0.3459E-02  0.3445E-01  0.3445E-01
  0.3098E+00  0.3684E-01  0.3317E-02  0.3435E-01  0.3435E-01
  0.3104E+00  0.3823E-01  0.3377E-02  0.3425E-01  0.3425E-01
  0.3110E+00  0.3997E-01  0.3447E-02  0.3415E-01  0.3415E-01
  0.3116E+00  0.3864E-01  0.3381E-02  0.3405E-01  0.3405E-01
  0.3122E+00  0.4218E-01  0.3475E-02  0.3395E-01  0.3395E-01
  0.3128E+00  0.4006E-01  0.3384E-02  0.3385E-01  0.3385E-01
  0.3134E+00  0.3697E-01  0.3442E-02  0.3375E-01  0.3375E-01

           Distance distribution  function of particle  


       R          P(R)      ERROR

  0.0000E+00  0.0000E+00  0.0000E+00
  0.6808E+00  0.1922E-03  0.2160E-05
  0.1362E+01  0.4062E-03  0.3714E-05
  0.2042E+01  0.6418E-03  0.4692E-05
  0.2723E+01  0.8987E-03  0.5142E-05
  0.3404E+01  0.1177E-02  0.5134E-05
  0.4085E+01  0.1475E-02  0.4764E-05
  0.4766E+01  0.1793E-02  0.4170E-05
  0.5446E+01  0.2130E-02  0.3568E-05
  0.6127E+01  0.2485E-02  0.3285E-05
  0.6808E+01  0.2857E-02  0.3603E-05
  0.7489E+01  0.3244E-02  0.4452E-05
  0.8170E+01  0.3645E-02  0.5556E-05
  0.8850E+01  0.4059E-02  0.6698E-05
  0.9531E+01  0.4483E-02  0.7748E-05
  0.1021E+02  0.4916E-02  0.8628E-05
  0.1089E+02  0.5355E-02  0.9295E-05
  0.1157E+02  0.5797E-02  0.9734E-05
  0.1225E+02  0.6241E-02  0.9959E-05
  0.1294E+02  0.6683E-02  0.1001E-04
  0.1362E+02  0.7121E-02  0.9955E-05
  0.1430E+02  0.7552E-02  0.9895E-05
  0.1498E+02  0.7973E-02  0.9941E-05
  0.1566E+02  0.8381E-02  0.1020E-04
  0.1634E+02  0.8773E-02  0.1075E-04
  0.1702E+02  0.9146E-02  0.1159E-04
  0.1770E+02  0.9499E-02  0.1267E-04
  0.1838E+02  0.9827E-02  0.1393E-04
  0.1906E+02  0.1013E-01  0.1526E-04
  0.1974E+02  0.1040E-01  0.1660E-04
  0.2042E+02  0.1065E-01  0.1787E-04
  0.2110E+02  0.1086E-01  0.1903E-04
  0.2179E+02  0.1104E-01  0.2005E-04
  0.2247E+02  0.1118E-01  0.2090E-04
  0.2315E+02  0.1129E-01  0.2159E-04
  0.2383E+02  0.1137E-01  0.2214E-04
  0.2451E+02  0.1141E-01  0.2257E-04
  0.2519E+02  0.1141E-01  0.2291E-04
  0.2587E+02  0.1139E-01  0.2319E-04
  0.2655E+02  0.1133E-01  0.2345E-04
  0.2723E+02  0.1123E-01  0.2372E-04
  0.2791E+02  0.1111E-01  0.2401E-04
  0.2859E+02  0.1096E-01  0.2434E-04
  0.2927E+02  0.1079E-01  0.2470E-04
  0.2996E+02  0.1059E-01  0.2507E-04
  0.3064E+02  0.1037E-01  0.2545E-04
  0.3132E+02  0.1013E-01  0.2582E-04
  0.3200E+02  0.9869E-02  0.2616E-04
  0.3268E+02  0.9595E-02  0.2647E-04
  0.3336E+02  0.9309E-02  0.2675E-04
  0.3404E+02  0.9012E-02  0.2701E-04
  0.3472E+02  0.8706E-02  0.2726E-04
  0.3540E+02  0.8393E-02  0.2753E-04
  0.3608E+02  0.8075E-02  0.2783E-04
  0.3676E+02  0.7755E-02  0.2818E-04
  0.3744E+02  0.7432E-02  0.2859E-04
  0.3812E+02  0.7110E-02  0.2907E-04
  0.3881E+02  0.6788E-02  0.2960E-04
  0.3949E+02  0.6469E-02  0.3017E-04
  0.4017E+02  0.6153E-02  0.3074E-04
  0.4085E+02  0.5842E-02  0.3131E-04
  0.4153E+02  0.5535E-02  0.3183E-04
  0.4221E+02  0.5234E-02  0.3229E-04
  0.4289E+02  0.4939E-02  0.3266E-04
  0.4357E+02  0.4651E-02  0.3294E-04
  0.4425E+02  0.4371E-02  0.3311E-04
  0.4493E+02  0.4098E-02  0.3320E-04
  0.4561E+02  0.3834E-02  0.3320E-04
  0.4629E+02  0.3578E-02  0.3313E-04
  0.4698E+02  0.3331E-02  0.3302E-04
  0.4766E+02  0.3094E-02  0.3289E-04
  0.4834E+02  0.2866E-02  0.3274E-04
  0.4902E+02  0.2649E-02  0.3261E-04
  0.4970E+02  0.2441E-02  0.3249E-04
  0.5038E+02  0.2244E-02  0.3239E-04
  0.5106E+02  0.2057E-02  0.3231E-04
  0.5174E+02  0.1882E-02  0.3224E-04
  0.5242E+02  0.1717E-02  0.3218E-04
  0.5310E+02  0.1563E-02  0.3210E-04
  0.5378E+02  0.1420E-02  0.3200E-04
  0.5446E+02  0.1287E-02  0.3187E-04
  0.5514E+02  0.1165E-02  0.3171E-04
  0.5583E+02  0.1053E-02  0.3152E-04
  0.5651E+02  0.9513E-03  0.3128E-04
  0.5719E+02  0.8585E-03  0.3099E-04
  0.5787E+02  0.7745E-03  0.3064E-04
  0.5855E+02  0.6986E-03  0.3023E-04
  0.5923E+02  0.6300E-03  0.2974E-04
  0.5991E+02  0.5679E-03  0.2913E-04
  0.6059E+02  0.5115E-03  0.2838E-04
  0.6127E+02  0.4599E-03  0.2746E-04
  0.6195E+02  0.4120E-03  0.2631E-04
  0.6263E+02  0.3671E-03  0.2491E-04
  0.6331E+02  0.3240E-03  0.2321E-04
  0.6400E+02  0.2819E-03  0.2117E-04
  0.6468E+02  0.2397E-03  0.1875E-04
  0.6536E+02  0.1967E-03  0.1592E-04
  0.6604E+02  0.1519E-03  0.1264E-04
  0.6672E+02  0.1047E-03  0.8907E-05
  0.6740E+02  0.5424E-04  0.4695E-05
  0.6808E+02  0.0000E+00  0.0000E+00
          Reciprocal space: Rg =   21.36     , I(0) =   0.4427E+01
     Real space: Rg =   21.35 +- 0.044  I(0) =   0.4427E+01 +-  0.1422E-01
