
           ####    G N O M   ---   Version 4.5a revised 09/02/02     ####

                                                  Mon Nov  9 13:18:32 2009
           ===    Run No   1   ===
 Run title:   Merge of: 23915_B3_2.m 23915_B4_2.m 23915_B5_2.m 23915_B6_1.m


  Number of points omitted at the beginning:          23
   *******   Working Directory :
   *******    Input file(s) :
           Condition P(rmin) = 0 is used. 
           Condition P(rmax) = 0 is used. 

          Experimental conditions for the first run
          -----------------------------------------

          Highest ALPHA is found to be   0.2759E+03

  The measure of inconsistency AN1 equals to    0.8898E+00
     Alpha    Discrp  Oscill  Stabil  Sysdev  Positv  Valcen    Total   
  0.2759E+06 28.2935  1.4476  0.9723  0.0000  1.0000  0.7982  0.27314
  0.5517E+05 27.0662  1.4131  0.9122  0.0000  1.0000  0.8052  0.28353
  0.1103E+05 23.4538  1.2917  0.7570  0.0000  1.0000  0.8311  0.31406
  0.2207E+04 17.5493  1.1269  0.5972  0.0741  1.0000  0.8790  0.34448
  0.4414E+03  9.3308  1.1135  0.3457  0.1070  1.0000  0.9132  0.36110
  0.8828E+02  3.1636  1.1661  0.1078  0.2469  1.0000  0.9289  0.48680
  0.1766E+02  0.9233  1.2261  0.0340  0.5597  1.0000  0.9351  0.75889
  0.3531E+01  0.4459  1.2559  0.0106  0.6626  1.0000  0.9370  0.82843
  0.7062E+00  0.4025  1.2654  0.0033  0.6379  1.0000  0.9375  0.80604
  0.1412E+00  0.3991  1.2699  0.0048  0.6296  1.0000  0.9375  0.79987
  0.2825E-01  0.3970  1.2907  0.0180  0.6214  1.0000  0.9371  0.78809
  0.5650E-02  0.3938  1.4338  0.0347  0.6214  1.0000  0.9357  0.74956
  0.1130E-02  0.3916  1.7950  0.0671  0.6296  0.9999  0.9334  0.60960
  0.2260E-03  0.3887  3.4448  0.2003  0.6379  0.9973  0.9209  0.38765
  0.4520E-04  0.3843  6.8967  0.2351  0.6461  0.9737  0.8530  0.34986
  0.9040E-05  0.3827  8.6930  0.0933  0.6502  0.9455  0.7929  0.43035
  0.1808E-05  0.3825  9.8548  0.2436  0.6502  0.9198  0.7457  0.29535
  0.3616E-06  0.3823 11.8173  0.4502  0.6502  0.8687  0.4729  0.26377
  0.7232E-07  0.3822 12.2136  0.5373  0.6502  0.8218  0.4176  0.25005
  0.1446E-07  0.3819 14.3789  0.8035  0.6502  0.7446  0.3544  0.00000

          ***  Golden section search to maximize estimate ***
     Alpha    Discrp  Oscill  Stabil  Sysdev  Positv  Valcen    Total   
  0.6530E+01  0.5274  1.2480  0.0169  0.5802  1.0000  0.9366  0.79279
  0.2792E+01  0.4305  1.2580  0.0088  0.6379  1.0000  0.9371  0.81071
  0.4466E+01  0.4684  1.2532  0.0127  0.6543  1.0000  0.9369  0.82733
  0.3228E+01  0.4393  1.2567  0.0098  0.6461  1.0000  0.9371  0.81722
  0.3863E+01  0.4535  1.2549  0.0113  0.6626  1.0000  0.9370  0.82974
  0.4083E+01  0.4588  1.2543  0.0118  0.6626  1.0000  0.9369  0.83067
  0.4225E+01  0.4623  1.2539  0.0121  0.6626  1.0000  0.9369  0.83129
  0.4315E+01  0.4646  1.2537  0.0123  0.6543  1.0000  0.9369  0.82665
  0.4170E+01  0.4610  1.2541  0.0120  0.6626  1.0000  0.9369  0.83105
  0.4259E+01  0.4632  1.2538  0.0122  0.6626  1.0000  0.9369  0.83144
  0.4281E+01  0.4637  1.2537  0.0123  0.6626  1.0000  0.9369  0.83153
  0.4294E+01  0.4641  1.2537  0.0123  0.6543  1.0000  0.9369  0.82655
  0.4272E+01  0.4635  1.2538  0.0123  0.6626  1.0000  0.9369  0.83149
  0.4286E+01  0.4639  1.2537  0.0123  0.6543  1.0000  0.9369  0.82652
  0.4281E+01  0.4637  1.2537  0.0123  0.6626  1.0000  0.9369  0.83153



             ####            Final results            ####

 Parameter    DISCRP    OSCILL    STABIL    SYSDEV    POSITV    VALCEN
 Weight        1.000     3.000     3.000     5.000     1.000     1.000
 Sigma         0.300     0.600     0.120     0.500     0.120     0.120
 Ideal         0.700     1.200     0.000     1.000     1.000     0.950
 Current       0.464     1.254     0.012     0.663     1.000     0.937
                - - - - - - - - - - - - - - - - - - - - - - - - - 
 Estimate      0.538     0.992     0.990     0.634     1.000     0.988

  Angular   range    :     from    0.0283   to    0.3238
  Real space range   :     from      0.00   to     76.17

  Highest ALPHA (theor) :   0.276E+06                 JOB = 0
  Current ALPHA         :   0.428E+01   Rg :  0.244E+02   I(0) :   0.638E+00

           Total  estimate : 0.832  which is    A GOOD      solution

      S          J EXP       ERROR       J REG       I REG

  0.0000E+00                                      0.6383E+00
  0.1010E-02                                      0.6382E+00
  0.2020E-02                                      0.6378E+00
  0.3030E-02                                      0.6372E+00
  0.4040E-02                                      0.6363E+00
  0.5050E-02                                      0.6351E+00
  0.6060E-02                                      0.6337E+00
  0.7070E-02                                      0.6320E+00
  0.8079E-02                                      0.6301E+00
  0.9089E-02                                      0.6280E+00
  0.1010E-01                                      0.6255E+00
  0.1111E-01                                      0.6229E+00
  0.1212E-01                                      0.6200E+00
  0.1313E-01                                      0.6169E+00
  0.1414E-01                                      0.6135E+00
  0.1515E-01                                      0.6099E+00
  0.1616E-01                                      0.6061E+00
  0.1717E-01                                      0.6021E+00
  0.1818E-01                                      0.5978E+00
  0.1919E-01                                      0.5934E+00
  0.2020E-01                                      0.5887E+00
  0.2121E-01                                      0.5838E+00
  0.2222E-01                                      0.5788E+00
  0.2323E-01                                      0.5735E+00
  0.2424E-01                                      0.5681E+00
  0.2525E-01                                      0.5625E+00
  0.2626E-01                                      0.5568E+00
  0.2727E-01                                      0.5508E+00
  0.2828E-01  0.5459E+00  0.1804E-01  0.5447E+00  0.5447E+00
  0.2889E-01  0.5594E+00  0.1935E-01  0.5410E+00  0.5410E+00
  0.2949E-01  0.5586E+00  0.1925E-01  0.5372E+00  0.5372E+00
  0.3010E-01  0.5479E+00  0.1446E-01  0.5334E+00  0.5334E+00
  0.3071E-01  0.5442E+00  0.1259E-01  0.5295E+00  0.5295E+00
  0.3132E-01  0.5259E+00  0.1790E-01  0.5255E+00  0.5255E+00
  0.3193E-01  0.5156E+00  0.2287E-01  0.5215E+00  0.5215E+00
  0.3254E-01  0.5099E+00  0.1195E-01  0.5175E+00  0.5175E+00
  0.3314E-01  0.5143E+00  0.8704E-02  0.5134E+00  0.5134E+00
  0.3375E-01  0.5171E+00  0.9103E-02  0.5093E+00  0.5093E+00
  0.3436E-01  0.5128E+00  0.8634E-02  0.5052E+00  0.5052E+00
  0.3497E-01  0.5267E+00  0.8533E-02  0.5010E+00  0.5010E+00
  0.3558E-01  0.4977E+00  0.8452E-02  0.4967E+00  0.4967E+00
  0.3618E-01  0.4834E+00  0.8173E-02  0.4925E+00  0.4925E+00
  0.3679E-01  0.4934E+00  0.8147E-02  0.4882E+00  0.4882E+00
  0.3740E-01  0.4915E+00  0.7575E-02  0.4838E+00  0.4838E+00
  0.3801E-01  0.4866E+00  0.7958E-02  0.4795E+00  0.4795E+00
  0.3862E-01  0.4669E+00  0.7389E-02  0.4751E+00  0.4751E+00
  0.3922E-01  0.4594E+00  0.7810E-02  0.4706E+00  0.4706E+00
  0.3983E-01  0.4574E+00  0.7801E-02  0.4662E+00  0.4662E+00
  0.4044E-01  0.4677E+00  0.7689E-02  0.4617E+00  0.4617E+00
  0.4105E-01  0.4568E+00  0.7069E-02  0.4572E+00  0.4572E+00
  0.4166E-01  0.4525E+00  0.7259E-02  0.4527E+00  0.4527E+00
  0.4227E-01  0.4516E+00  0.7052E-02  0.4482E+00  0.4482E+00
  0.4287E-01  0.4488E+00  0.7382E-02  0.4436E+00  0.4436E+00
  0.4348E-01  0.4567E+00  0.6802E-02  0.4390E+00  0.4390E+00
  0.4409E-01  0.4421E+00  0.6334E-02  0.4345E+00  0.4345E+00
  0.4470E-01  0.4310E+00  0.6404E-02  0.4299E+00  0.4299E+00
  0.4530E-01  0.4300E+00  0.6004E-02  0.4252E+00  0.4252E+00
  0.4591E-01  0.4158E+00  0.6204E-02  0.4206E+00  0.4206E+00
  0.4652E-01  0.4162E+00  0.6236E-02  0.4160E+00  0.4160E+00
  0.4713E-01  0.4095E+00  0.6128E-02  0.4113E+00  0.4113E+00
  0.4774E-01  0.3983E+00  0.5867E-02  0.4067E+00  0.4067E+00
  0.4835E-01  0.3969E+00  0.6051E-02  0.4020E+00  0.4020E+00
  0.4895E-01  0.3936E+00  0.6140E-02  0.3974E+00  0.3974E+00
  0.4956E-01  0.3914E+00  0.6463E-02  0.3927E+00  0.3927E+00
  0.5017E-01  0.3822E+00  0.6136E-02  0.3881E+00  0.3881E+00
  0.5078E-01  0.3700E+00  0.6340E-02  0.3834E+00  0.3834E+00
  0.5139E-01  0.3693E+00  0.5863E-02  0.3788E+00  0.3788E+00
  0.5199E-01  0.3707E+00  0.6320E-02  0.3741E+00  0.3741E+00
  0.5260E-01  0.3661E+00  0.5721E-02  0.3695E+00  0.3695E+00
  0.5321E-01  0.3689E+00  0.5582E-02  0.3648E+00  0.3648E+00
  0.5382E-01  0.3647E+00  0.5718E-02  0.3602E+00  0.3602E+00
  0.5443E-01  0.3551E+00  0.5307E-02  0.3556E+00  0.3556E+00
  0.5504E-01  0.3556E+00  0.5689E-02  0.3510E+00  0.3510E+00
  0.5564E-01  0.3538E+00  0.5118E-02  0.3464E+00  0.3464E+00
  0.5625E-01  0.3403E+00  0.5168E-02  0.3418E+00  0.3418E+00
  0.5686E-01  0.3361E+00  0.5133E-02  0.3372E+00  0.3372E+00
  0.5747E-01  0.3342E+00  0.5143E-02  0.3327E+00  0.3327E+00
  0.5808E-01  0.3317E+00  0.5104E-02  0.3282E+00  0.3282E+00
  0.5868E-01  0.3246E+00  0.5803E-02  0.3236E+00  0.3236E+00
  0.5929E-01  0.3315E+00  0.5651E-02  0.3191E+00  0.3191E+00
  0.5990E-01  0.3253E+00  0.5518E-02  0.3147E+00  0.3147E+00
  0.6051E-01  0.3236E+00  0.5421E-02  0.3102E+00  0.3102E+00
  0.6112E-01  0.3130E+00  0.5571E-02  0.3058E+00  0.3058E+00
  0.6173E-01  0.2988E+00  0.5448E-02  0.3013E+00  0.3013E+00
  0.6233E-01  0.3048E+00  0.5086E-02  0.2970E+00  0.2970E+00
  0.6294E-01  0.2976E+00  0.5211E-02  0.2926E+00  0.2926E+00
  0.6355E-01  0.2915E+00  0.5233E-02  0.2883E+00  0.2883E+00
  0.6416E-01  0.2847E+00  0.5577E-02  0.2839E+00  0.2839E+00
  0.6477E-01  0.2793E+00  0.5127E-02  0.2797E+00  0.2797E+00
  0.6537E-01  0.2784E+00  0.5450E-02  0.2754E+00  0.2754E+00
  0.6598E-01  0.2685E+00  0.5321E-02  0.2712E+00  0.2712E+00
  0.6659E-01  0.2672E+00  0.5237E-02  0.2670E+00  0.2670E+00
  0.6720E-01  0.2630E+00  0.5014E-02  0.2628E+00  0.2628E+00
  0.6781E-01  0.2601E+00  0.6162E-02  0.2587E+00  0.2587E+00
  0.6841E-01  0.2523E+00  0.7808E-02  0.2546E+00  0.2546E+00
  0.6902E-01  0.2439E+00  0.5677E-02  0.2505E+00  0.2505E+00
  0.6963E-01  0.2392E+00  0.4883E-02  0.2465E+00  0.2465E+00
  0.7024E-01  0.2433E+00  0.5016E-02  0.2425E+00  0.2425E+00
  0.7085E-01  0.2365E+00  0.4684E-02  0.2385E+00  0.2385E+00
  0.7146E-01  0.2407E+00  0.4503E-02  0.2346E+00  0.2346E+00
  0.7206E-01  0.2398E+00  0.4597E-02  0.2307E+00  0.2307E+00
  0.7267E-01  0.2345E+00  0.4752E-02  0.2268E+00  0.2268E+00
  0.7328E-01  0.2270E+00  0.4366E-02  0.2230E+00  0.2230E+00
  0.7389E-01  0.2256E+00  0.4601E-02  0.2192E+00  0.2192E+00
  0.7450E-01  0.2187E+00  0.4372E-02  0.2155E+00  0.2155E+00
  0.7510E-01  0.2156E+00  0.3930E-02  0.2118E+00  0.2118E+00
  0.7571E-01  0.2156E+00  0.4263E-02  0.2081E+00  0.2081E+00
  0.7632E-01  0.2102E+00  0.4460E-02  0.2045E+00  0.2045E+00
  0.7693E-01  0.2058E+00  0.4546E-02  0.2009E+00  0.2009E+00
  0.7754E-01  0.2098E+00  0.4154E-02  0.1974E+00  0.1974E+00
  0.7814E-01  0.2027E+00  0.4265E-02  0.1939E+00  0.1939E+00
  0.7875E-01  0.1990E+00  0.4150E-02  0.1904E+00  0.1904E+00
  0.7936E-01  0.1919E+00  0.4165E-02  0.1870E+00  0.1870E+00
  0.7997E-01  0.1881E+00  0.4256E-02  0.1836E+00  0.1836E+00
  0.8058E-01  0.1768E+00  0.3916E-02  0.1803E+00  0.1803E+00
  0.8118E-01  0.1743E+00  0.4223E-02  0.1770E+00  0.1770E+00
  0.8179E-01  0.1726E+00  0.4097E-02  0.1737E+00  0.1737E+00
  0.8240E-01  0.1746E+00  0.4478E-02  0.1705E+00  0.1705E+00
  0.8301E-01  0.1714E+00  0.4805E-02  0.1673E+00  0.1673E+00
  0.8362E-01  0.1578E+00  0.4347E-02  0.1642E+00  0.1642E+00
  0.8423E-01  0.1560E+00  0.3972E-02  0.1611E+00  0.1611E+00
  0.8483E-01  0.1489E+00  0.3942E-02  0.1581E+00  0.1581E+00
  0.8544E-01  0.1501E+00  0.3814E-02  0.1551E+00  0.1551E+00
  0.8605E-01  0.1502E+00  0.3856E-02  0.1521E+00  0.1521E+00
  0.8666E-01  0.1561E+00  0.4171E-02  0.1492E+00  0.1492E+00
  0.8727E-01  0.1541E+00  0.4101E-02  0.1463E+00  0.1463E+00
  0.8787E-01  0.1525E+00  0.3897E-02  0.1435E+00  0.1435E+00
  0.8848E-01  0.1518E+00  0.4040E-02  0.1407E+00  0.1407E+00
  0.8909E-01  0.1495E+00  0.4188E-02  0.1380E+00  0.1380E+00
  0.8970E-01  0.1448E+00  0.3823E-02  0.1353E+00  0.1353E+00
  0.9031E-01  0.1386E+00  0.4457E-02  0.1326E+00  0.1326E+00
  0.9091E-01  0.1318E+00  0.4057E-02  0.1300E+00  0.1300E+00
  0.9152E-01  0.1220E+00  0.4040E-02  0.1274E+00  0.1274E+00
  0.9213E-01  0.1235E+00  0.4130E-02  0.1248E+00  0.1248E+00
  0.9274E-01  0.1212E+00  0.4138E-02  0.1223E+00  0.1223E+00
  0.9335E-01  0.1273E+00  0.4374E-02  0.1199E+00  0.1199E+00
  0.9395E-01  0.1179E+00  0.3875E-02  0.1175E+00  0.1175E+00
  0.9456E-01  0.1161E+00  0.4063E-02  0.1151E+00  0.1151E+00
  0.9517E-01  0.1127E+00  0.4111E-02  0.1127E+00  0.1127E+00
  0.9578E-01  0.1128E+00  0.3760E-02  0.1104E+00  0.1104E+00
  0.9639E-01  0.1095E+00  0.3884E-02  0.1082E+00  0.1082E+00
  0.9700E-01  0.1069E+00  0.3894E-02  0.1060E+00  0.1060E+00
  0.9760E-01  0.1058E+00  0.3844E-02  0.1038E+00  0.1038E+00
  0.9821E-01  0.1030E+00  0.3870E-02  0.1016E+00  0.1016E+00
  0.9882E-01  0.1008E+00  0.3557E-02  0.9954E-01  0.9954E-01
  0.9943E-01  0.9610E-01  0.3587E-02  0.9747E-01  0.9747E-01
  0.1000E+00  0.9271E-01  0.3595E-02  0.9544E-01  0.9544E-01
  0.1006E+00  0.8737E-01  0.3658E-02  0.9345E-01  0.9345E-01
  0.1013E+00  0.9124E-01  0.3468E-02  0.9150E-01  0.9150E-01
  0.1019E+00  0.8523E-01  0.3886E-02  0.8958E-01  0.8958E-01
  0.1025E+00  0.8998E-01  0.3591E-02  0.8770E-01  0.8770E-01
  0.1031E+00  0.8393E-01  0.3501E-02  0.8586E-01  0.8586E-01
  0.1037E+00  0.8664E-01  0.3625E-02  0.8405E-01  0.8405E-01
  0.1043E+00  0.8852E-01  0.3585E-02  0.8227E-01  0.8227E-01
  0.1049E+00  0.8010E-01  0.3525E-02  0.8053E-01  0.8053E-01
  0.1055E+00  0.8342E-01  0.3711E-02  0.7883E-01  0.7883E-01
  0.1061E+00  0.7635E-01  0.3630E-02  0.7716E-01  0.7716E-01
  0.1067E+00  0.7856E-01  0.3478E-02  0.7552E-01  0.7552E-01
  0.1073E+00  0.7424E-01  0.3481E-02  0.7391E-01  0.7391E-01
  0.1079E+00  0.7349E-01  0.3381E-02  0.7234E-01  0.7234E-01
  0.1085E+00  0.7153E-01  0.3479E-02  0.7080E-01  0.7080E-01
  0.1092E+00  0.7380E-01  0.3386E-02  0.6929E-01  0.6929E-01
  0.1098E+00  0.7077E-01  0.3372E-02  0.6781E-01  0.6781E-01
  0.1104E+00  0.6225E-01  0.3400E-02  0.6636E-01  0.6636E-01
  0.1110E+00  0.6568E-01  0.3766E-02  0.6495E-01  0.6495E-01
  0.1116E+00  0.6229E-01  0.3334E-02  0.6356E-01  0.6356E-01
  0.1122E+00  0.6367E-01  0.3377E-02  0.6220E-01  0.6220E-01
  0.1128E+00  0.5768E-01  0.3214E-02  0.6087E-01  0.6087E-01
  0.1134E+00  0.5936E-01  0.3392E-02  0.5957E-01  0.5957E-01
  0.1140E+00  0.5616E-01  0.3277E-02  0.5830E-01  0.5830E-01
  0.1146E+00  0.5828E-01  0.3495E-02  0.5706E-01  0.5706E-01
  0.1152E+00  0.5377E-01  0.3366E-02  0.5584E-01  0.5584E-01
  0.1158E+00  0.5628E-01  0.3388E-02  0.5465E-01  0.5465E-01
  0.1165E+00  0.5440E-01  0.3498E-02  0.5348E-01  0.5348E-01
  0.1171E+00  0.5140E-01  0.3360E-02  0.5234E-01  0.5234E-01
  0.1177E+00  0.5046E-01  0.3347E-02  0.5123E-01  0.5123E-01
  0.1183E+00  0.4688E-01  0.3366E-02  0.5014E-01  0.5014E-01
  0.1189E+00  0.4531E-01  0.3385E-02  0.4908E-01  0.4908E-01
  0.1195E+00  0.4672E-01  0.3557E-02  0.4804E-01  0.4804E-01
  0.1201E+00  0.4500E-01  0.3422E-02  0.4702E-01  0.4702E-01
  0.1207E+00  0.4249E-01  0.3332E-02  0.4603E-01  0.4603E-01
  0.1213E+00  0.4899E-01  0.3275E-02  0.4506E-01  0.4506E-01
  0.1219E+00  0.4513E-01  0.3238E-02  0.4411E-01  0.4411E-01
  0.1225E+00  0.4461E-01  0.3311E-02  0.4319E-01  0.4319E-01
  0.1231E+00  0.4413E-01  0.3375E-02  0.4228E-01  0.4228E-01
  0.1238E+00  0.4456E-01  0.3500E-02  0.4140E-01  0.4140E-01
  0.1244E+00  0.4206E-01  0.3295E-02  0.4054E-01  0.4054E-01
  0.1250E+00  0.3989E-01  0.3855E-02  0.3969E-01  0.3969E-01
  0.1256E+00  0.3773E-01  0.1979E-02  0.3887E-01  0.3887E-01
  0.1262E+00  0.3393E-01  0.1977E-02  0.3807E-01  0.3807E-01
  0.1268E+00  0.3273E-01  0.1938E-02  0.3729E-01  0.3729E-01
  0.1274E+00  0.3211E-01  0.1950E-02  0.3652E-01  0.3652E-01
  0.1280E+00  0.3229E-01  0.2004E-02  0.3577E-01  0.3577E-01
  0.1286E+00  0.3217E-01  0.2264E-02  0.3504E-01  0.3504E-01
  0.1292E+00  0.3189E-01  0.2058E-02  0.3433E-01  0.3433E-01
  0.1298E+00  0.3223E-01  0.2034E-02  0.3364E-01  0.3364E-01
  0.1304E+00  0.3104E-01  0.2138E-02  0.3296E-01  0.3296E-01
  0.1310E+00  0.3237E-01  0.2156E-02  0.3230E-01  0.3230E-01
  0.1317E+00  0.3151E-01  0.2438E-02  0.3165E-01  0.3165E-01
  0.1323E+00  0.3262E-01  0.2475E-02  0.3102E-01  0.3102E-01
  0.1329E+00  0.2997E-01  0.2946E-02  0.3041E-01  0.3041E-01
  0.1335E+00  0.3042E-01  0.2172E-02  0.2981E-01  0.2981E-01
  0.1341E+00  0.2834E-01  0.1366E-02  0.2922E-01  0.2922E-01
  0.1347E+00  0.2797E-01  0.1221E-02  0.2865E-01  0.2865E-01
  0.1353E+00  0.2753E-01  0.1369E-02  0.2810E-01  0.2810E-01
  0.1359E+00  0.2646E-01  0.1266E-02  0.2756E-01  0.2756E-01
  0.1365E+00  0.2635E-01  0.1117E-02  0.2703E-01  0.2703E-01
  0.1371E+00  0.2622E-01  0.1120E-02  0.2651E-01  0.2651E-01
  0.1377E+00  0.2609E-01  0.1184E-02  0.2601E-01  0.2601E-01
  0.1383E+00  0.2514E-01  0.1215E-02  0.2552E-01  0.2552E-01
  0.1390E+00  0.2418E-01  0.1182E-02  0.2504E-01  0.2504E-01
  0.1396E+00  0.2410E-01  0.1178E-02  0.2457E-01  0.2457E-01
  0.1402E+00  0.2440E-01  0.1212E-02  0.2412E-01  0.2412E-01
  0.1408E+00  0.2568E-01  0.7032E-03  0.2367E-01  0.2367E-01
  0.1414E+00  0.2432E-01  0.8971E-03  0.2324E-01  0.2324E-01
  0.1420E+00  0.2513E-01  0.7756E-03  0.2282E-01  0.2282E-01
  0.1426E+00  0.2277E-01  0.7339E-03  0.2241E-01  0.2241E-01
  0.1432E+00  0.2273E-01  0.7459E-03  0.2201E-01  0.2201E-01
  0.1438E+00  0.2244E-01  0.7084E-03  0.2162E-01  0.2162E-01
  0.1444E+00  0.2178E-01  0.6959E-03  0.2124E-01  0.2124E-01
  0.1450E+00  0.2163E-01  0.6864E-03  0.2087E-01  0.2087E-01
  0.1456E+00  0.2047E-01  0.6770E-03  0.2051E-01  0.2051E-01
  0.1463E+00  0.2017E-01  0.7268E-03  0.2016E-01  0.2016E-01
  0.1469E+00  0.1940E-01  0.7047E-03  0.1981E-01  0.1981E-01
  0.1475E+00  0.1858E-01  0.7150E-03  0.1948E-01  0.1948E-01
  0.1481E+00  0.1887E-01  0.6581E-03  0.1915E-01  0.1915E-01
  0.1487E+00  0.1881E-01  0.6604E-03  0.1883E-01  0.1883E-01
  0.1493E+00  0.1843E-01  0.6566E-03  0.1852E-01  0.1852E-01
  0.1499E+00  0.1873E-01  0.6561E-03  0.1822E-01  0.1822E-01
  0.1505E+00  0.1750E-01  0.6400E-03  0.1793E-01  0.1793E-01
  0.1511E+00  0.1772E-01  0.6285E-03  0.1764E-01  0.1764E-01
  0.1517E+00  0.1729E-01  0.6621E-03  0.1736E-01  0.1736E-01
  0.1523E+00  0.1658E-01  0.6416E-03  0.1709E-01  0.1709E-01
  0.1529E+00  0.1596E-01  0.6418E-03  0.1683E-01  0.1683E-01
  0.1535E+00  0.1540E-01  0.6635E-03  0.1657E-01  0.1657E-01
  0.1542E+00  0.1509E-01  0.6424E-03  0.1632E-01  0.1632E-01
  0.1548E+00  0.1464E-01  0.6257E-03  0.1607E-01  0.1607E-01
  0.1554E+00  0.1492E-01  0.6295E-03  0.1583E-01  0.1583E-01
  0.1560E+00  0.1414E-01  0.6200E-03  0.1560E-01  0.1560E-01
  0.1566E+00  0.1428E-01  0.6286E-03  0.1537E-01  0.1537E-01
  0.1572E+00  0.1378E-01  0.5767E-03  0.1515E-01  0.1515E-01
  0.1578E+00  0.1474E-01  0.5867E-03  0.1494E-01  0.1494E-01
  0.1584E+00  0.1449E-01  0.5701E-03  0.1473E-01  0.1473E-01
  0.1590E+00  0.1520E-01  0.5969E-03  0.1452E-01  0.1452E-01
  0.1596E+00  0.1490E-01  0.6125E-03  0.1432E-01  0.1432E-01
  0.1602E+00  0.1430E-01  0.6002E-03  0.1413E-01  0.1413E-01
  0.1608E+00  0.1441E-01  0.5897E-03  0.1394E-01  0.1394E-01
  0.1615E+00  0.1396E-01  0.5912E-03  0.1376E-01  0.1376E-01
  0.1621E+00  0.1436E-01  0.5719E-03  0.1358E-01  0.1358E-01
  0.1627E+00  0.1403E-01  0.5909E-03  0.1340E-01  0.1340E-01
  0.1633E+00  0.1348E-01  0.5933E-03  0.1323E-01  0.1323E-01
  0.1639E+00  0.1305E-01  0.5791E-03  0.1307E-01  0.1307E-01
  0.1645E+00  0.1205E-01  0.6002E-03  0.1290E-01  0.1290E-01
  0.1651E+00  0.1208E-01  0.6125E-03  0.1275E-01  0.1275E-01
  0.1657E+00  0.1233E-01  0.7062E-03  0.1259E-01  0.1259E-01
  0.1663E+00  0.1234E-01  0.6315E-03  0.1244E-01  0.1244E-01
  0.1669E+00  0.1187E-01  0.6709E-03  0.1230E-01  0.1230E-01
  0.1675E+00  0.1229E-01  0.6088E-03  0.1215E-01  0.1215E-01
  0.1681E+00  0.1133E-01  0.6192E-03  0.1202E-01  0.1202E-01
  0.1688E+00  0.1245E-01  0.6331E-03  0.1188E-01  0.1188E-01
  0.1694E+00  0.1190E-01  0.6017E-03  0.1175E-01  0.1175E-01
  0.1700E+00  0.1133E-01  0.5785E-03  0.1162E-01  0.1162E-01
  0.1706E+00  0.1161E-01  0.5878E-03  0.1150E-01  0.1150E-01
  0.1712E+00  0.1106E-01  0.5682E-03  0.1137E-01  0.1137E-01
  0.1718E+00  0.1148E-01  0.5872E-03  0.1125E-01  0.1125E-01
  0.1724E+00  0.1167E-01  0.5818E-03  0.1114E-01  0.1114E-01
  0.1730E+00  0.1171E-01  0.5996E-03  0.1102E-01  0.1102E-01
  0.1736E+00  0.1117E-01  0.5850E-03  0.1091E-01  0.1091E-01
  0.1742E+00  0.9999E-02  0.6139E-03  0.1081E-01  0.1081E-01
  0.1748E+00  0.1046E-01  0.6060E-03  0.1070E-01  0.1070E-01
  0.1754E+00  0.1001E-01  0.5764E-03  0.1060E-01  0.1060E-01
  0.1760E+00  0.1079E-01  0.6080E-03  0.1050E-01  0.1050E-01
  0.1767E+00  0.1065E-01  0.5863E-03  0.1040E-01  0.1040E-01
  0.1773E+00  0.1006E-01  0.6168E-03  0.1030E-01  0.1030E-01
  0.1779E+00  0.9872E-02  0.6018E-03  0.1021E-01  0.1021E-01
  0.1785E+00  0.9658E-02  0.5730E-03  0.1012E-01  0.1012E-01
  0.1791E+00  0.9865E-02  0.5944E-03  0.1003E-01  0.1003E-01
  0.1797E+00  0.9787E-02  0.6100E-03  0.9942E-02  0.9942E-02
  0.1803E+00  0.9763E-02  0.6045E-03  0.9856E-02  0.9856E-02
  0.1809E+00  0.9859E-02  0.6324E-03  0.9773E-02  0.9773E-02
  0.1815E+00  0.1044E-01  0.5904E-03  0.9691E-02  0.9691E-02
  0.1821E+00  0.9720E-02  0.6742E-03  0.9611E-02  0.9611E-02
  0.1827E+00  0.1015E-01  0.1043E-02  0.9532E-02  0.9532E-02
  0.1833E+00  0.9642E-02  0.7614E-03  0.9455E-02  0.9455E-02
  0.1840E+00  0.1018E-01  0.7758E-03  0.9380E-02  0.9380E-02
  0.1846E+00  0.9717E-02  0.6149E-03  0.9306E-02  0.9306E-02
  0.1852E+00  0.9524E-02  0.5704E-03  0.9233E-02  0.9233E-02
  0.1858E+00  0.9647E-02  0.5403E-03  0.9162E-02  0.9162E-02
  0.1864E+00  0.8712E-02  0.6018E-03  0.9092E-02  0.9092E-02
  0.1870E+00  0.9535E-02  0.5758E-03  0.9024E-02  0.9024E-02
  0.1876E+00  0.9904E-02  0.5806E-03  0.8956E-02  0.8956E-02
  0.1882E+00  0.8951E-02  0.5760E-03  0.8890E-02  0.8890E-02
  0.1888E+00  0.8555E-02  0.5546E-03  0.8825E-02  0.8825E-02
  0.1894E+00  0.7941E-02  0.5216E-03  0.8761E-02  0.8761E-02
  0.1900E+00  0.9361E-02  0.5647E-03  0.8698E-02  0.8698E-02
  0.1906E+00  0.8967E-02  0.5573E-03  0.8636E-02  0.8636E-02
  0.1912E+00  0.8653E-02  0.5624E-03  0.8575E-02  0.8575E-02
  0.1919E+00  0.8859E-02  0.7823E-03  0.8514E-02  0.8514E-02
  0.1925E+00  0.8611E-02  0.1432E-02  0.8455E-02  0.8455E-02
  0.1931E+00  0.8781E-02  0.9993E-03  0.8396E-02  0.8396E-02
  0.1937E+00  0.8844E-02  0.1590E-02  0.8338E-02  0.8338E-02
  0.1943E+00  0.9028E-02  0.8619E-03  0.8280E-02  0.8280E-02
  0.1949E+00  0.8168E-02  0.5625E-03  0.8224E-02  0.8224E-02
  0.1955E+00  0.9047E-02  0.5539E-03  0.8168E-02  0.8168E-02
  0.1961E+00  0.8317E-02  0.5453E-03  0.8113E-02  0.8113E-02
  0.1967E+00  0.8679E-02  0.5305E-03  0.8058E-02  0.8058E-02
  0.1973E+00  0.7811E-02  0.5252E-03  0.8003E-02  0.8003E-02
  0.1979E+00  0.7669E-02  0.5316E-03  0.7950E-02  0.7950E-02
  0.1985E+00  0.7049E-02  0.5406E-03  0.7896E-02  0.7896E-02
  0.1992E+00  0.7997E-02  0.5669E-03  0.7844E-02  0.7844E-02
  0.1998E+00  0.7345E-02  0.5424E-03  0.7791E-02  0.7791E-02
  0.2004E+00  0.8251E-02  0.5734E-03  0.7739E-02  0.7739E-02
  0.2010E+00  0.7235E-02  0.5503E-03  0.7688E-02  0.7688E-02
  0.2016E+00  0.7692E-02  0.5503E-03  0.7636E-02  0.7636E-02
  0.2022E+00  0.7656E-02  0.5627E-03  0.7585E-02  0.7585E-02
  0.2028E+00  0.8186E-02  0.5284E-03  0.7535E-02  0.7535E-02
  0.2034E+00  0.7850E-02  0.5297E-03  0.7484E-02  0.7484E-02
  0.2040E+00  0.7481E-02  0.5110E-03  0.7434E-02  0.7434E-02
  0.2046E+00  0.7603E-02  0.5769E-03  0.7384E-02  0.7384E-02
  0.2052E+00  0.7348E-02  0.7247E-03  0.7335E-02  0.7335E-02
  0.2058E+00  0.7088E-02  0.5738E-03  0.7285E-02  0.7285E-02
  0.2065E+00  0.6358E-02  0.5787E-03  0.7236E-02  0.7236E-02
  0.2071E+00  0.7374E-02  0.5493E-03  0.7187E-02  0.7187E-02
  0.2077E+00  0.6899E-02  0.5262E-03  0.7138E-02  0.7138E-02
  0.2083E+00  0.7274E-02  0.5185E-03  0.7090E-02  0.7090E-02
  0.2089E+00  0.6933E-02  0.5216E-03  0.7041E-02  0.7041E-02
  0.2095E+00  0.7118E-02  0.5299E-03  0.6993E-02  0.6993E-02
  0.2101E+00  0.6877E-02  0.5231E-03  0.6945E-02  0.6945E-02
  0.2107E+00  0.6385E-02  0.5276E-03  0.6897E-02  0.6897E-02
  0.2113E+00  0.6958E-02  0.5465E-03  0.6849E-02  0.6849E-02
  0.2119E+00  0.7146E-02  0.5136E-03  0.6802E-02  0.6802E-02
  0.2125E+00  0.6739E-02  0.5317E-03  0.6754E-02  0.6754E-02
  0.2131E+00  0.6583E-02  0.5132E-03  0.6707E-02  0.6707E-02
  0.2137E+00  0.6378E-02  0.5846E-03  0.6660E-02  0.6660E-02
  0.2144E+00  0.6628E-02  0.5927E-03  0.6613E-02  0.6613E-02
  0.2150E+00  0.6166E-02  0.8101E-03  0.6566E-02  0.6566E-02
  0.2156E+00  0.6472E-02  0.6837E-03  0.6519E-02  0.6519E-02
  0.2162E+00  0.6611E-02  0.5368E-03  0.6473E-02  0.6473E-02
  0.2168E+00  0.6710E-02  0.5299E-03  0.6427E-02  0.6427E-02
  0.2174E+00  0.6664E-02  0.5300E-03  0.6380E-02  0.6380E-02
  0.2180E+00  0.6688E-02  0.5021E-03  0.6334E-02  0.6334E-02
  0.2186E+00  0.6541E-02  0.5148E-03  0.6289E-02  0.6289E-02
  0.2192E+00  0.5978E-02  0.5132E-03  0.6243E-02  0.6243E-02
  0.2198E+00  0.5645E-02  0.5362E-03  0.6197E-02  0.6197E-02
  0.2204E+00  0.5872E-02  0.5380E-03  0.6152E-02  0.6152E-02
  0.2210E+00  0.5228E-02  0.5084E-03  0.6107E-02  0.6107E-02
  0.2217E+00  0.5402E-02  0.5223E-03  0.6063E-02  0.6063E-02
  0.2223E+00  0.5455E-02  0.5176E-03  0.6018E-02  0.6018E-02
  0.2229E+00  0.4916E-02  0.5311E-03  0.5974E-02  0.5974E-02
  0.2235E+00  0.5318E-02  0.5203E-03  0.5930E-02  0.5930E-02
  0.2241E+00  0.5807E-02  0.5280E-03  0.5886E-02  0.5886E-02
  0.2247E+00  0.5421E-02  0.4889E-03  0.5843E-02  0.5843E-02
  0.2253E+00  0.6063E-02  0.4862E-03  0.5800E-02  0.5800E-02
  0.2259E+00  0.5159E-02  0.4828E-03  0.5757E-02  0.5757E-02
  0.2265E+00  0.5892E-02  0.5028E-03  0.5714E-02  0.5714E-02
  0.2271E+00  0.5425E-02  0.4975E-03  0.5672E-02  0.5672E-02
  0.2277E+00  0.5554E-02  0.4994E-03  0.5631E-02  0.5631E-02
  0.2283E+00  0.5123E-02  0.5725E-03  0.5589E-02  0.5589E-02
  0.2289E+00  0.5842E-02  0.9331E-03  0.5549E-02  0.5549E-02
  0.2296E+00  0.6353E-02  0.6398E-03  0.5508E-02  0.5508E-02
  0.2302E+00  0.5745E-02  0.5231E-03  0.5468E-02  0.5468E-02
  0.2308E+00  0.5897E-02  0.5254E-03  0.5428E-02  0.5428E-02
  0.2314E+00  0.5113E-02  0.5358E-03  0.5389E-02  0.5389E-02
  0.2320E+00  0.4375E-02  0.5953E-03  0.5350E-02  0.5350E-02
  0.2326E+00  0.5232E-02  0.4969E-03  0.5312E-02  0.5312E-02
  0.2332E+00  0.5565E-02  0.4966E-03  0.5274E-02  0.5274E-02
  0.2338E+00  0.5232E-02  0.4691E-03  0.5237E-02  0.5237E-02
  0.2344E+00  0.5334E-02  0.4650E-03  0.5201E-02  0.5201E-02
  0.2350E+00  0.4959E-02  0.4701E-03  0.5165E-02  0.5165E-02
  0.2356E+00  0.5087E-02  0.4810E-03  0.5129E-02  0.5129E-02
  0.2362E+00  0.5330E-02  0.4776E-03  0.5094E-02  0.5094E-02
  0.2369E+00  0.5332E-02  0.4720E-03  0.5060E-02  0.5060E-02
  0.2375E+00  0.5656E-02  0.4791E-03  0.5026E-02  0.5026E-02
  0.2381E+00  0.5014E-02  0.5040E-03  0.4993E-02  0.4993E-02
  0.2387E+00  0.5153E-02  0.4949E-03  0.4961E-02  0.4961E-02
  0.2393E+00  0.4972E-02  0.4829E-03  0.4929E-02  0.4929E-02
  0.2399E+00  0.4898E-02  0.4819E-03  0.4898E-02  0.4898E-02
  0.2405E+00  0.4796E-02  0.4791E-03  0.4867E-02  0.4867E-02
  0.2411E+00  0.4665E-02  0.4941E-03  0.4837E-02  0.4837E-02
  0.2417E+00  0.4273E-02  0.4720E-03  0.4808E-02  0.4808E-02
  0.2423E+00  0.4368E-02  0.4860E-03  0.4780E-02  0.4780E-02
  0.2429E+00  0.4440E-02  0.5127E-03  0.4752E-02  0.4752E-02
  0.2435E+00  0.4951E-02  0.4720E-03  0.4725E-02  0.4725E-02
  0.2441E+00  0.4872E-02  0.4877E-03  0.4699E-02  0.4699E-02
  0.2448E+00  0.4707E-02  0.4597E-03  0.4673E-02  0.4673E-02
  0.2454E+00  0.4576E-02  0.4743E-03  0.4649E-02  0.4649E-02
  0.2460E+00  0.4068E-02  0.4750E-03  0.4625E-02  0.4625E-02
  0.2466E+00  0.4131E-02  0.4807E-03  0.4601E-02  0.4601E-02
  0.2472E+00  0.4264E-02  0.5003E-03  0.4579E-02  0.4579E-02
  0.2478E+00  0.4332E-02  0.4764E-03  0.4557E-02  0.4557E-02
  0.2484E+00  0.5264E-02  0.4709E-03  0.4536E-02  0.4536E-02
  0.2490E+00  0.4950E-02  0.4744E-03  0.4516E-02  0.4516E-02
  0.2496E+00  0.4513E-02  0.5377E-03  0.4497E-02  0.4497E-02
  0.2502E+00  0.4424E-02  0.8061E-03  0.4478E-02  0.4478E-02
  0.2508E+00  0.4681E-02  0.7354E-03  0.4460E-02  0.4460E-02
  0.2514E+00  0.4352E-02  0.1332E-02  0.4443E-02  0.4443E-02
  0.2521E+00  0.4437E-02  0.6967E-03  0.4427E-02  0.4427E-02
  0.2527E+00  0.4354E-02  0.4693E-03  0.4412E-02  0.4412E-02
  0.2533E+00  0.5332E-02  0.4712E-03  0.4397E-02  0.4397E-02
  0.2539E+00  0.4760E-02  0.4727E-03  0.4383E-02  0.4383E-02
  0.2545E+00  0.4855E-02  0.4507E-03  0.4370E-02  0.4370E-02
  0.2551E+00  0.4881E-02  0.4624E-03  0.4358E-02  0.4358E-02
  0.2557E+00  0.5005E-02  0.4785E-03  0.4346E-02  0.4346E-02
  0.2563E+00  0.4720E-02  0.4749E-03  0.4335E-02  0.4335E-02
  0.2569E+00  0.3974E-02  0.5612E-03  0.4325E-02  0.4325E-02
  0.2575E+00  0.4688E-02  0.4710E-03  0.4316E-02  0.4316E-02
  0.2581E+00  0.3746E-02  0.4712E-03  0.4307E-02  0.4307E-02
  0.2587E+00  0.4348E-02  0.4636E-03  0.4300E-02  0.4300E-02
  0.2593E+00  0.4444E-02  0.4439E-03  0.4292E-02  0.4292E-02
  0.2600E+00  0.3829E-02  0.4546E-03  0.4286E-02  0.4286E-02
  0.2606E+00  0.4206E-02  0.4619E-03  0.4280E-02  0.4280E-02
  0.2612E+00  0.4576E-02  0.4624E-03  0.4275E-02  0.4275E-02
  0.2618E+00  0.4760E-02  0.4871E-03  0.4271E-02  0.4271E-02
  0.2624E+00  0.4457E-02  0.4794E-03  0.4267E-02  0.4267E-02
  0.2630E+00  0.4465E-02  0.4573E-03  0.4264E-02  0.4264E-02
  0.2636E+00  0.3964E-02  0.4734E-03  0.4262E-02  0.4262E-02
  0.2642E+00  0.4173E-02  0.4366E-03  0.4260E-02  0.4260E-02
  0.2648E+00  0.4456E-02  0.4521E-03  0.4259E-02  0.4259E-02
  0.2654E+00  0.4328E-02  0.4637E-03  0.4258E-02  0.4258E-02
  0.2660E+00  0.4199E-02  0.4405E-03  0.4258E-02  0.4258E-02
  0.2666E+00  0.4332E-02  0.4399E-03  0.4258E-02  0.4258E-02
  0.2673E+00  0.4080E-02  0.4542E-03  0.4260E-02  0.4260E-02
  0.2679E+00  0.3647E-02  0.4563E-03  0.4261E-02  0.4261E-02
  0.2685E+00  0.4077E-02  0.4432E-03  0.4263E-02  0.4263E-02
  0.2691E+00  0.4304E-02  0.4469E-03  0.4266E-02  0.4266E-02
  0.2697E+00  0.4506E-02  0.4489E-03  0.4269E-02  0.4269E-02
  0.2703E+00  0.4934E-02  0.4272E-03  0.4272E-02  0.4272E-02
  0.2709E+00  0.4330E-02  0.4286E-03  0.4276E-02  0.4276E-02
  0.2715E+00  0.3683E-02  0.4376E-03  0.4281E-02  0.4281E-02
  0.2721E+00  0.3969E-02  0.4361E-03  0.4285E-02  0.4285E-02
  0.2727E+00  0.3486E-02  0.4483E-03  0.4290E-02  0.4290E-02
  0.2733E+00  0.3875E-02  0.4654E-03  0.4296E-02  0.4296E-02
  0.2739E+00  0.3761E-02  0.4468E-03  0.4302E-02  0.4302E-02
  0.2745E+00  0.4073E-02  0.4456E-03  0.4308E-02  0.4308E-02
  0.2752E+00  0.3496E-02  0.4397E-03  0.4314E-02  0.4314E-02
  0.2758E+00  0.3872E-02  0.4431E-03  0.4321E-02  0.4321E-02
  0.2764E+00  0.3522E-02  0.4376E-03  0.4328E-02  0.4328E-02
  0.2770E+00  0.3635E-02  0.4421E-03  0.4335E-02  0.4335E-02
  0.2776E+00  0.3829E-02  0.4395E-03  0.4342E-02  0.4342E-02
  0.2782E+00  0.4189E-02  0.4285E-03  0.4350E-02  0.4350E-02
  0.2788E+00  0.4706E-02  0.4558E-03  0.4357E-02  0.4357E-02
  0.2794E+00  0.5023E-02  0.4423E-03  0.4365E-02  0.4365E-02
  0.2800E+00  0.4498E-02  0.4504E-03  0.4373E-02  0.4373E-02
  0.2806E+00  0.4217E-02  0.4321E-03  0.4381E-02  0.4381E-02
  0.2812E+00  0.4696E-02  0.4420E-03  0.4389E-02  0.4389E-02
  0.2818E+00  0.5262E-02  0.4504E-03  0.4397E-02  0.4397E-02
  0.2825E+00  0.5319E-02  0.4428E-03  0.4405E-02  0.4405E-02
  0.2831E+00  0.4872E-02  0.4347E-03  0.4414E-02  0.4414E-02
  0.2837E+00  0.4382E-02  0.4407E-03  0.4422E-02  0.4422E-02
  0.2843E+00  0.4570E-02  0.4169E-03  0.4430E-02  0.4430E-02
  0.2849E+00  0.5108E-02  0.4507E-03  0.4438E-02  0.4438E-02
  0.2855E+00  0.4570E-02  0.4402E-03  0.4446E-02  0.4446E-02
  0.2861E+00  0.5173E-02  0.4357E-03  0.4454E-02  0.4454E-02
  0.2867E+00  0.4554E-02  0.4224E-03  0.4462E-02  0.4462E-02
  0.2873E+00  0.4479E-02  0.4171E-03  0.4470E-02  0.4470E-02
  0.2879E+00  0.4706E-02  0.4142E-03  0.4477E-02  0.4477E-02
  0.2885E+00  0.4557E-02  0.4284E-03  0.4485E-02  0.4485E-02
  0.2891E+00  0.4148E-02  0.4213E-03  0.4492E-02  0.4492E-02
  0.2897E+00  0.4143E-02  0.4230E-03  0.4499E-02  0.4499E-02
  0.2904E+00  0.4187E-02  0.4140E-03  0.4506E-02  0.4506E-02
  0.2910E+00  0.4089E-02  0.4136E-03  0.4513E-02  0.4513E-02
  0.2916E+00  0.4205E-02  0.4094E-03  0.4519E-02  0.4519E-02
  0.2922E+00  0.3615E-02  0.4216E-03  0.4526E-02  0.4526E-02
  0.2928E+00  0.3574E-02  0.4122E-03  0.4532E-02  0.4532E-02
  0.2934E+00  0.3835E-02  0.4098E-03  0.4537E-02  0.4537E-02
  0.2940E+00  0.3985E-02  0.4176E-03  0.4543E-02  0.4543E-02
  0.2946E+00  0.4145E-02  0.3914E-03  0.4548E-02  0.4548E-02
  0.2952E+00  0.4762E-02  0.5687E-03  0.4553E-02  0.4553E-02
  0.2958E+00  0.4671E-02  0.1092E-02  0.4557E-02  0.4557E-02
  0.2964E+00  0.4800E-02  0.5835E-03  0.4561E-02  0.4561E-02
  0.2970E+00  0.5029E-02  0.4024E-03  0.4565E-02  0.4565E-02
  0.2976E+00  0.4359E-02  0.4090E-03  0.4569E-02  0.4569E-02
  0.2983E+00  0.3813E-02  0.4309E-03  0.4572E-02  0.4572E-02
  0.2989E+00  0.4113E-02  0.5360E-03  0.4575E-02  0.4575E-02
  0.2995E+00  0.4244E-02  0.5060E-03  0.4577E-02  0.4577E-02
  0.3001E+00  0.4020E-02  0.7387E-03  0.4579E-02  0.4579E-02
  0.3007E+00  0.4094E-02  0.6100E-03  0.4581E-02  0.4581E-02
  0.3013E+00  0.4595E-02  0.6431E-03  0.4582E-02  0.4582E-02
  0.3019E+00  0.4973E-02  0.5046E-03  0.4583E-02  0.4583E-02
  0.3025E+00  0.4527E-02  0.6492E-03  0.4583E-02  0.4583E-02
  0.3031E+00  0.5088E-02  0.1312E-02  0.4583E-02  0.4583E-02
  0.3037E+00  0.4901E-02  0.6446E-03  0.4583E-02  0.4583E-02
  0.3043E+00  0.5512E-02  0.3757E-03  0.4582E-02  0.4582E-02
  0.3049E+00  0.5055E-02  0.3755E-03  0.4581E-02  0.4581E-02
  0.3056E+00  0.5476E-02  0.3806E-03  0.4579E-02  0.4579E-02
  0.3062E+00  0.4939E-02  0.4078E-03  0.4577E-02  0.4577E-02
  0.3068E+00  0.5341E-02  0.3954E-03  0.4575E-02  0.4575E-02
  0.3074E+00  0.5204E-02  0.3906E-03  0.4572E-02  0.4572E-02
  0.3080E+00  0.5211E-02  0.3907E-03  0.4569E-02  0.4569E-02
  0.3086E+00  0.4340E-02  0.3983E-03  0.4565E-02  0.4565E-02
  0.3092E+00  0.4463E-02  0.3944E-03  0.4561E-02  0.4561E-02
  0.3098E+00  0.3992E-02  0.4000E-03  0.4557E-02  0.4557E-02
  0.3104E+00  0.4106E-02  0.4082E-03  0.4552E-02  0.4552E-02
  0.3110E+00  0.4411E-02  0.3875E-03  0.4547E-02  0.4547E-02
  0.3116E+00  0.4794E-02  0.3985E-03  0.4541E-02  0.4541E-02
  0.3122E+00  0.4606E-02  0.4197E-03  0.4535E-02  0.4535E-02
  0.3128E+00  0.5021E-02  0.4154E-03  0.4528E-02  0.4528E-02
  0.3135E+00  0.5232E-02  0.4220E-03  0.4522E-02  0.4522E-02
  0.3141E+00  0.4880E-02  0.4499E-03  0.4514E-02  0.4514E-02
  0.3147E+00  0.5003E-02  0.4594E-03  0.4507E-02  0.4507E-02
  0.3153E+00  0.4263E-02  0.4726E-03  0.4499E-02  0.4499E-02
  0.3159E+00  0.4167E-02  0.4715E-03  0.4490E-02  0.4490E-02
  0.3165E+00  0.4596E-02  0.5004E-03  0.4482E-02  0.4482E-02
  0.3171E+00  0.4458E-02  0.4828E-03  0.4473E-02  0.4473E-02
  0.3177E+00  0.5085E-02  0.5339E-03  0.4464E-02  0.4464E-02
  0.3183E+00  0.5063E-02  0.5298E-03  0.4454E-02  0.4454E-02
  0.3189E+00  0.5030E-02  0.5517E-03  0.4444E-02  0.4444E-02
  0.3195E+00  0.4127E-02  0.5333E-03  0.4434E-02  0.4434E-02
  0.3201E+00  0.4185E-02  0.5817E-03  0.4423E-02  0.4423E-02
  0.3208E+00  0.4314E-02  0.6151E-03  0.4412E-02  0.4412E-02
  0.3214E+00  0.4009E-02  0.6318E-03  0.4401E-02  0.4401E-02
  0.3220E+00  0.4165E-02  0.6844E-03  0.4390E-02  0.4390E-02
  0.3226E+00  0.4551E-02  0.6709E-03  0.4378E-02  0.4378E-02
  0.3232E+00  0.4520E-02  0.7776E-03  0.4366E-02  0.4366E-02
  0.3238E+00  0.4120E-02  0.9299E-03  0.4354E-02  0.4354E-02

           Distance distribution  function of particle  


       R          P(R)      ERROR

  0.0000E+00  0.0000E+00  0.0000E+00
  0.7617E+00  0.2850E-04  0.5143E-06
  0.1523E+01  0.5805E-04  0.8508E-06
  0.2285E+01  0.8872E-04  0.1020E-05
  0.3047E+01  0.1207E-03  0.1042E-05
  0.3809E+01  0.1540E-03  0.9396E-06
  0.4570E+01  0.1890E-03  0.7507E-06
  0.5332E+01  0.2258E-03  0.5370E-06
  0.6094E+01  0.2646E-03  0.4411E-06
  0.6855E+01  0.3057E-03  0.5963E-06
  0.7617E+01  0.3491E-03  0.8748E-06
  0.8379E+01  0.3950E-03  0.1160E-05
  0.9140E+01  0.4434E-03  0.1405E-05
  0.9902E+01  0.4942E-03  0.1586E-05
  0.1066E+02  0.5474E-03  0.1695E-05
  0.1143E+02  0.6027E-03  0.1730E-05
  0.1219E+02  0.6598E-03  0.1702E-05
  0.1295E+02  0.7183E-03  0.1635E-05
  0.1371E+02  0.7778E-03  0.1563E-05
  0.1447E+02  0.8377E-03  0.1532E-05
  0.1523E+02  0.8974E-03  0.1579E-05
  0.1600E+02  0.9564E-03  0.1718E-05
  0.1676E+02  0.1014E-02  0.1925E-05
  0.1752E+02  0.1069E-02  0.2166E-05
  0.1828E+02  0.1122E-02  0.2403E-05
  0.1904E+02  0.1172E-02  0.2610E-05
  0.1980E+02  0.1217E-02  0.2768E-05
  0.2057E+02  0.1259E-02  0.2868E-05
  0.2133E+02  0.1296E-02  0.2908E-05
  0.2209E+02  0.1328E-02  0.2896E-05
  0.2285E+02  0.1356E-02  0.2847E-05
  0.2361E+02  0.1378E-02  0.2785E-05
  0.2437E+02  0.1395E-02  0.2736E-05
  0.2514E+02  0.1407E-02  0.2722E-05
  0.2590E+02  0.1415E-02  0.2761E-05
  0.2666E+02  0.1419E-02  0.2855E-05
  0.2742E+02  0.1418E-02  0.2993E-05
  0.2818E+02  0.1413E-02  0.3155E-05
  0.2894E+02  0.1406E-02  0.3321E-05
  0.2971E+02  0.1395E-02  0.3474E-05
  0.3047E+02  0.1382E-02  0.3605E-05
  0.3123E+02  0.1366E-02  0.3708E-05
  0.3199E+02  0.1349E-02  0.3788E-05
  0.3275E+02  0.1330E-02  0.3852E-05
  0.3351E+02  0.1309E-02  0.3912E-05
  0.3428E+02  0.1287E-02  0.3979E-05
  0.3504E+02  0.1264E-02  0.4061E-05
  0.3580E+02  0.1239E-02  0.4161E-05
  0.3656E+02  0.1214E-02  0.4277E-05
  0.3732E+02  0.1187E-02  0.4403E-05
  0.3809E+02  0.1159E-02  0.4528E-05
  0.3885E+02  0.1129E-02  0.4643E-05
  0.3961E+02  0.1098E-02  0.4740E-05
  0.4037E+02  0.1065E-02  0.4816E-05
  0.4113E+02  0.1031E-02  0.4873E-05
  0.4189E+02  0.9955E-03  0.4916E-05
  0.4266E+02  0.9584E-03  0.4956E-05
  0.4342E+02  0.9199E-03  0.5004E-05
  0.4418E+02  0.8802E-03  0.5070E-05
  0.4494E+02  0.8394E-03  0.5162E-05
  0.4570E+02  0.7978E-03  0.5281E-05
  0.4646E+02  0.7557E-03  0.5423E-05
  0.4723E+02  0.7134E-03  0.5579E-05
  0.4799E+02  0.6712E-03  0.5736E-05
  0.4875E+02  0.6295E-03  0.5882E-05
  0.4951E+02  0.5886E-03  0.6003E-05
  0.5027E+02  0.5489E-03  0.6091E-05
  0.5103E+02  0.5106E-03  0.6141E-05
  0.5180E+02  0.4740E-03  0.6150E-05
  0.5256E+02  0.4394E-03  0.6123E-05
  0.5332E+02  0.4069E-03  0.6065E-05
  0.5408E+02  0.3767E-03  0.5985E-05
  0.5484E+02  0.3487E-03  0.5895E-05
  0.5560E+02  0.3230E-03  0.5806E-05
  0.5637E+02  0.2996E-03  0.5730E-05
  0.5713E+02  0.2783E-03  0.5676E-05
  0.5789E+02  0.2590E-03  0.5651E-05
  0.5865E+02  0.2416E-03  0.5657E-05
  0.5941E+02  0.2257E-03  0.5693E-05
  0.6017E+02  0.2112E-03  0.5755E-05
  0.6094E+02  0.1979E-03  0.5835E-05
  0.6170E+02  0.1856E-03  0.5923E-05
  0.6246E+02  0.1740E-03  0.6011E-05
  0.6322E+02  0.1630E-03  0.6088E-05
  0.6398E+02  0.1524E-03  0.6148E-05
  0.6474E+02  0.1421E-03  0.6187E-05
  0.6551E+02  0.1320E-03  0.6203E-05
  0.6627E+02  0.1221E-03  0.6199E-05
  0.6703E+02  0.1123E-03  0.6179E-05
  0.6779E+02  0.1026E-03  0.6148E-05
  0.6855E+02  0.9292E-04  0.6108E-05
  0.6931E+02  0.8338E-04  0.6058E-05
  0.7008E+02  0.7396E-04  0.5983E-05
  0.7084E+02  0.6465E-04  0.5863E-05
  0.7160E+02  0.5545E-04  0.5662E-05
  0.7236E+02  0.4635E-04  0.5336E-05
  0.7312E+02  0.3729E-04  0.4835E-05
  0.7388E+02  0.2823E-04  0.4103E-05
  0.7465E+02  0.1907E-04  0.3087E-05
  0.7541E+02  0.9702E-05  0.1735E-05
  0.7617E+02  0.0000E+00  0.0000E+00
          Reciprocal space: Rg =   24.39     , I(0) =   0.6383E+00
     Real space: Rg =   24.40 +- 0.075  I(0) =   0.6383E+00 +-  0.2449E-02
