
           ####    G N O M   ---   Version 4.5a revised 09/02/02     ####

                                                  Tue Nov  3 18:07:25 2009
           ===    Run No   1   ===
 Run title:  0.010642 26.424479 0.928573


  Number of points omitted at the beginning:          30
   *******   Working Directory :
   *******    Input file(s) :
           Condition P(rmin) = 0 is used. 
           Condition P(rmax) = 0 is used. 

          Experimental conditions for the first run
          -----------------------------------------

          Highest ALPHA is found to be   0.3585E+03

  The measure of inconsistency AN1 equals to    0.9301E+00
     Alpha    Discrp  Oscill  Stabil  Sysdev  Positv  Valcen    Total   
  0.3585E+06 80.7616  1.1951  0.9531  0.0000  1.0000  0.8560  0.33093
  0.7170E+05 71.3629  1.1787  0.8347  0.0000  1.0000  0.8610  0.33319
  0.1434E+05 48.2399  1.1325  0.5569  0.0494  1.0000  0.8778  0.34235
  0.2868E+04 22.6191  1.1071  0.2658  0.0329  1.0000  0.9038  0.35230
  0.5736E+03  7.5997  1.1552  0.0835  0.1152  1.0000  0.9211  0.49952
  0.1147E+03  2.2728  1.2165  0.0309  0.3868  1.0000  0.9298  0.63492
  0.2295E+02  1.0227  1.2470  0.0098  0.6502  1.0000  0.9326  0.80859
  0.4589E+01  0.8643  1.2605  0.0091  0.7407  1.0000  0.9334  0.89255
  0.9178E+00  0.7875  1.3043  0.0187  0.7325  1.0000  0.9336  0.89245
  0.1836E+00  0.7226  1.4517  0.0318  0.8066  1.0000  0.9326  0.89931
  0.3671E-01  0.6497  2.1115  0.1010  0.7901  0.9996  0.9261  0.63583
  0.7343E-02  0.5557  3.8573  0.1107  0.8230  0.9947  0.9031  0.59584
  0.1469E-02  0.5234  5.1950  0.1001  0.8395  0.9868  0.8791  0.60051
  0.2937E-03  0.5115  7.1932  0.2856  0.8519  0.9697  0.8377  0.47278
  0.5874E-04  0.5013 10.0741  0.2256  0.8765  0.9327  0.7547  0.44555
  0.1175E-04  0.4987 11.6499  0.1516  0.8765  0.9093  0.6127  0.46534
  0.2350E-05  0.4980 14.9437  0.4947  0.8683  0.8694  0.6368  0.00000

          ***  Golden section search to maximize estimate ***
     Alpha    Discrp  Oscill  Stabil  Sysdev  Positv  Valcen    Total   
  0.1342E+01  0.8067  1.2868  0.0171  0.7243  1.0000  0.9336  0.88779
  0.3925E+00  0.7494  1.3648  0.0207  0.7654  1.0000  0.9333  0.90433
  0.8391E+00  0.7831  1.3093  0.0189  0.7325  1.0000  0.9336  0.89226
  0.5246E+00  0.7613  1.3407  0.0198  0.7572  1.0000  0.9335  0.90351
  0.7013E+00  0.7744  1.3202  0.0193  0.7490  1.0000  0.9336  0.90093
  0.5861E+00  0.7662  1.3325  0.0196  0.7572  1.0000  0.9335  0.90443
  0.6549E+00  0.7712  1.3248  0.0194  0.7490  1.0000  0.9335  0.90058
  0.6115E+00  0.7681  1.3295  0.0195  0.7572  1.0000  0.9335  0.90472
  0.6379E+00  0.7700  1.3266  0.0194  0.7572  1.0000  0.9335  0.90498
  0.6443E+00  0.7705  1.3259  0.0194  0.7490  1.0000  0.9335  0.90049
  0.6340E+00  0.7697  1.3270  0.0195  0.7572  1.0000  0.9335  0.90495
  0.6404E+00  0.7702  1.3263  0.0194  0.7572  1.0000  0.9335  0.90501
  0.6419E+00  0.7703  1.3261  0.0194  0.7490  1.0000  0.9335  0.90047
  0.6394E+00  0.7701  1.3264  0.0194  0.7572  1.0000  0.9335  0.90500
  0.6410E+00  0.7702  1.3262  0.0194  0.7572  1.0000  0.9335  0.90501
  0.6413E+00  0.7702  1.3262  0.0194  0.7490  1.0000  0.9335  0.90047
  0.6407E+00  0.7702  1.3263  0.0194  0.7572  1.0000  0.9335  0.90501
  0.6410E+00  0.7702  1.3262  0.0194  0.7572  1.0000  0.9335  0.90501



             ####            Final results            ####

 Parameter    DISCRP    OSCILL    STABIL    SYSDEV    POSITV    VALCEN
 Weight        1.000     3.000     3.000     5.000     1.000     1.000
 Sigma         0.300     0.600     0.120     0.500     0.120     0.120
 Ideal         0.700     1.200     0.000     1.000     1.000     0.950
 Current       0.770     1.326     0.019     0.757     1.000     0.934
                - - - - - - - - - - - - - - - - - - - - - - - - - 
 Estimate      0.947     0.957     0.974     0.790     1.000     0.981

  Angular   range    :     from    0.0295   to    0.3250
  Real space range   :     from      0.00   to     76.62

  Highest ALPHA (theor) :   0.359E+06                 JOB = 0
  Current ALPHA         :   0.641E+00   Rg :  0.249E+02   I(0) :   0.241E+02

           Total  estimate : 0.905  which is  AN EXCELLENT  solution

      S          J EXP       ERROR       J REG       I REG

  0.0000E+00                                      0.2408E+02
  0.1053E-02                                      0.2407E+02
  0.2107E-02                                      0.2406E+02
  0.3160E-02                                      0.2403E+02
  0.4213E-02                                      0.2399E+02
  0.5267E-02                                      0.2394E+02
  0.6320E-02                                      0.2388E+02
  0.7374E-02                                      0.2381E+02
  0.8427E-02                                      0.2373E+02
  0.9480E-02                                      0.2364E+02
  0.1053E-01                                      0.2353E+02
  0.1159E-01                                      0.2342E+02
  0.1264E-01                                      0.2330E+02
  0.1369E-01                                      0.2316E+02
  0.1475E-01                                      0.2302E+02
  0.1580E-01                                      0.2287E+02
  0.1685E-01                                      0.2270E+02
  0.1791E-01                                      0.2253E+02
  0.1896E-01                                      0.2235E+02
  0.2001E-01                                      0.2216E+02
  0.2107E-01                                      0.2197E+02
  0.2212E-01                                      0.2176E+02
  0.2317E-01                                      0.2155E+02
  0.2423E-01                                      0.2133E+02
  0.2528E-01                                      0.2110E+02
  0.2633E-01                                      0.2087E+02
  0.2739E-01                                      0.2062E+02
  0.2844E-01                                      0.2038E+02
  0.2949E-01  0.2026E+02  0.1079E+00  0.2012E+02  0.2012E+02
  0.3010E-01  0.2011E+02  0.1014E+00  0.1997E+02  0.1997E+02
  0.3071E-01  0.2016E+02  0.1173E+00  0.1982E+02  0.1982E+02
  0.3132E-01  0.1991E+02  0.1124E+00  0.1967E+02  0.1967E+02
  0.3193E-01  0.1970E+02  0.1098E+00  0.1951E+02  0.1951E+02
  0.3254E-01  0.1954E+02  0.1223E+00  0.1936E+02  0.1936E+02
  0.3314E-01  0.1950E+02  0.1137E+00  0.1920E+02  0.1920E+02
  0.3375E-01  0.1932E+02  0.1116E+00  0.1904E+02  0.1904E+02
  0.3436E-01  0.1921E+02  0.1172E+00  0.1888E+02  0.1888E+02
  0.3497E-01  0.1895E+02  0.8966E-01  0.1872E+02  0.1872E+02
  0.3558E-01  0.1854E+02  0.9250E-01  0.1855E+02  0.1855E+02
  0.3618E-01  0.1850E+02  0.1046E+00  0.1839E+02  0.1839E+02
  0.3679E-01  0.1837E+02  0.1020E+00  0.1822E+02  0.1822E+02
  0.3740E-01  0.1830E+02  0.9824E-01  0.1806E+02  0.1806E+02
  0.3801E-01  0.1828E+02  0.1057E+00  0.1789E+02  0.1789E+02
  0.3862E-01  0.1781E+02  0.9549E-01  0.1772E+02  0.1772E+02
  0.3922E-01  0.1768E+02  0.8774E-01  0.1755E+02  0.1755E+02
  0.3983E-01  0.1742E+02  0.1078E+00  0.1738E+02  0.1738E+02
  0.4044E-01  0.1726E+02  0.1029E+00  0.1721E+02  0.1721E+02
  0.4105E-01  0.1692E+02  0.7886E-01  0.1703E+02  0.1703E+02
  0.4166E-01  0.1682E+02  0.8889E-01  0.1686E+02  0.1686E+02
  0.4227E-01  0.1647E+02  0.8395E-01  0.1669E+02  0.1669E+02
  0.4287E-01  0.1649E+02  0.8084E-01  0.1651E+02  0.1651E+02
  0.4348E-01  0.1621E+02  0.9040E-01  0.1634E+02  0.1634E+02
  0.4409E-01  0.1608E+02  0.8526E-01  0.1616E+02  0.1616E+02
  0.4470E-01  0.1599E+02  0.9058E-01  0.1599E+02  0.1599E+02
  0.4531E-01  0.1569E+02  0.8466E-01  0.1581E+02  0.1581E+02
  0.4591E-01  0.1564E+02  0.9181E-01  0.1564E+02  0.1564E+02
  0.4652E-01  0.1539E+02  0.7835E-01  0.1546E+02  0.1546E+02
  0.4713E-01  0.1511E+02  0.7689E-01  0.1528E+02  0.1528E+02
  0.4774E-01  0.1507E+02  0.7115E-01  0.1511E+02  0.1511E+02
  0.4835E-01  0.1479E+02  0.8633E-01  0.1493E+02  0.1493E+02
  0.4895E-01  0.1470E+02  0.6618E-01  0.1475E+02  0.1475E+02
  0.4956E-01  0.1445E+02  0.8789E-01  0.1458E+02  0.1458E+02
  0.5017E-01  0.1435E+02  0.7911E-01  0.1440E+02  0.1440E+02
  0.5078E-01  0.1412E+02  0.7596E-01  0.1422E+02  0.1422E+02
  0.5139E-01  0.1406E+02  0.6309E-01  0.1405E+02  0.1405E+02
  0.5200E-01  0.1380E+02  0.7859E-01  0.1387E+02  0.1387E+02
  0.5260E-01  0.1366E+02  0.5508E-01  0.1370E+02  0.1370E+02
  0.5321E-01  0.1355E+02  0.6861E-01  0.1352E+02  0.1352E+02
  0.5382E-01  0.1321E+02  0.6648E-01  0.1335E+02  0.1335E+02
  0.5443E-01  0.1311E+02  0.7165E-01  0.1317E+02  0.1317E+02
  0.5504E-01  0.1286E+02  0.6318E-01  0.1300E+02  0.1300E+02
  0.5564E-01  0.1272E+02  0.6042E-01  0.1283E+02  0.1283E+02
  0.5625E-01  0.1259E+02  0.5208E-01  0.1265E+02  0.1265E+02
  0.5686E-01  0.1244E+02  0.6481E-01  0.1248E+02  0.1248E+02
  0.5747E-01  0.1223E+02  0.6692E-01  0.1231E+02  0.1231E+02
  0.5808E-01  0.1210E+02  0.6658E-01  0.1214E+02  0.1214E+02
  0.5868E-01  0.1200E+02  0.7079E-01  0.1197E+02  0.1197E+02
  0.5929E-01  0.1172E+02  0.7361E-01  0.1180E+02  0.1180E+02
  0.5990E-01  0.1153E+02  0.5516E-01  0.1164E+02  0.1164E+02
  0.6051E-01  0.1131E+02  0.6079E-01  0.1147E+02  0.1147E+02
  0.6112E-01  0.1123E+02  0.5773E-01  0.1130E+02  0.1130E+02
  0.6173E-01  0.1101E+02  0.6445E-01  0.1114E+02  0.1114E+02
  0.6233E-01  0.1102E+02  0.6801E-01  0.1098E+02  0.1098E+02
  0.6294E-01  0.1075E+02  0.6864E-01  0.1081E+02  0.1081E+02
  0.6355E-01  0.1063E+02  0.6438E-01  0.1065E+02  0.1065E+02
  0.6416E-01  0.1045E+02  0.6633E-01  0.1049E+02  0.1049E+02
  0.6477E-01  0.1037E+02  0.5780E-01  0.1033E+02  0.1033E+02
  0.6537E-01  0.1017E+02  0.6678E-01  0.1018E+02  0.1018E+02
  0.6598E-01  0.1012E+02  0.6080E-01  0.1002E+02  0.1002E+02
  0.6659E-01  0.9858E+01  0.6047E-01  0.9863E+01  0.9863E+01
  0.6720E-01  0.9741E+01  0.5959E-01  0.9709E+01  0.9709E+01
  0.6781E-01  0.9435E+01  0.5844E-01  0.9556E+01  0.9556E+01
  0.6841E-01  0.9351E+01  0.5688E-01  0.9405E+01  0.9405E+01
  0.6902E-01  0.9226E+01  0.6192E-01  0.9254E+01  0.9254E+01
  0.6963E-01  0.9155E+01  0.4817E-01  0.9106E+01  0.9106E+01
  0.7024E-01  0.8933E+01  0.5685E-01  0.8958E+01  0.8958E+01
  0.7085E-01  0.8805E+01  0.5578E-01  0.8812E+01  0.8812E+01
  0.7146E-01  0.8663E+01  0.4881E-01  0.8667E+01  0.8667E+01
  0.7206E-01  0.8496E+01  0.4736E-01  0.8524E+01  0.8524E+01
  0.7267E-01  0.8444E+01  0.4408E-01  0.8383E+01  0.8383E+01
  0.7328E-01  0.8249E+01  0.4679E-01  0.8242E+01  0.8242E+01
  0.7389E-01  0.8185E+01  0.5080E-01  0.8104E+01  0.8104E+01
  0.7450E-01  0.7989E+01  0.5300E-01  0.7966E+01  0.7966E+01
  0.7510E-01  0.7864E+01  0.4641E-01  0.7831E+01  0.7831E+01
  0.7571E-01  0.7695E+01  0.5115E-01  0.7696E+01  0.7696E+01
  0.7632E-01  0.7543E+01  0.4626E-01  0.7564E+01  0.7564E+01
  0.7693E-01  0.7418E+01  0.5426E-01  0.7432E+01  0.7432E+01
  0.7754E-01  0.7305E+01  0.4698E-01  0.7303E+01  0.7303E+01
  0.7814E-01  0.7192E+01  0.5400E-01  0.7175E+01  0.7175E+01
  0.7875E-01  0.7103E+01  0.4979E-01  0.7048E+01  0.7048E+01
  0.7936E-01  0.6924E+01  0.4633E-01  0.6923E+01  0.6923E+01
  0.7997E-01  0.6791E+01  0.4444E-01  0.6800E+01  0.6800E+01
  0.8058E-01  0.6654E+01  0.4484E-01  0.6678E+01  0.6678E+01
  0.8118E-01  0.6555E+01  0.4502E-01  0.6558E+01  0.6558E+01
  0.8179E-01  0.6395E+01  0.5740E-01  0.6439E+01  0.6439E+01
  0.8240E-01  0.6303E+01  0.1115E+00  0.6322E+01  0.6322E+01
  0.8301E-01  0.6218E+01  0.8479E-01  0.6206E+01  0.6206E+01
  0.8362E-01  0.6092E+01  0.1378E+00  0.6092E+01  0.6092E+01
  0.8423E-01  0.5995E+01  0.1462E+00  0.5980E+01  0.5980E+01
  0.8483E-01  0.5941E+01  0.5742E-01  0.5869E+01  0.5869E+01
  0.8544E-01  0.5783E+01  0.6146E-01  0.5760E+01  0.5760E+01
  0.8605E-01  0.5748E+01  0.5791E-01  0.5652E+01  0.5652E+01
  0.8666E-01  0.5548E+01  0.8011E-01  0.5546E+01  0.5546E+01
  0.8727E-01  0.5519E+01  0.4344E-01  0.5441E+01  0.5441E+01
  0.8787E-01  0.5322E+01  0.9774E-01  0.5338E+01  0.5338E+01
  0.8848E-01  0.5266E+01  0.5976E-01  0.5237E+01  0.5237E+01
  0.8909E-01  0.5112E+01  0.4207E-01  0.5137E+01  0.5137E+01
  0.8970E-01  0.5005E+01  0.4156E-01  0.5038E+01  0.5038E+01
  0.9031E-01  0.4935E+01  0.4286E-01  0.4942E+01  0.4942E+01
  0.9091E-01  0.4802E+01  0.3604E-01  0.4846E+01  0.4846E+01
  0.9152E-01  0.4743E+01  0.4177E-01  0.4752E+01  0.4752E+01
  0.9213E-01  0.4644E+01  0.3646E-01  0.4660E+01  0.4660E+01
  0.9274E-01  0.4558E+01  0.4335E-01  0.4569E+01  0.4569E+01
  0.9335E-01  0.4500E+01  0.4288E-01  0.4479E+01  0.4479E+01
  0.9396E-01  0.4445E+01  0.4340E-01  0.4391E+01  0.4391E+01
  0.9456E-01  0.4378E+01  0.4088E-01  0.4305E+01  0.4305E+01
  0.9517E-01  0.4276E+01  0.4178E-01  0.4220E+01  0.4220E+01
  0.9578E-01  0.4163E+01  0.3889E-01  0.4136E+01  0.4136E+01
  0.9639E-01  0.4098E+01  0.3982E-01  0.4053E+01  0.4053E+01
  0.9700E-01  0.4013E+01  0.3873E-01  0.3973E+01  0.3973E+01
  0.9760E-01  0.4010E+01  0.4928E-01  0.3893E+01  0.3893E+01
  0.9821E-01  0.3793E+01  0.3598E-01  0.3815E+01  0.3815E+01
  0.9882E-01  0.3817E+01  0.4306E-01  0.3738E+01  0.3738E+01
  0.9943E-01  0.3709E+01  0.3682E-01  0.3663E+01  0.3663E+01
  0.1000E+00  0.3619E+01  0.3592E-01  0.3588E+01  0.3588E+01
  0.1006E+00  0.3529E+01  0.3664E-01  0.3516E+01  0.3516E+01
  0.1013E+00  0.3470E+01  0.3327E-01  0.3444E+01  0.3444E+01
  0.1019E+00  0.3432E+01  0.3957E-01  0.3374E+01  0.3374E+01
  0.1025E+00  0.3361E+01  0.3299E-01  0.3305E+01  0.3305E+01
  0.1031E+00  0.3305E+01  0.3523E-01  0.3237E+01  0.3237E+01
  0.1037E+00  0.3206E+01  0.3415E-01  0.3171E+01  0.3171E+01
  0.1043E+00  0.3197E+01  0.3548E-01  0.3105E+01  0.3105E+01
  0.1049E+00  0.3063E+01  0.3166E-01  0.3041E+01  0.3041E+01
  0.1055E+00  0.3067E+01  0.3474E-01  0.2978E+01  0.2978E+01
  0.1061E+00  0.2917E+01  0.3195E-01  0.2917E+01  0.2917E+01
  0.1067E+00  0.2863E+01  0.3279E-01  0.2856E+01  0.2856E+01
  0.1073E+00  0.2799E+01  0.3365E-01  0.2797E+01  0.2797E+01
  0.1079E+00  0.2766E+01  0.3045E-01  0.2739E+01  0.2739E+01
  0.1085E+00  0.2705E+01  0.3342E-01  0.2682E+01  0.2682E+01
  0.1092E+00  0.2726E+01  0.3186E-01  0.2626E+01  0.2626E+01
  0.1098E+00  0.2588E+01  0.3561E-01  0.2571E+01  0.2571E+01
  0.1104E+00  0.2544E+01  0.2969E-01  0.2517E+01  0.2517E+01
  0.1110E+00  0.2442E+01  0.3207E-01  0.2464E+01  0.2464E+01
  0.1116E+00  0.2353E+01  0.2988E-01  0.2412E+01  0.2412E+01
  0.1122E+00  0.2283E+01  0.2958E-01  0.2362E+01  0.2362E+01
  0.1128E+00  0.2301E+01  0.3151E-01  0.2312E+01  0.2312E+01
  0.1134E+00  0.2248E+01  0.3002E-01  0.2263E+01  0.2263E+01
  0.1140E+00  0.2197E+01  0.3077E-01  0.2215E+01  0.2215E+01
  0.1146E+00  0.2157E+01  0.3302E-01  0.2168E+01  0.2168E+01
  0.1152E+00  0.2129E+01  0.2931E-01  0.2123E+01  0.2123E+01
  0.1158E+00  0.2062E+01  0.2953E-01  0.2078E+01  0.2078E+01
  0.1165E+00  0.2052E+01  0.2985E-01  0.2034E+01  0.2034E+01
  0.1171E+00  0.2024E+01  0.2924E-01  0.1991E+01  0.1991E+01
  0.1177E+00  0.1931E+01  0.2790E-01  0.1948E+01  0.1948E+01
  0.1183E+00  0.1939E+01  0.3001E-01  0.1907E+01  0.1907E+01
  0.1189E+00  0.1842E+01  0.3108E-01  0.1866E+01  0.1866E+01
  0.1195E+00  0.1861E+01  0.2861E-01  0.1827E+01  0.1827E+01
  0.1201E+00  0.1762E+01  0.3116E-01  0.1788E+01  0.1788E+01
  0.1207E+00  0.1747E+01  0.2975E-01  0.1750E+01  0.1750E+01
  0.1213E+00  0.1648E+01  0.3148E-01  0.1713E+01  0.1713E+01
  0.1219E+00  0.1615E+01  0.2712E-01  0.1676E+01  0.1676E+01
  0.1225E+00  0.1654E+01  0.3079E-01  0.1641E+01  0.1641E+01
  0.1231E+00  0.1588E+01  0.2645E-01  0.1606E+01  0.1606E+01
  0.1238E+00  0.1609E+01  0.2808E-01  0.1572E+01  0.1572E+01
  0.1244E+00  0.1509E+01  0.2582E-01  0.1538E+01  0.1538E+01
  0.1250E+00  0.1487E+01  0.2784E-01  0.1506E+01  0.1506E+01
  0.1256E+00  0.1464E+01  0.2603E-01  0.1474E+01  0.1474E+01
  0.1262E+00  0.1439E+01  0.2867E-01  0.1443E+01  0.1443E+01
  0.1268E+00  0.1386E+01  0.2868E-01  0.1412E+01  0.1412E+01
  0.1274E+00  0.1342E+01  0.2755E-01  0.1382E+01  0.1382E+01
  0.1280E+00  0.1296E+01  0.2825E-01  0.1353E+01  0.1353E+01
  0.1286E+00  0.1230E+01  0.2774E-01  0.1324E+01  0.1324E+01
  0.1292E+00  0.1258E+01  0.2660E-01  0.1296E+01  0.1296E+01
  0.1298E+00  0.1212E+01  0.2801E-01  0.1269E+01  0.1269E+01
  0.1304E+00  0.1200E+01  0.4559E-01  0.1242E+01  0.1242E+01
  0.1310E+00  0.1227E+01  0.6290E-01  0.1216E+01  0.1216E+01
  0.1317E+00  0.1166E+01  0.2738E-01  0.1191E+01  0.1191E+01
  0.1323E+00  0.1145E+01  0.9167E-01  0.1166E+01  0.1166E+01
  0.1329E+00  0.1199E+01  0.4443E+00  0.1142E+01  0.1142E+01
  0.1335E+00  0.1076E+01  0.5144E-01  0.1118E+01  0.1118E+01
  0.1341E+00  0.1097E+01  0.3138E-01  0.1095E+01  0.1095E+01
  0.1347E+00  0.1026E+01  0.3104E-01  0.1072E+01  0.1072E+01
  0.1353E+00  0.1027E+01  0.2680E-01  0.1050E+01  0.1050E+01
  0.1359E+00  0.1034E+01  0.2696E-01  0.1028E+01  0.1028E+01
  0.1365E+00  0.1030E+01  0.2706E-01  0.1007E+01  0.1007E+01
  0.1371E+00  0.9790E+00  0.2599E-01  0.9865E+00  0.9865E+00
  0.1377E+00  0.9298E+00  0.3227E-01  0.9664E+00  0.9664E+00
  0.1383E+00  0.9198E+00  0.2780E-01  0.9468E+00  0.9468E+00
  0.1390E+00  0.9001E+00  0.2745E-01  0.9276E+00  0.9276E+00
  0.1396E+00  0.8378E+00  0.2902E-01  0.9090E+00  0.9090E+00
  0.1402E+00  0.8727E+00  0.2693E-01  0.8908E+00  0.8908E+00
  0.1408E+00  0.8081E+00  0.2834E-01  0.8730E+00  0.8730E+00
  0.1414E+00  0.8469E+00  0.2717E-01  0.8557E+00  0.8557E+00
  0.1420E+00  0.8568E+00  0.2861E-01  0.8388E+00  0.8388E+00
  0.1426E+00  0.8164E+00  0.2570E-01  0.8224E+00  0.8224E+00
  0.1432E+00  0.7824E+00  0.2657E-01  0.8064E+00  0.8064E+00
  0.1438E+00  0.7448E+00  0.2672E-01  0.7907E+00  0.7907E+00
  0.1444E+00  0.7670E+00  0.2746E-01  0.7755E+00  0.7755E+00
  0.1450E+00  0.7762E+00  0.2649E-01  0.7607E+00  0.7607E+00
  0.1456E+00  0.7508E+00  0.2414E-01  0.7462E+00  0.7462E+00
  0.1463E+00  0.7438E+00  0.2412E-01  0.7322E+00  0.7322E+00
  0.1469E+00  0.7036E+00  0.2531E-01  0.7185E+00  0.7185E+00
  0.1475E+00  0.7231E+00  0.2634E-01  0.7052E+00  0.7052E+00
  0.1481E+00  0.6975E+00  0.2368E-01  0.6922E+00  0.6922E+00
  0.1487E+00  0.6909E+00  0.2552E-01  0.6796E+00  0.6796E+00
  0.1493E+00  0.7179E+00  0.2373E-01  0.6673E+00  0.6673E+00
  0.1499E+00  0.6952E+00  0.2294E-01  0.6553E+00  0.6553E+00
  0.1505E+00  0.6743E+00  0.2647E-01  0.6437E+00  0.6437E+00
  0.1511E+00  0.6736E+00  0.2585E-01  0.6324E+00  0.6324E+00
  0.1517E+00  0.6213E+00  0.2481E-01  0.6214E+00  0.6214E+00
  0.1523E+00  0.6245E+00  0.2428E-01  0.6108E+00  0.6108E+00
  0.1529E+00  0.5841E+00  0.2108E-01  0.6004E+00  0.6004E+00
  0.1535E+00  0.5831E+00  0.2289E-01  0.5903E+00  0.5903E+00
  0.1542E+00  0.5886E+00  0.2216E-01  0.5805E+00  0.5805E+00
  0.1548E+00  0.5671E+00  0.2248E-01  0.5710E+00  0.5710E+00
  0.1554E+00  0.5659E+00  0.2295E-01  0.5618E+00  0.5618E+00
  0.1560E+00  0.5895E+00  0.2239E-01  0.5528E+00  0.5528E+00
  0.1566E+00  0.5417E+00  0.2263E-01  0.5441E+00  0.5441E+00
  0.1572E+00  0.5254E+00  0.2218E-01  0.5356E+00  0.5356E+00
  0.1578E+00  0.4836E+00  0.2193E-01  0.5274E+00  0.5274E+00
  0.1584E+00  0.5044E+00  0.2041E-01  0.5195E+00  0.5195E+00
  0.1590E+00  0.4836E+00  0.2285E-01  0.5118E+00  0.5118E+00
  0.1596E+00  0.4613E+00  0.2278E-01  0.5043E+00  0.5043E+00
  0.1602E+00  0.4716E+00  0.2293E-01  0.4970E+00  0.4970E+00
  0.1608E+00  0.4759E+00  0.2267E-01  0.4900E+00  0.4900E+00
  0.1615E+00  0.5033E+00  0.2262E-01  0.4831E+00  0.4831E+00
  0.1621E+00  0.5042E+00  0.2307E-01  0.4765E+00  0.4765E+00
  0.1627E+00  0.4869E+00  0.2281E-01  0.4701E+00  0.4701E+00
  0.1633E+00  0.5060E+00  0.2140E-01  0.4639E+00  0.4639E+00
  0.1639E+00  0.4810E+00  0.2310E-01  0.4579E+00  0.4579E+00
  0.1645E+00  0.4688E+00  0.2448E-01  0.4520E+00  0.4520E+00
  0.1651E+00  0.4451E+00  0.2335E-01  0.4463E+00  0.4463E+00
  0.1657E+00  0.4377E+00  0.2331E-01  0.4409E+00  0.4409E+00
  0.1663E+00  0.3861E+00  0.2237E-01  0.4355E+00  0.4355E+00
  0.1669E+00  0.4689E+00  0.2281E-01  0.4304E+00  0.4304E+00
  0.1675E+00  0.4020E+00  0.2227E-01  0.4254E+00  0.4254E+00
  0.1681E+00  0.4507E+00  0.2334E-01  0.4206E+00  0.4206E+00
  0.1688E+00  0.4314E+00  0.2154E-01  0.4159E+00  0.4159E+00
  0.1694E+00  0.4479E+00  0.2200E-01  0.4113E+00  0.4113E+00
  0.1700E+00  0.4835E+00  0.2080E-01  0.4069E+00  0.4069E+00
  0.1706E+00  0.4141E+00  0.2010E-01  0.4027E+00  0.4027E+00
  0.1712E+00  0.4065E+00  0.2054E-01  0.3985E+00  0.3985E+00
  0.1718E+00  0.3856E+00  0.2311E-01  0.3945E+00  0.3945E+00
  0.1724E+00  0.3918E+00  0.2297E-01  0.3906E+00  0.3906E+00
  0.1730E+00  0.4133E+00  0.2337E-01  0.3869E+00  0.3869E+00
  0.1736E+00  0.3897E+00  0.2782E-01  0.3832E+00  0.3832E+00
  0.1742E+00  0.4191E+00  0.2201E-01  0.3796E+00  0.3796E+00
  0.1748E+00  0.3919E+00  0.2111E-01  0.3762E+00  0.3762E+00
  0.1754E+00  0.3814E+00  0.2143E-01  0.3728E+00  0.3728E+00
  0.1760E+00  0.3440E+00  0.2272E-01  0.3696E+00  0.3696E+00
  0.1767E+00  0.4065E+00  0.2157E-01  0.3664E+00  0.3664E+00
  0.1773E+00  0.3835E+00  0.2083E-01  0.3633E+00  0.3633E+00
  0.1779E+00  0.3855E+00  0.2040E-01  0.3603E+00  0.3603E+00
  0.1785E+00  0.3768E+00  0.2188E-01  0.3574E+00  0.3574E+00
  0.1791E+00  0.3767E+00  0.2033E-01  0.3545E+00  0.3545E+00
  0.1797E+00  0.3926E+00  0.2356E-01  0.3517E+00  0.3517E+00
  0.1803E+00  0.3388E+00  0.2570E-01  0.3490E+00  0.3490E+00
  0.1809E+00  0.3503E+00  0.2238E-01  0.3464E+00  0.3464E+00
  0.1815E+00  0.3404E+00  0.2112E-01  0.3438E+00  0.3438E+00
  0.1821E+00  0.3538E+00  0.2224E-01  0.3412E+00  0.3412E+00
  0.1827E+00  0.3538E+00  0.2203E-01  0.3388E+00  0.3388E+00
  0.1833E+00  0.3475E+00  0.2177E-01  0.3363E+00  0.3363E+00
  0.1840E+00  0.3273E+00  0.2280E-01  0.3340E+00  0.3340E+00
  0.1846E+00  0.3017E+00  0.2100E-01  0.3316E+00  0.3316E+00
  0.1852E+00  0.2975E+00  0.2014E-01  0.3293E+00  0.3293E+00
  0.1858E+00  0.3299E+00  0.2137E-01  0.3271E+00  0.3271E+00
  0.1864E+00  0.3346E+00  0.2065E-01  0.3248E+00  0.3248E+00
  0.1870E+00  0.3314E+00  0.2060E-01  0.3226E+00  0.3226E+00
  0.1876E+00  0.3481E+00  0.2030E-01  0.3205E+00  0.3205E+00
  0.1882E+00  0.3351E+00  0.2089E-01  0.3183E+00  0.3183E+00
  0.1888E+00  0.2919E+00  0.2007E-01  0.3162E+00  0.3162E+00
  0.1894E+00  0.2843E+00  0.2141E-01  0.3141E+00  0.3141E+00
  0.1900E+00  0.3294E+00  0.2212E-01  0.3121E+00  0.3121E+00
  0.1906E+00  0.3198E+00  0.2006E-01  0.3100E+00  0.3100E+00
  0.1912E+00  0.3492E+00  0.2231E-01  0.3080E+00  0.3080E+00
  0.1919E+00  0.3285E+00  0.2139E-01  0.3060E+00  0.3060E+00
  0.1925E+00  0.2799E+00  0.2126E-01  0.3040E+00  0.3040E+00
  0.1931E+00  0.2828E+00  0.2141E-01  0.3020E+00  0.3020E+00
  0.1937E+00  0.2894E+00  0.1920E-01  0.3000E+00  0.3000E+00
  0.1943E+00  0.3028E+00  0.1954E-01  0.2980E+00  0.2980E+00
  0.1949E+00  0.2937E+00  0.1961E-01  0.2961E+00  0.2961E+00
  0.1955E+00  0.2662E+00  0.2017E-01  0.2941E+00  0.2941E+00
  0.1961E+00  0.2939E+00  0.1936E-01  0.2921E+00  0.2921E+00
  0.1967E+00  0.2813E+00  0.1999E-01  0.2902E+00  0.2902E+00
  0.1973E+00  0.2714E+00  0.2056E-01  0.2882E+00  0.2882E+00
  0.1979E+00  0.2969E+00  0.2041E-01  0.2863E+00  0.2863E+00
  0.1985E+00  0.2584E+00  0.1995E-01  0.2843E+00  0.2843E+00
  0.1992E+00  0.3038E+00  0.2077E-01  0.2824E+00  0.2824E+00
  0.1998E+00  0.2714E+00  0.1907E-01  0.2804E+00  0.2804E+00
  0.2004E+00  0.2853E+00  0.2013E-01  0.2785E+00  0.2785E+00
  0.2010E+00  0.2596E+00  0.2001E-01  0.2765E+00  0.2765E+00
  0.2016E+00  0.2634E+00  0.1930E-01  0.2746E+00  0.2746E+00
  0.2022E+00  0.2194E+00  0.2026E-01  0.2726E+00  0.2726E+00
  0.2028E+00  0.2486E+00  0.2064E-01  0.2706E+00  0.2706E+00
  0.2034E+00  0.2293E+00  0.2040E-01  0.2687E+00  0.2687E+00
  0.2040E+00  0.2451E+00  0.1960E-01  0.2667E+00  0.2667E+00
  0.2046E+00  0.2637E+00  0.2031E-01  0.2647E+00  0.2647E+00
  0.2052E+00  0.2389E+00  0.2072E-01  0.2627E+00  0.2627E+00
  0.2058E+00  0.2695E+00  0.1968E-01  0.2607E+00  0.2607E+00
  0.2065E+00  0.2297E+00  0.1881E-01  0.2587E+00  0.2587E+00
  0.2071E+00  0.2713E+00  0.1935E-01  0.2567E+00  0.2567E+00
  0.2077E+00  0.2472E+00  0.1927E-01  0.2547E+00  0.2547E+00
  0.2083E+00  0.2640E+00  0.1947E-01  0.2527E+00  0.2527E+00
  0.2089E+00  0.2530E+00  0.1827E-01  0.2507E+00  0.2507E+00
  0.2095E+00  0.2502E+00  0.1918E-01  0.2487E+00  0.2487E+00
  0.2101E+00  0.2626E+00  0.1893E-01  0.2467E+00  0.2467E+00
  0.2107E+00  0.2434E+00  0.1971E-01  0.2447E+00  0.2447E+00
  0.2113E+00  0.2309E+00  0.2135E-01  0.2427E+00  0.2427E+00
  0.2119E+00  0.2432E+00  0.1854E-01  0.2407E+00  0.2407E+00
  0.2125E+00  0.2446E+00  0.1939E-01  0.2387E+00  0.2387E+00
  0.2131E+00  0.2321E+00  0.1757E-01  0.2367E+00  0.2367E+00
  0.2137E+00  0.2538E+00  0.1999E-01  0.2347E+00  0.2347E+00
  0.2144E+00  0.2252E+00  0.1883E-01  0.2327E+00  0.2327E+00
  0.2150E+00  0.2258E+00  0.1984E-01  0.2307E+00  0.2307E+00
  0.2156E+00  0.2438E+00  0.1870E-01  0.2287E+00  0.2287E+00
  0.2162E+00  0.2144E+00  0.1945E-01  0.2267E+00  0.2267E+00
  0.2168E+00  0.1787E+00  0.1895E-01  0.2247E+00  0.2247E+00
  0.2174E+00  0.1985E+00  0.1863E-01  0.2227E+00  0.2227E+00
  0.2180E+00  0.2046E+00  0.1850E-01  0.2208E+00  0.2208E+00
  0.2186E+00  0.1935E+00  0.1835E-01  0.2188E+00  0.2188E+00
  0.2192E+00  0.2157E+00  0.1900E-01  0.2168E+00  0.2168E+00
  0.2198E+00  0.1885E+00  0.1917E-01  0.2149E+00  0.2149E+00
  0.2204E+00  0.2107E+00  0.1948E-01  0.2130E+00  0.2130E+00
  0.2210E+00  0.1736E+00  0.1884E-01  0.2111E+00  0.2111E+00
  0.2217E+00  0.2167E+00  0.1897E-01  0.2092E+00  0.2092E+00
  0.2223E+00  0.2024E+00  0.1900E-01  0.2073E+00  0.2073E+00
  0.2229E+00  0.1756E+00  0.1946E-01  0.2054E+00  0.2054E+00
  0.2235E+00  0.1969E+00  0.1923E-01  0.2035E+00  0.2035E+00
  0.2241E+00  0.1782E+00  0.1794E-01  0.2017E+00  0.2017E+00
  0.2247E+00  0.1972E+00  0.1825E-01  0.1999E+00  0.1999E+00
  0.2253E+00  0.1984E+00  0.1861E-01  0.1981E+00  0.1981E+00
  0.2259E+00  0.2036E+00  0.1888E-01  0.1963E+00  0.1963E+00
  0.2265E+00  0.1531E+00  0.1903E-01  0.1945E+00  0.1945E+00
  0.2271E+00  0.1652E+00  0.2040E-01  0.1928E+00  0.1928E+00
  0.2277E+00  0.2063E+00  0.2449E-01  0.1910E+00  0.1910E+00
  0.2283E+00  0.1692E+00  0.1891E-01  0.1893E+00  0.1893E+00
  0.2289E+00  0.1740E+00  0.1906E-01  0.1877E+00  0.1877E+00
  0.2296E+00  0.1384E+00  0.1788E-01  0.1860E+00  0.1860E+00
  0.2302E+00  0.1366E+00  0.1779E-01  0.1844E+00  0.1844E+00
  0.2308E+00  0.1711E+00  0.1840E-01  0.1828E+00  0.1828E+00
  0.2314E+00  0.1844E+00  0.1901E-01  0.1812E+00  0.1812E+00
  0.2320E+00  0.2072E+00  0.1882E-01  0.1797E+00  0.1797E+00
  0.2326E+00  0.2031E+00  0.1729E-01  0.1782E+00  0.1782E+00
  0.2332E+00  0.2403E+00  0.1727E-01  0.1767E+00  0.1767E+00
  0.2338E+00  0.1829E+00  0.1754E-01  0.1752E+00  0.1752E+00
  0.2344E+00  0.1802E+00  0.1853E-01  0.1738E+00  0.1738E+00
  0.2350E+00  0.1970E+00  0.1744E-01  0.1724E+00  0.1724E+00
  0.2356E+00  0.1590E+00  0.1799E-01  0.1710E+00  0.1710E+00
  0.2362E+00  0.1434E+00  0.1746E-01  0.1697E+00  0.1697E+00
  0.2369E+00  0.1840E+00  0.1799E-01  0.1684E+00  0.1684E+00
  0.2375E+00  0.1748E+00  0.1736E-01  0.1671E+00  0.1671E+00
  0.2381E+00  0.1848E+00  0.1823E-01  0.1658E+00  0.1658E+00
  0.2387E+00  0.1921E+00  0.1795E-01  0.1646E+00  0.1646E+00
  0.2393E+00  0.1615E+00  0.1703E-01  0.1634E+00  0.1634E+00
  0.2399E+00  0.1903E+00  0.1762E-01  0.1623E+00  0.1623E+00
  0.2405E+00  0.1487E+00  0.1724E-01  0.1612E+00  0.1612E+00
  0.2411E+00  0.1937E+00  0.1887E-01  0.1601E+00  0.1601E+00
  0.2417E+00  0.1572E+00  0.1757E-01  0.1590E+00  0.1590E+00
  0.2423E+00  0.1563E+00  0.1743E-01  0.1580E+00  0.1580E+00
  0.2429E+00  0.1754E+00  0.1861E-01  0.1570E+00  0.1570E+00
  0.2435E+00  0.1809E+00  0.1705E-01  0.1561E+00  0.1561E+00
  0.2441E+00  0.1701E+00  0.1819E-01  0.1551E+00  0.1551E+00
  0.2448E+00  0.1642E+00  0.1856E-01  0.1543E+00  0.1543E+00
  0.2454E+00  0.1824E+00  0.1760E-01  0.1534E+00  0.1534E+00
  0.2460E+00  0.2099E+00  0.1815E-01  0.1526E+00  0.1526E+00
  0.2466E+00  0.1634E+00  0.1718E-01  0.1518E+00  0.1518E+00
  0.2472E+00  0.1813E+00  0.1751E-01  0.1510E+00  0.1510E+00
  0.2478E+00  0.2024E+00  0.1732E-01  0.1503E+00  0.1503E+00
  0.2484E+00  0.1840E+00  0.1819E-01  0.1496E+00  0.1496E+00
  0.2490E+00  0.1801E+00  0.1812E-01  0.1489E+00  0.1489E+00
  0.2496E+00  0.1472E+00  0.1835E-01  0.1483E+00  0.1483E+00
  0.2502E+00  0.1662E+00  0.1861E-01  0.1476E+00  0.1476E+00
  0.2508E+00  0.1497E+00  0.1707E-01  0.1471E+00  0.1471E+00
  0.2514E+00  0.1601E+00  0.1738E-01  0.1465E+00  0.1465E+00
  0.2521E+00  0.1272E+00  0.1686E-01  0.1460E+00  0.1460E+00
  0.2527E+00  0.1426E+00  0.1705E-01  0.1455E+00  0.1455E+00
  0.2533E+00  0.1407E+00  0.1716E-01  0.1450E+00  0.1450E+00
  0.2539E+00  0.1596E+00  0.1808E-01  0.1445E+00  0.1445E+00
  0.2545E+00  0.1693E+00  0.1801E-01  0.1441E+00  0.1441E+00
  0.2551E+00  0.1695E+00  0.1694E-01  0.1437E+00  0.1437E+00
  0.2557E+00  0.2255E+00  0.1713E-01  0.1433E+00  0.1433E+00
  0.2563E+00  0.1574E+00  0.1775E-01  0.1430E+00  0.1430E+00
  0.2569E+00  0.1582E+00  0.1696E-01  0.1426E+00  0.1426E+00
  0.2575E+00  0.1254E+00  0.1748E-01  0.1423E+00  0.1423E+00
  0.2581E+00  0.1510E+00  0.1723E-01  0.1421E+00  0.1421E+00
  0.2587E+00  0.1509E+00  0.1606E-01  0.1418E+00  0.1418E+00
  0.2593E+00  0.1417E+00  0.1624E-01  0.1415E+00  0.1415E+00
  0.2600E+00  0.1348E+00  0.1651E-01  0.1413E+00  0.1413E+00
  0.2606E+00  0.1254E+00  0.1720E-01  0.1411E+00  0.1411E+00
  0.2612E+00  0.1517E+00  0.1683E-01  0.1409E+00  0.1409E+00
  0.2618E+00  0.1292E+00  0.1850E-01  0.1408E+00  0.1408E+00
  0.2624E+00  0.1371E+00  0.1696E-01  0.1406E+00  0.1406E+00
  0.2630E+00  0.1623E+00  0.1708E-01  0.1405E+00  0.1405E+00
  0.2636E+00  0.1099E+00  0.1708E-01  0.1403E+00  0.1403E+00
  0.2642E+00  0.1463E+00  0.1670E-01  0.1402E+00  0.1402E+00
  0.2648E+00  0.1281E+00  0.1689E-01  0.1401E+00  0.1401E+00
  0.2654E+00  0.1311E+00  0.1693E-01  0.1401E+00  0.1401E+00
  0.2660E+00  0.1209E+00  0.1629E-01  0.1400E+00  0.1400E+00
  0.2666E+00  0.1249E+00  0.1755E-01  0.1399E+00  0.1399E+00
  0.2673E+00  0.1423E+00  0.1684E-01  0.1399E+00  0.1399E+00
  0.2679E+00  0.1116E+00  0.1620E-01  0.1398E+00  0.1398E+00
  0.2685E+00  0.1305E+00  0.1722E-01  0.1398E+00  0.1398E+00
  0.2691E+00  0.1548E+00  0.1628E-01  0.1398E+00  0.1398E+00
  0.2697E+00  0.1208E+00  0.1725E-01  0.1398E+00  0.1398E+00
  0.2703E+00  0.1311E+00  0.1663E-01  0.1398E+00  0.1398E+00
  0.2709E+00  0.1026E+00  0.1688E-01  0.1398E+00  0.1398E+00
  0.2715E+00  0.1068E+00  0.1723E-01  0.1398E+00  0.1398E+00
  0.2721E+00  0.1291E+00  0.1625E-01  0.1399E+00  0.1399E+00
  0.2727E+00  0.1259E+00  0.1633E-01  0.1399E+00  0.1399E+00
  0.2733E+00  0.1284E+00  0.1608E-01  0.1399E+00  0.1399E+00
  0.2739E+00  0.1482E+00  0.1617E-01  0.1400E+00  0.1400E+00
  0.2745E+00  0.1142E+00  0.1714E-01  0.1400E+00  0.1400E+00
  0.2752E+00  0.1240E+00  0.1585E-01  0.1401E+00  0.1401E+00
  0.2758E+00  0.1065E+00  0.1716E-01  0.1401E+00  0.1401E+00
  0.2764E+00  0.1054E+00  0.1647E-01  0.1402E+00  0.1402E+00
  0.2770E+00  0.1182E+00  0.1597E-01  0.1403E+00  0.1403E+00
  0.2776E+00  0.1393E+00  0.1671E-01  0.1403E+00  0.1403E+00
  0.2782E+00  0.1304E+00  0.1676E-01  0.1404E+00  0.1404E+00
  0.2788E+00  0.1290E+00  0.1568E-01  0.1405E+00  0.1405E+00
  0.2794E+00  0.1104E+00  0.1571E-01  0.1406E+00  0.1406E+00
  0.2800E+00  0.1342E+00  0.1489E-01  0.1406E+00  0.1406E+00
  0.2806E+00  0.1202E+00  0.1465E-01  0.1407E+00  0.1407E+00
  0.2812E+00  0.1455E+00  0.1684E-01  0.1408E+00  0.1408E+00
  0.2818E+00  0.1393E+00  0.1605E-01  0.1409E+00  0.1409E+00
  0.2825E+00  0.1233E+00  0.1593E-01  0.1410E+00  0.1410E+00
  0.2831E+00  0.1411E+00  0.1581E-01  0.1411E+00  0.1411E+00
  0.2837E+00  0.1450E+00  0.1611E-01  0.1412E+00  0.1412E+00
  0.2843E+00  0.1213E+00  0.1461E-01  0.1413E+00  0.1413E+00
  0.2849E+00  0.1419E+00  0.1518E-01  0.1414E+00  0.1414E+00
  0.2855E+00  0.1323E+00  0.1460E-01  0.1415E+00  0.1415E+00
  0.2861E+00  0.1292E+00  0.1544E-01  0.1416E+00  0.1416E+00
  0.2867E+00  0.1334E+00  0.1561E-01  0.1417E+00  0.1417E+00
  0.2873E+00  0.1377E+00  0.1580E-01  0.1418E+00  0.1418E+00
  0.2879E+00  0.1539E+00  0.1518E-01  0.1419E+00  0.1419E+00
  0.2885E+00  0.1669E+00  0.1608E-01  0.1420E+00  0.1420E+00
  0.2891E+00  0.1230E+00  0.1535E-01  0.1422E+00  0.1422E+00
  0.2897E+00  0.1420E+00  0.1539E-01  0.1423E+00  0.1423E+00
  0.2904E+00  0.1268E+00  0.1517E-01  0.1424E+00  0.1424E+00
  0.2910E+00  0.1484E+00  0.1559E-01  0.1425E+00  0.1425E+00
  0.2916E+00  0.1139E+00  0.1556E-01  0.1427E+00  0.1427E+00
  0.2922E+00  0.1655E+00  0.1534E-01  0.1428E+00  0.1428E+00
  0.2928E+00  0.1316E+00  0.1533E-01  0.1430E+00  0.1430E+00
  0.2934E+00  0.1451E+00  0.1508E-01  0.1431E+00  0.1431E+00
  0.2940E+00  0.1579E+00  0.1577E-01  0.1433E+00  0.1433E+00
  0.2946E+00  0.1449E+00  0.1412E-01  0.1434E+00  0.1434E+00
  0.2952E+00  0.1630E+00  0.1541E-01  0.1436E+00  0.1436E+00
  0.2958E+00  0.1399E+00  0.1541E-01  0.1438E+00  0.1438E+00
  0.2964E+00  0.1441E+00  0.1576E-01  0.1439E+00  0.1439E+00
  0.2970E+00  0.1469E+00  0.1478E-01  0.1441E+00  0.1441E+00
  0.2976E+00  0.1325E+00  0.1517E-01  0.1443E+00  0.1443E+00
  0.2983E+00  0.1587E+00  0.1405E-01  0.1445E+00  0.1445E+00
  0.2989E+00  0.1496E+00  0.1371E-01  0.1447E+00  0.1447E+00
  0.2995E+00  0.1473E+00  0.1421E-01  0.1449E+00  0.1449E+00
  0.3001E+00  0.1422E+00  0.1459E-01  0.1452E+00  0.1452E+00
  0.3007E+00  0.1649E+00  0.1460E-01  0.1454E+00  0.1454E+00
  0.3013E+00  0.1389E+00  0.1449E-01  0.1456E+00  0.1456E+00
  0.3019E+00  0.1631E+00  0.1428E-01  0.1459E+00  0.1459E+00
  0.3025E+00  0.1400E+00  0.1502E-01  0.1461E+00  0.1461E+00
  0.3031E+00  0.1505E+00  0.1440E-01  0.1464E+00  0.1464E+00
  0.3037E+00  0.1516E+00  0.1349E-01  0.1467E+00  0.1467E+00
  0.3043E+00  0.1544E+00  0.1311E-01  0.1469E+00  0.1469E+00
  0.3049E+00  0.1435E+00  0.1441E-01  0.1472E+00  0.1472E+00
  0.3056E+00  0.1660E+00  0.1379E-01  0.1475E+00  0.1475E+00
  0.3062E+00  0.1568E+00  0.1460E-01  0.1478E+00  0.1478E+00
  0.3068E+00  0.1819E+00  0.1466E-01  0.1482E+00  0.1482E+00
  0.3074E+00  0.1422E+00  0.1467E-01  0.1485E+00  0.1485E+00
  0.3080E+00  0.1690E+00  0.1407E-01  0.1488E+00  0.1488E+00
  0.3086E+00  0.1688E+00  0.1435E-01  0.1492E+00  0.1492E+00
  0.3092E+00  0.1630E+00  0.1430E-01  0.1496E+00  0.1496E+00
  0.3098E+00  0.1756E+00  0.1433E-01  0.1499E+00  0.1499E+00
  0.3104E+00  0.1415E+00  0.1452E-01  0.1503E+00  0.1503E+00
  0.3110E+00  0.1677E+00  0.1414E-01  0.1507E+00  0.1507E+00
  0.3116E+00  0.1380E+00  0.1398E-01  0.1511E+00  0.1511E+00
  0.3122E+00  0.1423E+00  0.1500E-01  0.1515E+00  0.1515E+00
  0.3128E+00  0.1429E+00  0.1528E-01  0.1520E+00  0.1520E+00
  0.3135E+00  0.1458E+00  0.1581E-01  0.1524E+00  0.1524E+00
  0.3141E+00  0.1405E+00  0.1621E-01  0.1529E+00  0.1529E+00
  0.3147E+00  0.1645E+00  0.1605E-01  0.1533E+00  0.1533E+00
  0.3153E+00  0.1502E+00  0.1781E-01  0.1538E+00  0.1538E+00
  0.3159E+00  0.1485E+00  0.1833E-01  0.1543E+00  0.1543E+00
  0.3165E+00  0.1735E+00  0.1757E-01  0.1548E+00  0.1548E+00
  0.3171E+00  0.1263E+00  0.1709E-01  0.1553E+00  0.1553E+00
  0.3177E+00  0.2166E+00  0.1882E-01  0.1558E+00  0.1558E+00
  0.3183E+00  0.1449E+00  0.1905E-01  0.1563E+00  0.1563E+00
  0.3189E+00  0.1674E+00  0.2017E-01  0.1568E+00  0.1568E+00
  0.3195E+00  0.1518E+00  0.1905E-01  0.1573E+00  0.1573E+00
  0.3201E+00  0.1937E+00  0.2252E-01  0.1579E+00  0.1579E+00
  0.3208E+00  0.1680E+00  0.2195E-01  0.1584E+00  0.1584E+00
  0.3214E+00  0.1540E+00  0.2236E-01  0.1590E+00  0.1590E+00
  0.3220E+00  0.1188E+00  0.2279E-01  0.1595E+00  0.1595E+00
  0.3226E+00  0.1207E+00  0.2565E-01  0.1601E+00  0.1601E+00
  0.3232E+00  0.1519E+00  0.2960E-01  0.1607E+00  0.1607E+00
  0.3238E+00  0.8553E-01  0.3214E-01  0.1612E+00  0.1612E+00
  0.3244E+00  0.1745E+00  0.8715E-01  0.1618E+00  0.1618E+00
  0.3250E+00  0.1953E+00  0.6791E-01  0.1624E+00  0.1624E+00

           Distance distribution  function of particle  


       R          P(R)      ERROR

  0.0000E+00  0.0000E+00  0.0000E+00
  0.7662E+00  0.1234E-02  0.4944E-04
  0.1532E+01  0.2435E-02  0.8061E-04
  0.2299E+01  0.3612E-02  0.9463E-04
  0.3065E+01  0.4777E-02  0.9338E-04
  0.3831E+01  0.5947E-02  0.7933E-04
  0.4597E+01  0.7141E-02  0.5551E-04
  0.5363E+01  0.8382E-02  0.2625E-04
  0.6130E+01  0.9691E-02  0.1765E-04
  0.6896E+01  0.1109E-01  0.4883E-04
  0.7662E+01  0.1259E-01  0.8060E-04
  0.8428E+01  0.1422E-01  0.1075E-03
  0.9194E+01  0.1598E-01  0.1273E-03
  0.9961E+01  0.1788E-01  0.1383E-03
  0.1073E+02  0.1991E-01  0.1398E-03
  0.1149E+02  0.2206E-01  0.1317E-03
  0.1226E+02  0.2433E-01  0.1148E-03
  0.1303E+02  0.2668E-01  0.9054E-04
  0.1379E+02  0.2910E-01  0.6183E-04
  0.1456E+02  0.3155E-01  0.3604E-04
  0.1532E+02  0.3399E-01  0.3727E-04
  0.1609E+02  0.3640E-01  0.6459E-04
  0.1686E+02  0.3872E-01  0.9497E-04
  0.1762E+02  0.4094E-01  0.1215E-03
  0.1839E+02  0.4301E-01  0.1413E-03
  0.1916E+02  0.4490E-01  0.1530E-03
  0.1992E+02  0.4660E-01  0.1555E-03
  0.2069E+02  0.4808E-01  0.1490E-03
  0.2145E+02  0.4933E-01  0.1341E-03
  0.2222E+02  0.5035E-01  0.1126E-03
  0.2299E+02  0.5114E-01  0.8782E-04
  0.2375E+02  0.5171E-01  0.6637E-04
  0.2452E+02  0.5207E-01  0.6074E-04
  0.2528E+02  0.5225E-01  0.7638E-04
  0.2605E+02  0.5227E-01  0.1019E-03
  0.2682E+02  0.5214E-01  0.1276E-03
  0.2758E+02  0.5190E-01  0.1486E-03
  0.2835E+02  0.5158E-01  0.1626E-03
  0.2912E+02  0.5118E-01  0.1682E-03
  0.2988E+02  0.5074E-01  0.1650E-03
  0.3065E+02  0.5027E-01  0.1536E-03
  0.3141E+02  0.4977E-01  0.1356E-03
  0.3218E+02  0.4926E-01  0.1140E-03
  0.3295E+02  0.4873E-01  0.9426E-04
  0.3371E+02  0.4818E-01  0.8480E-04
  0.3448E+02  0.4759E-01  0.9190E-04
  0.3525E+02  0.4696E-01  0.1115E-03
  0.3601E+02  0.4627E-01  0.1350E-03
  0.3678E+02  0.4550E-01  0.1564E-03
  0.3754E+02  0.4464E-01  0.1719E-03
  0.3831E+02  0.4367E-01  0.1796E-03
  0.3908E+02  0.4258E-01  0.1786E-03
  0.3984E+02  0.4136E-01  0.1689E-03
  0.4061E+02  0.4002E-01  0.1515E-03
  0.4137E+02  0.3855E-01  0.1287E-03
  0.4214E+02  0.3697E-01  0.1046E-03
  0.4291E+02  0.3528E-01  0.8644E-04
  0.4367E+02  0.3352E-01  0.8375E-04
  0.4444E+02  0.3170E-01  0.9829E-04
  0.4521E+02  0.2985E-01  0.1214E-03
  0.4597E+02  0.2801E-01  0.1447E-03
  0.4674E+02  0.2620E-01  0.1635E-03
  0.4750E+02  0.2445E-01  0.1753E-03
  0.4827E+02  0.2280E-01  0.1789E-03
  0.4904E+02  0.2126E-01  0.1747E-03
  0.4980E+02  0.1985E-01  0.1640E-03
  0.5057E+02  0.1859E-01  0.1498E-03
  0.5134E+02  0.1747E-01  0.1371E-03
  0.5210E+02  0.1650E-01  0.1316E-03
  0.5287E+02  0.1566E-01  0.1373E-03
  0.5363E+02  0.1494E-01  0.1529E-03
  0.5440E+02  0.1431E-01  0.1732E-03
  0.5517E+02  0.1376E-01  0.1926E-03
  0.5593E+02  0.1324E-01  0.2069E-03
  0.5670E+02  0.1274E-01  0.2134E-03
  0.5746E+02  0.1222E-01  0.2106E-03
  0.5823E+02  0.1167E-01  0.1986E-03
  0.5900E+02  0.1106E-01  0.1791E-03
  0.5976E+02  0.1038E-01  0.1559E-03
  0.6053E+02  0.9634E-02  0.1362E-03
  0.6130E+02  0.8824E-02  0.1297E-03
  0.6206E+02  0.7966E-02  0.1420E-03
  0.6283E+02  0.7084E-02  0.1681E-03
  0.6359E+02  0.6209E-02  0.1983E-03
  0.6436E+02  0.5377E-02  0.2248E-03
  0.6513E+02  0.4627E-02  0.2424E-03
  0.6589E+02  0.3997E-02  0.2480E-03
  0.6666E+02  0.3522E-02  0.2405E-03
  0.6743E+02  0.3231E-02  0.2216E-03
  0.6819E+02  0.3139E-02  0.1968E-03
  0.6896E+02  0.3247E-02  0.1782E-03
  0.6972E+02  0.3539E-02  0.1827E-03
  0.7049E+02  0.3977E-02  0.2171E-03
  0.7126E+02  0.4498E-02  0.2701E-03
  0.7202E+02  0.5015E-02  0.3258E-03
  0.7279E+02  0.5415E-02  0.3699E-03
  0.7356E+02  0.5557E-02  0.3902E-03
  0.7432E+02  0.5280E-02  0.3748E-03
  0.7509E+02  0.4398E-02  0.3122E-03
  0.7585E+02  0.2710E-02  0.1909E-03
  0.7662E+02  0.0000E+00  0.0000E+00
          Reciprocal space: Rg =   24.91     , I(0) =   0.2408E+02
     Real space: Rg =   24.94 +- 0.044  I(0) =   0.2408E+02 +-  0.3948E-01
