
           ####    G N O M   ---   Version 4.5a revised 09/02/02     ####

                                                  Tue Nov  3 18:06:16 2009
           ===    Run No   1   ===
 Run title:  0.010642 0.788609 0.408510


  Number of points omitted at the beginning:          16
   *******   Working Directory :
   *******    Input file(s) :
           Condition P(rmin) = 0 is used. 
           Condition P(rmax) = 0 is used. 

          Experimental conditions for the first run
          -----------------------------------------

          Highest ALPHA is found to be   0.3027E+00

  The measure of inconsistency AN1 equals to    0.7012E+00
     Alpha    Discrp  Oscill  Stabil  Sysdev  Positv  Valcen    Total   
  0.3027E+03  3.0350  1.0894  0.8627  0.3281  1.0000  0.8814  0.38875
  0.6053E+02  2.0796  1.0692  0.5847  0.4669  1.0000  0.8884  0.44520
  0.1211E+02  0.9896  1.0328  0.2668  0.6057  1.0000  0.9053  0.55328
  0.2421E+01  0.5283  1.0276  0.0929  0.8517  1.0000  0.9243  0.83327
  0.4843E+00  0.4377  1.0664  0.0375  0.8896  1.0000  0.9403  0.91410
  0.9685E-01  0.4231  1.1243  0.0272  0.8770  1.0000  0.9501  0.92394
  0.1937E-01  0.4181  1.2468  0.0316  0.8833  1.0000  0.9549  0.92338
  0.3874E-02  0.4165  1.4064  0.0304  0.8580  1.0000  0.9550  0.89282
  0.7748E-03  0.4161  1.6230  0.0448  0.8580  1.0000  0.9510  0.81830
  0.1550E-03  0.4159  2.0395  0.0926  0.8580  0.9999  0.9442  0.64963
  0.3099E-04  0.4156  3.7639  0.1911  0.8517  0.9947  0.9164  0.51044
  0.6199E-05  0.4153  6.7436  0.3300  0.8517  0.9611  0.8419  0.45223
  0.1240E-05  0.4149 10.4299  0.8211  0.8517  0.8805  0.4824  0.38252
  0.2479E-06  0.4139 10.6584  0.6451  0.8707  0.7746  0.4016  0.36489
  0.4959E-07  0.4131 10.2522  0.3054  0.8580  0.7395  0.3849  0.35908
  0.9918E-08  0.4129  9.5003  0.3667  0.8580  0.7274  0.3930  0.35850
  0.1984E-08  0.4127  9.9037  0.5488  0.8580  0.7146  0.3807  0.35828
  0.3967E-09  0.4124 11.1723  0.3198  0.8580  0.7079  0.3619  0.35835
  0.7934E-10  0.4123 13.9851  0.5562  0.8580  0.7016  0.3768  0.00000

          ***  Golden section search to maximize estimate ***
     Alpha    Discrp  Oscill  Stabil  Sysdev  Positv  Valcen    Total   
  0.3582E-01  0.4196  1.1892  0.0330  0.8770  1.0000  0.9536  0.92165
  0.6624E-01  0.4216  1.1445  0.0299  0.8770  1.0000  0.9516  0.92306
  0.4530E-01  0.4203  1.1703  0.0322  0.8770  1.0000  0.9530  0.92204
  0.5729E-01  0.4211  1.1537  0.0309  0.8770  1.0000  0.9522  0.92264
  0.4955E-01  0.4206  1.1637  0.0318  0.8770  1.0000  0.9527  0.92225
  0.5420E-01  0.4209  1.1574  0.0313  0.8770  1.0000  0.9524  0.92249
  0.5128E-01  0.4207  1.1612  0.0316  0.8896  1.0000  0.9526  0.92632
  0.5307E-01  0.4208  1.1588  0.0314  0.8770  1.0000  0.9524  0.92243
  0.5195E-01  0.4207  1.1603  0.0315  0.8896  1.0000  0.9525  0.92636
  0.5264E-01  0.4208  1.1594  0.0314  0.8770  1.0000  0.9525  0.92241
  0.5221E-01  0.4207  1.1600  0.0315  0.8896  1.0000  0.9525  0.92637
  0.5248E-01  0.4208  1.1596  0.0315  0.8896  1.0000  0.9525  0.92638
  0.5248E-01  0.4208  1.1596  0.0315  0.8896  1.0000  0.9525  0.92638



             ####            Final results            ####

 Parameter    DISCRP    OSCILL    STABIL    SYSDEV    POSITV    VALCEN
 Weight        1.000     3.000     3.000     5.000     1.000     1.000
 Sigma         0.300     0.600     0.120     0.500     0.120     0.120
 Ideal         0.700     1.200     0.000     1.000     1.000     0.950
 Current       0.421     1.160     0.031     0.890     1.000     0.952
                - - - - - - - - - - - - - - - - - - - - - - - - - 
 Estimate      0.420     0.995     0.934     0.952     1.000     1.000

  Angular   range    :     from    0.0210   to    0.3189
  Real space range   :     from      0.00   to     66.82

  Highest ALPHA (theor) :   0.303E+03                 JOB = 0
  Current ALPHA         :   0.525E-01   Rg :  0.241E+02   I(0) :   0.621E+00

           Total  estimate : 0.926  which is  AN EXCELLENT  solution

      S          J EXP       ERROR       J REG       I REG

  0.0000E+00                                      0.6208E+00
  0.7493E-03                                      0.6208E+00
  0.1499E-02                                      0.6206E+00
  0.2248E-02                                      0.6202E+00
  0.2997E-02                                      0.6198E+00
  0.3746E-02                                      0.6192E+00
  0.4496E-02                                      0.6184E+00
  0.5245E-02                                      0.6176E+00
  0.5994E-02                                      0.6166E+00
  0.6744E-02                                      0.6154E+00
  0.7493E-02                                      0.6142E+00
  0.8242E-02                                      0.6128E+00
  0.8991E-02                                      0.6112E+00
  0.9741E-02                                      0.6096E+00
  0.1049E-01                                      0.6078E+00
  0.1124E-01                                      0.6059E+00
  0.1199E-01                                      0.6039E+00
  0.1274E-01                                      0.6017E+00
  0.1349E-01                                      0.5995E+00
  0.1424E-01                                      0.5971E+00
  0.1499E-01                                      0.5945E+00
  0.1574E-01                                      0.5919E+00
  0.1648E-01                                      0.5892E+00
  0.1723E-01                                      0.5863E+00
  0.1798E-01                                      0.5833E+00
  0.1873E-01                                      0.5802E+00
  0.1948E-01                                      0.5770E+00
  0.2023E-01                                      0.5737E+00
  0.2098E-01  0.4497E+00  0.1134E+00  0.5703E+00  0.5703E+00
  0.2159E-01  0.7299E+00  0.1149E+00  0.5675E+00  0.5675E+00
  0.2220E-01  0.5637E+00  0.1200E+00  0.5645E+00  0.5645E+00
  0.2281E-01  0.5997E+00  0.9602E-01  0.5616E+00  0.5616E+00
  0.2341E-01  0.6216E+00  0.8851E-01  0.5585E+00  0.5585E+00
  0.2402E-01  0.5888E+00  0.8962E-01  0.5554E+00  0.5554E+00
  0.2463E-01  0.5751E+00  0.7487E-01  0.5523E+00  0.5523E+00
  0.2524E-01  0.5573E+00  0.8933E-01  0.5490E+00  0.5490E+00
  0.2585E-01  0.6095E+00  0.8029E-01  0.5457E+00  0.5457E+00
  0.2645E-01  0.5334E+00  0.6060E-01  0.5424E+00  0.5424E+00
  0.2706E-01  0.6081E+00  0.7220E-01  0.5390E+00  0.5390E+00
  0.2767E-01  0.5169E+00  0.5689E-01  0.5355E+00  0.5355E+00
  0.2828E-01  0.4874E+00  0.6889E-01  0.5320E+00  0.5320E+00
  0.2889E-01  0.5106E+00  0.6252E-01  0.5284E+00  0.5284E+00
  0.2949E-01  0.4079E+00  0.5071E-01  0.5248E+00  0.5248E+00
  0.3010E-01  0.4921E+00  0.7347E-01  0.5211E+00  0.5211E+00
  0.3071E-01  0.5819E+00  0.6026E-01  0.5174E+00  0.5174E+00
  0.3132E-01  0.5199E+00  0.5836E-01  0.5137E+00  0.5137E+00
  0.3193E-01  0.3952E+00  0.5854E-01  0.5098E+00  0.5098E+00
  0.3254E-01  0.4595E+00  0.6941E-01  0.5060E+00  0.5060E+00
  0.3314E-01  0.4832E+00  0.6991E-01  0.5021E+00  0.5021E+00
  0.3375E-01  0.4546E+00  0.6976E-01  0.4981E+00  0.4981E+00
  0.3436E-01  0.4168E+00  0.6925E-01  0.4941E+00  0.4941E+00
  0.3497E-01  0.5913E+00  0.6671E-01  0.4901E+00  0.4901E+00
  0.3558E-01  0.4861E+00  0.6469E-01  0.4861E+00  0.4861E+00
  0.3618E-01  0.5961E+00  0.6574E-01  0.4819E+00  0.4819E+00
  0.3679E-01  0.5980E+00  0.6640E-01  0.4778E+00  0.4778E+00
  0.3740E-01  0.6015E+00  0.6371E-01  0.4736E+00  0.4736E+00
  0.3801E-01  0.5271E+00  0.6889E-01  0.4694E+00  0.4694E+00
  0.3862E-01  0.4055E+00  0.5810E-01  0.4652E+00  0.4652E+00
  0.3922E-01  0.4660E+00  0.6907E-01  0.4609E+00  0.4609E+00
  0.3983E-01  0.3397E+00  0.5801E-01  0.4567E+00  0.4567E+00
  0.4044E-01  0.4524E+00  0.6786E-01  0.4523E+00  0.4523E+00
  0.4105E-01  0.4192E+00  0.5829E-01  0.4480E+00  0.4480E+00
  0.4166E-01  0.4338E+00  0.5326E-01  0.4436E+00  0.4436E+00
  0.4227E-01  0.4019E+00  0.5589E-01  0.4393E+00  0.4393E+00
  0.4287E-01  0.4641E+00  0.5850E-01  0.4348E+00  0.4348E+00
  0.4348E-01  0.4515E+00  0.6167E-01  0.4304E+00  0.4304E+00
  0.4409E-01  0.5607E+00  0.5614E-01  0.4260E+00  0.4260E+00
  0.4470E-01  0.4148E+00  0.5617E-01  0.4215E+00  0.4215E+00
  0.4531E-01  0.3249E+00  0.4852E-01  0.4171E+00  0.4171E+00
  0.4591E-01  0.3131E+00  0.5948E-01  0.4126E+00  0.4126E+00
  0.4652E-01  0.3429E+00  0.4931E-01  0.4081E+00  0.4081E+00
  0.4713E-01  0.4219E+00  0.5094E-01  0.4036E+00  0.4036E+00
  0.4774E-01  0.4763E+00  0.4372E-01  0.3991E+00  0.3991E+00
  0.4835E-01  0.3746E+00  0.5585E-01  0.3945E+00  0.3945E+00
  0.4895E-01  0.4727E+00  0.3825E-01  0.3900E+00  0.3900E+00
  0.4956E-01  0.3579E+00  0.5147E-01  0.3855E+00  0.3855E+00
  0.5017E-01  0.3765E+00  0.3738E-01  0.3809E+00  0.3809E+00
  0.5078E-01  0.4694E+00  0.4630E-01  0.3764E+00  0.3764E+00
  0.5139E-01  0.3159E+00  0.4399E-01  0.3719E+00  0.3719E+00
  0.5200E-01  0.4378E+00  0.4719E-01  0.3673E+00  0.3673E+00
  0.5260E-01  0.4199E+00  0.4672E-01  0.3628E+00  0.3628E+00
  0.5321E-01  0.3207E+00  0.4147E-01  0.3583E+00  0.3583E+00
  0.5382E-01  0.2602E+00  0.5529E-01  0.3537E+00  0.3537E+00
  0.5443E-01  0.3571E+00  0.4512E-01  0.3492E+00  0.3492E+00
  0.5504E-01  0.2795E+00  0.4466E-01  0.3447E+00  0.3447E+00
  0.5564E-01  0.3445E+00  0.4809E-01  0.3402E+00  0.3402E+00
  0.5625E-01  0.3741E+00  0.4498E-01  0.3357E+00  0.3357E+00
  0.5686E-01  0.3572E+00  0.4296E-01  0.3312E+00  0.3312E+00
  0.5747E-01  0.3831E+00  0.4358E-01  0.3267E+00  0.3267E+00
  0.5808E-01  0.2885E+00  0.4539E-01  0.3223E+00  0.3223E+00
  0.5868E-01  0.3523E+00  0.4963E-01  0.3178E+00  0.3178E+00
  0.5929E-01  0.3789E+00  0.4985E-01  0.3134E+00  0.3134E+00
  0.5990E-01  0.3790E+00  0.4905E-01  0.3090E+00  0.3090E+00
  0.6051E-01  0.3428E+00  0.4176E-01  0.3046E+00  0.3046E+00
  0.6112E-01  0.2506E+00  0.4543E-01  0.3002E+00  0.3002E+00
  0.6173E-01  0.2277E+00  0.4538E-01  0.2959E+00  0.2959E+00
  0.6233E-01  0.1738E+00  0.4148E-01  0.2916E+00  0.2916E+00
  0.6294E-01  0.2265E+00  0.4443E-01  0.2872E+00  0.2872E+00
  0.6355E-01  0.2369E+00  0.4435E-01  0.2830E+00  0.2830E+00
  0.6416E-01  0.3423E+00  0.4364E-01  0.2787E+00  0.2787E+00
  0.6477E-01  0.2333E+00  0.4082E-01  0.2745E+00  0.2745E+00
  0.6537E-01  0.2506E+00  0.4582E-01  0.2703E+00  0.2703E+00
  0.6598E-01  0.3249E+00  0.4459E-01  0.2661E+00  0.2661E+00
  0.6659E-01  0.3200E+00  0.4431E-01  0.2619E+00  0.2619E+00
  0.6720E-01  0.2635E+00  0.3941E-01  0.2578E+00  0.2578E+00
  0.6781E-01  0.2820E+00  0.4444E-01  0.2537E+00  0.2537E+00
  0.6841E-01  0.2189E+00  0.3879E-01  0.2496E+00  0.2496E+00
  0.6902E-01  0.2454E+00  0.3877E-01  0.2456E+00  0.2456E+00
  0.6963E-01  0.1683E+00  0.3835E-01  0.2416E+00  0.2416E+00
  0.7024E-01  0.2971E+00  0.3655E-01  0.2376E+00  0.2376E+00
  0.7085E-01  0.1573E+00  0.3702E-01  0.2336E+00  0.2336E+00
  0.7146E-01  0.2132E+00  0.3878E-01  0.2297E+00  0.2297E+00
  0.7206E-01  0.2331E+00  0.4062E-01  0.2259E+00  0.2259E+00
  0.7267E-01  0.2750E+00  0.3151E-01  0.2220E+00  0.2220E+00
  0.7328E-01  0.1775E+00  0.3657E-01  0.2182E+00  0.2182E+00
  0.7389E-01  0.1943E+00  0.3529E-01  0.2145E+00  0.2145E+00
  0.7450E-01  0.2594E+00  0.3455E-01  0.2107E+00  0.2107E+00
  0.7510E-01  0.2271E+00  0.3925E-01  0.2070E+00  0.2070E+00
  0.7571E-01  0.2793E+00  0.3681E-01  0.2034E+00  0.2034E+00
  0.7632E-01  0.2185E+00  0.3569E-01  0.1998E+00  0.1998E+00
  0.7693E-01  0.2668E+00  0.3588E-01  0.1962E+00  0.1962E+00
  0.7754E-01  0.2056E+00  0.5809E-01  0.1927E+00  0.1927E+00
  0.7814E-01  0.1854E+00  0.1141E+00  0.1892E+00  0.1892E+00
  0.7875E-01  0.1445E+00  0.3542E-01  0.1857E+00  0.1857E+00
  0.7936E-01  0.1512E+00  0.1479E+00  0.1823E+00  0.1823E+00
  0.7997E-01  0.2271E+00  0.4759E-01  0.1789E+00  0.1789E+00
  0.8058E-01  0.1800E+00  0.3266E-01  0.1756E+00  0.1756E+00
  0.8118E-01  0.2078E+00  0.3110E-01  0.1723E+00  0.1723E+00
  0.8179E-01  0.1345E+00  0.5631E-01  0.1690E+00  0.1690E+00
  0.8240E-01  0.1744E+00  0.3488E-01  0.1658E+00  0.1658E+00
  0.8301E-01  0.8067E-01  0.3883E-01  0.1626E+00  0.1626E+00
  0.8362E-01  0.1827E+00  0.3275E-01  0.1595E+00  0.1595E+00
  0.8423E-01  0.1046E+00  0.3458E-01  0.1564E+00  0.1564E+00
  0.8483E-01  0.1572E+00  0.3253E-01  0.1534E+00  0.1534E+00
  0.8544E-01  0.1244E+00  0.3099E-01  0.1504E+00  0.1504E+00
  0.8605E-01  0.1127E+00  0.3494E-01  0.1474E+00  0.1474E+00
  0.8666E-01  0.1408E+00  0.3353E-01  0.1445E+00  0.1445E+00
  0.8727E-01  0.1040E+00  0.3304E-01  0.1416E+00  0.1416E+00
  0.8787E-01  0.1172E+00  0.3326E-01  0.1388E+00  0.1388E+00
  0.8848E-01  0.1335E+00  0.3664E-01  0.1360E+00  0.1360E+00
  0.8909E-01  0.9366E-01  0.3686E-01  0.1333E+00  0.1333E+00
  0.8970E-01  0.1204E+00  0.3648E-01  0.1306E+00  0.1306E+00
  0.9031E-01  0.4326E-01  0.3267E-01  0.1279E+00  0.1279E+00
  0.9091E-01  0.1146E+00  0.3318E-01  0.1253E+00  0.1253E+00
  0.9152E-01  0.1413E+00  0.3208E-01  0.1227E+00  0.1227E+00
  0.9213E-01  0.1220E+00  0.2931E-01  0.1202E+00  0.1202E+00
  0.9274E-01  0.1065E+00  0.3638E-01  0.1177E+00  0.1177E+00
  0.9335E-01  0.1104E+00  0.3109E-01  0.1153E+00  0.1153E+00
  0.9396E-01  0.6044E-01  0.3276E-01  0.1129E+00  0.1129E+00
  0.9456E-01  0.7412E-01  0.3009E-01  0.1105E+00  0.1105E+00
  0.9517E-01  0.1133E+00  0.3188E-01  0.1082E+00  0.1082E+00
  0.9578E-01  0.1580E+00  0.3108E-01  0.1059E+00  0.1059E+00
  0.9639E-01  0.1616E+00  0.3192E-01  0.1037E+00  0.1037E+00
  0.9700E-01  0.1484E+00  0.3102E-01  0.1015E+00  0.1015E+00
  0.9760E-01  0.1445E+00  0.3079E-01  0.9933E-01  0.9933E-01
  0.9821E-01  0.1588E+00  0.3139E-01  0.9722E-01  0.9722E-01
  0.9882E-01  0.1055E+00  0.2979E-01  0.9514E-01  0.9514E-01
  0.9943E-01  0.1502E+00  0.2900E-01  0.9311E-01  0.9311E-01
  0.1000E+00  0.9081E-01  0.2667E-01  0.9112E-01  0.9112E-01
  0.1006E+00  0.6052E-01  0.2968E-01  0.8916E-01  0.8916E-01
  0.1013E+00  0.5063E-01  0.2848E-01  0.8725E-01  0.8725E-01
  0.1019E+00  0.6497E-01  0.3283E-01  0.8537E-01  0.8537E-01
  0.1025E+00  0.7360E-01  0.2932E-01  0.8353E-01  0.8353E-01
  0.1031E+00  0.6367E-01  0.3265E-01  0.8173E-01  0.8173E-01
  0.1037E+00  0.1091E+00  0.3233E-01  0.7997E-01  0.7997E-01
  0.1043E+00  0.4170E-01  0.2886E-01  0.7824E-01  0.7824E-01
  0.1049E+00  0.4219E-01  0.2744E-01  0.7655E-01  0.7655E-01
  0.1055E+00  0.6600E-01  0.3005E-01  0.7490E-01  0.7490E-01
  0.1061E+00  0.4222E-01  0.2761E-01  0.7329E-01  0.7329E-01
  0.1067E+00  0.1148E+00  0.2687E-01  0.7170E-01  0.7170E-01
  0.1073E+00  0.9383E-01  0.3077E-01  0.7016E-01  0.7016E-01
  0.1079E+00  0.1037E+00  0.2713E-01  0.6865E-01  0.6865E-01
  0.1085E+00  0.5655E-01  0.2749E-01  0.6717E-01  0.6717E-01
  0.1092E+00  0.5390E-01  0.2731E-01  0.6573E-01  0.6573E-01
  0.1098E+00  0.1090E+00  0.2704E-01  0.6432E-01  0.6432E-01
  0.1104E+00  0.6564E-01  0.2626E-01  0.6294E-01  0.6294E-01
  0.1110E+00  0.5039E-01  0.2554E-01  0.6160E-01  0.6160E-01
  0.1116E+00  0.1023E+00  0.2565E-01  0.6029E-01  0.6029E-01
  0.1122E+00  0.3971E-01  0.2694E-01  0.5901E-01  0.5901E-01
  0.1128E+00  0.2014E-01  0.2551E-01  0.5776E-01  0.5776E-01
  0.1134E+00  0.6356E-01  0.2844E-01  0.5654E-01  0.5654E-01
  0.1140E+00  0.2421E-01  0.3296E-01  0.5536E-01  0.5536E-01
  0.1146E+00  0.5149E-01  0.2824E-01  0.5420E-01  0.5420E-01
  0.1158E+00  0.6368E-01  0.3051E-01  0.5197E-01  0.5197E-01
  0.1165E+00  0.4627E-01  0.2744E-01  0.5089E-01  0.5089E-01
  0.1171E+00  0.7512E-01  0.2478E-01  0.4985E-01  0.4985E-01
  0.1177E+00  0.8107E-01  0.2571E-01  0.4883E-01  0.4883E-01
  0.1183E+00  0.6405E-01  0.2477E-01  0.4784E-01  0.4784E-01
  0.1189E+00  0.2102E-01  0.2574E-01  0.4688E-01  0.4688E-01
  0.1195E+00  0.4679E-01  0.2589E-01  0.4594E-01  0.4594E-01
  0.1201E+00  0.3926E-01  0.2920E-01  0.4502E-01  0.4502E-01
  0.1207E+00  0.4833E-01  0.2523E-01  0.4413E-01  0.4413E-01
  0.1213E+00  0.3931E-01  0.2663E-01  0.4327E-01  0.4327E-01
  0.1219E+00  0.3812E-01  0.2491E-01  0.4243E-01  0.4243E-01
  0.1225E+00  0.2091E-01  0.3046E-01  0.4161E-01  0.4161E-01
  0.1231E+00  0.6631E-01  0.2862E-01  0.4081E-01  0.4081E-01
  0.1238E+00  0.4422E-01  0.3044E-01  0.4004E-01  0.4004E-01
  0.1244E+00  0.4088E-01  0.2726E-01  0.3929E-01  0.3929E-01
  0.1256E+00  0.5432E-01  0.2663E-01  0.3785E-01  0.3785E-01
  0.1262E+00  0.4580E-03  0.2503E-01  0.3716E-01  0.3716E-01
  0.1268E+00  0.5210E-01  0.2639E-01  0.3649E-01  0.3649E-01
  0.1280E+00  0.7126E-01  0.2753E-01  0.3521E-01  0.3521E-01
  0.1292E+00  0.3143E-01  0.2447E-01  0.3401E-01  0.3401E-01
  0.1298E+00  0.3847E-01  0.2727E-01  0.3343E-01  0.3343E-01
  0.1304E+00  0.4184E-02  0.2395E-01  0.3287E-01  0.3287E-01
  0.1323E+00  0.2561E-02  0.2655E-01  0.3130E-01  0.3130E-01
  0.1341E+00  0.2234E-01  0.2468E-01  0.2986E-01  0.2986E-01
  0.1347E+00  0.3760E-01  0.2384E-01  0.2941E-01  0.2941E-01
  0.1353E+00  0.5140E-01  0.2461E-01  0.2897E-01  0.2897E-01
  0.1359E+00  0.4357E-01  0.2470E-01  0.2855E-01  0.2855E-01
  0.1365E+00  0.2467E-01  0.2307E-01  0.2814E-01  0.2814E-01
  0.1371E+00  0.5789E-01  0.2504E-01  0.2775E-01  0.2775E-01
  0.1383E+00  0.2423E-01  0.3172E-01  0.2699E-01  0.2699E-01
  0.1390E+00  0.1714E-02  0.2449E-01  0.2663E-01  0.2663E-01
  0.1396E+00  0.3055E-01  0.2801E-01  0.2628E-01  0.2628E-01
  0.1402E+00  0.4222E-01  0.2718E-01  0.2594E-01  0.2594E-01
  0.1414E+00  0.4649E-01  0.2581E-01  0.2530E-01  0.2530E-01
  0.1420E+00  0.1796E-01  0.2626E-01  0.2499E-01  0.2499E-01
  0.1426E+00  0.5509E-01  0.2457E-01  0.2469E-01  0.2469E-01
  0.1438E+00  0.1343E-01  0.2259E-01  0.2412E-01  0.2412E-01
  0.1444E+00  0.1999E-01  0.2545E-01  0.2385E-01  0.2385E-01
  0.1450E+00  0.1766E-02  0.2606E-01  0.2359E-01  0.2359E-01
  0.1456E+00  0.1254E-01  0.2498E-01  0.2334E-01  0.2334E-01
  0.1463E+00  0.1980E-02  0.2330E-01  0.2309E-01  0.2309E-01
  0.1481E+00  0.2472E-01  0.2374E-01  0.2240E-01  0.2240E-01
  0.1487E+00  0.1161E-01  0.2328E-01  0.2218E-01  0.2218E-01
  0.1493E+00  0.9786E-02  0.2253E-01  0.2197E-01  0.2197E-01
  0.1511E+00  0.4216E-01  0.2399E-01  0.2138E-01  0.2138E-01
  0.1517E+00  0.4251E-01  0.2208E-01  0.2119E-01  0.2119E-01
  0.1523E+00  0.3334E-02  0.2526E-01  0.2101E-01  0.2101E-01
  0.1542E+00  0.1721E-01  0.2141E-01  0.2051E-01  0.2051E-01
  0.1548E+00  0.5341E-02  0.2080E-01  0.2035E-01  0.2035E-01
  0.1554E+00  0.1755E-01  0.2301E-01  0.2019E-01  0.2019E-01
  0.1566E+00  0.1860E-01  0.2343E-01  0.1989E-01  0.1989E-01
  0.1578E+00  0.3509E-02  0.2355E-01  0.1961E-01  0.1961E-01
  0.1584E+00  0.2015E-01  0.2059E-01  0.1948E-01  0.1948E-01
  0.1590E+00  0.3560E-01  0.2221E-01  0.1935E-01  0.1935E-01
  0.1596E+00  0.4365E-01  0.2170E-01  0.1922E-01  0.1922E-01
  0.1602E+00  0.2935E-01  0.2251E-01  0.1910E-01  0.1910E-01
  0.1608E+00  0.9806E-02  0.2252E-01  0.1898E-01  0.1898E-01
  0.1615E+00  0.8930E-03  0.2091E-01  0.1886E-01  0.1886E-01
  0.1621E+00  0.1657E-02  0.2109E-01  0.1875E-01  0.1875E-01
  0.1633E+00  0.2460E-02  0.2224E-01  0.1853E-01  0.1853E-01
  0.1651E+00  0.2238E-01  0.2248E-01  0.1822E-01  0.1822E-01
  0.1663E+00  0.3189E-01  0.2215E-01  0.1802E-01  0.1802E-01
  0.1669E+00  0.1680E-01  0.2217E-01  0.1793E-01  0.1793E-01
  0.1675E+00  0.5123E-02  0.1912E-01  0.1784E-01  0.1784E-01
  0.1681E+00  0.3863E-01  0.2137E-01  0.1775E-01  0.1775E-01
  0.1688E+00  0.3389E-02  0.2112E-01  0.1766E-01  0.1766E-01
  0.1694E+00  0.3584E-01  0.2052E-01  0.1757E-01  0.1757E-01
  0.1700E+00  0.1831E-01  0.2113E-01  0.1749E-01  0.1749E-01
  0.1706E+00  0.3557E-01  0.2137E-01  0.1741E-01  0.1741E-01
  0.1718E+00  0.1798E-01  0.2085E-01  0.1725E-01  0.1725E-01
  0.1730E+00  0.2021E-01  0.2040E-01  0.1710E-01  0.1710E-01
  0.1736E+00  0.2984E-02  0.2206E-01  0.1702E-01  0.1702E-01
  0.1742E+00  0.4321E-01  0.2172E-01  0.1695E-01  0.1695E-01
  0.1748E+00  0.1096E-01  0.2018E-01  0.1688E-01  0.1688E-01
  0.1754E+00  0.1374E-01  0.2178E-01  0.1681E-01  0.1681E-01
  0.1760E+00  0.1315E-01  0.2216E-01  0.1674E-01  0.1674E-01
  0.1767E+00  0.4191E-02  0.2032E-01  0.1667E-01  0.1667E-01
  0.1779E+00  0.1069E-01  0.2183E-01  0.1654E-01  0.1654E-01
  0.1785E+00  0.3608E-02  0.2241E-01  0.1648E-01  0.1648E-01
  0.1791E+00  0.8411E-02  0.2132E-01  0.1642E-01  0.1642E-01
  0.1797E+00  0.2627E-01  0.2228E-01  0.1636E-01  0.1636E-01
  0.1803E+00  0.2597E-01  0.2197E-01  0.1630E-01  0.1630E-01
  0.1815E+00  0.1475E-02  0.1845E-01  0.1618E-01  0.1618E-01
  0.1833E+00  0.3390E-01  0.2329E-01  0.1601E-01  0.1601E-01
  0.1840E+00  0.5315E-01  0.2140E-01  0.1595E-01  0.1595E-01
  0.1846E+00  0.3150E-01  0.2114E-01  0.1590E-01  0.1590E-01
  0.1852E+00  0.2509E-01  0.2094E-01  0.1585E-01  0.1585E-01
  0.1858E+00  0.2554E-01  0.2046E-01  0.1580E-01  0.1580E-01
  0.1864E+00  0.1732E-01  0.2060E-01  0.1574E-01  0.1574E-01
  0.1870E+00  0.1119E-02  0.2043E-01  0.1569E-01  0.1569E-01
  0.1888E+00  0.5586E-02  0.2062E-01  0.1555E-01  0.1555E-01
  0.1906E+00  0.5717E-02  0.1989E-01  0.1541E-01  0.1541E-01
  0.1925E+00  0.1691E-01  0.2185E-01  0.1527E-01  0.1527E-01
  0.1931E+00  0.1855E-01  0.2079E-01  0.1523E-01  0.1523E-01
  0.1961E+00  0.1367E-01  0.1874E-01  0.1501E-01  0.1501E-01
  0.1967E+00  0.1353E-02  0.1980E-01  0.1497E-01  0.1497E-01
  0.1979E+00  0.2351E-01  0.1937E-01  0.1489E-01  0.1489E-01
  0.1992E+00  0.1098E-01  0.2046E-01  0.1481E-01  0.1481E-01
  0.1998E+00  0.1834E-01  0.2150E-01  0.1477E-01  0.1477E-01
  0.2022E+00  0.4618E-02  0.2002E-01  0.1462E-01  0.1462E-01
  0.2046E+00  0.2377E-01  0.2036E-01  0.1448E-01  0.1448E-01
  0.2071E+00  0.7571E-02  0.1921E-01  0.1433E-01  0.1433E-01
  0.2077E+00  0.2636E-01  0.1849E-01  0.1430E-01  0.1430E-01
  0.2089E+00  0.1133E-01  0.1813E-01  0.1423E-01  0.1423E-01
  0.2101E+00  0.1348E-01  0.1897E-01  0.1416E-01  0.1416E-01
  0.2113E+00  0.4370E-02  0.1908E-01  0.1409E-01  0.1409E-01
  0.2131E+00  0.3447E-01  0.1955E-01  0.1399E-01  0.1399E-01
  0.2144E+00  0.3038E-01  0.1830E-01  0.1392E-01  0.1392E-01
  0.2150E+00  0.1379E-02  0.1988E-01  0.1389E-01  0.1389E-01
  0.2162E+00  0.1771E-01  0.1796E-01  0.1382E-01  0.1382E-01
  0.2180E+00  0.1875E-01  0.1932E-01  0.1372E-01  0.1372E-01
  0.2210E+00  0.2512E-01  0.1863E-01  0.1355E-01  0.1355E-01
  0.2217E+00  0.2061E-01  0.1983E-01  0.1351E-01  0.1351E-01
  0.2223E+00  0.1258E-01  0.1916E-01  0.1348E-01  0.1348E-01
  0.2235E+00  0.1394E-01  0.1716E-01  0.1341E-01  0.1341E-01
  0.2277E+00  0.8400E-03  0.1933E-01  0.1317E-01  0.1317E-01
  0.2283E+00  0.1059E-01  0.1823E-01  0.1313E-01  0.1313E-01
  0.2289E+00  0.3358E-01  0.1895E-01  0.1310E-01  0.1310E-01
  0.2296E+00  0.3739E-02  0.1876E-01  0.1306E-01  0.1306E-01
  0.2302E+00  0.2802E-01  0.1895E-01  0.1303E-01  0.1303E-01
  0.2314E+00  0.1911E-01  0.1793E-01  0.1296E-01  0.1296E-01
  0.2320E+00  0.6899E-02  0.1744E-01  0.1292E-01  0.1292E-01
  0.2332E+00  0.1434E-01  0.1865E-01  0.1285E-01  0.1285E-01
  0.2338E+00  0.2093E-01  0.1785E-01  0.1282E-01  0.1282E-01
  0.2344E+00  0.1735E-01  0.1878E-01  0.1278E-01  0.1278E-01
  0.2350E+00  0.2916E-01  0.1762E-01  0.1274E-01  0.1274E-01
  0.2356E+00  0.2020E-01  0.1813E-01  0.1271E-01  0.1271E-01
  0.2369E+00  0.5010E-02  0.2676E-01  0.1264E-01  0.1264E-01
  0.2417E+00  0.1130E-02  0.1674E-01  0.1235E-01  0.1235E-01
  0.2423E+00  0.3693E-02  0.1787E-01  0.1232E-01  0.1232E-01
  0.2429E+00  0.1223E-01  0.1620E-01  0.1228E-01  0.1228E-01
  0.2460E+00  0.2390E-01  0.1782E-01  0.1211E-01  0.1211E-01
  0.2472E+00  0.6025E-01  0.1853E-01  0.1205E-01  0.1205E-01
  0.2478E+00  0.3447E-02  0.1671E-01  0.1201E-01  0.1201E-01
  0.2484E+00  0.1008E-01  0.1715E-01  0.1198E-01  0.1198E-01
  0.2490E+00  0.1672E-02  0.1695E-01  0.1195E-01  0.1195E-01
  0.2496E+00  0.4507E-02  0.1779E-01  0.1191E-01  0.1191E-01
  0.2502E+00  0.1753E-02  0.1693E-01  0.1188E-01  0.1188E-01
  0.2508E+00  0.8728E-02  0.1714E-01  0.1185E-01  0.1185E-01
  0.2660E+00  0.2918E-02  0.1681E-01  0.1122E-01  0.1122E-01
  0.2679E+00  0.5278E-02  0.1626E-01  0.1117E-01  0.1117E-01
  0.2691E+00  0.1553E-02  0.1495E-01  0.1115E-01  0.1115E-01
  0.2745E+00  0.1715E-01  0.2788E-01  0.1105E-01  0.1105E-01
  0.2764E+00  0.1037E-01  0.1591E-01  0.1104E-01  0.1104E-01
  0.2770E+00  0.1041E-01  0.1597E-01  0.1103E-01  0.1103E-01
  0.2776E+00  0.1066E-01  0.1633E-01  0.1103E-01  0.1103E-01
  0.2782E+00  0.2344E-01  0.1596E-01  0.1102E-01  0.1102E-01
  0.2879E+00  0.1568E-01  0.1512E-01  0.1106E-01  0.1106E-01
  0.2916E+00  0.9854E-02  0.1954E-01  0.1111E-01  0.1111E-01
  0.2922E+00  0.2063E-01  0.1509E-01  0.1112E-01  0.1112E-01
  0.2934E+00  0.7999E-02  0.1465E-01  0.1114E-01  0.1114E-01
  0.2952E+00  0.1182E-01  0.1495E-01  0.1117E-01  0.1117E-01
  0.2958E+00  0.6283E-02  0.1502E-01  0.1118E-01  0.1118E-01
  0.2976E+00  0.1094E-02  0.1490E-01  0.1121E-01  0.1121E-01
  0.3025E+00  0.2841E-01  0.1432E-01  0.1129E-01  0.1129E-01
  0.3043E+00  0.5570E-03  0.1525E-01  0.1132E-01  0.1132E-01
  0.3098E+00  0.7510E-02  0.1487E-01  0.1139E-01  0.1139E-01
  0.3128E+00  0.3266E-01  0.1470E-01  0.1141E-01  0.1141E-01
  0.3141E+00  0.1542E-01  0.1593E-01  0.1141E-01  0.1141E-01
  0.3159E+00  0.1149E-02  0.1721E-01  0.1141E-01  0.1141E-01
  0.3171E+00  0.9572E-02  0.1856E-01  0.1141E-01  0.1141E-01
  0.3183E+00  0.1344E-01  0.1837E-01  0.1140E-01  0.1140E-01
  0.3189E+00  0.1226E-01  0.1990E-01  0.1140E-01  0.1140E-01

           Distance distribution  function of particle  


       R          P(R)      ERROR

  0.0000E+00  0.0000E+00  0.0000E+00
  0.6682E+00  0.5930E-04  0.1756E-04
  0.1336E+01  0.1121E-03  0.3055E-04
  0.2005E+01  0.1587E-03  0.3918E-04
  0.2673E+01  0.1995E-03  0.4375E-04
  0.3341E+01  0.2349E-03  0.4472E-04
  0.4009E+01  0.2656E-03  0.4265E-04
  0.4677E+01  0.2925E-03  0.3828E-04
  0.5346E+01  0.3162E-03  0.3262E-04
  0.6014E+01  0.3376E-03  0.2715E-04
  0.6682E+01  0.3577E-03  0.2415E-04
  0.7350E+01  0.3773E-03  0.2560E-04
  0.8018E+01  0.3973E-03  0.3099E-04
  0.8687E+01  0.4184E-03  0.3816E-04
  0.9355E+01  0.4414E-03  0.4550E-04
  0.1002E+02  0.4668E-03  0.5204E-04
  0.1069E+02  0.4952E-03  0.5725E-04
  0.1136E+02  0.5268E-03  0.6086E-04
  0.1203E+02  0.5618E-03  0.6276E-04
  0.1270E+02  0.6003E-03  0.6303E-04
  0.1336E+02  0.6421E-03  0.6190E-04
  0.1403E+02  0.6871E-03  0.5977E-04
  0.1470E+02  0.7348E-03  0.5717E-04
  0.1537E+02  0.7848E-03  0.5480E-04
  0.1604E+02  0.8365E-03  0.5333E-04
  0.1670E+02  0.8891E-03  0.5331E-04
  0.1737E+02  0.9421E-03  0.5495E-04
  0.1804E+02  0.9946E-03  0.5799E-04
  0.1871E+02  0.1046E-02  0.6192E-04
  0.1938E+02  0.1095E-02  0.6610E-04
  0.2005E+02  0.1142E-02  0.6999E-04
  0.2071E+02  0.1186E-02  0.7315E-04
  0.2138E+02  0.1226E-02  0.7532E-04
  0.2205E+02  0.1262E-02  0.7637E-04
  0.2272E+02  0.1294E-02  0.7634E-04
  0.2339E+02  0.1320E-02  0.7541E-04
  0.2406E+02  0.1342E-02  0.7388E-04
  0.2472E+02  0.1360E-02  0.7218E-04
  0.2539E+02  0.1373E-02  0.7082E-04
  0.2606E+02  0.1381E-02  0.7027E-04
  0.2673E+02  0.1385E-02  0.7086E-04
  0.2740E+02  0.1386E-02  0.7271E-04
  0.2806E+02  0.1383E-02  0.7567E-04
  0.2873E+02  0.1378E-02  0.7937E-04
  0.2940E+02  0.1370E-02  0.8335E-04
  0.3007E+02  0.1361E-02  0.8717E-04
  0.3074E+02  0.1349E-02  0.9043E-04
  0.3141E+02  0.1337E-02  0.9284E-04
  0.3207E+02  0.1324E-02  0.9423E-04
  0.3274E+02  0.1311E-02  0.9454E-04
  0.3341E+02  0.1297E-02  0.9384E-04
  0.3408E+02  0.1283E-02  0.9232E-04
  0.3475E+02  0.1268E-02  0.9025E-04
  0.3541E+02  0.1254E-02  0.8801E-04
  0.3608E+02  0.1238E-02  0.8600E-04
  0.3675E+02  0.1223E-02  0.8462E-04
  0.3742E+02  0.1206E-02  0.8416E-04
  0.3809E+02  0.1188E-02  0.8476E-04
  0.3876E+02  0.1169E-02  0.8637E-04
  0.3942E+02  0.1148E-02  0.8877E-04
  0.4009E+02  0.1125E-02  0.9163E-04
  0.4076E+02  0.1100E-02  0.9458E-04
  0.4143E+02  0.1072E-02  0.9732E-04
  0.4210E+02  0.1042E-02  0.9959E-04
  0.4276E+02  0.1009E-02  0.1012E-03
  0.4343E+02  0.9733E-03  0.1022E-03
  0.4410E+02  0.9351E-03  0.1026E-03
  0.4477E+02  0.8946E-03  0.1025E-03
  0.4544E+02  0.8520E-03  0.1021E-03
  0.4611E+02  0.8077E-03  0.1017E-03
  0.4677E+02  0.7622E-03  0.1015E-03
  0.4744E+02  0.7159E-03  0.1016E-03
  0.4811E+02  0.6695E-03  0.1023E-03
  0.4878E+02  0.6234E-03  0.1034E-03
  0.4945E+02  0.5783E-03  0.1050E-03
  0.5011E+02  0.5348E-03  0.1069E-03
  0.5078E+02  0.4934E-03  0.1088E-03
  0.5145E+02  0.4545E-03  0.1106E-03
  0.5212E+02  0.4187E-03  0.1120E-03
  0.5279E+02  0.3862E-03  0.1131E-03
  0.5346E+02  0.3573E-03  0.1136E-03
  0.5412E+02  0.3321E-03  0.1136E-03
  0.5479E+02  0.3105E-03  0.1131E-03
  0.5546E+02  0.2926E-03  0.1125E-03
  0.5613E+02  0.2780E-03  0.1117E-03
  0.5680E+02  0.2663E-03  0.1109E-03
  0.5747E+02  0.2571E-03  0.1104E-03
  0.5813E+02  0.2499E-03  0.1102E-03
  0.5880E+02  0.2439E-03  0.1103E-03
  0.5947E+02  0.2384E-03  0.1104E-03
  0.6014E+02  0.2326E-03  0.1104E-03
  0.6081E+02  0.2258E-03  0.1098E-03
  0.6147E+02  0.2171E-03  0.1081E-03
  0.6214E+02  0.2058E-03  0.1050E-03
  0.6281E+02  0.1910E-03  0.9993E-04
  0.6348E+02  0.1722E-03  0.9229E-04
  0.6415E+02  0.1487E-03  0.8165E-04
  0.6482E+02  0.1201E-03  0.6752E-04
  0.6548E+02  0.8587E-04  0.4946E-04
  0.6615E+02  0.4589E-04  0.2708E-04
  0.6682E+02  0.0000E+00  0.0000E+00
          Reciprocal space: Rg =   24.05     , I(0) =   0.6209E+00
     Real space: Rg =   24.04 +- 0.483  I(0) =   0.6208E+00 +-  0.1443E-01
