
           ####    G N O M   ---   Version 4.5a revised 09/02/02     ####

                                                  Tue Nov  3 18:06:10 2009
           ===    Run No   1   ===
 Run title:  0.011858 0.036517 0.327675


  Number of points omitted at the beginning:          29
   *******   Working Directory :
   *******    Input file(s) :
           Condition P(rmin) = 0 is used. 
           Condition P(rmax) = 0 is used. 

          Experimental conditions for the first run
          -----------------------------------------

          Highest ALPHA is found to be   0.9030E-01

  The measure of inconsistency AN1 equals to    0.7743E+00
     Alpha    Discrp  Oscill  Stabil  Sysdev  Positv  Valcen    Total   
  0.9030E+02  1.8523  1.1828  0.8759  0.1429  1.0000  0.8563  0.34325
  0.1806E+02  1.3321  1.1786  0.6024  0.5102  1.0000  0.8575  0.46251
  0.3612E+01  0.7295  1.1688  0.2560  0.7959  1.0000  0.8620  0.70219
  0.7224E+00  0.5118  1.1955  0.1208  0.9592  1.0000  0.8715  0.81532
  0.1445E+00  0.4498  1.3166  0.0604  0.9490  1.0000  0.8783  0.88324
  0.2889E-01  0.4370  1.4469  0.0348  0.9490  1.0000  0.8737  0.88352
  0.5779E-02  0.4354  1.5174  0.0186  0.9694  1.0000  0.8678  0.87722
  0.1156E-02  0.4350  1.6559  0.0591  0.9592  1.0000  0.8652  0.79314
  0.2312E-03  0.4343  2.6432  0.1357  0.9592  1.0000  0.8541  0.55924
  0.4623E-04  0.4333  5.3423  0.3805  0.9592  0.9951  0.7931  0.47380
  0.9246E-05  0.4311  9.1147  0.7567  0.9490  0.9193  0.5174  0.43089
  0.1849E-05  0.4275  9.3881  0.4918  0.9490  0.8013  0.4360  0.38934
  0.3699E-06  0.4257  8.8273  0.3639  0.9490  0.7598  0.4235  0.38572
  0.7397E-07  0.4245  8.9357  0.5830  0.9592  0.7323  0.4111  0.38836
  0.1479E-07  0.4224 10.0029  0.4268  0.9490  0.7169  0.3801  0.38406
  0.2959E-08  0.4213 11.2505  0.2771  0.9694  0.7139  0.3682  0.38855
  0.5918E-09  0.4207 13.9237  0.8438  0.9694  0.7129  0.3732  0.00000

          ***  Golden section search to maximize estimate ***
     Alpha    Discrp  Oscill  Stabil  Sysdev  Positv  Valcen    Total   
  0.7813E-01  0.4420  1.3712  0.0496  0.9490  1.0000  0.8777  0.88684
  0.9881E-01  0.4444  1.3507  0.0531  0.9490  1.0000  0.8782  0.88671
  0.6757E-01  0.4409  1.3836  0.0475  0.9490  1.0000  0.8773  0.88653
  0.8546E-01  0.4429  1.3635  0.0509  0.9490  1.0000  0.8779  0.88691
  0.9033E-01  0.4434  1.3586  0.0517  0.9490  1.0000  0.8780  0.88688
  0.8258E-01  0.4426  1.3664  0.0504  0.9490  1.0000  0.8778  0.88690
  0.8729E-01  0.4431  1.3616  0.0512  0.9490  1.0000  0.8780  0.88691
  0.8435E-01  0.4428  1.3646  0.0507  0.9490  1.0000  0.8779  0.88691
  0.8615E-01  0.4430  1.3628  0.0510  0.9490  1.0000  0.8779  0.88691
  0.8503E-01  0.4428  1.3639  0.0508  0.9490  1.0000  0.8779  0.88691
  0.8572E-01  0.4429  1.3632  0.0509  0.9490  1.0000  0.8779  0.88691
  0.8589E-01  0.4429  1.3630  0.0510  0.9490  1.0000  0.8779  0.88691
  0.8572E-01  0.4429  1.3632  0.0509  0.9490  1.0000  0.8779  0.88691



             ####            Final results            ####

 Parameter    DISCRP    OSCILL    STABIL    SYSDEV    POSITV    VALCEN
 Weight        1.000     3.000     3.000     5.000     1.000     1.000
 Sigma         0.300     0.600     0.120     0.500     0.120     0.120
 Ideal         0.700     1.200     0.000     1.000     1.000     0.950
 Current       0.443     1.363     0.051     0.949     1.000     0.878
                - - - - - - - - - - - - - - - - - - - - - - - - - 
 Estimate      0.480     0.929     0.835     0.990     1.000     0.697

  Angular   range    :     from    0.0307   to    0.3244
  Real space range   :     from      0.00   to     64.28

  Highest ALPHA (theor) :   0.903E+02                 JOB = 0
  Current ALPHA         :   0.857E-01   Rg :  0.242E+02   I(0) :   0.326E+00

           Total  estimate : 0.887  which is    A GOOD      solution

      S          J EXP       ERROR       J REG       I REG

  0.0000E+00                                      0.3260E+00
  0.1097E-02                                      0.3259E+00
  0.2194E-02                                      0.3256E+00
  0.3290E-02                                      0.3253E+00
  0.4387E-02                                      0.3247E+00
  0.5484E-02                                      0.3240E+00
  0.6581E-02                                      0.3232E+00
  0.7678E-02                                      0.3222E+00
  0.8774E-02                                      0.3211E+00
  0.9871E-02                                      0.3198E+00
  0.1097E-01                                      0.3184E+00
  0.1206E-01                                      0.3168E+00
  0.1316E-01                                      0.3151E+00
  0.1426E-01                                      0.3132E+00
  0.1536E-01                                      0.3113E+00
  0.1645E-01                                      0.3091E+00
  0.1755E-01                                      0.3069E+00
  0.1865E-01                                      0.3045E+00
  0.1974E-01                                      0.3020E+00
  0.2084E-01                                      0.2994E+00
  0.2194E-01                                      0.2967E+00
  0.2303E-01                                      0.2938E+00
  0.2413E-01                                      0.2909E+00
  0.2523E-01                                      0.2878E+00
  0.2632E-01                                      0.2847E+00
  0.2742E-01                                      0.2814E+00
  0.2852E-01                                      0.2780E+00
  0.2961E-01                                      0.2746E+00
  0.3071E-01  0.3664E+00  0.5835E-01  0.2711E+00  0.2711E+00
  0.3132E-01  0.3139E+00  0.7200E-01  0.2691E+00  0.2691E+00
  0.3193E-01  0.2301E+00  0.5862E-01  0.2671E+00  0.2671E+00
  0.3254E-01  0.2863E+00  0.6113E-01  0.2650E+00  0.2650E+00
  0.3314E-01  0.1971E+00  0.6762E-01  0.2630E+00  0.2630E+00
  0.3375E-01  0.2282E+00  0.5899E-01  0.2609E+00  0.2609E+00
  0.3436E-01  0.2347E+00  0.6081E-01  0.2588E+00  0.2588E+00
  0.3497E-01  0.2446E+00  0.6557E-01  0.2567E+00  0.2567E+00
  0.3558E-01  0.2253E+00  0.7708E-01  0.2546E+00  0.2546E+00
  0.3618E-01  0.3164E+00  0.5767E-01  0.2524E+00  0.2524E+00
  0.3679E-01  0.2586E+00  0.6533E-01  0.2502E+00  0.2502E+00
  0.3740E-01  0.2446E+00  0.6004E-01  0.2480E+00  0.2480E+00
  0.3801E-01  0.3403E+00  0.6475E-01  0.2458E+00  0.2458E+00
  0.3862E-01  0.1315E+00  0.5589E-01  0.2436E+00  0.2436E+00
  0.3922E-01  0.2301E+00  0.6005E-01  0.2414E+00  0.2414E+00
  0.3983E-01  0.2562E+00  0.6094E-01  0.2391E+00  0.2391E+00
  0.4044E-01  0.2303E+00  0.5925E-01  0.2369E+00  0.2369E+00
  0.4105E-01  0.2598E+00  0.5999E-01  0.2346E+00  0.2346E+00
  0.4166E-01  0.2739E+00  0.6318E-01  0.2323E+00  0.2323E+00
  0.4227E-01  0.3066E+00  0.5529E-01  0.2300E+00  0.2300E+00
  0.4287E-01  0.2347E+00  0.6910E-01  0.2277E+00  0.2277E+00
  0.4348E-01  0.1812E+00  0.5501E-01  0.2254E+00  0.2254E+00
  0.4409E-01  0.2744E+00  0.4877E-01  0.2231E+00  0.2231E+00
  0.4470E-01  0.2463E+00  0.5091E-01  0.2208E+00  0.2208E+00
  0.4531E-01  0.2579E+00  0.4513E-01  0.2185E+00  0.2185E+00
  0.4591E-01  0.1524E+00  0.5470E-01  0.2161E+00  0.2161E+00
  0.4652E-01  0.2692E+00  0.4844E-01  0.2138E+00  0.2138E+00
  0.4713E-01  0.2639E+00  0.4991E-01  0.2114E+00  0.2114E+00
  0.4774E-01  0.2288E+00  0.4134E-01  0.2091E+00  0.2091E+00
  0.4835E-01  0.2374E+00  0.5312E-01  0.2068E+00  0.2068E+00
  0.4895E-01  0.2198E+00  0.4410E-01  0.2044E+00  0.2044E+00
  0.4956E-01  0.1666E+00  0.5502E-01  0.2021E+00  0.2021E+00
  0.5017E-01  0.1481E+00  0.4569E-01  0.1997E+00  0.1997E+00
  0.5078E-01  0.1200E+00  0.4845E-01  0.1974E+00  0.1974E+00
  0.5139E-01  0.1924E+00  0.5095E-01  0.1950E+00  0.1950E+00
  0.5200E-01  0.1493E+00  0.4896E-01  0.1927E+00  0.1927E+00
  0.5260E-01  0.2387E+00  0.4733E-01  0.1904E+00  0.1904E+00
  0.5321E-01  0.1871E+00  0.4164E-01  0.1880E+00  0.1880E+00
  0.5382E-01  0.1116E+00  0.4665E-01  0.1857E+00  0.1857E+00
  0.5443E-01  0.1997E+00  0.4231E-01  0.1834E+00  0.1834E+00
  0.5504E-01  0.1331E+00  0.6790E-01  0.1811E+00  0.1811E+00
  0.5564E-01  0.1498E+00  0.4281E-01  0.1788E+00  0.1788E+00
  0.5625E-01  0.2225E+00  0.4518E-01  0.1765E+00  0.1765E+00
  0.5686E-01  0.2083E+00  0.3805E-01  0.1742E+00  0.1742E+00
  0.5747E-01  0.1787E+00  0.4198E-01  0.1719E+00  0.1719E+00
  0.5808E-01  0.1813E+00  0.4590E-01  0.1696E+00  0.1696E+00
  0.5868E-01  0.2445E+00  0.4838E-01  0.1674E+00  0.1674E+00
  0.5929E-01  0.1747E+00  0.4358E-01  0.1651E+00  0.1651E+00
  0.5990E-01  0.2122E+00  0.4470E-01  0.1629E+00  0.1629E+00
  0.6051E-01  0.1202E+00  0.4375E-01  0.1606E+00  0.1606E+00
  0.6112E-01  0.1782E+00  0.4024E-01  0.1584E+00  0.1584E+00
  0.6173E-01  0.5424E-01  0.4317E-01  0.1562E+00  0.1562E+00
  0.6233E-01  0.1632E+00  0.4453E-01  0.1540E+00  0.1540E+00
  0.6294E-01  0.1078E+00  0.4628E-01  0.1519E+00  0.1519E+00
  0.6355E-01  0.1648E+00  0.4249E-01  0.1497E+00  0.1497E+00
  0.6416E-01  0.9022E-01  0.4892E-01  0.1476E+00  0.1476E+00
  0.6477E-01  0.1365E+00  0.4160E-01  0.1454E+00  0.1454E+00
  0.6537E-01  0.1811E+00  0.4492E-01  0.1433E+00  0.1433E+00
  0.6598E-01  0.2224E+00  0.4519E-01  0.1412E+00  0.1412E+00
  0.6659E-01  0.1699E+00  0.4153E-01  0.1391E+00  0.1391E+00
  0.6720E-01  0.1698E+00  0.4020E-01  0.1371E+00  0.1371E+00
  0.6781E-01  0.1592E+00  0.4508E-01  0.1350E+00  0.1350E+00
  0.6841E-01  0.1832E+00  0.4068E-01  0.1330E+00  0.1330E+00
  0.6902E-01  0.2088E+00  0.3984E-01  0.1310E+00  0.1310E+00
  0.6963E-01  0.1436E+00  0.3844E-01  0.1290E+00  0.1290E+00
  0.7024E-01  0.2153E+00  0.4064E-01  0.1270E+00  0.1270E+00
  0.7085E-01  0.2523E-01  0.3834E-01  0.1251E+00  0.1251E+00
  0.7146E-01  0.1496E+00  0.4274E-01  0.1232E+00  0.1232E+00
  0.7206E-01  0.7352E-01  0.3596E-01  0.1213E+00  0.1213E+00
  0.7267E-01  0.1081E+00  0.3792E-01  0.1194E+00  0.1194E+00
  0.7328E-01  0.7927E-01  0.3547E-01  0.1175E+00  0.1175E+00
  0.7389E-01  0.9337E-01  0.3251E-01  0.1157E+00  0.1157E+00
  0.7450E-01  0.1224E+00  0.3532E-01  0.1139E+00  0.1139E+00
  0.7510E-01  0.9432E-01  0.3163E-01  0.1121E+00  0.1121E+00
  0.7571E-01  0.6760E-01  0.3818E-01  0.1103E+00  0.1103E+00
  0.7632E-01  0.7114E-01  0.3057E-01  0.1085E+00  0.1085E+00
  0.7693E-01  0.1494E-01  0.6173E-01  0.1068E+00  0.1068E+00
  0.7754E-01  0.1391E+00  0.3078E-01  0.1051E+00  0.1051E+00
  0.7814E-01  0.9549E-01  0.9634E-01  0.1034E+00  0.1034E+00
  0.7875E-01  0.1763E+00  0.3026E-01  0.1018E+00  0.1018E+00
  0.7936E-01  0.1432E+00  0.4174E-01  0.1001E+00  0.1001E+00
  0.7997E-01  0.9227E-01  0.3424E-01  0.9850E-01  0.9850E-01
  0.8058E-01  0.1137E+00  0.3489E-01  0.9691E-01  0.9691E-01
  0.8118E-01  0.8504E-01  0.3603E-01  0.9534E-01  0.9534E-01
  0.8179E-01  0.6686E-01  0.3382E-01  0.9380E-01  0.9380E-01
  0.8240E-01  0.1145E+00  0.3140E-01  0.9228E-01  0.9228E-01
  0.8301E-01  0.8285E-01  0.3127E-01  0.9079E-01  0.9079E-01
  0.8362E-01  0.1024E+00  0.3510E-01  0.8932E-01  0.8932E-01
  0.8423E-01  0.1343E+00  0.3335E-01  0.8787E-01  0.8787E-01
  0.8483E-01  0.2503E-01  0.3105E-01  0.8645E-01  0.8645E-01
  0.8544E-01  0.5501E-01  0.3246E-01  0.8505E-01  0.8505E-01
  0.8605E-01  0.1240E-01  0.3138E-01  0.8368E-01  0.8368E-01
  0.8666E-01  0.5612E-01  0.3136E-01  0.8232E-01  0.8232E-01
  0.8787E-01  0.5368E-01  0.3256E-01  0.7970E-01  0.7970E-01
  0.8848E-01  0.5087E-01  0.3108E-01  0.7842E-01  0.7842E-01
  0.8909E-01  0.5280E-01  0.3107E-01  0.7716E-01  0.7716E-01
  0.8970E-01  0.9381E-01  0.3264E-01  0.7593E-01  0.7593E-01
  0.9031E-01  0.1212E+00  0.3332E-01  0.7473E-01  0.7473E-01
  0.9091E-01  0.4156E-01  0.3328E-01  0.7355E-01  0.7355E-01
  0.9152E-01  0.1145E+00  0.3511E-01  0.7239E-01  0.7239E-01
  0.9213E-01  0.1076E+00  0.3199E-01  0.7125E-01  0.7125E-01
  0.9274E-01  0.2974E-01  0.3518E-01  0.7014E-01  0.7014E-01
  0.9335E-01  0.4505E-01  0.3226E-01  0.6905E-01  0.6905E-01
  0.9396E-01  0.2871E-01  0.3266E-01  0.6798E-01  0.6798E-01
  0.9456E-01  0.8167E-01  0.3372E-01  0.6694E-01  0.6694E-01
  0.9517E-01  0.7801E-01  0.3283E-01  0.6592E-01  0.6592E-01
  0.9578E-01  0.1880E-01  0.3308E-01  0.6492E-01  0.6492E-01
  0.9639E-01  0.7497E-01  0.3091E-01  0.6394E-01  0.6394E-01
  0.9700E-01  0.2802E-01  0.3006E-01  0.6299E-01  0.6299E-01
  0.9760E-01  0.4149E-01  0.2773E-01  0.6206E-01  0.6206E-01
  0.9882E-01  0.2298E-01  0.3225E-01  0.6026E-01  0.6026E-01
  0.9943E-01  0.6744E-01  0.2950E-01  0.5939E-01  0.5939E-01
  0.1000E+00  0.5200E-01  0.3081E-01  0.5854E-01  0.5854E-01
  0.1006E+00  0.6354E-01  0.3195E-01  0.5772E-01  0.5772E-01
  0.1013E+00  0.8019E-01  0.2888E-01  0.5691E-01  0.5691E-01
  0.1019E+00  0.9916E-01  0.2916E-01  0.5613E-01  0.5613E-01
  0.1025E+00  0.1939E-01  0.2955E-01  0.5536E-01  0.5536E-01
  0.1031E+00  0.7393E-01  0.2902E-01  0.5462E-01  0.5462E-01
  0.1037E+00  0.9254E-01  0.2945E-01  0.5389E-01  0.5389E-01
  0.1043E+00  0.8965E-01  0.2677E-01  0.5318E-01  0.5318E-01
  0.1049E+00  0.1028E+00  0.3007E-01  0.5250E-01  0.5250E-01
  0.1055E+00  0.1057E+00  0.2955E-01  0.5183E-01  0.5183E-01
  0.1061E+00  0.4430E-01  0.2918E-01  0.5118E-01  0.5118E-01
  0.1067E+00  0.3474E-02  0.2814E-01  0.5054E-01  0.5054E-01
  0.1073E+00  0.7804E-01  0.2938E-01  0.4993E-01  0.4993E-01
  0.1079E+00  0.8380E-01  0.2600E-01  0.4933E-01  0.4933E-01
  0.1085E+00  0.2883E-01  0.2812E-01  0.4875E-01  0.4875E-01
  0.1092E+00  0.6487E-01  0.2698E-01  0.4818E-01  0.4818E-01
  0.1098E+00  0.3507E-01  0.2778E-01  0.4763E-01  0.4763E-01
  0.1104E+00  0.5392E-01  0.2617E-01  0.4710E-01  0.4710E-01
  0.1110E+00  0.4231E-01  0.2576E-01  0.4659E-01  0.4659E-01
  0.1116E+00  0.3987E-01  0.2791E-01  0.4609E-01  0.4609E-01
  0.1122E+00  0.1099E-01  0.2865E-01  0.4560E-01  0.4560E-01
  0.1128E+00  0.5762E-01  0.2624E-01  0.4513E-01  0.4513E-01
  0.1140E+00  0.2008E-01  0.2780E-01  0.4423E-01  0.4423E-01
  0.1146E+00  0.6706E-01  0.2802E-01  0.4380E-01  0.4380E-01
  0.1152E+00  0.4672E-01  0.2527E-01  0.4339E-01  0.4339E-01
  0.1183E+00  0.8130E-03  0.2510E-01  0.4150E-01  0.4150E-01
  0.1189E+00  0.4852E-01  0.2761E-01  0.4116E-01  0.4116E-01
  0.1195E+00  0.1300E-01  0.2721E-01  0.4083E-01  0.4083E-01
  0.1201E+00  0.8225E-01  0.2594E-01  0.4051E-01  0.4051E-01
  0.1207E+00  0.5190E-01  0.2303E-01  0.4021E-01  0.4021E-01
  0.1213E+00  0.4321E-01  0.2566E-01  0.3991E-01  0.3991E-01
  0.1225E+00  0.2791E-01  0.2617E-01  0.3934E-01  0.3934E-01
  0.1231E+00  0.1242E-01  0.2572E-01  0.3907E-01  0.3907E-01
  0.1238E+00  0.9549E-02  0.2679E-01  0.3881E-01  0.3881E-01
  0.1244E+00  0.9181E-01  0.2644E-01  0.3856E-01  0.3856E-01
  0.1256E+00  0.6936E-02  0.4656E-01  0.3808E-01  0.3808E-01
  0.1274E+00  0.2561E-01  0.2557E-01  0.3742E-01  0.3742E-01
  0.1286E+00  0.4774E-01  0.2435E-01  0.3702E-01  0.3702E-01
  0.1292E+00  0.4939E-01  0.2644E-01  0.3683E-01  0.3683E-01
  0.1298E+00  0.7234E-01  0.2491E-01  0.3664E-01  0.3664E-01
  0.1304E+00  0.2434E-01  0.2611E-01  0.3646E-01  0.3646E-01
  0.1310E+00  0.6593E-01  0.2444E-01  0.3628E-01  0.3628E-01
  0.1317E+00  0.3141E-01  0.3360E-01  0.3612E-01  0.3612E-01
  0.1323E+00  0.7191E-01  0.2420E-01  0.3595E-01  0.3595E-01
  0.1329E+00  0.5556E-01  0.2317E-01  0.3579E-01  0.3579E-01
  0.1335E+00  0.6671E-01  0.2284E-01  0.3564E-01  0.3564E-01
  0.1341E+00  0.7221E-01  0.2490E-01  0.3549E-01  0.3549E-01
  0.1353E+00  0.1371E-01  0.2567E-01  0.3520E-01  0.3520E-01
  0.1365E+00  0.3499E-01  0.2545E-01  0.3492E-01  0.3492E-01
  0.1377E+00  0.9131E-01  0.2590E-01  0.3466E-01  0.3466E-01
  0.1383E+00  0.5246E-01  0.2476E-01  0.3454E-01  0.3454E-01
  0.1390E+00  0.3419E-01  0.2378E-01  0.3441E-01  0.3441E-01
  0.1396E+00  0.5810E-01  0.2522E-01  0.3429E-01  0.3429E-01
  0.1402E+00  0.6988E-01  0.2431E-01  0.3418E-01  0.3418E-01
  0.1408E+00  0.7153E-01  0.2498E-01  0.3406E-01  0.3406E-01
  0.1414E+00  0.6145E-01  0.2505E-01  0.3394E-01  0.3394E-01
  0.1420E+00  0.4054E-01  0.2636E-01  0.3383E-01  0.3383E-01
  0.1426E+00  0.3406E-02  0.2343E-01  0.3372E-01  0.3372E-01
  0.1432E+00  0.2194E-01  0.2610E-01  0.3361E-01  0.3361E-01
  0.1438E+00  0.4497E-02  0.2331E-01  0.3350E-01  0.3350E-01
  0.1456E+00  0.3680E-01  0.2292E-01  0.3319E-01  0.3319E-01
  0.1463E+00  0.2889E-01  0.2469E-01  0.3308E-01  0.3308E-01
  0.1469E+00  0.5528E-02  0.2378E-01  0.3298E-01  0.3298E-01
  0.1499E+00  0.1589E-01  0.2408E-01  0.3248E-01  0.3248E-01
  0.1505E+00  0.7475E-02  0.2129E-01  0.3237E-01  0.3237E-01
  0.1517E+00  0.5274E-01  0.2203E-01  0.3217E-01  0.3217E-01
  0.1566E+00  0.1727E-01  0.2333E-01  0.3136E-01  0.3136E-01
  0.1572E+00  0.1837E-01  0.2126E-01  0.3126E-01  0.3126E-01
  0.1578E+00  0.7011E-02  0.2310E-01  0.3116E-01  0.3116E-01
  0.1590E+00  0.4791E-01  0.2279E-01  0.3095E-01  0.3095E-01
  0.1596E+00  0.1510E-01  0.2065E-01  0.3084E-01  0.3084E-01
  0.1608E+00  0.1170E-01  0.2208E-01  0.3063E-01  0.3063E-01
  0.1615E+00  0.2404E-01  0.2300E-01  0.3053E-01  0.3053E-01
  0.1627E+00  0.1156E-01  0.2182E-01  0.3031E-01  0.3031E-01
  0.1633E+00  0.4010E-02  0.2105E-01  0.3021E-01  0.3021E-01
  0.1639E+00  0.2537E-01  0.2184E-01  0.3010E-01  0.3010E-01
  0.1651E+00  0.2675E-01  0.2120E-01  0.2988E-01  0.2988E-01
  0.1657E+00  0.2640E-01  0.2208E-01  0.2977E-01  0.2977E-01
  0.1663E+00  0.1942E-01  0.1915E-01  0.2966E-01  0.2966E-01
  0.1675E+00  0.2186E-01  0.2146E-01  0.2944E-01  0.2944E-01
  0.1681E+00  0.3958E-01  0.2213E-01  0.2933E-01  0.2933E-01
  0.1688E+00  0.5215E-01  0.2095E-01  0.2921E-01  0.2921E-01
  0.1694E+00  0.4662E-01  0.2176E-01  0.2910E-01  0.2910E-01
  0.1700E+00  0.2179E-01  0.2162E-01  0.2899E-01  0.2899E-01
  0.1706E+00  0.2249E-01  0.2067E-01  0.2888E-01  0.2888E-01
  0.1742E+00  0.3094E-01  0.2143E-01  0.2820E-01  0.2820E-01
  0.1748E+00  0.1795E-01  0.2435E-01  0.2809E-01  0.2809E-01
  0.1754E+00  0.2143E-01  0.2459E-01  0.2798E-01  0.2798E-01
  0.1760E+00  0.1624E-01  0.2726E-01  0.2786E-01  0.2786E-01
  0.1767E+00  0.1354E-01  0.3571E-01  0.2775E-01  0.2775E-01
  0.1779E+00  0.3145E-01  0.2125E-01  0.2753E-01  0.2753E-01
  0.1785E+00  0.3506E-01  0.2137E-01  0.2742E-01  0.2742E-01
  0.1791E+00  0.9970E-03  0.2102E-01  0.2731E-01  0.2731E-01
  0.1797E+00  0.2623E-01  0.2203E-01  0.2720E-01  0.2720E-01
  0.1809E+00  0.8790E-03  0.2147E-01  0.2698E-01  0.2698E-01
  0.1815E+00  0.5412E-01  0.2150E-01  0.2687E-01  0.2687E-01
  0.1827E+00  0.1145E-01  0.2039E-01  0.2665E-01  0.2665E-01
  0.1833E+00  0.4942E-01  0.2241E-01  0.2655E-01  0.2655E-01
  0.1840E+00  0.2939E-01  0.2044E-01  0.2644E-01  0.2644E-01
  0.1846E+00  0.2334E-01  0.2076E-01  0.2634E-01  0.2634E-01
  0.1858E+00  0.3412E-01  0.2173E-01  0.2613E-01  0.2613E-01
  0.1864E+00  0.2320E-01  0.2174E-01  0.2603E-01  0.2603E-01
  0.1870E+00  0.1052E-02  0.2033E-01  0.2593E-01  0.2593E-01
  0.1876E+00  0.2853E-01  0.2048E-01  0.2583E-01  0.2583E-01
  0.1882E+00  0.8689E-02  0.1982E-01  0.2573E-01  0.2573E-01
  0.1888E+00  0.2861E-01  0.2102E-01  0.2563E-01  0.2563E-01
  0.1900E+00  0.1789E-01  0.2211E-01  0.2544E-01  0.2544E-01
  0.1912E+00  0.4786E-01  0.2339E-01  0.2525E-01  0.2525E-01
  0.1919E+00  0.1456E-01  0.2020E-01  0.2516E-01  0.2516E-01
  0.1931E+00  0.6315E-01  0.2019E-01  0.2498E-01  0.2498E-01
  0.1937E+00  0.6248E-02  0.2076E-01  0.2490E-01  0.2490E-01
  0.1943E+00  0.2937E-01  0.1909E-01  0.2481E-01  0.2481E-01
  0.1949E+00  0.3392E-01  0.2026E-01  0.2473E-01  0.2473E-01
  0.1955E+00  0.7307E-02  0.2091E-01  0.2465E-01  0.2465E-01
  0.1961E+00  0.3140E-01  0.2047E-01  0.2456E-01  0.2456E-01
  0.1967E+00  0.5147E-01  0.2117E-01  0.2449E-01  0.2449E-01
  0.1973E+00  0.1889E-02  0.4635E-01  0.2441E-01  0.2441E-01
  0.1979E+00  0.1166E-01  0.4169E-01  0.2433E-01  0.2433E-01
  0.1992E+00  0.5220E-02  0.5127E-01  0.2418E-01  0.2418E-01
  0.1998E+00  0.5488E-01  0.2091E-01  0.2411E-01  0.2411E-01
  0.2004E+00  0.2121E-01  0.1901E-01  0.2404E-01  0.2404E-01
  0.2010E+00  0.3650E-01  0.2068E-01  0.2397E-01  0.2397E-01
  0.2028E+00  0.1918E-01  0.2305E-01  0.2378E-01  0.2378E-01
  0.2040E+00  0.2571E-01  0.2956E-01  0.2366E-01  0.2366E-01
  0.2046E+00  0.2820E-01  0.4017E-01  0.2360E-01  0.2360E-01
  0.2052E+00  0.2666E-02  0.2284E-01  0.2354E-01  0.2354E-01
  0.2058E+00  0.3967E-01  0.1961E-01  0.2349E-01  0.2349E-01
  0.2071E+00  0.1665E-01  0.2046E-01  0.2338E-01  0.2338E-01
  0.2095E+00  0.1402E-01  0.1820E-01  0.2319E-01  0.2319E-01
  0.2107E+00  0.2760E-01  0.5658E-01  0.2310E-01  0.2310E-01
  0.2119E+00  0.5208E-01  0.4190E-01  0.2302E-01  0.2302E-01
  0.2125E+00  0.5314E-01  0.2271E-01  0.2298E-01  0.2298E-01
  0.2131E+00  0.4166E-01  0.1936E-01  0.2295E-01  0.2295E-01
  0.2137E+00  0.2697E-01  0.1913E-01  0.2291E-01  0.2291E-01
  0.2144E+00  0.2727E-01  0.1997E-01  0.2288E-01  0.2288E-01
  0.2150E+00  0.4233E-01  0.2055E-01  0.2284E-01  0.2284E-01
  0.2162E+00  0.4039E-02  0.1873E-01  0.2278E-01  0.2278E-01
  0.2168E+00  0.8056E-02  0.1965E-01  0.2275E-01  0.2275E-01
  0.2174E+00  0.2590E-01  0.1914E-01  0.2273E-01  0.2273E-01
  0.2180E+00  0.1629E-01  0.1740E-01  0.2270E-01  0.2270E-01
  0.2186E+00  0.3512E-01  0.1862E-01  0.2267E-01  0.2267E-01
  0.2198E+00  0.3655E-01  0.1873E-01  0.2263E-01  0.2263E-01
  0.2217E+00  0.2885E-01  0.1904E-01  0.2256E-01  0.2256E-01
  0.2223E+00  0.1876E-01  0.1813E-01  0.2254E-01  0.2254E-01
  0.2229E+00  0.3572E-01  0.1792E-01  0.2252E-01  0.2252E-01
  0.2235E+00  0.1071E-01  0.1787E-01  0.2251E-01  0.2251E-01
  0.2241E+00  0.1328E-01  0.1894E-01  0.2249E-01  0.2249E-01
  0.2247E+00  0.3953E-01  0.1729E-01  0.2247E-01  0.2247E-01
  0.2253E+00  0.1318E-01  0.1877E-01  0.2246E-01  0.2246E-01
  0.2259E+00  0.3493E-01  0.1769E-01  0.2244E-01  0.2244E-01
  0.2265E+00  0.2103E-01  0.1945E-01  0.2243E-01  0.2243E-01
  0.2271E+00  0.3143E-01  0.1800E-01  0.2241E-01  0.2241E-01
  0.2277E+00  0.4249E-01  0.1999E-01  0.2240E-01  0.2240E-01
  0.2283E+00  0.2244E-01  0.1760E-01  0.2238E-01  0.2238E-01
  0.2289E+00  0.7448E-02  0.1905E-01  0.2237E-01  0.2237E-01
  0.2296E+00  0.9929E-02  0.1808E-01  0.2236E-01  0.2236E-01
  0.2302E+00  0.1713E-01  0.1807E-01  0.2235E-01  0.2235E-01
  0.2308E+00  0.3298E-01  0.1836E-01  0.2234E-01  0.2234E-01
  0.2314E+00  0.1532E-01  0.1772E-01  0.2232E-01  0.2232E-01
  0.2320E+00  0.1568E-02  0.1752E-01  0.2231E-01  0.2231E-01
  0.2326E+00  0.3423E-01  0.1924E-01  0.2230E-01  0.2230E-01
  0.2332E+00  0.4517E-02  0.1676E-01  0.2229E-01  0.2229E-01
  0.2338E+00  0.7886E-02  0.1801E-01  0.2228E-01  0.2228E-01
  0.2344E+00  0.1787E-01  0.1737E-01  0.2227E-01  0.2227E-01
  0.2350E+00  0.2142E-01  0.1741E-01  0.2226E-01  0.2226E-01
  0.2356E+00  0.6458E-02  0.1819E-01  0.2224E-01  0.2224E-01
  0.2362E+00  0.3659E-02  0.1739E-01  0.2223E-01  0.2223E-01
  0.2387E+00  0.2812E-02  0.1734E-01  0.2218E-01  0.2218E-01
  0.2393E+00  0.1697E-01  0.1722E-01  0.2217E-01  0.2217E-01
  0.2405E+00  0.2373E-01  0.1710E-01  0.2214E-01  0.2214E-01
  0.2411E+00  0.2528E-01  0.1682E-01  0.2213E-01  0.2213E-01
  0.2423E+00  0.2132E-01  0.1777E-01  0.2210E-01  0.2210E-01
  0.2429E+00  0.1167E-01  0.1760E-01  0.2209E-01  0.2209E-01
  0.2435E+00  0.3037E-01  0.1814E-01  0.2207E-01  0.2207E-01
  0.2441E+00  0.3719E-02  0.1804E-01  0.2205E-01  0.2205E-01
  0.2454E+00  0.4487E-01  0.1827E-01  0.2202E-01  0.2202E-01
  0.2460E+00  0.1476E-01  0.1676E-01  0.2200E-01  0.2200E-01
  0.2466E+00  0.1921E-01  0.1707E-01  0.2198E-01  0.2198E-01
  0.2472E+00  0.1915E-01  0.1741E-01  0.2196E-01  0.2196E-01
  0.2484E+00  0.2623E-01  0.1735E-01  0.2192E-01  0.2192E-01
  0.2490E+00  0.9556E-02  0.1706E-01  0.2190E-01  0.2190E-01
  0.2496E+00  0.6042E-01  0.1656E-01  0.2187E-01  0.2187E-01
  0.2502E+00  0.4269E-01  0.1692E-01  0.2185E-01  0.2185E-01
  0.2508E+00  0.5602E-01  0.1704E-01  0.2182E-01  0.2182E-01
  0.2514E+00  0.3365E-01  0.1810E-01  0.2180E-01  0.2180E-01
  0.2521E+00  0.1758E-01  0.1735E-01  0.2177E-01  0.2177E-01
  0.2527E+00  0.5211E-01  0.1763E-01  0.2174E-01  0.2174E-01
  0.2533E+00  0.4568E-01  0.1731E-01  0.2171E-01  0.2171E-01
  0.2539E+00  0.1720E-01  0.1765E-01  0.2168E-01  0.2168E-01
  0.2551E+00  0.1947E-02  0.1628E-01  0.2162E-01  0.2162E-01
  0.2575E+00  0.1417E-01  0.1701E-01  0.2149E-01  0.2149E-01
  0.2593E+00  0.2399E-01  0.1593E-01  0.2137E-01  0.2137E-01
  0.2600E+00  0.1807E-01  0.5106E-01  0.2133E-01  0.2133E-01
  0.2606E+00  0.1405E-01  0.2462E-01  0.2129E-01  0.2129E-01
  0.2612E+00  0.3284E-01  0.2683E-01  0.2125E-01  0.2125E-01
  0.2618E+00  0.2091E-01  0.1888E-01  0.2121E-01  0.2121E-01
  0.2624E+00  0.4339E-01  0.1698E-01  0.2117E-01  0.2117E-01
  0.2630E+00  0.3832E-01  0.1542E-01  0.2112E-01  0.2112E-01
  0.2642E+00  0.4750E-01  0.1689E-01  0.2103E-01  0.2103E-01
  0.2648E+00  0.1426E-01  0.1685E-01  0.2098E-01  0.2098E-01
  0.2654E+00  0.2151E-01  0.1712E-01  0.2094E-01  0.2094E-01
  0.2660E+00  0.2636E-01  0.1675E-01  0.2089E-01  0.2089E-01
  0.2666E+00  0.2988E-01  0.1630E-01  0.2084E-01  0.2084E-01
  0.2673E+00  0.1361E-01  0.1735E-01  0.2079E-01  0.2079E-01
  0.2679E+00  0.1949E-01  0.1752E-01  0.2073E-01  0.2073E-01
  0.2685E+00  0.1011E-01  0.1709E-01  0.2068E-01  0.2068E-01
  0.2691E+00  0.1693E-01  0.1645E-01  0.2063E-01  0.2063E-01
  0.2697E+00  0.3459E-01  0.3267E-01  0.2057E-01  0.2057E-01
  0.2703E+00  0.4485E-01  0.4254E-01  0.2052E-01  0.2052E-01
  0.2709E+00  0.4123E-01  0.1634E-01  0.2046E-01  0.2046E-01
  0.2715E+00  0.5706E-01  0.1646E-01  0.2040E-01  0.2040E-01
  0.2721E+00  0.3455E-01  0.1724E-01  0.2035E-01  0.2035E-01
  0.2727E+00  0.4598E-01  0.1624E-01  0.2029E-01  0.2029E-01
  0.2739E+00  0.1342E-01  0.1661E-01  0.2017E-01  0.2017E-01
  0.2745E+00  0.1064E-01  0.2429E-01  0.2011E-01  0.2011E-01
  0.2752E+00  0.1780E-01  0.1728E-01  0.2005E-01  0.2005E-01
  0.2758E+00  0.3707E-02  0.3886E-01  0.1998E-01  0.1998E-01
  0.2764E+00  0.9008E-02  0.2982E-01  0.1992E-01  0.1992E-01
  0.2770E+00  0.2859E-01  0.1602E-01  0.1986E-01  0.1986E-01
  0.2776E+00  0.2744E-01  0.1602E-01  0.1979E-01  0.1979E-01
  0.2782E+00  0.7973E-02  0.1573E-01  0.1973E-01  0.1973E-01
  0.2788E+00  0.3310E-01  0.1573E-01  0.1966E-01  0.1966E-01
  0.2794E+00  0.2041E-01  0.1514E-01  0.1960E-01  0.1960E-01
  0.2800E+00  0.2420E-03  0.1615E-01  0.1953E-01  0.1953E-01
  0.2806E+00  0.7998E-02  0.1591E-01  0.1946E-01  0.1946E-01
  0.2812E+00  0.1333E-01  0.1594E-01  0.1940E-01  0.1940E-01
  0.2818E+00  0.1778E-01  0.1576E-01  0.1933E-01  0.1933E-01
  0.2825E+00  0.4507E-01  0.1619E-01  0.1926E-01  0.1926E-01
  0.2831E+00  0.5537E-02  0.1615E-01  0.1919E-01  0.1919E-01
  0.2837E+00  0.2219E-01  0.1578E-01  0.1912E-01  0.1912E-01
  0.2843E+00  0.5710E-03  0.1599E-01  0.1906E-01  0.1906E-01
  0.2849E+00  0.3613E-01  0.1514E-01  0.1899E-01  0.1899E-01
  0.2855E+00  0.1064E-01  0.1553E-01  0.1892E-01  0.1892E-01
  0.2861E+00  0.1798E-01  0.1665E-01  0.1885E-01  0.1885E-01
  0.2867E+00  0.5338E-02  0.1609E-01  0.1878E-01  0.1878E-01
  0.2873E+00  0.3241E-01  0.1610E-01  0.1871E-01  0.1871E-01
  0.2879E+00  0.5347E-02  0.1436E-01  0.1864E-01  0.1864E-01
  0.2885E+00  0.3762E-01  0.1543E-01  0.1856E-01  0.1856E-01
  0.2891E+00  0.5083E-01  0.1477E-01  0.1849E-01  0.1849E-01
  0.2897E+00  0.3108E-01  0.1519E-01  0.1842E-01  0.1842E-01
  0.2904E+00  0.1947E-01  0.1484E-01  0.1835E-01  0.1835E-01
  0.2916E+00  0.7037E-02  0.1517E-01  0.1821E-01  0.1821E-01
  0.2940E+00  0.2042E-01  0.1563E-01  0.1793E-01  0.1793E-01
  0.2946E+00  0.5093E-01  0.1421E-01  0.1786E-01  0.1786E-01
  0.2952E+00  0.1483E-01  0.1557E-01  0.1778E-01  0.1778E-01
  0.2958E+00  0.5699E-01  0.1555E-01  0.1771E-01  0.1771E-01
  0.2964E+00  0.3810E-01  0.1516E-01  0.1764E-01  0.1764E-01
  0.2970E+00  0.3847E-01  0.1537E-01  0.1757E-01  0.1757E-01
  0.2976E+00  0.3689E-01  0.1473E-01  0.1750E-01  0.1750E-01
  0.2983E+00  0.2105E-01  0.1373E-01  0.1743E-01  0.1743E-01
  0.2989E+00  0.2736E-01  0.1577E-01  0.1736E-01  0.1736E-01
  0.2995E+00  0.1480E-03  0.1639E-01  0.1729E-01  0.1729E-01
  0.3001E+00  0.1463E-01  0.1481E-01  0.1722E-01  0.1722E-01
  0.3007E+00  0.1724E-02  0.1415E-01  0.1716E-01  0.1716E-01
  0.3019E+00  0.1133E-01  0.1471E-01  0.1702E-01  0.1702E-01
  0.3025E+00  0.1656E-01  0.1380E-01  0.1695E-01  0.1695E-01
  0.3031E+00  0.2225E-01  0.1602E-01  0.1688E-01  0.1688E-01
  0.3037E+00  0.2363E-01  0.1461E-01  0.1682E-01  0.1682E-01
  0.3043E+00  0.1133E-01  0.1394E-01  0.1675E-01  0.1675E-01
  0.3049E+00  0.3170E-03  0.1480E-01  0.1668E-01  0.1668E-01
  0.3056E+00  0.1613E-01  0.1397E-01  0.1662E-01  0.1662E-01
  0.3074E+00  0.2137E-01  0.1454E-01  0.1642E-01  0.1642E-01
  0.3080E+00  0.8089E-02  0.1400E-01  0.1636E-01  0.1636E-01
  0.3092E+00  0.1188E-02  0.1372E-01  0.1623E-01  0.1623E-01
  0.3110E+00  0.1958E-01  0.1454E-01  0.1604E-01  0.1604E-01
  0.3116E+00  0.1817E-01  0.1322E-01  0.1598E-01  0.1598E-01
  0.3122E+00  0.3297E-01  0.1505E-01  0.1592E-01  0.1592E-01
  0.3128E+00  0.3575E-01  0.1531E-01  0.1586E-01  0.1586E-01
  0.3135E+00  0.3574E-01  0.1567E-01  0.1580E-01  0.1580E-01
  0.3147E+00  0.1006E-02  0.1754E-01  0.1568E-01  0.1568E-01
  0.3159E+00  0.9125E-02  0.1756E-01  0.1556E-01  0.1556E-01
  0.3171E+00  0.5941E-02  0.1797E-01  0.1544E-01  0.1544E-01
  0.3177E+00  0.2886E-02  0.1910E-01  0.1539E-01  0.1539E-01
  0.3183E+00  0.8050E-02  0.1865E-01  0.1533E-01  0.1533E-01
  0.3189E+00  0.2903E-01  0.1944E-01  0.1527E-01  0.1527E-01
  0.3195E+00  0.2118E-01  0.1883E-01  0.1522E-01  0.1522E-01
  0.3220E+00  0.2528E-01  0.2277E-01  0.1500E-01  0.1500E-01
  0.3226E+00  0.1620E-01  0.2413E-01  0.1495E-01  0.1495E-01
  0.3232E+00  0.3390E-01  0.2532E-01  0.1490E-01  0.1490E-01
  0.3238E+00  0.3972E-01  0.2517E-01  0.1484E-01  0.1484E-01
  0.3244E+00  0.4164E-01  0.4051E-01  0.1479E-01  0.1479E-01

           Distance distribution  function of particle  


       R          P(R)      ERROR

  0.0000E+00  0.0000E+00  0.0000E+00
  0.6428E+00  0.7603E-04  0.5804E-05
  0.1286E+01  0.1426E-03  0.1032E-04
  0.1928E+01  0.1999E-03  0.1362E-04
  0.2571E+01  0.2482E-03  0.1578E-04
  0.3214E+01  0.2880E-03  0.1694E-04
  0.3857E+01  0.3197E-03  0.1725E-04
  0.4500E+01  0.3440E-03  0.1694E-04
  0.5142E+01  0.3615E-03  0.1625E-04
  0.5785E+01  0.3729E-03  0.1551E-04
  0.6428E+01  0.3792E-03  0.1506E-04
  0.7071E+01  0.3810E-03  0.1520E-04
  0.7714E+01  0.3793E-03  0.1607E-04
  0.8356E+01  0.3749E-03  0.1758E-04
  0.8999E+01  0.3685E-03  0.1952E-04
  0.9642E+01  0.3611E-03  0.2162E-04
  0.1028E+02  0.3532E-03  0.2367E-04
  0.1093E+02  0.3457E-03  0.2553E-04
  0.1157E+02  0.3391E-03  0.2707E-04
  0.1221E+02  0.3340E-03  0.2824E-04
  0.1286E+02  0.3308E-03  0.2903E-04
  0.1350E+02  0.3297E-03  0.2945E-04
  0.1414E+02  0.3312E-03  0.2954E-04
  0.1478E+02  0.3353E-03  0.2939E-04
  0.1543E+02  0.3422E-03  0.2912E-04
  0.1607E+02  0.3517E-03  0.2883E-04
  0.1671E+02  0.3637E-03  0.2865E-04
  0.1736E+02  0.3782E-03  0.2870E-04
  0.1800E+02  0.3947E-03  0.2905E-04
  0.1864E+02  0.4131E-03  0.2971E-04
  0.1928E+02  0.4329E-03  0.3068E-04
  0.1993E+02  0.4538E-03  0.3188E-04
  0.2057E+02  0.4753E-03  0.3323E-04
  0.2121E+02  0.4970E-03  0.3464E-04
  0.2186E+02  0.5186E-03  0.3602E-04
  0.2250E+02  0.5395E-03  0.3730E-04
  0.2314E+02  0.5595E-03  0.3843E-04
  0.2378E+02  0.5781E-03  0.3940E-04
  0.2443E+02  0.5951E-03  0.4018E-04
  0.2507E+02  0.6103E-03  0.4078E-04
  0.2571E+02  0.6233E-03  0.4124E-04
  0.2635E+02  0.6341E-03  0.4157E-04
  0.2700E+02  0.6426E-03  0.4181E-04
  0.2764E+02  0.6486E-03  0.4199E-04
  0.2828E+02  0.6523E-03  0.4214E-04
  0.2893E+02  0.6537E-03  0.4227E-04
  0.2957E+02  0.6529E-03  0.4240E-04
  0.3021E+02  0.6501E-03  0.4251E-04
  0.3085E+02  0.6453E-03  0.4261E-04
  0.3150E+02  0.6389E-03  0.4267E-04
  0.3214E+02  0.6311E-03  0.4267E-04
  0.3278E+02  0.6221E-03  0.4260E-04
  0.3343E+02  0.6122E-03  0.4245E-04
  0.3407E+02  0.6016E-03  0.4221E-04
  0.3471E+02  0.5905E-03  0.4191E-04
  0.3535E+02  0.5792E-03  0.4154E-04
  0.3600E+02  0.5679E-03  0.4115E-04
  0.3664E+02  0.5568E-03  0.4076E-04
  0.3728E+02  0.5459E-03  0.4041E-04
  0.3793E+02  0.5355E-03  0.4015E-04
  0.3857E+02  0.5256E-03  0.4000E-04
  0.3921E+02  0.5162E-03  0.3999E-04
  0.3985E+02  0.5075E-03  0.4014E-04
  0.4050E+02  0.4993E-03  0.4046E-04
  0.4114E+02  0.4917E-03  0.4094E-04
  0.4178E+02  0.4846E-03  0.4156E-04
  0.4242E+02  0.4780E-03  0.4231E-04
  0.4307E+02  0.4716E-03  0.4316E-04
  0.4371E+02  0.4654E-03  0.4409E-04
  0.4435E+02  0.4593E-03  0.4507E-04
  0.4500E+02  0.4532E-03  0.4607E-04
  0.4564E+02  0.4469E-03  0.4709E-04
  0.4628E+02  0.4403E-03  0.4809E-04
  0.4692E+02  0.4333E-03  0.4907E-04
  0.4757E+02  0.4258E-03  0.5001E-04
  0.4821E+02  0.4178E-03  0.5089E-04
  0.4885E+02  0.4090E-03  0.5170E-04
  0.4950E+02  0.3995E-03  0.5241E-04
  0.5014E+02  0.3892E-03  0.5302E-04
  0.5078E+02  0.3781E-03  0.5350E-04
  0.5142E+02  0.3661E-03  0.5384E-04
  0.5207E+02  0.3534E-03  0.5402E-04
  0.5271E+02  0.3398E-03  0.5402E-04
  0.5335E+02  0.3255E-03  0.5384E-04
  0.5400E+02  0.3104E-03  0.5345E-04
  0.5464E+02  0.2947E-03  0.5283E-04
  0.5528E+02  0.2783E-03  0.5199E-04
  0.5592E+02  0.2613E-03  0.5089E-04
  0.5657E+02  0.2438E-03  0.4952E-04
  0.5721E+02  0.2258E-03  0.4785E-04
  0.5785E+02  0.2073E-03  0.4586E-04
  0.5849E+02  0.1884E-03  0.4352E-04
  0.5914E+02  0.1691E-03  0.4078E-04
  0.5978E+02  0.1495E-03  0.3762E-04
  0.6042E+02  0.1294E-03  0.3398E-04
  0.6107E+02  0.1090E-03  0.2982E-04
  0.6171E+02  0.8817E-04  0.2511E-04
  0.6235E+02  0.6690E-04  0.1980E-04
  0.6299E+02  0.4514E-04  0.1387E-04
  0.6364E+02  0.2286E-04  0.7273E-05
  0.6428E+02  0.0000E+00  0.0000E+00
          Reciprocal space: Rg =   24.22     , I(0) =   0.3259E+00
     Real space: Rg =   24.22 +- 0.547  I(0) =   0.3260E+00 +-  0.1366E-01
