
           ####    G N O M   ---   Version 4.5a revised 09/02/02     ####

                                                  Tue Nov  3 18:06:58 2009
           ===    Run No   1   ===
 Run title:  0.010642 3.558850 0.049911


  Number of points omitted at the beginning:          46
   *******   Working Directory :
   *******    Input file(s) :
           Condition P(rmin) = 0 is used. 
           Condition P(rmax) = 0 is used. 

          Experimental conditions for the first run
          -----------------------------------------

          Highest ALPHA is found to be   0.2378E+02

  The measure of inconsistency AN1 equals to    0.1005E+01

          Warning: using the chosen range in the real space 
             it is not possible to fit the data set within the
             given error band. 
     Alpha    Discrp  Oscill  Stabil  Sysdev  Positv  Valcen    Total   
  0.2378E+05 30.8153  1.1731  0.9301  0.0862  1.0000  0.8658  0.34161
  0.4755E+04 25.3396  1.1554  0.7572  0.3793  1.0000  0.8719  0.40777
  0.9510E+03 14.8747  1.1107  0.4425  0.0776  1.0000  0.8909  0.34895
  0.1902E+03  6.1671  1.0966  0.1924  0.0776  1.0000  0.9171  0.37397
  0.3804E+02  1.9432  1.1387  0.0572  0.3534  1.0000  0.9334  0.59142
  0.7608E+01  0.7271  1.1801  0.0203  0.6724  1.0000  0.9416  0.86816
  0.1522E+01  0.5436  1.2001  0.0080  0.7198  1.0000  0.9446  0.88565
  0.3043E+00  0.5243  1.2116  0.0081  0.7371  1.0000  0.9456  0.89184
  0.6087E-01  0.5190  1.2326  0.0167  0.7457  1.0000  0.9461  0.89197
  0.1217E-01  0.5125  1.3603  0.0353  0.7543  1.0000  0.9460  0.86766
  0.2435E-02  0.5077  1.6914  0.0326  0.7543  0.9999  0.9438  0.77921
  0.4869E-03  0.5058  2.2522  0.1038  0.7716  0.9986  0.9368  0.59011
  0.9739E-04  0.5035  4.1067  0.1986  0.7629  0.9921  0.9087  0.48018
  0.1948E-04  0.5020  6.1441  0.2988  0.7802  0.9760  0.8609  0.45078
  0.3895E-05  0.5001  9.1300  0.5980  0.7888  0.9097  0.5536  0.38515
  0.7791E-06  0.4965 11.1530  0.4662  0.7543  0.8032  0.4160  0.33046
  0.1558E-06  0.4942 12.5025  0.3204  0.7543  0.7639  0.3798  0.32681
  0.3116E-07  0.4929 14.2540  0.8638  0.7543  0.7348  0.3771  0.00000

          ***  Golden section search to maximize estimate ***
     Alpha    Discrp  Oscill  Stabil  Sysdev  Positv  Valcen    Total   
  0.1126E+00  0.5208  1.2212  0.0116  0.7371  1.0000  0.9459  0.88994
  0.4813E-01  0.5182  1.2397  0.0194  0.7457  1.0000  0.9461  0.89012
  0.7698E-01  0.5197  1.2273  0.0144  0.7371  1.0000  0.9460  0.88846
  0.5565E-01  0.5187  1.2351  0.0177  0.7457  1.0000  0.9461  0.89133
  0.6658E-01  0.5192  1.2304  0.0158  0.7371  1.0000  0.9461  0.88767
  0.5882E-01  0.5188  1.2335  0.0171  0.7457  1.0000  0.9461  0.89173
  0.6299E-01  0.5191  1.2317  0.0163  0.7457  1.0000  0.9461  0.89220
  0.6434E-01  0.5191  1.2312  0.0161  0.7457  1.0000  0.9461  0.89233
  0.6518E-01  0.5192  1.2309  0.0160  0.7457  1.0000  0.9461  0.89241
  0.6571E-01  0.5192  1.2307  0.0159  0.7457  1.0000  0.9461  0.89246
  0.6604E-01  0.5192  1.2306  0.0159  0.7457  1.0000  0.9461  0.89249
  0.6625E-01  0.5192  1.2305  0.0158  0.7371  1.0000  0.9461  0.88764
  0.6592E-01  0.5192  1.2306  0.0159  0.7457  1.0000  0.9461  0.89248
  0.6604E-01  0.5192  1.2306  0.0159  0.7457  1.0000  0.9461  0.89249



             ####            Final results            ####

 Parameter    DISCRP    OSCILL    STABIL    SYSDEV    POSITV    VALCEN
 Weight        1.000     3.000     3.000     5.000     1.000     1.000
 Sigma         0.300     0.600     0.120     0.500     0.120     0.120
 Ideal         0.700     1.200     0.000     1.000     1.000     0.950
 Current       0.519     1.231     0.016     0.746     1.000     0.946
                - - - - - - - - - - - - - - - - - - - - - - - - - 
 Estimate      0.695     0.997     0.983     0.772     1.000     0.999

  Angular   range    :     from    0.0392   to    0.3250
  Real space range   :     from      0.00   to     71.68

  Highest ALPHA (theor) :   0.238E+05                 JOB = 0
  Current ALPHA         :   0.660E-01   Rg :  0.238E+02   I(0) :   0.307E+01

           Total  estimate : 0.892  which is    A GOOD      solution

      S          J EXP       ERROR       J REG       I REG

  0.0000E+00                                      0.3070E+01
  0.1401E-02                                      0.3069E+01
  0.2802E-02                                      0.3065E+01
  0.4203E-02                                      0.3060E+01
  0.5603E-02                                      0.3052E+01
  0.7004E-02                                      0.3042E+01
  0.8405E-02                                      0.3029E+01
  0.9806E-02                                      0.3015E+01
  0.1121E-01                                      0.2998E+01
  0.1261E-01                                      0.2979E+01
  0.1401E-01                                      0.2958E+01
  0.1541E-01                                      0.2935E+01
  0.1681E-01                                      0.2910E+01
  0.1821E-01                                      0.2884E+01
  0.1961E-01                                      0.2855E+01
  0.2101E-01                                      0.2824E+01
  0.2241E-01                                      0.2792E+01
  0.2381E-01                                      0.2758E+01
  0.2522E-01                                      0.2723E+01
  0.2662E-01                                      0.2686E+01
  0.2802E-01                                      0.2647E+01
  0.2942E-01                                      0.2607E+01
  0.3082E-01                                      0.2566E+01
  0.3222E-01                                      0.2523E+01
  0.3362E-01                                      0.2480E+01
  0.3502E-01                                      0.2435E+01
  0.3642E-01                                      0.2389E+01
  0.3782E-01                                      0.2343E+01
  0.3922E-01  0.2295E+01  0.3273E-01  0.2295E+01  0.2295E+01
  0.3983E-01  0.2292E+01  0.2784E-01  0.2274E+01  0.2274E+01
  0.4044E-01  0.2250E+01  0.3273E-01  0.2254E+01  0.2254E+01
  0.4105E-01  0.2268E+01  0.2564E-01  0.2232E+01  0.2232E+01
  0.4166E-01  0.2190E+01  0.2790E-01  0.2211E+01  0.2211E+01
  0.4227E-01  0.2185E+01  0.2339E-01  0.2190E+01  0.2190E+01
  0.4287E-01  0.2208E+01  0.2567E-01  0.2169E+01  0.2169E+01
  0.4348E-01  0.2185E+01  0.2509E-01  0.2147E+01  0.2147E+01
  0.4409E-01  0.2162E+01  0.2653E-01  0.2126E+01  0.2126E+01
  0.4470E-01  0.2127E+01  0.2105E-01  0.2104E+01  0.2104E+01
  0.4531E-01  0.2101E+01  0.2414E-01  0.2082E+01  0.2082E+01
  0.4591E-01  0.2026E+01  0.2567E-01  0.2060E+01  0.2060E+01
  0.4652E-01  0.2019E+01  0.2469E-01  0.2039E+01  0.2039E+01
  0.4713E-01  0.1955E+01  0.2363E-01  0.2017E+01  0.2017E+01
  0.4774E-01  0.1975E+01  0.1948E-01  0.1995E+01  0.1995E+01
  0.4835E-01  0.1942E+01  0.2832E-01  0.1973E+01  0.1973E+01
  0.4895E-01  0.1941E+01  0.2280E-01  0.1951E+01  0.1951E+01
  0.4956E-01  0.1888E+01  0.2449E-01  0.1929E+01  0.1929E+01
  0.5017E-01  0.1871E+01  0.2281E-01  0.1907E+01  0.1907E+01
  0.5078E-01  0.1857E+01  0.2057E-01  0.1885E+01  0.1885E+01
  0.5139E-01  0.1837E+01  0.2031E-01  0.1863E+01  0.1863E+01
  0.5200E-01  0.1838E+01  0.2136E-01  0.1841E+01  0.1841E+01
  0.5260E-01  0.1805E+01  0.1997E-01  0.1819E+01  0.1819E+01
  0.5321E-01  0.1807E+01  0.2170E-01  0.1796E+01  0.1796E+01
  0.5382E-01  0.1794E+01  0.2019E-01  0.1774E+01  0.1774E+01
  0.5443E-01  0.1738E+01  0.2083E-01  0.1752E+01  0.1752E+01
  0.5504E-01  0.1720E+01  0.2237E-01  0.1730E+01  0.1730E+01
  0.5564E-01  0.1707E+01  0.2105E-01  0.1709E+01  0.1709E+01
  0.5625E-01  0.1710E+01  0.2002E-01  0.1687E+01  0.1687E+01
  0.5686E-01  0.1657E+01  0.1847E-01  0.1665E+01  0.1665E+01
  0.5747E-01  0.1669E+01  0.2098E-01  0.1643E+01  0.1643E+01
  0.5808E-01  0.1627E+01  0.1924E-01  0.1621E+01  0.1621E+01
  0.5868E-01  0.1624E+01  0.2227E-01  0.1600E+01  0.1600E+01
  0.5929E-01  0.1599E+01  0.2086E-01  0.1578E+01  0.1578E+01
  0.5990E-01  0.1572E+01  0.2085E-01  0.1556E+01  0.1556E+01
  0.6051E-01  0.1535E+01  0.2026E-01  0.1535E+01  0.1535E+01
  0.6112E-01  0.1551E+01  0.2193E-01  0.1514E+01  0.1514E+01
  0.6173E-01  0.1516E+01  0.1802E-01  0.1492E+01  0.1492E+01
  0.6233E-01  0.1490E+01  0.2013E-01  0.1471E+01  0.1471E+01
  0.6294E-01  0.1467E+01  0.1955E-01  0.1450E+01  0.1450E+01
  0.6355E-01  0.1440E+01  0.2060E-01  0.1429E+01  0.1429E+01
  0.6416E-01  0.1374E+01  0.1942E-01  0.1408E+01  0.1408E+01
  0.6477E-01  0.1397E+01  0.1841E-01  0.1388E+01  0.1388E+01
  0.6537E-01  0.1371E+01  0.1813E-01  0.1367E+01  0.1367E+01
  0.6598E-01  0.1337E+01  0.1997E-01  0.1347E+01  0.1347E+01
  0.6659E-01  0.1339E+01  0.2030E-01  0.1326E+01  0.1326E+01
  0.6720E-01  0.1322E+01  0.2027E-01  0.1306E+01  0.1306E+01
  0.6781E-01  0.1302E+01  0.2059E-01  0.1286E+01  0.1286E+01
  0.6841E-01  0.1270E+01  0.1901E-01  0.1266E+01  0.1266E+01
  0.6902E-01  0.1279E+01  0.2013E-01  0.1246E+01  0.1246E+01
  0.6963E-01  0.1225E+01  0.1771E-01  0.1226E+01  0.1226E+01
  0.7024E-01  0.1231E+01  0.1674E-01  0.1207E+01  0.1207E+01
  0.7085E-01  0.1189E+01  0.1833E-01  0.1188E+01  0.1188E+01
  0.7146E-01  0.1184E+01  0.1820E-01  0.1168E+01  0.1168E+01
  0.7206E-01  0.1181E+01  0.1709E-01  0.1149E+01  0.1149E+01
  0.7267E-01  0.1152E+01  0.1621E-01  0.1130E+01  0.1130E+01
  0.7328E-01  0.1131E+01  0.1719E-01  0.1112E+01  0.1112E+01
  0.7389E-01  0.1090E+01  0.1568E-01  0.1093E+01  0.1093E+01
  0.7450E-01  0.1072E+01  0.1663E-01  0.1075E+01  0.1075E+01
  0.7510E-01  0.1049E+01  0.1642E-01  0.1057E+01  0.1057E+01
  0.7571E-01  0.1031E+01  0.1591E-01  0.1039E+01  0.1039E+01
  0.7632E-01  0.9944E+00  0.1554E-01  0.1021E+01  0.1021E+01
  0.7693E-01  0.9694E+00  0.1598E-01  0.1003E+01  0.1003E+01
  0.7754E-01  0.9612E+00  0.1471E-01  0.9855E+00  0.9855E+00
  0.7814E-01  0.9589E+00  0.1538E-01  0.9682E+00  0.9682E+00
  0.7875E-01  0.9352E+00  0.1484E-01  0.9511E+00  0.9511E+00
  0.7936E-01  0.8857E+00  0.1537E-01  0.9341E+00  0.9341E+00
  0.7997E-01  0.9126E+00  0.1460E-01  0.9174E+00  0.9174E+00
  0.8058E-01  0.8807E+00  0.1489E-01  0.9009E+00  0.9009E+00
  0.8118E-01  0.8921E+00  0.1388E-01  0.8845E+00  0.8845E+00
  0.8179E-01  0.8500E+00  0.1557E-01  0.8683E+00  0.8683E+00
  0.8240E-01  0.8556E+00  0.1531E-01  0.8523E+00  0.8523E+00
  0.8301E-01  0.8378E+00  0.1638E-01  0.8366E+00  0.8366E+00
  0.8362E-01  0.7813E+00  0.1650E-01  0.8210E+00  0.8210E+00
  0.8423E-01  0.7807E+00  0.1373E-01  0.8056E+00  0.8056E+00
  0.8483E-01  0.7770E+00  0.1547E-01  0.7904E+00  0.7904E+00
  0.8544E-01  0.7641E+00  0.1433E-01  0.7754E+00  0.7754E+00
  0.8605E-01  0.7563E+00  0.1388E-01  0.7606E+00  0.7606E+00
  0.8666E-01  0.7635E+00  0.1541E-01  0.7460E+00  0.7460E+00
  0.8727E-01  0.7272E+00  0.1587E-01  0.7317E+00  0.7317E+00
  0.8787E-01  0.7299E+00  0.1385E-01  0.7175E+00  0.7175E+00
  0.8848E-01  0.7251E+00  0.1454E-01  0.7035E+00  0.7035E+00
  0.8909E-01  0.7213E+00  0.1458E-01  0.6897E+00  0.6897E+00
  0.8970E-01  0.6833E+00  0.1498E-01  0.6761E+00  0.6761E+00
  0.9031E-01  0.6666E+00  0.1455E-01  0.6627E+00  0.6627E+00
  0.9091E-01  0.6467E+00  0.1589E-01  0.6495E+00  0.6495E+00
  0.9152E-01  0.6274E+00  0.1444E-01  0.6366E+00  0.6366E+00
  0.9213E-01  0.6194E+00  0.1491E-01  0.6237E+00  0.6237E+00
  0.9274E-01  0.5960E+00  0.1572E-01  0.6112E+00  0.6112E+00
  0.9335E-01  0.6032E+00  0.1443E-01  0.5988E+00  0.5988E+00
  0.9396E-01  0.5705E+00  0.1558E-01  0.5866E+00  0.5866E+00
  0.9456E-01  0.5605E+00  0.1563E-01  0.5746E+00  0.5746E+00
  0.9517E-01  0.5498E+00  0.1640E-01  0.5628E+00  0.5628E+00
  0.9578E-01  0.5254E+00  0.1406E-01  0.5512E+00  0.5512E+00
  0.9639E-01  0.5184E+00  0.1473E-01  0.5398E+00  0.5398E+00
  0.9700E-01  0.5275E+00  0.1352E-01  0.5285E+00  0.5285E+00
  0.9760E-01  0.5328E+00  0.1261E-01  0.5175E+00  0.5175E+00
  0.9821E-01  0.5117E+00  0.1438E-01  0.5066E+00  0.5066E+00
  0.9882E-01  0.5365E+00  0.1336E-01  0.4960E+00  0.4960E+00
  0.9943E-01  0.4810E+00  0.1436E-01  0.4855E+00  0.4855E+00
  0.1000E+00  0.4701E+00  0.1419E-01  0.4753E+00  0.4753E+00
  0.1006E+00  0.4455E+00  0.1425E-01  0.4652E+00  0.4652E+00
  0.1013E+00  0.4389E+00  0.1266E-01  0.4553E+00  0.4553E+00
  0.1019E+00  0.4431E+00  0.1311E-01  0.4456E+00  0.4456E+00
  0.1025E+00  0.4373E+00  0.1284E-01  0.4360E+00  0.4360E+00
  0.1031E+00  0.4293E+00  0.1271E-01  0.4267E+00  0.4267E+00
  0.1037E+00  0.4304E+00  0.1359E-01  0.4175E+00  0.4175E+00
  0.1043E+00  0.4169E+00  0.1226E-01  0.4085E+00  0.4085E+00
  0.1049E+00  0.4113E+00  0.1174E-01  0.3996E+00  0.3996E+00
  0.1055E+00  0.4248E+00  0.1308E-01  0.3910E+00  0.3910E+00
  0.1061E+00  0.3859E+00  0.1203E-01  0.3825E+00  0.3825E+00
  0.1067E+00  0.3973E+00  0.1221E-01  0.3742E+00  0.3742E+00
  0.1073E+00  0.3668E+00  0.1169E-01  0.3660E+00  0.3660E+00
  0.1079E+00  0.3789E+00  0.1080E-01  0.3580E+00  0.3580E+00
  0.1085E+00  0.3629E+00  0.1256E-01  0.3502E+00  0.3502E+00
  0.1092E+00  0.3548E+00  0.1153E-01  0.3425E+00  0.3425E+00
  0.1098E+00  0.3545E+00  0.1313E-01  0.3350E+00  0.3350E+00
  0.1104E+00  0.3472E+00  0.1346E-01  0.3277E+00  0.3277E+00
  0.1110E+00  0.3259E+00  0.1280E-01  0.3205E+00  0.3205E+00
  0.1116E+00  0.3332E+00  0.1116E-01  0.3134E+00  0.3134E+00
  0.1122E+00  0.3152E+00  0.1235E-01  0.3065E+00  0.3065E+00
  0.1128E+00  0.2945E+00  0.1360E-01  0.2998E+00  0.2998E+00
  0.1134E+00  0.2984E+00  0.1146E-01  0.2932E+00  0.2932E+00
  0.1140E+00  0.2695E+00  0.1202E-01  0.2867E+00  0.2867E+00
  0.1146E+00  0.2640E+00  0.1230E-01  0.2804E+00  0.2804E+00
  0.1152E+00  0.2557E+00  0.1171E-01  0.2743E+00  0.2743E+00
  0.1158E+00  0.2538E+00  0.1226E-01  0.2682E+00  0.2682E+00
  0.1165E+00  0.2543E+00  0.1214E-01  0.2623E+00  0.2623E+00
  0.1171E+00  0.2579E+00  0.1200E-01  0.2566E+00  0.2566E+00
  0.1177E+00  0.2410E+00  0.1289E-01  0.2509E+00  0.2509E+00
  0.1183E+00  0.2507E+00  0.1179E-01  0.2454E+00  0.2454E+00
  0.1189E+00  0.2405E+00  0.1057E-01  0.2401E+00  0.2401E+00
  0.1195E+00  0.2465E+00  0.1209E-01  0.2348E+00  0.2348E+00
  0.1201E+00  0.2116E+00  0.1238E-01  0.2297E+00  0.2297E+00
  0.1207E+00  0.2256E+00  0.1156E-01  0.2247E+00  0.2247E+00
  0.1213E+00  0.1907E+00  0.1160E-01  0.2198E+00  0.2198E+00
  0.1219E+00  0.2259E+00  0.1059E-01  0.2150E+00  0.2150E+00
  0.1225E+00  0.2171E+00  0.1145E-01  0.2104E+00  0.2104E+00
  0.1231E+00  0.2222E+00  0.1184E-01  0.2058E+00  0.2058E+00
  0.1238E+00  0.2236E+00  0.1283E-01  0.2014E+00  0.2014E+00
  0.1244E+00  0.2059E+00  0.1190E-01  0.1970E+00  0.1970E+00
  0.1250E+00  0.1838E+00  0.1209E-01  0.1928E+00  0.1928E+00
  0.1256E+00  0.1946E+00  0.1128E-01  0.1887E+00  0.1887E+00
  0.1262E+00  0.1867E+00  0.1198E-01  0.1847E+00  0.1847E+00
  0.1268E+00  0.1756E+00  0.1136E-01  0.1808E+00  0.1808E+00
  0.1274E+00  0.1763E+00  0.1175E-01  0.1769E+00  0.1769E+00
  0.1280E+00  0.1531E+00  0.1208E-01  0.1732E+00  0.1732E+00
  0.1286E+00  0.1648E+00  0.2282E-01  0.1696E+00  0.1696E+00
  0.1292E+00  0.1581E+00  0.1312E-01  0.1660E+00  0.1660E+00
  0.1298E+00  0.1607E+00  0.1590E-01  0.1626E+00  0.1626E+00
  0.1304E+00  0.1528E+00  0.1336E-01  0.1592E+00  0.1592E+00
  0.1310E+00  0.1608E+00  0.1317E-01  0.1559E+00  0.1559E+00
  0.1317E+00  0.1580E+00  0.2365E-01  0.1527E+00  0.1527E+00
  0.1323E+00  0.1623E+00  0.2187E-01  0.1496E+00  0.1496E+00
  0.1329E+00  0.1514E+00  0.3474E-01  0.1465E+00  0.1465E+00
  0.1335E+00  0.1530E+00  0.1919E-01  0.1436E+00  0.1436E+00
  0.1341E+00  0.1269E+00  0.1191E-01  0.1407E+00  0.1407E+00
  0.1347E+00  0.1381E+00  0.1106E-01  0.1379E+00  0.1379E+00
  0.1353E+00  0.1366E+00  0.1326E-01  0.1351E+00  0.1351E+00
  0.1359E+00  0.1234E+00  0.1188E-01  0.1325E+00  0.1325E+00
  0.1365E+00  0.1229E+00  0.1010E-01  0.1298E+00  0.1298E+00
  0.1371E+00  0.1226E+00  0.1032E-01  0.1273E+00  0.1273E+00
  0.1377E+00  0.1251E+00  0.1122E-01  0.1248E+00  0.1248E+00
  0.1383E+00  0.1243E+00  0.1161E-01  0.1224E+00  0.1224E+00
  0.1390E+00  0.1097E+00  0.1106E-01  0.1201E+00  0.1201E+00
  0.1396E+00  0.1158E+00  0.1116E-01  0.1178E+00  0.1178E+00
  0.1402E+00  0.1175E+00  0.1066E-01  0.1156E+00  0.1156E+00
  0.1408E+00  0.1159E+00  0.1051E-01  0.1134E+00  0.1134E+00
  0.1414E+00  0.1011E+00  0.1153E-01  0.1113E+00  0.1113E+00
  0.1420E+00  0.9546E-01  0.1021E-01  0.1092E+00  0.1092E+00
  0.1426E+00  0.1026E+00  0.1085E-01  0.1072E+00  0.1072E+00
  0.1432E+00  0.1098E+00  0.1001E-01  0.1053E+00  0.1053E+00
  0.1438E+00  0.9798E-01  0.1164E-01  0.1034E+00  0.1034E+00
  0.1444E+00  0.1104E+00  0.1129E-01  0.1015E+00  0.1015E+00
  0.1450E+00  0.1120E+00  0.1088E-01  0.9970E-01  0.9970E-01
  0.1456E+00  0.9794E-01  0.1029E-01  0.9794E-01  0.9794E-01
  0.1463E+00  0.8416E-01  0.1060E-01  0.9622E-01  0.9622E-01
  0.1469E+00  0.8915E-01  0.1034E-01  0.9455E-01  0.9455E-01
  0.1475E+00  0.9076E-01  0.1035E-01  0.9292E-01  0.9292E-01
  0.1481E+00  0.8445E-01  0.1098E-01  0.9132E-01  0.9132E-01
  0.1487E+00  0.7507E-01  0.1083E-01  0.8977E-01  0.8977E-01
  0.1493E+00  0.7643E-01  0.1081E-01  0.8826E-01  0.8826E-01
  0.1499E+00  0.7346E-01  0.1051E-01  0.8679E-01  0.8679E-01
  0.1505E+00  0.6788E-01  0.1039E-01  0.8536E-01  0.8536E-01
  0.1511E+00  0.8157E-01  0.1067E-01  0.8396E-01  0.8396E-01
  0.1517E+00  0.6191E-01  0.9657E-02  0.8259E-01  0.8259E-01
  0.1523E+00  0.8552E-01  0.1096E-01  0.8126E-01  0.8126E-01
  0.1529E+00  0.7424E-01  0.1021E-01  0.7996E-01  0.7996E-01
  0.1535E+00  0.6343E-01  0.1049E-01  0.7869E-01  0.7869E-01
  0.1542E+00  0.7042E-01  0.1061E-01  0.7746E-01  0.7746E-01
  0.1548E+00  0.5409E-01  0.9497E-02  0.7625E-01  0.7625E-01
  0.1554E+00  0.9288E-01  0.9881E-02  0.7508E-01  0.7508E-01
  0.1560E+00  0.8070E-01  0.1021E-01  0.7393E-01  0.7393E-01
  0.1566E+00  0.9329E-01  0.1028E-01  0.7281E-01  0.7281E-01
  0.1572E+00  0.8430E-01  0.1050E-01  0.7171E-01  0.7171E-01
  0.1578E+00  0.8477E-01  0.1022E-01  0.7064E-01  0.7064E-01
  0.1584E+00  0.9824E-01  0.1014E-01  0.6960E-01  0.6960E-01
  0.1590E+00  0.7454E-01  0.1074E-01  0.6858E-01  0.6858E-01
  0.1596E+00  0.1035E+00  0.9961E-02  0.6759E-01  0.6759E-01
  0.1602E+00  0.7896E-01  0.9500E-02  0.6662E-01  0.6662E-01
  0.1608E+00  0.7929E-01  0.9710E-02  0.6567E-01  0.6567E-01
  0.1615E+00  0.7821E-01  0.9845E-02  0.6475E-01  0.6475E-01
  0.1621E+00  0.6931E-01  0.9672E-02  0.6384E-01  0.6384E-01
  0.1627E+00  0.6857E-01  0.1028E-01  0.6296E-01  0.6296E-01
  0.1633E+00  0.7381E-01  0.9718E-02  0.6209E-01  0.6209E-01
  0.1639E+00  0.6680E-01  0.9501E-02  0.6124E-01  0.6124E-01
  0.1645E+00  0.7367E-01  0.9377E-02  0.6042E-01  0.6042E-01
  0.1651E+00  0.5721E-01  0.9192E-02  0.5961E-01  0.5961E-01
  0.1657E+00  0.6536E-01  0.9557E-02  0.5882E-01  0.5882E-01
  0.1663E+00  0.5305E-01  0.8978E-02  0.5805E-01  0.5805E-01
  0.1669E+00  0.5997E-01  0.9651E-02  0.5729E-01  0.5729E-01
  0.1675E+00  0.5086E-01  0.9761E-02  0.5656E-01  0.5656E-01
  0.1681E+00  0.6108E-01  0.9681E-02  0.5583E-01  0.5583E-01
  0.1688E+00  0.3839E-01  0.9064E-02  0.5512E-01  0.5512E-01
  0.1694E+00  0.3967E-01  0.9515E-02  0.5443E-01  0.5443E-01
  0.1700E+00  0.3178E-01  0.9698E-02  0.5376E-01  0.5376E-01
  0.1706E+00  0.3946E-01  0.1051E-01  0.5309E-01  0.5309E-01
  0.1712E+00  0.2720E-01  0.9256E-02  0.5244E-01  0.5244E-01
  0.1718E+00  0.7176E-01  0.9841E-02  0.5181E-01  0.5181E-01
  0.1724E+00  0.5737E-01  0.9135E-02  0.5119E-01  0.5119E-01
  0.1730E+00  0.6075E-01  0.9249E-02  0.5058E-01  0.5058E-01
  0.1736E+00  0.5357E-01  0.9615E-02  0.4998E-01  0.4998E-01
  0.1742E+00  0.5907E-01  0.9822E-02  0.4940E-01  0.4940E-01
  0.1748E+00  0.4280E-01  0.9656E-02  0.4882E-01  0.4882E-01
  0.1754E+00  0.5708E-01  0.9447E-02  0.4826E-01  0.4826E-01
  0.1760E+00  0.5894E-01  0.9610E-02  0.4771E-01  0.4771E-01
  0.1767E+00  0.4752E-01  0.9061E-02  0.4718E-01  0.4718E-01
  0.1773E+00  0.3860E-01  0.9374E-02  0.4665E-01  0.4665E-01
  0.1779E+00  0.3604E-01  0.9240E-02  0.4613E-01  0.4613E-01
  0.1785E+00  0.4377E-01  0.9074E-02  0.4562E-01  0.4562E-01
  0.1791E+00  0.5138E-01  0.9211E-02  0.4513E-01  0.4513E-01
  0.1797E+00  0.2163E-01  0.9760E-02  0.4464E-01  0.4464E-01
  0.1803E+00  0.4808E-01  0.9421E-02  0.4416E-01  0.4416E-01
  0.1809E+00  0.1759E-01  0.9795E-02  0.4370E-01  0.4370E-01
  0.1815E+00  0.3235E-01  0.8689E-02  0.4324E-01  0.4324E-01
  0.1821E+00  0.4481E-01  0.9116E-02  0.4279E-01  0.4279E-01
  0.1827E+00  0.4844E-01  0.9836E-02  0.4235E-01  0.4235E-01
  0.1833E+00  0.3422E-01  0.9116E-02  0.4191E-01  0.4191E-01
  0.1840E+00  0.2918E-01  0.1015E-01  0.4149E-01  0.4149E-01
  0.1846E+00  0.1057E-01  0.9381E-02  0.4107E-01  0.4107E-01
  0.1852E+00  0.3644E-01  0.9103E-02  0.4066E-01  0.4066E-01
  0.1858E+00  0.5258E-01  0.9641E-02  0.4026E-01  0.4026E-01
  0.1864E+00  0.3992E-01  0.9313E-02  0.3987E-01  0.3987E-01
  0.1870E+00  0.2162E-01  0.9423E-02  0.3948E-01  0.3948E-01
  0.1876E+00  0.4747E-01  0.8866E-02  0.3910E-01  0.3910E-01
  0.1882E+00  0.3576E-01  0.9101E-02  0.3873E-01  0.3873E-01
  0.1888E+00  0.2569E-01  0.9110E-02  0.3836E-01  0.3836E-01
  0.1894E+00  0.3651E-01  0.8777E-02  0.3801E-01  0.3801E-01
  0.1900E+00  0.4061E-01  0.8909E-02  0.3765E-01  0.3765E-01
  0.1906E+00  0.4440E-01  0.9082E-02  0.3731E-01  0.3731E-01
  0.1912E+00  0.4017E-01  0.9305E-02  0.3697E-01  0.3697E-01
  0.1919E+00  0.2794E-01  0.8773E-02  0.3663E-01  0.3663E-01
  0.1925E+00  0.4792E-01  0.9163E-02  0.3630E-01  0.3630E-01
  0.1931E+00  0.3862E-01  0.8975E-02  0.3598E-01  0.3598E-01
  0.1937E+00  0.3485E-01  0.9045E-02  0.3566E-01  0.3566E-01
  0.1943E+00  0.4928E-01  0.8703E-02  0.3535E-01  0.3535E-01
  0.1949E+00  0.4796E-01  0.8828E-02  0.3505E-01  0.3505E-01
  0.1955E+00  0.5286E-01  0.9388E-02  0.3475E-01  0.3475E-01
  0.1961E+00  0.5650E-01  0.8933E-02  0.3445E-01  0.3445E-01
  0.1967E+00  0.3725E-01  0.8960E-02  0.3416E-01  0.3416E-01
  0.1973E+00  0.4673E-01  0.8790E-02  0.3387E-01  0.3387E-01
  0.1979E+00  0.3626E-01  0.8621E-02  0.3359E-01  0.3359E-01
  0.1985E+00  0.4476E-01  0.8359E-02  0.3331E-01  0.3331E-01
  0.1992E+00  0.3701E-01  0.9076E-02  0.3304E-01  0.3304E-01
  0.1998E+00  0.3205E-01  0.8645E-02  0.3277E-01  0.3277E-01
  0.2004E+00  0.2982E-01  0.8656E-02  0.3251E-01  0.3251E-01
  0.2010E+00  0.3592E-01  0.8900E-02  0.3225E-01  0.3225E-01
  0.2016E+00  0.2182E-01  0.9120E-02  0.3199E-01  0.3199E-01
  0.2022E+00  0.2699E-01  0.9081E-02  0.3174E-01  0.3174E-01
  0.2028E+00  0.2793E-01  0.8847E-02  0.3149E-01  0.3149E-01
  0.2034E+00  0.3220E-01  0.8720E-02  0.3124E-01  0.3124E-01
  0.2040E+00  0.8733E-02  0.9011E-02  0.3100E-01  0.3100E-01
  0.2046E+00  0.3979E-01  0.9016E-02  0.3076E-01  0.3076E-01
  0.2052E+00  0.1157E-01  0.8557E-02  0.3052E-01  0.3052E-01
  0.2058E+00  0.4176E-01  0.9389E-02  0.3029E-01  0.3029E-01
  0.2065E+00  0.5209E-01  0.8696E-02  0.3006E-01  0.3006E-01
  0.2071E+00  0.1973E-01  0.8555E-02  0.2983E-01  0.2983E-01
  0.2077E+00  0.4267E-01  0.8792E-02  0.2961E-01  0.2961E-01
  0.2083E+00  0.4830E-01  0.8233E-02  0.2939E-01  0.2939E-01
  0.2089E+00  0.4342E-01  0.8521E-02  0.2917E-01  0.2917E-01
  0.2095E+00  0.3522E-01  0.8385E-02  0.2895E-01  0.2895E-01
  0.2101E+00  0.4227E-01  0.9007E-02  0.2874E-01  0.2874E-01
  0.2107E+00  0.3712E-01  0.8325E-02  0.2853E-01  0.2853E-01
  0.2113E+00  0.2365E-01  0.9030E-02  0.2832E-01  0.2832E-01
  0.2119E+00  0.3283E-01  0.8849E-02  0.2811E-01  0.2811E-01
  0.2125E+00  0.3143E-01  0.8748E-02  0.2791E-01  0.2791E-01
  0.2131E+00  0.2242E-01  0.8585E-02  0.2770E-01  0.2770E-01
  0.2137E+00  0.2943E-01  0.8418E-02  0.2750E-01  0.2750E-01
  0.2144E+00  0.1643E-01  0.8458E-02  0.2731E-01  0.2731E-01
  0.2150E+00  0.3575E-01  0.8837E-02  0.2711E-01  0.2711E-01
  0.2156E+00  0.2323E-01  0.8212E-02  0.2691E-01  0.2691E-01
  0.2162E+00  0.1648E-01  0.8509E-02  0.2672E-01  0.2672E-01
  0.2168E+00  0.1664E-01  0.8603E-02  0.2653E-01  0.2653E-01
  0.2174E+00  0.1691E-01  0.8472E-02  0.2634E-01  0.2634E-01
  0.2180E+00  0.2663E-01  0.8493E-02  0.2615E-01  0.2615E-01
  0.2186E+00  0.1029E-01  0.8820E-02  0.2596E-01  0.2596E-01
  0.2192E+00  0.2202E-01  0.8270E-02  0.2577E-01  0.2577E-01
  0.2198E+00  0.2190E-01  0.8892E-02  0.2559E-01  0.2559E-01
  0.2204E+00  0.1234E-01  0.8182E-02  0.2541E-01  0.2541E-01
  0.2210E+00  0.9615E-02  0.8163E-02  0.2522E-01  0.2522E-01
  0.2217E+00  0.3068E-01  0.7424E-02  0.2504E-01  0.2504E-01
  0.2223E+00  0.1824E-01  0.8514E-02  0.2486E-01  0.2486E-01
  0.2229E+00  0.2166E-01  0.8342E-02  0.2468E-01  0.2468E-01
  0.2235E+00  0.2330E-01  0.8319E-02  0.2451E-01  0.2451E-01
  0.2241E+00  0.2721E-01  0.8776E-02  0.2433E-01  0.2433E-01
  0.2247E+00  0.2066E-01  0.7933E-02  0.2415E-01  0.2415E-01
  0.2253E+00  0.3526E-01  0.8484E-02  0.2398E-01  0.2398E-01
  0.2259E+00  0.1884E-01  0.8153E-02  0.2381E-01  0.2381E-01
  0.2265E+00  0.2997E-01  0.8857E-02  0.2363E-01  0.2363E-01
  0.2271E+00  0.2380E-01  0.8356E-02  0.2346E-01  0.2346E-01
  0.2277E+00  0.2798E-01  0.8718E-02  0.2329E-01  0.2329E-01
  0.2283E+00  0.1759E-01  0.8251E-02  0.2312E-01  0.2312E-01
  0.2289E+00  0.1738E-01  0.8265E-02  0.2295E-01  0.2295E-01
  0.2296E+00  0.1871E-01  0.8531E-02  0.2279E-01  0.2279E-01
  0.2302E+00  0.2239E-01  0.8214E-02  0.2262E-01  0.2262E-01
  0.2308E+00  0.2541E-01  0.8011E-02  0.2245E-01  0.2245E-01
  0.2314E+00  0.2579E-01  0.7738E-02  0.2229E-01  0.2229E-01
  0.2320E+00  0.1879E-01  0.7693E-02  0.2213E-01  0.2213E-01
  0.2326E+00  0.2861E-01  0.8008E-02  0.2196E-01  0.2196E-01
  0.2332E+00  0.2382E-01  0.8223E-02  0.2180E-01  0.2180E-01
  0.2338E+00  0.2583E-01  0.7390E-02  0.2164E-01  0.2164E-01
  0.2344E+00  0.1364E-01  0.8090E-02  0.2148E-01  0.2148E-01
  0.2350E+00  0.1231E-01  0.8444E-02  0.2132E-01  0.2132E-01
  0.2356E+00  0.7538E-02  0.1068E-01  0.2116E-01  0.2116E-01
  0.2362E+00  0.7536E-02  0.1193E-01  0.2101E-01  0.2101E-01
  0.2375E+00  0.4039E-02  0.1121E-01  0.2070E-01  0.2070E-01
  0.2381E+00  0.8406E-02  0.1366E-01  0.2054E-01  0.2054E-01
  0.2387E+00  0.7326E-02  0.9834E-02  0.2039E-01  0.2039E-01
  0.2393E+00  0.2239E-01  0.2490E-01  0.2024E-01  0.2024E-01
  0.2399E+00  0.6347E-02  0.1834E-01  0.2009E-01  0.2009E-01
  0.2405E+00  0.1860E-01  0.8130E-02  0.1994E-01  0.1994E-01
  0.2417E+00  0.1247E-01  0.7812E-02  0.1965E-01  0.1965E-01
  0.2423E+00  0.1717E-01  0.7759E-02  0.1951E-01  0.1951E-01
  0.2429E+00  0.1853E-01  0.7768E-02  0.1937E-01  0.1937E-01
  0.2435E+00  0.2003E-01  0.7739E-02  0.1922E-01  0.1922E-01
  0.2441E+00  0.5243E-02  0.7626E-02  0.1908E-01  0.1908E-01
  0.2448E+00  0.3896E-02  0.7968E-02  0.1895E-01  0.1895E-01
  0.2454E+00  0.8934E-02  0.7503E-02  0.1881E-01  0.1881E-01
  0.2460E+00  0.1663E-01  0.8097E-02  0.1868E-01  0.1868E-01
  0.2466E+00  0.1205E-01  0.7203E-02  0.1854E-01  0.1854E-01
  0.2472E+00  0.2124E-01  0.7544E-02  0.1841E-01  0.1841E-01
  0.2478E+00  0.1666E-01  0.7841E-02  0.1828E-01  0.1828E-01
  0.2484E+00  0.2717E-01  0.7551E-02  0.1816E-01  0.1816E-01
  0.2490E+00  0.1890E-01  0.8018E-02  0.1803E-01  0.1803E-01
  0.2496E+00  0.2519E-01  0.8024E-02  0.1791E-01  0.1791E-01
  0.2502E+00  0.2346E-01  0.7583E-02  0.1779E-01  0.1779E-01
  0.2508E+00  0.3392E-01  0.7335E-02  0.1767E-01  0.1767E-01
  0.2514E+00  0.1923E-01  0.7877E-02  0.1755E-01  0.1755E-01
  0.2521E+00  0.1707E-01  0.7876E-02  0.1744E-01  0.1744E-01
  0.2527E+00  0.2175E-01  0.7599E-02  0.1732E-01  0.1732E-01
  0.2533E+00  0.2425E-01  0.7557E-02  0.1722E-01  0.1722E-01
  0.2539E+00  0.2579E-01  0.7590E-02  0.1711E-01  0.1711E-01
  0.2545E+00  0.2098E-01  0.7411E-02  0.1700E-01  0.1700E-01
  0.2551E+00  0.2173E-01  0.7698E-02  0.1690E-01  0.1690E-01
  0.2557E+00  0.1118E-01  0.7464E-02  0.1680E-01  0.1680E-01
  0.2563E+00  0.1816E-01  0.7774E-02  0.1670E-01  0.1670E-01
  0.2569E+00  0.4813E-02  0.7210E-02  0.1661E-01  0.1661E-01
  0.2575E+00  0.2537E-01  0.7818E-02  0.1652E-01  0.1652E-01
  0.2581E+00  0.2944E-01  0.8074E-02  0.1643E-01  0.1643E-01
  0.2587E+00  0.3129E-01  0.7029E-02  0.1634E-01  0.1634E-01
  0.2593E+00  0.2911E-01  0.7482E-02  0.1626E-01  0.1626E-01
  0.2600E+00  0.1858E-01  0.7366E-02  0.1618E-01  0.1618E-01
  0.2606E+00  0.3415E-01  0.7228E-02  0.1610E-01  0.1610E-01
  0.2612E+00  0.2241E-01  0.6974E-02  0.1602E-01  0.1602E-01
  0.2618E+00  0.3834E-01  0.7407E-02  0.1595E-01  0.1595E-01
  0.2624E+00  0.3753E-01  0.7307E-02  0.1588E-01  0.1588E-01
  0.2630E+00  0.2770E-01  0.7336E-02  0.1582E-01  0.1582E-01
  0.2636E+00  0.2508E-01  0.7085E-02  0.1575E-01  0.1575E-01
  0.2642E+00  0.1492E-01  0.7213E-02  0.1570E-01  0.1570E-01
  0.2648E+00  0.1784E-01  0.7122E-02  0.1564E-01  0.1564E-01
  0.2654E+00  0.8816E-02  0.7557E-02  0.1559E-01  0.1559E-01
  0.2660E+00  0.2155E-01  0.7118E-02  0.1554E-01  0.1554E-01
  0.2666E+00  0.2225E-02  0.6921E-02  0.1549E-01  0.1549E-01
  0.2673E+00  0.1647E-01  0.9626E-02  0.1545E-01  0.1545E-01
  0.2691E+00  0.9002E-02  0.9135E-02  0.1534E-01  0.1534E-01
  0.2697E+00  0.9128E-02  0.7010E-02  0.1531E-01  0.1531E-01
  0.2703E+00  0.2082E-01  0.6508E-02  0.1528E-01  0.1528E-01
  0.2709E+00  0.1709E-01  0.7273E-02  0.1526E-01  0.1526E-01
  0.2715E+00  0.1408E-01  0.7320E-02  0.1524E-01  0.1524E-01
  0.2721E+00  0.2560E-01  0.7334E-02  0.1522E-01  0.1522E-01
  0.2727E+00  0.1590E-01  0.7141E-02  0.1521E-01  0.1521E-01
  0.2733E+00  0.7309E-02  0.7201E-02  0.1520E-01  0.1520E-01
  0.2739E+00  0.5316E-02  0.7147E-02  0.1519E-01  0.1519E-01
  0.2745E+00  0.3130E-03  0.7266E-02  0.1519E-01  0.1519E-01
  0.2752E+00  0.7635E-02  0.6911E-02  0.1519E-01  0.1519E-01
  0.2758E+00  0.1127E-01  0.7247E-02  0.1519E-01  0.1519E-01
  0.2764E+00  0.3190E-03  0.7141E-02  0.1520E-01  0.1520E-01
  0.2770E+00  0.1682E-01  0.9885E-02  0.1521E-01  0.1521E-01
  0.2776E+00  0.4251E-02  0.6978E-02  0.1523E-01  0.1523E-01
  0.2782E+00  0.1463E-01  0.7328E-02  0.1524E-01  0.1524E-01
  0.2788E+00  0.1337E-01  0.6907E-02  0.1526E-01  0.1526E-01
  0.2794E+00  0.1971E-01  0.7056E-02  0.1529E-01  0.1529E-01
  0.2800E+00  0.1498E-01  0.6932E-02  0.1531E-01  0.1531E-01
  0.2806E+00  0.2101E-01  0.7039E-02  0.1534E-01  0.1534E-01
  0.2812E+00  0.1297E-01  0.7164E-02  0.1538E-01  0.1538E-01
  0.2818E+00  0.1811E-01  0.6936E-02  0.1541E-01  0.1541E-01
  0.2825E+00  0.1872E-01  0.2136E-01  0.1545E-01  0.1545E-01
  0.2831E+00  0.8318E-02  0.3041E-01  0.1549E-01  0.1549E-01
  0.2837E+00  0.1642E-01  0.7532E-02  0.1554E-01  0.1554E-01
  0.2843E+00  0.6857E-02  0.7130E-02  0.1559E-01  0.1559E-01
  0.2855E+00  0.9280E-02  0.6671E-02  0.1569E-01  0.1569E-01
  0.2861E+00  0.5367E-02  0.6854E-02  0.1575E-01  0.1575E-01
  0.2867E+00  0.1513E-01  0.7023E-02  0.1581E-01  0.1581E-01
  0.2873E+00  0.1024E-01  0.6932E-02  0.1587E-01  0.1587E-01
  0.2879E+00  0.1887E-01  0.6431E-02  0.1594E-01  0.1594E-01
  0.2885E+00  0.2617E-01  0.6408E-02  0.1600E-01  0.1600E-01
  0.2891E+00  0.1354E-01  0.6867E-02  0.1607E-01  0.1607E-01
  0.2897E+00  0.1479E-01  0.7049E-02  0.1614E-01  0.1614E-01
  0.2904E+00  0.1485E-01  0.7552E-02  0.1622E-01  0.1622E-01
  0.2910E+00  0.1079E-01  0.6346E-02  0.1630E-01  0.1630E-01
  0.2916E+00  0.1114E-01  0.6662E-02  0.1638E-01  0.1638E-01
  0.2922E+00  0.1316E-01  0.6521E-02  0.1646E-01  0.1646E-01
  0.2928E+00  0.3051E-01  0.7541E-02  0.1654E-01  0.1654E-01
  0.2940E+00  0.1695E-02  0.6431E-02  0.1671E-01  0.1671E-01
  0.2946E+00  0.1698E-02  0.6332E-02  0.1680E-01  0.1680E-01
  0.2952E+00  0.3054E-02  0.6829E-02  0.1689E-01  0.1689E-01
  0.2958E+00  0.2135E-01  0.6527E-02  0.1699E-01  0.1699E-01
  0.2964E+00  0.3311E-01  0.6808E-02  0.1708E-01  0.1708E-01
  0.2970E+00  0.2688E-01  0.7336E-02  0.1718E-01  0.1718E-01
  0.2976E+00  0.2113E-01  0.6646E-02  0.1727E-01  0.1727E-01
  0.2983E+00  0.1266E-01  0.6839E-02  0.1737E-01  0.1737E-01
  0.2989E+00  0.8027E-02  0.6505E-02  0.1747E-01  0.1747E-01
  0.2995E+00  0.1509E-01  0.6174E-02  0.1757E-01  0.1757E-01
  0.3001E+00  0.2362E-01  0.6070E-02  0.1767E-01  0.1767E-01
  0.3007E+00  0.1912E-01  0.6483E-02  0.1778E-01  0.1778E-01
  0.3013E+00  0.1697E-01  0.6451E-02  0.1788E-01  0.1788E-01
  0.3019E+00  0.1858E-01  0.6135E-02  0.1799E-01  0.1799E-01
  0.3025E+00  0.2170E-01  0.6435E-02  0.1809E-01  0.1809E-01
  0.3031E+00  0.2032E-01  0.6725E-02  0.1820E-01  0.1820E-01
  0.3037E+00  0.3118E-01  0.6042E-02  0.1831E-01  0.1831E-01
  0.3043E+00  0.2669E-01  0.6345E-02  0.1841E-01  0.1841E-01
  0.3049E+00  0.2601E-01  0.5987E-02  0.1852E-01  0.1852E-01
  0.3056E+00  0.1237E-01  0.6381E-02  0.1863E-01  0.1863E-01
  0.3062E+00  0.2142E-01  0.5886E-02  0.1874E-01  0.1874E-01
  0.3068E+00  0.1628E-01  0.6039E-02  0.1885E-01  0.1885E-01
  0.3074E+00  0.2059E-01  0.6109E-02  0.1896E-01  0.1896E-01
  0.3080E+00  0.2002E-01  0.6189E-02  0.1907E-01  0.1907E-01
  0.3086E+00  0.1476E-01  0.6539E-02  0.1918E-01  0.1918E-01
  0.3092E+00  0.1737E-01  0.6134E-02  0.1929E-01  0.1929E-01
  0.3098E+00  0.1319E-01  0.6141E-02  0.1940E-01  0.1940E-01
  0.3104E+00  0.1847E-01  0.6298E-02  0.1950E-01  0.1950E-01
  0.3110E+00  0.1474E-01  0.6213E-02  0.1961E-01  0.1961E-01
  0.3116E+00  0.2190E-01  0.6600E-02  0.1972E-01  0.1972E-01
  0.3122E+00  0.2350E-01  0.6443E-02  0.1983E-01  0.1983E-01
  0.3128E+00  0.3019E-01  0.6623E-02  0.1993E-01  0.1993E-01
  0.3135E+00  0.1699E-01  0.6856E-02  0.2004E-01  0.2004E-01
  0.3141E+00  0.1320E-01  0.7321E-02  0.2015E-01  0.2015E-01
  0.3147E+00  0.1848E-01  0.7226E-02  0.2025E-01  0.2025E-01
  0.3153E+00  0.2038E-01  0.8319E-02  0.2035E-01  0.2035E-01
  0.3159E+00  0.3826E-01  0.7528E-02  0.2046E-01  0.2046E-01
  0.3165E+00  0.2056E-01  0.8965E-02  0.2056E-01  0.2056E-01
  0.3171E+00  0.2936E-01  0.1277E-01  0.2066E-01  0.2066E-01
  0.3177E+00  0.2691E-01  0.1337E-01  0.2076E-01  0.2076E-01
  0.3183E+00  0.2334E-01  0.8373E-02  0.2085E-01  0.2085E-01
  0.3189E+00  0.2631E-01  0.2720E-01  0.2095E-01  0.2095E-01
  0.3195E+00  0.1068E-01  0.2410E-01  0.2105E-01  0.2105E-01
  0.3201E+00  0.2512E-01  0.9124E-02  0.2114E-01  0.2114E-01
  0.3208E+00  0.7274E-02  0.1507E-01  0.2123E-01  0.2123E-01
  0.3214E+00  0.1330E-01  0.9158E-02  0.2132E-01  0.2132E-01
  0.3220E+00  0.1506E-01  0.1019E-01  0.2141E-01  0.2141E-01
  0.3226E+00  0.1335E-01  0.1092E-01  0.2150E-01  0.2150E-01
  0.3232E+00  0.4486E-01  0.1187E-01  0.2158E-01  0.2158E-01
  0.3238E+00  0.2273E-01  0.1330E-01  0.2167E-01  0.2167E-01
  0.3244E+00  0.4133E-01  0.1614E-01  0.2175E-01  0.2175E-01
  0.3250E+00  0.2830E-01  0.2610E-01  0.2183E-01  0.2183E-01

           Distance distribution  function of particle  


       R          P(R)      ERROR

  0.0000E+00  0.0000E+00  0.0000E+00
  0.7168E+00  0.1588E-03  0.1537E-04
  0.1434E+01  0.3102E-03  0.2560E-04
  0.2150E+01  0.4553E-03  0.3097E-04
  0.2867E+01  0.5959E-03  0.3192E-04
  0.3584E+01  0.7342E-03  0.2905E-04
  0.4301E+01  0.8730E-03  0.2312E-04
  0.5018E+01  0.1015E-02  0.1512E-04
  0.5734E+01  0.1164E-02  0.7290E-05
  0.6451E+01  0.1323E-02  0.9426E-05
  0.7168E+01  0.1495E-02  0.1876E-04
  0.7885E+01  0.1681E-02  0.2817E-04
  0.8602E+01  0.1885E-02  0.3628E-04
  0.9318E+01  0.2106E-02  0.4244E-04
  0.1004E+02  0.2347E-02  0.4623E-04
  0.1075E+02  0.2606E-02  0.4743E-04
  0.1147E+02  0.2882E-02  0.4601E-04
  0.1219E+02  0.3173E-02  0.4212E-04
  0.1290E+02  0.3476E-02  0.3610E-04
  0.1362E+02  0.3789E-02  0.2859E-04
  0.1434E+02  0.4106E-02  0.2078E-04
  0.1505E+02  0.4423E-02  0.1542E-04
  0.1577E+02  0.4737E-02  0.1686E-04
  0.1649E+02  0.5041E-02  0.2379E-04
  0.1720E+02  0.5332E-02  0.3203E-04
  0.1792E+02  0.5606E-02  0.3959E-04
  0.1864E+02  0.5858E-02  0.4557E-04
  0.1935E+02  0.6086E-02  0.4948E-04
  0.2007E+02  0.6286E-02  0.5104E-04
  0.2079E+02  0.6459E-02  0.5020E-04
  0.2150E+02  0.6602E-02  0.4708E-04
  0.2222E+02  0.6717E-02  0.4205E-04
  0.2294E+02  0.6803E-02  0.3575E-04
  0.2365E+02  0.6863E-02  0.2933E-04
  0.2437E+02  0.6899E-02  0.2478E-04
  0.2509E+02  0.6913E-02  0.2453E-04
  0.2580E+02  0.6909E-02  0.2896E-04
  0.2652E+02  0.6890E-02  0.3585E-04
  0.2724E+02  0.6858E-02  0.4314E-04
  0.2796E+02  0.6817E-02  0.4958E-04
  0.2867E+02  0.6770E-02  0.5445E-04
  0.2939E+02  0.6719E-02  0.5735E-04
  0.3011E+02  0.6665E-02  0.5813E-04
  0.3082E+02  0.6610E-02  0.5683E-04
  0.3154E+02  0.6553E-02  0.5371E-04
  0.3226E+02  0.6496E-02  0.4930E-04
  0.3297E+02  0.6437E-02  0.4437E-04
  0.3369E+02  0.6374E-02  0.4003E-04
  0.3441E+02  0.6307E-02  0.3754E-04
  0.3512E+02  0.6233E-02  0.3778E-04
  0.3584E+02  0.6150E-02  0.4059E-04
  0.3656E+02  0.6056E-02  0.4488E-04
  0.3727E+02  0.5949E-02  0.4941E-04
  0.3799E+02  0.5828E-02  0.5320E-04
  0.3871E+02  0.5692E-02  0.5560E-04
  0.3942E+02  0.5539E-02  0.5627E-04
  0.4014E+02  0.5369E-02  0.5514E-04
  0.4086E+02  0.5184E-02  0.5241E-04
  0.4157E+02  0.4985E-02  0.4862E-04
  0.4229E+02  0.4772E-02  0.4467E-04
  0.4301E+02  0.4550E-02  0.4186E-04
  0.4372E+02  0.4320E-02  0.4159E-04
  0.4444E+02  0.4085E-02  0.4454E-04
  0.4516E+02  0.3849E-02  0.5020E-04
  0.4588E+02  0.3616E-02  0.5734E-04
  0.4659E+02  0.3388E-02  0.6473E-04
  0.4731E+02  0.3169E-02  0.7138E-04
  0.4803E+02  0.2960E-02  0.7660E-04
  0.4874E+02  0.2765E-02  0.7989E-04
  0.4946E+02  0.2584E-02  0.8097E-04
  0.5018E+02  0.2417E-02  0.7975E-04
  0.5089E+02  0.2266E-02  0.7634E-04
  0.5161E+02  0.2130E-02  0.7105E-04
  0.5233E+02  0.2007E-02  0.6445E-04
  0.5304E+02  0.1895E-02  0.5743E-04
  0.5376E+02  0.1793E-02  0.5131E-04
  0.5448E+02  0.1699E-02  0.4773E-04
  0.5519E+02  0.1609E-02  0.4800E-04
  0.5591E+02  0.1522E-02  0.5211E-04
  0.5663E+02  0.1435E-02  0.5875E-04
  0.5734E+02  0.1347E-02  0.6624E-04
  0.5806E+02  0.1257E-02  0.7322E-04
  0.5878E+02  0.1164E-02  0.7869E-04
  0.5949E+02  0.1068E-02  0.8198E-04
  0.6021E+02  0.9702E-03  0.8270E-04
  0.6093E+02  0.8714E-03  0.8080E-04
  0.6164E+02  0.7736E-03  0.7665E-04
  0.6236E+02  0.6788E-03  0.7126E-04
  0.6308E+02  0.5894E-03  0.6659E-04
  0.6380E+02  0.5076E-03  0.6549E-04
  0.6451E+02  0.4354E-03  0.7046E-04
  0.6523E+02  0.3740E-03  0.8169E-04
  0.6595E+02  0.3242E-03  0.9698E-04
  0.6666E+02  0.2855E-03  0.1133E-03
  0.6738E+02  0.2563E-03  0.1277E-03
  0.6810E+02  0.2334E-03  0.1371E-03
  0.6881E+02  0.2123E-03  0.1386E-03
  0.6953E+02  0.1868E-03  0.1290E-03
  0.7025E+02  0.1492E-03  0.1050E-03
  0.7096E+02  0.9042E-04  0.6317E-04
  0.7168E+02  0.0000E+00  0.0000E+00
          Reciprocal space: Rg =   23.79     , I(0) =   0.3070E+01
     Real space: Rg =   23.78 +- 0.111  I(0) =   0.3070E+01 +-  0.1490E-01
