
           ####    G N O M   ---   Version 4.5a revised 09/02/02     ####

                                                  Tue Nov  3 18:06:33 2009
           ===    Run No   1   ===
 Run title:  0.010642 2.025022 0.420127


  Number of points omitted at the beginning:          33
   *******   Working Directory :
   *******    Input file(s) :
           Condition P(rmin) = 0 is used. 
           Condition P(rmax) = 0 is used. 

          Experimental conditions for the first run
          -----------------------------------------

          Highest ALPHA is found to be   0.8035E+00

  The measure of inconsistency AN1 equals to    0.7088E+00
     Alpha    Discrp  Oscill  Stabil  Sysdev  Positv  Valcen    Total   
  0.8035E+03  6.0143  1.1269  0.8955  0.2275  1.0000  0.8753  0.36388
  0.1607E+03  4.4853  1.1063  0.6614  0.4551  1.0000  0.8826  0.44154
  0.3214E+02  2.2855  1.0662  0.3372  0.3234  1.0000  0.9020  0.39345
  0.6428E+01  0.9384  1.0669  0.1240  0.5030  1.0000  0.9241  0.58815
  0.1286E+01  0.5227  1.1119  0.0433  0.7665  1.0000  0.9396  0.87765
  0.2571E+00  0.4566  1.1599  0.0218  0.8144  1.0000  0.9485  0.91162
  0.5142E-01  0.4472  1.1990  0.0115  0.7784  1.0000  0.9521  0.89804
  0.1028E-01  0.4460  1.2239  0.0102  0.7844  1.0000  0.9532  0.90094
  0.2057E-02  0.4454  1.3103  0.0389  0.7844  1.0000  0.9533  0.87416
  0.4114E-03  0.4443  1.9041  0.0748  0.7844  0.9997  0.9492  0.67335
  0.8228E-04  0.4436  2.9395  0.0804  0.7844  0.9969  0.9368  0.60969
  0.1646E-04  0.4432  5.0377  0.2823  0.7844  0.9853  0.9017  0.46284
  0.3291E-05  0.4426  9.1384  0.3418  0.7844  0.9357  0.7783  0.39367
  0.6582E-06  0.4422 12.3903  0.5317  0.7844  0.8632  0.4582  0.35015
  0.1316E-06  0.4417 13.4280  0.8774  0.7844  0.7944  0.3783  0.00000

          ***  Golden section search to maximize estimate ***
     Alpha    Discrp  Oscill  Stabil  Sysdev  Positv  Valcen    Total   
  0.4755E+00  0.4684  1.1426  0.0278  0.8144  1.0000  0.9458  0.90871
  0.1608E+00  0.4518  1.1724  0.0185  0.8024  1.0000  0.9500  0.90749
  0.3252E+00  0.4601  1.1534  0.0238  0.8383  1.0000  0.9476  0.92118
  0.3759E+00  0.4628  1.1494  0.0253  0.8263  1.0000  0.9469  0.91537
  0.2973E+00  0.4586  1.1559  0.0230  0.8263  1.0000  0.9479  0.91644
  0.3437E+00  0.4611  1.1519  0.0244  0.8263  1.0000  0.9473  0.91580
  0.3142E+00  0.4595  1.1544  0.0235  0.8263  1.0000  0.9477  0.91620
  0.3321E+00  0.4604  1.1529  0.0240  0.8263  1.0000  0.9475  0.91596
  0.3209E+00  0.4598  1.1538  0.0237  0.8263  1.0000  0.9476  0.91611
  0.3278E+00  0.4602  1.1532  0.0239  0.8383  1.0000  0.9475  0.92114
  0.3235E+00  0.4600  1.1536  0.0238  0.8263  1.0000  0.9476  0.91607
  0.3262E+00  0.4601  1.1534  0.0239  0.8383  1.0000  0.9476  0.92116
  0.3245E+00  0.4600  1.1535  0.0238  0.8263  1.0000  0.9476  0.91606
  0.3255E+00  0.4601  1.1534  0.0239  0.8383  1.0000  0.9476  0.92117
  0.3249E+00  0.4601  1.1535  0.0238  0.8383  1.0000  0.9476  0.92118
  0.3249E+00  0.4601  1.1535  0.0238  0.8383  1.0000  0.9476  0.92118



             ####            Final results            ####

 Parameter    DISCRP    OSCILL    STABIL    SYSDEV    POSITV    VALCEN
 Weight        1.000     3.000     3.000     5.000     1.000     1.000
 Sigma         0.300     0.600     0.120     0.500     0.120     0.120
 Ideal         0.700     1.200     0.000     1.000     1.000     0.950
 Current       0.460     1.153     0.024     0.838     1.000     0.948
                - - - - - - - - - - - - - - - - - - - - - - - - - 
 Estimate      0.527     0.994     0.961     0.901     1.000     1.000

  Angular   range    :     from    0.0313   to    0.3214
  Real space range   :     from      0.00   to     71.60

  Highest ALPHA (theor) :   0.803E+03                 JOB = 0
  Current ALPHA         :   0.325E+00   Rg :  0.245E+02   I(0) :   0.131E+01

           Total  estimate : 0.921  which is  AN EXCELLENT  solution

      S          J EXP       ERROR       J REG       I REG

  0.0000E+00                                      0.1311E+01
  0.1119E-02                                      0.1311E+01
  0.2237E-02                                      0.1310E+01
  0.3356E-02                                      0.1308E+01
  0.4474E-02                                      0.1306E+01
  0.5593E-02                                      0.1303E+01
  0.6711E-02                                      0.1299E+01
  0.7830E-02                                      0.1295E+01
  0.8948E-02                                      0.1290E+01
  0.1007E-01                                      0.1285E+01
  0.1119E-01                                      0.1279E+01
  0.1230E-01                                      0.1272E+01
  0.1342E-01                                      0.1265E+01
  0.1454E-01                                      0.1257E+01
  0.1566E-01                                      0.1249E+01
  0.1678E-01                                      0.1240E+01
  0.1790E-01                                      0.1230E+01
  0.1902E-01                                      0.1220E+01
  0.2013E-01                                      0.1209E+01
  0.2125E-01                                      0.1198E+01
  0.2237E-01                                      0.1187E+01
  0.2349E-01                                      0.1174E+01
  0.2461E-01                                      0.1162E+01
  0.2573E-01                                      0.1149E+01
  0.2684E-01                                      0.1135E+01
  0.2796E-01                                      0.1122E+01
  0.2908E-01                                      0.1107E+01
  0.3020E-01                                      0.1093E+01
  0.3132E-01  0.1128E+01  0.6102E-01  0.1078E+01  0.1078E+01
  0.3193E-01  0.1065E+01  0.6574E-01  0.1070E+01  0.1070E+01
  0.3254E-01  0.1115E+01  0.6775E-01  0.1061E+01  0.1061E+01
  0.3314E-01  0.1002E+01  0.6246E-01  0.1053E+01  0.1053E+01
  0.3375E-01  0.9806E+00  0.6461E-01  0.1044E+01  0.1044E+01
  0.3436E-01  0.1071E+01  0.7929E-01  0.1036E+01  0.1036E+01
  0.3497E-01  0.9844E+00  0.6418E-01  0.1027E+01  0.1027E+01
  0.3558E-01  0.8725E+00  0.8959E-01  0.1018E+01  0.1018E+01
  0.3618E-01  0.1096E+01  0.6625E-01  0.1009E+01  0.1009E+01
  0.3679E-01  0.1013E+01  0.6565E-01  0.1000E+01  0.1000E+01
  0.3740E-01  0.1067E+01  0.5711E-01  0.9912E+00  0.9912E+00
  0.3801E-01  0.1047E+01  0.6180E-01  0.9821E+00  0.9821E+00
  0.3862E-01  0.1007E+01  0.5851E-01  0.9730E+00  0.9730E+00
  0.3922E-01  0.9217E+00  0.7399E-01  0.9638E+00  0.9638E+00
  0.3983E-01  0.9804E+00  0.5651E-01  0.9545E+00  0.9545E+00
  0.4044E-01  0.8667E+00  0.7250E-01  0.9452E+00  0.9452E+00
  0.4105E-01  0.9778E+00  0.5364E-01  0.9358E+00  0.9358E+00
  0.4166E-01  0.9232E+00  0.5353E-01  0.9264E+00  0.9264E+00
  0.4227E-01  0.9015E+00  0.5413E-01  0.9169E+00  0.9169E+00
  0.4287E-01  0.9517E+00  0.5110E-01  0.9074E+00  0.9074E+00
  0.4348E-01  0.9144E+00  0.5076E-01  0.8979E+00  0.8979E+00
  0.4409E-01  0.9141E+00  0.5916E-01  0.8884E+00  0.8884E+00
  0.4470E-01  0.7881E+00  0.5539E-01  0.8788E+00  0.8788E+00
  0.4531E-01  0.8474E+00  0.5332E-01  0.8691E+00  0.8691E+00
  0.4591E-01  0.7572E+00  0.5609E-01  0.8595E+00  0.8595E+00
  0.4652E-01  0.8874E+00  0.5756E-01  0.8498E+00  0.8498E+00
  0.4713E-01  0.9017E+00  0.5494E-01  0.8401E+00  0.8401E+00
  0.4774E-01  0.9124E+00  0.5193E-01  0.8304E+00  0.8304E+00
  0.4835E-01  0.8046E+00  0.4734E-01  0.8207E+00  0.8207E+00
  0.4895E-01  0.8516E+00  0.4399E-01  0.8110E+00  0.8110E+00
  0.4956E-01  0.8228E+00  0.5159E-01  0.8013E+00  0.8013E+00
  0.5017E-01  0.8183E+00  0.4966E-01  0.7915E+00  0.7915E+00
  0.5078E-01  0.9036E+00  0.5166E-01  0.7818E+00  0.7818E+00
  0.5139E-01  0.7926E+00  0.4790E-01  0.7721E+00  0.7721E+00
  0.5200E-01  0.8121E+00  0.4351E-01  0.7624E+00  0.7624E+00
  0.5260E-01  0.8046E+00  0.4218E-01  0.7526E+00  0.7526E+00
  0.5321E-01  0.6956E+00  0.4223E-01  0.7430E+00  0.7430E+00
  0.5382E-01  0.7188E+00  0.4905E-01  0.7333E+00  0.7333E+00
  0.5443E-01  0.7382E+00  0.4291E-01  0.7236E+00  0.7236E+00
  0.5504E-01  0.7171E+00  0.4431E-01  0.7140E+00  0.7140E+00
  0.5564E-01  0.6805E+00  0.4162E-01  0.7043E+00  0.7043E+00
  0.5625E-01  0.6396E+00  0.4239E-01  0.6947E+00  0.6947E+00
  0.5686E-01  0.7371E+00  0.4217E-01  0.6852E+00  0.6852E+00
  0.5747E-01  0.6697E+00  0.4379E-01  0.6756E+00  0.6756E+00
  0.5808E-01  0.6238E+00  0.4268E-01  0.6661E+00  0.6661E+00
  0.5868E-01  0.6619E+00  0.4892E-01  0.6567E+00  0.6567E+00
  0.5929E-01  0.6703E+00  0.4487E-01  0.6472E+00  0.6472E+00
  0.5990E-01  0.6634E+00  0.4192E-01  0.6379E+00  0.6379E+00
  0.6051E-01  0.6056E+00  0.4115E-01  0.6285E+00  0.6285E+00
  0.6112E-01  0.5401E+00  0.4306E-01  0.6192E+00  0.6192E+00
  0.6173E-01  0.5467E+00  0.3932E-01  0.6100E+00  0.6100E+00
  0.6233E-01  0.5651E+00  0.4141E-01  0.6008E+00  0.6008E+00
  0.6294E-01  0.5646E+00  0.4185E-01  0.5916E+00  0.5916E+00
  0.6355E-01  0.5009E+00  0.4248E-01  0.5825E+00  0.5825E+00
  0.6416E-01  0.6010E+00  0.4159E-01  0.5735E+00  0.5735E+00
  0.6477E-01  0.5370E+00  0.3909E-01  0.5645E+00  0.5645E+00
  0.6537E-01  0.6248E+00  0.4545E-01  0.5556E+00  0.5556E+00
  0.6598E-01  0.5854E+00  0.4818E-01  0.5467E+00  0.5467E+00
  0.6659E-01  0.5749E+00  0.4074E-01  0.5379E+00  0.5379E+00
  0.6720E-01  0.5053E+00  0.3692E-01  0.5292E+00  0.5292E+00
  0.6781E-01  0.5462E+00  0.4387E-01  0.5205E+00  0.5205E+00
  0.6841E-01  0.4356E+00  0.3443E-01  0.5119E+00  0.5119E+00
  0.6902E-01  0.4971E+00  0.4085E-01  0.5034E+00  0.5034E+00
  0.6963E-01  0.4461E+00  0.4209E-01  0.4950E+00  0.4950E+00
  0.7024E-01  0.4866E+00  0.3765E-01  0.4866E+00  0.4866E+00
  0.7085E-01  0.4513E+00  0.3779E-01  0.4783E+00  0.4783E+00
  0.7146E-01  0.4339E+00  0.3580E-01  0.4700E+00  0.4700E+00
  0.7206E-01  0.5103E+00  0.3342E-01  0.4619E+00  0.4619E+00
  0.7267E-01  0.4851E+00  0.3556E-01  0.4538E+00  0.4538E+00
  0.7328E-01  0.4588E+00  0.3452E-01  0.4458E+00  0.4458E+00
  0.7389E-01  0.4607E+00  0.3471E-01  0.4379E+00  0.4379E+00
  0.7450E-01  0.4378E+00  0.3401E-01  0.4301E+00  0.4301E+00
  0.7510E-01  0.4605E+00  0.3447E-01  0.4224E+00  0.4224E+00
  0.7571E-01  0.4541E+00  0.3504E-01  0.4147E+00  0.4147E+00
  0.7632E-01  0.4306E+00  0.3283E-01  0.4071E+00  0.4071E+00
  0.7693E-01  0.4037E+00  0.3492E-01  0.3996E+00  0.3996E+00
  0.7754E-01  0.3908E+00  0.5385E-01  0.3922E+00  0.3922E+00
  0.7814E-01  0.4167E+00  0.1123E+00  0.3849E+00  0.3849E+00
  0.7875E-01  0.3743E+00  0.3331E-01  0.3777E+00  0.3777E+00
  0.7936E-01  0.4029E+00  0.1441E+00  0.3706E+00  0.3706E+00
  0.7997E-01  0.4096E+00  0.4590E-01  0.3635E+00  0.3635E+00
  0.8058E-01  0.3881E+00  0.3493E-01  0.3566E+00  0.3566E+00
  0.8118E-01  0.3975E+00  0.3499E-01  0.3497E+00  0.3497E+00
  0.8179E-01  0.3714E+00  0.5578E-01  0.3429E+00  0.3429E+00
  0.8240E-01  0.4046E+00  0.3196E-01  0.3362E+00  0.3362E+00
  0.8301E-01  0.3752E+00  0.3990E-01  0.3296E+00  0.3296E+00
  0.8362E-01  0.4328E+00  0.3375E-01  0.3231E+00  0.3231E+00
  0.8423E-01  0.3296E+00  0.3549E-01  0.3167E+00  0.3167E+00
  0.8483E-01  0.3176E+00  0.3502E-01  0.3104E+00  0.3104E+00
  0.8544E-01  0.3139E+00  0.3186E-01  0.3042E+00  0.3042E+00
  0.8605E-01  0.2791E+00  0.3317E-01  0.2981E+00  0.2981E+00
  0.8666E-01  0.3202E+00  0.3416E-01  0.2920E+00  0.2920E+00
  0.8727E-01  0.2423E+00  0.3421E-01  0.2861E+00  0.2861E+00
  0.8787E-01  0.2112E+00  0.3161E-01  0.2802E+00  0.2802E+00
  0.8848E-01  0.2415E+00  0.3750E-01  0.2745E+00  0.2745E+00
  0.8909E-01  0.1915E+00  0.3066E-01  0.2688E+00  0.2688E+00
  0.8970E-01  0.2430E+00  0.3345E-01  0.2632E+00  0.2632E+00
  0.9031E-01  0.2403E+00  0.3137E-01  0.2577E+00  0.2577E+00
  0.9091E-01  0.2622E+00  0.3334E-01  0.2523E+00  0.2523E+00
  0.9152E-01  0.2620E+00  0.3448E-01  0.2470E+00  0.2470E+00
  0.9213E-01  0.2328E+00  0.3070E-01  0.2418E+00  0.2418E+00
  0.9274E-01  0.1908E+00  0.3305E-01  0.2367E+00  0.2367E+00
  0.9335E-01  0.2013E+00  0.2896E-01  0.2317E+00  0.2317E+00
  0.9396E-01  0.1926E+00  0.2870E-01  0.2267E+00  0.2267E+00
  0.9456E-01  0.1899E+00  0.3072E-01  0.2219E+00  0.2219E+00
  0.9517E-01  0.2146E+00  0.3153E-01  0.2171E+00  0.2171E+00
  0.9578E-01  0.2251E+00  0.3004E-01  0.2125E+00  0.2125E+00
  0.9639E-01  0.2668E+00  0.3265E-01  0.2079E+00  0.2079E+00
  0.9700E-01  0.2377E+00  0.3326E-01  0.2034E+00  0.2034E+00
  0.9760E-01  0.2262E+00  0.2971E-01  0.1990E+00  0.1990E+00
  0.9821E-01  0.2062E+00  0.3138E-01  0.1946E+00  0.1946E+00
  0.9882E-01  0.1840E+00  0.3445E-01  0.1904E+00  0.1904E+00
  0.9943E-01  0.2217E+00  0.3261E-01  0.1862E+00  0.1862E+00
  0.1000E+00  0.1761E+00  0.2996E-01  0.1822E+00  0.1822E+00
  0.1006E+00  0.1743E+00  0.3191E-01  0.1782E+00  0.1782E+00
  0.1013E+00  0.2061E+00  0.2963E-01  0.1743E+00  0.1743E+00
  0.1019E+00  0.1779E+00  0.3159E-01  0.1705E+00  0.1705E+00
  0.1025E+00  0.2103E+00  0.2922E-01  0.1667E+00  0.1667E+00
  0.1031E+00  0.2299E+00  0.2761E-01  0.1630E+00  0.1630E+00
  0.1037E+00  0.1834E+00  0.2995E-01  0.1594E+00  0.1594E+00
  0.1043E+00  0.1589E+00  0.2667E-01  0.1559E+00  0.1559E+00
  0.1049E+00  0.1418E+00  0.2689E-01  0.1525E+00  0.1525E+00
  0.1055E+00  0.1647E+00  0.2656E-01  0.1492E+00  0.1492E+00
  0.1061E+00  0.1579E+00  0.2801E-01  0.1459E+00  0.1459E+00
  0.1067E+00  0.1853E+00  0.2761E-01  0.1427E+00  0.1427E+00
  0.1073E+00  0.1570E+00  0.2894E-01  0.1395E+00  0.1395E+00
  0.1079E+00  0.2230E+00  0.2967E-01  0.1365E+00  0.1365E+00
  0.1085E+00  0.1405E+00  0.2796E-01  0.1335E+00  0.1335E+00
  0.1092E+00  0.1626E+00  0.2898E-01  0.1305E+00  0.1305E+00
  0.1098E+00  0.1553E+00  0.2634E-01  0.1277E+00  0.1277E+00
  0.1104E+00  0.1055E+00  0.2738E-01  0.1249E+00  0.1249E+00
  0.1110E+00  0.1256E+00  0.2602E-01  0.1222E+00  0.1222E+00
  0.1116E+00  0.1336E+00  0.2536E-01  0.1195E+00  0.1195E+00
  0.1122E+00  0.6448E-01  0.2706E-01  0.1169E+00  0.1169E+00
  0.1128E+00  0.2942E-01  0.2580E-01  0.1144E+00  0.1144E+00
  0.1134E+00  0.5537E-01  0.2928E-01  0.1119E+00  0.1119E+00
  0.1140E+00  0.2509E-01  0.2732E-01  0.1095E+00  0.1095E+00
  0.1146E+00  0.7513E-01  0.2955E-01  0.1072E+00  0.1072E+00
  0.1152E+00  0.6835E-01  0.2345E-01  0.1049E+00  0.1049E+00
  0.1158E+00  0.7805E-01  0.2755E-01  0.1027E+00  0.1027E+00
  0.1165E+00  0.1133E+00  0.2705E-01  0.1005E+00  0.1005E+00
  0.1171E+00  0.1076E+00  0.2734E-01  0.9839E-01  0.9839E-01
  0.1177E+00  0.1590E+00  0.2821E-01  0.9633E-01  0.9633E-01
  0.1183E+00  0.1408E+00  0.2705E-01  0.9432E-01  0.9432E-01
  0.1189E+00  0.5432E-01  0.2671E-01  0.9237E-01  0.9237E-01
  0.1195E+00  0.8760E-01  0.2661E-01  0.9047E-01  0.9047E-01
  0.1201E+00  0.6789E-01  0.2939E-01  0.8862E-01  0.8862E-01
  0.1207E+00  0.1055E+00  0.2707E-01  0.8681E-01  0.8681E-01
  0.1213E+00  0.9032E-01  0.2837E-01  0.8506E-01  0.8506E-01
  0.1219E+00  0.3706E-01  0.2486E-01  0.8335E-01  0.8335E-01
  0.1225E+00  0.9423E-01  0.2714E-01  0.8169E-01  0.8169E-01
  0.1231E+00  0.8116E-01  0.2689E-01  0.8007E-01  0.8007E-01
  0.1238E+00  0.8354E-01  0.3007E-01  0.7850E-01  0.7850E-01
  0.1244E+00  0.1076E+00  0.2461E-01  0.7697E-01  0.7697E-01
  0.1250E+00  0.3776E-01  0.2510E-01  0.7548E-01  0.7548E-01
  0.1256E+00  0.1237E+00  0.2519E-01  0.7404E-01  0.7404E-01
  0.1262E+00  0.8577E-01  0.2706E-01  0.7263E-01  0.7263E-01
  0.1268E+00  0.7310E-01  0.2467E-01  0.7126E-01  0.7126E-01
  0.1274E+00  0.9199E-02  0.2602E-01  0.6993E-01  0.6993E-01
  0.1280E+00  0.6020E-01  0.2467E-01  0.6864E-01  0.6864E-01
  0.1286E+00  0.3912E-01  0.2458E-01  0.6738E-01  0.6738E-01
  0.1292E+00  0.1126E+00  0.2463E-01  0.6616E-01  0.6616E-01
  0.1298E+00  0.5853E-01  0.2360E-01  0.6498E-01  0.6498E-01
  0.1304E+00  0.6889E-01  0.2568E-01  0.6382E-01  0.6382E-01
  0.1310E+00  0.3659E-01  0.2443E-01  0.6270E-01  0.6270E-01
  0.1317E+00  0.2657E-01  0.2397E-01  0.6161E-01  0.6161E-01
  0.1323E+00  0.3232E-01  0.2570E-01  0.6055E-01  0.6055E-01
  0.1329E+00  0.7108E-01  0.2483E-01  0.5952E-01  0.5952E-01
  0.1335E+00  0.4420E-01  0.2458E-01  0.5852E-01  0.5852E-01
  0.1341E+00  0.8191E-01  0.2544E-01  0.5755E-01  0.5755E-01
  0.1347E+00  0.7949E-01  0.2434E-01  0.5660E-01  0.5660E-01
  0.1353E+00  0.5319E-01  0.2659E-01  0.5568E-01  0.5568E-01
  0.1359E+00  0.6460E-01  0.2531E-01  0.5479E-01  0.5479E-01
  0.1365E+00  0.6121E-01  0.2232E-01  0.5392E-01  0.5392E-01
  0.1371E+00  0.8187E-01  0.2418E-01  0.5307E-01  0.5307E-01
  0.1377E+00  0.2644E-01  0.2380E-01  0.5225E-01  0.5225E-01
  0.1383E+00  0.5067E-02  0.2622E-01  0.5145E-01  0.5145E-01
  0.1390E+00  0.1743E-01  0.2505E-01  0.5067E-01  0.5067E-01
  0.1396E+00  0.3495E-02  0.2622E-01  0.4992E-01  0.4992E-01
  0.1402E+00  0.2561E-01  0.2602E-01  0.4918E-01  0.4918E-01
  0.1408E+00  0.1933E-01  0.2682E-01  0.4846E-01  0.4846E-01
  0.1414E+00  0.1998E-01  0.2494E-01  0.4776E-01  0.4776E-01
  0.1420E+00  0.8131E-01  0.2623E-01  0.4709E-01  0.4709E-01
  0.1426E+00  0.3806E-01  0.2528E-01  0.4642E-01  0.4642E-01
  0.1432E+00  0.3270E-01  0.2388E-01  0.4578E-01  0.4578E-01
  0.1438E+00  0.3240E-01  0.2327E-01  0.4515E-01  0.4515E-01
  0.1450E+00  0.4438E-01  0.2672E-01  0.4395E-01  0.4395E-01
  0.1456E+00  0.1850E-03  0.2409E-01  0.4337E-01  0.4337E-01
  0.1463E+00  0.2462E-01  0.2647E-01  0.4280E-01  0.4280E-01
  0.1469E+00  0.5789E-01  0.2390E-01  0.4225E-01  0.4225E-01
  0.1475E+00  0.4732E-01  0.2447E-01  0.4171E-01  0.4171E-01
  0.1481E+00  0.5274E-01  0.2364E-01  0.4118E-01  0.4118E-01
  0.1487E+00  0.6161E-01  0.2490E-01  0.4067E-01  0.4067E-01
  0.1493E+00  0.5497E-01  0.2379E-01  0.4016E-01  0.4016E-01
  0.1499E+00  0.3857E-01  0.2318E-01  0.3967E-01  0.3967E-01
  0.1505E+00  0.3924E-01  0.2209E-01  0.3919E-01  0.3919E-01
  0.1511E+00  0.3836E-01  0.2423E-01  0.3873E-01  0.3873E-01
  0.1517E+00  0.6053E-01  0.2337E-01  0.3827E-01  0.3827E-01
  0.1523E+00  0.2354E-01  0.2469E-01  0.3782E-01  0.3782E-01
  0.1529E+00  0.1221E-01  0.2281E-01  0.3738E-01  0.3738E-01
  0.1542E+00  0.3932E-01  0.2480E-01  0.3653E-01  0.3653E-01
  0.1548E+00  0.1984E-01  0.2233E-01  0.3612E-01  0.3612E-01
  0.1554E+00  0.1743E-01  0.2419E-01  0.3571E-01  0.3571E-01
  0.1566E+00  0.3544E-01  0.2398E-01  0.3493E-01  0.3493E-01
  0.1578E+00  0.4893E-01  0.2284E-01  0.3417E-01  0.3417E-01
  0.1584E+00  0.3790E-01  0.2209E-01  0.3380E-01  0.3380E-01
  0.1590E+00  0.4593E-01  0.2187E-01  0.3344E-01  0.3344E-01
  0.1596E+00  0.6144E-01  0.2203E-01  0.3308E-01  0.3308E-01
  0.1602E+00  0.2350E-01  0.2317E-01  0.3274E-01  0.3274E-01
  0.1608E+00  0.4036E-01  0.2187E-01  0.3239E-01  0.3239E-01
  0.1621E+00  0.1759E-01  0.2172E-01  0.3172E-01  0.3172E-01
  0.1633E+00  0.4290E-01  0.4610E-01  0.3107E-01  0.3107E-01
  0.1639E+00  0.1244E-01  0.2199E-01  0.3075E-01  0.3075E-01
  0.1645E+00  0.1648E-01  0.4881E-01  0.3044E-01  0.3044E-01
  0.1651E+00  0.3992E-01  0.2288E-01  0.3013E-01  0.3013E-01
  0.1663E+00  0.5990E-01  0.2151E-01  0.2953E-01  0.2953E-01
  0.1669E+00  0.6204E-01  0.2228E-01  0.2923E-01  0.2923E-01
  0.1675E+00  0.3141E-01  0.2163E-01  0.2894E-01  0.2894E-01
  0.1681E+00  0.2144E-01  0.2217E-01  0.2865E-01  0.2865E-01
  0.1688E+00  0.2302E-01  0.2081E-01  0.2837E-01  0.2837E-01
  0.1694E+00  0.3425E-01  0.2215E-01  0.2809E-01  0.2809E-01
  0.1706E+00  0.2068E-01  0.2235E-01  0.2754E-01  0.2754E-01
  0.1718E+00  0.2923E-01  0.2688E-01  0.2700E-01  0.2700E-01
  0.1736E+00  0.1187E-01  0.2557E-01  0.2622E-01  0.2622E-01
  0.1742E+00  0.1861E-01  0.2013E-01  0.2596E-01  0.2596E-01
  0.1754E+00  0.8226E-02  0.2226E-01  0.2546E-01  0.2546E-01
  0.1760E+00  0.1310E-01  0.2088E-01  0.2522E-01  0.2522E-01
  0.1767E+00  0.1189E-01  0.1961E-01  0.2497E-01  0.2497E-01
  0.1773E+00  0.4148E-01  0.2042E-01  0.2473E-01  0.2473E-01
  0.1779E+00  0.2901E-01  0.2211E-01  0.2450E-01  0.2450E-01
  0.1785E+00  0.4591E-01  0.2247E-01  0.2426E-01  0.2426E-01
  0.1791E+00  0.5917E-02  0.2255E-01  0.2403E-01  0.2403E-01
  0.1797E+00  0.8520E-02  0.2302E-01  0.2380E-01  0.2380E-01
  0.1803E+00  0.2728E-01  0.2089E-01  0.2357E-01  0.2357E-01
  0.1809E+00  0.1953E-01  0.2232E-01  0.2335E-01  0.2335E-01
  0.1815E+00  0.1925E-01  0.2068E-01  0.2313E-01  0.2313E-01
  0.1821E+00  0.3055E-01  0.2107E-01  0.2291E-01  0.2291E-01
  0.1840E+00  0.6825E-01  0.2236E-01  0.2227E-01  0.2227E-01
  0.1846E+00  0.2690E-01  0.2076E-01  0.2206E-01  0.2206E-01
  0.1852E+00  0.3737E-02  0.2035E-01  0.2185E-01  0.2185E-01
  0.1858E+00  0.1403E-01  0.2050E-01  0.2165E-01  0.2165E-01
  0.1864E+00  0.1823E-01  0.1939E-01  0.2144E-01  0.2144E-01
  0.1870E+00  0.1195E-01  0.1878E-01  0.2124E-01  0.2124E-01
  0.1876E+00  0.4249E-02  0.2148E-01  0.2105E-01  0.2105E-01
  0.1882E+00  0.1936E-01  0.2153E-01  0.2085E-01  0.2085E-01
  0.1888E+00  0.8893E-02  0.2029E-01  0.2066E-01  0.2066E-01
  0.1894E+00  0.9863E-02  0.2034E-01  0.2047E-01  0.2047E-01
  0.1900E+00  0.9679E-02  0.1989E-01  0.2028E-01  0.2028E-01
  0.1906E+00  0.9901E-02  0.2008E-01  0.2010E-01  0.2010E-01
  0.1925E+00  0.1022E-01  0.2122E-01  0.1956E-01  0.1956E-01
  0.1937E+00  0.5111E-02  0.2054E-01  0.1921E-01  0.1921E-01
  0.1943E+00  0.1087E-01  0.2054E-01  0.1904E-01  0.1904E-01
  0.1949E+00  0.6250E-01  0.1912E-01  0.1887E-01  0.1887E-01
  0.1955E+00  0.5573E-01  0.2070E-01  0.1870E-01  0.1870E-01
  0.1961E+00  0.6331E-01  0.1921E-01  0.1854E-01  0.1854E-01
  0.1967E+00  0.4338E-01  0.1997E-01  0.1838E-01  0.1838E-01
  0.1973E+00  0.3888E-01  0.1914E-01  0.1822E-01  0.1822E-01
  0.1979E+00  0.4173E-01  0.2082E-01  0.1806E-01  0.1806E-01
  0.1992E+00  0.5303E-02  0.2120E-01  0.1776E-01  0.1776E-01
  0.2022E+00  0.1009E-02  0.1952E-01  0.1703E-01  0.1703E-01
  0.2034E+00  0.1105E-01  0.1944E-01  0.1675E-01  0.1675E-01
  0.2040E+00  0.1883E-01  0.1914E-01  0.1662E-01  0.1662E-01
  0.2046E+00  0.1396E-01  0.1996E-01  0.1648E-01  0.1648E-01
  0.2052E+00  0.2421E-01  0.1884E-01  0.1635E-01  0.1635E-01
  0.2071E+00  0.1665E-02  0.1887E-01  0.1598E-01  0.1598E-01
  0.2077E+00  0.5240E-03  0.2000E-01  0.1585E-01  0.1585E-01
  0.2089E+00  0.2826E-01  0.1888E-01  0.1562E-01  0.1562E-01
  0.2131E+00  0.7976E-02  0.1896E-01  0.1485E-01  0.1485E-01
  0.2144E+00  0.1997E-01  0.1844E-01  0.1465E-01  0.1465E-01
  0.2162E+00  0.2576E-02  0.1805E-01  0.1436E-01  0.1436E-01
  0.2174E+00  0.2292E-01  0.1880E-01  0.1417E-01  0.1417E-01
  0.2180E+00  0.2848E-01  0.1968E-01  0.1408E-01  0.1408E-01
  0.2186E+00  0.1222E-01  0.1967E-01  0.1399E-01  0.1399E-01
  0.2198E+00  0.8885E-02  0.1932E-01  0.1382E-01  0.1382E-01
  0.2204E+00  0.1117E-01  0.1837E-01  0.1374E-01  0.1374E-01
  0.2210E+00  0.2216E-01  0.1933E-01  0.1366E-01  0.1366E-01
  0.2229E+00  0.2374E-02  0.1846E-01  0.1343E-01  0.1343E-01
  0.2277E+00  0.6604E-02  0.1915E-01  0.1287E-01  0.1287E-01
  0.2289E+00  0.1328E-01  0.1893E-01  0.1275E-01  0.1275E-01
  0.2302E+00  0.1130E-01  0.1802E-01  0.1263E-01  0.1263E-01
  0.2314E+00  0.2243E-01  0.1879E-01  0.1252E-01  0.1252E-01
  0.2320E+00  0.1080E-02  0.1948E-01  0.1246E-01  0.1246E-01
  0.2326E+00  0.9768E-02  0.1706E-01  0.1241E-01  0.1241E-01
  0.2332E+00  0.1367E-01  0.2380E-01  0.1236E-01  0.1236E-01
  0.2338E+00  0.1571E-01  0.1776E-01  0.1230E-01  0.1230E-01
  0.2344E+00  0.2768E-02  0.3382E-01  0.1226E-01  0.1226E-01
  0.2387E+00  0.8058E-02  0.1685E-01  0.1194E-01  0.1194E-01
  0.2393E+00  0.2939E-01  0.1867E-01  0.1190E-01  0.1190E-01
  0.2411E+00  0.1207E-01  0.1890E-01  0.1179E-01  0.1179E-01
  0.2423E+00  0.4940E-02  0.2474E-01  0.1172E-01  0.1172E-01
  0.2429E+00  0.3160E-02  0.1784E-01  0.1168E-01  0.1168E-01
  0.2448E+00  0.7731E-02  0.1716E-01  0.1159E-01  0.1159E-01
  0.2472E+00  0.2524E-01  0.1745E-01  0.1148E-01  0.1148E-01
  0.2478E+00  0.7242E-02  0.1767E-01  0.1145E-01  0.1145E-01
  0.2484E+00  0.4910E-03  0.1869E-01  0.1142E-01  0.1142E-01
  0.2533E+00  0.1317E-01  0.3096E-01  0.1126E-01  0.1126E-01
  0.2539E+00  0.1870E-02  0.1914E-01  0.1125E-01  0.1125E-01
  0.2545E+00  0.2413E-02  0.1760E-01  0.1123E-01  0.1123E-01
  0.2551E+00  0.7213E-02  0.1704E-01  0.1122E-01  0.1122E-01
  0.2587E+00  0.2432E-01  0.1665E-01  0.1114E-01  0.1114E-01
  0.2593E+00  0.1400E-01  0.1664E-01  0.1114E-01  0.1114E-01
  0.2648E+00  0.3099E-02  0.1626E-01  0.1109E-01  0.1109E-01
  0.2685E+00  0.7026E-02  0.1674E-01  0.1108E-01  0.1108E-01
  0.2697E+00  0.9594E-02  0.1731E-01  0.1109E-01  0.1109E-01
  0.2703E+00  0.4866E-02  0.1596E-01  0.1109E-01  0.1109E-01
  0.2721E+00  0.7213E-02  0.1657E-01  0.1110E-01  0.1110E-01
  0.2745E+00  0.3624E-02  0.7301E-01  0.1111E-01  0.1111E-01
  0.2758E+00  0.2064E-01  0.8071E-01  0.1112E-01  0.1112E-01
  0.2764E+00  0.1731E-01  0.1596E-01  0.1113E-01  0.1113E-01
  0.2776E+00  0.8507E-02  0.1710E-01  0.1114E-01  0.1114E-01
  0.2782E+00  0.5009E-02  0.1642E-01  0.1115E-01  0.1115E-01
  0.2825E+00  0.8638E-02  0.1576E-01  0.1120E-01  0.1120E-01
  0.2831E+00  0.1143E-01  0.1529E-01  0.1120E-01  0.1120E-01
  0.2837E+00  0.1931E-01  0.1621E-01  0.1121E-01  0.1121E-01
  0.2849E+00  0.3785E-02  0.1663E-01  0.1123E-01  0.1123E-01
  0.2855E+00  0.2211E-01  0.1571E-01  0.1123E-01  0.1123E-01
  0.2922E+00  0.2191E-01  0.1530E-01  0.1129E-01  0.1129E-01
  0.2952E+00  0.3104E-02  0.1593E-01  0.1131E-01  0.1131E-01
  0.2976E+00  0.5393E-02  0.1442E-01  0.1131E-01  0.1131E-01
  0.2989E+00  0.1600E-04  0.1461E-01  0.1131E-01  0.1131E-01
  0.3001E+00  0.3662E-02  0.3735E-01  0.1130E-01  0.1130E-01
  0.3013E+00  0.4108E-02  0.1504E-01  0.1130E-01  0.1130E-01
  0.3025E+00  0.2497E-01  0.1473E-01  0.1129E-01  0.1129E-01
  0.3043E+00  0.1026E-01  0.1553E-01  0.1127E-01  0.1127E-01
  0.3116E+00  0.2023E-01  0.1399E-01  0.1112E-01  0.1112E-01
  0.3128E+00  0.2062E-01  0.1456E-01  0.1109E-01  0.1109E-01
  0.3147E+00  0.4444E-02  0.1558E-01  0.1103E-01  0.1103E-01
  0.3153E+00  0.8351E-02  0.1866E-01  0.1101E-01  0.1101E-01
  0.3159E+00  0.8517E-02  0.1756E-01  0.1099E-01  0.1099E-01
  0.3171E+00  0.2109E-01  0.1847E-01  0.1094E-01  0.1094E-01
  0.3189E+00  0.5799E-02  0.2013E-01  0.1087E-01  0.1087E-01
  0.3195E+00  0.5173E-02  0.2086E-01  0.1084E-01  0.1084E-01
  0.3201E+00  0.2642E-01  0.2082E-01  0.1081E-01  0.1081E-01
  0.3208E+00  0.3378E-01  0.2287E-01  0.1078E-01  0.1078E-01
  0.3214E+00  0.1367E-01  0.2286E-01  0.1076E-01  0.1076E-01

           Distance distribution  function of particle  


       R          P(R)      ERROR

  0.0000E+00  0.0000E+00  0.0000E+00
  0.7160E+00  0.6271E-04  0.1285E-04
  0.1432E+01  0.1255E-03  0.2226E-04
  0.2148E+01  0.1884E-03  0.2840E-04
  0.2864E+01  0.2518E-03  0.3155E-04
  0.3580E+01  0.3161E-03  0.3208E-04
  0.4296E+01  0.3815E-03  0.3051E-04
  0.5012E+01  0.4487E-03  0.2749E-04
  0.5728E+01  0.5181E-03  0.2393E-04
  0.6444E+01  0.5901E-03  0.2113E-04
  0.7160E+01  0.6652E-03  0.2057E-04
  0.7876E+01  0.7439E-03  0.2287E-04
  0.8592E+01  0.8263E-03  0.2716E-04
  0.9308E+01  0.9128E-03  0.3218E-04
  0.1002E+02  0.1003E-02  0.3701E-04
  0.1074E+02  0.1098E-02  0.4110E-04
  0.1146E+02  0.1197E-02  0.4412E-04
  0.1217E+02  0.1299E-02  0.4594E-04
  0.1289E+02  0.1404E-02  0.4658E-04
  0.1360E+02  0.1511E-02  0.4618E-04
  0.1432E+02  0.1620E-02  0.4504E-04
  0.1504E+02  0.1730E-02  0.4356E-04
  0.1575E+02  0.1839E-02  0.4225E-04
  0.1647E+02  0.1947E-02  0.4161E-04
  0.1718E+02  0.2053E-02  0.4205E-04
  0.1790E+02  0.2156E-02  0.4365E-04
  0.1862E+02  0.2254E-02  0.4622E-04
  0.1933E+02  0.2347E-02  0.4936E-04
  0.2005E+02  0.2434E-02  0.5261E-04
  0.2076E+02  0.2513E-02  0.5553E-04
  0.2148E+02  0.2585E-02  0.5781E-04
  0.2220E+02  0.2649E-02  0.5922E-04
  0.2291E+02  0.2704E-02  0.5966E-04
  0.2363E+02  0.2751E-02  0.5915E-04
  0.2434E+02  0.2789E-02  0.5780E-04
  0.2506E+02  0.2818E-02  0.5584E-04
  0.2578E+02  0.2839E-02  0.5361E-04
  0.2649E+02  0.2852E-02  0.5153E-04
  0.2721E+02  0.2857E-02  0.5004E-04
  0.2792E+02  0.2855E-02  0.4951E-04
  0.2864E+02  0.2848E-02  0.5014E-04
  0.2936E+02  0.2834E-02  0.5188E-04
  0.3007E+02  0.2816E-02  0.5446E-04
  0.3079E+02  0.2793E-02  0.5747E-04
  0.3150E+02  0.2767E-02  0.6053E-04
  0.3222E+02  0.2737E-02  0.6328E-04
  0.3294E+02  0.2705E-02  0.6545E-04
  0.3365E+02  0.2671E-02  0.6688E-04
  0.3437E+02  0.2635E-02  0.6748E-04
  0.3508E+02  0.2597E-02  0.6724E-04
  0.3580E+02  0.2558E-02  0.6625E-04
  0.3652E+02  0.2517E-02  0.6464E-04
  0.3723E+02  0.2475E-02  0.6259E-04
  0.3795E+02  0.2430E-02  0.6033E-04
  0.3866E+02  0.2384E-02  0.5809E-04
  0.3938E+02  0.2336E-02  0.5610E-04
  0.4010E+02  0.2285E-02  0.5453E-04
  0.4081E+02  0.2232E-02  0.5350E-04
  0.4153E+02  0.2176E-02  0.5301E-04
  0.4224E+02  0.2117E-02  0.5301E-04
  0.4296E+02  0.2055E-02  0.5339E-04
  0.4368E+02  0.1990E-02  0.5402E-04
  0.4439E+02  0.1922E-02  0.5480E-04
  0.4511E+02  0.1851E-02  0.5563E-04
  0.4582E+02  0.1777E-02  0.5648E-04
  0.4654E+02  0.1701E-02  0.5735E-04
  0.4726E+02  0.1623E-02  0.5826E-04
  0.4797E+02  0.1544E-02  0.5925E-04
  0.4869E+02  0.1463E-02  0.6035E-04
  0.4940E+02  0.1382E-02  0.6159E-04
  0.5012E+02  0.1301E-02  0.6295E-04
  0.5084E+02  0.1221E-02  0.6442E-04
  0.5155E+02  0.1142E-02  0.6596E-04
  0.5227E+02  0.1064E-02  0.6750E-04
  0.5298E+02  0.9895E-03  0.6900E-04
  0.5370E+02  0.9174E-03  0.7043E-04
  0.5442E+02  0.8486E-03  0.7174E-04
  0.5513E+02  0.7832E-03  0.7293E-04
  0.5585E+02  0.7217E-03  0.7399E-04
  0.5656E+02  0.6640E-03  0.7494E-04
  0.5728E+02  0.6104E-03  0.7578E-04
  0.5800E+02  0.5607E-03  0.7651E-04
  0.5871E+02  0.5149E-03  0.7713E-04
  0.5943E+02  0.4728E-03  0.7760E-04
  0.6014E+02  0.4341E-03  0.7788E-04
  0.6086E+02  0.3985E-03  0.7790E-04
  0.6158E+02  0.3656E-03  0.7760E-04
  0.6229E+02  0.3352E-03  0.7688E-04
  0.6301E+02  0.3068E-03  0.7567E-04
  0.6372E+02  0.2800E-03  0.7389E-04
  0.6444E+02  0.2544E-03  0.7145E-04
  0.6516E+02  0.2297E-03  0.6831E-04
  0.6587E+02  0.2055E-03  0.6441E-04
  0.6659E+02  0.1815E-03  0.5969E-04
  0.6730E+02  0.1573E-03  0.5411E-04
  0.6802E+02  0.1329E-03  0.4763E-04
  0.6874E+02  0.1079E-03  0.4021E-04
  0.6945E+02  0.8222E-04  0.3179E-04
  0.7017E+02  0.5574E-04  0.2232E-04
  0.7088E+02  0.2836E-04  0.1174E-04
  0.7160E+02  0.0000E+00  0.0000E+00
          Reciprocal space: Rg =   24.47     , I(0) =   0.1311E+01
     Real space: Rg =   24.44 +- 0.261  I(0) =   0.1311E+01 +-  0.1865E-01
