
           ####    G N O M   ---   Version 4.5a revised 09/02/02     ####

                                                  Tue Nov  3 18:06:28 2009
           ===    Run No   1   ===
 Run title:  0.010642 0.486988 0.493091


  Number of points omitted at the beginning:          56
   *******   Working Directory :
   *******    Input file(s) :
           Condition P(rmin) = 0 is used. 
           Condition P(rmax) = 0 is used. 

          Experimental conditions for the first run
          -----------------------------------------

          Highest ALPHA is found to be   0.1090E+00

  The measure of inconsistency AN1 equals to    0.6803E+00
     Alpha    Discrp  Oscill  Stabil  Sysdev  Positv  Valcen    Total   
  0.1090E+03  2.5183  1.1102  0.8454  0.3613  1.0000  0.8779  0.40060
  0.2180E+02  1.7545  1.0721  0.5686  0.6968  1.0000  0.8892  0.57872
  0.4360E+01  0.9711  1.0145  0.3118  0.7742  1.0000  0.9101  0.65321
  0.8720E+00  0.5710  1.0076  0.1538  0.8452  1.0000  0.9175  0.75647
  0.1744E+00  0.4693  1.0336  0.0594  0.9226  1.0000  0.9093  0.88940
  0.3488E-01  0.4556  1.0684  0.0229  0.9613  1.0000  0.9003  0.93637
  0.6976E-02  0.4535  1.1249  0.0363  0.9742  1.0000  0.9014  0.93201
  0.1395E-02  0.4508  1.5090  0.0915  0.9742  1.0000  0.9138  0.81384
  0.2790E-03  0.4485  2.3608  0.0798  0.9613  1.0000  0.9242  0.67487
  0.5581E-04  0.4480  2.8535  0.0702  0.9613  1.0000  0.9272  0.68505
  0.1116E-04  0.4479  3.4518  0.2013  0.9613  0.9972  0.9263  0.54534
  0.2232E-05  0.4477  6.2521  0.5768  0.9613  0.9712  0.6310  0.45984
  0.4465E-06  0.4467  9.1202  0.8316  0.9484  0.8336  0.4889  0.40261
  0.8929E-07  0.4442  9.6500  0.6062  0.9355  0.7455  0.4165  0.38656
  0.1786E-07  0.4420 10.2745  0.2938  0.9355  0.7254  0.3971  0.38626
  0.3572E-08  0.4411 12.0518  0.7876  0.9097  0.7199  0.3899  0.37990
  0.7144E-09  0.4389 10.9356  0.8437  0.9097  0.7152  0.3778  0.37942
  0.1429E-09  0.4353 10.0929  0.4865  0.9226  0.7146  0.3718  0.38173
  0.2857E-10  0.4336  9.3060  0.4174  0.9613  0.7199  0.4011  0.38992
  0.5715E-11  0.4318  9.5451  0.7299  0.9484  0.7273  0.4139  0.38968
  0.1143E-11  0.4263 10.5630  0.7070  0.9613  0.7281  0.3978  0.38863
  0.2286E-12  0.4179 11.3259  0.4376  0.9484  0.7358  0.4056  0.38720
  0.4572E-13  0.4087 15.1196  0.5570  0.9355  0.7274  0.4177  0.00000

          ***  Golden section search to maximize estimate ***
     Alpha    Discrp  Oscill  Stabil  Sysdev  Positv  Valcen    Total   
  0.1290E-01  0.4541  1.0934  0.0235  0.9742  1.0000  0.8996  0.93878
  0.2386E-01  0.4549  1.0768  0.0201  0.9742  1.0000  0.8995  0.93885
  0.1631E-01  0.4544  1.0862  0.0210  0.9742  1.0000  0.8994  0.93943
  0.2063E-01  0.4547  1.0802  0.0200  0.9742  1.0000  0.8994  0.93930
  0.1785E-01  0.4545  1.0838  0.0204  0.9742  1.0000  0.8993  0.93947
  0.1724E-01  0.4545  1.0847  0.0206  0.9742  1.0000  0.8993  0.93947
  0.1823E-01  0.4545  1.0832  0.0203  0.9742  1.0000  0.8993  0.93946
  0.1761E-01  0.4545  1.0841  0.0205  0.9742  1.0000  0.8993  0.93947
  0.1747E-01  0.4545  1.0843  0.0205  0.9742  1.0000  0.8993  0.93947
  0.1770E-01  0.4545  1.0840  0.0205  0.9742  1.0000  0.8993  0.93947
  0.1756E-01  0.4545  1.0842  0.0205  0.9742  1.0000  0.8993  0.93947
  0.1756E-01  0.4545  1.0842  0.0205  0.9742  1.0000  0.8993  0.93947



             ####            Final results            ####

 Parameter    DISCRP    OSCILL    STABIL    SYSDEV    POSITV    VALCEN
 Weight        1.000     3.000     3.000     5.000     1.000     1.000
 Sigma         0.300     0.600     0.120     0.500     0.120     0.120
 Ideal         0.700     1.200     0.000     1.000     1.000     0.950
 Current       0.454     1.084     0.020     0.974     1.000     0.899
                - - - - - - - - - - - - - - - - - - - - - - - - - 
 Estimate      0.512     0.963     0.971     1.000     1.000     0.837

  Angular   range    :     from    0.0459   to    0.3250
  Real space range   :     from      0.00   to     56.03

  Highest ALPHA (theor) :   0.109E+03                 JOB = 0
  Current ALPHA         :   0.176E-01   Rg :  0.231E+02   I(0) :   0.619E+00

           Total  estimate : 0.939  which is  AN EXCELLENT  solution

      S          J EXP       ERROR       J REG       I REG

  0.0000E+00                                      0.6191E+00
  0.1640E-02                                      0.6188E+00
  0.3280E-02                                      0.6180E+00
  0.4919E-02                                      0.6165E+00
  0.6559E-02                                      0.6145E+00
  0.8199E-02                                      0.6118E+00
  0.9839E-02                                      0.6087E+00
  0.1148E-01                                      0.6049E+00
  0.1312E-01                                      0.6006E+00
  0.1476E-01                                      0.5958E+00
  0.1640E-01                                      0.5904E+00
  0.1804E-01                                      0.5846E+00
  0.1968E-01                                      0.5782E+00
  0.2132E-01                                      0.5713E+00
  0.2296E-01                                      0.5640E+00
  0.2460E-01                                      0.5563E+00
  0.2624E-01                                      0.5481E+00
  0.2788E-01                                      0.5394E+00
  0.2952E-01                                      0.5304E+00
  0.3116E-01                                      0.5211E+00
  0.3280E-01                                      0.5114E+00
  0.3444E-01                                      0.5013E+00
  0.3608E-01                                      0.4910E+00
  0.3772E-01                                      0.4804E+00
  0.3935E-01                                      0.4695E+00
  0.4099E-01                                      0.4584E+00
  0.4263E-01                                      0.4471E+00
  0.4427E-01                                      0.4356E+00
  0.4591E-01  0.3128E+00  0.4962E-01  0.4240E+00  0.4240E+00
  0.4652E-01  0.3762E+00  0.5371E-01  0.4196E+00  0.4196E+00
  0.4713E-01  0.4030E+00  0.5289E-01  0.4153E+00  0.4153E+00
  0.4774E-01  0.3606E+00  0.4911E-01  0.4109E+00  0.4109E+00
  0.4835E-01  0.4452E+00  0.4858E-01  0.4065E+00  0.4065E+00
  0.4895E-01  0.4311E+00  0.4844E-01  0.4021E+00  0.4021E+00
  0.4956E-01  0.4551E+00  0.4716E-01  0.3977E+00  0.3977E+00
  0.5017E-01  0.3895E+00  0.4334E-01  0.3933E+00  0.3933E+00
  0.5078E-01  0.3669E+00  0.4389E-01  0.3888E+00  0.3888E+00
  0.5139E-01  0.3900E+00  0.4414E-01  0.3844E+00  0.3844E+00
  0.5200E-01  0.3524E+00  0.4636E-01  0.3799E+00  0.3799E+00
  0.5260E-01  0.3912E+00  0.4769E-01  0.3755E+00  0.3755E+00
  0.5321E-01  0.3995E+00  0.4740E-01  0.3710E+00  0.3710E+00
  0.5382E-01  0.2762E+00  0.4606E-01  0.3665E+00  0.3665E+00
  0.5443E-01  0.3809E+00  0.4329E-01  0.3621E+00  0.3621E+00
  0.5504E-01  0.3130E+00  0.6662E-01  0.3576E+00  0.3576E+00
  0.5564E-01  0.3108E+00  0.4193E-01  0.3532E+00  0.3532E+00
  0.5625E-01  0.3364E+00  0.4061E-01  0.3487E+00  0.3487E+00
  0.5686E-01  0.3843E+00  0.4170E-01  0.3442E+00  0.3442E+00
  0.5747E-01  0.3434E+00  0.4712E-01  0.3398E+00  0.3398E+00
  0.5808E-01  0.3537E+00  0.4289E-01  0.3353E+00  0.3353E+00
  0.5868E-01  0.4779E+00  0.4272E-01  0.3309E+00  0.3309E+00
  0.5929E-01  0.3189E+00  0.4077E-01  0.3265E+00  0.3265E+00
  0.5990E-01  0.4383E+00  0.4137E-01  0.3221E+00  0.3221E+00
  0.6051E-01  0.2651E+00  0.3755E-01  0.3176E+00  0.3176E+00
  0.6112E-01  0.3276E+00  0.4537E-01  0.3132E+00  0.3132E+00
  0.6173E-01  0.3347E+00  0.4898E-01  0.3088E+00  0.3088E+00
  0.6233E-01  0.3899E+00  0.4298E-01  0.3045E+00  0.3045E+00
  0.6294E-01  0.2960E+00  0.4340E-01  0.3001E+00  0.3001E+00
  0.6355E-01  0.3541E+00  0.4252E-01  0.2958E+00  0.2958E+00
  0.6416E-01  0.2552E+00  0.4856E-01  0.2914E+00  0.2914E+00
  0.6477E-01  0.3288E+00  0.4466E-01  0.2871E+00  0.2871E+00
  0.6537E-01  0.3115E+00  0.4304E-01  0.2828E+00  0.2828E+00
  0.6598E-01  0.2638E+00  0.4375E-01  0.2786E+00  0.2786E+00
  0.6659E-01  0.3384E+00  0.4498E-01  0.2743E+00  0.2743E+00
  0.6720E-01  0.2016E+00  0.3859E-01  0.2701E+00  0.2701E+00
  0.6781E-01  0.2783E+00  0.3827E-01  0.2659E+00  0.2659E+00
  0.6841E-01  0.3065E+00  0.4200E-01  0.2617E+00  0.2617E+00
  0.6902E-01  0.2808E+00  0.3925E-01  0.2575E+00  0.2575E+00
  0.6963E-01  0.2526E+00  0.4022E-01  0.2534E+00  0.2534E+00
  0.7024E-01  0.2973E+00  0.3960E-01  0.2493E+00  0.2493E+00
  0.7085E-01  0.1640E+00  0.3866E-01  0.2452E+00  0.2452E+00
  0.7146E-01  0.2851E+00  0.4152E-01  0.2411E+00  0.2411E+00
  0.7206E-01  0.2366E+00  0.3777E-01  0.2371E+00  0.2371E+00
  0.7267E-01  0.2747E+00  0.3950E-01  0.2331E+00  0.2331E+00
  0.7328E-01  0.2233E+00  0.3386E-01  0.2291E+00  0.2291E+00
  0.7389E-01  0.1952E+00  0.4362E-01  0.2252E+00  0.2252E+00
  0.7450E-01  0.2092E+00  0.5273E-01  0.2213E+00  0.2213E+00
  0.7510E-01  0.1967E+00  0.3190E-01  0.2174E+00  0.2174E+00
  0.7571E-01  0.1867E+00  0.3602E-01  0.2135E+00  0.2135E+00
  0.7632E-01  0.1814E+00  0.3322E-01  0.2097E+00  0.2097E+00
  0.7693E-01  0.1773E+00  0.6519E-01  0.2059E+00  0.2059E+00
  0.7754E-01  0.2695E+00  0.3591E-01  0.2022E+00  0.2022E+00
  0.7814E-01  0.2109E+00  0.9893E-01  0.1985E+00  0.1985E+00
  0.7875E-01  0.2403E+00  0.3491E-01  0.1948E+00  0.1948E+00
  0.7936E-01  0.2426E+00  0.4738E-01  0.1912E+00  0.1912E+00
  0.7997E-01  0.1979E+00  0.3536E-01  0.1876E+00  0.1876E+00
  0.8058E-01  0.1323E+00  0.3608E-01  0.1840E+00  0.1840E+00
  0.8118E-01  0.1584E+00  0.3595E-01  0.1805E+00  0.1805E+00
  0.8179E-01  0.1458E+00  0.3321E-01  0.1770E+00  0.1770E+00
  0.8240E-01  0.1401E+00  0.3255E-01  0.1736E+00  0.1736E+00
  0.8301E-01  0.1012E+00  0.3391E-01  0.1701E+00  0.1701E+00
  0.8362E-01  0.1370E+00  0.2956E-01  0.1668E+00  0.1668E+00
  0.8423E-01  0.1952E+00  0.2961E-01  0.1634E+00  0.1634E+00
  0.8483E-01  0.1367E+00  0.3519E-01  0.1602E+00  0.1602E+00
  0.8544E-01  0.1512E+00  0.3066E-01  0.1569E+00  0.1569E+00
  0.8605E-01  0.1179E+00  0.3029E-01  0.1537E+00  0.1537E+00
  0.8666E-01  0.1109E+00  0.3120E-01  0.1505E+00  0.1505E+00
  0.8727E-01  0.9854E-01  0.3354E-01  0.1474E+00  0.1474E+00
  0.8787E-01  0.1459E+00  0.3442E-01  0.1443E+00  0.1443E+00
  0.8848E-01  0.9823E-01  0.3301E-01  0.1413E+00  0.1413E+00
  0.8909E-01  0.1522E+00  0.3343E-01  0.1383E+00  0.1383E+00
  0.8970E-01  0.1624E+00  0.3563E-01  0.1353E+00  0.1353E+00
  0.9031E-01  0.1833E+00  0.3404E-01  0.1324E+00  0.1324E+00
  0.9091E-01  0.9577E-01  0.3364E-01  0.1295E+00  0.1295E+00
  0.9152E-01  0.1259E+00  0.3397E-01  0.1267E+00  0.1267E+00
  0.9213E-01  0.1198E+00  0.3144E-01  0.1239E+00  0.1239E+00
  0.9274E-01  0.7834E-01  0.4027E-01  0.1212E+00  0.1212E+00
  0.9335E-01  0.8094E-01  0.3442E-01  0.1185E+00  0.1185E+00
  0.9396E-01  0.9140E-01  0.3584E-01  0.1158E+00  0.1158E+00
  0.9456E-01  0.1305E+00  0.3333E-01  0.1132E+00  0.1132E+00
  0.9517E-01  0.1142E+00  0.2960E-01  0.1107E+00  0.1107E+00
  0.9578E-01  0.7595E-01  0.3202E-01  0.1081E+00  0.1081E+00
  0.9639E-01  0.1662E+00  0.3170E-01  0.1056E+00  0.1056E+00
  0.9700E-01  0.1130E+00  0.3285E-01  0.1032E+00  0.1032E+00
  0.9760E-01  0.8612E-01  0.3257E-01  0.1008E+00  0.1008E+00
  0.9821E-01  0.7907E-01  0.3001E-01  0.9847E-01  0.9847E-01
  0.9882E-01  0.9466E-01  0.3045E-01  0.9616E-01  0.9616E-01
  0.9943E-01  0.6942E-01  0.2972E-01  0.9390E-01  0.9390E-01
  0.1000E+00  0.8482E-01  0.3024E-01  0.9168E-01  0.9168E-01
  0.1006E+00  0.2423E-01  0.3379E-01  0.8950E-01  0.8950E-01
  0.1013E+00  0.7564E-01  0.2966E-01  0.8736E-01  0.8736E-01
  0.1019E+00  0.5014E-01  0.3051E-01  0.8527E-01  0.8527E-01
  0.1025E+00  0.4853E-01  0.2883E-01  0.8322E-01  0.8322E-01
  0.1031E+00  0.1229E+00  0.3006E-01  0.8122E-01  0.8122E-01
  0.1037E+00  0.7698E-01  0.2783E-01  0.7925E-01  0.7925E-01
  0.1043E+00  0.1037E+00  0.2976E-01  0.7732E-01  0.7732E-01
  0.1049E+00  0.9156E-01  0.2959E-01  0.7544E-01  0.7544E-01
  0.1055E+00  0.8659E-01  0.2861E-01  0.7360E-01  0.7360E-01
  0.1061E+00  0.1127E+00  0.2886E-01  0.7180E-01  0.7180E-01
  0.1067E+00  0.4081E-01  0.2581E-01  0.7004E-01  0.7004E-01
  0.1073E+00  0.9232E-01  0.2827E-01  0.6833E-01  0.6833E-01
  0.1079E+00  0.5283E-01  0.2572E-01  0.6665E-01  0.6665E-01
  0.1085E+00  0.3759E-01  0.2940E-01  0.6501E-01  0.6501E-01
  0.1092E+00  0.4668E-01  0.2694E-01  0.6341E-01  0.6341E-01
  0.1098E+00  0.4306E-01  0.2772E-01  0.6185E-01  0.6185E-01
  0.1104E+00  0.5650E-01  0.2616E-01  0.6033E-01  0.6033E-01
  0.1110E+00  0.8711E-01  0.2836E-01  0.5885E-01  0.5885E-01
  0.1116E+00  0.6726E-01  0.2778E-01  0.5741E-01  0.5741E-01
  0.1122E+00  0.6283E-01  0.2823E-01  0.5600E-01  0.5600E-01
  0.1128E+00  0.7559E-01  0.2698E-01  0.5463E-01  0.5463E-01
  0.1134E+00  0.7456E-01  0.2848E-01  0.5330E-01  0.5330E-01
  0.1140E+00  0.4943E-01  0.2774E-01  0.5200E-01  0.5200E-01
  0.1146E+00  0.6150E-01  0.2710E-01  0.5075E-01  0.5075E-01
  0.1152E+00  0.1039E+00  0.2550E-01  0.4952E-01  0.4952E-01
  0.1158E+00  0.1429E-01  0.2882E-01  0.4833E-01  0.4833E-01
  0.1165E+00  0.2149E-01  0.2873E-01  0.4718E-01  0.4718E-01
  0.1171E+00  0.5328E-01  0.2792E-01  0.4606E-01  0.4606E-01
  0.1177E+00  0.2623E-01  0.2645E-01  0.4497E-01  0.4497E-01
  0.1183E+00  0.1986E-01  0.2533E-01  0.4392E-01  0.4392E-01
  0.1189E+00  0.7066E-01  0.2729E-01  0.4290E-01  0.4290E-01
  0.1195E+00  0.3894E-01  0.2789E-01  0.4191E-01  0.4191E-01
  0.1201E+00  0.7854E-01  0.2759E-01  0.4096E-01  0.4096E-01
  0.1207E+00  0.5365E-01  0.2561E-01  0.4003E-01  0.4003E-01
  0.1213E+00  0.3549E-01  0.2515E-01  0.3914E-01  0.3914E-01
  0.1219E+00  0.9813E-02  0.2920E-01  0.3827E-01  0.3827E-01
  0.1225E+00  0.3991E-01  0.2879E-01  0.3744E-01  0.3744E-01
  0.1238E+00  0.3327E-01  0.2547E-01  0.3586E-01  0.3586E-01
  0.1244E+00  0.5448E-01  0.2421E-01  0.3511E-01  0.3511E-01
  0.1250E+00  0.1899E-02  0.2752E-01  0.3439E-01  0.3439E-01
  0.1256E+00  0.4585E-01  0.2428E-01  0.3370E-01  0.3370E-01
  0.1262E+00  0.3019E-01  0.2645E-01  0.3303E-01  0.3303E-01
  0.1268E+00  0.5730E-01  0.2676E-01  0.3239E-01  0.3239E-01
  0.1274E+00  0.9717E-01  0.2599E-01  0.3177E-01  0.3177E-01
  0.1280E+00  0.7635E-01  0.2872E-01  0.3118E-01  0.3118E-01
  0.1286E+00  0.5910E-01  0.2508E-01  0.3062E-01  0.3062E-01
  0.1292E+00  0.4728E-01  0.2718E-01  0.3008E-01  0.3008E-01
  0.1298E+00  0.7082E-01  0.2626E-01  0.2956E-01  0.2956E-01
  0.1304E+00  0.1809E-02  0.2631E-01  0.2906E-01  0.2906E-01
  0.1310E+00  0.4681E-01  0.2599E-01  0.2859E-01  0.2859E-01
  0.1317E+00  0.1580E-02  0.2642E-01  0.2813E-01  0.2813E-01
  0.1323E+00  0.4602E-01  0.2463E-01  0.2770E-01  0.2770E-01
  0.1329E+00  0.3082E-01  0.2453E-01  0.2729E-01  0.2729E-01
  0.1335E+00  0.7775E-01  0.2512E-01  0.2690E-01  0.2690E-01
  0.1341E+00  0.3712E-01  0.2542E-01  0.2653E-01  0.2653E-01
  0.1347E+00  0.3135E-01  0.2724E-01  0.2618E-01  0.2618E-01
  0.1353E+00  0.1230E-01  0.2560E-01  0.2584E-01  0.2584E-01
  0.1359E+00  0.1672E-01  0.2465E-01  0.2552E-01  0.2552E-01
  0.1365E+00  0.3024E-01  0.2551E-01  0.2523E-01  0.2523E-01
  0.1371E+00  0.5572E-02  0.2372E-01  0.2494E-01  0.2494E-01
  0.1377E+00  0.6079E-01  0.2474E-01  0.2468E-01  0.2468E-01
  0.1383E+00  0.4004E-01  0.2422E-01  0.2443E-01  0.2443E-01
  0.1390E+00  0.1897E-02  0.2385E-01  0.2419E-01  0.2419E-01
  0.1396E+00  0.2279E-01  0.2593E-01  0.2397E-01  0.2397E-01
  0.1402E+00  0.5359E-01  0.2630E-01  0.2376E-01  0.2376E-01
  0.1408E+00  0.5829E-01  0.2430E-01  0.2357E-01  0.2357E-01
  0.1414E+00  0.7227E-01  0.2645E-01  0.2339E-01  0.2339E-01
  0.1420E+00  0.2633E-01  0.2506E-01  0.2322E-01  0.2322E-01
  0.1426E+00  0.1419E-02  0.2511E-01  0.2307E-01  0.2307E-01
  0.1432E+00  0.1508E-01  0.2480E-01  0.2292E-01  0.2292E-01
  0.1438E+00  0.2702E-01  0.2434E-01  0.2279E-01  0.2279E-01
  0.1444E+00  0.1036E-01  0.2454E-01  0.2267E-01  0.2267E-01
  0.1456E+00  0.2778E-01  0.2479E-01  0.2245E-01  0.2245E-01
  0.1463E+00  0.2527E-01  0.2471E-01  0.2236E-01  0.2236E-01
  0.1469E+00  0.5425E-02  0.2398E-01  0.2228E-01  0.2228E-01
  0.1475E+00  0.2486E-01  0.2518E-01  0.2220E-01  0.2220E-01
  0.1481E+00  0.7747E-02  0.2322E-01  0.2213E-01  0.2213E-01
  0.1499E+00  0.7445E-02  0.2323E-01  0.2197E-01  0.2197E-01
  0.1505E+00  0.1733E-01  0.2373E-01  0.2194E-01  0.2194E-01
  0.1511E+00  0.1616E-02  0.2357E-01  0.2190E-01  0.2190E-01
  0.1517E+00  0.3362E-01  0.2191E-01  0.2187E-01  0.2187E-01
  0.1523E+00  0.7082E-02  0.2408E-01  0.2185E-01  0.2185E-01
  0.1590E+00  0.3267E-01  0.2133E-01  0.2183E-01  0.2183E-01
  0.1596E+00  0.2000E-05  0.2130E-01  0.2184E-01  0.2184E-01
  0.1639E+00  0.1148E-01  0.2241E-01  0.2194E-01  0.2194E-01
  0.1645E+00  0.1695E-01  0.2300E-01  0.2195E-01  0.2195E-01
  0.1651E+00  0.9677E-02  0.2135E-01  0.2196E-01  0.2196E-01
  0.1657E+00  0.1894E-01  0.2029E-01  0.2197E-01  0.2197E-01
  0.1663E+00  0.2464E-01  0.2034E-01  0.2198E-01  0.2198E-01
  0.1675E+00  0.3308E-02  0.2132E-01  0.2199E-01  0.2199E-01
  0.1681E+00  0.4685E-02  0.2146E-01  0.2200E-01  0.2200E-01
  0.1688E+00  0.2533E-02  0.2157E-01  0.2200E-01  0.2200E-01
  0.1694E+00  0.1204E-01  0.2107E-01  0.2200E-01  0.2200E-01
  0.1700E+00  0.1141E-02  0.2170E-01  0.2199E-01  0.2199E-01
  0.1706E+00  0.9556E-02  0.2099E-01  0.2199E-01  0.2199E-01
  0.1742E+00  0.4050E-01  0.2129E-01  0.2190E-01  0.2190E-01
  0.1754E+00  0.2214E-01  0.2395E-01  0.2185E-01  0.2185E-01
  0.1760E+00  0.2084E-01  0.2632E-01  0.2182E-01  0.2182E-01
  0.1767E+00  0.2816E-01  0.3380E-01  0.2178E-01  0.2178E-01
  0.1773E+00  0.9050E-02  0.2186E-01  0.2175E-01  0.2175E-01
  0.1779E+00  0.2369E-01  0.2044E-01  0.2171E-01  0.2171E-01
  0.1785E+00  0.9474E-02  0.2151E-01  0.2166E-01  0.2166E-01
  0.1791E+00  0.1678E-01  0.2090E-01  0.2161E-01  0.2161E-01
  0.1797E+00  0.3806E-01  0.2305E-01  0.2156E-01  0.2156E-01
  0.1803E+00  0.1345E-01  0.2080E-01  0.2151E-01  0.2151E-01
  0.1809E+00  0.4194E-01  0.2242E-01  0.2145E-01  0.2145E-01
  0.1815E+00  0.3644E-01  0.2110E-01  0.2139E-01  0.2139E-01
  0.1827E+00  0.1855E-01  0.2143E-01  0.2126E-01  0.2126E-01
  0.1833E+00  0.4515E-01  0.2156E-01  0.2118E-01  0.2118E-01
  0.1846E+00  0.3434E-01  0.2170E-01  0.2103E-01  0.2103E-01
  0.1858E+00  0.5096E-01  0.2090E-01  0.2087E-01  0.2087E-01
  0.1864E+00  0.1184E-01  0.2139E-01  0.2078E-01  0.2078E-01
  0.1876E+00  0.7885E-02  0.2289E-01  0.2059E-01  0.2059E-01
  0.1906E+00  0.6957E-02  0.2112E-01  0.2008E-01  0.2008E-01
  0.1912E+00  0.5672E-01  0.2204E-01  0.1996E-01  0.1996E-01
  0.1919E+00  0.1316E-02  0.2158E-01  0.1985E-01  0.1985E-01
  0.1931E+00  0.4934E-01  0.2036E-01  0.1961E-01  0.1961E-01
  0.1937E+00  0.2765E-02  0.2074E-01  0.1949E-01  0.1949E-01
  0.1943E+00  0.7563E-02  0.2033E-01  0.1937E-01  0.1937E-01
  0.1949E+00  0.1248E-01  0.2019E-01  0.1924E-01  0.1924E-01
  0.1998E+00  0.5524E-01  0.2021E-01  0.1816E-01  0.1816E-01
  0.2004E+00  0.1518E-01  0.1951E-01  0.1802E-01  0.1802E-01
  0.2010E+00  0.2336E-01  0.2055E-01  0.1787E-01  0.1787E-01
  0.2016E+00  0.8579E-02  0.1877E-01  0.1773E-01  0.1773E-01
  0.2028E+00  0.6847E-02  0.2162E-01  0.1744E-01  0.1744E-01
  0.2040E+00  0.2122E-01  0.2879E-01  0.1714E-01  0.1714E-01
  0.2046E+00  0.2783E-01  0.3896E-01  0.1700E-01  0.1700E-01
  0.2058E+00  0.3710E-01  0.1975E-01  0.1670E-01  0.1670E-01
  0.2065E+00  0.2467E-02  0.1887E-01  0.1655E-01  0.1655E-01
  0.2071E+00  0.1025E-01  0.2102E-01  0.1640E-01  0.1640E-01
  0.2077E+00  0.1851E-01  0.1897E-01  0.1625E-01  0.1625E-01
  0.2083E+00  0.9419E-02  0.1901E-01  0.1610E-01  0.1610E-01
  0.2089E+00  0.1663E-02  0.1879E-01  0.1596E-01  0.1596E-01
  0.2101E+00  0.6967E-02  0.1818E-01  0.1566E-01  0.1566E-01
  0.2107E+00  0.1041E-01  0.5546E-01  0.1551E-01  0.1551E-01
  0.2119E+00  0.6985E-02  0.4150E-01  0.1522E-01  0.1522E-01
  0.2125E+00  0.2246E-01  0.2167E-01  0.1507E-01  0.1507E-01
  0.2131E+00  0.2810E-02  0.1870E-01  0.1493E-01  0.1493E-01
  0.2150E+00  0.1140E-02  0.2027E-01  0.1451E-01  0.1451E-01
  0.2180E+00  0.2593E-01  0.1866E-01  0.1383E-01  0.1383E-01
  0.2186E+00  0.3569E-02  0.1880E-01  0.1369E-01  0.1369E-01
  0.2192E+00  0.6317E-02  0.1890E-01  0.1357E-01  0.1357E-01
  0.2198E+00  0.3162E-01  0.1908E-01  0.1344E-01  0.1344E-01
  0.2204E+00  0.1555E-01  0.1898E-01  0.1331E-01  0.1331E-01
  0.2217E+00  0.3477E-01  0.1777E-01  0.1307E-01  0.1307E-01
  0.2223E+00  0.8839E-02  0.1782E-01  0.1295E-01  0.1295E-01
  0.2229E+00  0.3760E-02  0.1784E-01  0.1283E-01  0.1283E-01
  0.2235E+00  0.1295E-01  0.1682E-01  0.1272E-01  0.1272E-01
  0.2241E+00  0.5068E-02  0.1922E-01  0.1261E-01  0.1261E-01
  0.2247E+00  0.1915E-01  0.1805E-01  0.1250E-01  0.1250E-01
  0.2259E+00  0.5177E-02  0.1850E-01  0.1229E-01  0.1229E-01
  0.2265E+00  0.1036E-01  0.1883E-01  0.1219E-01  0.1219E-01
  0.2296E+00  0.8789E-02  0.1876E-01  0.1172E-01  0.1172E-01
  0.2302E+00  0.2650E-03  0.1866E-01  0.1163E-01  0.1163E-01
  0.2308E+00  0.9157E-02  0.1785E-01  0.1155E-01  0.1155E-01
  0.2338E+00  0.1270E-03  0.1731E-01  0.1118E-01  0.1118E-01
  0.2350E+00  0.3299E-02  0.1690E-01  0.1106E-01  0.1106E-01
  0.2362E+00  0.2046E-01  0.1673E-01  0.1094E-01  0.1094E-01
  0.2387E+00  0.2104E-02  0.1748E-01  0.1075E-01  0.1075E-01
  0.2405E+00  0.3412E-01  0.1730E-01  0.1064E-01  0.1064E-01
  0.2423E+00  0.8818E-02  0.1827E-01  0.1055E-01  0.1055E-01
  0.2429E+00  0.4295E-02  0.1679E-01  0.1053E-01  0.1053E-01
  0.2435E+00  0.1385E-01  0.1779E-01  0.1051E-01  0.1051E-01
  0.2466E+00  0.2386E-02  0.1647E-01  0.1045E-01  0.1045E-01
  0.2472E+00  0.1674E-01  0.1707E-01  0.1044E-01  0.1044E-01
  0.2478E+00  0.9543E-02  0.1694E-01  0.1044E-01  0.1044E-01
  0.2496E+00  0.4315E-02  0.1715E-01  0.1045E-01  0.1045E-01
  0.2502E+00  0.2378E-01  0.1809E-01  0.1046E-01  0.1046E-01
  0.2508E+00  0.3124E-01  0.1672E-01  0.1047E-01  0.1047E-01
  0.2514E+00  0.1140E-01  0.1697E-01  0.1048E-01  0.1048E-01
  0.2521E+00  0.1487E-01  0.1638E-01  0.1050E-01  0.1050E-01
  0.2527E+00  0.5070E-02  0.1646E-01  0.1051E-01  0.1051E-01
  0.2533E+00  0.1288E-01  0.1618E-01  0.1053E-01  0.1053E-01
  0.2539E+00  0.5533E-02  0.1683E-01  0.1055E-01  0.1055E-01
  0.2551E+00  0.1216E-01  0.1697E-01  0.1060E-01  0.1060E-01
  0.2569E+00  0.6967E-02  0.1718E-01  0.1069E-01  0.1069E-01
  0.2612E+00  0.9090E-03  0.1749E-01  0.1094E-01  0.1094E-01
  0.2624E+00  0.1040E-03  0.1744E-01  0.1102E-01  0.1102E-01
  0.2630E+00  0.2371E-01  0.1600E-01  0.1107E-01  0.1107E-01
  0.2636E+00  0.4795E-02  0.1911E-01  0.1111E-01  0.1111E-01
  0.2642E+00  0.7886E-02  0.1658E-01  0.1116E-01  0.1116E-01
  0.2648E+00  0.3797E-02  0.1666E-01  0.1120E-01  0.1120E-01
  0.2679E+00  0.6509E-02  0.1683E-01  0.1145E-01  0.1145E-01
  0.2703E+00  0.4139E-01  0.1614E-01  0.1165E-01  0.1165E-01
  0.2709E+00  0.3518E-01  0.1634E-01  0.1170E-01  0.1170E-01
  0.2715E+00  0.3085E-01  0.1506E-01  0.1175E-01  0.1175E-01
  0.2721E+00  0.3238E-01  0.1715E-01  0.1180E-01  0.1180E-01
  0.2727E+00  0.6736E-02  0.1592E-01  0.1185E-01  0.1185E-01
  0.2733E+00  0.6324E-02  0.4248E-01  0.1190E-01  0.1190E-01
  0.2739E+00  0.7377E-02  0.1647E-01  0.1195E-01  0.1195E-01
  0.2752E+00  0.2042E-02  0.1775E-01  0.1206E-01  0.1206E-01
  0.2770E+00  0.1576E-01  0.1578E-01  0.1220E-01  0.1220E-01
  0.2776E+00  0.2053E-01  0.1602E-01  0.1225E-01  0.1225E-01
  0.2788E+00  0.3441E-01  0.1597E-01  0.1235E-01  0.1235E-01
  0.2794E+00  0.1319E-02  0.1556E-01  0.1240E-01  0.1240E-01
  0.2800E+00  0.1878E-01  0.1580E-01  0.1244E-01  0.1244E-01
  0.2879E+00  0.2825E-02  0.1468E-01  0.1296E-01  0.1296E-01
  0.2891E+00  0.1008E-01  0.1570E-01  0.1302E-01  0.1302E-01
  0.2897E+00  0.1034E-01  0.1544E-01  0.1305E-01  0.1305E-01
  0.2904E+00  0.2415E-02  0.1526E-01  0.1308E-01  0.1308E-01
  0.2922E+00  0.1253E-01  0.1427E-01  0.1315E-01  0.1315E-01
  0.2934E+00  0.5696E-02  0.1770E-01  0.1320E-01  0.1320E-01
  0.2940E+00  0.3524E-02  0.2562E-01  0.1322E-01  0.1322E-01
  0.2946E+00  0.3490E-01  0.1457E-01  0.1323E-01  0.1323E-01
  0.2952E+00  0.1379E-01  0.1640E-01  0.1325E-01  0.1325E-01
  0.2958E+00  0.3404E-01  0.1534E-01  0.1327E-01  0.1327E-01
  0.2964E+00  0.1116E-01  0.1529E-01  0.1328E-01  0.1328E-01
  0.2976E+00  0.6444E-02  0.1418E-01  0.1330E-01  0.1330E-01
  0.2983E+00  0.1652E-01  0.1411E-01  0.1331E-01  0.1331E-01
  0.2989E+00  0.5104E-02  0.1741E-01  0.1332E-01  0.1332E-01
  0.3074E+00  0.6142E-02  0.1387E-01  0.1327E-01  0.1327E-01
  0.3086E+00  0.9601E-02  0.1463E-01  0.1324E-01  0.1324E-01
  0.3122E+00  0.1270E-01  0.1475E-01  0.1312E-01  0.1312E-01
  0.3128E+00  0.1367E-01  0.1562E-01  0.1309E-01  0.1309E-01
  0.3135E+00  0.4194E-01  0.1462E-01  0.1307E-01  0.1307E-01
  0.3189E+00  0.1009E-01  0.2158E-01  0.1279E-01  0.1279E-01
  0.3195E+00  0.1376E-01  0.1945E-01  0.1275E-01  0.1275E-01
  0.3220E+00  0.4394E-02  0.2567E-01  0.1260E-01  0.1260E-01
  0.3226E+00  0.2100E-01  0.2618E-01  0.1256E-01  0.1256E-01
  0.3238E+00  0.2108E-01  0.2538E-01  0.1248E-01  0.1248E-01
  0.3250E+00  0.7773E-01  0.6422E-01  0.1239E-01  0.1239E-01

           Distance distribution  function of particle  


       R          P(R)      ERROR

  0.0000E+00  0.0000E+00  0.0000E+00
  0.5603E+00  0.5741E-04  0.1928E-04
  0.1121E+01  0.1087E-03  0.3402E-04
  0.1681E+01  0.1541E-03  0.4436E-04
  0.2241E+01  0.1939E-03  0.5054E-04
  0.2801E+01  0.2284E-03  0.5288E-04
  0.3362E+01  0.2580E-03  0.5180E-04
  0.3922E+01  0.2833E-03  0.4778E-04
  0.4482E+01  0.3050E-03  0.4148E-04
  0.5043E+01  0.3236E-03  0.3375E-04
  0.5603E+01  0.3399E-03  0.2606E-04
  0.6163E+01  0.3545E-03  0.2123E-04
  0.6724E+01  0.3682E-03  0.2286E-04
  0.7284E+01  0.3816E-03  0.3020E-04
  0.7844E+01  0.3954E-03  0.3983E-04
  0.8405E+01  0.4103E-03  0.4969E-04
  0.8965E+01  0.4267E-03  0.5878E-04
  0.9525E+01  0.4451E-03  0.6652E-04
  0.1009E+02  0.4660E-03  0.7254E-04
  0.1065E+02  0.4897E-03  0.7661E-04
  0.1121E+02  0.5163E-03  0.7861E-04
  0.1177E+02  0.5460E-03  0.7854E-04
  0.1233E+02  0.5788E-03  0.7650E-04
  0.1289E+02  0.6145E-03  0.7272E-04
  0.1345E+02  0.6531E-03  0.6754E-04
  0.1401E+02  0.6943E-03  0.6149E-04
  0.1457E+02  0.7376E-03  0.5530E-04
  0.1513E+02  0.7828E-03  0.4995E-04
  0.1569E+02  0.8293E-03  0.4662E-04
  0.1625E+02  0.8766E-03  0.4628E-04
  0.1681E+02  0.9242E-03  0.4911E-04
  0.1737E+02  0.9717E-03  0.5438E-04
  0.1793E+02  0.1018E-02  0.6096E-04
  0.1849E+02  0.1064E-02  0.6783E-04
  0.1905E+02  0.1107E-02  0.7423E-04
  0.1961E+02  0.1149E-02  0.7963E-04
  0.2017E+02  0.1187E-02  0.8367E-04
  0.2073E+02  0.1223E-02  0.8616E-04
  0.2129E+02  0.1255E-02  0.8701E-04
  0.2185E+02  0.1284E-02  0.8626E-04
  0.2241E+02  0.1310E-02  0.8409E-04
  0.2297E+02  0.1332E-02  0.8079E-04
  0.2353E+02  0.1350E-02  0.7679E-04
  0.2409E+02  0.1364E-02  0.7266E-04
  0.2465E+02  0.1376E-02  0.6910E-04
  0.2521E+02  0.1384E-02  0.6683E-04
  0.2577E+02  0.1389E-02  0.6644E-04
  0.2633E+02  0.1391E-02  0.6815E-04
  0.2689E+02  0.1392E-02  0.7175E-04
  0.2745E+02  0.1390E-02  0.7669E-04
  0.2802E+02  0.1387E-02  0.8228E-04
  0.2858E+02  0.1382E-02  0.8784E-04
  0.2914E+02  0.1377E-02  0.9282E-04
  0.2970E+02  0.1370E-02  0.9678E-04
  0.3026E+02  0.1364E-02  0.9940E-04
  0.3082E+02  0.1357E-02  0.1005E-03
  0.3138E+02  0.1351E-02  0.9996E-04
  0.3194E+02  0.1345E-02  0.9786E-04
  0.3250E+02  0.1339E-02  0.9434E-04
  0.3306E+02  0.1333E-02  0.8966E-04
  0.3362E+02  0.1328E-02  0.8427E-04
  0.3418E+02  0.1322E-02  0.7872E-04
  0.3474E+02  0.1317E-02  0.7375E-04
  0.3530E+02  0.1312E-02  0.7018E-04
  0.3586E+02  0.1307E-02  0.6874E-04
  0.3642E+02  0.1301E-02  0.6983E-04
  0.3698E+02  0.1295E-02  0.7331E-04
  0.3754E+02  0.1287E-02  0.7863E-04
  0.3810E+02  0.1278E-02  0.8501E-04
  0.3866E+02  0.1268E-02  0.9170E-04
  0.3922E+02  0.1257E-02  0.9807E-04
  0.3978E+02  0.1243E-02  0.1037E-03
  0.4034E+02  0.1228E-02  0.1081E-03
  0.4090E+02  0.1210E-02  0.1113E-03
  0.4146E+02  0.1190E-02  0.1130E-03
  0.4202E+02  0.1168E-02  0.1134E-03
  0.4258E+02  0.1143E-02  0.1127E-03
  0.4314E+02  0.1116E-02  0.1110E-03
  0.4370E+02  0.1087E-02  0.1089E-03
  0.4426E+02  0.1056E-02  0.1067E-03
  0.4482E+02  0.1022E-02  0.1051E-03
  0.4538E+02  0.9865E-03  0.1044E-03
  0.4594E+02  0.9492E-03  0.1050E-03
  0.4650E+02  0.9101E-03  0.1072E-03
  0.4707E+02  0.8695E-03  0.1107E-03
  0.4763E+02  0.8275E-03  0.1152E-03
  0.4819E+02  0.7840E-03  0.1204E-03
  0.4875E+02  0.7394E-03  0.1255E-03
  0.4931E+02  0.6934E-03  0.1301E-03
  0.4987E+02  0.6463E-03  0.1336E-03
  0.5043E+02  0.5979E-03  0.1355E-03
  0.5099E+02  0.5482E-03  0.1355E-03
  0.5155E+02  0.4969E-03  0.1332E-03
  0.5211E+02  0.4439E-03  0.1282E-03
  0.5267E+02  0.3891E-03  0.1202E-03
  0.5323E+02  0.3319E-03  0.1092E-03
  0.5379E+02  0.2723E-03  0.9474E-04
  0.5435E+02  0.2097E-03  0.7678E-04
  0.5491E+02  0.1437E-03  0.5512E-04
  0.5547E+02  0.7396E-04  0.2958E-04
  0.5603E+02  0.0000E+00  0.0000E+00
          Reciprocal space: Rg =   23.09     , I(0) =   0.6193E+00
     Real space: Rg =   22.98 +- 0.327  I(0) =   0.6191E+00 +-  0.1835E-01
