
           ####    G N O M   ---   Version 4.5a revised 09/02/02     ####

                                                  Tue May 25 19:05:27 2010
           ===    Run No   1   ===
 Run title:   Merge of: p3_B2_2.mccd p3_B3_2.mccd


  Number of points omitted at the beginning:           5
  Number of points omitted at the end:         238
   *******   Working Directory :
   *******    Input file(s) : 24166_merged_low.dat
           Condition P(rmin) = 0 is used. 
           Condition P(rmax) = 0 is used. 

          Experimental conditions for the first run
          -----------------------------------------

          Highest ALPHA is found to be   0.1090E+03

  The measure of inconsistency AN1 equals to    0.8006E+00
     Alpha    Discrp  Oscill  Stabil  Sysdev  Positv  Valcen    Total   
  0.1090E+06 49.7185  1.3513  0.9623  0.0000  1.0000  0.8156  0.00001
  0.2180E+05 44.6209  1.3485  0.8657  0.0000  1.0000  0.8162  0.00001
  0.4361E+04 29.5889  1.3371  0.5807  0.0000  1.0000  0.8188  0.00001
  0.8721E+03 11.3572  1.3085  0.2322  0.1490  1.0000  0.8251  0.00001
  0.1744E+03  3.2340  1.2907  0.0625  0.1490  1.0000  0.8280  0.00001
  0.3489E+02  1.2658  1.2976  0.0162  0.4000  1.0000  0.8248  0.46385
  0.6977E+01  0.9937  1.3067  0.0110  0.4627  1.0000  0.8230  0.10000
  0.1395E+01  0.9254  1.3328  0.0175  0.4941  1.0000  0.8228  0.10000
  0.2791E+00  0.8688  1.4540  0.0395  0.5412  1.0000  0.8234  0.10000
  0.5582E-01  0.8051  1.9488  0.0543  0.5569  1.0000  0.8226  0.10000
  0.1116E-01  0.7715  2.7644  0.1042  0.5882  0.9995  0.8118  0.10000
  0.2233E-02  0.7375  5.1023  0.2511  0.6196  0.9922  0.7702  0.10000
  0.4465E-03  0.7094  7.9550  0.1659  0.6510  0.9685  0.7105  0.10000
  0.8931E-04  0.7018 10.1807  0.3161  0.6667  0.9408  0.6512  0.10000
  0.1786E-04  0.6953 13.8386  0.5623  0.6667  0.8748  0.4333  0.10000
  0.3572E-05  0.6893 15.8754  0.5659  0.6824  0.8049  0.3503  0.10000
  0.7145E-06  0.6822 14.9802  0.9942  0.6824  0.7622  0.3428  0.10000
  0.1429E-06  0.6623 12.9879  0.7376  0.7059  0.7258  0.3259  0.10000
  0.2858E-07  0.6395 12.3758  0.3582  0.6431  0.7174  0.3307  0.10000
  0.5716E-08  0.6329 11.5663  0.2928  0.6431  0.7171  0.3449  0.10000
  0.1143E-08  0.6290 11.5082  0.5488  0.6118  0.7207  0.3614  0.10000
  0.2286E-09  0.6209 13.8252  0.4845  0.6118  0.7200  0.3417  0.10000
  0.4573E-10  0.6081 20.0703  0.6223  0.6353  0.7039  0.3072  0.10000
  0.9145E-11  0.5712 27.0060  0.7425  0.6353  0.7469  0.2897  0.10000
  0.1829E-11  0.4833 31.2230  0.5655  0.6902  0.7699  0.3200  0.10000
  0.3658E-12  0.3572 36.6213  0.4658  0.7059  0.7644  0.3565  0.10000
  0.7316E-13  0.2086 41.8785  0.3855  0.7529  0.7430  0.3591  0.10000
  0.1463E-13  0.0791 44.5805  0.1905  0.8000  0.7362  0.3218  0.10000
  0.2926E-14  0.0201 45.4875  0.0542  0.7843  0.7371  0.3421  0.10000
  0.5853E-15  0.0043 45.7230  0.0119  0.7843  0.7376  0.3503  0.10000
  0.1171E-15  0.0009 45.7750  0.0024  0.7843  0.7377  0.3520  0.10000

          ***  Golden section search to maximize estimate ***
     Alpha    Discrp  Oscill  Stabil  Sysdev  Positv  Valcen    Total   
  0.6451E+02  1.6585  1.2940  0.0263  0.3216  1.0000  0.8261  0.43508
  0.9844E-01  0.8255  1.7241  0.0553  0.5255  1.0000  0.8235  0.10000
  0.4412E+02  1.3816  1.2962  0.0194  0.3373  1.0000  0.8252  0.45501
  0.3705E+01  0.9633  1.3126  0.0137  0.4471  1.0000  0.8228  0.10000
  0.3816E+02  1.3058  1.2971  0.0174  0.3373  1.0000  0.8249  0.46102
  0.1481E+02  1.0562  1.3023  0.0102  0.4314  1.0000  0.8235  0.46475
  0.8726E+01  1.0074  1.3052  0.0103  0.4627  1.0000  0.8231  0.10000
  0.2055E+02  1.1084  1.3006  0.0116  0.4627  1.0000  0.8239  0.46839
  0.2515E+02  1.1552  1.2995  0.0130  0.4314  1.0000  0.8242  0.46863
  0.2850E+02  1.1916  1.2988  0.0141  0.4157  1.0000  0.8244  0.46771
  0.2328E+02  1.1357  1.2999  0.0124  0.4627  1.0000  0.8241  0.46882
  0.2220E+02  1.1247  1.3002  0.0121  0.4627  1.0000  0.8240  0.46873
  0.2398E+02  1.1429  1.2997  0.0126  0.4627  1.0000  0.8241  0.46882
  0.2286E+02  1.1314  1.3000  0.0123  0.4784  1.0000  0.8241  0.46888
  0.2261E+02  1.1288  1.3001  0.0122  0.4627  1.0000  0.8240  0.46878
  0.2302E+02  1.1330  1.3000  0.0123  0.4784  1.0000  0.8241  0.46889
  0.2312E+02  1.1341  1.2999  0.0123  0.4627  1.0000  0.8241  0.46881
  0.2296E+02  1.1324  1.3000  0.0123  0.4784  1.0000  0.8241  0.46888
  0.2302E+02  1.1330  1.3000  0.0123  0.4784  1.0000  0.8241  0.46889



             ####            Final results            ####

 Parameter    DISCRP    OSCILL    STABIL    SYSDEV    POSITV    VALCEN
 Weight        1.000     3.000     3.000     4.000     1.000     1.000
 Sigma         0.500     0.600     0.120     0.200     0.120     0.120
 Ideal         1.000     1.100     0.000     1.000     1.000     0.950
 Current       1.133     1.300     0.012     0.478     1.000     0.824
                - - - - - - - - - - - - - - - - - - - - - - - - - 
 Estimate      0.932     0.895     0.990     0.001     1.000     0.332

  Angular   range    :     from    0.0167   to    0.1718
  Real space range   :     from      0.00   to    141.60

  Highest ALPHA (theor) :   0.109E+06                 JOB = 0
  Current ALPHA         :   0.230E+02   Rg :  0.451E+02   I(0) :   0.212E+02

           Total  estimate : 0.469  which is  A SUSPICIOUS  solution

      S          J EXP       ERROR       J REG       I REG

  0.0000E+00                                      0.2117E+02
  0.6193E-03                                      0.2117E+02
  0.1239E-02                                      0.2115E+02
  0.1858E-02                                      0.2112E+02
  0.2477E-02                                      0.2108E+02
  0.3097E-02                                      0.2103E+02
  0.3716E-02                                      0.2097E+02
  0.4335E-02                                      0.2090E+02
  0.4955E-02                                      0.2082E+02
  0.5574E-02                                      0.2073E+02
  0.6193E-02                                      0.2062E+02
  0.6813E-02                                      0.2051E+02
  0.7432E-02                                      0.2039E+02
  0.8051E-02                                      0.2026E+02
  0.8671E-02                                      0.2012E+02
  0.9290E-02                                      0.1996E+02
  0.9909E-02                                      0.1980E+02
  0.1053E-01                                      0.1964E+02
  0.1115E-01                                      0.1946E+02
  0.1177E-01                                      0.1927E+02
  0.1239E-01                                      0.1908E+02
  0.1301E-01                                      0.1888E+02
  0.1363E-01                                      0.1868E+02
  0.1424E-01                                      0.1846E+02
  0.1486E-01                                      0.1824E+02
  0.1548E-01                                      0.1802E+02
  0.1610E-01                                      0.1778E+02
  0.1672E-01  0.1835E+02  0.3541E+00  0.1755E+02  0.1755E+02
  0.1733E-01  0.1804E+02  0.3108E+00  0.1731E+02  0.1731E+02
  0.1794E-01  0.1773E+02  0.2933E+00  0.1707E+02  0.1707E+02
  0.1855E-01  0.1730E+02  0.3072E+00  0.1682E+02  0.1682E+02
  0.1915E-01  0.1737E+02  0.2446E+00  0.1657E+02  0.1657E+02
  0.1976E-01  0.1690E+02  0.2612E+00  0.1632E+02  0.1632E+02
  0.2037E-01  0.1647E+02  0.5296E+00  0.1607E+02  0.1607E+02
  0.2098E-01  0.1628E+02  0.2252E+00  0.1581E+02  0.1581E+02
  0.2159E-01  0.1589E+02  0.1758E+00  0.1555E+02  0.1555E+02
  0.2219E-01  0.1568E+02  0.2122E+00  0.1529E+02  0.1529E+02
  0.2280E-01  0.1548E+02  0.1604E+00  0.1503E+02  0.1503E+02
  0.2341E-01  0.1515E+02  0.1906E+00  0.1476E+02  0.1476E+02
  0.2402E-01  0.1462E+02  0.1766E+00  0.1450E+02  0.1450E+02
  0.2463E-01  0.1444E+02  0.1755E+00  0.1423E+02  0.1423E+02
  0.2524E-01  0.1402E+02  0.1543E+00  0.1397E+02  0.1397E+02
  0.2584E-01  0.1378E+02  0.1670E+00  0.1370E+02  0.1370E+02
  0.2645E-01  0.1364E+02  0.1668E+00  0.1344E+02  0.1344E+02
  0.2706E-01  0.1317E+02  0.1573E+00  0.1318E+02  0.1318E+02
  0.2767E-01  0.1296E+02  0.1295E+00  0.1291E+02  0.1291E+02
  0.2828E-01  0.1272E+02  0.1098E+00  0.1265E+02  0.1265E+02
  0.2888E-01  0.1248E+02  0.1064E+00  0.1239E+02  0.1239E+02
  0.2949E-01  0.1212E+02  0.1203E+00  0.1214E+02  0.1214E+02
  0.3010E-01  0.1194E+02  0.1146E+00  0.1188E+02  0.1188E+02
  0.3071E-01  0.1149E+02  0.1158E+00  0.1163E+02  0.1163E+02
  0.3132E-01  0.1123E+02  0.1273E+00  0.1138E+02  0.1138E+02
  0.3192E-01  0.1114E+02  0.1156E+00  0.1114E+02  0.1114E+02
  0.3253E-01  0.1084E+02  0.1217E+00  0.1089E+02  0.1089E+02
  0.3314E-01  0.1060E+02  0.1189E+00  0.1065E+02  0.1065E+02
  0.3375E-01  0.1044E+02  0.1154E+00  0.1042E+02  0.1042E+02
  0.3436E-01  0.1017E+02  0.1111E+00  0.1018E+02  0.1018E+02
  0.3496E-01  0.9804E+01  0.1181E+00  0.9954E+01  0.9954E+01
  0.3557E-01  0.9786E+01  0.1140E+00  0.9729E+01  0.9729E+01
  0.3618E-01  0.9543E+01  0.1038E+00  0.9509E+01  0.9509E+01
  0.3679E-01  0.9307E+01  0.1001E+00  0.9292E+01  0.9292E+01
  0.3740E-01  0.9042E+01  0.9909E-01  0.9080E+01  0.9080E+01
  0.3800E-01  0.8861E+01  0.9534E-01  0.8872E+01  0.8872E+01
  0.3861E-01  0.8541E+01  0.9793E-01  0.8669E+01  0.8669E+01
  0.3922E-01  0.8512E+01  0.9519E-01  0.8470E+01  0.8470E+01
  0.3983E-01  0.8286E+01  0.9149E-01  0.8276E+01  0.8276E+01
  0.4044E-01  0.8083E+01  0.1070E+00  0.8086E+01  0.8086E+01
  0.4105E-01  0.7916E+01  0.1051E+00  0.7901E+01  0.7901E+01
  0.4165E-01  0.7698E+01  0.8963E-01  0.7721E+01  0.7721E+01
  0.4226E-01  0.7410E+01  0.9584E-01  0.7545E+01  0.7545E+01
  0.4287E-01  0.7245E+01  0.9449E-01  0.7374E+01  0.7374E+01
  0.4348E-01  0.7192E+01  0.9458E-01  0.7208E+01  0.7208E+01
  0.4409E-01  0.7012E+01  0.8440E-01  0.7046E+01  0.7046E+01
  0.4469E-01  0.6968E+01  0.8693E-01  0.6889E+01  0.6889E+01
  0.4530E-01  0.6805E+01  0.8552E-01  0.6736E+01  0.6736E+01
  0.4591E-01  0.6714E+01  0.8732E-01  0.6588E+01  0.6588E+01
  0.4652E-01  0.6599E+01  0.7890E-01  0.6444E+01  0.6444E+01
  0.4713E-01  0.6355E+01  0.8197E-01  0.6305E+01  0.6305E+01
  0.4773E-01  0.6246E+01  0.7909E-01  0.6170E+01  0.6170E+01
  0.4834E-01  0.6224E+01  0.8469E-01  0.6039E+01  0.6039E+01
  0.4895E-01  0.6098E+01  0.7531E-01  0.5912E+01  0.5912E+01
  0.4956E-01  0.5902E+01  0.7573E-01  0.5789E+01  0.5789E+01
  0.5017E-01  0.5698E+01  0.7563E-01  0.5670E+01  0.5670E+01
  0.5078E-01  0.5713E+01  0.7414E-01  0.5555E+01  0.5555E+01
  0.5138E-01  0.5567E+01  0.7091E-01  0.5444E+01  0.5444E+01
  0.5199E-01  0.5471E+01  0.8018E-01  0.5336E+01  0.5336E+01
  0.5260E-01  0.5393E+01  0.7195E-01  0.5232E+01  0.5232E+01
  0.5321E-01  0.5206E+01  0.7155E-01  0.5131E+01  0.5131E+01
  0.5382E-01  0.5182E+01  0.7161E-01  0.5033E+01  0.5033E+01
  0.5442E-01  0.5189E+01  0.7254E-01  0.4939E+01  0.4939E+01
  0.5503E-01  0.5067E+01  0.6933E-01  0.4847E+01  0.4847E+01
  0.5564E-01  0.4969E+01  0.6857E-01  0.4759E+01  0.4759E+01
  0.5625E-01  0.4762E+01  0.6696E-01  0.4673E+01  0.4673E+01
  0.5686E-01  0.4686E+01  0.7042E-01  0.4590E+01  0.4590E+01
  0.5746E-01  0.4592E+01  0.6379E-01  0.4509E+01  0.4509E+01
  0.5807E-01  0.4622E+01  0.6938E-01  0.4431E+01  0.4431E+01
  0.5868E-01  0.4407E+01  0.8235E-01  0.4356E+01  0.4356E+01
  0.5929E-01  0.4385E+01  0.7045E-01  0.4282E+01  0.4282E+01
  0.5990E-01  0.4308E+01  0.8323E-01  0.4211E+01  0.4211E+01
  0.6050E-01  0.4176E+01  0.7459E-01  0.4142E+01  0.4142E+01
  0.6111E-01  0.4035E+01  0.7311E-01  0.4074E+01  0.4074E+01
  0.6172E-01  0.3940E+01  0.6684E-01  0.4009E+01  0.4009E+01
  0.6233E-01  0.3916E+01  0.7468E-01  0.3945E+01  0.3945E+01
  0.6294E-01  0.3899E+01  0.6437E-01  0.3883E+01  0.3883E+01
  0.6354E-01  0.3989E+01  0.6182E-01  0.3822E+01  0.3822E+01
  0.6415E-01  0.3857E+01  0.6034E-01  0.3763E+01  0.3763E+01
  0.6476E-01  0.3855E+01  0.6358E-01  0.3705E+01  0.3705E+01
  0.6537E-01  0.3695E+01  0.6284E-01  0.3648E+01  0.3648E+01
  0.6598E-01  0.3559E+01  0.6597E-01  0.3593E+01  0.3593E+01
  0.6659E-01  0.3451E+01  0.6069E-01  0.3539E+01  0.3539E+01
  0.6719E-01  0.3446E+01  0.6068E-01  0.3485E+01  0.3485E+01
  0.6780E-01  0.3390E+01  0.6279E-01  0.3433E+01  0.3433E+01
  0.6841E-01  0.3319E+01  0.5800E-01  0.3382E+01  0.3382E+01
  0.6902E-01  0.3338E+01  0.6051E-01  0.3332E+01  0.3332E+01
  0.6962E-01  0.3289E+01  0.5951E-01  0.3283E+01  0.3283E+01
  0.7023E-01  0.3270E+01  0.6179E-01  0.3234E+01  0.3234E+01
  0.7084E-01  0.3308E+01  0.6324E-01  0.3186E+01  0.3186E+01
  0.7145E-01  0.3208E+01  0.6029E-01  0.3139E+01  0.3139E+01
  0.7206E-01  0.2996E+01  0.5807E-01  0.3093E+01  0.3093E+01
  0.7267E-01  0.2962E+01  0.5917E-01  0.3047E+01  0.3047E+01
  0.7327E-01  0.2976E+01  0.5646E-01  0.3002E+01  0.3002E+01
  0.7388E-01  0.2834E+01  0.5672E-01  0.2957E+01  0.2957E+01
  0.7449E-01  0.2830E+01  0.5713E-01  0.2913E+01  0.2913E+01
  0.7510E-01  0.2803E+01  0.5661E-01  0.2870E+01  0.2870E+01
  0.7571E-01  0.2719E+01  0.5509E-01  0.2827E+01  0.2827E+01
  0.7631E-01  0.2668E+01  0.5268E-01  0.2784E+01  0.2784E+01
  0.7692E-01  0.2717E+01  0.5576E-01  0.2743E+01  0.2743E+01
  0.7753E-01  0.2694E+01  0.5558E-01  0.2701E+01  0.2701E+01
  0.7814E-01  0.2722E+01  0.5768E-01  0.2661E+01  0.2661E+01
  0.7875E-01  0.2761E+01  0.5686E-01  0.2620E+01  0.2620E+01
  0.7935E-01  0.2707E+01  0.5766E-01  0.2580E+01  0.2580E+01
  0.7996E-01  0.2595E+01  0.5642E-01  0.2541E+01  0.2541E+01
  0.8057E-01  0.2491E+01  0.5698E-01  0.2502E+01  0.2502E+01
  0.8118E-01  0.2440E+01  0.5409E-01  0.2464E+01  0.2464E+01
  0.8179E-01  0.2382E+01  0.5741E-01  0.2426E+01  0.2426E+01
  0.8239E-01  0.2398E+01  0.5160E-01  0.2389E+01  0.2389E+01
  0.8300E-01  0.2395E+01  0.5087E-01  0.2352E+01  0.2352E+01
  0.8361E-01  0.2283E+01  0.5321E-01  0.2316E+01  0.2316E+01
  0.8422E-01  0.2312E+01  0.4982E-01  0.2280E+01  0.2280E+01
  0.8483E-01  0.2192E+01  0.4667E-01  0.2245E+01  0.2245E+01
  0.8544E-01  0.2252E+01  0.5068E-01  0.2210E+01  0.2210E+01
  0.8604E-01  0.2259E+01  0.5045E-01  0.2176E+01  0.2176E+01
  0.8665E-01  0.2183E+01  0.4872E-01  0.2142E+01  0.2142E+01
  0.8726E-01  0.2192E+01  0.4907E-01  0.2109E+01  0.2109E+01
  0.8787E-01  0.2174E+01  0.5011E-01  0.2076E+01  0.2076E+01
  0.8847E-01  0.2106E+01  0.4934E-01  0.2044E+01  0.2044E+01
  0.8908E-01  0.2045E+01  0.4930E-01  0.2012E+01  0.2012E+01
  0.8969E-01  0.2028E+01  0.4943E-01  0.1981E+01  0.1981E+01
  0.9030E-01  0.2034E+01  0.4897E-01  0.1951E+01  0.1951E+01
  0.9091E-01  0.2010E+01  0.5022E-01  0.1921E+01  0.1921E+01
  0.9151E-01  0.1988E+01  0.5169E-01  0.1892E+01  0.1892E+01
  0.9212E-01  0.2008E+01  0.5267E-01  0.1863E+01  0.1863E+01
  0.9273E-01  0.1923E+01  0.4975E-01  0.1835E+01  0.1835E+01
  0.9334E-01  0.1958E+01  0.4991E-01  0.1807E+01  0.1807E+01
  0.9395E-01  0.1796E+01  0.4873E-01  0.1780E+01  0.1780E+01
  0.9456E-01  0.1804E+01  0.5077E-01  0.1753E+01  0.1753E+01
  0.9516E-01  0.1759E+01  0.5109E-01  0.1727E+01  0.1727E+01
  0.9577E-01  0.1882E+01  0.4941E-01  0.1702E+01  0.1702E+01
  0.9638E-01  0.1819E+01  0.4895E-01  0.1677E+01  0.1677E+01
  0.9699E-01  0.1841E+01  0.4759E-01  0.1653E+01  0.1653E+01
  0.9760E-01  0.1698E+01  0.4789E-01  0.1629E+01  0.1629E+01
  0.9820E-01  0.1599E+01  0.4814E-01  0.1605E+01  0.1605E+01
  0.9881E-01  0.1601E+01  0.4981E-01  0.1583E+01  0.1583E+01
  0.9942E-01  0.1563E+01  0.4653E-01  0.1560E+01  0.1560E+01
  0.1000E+00  0.1490E+01  0.4859E-01  0.1538E+01  0.1538E+01
  0.1006E+00  0.1413E+01  0.4649E-01  0.1517E+01  0.1517E+01
  0.1012E+00  0.1464E+01  0.4828E-01  0.1496E+01  0.1496E+01
  0.1019E+00  0.1446E+01  0.5013E-01  0.1475E+01  0.1475E+01
  0.1025E+00  0.1512E+01  0.4949E-01  0.1455E+01  0.1455E+01
  0.1031E+00  0.1514E+01  0.4531E-01  0.1436E+01  0.1436E+01
  0.1037E+00  0.1512E+01  0.4546E-01  0.1416E+01  0.1416E+01
  0.1043E+00  0.1448E+01  0.4431E-01  0.1398E+01  0.1398E+01
  0.1049E+00  0.1395E+01  0.4514E-01  0.1379E+01  0.1379E+01
  0.1055E+00  0.1383E+01  0.4653E-01  0.1361E+01  0.1361E+01
  0.1061E+00  0.1360E+01  0.4761E-01  0.1343E+01  0.1343E+01
  0.1067E+00  0.1308E+01  0.5483E-01  0.1326E+01  0.1326E+01
  0.1073E+00  0.1363E+01  0.5026E-01  0.1309E+01  0.1309E+01
  0.1079E+00  0.1297E+01  0.5894E-01  0.1292E+01  0.1292E+01
  0.1085E+00  0.1240E+01  0.4487E-01  0.1276E+01  0.1276E+01
  0.1091E+00  0.1191E+01  0.4318E-01  0.1260E+01  0.1260E+01
  0.1098E+00  0.1186E+01  0.4524E-01  0.1244E+01  0.1244E+01
  0.1104E+00  0.1143E+01  0.4334E-01  0.1229E+01  0.1229E+01
  0.1110E+00  0.1111E+01  0.4345E-01  0.1213E+01  0.1213E+01
  0.1116E+00  0.1155E+01  0.4662E-01  0.1198E+01  0.1198E+01
  0.1122E+00  0.1170E+01  0.4288E-01  0.1184E+01  0.1184E+01
  0.1128E+00  0.1187E+01  0.4490E-01  0.1169E+01  0.1169E+01
  0.1134E+00  0.1174E+01  0.4437E-01  0.1155E+01  0.1155E+01
  0.1140E+00  0.1117E+01  0.4366E-01  0.1141E+01  0.1141E+01
  0.1146E+00  0.1083E+01  0.4477E-01  0.1127E+01  0.1127E+01
  0.1152E+00  0.1026E+01  0.4321E-01  0.1113E+01  0.1113E+01
  0.1158E+00  0.1075E+01  0.4289E-01  0.1099E+01  0.1099E+01
  0.1164E+00  0.1123E+01  0.4449E-01  0.1086E+01  0.1086E+01
  0.1171E+00  0.1113E+01  0.4100E-01  0.1073E+01  0.1073E+01
  0.1177E+00  0.1052E+01  0.4311E-01  0.1060E+01  0.1060E+01
  0.1183E+00  0.9891E+00  0.4164E-01  0.1047E+01  0.1047E+01
  0.1189E+00  0.9200E+00  0.4200E-01  0.1035E+01  0.1035E+01
  0.1195E+00  0.1008E+01  0.4086E-01  0.1022E+01  0.1022E+01
  0.1201E+00  0.9742E+00  0.4234E-01  0.1010E+01  0.1010E+01
  0.1207E+00  0.1020E+01  0.4135E-01  0.9977E+00  0.9977E+00
  0.1213E+00  0.1010E+01  0.4026E-01  0.9857E+00  0.9857E+00
  0.1219E+00  0.9411E+00  0.4033E-01  0.9739E+00  0.9739E+00
  0.1225E+00  0.9097E+00  0.4067E-01  0.9622E+00  0.9622E+00
  0.1231E+00  0.9654E+00  0.4193E-01  0.9506E+00  0.9506E+00
  0.1237E+00  0.9131E+00  0.4344E-01  0.9392E+00  0.9392E+00
  0.1244E+00  0.9227E+00  0.4974E-01  0.9279E+00  0.9279E+00
  0.1250E+00  0.8602E+00  0.4208E-01  0.9168E+00  0.9168E+00
  0.1256E+00  0.8181E+00  0.4286E-01  0.9059E+00  0.9059E+00
  0.1262E+00  0.8341E+00  0.3987E-01  0.8951E+00  0.8951E+00
  0.1268E+00  0.8371E+00  0.3856E-01  0.8845E+00  0.8845E+00
  0.1274E+00  0.8438E+00  0.4153E-01  0.8740E+00  0.8740E+00
  0.1280E+00  0.8170E+00  0.4186E-01  0.8636E+00  0.8636E+00
  0.1286E+00  0.8239E+00  0.4202E-01  0.8535E+00  0.8535E+00
  0.1292E+00  0.8719E+00  0.4113E-01  0.8434E+00  0.8434E+00
  0.1298E+00  0.8342E+00  0.4019E-01  0.8336E+00  0.8336E+00
  0.1304E+00  0.8106E+00  0.4252E-01  0.8239E+00  0.8239E+00
  0.1310E+00  0.7987E+00  0.4152E-01  0.8143E+00  0.8143E+00
  0.1316E+00  0.7875E+00  0.4172E-01  0.8049E+00  0.8049E+00
  0.1323E+00  0.7281E+00  0.4159E-01  0.7957E+00  0.7957E+00
  0.1329E+00  0.7380E+00  0.3998E-01  0.7867E+00  0.7867E+00
  0.1335E+00  0.7328E+00  0.4144E-01  0.7778E+00  0.7778E+00
  0.1341E+00  0.7691E+00  0.4004E-01  0.7690E+00  0.7690E+00
  0.1347E+00  0.7584E+00  0.4038E-01  0.7605E+00  0.7605E+00
  0.1353E+00  0.7484E+00  0.3907E-01  0.7521E+00  0.7521E+00
  0.1359E+00  0.7492E+00  0.3887E-01  0.7439E+00  0.7439E+00
  0.1365E+00  0.6345E+00  0.4007E-01  0.7358E+00  0.7358E+00
  0.1371E+00  0.6646E+00  0.3990E-01  0.7279E+00  0.7279E+00
  0.1377E+00  0.7162E+00  0.4055E-01  0.7202E+00  0.7202E+00
  0.1383E+00  0.7089E+00  0.4092E-01  0.7126E+00  0.7126E+00
  0.1389E+00  0.7504E+00  0.4088E-01  0.7052E+00  0.7052E+00
  0.1396E+00  0.7591E+00  0.4046E-01  0.6979E+00  0.6979E+00
  0.1402E+00  0.7248E+00  0.4212E-01  0.6909E+00  0.6909E+00
  0.1408E+00  0.7180E+00  0.3955E-01  0.6839E+00  0.6839E+00
  0.1414E+00  0.7042E+00  0.3708E-01  0.6771E+00  0.6771E+00
  0.1420E+00  0.6973E+00  0.3597E-01  0.6705E+00  0.6705E+00
  0.1426E+00  0.7335E+00  0.3732E-01  0.6640E+00  0.6640E+00
  0.1432E+00  0.7191E+00  0.3818E-01  0.6577E+00  0.6577E+00
  0.1438E+00  0.6923E+00  0.4123E-01  0.6515E+00  0.6515E+00
  0.1444E+00  0.6440E+00  0.3980E-01  0.6455E+00  0.6455E+00
  0.1450E+00  0.6090E+00  0.3766E-01  0.6395E+00  0.6395E+00
  0.1456E+00  0.5570E+00  0.4488E-01  0.6337E+00  0.6337E+00
  0.1462E+00  0.5965E+00  0.4712E-01  0.6281E+00  0.6281E+00
  0.1468E+00  0.5848E+00  0.5456E-01  0.6225E+00  0.6225E+00
  0.1475E+00  0.6250E+00  0.6410E-01  0.6171E+00  0.6171E+00
  0.1481E+00  0.5865E+00  0.4364E-01  0.6117E+00  0.6117E+00
  0.1487E+00  0.5717E+00  0.3907E-01  0.6065E+00  0.6065E+00
  0.1493E+00  0.6030E+00  0.3900E-01  0.6014E+00  0.6014E+00
  0.1499E+00  0.5761E+00  0.3554E-01  0.5964E+00  0.5964E+00
  0.1505E+00  0.6037E+00  0.3602E-01  0.5914E+00  0.5914E+00
  0.1511E+00  0.6221E+00  0.3695E-01  0.5866E+00  0.5866E+00
  0.1517E+00  0.6021E+00  0.3746E-01  0.5818E+00  0.5818E+00
  0.1523E+00  0.5923E+00  0.3809E-01  0.5772E+00  0.5772E+00
  0.1529E+00  0.5968E+00  0.3846E-01  0.5725E+00  0.5725E+00
  0.1535E+00  0.6513E+00  0.3751E-01  0.5680E+00  0.5680E+00
  0.1541E+00  0.5454E+00  0.3686E-01  0.5635E+00  0.5635E+00
  0.1548E+00  0.5094E+00  0.3659E-01  0.5591E+00  0.5591E+00
  0.1554E+00  0.4941E+00  0.3592E-01  0.5547E+00  0.5547E+00
  0.1560E+00  0.4663E+00  0.3482E-01  0.5504E+00  0.5504E+00
  0.1566E+00  0.4678E+00  0.3478E-01  0.5461E+00  0.5461E+00
  0.1572E+00  0.4993E+00  0.3759E-01  0.5419E+00  0.5419E+00
  0.1578E+00  0.4781E+00  0.5437E-01  0.5377E+00  0.5377E+00
  0.1584E+00  0.4960E+00  0.5840E-01  0.5336E+00  0.5336E+00
  0.1590E+00  0.4437E+00  0.3957E-01  0.5295E+00  0.5295E+00
  0.1596E+00  0.4505E+00  0.3604E-01  0.5254E+00  0.5254E+00
  0.1602E+00  0.5051E+00  0.3488E-01  0.5214E+00  0.5214E+00
  0.1608E+00  0.4940E+00  0.3534E-01  0.5174E+00  0.5174E+00
  0.1614E+00  0.4965E+00  0.3344E-01  0.5134E+00  0.5134E+00
  0.1620E+00  0.5150E+00  0.3305E-01  0.5094E+00  0.5094E+00
  0.1627E+00  0.4971E+00  0.3299E-01  0.5055E+00  0.5055E+00
  0.1633E+00  0.4809E+00  0.3233E-01  0.5016E+00  0.5016E+00
  0.1639E+00  0.4865E+00  0.3330E-01  0.4977E+00  0.4977E+00
  0.1645E+00  0.4838E+00  0.3408E-01  0.4938E+00  0.4938E+00
  0.1651E+00  0.4488E+00  0.3521E-01  0.4900E+00  0.4900E+00
  0.1657E+00  0.4691E+00  0.3970E-01  0.4861E+00  0.4861E+00
  0.1663E+00  0.4006E+00  0.3467E-01  0.4823E+00  0.4823E+00
  0.1669E+00  0.3987E+00  0.3453E-01  0.4785E+00  0.4785E+00
  0.1675E+00  0.4493E+00  0.3446E-01  0.4748E+00  0.4748E+00
  0.1681E+00  0.5240E+00  0.3499E-01  0.4710E+00  0.4710E+00
  0.1687E+00  0.5726E+00  0.3404E-01  0.4673E+00  0.4673E+00
  0.1693E+00  0.5036E+00  0.3314E-01  0.4636E+00  0.4636E+00
  0.1700E+00  0.4465E+00  0.3376E-01  0.4600E+00  0.4600E+00
  0.1706E+00  0.3717E+00  0.3467E-01  0.4563E+00  0.4563E+00
  0.1712E+00  0.3914E+00  0.3444E-01  0.4527E+00  0.4527E+00
  0.1718E+00  0.3528E+00  0.3439E-01  0.4491E+00  0.4491E+00

           Distance distribution  function of particle  


       R          P(R)      ERROR

  0.0000E+00  0.0000E+00  0.0000E+00
  0.1416E+01  0.1483E-02  0.1218E-04
  0.2832E+01  0.2947E-02  0.2096E-04
  0.4248E+01  0.4390E-02  0.2650E-04
  0.5664E+01  0.5810E-02  0.2908E-04
  0.7080E+01  0.7201E-02  0.2911E-04
  0.8496E+01  0.8561E-02  0.2710E-04
  0.9912E+01  0.9881E-02  0.2378E-04
  0.1133E+02  0.1116E-01  0.2023E-04
  0.1274E+02  0.1238E-01  0.1809E-04
  0.1416E+02  0.1355E-01  0.1900E-04
  0.1558E+02  0.1466E-01  0.2291E-04
  0.1699E+02  0.1569E-01  0.2840E-04
  0.1841E+02  0.1665E-01  0.3423E-04
  0.1982E+02  0.1753E-01  0.3965E-04
  0.2124E+02  0.1832E-01  0.4423E-04
  0.2266E+02  0.1902E-01  0.4775E-04
  0.2407E+02  0.1964E-01  0.5012E-04
  0.2549E+02  0.2017E-01  0.5140E-04
  0.2690E+02  0.2061E-01  0.5172E-04
  0.2832E+02  0.2096E-01  0.5132E-04
  0.2974E+02  0.2122E-01  0.5050E-04
  0.3115E+02  0.2141E-01  0.4960E-04
  0.3257E+02  0.2152E-01  0.4892E-04
  0.3398E+02  0.2156E-01  0.4870E-04
  0.3540E+02  0.2153E-01  0.4905E-04
  0.3682E+02  0.2145E-01  0.4991E-04
  0.3823E+02  0.2132E-01  0.5113E-04
  0.3965E+02  0.2114E-01  0.5250E-04
  0.4106E+02  0.2093E-01  0.5381E-04
  0.4248E+02  0.2069E-01  0.5493E-04
  0.4390E+02  0.2042E-01  0.5577E-04
  0.4531E+02  0.2014E-01  0.5638E-04
  0.4673E+02  0.1984E-01  0.5683E-04
  0.4814E+02  0.1954E-01  0.5731E-04
  0.4956E+02  0.1923E-01  0.5800E-04
  0.5098E+02  0.1892E-01  0.5909E-04
  0.5239E+02  0.1861E-01  0.6069E-04
  0.5381E+02  0.1831E-01  0.6287E-04
  0.5522E+02  0.1801E-01  0.6556E-04
  0.5664E+02  0.1772E-01  0.6865E-04
  0.5806E+02  0.1744E-01  0.7199E-04
  0.5947E+02  0.1716E-01  0.7539E-04
  0.6089E+02  0.1688E-01  0.7870E-04
  0.6230E+02  0.1661E-01  0.8180E-04
  0.6372E+02  0.1634E-01  0.8459E-04
  0.6514E+02  0.1608E-01  0.8705E-04
  0.6655E+02  0.1581E-01  0.8917E-04
  0.6797E+02  0.1555E-01  0.9095E-04
  0.6938E+02  0.1528E-01  0.9246E-04
  0.7080E+02  0.1502E-01  0.9373E-04
  0.7222E+02  0.1475E-01  0.9483E-04
  0.7363E+02  0.1448E-01  0.9582E-04
  0.7505E+02  0.1420E-01  0.9674E-04
  0.7646E+02  0.1392E-01  0.9764E-04
  0.7788E+02  0.1364E-01  0.9857E-04
  0.7930E+02  0.1335E-01  0.9958E-04
  0.8071E+02  0.1306E-01  0.1007E-03
  0.8213E+02  0.1277E-01  0.1021E-03
  0.8354E+02  0.1247E-01  0.1037E-03
  0.8496E+02  0.1216E-01  0.1055E-03
  0.8638E+02  0.1185E-01  0.1077E-03
  0.8779E+02  0.1154E-01  0.1103E-03
  0.8921E+02  0.1123E-01  0.1131E-03
  0.9062E+02  0.1091E-01  0.1162E-03
  0.9204E+02  0.1058E-01  0.1194E-03
  0.9346E+02  0.1026E-01  0.1226E-03
  0.9487E+02  0.9929E-02  0.1258E-03
  0.9629E+02  0.9596E-02  0.1288E-03
  0.9770E+02  0.9261E-02  0.1315E-03
  0.9912E+02  0.8924E-02  0.1338E-03
  0.1005E+03  0.8586E-02  0.1356E-03
  0.1020E+03  0.8247E-02  0.1370E-03
  0.1034E+03  0.7907E-02  0.1380E-03
  0.1048E+03  0.7569E-02  0.1385E-03
  0.1062E+03  0.7232E-02  0.1386E-03
  0.1076E+03  0.6898E-02  0.1384E-03
  0.1090E+03  0.6568E-02  0.1380E-03
  0.1104E+03  0.6242E-02  0.1374E-03
  0.1119E+03  0.5921E-02  0.1366E-03
  0.1133E+03  0.5607E-02  0.1356E-03
  0.1147E+03  0.5300E-02  0.1345E-03
  0.1161E+03  0.4999E-02  0.1332E-03
  0.1175E+03  0.4707E-02  0.1317E-03
  0.1189E+03  0.4422E-02  0.1298E-03
  0.1204E+03  0.4144E-02  0.1275E-03
  0.1218E+03  0.3873E-02  0.1247E-03
  0.1232E+03  0.3608E-02  0.1214E-03
  0.1246E+03  0.3349E-02  0.1173E-03
  0.1260E+03  0.3092E-02  0.1125E-03
  0.1274E+03  0.2838E-02  0.1069E-03
  0.1289E+03  0.2584E-02  0.1005E-03
  0.1303E+03  0.2329E-02  0.9319E-04
  0.1317E+03  0.2071E-02  0.8495E-04
  0.1331E+03  0.1806E-02  0.7577E-04
  0.1345E+03  0.1535E-02  0.6561E-04
  0.1359E+03  0.1253E-02  0.5447E-04
  0.1374E+03  0.9610E-03  0.4234E-04
  0.1388E+03  0.6555E-03  0.2922E-04
  0.1402E+03  0.3356E-03  0.1510E-04
  0.1416E+03  0.0000E+00  0.0000E+00
          Reciprocal space: Rg =   45.06     , I(0) =   0.2117E+02
     Real space: Rg =   45.29 +- 0.149  I(0) =   0.2117E+02 +-  0.9456E-01
