
           ####    G N O M   ---   Version 4.5a revised 09/02/02     ####

                                                  Tue May 25 19:06:35 2010
           ===    Run No   1   ===
 Run title:   Merge of: p2_E2_1.mccd p2_E2_2.mccd p2_E3_1.mccd p2_E3_2.mccd p3


  Number of points omitted at the beginning:           2
   *******   Working Directory :
   *******    Input file(s) :
           Condition P(rmin) = 0 is used. 
           Condition P(rmax) = 0 is used. 

          Experimental conditions for the first run
          -----------------------------------------

          Highest ALPHA is found to be   0.1442E+04

  The measure of inconsistency AN1 equals to    0.7343E+00
     Alpha    Discrp  Oscill  Stabil  Sysdev  Positv  Valcen    Total   
  0.1442E+07 29.4529  1.9667  0.9863  0.0000  1.0000  0.6935  0.12057
  0.2885E+06 29.0641  1.9613  0.9717  0.0000  1.0000  0.6939  0.12156
  0.5769E+05 27.3330  1.9354  0.9072  0.0000  1.0000  0.6958  0.12648
  0.1154E+05 21.8929  1.8370  0.7149  0.1704  1.0000  0.7036  0.16466
  0.2308E+04 13.5327  1.6574  0.4748  0.0135  1.0000  0.7242  0.20062
  0.4615E+03  5.8872  1.5475  0.2692  0.1435  1.0000  0.7551  0.25014
  0.9231E+02  1.7830  1.4640  0.1156  0.2870  1.0000  0.7858  0.39048
  0.1846E+02  0.6000  1.4176  0.0354  0.5561  1.0000  0.8028  0.69784
  0.3692E+01  0.4318  1.4074  0.0098  0.6726  1.0000  0.8080  0.75681
  0.7385E+00  0.4117  1.4122  0.0047  0.6637  1.0000  0.8094  0.74809
  0.1477E+00  0.4073  1.4268  0.0061  0.6726  1.0000  0.8097  0.74932
  0.2954E-01  0.4030  1.5252  0.0167  0.6906  1.0000  0.8093  0.72973
  0.5908E-02  0.3973  2.0304  0.0400  0.6816  1.0000  0.8084  0.57642
  0.1182E-02  0.3884  4.3286  0.1384  0.6726  0.9989  0.8049  0.40153
  0.2363E-03  0.3754  9.6551  0.1768  0.6816  0.9880  0.7809  0.36523
  0.4726E-04  0.3701 13.6780  0.1435  0.6816  0.9680  0.7431  0.00000

          ***  Golden section search to maximize estimate ***
     Alpha    Discrp  Oscill  Stabil  Sysdev  Positv  Valcen    Total   
  0.6828E+01  0.4580  1.4087  0.0153  0.6547  1.0000  0.8068  0.74826
  0.2309E+01  0.4218  1.4079  0.0075  0.6457  1.0000  0.8086  0.73916
  0.4669E+01  0.4393  1.4076  0.0115  0.6547  1.0000  0.8076  0.74660
  0.3086E+01  0.4273  1.4075  0.0088  0.6637  1.0000  0.8083  0.75084
  0.4039E+01  0.4344  1.4075  0.0104  0.6637  1.0000  0.8079  0.75161
  0.3448E+01  0.4299  1.4074  0.0094  0.6637  1.0000  0.8081  0.75114
  0.3821E+01  0.4327  1.4074  0.0100  0.6726  1.0000  0.8080  0.75691
  0.3903E+01  0.4333  1.4074  0.0102  0.6637  1.0000  0.8079  0.75150
  0.3771E+01  0.4323  1.4074  0.0099  0.6726  1.0000  0.8080  0.75687
  0.3852E+01  0.4330  1.4074  0.0101  0.6726  1.0000  0.8080  0.75693
  0.3871E+01  0.4331  1.4074  0.0101  0.6637  1.0000  0.8080  0.75148
  0.3840E+01  0.4329  1.4074  0.0100  0.6726  1.0000  0.8080  0.75692
  0.3859E+01  0.4330  1.4074  0.0101  0.6726  1.0000  0.8080  0.75694
  0.3864E+01  0.4331  1.4074  0.0101  0.6726  1.0000  0.8080  0.75694
  0.3864E+01  0.4331  1.4074  0.0101  0.6726  1.0000  0.8080  0.75694



             ####            Final results            ####

 Parameter    DISCRP    OSCILL    STABIL    SYSDEV    POSITV    VALCEN
 Weight        1.000     3.000     3.000     5.000     1.000     1.000
 Sigma         0.300     0.600     0.120     0.500     0.120     0.120
 Ideal         0.700     1.200     0.000     1.000     1.000     0.950
 Current       0.433     1.407     0.010     0.673     1.000     0.808
                - - - - - - - - - - - - - - - - - - - - - - - - - 
 Estimate      0.453     0.887     0.993     0.651     1.000     0.246

  Angular   range    :     from    0.0143   to    0.3189
  Real space range   :     from      0.00   to    159.90

  Highest ALPHA (theor) :   0.144E+07                 JOB = 0
  Current ALPHA         :   0.386E+01   Rg :  0.510E+02   I(0) :   0.309E+02

           Total  estimate : 0.757  which is    A GOOD      solution

      S          J EXP       ERROR       J REG       I REG

  0.0000E+00                                      0.3090E+02
  0.6213E-03                                      0.3089E+02
  0.1243E-02                                      0.3086E+02
  0.1864E-02                                      0.3080E+02
  0.2485E-02                                      0.3073E+02
  0.3107E-02                                      0.3064E+02
  0.3728E-02                                      0.3052E+02
  0.4349E-02                                      0.3039E+02
  0.4970E-02                                      0.3024E+02
  0.5592E-02                                      0.3007E+02
  0.6213E-02                                      0.2987E+02
  0.6834E-02                                      0.2966E+02
  0.7456E-02                                      0.2944E+02
  0.8077E-02                                      0.2919E+02
  0.8698E-02                                      0.2893E+02
  0.9320E-02                                      0.2865E+02
  0.9941E-02                                      0.2835E+02
  0.1056E-01                                      0.2805E+02
  0.1118E-01                                      0.2772E+02
  0.1180E-01                                      0.2738E+02
  0.1243E-01                                      0.2703E+02
  0.1305E-01                                      0.2667E+02
  0.1367E-01                                      0.2630E+02
  0.1429E-01  0.2819E+02  0.1743E+01  0.2591E+02  0.2591E+02
  0.1490E-01  0.2675E+02  0.1282E+01  0.2553E+02  0.2553E+02
  0.1551E-01  0.2700E+02  0.8891E+00  0.2513E+02  0.2513E+02
  0.1611E-01  0.2631E+02  0.7784E+00  0.2473E+02  0.2473E+02
  0.1672E-01  0.2556E+02  0.8169E+00  0.2432E+02  0.2432E+02
  0.1733E-01  0.2405E+02  0.2828E+01  0.2391E+02  0.2391E+02
  0.1794E-01  0.2433E+02  0.1123E+01  0.2348E+02  0.2348E+02
  0.1855E-01  0.2407E+02  0.1055E+01  0.2306E+02  0.2306E+02
  0.1916E-01  0.2348E+02  0.1008E+01  0.2263E+02  0.2263E+02
  0.1976E-01  0.2305E+02  0.9997E+00  0.2220E+02  0.2220E+02
  0.2037E-01  0.2135E+02  0.8137E+00  0.2176E+02  0.2176E+02
  0.2098E-01  0.2291E+02  0.9003E+00  0.2132E+02  0.2132E+02
  0.2159E-01  0.2156E+02  0.6452E+00  0.2088E+02  0.2088E+02
  0.2220E-01  0.2088E+02  0.5005E+00  0.2045E+02  0.2045E+02
  0.2280E-01  0.2047E+02  0.4551E+00  0.2001E+02  0.2001E+02
  0.2341E-01  0.2014E+02  0.5126E+00  0.1957E+02  0.1957E+02
  0.2402E-01  0.1952E+02  0.4472E+00  0.1914E+02  0.1914E+02
  0.2463E-01  0.1838E+02  0.4164E+00  0.1870E+02  0.1870E+02
  0.2524E-01  0.1775E+02  0.3778E+00  0.1827E+02  0.1827E+02
  0.2584E-01  0.1705E+02  0.4057E+00  0.1784E+02  0.1784E+02
  0.2645E-01  0.1685E+02  0.3523E+00  0.1742E+02  0.1742E+02
  0.2706E-01  0.1704E+02  0.3530E+00  0.1700E+02  0.1700E+02
  0.2767E-01  0.1641E+02  0.3260E+00  0.1659E+02  0.1659E+02
  0.2828E-01  0.1651E+02  0.3466E+00  0.1618E+02  0.1618E+02
  0.2888E-01  0.1601E+02  0.3454E+00  0.1578E+02  0.1578E+02
  0.2949E-01  0.1523E+02  0.3493E+00  0.1539E+02  0.1539E+02
  0.3010E-01  0.1531E+02  0.3670E+00  0.1500E+02  0.1500E+02
  0.3071E-01  0.1497E+02  0.3249E+00  0.1461E+02  0.1461E+02
  0.3132E-01  0.1454E+02  0.3096E+00  0.1424E+02  0.1424E+02
  0.3192E-01  0.1359E+02  0.3194E+00  0.1387E+02  0.1387E+02
  0.3253E-01  0.1332E+02  0.2978E+00  0.1351E+02  0.1351E+02
  0.3314E-01  0.1308E+02  0.2926E+00  0.1316E+02  0.1316E+02
  0.3375E-01  0.1277E+02  0.2731E+00  0.1282E+02  0.1282E+02
  0.3436E-01  0.1228E+02  0.2812E+00  0.1249E+02  0.1249E+02
  0.3497E-01  0.1218E+02  0.2968E+00  0.1216E+02  0.1216E+02
  0.3557E-01  0.1204E+02  0.2916E+00  0.1184E+02  0.1184E+02
  0.3618E-01  0.1177E+02  0.3142E+00  0.1154E+02  0.1154E+02
  0.3679E-01  0.1168E+02  0.2978E+00  0.1124E+02  0.1124E+02
  0.3740E-01  0.1111E+02  0.2412E+00  0.1095E+02  0.1095E+02
  0.3801E-01  0.1059E+02  0.2537E+00  0.1067E+02  0.1067E+02
  0.3861E-01  0.1055E+02  0.2425E+00  0.1039E+02  0.1039E+02
  0.3922E-01  0.1020E+02  0.2738E+00  0.1013E+02  0.1013E+02
  0.3983E-01  0.9791E+01  0.2735E+00  0.9872E+01  0.9872E+01
  0.4044E-01  0.9130E+01  0.2380E+00  0.9625E+01  0.9625E+01
  0.4105E-01  0.9037E+01  0.2361E+00  0.9386E+01  0.9386E+01
  0.4165E-01  0.8570E+01  0.2406E+00  0.9155E+01  0.9155E+01
  0.4226E-01  0.8450E+01  0.2490E+00  0.8933E+01  0.8933E+01
  0.4287E-01  0.8706E+01  0.2401E+00  0.8718E+01  0.8718E+01
  0.4348E-01  0.8298E+01  0.2385E+00  0.8511E+01  0.8511E+01
  0.4409E-01  0.8455E+01  0.2301E+00  0.8312E+01  0.8312E+01
  0.4469E-01  0.8069E+01  0.2092E+00  0.8120E+01  0.8120E+01
  0.4530E-01  0.7969E+01  0.2198E+00  0.7935E+01  0.7935E+01
  0.4591E-01  0.7791E+01  0.2161E+00  0.7757E+01  0.7757E+01
  0.4652E-01  0.7653E+01  0.1691E+00  0.7586E+01  0.7586E+01
  0.4713E-01  0.7578E+01  0.1811E+00  0.7421E+01  0.7421E+01
  0.4773E-01  0.7411E+01  0.1657E+00  0.7262E+01  0.7262E+01
  0.4834E-01  0.7343E+01  0.1581E+00  0.7110E+01  0.7110E+01
  0.4895E-01  0.7096E+01  0.1151E+00  0.6962E+01  0.6962E+01
  0.4956E-01  0.6887E+01  0.1155E+00  0.6820E+01  0.6820E+01
  0.5017E-01  0.6827E+01  0.1022E+00  0.6684E+01  0.6684E+01
  0.5078E-01  0.6560E+01  0.1016E+00  0.6552E+01  0.6552E+01
  0.5138E-01  0.6495E+01  0.1053E+00  0.6425E+01  0.6425E+01
  0.5199E-01  0.6306E+01  0.8750E-01  0.6303E+01  0.6303E+01
  0.5260E-01  0.6186E+01  0.8053E-01  0.6185E+01  0.6185E+01
  0.5321E-01  0.6022E+01  0.7949E-01  0.6070E+01  0.6070E+01
  0.5382E-01  0.5907E+01  0.7969E-01  0.5960E+01  0.5960E+01
  0.5442E-01  0.5840E+01  0.7908E-01  0.5853E+01  0.5853E+01
  0.5503E-01  0.5741E+01  0.7740E-01  0.5749E+01  0.5749E+01
  0.5564E-01  0.5708E+01  0.7727E-01  0.5648E+01  0.5648E+01
  0.5625E-01  0.5617E+01  0.7508E-01  0.5551E+01  0.5551E+01
  0.5686E-01  0.5591E+01  0.7448E-01  0.5456E+01  0.5456E+01
  0.5746E-01  0.5509E+01  0.7135E-01  0.5363E+01  0.5363E+01
  0.5807E-01  0.5366E+01  0.7995E-01  0.5273E+01  0.5273E+01
  0.5868E-01  0.5300E+01  0.9925E-01  0.5185E+01  0.5185E+01
  0.5929E-01  0.5136E+01  0.7641E-01  0.5099E+01  0.5099E+01
  0.5990E-01  0.5010E+01  0.7268E-01  0.5016E+01  0.5016E+01
  0.6050E-01  0.4913E+01  0.7248E-01  0.4933E+01  0.4933E+01
  0.6111E-01  0.4850E+01  0.7816E-01  0.4853E+01  0.4853E+01
  0.6172E-01  0.4666E+01  0.7506E-01  0.4774E+01  0.4774E+01
  0.6233E-01  0.4699E+01  0.1027E+00  0.4697E+01  0.4697E+01
  0.6294E-01  0.4726E+01  0.1824E+00  0.4621E+01  0.4621E+01
  0.6354E-01  0.4645E+01  0.1033E+00  0.4546E+01  0.4546E+01
  0.6415E-01  0.4565E+01  0.7360E-01  0.4472E+01  0.4472E+01
  0.6476E-01  0.4462E+01  0.7363E-01  0.4399E+01  0.4399E+01
  0.6537E-01  0.4304E+01  0.6962E-01  0.4328E+01  0.4328E+01
  0.6598E-01  0.4219E+01  0.8407E-01  0.4257E+01  0.4257E+01
  0.6659E-01  0.4091E+01  0.7053E-01  0.4188E+01  0.4188E+01
  0.6719E-01  0.4092E+01  0.7638E-01  0.4119E+01  0.4119E+01
  0.6780E-01  0.4011E+01  0.7472E-01  0.4051E+01  0.4051E+01
  0.6841E-01  0.4019E+01  0.6457E-01  0.3984E+01  0.3984E+01
  0.6902E-01  0.3914E+01  0.7071E-01  0.3918E+01  0.3918E+01
  0.6963E-01  0.3738E+01  0.6570E-01  0.3853E+01  0.3853E+01
  0.7023E-01  0.3561E+01  0.6543E-01  0.3788E+01  0.3788E+01
  0.7084E-01  0.3602E+01  0.6710E-01  0.3725E+01  0.3725E+01
  0.7145E-01  0.3631E+01  0.6628E-01  0.3662E+01  0.3662E+01
  0.7206E-01  0.3588E+01  0.6534E-01  0.3599E+01  0.3599E+01
  0.7267E-01  0.3539E+01  0.6390E-01  0.3538E+01  0.3538E+01
  0.7327E-01  0.3464E+01  0.6390E-01  0.3477E+01  0.3477E+01
  0.7388E-01  0.3418E+01  0.6797E-01  0.3418E+01  0.3418E+01
  0.7449E-01  0.3211E+01  0.6768E-01  0.3359E+01  0.3359E+01
  0.7510E-01  0.3161E+01  0.6243E-01  0.3300E+01  0.3300E+01
  0.7571E-01  0.3181E+01  0.5849E-01  0.3243E+01  0.3243E+01
  0.7631E-01  0.3175E+01  0.5999E-01  0.3186E+01  0.3186E+01
  0.7692E-01  0.3117E+01  0.6008E-01  0.3131E+01  0.3131E+01
  0.7753E-01  0.3091E+01  0.6151E-01  0.3076E+01  0.3076E+01
  0.7814E-01  0.3130E+01  0.6148E-01  0.3022E+01  0.3022E+01
  0.7875E-01  0.3035E+01  0.5832E-01  0.2969E+01  0.2969E+01
  0.7935E-01  0.2987E+01  0.5908E-01  0.2916E+01  0.2916E+01
  0.7996E-01  0.2924E+01  0.6135E-01  0.2865E+01  0.2865E+01
  0.8057E-01  0.2846E+01  0.5931E-01  0.2815E+01  0.2815E+01
  0.8118E-01  0.2802E+01  0.5779E-01  0.2765E+01  0.2765E+01
  0.8179E-01  0.2753E+01  0.5619E-01  0.2716E+01  0.2716E+01
  0.8239E-01  0.2783E+01  0.5714E-01  0.2668E+01  0.2668E+01
  0.8300E-01  0.2657E+01  0.5837E-01  0.2622E+01  0.2622E+01
  0.8361E-01  0.2642E+01  0.5854E-01  0.2575E+01  0.2575E+01
  0.8422E-01  0.2541E+01  0.5702E-01  0.2530E+01  0.2530E+01
  0.8483E-01  0.2475E+01  0.5639E-01  0.2486E+01  0.2486E+01
  0.8544E-01  0.2439E+01  0.5466E-01  0.2443E+01  0.2443E+01
  0.8604E-01  0.2491E+01  0.5236E-01  0.2400E+01  0.2400E+01
  0.8665E-01  0.2525E+01  0.5326E-01  0.2358E+01  0.2358E+01
  0.8726E-01  0.2467E+01  0.5761E-01  0.2317E+01  0.2317E+01
  0.8787E-01  0.2376E+01  0.5589E-01  0.2277E+01  0.2277E+01
  0.8848E-01  0.2263E+01  0.5496E-01  0.2238E+01  0.2238E+01
  0.8908E-01  0.2241E+01  0.5312E-01  0.2200E+01  0.2200E+01
  0.8969E-01  0.2164E+01  0.5325E-01  0.2162E+01  0.2162E+01
  0.9030E-01  0.2069E+01  0.5262E-01  0.2125E+01  0.2125E+01
  0.9091E-01  0.2068E+01  0.5619E-01  0.2089E+01  0.2089E+01
  0.9151E-01  0.2042E+01  0.5569E-01  0.2053E+01  0.2053E+01
  0.9212E-01  0.2059E+01  0.5516E-01  0.2018E+01  0.2018E+01
  0.9273E-01  0.2046E+01  0.5479E-01  0.1984E+01  0.1984E+01
  0.9334E-01  0.1997E+01  0.5255E-01  0.1950E+01  0.1950E+01
  0.9395E-01  0.1920E+01  0.5422E-01  0.1917E+01  0.1917E+01
  0.9456E-01  0.1949E+01  0.5364E-01  0.1885E+01  0.1885E+01
  0.9516E-01  0.1867E+01  0.5156E-01  0.1853E+01  0.1853E+01
  0.9577E-01  0.1795E+01  0.5100E-01  0.1822E+01  0.1822E+01
  0.9638E-01  0.1738E+01  0.5042E-01  0.1791E+01  0.1791E+01
  0.9699E-01  0.1728E+01  0.5341E-01  0.1761E+01  0.1761E+01
  0.9760E-01  0.1713E+01  0.5185E-01  0.1731E+01  0.1731E+01
  0.9820E-01  0.1656E+01  0.5244E-01  0.1702E+01  0.1702E+01
  0.9881E-01  0.1709E+01  0.5711E-01  0.1673E+01  0.1673E+01
  0.9942E-01  0.1591E+01  0.2997E-01  0.1645E+01  0.1645E+01
  0.1000E+00  0.1551E+01  0.3032E-01  0.1617E+01  0.1617E+01
  0.1006E+00  0.1556E+01  0.3013E-01  0.1589E+01  0.1589E+01
  0.1012E+00  0.1521E+01  0.2959E-01  0.1562E+01  0.1562E+01
  0.1019E+00  0.1518E+01  0.2952E-01  0.1535E+01  0.1535E+01
  0.1025E+00  0.1495E+01  0.3176E-01  0.1509E+01  0.1509E+01
  0.1031E+00  0.1500E+01  0.2968E-01  0.1482E+01  0.1482E+01
  0.1037E+00  0.1454E+01  0.3043E-01  0.1457E+01  0.1457E+01
  0.1043E+00  0.1438E+01  0.2862E-01  0.1431E+01  0.1431E+01
  0.1049E+00  0.1415E+01  0.2826E-01  0.1406E+01  0.1406E+01
  0.1055E+00  0.1377E+01  0.2816E-01  0.1381E+01  0.1381E+01
  0.1061E+00  0.1366E+01  0.2800E-01  0.1357E+01  0.1357E+01
  0.1067E+00  0.1334E+01  0.2639E-01  0.1333E+01  0.1333E+01
  0.1073E+00  0.1317E+01  0.2778E-01  0.1309E+01  0.1309E+01
  0.1079E+00  0.1283E+01  0.2863E-01  0.1285E+01  0.1285E+01
  0.1085E+00  0.1268E+01  0.2819E-01  0.1262E+01  0.1262E+01
  0.1091E+00  0.1279E+01  0.2707E-01  0.1239E+01  0.1239E+01
  0.1098E+00  0.1242E+01  0.2716E-01  0.1216E+01  0.1216E+01
  0.1104E+00  0.1222E+01  0.2664E-01  0.1194E+01  0.1194E+01
  0.1110E+00  0.1192E+01  0.2668E-01  0.1172E+01  0.1172E+01
  0.1116E+00  0.1128E+01  0.2640E-01  0.1150E+01  0.1150E+01
  0.1122E+00  0.1096E+01  0.2568E-01  0.1128E+01  0.1128E+01
  0.1128E+00  0.1105E+01  0.2645E-01  0.1107E+01  0.1107E+01
  0.1134E+00  0.1073E+01  0.2639E-01  0.1086E+01  0.1086E+01
  0.1140E+00  0.1087E+01  0.2742E-01  0.1066E+01  0.1066E+01
  0.1146E+00  0.1056E+01  0.2882E-01  0.1046E+01  0.1046E+01
  0.1152E+00  0.1041E+01  0.2706E-01  0.1026E+01  0.1026E+01
  0.1158E+00  0.9898E+00  0.2605E-01  0.1006E+01  0.1006E+01
  0.1164E+00  0.9864E+00  0.2667E-01  0.9871E+00  0.9871E+00
  0.1171E+00  0.9529E+00  0.2664E-01  0.9683E+00  0.9683E+00
  0.1177E+00  0.9208E+00  0.2560E-01  0.9498E+00  0.9498E+00
  0.1183E+00  0.9108E+00  0.2653E-01  0.9317E+00  0.9317E+00
  0.1189E+00  0.9014E+00  0.2548E-01  0.9139E+00  0.9139E+00
  0.1195E+00  0.9014E+00  0.2580E-01  0.8964E+00  0.8964E+00
  0.1201E+00  0.8917E+00  0.2541E-01  0.8793E+00  0.8793E+00
  0.1207E+00  0.8732E+00  0.2615E-01  0.8626E+00  0.8626E+00
  0.1213E+00  0.8781E+00  0.2574E-01  0.8462E+00  0.8462E+00
  0.1219E+00  0.8703E+00  0.2572E-01  0.8301E+00  0.8301E+00
  0.1225E+00  0.8250E+00  0.2589E-01  0.8144E+00  0.8144E+00
  0.1231E+00  0.7817E+00  0.2708E-01  0.7991E+00  0.7991E+00
  0.1237E+00  0.7661E+00  0.2511E-01  0.7841E+00  0.7841E+00
  0.1244E+00  0.7473E+00  0.2510E-01  0.7694E+00  0.7694E+00
  0.1250E+00  0.7609E+00  0.2437E-01  0.7551E+00  0.7551E+00
  0.1256E+00  0.7379E+00  0.2540E-01  0.7411E+00  0.7411E+00
  0.1262E+00  0.7320E+00  0.2544E-01  0.7274E+00  0.7274E+00
  0.1268E+00  0.7124E+00  0.2546E-01  0.7141E+00  0.7141E+00
  0.1274E+00  0.7455E+00  0.2575E-01  0.7011E+00  0.7011E+00
  0.1280E+00  0.7179E+00  0.3075E-01  0.6884E+00  0.6884E+00
  0.1286E+00  0.7030E+00  0.4679E-01  0.6760E+00  0.6760E+00
  0.1292E+00  0.6603E+00  0.3247E-01  0.6639E+00  0.6639E+00
  0.1298E+00  0.6400E+00  0.3768E-01  0.6521E+00  0.6521E+00
  0.1304E+00  0.6221E+00  0.3228E-01  0.6405E+00  0.6405E+00
  0.1310E+00  0.6376E+00  0.2739E-01  0.6293E+00  0.6293E+00
  0.1316E+00  0.6430E+00  0.2484E-01  0.6183E+00  0.6183E+00
  0.1323E+00  0.6251E+00  0.2571E-01  0.6076E+00  0.6076E+00
  0.1329E+00  0.6060E+00  0.2501E-01  0.5971E+00  0.5971E+00
  0.1335E+00  0.5840E+00  0.2520E-01  0.5868E+00  0.5868E+00
  0.1341E+00  0.5818E+00  0.2538E-01  0.5768E+00  0.5768E+00
  0.1347E+00  0.5524E+00  0.2867E-01  0.5670E+00  0.5670E+00
  0.1353E+00  0.5319E+00  0.4501E-01  0.5574E+00  0.5574E+00
  0.1359E+00  0.4757E+00  0.6604E-01  0.5480E+00  0.5480E+00
  0.1365E+00  0.4709E+00  0.7963E-01  0.5388E+00  0.5388E+00
  0.1371E+00  0.4580E+00  0.1757E+00  0.5298E+00  0.5298E+00
  0.1377E+00  0.5234E+00  0.7532E-01  0.5210E+00  0.5210E+00
  0.1383E+00  0.4841E+00  0.2495E-01  0.5123E+00  0.5123E+00
  0.1389E+00  0.4933E+00  0.2412E-01  0.5039E+00  0.5039E+00
  0.1396E+00  0.4558E+00  0.2406E-01  0.4955E+00  0.4955E+00
  0.1402E+00  0.4403E+00  0.2442E-01  0.4874E+00  0.4874E+00
  0.1408E+00  0.4787E+00  0.2435E-01  0.4794E+00  0.4794E+00
  0.1414E+00  0.4758E+00  0.2462E-01  0.4714E+00  0.4714E+00
  0.1420E+00  0.4433E+00  0.2523E-01  0.4637E+00  0.4637E+00
  0.1426E+00  0.4337E+00  0.2433E-01  0.4560E+00  0.4560E+00
  0.1432E+00  0.4263E+00  0.2363E-01  0.4485E+00  0.4485E+00
  0.1438E+00  0.4554E+00  0.2384E-01  0.4412E+00  0.4412E+00
  0.1444E+00  0.4501E+00  0.2380E-01  0.4339E+00  0.4339E+00
  0.1450E+00  0.4299E+00  0.2442E-01  0.4268E+00  0.4268E+00
  0.1456E+00  0.4062E+00  0.2404E-01  0.4197E+00  0.4197E+00
  0.1462E+00  0.4232E+00  0.2560E-01  0.4128E+00  0.4128E+00
  0.1468E+00  0.4164E+00  0.2442E-01  0.4060E+00  0.4060E+00
  0.1475E+00  0.4021E+00  0.2443E-01  0.3993E+00  0.3993E+00
  0.1481E+00  0.3728E+00  0.2430E-01  0.3928E+00  0.3928E+00
  0.1487E+00  0.3581E+00  0.2531E-01  0.3863E+00  0.3863E+00
  0.1493E+00  0.3740E+00  0.2976E-01  0.3800E+00  0.3800E+00
  0.1499E+00  0.3557E+00  0.2487E-01  0.3737E+00  0.3737E+00
  0.1505E+00  0.3580E+00  0.2318E-01  0.3676E+00  0.3676E+00
  0.1511E+00  0.3863E+00  0.2298E-01  0.3616E+00  0.3616E+00
  0.1517E+00  0.3589E+00  0.2318E-01  0.3557E+00  0.3557E+00
  0.1523E+00  0.3610E+00  0.2244E-01  0.3499E+00  0.3499E+00
  0.1529E+00  0.3429E+00  0.2274E-01  0.3442E+00  0.3442E+00
  0.1535E+00  0.3812E+00  0.2311E-01  0.3387E+00  0.3387E+00
  0.1541E+00  0.3370E+00  0.2255E-01  0.3332E+00  0.3332E+00
  0.1548E+00  0.3539E+00  0.2236E-01  0.3279E+00  0.3279E+00
  0.1554E+00  0.3314E+00  0.2236E-01  0.3226E+00  0.3226E+00
  0.1560E+00  0.3125E+00  0.2206E-01  0.3176E+00  0.3176E+00
  0.1566E+00  0.3123E+00  0.2203E-01  0.3126E+00  0.3126E+00
  0.1572E+00  0.2876E+00  0.2160E-01  0.3078E+00  0.3078E+00
  0.1578E+00  0.3071E+00  0.2204E-01  0.3030E+00  0.3030E+00
  0.1584E+00  0.2943E+00  0.2186E-01  0.2984E+00  0.2984E+00
  0.1590E+00  0.3074E+00  0.3009E-01  0.2940E+00  0.2940E+00
  0.1596E+00  0.3026E+00  0.1484E-01  0.2896E+00  0.2896E+00
  0.1608E+00  0.2523E+00  0.2367E-01  0.2813E+00  0.2813E+00
  0.1614E+00  0.2535E+00  0.2148E-01  0.2773E+00  0.2773E+00
  0.1620E+00  0.2588E+00  0.2149E-01  0.2734E+00  0.2734E+00
  0.1627E+00  0.2748E+00  0.2148E-01  0.2697E+00  0.2697E+00
  0.1633E+00  0.2355E+00  0.2184E-01  0.2660E+00  0.2660E+00
  0.1639E+00  0.2458E+00  0.2073E-01  0.2625E+00  0.2625E+00
  0.1645E+00  0.2374E+00  0.2978E-01  0.2591E+00  0.2591E+00
  0.1651E+00  0.2598E+00  0.1453E-01  0.2558E+00  0.2558E+00
  0.1663E+00  0.2692E+00  0.2249E-01  0.2495E+00  0.2495E+00
  0.1669E+00  0.2523E+00  0.2078E-01  0.2465E+00  0.2465E+00
  0.1675E+00  0.2370E+00  0.2071E-01  0.2436E+00  0.2436E+00
  0.1681E+00  0.2408E+00  0.2076E-01  0.2408E+00  0.2408E+00
  0.1687E+00  0.2176E+00  0.2169E-01  0.2380E+00  0.2380E+00
  0.1693E+00  0.2271E+00  0.2127E-01  0.2354E+00  0.2354E+00
  0.1700E+00  0.2299E+00  0.2145E-01  0.2328E+00  0.2328E+00
  0.1706E+00  0.2290E+00  0.2198E-01  0.2303E+00  0.2303E+00
  0.1712E+00  0.2511E+00  0.2203E-01  0.2279E+00  0.2279E+00
  0.1718E+00  0.2639E+00  0.2110E-01  0.2255E+00  0.2255E+00
  0.1724E+00  0.2351E+00  0.2161E-01  0.2232E+00  0.2232E+00
  0.1730E+00  0.2240E+00  0.2167E-01  0.2210E+00  0.2210E+00
  0.1736E+00  0.2320E+00  0.2141E-01  0.2188E+00  0.2188E+00
  0.1742E+00  0.2108E+00  0.2082E-01  0.2167E+00  0.2167E+00
  0.1748E+00  0.2072E+00  0.2146E-01  0.2145E+00  0.2145E+00
  0.1754E+00  0.2061E+00  0.2100E-01  0.2125E+00  0.2125E+00
  0.1760E+00  0.1666E+00  0.2156E-01  0.2105E+00  0.2105E+00
  0.1766E+00  0.2159E+00  0.2159E-01  0.2085E+00  0.2085E+00
  0.1773E+00  0.1992E+00  0.2072E-01  0.2065E+00  0.2065E+00
  0.1779E+00  0.1934E+00  0.2071E-01  0.2045E+00  0.2045E+00
  0.1785E+00  0.2167E+00  0.2155E-01  0.2026E+00  0.2026E+00
  0.1791E+00  0.2031E+00  0.2152E-01  0.2007E+00  0.2007E+00
  0.1797E+00  0.1821E+00  0.2199E-01  0.1988E+00  0.1988E+00
  0.1803E+00  0.1869E+00  0.2136E-01  0.1969E+00  0.1969E+00
  0.1809E+00  0.1681E+00  0.2083E-01  0.1950E+00  0.1950E+00
  0.1815E+00  0.1661E+00  0.2011E-01  0.1932E+00  0.1932E+00
  0.1821E+00  0.1966E+00  0.2106E-01  0.1913E+00  0.1913E+00
  0.1827E+00  0.1724E+00  0.2113E-01  0.1894E+00  0.1894E+00
  0.1833E+00  0.1836E+00  0.2037E-01  0.1876E+00  0.1876E+00
  0.1839E+00  0.2032E+00  0.2133E-01  0.1857E+00  0.1857E+00
  0.1845E+00  0.1992E+00  0.2092E-01  0.1839E+00  0.1839E+00
  0.1852E+00  0.2040E+00  0.2070E-01  0.1821E+00  0.1821E+00
  0.1858E+00  0.2128E+00  0.1987E-01  0.1802E+00  0.1802E+00
  0.1864E+00  0.1845E+00  0.2030E-01  0.1784E+00  0.1784E+00
  0.1870E+00  0.1610E+00  0.2031E-01  0.1765E+00  0.1765E+00
  0.1876E+00  0.1752E+00  0.2072E-01  0.1747E+00  0.1747E+00
  0.1882E+00  0.1431E+00  0.1987E-01  0.1729E+00  0.1729E+00
  0.1888E+00  0.1543E+00  0.2065E-01  0.1711E+00  0.1711E+00
  0.1894E+00  0.1635E+00  0.2062E-01  0.1693E+00  0.1693E+00
  0.1900E+00  0.1948E+00  0.2008E-01  0.1675E+00  0.1675E+00
  0.1906E+00  0.1895E+00  0.2003E-01  0.1657E+00  0.1657E+00
  0.1912E+00  0.1633E+00  0.2031E-01  0.1639E+00  0.1639E+00
  0.1918E+00  0.1672E+00  0.2058E-01  0.1621E+00  0.1621E+00
  0.1925E+00  0.1458E+00  0.2023E-01  0.1604E+00  0.1604E+00
  0.1931E+00  0.1262E+00  0.1970E-01  0.1586E+00  0.1586E+00
  0.1937E+00  0.1332E+00  0.2006E-01  0.1569E+00  0.1569E+00
  0.1943E+00  0.1557E+00  0.1949E-01  0.1552E+00  0.1552E+00
  0.1949E+00  0.1665E+00  0.1934E-01  0.1536E+00  0.1536E+00
  0.1955E+00  0.1827E+00  0.1944E-01  0.1519E+00  0.1519E+00
  0.1961E+00  0.1706E+00  0.1976E-01  0.1503E+00  0.1503E+00
  0.1967E+00  0.1551E+00  0.1990E-01  0.1487E+00  0.1487E+00
  0.1973E+00  0.1186E+00  0.1939E-01  0.1472E+00  0.1472E+00
  0.1979E+00  0.1641E+00  0.1894E-01  0.1457E+00  0.1457E+00
  0.1985E+00  0.1430E+00  0.2653E-01  0.1442E+00  0.1442E+00
  0.1991E+00  0.1580E+00  0.1274E-01  0.1427E+00  0.1427E+00
  0.2004E+00  0.1258E+00  0.2071E-01  0.1399E+00  0.1399E+00
  0.2010E+00  0.1343E+00  0.1930E-01  0.1386E+00  0.1386E+00
  0.2016E+00  0.1080E+00  0.1997E-01  0.1373E+00  0.1373E+00
  0.2022E+00  0.1201E+00  0.2048E-01  0.1360E+00  0.1360E+00
  0.2028E+00  0.1361E+00  0.2014E-01  0.1348E+00  0.1348E+00
  0.2034E+00  0.1597E+00  0.1892E-01  0.1336E+00  0.1336E+00
  0.2040E+00  0.1382E+00  0.2724E-01  0.1325E+00  0.1325E+00
  0.2046E+00  0.1180E+00  0.1452E-01  0.1314E+00  0.1314E+00
  0.2058E+00  0.1068E+00  0.1463E-01  0.1293E+00  0.1293E+00
  0.2070E+00  0.1160E+00  0.2450E-01  0.1274E+00  0.1274E+00
  0.2077E+00  0.1263E+00  0.2348E-01  0.1265E+00  0.1265E+00
  0.2083E+00  0.1357E+00  0.1947E-01  0.1256E+00  0.1256E+00
  0.2089E+00  0.1270E+00  0.2067E-01  0.1248E+00  0.1248E+00
  0.2095E+00  0.1479E+00  0.2047E-01  0.1240E+00  0.1240E+00
  0.2101E+00  0.1223E+00  0.1962E-01  0.1232E+00  0.1232E+00
  0.2107E+00  0.1124E+00  0.1949E-01  0.1225E+00  0.1225E+00
  0.2113E+00  0.1452E+00  0.1958E-01  0.1218E+00  0.1218E+00
  0.2119E+00  0.1301E+00  0.1906E-01  0.1211E+00  0.1211E+00
  0.2125E+00  0.1232E+00  0.1968E-01  0.1205E+00  0.1205E+00
  0.2131E+00  0.1296E+00  0.1927E-01  0.1198E+00  0.1198E+00
  0.2137E+00  0.1121E+00  0.1824E-01  0.1192E+00  0.1192E+00
  0.2143E+00  0.1103E+00  0.2581E-01  0.1186E+00  0.1186E+00
  0.2149E+00  0.1282E+00  0.9380E-02  0.1181E+00  0.1181E+00
  0.2174E+00  0.1091E+00  0.2331E-01  0.1160E+00  0.1160E+00
  0.2180E+00  0.8494E-01  0.2004E-01  0.1155E+00  0.1155E+00
  0.2186E+00  0.9914E-01  0.2051E-01  0.1151E+00  0.1151E+00
  0.2192E+00  0.9477E-01  0.2034E-01  0.1146E+00  0.1146E+00
  0.2198E+00  0.1063E+00  0.1996E-01  0.1142E+00  0.1142E+00
  0.2204E+00  0.1171E+00  0.1920E-01  0.1137E+00  0.1137E+00
  0.2210E+00  0.1108E+00  0.1943E-01  0.1133E+00  0.1133E+00
  0.2216E+00  0.9150E-01  0.2020E-01  0.1129E+00  0.1129E+00
  0.2222E+00  0.9420E-01  0.2041E-01  0.1125E+00  0.1125E+00
  0.2228E+00  0.8217E-01  0.2094E-01  0.1120E+00  0.1120E+00
  0.2235E+00  0.1079E+00  0.1913E-01  0.1116E+00  0.1116E+00
  0.2241E+00  0.8604E-01  0.1898E-01  0.1112E+00  0.1112E+00
  0.2247E+00  0.9747E-01  0.1976E-01  0.1108E+00  0.1108E+00
  0.2253E+00  0.1045E+00  0.1987E-01  0.1104E+00  0.1104E+00
  0.2259E+00  0.1033E+00  0.1934E-01  0.1100E+00  0.1100E+00
  0.2265E+00  0.1271E+00  0.1847E-01  0.1096E+00  0.1096E+00
  0.2271E+00  0.1091E+00  0.1863E-01  0.1093E+00  0.1093E+00
  0.2277E+00  0.1056E+00  0.2746E-01  0.1089E+00  0.1089E+00
  0.2283E+00  0.1086E+00  0.1280E-01  0.1085E+00  0.1085E+00
  0.2295E+00  0.1091E+00  0.9735E+05  0.1077E+00  0.1077E+00
  0.2301E+00  0.1044E+00  0.1081E-01  0.1073E+00  0.1073E+00
  0.2320E+00  0.1211E+00  0.2204E-01  0.1062E+00  0.1062E+00
  0.2326E+00  0.1019E+00  0.2728E-01  0.1059E+00  0.1059E+00
  0.2332E+00  0.1334E+00  0.2441E-01  0.1055E+00  0.1055E+00
  0.2338E+00  0.1449E+00  0.4266E-01  0.1052E+00  0.1052E+00
  0.2344E+00  0.1254E+00  0.3443E-01  0.1048E+00  0.1048E+00
  0.2350E+00  0.1103E+00  0.2060E-01  0.1045E+00  0.1045E+00
  0.2356E+00  0.1012E+00  0.1756E-01  0.1041E+00  0.1041E+00
  0.2362E+00  0.9214E-01  0.1807E-01  0.1038E+00  0.1038E+00
  0.2368E+00  0.1047E+00  0.1713E-01  0.1035E+00  0.1035E+00
  0.2374E+00  0.8896E-01  0.1685E-01  0.1031E+00  0.1031E+00
  0.2380E+00  0.1094E+00  0.1747E-01  0.1028E+00  0.1028E+00
  0.2387E+00  0.1062E+00  0.1640E-01  0.1025E+00  0.1025E+00
  0.2393E+00  0.9021E-01  0.2346E-01  0.1022E+00  0.1022E+00
  0.2399E+00  0.9565E-01  0.1169E-01  0.1019E+00  0.1019E+00
  0.2411E+00  0.9948E-01  0.1911E-01  0.1013E+00  0.1013E+00
  0.2417E+00  0.1070E+00  0.1856E-01  0.1010E+00  0.1010E+00
  0.2423E+00  0.1046E+00  0.1894E-01  0.1007E+00  0.1007E+00
  0.2429E+00  0.1285E+00  0.1779E-01  0.1004E+00  0.1004E+00
  0.2435E+00  0.1160E+00  0.1776E-01  0.1001E+00  0.1001E+00
  0.2441E+00  0.1051E+00  0.1714E-01  0.9977E-01  0.9977E-01
  0.2447E+00  0.1036E+00  0.1888E-01  0.9947E-01  0.9947E-01
  0.2453E+00  0.1168E+00  0.2593E-01  0.9918E-01  0.9918E-01
  0.2460E+00  0.1048E+00  0.1932E-01  0.9888E-01  0.9888E-01
  0.2466E+00  0.1225E+00  0.2844E-01  0.9858E-01  0.9858E-01
  0.2472E+00  0.1060E+00  0.1248E-01  0.9827E-01  0.9827E-01
  0.2484E+00  0.1022E+00  0.2064E-01  0.9765E-01  0.9765E-01
  0.2490E+00  0.1155E+00  0.1773E-01  0.9734E-01  0.9734E-01
  0.2502E+00  0.9951E-01  0.1030E-01  0.9670E-01  0.9670E-01
  0.2520E+00  0.1045E+00  0.2148E-01  0.9568E-01  0.9568E-01
  0.2532E+00  0.8518E-01  0.9857E-02  0.9498E-01  0.9498E-01
  0.2557E+00  0.7731E-01  0.2041E-01  0.9347E-01  0.9347E-01
  0.2563E+00  0.8443E-01  0.1878E-01  0.9307E-01  0.9307E-01
  0.2569E+00  0.8839E-01  0.1864E-01  0.9268E-01  0.9268E-01
  0.2575E+00  0.8332E-01  0.1819E-01  0.9227E-01  0.9227E-01
  0.2581E+00  0.9464E-01  0.1809E-01  0.9185E-01  0.9185E-01
  0.2587E+00  0.1128E+00  0.1718E-01  0.9144E-01  0.9144E-01
  0.2593E+00  0.1017E+00  0.1643E-01  0.9101E-01  0.9101E-01
  0.2599E+00  0.8739E-01  0.1678E-01  0.9058E-01  0.9058E-01
  0.2605E+00  0.9115E-01  0.1650E-01  0.9015E-01  0.9015E-01
  0.2612E+00  0.8862E-01  0.1660E-01  0.8972E-01  0.8972E-01
  0.2618E+00  0.7505E-01  0.1710E-01  0.8928E-01  0.8928E-01
  0.2624E+00  0.8827E-01  0.1692E-01  0.8885E-01  0.8885E-01
  0.2630E+00  0.1025E+00  0.1691E-01  0.8841E-01  0.8841E-01
  0.2636E+00  0.8771E-01  0.1642E-01  0.8798E-01  0.8798E-01
  0.2642E+00  0.1020E+00  0.1615E-01  0.8755E-01  0.8755E-01
  0.2648E+00  0.9840E-01  0.1635E-01  0.8712E-01  0.8712E-01
  0.2654E+00  0.9563E-01  0.1628E-01  0.8670E-01  0.8670E-01
  0.2660E+00  0.9234E-01  0.1593E-01  0.8628E-01  0.8628E-01
  0.2666E+00  0.7874E-01  0.1675E-01  0.8587E-01  0.8587E-01
  0.2672E+00  0.8076E-01  0.1654E-01  0.8549E-01  0.8549E-01
  0.2678E+00  0.9155E-01  0.1612E-01  0.8508E-01  0.8508E-01
  0.2684E+00  0.8811E-01  0.1590E-01  0.8470E-01  0.8470E-01
  0.2691E+00  0.7121E-01  0.2483E-01  0.8433E-01  0.8433E-01
  0.2697E+00  0.6421E-01  0.1169E-01  0.8398E-01  0.8398E-01
  0.2709E+00  0.6615E-01  0.2577E-01  0.8330E-01  0.8330E-01
  0.2715E+00  0.7962E-01  0.8512E-02  0.8299E-01  0.8299E-01
  0.2739E+00  0.7211E-01  0.2043E-01  0.8190E-01  0.8190E-01
  0.2745E+00  0.9670E-01  0.1642E-01  0.8167E-01  0.8167E-01
  0.2751E+00  0.8590E-01  0.1585E-01  0.8145E-01  0.8145E-01
  0.2757E+00  0.9104E-01  0.1635E-01  0.8126E-01  0.8126E-01
  0.2763E+00  0.9655E-01  0.1781E-01  0.8108E-01  0.8108E-01
  0.2770E+00  0.1022E+00  0.1612E-01  0.8092E-01  0.8092E-01
  0.2776E+00  0.8634E-01  0.1535E-01  0.8077E-01  0.8077E-01
  0.2788E+00  0.7443E-01  0.1659E-01  0.8053E-01  0.8053E-01
  0.2806E+00  0.7430E-01  0.6068E-01  0.8028E-01  0.8028E-01
  0.2812E+00  0.7079E-01  0.2746E-01  0.8023E-01  0.8023E-01
  0.2818E+00  0.7163E-01  0.7274E+00  0.8017E-01  0.8017E-01
  0.2824E+00  0.8168E-01  0.9003E-02  0.8014E-01  0.8014E-01
  0.2843E+00  0.7563E-01  0.1742E-01  0.8007E-01  0.8007E-01
  0.2849E+00  0.5650E-01  0.2248E-01  0.8006E-01  0.8006E-01
  0.2855E+00  0.5957E-01  0.1150E-01  0.8005E-01  0.8005E-01
  0.2867E+00  0.8219E-01  0.1861E-01  0.8004E-01  0.8004E-01
  0.2873E+00  0.8553E-01  0.1772E-01  0.8002E-01  0.8002E-01
  0.2879E+00  0.8587E-01  0.1788E-01  0.8000E-01  0.8000E-01
  0.2885E+00  0.9524E-01  0.1800E-01  0.7998E-01  0.7998E-01
  0.2891E+00  0.6778E-01  0.1610E-01  0.7995E-01  0.7995E-01
  0.2903E+00  0.9142E-01  0.1024E-01  0.7986E-01  0.7986E-01
  0.2922E+00  0.8273E-01  0.1037E-01  0.7964E-01  0.7964E-01
  0.2940E+00  0.7749E-01  0.2740E-01  0.7929E-01  0.7929E-01
  0.2946E+00  0.8467E-01  0.1068E-01  0.7912E-01  0.7912E-01
  0.2970E+00  0.7725E-01  0.9549E-02  0.7831E-01  0.7831E-01
  0.2995E+00  0.8063E-01  0.1902E-01  0.7717E-01  0.7717E-01
  0.3001E+00  0.7683E-01  0.1579E-01  0.7683E-01  0.7683E-01
  0.3007E+00  0.9013E-01  0.1532E-01  0.7648E-01  0.7648E-01
  0.3013E+00  0.8656E-01  0.1504E-01  0.7610E-01  0.7610E-01
  0.3019E+00  0.1058E+00  0.3152E-01  0.7571E-01  0.7571E-01
  0.3025E+00  0.1051E+00  0.7243E-01  0.7530E-01  0.7530E-01
  0.3037E+00  0.9550E-01  0.2958E-01  0.7443E-01  0.7443E-01
  0.3055E+00  0.7602E-01  0.1269E-01  0.7304E-01  0.7304E-01
  0.3067E+00  0.7988E-01  0.1694E-01  0.7205E-01  0.7205E-01
  0.3074E+00  0.8054E-01  0.1512E-01  0.7153E-01  0.7153E-01
  0.3080E+00  0.7834E-01  0.1626E-01  0.7103E-01  0.7103E-01
  0.3086E+00  0.6956E-01  0.2399E-01  0.7052E-01  0.7052E-01
  0.3092E+00  0.6730E-01  0.1346E-01  0.7000E-01  0.7000E-01
  0.3098E+00  0.6757E-01  0.1442E-01  0.6949E-01  0.6949E-01
  0.3104E+00  0.6794E-01  0.5467E-02  0.6897E-01  0.6897E-01
  0.3140E+00  0.6041E-01  0.9556E-02  0.6599E-01  0.6599E-01
  0.3171E+00  0.6866E-01  0.1473E-01  0.6379E-01  0.6379E-01
  0.3183E+00  0.7326E-01  0.4068E-01  0.6301E-01  0.6301E-01
  0.3189E+00  0.8046E-01  0.4718E-01  0.6264E-01  0.6264E-01

           Distance distribution  function of particle  


       R          P(R)      ERROR

  0.0000E+00  0.0000E+00  0.0000E+00
  0.1599E+01  0.9632E-03  0.3647E-04
  0.3198E+01  0.2170E-02  0.4438E-04
  0.4797E+01  0.3609E-02  0.3125E-04
  0.6396E+01  0.5263E-02  0.1494E-04
  0.7995E+01  0.7108E-02  0.3210E-04
  0.9594E+01  0.9110E-02  0.5228E-04
  0.1119E+02  0.1123E-01  0.6047E-04
  0.1279E+02  0.1342E-01  0.5454E-04
  0.1439E+02  0.1564E-01  0.3926E-04
  0.1599E+02  0.1781E-01  0.3172E-04
  0.1759E+02  0.1990E-01  0.4698E-04
  0.1919E+02  0.2184E-01  0.6634E-04
  0.2079E+02  0.2359E-01  0.7745E-04
  0.2239E+02  0.2510E-01  0.7773E-04
  0.2398E+02  0.2635E-01  0.7099E-04
  0.2558E+02  0.2732E-01  0.6652E-04
  0.2718E+02  0.2802E-01  0.7221E-04
  0.2878E+02  0.2845E-01  0.8440E-04
  0.3038E+02  0.2866E-01  0.9451E-04
  0.3198E+02  0.2866E-01  0.9822E-04
  0.3358E+02  0.2851E-01  0.9691E-04
  0.3518E+02  0.2825E-01  0.9579E-04
  0.3678E+02  0.2792E-01  0.9943E-04
  0.3838E+02  0.2754E-01  0.1072E-03
  0.3998E+02  0.2716E-01  0.1148E-03
  0.4157E+02  0.2677E-01  0.1197E-03
  0.4317E+02  0.2639E-01  0.1230E-03
  0.4477E+02  0.2601E-01  0.1277E-03
  0.4637E+02  0.2564E-01  0.1351E-03
  0.4797E+02  0.2527E-01  0.1425E-03
  0.4957E+02  0.2490E-01  0.1455E-03
  0.5117E+02  0.2452E-01  0.1419E-03
  0.5277E+02  0.2416E-01  0.1344E-03
  0.5437E+02  0.2381E-01  0.1305E-03
  0.5596E+02  0.2348E-01  0.1369E-03
  0.5756E+02  0.2319E-01  0.1524E-03
  0.5916E+02  0.2293E-01  0.1696E-03
  0.6076E+02  0.2271E-01  0.1824E-03
  0.6236E+02  0.2252E-01  0.1897E-03
  0.6396E+02  0.2236E-01  0.1950E-03
  0.6556E+02  0.2220E-01  0.2030E-03
  0.6716E+02  0.2204E-01  0.2152E-03
  0.6876E+02  0.2187E-01  0.2288E-03
  0.7036E+02  0.2167E-01  0.2393E-03
  0.7195E+02  0.2144E-01  0.2447E-03
  0.7355E+02  0.2118E-01  0.2468E-03
  0.7515E+02  0.2091E-01  0.2497E-03
  0.7675E+02  0.2062E-01  0.2559E-03
  0.7835E+02  0.2032E-01  0.2639E-03
  0.7995E+02  0.2002E-01  0.2692E-03
  0.8155E+02  0.1971E-01  0.2680E-03
  0.8315E+02  0.1940E-01  0.2604E-03
  0.8475E+02  0.1906E-01  0.2505E-03
  0.8635E+02  0.1870E-01  0.2446E-03
  0.8794E+02  0.1831E-01  0.2458E-03
  0.8954E+02  0.1788E-01  0.2524E-03
  0.9114E+02  0.1741E-01  0.2597E-03
  0.9274E+02  0.1691E-01  0.2649E-03
  0.9434E+02  0.1641E-01  0.2687E-03
  0.9594E+02  0.1590E-01  0.2735E-03
  0.9754E+02  0.1542E-01  0.2806E-03
  0.9914E+02  0.1497E-01  0.2875E-03
  0.1007E+03  0.1456E-01  0.2905E-03
  0.1023E+03  0.1420E-01  0.2873E-03
  0.1039E+03  0.1386E-01  0.2799E-03
  0.1055E+03  0.1354E-01  0.2743E-03
  0.1071E+03  0.1321E-01  0.2762E-03
  0.1087E+03  0.1285E-01  0.2863E-03
  0.1103E+03  0.1244E-01  0.2997E-03
  0.1119E+03  0.1199E-01  0.3099E-03
  0.1135E+03  0.1148E-01  0.3135E-03
  0.1151E+03  0.1092E-01  0.3120E-03
  0.1167E+03  0.1035E-01  0.3094E-03
  0.1183E+03  0.9777E-02  0.3094E-03
  0.1199E+03  0.9229E-02  0.3119E-03
  0.1215E+03  0.8724E-02  0.3136E-03
  0.1231E+03  0.8274E-02  0.3109E-03
  0.1247E+03  0.7880E-02  0.3033E-03
  0.1263E+03  0.7534E-02  0.2936E-03
  0.1279E+03  0.7219E-02  0.2863E-03
  0.1295E+03  0.6914E-02  0.2834E-03
  0.1311E+03  0.6598E-02  0.2836E-03
  0.1327E+03  0.6254E-02  0.2834E-03
  0.1343E+03  0.5872E-02  0.2808E-03
  0.1359E+03  0.5454E-02  0.2776E-03
  0.1375E+03  0.5009E-02  0.2778E-03
  0.1391E+03  0.4552E-02  0.2843E-03
  0.1407E+03  0.4106E-02  0.2959E-03
  0.1423E+03  0.3688E-02  0.3080E-03
  0.1439E+03  0.3314E-02  0.3160E-03
  0.1455E+03  0.2991E-02  0.3177E-03
  0.1471E+03  0.2716E-02  0.3139E-03
  0.1487E+03  0.2478E-02  0.3066E-03
  0.1503E+03  0.2257E-02  0.2966E-03
  0.1519E+03  0.2028E-02  0.2822E-03
  0.1535E+03  0.1766E-02  0.2592E-03
  0.1551E+03  0.1447E-02  0.2228E-03
  0.1567E+03  0.1054E-02  0.1689E-03
  0.1583E+03  0.5732E-03  0.9498E-04
  0.1599E+03  0.0000E+00  0.0000E+00
          Reciprocal space: Rg =   50.99     , I(0) =   0.3089E+02
     Real space: Rg =   51.26 +- 0.298  I(0) =   0.3090E+02 +-  0.2612E+00
