
           ####    G N O M   ---   Version 4.5a revised 09/02/02     ####

                                                  Tue May 25 19:05:18 2010
           ===    Run No   1   ===
 Run title:   Merge of: p2_E2_1.mccd p2_E2_2.mccd p2_E3_1.mccd p2_E3_2.mccd p3


  Number of points omitted at the beginning:           1
  Number of points omitted at the end:         223
   *******   Working Directory :
   *******    Input file(s) : 24166_merged_high.dat
           Condition P(rmin) = 0 is used. 
           Condition P(rmax) = 0 is used. 

          Experimental conditions for the first run
          -----------------------------------------

          Highest ALPHA is found to be   0.3467E+03

  The measure of inconsistency AN1 equals to    0.6525E+00
     Alpha    Discrp  Oscill  Stabil  Sysdev  Positv  Valcen    Total   
  0.3467E+06 42.7803  1.8481  0.9780  0.0000  1.0000  0.6994  0.00001
  0.6935E+05 40.8341  1.8387  0.9332  0.0000  1.0000  0.7009  0.00001
  0.1387E+05 33.6105  1.7958  0.7692  0.0000  1.0000  0.7074  0.00001
  0.2774E+04 19.9332  1.6568  0.4805  0.0268  1.0000  0.7303  0.00001
  0.5548E+03  9.0492  1.4784  0.2783  0.0089  1.0000  0.7691  0.00001
  0.1110E+03  3.0629  1.3952  0.1262  0.0982  1.0000  0.7985  0.00001
  0.2219E+02  1.0998  1.3627  0.0408  0.3661  1.0000  0.8124  0.45040
  0.4438E+01  0.7932  1.3578  0.0158  0.5089  1.0000  0.8161  0.10000
  0.8876E+00  0.7415  1.3726  0.0136  0.5446  1.0000  0.8169  0.10000
  0.1775E+00  0.7178  1.4391  0.0300  0.6339  1.0000  0.8179  0.10000
  0.3551E-01  0.6932  1.7408  0.0395  0.5982  1.0000  0.8182  0.10000
  0.7101E-02  0.6793  2.3722  0.0994  0.5982  1.0000  0.8090  0.10000
  0.1420E-02  0.6594  4.8329  0.2696  0.5625  0.9945  0.7677  0.10000
  0.2840E-03  0.6388  8.0791  0.2042  0.5982  0.9680  0.7043  0.10000
  0.5681E-04  0.6326 10.2567  0.3114  0.6071  0.9358  0.6436  0.10000
  0.1136E-04  0.6275 13.3921  0.6991  0.5982  0.8693  0.3889  0.10000
  0.2272E-05  0.6212 13.7100  0.3870  0.5804  0.7999  0.3753  0.10000
  0.4545E-06  0.6184 15.5315  0.6369  0.5982  0.7605  0.3730  0.10000
  0.9089E-07  0.6144 14.1229  0.9111  0.6339  0.7344  0.3428  0.10000
  0.1818E-07  0.6066 12.5556  0.5596  0.6696  0.7173  0.3337  0.10000
  0.3636E-08  0.6018 11.7576  0.3544  0.6071  0.7099  0.3490  0.10000
  0.7272E-09  0.5984 12.5586  0.6048  0.6250  0.6918  0.3581  0.10000
  0.1454E-09  0.5885 15.9719  0.6498  0.6607  0.6717  0.3423  0.10000
  0.2909E-10  0.5657 21.2155  0.6163  0.6964  0.6816  0.3610  0.10000
  0.5817E-11  0.5192 29.0380  0.5907  0.6429  0.7029  0.3229  0.10000
  0.1163E-11  0.4435 36.4738  0.5379  0.6429  0.6849  0.2780  0.10000
  0.2327E-12  0.3414 43.5395  0.5093  0.6964  0.6499  0.3623  0.10000
  0.4654E-13  0.2039 50.1089  0.4035  0.6964  0.6549  0.4083  0.10000
  0.9308E-14  0.0816 53.4380  0.2152  0.7143  0.6889  0.3840  0.10000
  0.1862E-14  0.0223 54.6188  0.0763  0.7321  0.6883  0.3784  0.10000
  0.3723E-15  0.0049 54.9288  0.0186  0.7143  0.6841  0.3788  0.10000

          ***  Golden section search to maximize estimate ***
     Alpha    Discrp  Oscill  Stabil  Sysdev  Positv  Valcen    Total   
  0.7588E+02  2.3216  1.3839  0.0999  0.1875  1.0000  0.8031  0.33954
  0.7919E-01  0.7045  1.5520  0.0393  0.6339  1.0000  0.8185  0.10000
  0.3549E+02  1.3971  1.3683  0.0588  0.2768  1.0000  0.8097  0.41374
  0.2578E+01  0.7684  1.3604  0.0148  0.5089  1.0000  0.8165  0.10000
  0.2655E+02  1.1943  1.3645  0.0470  0.2946  1.0000  0.8115  0.44106
  0.9752E+01  0.8674  1.3579  0.0220  0.4911  1.0000  0.8150  0.45040
  0.2376E+02  1.1334  1.3633  0.0431  0.3482  1.0000  0.8120  0.44749
  0.1621E+02  0.9792  1.3602  0.0319  0.4554  1.0000  0.8136  0.45586
  0.1335E+02  0.9268  1.3591  0.0274  0.4554  1.0000  0.8142  0.45495
  0.1828E+02  1.0194  1.3610  0.0350  0.4375  1.0000  0.8132  0.45504
  0.1505E+02  0.9575  1.3597  0.0301  0.4375  1.0000  0.8139  0.45572
  0.1697E+02  0.9938  1.3605  0.0330  0.4554  1.0000  0.8134  0.45571
  0.1576E+02  0.9707  1.3600  0.0312  0.4554  1.0000  0.8137  0.45587
  0.1548E+02  0.9655  1.3599  0.0307  0.4554  1.0000  0.8138  0.45585
  0.1593E+02  0.9739  1.3601  0.0314  0.4554  1.0000  0.8137  0.45587
  0.1604E+02  0.9759  1.3601  0.0316  0.4554  1.0000  0.8136  0.45587
  0.1586E+02  0.9726  1.3601  0.0313  0.4554  1.0000  0.8137  0.45587
  0.1582E+02  0.9719  1.3600  0.0313  0.4554  1.0000  0.8137  0.45587
  0.1586E+02  0.9726  1.3601  0.0313  0.4554  1.0000  0.8137  0.45587



             ####            Final results            ####

 Parameter    DISCRP    OSCILL    STABIL    SYSDEV    POSITV    VALCEN
 Weight        1.000     3.000     3.000     4.000     1.000     1.000
 Sigma         0.500     0.600     0.120     0.200     0.120     0.120
 Ideal         1.000     1.100     0.000     1.000     1.000     0.950
 Current       0.973     1.360     0.031     0.455     1.000     0.814
                - - - - - - - - - - - - - - - - - - - - - - - - - 
 Estimate      0.997     0.829     0.934     0.001     1.000     0.275

  Angular   range    :     from    0.0137   to    0.1499
  Real space range   :     from      0.00   to    154.50

  Highest ALPHA (theor) :   0.347E+06                 JOB = 0
  Current ALPHA         :   0.159E+02   Rg :  0.497E+02   I(0) :   0.296E+02

           Total  estimate : 0.456  which is  A SUSPICIOUS  solution

      S          J EXP       ERROR       J REG       I REG

  0.0000E+00                                      0.2961E+02
  0.6219E-03                                      0.2960E+02
  0.1244E-02                                      0.2957E+02
  0.1866E-02                                      0.2952E+02
  0.2488E-02                                      0.2946E+02
  0.3110E-02                                      0.2937E+02
  0.3731E-02                                      0.2927E+02
  0.4353E-02                                      0.2914E+02
  0.4975E-02                                      0.2900E+02
  0.5597E-02                                      0.2885E+02
  0.6219E-02                                      0.2867E+02
  0.6841E-02                                      0.2848E+02
  0.7463E-02                                      0.2827E+02
  0.8085E-02                                      0.2805E+02
  0.8707E-02                                      0.2781E+02
  0.9329E-02                                      0.2755E+02
  0.9951E-02                                      0.2728E+02
  0.1057E-01                                      0.2700E+02
  0.1119E-01                                      0.2670E+02
  0.1182E-01                                      0.2639E+02
  0.1244E-01                                      0.2607E+02
  0.1306E-01                                      0.2573E+02
  0.1368E-01  0.2853E+02  0.1652E+01  0.2539E+02  0.2539E+02
  0.1429E-01  0.2819E+02  0.1743E+01  0.2504E+02  0.2504E+02
  0.1490E-01  0.2675E+02  0.1282E+01  0.2468E+02  0.2468E+02
  0.1551E-01  0.2700E+02  0.8891E+00  0.2432E+02  0.2432E+02
  0.1611E-01  0.2631E+02  0.7784E+00  0.2395E+02  0.2395E+02
  0.1672E-01  0.2556E+02  0.8169E+00  0.2357E+02  0.2357E+02
  0.1733E-01  0.2405E+02  0.2828E+01  0.2319E+02  0.2319E+02
  0.1794E-01  0.2433E+02  0.1123E+01  0.2280E+02  0.2280E+02
  0.1855E-01  0.2407E+02  0.1055E+01  0.2240E+02  0.2240E+02
  0.1915E-01  0.2348E+02  0.1008E+01  0.2200E+02  0.2200E+02
  0.1976E-01  0.2305E+02  0.9997E+00  0.2160E+02  0.2160E+02
  0.2037E-01  0.2135E+02  0.8137E+00  0.2119E+02  0.2119E+02
  0.2098E-01  0.2291E+02  0.9003E+00  0.2078E+02  0.2078E+02
  0.2159E-01  0.2156E+02  0.6452E+00  0.2037E+02  0.2037E+02
  0.2219E-01  0.2088E+02  0.5005E+00  0.1996E+02  0.1996E+02
  0.2280E-01  0.2047E+02  0.4551E+00  0.1955E+02  0.1955E+02
  0.2341E-01  0.2014E+02  0.5126E+00  0.1914E+02  0.1914E+02
  0.2402E-01  0.1952E+02  0.4472E+00  0.1873E+02  0.1873E+02
  0.2463E-01  0.1838E+02  0.4164E+00  0.1833E+02  0.1833E+02
  0.2524E-01  0.1775E+02  0.3778E+00  0.1792E+02  0.1792E+02
  0.2584E-01  0.1705E+02  0.4057E+00  0.1752E+02  0.1752E+02
  0.2645E-01  0.1685E+02  0.3523E+00  0.1712E+02  0.1712E+02
  0.2706E-01  0.1704E+02  0.3529E+00  0.1672E+02  0.1672E+02
  0.2767E-01  0.1641E+02  0.3260E+00  0.1633E+02  0.1633E+02
  0.2828E-01  0.1651E+02  0.3466E+00  0.1594E+02  0.1594E+02
  0.2888E-01  0.1601E+02  0.3454E+00  0.1556E+02  0.1556E+02
  0.2949E-01  0.1523E+02  0.3493E+00  0.1518E+02  0.1518E+02
  0.3010E-01  0.1531E+02  0.3670E+00  0.1481E+02  0.1481E+02
  0.3071E-01  0.1497E+02  0.3249E+00  0.1444E+02  0.1444E+02
  0.3132E-01  0.1454E+02  0.3096E+00  0.1408E+02  0.1408E+02
  0.3192E-01  0.1359E+02  0.3194E+00  0.1373E+02  0.1373E+02
  0.3253E-01  0.1332E+02  0.2978E+00  0.1338E+02  0.1338E+02
  0.3314E-01  0.1308E+02  0.2926E+00  0.1305E+02  0.1305E+02
  0.3375E-01  0.1277E+02  0.2731E+00  0.1271E+02  0.1271E+02
  0.3436E-01  0.1228E+02  0.2812E+00  0.1239E+02  0.1239E+02
  0.3496E-01  0.1218E+02  0.2968E+00  0.1207E+02  0.1207E+02
  0.3557E-01  0.1204E+02  0.2916E+00  0.1177E+02  0.1177E+02
  0.3618E-01  0.1177E+02  0.3142E+00  0.1146E+02  0.1146E+02
  0.3679E-01  0.1168E+02  0.2978E+00  0.1117E+02  0.1117E+02
  0.3740E-01  0.1111E+02  0.2412E+00  0.1089E+02  0.1089E+02
  0.3800E-01  0.1059E+02  0.2537E+00  0.1061E+02  0.1061E+02
  0.3861E-01  0.1055E+02  0.2425E+00  0.1034E+02  0.1034E+02
  0.3922E-01  0.1020E+02  0.2738E+00  0.1008E+02  0.1008E+02
  0.3983E-01  0.9791E+01  0.2735E+00  0.9831E+01  0.9831E+01
  0.4044E-01  0.9130E+01  0.2380E+00  0.9586E+01  0.9586E+01
  0.4105E-01  0.9037E+01  0.2361E+00  0.9350E+01  0.9350E+01
  0.4165E-01  0.8570E+01  0.2406E+00  0.9121E+01  0.9121E+01
  0.4226E-01  0.8450E+01  0.2490E+00  0.8900E+01  0.8900E+01
  0.4287E-01  0.8706E+01  0.2401E+00  0.8686E+01  0.8686E+01
  0.4348E-01  0.8298E+01  0.2385E+00  0.8480E+01  0.8480E+01
  0.4409E-01  0.8455E+01  0.2301E+00  0.8281E+01  0.8281E+01
  0.4469E-01  0.8069E+01  0.2092E+00  0.8090E+01  0.8090E+01
  0.4530E-01  0.7969E+01  0.2198E+00  0.7905E+01  0.7905E+01
  0.4591E-01  0.7791E+01  0.2161E+00  0.7727E+01  0.7727E+01
  0.4652E-01  0.7653E+01  0.1691E+00  0.7555E+01  0.7555E+01
  0.4713E-01  0.7578E+01  0.1811E+00  0.7390E+01  0.7390E+01
  0.4773E-01  0.7411E+01  0.1657E+00  0.7230E+01  0.7230E+01
  0.4834E-01  0.7343E+01  0.1581E+00  0.7077E+01  0.7077E+01
  0.4895E-01  0.7095E+01  0.1151E+00  0.6929E+01  0.6929E+01
  0.4956E-01  0.6887E+01  0.1155E+00  0.6786E+01  0.6786E+01
  0.5017E-01  0.6827E+01  0.1022E+00  0.6649E+01  0.6649E+01
  0.5078E-01  0.6560E+01  0.1016E+00  0.6517E+01  0.6517E+01
  0.5138E-01  0.6495E+01  0.1053E+00  0.6390E+01  0.6390E+01
  0.5199E-01  0.6306E+01  0.8750E-01  0.6267E+01  0.6267E+01
  0.5260E-01  0.6185E+01  0.8053E-01  0.6148E+01  0.6148E+01
  0.5321E-01  0.6022E+01  0.7949E-01  0.6033E+01  0.6033E+01
  0.5382E-01  0.5907E+01  0.7969E-01  0.5923E+01  0.5923E+01
  0.5442E-01  0.5840E+01  0.7908E-01  0.5816E+01  0.5816E+01
  0.5503E-01  0.5741E+01  0.7740E-01  0.5712E+01  0.5712E+01
  0.5564E-01  0.5708E+01  0.7727E-01  0.5612E+01  0.5612E+01
  0.5625E-01  0.5617E+01  0.7508E-01  0.5514E+01  0.5514E+01
  0.5686E-01  0.5591E+01  0.7448E-01  0.5420E+01  0.5420E+01
  0.5746E-01  0.5509E+01  0.7135E-01  0.5328E+01  0.5328E+01
  0.5807E-01  0.5366E+01  0.7995E-01  0.5239E+01  0.5239E+01
  0.5868E-01  0.5300E+01  0.9925E-01  0.5152E+01  0.5152E+01
  0.5929E-01  0.5136E+01  0.7641E-01  0.5067E+01  0.5067E+01
  0.5990E-01  0.5010E+01  0.7268E-01  0.4984E+01  0.4984E+01
  0.6050E-01  0.4913E+01  0.7248E-01  0.4903E+01  0.4903E+01
  0.6111E-01  0.4850E+01  0.7816E-01  0.4824E+01  0.4824E+01
  0.6172E-01  0.4666E+01  0.7506E-01  0.4746E+01  0.4746E+01
  0.6233E-01  0.4699E+01  0.1027E+00  0.4670E+01  0.4670E+01
  0.6294E-01  0.4726E+01  0.1824E+00  0.4595E+01  0.4595E+01
  0.6354E-01  0.4645E+01  0.1033E+00  0.4522E+01  0.4522E+01
  0.6415E-01  0.4565E+01  0.7360E-01  0.4449E+01  0.4449E+01
  0.6476E-01  0.4462E+01  0.7363E-01  0.4378E+01  0.4378E+01
  0.6537E-01  0.4304E+01  0.6962E-01  0.4308E+01  0.4308E+01
  0.6598E-01  0.4219E+01  0.8407E-01  0.4239E+01  0.4239E+01
  0.6659E-01  0.4091E+01  0.7053E-01  0.4171E+01  0.4171E+01
  0.6719E-01  0.4092E+01  0.7638E-01  0.4103E+01  0.4103E+01
  0.6780E-01  0.4011E+01  0.7472E-01  0.4037E+01  0.4037E+01
  0.6841E-01  0.4019E+01  0.6457E-01  0.3971E+01  0.3971E+01
  0.6902E-01  0.3914E+01  0.7071E-01  0.3906E+01  0.3906E+01
  0.6962E-01  0.3738E+01  0.6570E-01  0.3842E+01  0.3842E+01
  0.7023E-01  0.3561E+01  0.6543E-01  0.3778E+01  0.3778E+01
  0.7084E-01  0.3602E+01  0.6710E-01  0.3715E+01  0.3715E+01
  0.7145E-01  0.3631E+01  0.6628E-01  0.3653E+01  0.3653E+01
  0.7206E-01  0.3588E+01  0.6534E-01  0.3592E+01  0.3592E+01
  0.7267E-01  0.3539E+01  0.6390E-01  0.3531E+01  0.3531E+01
  0.7327E-01  0.3464E+01  0.6390E-01  0.3471E+01  0.3471E+01
  0.7388E-01  0.3418E+01  0.6797E-01  0.3411E+01  0.3411E+01
  0.7449E-01  0.3211E+01  0.6768E-01  0.3352E+01  0.3352E+01
  0.7510E-01  0.3161E+01  0.6243E-01  0.3294E+01  0.3294E+01
  0.7571E-01  0.3181E+01  0.5849E-01  0.3237E+01  0.3237E+01
  0.7631E-01  0.3175E+01  0.5999E-01  0.3180E+01  0.3180E+01
  0.7692E-01  0.3117E+01  0.6008E-01  0.3124E+01  0.3124E+01
  0.7753E-01  0.3091E+01  0.6151E-01  0.3069E+01  0.3069E+01
  0.7814E-01  0.3130E+01  0.6148E-01  0.3015E+01  0.3015E+01
  0.7875E-01  0.3035E+01  0.5832E-01  0.2961E+01  0.2961E+01
  0.7935E-01  0.2987E+01  0.5908E-01  0.2908E+01  0.2908E+01
  0.7996E-01  0.2924E+01  0.6135E-01  0.2856E+01  0.2856E+01
  0.8057E-01  0.2846E+01  0.5931E-01  0.2805E+01  0.2805E+01
  0.8118E-01  0.2802E+01  0.5779E-01  0.2755E+01  0.2755E+01
  0.8179E-01  0.2753E+01  0.5619E-01  0.2705E+01  0.2705E+01
  0.8239E-01  0.2783E+01  0.5714E-01  0.2657E+01  0.2657E+01
  0.8300E-01  0.2657E+01  0.5837E-01  0.2609E+01  0.2609E+01
  0.8361E-01  0.2642E+01  0.5854E-01  0.2562E+01  0.2562E+01
  0.8422E-01  0.2541E+01  0.5702E-01  0.2516E+01  0.2516E+01
  0.8483E-01  0.2475E+01  0.5639E-01  0.2471E+01  0.2471E+01
  0.8544E-01  0.2439E+01  0.5466E-01  0.2426E+01  0.2426E+01
  0.8604E-01  0.2491E+01  0.5236E-01  0.2383E+01  0.2383E+01
  0.8665E-01  0.2525E+01  0.5326E-01  0.2341E+01  0.2341E+01
  0.8726E-01  0.2467E+01  0.5761E-01  0.2299E+01  0.2299E+01
  0.8787E-01  0.2376E+01  0.5589E-01  0.2258E+01  0.2258E+01
  0.8847E-01  0.2263E+01  0.5496E-01  0.2218E+01  0.2218E+01
  0.8908E-01  0.2241E+01  0.5312E-01  0.2179E+01  0.2179E+01
  0.8969E-01  0.2164E+01  0.5325E-01  0.2141E+01  0.2141E+01
  0.9030E-01  0.2069E+01  0.5262E-01  0.2104E+01  0.2104E+01
  0.9091E-01  0.2068E+01  0.5619E-01  0.2067E+01  0.2067E+01
  0.9151E-01  0.2042E+01  0.5569E-01  0.2031E+01  0.2031E+01
  0.9212E-01  0.2059E+01  0.5516E-01  0.1996E+01  0.1996E+01
  0.9273E-01  0.2046E+01  0.5479E-01  0.1962E+01  0.1962E+01
  0.9334E-01  0.1997E+01  0.5255E-01  0.1929E+01  0.1929E+01
  0.9395E-01  0.1920E+01  0.5422E-01  0.1896E+01  0.1896E+01
  0.9456E-01  0.1949E+01  0.5364E-01  0.1864E+01  0.1864E+01
  0.9516E-01  0.1867E+01  0.5156E-01  0.1832E+01  0.1832E+01
  0.9577E-01  0.1795E+01  0.5100E-01  0.1801E+01  0.1801E+01
  0.9638E-01  0.1738E+01  0.5042E-01  0.1771E+01  0.1771E+01
  0.9699E-01  0.1728E+01  0.5341E-01  0.1742E+01  0.1742E+01
  0.9760E-01  0.1713E+01  0.5185E-01  0.1713E+01  0.1713E+01
  0.9820E-01  0.1656E+01  0.5244E-01  0.1684E+01  0.1684E+01
  0.9881E-01  0.1709E+01  0.5711E-01  0.1656E+01  0.1656E+01
  0.9942E-01  0.1591E+01  0.2997E-01  0.1629E+01  0.1629E+01
  0.1000E+00  0.1551E+01  0.3032E-01  0.1602E+01  0.1602E+01
  0.1006E+00  0.1556E+01  0.3013E-01  0.1575E+01  0.1575E+01
  0.1012E+00  0.1521E+01  0.2959E-01  0.1549E+01  0.1549E+01
  0.1019E+00  0.1518E+01  0.2952E-01  0.1523E+01  0.1523E+01
  0.1025E+00  0.1495E+01  0.3176E-01  0.1498E+01  0.1498E+01
  0.1031E+00  0.1500E+01  0.2968E-01  0.1473E+01  0.1473E+01
  0.1037E+00  0.1454E+01  0.3043E-01  0.1448E+01  0.1448E+01
  0.1043E+00  0.1438E+01  0.2862E-01  0.1424E+01  0.1424E+01
  0.1049E+00  0.1415E+01  0.2826E-01  0.1400E+01  0.1400E+01
  0.1055E+00  0.1377E+01  0.2816E-01  0.1377E+01  0.1377E+01
  0.1061E+00  0.1366E+01  0.2800E-01  0.1353E+01  0.1353E+01
  0.1067E+00  0.1334E+01  0.2639E-01  0.1330E+01  0.1330E+01
  0.1073E+00  0.1317E+01  0.2778E-01  0.1307E+01  0.1307E+01
  0.1079E+00  0.1283E+01  0.2863E-01  0.1285E+01  0.1285E+01
  0.1085E+00  0.1268E+01  0.2819E-01  0.1262E+01  0.1262E+01
  0.1091E+00  0.1279E+01  0.2707E-01  0.1240E+01  0.1240E+01
  0.1098E+00  0.1242E+01  0.2716E-01  0.1219E+01  0.1219E+01
  0.1104E+00  0.1222E+01  0.2664E-01  0.1197E+01  0.1197E+01
  0.1110E+00  0.1192E+01  0.2668E-01  0.1176E+01  0.1176E+01
  0.1116E+00  0.1128E+01  0.2640E-01  0.1155E+01  0.1155E+01
  0.1122E+00  0.1096E+01  0.2568E-01  0.1134E+01  0.1134E+01
  0.1128E+00  0.1105E+01  0.2645E-01  0.1113E+01  0.1113E+01
  0.1134E+00  0.1073E+01  0.2639E-01  0.1093E+01  0.1093E+01
  0.1140E+00  0.1087E+01  0.2742E-01  0.1073E+01  0.1073E+01
  0.1146E+00  0.1056E+01  0.2882E-01  0.1053E+01  0.1053E+01
  0.1152E+00  0.1041E+01  0.2706E-01  0.1033E+01  0.1033E+01
  0.1158E+00  0.9898E+00  0.2605E-01  0.1014E+01  0.1014E+01
  0.1164E+00  0.9864E+00  0.2667E-01  0.9945E+00  0.9945E+00
  0.1171E+00  0.9529E+00  0.2664E-01  0.9756E+00  0.9756E+00
  0.1177E+00  0.9208E+00  0.2560E-01  0.9570E+00  0.9570E+00
  0.1183E+00  0.9108E+00  0.2653E-01  0.9387E+00  0.9387E+00
  0.1189E+00  0.9014E+00  0.2548E-01  0.9207E+00  0.9207E+00
  0.1195E+00  0.9014E+00  0.2580E-01  0.9029E+00  0.9029E+00
  0.1201E+00  0.8917E+00  0.2541E-01  0.8855E+00  0.8855E+00
  0.1207E+00  0.8732E+00  0.2615E-01  0.8684E+00  0.8684E+00
  0.1213E+00  0.8781E+00  0.2574E-01  0.8515E+00  0.8515E+00
  0.1219E+00  0.8703E+00  0.2572E-01  0.8350E+00  0.8350E+00
  0.1225E+00  0.8250E+00  0.2589E-01  0.8189E+00  0.8189E+00
  0.1231E+00  0.7817E+00  0.2708E-01  0.8030E+00  0.8030E+00
  0.1237E+00  0.7661E+00  0.2511E-01  0.7875E+00  0.7875E+00
  0.1244E+00  0.7473E+00  0.2510E-01  0.7723E+00  0.7723E+00
  0.1250E+00  0.7609E+00  0.2437E-01  0.7575E+00  0.7575E+00
  0.1256E+00  0.7379E+00  0.2540E-01  0.7431E+00  0.7431E+00
  0.1262E+00  0.7320E+00  0.2544E-01  0.7289E+00  0.7289E+00
  0.1268E+00  0.7124E+00  0.2546E-01  0.7152E+00  0.7152E+00
  0.1274E+00  0.7455E+00  0.2575E-01  0.7018E+00  0.7018E+00
  0.1280E+00  0.7179E+00  0.3075E-01  0.6887E+00  0.6887E+00
  0.1286E+00  0.7030E+00  0.4679E-01  0.6760E+00  0.6760E+00
  0.1292E+00  0.6603E+00  0.3247E-01  0.6637E+00  0.6637E+00
  0.1298E+00  0.6400E+00  0.3768E-01  0.6517E+00  0.6517E+00
  0.1304E+00  0.6221E+00  0.3228E-01  0.6401E+00  0.6401E+00
  0.1310E+00  0.6376E+00  0.2739E-01  0.6288E+00  0.6288E+00
  0.1316E+00  0.6430E+00  0.2484E-01  0.6179E+00  0.6179E+00
  0.1323E+00  0.6251E+00  0.2571E-01  0.6073E+00  0.6073E+00
  0.1329E+00  0.6060E+00  0.2501E-01  0.5970E+00  0.5970E+00
  0.1335E+00  0.5840E+00  0.2520E-01  0.5871E+00  0.5871E+00
  0.1341E+00  0.5818E+00  0.2538E-01  0.5775E+00  0.5775E+00
  0.1347E+00  0.5524E+00  0.2867E-01  0.5682E+00  0.5682E+00
  0.1353E+00  0.5319E+00  0.4501E-01  0.5593E+00  0.5593E+00
  0.1359E+00  0.4757E+00  0.6604E-01  0.5506E+00  0.5506E+00
  0.1365E+00  0.4709E+00  0.7963E-01  0.5422E+00  0.5422E+00
  0.1371E+00  0.4580E+00  0.1757E+00  0.5341E+00  0.5341E+00
  0.1377E+00  0.5234E+00  0.7532E-01  0.5263E+00  0.5263E+00
  0.1383E+00  0.4841E+00  0.2495E-01  0.5187E+00  0.5187E+00
  0.1389E+00  0.4933E+00  0.2412E-01  0.5114E+00  0.5114E+00
  0.1396E+00  0.4558E+00  0.2406E-01  0.5043E+00  0.5043E+00
  0.1402E+00  0.4403E+00  0.2442E-01  0.4975E+00  0.4975E+00
  0.1408E+00  0.4787E+00  0.2435E-01  0.4909E+00  0.4909E+00
  0.1414E+00  0.4758E+00  0.2462E-01  0.4845E+00  0.4845E+00
  0.1420E+00  0.4433E+00  0.2523E-01  0.4784E+00  0.4784E+00
  0.1426E+00  0.4337E+00  0.2433E-01  0.4724E+00  0.4724E+00
  0.1432E+00  0.4263E+00  0.2363E-01  0.4666E+00  0.4666E+00
  0.1438E+00  0.4554E+00  0.2384E-01  0.4610E+00  0.4610E+00
  0.1444E+00  0.4501E+00  0.2380E-01  0.4556E+00  0.4556E+00
  0.1450E+00  0.4299E+00  0.2442E-01  0.4503E+00  0.4503E+00
  0.1456E+00  0.4062E+00  0.2404E-01  0.4451E+00  0.4451E+00
  0.1462E+00  0.4232E+00  0.2560E-01  0.4401E+00  0.4401E+00
  0.1468E+00  0.4164E+00  0.2442E-01  0.4353E+00  0.4353E+00
  0.1475E+00  0.4021E+00  0.2443E-01  0.4305E+00  0.4305E+00
  0.1481E+00  0.3728E+00  0.2430E-01  0.4259E+00  0.4259E+00
  0.1487E+00  0.3581E+00  0.2531E-01  0.4214E+00  0.4214E+00
  0.1493E+00  0.3740E+00  0.2976E-01  0.4170E+00  0.4170E+00
  0.1499E+00  0.3557E+00  0.2487E-01  0.4127E+00  0.4127E+00

           Distance distribution  function of particle  


       R          P(R)      ERROR

  0.0000E+00  0.0000E+00  0.0000E+00
  0.1545E+01  0.1193E-02  0.1219E-04
  0.3090E+01  0.2532E-02  0.2062E-04
  0.4635E+01  0.4008E-02  0.2549E-04
  0.6180E+01  0.5609E-02  0.2717E-04
  0.7725E+01  0.7316E-02  0.2622E-04
  0.9270E+01  0.9108E-02  0.2344E-04
  0.1081E+02  0.1096E-01  0.2018E-04
  0.1236E+02  0.1284E-01  0.1859E-04
  0.1390E+02  0.1473E-01  0.2080E-04
  0.1545E+02  0.1659E-01  0.2653E-04
  0.1699E+02  0.1839E-01  0.3403E-04
  0.1854E+02  0.2011E-01  0.4196E-04
  0.2009E+02  0.2172E-01  0.4951E-04
  0.2163E+02  0.2319E-01  0.5625E-04
  0.2317E+02  0.2451E-01  0.6193E-04
  0.2472E+02  0.2566E-01  0.6649E-04
  0.2627E+02  0.2663E-01  0.7003E-04
  0.2781E+02  0.2741E-01  0.7278E-04
  0.2935E+02  0.2800E-01  0.7505E-04
  0.3090E+02  0.2841E-01  0.7723E-04
  0.3245E+02  0.2863E-01  0.7970E-04
  0.3399E+02  0.2870E-01  0.8272E-04
  0.3553E+02  0.2861E-01  0.8644E-04
  0.3708E+02  0.2838E-01  0.9084E-04
  0.3862E+02  0.2804E-01  0.9578E-04
  0.4017E+02  0.2761E-01  0.1010E-03
  0.4171E+02  0.2711E-01  0.1064E-03
  0.4326E+02  0.2656E-01  0.1116E-03
  0.4480E+02  0.2598E-01  0.1166E-03
  0.4635E+02  0.2540E-01  0.1213E-03
  0.4789E+02  0.2482E-01  0.1258E-03
  0.4944E+02  0.2427E-01  0.1303E-03
  0.5098E+02  0.2375E-01  0.1348E-03
  0.5253E+02  0.2328E-01  0.1395E-03
  0.5407E+02  0.2287E-01  0.1447E-03
  0.5562E+02  0.2250E-01  0.1503E-03
  0.5716E+02  0.2219E-01  0.1564E-03
  0.5871E+02  0.2194E-01  0.1628E-03
  0.6025E+02  0.2173E-01  0.1693E-03
  0.6180E+02  0.2156E-01  0.1758E-03
  0.6334E+02  0.2142E-01  0.1821E-03
  0.6489E+02  0.2130E-01  0.1879E-03
  0.6644E+02  0.2120E-01  0.1931E-03
  0.6798E+02  0.2110E-01  0.1977E-03
  0.6952E+02  0.2098E-01  0.2016E-03
  0.7107E+02  0.2086E-01  0.2049E-03
  0.7261E+02  0.2070E-01  0.2076E-03
  0.7416E+02  0.2052E-01  0.2100E-03
  0.7570E+02  0.2030E-01  0.2122E-03
  0.7725E+02  0.2005E-01  0.2143E-03
  0.7880E+02  0.1976E-01  0.2166E-03
  0.8034E+02  0.1943E-01  0.2192E-03
  0.8188E+02  0.1906E-01  0.2220E-03
  0.8343E+02  0.1866E-01  0.2251E-03
  0.8497E+02  0.1823E-01  0.2286E-03
  0.8652E+02  0.1779E-01  0.2323E-03
  0.8806E+02  0.1732E-01  0.2362E-03
  0.8961E+02  0.1685E-01  0.2403E-03
  0.9116E+02  0.1637E-01  0.2444E-03
  0.9270E+02  0.1589E-01  0.2486E-03
  0.9424E+02  0.1541E-01  0.2529E-03
  0.9579E+02  0.1495E-01  0.2571E-03
  0.9733E+02  0.1450E-01  0.2612E-03
  0.9888E+02  0.1406E-01  0.2653E-03
  0.1004E+03  0.1364E-01  0.2692E-03
  0.1020E+03  0.1324E-01  0.2729E-03
  0.1035E+03  0.1285E-01  0.2763E-03
  0.1051E+03  0.1247E-01  0.2794E-03
  0.1066E+03  0.1210E-01  0.2819E-03
  0.1081E+03  0.1173E-01  0.2840E-03
  0.1097E+03  0.1137E-01  0.2854E-03
  0.1112E+03  0.1101E-01  0.2864E-03
  0.1128E+03  0.1065E-01  0.2867E-03
  0.1143E+03  0.1028E-01  0.2865E-03
  0.1159E+03  0.9908E-02  0.2858E-03
  0.1174E+03  0.9524E-02  0.2846E-03
  0.1190E+03  0.9129E-02  0.2830E-03
  0.1205E+03  0.8725E-02  0.2810E-03
  0.1221E+03  0.8311E-02  0.2786E-03
  0.1236E+03  0.7889E-02  0.2758E-03
  0.1251E+03  0.7461E-02  0.2724E-03
  0.1267E+03  0.7028E-02  0.2685E-03
  0.1282E+03  0.6595E-02  0.2639E-03
  0.1298E+03  0.6162E-02  0.2585E-03
  0.1313E+03  0.5734E-02  0.2522E-03
  0.1329E+03  0.5311E-02  0.2450E-03
  0.1344E+03  0.4898E-02  0.2367E-03
  0.1360E+03  0.4494E-02  0.2274E-03
  0.1375E+03  0.4101E-02  0.2169E-03
  0.1390E+03  0.3718E-02  0.2052E-03
  0.1406E+03  0.3346E-02  0.1922E-03
  0.1421E+03  0.2983E-02  0.1779E-03
  0.1437E+03  0.2625E-02  0.1622E-03
  0.1452E+03  0.2271E-02  0.1448E-03
  0.1468E+03  0.1917E-02  0.1258E-03
  0.1483E+03  0.1559E-02  0.1049E-03
  0.1499E+03  0.1192E-02  0.8195E-04
  0.1514E+03  0.8130E-03  0.5687E-04
  0.1530E+03  0.4169E-03  0.2957E-04
  0.1545E+03  0.0000E+00  0.0000E+00
          Reciprocal space: Rg =   49.74     , I(0) =   0.2960E+02
     Real space: Rg =   49.98 +- 0.256  I(0) =   0.2961E+02 +-  0.2540E+00
