
           ####    G N O M   ---   Version 4.5a revised 09/02/02     ####

                                                  Wed Dec 11 23:43:11 2013
           ===    Run No   1   ===
 Run title:   0.189551E-01  0.220966E+02  0.631716E+00


   *******   Working Directory :
   *******    Input file(s) : 24159_SLAC_merged_q25.dat
           Condition P(rmin) = 0 is used. 
           Condition P(rmax) = 0 is used. 

          Experimental conditions for the first run
          -----------------------------------------

          Highest ALPHA is found to be   0.3635E+03

  The measure of inconsistency AN1 equals to    0.8288E+00
     Alpha    Discrp  Oscill  Stabil  Sysdev  Positv  Valcen    Total   
  0.3635E+06 84.4343  1.2775  0.9330  0.0000  1.0000  0.8357  0.00001
  0.7271E+05 72.0129  1.2354  0.7773  0.0000  1.0000  0.8486  0.00001
  0.1454E+05 48.4915  1.1435  0.5234  0.0324  1.0000  0.8840  0.00001
  0.2908E+04 24.0989  1.1163  0.2808  0.0162  1.0000  0.9231  0.00001
  0.5817E+03  8.2847  1.1756  0.0916  0.0486  1.0000  0.9441  0.00001
  0.1163E+03  2.3655  1.2394  0.0256  0.2267  1.0000  0.9523  0.55671
  0.2327E+02  1.1622  1.2651  0.0091  0.5506  1.0000  0.9550  0.57935
  0.4653E+01  0.9909  1.2815  0.0108  0.5749  1.0000  0.9564  0.50792
  0.9307E+00  0.9325  1.3124  0.0190  0.5587  1.0000  0.9560  0.10000
  0.1861E+00  0.8720  1.4847  0.0548  0.5263  1.0000  0.9503  0.10000
  0.3723E-01  0.8092  2.0302  0.0514  0.5749  0.9988  0.9374  0.10000
  0.7445E-02  0.7914  2.5302  0.0690  0.5344  0.9968  0.9290  0.10000
  0.1489E-02  0.7813  3.7825  0.2074  0.5344  0.9903  0.9191  0.10000
  0.2978E-03  0.7711  6.1614  0.1886  0.5263  0.9713  0.8765  0.10000
  0.5956E-04  0.7685  7.3272  0.0631  0.5425  0.9548  0.8428  0.10000
  0.1191E-04  0.7682  8.4514  0.1992  0.5425  0.9453  0.8221  0.10000
  0.2382E-05  0.7679 12.2532  0.4666  0.5425  0.9052  0.7298  0.10000
  0.4765E-06  0.7674 14.2635  1.0436  0.5425  0.8415  0.4403  0.10000
  0.9530E-07  0.7654 12.0968  0.9694  0.5425  0.7449  0.3726  0.10000
  0.1906E-07  0.7590 11.6571  0.7353  0.5425  0.7213  0.3630  0.10000
  0.3812E-08  0.7502 12.0988  0.4192  0.5425  0.7259  0.4037  0.10000
  0.7624E-09  0.7427 14.8464  0.7055  0.5587  0.7405  0.4812  0.10000
  0.1525E-09  0.7215 17.1488  0.7926  0.5749  0.6975  0.3956  0.10000
  0.3050E-10  0.6661 20.2771  0.5871  0.5587  0.6559  0.3160  0.10000
  0.6099E-11  0.5688 26.7088  0.4629  0.6397  0.6310  0.3177  0.10000
  0.1220E-11  0.4510 34.6737  0.3944  0.6640  0.6477  0.2820  0.10000
  0.2440E-12  0.3278 43.9883  0.4048  0.6154  0.6826  0.2659  0.10000
  0.4879E-13  0.1900 52.2694  0.3723  0.6802  0.6867  0.1985  0.10000
  0.9759E-14  0.0713 55.9309  0.1913  0.7611  0.6811  0.1938  0.10000
  0.1952E-14  0.0180 56.8644  0.0567  0.7935  0.6825  0.1907  0.10000
  0.3903E-15  0.0038 57.0561  0.0127  0.8097  0.6836  0.1897  0.10000

          ***  Golden section search to maximize estimate ***
     Alpha    Discrp  Oscill  Stabil  Sysdev  Positv  Valcen    Total   
  0.6291E+02  1.6125  1.2527  0.0155  0.3887  1.0000  0.9537  0.57215
  0.3402E+02  1.2671  1.2612  0.0101  0.5020  1.0000  0.9546  0.58671
  0.2942E+02  1.2205  1.2628  0.0095  0.5182  1.0000  0.9548  0.58511
  0.3721E+02  1.3011  1.2602  0.0106  0.5020  1.0000  0.9545  0.58680
  0.3933E+02  1.3243  1.2595  0.0110  0.5020  1.0000  0.9544  0.58644
  0.3596E+02  1.2876  1.2606  0.0104  0.5020  1.0000  0.9545  0.58686
  0.3521E+02  1.2796  1.2609  0.0103  0.5020  1.0000  0.9545  0.58684
  0.3643E+02  1.2927  1.2605  0.0105  0.5020  1.0000  0.9545  0.58685
  0.3567E+02  1.2845  1.2607  0.0104  0.5020  1.0000  0.9545  0.58686
  0.3614E+02  1.2895  1.2606  0.0105  0.5020  1.0000  0.9545  0.58686
  0.3585E+02  1.2864  1.2606  0.0104  0.5020  1.0000  0.9545  0.58686
  0.3596E+02  1.2876  1.2606  0.0104  0.5020  1.0000  0.9545  0.58686



             ####            Final results            ####

 Parameter    DISCRP    OSCILL    STABIL    SYSDEV    POSITV    VALCEN
 Weight        1.000     3.000     3.000     4.000     1.000     1.000
 Sigma         0.500     0.600     0.120     0.200     0.120     0.120
 Ideal         1.000     1.100     0.000     1.000     1.000     0.950
 Current       1.288     1.261     0.010     0.502     1.000     0.955
                - - - - - - - - - - - - - - - - - - - - - - - - - 
 Estimate      0.718     0.931     0.992     0.002     1.000     0.999

  Angular   range    :     from    0.0199   to    0.2496
  Real space range   :     from      0.00   to     76.32

  Highest ALPHA (theor) :   0.364E+06                 JOB = 0
  Current ALPHA         :   0.360E+02   Rg :  0.248E+02   I(0) :   0.233E+02

           Total  estimate : 0.587  which is  A REASONABLE  solution

      S          J EXP       ERROR       J REG       I REG

  0.0000E+00                                      0.2334E+02
  0.9469E-03                                      0.2333E+02
  0.1894E-02                                      0.2332E+02
  0.2841E-02                                      0.2330E+02
  0.3788E-02                                      0.2327E+02
  0.4735E-02                                      0.2323E+02
  0.5681E-02                                      0.2318E+02
  0.6628E-02                                      0.2313E+02
  0.7575E-02                                      0.2306E+02
  0.8522E-02                                      0.2299E+02
  0.9469E-02                                      0.2291E+02
  0.1042E-01                                      0.2282E+02
  0.1136E-01                                      0.2273E+02
  0.1231E-01                                      0.2262E+02
  0.1326E-01                                      0.2251E+02
  0.1420E-01                                      0.2239E+02
  0.1515E-01                                      0.2226E+02
  0.1610E-01                                      0.2213E+02
  0.1704E-01                                      0.2199E+02
  0.1799E-01                                      0.2184E+02
  0.1894E-01                                      0.2168E+02
  0.1988E-01  0.2242E+02  0.5796E+00  0.2152E+02  0.2152E+02
  0.2081E-01  0.2221E+02  0.5358E+00  0.2135E+02  0.2135E+02
  0.2174E-01  0.2212E+02  0.5104E+00  0.2118E+02  0.2118E+02
  0.2267E-01  0.2172E+02  0.4767E+00  0.2100E+02  0.2100E+02
  0.2360E-01  0.2101E+02  0.4439E+00  0.2081E+02  0.2081E+02
  0.2453E-01  0.2037E+02  0.4324E+00  0.2062E+02  0.2062E+02
  0.2546E-01  0.2035E+02  0.4205E+00  0.2043E+02  0.2043E+02
  0.2639E-01  0.2000E+02  0.3965E+00  0.2022E+02  0.2022E+02
  0.2732E-01  0.2008E+02  0.3709E+00  0.2002E+02  0.2002E+02
  0.2825E-01  0.1974E+02  0.3556E+00  0.1980E+02  0.1980E+02
  0.2918E-01  0.1992E+02  0.2761E+00  0.1959E+02  0.1959E+02
  0.3011E-01  0.2005E+02  0.1863E+00  0.1937E+02  0.1937E+02
  0.3104E-01  0.2005E+02  0.1805E+00  0.1914E+02  0.1914E+02
  0.3197E-01  0.1963E+02  0.1773E+00  0.1891E+02  0.1891E+02
  0.3290E-01  0.1912E+02  0.1740E+00  0.1867E+02  0.1867E+02
  0.3383E-01  0.1884E+02  0.1743E+00  0.1844E+02  0.1844E+02
  0.3476E-01  0.1862E+02  0.1690E+00  0.1819E+02  0.1819E+02
  0.3569E-01  0.1810E+02  0.1681E+00  0.1795E+02  0.1795E+02
  0.3662E-01  0.1762E+02  0.1646E+00  0.1770E+02  0.1770E+02
  0.3755E-01  0.1746E+02  0.1386E+00  0.1745E+02  0.1745E+02
  0.3848E-01  0.1724E+02  0.1113E+00  0.1720E+02  0.1720E+02
  0.3941E-01  0.1710E+02  0.1085E+00  0.1694E+02  0.1694E+02
  0.4034E-01  0.1695E+02  0.1080E+00  0.1668E+02  0.1668E+02
  0.4127E-01  0.1671E+02  0.1046E+00  0.1642E+02  0.1642E+02
  0.4220E-01  0.1622E+02  0.1030E+00  0.1616E+02  0.1616E+02
  0.4313E-01  0.1597E+02  0.1010E+00  0.1589E+02  0.1589E+02
  0.4406E-01  0.1570E+02  0.9947E-01  0.1563E+02  0.1563E+02
  0.4499E-01  0.1526E+02  0.9845E-01  0.1536E+02  0.1536E+02
  0.4592E-01  0.1495E+02  0.9722E-01  0.1509E+02  0.1509E+02
  0.4685E-01  0.1484E+02  0.9627E-01  0.1482E+02  0.1482E+02
  0.4778E-01  0.1449E+02  0.9463E-01  0.1455E+02  0.1455E+02
  0.4871E-01  0.1426E+02  0.9379E-01  0.1428E+02  0.1428E+02
  0.4964E-01  0.1405E+02  0.9273E-01  0.1401E+02  0.1401E+02
  0.5057E-01  0.1373E+02  0.7812E-01  0.1374E+02  0.1374E+02
  0.5150E-01  0.1356E+02  0.6890E-01  0.1347E+02  0.1347E+02
  0.5243E-01  0.1330E+02  0.6868E-01  0.1320E+02  0.1320E+02
  0.5336E-01  0.1301E+02  0.6726E-01  0.1293E+02  0.1293E+02
  0.5429E-01  0.1280E+02  0.6757E-01  0.1266E+02  0.1266E+02
  0.5522E-01  0.1245E+02  0.6708E-01  0.1240E+02  0.1240E+02
  0.5615E-01  0.1212E+02  0.6699E-01  0.1213E+02  0.1213E+02
  0.5708E-01  0.1176E+02  0.6630E-01  0.1186E+02  0.1186E+02
  0.5801E-01  0.1158E+02  0.6555E-01  0.1160E+02  0.1160E+02
  0.5894E-01  0.1132E+02  0.6427E-01  0.1134E+02  0.1134E+02
  0.5987E-01  0.1095E+02  0.6341E-01  0.1108E+02  0.1108E+02
  0.6080E-01  0.1070E+02  0.6202E-01  0.1082E+02  0.1082E+02
  0.6173E-01  0.1056E+02  0.6249E-01  0.1056E+02  0.1056E+02
  0.6266E-01  0.1040E+02  0.6159E-01  0.1031E+02  0.1031E+02
  0.6359E-01  0.1014E+02  0.6054E-01  0.1005E+02  0.1005E+02
  0.6452E-01  0.9843E+01  0.5113E-01  0.9805E+01  0.9805E+01
  0.6545E-01  0.9606E+01  0.4812E-01  0.9558E+01  0.9558E+01
  0.6638E-01  0.9416E+01  0.4751E-01  0.9313E+01  0.9313E+01
  0.6731E-01  0.9123E+01  0.4749E-01  0.9071E+01  0.9071E+01
  0.6824E-01  0.8856E+01  0.4775E-01  0.8832E+01  0.8832E+01
  0.6917E-01  0.8636E+01  0.4822E-01  0.8596E+01  0.8596E+01
  0.7010E-01  0.8418E+01  0.4703E-01  0.8363E+01  0.8363E+01
  0.7103E-01  0.8204E+01  0.4643E-01  0.8134E+01  0.8134E+01
  0.7196E-01  0.7961E+01  0.4617E-01  0.7907E+01  0.7907E+01
  0.7289E-01  0.7715E+01  0.4524E-01  0.7684E+01  0.7684E+01
  0.7382E-01  0.7478E+01  0.4498E-01  0.7465E+01  0.7465E+01
  0.7475E-01  0.7265E+01  0.4482E-01  0.7249E+01  0.7249E+01
  0.7568E-01  0.7072E+01  0.4439E-01  0.7036E+01  0.7036E+01
  0.7661E-01  0.6768E+01  0.4413E-01  0.6827E+01  0.6827E+01
  0.7754E-01  0.6564E+01  0.4393E-01  0.6622E+01  0.6622E+01
  0.7847E-01  0.6468E+01  0.4348E-01  0.6421E+01  0.6421E+01
  0.7940E-01  0.6188E+01  0.4429E-01  0.6223E+01  0.6223E+01
  0.8033E-01  0.5999E+01  0.4444E-01  0.6029E+01  0.6029E+01
  0.8126E-01  0.5822E+01  0.4271E-01  0.5839E+01  0.5839E+01
  0.8219E-01  0.5736E+01  0.4222E-01  0.5653E+01  0.5653E+01
  0.8312E-01  0.5530E+01  0.4219E-01  0.5471E+01  0.5471E+01
  0.8405E-01  0.5435E+01  0.4209E-01  0.5292E+01  0.5292E+01
  0.8498E-01  0.5209E+01  0.4196E-01  0.5118E+01  0.5118E+01
  0.8591E-01  0.4989E+01  0.4133E-01  0.4947E+01  0.4947E+01
  0.8684E-01  0.4832E+01  0.4061E-01  0.4781E+01  0.4781E+01
  0.8777E-01  0.4688E+01  0.4039E-01  0.4618E+01  0.4618E+01
  0.8870E-01  0.4505E+01  0.4018E-01  0.4460E+01  0.4460E+01
  0.8963E-01  0.4332E+01  0.3972E-01  0.4305E+01  0.4305E+01
  0.9056E-01  0.4161E+01  0.3972E-01  0.4154E+01  0.4154E+01
  0.9149E-01  0.4017E+01  0.3971E-01  0.4008E+01  0.4008E+01
  0.9242E-01  0.3915E+01  0.3961E-01  0.3865E+01  0.3865E+01
  0.9335E-01  0.3856E+01  0.3909E-01  0.3726E+01  0.3726E+01
  0.9428E-01  0.3701E+01  0.3861E-01  0.3590E+01  0.3590E+01
  0.9521E-01  0.3632E+01  0.3829E-01  0.3459E+01  0.3459E+01
  0.9614E-01  0.3384E+01  0.3832E-01  0.3331E+01  0.3331E+01
  0.9707E-01  0.3195E+01  0.3843E-01  0.3207E+01  0.3207E+01
  0.9800E-01  0.3105E+01  0.3944E-01  0.3087E+01  0.3087E+01
  0.9893E-01  0.3012E+01  0.3905E-01  0.2971E+01  0.2971E+01
  0.9986E-01  0.2894E+01  0.3765E-01  0.2858E+01  0.2858E+01
  0.1008E+00  0.2824E+01  0.3706E-01  0.2748E+01  0.2748E+01
  0.1017E+00  0.2706E+01  0.3719E-01  0.2642E+01  0.2642E+01
  0.1026E+00  0.2611E+01  0.3713E-01  0.2540E+01  0.2540E+01
  0.1036E+00  0.2510E+01  0.3731E-01  0.2441E+01  0.2441E+01
  0.1045E+00  0.2469E+01  0.3734E-01  0.2345E+01  0.2345E+01
  0.1054E+00  0.2335E+01  0.3610E-01  0.2253E+01  0.2253E+01
  0.1064E+00  0.2172E+01  0.3588E-01  0.2164E+01  0.2164E+01
  0.1073E+00  0.2114E+01  0.3584E-01  0.2078E+01  0.2078E+01
  0.1082E+00  0.1991E+01  0.3539E-01  0.1995E+01  0.1995E+01
  0.1092E+00  0.2017E+01  0.3544E-01  0.1916E+01  0.1916E+01
  0.1101E+00  0.1882E+01  0.3510E-01  0.1839E+01  0.1839E+01
  0.1110E+00  0.1736E+01  0.3463E-01  0.1765E+01  0.1765E+01
  0.1119E+00  0.1667E+01  0.3501E-01  0.1694E+01  0.1694E+01
  0.1129E+00  0.1613E+01  0.3660E-01  0.1626E+01  0.1626E+01
  0.1138E+00  0.1562E+01  0.2129E-01  0.1561E+01  0.1561E+01
  0.1147E+00  0.1504E+01  0.2137E-01  0.1498E+01  0.1498E+01
  0.1157E+00  0.1441E+01  0.2106E-01  0.1438E+01  0.1438E+01
  0.1166E+00  0.1371E+01  0.2080E-01  0.1380E+01  0.1380E+01
  0.1175E+00  0.1328E+01  0.2065E-01  0.1325E+01  0.1325E+01
  0.1185E+00  0.1252E+01  0.2048E-01  0.1272E+01  0.1272E+01
  0.1194E+00  0.1184E+01  0.2032E-01  0.1222E+01  0.1222E+01
  0.1203E+00  0.1130E+01  0.2033E-01  0.1174E+01  0.1174E+01
  0.1212E+00  0.1108E+01  0.2039E-01  0.1128E+01  0.1128E+01
  0.1222E+00  0.1071E+01  0.2024E-01  0.1084E+01  0.1084E+01
  0.1231E+00  0.1004E+01  0.2024E-01  0.1043E+01  0.1043E+01
  0.1240E+00  0.9782E+00  0.2007E-01  0.1003E+01  0.1003E+01
  0.1250E+00  0.9786E+00  0.2001E-01  0.9654E+00  0.9654E+00
  0.1259E+00  0.9166E+00  0.1997E-01  0.9296E+00  0.9296E+00
  0.1268E+00  0.8778E+00  0.1964E-01  0.8956E+00  0.8956E+00
  0.1278E+00  0.8619E+00  0.1974E-01  0.8634E+00  0.8634E+00
  0.1287E+00  0.8037E+00  0.1986E-01  0.8329E+00  0.8329E+00
  0.1296E+00  0.7420E+00  0.1972E-01  0.8040E+00  0.8040E+00
  0.1305E+00  0.7209E+00  0.1973E-01  0.7767E+00  0.7767E+00
  0.1315E+00  0.6912E+00  0.1964E-01  0.7509E+00  0.7509E+00
  0.1324E+00  0.6730E+00  0.1953E-01  0.7266E+00  0.7266E+00
  0.1333E+00  0.6265E+00  0.1950E-01  0.7036E+00  0.7036E+00
  0.1343E+00  0.6235E+00  0.1937E-01  0.6821E+00  0.6821E+00
  0.1352E+00  0.6138E+00  0.2016E-01  0.6618E+00  0.6618E+00
  0.1361E+00  0.6013E+00  0.1661E-01  0.6428E+00  0.6428E+00
  0.1371E+00  0.5821E+00  0.1660E-01  0.6250E+00  0.6250E+00
  0.1380E+00  0.5930E+00  0.1647E-01  0.6083E+00  0.6083E+00
  0.1389E+00  0.5490E+00  0.1633E-01  0.5927E+00  0.5927E+00
  0.1398E+00  0.5576E+00  0.1630E-01  0.5782E+00  0.5782E+00
  0.1408E+00  0.5731E+00  0.1621E-01  0.5647E+00  0.5647E+00
  0.1417E+00  0.5457E+00  0.1609E-01  0.5521E+00  0.5521E+00
  0.1426E+00  0.5202E+00  0.1596E-01  0.5404E+00  0.5404E+00
  0.1436E+00  0.5342E+00  0.1633E-01  0.5296E+00  0.5296E+00
  0.1445E+00  0.5077E+00  0.1790E-01  0.5197E+00  0.5197E+00
  0.1454E+00  0.4848E+00  0.1660E-01  0.5105E+00  0.5105E+00
  0.1464E+00  0.4816E+00  0.1587E-01  0.5021E+00  0.5021E+00
  0.1473E+00  0.4572E+00  0.1592E-01  0.4944E+00  0.4944E+00
  0.1482E+00  0.4555E+00  0.1583E-01  0.4873E+00  0.4873E+00
  0.1491E+00  0.4580E+00  0.1587E-01  0.4809E+00  0.4809E+00
  0.1501E+00  0.4396E+00  0.1585E-01  0.4751E+00  0.4751E+00
  0.1510E+00  0.4335E+00  0.1607E-01  0.4699E+00  0.4699E+00
  0.1519E+00  0.4597E+00  0.1627E-01  0.4652E+00  0.4652E+00
  0.1529E+00  0.4739E+00  0.1614E-01  0.4610E+00  0.4610E+00
  0.1538E+00  0.4690E+00  0.1594E-01  0.4573E+00  0.4573E+00
  0.1547E+00  0.4525E+00  0.1598E-01  0.4540E+00  0.4540E+00
  0.1556E+00  0.4264E+00  0.1578E-01  0.4512E+00  0.4512E+00
  0.1566E+00  0.4223E+00  0.1576E-01  0.4488E+00  0.4488E+00
  0.1575E+00  0.4301E+00  0.1561E-01  0.4467E+00  0.4467E+00
  0.1584E+00  0.4224E+00  0.1540E-01  0.4449E+00  0.4449E+00
  0.1594E+00  0.4082E+00  0.1545E-01  0.4435E+00  0.4435E+00
  0.1603E+00  0.4331E+00  0.1531E-01  0.4424E+00  0.4424E+00
  0.1612E+00  0.4356E+00  0.1517E-01  0.4415E+00  0.4415E+00
  0.1622E+00  0.4422E+00  0.1502E-01  0.4409E+00  0.4409E+00
  0.1631E+00  0.4603E+00  0.1503E-01  0.4406E+00  0.4406E+00
  0.1640E+00  0.4540E+00  0.1513E-01  0.4404E+00  0.4404E+00
  0.1649E+00  0.4460E+00  0.1515E-01  0.4405E+00  0.4405E+00
  0.1659E+00  0.4361E+00  0.1515E-01  0.4407E+00  0.4407E+00
  0.1668E+00  0.4476E+00  0.1529E-01  0.4411E+00  0.4411E+00
  0.1677E+00  0.4319E+00  0.1530E-01  0.4416E+00  0.4416E+00
  0.1687E+00  0.4368E+00  0.1544E-01  0.4423E+00  0.4423E+00
  0.1696E+00  0.4611E+00  0.1617E-01  0.4430E+00  0.4430E+00
  0.1705E+00  0.4473E+00  0.1704E-01  0.4439E+00  0.4439E+00
  0.1715E+00  0.4636E+00  0.1677E-01  0.4449E+00  0.4449E+00
  0.1724E+00  0.4480E+00  0.1547E-01  0.4459E+00  0.4459E+00
  0.1733E+00  0.4384E+00  0.1515E-01  0.4470E+00  0.4470E+00
  0.1742E+00  0.4543E+00  0.1498E-01  0.4482E+00  0.4482E+00
  0.1752E+00  0.4449E+00  0.1494E-01  0.4493E+00  0.4493E+00
  0.1761E+00  0.4598E+00  0.1473E-01  0.4506E+00  0.4506E+00
  0.1770E+00  0.4735E+00  0.1466E-01  0.4518E+00  0.4518E+00
  0.1780E+00  0.4568E+00  0.1464E-01  0.4531E+00  0.4531E+00
  0.1789E+00  0.4812E+00  0.1448E-01  0.4543E+00  0.4543E+00
  0.1798E+00  0.4820E+00  0.1446E-01  0.4556E+00  0.4556E+00
  0.1808E+00  0.5006E+00  0.1442E-01  0.4568E+00  0.4568E+00
  0.1817E+00  0.4879E+00  0.1452E-01  0.4580E+00  0.4580E+00
  0.1826E+00  0.4950E+00  0.1459E-01  0.4592E+00  0.4592E+00
  0.1835E+00  0.4824E+00  0.1457E-01  0.4604E+00  0.4604E+00
  0.1845E+00  0.4854E+00  0.1469E-01  0.4615E+00  0.4615E+00
  0.1854E+00  0.4695E+00  0.1449E-01  0.4626E+00  0.4626E+00
  0.1863E+00  0.4901E+00  0.1446E-01  0.4636E+00  0.4636E+00
  0.1873E+00  0.4829E+00  0.1442E-01  0.4646E+00  0.4646E+00
  0.1882E+00  0.4686E+00  0.1436E-01  0.4655E+00  0.4655E+00
  0.1891E+00  0.4657E+00  0.1431E-01  0.4663E+00  0.4663E+00
  0.1901E+00  0.4617E+00  0.1420E-01  0.4671E+00  0.4671E+00
  0.1910E+00  0.4706E+00  0.1406E-01  0.4679E+00  0.4679E+00
  0.1919E+00  0.4649E+00  0.1406E-01  0.4685E+00  0.4685E+00
  0.1928E+00  0.4542E+00  0.1405E-01  0.4691E+00  0.4691E+00
  0.1938E+00  0.4647E+00  0.1407E-01  0.4696E+00  0.4696E+00
  0.1947E+00  0.4623E+00  0.1402E-01  0.4700E+00  0.4700E+00
  0.1956E+00  0.4558E+00  0.1414E-01  0.4703E+00  0.4703E+00
  0.1966E+00  0.4756E+00  0.1409E-01  0.4706E+00  0.4706E+00
  0.1975E+00  0.4755E+00  0.1410E-01  0.4707E+00  0.4707E+00
  0.1984E+00  0.4809E+00  0.1424E-01  0.4708E+00  0.4708E+00
  0.1994E+00  0.4856E+00  0.1410E-01  0.4708E+00  0.4708E+00
  0.2003E+00  0.4617E+00  0.1403E-01  0.4707E+00  0.4707E+00
  0.2012E+00  0.4555E+00  0.1408E-01  0.4705E+00  0.4705E+00
  0.2021E+00  0.4604E+00  0.1399E-01  0.4703E+00  0.4703E+00
  0.2031E+00  0.4706E+00  0.1398E-01  0.4699E+00  0.4699E+00
  0.2040E+00  0.4759E+00  0.1389E-01  0.4695E+00  0.4695E+00
  0.2049E+00  0.4713E+00  0.1376E-01  0.4690E+00  0.4690E+00
  0.2059E+00  0.4386E+00  0.1376E-01  0.4684E+00  0.4684E+00
  0.2068E+00  0.4469E+00  0.1366E-01  0.4677E+00  0.4677E+00
  0.2077E+00  0.4473E+00  0.1370E-01  0.4669E+00  0.4669E+00
  0.2087E+00  0.4504E+00  0.1374E-01  0.4660E+00  0.4660E+00
  0.2096E+00  0.4313E+00  0.1363E-01  0.4651E+00  0.4651E+00
  0.2105E+00  0.4263E+00  0.1368E-01  0.4641E+00  0.4641E+00
  0.2114E+00  0.4316E+00  0.1356E-01  0.4630E+00  0.4630E+00
  0.2124E+00  0.4334E+00  0.1347E-01  0.4618E+00  0.4618E+00
  0.2133E+00  0.4370E+00  0.1341E-01  0.4606E+00  0.4606E+00
  0.2142E+00  0.4750E+00  0.1342E-01  0.4593E+00  0.4593E+00
  0.2152E+00  0.4829E+00  0.1330E-01  0.4579E+00  0.4579E+00
  0.2161E+00  0.4562E+00  0.1311E-01  0.4564E+00  0.4564E+00
  0.2170E+00  0.4507E+00  0.1302E-01  0.4549E+00  0.4549E+00
  0.2180E+00  0.4400E+00  0.1308E-01  0.4533E+00  0.4533E+00
  0.2189E+00  0.4357E+00  0.1305E-01  0.4517E+00  0.4517E+00
  0.2198E+00  0.4390E+00  0.1300E-01  0.4500E+00  0.4500E+00
  0.2207E+00  0.4447E+00  0.1288E-01  0.4482E+00  0.4482E+00
  0.2217E+00  0.4660E+00  0.1281E-01  0.4464E+00  0.4464E+00
  0.2226E+00  0.4691E+00  0.1293E-01  0.4445E+00  0.4445E+00
  0.2235E+00  0.4568E+00  0.1288E-01  0.4426E+00  0.4426E+00
  0.2245E+00  0.4342E+00  0.1282E-01  0.4406E+00  0.4406E+00
  0.2254E+00  0.4422E+00  0.1285E-01  0.4386E+00  0.4386E+00
  0.2263E+00  0.4464E+00  0.1302E-01  0.4366E+00  0.4366E+00
  0.2273E+00  0.4606E+00  0.1311E-01  0.4345E+00  0.4345E+00
  0.2282E+00  0.4681E+00  0.1317E-01  0.4324E+00  0.4324E+00
  0.2291E+00  0.4388E+00  0.1319E-01  0.4302E+00  0.4302E+00
  0.2300E+00  0.4370E+00  0.1321E-01  0.4281E+00  0.4281E+00
  0.2310E+00  0.4337E+00  0.1330E-01  0.4259E+00  0.4259E+00
  0.2319E+00  0.4242E+00  0.1335E-01  0.4236E+00  0.4236E+00
  0.2328E+00  0.4147E+00  0.1332E-01  0.4214E+00  0.4214E+00
  0.2338E+00  0.4250E+00  0.1344E-01  0.4191E+00  0.4191E+00
  0.2347E+00  0.4473E+00  0.1342E-01  0.4168E+00  0.4168E+00
  0.2356E+00  0.4303E+00  0.1332E-01  0.4145E+00  0.4145E+00
  0.2365E+00  0.4279E+00  0.1329E-01  0.4122E+00  0.4122E+00
  0.2375E+00  0.4160E+00  0.1314E-01  0.4098E+00  0.4098E+00
  0.2384E+00  0.4031E+00  0.1321E-01  0.4075E+00  0.4075E+00
  0.2393E+00  0.4104E+00  0.1331E-01  0.4051E+00  0.4051E+00
  0.2403E+00  0.4137E+00  0.1327E-01  0.4028E+00  0.4028E+00
  0.2412E+00  0.4095E+00  0.1329E-01  0.4004E+00  0.4004E+00
  0.2421E+00  0.4105E+00  0.1339E-01  0.3981E+00  0.3981E+00
  0.2431E+00  0.3919E+00  0.1339E-01  0.3957E+00  0.3957E+00
  0.2440E+00  0.4014E+00  0.1327E-01  0.3934E+00  0.3934E+00
  0.2449E+00  0.4384E+00  0.1333E-01  0.3910E+00  0.3910E+00
  0.2458E+00  0.4262E+00  0.1338E-01  0.3887E+00  0.3887E+00
  0.2468E+00  0.4130E+00  0.1337E-01  0.3863E+00  0.3863E+00
  0.2477E+00  0.4041E+00  0.1325E-01  0.3840E+00  0.3840E+00
  0.2486E+00  0.3849E+00  0.1314E-01  0.3817E+00  0.3817E+00
  0.2496E+00  0.3897E+00  0.1324E-01  0.3794E+00  0.3794E+00

           Distance distribution  function of particle  


       R          P(R)      ERROR

  0.0000E+00  0.0000E+00  0.0000E+00
  0.7632E+00  0.1454E-02  0.8559E-05
  0.1526E+01  0.2858E-02  0.1494E-04
  0.2290E+01  0.4215E-02  0.1923E-04
  0.3053E+01  0.5527E-02  0.2156E-04
  0.3816E+01  0.6802E-02  0.2213E-04
  0.4579E+01  0.8045E-02  0.2118E-04
  0.5342E+01  0.9265E-02  0.1905E-04
  0.6106E+01  0.1047E-01  0.1620E-04
  0.6869E+01  0.1167E-01  0.1336E-04
  0.7632E+01  0.1287E-01  0.1177E-04
  0.8395E+01  0.1409E-01  0.1263E-04
  0.9158E+01  0.1533E-01  0.1575E-04
  0.9922E+01  0.1660E-01  0.1994E-04
  0.1068E+02  0.1791E-01  0.2432E-04
  0.1145E+02  0.1926E-01  0.2839E-04
  0.1221E+02  0.2067E-01  0.3184E-04
  0.1297E+02  0.2213E-01  0.3447E-04
  0.1374E+02  0.2364E-01  0.3618E-04
  0.1450E+02  0.2521E-01  0.3693E-04
  0.1526E+02  0.2683E-01  0.3673E-04
  0.1603E+02  0.2851E-01  0.3569E-04
  0.1679E+02  0.3022E-01  0.3397E-04
  0.1755E+02  0.3197E-01  0.3183E-04
  0.1832E+02  0.3374E-01  0.2964E-04
  0.1908E+02  0.3553E-01  0.2785E-04
  0.1984E+02  0.3731E-01  0.2697E-04
  0.2061E+02  0.3909E-01  0.2736E-04
  0.2137E+02  0.4083E-01  0.2905E-04
  0.2213E+02  0.4253E-01  0.3178E-04
  0.2290E+02  0.4416E-01  0.3512E-04
  0.2366E+02  0.4572E-01  0.3865E-04
  0.2442E+02  0.4719E-01  0.4205E-04
  0.2519E+02  0.4854E-01  0.4507E-04
  0.2595E+02  0.4978E-01  0.4755E-04
  0.2671E+02  0.5088E-01  0.4940E-04
  0.2748E+02  0.5183E-01  0.5062E-04
  0.2824E+02  0.5262E-01  0.5126E-04
  0.2900E+02  0.5325E-01  0.5144E-04
  0.2976E+02  0.5371E-01  0.5134E-04
  0.3053E+02  0.5399E-01  0.5119E-04
  0.3129E+02  0.5409E-01  0.5124E-04
  0.3205E+02  0.5401E-01  0.5173E-04
  0.3282E+02  0.5376E-01  0.5284E-04
  0.3358E+02  0.5334E-01  0.5467E-04
  0.3434E+02  0.5275E-01  0.5719E-04
  0.3511E+02  0.5199E-01  0.6030E-04
  0.3587E+02  0.5109E-01  0.6382E-04
  0.3663E+02  0.5005E-01  0.6753E-04
  0.3740E+02  0.4889E-01  0.7125E-04
  0.3816E+02  0.4760E-01  0.7478E-04
  0.3892E+02  0.4621E-01  0.7800E-04
  0.3969E+02  0.4474E-01  0.8081E-04
  0.4045E+02  0.4318E-01  0.8314E-04
  0.4121E+02  0.4157E-01  0.8496E-04
  0.4198E+02  0.3990E-01  0.8630E-04
  0.4274E+02  0.3820E-01  0.8720E-04
  0.4350E+02  0.3648E-01  0.8773E-04
  0.4427E+02  0.3474E-01  0.8796E-04
  0.4503E+02  0.3301E-01  0.8800E-04
  0.4579E+02  0.3128E-01  0.8794E-04
  0.4656E+02  0.2957E-01  0.8786E-04
  0.4732E+02  0.2788E-01  0.8784E-04
  0.4808E+02  0.2623E-01  0.8794E-04
  0.4884E+02  0.2462E-01  0.8820E-04
  0.4961E+02  0.2305E-01  0.8864E-04
  0.5037E+02  0.2153E-01  0.8927E-04
  0.5113E+02  0.2006E-01  0.9009E-04
  0.5190E+02  0.1865E-01  0.9109E-04
  0.5266E+02  0.1730E-01  0.9225E-04
  0.5342E+02  0.1601E-01  0.9357E-04
  0.5419E+02  0.1478E-01  0.9502E-04
  0.5495E+02  0.1361E-01  0.9659E-04
  0.5571E+02  0.1250E-01  0.9824E-04
  0.5648E+02  0.1146E-01  0.9996E-04
  0.5724E+02  0.1048E-01  0.1017E-03
  0.5800E+02  0.9560E-02  0.1034E-03
  0.5877E+02  0.8704E-02  0.1051E-03
  0.5953E+02  0.7910E-02  0.1066E-03
  0.6029E+02  0.7177E-02  0.1080E-03
  0.6106E+02  0.6503E-02  0.1093E-03
  0.6182E+02  0.5888E-02  0.1104E-03
  0.6258E+02  0.5329E-02  0.1113E-03
  0.6335E+02  0.4824E-02  0.1121E-03
  0.6411E+02  0.4370E-02  0.1128E-03
  0.6487E+02  0.3965E-02  0.1133E-03
  0.6564E+02  0.3605E-02  0.1137E-03
  0.6640E+02  0.3285E-02  0.1140E-03
  0.6716E+02  0.3002E-02  0.1139E-03
  0.6792E+02  0.2749E-02  0.1135E-03
  0.6869E+02  0.2520E-02  0.1125E-03
  0.6945E+02  0.2310E-02  0.1106E-03
  0.7021E+02  0.2111E-02  0.1075E-03
  0.7098E+02  0.1916E-02  0.1030E-03
  0.7174E+02  0.1718E-02  0.9659E-04
  0.7250E+02  0.1508E-02  0.8800E-04
  0.7327E+02  0.1278E-02  0.7683E-04
  0.7403E+02  0.1020E-02  0.6275E-04
  0.7479E+02  0.7263E-03  0.4543E-04
  0.7556E+02  0.3888E-03  0.2459E-04
  0.7632E+02  0.0000E+00  0.0000E+00
          Reciprocal space: Rg =   24.81     , I(0) =   0.2334E+02
     Real space: Rg =   24.79 +- 0.033  I(0) =   0.2334E+02 +-  0.3940E-01
