
           ####    G N O M   ---   Version 4.5a revised 09/02/02     ####

                                                  Wed Dec 11 23:39:12 2013
           ===    Run No   1   ===
 Run title:   0.189551E-01  0.220966E+02  0.631716E+00


   *******   Working Directory :
   *******    Input file(s) : 24159_SLAC_merged_q32.dat
           Condition P(rmin) = 0 is used. 
           Condition P(rmax) = 0 is used. 

          Experimental conditions for the first run
          -----------------------------------------

          Highest ALPHA is found to be   0.4940E+03

  The measure of inconsistency AN1 equals to    0.9703E+00
     Alpha    Discrp  Oscill  Stabil  Sysdev  Positv  Valcen    Total   
  0.4940E+06 75.9267  1.3155  0.9464  0.0000  1.0000  0.8285  0.00001
  0.9881E+05 66.8335  1.2788  0.8170  0.0000  1.0000  0.8389  0.00001
  0.1976E+05 47.3147  1.1821  0.5700  0.0124  1.0000  0.8711  0.00001
  0.3952E+04 25.6818  1.1266  0.3313  0.0373  1.0000  0.9148  0.00001
  0.7905E+03  9.6396  1.1872  0.1192  0.0994  1.0000  0.9415  0.00001
  0.1581E+03  2.7867  1.2682  0.0344  0.2609  1.0000  0.9522  0.00001
  0.3162E+02  1.0743  1.3066  0.0098  0.5093  1.0000  0.9552  0.59141
  0.6324E+01  0.8602  1.3208  0.0068  0.6149  1.0000  0.9559  0.54599
  0.1265E+01  0.8147  1.3410  0.0106  0.6149  1.0000  0.9560  0.10000
  0.2529E+00  0.7881  1.4001  0.0227  0.5776  1.0000  0.9555  0.10000
  0.5059E-01  0.7543  1.7521  0.0606  0.5776  0.9997  0.9524  0.10000
  0.1012E-01  0.7214  2.7126  0.0675  0.5776  0.9976  0.9430  0.10000
  0.2024E-02  0.7015  4.5471  0.2435  0.5901  0.9898  0.9196  0.10000
  0.4047E-03  0.6658  9.0692  0.4369  0.5652  0.9427  0.8059  0.10000
  0.8094E-04  0.6388 11.1768  0.2031  0.5528  0.8851  0.5194  0.10000
  0.1619E-04  0.6339 12.2324  0.1845  0.5528  0.8582  0.4734  0.10000
  0.3238E-05  0.6324 14.3696  0.4741  0.5652  0.8156  0.4696  0.10000
  0.6476E-06  0.6313 14.2858  0.3238  0.5652  0.7980  0.3696  0.10000
  0.1295E-06  0.6310 12.8775  0.3660  0.5652  0.7871  0.3946  0.10000
  0.2590E-07  0.6306 13.5489  0.6558  0.5652  0.7524  0.3988  0.10000
  0.5180E-08  0.6295 16.4450  0.8033  0.5652  0.7013  0.3608  0.10000
  0.1036E-08  0.6254 18.1393  0.8738  0.5652  0.6733  0.4200  0.10000
  0.2072E-09  0.6114 20.9662  0.6987  0.5528  0.6585  0.4004  0.10000
  0.4144E-10  0.5732 28.2383  0.6328  0.5776  0.6519  0.4076  0.10000
  0.8289E-11  0.4885 35.4943  0.6002  0.5652  0.6731  0.3442  0.10000
  0.1658E-11  0.3399 41.5094  0.4825  0.5776  0.6797  0.2367  0.10000
  0.3315E-12  0.1618 46.2405  0.2788  0.6025  0.6617  0.2115  0.10000
  0.6631E-13  0.0502 48.8320  0.1085  0.6149  0.6511  0.1989  0.10000
  0.1326E-13  0.0119 49.8172  0.0320  0.6398  0.6481  0.1976  0.10000
  0.2652E-14  0.0025 50.0744  0.0072  0.6398  0.6475  0.1977  0.10000
  0.5305E-15  0.0005 50.1294  0.0015  0.6398  0.6474  0.1977  0.10000

          ***  Golden section search to maximize estimate ***
     Alpha    Discrp  Oscill  Stabil  Sysdev  Positv  Valcen    Total   
  0.1710E+02  0.9343  1.3134  0.0066  0.5528  1.0000  0.9556  0.58159
  0.5057E+02  1.3033  1.2992  0.0141  0.4969  1.0000  0.9547  0.58009
  0.2500E+02  1.0053  1.3095  0.0082  0.5217  1.0000  0.9554  0.58944
  0.3783E+02  1.1452  1.3041  0.0112  0.5093  1.0000  0.9550  0.59019
  0.2891E+02  1.0451  1.3078  0.0091  0.5093  1.0000  0.9553  0.59099
  0.3386E+02  1.0993  1.3057  0.0103  0.4969  1.0000  0.9551  0.59117
  0.3055E+02  1.0627  1.3071  0.0095  0.5093  1.0000  0.9552  0.59132
  0.3246E+02  1.0836  1.3063  0.0100  0.5093  1.0000  0.9552  0.59142
  0.3299E+02  1.0894  1.3060  0.0101  0.5093  1.0000  0.9552  0.59139
  0.3213E+02  1.0800  1.3064  0.0099  0.5093  1.0000  0.9552  0.59142
  0.3194E+02  1.0778  1.3065  0.0098  0.5093  1.0000  0.9552  0.59142
  0.3226E+02  1.0813  1.3063  0.0099  0.5093  1.0000  0.9552  0.59142
  0.3206E+02  1.0791  1.3064  0.0099  0.5093  1.0000  0.9552  0.59142
  0.3213E+02  1.0800  1.3064  0.0099  0.5093  1.0000  0.9552  0.59142



             ####            Final results            ####

 Parameter    DISCRP    OSCILL    STABIL    SYSDEV    POSITV    VALCEN
 Weight        1.000     3.000     3.000     4.000     1.000     1.000
 Sigma         0.500     0.600     0.120     0.200     0.120     0.120
 Ideal         1.000     1.100     0.000     1.000     1.000     0.950
 Current       1.080     1.306     0.010     0.509     1.000     0.955
                - - - - - - - - - - - - - - - - - - - - - - - - - 
 Estimate      0.975     0.888     0.993     0.002     1.000     0.998

  Angular   range    :     from    0.0199   to    0.3193
  Real space range   :     from      0.00   to     77.99

  Highest ALPHA (theor) :   0.494E+06                 JOB = 0
  Current ALPHA         :   0.321E+02   Rg :  0.250E+02   I(0) :   0.235E+02

           Total  estimate : 0.591  which is  A REASONABLE  solution

      S          J EXP       ERROR       J REG       I REG

  0.0000E+00                                      0.2345E+02
  0.9469E-03                                      0.2345E+02
  0.1894E-02                                      0.2343E+02
  0.2841E-02                                      0.2341E+02
  0.3788E-02                                      0.2338E+02
  0.4735E-02                                      0.2334E+02
  0.5681E-02                                      0.2330E+02
  0.6628E-02                                      0.2324E+02
  0.7575E-02                                      0.2317E+02
  0.8522E-02                                      0.2310E+02
  0.9469E-02                                      0.2302E+02
  0.1042E-01                                      0.2293E+02
  0.1136E-01                                      0.2283E+02
  0.1231E-01                                      0.2273E+02
  0.1326E-01                                      0.2261E+02
  0.1420E-01                                      0.2249E+02
  0.1515E-01                                      0.2236E+02
  0.1610E-01                                      0.2222E+02
  0.1704E-01                                      0.2208E+02
  0.1799E-01                                      0.2193E+02
  0.1894E-01                                      0.2177E+02
  0.1988E-01  0.2242E+02  0.5796E+00  0.2160E+02  0.2160E+02
  0.2081E-01  0.2221E+02  0.5358E+00  0.2143E+02  0.2143E+02
  0.2174E-01  0.2212E+02  0.5104E+00  0.2126E+02  0.2126E+02
  0.2267E-01  0.2172E+02  0.4767E+00  0.2108E+02  0.2108E+02
  0.2360E-01  0.2101E+02  0.4439E+00  0.2089E+02  0.2089E+02
  0.2453E-01  0.2037E+02  0.4324E+00  0.2070E+02  0.2070E+02
  0.2546E-01  0.2035E+02  0.4205E+00  0.2050E+02  0.2050E+02
  0.2639E-01  0.2000E+02  0.3965E+00  0.2029E+02  0.2029E+02
  0.2732E-01  0.2008E+02  0.3709E+00  0.2008E+02  0.2008E+02
  0.2825E-01  0.1974E+02  0.3556E+00  0.1987E+02  0.1987E+02
  0.2918E-01  0.1992E+02  0.2761E+00  0.1965E+02  0.1965E+02
  0.3011E-01  0.2005E+02  0.1863E+00  0.1942E+02  0.1942E+02
  0.3104E-01  0.2005E+02  0.1805E+00  0.1919E+02  0.1919E+02
  0.3197E-01  0.1963E+02  0.1773E+00  0.1896E+02  0.1896E+02
  0.3290E-01  0.1912E+02  0.1740E+00  0.1872E+02  0.1872E+02
  0.3383E-01  0.1884E+02  0.1743E+00  0.1848E+02  0.1848E+02
  0.3476E-01  0.1862E+02  0.1690E+00  0.1824E+02  0.1824E+02
  0.3569E-01  0.1810E+02  0.1681E+00  0.1799E+02  0.1799E+02
  0.3662E-01  0.1762E+02  0.1646E+00  0.1774E+02  0.1774E+02
  0.3755E-01  0.1746E+02  0.1386E+00  0.1749E+02  0.1749E+02
  0.3848E-01  0.1724E+02  0.1113E+00  0.1723E+02  0.1723E+02
  0.3941E-01  0.1710E+02  0.1085E+00  0.1697E+02  0.1697E+02
  0.4034E-01  0.1695E+02  0.1080E+00  0.1671E+02  0.1671E+02
  0.4127E-01  0.1671E+02  0.1046E+00  0.1645E+02  0.1645E+02
  0.4220E-01  0.1622E+02  0.1030E+00  0.1618E+02  0.1618E+02
  0.4313E-01  0.1597E+02  0.1010E+00  0.1591E+02  0.1591E+02
  0.4406E-01  0.1570E+02  0.9947E-01  0.1565E+02  0.1565E+02
  0.4499E-01  0.1526E+02  0.9845E-01  0.1538E+02  0.1538E+02
  0.4592E-01  0.1495E+02  0.9722E-01  0.1511E+02  0.1511E+02
  0.4685E-01  0.1484E+02  0.9627E-01  0.1484E+02  0.1484E+02
  0.4778E-01  0.1449E+02  0.9463E-01  0.1456E+02  0.1456E+02
  0.4871E-01  0.1426E+02  0.9379E-01  0.1429E+02  0.1429E+02
  0.4964E-01  0.1405E+02  0.9273E-01  0.1402E+02  0.1402E+02
  0.5057E-01  0.1373E+02  0.7812E-01  0.1375E+02  0.1375E+02
  0.5150E-01  0.1356E+02  0.6890E-01  0.1348E+02  0.1348E+02
  0.5243E-01  0.1330E+02  0.6868E-01  0.1321E+02  0.1321E+02
  0.5336E-01  0.1301E+02  0.6726E-01  0.1293E+02  0.1293E+02
  0.5429E-01  0.1280E+02  0.6757E-01  0.1266E+02  0.1266E+02
  0.5522E-01  0.1245E+02  0.6708E-01  0.1240E+02  0.1240E+02
  0.5615E-01  0.1212E+02  0.6699E-01  0.1213E+02  0.1213E+02
  0.5708E-01  0.1176E+02  0.6630E-01  0.1186E+02  0.1186E+02
  0.5801E-01  0.1158E+02  0.6555E-01  0.1160E+02  0.1160E+02
  0.5894E-01  0.1132E+02  0.6427E-01  0.1133E+02  0.1133E+02
  0.5987E-01  0.1095E+02  0.6341E-01  0.1107E+02  0.1107E+02
  0.6080E-01  0.1070E+02  0.6202E-01  0.1081E+02  0.1081E+02
  0.6173E-01  0.1056E+02  0.6249E-01  0.1056E+02  0.1056E+02
  0.6266E-01  0.1040E+02  0.6159E-01  0.1030E+02  0.1030E+02
  0.6359E-01  0.1014E+02  0.6054E-01  0.1005E+02  0.1005E+02
  0.6452E-01  0.9843E+01  0.5113E-01  0.9798E+01  0.9798E+01
  0.6545E-01  0.9606E+01  0.4812E-01  0.9551E+01  0.9551E+01
  0.6638E-01  0.9416E+01  0.4751E-01  0.9306E+01  0.9306E+01
  0.6731E-01  0.9123E+01  0.4749E-01  0.9064E+01  0.9064E+01
  0.6824E-01  0.8856E+01  0.4775E-01  0.8825E+01  0.8825E+01
  0.6917E-01  0.8636E+01  0.4822E-01  0.8589E+01  0.8589E+01
  0.7010E-01  0.8418E+01  0.4703E-01  0.8356E+01  0.8356E+01
  0.7103E-01  0.8204E+01  0.4643E-01  0.8127E+01  0.8127E+01
  0.7196E-01  0.7961E+01  0.4617E-01  0.7900E+01  0.7900E+01
  0.7289E-01  0.7715E+01  0.4524E-01  0.7678E+01  0.7678E+01
  0.7382E-01  0.7478E+01  0.4498E-01  0.7458E+01  0.7458E+01
  0.7475E-01  0.7265E+01  0.4482E-01  0.7243E+01  0.7243E+01
  0.7568E-01  0.7072E+01  0.4439E-01  0.7031E+01  0.7031E+01
  0.7661E-01  0.6768E+01  0.4413E-01  0.6822E+01  0.6822E+01
  0.7754E-01  0.6564E+01  0.4393E-01  0.6617E+01  0.6617E+01
  0.7847E-01  0.6468E+01  0.4348E-01  0.6416E+01  0.6416E+01
  0.7940E-01  0.6188E+01  0.4429E-01  0.6219E+01  0.6219E+01
  0.8033E-01  0.5999E+01  0.4444E-01  0.6026E+01  0.6026E+01
  0.8126E-01  0.5822E+01  0.4271E-01  0.5836E+01  0.5836E+01
  0.8219E-01  0.5736E+01  0.4222E-01  0.5651E+01  0.5651E+01
  0.8312E-01  0.5530E+01  0.4219E-01  0.5469E+01  0.5469E+01
  0.8405E-01  0.5435E+01  0.4209E-01  0.5291E+01  0.5291E+01
  0.8498E-01  0.5209E+01  0.4196E-01  0.5118E+01  0.5118E+01
  0.8591E-01  0.4989E+01  0.4133E-01  0.4948E+01  0.4948E+01
  0.8684E-01  0.4832E+01  0.4061E-01  0.4782E+01  0.4782E+01
  0.8777E-01  0.4688E+01  0.4039E-01  0.4620E+01  0.4620E+01
  0.8870E-01  0.4505E+01  0.4018E-01  0.4462E+01  0.4462E+01
  0.8963E-01  0.4332E+01  0.3972E-01  0.4308E+01  0.4308E+01
  0.9056E-01  0.4161E+01  0.3972E-01  0.4157E+01  0.4157E+01
  0.9149E-01  0.4017E+01  0.3971E-01  0.4011E+01  0.4011E+01
  0.9242E-01  0.3915E+01  0.3961E-01  0.3869E+01  0.3869E+01
  0.9335E-01  0.3856E+01  0.3909E-01  0.3730E+01  0.3730E+01
  0.9428E-01  0.3701E+01  0.3861E-01  0.3595E+01  0.3595E+01
  0.9521E-01  0.3632E+01  0.3829E-01  0.3464E+01  0.3464E+01
  0.9614E-01  0.3384E+01  0.3832E-01  0.3337E+01  0.3337E+01
  0.9707E-01  0.3195E+01  0.3843E-01  0.3213E+01  0.3213E+01
  0.9800E-01  0.3105E+01  0.3944E-01  0.3093E+01  0.3093E+01
  0.9893E-01  0.3012E+01  0.3905E-01  0.2977E+01  0.2977E+01
  0.9986E-01  0.2894E+01  0.3765E-01  0.2864E+01  0.2864E+01
  0.1008E+00  0.2824E+01  0.3706E-01  0.2755E+01  0.2755E+01
  0.1017E+00  0.2706E+01  0.3719E-01  0.2649E+01  0.2649E+01
  0.1026E+00  0.2611E+01  0.3713E-01  0.2547E+01  0.2547E+01
  0.1036E+00  0.2510E+01  0.3731E-01  0.2448E+01  0.2448E+01
  0.1045E+00  0.2469E+01  0.3734E-01  0.2352E+01  0.2352E+01
  0.1054E+00  0.2335E+01  0.3610E-01  0.2260E+01  0.2260E+01
  0.1064E+00  0.2172E+01  0.3588E-01  0.2171E+01  0.2171E+01
  0.1073E+00  0.2114E+01  0.3584E-01  0.2085E+01  0.2085E+01
  0.1082E+00  0.1991E+01  0.3539E-01  0.2002E+01  0.2002E+01
  0.1092E+00  0.2017E+01  0.3544E-01  0.1922E+01  0.1922E+01
  0.1101E+00  0.1882E+01  0.3510E-01  0.1845E+01  0.1845E+01
  0.1110E+00  0.1736E+01  0.3463E-01  0.1771E+01  0.1771E+01
  0.1119E+00  0.1667E+01  0.3501E-01  0.1700E+01  0.1700E+01
  0.1129E+00  0.1613E+01  0.3660E-01  0.1632E+01  0.1632E+01
  0.1138E+00  0.1562E+01  0.2129E-01  0.1566E+01  0.1566E+01
  0.1147E+00  0.1504E+01  0.2137E-01  0.1503E+01  0.1503E+01
  0.1157E+00  0.1441E+01  0.2106E-01  0.1443E+01  0.1443E+01
  0.1166E+00  0.1371E+01  0.2080E-01  0.1385E+01  0.1385E+01
  0.1175E+00  0.1328E+01  0.2065E-01  0.1330E+01  0.1330E+01
  0.1185E+00  0.1252E+01  0.2048E-01  0.1276E+01  0.1276E+01
  0.1194E+00  0.1184E+01  0.2032E-01  0.1226E+01  0.1226E+01
  0.1203E+00  0.1130E+01  0.2033E-01  0.1177E+01  0.1177E+01
  0.1212E+00  0.1108E+01  0.2039E-01  0.1131E+01  0.1131E+01
  0.1222E+00  0.1071E+01  0.2024E-01  0.1087E+01  0.1087E+01
  0.1231E+00  0.1004E+01  0.2024E-01  0.1045E+01  0.1045E+01
  0.1240E+00  0.9782E+00  0.2007E-01  0.1005E+01  0.1005E+01
  0.1250E+00  0.9786E+00  0.2001E-01  0.9665E+00  0.9665E+00
  0.1259E+00  0.9166E+00  0.1997E-01  0.9303E+00  0.9303E+00
  0.1268E+00  0.8778E+00  0.1964E-01  0.8958E+00  0.8958E+00
  0.1278E+00  0.8619E+00  0.1974E-01  0.8632E+00  0.8632E+00
  0.1287E+00  0.8037E+00  0.1986E-01  0.8322E+00  0.8322E+00
  0.1296E+00  0.7420E+00  0.1972E-01  0.8029E+00  0.8029E+00
  0.1305E+00  0.7209E+00  0.1973E-01  0.7752E+00  0.7752E+00
  0.1315E+00  0.6912E+00  0.1964E-01  0.7490E+00  0.7490E+00
  0.1324E+00  0.6730E+00  0.1953E-01  0.7244E+00  0.7244E+00
  0.1333E+00  0.6265E+00  0.1950E-01  0.7011E+00  0.7011E+00
  0.1343E+00  0.6235E+00  0.1937E-01  0.6792E+00  0.6792E+00
  0.1352E+00  0.6138E+00  0.2016E-01  0.6586E+00  0.6586E+00
  0.1361E+00  0.6013E+00  0.1661E-01  0.6393E+00  0.6393E+00
  0.1371E+00  0.5821E+00  0.1660E-01  0.6212E+00  0.6212E+00
  0.1380E+00  0.5930E+00  0.1647E-01  0.6043E+00  0.6043E+00
  0.1389E+00  0.5490E+00  0.1633E-01  0.5884E+00  0.5884E+00
  0.1398E+00  0.5576E+00  0.1630E-01  0.5737E+00  0.5737E+00
  0.1408E+00  0.5731E+00  0.1621E-01  0.5600E+00  0.5600E+00
  0.1417E+00  0.5457E+00  0.1609E-01  0.5473E+00  0.5473E+00
  0.1426E+00  0.5202E+00  0.1596E-01  0.5355E+00  0.5355E+00
  0.1436E+00  0.5342E+00  0.1633E-01  0.5246E+00  0.5246E+00
  0.1445E+00  0.5077E+00  0.1790E-01  0.5146E+00  0.5146E+00
  0.1454E+00  0.4848E+00  0.1660E-01  0.5054E+00  0.5054E+00
  0.1464E+00  0.4816E+00  0.1587E-01  0.4969E+00  0.4969E+00
  0.1473E+00  0.4572E+00  0.1592E-01  0.4892E+00  0.4892E+00
  0.1482E+00  0.4555E+00  0.1583E-01  0.4822E+00  0.4822E+00
  0.1491E+00  0.4580E+00  0.1587E-01  0.4759E+00  0.4759E+00
  0.1501E+00  0.4396E+00  0.1585E-01  0.4702E+00  0.4702E+00
  0.1510E+00  0.4335E+00  0.1607E-01  0.4651E+00  0.4651E+00
  0.1519E+00  0.4597E+00  0.1627E-01  0.4605E+00  0.4605E+00
  0.1529E+00  0.4739E+00  0.1614E-01  0.4565E+00  0.4565E+00
  0.1538E+00  0.4690E+00  0.1594E-01  0.4530E+00  0.4530E+00
  0.1547E+00  0.4525E+00  0.1598E-01  0.4499E+00  0.4499E+00
  0.1556E+00  0.4264E+00  0.1578E-01  0.4473E+00  0.4473E+00
  0.1566E+00  0.4223E+00  0.1576E-01  0.4451E+00  0.4451E+00
  0.1575E+00  0.4301E+00  0.1561E-01  0.4433E+00  0.4433E+00
  0.1584E+00  0.4224E+00  0.1540E-01  0.4418E+00  0.4418E+00
  0.1594E+00  0.4082E+00  0.1545E-01  0.4407E+00  0.4407E+00
  0.1603E+00  0.4331E+00  0.1531E-01  0.4399E+00  0.4399E+00
  0.1612E+00  0.4356E+00  0.1517E-01  0.4393E+00  0.4393E+00
  0.1622E+00  0.4422E+00  0.1502E-01  0.4390E+00  0.4390E+00
  0.1631E+00  0.4603E+00  0.1503E-01  0.4390E+00  0.4390E+00
  0.1640E+00  0.4540E+00  0.1513E-01  0.4392E+00  0.4392E+00
  0.1649E+00  0.4460E+00  0.1515E-01  0.4396E+00  0.4396E+00
  0.1659E+00  0.4361E+00  0.1515E-01  0.4401E+00  0.4401E+00
  0.1668E+00  0.4476E+00  0.1529E-01  0.4408E+00  0.4408E+00
  0.1677E+00  0.4319E+00  0.1530E-01  0.4417E+00  0.4417E+00
  0.1687E+00  0.4368E+00  0.1544E-01  0.4427E+00  0.4427E+00
  0.1696E+00  0.4611E+00  0.1617E-01  0.4438E+00  0.4438E+00
  0.1705E+00  0.4473E+00  0.1704E-01  0.4450E+00  0.4450E+00
  0.1715E+00  0.4636E+00  0.1677E-01  0.4462E+00  0.4462E+00
  0.1724E+00  0.4480E+00  0.1547E-01  0.4476E+00  0.4476E+00
  0.1733E+00  0.4384E+00  0.1515E-01  0.4490E+00  0.4490E+00
  0.1742E+00  0.4543E+00  0.1498E-01  0.4504E+00  0.4504E+00
  0.1752E+00  0.4449E+00  0.1494E-01  0.4518E+00  0.4518E+00
  0.1761E+00  0.4598E+00  0.1473E-01  0.4533E+00  0.4533E+00
  0.1770E+00  0.4735E+00  0.1466E-01  0.4548E+00  0.4548E+00
  0.1780E+00  0.4568E+00  0.1464E-01  0.4562E+00  0.4562E+00
  0.1789E+00  0.4812E+00  0.1448E-01  0.4577E+00  0.4577E+00
  0.1798E+00  0.4820E+00  0.1446E-01  0.4591E+00  0.4591E+00
  0.1808E+00  0.5006E+00  0.1442E-01  0.4605E+00  0.4605E+00
  0.1817E+00  0.4879E+00  0.1452E-01  0.4618E+00  0.4618E+00
  0.1826E+00  0.4950E+00  0.1459E-01  0.4631E+00  0.4631E+00
  0.1835E+00  0.4824E+00  0.1457E-01  0.4643E+00  0.4643E+00
  0.1845E+00  0.4854E+00  0.1469E-01  0.4655E+00  0.4655E+00
  0.1854E+00  0.4695E+00  0.1449E-01  0.4666E+00  0.4666E+00
  0.1863E+00  0.4901E+00  0.1446E-01  0.4676E+00  0.4676E+00
  0.1873E+00  0.4829E+00  0.1442E-01  0.4686E+00  0.4686E+00
  0.1882E+00  0.4686E+00  0.1436E-01  0.4695E+00  0.4695E+00
  0.1891E+00  0.4657E+00  0.1431E-01  0.4703E+00  0.4703E+00
  0.1901E+00  0.4617E+00  0.1420E-01  0.4710E+00  0.4710E+00
  0.1910E+00  0.4706E+00  0.1406E-01  0.4716E+00  0.4716E+00
  0.1919E+00  0.4649E+00  0.1406E-01  0.4721E+00  0.4721E+00
  0.1928E+00  0.4542E+00  0.1405E-01  0.4725E+00  0.4725E+00
  0.1938E+00  0.4647E+00  0.1407E-01  0.4728E+00  0.4728E+00
  0.1947E+00  0.4623E+00  0.1402E-01  0.4731E+00  0.4731E+00
  0.1956E+00  0.4558E+00  0.1414E-01  0.4732E+00  0.4732E+00
  0.1966E+00  0.4756E+00  0.1409E-01  0.4732E+00  0.4732E+00
  0.1975E+00  0.4755E+00  0.1410E-01  0.4731E+00  0.4731E+00
  0.1984E+00  0.4809E+00  0.1424E-01  0.4730E+00  0.4730E+00
  0.1994E+00  0.4856E+00  0.1410E-01  0.4727E+00  0.4727E+00
  0.2003E+00  0.4617E+00  0.1403E-01  0.4724E+00  0.4724E+00
  0.2012E+00  0.4555E+00  0.1408E-01  0.4719E+00  0.4719E+00
  0.2021E+00  0.4604E+00  0.1399E-01  0.4714E+00  0.4714E+00
  0.2031E+00  0.4706E+00  0.1398E-01  0.4707E+00  0.4707E+00
  0.2040E+00  0.4759E+00  0.1389E-01  0.4700E+00  0.4700E+00
  0.2049E+00  0.4713E+00  0.1376E-01  0.4692E+00  0.4692E+00
  0.2059E+00  0.4386E+00  0.1376E-01  0.4683E+00  0.4683E+00
  0.2068E+00  0.4469E+00  0.1366E-01  0.4673E+00  0.4673E+00
  0.2077E+00  0.4473E+00  0.1370E-01  0.4663E+00  0.4663E+00
  0.2087E+00  0.4504E+00  0.1374E-01  0.4652E+00  0.4652E+00
  0.2096E+00  0.4313E+00  0.1363E-01  0.4640E+00  0.4640E+00
  0.2105E+00  0.4263E+00  0.1368E-01  0.4627E+00  0.4627E+00
  0.2114E+00  0.4316E+00  0.1356E-01  0.4614E+00  0.4614E+00
  0.2124E+00  0.4334E+00  0.1347E-01  0.4600E+00  0.4600E+00
  0.2133E+00  0.4370E+00  0.1341E-01  0.4586E+00  0.4586E+00
  0.2142E+00  0.4750E+00  0.1342E-01  0.4571E+00  0.4571E+00
  0.2152E+00  0.4829E+00  0.1330E-01  0.4556E+00  0.4556E+00
  0.2161E+00  0.4562E+00  0.1311E-01  0.4541E+00  0.4541E+00
  0.2170E+00  0.4507E+00  0.1302E-01  0.4525E+00  0.4525E+00
  0.2180E+00  0.4400E+00  0.1308E-01  0.4508E+00  0.4508E+00
  0.2189E+00  0.4357E+00  0.1305E-01  0.4492E+00  0.4492E+00
  0.2198E+00  0.4390E+00  0.1300E-01  0.4475E+00  0.4475E+00
  0.2207E+00  0.4447E+00  0.1288E-01  0.4458E+00  0.4458E+00
  0.2217E+00  0.4660E+00  0.1281E-01  0.4440E+00  0.4440E+00
  0.2226E+00  0.4691E+00  0.1293E-01  0.4423E+00  0.4423E+00
  0.2235E+00  0.4568E+00  0.1288E-01  0.4406E+00  0.4406E+00
  0.2245E+00  0.4342E+00  0.1282E-01  0.4388E+00  0.4388E+00
  0.2254E+00  0.4422E+00  0.1285E-01  0.4371E+00  0.4371E+00
  0.2263E+00  0.4464E+00  0.1302E-01  0.4354E+00  0.4354E+00
  0.2273E+00  0.4606E+00  0.1311E-01  0.4336E+00  0.4336E+00
  0.2282E+00  0.4681E+00  0.1317E-01  0.4319E+00  0.4319E+00
  0.2291E+00  0.4388E+00  0.1319E-01  0.4302E+00  0.4302E+00
  0.2300E+00  0.4370E+00  0.1321E-01  0.4285E+00  0.4285E+00
  0.2310E+00  0.4337E+00  0.1330E-01  0.4269E+00  0.4269E+00
  0.2319E+00  0.4242E+00  0.1335E-01  0.4252E+00  0.4252E+00
  0.2328E+00  0.4147E+00  0.1332E-01  0.4236E+00  0.4236E+00
  0.2338E+00  0.4250E+00  0.1344E-01  0.4220E+00  0.4220E+00
  0.2347E+00  0.4473E+00  0.1342E-01  0.4205E+00  0.4205E+00
  0.2356E+00  0.4303E+00  0.1332E-01  0.4190E+00  0.4190E+00
  0.2365E+00  0.4279E+00  0.1329E-01  0.4175E+00  0.4175E+00
  0.2375E+00  0.4160E+00  0.1314E-01  0.4161E+00  0.4161E+00
  0.2384E+00  0.4031E+00  0.1321E-01  0.4147E+00  0.4147E+00
  0.2393E+00  0.4104E+00  0.1331E-01  0.4133E+00  0.4133E+00
  0.2403E+00  0.4137E+00  0.1327E-01  0.4120E+00  0.4120E+00
  0.2412E+00  0.4095E+00  0.1329E-01  0.4108E+00  0.4108E+00
  0.2421E+00  0.4105E+00  0.1339E-01  0.4096E+00  0.4096E+00
  0.2431E+00  0.3919E+00  0.1339E-01  0.4084E+00  0.4084E+00
  0.2440E+00  0.4014E+00  0.1327E-01  0.4073E+00  0.4073E+00
  0.2449E+00  0.4384E+00  0.1333E-01  0.4062E+00  0.4062E+00
  0.2458E+00  0.4262E+00  0.1338E-01  0.4052E+00  0.4052E+00
  0.2468E+00  0.4130E+00  0.1337E-01  0.4042E+00  0.4042E+00
  0.2477E+00  0.4041E+00  0.1325E-01  0.4032E+00  0.4032E+00
  0.2486E+00  0.3849E+00  0.1314E-01  0.4023E+00  0.4023E+00
  0.2496E+00  0.3897E+00  0.1324E-01  0.4015E+00  0.4015E+00
  0.2505E+00  0.3975E+00  0.1324E-01  0.4007E+00  0.4007E+00
  0.2514E+00  0.4056E+00  0.1317E-01  0.3999E+00  0.3999E+00
  0.2524E+00  0.4196E+00  0.1323E-01  0.3992E+00  0.3992E+00
  0.2533E+00  0.3993E+00  0.1327E-01  0.3985E+00  0.3985E+00
  0.2542E+00  0.3892E+00  0.1316E-01  0.3979E+00  0.3979E+00
  0.2551E+00  0.3861E+00  0.1323E-01  0.3973E+00  0.3973E+00
  0.2561E+00  0.3795E+00  0.1314E-01  0.3967E+00  0.3967E+00
  0.2570E+00  0.3779E+00  0.1326E-01  0.3961E+00  0.3961E+00
  0.2579E+00  0.3702E+00  0.1352E-01  0.3956E+00  0.3956E+00
  0.2589E+00  0.3812E+00  0.1343E-01  0.3951E+00  0.3951E+00
  0.2598E+00  0.3982E+00  0.1321E-01  0.3947E+00  0.3947E+00
  0.2607E+00  0.3927E+00  0.1303E-01  0.3943E+00  0.3943E+00
  0.2617E+00  0.4035E+00  0.1300E-01  0.3938E+00  0.3938E+00
  0.2626E+00  0.3906E+00  0.1315E-01  0.3934E+00  0.3934E+00
  0.2635E+00  0.3741E+00  0.1294E-01  0.3931E+00  0.3931E+00
  0.2644E+00  0.3712E+00  0.1285E-01  0.3927E+00  0.3927E+00
  0.2654E+00  0.3774E+00  0.1295E-01  0.3923E+00  0.3923E+00
  0.2663E+00  0.3722E+00  0.1302E-01  0.3920E+00  0.3920E+00
  0.2672E+00  0.3759E+00  0.1299E-01  0.3916E+00  0.3916E+00
  0.2682E+00  0.4069E+00  0.1292E-01  0.3913E+00  0.3913E+00
  0.2691E+00  0.4137E+00  0.1302E-01  0.3910E+00  0.3910E+00
  0.2700E+00  0.4163E+00  0.1303E-01  0.3906E+00  0.3906E+00
  0.2710E+00  0.4155E+00  0.1310E-01  0.3903E+00  0.3903E+00
  0.2719E+00  0.3970E+00  0.1316E-01  0.3899E+00  0.3899E+00
  0.2728E+00  0.3734E+00  0.1304E-01  0.3895E+00  0.3895E+00
  0.2737E+00  0.3562E+00  0.1312E-01  0.3892E+00  0.3892E+00
  0.2747E+00  0.3506E+00  0.1314E-01  0.3888E+00  0.3888E+00
  0.2756E+00  0.3798E+00  0.1306E-01  0.3883E+00  0.3883E+00
  0.2765E+00  0.4004E+00  0.1312E-01  0.3879E+00  0.3879E+00
  0.2775E+00  0.4029E+00  0.1325E-01  0.3875E+00  0.3875E+00
  0.2784E+00  0.4075E+00  0.1319E-01  0.3870E+00  0.3870E+00
  0.2793E+00  0.3982E+00  0.1306E-01  0.3865E+00  0.3865E+00
  0.2803E+00  0.3893E+00  0.1304E-01  0.3859E+00  0.3859E+00
  0.2812E+00  0.3872E+00  0.1303E-01  0.3853E+00  0.3853E+00
  0.2821E+00  0.4136E+00  0.1291E-01  0.3847E+00  0.3847E+00
  0.2830E+00  0.3853E+00  0.1312E-01  0.3841E+00  0.3841E+00
  0.2840E+00  0.3635E+00  0.1334E-01  0.3834E+00  0.3834E+00
  0.2849E+00  0.3891E+00  0.1359E-01  0.3827E+00  0.3827E+00
  0.2858E+00  0.4010E+00  0.1373E-01  0.3820E+00  0.3820E+00
  0.2868E+00  0.3873E+00  0.1381E-01  0.3812E+00  0.3812E+00
  0.2877E+00  0.3617E+00  0.1387E-01  0.3804E+00  0.3804E+00
  0.2886E+00  0.3799E+00  0.1393E-01  0.3795E+00  0.3795E+00
  0.2896E+00  0.4066E+00  0.1403E-01  0.3786E+00  0.3786E+00
  0.2905E+00  0.3887E+00  0.1422E-01  0.3777E+00  0.3777E+00
  0.2914E+00  0.3706E+00  0.1424E-01  0.3767E+00  0.3767E+00
  0.2923E+00  0.3594E+00  0.1432E-01  0.3757E+00  0.3757E+00
  0.2933E+00  0.3698E+00  0.1450E-01  0.3746E+00  0.3746E+00
  0.2942E+00  0.3772E+00  0.1463E-01  0.3735E+00  0.3735E+00
  0.2951E+00  0.3654E+00  0.1471E-01  0.3724E+00  0.3724E+00
  0.2961E+00  0.3682E+00  0.1474E-01  0.3712E+00  0.3712E+00
  0.2970E+00  0.4042E+00  0.1479E-01  0.3700E+00  0.3700E+00
  0.2979E+00  0.4331E+00  0.1494E-01  0.3687E+00  0.3687E+00
  0.2989E+00  0.4107E+00  0.1495E-01  0.3674E+00  0.3674E+00
  0.2998E+00  0.3677E+00  0.1506E-01  0.3661E+00  0.3661E+00
  0.3007E+00  0.3600E+00  0.1539E-01  0.3647E+00  0.3647E+00
  0.3016E+00  0.3785E+00  0.1535E-01  0.3633E+00  0.3633E+00
  0.3026E+00  0.3775E+00  0.1531E-01  0.3618E+00  0.3618E+00
  0.3035E+00  0.3931E+00  0.1532E-01  0.3603E+00  0.3603E+00
  0.3044E+00  0.3813E+00  0.1535E-01  0.3588E+00  0.3588E+00
  0.3054E+00  0.3636E+00  0.1547E-01  0.3573E+00  0.3573E+00
  0.3063E+00  0.3716E+00  0.1559E-01  0.3557E+00  0.3557E+00
  0.3072E+00  0.3897E+00  0.1560E-01  0.3541E+00  0.3541E+00
  0.3082E+00  0.3761E+00  0.1560E-01  0.3525E+00  0.3525E+00
  0.3091E+00  0.3668E+00  0.1562E-01  0.3508E+00  0.3508E+00
  0.3100E+00  0.3339E+00  0.1560E-01  0.3492E+00  0.3492E+00
  0.3109E+00  0.3437E+00  0.1582E-01  0.3475E+00  0.3475E+00
  0.3119E+00  0.3626E+00  0.1599E-01  0.3457E+00  0.3457E+00
  0.3128E+00  0.3791E+00  0.1630E-01  0.3440E+00  0.3440E+00
  0.3137E+00  0.3581E+00  0.1652E-01  0.3423E+00  0.3423E+00
  0.3147E+00  0.3702E+00  0.1672E-01  0.3405E+00  0.3405E+00
  0.3156E+00  0.3980E+00  0.1638E-01  0.3387E+00  0.3387E+00
  0.3165E+00  0.3788E+00  0.1640E-01  0.3369E+00  0.3369E+00
  0.3174E+00  0.3739E+00  0.1656E-01  0.3351E+00  0.3351E+00
  0.3184E+00  0.3667E+00  0.1655E-01  0.3333E+00  0.3333E+00
  0.3193E+00  0.3390E+00  0.1654E-01  0.3315E+00  0.3315E+00

           Distance distribution  function of particle  


       R          P(R)      ERROR

  0.0000E+00  0.0000E+00  0.0000E+00
  0.7799E+00  0.2009E-02  0.1252E-04
  0.1560E+01  0.3805E-02  0.2081E-04
  0.2340E+01  0.5396E-02  0.2511E-04
  0.3120E+01  0.6800E-02  0.2585E-04
  0.3899E+01  0.8040E-02  0.2361E-04
  0.4679E+01  0.9141E-02  0.1921E-04
  0.5459E+01  0.1013E-01  0.1403E-04
  0.6239E+01  0.1106E-01  0.1114E-04
  0.7019E+01  0.1194E-01  0.1414E-04
  0.7799E+01  0.1281E-01  0.2070E-04
  0.8579E+01  0.1372E-01  0.2774E-04
  0.9359E+01  0.1468E-01  0.3395E-04
  0.1014E+02  0.1573E-01  0.3867E-04
  0.1092E+02  0.1689E-01  0.4154E-04
  0.1170E+02  0.1817E-01  0.4240E-04
  0.1248E+02  0.1958E-01  0.4130E-04
  0.1326E+02  0.2114E-01  0.3849E-04
  0.1404E+02  0.2283E-01  0.3449E-04
  0.1482E+02  0.2465E-01  0.3013E-04
  0.1560E+02  0.2659E-01  0.2674E-04
  0.1638E+02  0.2862E-01  0.2586E-04
  0.1716E+02  0.3073E-01  0.2819E-04
  0.1794E+02  0.3288E-01  0.3286E-04
  0.1872E+02  0.3505E-01  0.3846E-04
  0.1950E+02  0.3720E-01  0.4384E-04
  0.2028E+02  0.3931E-01  0.4829E-04
  0.2106E+02  0.4135E-01  0.5138E-04
  0.2184E+02  0.4329E-01  0.5294E-04
  0.2262E+02  0.4511E-01  0.5299E-04
  0.2340E+02  0.4677E-01  0.5178E-04
  0.2418E+02  0.4828E-01  0.4973E-04
  0.2496E+02  0.4960E-01  0.4748E-04
  0.2574E+02  0.5074E-01  0.4576E-04
  0.2652E+02  0.5168E-01  0.4526E-04
  0.2730E+02  0.5243E-01  0.4635E-04
  0.2808E+02  0.5298E-01  0.4890E-04
  0.2886E+02  0.5335E-01  0.5240E-04
  0.2964E+02  0.5354E-01  0.5618E-04
  0.3042E+02  0.5356E-01  0.5964E-04
  0.3120E+02  0.5342E-01  0.6235E-04
  0.3198E+02  0.5314E-01  0.6407E-04
  0.3276E+02  0.5272E-01  0.6476E-04
  0.3354E+02  0.5217E-01  0.6458E-04
  0.3432E+02  0.5152E-01  0.6387E-04
  0.3510E+02  0.5075E-01  0.6312E-04
  0.3588E+02  0.4990E-01  0.6286E-04
  0.3666E+02  0.4895E-01  0.6359E-04
  0.3744E+02  0.4792E-01  0.6557E-04
  0.3822E+02  0.4681E-01  0.6879E-04
  0.3899E+02  0.4562E-01  0.7297E-04
  0.3977E+02  0.4436E-01  0.7767E-04
  0.4055E+02  0.4302E-01  0.8246E-04
  0.4133E+02  0.4162E-01  0.8695E-04
  0.4211E+02  0.4014E-01  0.9087E-04
  0.4289E+02  0.3861E-01  0.9409E-04
  0.4367E+02  0.3701E-01  0.9658E-04
  0.4445E+02  0.3536E-01  0.9844E-04
  0.4523E+02  0.3366E-01  0.9982E-04
  0.4601E+02  0.3193E-01  0.1009E-03
  0.4679E+02  0.3016E-01  0.1019E-03
  0.4757E+02  0.2838E-01  0.1029E-03
  0.4835E+02  0.2660E-01  0.1040E-03
  0.4913E+02  0.2482E-01  0.1052E-03
  0.4991E+02  0.2306E-01  0.1063E-03
  0.5069E+02  0.2134E-01  0.1073E-03
  0.5147E+02  0.1967E-01  0.1079E-03
  0.5225E+02  0.1806E-01  0.1082E-03
  0.5303E+02  0.1652E-01  0.1081E-03
  0.5381E+02  0.1507E-01  0.1076E-03
  0.5459E+02  0.1370E-01  0.1068E-03
  0.5537E+02  0.1244E-01  0.1059E-03
  0.5615E+02  0.1127E-01  0.1052E-03
  0.5693E+02  0.1020E-01  0.1048E-03
  0.5771E+02  0.9241E-02  0.1049E-03
  0.5849E+02  0.8379E-02  0.1056E-03
  0.5927E+02  0.7613E-02  0.1068E-03
  0.6005E+02  0.6937E-02  0.1085E-03
  0.6083E+02  0.6344E-02  0.1105E-03
  0.6161E+02  0.5826E-02  0.1126E-03
  0.6239E+02  0.5376E-02  0.1147E-03
  0.6317E+02  0.4983E-02  0.1167E-03
  0.6395E+02  0.4639E-02  0.1186E-03
  0.6473E+02  0.4336E-02  0.1203E-03
  0.6551E+02  0.4065E-02  0.1219E-03
  0.6629E+02  0.3818E-02  0.1233E-03
  0.6707E+02  0.3590E-02  0.1246E-03
  0.6785E+02  0.3374E-02  0.1257E-03
  0.6863E+02  0.3166E-02  0.1265E-03
  0.6941E+02  0.2960E-02  0.1268E-03
  0.7019E+02  0.2754E-02  0.1263E-03
  0.7097E+02  0.2544E-02  0.1246E-03
  0.7175E+02  0.2328E-02  0.1215E-03
  0.7253E+02  0.2103E-02  0.1165E-03
  0.7331E+02  0.1865E-02  0.1093E-03
  0.7409E+02  0.1613E-02  0.9959E-04
  0.7487E+02  0.1343E-02  0.8688E-04
  0.7565E+02  0.1052E-02  0.7088E-04
  0.7643E+02  0.7338E-03  0.5126E-04
  0.7721E+02  0.3849E-03  0.2773E-04
  0.7799E+02  0.0000E+00  0.0000E+00
          Reciprocal space: Rg =   24.95     , I(0) =   0.2345E+02
     Real space: Rg =   24.93 +- 0.037  I(0) =   0.2345E+02 +-  0.4200E-01
