
           ####    G N O M   ---   Version 4.5a revised 09/02/02     ####

                                                  Thu Dec 12 00:29:40 2013
           ===    Run No   1   ===
 Run title:   0.136820E-01  0.161376E+02  0.526253E+00


   *******   Working Directory :
   *******    Input file(s) : 24159_LBNL_merged_q30.dat
           Condition P(rmin) = 0 is used. 
           Condition P(rmax) = 0 is used. 

          Experimental conditions for the first run
          -----------------------------------------

          Highest ALPHA is found to be   0.5594E+03

  The measure of inconsistency AN1 equals to    0.9026E+00
     Alpha    Discrp  Oscill  Stabil  Sysdev  Positv  Valcen    Total   
  0.5594E+06 66.5145  1.1710  0.9647  0.0000  1.0000  0.8585  0.00001
  0.1119E+06 61.6972  1.1508  0.8808  0.0000  1.0000  0.8642  0.00001
  0.2238E+05 48.0555  1.0965  0.6660  0.1620  1.0000  0.8831  0.00001
  0.4476E+04 27.4872  1.0718  0.3821  0.0426  1.0000  0.9115  0.00001
  0.8951E+03 10.9501  1.1289  0.1415  0.2217  1.0000  0.9330  0.00001
  0.1790E+03  3.4489  1.2181  0.0564  0.2431  1.0000  0.9470  0.00001
  0.3580E+02  0.9577  1.2693  0.0176  0.4392  1.0000  0.9521  0.55242
  0.7161E+01  0.5070  1.2845  0.0042  0.5330  1.0000  0.9534  0.51961
  0.1432E+01  0.4712  1.2895  0.0056  0.5245  1.0000  0.9537  0.48829
  0.2864E+00  0.4577  1.3050  0.0103  0.5245  1.0000  0.9539  0.10000
  0.5729E-01  0.4499  1.3431  0.0117  0.5330  1.0000  0.9537  0.10000
  0.1146E-01  0.4451  1.4738  0.0413  0.5330  1.0000  0.9523  0.10000
  0.2292E-02  0.4389  2.0769  0.0587  0.5330  0.9993  0.9469  0.10000
  0.4583E-03  0.4363  2.7960  0.0514  0.5416  0.9976  0.9399  0.10000
  0.9166E-04  0.4354  4.0423  0.1915  0.5501  0.9931  0.9276  0.10000
  0.1833E-04  0.4340  7.4193  0.2727  0.5330  0.9692  0.8670  0.10000
  0.3666E-05  0.4334  9.4445  0.1071  0.5416  0.9424  0.7236  0.10000
  0.7333E-06  0.4333 10.8217  0.1907  0.5416  0.9386  0.7187  0.10000
  0.1467E-06  0.4332 16.0639  0.7876  0.5416  0.9155  0.5878  0.10000
  0.2933E-07  0.4328 16.2225  1.0352  0.5416  0.7799  0.4118  0.10000
  0.5866E-08  0.4309 15.2365  0.9629  0.5330  0.7314  0.3668  0.10000
  0.1173E-08  0.4235 15.3751  0.8183  0.5330  0.7250  0.3723  0.10000
  0.2346E-09  0.4050 16.8024  0.6721  0.5501  0.7211  0.4103  0.10000
  0.4693E-10  0.3693 19.9320  0.6157  0.5757  0.6709  0.4345  0.10000
  0.9386E-11  0.3056 24.9521  0.4961  0.5757  0.6495  0.4663  0.10000
  0.1877E-11  0.2201 31.2483  0.3813  0.5672  0.6386  0.3905  0.10000
  0.3754E-12  0.1256 39.4572  0.3156  0.5842  0.6668  0.3118  0.10000
  0.7509E-13  0.0457 45.1433  0.1575  0.6269  0.7213  0.3055  0.10000
  0.1502E-13  0.0112 46.9605  0.0429  0.6098  0.7434  0.3301  0.10000
  0.3004E-14  0.0023 47.3719  0.0092  0.6013  0.7485  0.3354  0.10000
  0.6007E-15  0.0005 47.4564  0.0019  0.6013  0.7495  0.3365  0.10000

          ***  Golden section search to maximize estimate ***
     Alpha    Discrp  Oscill  Stabil  Sysdev  Positv  Valcen    Total   
  0.1936E+02  0.6645  1.2776  0.0102  0.5160  1.0000  0.9528  0.53714
  0.5727E+02  1.3670  1.2595  0.0259  0.3454  1.0000  0.9513  0.52430
  0.2831E+02  0.8188  1.2730  0.0144  0.4989  1.0000  0.9525  0.54837
  0.4284E+02  1.0913  1.2660  0.0205  0.4222  1.0000  0.9519  0.54909
  0.3273E+02  0.9001  1.2708  0.0163  0.4392  1.0000  0.9523  0.55151
  0.3834E+02  1.0057  1.2681  0.0187  0.4392  1.0000  0.9520  0.55212
  0.3460E+02  0.9350  1.2699  0.0171  0.4478  1.0000  0.9522  0.55225
  0.3675E+02  0.9756  1.2689  0.0180  0.4392  1.0000  0.9521  0.55243
  0.3735E+02  0.9869  1.2686  0.0183  0.4392  1.0000  0.9521  0.55236
  0.3639E+02  0.9687  1.2690  0.0179  0.4392  1.0000  0.9521  0.55244
  0.3616E+02  0.9645  1.2691  0.0178  0.4392  1.0000  0.9521  0.55244
  0.3653E+02  0.9713  1.2690  0.0179  0.4392  1.0000  0.9521  0.55244
  0.3630E+02  0.9671  1.2691  0.0179  0.4392  1.0000  0.9521  0.55244
  0.3630E+02  0.9671  1.2691  0.0179  0.4392  1.0000  0.9521  0.55244



             ####            Final results            ####

 Parameter    DISCRP    OSCILL    STABIL    SYSDEV    POSITV    VALCEN
 Weight        1.000     3.000     3.000     4.000     1.000     1.000
 Sigma         0.500     0.600     0.120     0.200     0.120     0.120
 Ideal         1.000     1.100     0.000     1.000     1.000     0.950
 Current       0.967     1.269     0.018     0.439     1.000     0.952
                - - - - - - - - - - - - - - - - - - - - - - - - - 
 Estimate      0.996     0.924     0.978     0.000     1.000     1.000

  Angular   range    :     from    0.0143   to    0.2995
  Real space range   :     from      0.00   to     77.75

  Highest ALPHA (theor) :   0.559E+06                 JOB = 0
  Current ALPHA         :   0.363E+02   Rg :  0.254E+02   I(0) :   0.181E+02

           Total  estimate : 0.552  which is  A REASONABLE  solution

      S          J EXP       ERROR       J REG       I REG

  0.0000E+00                                      0.1809E+02
  0.6213E-03                                      0.1808E+02
  0.1243E-02                                      0.1808E+02
  0.1864E-02                                      0.1807E+02
  0.2485E-02                                      0.1806E+02
  0.3107E-02                                      0.1805E+02
  0.3728E-02                                      0.1803E+02
  0.4349E-02                                      0.1801E+02
  0.4970E-02                                      0.1799E+02
  0.5592E-02                                      0.1796E+02
  0.6213E-02                                      0.1794E+02
  0.6834E-02                                      0.1791E+02
  0.7456E-02                                      0.1787E+02
  0.8077E-02                                      0.1783E+02
  0.8698E-02                                      0.1779E+02
  0.9320E-02                                      0.1775E+02
  0.9941E-02                                      0.1771E+02
  0.1056E-01                                      0.1766E+02
  0.1118E-01                                      0.1761E+02
  0.1180E-01                                      0.1755E+02
  0.1243E-01                                      0.1749E+02
  0.1305E-01                                      0.1743E+02
  0.1367E-01                                      0.1737E+02
  0.1429E-01  0.1631E+02  0.5072E+00  0.1731E+02  0.1731E+02
  0.1490E-01  0.1623E+02  0.4386E+00  0.1724E+02  0.1724E+02
  0.1551E-01  0.1673E+02  0.5515E+00  0.1717E+02  0.1717E+02
  0.1611E-01  0.1690E+02  0.3977E+00  0.1710E+02  0.1710E+02
  0.1672E-01  0.1680E+02  0.3547E+00  0.1703E+02  0.1703E+02
  0.1733E-01  0.1662E+02  0.2449E+00  0.1695E+02  0.1695E+02
  0.1794E-01  0.1668E+02  0.2489E+00  0.1687E+02  0.1687E+02
  0.1855E-01  0.1683E+02  0.3306E+00  0.1679E+02  0.1679E+02
  0.1915E-01  0.1684E+02  0.2700E+00  0.1671E+02  0.1671E+02
  0.1976E-01  0.1627E+02  0.2401E+00  0.1663E+02  0.1663E+02
  0.2037E-01  0.1621E+02  0.1446E+00  0.1654E+02  0.1654E+02
  0.2098E-01  0.1631E+02  0.1509E+00  0.1645E+02  0.1645E+02
  0.2159E-01  0.1636E+02  0.1261E+00  0.1636E+02  0.1636E+02
  0.2219E-01  0.1635E+02  0.1222E+00  0.1626E+02  0.1626E+02
  0.2280E-01  0.1618E+02  0.1127E+00  0.1617E+02  0.1617E+02
  0.2341E-01  0.1614E+02  0.1088E+00  0.1607E+02  0.1607E+02
  0.2402E-01  0.1596E+02  0.9058E-01  0.1597E+02  0.1597E+02
  0.2463E-01  0.1590E+02  0.9973E-01  0.1587E+02  0.1587E+02
  0.2524E-01  0.1564E+02  0.8188E-01  0.1576E+02  0.1576E+02
  0.2584E-01  0.1548E+02  0.9659E-01  0.1566E+02  0.1566E+02
  0.2645E-01  0.1551E+02  0.8409E-01  0.1555E+02  0.1555E+02
  0.2706E-01  0.1551E+02  0.7515E-01  0.1544E+02  0.1544E+02
  0.2767E-01  0.1542E+02  0.7507E-01  0.1533E+02  0.1533E+02
  0.2828E-01  0.1539E+02  0.6962E-01  0.1522E+02  0.1522E+02
  0.2888E-01  0.1525E+02  0.7588E-01  0.1511E+02  0.1511E+02
  0.2949E-01  0.1513E+02  0.7817E-01  0.1499E+02  0.1499E+02
  0.3010E-01  0.1508E+02  0.7598E-01  0.1487E+02  0.1487E+02
  0.3071E-01  0.1499E+02  0.7615E-01  0.1475E+02  0.1475E+02
  0.3132E-01  0.1481E+02  0.7214E-01  0.1463E+02  0.1463E+02
  0.3192E-01  0.1456E+02  0.6913E-01  0.1451E+02  0.1451E+02
  0.3253E-01  0.1449E+02  0.6748E-01  0.1439E+02  0.1439E+02
  0.3314E-01  0.1434E+02  0.6986E-01  0.1427E+02  0.1427E+02
  0.3375E-01  0.1438E+02  0.7421E-01  0.1414E+02  0.1414E+02
  0.3436E-01  0.1430E+02  0.3957E+00  0.1402E+02  0.1402E+02
  0.3497E-01  0.1424E+02  0.1549E+00  0.1389E+02  0.1389E+02
  0.3557E-01  0.1391E+02  0.1406E+00  0.1376E+02  0.1376E+02
  0.3618E-01  0.1381E+02  0.1411E+00  0.1363E+02  0.1363E+02
  0.3679E-01  0.1370E+02  0.1343E+00  0.1350E+02  0.1350E+02
  0.3740E-01  0.1341E+02  0.1272E+00  0.1337E+02  0.1337E+02
  0.3801E-01  0.1323E+02  0.1349E+00  0.1324E+02  0.1324E+02
  0.3861E-01  0.1323E+02  0.1278E+00  0.1310E+02  0.1310E+02
  0.3922E-01  0.1320E+02  0.1212E+00  0.1297E+02  0.1297E+02
  0.3983E-01  0.1316E+02  0.1122E+00  0.1284E+02  0.1284E+02
  0.4044E-01  0.1296E+02  0.1319E+00  0.1270E+02  0.1270E+02
  0.4105E-01  0.1285E+02  0.9829E-01  0.1256E+02  0.1256E+02
  0.4165E-01  0.1259E+02  0.9992E-01  0.1243E+02  0.1243E+02
  0.4226E-01  0.1239E+02  0.1055E+00  0.1229E+02  0.1229E+02
  0.4287E-01  0.1230E+02  0.1046E+00  0.1215E+02  0.1215E+02
  0.4348E-01  0.1201E+02  0.9459E-01  0.1202E+02  0.1202E+02
  0.4409E-01  0.1201E+02  0.9347E-01  0.1188E+02  0.1188E+02
  0.4469E-01  0.1185E+02  0.8818E-01  0.1174E+02  0.1174E+02
  0.4530E-01  0.1172E+02  0.9051E-01  0.1160E+02  0.1160E+02
  0.4591E-01  0.1166E+02  0.8901E-01  0.1146E+02  0.1146E+02
  0.4652E-01  0.1137E+02  0.8313E-01  0.1132E+02  0.1132E+02
  0.4713E-01  0.1106E+02  0.9581E-01  0.1118E+02  0.1118E+02
  0.4773E-01  0.1111E+02  0.9177E-01  0.1104E+02  0.1104E+02
  0.4834E-01  0.1089E+02  0.8875E-01  0.1091E+02  0.1091E+02
  0.4895E-01  0.1076E+02  0.8449E-01  0.1077E+02  0.1077E+02
  0.4956E-01  0.1065E+02  0.8689E-01  0.1063E+02  0.1063E+02
  0.5017E-01  0.1053E+02  0.7960E-01  0.1049E+02  0.1049E+02
  0.5078E-01  0.1041E+02  0.8321E-01  0.1035E+02  0.1035E+02
  0.5138E-01  0.1017E+02  0.8082E-01  0.1021E+02  0.1021E+02
  0.5199E-01  0.1006E+02  0.8415E-01  0.1007E+02  0.1007E+02
  0.5260E-01  0.9923E+01  0.7660E-01  0.9932E+01  0.9932E+01
  0.5321E-01  0.9689E+01  0.7556E-01  0.9794E+01  0.9794E+01
  0.5382E-01  0.9634E+01  0.7755E-01  0.9656E+01  0.9656E+01
  0.5442E-01  0.9510E+01  0.7831E-01  0.9519E+01  0.9519E+01
  0.5503E-01  0.9328E+01  0.8261E-01  0.9382E+01  0.9382E+01
  0.5564E-01  0.9226E+01  0.7886E-01  0.9245E+01  0.9245E+01
  0.5625E-01  0.8952E+01  0.7843E-01  0.9109E+01  0.9109E+01
  0.5686E-01  0.8990E+01  0.8429E-01  0.8973E+01  0.8973E+01
  0.5746E-01  0.8782E+01  0.8107E-01  0.8839E+01  0.8839E+01
  0.5807E-01  0.8842E+01  0.7223E-01  0.8704E+01  0.8704E+01
  0.5868E-01  0.8686E+01  0.8344E-01  0.8570E+01  0.8570E+01
  0.5929E-01  0.8578E+01  0.7649E-01  0.8437E+01  0.8437E+01
  0.5990E-01  0.8302E+01  0.7714E-01  0.8305E+01  0.8305E+01
  0.6050E-01  0.8161E+01  0.7056E-01  0.8173E+01  0.8173E+01
  0.6111E-01  0.8118E+01  0.7559E-01  0.8043E+01  0.8043E+01
  0.6172E-01  0.7889E+01  0.7077E-01  0.7912E+01  0.7912E+01
  0.6233E-01  0.7793E+01  0.7125E-01  0.7783E+01  0.7783E+01
  0.6294E-01  0.7603E+01  0.7503E-01  0.7655E+01  0.7655E+01
  0.6354E-01  0.7518E+01  0.8818E-01  0.7527E+01  0.7527E+01
  0.6415E-01  0.7417E+01  0.7650E-01  0.7401E+01  0.7401E+01
  0.6476E-01  0.7342E+01  0.7020E-01  0.7275E+01  0.7275E+01
  0.6537E-01  0.7181E+01  0.6991E-01  0.7151E+01  0.7151E+01
  0.6598E-01  0.6976E+01  0.8088E-01  0.7027E+01  0.7027E+01
  0.6659E-01  0.6949E+01  0.7531E-01  0.6904E+01  0.6904E+01
  0.6719E-01  0.6771E+01  0.7113E-01  0.6782E+01  0.6782E+01
  0.6780E-01  0.6732E+01  0.7836E-01  0.6662E+01  0.6662E+01
  0.6841E-01  0.6554E+01  0.6893E-01  0.6542E+01  0.6542E+01
  0.6902E-01  0.6532E+01  0.6820E-01  0.6424E+01  0.6424E+01
  0.6963E-01  0.6399E+01  0.6910E-01  0.6307E+01  0.6307E+01
  0.7023E-01  0.6301E+01  0.7084E-01  0.6190E+01  0.6190E+01
  0.7084E-01  0.6261E+01  0.6250E-01  0.6075E+01  0.6075E+01
  0.7145E-01  0.5982E+01  0.6584E-01  0.5961E+01  0.5961E+01
  0.7206E-01  0.6064E+01  0.6605E-01  0.5849E+01  0.5849E+01
  0.7267E-01  0.5871E+01  0.6706E-01  0.5737E+01  0.5737E+01
  0.7327E-01  0.5744E+01  0.5978E-01  0.5627E+01  0.5627E+01
  0.7388E-01  0.5613E+01  0.6277E-01  0.5518E+01  0.5518E+01
  0.7449E-01  0.5426E+01  0.6335E-01  0.5410E+01  0.5410E+01
  0.7510E-01  0.5399E+01  0.6040E-01  0.5303E+01  0.5303E+01
  0.7571E-01  0.5301E+01  0.6321E-01  0.5198E+01  0.5198E+01
  0.7631E-01  0.5212E+01  0.7404E-01  0.5094E+01  0.5094E+01
  0.7692E-01  0.5016E+01  0.7283E-01  0.4991E+01  0.4991E+01
  0.7753E-01  0.4948E+01  0.8136E-01  0.4889E+01  0.4889E+01
  0.7814E-01  0.4849E+01  0.3896E-01  0.4789E+01  0.4789E+01
  0.7875E-01  0.4787E+01  0.3697E-01  0.4690E+01  0.4690E+01
  0.7935E-01  0.4684E+01  0.3612E-01  0.4592E+01  0.4592E+01
  0.7996E-01  0.4613E+01  0.3599E-01  0.4496E+01  0.4496E+01
  0.8057E-01  0.4535E+01  0.3418E-01  0.4401E+01  0.4401E+01
  0.8118E-01  0.4410E+01  0.3234E-01  0.4307E+01  0.4307E+01
  0.8179E-01  0.4320E+01  0.3639E-01  0.4215E+01  0.4215E+01
  0.8239E-01  0.4195E+01  0.3682E-01  0.4124E+01  0.4124E+01
  0.8300E-01  0.4108E+01  0.3463E-01  0.4034E+01  0.4034E+01
  0.8361E-01  0.4060E+01  0.3384E-01  0.3945E+01  0.3945E+01
  0.8422E-01  0.3966E+01  0.3268E-01  0.3858E+01  0.3858E+01
  0.8483E-01  0.3885E+01  0.3363E-01  0.3772E+01  0.3772E+01
  0.8544E-01  0.3759E+01  0.3276E-01  0.3688E+01  0.3688E+01
  0.8604E-01  0.3620E+01  0.3275E-01  0.3604E+01  0.3604E+01
  0.8665E-01  0.3628E+01  0.3081E-01  0.3522E+01  0.3522E+01
  0.8726E-01  0.3531E+01  0.3141E-01  0.3442E+01  0.3442E+01
  0.8787E-01  0.3430E+01  0.3095E-01  0.3363E+01  0.3363E+01
  0.8847E-01  0.3315E+01  0.2933E-01  0.3285E+01  0.3285E+01
  0.8908E-01  0.3217E+01  0.3123E-01  0.3208E+01  0.3208E+01
  0.8969E-01  0.3151E+01  0.3210E-01  0.3133E+01  0.3133E+01
  0.9030E-01  0.3063E+01  0.3122E-01  0.3058E+01  0.3058E+01
  0.9091E-01  0.3036E+01  0.3194E-01  0.2986E+01  0.2986E+01
  0.9151E-01  0.2939E+01  0.3031E-01  0.2914E+01  0.2914E+01
  0.9212E-01  0.2904E+01  0.3061E-01  0.2844E+01  0.2844E+01
  0.9273E-01  0.2849E+01  0.3095E-01  0.2775E+01  0.2775E+01
  0.9334E-01  0.2782E+01  0.3228E-01  0.2707E+01  0.2707E+01
  0.9395E-01  0.2712E+01  0.3011E-01  0.2640E+01  0.2640E+01
  0.9456E-01  0.2669E+01  0.3071E-01  0.2575E+01  0.2575E+01
  0.9516E-01  0.2587E+01  0.3060E-01  0.2511E+01  0.2511E+01
  0.9577E-01  0.2515E+01  0.2942E-01  0.2448E+01  0.2448E+01
  0.9638E-01  0.2426E+01  0.3041E-01  0.2387E+01  0.2387E+01
  0.9699E-01  0.2367E+01  0.2960E-01  0.2326E+01  0.2326E+01
  0.9760E-01  0.2318E+01  0.2879E-01  0.2267E+01  0.2267E+01
  0.9820E-01  0.2246E+01  0.2950E-01  0.2209E+01  0.2209E+01
  0.9881E-01  0.2189E+01  0.2928E-01  0.2152E+01  0.2152E+01
  0.9942E-01  0.2115E+01  0.2844E-01  0.2096E+01  0.2096E+01
  0.1000E+00  0.2029E+01  0.2842E-01  0.2042E+01  0.2042E+01
  0.1006E+00  0.2001E+01  0.2958E-01  0.1988E+01  0.1988E+01
  0.1012E+00  0.1942E+01  0.2914E-01  0.1936E+01  0.1936E+01
  0.1019E+00  0.1917E+01  0.2888E-01  0.1885E+01  0.1885E+01
  0.1025E+00  0.1840E+01  0.2791E-01  0.1834E+01  0.1834E+01
  0.1031E+00  0.1790E+01  0.2719E-01  0.1785E+01  0.1785E+01
  0.1037E+00  0.1703E+01  0.2778E-01  0.1737E+01  0.1737E+01
  0.1043E+00  0.1648E+01  0.2625E-01  0.1690E+01  0.1690E+01
  0.1049E+00  0.1629E+01  0.2662E-01  0.1644E+01  0.1644E+01
  0.1055E+00  0.1567E+01  0.2650E-01  0.1599E+01  0.1599E+01
  0.1061E+00  0.1556E+01  0.2903E-01  0.1556E+01  0.1556E+01
  0.1067E+00  0.1524E+01  0.2682E-01  0.1513E+01  0.1513E+01
  0.1073E+00  0.1482E+01  0.2798E-01  0.1471E+01  0.1471E+01
  0.1079E+00  0.1452E+01  0.2805E-01  0.1430E+01  0.1430E+01
  0.1085E+00  0.1399E+01  0.2583E-01  0.1390E+01  0.1390E+01
  0.1091E+00  0.1318E+01  0.2688E-01  0.1351E+01  0.1351E+01
  0.1098E+00  0.1280E+01  0.2642E-01  0.1313E+01  0.1313E+01
  0.1104E+00  0.1210E+01  0.2638E-01  0.1276E+01  0.1276E+01
  0.1110E+00  0.1207E+01  0.2668E-01  0.1239E+01  0.1239E+01
  0.1116E+00  0.1167E+01  0.2574E-01  0.1204E+01  0.1204E+01
  0.1122E+00  0.1131E+01  0.2565E-01  0.1170E+01  0.1170E+01
  0.1128E+00  0.1066E+01  0.2722E-01  0.1136E+01  0.1136E+01
  0.1134E+00  0.1075E+01  0.2842E-01  0.1103E+01  0.1103E+01
  0.1140E+00  0.1046E+01  0.2665E-01  0.1071E+01  0.1071E+01
  0.1146E+00  0.1020E+01  0.2634E-01  0.1040E+01  0.1040E+01
  0.1152E+00  0.9701E+00  0.2586E-01  0.1010E+01  0.1010E+01
  0.1158E+00  0.9358E+00  0.2697E-01  0.9801E+00  0.9801E+00
  0.1164E+00  0.9296E+00  0.2608E-01  0.9514E+00  0.9514E+00
  0.1171E+00  0.8962E+00  0.2603E-01  0.9234E+00  0.9234E+00
  0.1177E+00  0.9003E+00  0.3041E-01  0.8962E+00  0.8962E+00
  0.1183E+00  0.8753E+00  0.2742E-01  0.8696E+00  0.8696E+00
  0.1189E+00  0.8235E+00  0.2731E-01  0.8439E+00  0.8439E+00
  0.1195E+00  0.8008E+00  0.2606E-01  0.8188E+00  0.8188E+00
  0.1201E+00  0.7757E+00  0.2563E-01  0.7944E+00  0.7944E+00
  0.1207E+00  0.7651E+00  0.2561E-01  0.7707E+00  0.7707E+00
  0.1213E+00  0.7367E+00  0.2676E-01  0.7477E+00  0.7477E+00
  0.1219E+00  0.6885E+00  0.2500E-01  0.7253E+00  0.7253E+00
  0.1225E+00  0.6664E+00  0.2413E-01  0.7036E+00  0.7036E+00
  0.1231E+00  0.6287E+00  0.2371E-01  0.6825E+00  0.6825E+00
  0.1237E+00  0.6516E+00  0.2396E-01  0.6620E+00  0.6620E+00
  0.1244E+00  0.6156E+00  0.2401E-01  0.6421E+00  0.6421E+00
  0.1250E+00  0.6023E+00  0.2358E-01  0.6228E+00  0.6228E+00
  0.1256E+00  0.5486E+00  0.2369E-01  0.6042E+00  0.6042E+00
  0.1262E+00  0.5235E+00  0.2347E-01  0.5860E+00  0.5860E+00
  0.1268E+00  0.5321E+00  0.2285E-01  0.5685E+00  0.5685E+00
  0.1274E+00  0.5014E+00  0.2337E-01  0.5514E+00  0.5514E+00
  0.1280E+00  0.4733E+00  0.2327E-01  0.5349E+00  0.5349E+00
  0.1286E+00  0.4710E+00  0.2413E-01  0.5190E+00  0.5190E+00
  0.1292E+00  0.4626E+00  0.2304E-01  0.5035E+00  0.5035E+00
  0.1298E+00  0.4110E+00  0.2359E-01  0.4886E+00  0.4886E+00
  0.1304E+00  0.4124E+00  0.2367E-01  0.4741E+00  0.4741E+00
  0.1310E+00  0.4063E+00  0.2387E-01  0.4601E+00  0.4601E+00
  0.1316E+00  0.3832E+00  0.2388E-01  0.4466E+00  0.4466E+00
  0.1323E+00  0.4049E+00  0.2470E-01  0.4335E+00  0.4335E+00
  0.1329E+00  0.3797E+00  0.2428E-01  0.4208E+00  0.4208E+00
  0.1335E+00  0.4068E+00  0.2328E-01  0.4087E+00  0.4087E+00
  0.1341E+00  0.4114E+00  0.2282E-01  0.3969E+00  0.3969E+00
  0.1347E+00  0.3515E+00  0.2314E-01  0.3855E+00  0.3855E+00
  0.1353E+00  0.3287E+00  0.2451E-01  0.3746E+00  0.3746E+00
  0.1359E+00  0.3238E+00  0.2520E-01  0.3640E+00  0.3640E+00
  0.1365E+00  0.3208E+00  0.2481E-01  0.3538E+00  0.3538E+00
  0.1371E+00  0.3365E+00  0.2361E-01  0.3440E+00  0.3440E+00
  0.1377E+00  0.3282E+00  0.2356E-01  0.3346E+00  0.3346E+00
  0.1383E+00  0.2998E+00  0.2191E-01  0.3255E+00  0.3255E+00
  0.1389E+00  0.2782E+00  0.1705E-01  0.3168E+00  0.3168E+00
  0.1396E+00  0.2774E+00  0.1767E-01  0.3084E+00  0.3084E+00
  0.1402E+00  0.2747E+00  0.1748E-01  0.3004E+00  0.3004E+00
  0.1408E+00  0.2894E+00  0.1881E-01  0.2926E+00  0.2926E+00
  0.1414E+00  0.2757E+00  0.1344E-01  0.2852E+00  0.2852E+00
  0.1420E+00  0.2598E+00  0.1323E-01  0.2781E+00  0.2781E+00
  0.1426E+00  0.2556E+00  0.1323E-01  0.2713E+00  0.2713E+00
  0.1432E+00  0.2262E+00  0.1285E-01  0.2648E+00  0.2648E+00
  0.1438E+00  0.2401E+00  0.1308E-01  0.2585E+00  0.2585E+00
  0.1444E+00  0.2368E+00  0.1284E-01  0.2526E+00  0.2526E+00
  0.1450E+00  0.2233E+00  0.1274E-01  0.2469E+00  0.2469E+00
  0.1456E+00  0.2113E+00  0.1336E-01  0.2414E+00  0.2414E+00
  0.1462E+00  0.2231E+00  0.1262E-01  0.2362E+00  0.2362E+00
  0.1468E+00  0.2232E+00  0.1319E-01  0.2313E+00  0.2313E+00
  0.1475E+00  0.2242E+00  0.1330E-01  0.2266E+00  0.2266E+00
  0.1481E+00  0.2187E+00  0.1267E-01  0.2221E+00  0.2221E+00
  0.1487E+00  0.2096E+00  0.1267E-01  0.2179E+00  0.2179E+00
  0.1493E+00  0.2112E+00  0.1303E-01  0.2138E+00  0.2138E+00
  0.1499E+00  0.1928E+00  0.1267E-01  0.2100E+00  0.2100E+00
  0.1505E+00  0.1912E+00  0.1258E-01  0.2064E+00  0.2064E+00
  0.1511E+00  0.1833E+00  0.1234E-01  0.2030E+00  0.2030E+00
  0.1517E+00  0.1828E+00  0.1237E-01  0.1997E+00  0.1997E+00
  0.1523E+00  0.1770E+00  0.1217E-01  0.1967E+00  0.1967E+00
  0.1529E+00  0.1709E+00  0.1412E-01  0.1938E+00  0.1938E+00
  0.1535E+00  0.1728E+00  0.1396E-01  0.1912E+00  0.1912E+00
  0.1541E+00  0.1858E+00  0.1381E-01  0.1886E+00  0.1886E+00
  0.1548E+00  0.1583E+00  0.1413E-01  0.1863E+00  0.1863E+00
  0.1554E+00  0.1641E+00  0.1380E-01  0.1841E+00  0.1841E+00
  0.1560E+00  0.1587E+00  0.1317E-01  0.1821E+00  0.1821E+00
  0.1566E+00  0.1386E+00  0.1371E-01  0.1802E+00  0.1802E+00
  0.1572E+00  0.1570E+00  0.1263E-01  0.1784E+00  0.1784E+00
  0.1578E+00  0.1584E+00  0.1309E-01  0.1768E+00  0.1768E+00
  0.1584E+00  0.1680E+00  0.1374E-01  0.1753E+00  0.1753E+00
  0.1590E+00  0.1566E+00  0.1314E-01  0.1739E+00  0.1739E+00
  0.1596E+00  0.1588E+00  0.1358E-01  0.1727E+00  0.1727E+00
  0.1602E+00  0.1559E+00  0.1312E-01  0.1716E+00  0.1716E+00
  0.1608E+00  0.1574E+00  0.1378E-01  0.1706E+00  0.1706E+00
  0.1614E+00  0.1602E+00  0.1333E-01  0.1697E+00  0.1697E+00
  0.1620E+00  0.1813E+00  0.1311E-01  0.1689E+00  0.1689E+00
  0.1627E+00  0.1589E+00  0.1377E-01  0.1682E+00  0.1682E+00
  0.1633E+00  0.1485E+00  0.1345E-01  0.1676E+00  0.1676E+00
  0.1639E+00  0.1692E+00  0.1368E-01  0.1671E+00  0.1671E+00
  0.1645E+00  0.1558E+00  0.1348E-01  0.1667E+00  0.1667E+00
  0.1651E+00  0.1426E+00  0.1348E-01  0.1663E+00  0.1663E+00
  0.1657E+00  0.1656E+00  0.1340E-01  0.1661E+00  0.1661E+00
  0.1663E+00  0.1557E+00  0.1256E-01  0.1659E+00  0.1659E+00
  0.1669E+00  0.1514E+00  0.1297E-01  0.1658E+00  0.1658E+00
  0.1675E+00  0.1727E+00  0.1308E-01  0.1657E+00  0.1657E+00
  0.1681E+00  0.1773E+00  0.1281E-01  0.1657E+00  0.1657E+00
  0.1687E+00  0.1665E+00  0.1355E-01  0.1658E+00  0.1658E+00
  0.1693E+00  0.1578E+00  0.1349E-01  0.1659E+00  0.1659E+00
  0.1700E+00  0.1514E+00  0.1327E-01  0.1661E+00  0.1661E+00
  0.1706E+00  0.1408E+00  0.1230E-01  0.1663E+00  0.1663E+00
  0.1712E+00  0.1511E+00  0.1291E-01  0.1666E+00  0.1666E+00
  0.1718E+00  0.1685E+00  0.1312E-01  0.1669E+00  0.1669E+00
  0.1724E+00  0.1717E+00  0.1338E-01  0.1673E+00  0.1673E+00
  0.1730E+00  0.1744E+00  0.1349E-01  0.1677E+00  0.1677E+00
  0.1736E+00  0.1649E+00  0.1382E-01  0.1681E+00  0.1681E+00
  0.1742E+00  0.1760E+00  0.1330E-01  0.1685E+00  0.1685E+00
  0.1748E+00  0.1813E+00  0.1400E-01  0.1690E+00  0.1690E+00
  0.1754E+00  0.1769E+00  0.1323E-01  0.1695E+00  0.1695E+00
  0.1760E+00  0.1941E+00  0.1330E-01  0.1700E+00  0.1700E+00
  0.1766E+00  0.1934E+00  0.1388E-01  0.1706E+00  0.1706E+00
  0.1773E+00  0.1933E+00  0.1309E-01  0.1711E+00  0.1711E+00
  0.1779E+00  0.1927E+00  0.1386E-01  0.1717E+00  0.1717E+00
  0.1785E+00  0.1884E+00  0.1345E-01  0.1723E+00  0.1723E+00
  0.1791E+00  0.1801E+00  0.1310E-01  0.1729E+00  0.1729E+00
  0.1797E+00  0.1810E+00  0.1338E-01  0.1735E+00  0.1735E+00
  0.1803E+00  0.1846E+00  0.1370E-01  0.1741E+00  0.1741E+00
  0.1809E+00  0.1866E+00  0.1300E-01  0.1747E+00  0.1747E+00
  0.1815E+00  0.1745E+00  0.1280E-01  0.1753E+00  0.1753E+00
  0.1821E+00  0.1869E+00  0.1314E-01  0.1759E+00  0.1759E+00
  0.1827E+00  0.1718E+00  0.1314E-01  0.1765E+00  0.1765E+00
  0.1833E+00  0.1856E+00  0.1284E-01  0.1771E+00  0.1771E+00
  0.1839E+00  0.1973E+00  0.1245E-01  0.1777E+00  0.1777E+00
  0.1845E+00  0.1815E+00  0.1280E-01  0.1783E+00  0.1783E+00
  0.1852E+00  0.1906E+00  0.1324E-01  0.1788E+00  0.1788E+00
  0.1858E+00  0.2030E+00  0.1297E-01  0.1794E+00  0.1794E+00
  0.1864E+00  0.1990E+00  0.1270E-01  0.1799E+00  0.1799E+00
  0.1870E+00  0.1922E+00  0.1333E-01  0.1804E+00  0.1804E+00
  0.1876E+00  0.1961E+00  0.1288E-01  0.1809E+00  0.1809E+00
  0.1882E+00  0.1997E+00  0.1232E-01  0.1814E+00  0.1814E+00
  0.1888E+00  0.1849E+00  0.1291E-01  0.1819E+00  0.1819E+00
  0.1894E+00  0.1961E+00  0.1249E-01  0.1823E+00  0.1823E+00
  0.1900E+00  0.1962E+00  0.1254E-01  0.1827E+00  0.1827E+00
  0.1906E+00  0.1999E+00  0.1225E-01  0.1831E+00  0.1831E+00
  0.1912E+00  0.1932E+00  0.1275E-01  0.1835E+00  0.1835E+00
  0.1918E+00  0.1855E+00  0.1258E-01  0.1838E+00  0.1838E+00
  0.1925E+00  0.1798E+00  0.1248E-01  0.1841E+00  0.1841E+00
  0.1931E+00  0.1940E+00  0.1192E-01  0.1844E+00  0.1844E+00
  0.1937E+00  0.2024E+00  0.1191E-01  0.1846E+00  0.1846E+00
  0.1943E+00  0.1802E+00  0.1224E-01  0.1848E+00  0.1848E+00
  0.1949E+00  0.1818E+00  0.1247E-01  0.1850E+00  0.1850E+00
  0.1955E+00  0.1971E+00  0.1214E-01  0.1852E+00  0.1852E+00
  0.1961E+00  0.1934E+00  0.1246E-01  0.1853E+00  0.1853E+00
  0.1967E+00  0.1960E+00  0.1278E-01  0.1854E+00  0.1854E+00
  0.1973E+00  0.1931E+00  0.1277E-01  0.1855E+00  0.1855E+00
  0.1979E+00  0.1881E+00  0.1237E-01  0.1855E+00  0.1855E+00
  0.1985E+00  0.1957E+00  0.1221E-01  0.1855E+00  0.1855E+00
  0.1991E+00  0.1856E+00  0.1164E-01  0.1855E+00  0.1855E+00
  0.1997E+00  0.2053E+00  0.1147E-01  0.1854E+00  0.1854E+00
  0.2004E+00  0.2057E+00  0.1194E-01  0.1853E+00  0.1853E+00
  0.2010E+00  0.1903E+00  0.1206E-01  0.1851E+00  0.1851E+00
  0.2016E+00  0.1830E+00  0.1162E-01  0.1850E+00  0.1850E+00
  0.2022E+00  0.1825E+00  0.1205E-01  0.1848E+00  0.1848E+00
  0.2028E+00  0.1617E+00  0.1162E-01  0.1845E+00  0.1845E+00
  0.2034E+00  0.1510E+00  0.1202E-01  0.1842E+00  0.1842E+00
  0.2040E+00  0.1795E+00  0.1242E-01  0.1839E+00  0.1839E+00
  0.2046E+00  0.1825E+00  0.1221E-01  0.1836E+00  0.1836E+00
  0.2052E+00  0.1798E+00  0.1222E-01  0.1832E+00  0.1832E+00
  0.2058E+00  0.1736E+00  0.1224E-01  0.1828E+00  0.1828E+00
  0.2064E+00  0.1827E+00  0.1195E-01  0.1824E+00  0.1824E+00
  0.2070E+00  0.1701E+00  0.1176E-01  0.1819E+00  0.1819E+00
  0.2077E+00  0.1711E+00  0.1207E-01  0.1814E+00  0.1814E+00
  0.2083E+00  0.1837E+00  0.1184E-01  0.1808E+00  0.1808E+00
  0.2089E+00  0.1876E+00  0.1208E-01  0.1803E+00  0.1803E+00
  0.2095E+00  0.1850E+00  0.1187E-01  0.1797E+00  0.1797E+00
  0.2101E+00  0.1771E+00  0.1156E-01  0.1791E+00  0.1791E+00
  0.2107E+00  0.1953E+00  0.1147E-01  0.1784E+00  0.1784E+00
  0.2113E+00  0.1782E+00  0.1135E-01  0.1777E+00  0.1777E+00
  0.2119E+00  0.1731E+00  0.1124E-01  0.1770E+00  0.1770E+00
  0.2125E+00  0.1632E+00  0.1140E-01  0.1763E+00  0.1763E+00
  0.2131E+00  0.1686E+00  0.1175E-01  0.1755E+00  0.1755E+00
  0.2137E+00  0.1743E+00  0.1171E-01  0.1747E+00  0.1747E+00
  0.2143E+00  0.1783E+00  0.1177E-01  0.1739E+00  0.1739E+00
  0.2149E+00  0.1786E+00  0.1185E-01  0.1731E+00  0.1731E+00
  0.2156E+00  0.1654E+00  0.1170E-01  0.1723E+00  0.1723E+00
  0.2162E+00  0.1660E+00  0.1151E-01  0.1714E+00  0.1714E+00
  0.2168E+00  0.1552E+00  0.1119E-01  0.1705E+00  0.1705E+00
  0.2174E+00  0.1627E+00  0.1136E-01  0.1696E+00  0.1696E+00
  0.2180E+00  0.1734E+00  0.1163E-01  0.1686E+00  0.1686E+00
  0.2186E+00  0.1733E+00  0.1154E-01  0.1677E+00  0.1677E+00
  0.2192E+00  0.1751E+00  0.1167E-01  0.1667E+00  0.1667E+00
  0.2198E+00  0.1744E+00  0.1111E-01  0.1658E+00  0.1658E+00
  0.2204E+00  0.1654E+00  0.1123E-01  0.1648E+00  0.1648E+00
  0.2210E+00  0.1553E+00  0.1151E-01  0.1638E+00  0.1638E+00
  0.2216E+00  0.1391E+00  0.1156E-01  0.1628E+00  0.1628E+00
  0.2222E+00  0.1478E+00  0.1137E-01  0.1617E+00  0.1617E+00
  0.2228E+00  0.1472E+00  0.1125E-01  0.1607E+00  0.1607E+00
  0.2235E+00  0.1487E+00  0.1137E-01  0.1597E+00  0.1597E+00
  0.2241E+00  0.1576E+00  0.1083E-01  0.1586E+00  0.1586E+00
  0.2247E+00  0.1649E+00  0.1080E-01  0.1575E+00  0.1575E+00
  0.2253E+00  0.1715E+00  0.1153E-01  0.1565E+00  0.1565E+00
  0.2259E+00  0.1587E+00  0.1133E-01  0.1554E+00  0.1554E+00
  0.2265E+00  0.1499E+00  0.1162E-01  0.1543E+00  0.1543E+00
  0.2271E+00  0.1512E+00  0.1108E-01  0.1533E+00  0.1533E+00
  0.2277E+00  0.1426E+00  0.1097E-01  0.1522E+00  0.1522E+00
  0.2283E+00  0.1388E+00  0.1079E-01  0.1511E+00  0.1511E+00
  0.2289E+00  0.1324E+00  0.1115E-01  0.1500E+00  0.1500E+00
  0.2295E+00  0.1384E+00  0.1062E-01  0.1490E+00  0.1490E+00
  0.2301E+00  0.1544E+00  0.1098E-01  0.1479E+00  0.1479E+00
  0.2308E+00  0.1526E+00  0.1115E-01  0.1468E+00  0.1468E+00
  0.2314E+00  0.1669E+00  0.1126E-01  0.1458E+00  0.1458E+00
  0.2320E+00  0.1713E+00  0.1275E-01  0.1447E+00  0.1447E+00
  0.2326E+00  0.1613E+00  0.1902E-01  0.1437E+00  0.1437E+00
  0.2332E+00  0.1543E+00  0.1288E-01  0.1426E+00  0.1426E+00
  0.2338E+00  0.1536E+00  0.1173E-01  0.1416E+00  0.1416E+00
  0.2344E+00  0.1468E+00  0.1104E-01  0.1406E+00  0.1406E+00
  0.2350E+00  0.1420E+00  0.1072E-01  0.1396E+00  0.1396E+00
  0.2356E+00  0.1467E+00  0.1057E-01  0.1385E+00  0.1385E+00
  0.2362E+00  0.1512E+00  0.1075E-01  0.1376E+00  0.1376E+00
  0.2368E+00  0.1450E+00  0.1052E-01  0.1366E+00  0.1366E+00
  0.2374E+00  0.1476E+00  0.1061E-01  0.1356E+00  0.1356E+00
  0.2380E+00  0.1329E+00  0.1077E-01  0.1346E+00  0.1346E+00
  0.2387E+00  0.1410E+00  0.1045E-01  0.1337E+00  0.1337E+00
  0.2393E+00  0.1371E+00  0.1094E-01  0.1328E+00  0.1328E+00
  0.2399E+00  0.1308E+00  0.1086E-01  0.1319E+00  0.1319E+00
  0.2405E+00  0.1353E+00  0.1073E-01  0.1310E+00  0.1310E+00
  0.2411E+00  0.1390E+00  0.1064E-01  0.1301E+00  0.1301E+00
  0.2417E+00  0.1284E+00  0.1103E-01  0.1292E+00  0.1292E+00
  0.2423E+00  0.1156E+00  0.1131E-01  0.1284E+00  0.1284E+00
  0.2429E+00  0.1285E+00  0.1063E-01  0.1275E+00  0.1275E+00
  0.2435E+00  0.1261E+00  0.1093E-01  0.1267E+00  0.1267E+00
  0.2441E+00  0.1377E+00  0.1089E-01  0.1259E+00  0.1259E+00
  0.2447E+00  0.1160E+00  0.1097E-01  0.1251E+00  0.1251E+00
  0.2453E+00  0.1190E+00  0.1157E-01  0.1244E+00  0.1244E+00
  0.2460E+00  0.1166E+00  0.1528E-01  0.1236E+00  0.1236E+00
  0.2466E+00  0.1073E+00  0.1186E-01  0.1229E+00  0.1229E+00
  0.2472E+00  0.1133E+00  0.1161E-01  0.1222E+00  0.1222E+00
  0.2478E+00  0.1083E+00  0.1105E-01  0.1215E+00  0.1215E+00
  0.2484E+00  0.1165E+00  0.1116E-01  0.1208E+00  0.1208E+00
  0.2490E+00  0.1272E+00  0.1082E-01  0.1202E+00  0.1202E+00
  0.2496E+00  0.1269E+00  0.1150E-01  0.1196E+00  0.1196E+00
  0.2502E+00  0.1285E+00  0.1102E-01  0.1190E+00  0.1190E+00
  0.2508E+00  0.1432E+00  0.1080E-01  0.1184E+00  0.1184E+00
  0.2514E+00  0.1431E+00  0.1077E-01  0.1178E+00  0.1178E+00
  0.2520E+00  0.1229E+00  0.1050E-01  0.1172E+00  0.1172E+00
  0.2526E+00  0.1099E+00  0.1075E-01  0.1167E+00  0.1167E+00
  0.2532E+00  0.1067E+00  0.1062E-01  0.1162E+00  0.1162E+00
  0.2539E+00  0.1047E+00  0.1042E-01  0.1157E+00  0.1157E+00
  0.2545E+00  0.1083E+00  0.1053E-01  0.1152E+00  0.1152E+00
  0.2551E+00  0.1156E+00  0.1046E-01  0.1148E+00  0.1148E+00
  0.2557E+00  0.1132E+00  0.1060E-01  0.1143E+00  0.1143E+00
  0.2563E+00  0.1034E+00  0.1043E-01  0.1139E+00  0.1139E+00
  0.2569E+00  0.1002E+00  0.1042E-01  0.1135E+00  0.1135E+00
  0.2575E+00  0.1089E+00  0.1023E-01  0.1131E+00  0.1131E+00
  0.2581E+00  0.9739E-01  0.1031E-01  0.1127E+00  0.1127E+00
  0.2587E+00  0.9633E-01  0.1026E-01  0.1124E+00  0.1124E+00
  0.2593E+00  0.8722E-01  0.1035E-01  0.1120E+00  0.1120E+00
  0.2599E+00  0.1047E+00  0.1065E-01  0.1117E+00  0.1117E+00
  0.2605E+00  0.1045E+00  0.1009E-01  0.1114E+00  0.1114E+00
  0.2612E+00  0.1108E+00  0.1016E-01  0.1111E+00  0.1111E+00
  0.2618E+00  0.1089E+00  0.1058E-01  0.1108E+00  0.1108E+00
  0.2624E+00  0.1232E+00  0.1040E-01  0.1105E+00  0.1105E+00
  0.2630E+00  0.1221E+00  0.1022E-01  0.1103E+00  0.1103E+00
  0.2636E+00  0.1172E+00  0.1024E-01  0.1100E+00  0.1100E+00
  0.2642E+00  0.1136E+00  0.9902E-02  0.1098E+00  0.1098E+00
  0.2648E+00  0.1046E+00  0.1011E-01  0.1096E+00  0.1096E+00
  0.2654E+00  0.1152E+00  0.1046E-01  0.1094E+00  0.1094E+00
  0.2660E+00  0.1083E+00  0.1035E-01  0.1092E+00  0.1092E+00
  0.2666E+00  0.1095E+00  0.1044E-01  0.1090E+00  0.1090E+00
  0.2672E+00  0.9223E-01  0.1009E-01  0.1088E+00  0.1088E+00
  0.2678E+00  0.9747E-01  0.9981E-02  0.1086E+00  0.1086E+00
  0.2684E+00  0.9970E-01  0.1048E-01  0.1084E+00  0.1084E+00
  0.2691E+00  0.1068E+00  0.1096E-01  0.1083E+00  0.1083E+00
  0.2697E+00  0.1094E+00  0.1195E-01  0.1081E+00  0.1081E+00
  0.2703E+00  0.1126E+00  0.1030E-01  0.1080E+00  0.1080E+00
  0.2709E+00  0.1053E+00  0.9915E-02  0.1078E+00  0.1078E+00
  0.2715E+00  0.1003E+00  0.9853E-02  0.1077E+00  0.1077E+00
  0.2721E+00  0.1053E+00  0.9821E-02  0.1076E+00  0.1076E+00
  0.2727E+00  0.9726E-01  0.1019E-01  0.1074E+00  0.1074E+00
  0.2733E+00  0.1092E+00  0.9758E-02  0.1073E+00  0.1073E+00
  0.2739E+00  0.1198E+00  0.9750E-02  0.1072E+00  0.1072E+00
  0.2745E+00  0.1200E+00  0.9792E-02  0.1071E+00  0.1071E+00
  0.2751E+00  0.1186E+00  0.9474E-02  0.1069E+00  0.1069E+00
  0.2757E+00  0.1160E+00  0.9732E-02  0.1068E+00  0.1068E+00
  0.2763E+00  0.1124E+00  0.9938E-02  0.1067E+00  0.1067E+00
  0.2770E+00  0.1238E+00  0.9545E-02  0.1066E+00  0.1066E+00
  0.2776E+00  0.1091E+00  0.9552E-02  0.1065E+00  0.1065E+00
  0.2782E+00  0.1004E+00  0.9447E-02  0.1063E+00  0.1063E+00
  0.2788E+00  0.9795E-01  0.9270E-02  0.1062E+00  0.1062E+00
  0.2794E+00  0.9818E-01  0.9121E-02  0.1061E+00  0.1061E+00
  0.2800E+00  0.9780E-01  0.9690E-02  0.1060E+00  0.1060E+00
  0.2806E+00  0.8447E-01  0.9484E-02  0.1058E+00  0.1058E+00
  0.2812E+00  0.9608E-01  0.9525E-02  0.1057E+00  0.1057E+00
  0.2818E+00  0.1057E+00  0.9774E-02  0.1056E+00  0.1056E+00
  0.2824E+00  0.1167E+00  0.9483E-02  0.1054E+00  0.1054E+00
  0.2830E+00  0.1209E+00  0.9602E-02  0.1053E+00  0.1053E+00
  0.2836E+00  0.1262E+00  0.9368E-02  0.1051E+00  0.1051E+00
  0.2843E+00  0.1190E+00  0.9514E-02  0.1050E+00  0.1050E+00
  0.2849E+00  0.1180E+00  0.9510E-02  0.1048E+00  0.1048E+00
  0.2855E+00  0.9642E-01  0.9649E-02  0.1046E+00  0.1046E+00
  0.2861E+00  0.8784E-01  0.9198E-02  0.1044E+00  0.1044E+00
  0.2867E+00  0.8719E-01  0.9394E-02  0.1043E+00  0.1043E+00
  0.2873E+00  0.1047E+00  0.9327E-02  0.1041E+00  0.1041E+00
  0.2879E+00  0.9934E-01  0.9212E-02  0.1039E+00  0.1039E+00
  0.2885E+00  0.1051E+00  0.9285E-02  0.1037E+00  0.1037E+00
  0.2891E+00  0.1130E+00  0.9439E-02  0.1034E+00  0.1034E+00
  0.2897E+00  0.1063E+00  0.9163E-02  0.1032E+00  0.1032E+00
  0.2903E+00  0.1081E+00  0.9409E-02  0.1030E+00  0.1030E+00
  0.2909E+00  0.1085E+00  0.9519E-02  0.1028E+00  0.1028E+00
  0.2915E+00  0.9552E-01  0.9039E-02  0.1025E+00  0.1025E+00
  0.2922E+00  0.1032E+00  0.9206E-02  0.1023E+00  0.1023E+00
  0.2928E+00  0.1007E+00  0.1024E-01  0.1020E+00  0.1020E+00
  0.2934E+00  0.1122E+00  0.1174E-01  0.1017E+00  0.1017E+00
  0.2940E+00  0.1118E+00  0.9607E-02  0.1015E+00  0.1015E+00
  0.2946E+00  0.1116E+00  0.9117E-02  0.1012E+00  0.1012E+00
  0.2952E+00  0.1061E+00  0.9105E-02  0.1009E+00  0.1009E+00
  0.2958E+00  0.1066E+00  0.9339E-02  0.1006E+00  0.1006E+00
  0.2964E+00  0.1004E+00  0.9220E-02  0.1003E+00  0.1003E+00
  0.2970E+00  0.9625E-01  0.8850E-02  0.9993E-01  0.9993E-01
  0.2976E+00  0.1040E+00  0.9036E-02  0.9960E-01  0.9960E-01
  0.2982E+00  0.1040E+00  0.9353E-02  0.9927E-01  0.9927E-01
  0.2988E+00  0.1118E+00  0.9355E-02  0.9892E-01  0.9892E-01
  0.2995E+00  0.1128E+00  0.9624E-02  0.9857E-01  0.9857E-01

           Distance distribution  function of particle  


       R          P(R)      ERROR

  0.0000E+00  0.0000E+00  0.0000E+00
  0.7775E+00  0.5617E-03  0.6812E-05
  0.1555E+01  0.1182E-02  0.1153E-04
  0.2333E+01  0.1862E-02  0.1428E-04
  0.3110E+01  0.2601E-02  0.1522E-04
  0.3887E+01  0.3399E-02  0.1462E-04
  0.4665E+01  0.4257E-02  0.1281E-04
  0.5442E+01  0.5175E-02  0.1028E-04
  0.6220E+01  0.6153E-02  0.7936E-05
  0.6997E+01  0.7190E-02  0.7387E-05
  0.7775E+01  0.8286E-02  0.9477E-05
  0.8553E+01  0.9439E-02  0.1293E-04
  0.9330E+01  0.1065E-01  0.1659E-04
  0.1011E+02  0.1191E-01  0.1992E-04
  0.1088E+02  0.1322E-01  0.2261E-04
  0.1166E+02  0.1457E-01  0.2452E-04
  0.1244E+02  0.1597E-01  0.2561E-04
  0.1322E+02  0.1740E-01  0.2590E-04
  0.1399E+02  0.1885E-01  0.2552E-04
  0.1477E+02  0.2033E-01  0.2470E-04
  0.1555E+02  0.2182E-01  0.2373E-04
  0.1633E+02  0.2331E-01  0.2297E-04
  0.1711E+02  0.2480E-01  0.2277E-04
  0.1788E+02  0.2627E-01  0.2332E-04
  0.1866E+02  0.2772E-01  0.2460E-04
  0.1944E+02  0.2913E-01  0.2638E-04
  0.2021E+02  0.3050E-01  0.2835E-04
  0.2099E+02  0.3181E-01  0.3022E-04
  0.2177E+02  0.3306E-01  0.3177E-04
  0.2255E+02  0.3424E-01  0.3284E-04
  0.2332E+02  0.3534E-01  0.3338E-04
  0.2410E+02  0.3636E-01  0.3339E-04
  0.2488E+02  0.3727E-01  0.3298E-04
  0.2566E+02  0.3809E-01  0.3231E-04
  0.2643E+02  0.3880E-01  0.3160E-04
  0.2721E+02  0.3941E-01  0.3107E-04
  0.2799E+02  0.3990E-01  0.3095E-04
  0.2877E+02  0.4028E-01  0.3136E-04
  0.2954E+02  0.4054E-01  0.3230E-04
  0.3032E+02  0.4068E-01  0.3366E-04
  0.3110E+02  0.4071E-01  0.3527E-04
  0.3188E+02  0.4063E-01  0.3693E-04
  0.3266E+02  0.4043E-01  0.3849E-04
  0.3343E+02  0.4012E-01  0.3982E-04
  0.3421E+02  0.3971E-01  0.4089E-04
  0.3499E+02  0.3920E-01  0.4168E-04
  0.3577E+02  0.3858E-01  0.4227E-04
  0.3654E+02  0.3788E-01  0.4272E-04
  0.3732E+02  0.3708E-01  0.4315E-04
  0.3810E+02  0.3621E-01  0.4366E-04
  0.3888E+02  0.3526E-01  0.4430E-04
  0.3965E+02  0.3424E-01  0.4510E-04
  0.4043E+02  0.3316E-01  0.4604E-04
  0.4121E+02  0.3202E-01  0.4705E-04
  0.4198E+02  0.3083E-01  0.4803E-04
  0.4276E+02  0.2961E-01  0.4892E-04
  0.4354E+02  0.2835E-01  0.4962E-04
  0.4432E+02  0.2706E-01  0.5009E-04
  0.4509E+02  0.2576E-01  0.5033E-04
  0.4587E+02  0.2445E-01  0.5035E-04
  0.4665E+02  0.2313E-01  0.5022E-04
  0.4743E+02  0.2183E-01  0.4999E-04
  0.4820E+02  0.2053E-01  0.4976E-04
  0.4898E+02  0.1926E-01  0.4959E-04
  0.4976E+02  0.1802E-01  0.4951E-04
  0.5054E+02  0.1681E-01  0.4953E-04
  0.5131E+02  0.1564E-01  0.4961E-04
  0.5209E+02  0.1452E-01  0.4972E-04
  0.5287E+02  0.1345E-01  0.4979E-04
  0.5365E+02  0.1244E-01  0.4976E-04
  0.5442E+02  0.1148E-01  0.4959E-04
  0.5520E+02  0.1059E-01  0.4929E-04
  0.5598E+02  0.9756E-02  0.4889E-04
  0.5676E+02  0.8989E-02  0.4847E-04
  0.5753E+02  0.8286E-02  0.4811E-04
  0.5831E+02  0.7645E-02  0.4794E-04
  0.5909E+02  0.7065E-02  0.4805E-04
  0.5987E+02  0.6544E-02  0.4851E-04
  0.6064E+02  0.6077E-02  0.4935E-04
  0.6142E+02  0.5661E-02  0.5057E-04
  0.6220E+02  0.5292E-02  0.5211E-04
  0.6298E+02  0.4965E-02  0.5391E-04
  0.6375E+02  0.4674E-02  0.5590E-04
  0.6453E+02  0.4414E-02  0.5803E-04
  0.6531E+02  0.4179E-02  0.6025E-04
  0.6609E+02  0.3964E-02  0.6252E-04
  0.6686E+02  0.3762E-02  0.6480E-04
  0.6764E+02  0.3570E-02  0.6702E-04
  0.6842E+02  0.3381E-02  0.6910E-04
  0.6920E+02  0.3191E-02  0.7089E-04
  0.6997E+02  0.2994E-02  0.7220E-04
  0.7075E+02  0.2788E-02  0.7281E-04
  0.7153E+02  0.2568E-02  0.7245E-04
  0.7231E+02  0.2330E-02  0.7081E-04
  0.7308E+02  0.2073E-02  0.6760E-04
  0.7386E+02  0.1793E-02  0.6251E-04
  0.7464E+02  0.1488E-02  0.5526E-04
  0.7542E+02  0.1158E-02  0.4558E-04
  0.7619E+02  0.8003E-03  0.3325E-04
  0.7697E+02  0.4145E-03  0.1810E-04
  0.7775E+02  0.0000E+00  0.0000E+00
          Reciprocal space: Rg =   25.43     , I(0) =   0.1809E+02
     Real space: Rg =   25.42 +- 0.025  I(0) =   0.1809E+02 +-  0.1856E-01
