
           ####    G N O M   ---   Version 4.5a revised 09/02/02     ####

                                                  Mon May 24 18:04:26 2010
           ===    Run No   1   ===
 Run title:   Merge of: p2_C7_2.mccd p2_C10_2.mcc p2_D2_2.mccd p2_D3_2.mccd p2


  Number of points omitted at the beginning:          13
   *******   Working Directory :
   *******    Input file(s) :
           Condition P(rmin) = 0 is used. 
           Condition P(rmax) = 0 is used. 

          Experimental conditions for the first run
          -----------------------------------------

          Highest ALPHA is found to be   0.5451E+03

  The measure of inconsistency AN1 equals to    0.8342E+00
     Alpha    Discrp  Oscill  Stabil  Sysdev  Positv  Valcen    Total   
  0.5451E+06 64.3192  1.1670  0.9630  0.0000  1.0000  0.8604  0.33254
  0.1090E+06 59.5588  1.1443  0.8753  0.0000  1.0000  0.8671  0.33474
  0.2180E+05 46.4629  1.0853  0.6632  0.1311  1.0000  0.8883  0.35028
  0.4360E+04 26.6731  1.0591  0.3921  0.0738  1.0000  0.9184  0.35240
  0.8721E+03 10.2863  1.1026  0.1459  0.1475  1.0000  0.9400  0.41951
  0.1744E+03  3.1213  1.1672  0.0485  0.1967  1.0000  0.9534  0.56550
  0.3488E+02  0.9734  1.2058  0.0142  0.4180  1.0000  0.9585  0.69134
  0.6977E+01  0.6325  1.2193  0.0044  0.4918  1.0000  0.9597  0.76546
  0.1395E+01  0.5920  1.2296  0.0104  0.5000  1.0000  0.9599  0.76296
  0.2791E+00  0.5547  1.2857  0.0197  0.5615  1.0000  0.9597  0.78292
  0.5581E-01  0.5317  1.4152  0.0196  0.5820  1.0000  0.9588  0.76924
  0.1116E-01  0.5200  1.7436  0.0670  0.5328  0.9999  0.9556  0.59289
  0.2233E-02  0.5054  2.9418  0.0924  0.5615  0.9979  0.9433  0.47345
  0.4465E-03  0.4990  4.3055  0.1186  0.5451  0.9929  0.9265  0.42231
  0.8930E-04  0.4945  7.3663  0.4142  0.5615  0.9727  0.8754  0.32653
  0.1786E-04  0.4875 11.1843  0.4037  0.5615  0.9059  0.5430  0.24738
  0.3572E-05  0.4843 12.7762  0.2401  0.5574  0.8553  0.4657  0.22634
  0.7144E-06  0.4831 15.5303  0.7763  0.5574  0.8044  0.3785  0.00000

          ***  Golden section search to maximize estimate ***
     Alpha    Discrp  Oscill  Stabil  Sysdev  Positv  Valcen    Total   
  0.1509E+00  0.5428  1.3305  0.0184  0.5697  1.0000  0.9595  0.78069
  0.4463E+00  0.5659  1.2599  0.0184  0.5369  1.0000  0.9599  0.77377
  0.2207E+00  0.5497  1.3016  0.0195  0.5615  1.0000  0.9596  0.78037
  0.3339E+00  0.5589  1.2748  0.0195  0.5451  1.0000  0.9598  0.77540
  0.2551E+00  0.5528  1.2916  0.0197  0.5615  1.0000  0.9597  0.78195
  0.2989E+00  0.5563  1.2814  0.0197  0.5533  1.0000  0.9598  0.77892
  0.2697E+00  0.5540  1.2879  0.0197  0.5615  1.0000  0.9597  0.78255
  0.2865E+00  0.5553  1.2841  0.0197  0.5533  1.0000  0.9597  0.77847
  0.2754E+00  0.5545  1.2866  0.0197  0.5615  1.0000  0.9597  0.78278
  0.2819E+00  0.5550  1.2851  0.0197  0.5615  1.0000  0.9597  0.78303
  0.2836E+00  0.5551  1.2847  0.0197  0.5615  1.0000  0.9597  0.78309
  0.2847E+00  0.5552  1.2844  0.0197  0.5533  1.0000  0.9597  0.77840
  0.2830E+00  0.5551  1.2848  0.0197  0.5615  1.0000  0.9597  0.78307
  0.2840E+00  0.5551  1.2846  0.0197  0.5533  1.0000  0.9597  0.77837
  0.2834E+00  0.5551  1.2847  0.0197  0.5615  1.0000  0.9597  0.78308
  0.2836E+00  0.5551  1.2847  0.0197  0.5615  1.0000  0.9597  0.78309



             ####            Final results            ####

 Parameter    DISCRP    OSCILL    STABIL    SYSDEV    POSITV    VALCEN
 Weight        1.000     3.000     3.000     5.000     1.000     1.000
 Sigma         0.300     0.600     0.120     0.500     0.120     0.120
 Ideal         0.700     1.200     0.000     1.000     1.000     0.950
 Current       0.555     1.285     0.020     0.561     1.000     0.960
                - - - - - - - - - - - - - - - - - - - - - - - - - 
 Estimate      0.792     0.980     0.973     0.463     1.000     0.993

  Angular   range    :     from    0.0216   to    0.3183
  Real space range   :     from      0.00   to     73.20

  Highest ALPHA (theor) :   0.545E+06                 JOB = 0
  Current ALPHA         :   0.284E+00   Rg :  0.251E+02   I(0) :   0.181E+02

           Total  estimate : 0.783  which is    A GOOD      solution

      S          J EXP       ERROR       J REG       I REG

  0.0000E+00                                      0.1805E+02
  0.7710E-03                                      0.1805E+02
  0.1542E-02                                      0.1804E+02
  0.2313E-02                                      0.1803E+02
  0.3084E-02                                      0.1802E+02
  0.3855E-02                                      0.1800E+02
  0.4626E-02                                      0.1797E+02
  0.5397E-02                                      0.1794E+02
  0.6168E-02                                      0.1791E+02
  0.6939E-02                                      0.1787E+02
  0.7710E-02                                      0.1783E+02
  0.8481E-02                                      0.1778E+02
  0.9252E-02                                      0.1773E+02
  0.1002E-01                                      0.1767E+02
  0.1079E-01                                      0.1762E+02
  0.1156E-01                                      0.1755E+02
  0.1234E-01                                      0.1748E+02
  0.1311E-01                                      0.1741E+02
  0.1388E-01                                      0.1734E+02
  0.1465E-01                                      0.1726E+02
  0.1542E-01                                      0.1717E+02
  0.1619E-01                                      0.1708E+02
  0.1696E-01                                      0.1699E+02
  0.1773E-01                                      0.1690E+02
  0.1850E-01                                      0.1680E+02
  0.1927E-01                                      0.1670E+02
  0.2005E-01                                      0.1659E+02
  0.2082E-01                                      0.1648E+02
  0.2159E-01  0.1636E+02  0.1261E+00  0.1637E+02  0.1637E+02
  0.2220E-01  0.1635E+02  0.1222E+00  0.1628E+02  0.1628E+02
  0.2280E-01  0.1618E+02  0.1127E+00  0.1618E+02  0.1618E+02
  0.2341E-01  0.1614E+02  0.1088E+00  0.1609E+02  0.1609E+02
  0.2402E-01  0.1596E+02  0.9058E-01  0.1599E+02  0.1599E+02
  0.2463E-01  0.1590E+02  0.9973E-01  0.1589E+02  0.1589E+02
  0.2524E-01  0.1564E+02  0.8188E-01  0.1579E+02  0.1579E+02
  0.2584E-01  0.1548E+02  0.9659E-01  0.1569E+02  0.1569E+02
  0.2645E-01  0.1551E+02  0.8409E-01  0.1558E+02  0.1558E+02
  0.2706E-01  0.1551E+02  0.7515E-01  0.1548E+02  0.1548E+02
  0.2767E-01  0.1542E+02  0.7507E-01  0.1537E+02  0.1537E+02
  0.2828E-01  0.1539E+02  0.6962E-01  0.1526E+02  0.1526E+02
  0.2888E-01  0.1525E+02  0.7588E-01  0.1515E+02  0.1515E+02
  0.2949E-01  0.1513E+02  0.7817E-01  0.1503E+02  0.1503E+02
  0.3010E-01  0.1508E+02  0.7598E-01  0.1492E+02  0.1492E+02
  0.3071E-01  0.1499E+02  0.7615E-01  0.1480E+02  0.1480E+02
  0.3132E-01  0.1481E+02  0.7214E-01  0.1468E+02  0.1468E+02
  0.3192E-01  0.1456E+02  0.6913E-01  0.1457E+02  0.1457E+02
  0.3253E-01  0.1449E+02  0.6748E-01  0.1445E+02  0.1445E+02
  0.3314E-01  0.1434E+02  0.6986E-01  0.1432E+02  0.1432E+02
  0.3375E-01  0.1438E+02  0.7421E-01  0.1420E+02  0.1420E+02
  0.3436E-01  0.1430E+02  0.3957E+00  0.1408E+02  0.1408E+02
  0.3497E-01  0.1424E+02  0.1549E+00  0.1395E+02  0.1395E+02
  0.3557E-01  0.1391E+02  0.1406E+00  0.1383E+02  0.1383E+02
  0.3618E-01  0.1381E+02  0.1411E+00  0.1370E+02  0.1370E+02
  0.3679E-01  0.1370E+02  0.1343E+00  0.1357E+02  0.1357E+02
  0.3740E-01  0.1341E+02  0.1272E+00  0.1344E+02  0.1344E+02
  0.3801E-01  0.1323E+02  0.1349E+00  0.1331E+02  0.1331E+02
  0.3861E-01  0.1323E+02  0.1278E+00  0.1318E+02  0.1318E+02
  0.3922E-01  0.1320E+02  0.1212E+00  0.1305E+02  0.1305E+02
  0.3983E-01  0.1316E+02  0.1122E+00  0.1292E+02  0.1292E+02
  0.4044E-01  0.1296E+02  0.1319E+00  0.1278E+02  0.1278E+02
  0.4105E-01  0.1285E+02  0.9829E-01  0.1265E+02  0.1265E+02
  0.4165E-01  0.1259E+02  0.9992E-01  0.1252E+02  0.1252E+02
  0.4226E-01  0.1239E+02  0.1055E+00  0.1238E+02  0.1238E+02
  0.4287E-01  0.1230E+02  0.1046E+00  0.1224E+02  0.1224E+02
  0.4348E-01  0.1201E+02  0.9459E-01  0.1211E+02  0.1211E+02
  0.4409E-01  0.1201E+02  0.9347E-01  0.1197E+02  0.1197E+02
  0.4469E-01  0.1185E+02  0.8818E-01  0.1184E+02  0.1184E+02
  0.4530E-01  0.1172E+02  0.9051E-01  0.1170E+02  0.1170E+02
  0.4591E-01  0.1166E+02  0.8901E-01  0.1156E+02  0.1156E+02
  0.4652E-01  0.1137E+02  0.8313E-01  0.1142E+02  0.1142E+02
  0.4713E-01  0.1106E+02  0.9581E-01  0.1129E+02  0.1129E+02
  0.4773E-01  0.1111E+02  0.9177E-01  0.1115E+02  0.1115E+02
  0.4834E-01  0.1089E+02  0.8875E-01  0.1101E+02  0.1101E+02
  0.4895E-01  0.1076E+02  0.8449E-01  0.1087E+02  0.1087E+02
  0.4956E-01  0.1065E+02  0.8689E-01  0.1073E+02  0.1073E+02
  0.5017E-01  0.1053E+02  0.7960E-01  0.1059E+02  0.1059E+02
  0.5078E-01  0.1041E+02  0.8321E-01  0.1046E+02  0.1046E+02
  0.5138E-01  0.1017E+02  0.8082E-01  0.1032E+02  0.1032E+02
  0.5199E-01  0.1006E+02  0.8415E-01  0.1018E+02  0.1018E+02
  0.5260E-01  0.9923E+01  0.7660E-01  0.1004E+02  0.1004E+02
  0.5321E-01  0.9689E+01  0.7556E-01  0.9905E+01  0.9905E+01
  0.5382E-01  0.9634E+01  0.7755E-01  0.9768E+01  0.9768E+01
  0.5442E-01  0.9510E+01  0.7831E-01  0.9631E+01  0.9631E+01
  0.5503E-01  0.9328E+01  0.8261E-01  0.9495E+01  0.9495E+01
  0.5564E-01  0.9226E+01  0.7886E-01  0.9358E+01  0.9358E+01
  0.5625E-01  0.8952E+01  0.7843E-01  0.9223E+01  0.9223E+01
  0.5686E-01  0.8990E+01  0.8429E-01  0.9087E+01  0.9087E+01
  0.5746E-01  0.8782E+01  0.8107E-01  0.8953E+01  0.8953E+01
  0.5807E-01  0.8842E+01  0.7223E-01  0.8818E+01  0.8818E+01
  0.5868E-01  0.8686E+01  0.8344E-01  0.8685E+01  0.8685E+01
  0.5929E-01  0.8578E+01  0.7649E-01  0.8552E+01  0.8552E+01
  0.5990E-01  0.8302E+01  0.7714E-01  0.8419E+01  0.8419E+01
  0.6050E-01  0.8161E+01  0.7056E-01  0.8287E+01  0.8287E+01
  0.6111E-01  0.8118E+01  0.7559E-01  0.8156E+01  0.8156E+01
  0.6172E-01  0.7889E+01  0.7077E-01  0.8026E+01  0.8026E+01
  0.6233E-01  0.7793E+01  0.7125E-01  0.7896E+01  0.7896E+01
  0.6294E-01  0.7603E+01  0.7503E-01  0.7767E+01  0.7767E+01
  0.6354E-01  0.7518E+01  0.8818E-01  0.7639E+01  0.7639E+01
  0.6415E-01  0.7417E+01  0.7650E-01  0.7512E+01  0.7512E+01
  0.6476E-01  0.7342E+01  0.7020E-01  0.7386E+01  0.7386E+01
  0.6537E-01  0.7181E+01  0.6991E-01  0.7260E+01  0.7260E+01
  0.6598E-01  0.6976E+01  0.8088E-01  0.7136E+01  0.7136E+01
  0.6659E-01  0.6949E+01  0.7531E-01  0.7012E+01  0.7012E+01
  0.6719E-01  0.6771E+01  0.7113E-01  0.6890E+01  0.6890E+01
  0.6780E-01  0.6732E+01  0.7836E-01  0.6768E+01  0.6768E+01
  0.6841E-01  0.6554E+01  0.6893E-01  0.6647E+01  0.6647E+01
  0.6902E-01  0.6532E+01  0.6820E-01  0.6528E+01  0.6528E+01
  0.6963E-01  0.6399E+01  0.6910E-01  0.6409E+01  0.6409E+01
  0.7023E-01  0.6301E+01  0.7084E-01  0.6292E+01  0.6292E+01
  0.7084E-01  0.6261E+01  0.6250E-01  0.6176E+01  0.6176E+01
  0.7145E-01  0.5982E+01  0.6584E-01  0.6060E+01  0.6060E+01
  0.7206E-01  0.6064E+01  0.6605E-01  0.5946E+01  0.5946E+01
  0.7267E-01  0.5871E+01  0.6706E-01  0.5833E+01  0.5833E+01
  0.7327E-01  0.5744E+01  0.5978E-01  0.5721E+01  0.5721E+01
  0.7388E-01  0.5613E+01  0.6277E-01  0.5611E+01  0.5611E+01
  0.7449E-01  0.5426E+01  0.6335E-01  0.5501E+01  0.5501E+01
  0.7510E-01  0.5399E+01  0.6040E-01  0.5393E+01  0.5393E+01
  0.7571E-01  0.5301E+01  0.6321E-01  0.5286E+01  0.5286E+01
  0.7631E-01  0.5212E+01  0.7404E-01  0.5180E+01  0.5180E+01
  0.7692E-01  0.5016E+01  0.7283E-01  0.5075E+01  0.5075E+01
  0.7753E-01  0.4948E+01  0.8136E-01  0.4972E+01  0.4972E+01
  0.7814E-01  0.4849E+01  0.3896E-01  0.4870E+01  0.4870E+01
  0.7875E-01  0.4787E+01  0.3697E-01  0.4769E+01  0.4769E+01
  0.7935E-01  0.4684E+01  0.3612E-01  0.4670E+01  0.4670E+01
  0.7996E-01  0.4613E+01  0.3599E-01  0.4571E+01  0.4571E+01
  0.8057E-01  0.4535E+01  0.3418E-01  0.4474E+01  0.4474E+01
  0.8118E-01  0.4410E+01  0.3234E-01  0.4379E+01  0.4379E+01
  0.8179E-01  0.4320E+01  0.3639E-01  0.4284E+01  0.4284E+01
  0.8239E-01  0.4195E+01  0.3682E-01  0.4191E+01  0.4191E+01
  0.8300E-01  0.4108E+01  0.3463E-01  0.4099E+01  0.4099E+01
  0.8361E-01  0.4060E+01  0.3384E-01  0.4009E+01  0.4009E+01
  0.8422E-01  0.3966E+01  0.3268E-01  0.3919E+01  0.3919E+01
  0.8483E-01  0.3885E+01  0.3363E-01  0.3832E+01  0.3832E+01
  0.8544E-01  0.3759E+01  0.3276E-01  0.3745E+01  0.3745E+01
  0.8604E-01  0.3620E+01  0.3275E-01  0.3660E+01  0.3660E+01
  0.8665E-01  0.3628E+01  0.3081E-01  0.3576E+01  0.3576E+01
  0.8726E-01  0.3531E+01  0.3141E-01  0.3493E+01  0.3493E+01
  0.8787E-01  0.3430E+01  0.3095E-01  0.3412E+01  0.3412E+01
  0.8848E-01  0.3315E+01  0.2933E-01  0.3332E+01  0.3332E+01
  0.8908E-01  0.3217E+01  0.3123E-01  0.3253E+01  0.3253E+01
  0.8969E-01  0.3151E+01  0.3210E-01  0.3175E+01  0.3175E+01
  0.9030E-01  0.3063E+01  0.3122E-01  0.3099E+01  0.3099E+01
  0.9091E-01  0.3036E+01  0.3194E-01  0.3024E+01  0.3024E+01
  0.9151E-01  0.2939E+01  0.3031E-01  0.2951E+01  0.2951E+01
  0.9212E-01  0.2904E+01  0.3061E-01  0.2878E+01  0.2878E+01
  0.9273E-01  0.2849E+01  0.3095E-01  0.2807E+01  0.2807E+01
  0.9334E-01  0.2782E+01  0.3228E-01  0.2738E+01  0.2738E+01
  0.9395E-01  0.2712E+01  0.3011E-01  0.2669E+01  0.2669E+01
  0.9456E-01  0.2669E+01  0.3071E-01  0.2602E+01  0.2602E+01
  0.9516E-01  0.2587E+01  0.3060E-01  0.2536E+01  0.2536E+01
  0.9577E-01  0.2515E+01  0.2942E-01  0.2471E+01  0.2471E+01
  0.9638E-01  0.2426E+01  0.3041E-01  0.2407E+01  0.2407E+01
  0.9699E-01  0.2367E+01  0.2960E-01  0.2345E+01  0.2345E+01
  0.9760E-01  0.2318E+01  0.2879E-01  0.2284E+01  0.2284E+01
  0.9820E-01  0.2246E+01  0.2950E-01  0.2224E+01  0.2224E+01
  0.9881E-01  0.2189E+01  0.2928E-01  0.2165E+01  0.2165E+01
  0.9942E-01  0.2115E+01  0.2844E-01  0.2108E+01  0.2108E+01
  0.1000E+00  0.2029E+01  0.2842E-01  0.2051E+01  0.2051E+01
  0.1006E+00  0.2001E+01  0.2958E-01  0.1996E+01  0.1996E+01
  0.1012E+00  0.1942E+01  0.2914E-01  0.1942E+01  0.1942E+01
  0.1019E+00  0.1917E+01  0.2888E-01  0.1889E+01  0.1889E+01
  0.1025E+00  0.1840E+01  0.2791E-01  0.1837E+01  0.1837E+01
  0.1031E+00  0.1790E+01  0.2719E-01  0.1787E+01  0.1787E+01
  0.1037E+00  0.1703E+01  0.2778E-01  0.1737E+01  0.1737E+01
  0.1043E+00  0.1648E+01  0.2625E-01  0.1689E+01  0.1689E+01
  0.1049E+00  0.1629E+01  0.2662E-01  0.1641E+01  0.1641E+01
  0.1055E+00  0.1567E+01  0.2650E-01  0.1595E+01  0.1595E+01
  0.1061E+00  0.1556E+01  0.2903E-01  0.1549E+01  0.1549E+01
  0.1067E+00  0.1524E+01  0.2682E-01  0.1505E+01  0.1505E+01
  0.1073E+00  0.1482E+01  0.2798E-01  0.1462E+01  0.1462E+01
  0.1079E+00  0.1452E+01  0.2805E-01  0.1420E+01  0.1420E+01
  0.1085E+00  0.1399E+01  0.2583E-01  0.1379E+01  0.1379E+01
  0.1091E+00  0.1318E+01  0.2688E-01  0.1338E+01  0.1338E+01
  0.1098E+00  0.1280E+01  0.2642E-01  0.1299E+01  0.1299E+01
  0.1104E+00  0.1210E+01  0.2638E-01  0.1261E+01  0.1261E+01
  0.1110E+00  0.1207E+01  0.2668E-01  0.1223E+01  0.1223E+01
  0.1116E+00  0.1167E+01  0.2574E-01  0.1187E+01  0.1187E+01
  0.1122E+00  0.1131E+01  0.2565E-01  0.1151E+01  0.1151E+01
  0.1128E+00  0.1066E+01  0.2722E-01  0.1117E+01  0.1117E+01
  0.1134E+00  0.1075E+01  0.2842E-01  0.1083E+01  0.1083E+01
  0.1140E+00  0.1046E+01  0.2665E-01  0.1050E+01  0.1050E+01
  0.1146E+00  0.1020E+01  0.2634E-01  0.1018E+01  0.1018E+01
  0.1152E+00  0.9701E+00  0.2586E-01  0.9871E+00  0.9871E+00
  0.1158E+00  0.9358E+00  0.2697E-01  0.9568E+00  0.9568E+00
  0.1164E+00  0.9296E+00  0.2608E-01  0.9273E+00  0.9273E+00
  0.1171E+00  0.8962E+00  0.2603E-01  0.8986E+00  0.8986E+00
  0.1177E+00  0.9003E+00  0.3041E-01  0.8708E+00  0.8708E+00
  0.1183E+00  0.8753E+00  0.2742E-01  0.8437E+00  0.8437E+00
  0.1189E+00  0.8235E+00  0.2731E-01  0.8173E+00  0.8173E+00
  0.1195E+00  0.8008E+00  0.2606E-01  0.7917E+00  0.7917E+00
  0.1201E+00  0.7757E+00  0.2563E-01  0.7669E+00  0.7669E+00
  0.1207E+00  0.7651E+00  0.2561E-01  0.7427E+00  0.7427E+00
  0.1213E+00  0.7367E+00  0.2676E-01  0.7193E+00  0.7193E+00
  0.1219E+00  0.6885E+00  0.2500E-01  0.6966E+00  0.6966E+00
  0.1225E+00  0.6664E+00  0.2413E-01  0.6745E+00  0.6745E+00
  0.1231E+00  0.6287E+00  0.2371E-01  0.6532E+00  0.6532E+00
  0.1237E+00  0.6516E+00  0.2396E-01  0.6324E+00  0.6324E+00
  0.1244E+00  0.6156E+00  0.2401E-01  0.6123E+00  0.6123E+00
  0.1250E+00  0.6023E+00  0.2358E-01  0.5929E+00  0.5929E+00
  0.1256E+00  0.5486E+00  0.2369E-01  0.5741E+00  0.5741E+00
  0.1262E+00  0.5235E+00  0.2347E-01  0.5558E+00  0.5558E+00
  0.1268E+00  0.5321E+00  0.2285E-01  0.5382E+00  0.5382E+00
  0.1274E+00  0.5014E+00  0.2337E-01  0.5211E+00  0.5211E+00
  0.1280E+00  0.4733E+00  0.2327E-01  0.5046E+00  0.5046E+00
  0.1286E+00  0.4710E+00  0.2413E-01  0.4887E+00  0.4887E+00
  0.1292E+00  0.4626E+00  0.2304E-01  0.4733E+00  0.4733E+00
  0.1298E+00  0.4110E+00  0.2359E-01  0.4584E+00  0.4584E+00
  0.1304E+00  0.4124E+00  0.2367E-01  0.4440E+00  0.4440E+00
  0.1310E+00  0.4063E+00  0.2387E-01  0.4302E+00  0.4302E+00
  0.1316E+00  0.3832E+00  0.2388E-01  0.4168E+00  0.4168E+00
  0.1323E+00  0.4049E+00  0.2470E-01  0.4039E+00  0.4039E+00
  0.1329E+00  0.3797E+00  0.2428E-01  0.3915E+00  0.3915E+00
  0.1335E+00  0.4068E+00  0.2328E-01  0.3795E+00  0.3795E+00
  0.1341E+00  0.4114E+00  0.2282E-01  0.3680E+00  0.3680E+00
  0.1347E+00  0.3515E+00  0.2314E-01  0.3570E+00  0.3570E+00
  0.1353E+00  0.3287E+00  0.2451E-01  0.3463E+00  0.3463E+00
  0.1359E+00  0.3238E+00  0.2520E-01  0.3361E+00  0.3361E+00
  0.1365E+00  0.3208E+00  0.2481E-01  0.3263E+00  0.3263E+00
  0.1371E+00  0.3365E+00  0.2361E-01  0.3168E+00  0.3168E+00
  0.1377E+00  0.3282E+00  0.2356E-01  0.3078E+00  0.3078E+00
  0.1383E+00  0.2998E+00  0.2191E-01  0.2991E+00  0.2991E+00
  0.1389E+00  0.2782E+00  0.1705E-01  0.2908E+00  0.2908E+00
  0.1396E+00  0.2774E+00  0.1767E-01  0.2828E+00  0.2828E+00
  0.1402E+00  0.2747E+00  0.1748E-01  0.2752E+00  0.2752E+00
  0.1408E+00  0.2894E+00  0.1881E-01  0.2680E+00  0.2680E+00
  0.1414E+00  0.2757E+00  0.1344E-01  0.2610E+00  0.2610E+00
  0.1420E+00  0.2598E+00  0.1323E-01  0.2544E+00  0.2544E+00
  0.1426E+00  0.2556E+00  0.1323E-01  0.2481E+00  0.2481E+00
  0.1432E+00  0.2262E+00  0.1285E-01  0.2421E+00  0.2421E+00
  0.1438E+00  0.2401E+00  0.1308E-01  0.2363E+00  0.2363E+00
  0.1444E+00  0.2368E+00  0.1284E-01  0.2309E+00  0.2309E+00
  0.1450E+00  0.2233E+00  0.1274E-01  0.2257E+00  0.2257E+00
  0.1456E+00  0.2113E+00  0.1336E-01  0.2208E+00  0.2208E+00
  0.1462E+00  0.2231E+00  0.1262E-01  0.2161E+00  0.2161E+00
  0.1468E+00  0.2232E+00  0.1319E-01  0.2117E+00  0.2117E+00
  0.1475E+00  0.2242E+00  0.1330E-01  0.2076E+00  0.2076E+00
  0.1481E+00  0.2187E+00  0.1267E-01  0.2037E+00  0.2037E+00
  0.1487E+00  0.2096E+00  0.1267E-01  0.2000E+00  0.2000E+00
  0.1493E+00  0.2112E+00  0.1303E-01  0.1965E+00  0.1965E+00
  0.1499E+00  0.1928E+00  0.1267E-01  0.1932E+00  0.1932E+00
  0.1505E+00  0.1912E+00  0.1258E-01  0.1902E+00  0.1902E+00
  0.1511E+00  0.1833E+00  0.1234E-01  0.1873E+00  0.1873E+00
  0.1517E+00  0.1828E+00  0.1237E-01  0.1846E+00  0.1846E+00
  0.1523E+00  0.1770E+00  0.1217E-01  0.1821E+00  0.1821E+00
  0.1529E+00  0.1709E+00  0.1412E-01  0.1798E+00  0.1798E+00
  0.1535E+00  0.1728E+00  0.1396E-01  0.1777E+00  0.1777E+00
  0.1541E+00  0.1858E+00  0.1381E-01  0.1757E+00  0.1757E+00
  0.1548E+00  0.1583E+00  0.1413E-01  0.1739E+00  0.1739E+00
  0.1554E+00  0.1641E+00  0.1380E-01  0.1723E+00  0.1723E+00
  0.1560E+00  0.1587E+00  0.1317E-01  0.1708E+00  0.1708E+00
  0.1566E+00  0.1386E+00  0.1371E-01  0.1694E+00  0.1694E+00
  0.1572E+00  0.1570E+00  0.1263E-01  0.1682E+00  0.1682E+00
  0.1578E+00  0.1584E+00  0.1309E-01  0.1671E+00  0.1671E+00
  0.1584E+00  0.1680E+00  0.1374E-01  0.1661E+00  0.1661E+00
  0.1590E+00  0.1566E+00  0.1314E-01  0.1653E+00  0.1653E+00
  0.1596E+00  0.1588E+00  0.1358E-01  0.1645E+00  0.1645E+00
  0.1602E+00  0.1559E+00  0.1312E-01  0.1639E+00  0.1639E+00
  0.1608E+00  0.1574E+00  0.1378E-01  0.1634E+00  0.1634E+00
  0.1614E+00  0.1602E+00  0.1333E-01  0.1629E+00  0.1629E+00
  0.1620E+00  0.1813E+00  0.1311E-01  0.1626E+00  0.1626E+00
  0.1627E+00  0.1589E+00  0.1377E-01  0.1624E+00  0.1624E+00
  0.1633E+00  0.1485E+00  0.1345E-01  0.1622E+00  0.1622E+00
  0.1639E+00  0.1692E+00  0.1368E-01  0.1622E+00  0.1622E+00
  0.1645E+00  0.1558E+00  0.1348E-01  0.1622E+00  0.1622E+00
  0.1651E+00  0.1426E+00  0.1348E-01  0.1622E+00  0.1622E+00
  0.1657E+00  0.1656E+00  0.1340E-01  0.1624E+00  0.1624E+00
  0.1663E+00  0.1557E+00  0.1256E-01  0.1626E+00  0.1626E+00
  0.1669E+00  0.1514E+00  0.1297E-01  0.1629E+00  0.1629E+00
  0.1675E+00  0.1727E+00  0.1308E-01  0.1632E+00  0.1632E+00
  0.1681E+00  0.1773E+00  0.1281E-01  0.1636E+00  0.1636E+00
  0.1687E+00  0.1665E+00  0.1355E-01  0.1640E+00  0.1640E+00
  0.1693E+00  0.1578E+00  0.1349E-01  0.1645E+00  0.1645E+00
  0.1700E+00  0.1514E+00  0.1327E-01  0.1650E+00  0.1650E+00
  0.1706E+00  0.1408E+00  0.1230E-01  0.1656E+00  0.1656E+00
  0.1712E+00  0.1511E+00  0.1291E-01  0.1662E+00  0.1662E+00
  0.1718E+00  0.1685E+00  0.1312E-01  0.1668E+00  0.1668E+00
  0.1724E+00  0.1717E+00  0.1338E-01  0.1674E+00  0.1674E+00
  0.1730E+00  0.1744E+00  0.1349E-01  0.1681E+00  0.1681E+00
  0.1736E+00  0.1649E+00  0.1382E-01  0.1688E+00  0.1688E+00
  0.1742E+00  0.1760E+00  0.1330E-01  0.1695E+00  0.1695E+00
  0.1748E+00  0.1813E+00  0.1400E-01  0.1703E+00  0.1703E+00
  0.1754E+00  0.1769E+00  0.1323E-01  0.1710E+00  0.1710E+00
  0.1760E+00  0.1941E+00  0.1330E-01  0.1718E+00  0.1718E+00
  0.1766E+00  0.1934E+00  0.1388E-01  0.1726E+00  0.1726E+00
  0.1773E+00  0.1933E+00  0.1309E-01  0.1733E+00  0.1733E+00
  0.1779E+00  0.1927E+00  0.1386E-01  0.1741E+00  0.1741E+00
  0.1785E+00  0.1884E+00  0.1345E-01  0.1749E+00  0.1749E+00
  0.1791E+00  0.1801E+00  0.1310E-01  0.1757E+00  0.1757E+00
  0.1797E+00  0.1810E+00  0.1338E-01  0.1765E+00  0.1765E+00
  0.1803E+00  0.1846E+00  0.1370E-01  0.1772E+00  0.1772E+00
  0.1809E+00  0.1866E+00  0.1300E-01  0.1780E+00  0.1780E+00
  0.1815E+00  0.1745E+00  0.1280E-01  0.1788E+00  0.1788E+00
  0.1821E+00  0.1869E+00  0.1314E-01  0.1795E+00  0.1795E+00
  0.1827E+00  0.1718E+00  0.1314E-01  0.1802E+00  0.1802E+00
  0.1833E+00  0.1856E+00  0.1284E-01  0.1810E+00  0.1810E+00
  0.1839E+00  0.1973E+00  0.1245E-01  0.1817E+00  0.1817E+00
  0.1845E+00  0.1815E+00  0.1280E-01  0.1823E+00  0.1823E+00
  0.1852E+00  0.1906E+00  0.1324E-01  0.1830E+00  0.1830E+00
  0.1858E+00  0.2030E+00  0.1297E-01  0.1836E+00  0.1836E+00
  0.1864E+00  0.1990E+00  0.1270E-01  0.1843E+00  0.1843E+00
  0.1870E+00  0.1922E+00  0.1333E-01  0.1848E+00  0.1848E+00
  0.1876E+00  0.1961E+00  0.1288E-01  0.1854E+00  0.1854E+00
  0.1882E+00  0.1997E+00  0.1232E-01  0.1860E+00  0.1860E+00
  0.1888E+00  0.1849E+00  0.1291E-01  0.1865E+00  0.1865E+00
  0.1894E+00  0.1962E+00  0.1249E-01  0.1870E+00  0.1870E+00
  0.1900E+00  0.1962E+00  0.1254E-01  0.1874E+00  0.1874E+00
  0.1906E+00  0.1999E+00  0.1225E-01  0.1878E+00  0.1878E+00
  0.1912E+00  0.1932E+00  0.1275E-01  0.1882E+00  0.1882E+00
  0.1918E+00  0.1855E+00  0.1258E-01  0.1886E+00  0.1886E+00
  0.1925E+00  0.1798E+00  0.1248E-01  0.1889E+00  0.1889E+00
  0.1931E+00  0.1940E+00  0.1192E-01  0.1892E+00  0.1892E+00
  0.1937E+00  0.2024E+00  0.1191E-01  0.1894E+00  0.1894E+00
  0.1943E+00  0.1802E+00  0.1224E-01  0.1897E+00  0.1897E+00
  0.1949E+00  0.1818E+00  0.1247E-01  0.1898E+00  0.1898E+00
  0.1955E+00  0.1971E+00  0.1214E-01  0.1900E+00  0.1900E+00
  0.1961E+00  0.1934E+00  0.1246E-01  0.1901E+00  0.1901E+00
  0.1967E+00  0.1960E+00  0.1278E-01  0.1902E+00  0.1902E+00
  0.1973E+00  0.1931E+00  0.1277E-01  0.1902E+00  0.1902E+00
  0.1979E+00  0.1881E+00  0.1237E-01  0.1902E+00  0.1902E+00
  0.1985E+00  0.1957E+00  0.1221E-01  0.1902E+00  0.1902E+00
  0.1991E+00  0.1856E+00  0.1164E-01  0.1901E+00  0.1901E+00
  0.1997E+00  0.2053E+00  0.1147E-01  0.1900E+00  0.1900E+00
  0.2004E+00  0.2057E+00  0.1194E-01  0.1898E+00  0.1898E+00
  0.2010E+00  0.1903E+00  0.1206E-01  0.1896E+00  0.1896E+00
  0.2016E+00  0.1830E+00  0.1162E-01  0.1894E+00  0.1894E+00
  0.2022E+00  0.1825E+00  0.1205E-01  0.1891E+00  0.1891E+00
  0.2028E+00  0.1617E+00  0.1162E-01  0.1888E+00  0.1888E+00
  0.2034E+00  0.1510E+00  0.1202E-01  0.1885E+00  0.1885E+00
  0.2040E+00  0.1795E+00  0.1242E-01  0.1881E+00  0.1881E+00
  0.2046E+00  0.1825E+00  0.1221E-01  0.1877E+00  0.1877E+00
  0.2052E+00  0.1798E+00  0.1222E-01  0.1873E+00  0.1873E+00
  0.2058E+00  0.1736E+00  0.1224E-01  0.1868E+00  0.1868E+00
  0.2064E+00  0.1827E+00  0.1195E-01  0.1863E+00  0.1863E+00
  0.2070E+00  0.1701E+00  0.1176E-01  0.1857E+00  0.1857E+00
  0.2077E+00  0.1711E+00  0.1207E-01  0.1851E+00  0.1851E+00
  0.2083E+00  0.1837E+00  0.1184E-01  0.1845E+00  0.1845E+00
  0.2089E+00  0.1876E+00  0.1208E-01  0.1838E+00  0.1838E+00
  0.2095E+00  0.1850E+00  0.1187E-01  0.1832E+00  0.1832E+00
  0.2101E+00  0.1771E+00  0.1156E-01  0.1824E+00  0.1824E+00
  0.2107E+00  0.1953E+00  0.1147E-01  0.1817E+00  0.1817E+00
  0.2113E+00  0.1782E+00  0.1135E-01  0.1809E+00  0.1809E+00
  0.2119E+00  0.1731E+00  0.1124E-01  0.1801E+00  0.1801E+00
  0.2125E+00  0.1632E+00  0.1140E-01  0.1793E+00  0.1793E+00
  0.2131E+00  0.1686E+00  0.1175E-01  0.1784E+00  0.1784E+00
  0.2137E+00  0.1743E+00  0.1171E-01  0.1776E+00  0.1776E+00
  0.2143E+00  0.1783E+00  0.1177E-01  0.1767E+00  0.1767E+00
  0.2149E+00  0.1786E+00  0.1186E-01  0.1757E+00  0.1757E+00
  0.2156E+00  0.1654E+00  0.1170E-01  0.1748E+00  0.1748E+00
  0.2162E+00  0.1660E+00  0.1151E-01  0.1738E+00  0.1738E+00
  0.2168E+00  0.1552E+00  0.1119E-01  0.1728E+00  0.1728E+00
  0.2174E+00  0.1627E+00  0.1136E-01  0.1718E+00  0.1718E+00
  0.2180E+00  0.1734E+00  0.1163E-01  0.1708E+00  0.1708E+00
  0.2186E+00  0.1733E+00  0.1154E-01  0.1697E+00  0.1697E+00
  0.2192E+00  0.1751E+00  0.1167E-01  0.1686E+00  0.1686E+00
  0.2198E+00  0.1744E+00  0.1111E-01  0.1676E+00  0.1676E+00
  0.2204E+00  0.1654E+00  0.1123E-01  0.1665E+00  0.1665E+00
  0.2210E+00  0.1553E+00  0.1151E-01  0.1654E+00  0.1654E+00
  0.2216E+00  0.1391E+00  0.1156E-01  0.1642E+00  0.1642E+00
  0.2222E+00  0.1478E+00  0.1137E-01  0.1631E+00  0.1631E+00
  0.2228E+00  0.1472E+00  0.1125E-01  0.1620E+00  0.1620E+00
  0.2235E+00  0.1487E+00  0.1137E-01  0.1608E+00  0.1608E+00
  0.2241E+00  0.1576E+00  0.1083E-01  0.1596E+00  0.1596E+00
  0.2247E+00  0.1649E+00  0.1080E-01  0.1585E+00  0.1585E+00
  0.2253E+00  0.1715E+00  0.1153E-01  0.1573E+00  0.1573E+00
  0.2259E+00  0.1587E+00  0.1133E-01  0.1561E+00  0.1561E+00
  0.2265E+00  0.1499E+00  0.1162E-01  0.1550E+00  0.1550E+00
  0.2271E+00  0.1512E+00  0.1108E-01  0.1538E+00  0.1538E+00
  0.2277E+00  0.1426E+00  0.1097E-01  0.1526E+00  0.1526E+00
  0.2283E+00  0.1388E+00  0.1079E-01  0.1514E+00  0.1514E+00
  0.2289E+00  0.1324E+00  0.1115E-01  0.1502E+00  0.1502E+00
  0.2295E+00  0.1384E+00  0.1062E-01  0.1491E+00  0.1491E+00
  0.2301E+00  0.1544E+00  0.1098E-01  0.1479E+00  0.1479E+00
  0.2308E+00  0.1526E+00  0.1115E-01  0.1467E+00  0.1467E+00
  0.2314E+00  0.1669E+00  0.1126E-01  0.1456E+00  0.1456E+00
  0.2320E+00  0.1713E+00  0.1275E-01  0.1444E+00  0.1444E+00
  0.2326E+00  0.1613E+00  0.1902E-01  0.1433E+00  0.1433E+00
  0.2332E+00  0.1543E+00  0.1288E-01  0.1421E+00  0.1421E+00
  0.2338E+00  0.1536E+00  0.1173E-01  0.1410E+00  0.1410E+00
  0.2344E+00  0.1468E+00  0.1104E-01  0.1399E+00  0.1399E+00
  0.2350E+00  0.1420E+00  0.1072E-01  0.1387E+00  0.1387E+00
  0.2356E+00  0.1467E+00  0.1057E-01  0.1376E+00  0.1376E+00
  0.2362E+00  0.1512E+00  0.1075E-01  0.1366E+00  0.1366E+00
  0.2368E+00  0.1450E+00  0.1052E-01  0.1355E+00  0.1355E+00
  0.2374E+00  0.1476E+00  0.1061E-01  0.1344E+00  0.1344E+00
  0.2380E+00  0.1329E+00  0.1077E-01  0.1334E+00  0.1334E+00
  0.2387E+00  0.1410E+00  0.1045E-01  0.1324E+00  0.1324E+00
  0.2393E+00  0.1371E+00  0.1094E-01  0.1313E+00  0.1313E+00
  0.2399E+00  0.1308E+00  0.1086E-01  0.1304E+00  0.1304E+00
  0.2405E+00  0.1353E+00  0.1073E-01  0.1294E+00  0.1294E+00
  0.2411E+00  0.1390E+00  0.1064E-01  0.1284E+00  0.1284E+00
  0.2417E+00  0.1284E+00  0.1103E-01  0.1275E+00  0.1275E+00
  0.2423E+00  0.1156E+00  0.1131E-01  0.1266E+00  0.1266E+00
  0.2429E+00  0.1285E+00  0.1063E-01  0.1257E+00  0.1257E+00
  0.2435E+00  0.1261E+00  0.1093E-01  0.1248E+00  0.1248E+00
  0.2441E+00  0.1377E+00  0.1089E-01  0.1239E+00  0.1239E+00
  0.2447E+00  0.1160E+00  0.1097E-01  0.1231E+00  0.1231E+00
  0.2453E+00  0.1190E+00  0.1157E-01  0.1223E+00  0.1223E+00
  0.2460E+00  0.1166E+00  0.1528E-01  0.1215E+00  0.1215E+00
  0.2466E+00  0.1073E+00  0.1186E-01  0.1207E+00  0.1207E+00
  0.2472E+00  0.1133E+00  0.1161E-01  0.1199E+00  0.1199E+00
  0.2478E+00  0.1083E+00  0.1105E-01  0.1192E+00  0.1192E+00
  0.2484E+00  0.1165E+00  0.1116E-01  0.1185E+00  0.1185E+00
  0.2490E+00  0.1272E+00  0.1082E-01  0.1178E+00  0.1178E+00
  0.2496E+00  0.1269E+00  0.1150E-01  0.1171E+00  0.1171E+00
  0.2502E+00  0.1285E+00  0.1102E-01  0.1165E+00  0.1165E+00
  0.2508E+00  0.1432E+00  0.1080E-01  0.1159E+00  0.1159E+00
  0.2514E+00  0.1431E+00  0.1077E-01  0.1153E+00  0.1153E+00
  0.2520E+00  0.1229E+00  0.1050E-01  0.1147E+00  0.1147E+00
  0.2526E+00  0.1099E+00  0.1075E-01  0.1141E+00  0.1141E+00
  0.2532E+00  0.1067E+00  0.1062E-01  0.1136E+00  0.1136E+00
  0.2539E+00  0.1047E+00  0.1042E-01  0.1131E+00  0.1131E+00
  0.2545E+00  0.1083E+00  0.1053E-01  0.1126E+00  0.1126E+00
  0.2551E+00  0.1156E+00  0.1046E-01  0.1122E+00  0.1122E+00
  0.2557E+00  0.1132E+00  0.1060E-01  0.1117E+00  0.1117E+00
  0.2563E+00  0.1034E+00  0.1043E-01  0.1113E+00  0.1113E+00
  0.2569E+00  0.1002E+00  0.1042E-01  0.1109E+00  0.1109E+00
  0.2575E+00  0.1089E+00  0.1023E-01  0.1105E+00  0.1105E+00
  0.2581E+00  0.9739E-01  0.1031E-01  0.1102E+00  0.1102E+00
  0.2587E+00  0.9633E-01  0.1026E-01  0.1098E+00  0.1098E+00
  0.2593E+00  0.8722E-01  0.1035E-01  0.1095E+00  0.1095E+00
  0.2599E+00  0.1047E+00  0.1065E-01  0.1092E+00  0.1092E+00
  0.2605E+00  0.1045E+00  0.1009E-01  0.1089E+00  0.1089E+00
  0.2612E+00  0.1108E+00  0.1016E-01  0.1087E+00  0.1087E+00
  0.2618E+00  0.1089E+00  0.1058E-01  0.1084E+00  0.1084E+00
  0.2624E+00  0.1232E+00  0.1040E-01  0.1082E+00  0.1082E+00
  0.2630E+00  0.1221E+00  0.1022E-01  0.1080E+00  0.1080E+00
  0.2636E+00  0.1172E+00  0.1024E-01  0.1078E+00  0.1078E+00
  0.2642E+00  0.1136E+00  0.9902E-02  0.1077E+00  0.1077E+00
  0.2648E+00  0.1046E+00  0.1011E-01  0.1075E+00  0.1075E+00
  0.2654E+00  0.1152E+00  0.1046E-01  0.1074E+00  0.1074E+00
  0.2660E+00  0.1083E+00  0.1035E-01  0.1072E+00  0.1072E+00
  0.2666E+00  0.1095E+00  0.1044E-01  0.1071E+00  0.1071E+00
  0.2672E+00  0.9223E-01  0.1009E-01  0.1070E+00  0.1070E+00
  0.2678E+00  0.9747E-01  0.9981E-02  0.1070E+00  0.1070E+00
  0.2684E+00  0.9970E-01  0.1048E-01  0.1069E+00  0.1069E+00
  0.2691E+00  0.1068E+00  0.1096E-01  0.1068E+00  0.1068E+00
  0.2697E+00  0.1094E+00  0.1195E-01  0.1068E+00  0.1068E+00
  0.2703E+00  0.1126E+00  0.1030E-01  0.1067E+00  0.1067E+00
  0.2709E+00  0.1053E+00  0.9915E-02  0.1067E+00  0.1067E+00
  0.2715E+00  0.1003E+00  0.9853E-02  0.1067E+00  0.1067E+00
  0.2721E+00  0.1053E+00  0.9821E-02  0.1067E+00  0.1067E+00
  0.2727E+00  0.9726E-01  0.1019E-01  0.1067E+00  0.1067E+00
  0.2733E+00  0.1092E+00  0.9758E-02  0.1067E+00  0.1067E+00
  0.2739E+00  0.1198E+00  0.9750E-02  0.1067E+00  0.1067E+00
  0.2745E+00  0.1200E+00  0.9792E-02  0.1067E+00  0.1067E+00
  0.2751E+00  0.1186E+00  0.9474E-02  0.1068E+00  0.1068E+00
  0.2757E+00  0.1160E+00  0.9732E-02  0.1068E+00  0.1068E+00
  0.2763E+00  0.1124E+00  0.9938E-02  0.1068E+00  0.1068E+00
  0.2770E+00  0.1238E+00  0.9545E-02  0.1069E+00  0.1069E+00
  0.2776E+00  0.1091E+00  0.9552E-02  0.1069E+00  0.1069E+00
  0.2782E+00  0.1004E+00  0.9447E-02  0.1070E+00  0.1070E+00
  0.2788E+00  0.9795E-01  0.9270E-02  0.1070E+00  0.1070E+00
  0.2794E+00  0.9818E-01  0.9121E-02  0.1071E+00  0.1071E+00
  0.2800E+00  0.9780E-01  0.9690E-02  0.1071E+00  0.1071E+00
  0.2806E+00  0.8447E-01  0.9484E-02  0.1072E+00  0.1072E+00
  0.2812E+00  0.9608E-01  0.9525E-02  0.1073E+00  0.1073E+00
  0.2818E+00  0.1057E+00  0.9774E-02  0.1073E+00  0.1073E+00
  0.2824E+00  0.1167E+00  0.9483E-02  0.1074E+00  0.1074E+00
  0.2830E+00  0.1209E+00  0.9602E-02  0.1075E+00  0.1075E+00
  0.2836E+00  0.1262E+00  0.9368E-02  0.1075E+00  0.1075E+00
  0.2843E+00  0.1190E+00  0.9514E-02  0.1076E+00  0.1076E+00
  0.2849E+00  0.1180E+00  0.9510E-02  0.1077E+00  0.1077E+00
  0.2855E+00  0.9642E-01  0.9649E-02  0.1077E+00  0.1077E+00
  0.2861E+00  0.8784E-01  0.9198E-02  0.1078E+00  0.1078E+00
  0.2867E+00  0.8719E-01  0.9394E-02  0.1078E+00  0.1078E+00
  0.2873E+00  0.1047E+00  0.9327E-02  0.1079E+00  0.1079E+00
  0.2879E+00  0.9934E-01  0.9212E-02  0.1079E+00  0.1079E+00
  0.2885E+00  0.1051E+00  0.9285E-02  0.1080E+00  0.1080E+00
  0.2891E+00  0.1130E+00  0.9439E-02  0.1080E+00  0.1080E+00
  0.2897E+00  0.1063E+00  0.9163E-02  0.1081E+00  0.1081E+00
  0.2903E+00  0.1081E+00  0.9409E-02  0.1081E+00  0.1081E+00
  0.2909E+00  0.1085E+00  0.9519E-02  0.1082E+00  0.1082E+00
  0.2915E+00  0.9552E-01  0.9039E-02  0.1082E+00  0.1082E+00
  0.2922E+00  0.1032E+00  0.9206E-02  0.1082E+00  0.1082E+00
  0.2928E+00  0.1007E+00  0.1024E-01  0.1083E+00  0.1083E+00
  0.2934E+00  0.1122E+00  0.1174E-01  0.1083E+00  0.1083E+00
  0.2940E+00  0.1118E+00  0.9607E-02  0.1083E+00  0.1083E+00
  0.2946E+00  0.1116E+00  0.9117E-02  0.1083E+00  0.1083E+00
  0.2952E+00  0.1061E+00  0.9105E-02  0.1083E+00  0.1083E+00
  0.2958E+00  0.1066E+00  0.9339E-02  0.1084E+00  0.1084E+00
  0.2964E+00  0.1004E+00  0.9220E-02  0.1084E+00  0.1084E+00
  0.2970E+00  0.9625E-01  0.8850E-02  0.1084E+00  0.1084E+00
  0.2976E+00  0.1040E+00  0.9036E-02  0.1084E+00  0.1084E+00
  0.2982E+00  0.1040E+00  0.9353E-02  0.1084E+00  0.1084E+00
  0.2988E+00  0.1118E+00  0.9355E-02  0.1084E+00  0.1084E+00
  0.2995E+00  0.1128E+00  0.9624E-02  0.1083E+00  0.1083E+00
  0.3001E+00  0.1052E+00  0.9085E-02  0.1083E+00  0.1083E+00
  0.3007E+00  0.1132E+00  0.8704E-02  0.1083E+00  0.1083E+00
  0.3013E+00  0.1089E+00  0.8652E-02  0.1083E+00  0.1083E+00
  0.3019E+00  0.1158E+00  0.8819E-02  0.1083E+00  0.1083E+00
  0.3025E+00  0.1140E+00  0.8624E-02  0.1083E+00  0.1083E+00
  0.3031E+00  0.1146E+00  0.9340E-02  0.1082E+00  0.1082E+00
  0.3037E+00  0.1142E+00  0.9255E-02  0.1082E+00  0.1082E+00
  0.3043E+00  0.1099E+00  0.1058E-01  0.1082E+00  0.1082E+00
  0.3049E+00  0.1115E+00  0.9055E-02  0.1082E+00  0.1082E+00
  0.3055E+00  0.1086E+00  0.8623E-02  0.1081E+00  0.1081E+00
  0.3061E+00  0.1059E+00  0.8443E-02  0.1081E+00  0.1081E+00
  0.3067E+00  0.1033E+00  0.8389E-02  0.1081E+00  0.1081E+00
  0.3074E+00  0.1034E+00  0.8528E-02  0.1081E+00  0.1081E+00
  0.3080E+00  0.1136E+00  0.8429E-02  0.1080E+00  0.1080E+00
  0.3086E+00  0.1130E+00  0.8510E-02  0.1080E+00  0.1080E+00
  0.3092E+00  0.1101E+00  0.8531E-02  0.1080E+00  0.1080E+00
  0.3098E+00  0.1099E+00  0.8424E-02  0.1080E+00  0.1080E+00
  0.3104E+00  0.1089E+00  0.9232E-02  0.1079E+00  0.1079E+00
  0.3110E+00  0.1099E+00  0.9793E-02  0.1079E+00  0.1079E+00
  0.3116E+00  0.1113E+00  0.9410E-02  0.1079E+00  0.1079E+00
  0.3122E+00  0.1088E+00  0.1307E-01  0.1079E+00  0.1079E+00
  0.3128E+00  0.9743E-01  0.9882E-02  0.1079E+00  0.1079E+00
  0.3134E+00  0.1022E+00  0.9585E-02  0.1079E+00  0.1079E+00
  0.3140E+00  0.1073E+00  0.9329E-02  0.1079E+00  0.1079E+00
  0.3146E+00  0.1172E+00  0.9599E-02  0.1079E+00  0.1079E+00
  0.3153E+00  0.1070E+00  0.9929E-02  0.1079E+00  0.1079E+00
  0.3159E+00  0.1087E+00  0.1037E-01  0.1079E+00  0.1079E+00
  0.3165E+00  0.1132E+00  0.1128E-01  0.1079E+00  0.1079E+00
  0.3171E+00  0.1195E+00  0.1265E-01  0.1079E+00  0.1079E+00
  0.3177E+00  0.1095E+00  0.1080E-01  0.1079E+00  0.1079E+00
  0.3183E+00  0.1112E+00  0.1172E-01  0.1080E+00  0.1080E+00

           Distance distribution  function of particle  


       R          P(R)      ERROR

  0.0000E+00  0.0000E+00  0.0000E+00
  0.7320E+00  0.8766E-03  0.6083E-04
  0.1464E+01  0.1685E-02  0.1001E-03
  0.2196E+01  0.2433E-02  0.1192E-03
  0.2928E+01  0.3131E-02  0.1200E-03
  0.3660E+01  0.3793E-02  0.1051E-03
  0.4392E+01  0.4436E-02  0.7799E-04
  0.5124E+01  0.5081E-02  0.4229E-04
  0.5856E+01  0.5746E-02  0.1004E-04
  0.6588E+01  0.6453E-02  0.4455E-04
  0.7320E+01  0.7220E-02  0.8504E-04
  0.8052E+01  0.8063E-02  0.1208E-03
  0.8784E+01  0.8997E-02  0.1489E-03
  0.9516E+01  0.1003E-01  0.1674E-03
  0.1025E+02  0.1117E-01  0.1750E-03
  0.1098E+02  0.1242E-01  0.1711E-03
  0.1171E+02  0.1377E-01  0.1562E-03
  0.1244E+02  0.1522E-01  0.1313E-03
  0.1318E+02  0.1675E-01  0.9840E-04
  0.1391E+02  0.1834E-01  0.6070E-04
  0.1464E+02  0.1999E-01  0.2925E-04
  0.1537E+02  0.2166E-01  0.4487E-04
  0.1610E+02  0.2333E-01  0.8363E-04
  0.1684E+02  0.2498E-01  0.1212E-03
  0.1757E+02  0.2660E-01  0.1527E-03
  0.1830E+02  0.2815E-01  0.1757E-03
  0.1903E+02  0.2962E-01  0.1885E-03
  0.1976E+02  0.3100E-01  0.1903E-03
  0.2050E+02  0.3228E-01  0.1811E-03
  0.2123E+02  0.3344E-01  0.1616E-03
  0.2196E+02  0.3449E-01  0.1332E-03
  0.2269E+02  0.3543E-01  0.9865E-04
  0.2342E+02  0.3626E-01  0.6360E-04
  0.2416E+02  0.3698E-01  0.4559E-04
  0.2489E+02  0.3761E-01  0.6594E-04
  0.2562E+02  0.3815E-01  0.1018E-03
  0.2635E+02  0.3862E-01  0.1368E-03
  0.2708E+02  0.3903E-01  0.1656E-03
  0.2782E+02  0.3938E-01  0.1856E-03
  0.2855E+02  0.3968E-01  0.1952E-03
  0.2928E+02  0.3994E-01  0.1937E-03
  0.3001E+02  0.4016E-01  0.1814E-03
  0.3074E+02  0.4034E-01  0.1592E-03
  0.3148E+02  0.4047E-01  0.1297E-03
  0.3221E+02  0.4054E-01  0.9733E-04
  0.3294E+02  0.4055E-01  0.7250E-04
  0.3367E+02  0.4049E-01  0.7347E-04
  0.3440E+02  0.4034E-01  0.1005E-03
  0.3514E+02  0.4009E-01  0.1358E-03
  0.3587E+02  0.3973E-01  0.1691E-03
  0.3660E+02  0.3925E-01  0.1957E-03
  0.3733E+02  0.3864E-01  0.2128E-03
  0.3806E+02  0.3790E-01  0.2189E-03
  0.3880E+02  0.3702E-01  0.2134E-03
  0.3953E+02  0.3601E-01  0.1968E-03
  0.4026E+02  0.3488E-01  0.1708E-03
  0.4099E+02  0.3363E-01  0.1385E-03
  0.4172E+02  0.3229E-01  0.1062E-03
  0.4246E+02  0.3086E-01  0.8668E-04
  0.4319E+02  0.2938E-01  0.9447E-04
  0.4392E+02  0.2787E-01  0.1237E-03
  0.4465E+02  0.2634E-01  0.1587E-03
  0.4538E+02  0.2482E-01  0.1903E-03
  0.4612E+02  0.2334E-01  0.2137E-03
  0.4685E+02  0.2191E-01  0.2263E-03
  0.4758E+02  0.2055E-01  0.2267E-03
  0.4831E+02  0.1927E-01  0.2149E-03
  0.4904E+02  0.1807E-01  0.1924E-03
  0.4978E+02  0.1697E-01  0.1625E-03
  0.5051E+02  0.1596E-01  0.1320E-03
  0.5124E+02  0.1503E-01  0.1134E-03
  0.5197E+02  0.1417E-01  0.1202E-03
  0.5270E+02  0.1337E-01  0.1495E-03
  0.5344E+02  0.1261E-01  0.1873E-03
  0.5417E+02  0.1188E-01  0.2228E-03
  0.5490E+02  0.1116E-01  0.2497E-03
  0.5563E+02  0.1043E-01  0.2640E-03
  0.5636E+02  0.9689E-02  0.2637E-03
  0.5710E+02  0.8928E-02  0.2482E-03
  0.5783E+02  0.8146E-02  0.2188E-03
  0.5856E+02  0.7347E-02  0.1794E-03
  0.5929E+02  0.6541E-02  0.1393E-03
  0.6002E+02  0.5745E-02  0.1184E-03
  0.6076E+02  0.4979E-02  0.1369E-03
  0.6149E+02  0.4267E-02  0.1833E-03
  0.6222E+02  0.3635E-02  0.2355E-03
  0.6295E+02  0.3111E-02  0.2803E-03
  0.6368E+02  0.2718E-02  0.3100E-03
  0.6442E+02  0.2474E-02  0.3199E-03
  0.6515E+02  0.2391E-02  0.3077E-03
  0.6588E+02  0.2469E-02  0.2747E-03
  0.6661E+02  0.2695E-02  0.2279E-03
  0.6734E+02  0.3039E-02  0.1870E-03
  0.6808E+02  0.3453E-02  0.1875E-03
  0.6881E+02  0.3871E-02  0.2413E-03
  0.6954E+02  0.4203E-02  0.3162E-03
  0.7027E+02  0.4339E-02  0.3792E-03
  0.7100E+02  0.4148E-02  0.4043E-03
  0.7174E+02  0.3477E-02  0.3667E-03
  0.7247E+02  0.2157E-02  0.2410E-03
  0.7320E+02  0.0000E+00  0.0000E+00
          Reciprocal space: Rg =   25.10     , I(0) =   0.1805E+02
     Real space: Rg =   25.08 +- 0.035  I(0) =   0.1805E+02 +-  0.2325E-01
