
           ####    G N O M   ---   Version 4.5a revised 09/02/02     ####

                                                  Tue Apr 27 15:09:46 2010
           ===    Run No   1   ===
 Run title:  0.010641 16.905349 1.568323


  Number of points omitted at the beginning:          23
   *******   Working Directory :
   *******    Input file(s) :
           Condition P(rmin) = 0 is used. 
           Condition P(rmax) = 0 is used. 

          Experimental conditions for the first run
          -----------------------------------------

          Highest ALPHA is found to be   0.1799E+03

  The measure of inconsistency AN1 equals to    0.1009E+01

          Warning: using the chosen range in the real space 
             it is not possible to fit the data set within the
             given error band. 
     Alpha    Discrp  Oscill  Stabil  Sysdev  Positv  Valcen    Total   
  0.1799E+06 67.0851  1.1147  0.9340  0.0000  1.0000  0.8787  0.33817
  0.3598E+05 55.9535  1.1004  0.7688  0.3464  1.0000  0.8840  0.39734
  0.7195E+04 33.7179  1.0670  0.4524  0.0289  1.0000  0.9006  0.34394
  0.1439E+04 14.5726  1.0702  0.1911  0.0619  1.0000  0.9246  0.37176
  0.2878E+03  5.1439  1.1378  0.0699  0.3381  1.0000  0.9436  0.56924
  0.5756E+02  1.6704  1.2110  0.0308  0.4866  1.0000  0.9543  0.68208
  0.1151E+02  0.8254  1.2461  0.0109  0.6804  1.0000  0.9575  0.86547
  0.2302E+01  0.7135  1.2630  0.0094  0.6887  1.0000  0.9582  0.88107
  0.4605E+00  0.6583  1.3189  0.0260  0.7134  1.0000  0.9583  0.88023
  0.9210E-01  0.5995  1.5357  0.0275  0.7381  1.0000  0.9569  0.83793
  0.1842E-01  0.5749  1.8863  0.0622  0.7670  0.9998  0.9534  0.71198
  0.3684E-02  0.5510  3.0727  0.1284  0.7423  0.9971  0.9394  0.54012
  0.7368E-03  0.5370  4.5906  0.0812  0.7918  0.9904  0.9141  0.62530
  0.1474E-03  0.5350  5.1683  0.0494  0.7918  0.9861  0.9003  0.66459
  0.2947E-04  0.5348  5.4119  0.0710  0.7835  0.9826  0.8902  0.62553
  0.5894E-05  0.5347  6.0912  0.1677  0.7753  0.9700  0.8627  0.48411
  0.1179E-05  0.5345  9.5817  0.5786  0.7835  0.9119  0.7367  0.39349
  0.2358E-06  0.5341 12.5633  0.5868  0.7753  0.8158  0.3983  0.35118
  0.4715E-07  0.5337 13.6863  0.2969  0.7835  0.7620  0.3711  0.00000

          ***  Golden section search to maximize estimate ***
     Alpha    Discrp  Oscill  Stabil  Sysdev  Positv  Valcen    Total   
  0.4258E+01  0.7355  1.2568  0.0075  0.6804  1.0000  0.9581  0.87617
  0.1821E+01  0.7065  1.2661  0.0111  0.6887  1.0000  0.9583  0.88044
  0.2912E+01  0.7209  1.2604  0.0082  0.6887  1.0000  0.9582  0.88137
  0.3367E+01  0.7260  1.2590  0.0078  0.6887  1.0000  0.9582  0.88139
  0.3682E+01  0.7294  1.2581  0.0076  0.6887  1.0000  0.9581  0.88135
  0.3185E+01  0.7240  1.2595  0.0079  0.6887  1.0000  0.9582  0.88140
  0.3078E+01  0.7228  1.2599  0.0080  0.6887  1.0000  0.9582  0.88139
  0.3253E+01  0.7247  1.2593  0.0079  0.6887  1.0000  0.9582  0.88140
  0.3296E+01  0.7252  1.2592  0.0078  0.6887  1.0000  0.9582  0.88140
  0.3227E+01  0.7244  1.2594  0.0079  0.6887  1.0000  0.9582  0.88140
  0.3211E+01  0.7242  1.2594  0.0079  0.6887  1.0000  0.9582  0.88140
  0.3237E+01  0.7245  1.2594  0.0079  0.6887  1.0000  0.9582  0.88140
  0.3243E+01  0.7246  1.2593  0.0079  0.6887  1.0000  0.9582  0.88140
  0.3233E+01  0.7245  1.2594  0.0079  0.6887  1.0000  0.9582  0.88140
  0.3231E+01  0.7245  1.2594  0.0079  0.6887  1.0000  0.9582  0.88140
  0.3233E+01  0.7245  1.2594  0.0079  0.6887  1.0000  0.9582  0.88140



             ####            Final results            ####

 Parameter    DISCRP    OSCILL    STABIL    SYSDEV    POSITV    VALCEN
 Weight        1.000     3.000     3.000     5.000     1.000     1.000
 Sigma         0.300     0.600     0.120     0.500     0.120     0.120
 Ideal         0.700     1.200     0.000     1.000     1.000     0.950
 Current       0.724     1.259     0.008     0.689     1.000     0.958
                - - - - - - - - - - - - - - - - - - - - - - - - - 
 Estimate      0.993     0.990     0.996     0.679     1.000     0.995

  Angular   range    :     from    0.0252   to    0.3201
  Real space range   :     from      0.00   to     75.61

  Highest ALPHA (theor) :   0.180E+06                 JOB = 0
  Current ALPHA         :   0.323E+01   Rg :  0.254E+02   I(0) :   0.231E+02

           Total  estimate : 0.881  which is    A GOOD      solution

      S          J EXP       ERROR       J REG       I REG

  0.0000E+00                                      0.2307E+02
  0.9013E-03                                      0.2307E+02
  0.1803E-02                                      0.2306E+02
  0.2704E-02                                      0.2304E+02
  0.3605E-02                                      0.2301E+02
  0.4506E-02                                      0.2297E+02
  0.5408E-02                                      0.2293E+02
  0.6309E-02                                      0.2288E+02
  0.7210E-02                                      0.2282E+02
  0.8111E-02                                      0.2275E+02
  0.9013E-02                                      0.2267E+02
  0.9914E-02                                      0.2259E+02
  0.1082E-01                                      0.2250E+02
  0.1172E-01                                      0.2240E+02
  0.1262E-01                                      0.2230E+02
  0.1352E-01                                      0.2219E+02
  0.1442E-01                                      0.2207E+02
  0.1532E-01                                      0.2194E+02
  0.1622E-01                                      0.2181E+02
  0.1712E-01                                      0.2167E+02
  0.1803E-01                                      0.2152E+02
  0.1893E-01                                      0.2137E+02
  0.1983E-01                                      0.2121E+02
  0.2073E-01                                      0.2104E+02
  0.2163E-01                                      0.2087E+02
  0.2253E-01                                      0.2069E+02
  0.2343E-01                                      0.2051E+02
  0.2433E-01                                      0.2032E+02
  0.2524E-01  0.2020E+02  0.1145E+00  0.2013E+02  0.2013E+02
  0.2584E-01  0.1981E+02  0.1384E+00  0.1999E+02  0.1999E+02
  0.2645E-01  0.1978E+02  0.1505E+00  0.1986E+02  0.1986E+02
  0.2706E-01  0.1972E+02  0.1208E+00  0.1972E+02  0.1972E+02
  0.2767E-01  0.1955E+02  0.1620E+00  0.1958E+02  0.1958E+02
  0.2828E-01  0.1941E+02  0.9782E-01  0.1943E+02  0.1943E+02
  0.2888E-01  0.1941E+02  0.1157E+00  0.1929E+02  0.1929E+02
  0.2949E-01  0.1915E+02  0.1044E+00  0.1914E+02  0.1914E+02
  0.3010E-01  0.1912E+02  0.1477E+00  0.1899E+02  0.1899E+02
  0.3071E-01  0.1882E+02  0.1067E+00  0.1884E+02  0.1884E+02
  0.3132E-01  0.1873E+02  0.1347E+00  0.1869E+02  0.1869E+02
  0.3192E-01  0.1858E+02  0.1006E+00  0.1853E+02  0.1853E+02
  0.3253E-01  0.1826E+02  0.1243E+00  0.1838E+02  0.1838E+02
  0.3314E-01  0.1841E+02  0.1059E+00  0.1822E+02  0.1822E+02
  0.3375E-01  0.1826E+02  0.1308E+00  0.1806E+02  0.1806E+02
  0.3436E-01  0.1804E+02  0.1205E+00  0.1790E+02  0.1790E+02
  0.3497E-01  0.1775E+02  0.1163E+00  0.1774E+02  0.1774E+02
  0.3557E-01  0.1751E+02  0.1204E+00  0.1758E+02  0.1758E+02
  0.3618E-01  0.1752E+02  0.1054E+00  0.1741E+02  0.1741E+02
  0.3679E-01  0.1735E+02  0.9988E-01  0.1724E+02  0.1724E+02
  0.3740E-01  0.1709E+02  0.1009E+00  0.1708E+02  0.1708E+02
  0.3801E-01  0.1703E+02  0.1074E+00  0.1691E+02  0.1691E+02
  0.3861E-01  0.1696E+02  0.9751E-01  0.1674E+02  0.1674E+02
  0.3922E-01  0.1679E+02  0.9570E-01  0.1657E+02  0.1657E+02
  0.3983E-01  0.1664E+02  0.9398E-01  0.1640E+02  0.1640E+02
  0.4044E-01  0.1632E+02  0.9387E-01  0.1622E+02  0.1622E+02
  0.4105E-01  0.1615E+02  0.7670E-01  0.1605E+02  0.1605E+02
  0.4165E-01  0.1586E+02  0.8675E-01  0.1588E+02  0.1588E+02
  0.4226E-01  0.1565E+02  0.8797E-01  0.1570E+02  0.1570E+02
  0.4287E-01  0.1551E+02  0.1073E+00  0.1553E+02  0.1553E+02
  0.4348E-01  0.1541E+02  0.8102E-01  0.1535E+02  0.1535E+02
  0.4409E-01  0.1503E+02  0.8952E-01  0.1518E+02  0.1518E+02
  0.4469E-01  0.1506E+02  0.9081E-01  0.1500E+02  0.1500E+02
  0.4530E-01  0.1503E+02  0.8886E-01  0.1482E+02  0.1482E+02
  0.4591E-01  0.1493E+02  0.8815E-01  0.1464E+02  0.1464E+02
  0.4652E-01  0.1470E+02  0.7616E-01  0.1447E+02  0.1447E+02
  0.4713E-01  0.1446E+02  0.9703E-01  0.1429E+02  0.1429E+02
  0.4773E-01  0.1421E+02  0.8080E-01  0.1411E+02  0.1411E+02
  0.4834E-01  0.1400E+02  0.8828E-01  0.1393E+02  0.1393E+02
  0.4895E-01  0.1388E+02  0.8121E-01  0.1375E+02  0.1375E+02
  0.4956E-01  0.1356E+02  0.7970E-01  0.1358E+02  0.1358E+02
  0.5017E-01  0.1341E+02  0.7985E-01  0.1340E+02  0.1340E+02
  0.5078E-01  0.1306E+02  0.7934E-01  0.1322E+02  0.1322E+02
  0.5138E-01  0.1301E+02  0.7370E-01  0.1304E+02  0.1304E+02
  0.5199E-01  0.1274E+02  0.7309E-01  0.1286E+02  0.1286E+02
  0.5260E-01  0.1256E+02  0.6142E-01  0.1269E+02  0.1269E+02
  0.5321E-01  0.1234E+02  0.7390E-01  0.1251E+02  0.1251E+02
  0.5382E-01  0.1231E+02  0.6408E-01  0.1233E+02  0.1233E+02
  0.5442E-01  0.1205E+02  0.7544E-01  0.1216E+02  0.1216E+02
  0.5503E-01  0.1192E+02  0.7010E-01  0.1198E+02  0.1198E+02
  0.5564E-01  0.1169E+02  0.7337E-01  0.1181E+02  0.1181E+02
  0.5625E-01  0.1150E+02  0.6647E-01  0.1163E+02  0.1163E+02
  0.5686E-01  0.1148E+02  0.7498E-01  0.1146E+02  0.1146E+02
  0.5746E-01  0.1118E+02  0.6607E-01  0.1129E+02  0.1129E+02
  0.5807E-01  0.1109E+02  0.6538E-01  0.1111E+02  0.1111E+02
  0.5868E-01  0.1093E+02  0.6439E-01  0.1094E+02  0.1094E+02
  0.5929E-01  0.1067E+02  0.6648E-01  0.1077E+02  0.1077E+02
  0.5990E-01  0.1054E+02  0.7468E-01  0.1060E+02  0.1060E+02
  0.6050E-01  0.1030E+02  0.7255E-01  0.1043E+02  0.1043E+02
  0.6111E-01  0.1017E+02  0.8117E-01  0.1026E+02  0.1026E+02
  0.6172E-01  0.9899E+01  0.6111E-01  0.1010E+02  0.1010E+02
  0.6233E-01  0.9752E+01  0.7042E-01  0.9931E+01  0.9931E+01
  0.6294E-01  0.9676E+01  0.6223E-01  0.9766E+01  0.9766E+01
  0.6354E-01  0.9474E+01  0.6423E-01  0.9602E+01  0.9602E+01
  0.6415E-01  0.9327E+01  0.6945E-01  0.9439E+01  0.9439E+01
  0.6476E-01  0.9308E+01  0.6602E-01  0.9278E+01  0.9278E+01
  0.6537E-01  0.9098E+01  0.6261E-01  0.9117E+01  0.9117E+01
  0.6598E-01  0.8916E+01  0.6949E-01  0.8958E+01  0.8958E+01
  0.6659E-01  0.8760E+01  0.6562E-01  0.8800E+01  0.8800E+01
  0.6719E-01  0.8460E+01  0.6512E-01  0.8643E+01  0.8643E+01
  0.6780E-01  0.8439E+01  0.6645E-01  0.8488E+01  0.8488E+01
  0.6841E-01  0.8246E+01  0.5708E-01  0.8334E+01  0.8334E+01
  0.6902E-01  0.8118E+01  0.6452E-01  0.8181E+01  0.8181E+01
  0.6963E-01  0.8022E+01  0.6111E-01  0.8030E+01  0.8030E+01
  0.7023E-01  0.7886E+01  0.5619E-01  0.7880E+01  0.7880E+01
  0.7084E-01  0.7630E+01  0.6186E-01  0.7732E+01  0.7732E+01
  0.7145E-01  0.7634E+01  0.6046E-01  0.7585E+01  0.7585E+01
  0.7206E-01  0.7499E+01  0.5944E-01  0.7440E+01  0.7440E+01
  0.7267E-01  0.7419E+01  0.6023E-01  0.7296E+01  0.7296E+01
  0.7327E-01  0.7111E+01  0.5617E-01  0.7154E+01  0.7154E+01
  0.7388E-01  0.7081E+01  0.5385E-01  0.7013E+01  0.7013E+01
  0.7449E-01  0.6790E+01  0.5876E-01  0.6873E+01  0.6873E+01
  0.7510E-01  0.6848E+01  0.5972E-01  0.6736E+01  0.6736E+01
  0.7571E-01  0.6628E+01  0.6152E-01  0.6600E+01  0.6600E+01
  0.7631E-01  0.6489E+01  0.5957E-01  0.6465E+01  0.6465E+01
  0.7692E-01  0.6348E+01  0.5808E-01  0.6332E+01  0.6332E+01
  0.7753E-01  0.6259E+01  0.5411E-01  0.6201E+01  0.6201E+01
  0.7814E-01  0.6150E+01  0.6131E-01  0.6072E+01  0.6072E+01
  0.7875E-01  0.6015E+01  0.5694E-01  0.5944E+01  0.5944E+01
  0.7935E-01  0.5836E+01  0.5441E-01  0.5817E+01  0.5817E+01
  0.7996E-01  0.5694E+01  0.5773E-01  0.5693E+01  0.5693E+01
  0.8057E-01  0.5537E+01  0.4934E-01  0.5570E+01  0.5570E+01
  0.8118E-01  0.5420E+01  0.5631E-01  0.5448E+01  0.5448E+01
  0.8179E-01  0.5379E+01  0.5237E-01  0.5329E+01  0.5329E+01
  0.8239E-01  0.5261E+01  0.5068E-01  0.5211E+01  0.5211E+01
  0.8300E-01  0.5113E+01  0.4925E-01  0.5095E+01  0.5095E+01
  0.8361E-01  0.5006E+01  0.4952E-01  0.4980E+01  0.4980E+01
  0.8422E-01  0.4960E+01  0.5065E-01  0.4867E+01  0.4867E+01
  0.8483E-01  0.4830E+01  0.5648E-01  0.4756E+01  0.4756E+01
  0.8544E-01  0.4735E+01  0.4633E-01  0.4646E+01  0.4646E+01
  0.8604E-01  0.4643E+01  0.5336E-01  0.4538E+01  0.4538E+01
  0.8665E-01  0.4438E+01  0.4222E-01  0.4432E+01  0.4432E+01
  0.8726E-01  0.4388E+01  0.4933E-01  0.4328E+01  0.4328E+01
  0.8787E-01  0.4318E+01  0.4625E-01  0.4225E+01  0.4225E+01
  0.8848E-01  0.4131E+01  0.5296E-01  0.4124E+01  0.4124E+01
  0.8908E-01  0.4118E+01  0.4651E-01  0.4025E+01  0.4025E+01
  0.8969E-01  0.3925E+01  0.5010E-01  0.3927E+01  0.3927E+01
  0.9030E-01  0.3914E+01  0.4919E-01  0.3831E+01  0.3831E+01
  0.9091E-01  0.3774E+01  0.5153E-01  0.3736E+01  0.3736E+01
  0.9152E-01  0.3642E+01  0.5063E-01  0.3644E+01  0.3644E+01
  0.9212E-01  0.3525E+01  0.4605E-01  0.3553E+01  0.3553E+01
  0.9273E-01  0.3530E+01  0.4587E-01  0.3463E+01  0.3463E+01
  0.9334E-01  0.3437E+01  0.5254E-01  0.3375E+01  0.3375E+01
  0.9395E-01  0.3317E+01  0.4447E-01  0.3289E+01  0.3289E+01
  0.9456E-01  0.3243E+01  0.4762E-01  0.3204E+01  0.3204E+01
  0.9516E-01  0.3129E+01  0.4502E-01  0.3121E+01  0.3121E+01
  0.9577E-01  0.3077E+01  0.5032E-01  0.3039E+01  0.3039E+01
  0.9638E-01  0.2977E+01  0.4535E-01  0.2959E+01  0.2959E+01
  0.9699E-01  0.2975E+01  0.4684E-01  0.2881E+01  0.2881E+01
  0.9760E-01  0.2778E+01  0.4604E-01  0.2804E+01  0.2804E+01
  0.9820E-01  0.2755E+01  0.4707E-01  0.2729E+01  0.2729E+01
  0.9881E-01  0.2672E+01  0.4905E-01  0.2655E+01  0.2655E+01
  0.9942E-01  0.2588E+01  0.4049E-01  0.2583E+01  0.2583E+01
  0.1000E+00  0.2486E+01  0.5004E-01  0.2512E+01  0.2512E+01
  0.1006E+00  0.2460E+01  0.4837E-01  0.2442E+01  0.2442E+01
  0.1012E+00  0.2386E+01  0.4672E-01  0.2375E+01  0.2375E+01
  0.1019E+00  0.2427E+01  0.4634E-01  0.2308E+01  0.2308E+01
  0.1025E+00  0.2262E+01  0.5080E-01  0.2243E+01  0.2243E+01
  0.1031E+00  0.2266E+01  0.4379E-01  0.2179E+01  0.2179E+01
  0.1037E+00  0.2167E+01  0.4362E-01  0.2117E+01  0.2117E+01
  0.1043E+00  0.2037E+01  0.4278E-01  0.2056E+01  0.2056E+01
  0.1049E+00  0.1987E+01  0.4689E-01  0.1997E+01  0.1997E+01
  0.1055E+00  0.1892E+01  0.4402E-01  0.1939E+01  0.1939E+01
  0.1061E+00  0.1855E+01  0.4927E-01  0.1882E+01  0.1882E+01
  0.1067E+00  0.1721E+01  0.4581E-01  0.1826E+01  0.1826E+01
  0.1073E+00  0.1716E+01  0.4420E-01  0.1772E+01  0.1772E+01
  0.1079E+00  0.1700E+01  0.4676E-01  0.1719E+01  0.1719E+01
  0.1085E+00  0.1654E+01  0.4493E-01  0.1667E+01  0.1667E+01
  0.1091E+00  0.1627E+01  0.4547E-01  0.1617E+01  0.1617E+01
  0.1098E+00  0.1564E+01  0.4397E-01  0.1568E+01  0.1568E+01
  0.1104E+00  0.1459E+01  0.4078E-01  0.1519E+01  0.1519E+01
  0.1110E+00  0.1454E+01  0.4002E-01  0.1473E+01  0.1473E+01
  0.1116E+00  0.1477E+01  0.4488E-01  0.1427E+01  0.1427E+01
  0.1122E+00  0.1365E+01  0.3848E-01  0.1382E+01  0.1382E+01
  0.1128E+00  0.1373E+01  0.3958E-01  0.1339E+01  0.1339E+01
  0.1134E+00  0.1320E+01  0.6667E-01  0.1297E+01  0.1297E+01
  0.1140E+00  0.1235E+01  0.4100E-01  0.1255E+01  0.1255E+01
  0.1146E+00  0.1237E+01  0.5479E-01  0.1215E+01  0.1215E+01
  0.1152E+00  0.1228E+01  0.4484E-01  0.1176E+01  0.1176E+01
  0.1158E+00  0.1158E+01  0.3804E-01  0.1138E+01  0.1138E+01
  0.1164E+00  0.1058E+01  0.4074E-01  0.1101E+01  0.1101E+01
  0.1171E+00  0.1036E+01  0.4018E-01  0.1065E+01  0.1065E+01
  0.1177E+00  0.9806E+00  0.4062E-01  0.1030E+01  0.1030E+01
  0.1183E+00  0.9955E+00  0.3969E-01  0.9963E+00  0.9963E+00
  0.1189E+00  0.9580E+00  0.4223E-01  0.9632E+00  0.9632E+00
  0.1195E+00  0.9315E+00  0.4051E-01  0.9311E+00  0.9311E+00
  0.1201E+00  0.9899E+00  0.3780E-01  0.8999E+00  0.8999E+00
  0.1207E+00  0.9773E+00  0.3978E-01  0.8696E+00  0.8696E+00
  0.1213E+00  0.8940E+00  0.3823E-01  0.8402E+00  0.8402E+00
  0.1219E+00  0.8729E+00  0.4104E-01  0.8116E+00  0.8116E+00
  0.1225E+00  0.8056E+00  0.3751E-01  0.7839E+00  0.7839E+00
  0.1231E+00  0.7225E+00  0.3711E-01  0.7570E+00  0.7570E+00
  0.1237E+00  0.7263E+00  0.3789E-01  0.7310E+00  0.7310E+00
  0.1244E+00  0.6419E+00  0.3740E-01  0.7057E+00  0.7057E+00
  0.1250E+00  0.6630E+00  0.3934E-01  0.6812E+00  0.6812E+00
  0.1256E+00  0.6028E+00  0.3908E-01  0.6575E+00  0.6575E+00
  0.1262E+00  0.5820E+00  0.3946E-01  0.6345E+00  0.6345E+00
  0.1268E+00  0.6332E+00  0.3643E-01  0.6123E+00  0.6123E+00
  0.1274E+00  0.5511E+00  0.3680E-01  0.5908E+00  0.5908E+00
  0.1280E+00  0.5368E+00  0.3550E-01  0.5700E+00  0.5700E+00
  0.1286E+00  0.5161E+00  0.4048E-01  0.5499E+00  0.5499E+00
  0.1292E+00  0.5426E+00  0.3930E-01  0.5305E+00  0.5305E+00
  0.1298E+00  0.4753E+00  0.4020E-01  0.5117E+00  0.5117E+00
  0.1304E+00  0.5190E+00  0.3642E-01  0.4936E+00  0.4936E+00
  0.1310E+00  0.4408E+00  0.3833E-01  0.4761E+00  0.4761E+00
  0.1316E+00  0.5031E+00  0.3404E-01  0.4592E+00  0.4592E+00
  0.1323E+00  0.4378E+00  0.3939E-01  0.4430E+00  0.4430E+00
  0.1329E+00  0.4090E+00  0.3796E-01  0.4273E+00  0.4273E+00
  0.1335E+00  0.3499E+00  0.3994E-01  0.4122E+00  0.4122E+00
  0.1341E+00  0.3389E+00  0.4036E-01  0.3976E+00  0.3976E+00
  0.1347E+00  0.3069E+00  0.3755E-01  0.3836E+00  0.3836E+00
  0.1353E+00  0.3485E+00  0.3858E-01  0.3701E+00  0.3701E+00
  0.1359E+00  0.3179E+00  0.3849E-01  0.3572E+00  0.3572E+00
  0.1365E+00  0.3131E+00  0.3943E-01  0.3447E+00  0.3447E+00
  0.1371E+00  0.2266E+00  0.3810E-01  0.3328E+00  0.3328E+00
  0.1377E+00  0.1639E+00  0.3790E-01  0.3213E+00  0.3213E+00
  0.1383E+00  0.2573E+00  0.3666E-01  0.3103E+00  0.3103E+00
  0.1389E+00  0.3037E+00  0.3986E-01  0.2997E+00  0.2997E+00
  0.1396E+00  0.2159E+00  0.3626E-01  0.2896E+00  0.2896E+00
  0.1402E+00  0.2071E+00  0.4208E-01  0.2800E+00  0.2800E+00
  0.1408E+00  0.1605E+00  0.3799E-01  0.2708E+00  0.2708E+00
  0.1414E+00  0.1765E+00  0.4101E-01  0.2619E+00  0.2619E+00
  0.1420E+00  0.1972E+00  0.3642E-01  0.2535E+00  0.2535E+00
  0.1426E+00  0.1569E+00  0.3806E-01  0.2454E+00  0.2454E+00
  0.1432E+00  0.2078E+00  0.3498E-01  0.2378E+00  0.2378E+00
  0.1438E+00  0.2041E+00  0.3669E-01  0.2305E+00  0.2305E+00
  0.1444E+00  0.1574E+00  0.3564E-01  0.2236E+00  0.2236E+00
  0.1450E+00  0.1912E+00  0.3609E-01  0.2170E+00  0.2170E+00
  0.1456E+00  0.1868E+00  0.3682E-01  0.2107E+00  0.2107E+00
  0.1462E+00  0.2404E+00  0.3645E-01  0.2048E+00  0.2048E+00
  0.1468E+00  0.1655E+00  0.3487E-01  0.1992E+00  0.1992E+00
  0.1475E+00  0.2146E+00  0.3808E-01  0.1939E+00  0.1939E+00
  0.1481E+00  0.2497E+00  0.3546E-01  0.1889E+00  0.1889E+00
  0.1487E+00  0.2104E+00  0.3457E-01  0.1842E+00  0.1842E+00
  0.1493E+00  0.2275E+00  0.3543E-01  0.1798E+00  0.1798E+00
  0.1499E+00  0.2075E+00  0.3471E-01  0.1757E+00  0.1757E+00
  0.1505E+00  0.1578E+00  0.3468E-01  0.1718E+00  0.1718E+00
  0.1511E+00  0.1760E+00  0.3500E-01  0.1681E+00  0.1681E+00
  0.1517E+00  0.1842E+00  0.3553E-01  0.1648E+00  0.1648E+00
  0.1523E+00  0.1688E+00  0.3378E-01  0.1616E+00  0.1616E+00
  0.1529E+00  0.1855E+00  0.3511E-01  0.1587E+00  0.1587E+00
  0.1535E+00  0.2180E+00  0.3152E-01  0.1560E+00  0.1560E+00
  0.1541E+00  0.1449E+00  0.3595E-01  0.1535E+00  0.1535E+00
  0.1548E+00  0.1588E+00  0.3376E-01  0.1513E+00  0.1513E+00
  0.1554E+00  0.9500E-01  0.3239E-01  0.1492E+00  0.1492E+00
  0.1560E+00  0.9304E-01  0.3405E-01  0.1473E+00  0.1473E+00
  0.1566E+00  0.1305E+00  0.3425E-01  0.1456E+00  0.1456E+00
  0.1572E+00  0.1675E+00  0.3425E-01  0.1441E+00  0.1441E+00
  0.1578E+00  0.1184E+00  0.3423E-01  0.1428E+00  0.1428E+00
  0.1584E+00  0.1922E+00  0.3326E-01  0.1416E+00  0.1416E+00
  0.1590E+00  0.1224E+00  0.3358E-01  0.1406E+00  0.1406E+00
  0.1596E+00  0.1602E+00  0.3311E-01  0.1397E+00  0.1397E+00
  0.1602E+00  0.1664E+00  0.3467E-01  0.1390E+00  0.1390E+00
  0.1608E+00  0.1812E+00  0.3222E-01  0.1384E+00  0.1384E+00
  0.1614E+00  0.1616E+00  0.3365E-01  0.1380E+00  0.1380E+00
  0.1620E+00  0.1578E+00  0.3430E-01  0.1376E+00  0.1376E+00
  0.1627E+00  0.1166E+00  0.3341E-01  0.1374E+00  0.1374E+00
  0.1633E+00  0.1166E+00  0.3256E-01  0.1374E+00  0.1374E+00
  0.1639E+00  0.1307E+00  0.3260E-01  0.1374E+00  0.1374E+00
  0.1645E+00  0.1251E+00  0.3352E-01  0.1375E+00  0.1375E+00
  0.1651E+00  0.1338E+00  0.3414E-01  0.1377E+00  0.1377E+00
  0.1657E+00  0.1866E+00  0.3197E-01  0.1380E+00  0.1380E+00
  0.1663E+00  0.1368E+00  0.3133E-01  0.1385E+00  0.1385E+00
  0.1669E+00  0.8964E-01  0.3181E-01  0.1389E+00  0.1389E+00
  0.1675E+00  0.1078E+00  0.3296E-01  0.1395E+00  0.1395E+00
  0.1681E+00  0.1501E+00  0.3245E-01  0.1401E+00  0.1401E+00
  0.1687E+00  0.1203E+00  0.3284E-01  0.1408E+00  0.1408E+00
  0.1693E+00  0.1212E+00  0.3265E-01  0.1416E+00  0.1416E+00
  0.1700E+00  0.1296E+00  0.3415E-01  0.1424E+00  0.1424E+00
  0.1706E+00  0.8843E-01  0.3394E-01  0.1433E+00  0.1433E+00
  0.1712E+00  0.1288E+00  0.3303E-01  0.1442E+00  0.1442E+00
  0.1718E+00  0.1350E+00  0.3156E-01  0.1452E+00  0.1452E+00
  0.1724E+00  0.1206E+00  0.3260E-01  0.1462E+00  0.1462E+00
  0.1730E+00  0.1242E+00  0.3409E-01  0.1473E+00  0.1473E+00
  0.1736E+00  0.1074E+00  0.3529E-01  0.1483E+00  0.1483E+00
  0.1742E+00  0.1261E+00  0.3296E-01  0.1494E+00  0.1494E+00
  0.1748E+00  0.1728E+00  0.3786E-01  0.1506E+00  0.1506E+00
  0.1754E+00  0.1225E+00  0.3413E-01  0.1517E+00  0.1517E+00
  0.1760E+00  0.2357E+00  0.3237E-01  0.1529E+00  0.1529E+00
  0.1766E+00  0.1618E+00  0.3312E-01  0.1541E+00  0.1541E+00
  0.1773E+00  0.1644E+00  0.3640E-01  0.1553E+00  0.1553E+00
  0.1779E+00  0.1087E+00  0.3220E-01  0.1565E+00  0.1565E+00
  0.1785E+00  0.1470E+00  0.3431E-01  0.1577E+00  0.1577E+00
  0.1791E+00  0.1554E+00  0.3188E-01  0.1589E+00  0.1589E+00
  0.1797E+00  0.2376E+00  0.3033E-01  0.1601E+00  0.1601E+00
  0.1803E+00  0.2016E+00  0.3012E-01  0.1613E+00  0.1613E+00
  0.1809E+00  0.2060E+00  0.3118E-01  0.1625E+00  0.1625E+00
  0.1815E+00  0.2210E+00  0.3230E-01  0.1637E+00  0.1637E+00
  0.1821E+00  0.2304E+00  0.3316E-01  0.1649E+00  0.1649E+00
  0.1827E+00  0.2278E+00  0.3365E-01  0.1660E+00  0.1660E+00
  0.1833E+00  0.2602E+00  0.3212E-01  0.1671E+00  0.1671E+00
  0.1839E+00  0.1766E+00  0.3257E-01  0.1682E+00  0.1682E+00
  0.1845E+00  0.1817E+00  0.3190E-01  0.1693E+00  0.1693E+00
  0.1852E+00  0.1956E+00  0.3097E-01  0.1704E+00  0.1704E+00
  0.1858E+00  0.2131E+00  0.3294E-01  0.1714E+00  0.1714E+00
  0.1864E+00  0.1881E+00  0.3168E-01  0.1724E+00  0.1724E+00
  0.1870E+00  0.2181E+00  0.3175E-01  0.1734E+00  0.1734E+00
  0.1876E+00  0.2019E+00  0.3153E-01  0.1743E+00  0.1743E+00
  0.1882E+00  0.2139E+00  0.3148E-01  0.1753E+00  0.1753E+00
  0.1888E+00  0.2149E+00  0.2989E-01  0.1761E+00  0.1761E+00
  0.1894E+00  0.2525E+00  0.3128E-01  0.1770E+00  0.1770E+00
  0.1900E+00  0.2420E+00  0.3030E-01  0.1777E+00  0.1777E+00
  0.1906E+00  0.2661E+00  0.3099E-01  0.1785E+00  0.1785E+00
  0.1912E+00  0.1925E+00  0.3103E-01  0.1792E+00  0.1792E+00
  0.1918E+00  0.2087E+00  0.2964E-01  0.1799E+00  0.1799E+00
  0.1925E+00  0.2152E+00  0.3105E-01  0.1805E+00  0.1805E+00
  0.1931E+00  0.1734E+00  0.3018E-01  0.1810E+00  0.1810E+00
  0.1937E+00  0.1531E+00  0.3051E-01  0.1816E+00  0.1816E+00
  0.1943E+00  0.1704E+00  0.2959E-01  0.1820E+00  0.1820E+00
  0.1949E+00  0.1172E+00  0.2933E-01  0.1825E+00  0.1825E+00
  0.1955E+00  0.1879E+00  0.2923E-01  0.1829E+00  0.1829E+00
  0.1961E+00  0.2310E+00  0.2999E-01  0.1832E+00  0.1832E+00
  0.1967E+00  0.2020E+00  0.3011E-01  0.1835E+00  0.1835E+00
  0.1973E+00  0.1719E+00  0.2817E-01  0.1837E+00  0.1837E+00
  0.1979E+00  0.1815E+00  0.3012E-01  0.1839E+00  0.1839E+00
  0.1985E+00  0.1393E+00  0.2854E-01  0.1840E+00  0.1840E+00
  0.1991E+00  0.1653E+00  0.2951E-01  0.1841E+00  0.1841E+00
  0.1997E+00  0.2169E+00  0.2892E-01  0.1841E+00  0.1841E+00
  0.2004E+00  0.2106E+00  0.2940E-01  0.1841E+00  0.1841E+00
  0.2010E+00  0.2063E+00  0.2994E-01  0.1840E+00  0.1840E+00
  0.2016E+00  0.1895E+00  0.2930E-01  0.1839E+00  0.1839E+00
  0.2022E+00  0.1937E+00  0.3040E-01  0.1837E+00  0.1837E+00
  0.2028E+00  0.2163E+00  0.2880E-01  0.1834E+00  0.1834E+00
  0.2034E+00  0.1774E+00  0.2772E-01  0.1832E+00  0.1832E+00
  0.2040E+00  0.1569E+00  0.3033E-01  0.1828E+00  0.1828E+00
  0.2046E+00  0.1674E+00  0.2708E-01  0.1825E+00  0.1825E+00
  0.2052E+00  0.1471E+00  0.2884E-01  0.1820E+00  0.1820E+00
  0.2058E+00  0.9835E-01  0.3053E-01  0.1815E+00  0.1815E+00
  0.2064E+00  0.1503E+00  0.2818E-01  0.1810E+00  0.1810E+00
  0.2070E+00  0.1261E+00  0.4066E-01  0.1804E+00  0.1804E+00
  0.2077E+00  0.1346E+00  0.2869E-01  0.1798E+00  0.1798E+00
  0.2083E+00  0.1827E+00  0.2682E-01  0.1792E+00  0.1792E+00
  0.2089E+00  0.1895E+00  0.2781E-01  0.1785E+00  0.1785E+00
  0.2095E+00  0.1495E+00  0.2965E-01  0.1777E+00  0.1777E+00
  0.2101E+00  0.1444E+00  0.3018E-01  0.1769E+00  0.1769E+00
  0.2107E+00  0.1966E+00  0.2970E-01  0.1761E+00  0.1761E+00
  0.2113E+00  0.1522E+00  0.2871E-01  0.1752E+00  0.1752E+00
  0.2119E+00  0.1794E+00  0.2858E-01  0.1743E+00  0.1743E+00
  0.2125E+00  0.1343E+00  0.2714E-01  0.1734E+00  0.1734E+00
  0.2131E+00  0.1352E+00  0.2819E-01  0.1724E+00  0.1724E+00
  0.2137E+00  0.1243E+00  0.2824E-01  0.1714E+00  0.1714E+00
  0.2143E+00  0.1655E+00  0.2947E-01  0.1703E+00  0.1703E+00
  0.2149E+00  0.1670E+00  0.2822E-01  0.1692E+00  0.1692E+00
  0.2156E+00  0.1733E+00  0.2844E-01  0.1681E+00  0.1681E+00
  0.2162E+00  0.1356E+00  0.2967E-01  0.1670E+00  0.1670E+00
  0.2168E+00  0.1201E+00  0.2764E-01  0.1658E+00  0.1658E+00
  0.2174E+00  0.1375E+00  0.2866E-01  0.1646E+00  0.1646E+00
  0.2180E+00  0.1663E+00  0.2776E-01  0.1634E+00  0.1634E+00
  0.2186E+00  0.1371E+00  0.2764E-01  0.1622E+00  0.1622E+00
  0.2192E+00  0.1501E+00  0.2748E-01  0.1609E+00  0.1609E+00
  0.2198E+00  0.1200E+00  0.2773E-01  0.1596E+00  0.1596E+00
  0.2204E+00  0.1399E+00  0.2737E-01  0.1583E+00  0.1583E+00
  0.2210E+00  0.8668E-01  0.2654E-01  0.1570E+00  0.1570E+00
  0.2216E+00  0.1286E+00  0.2671E-01  0.1557E+00  0.1557E+00
  0.2222E+00  0.1647E+00  0.2658E-01  0.1543E+00  0.1543E+00
  0.2228E+00  0.8041E-01  0.2870E-01  0.1529E+00  0.1529E+00
  0.2235E+00  0.1604E+00  0.2850E-01  0.1516E+00  0.1516E+00
  0.2241E+00  0.1105E+00  0.2685E-01  0.1502E+00  0.1502E+00
  0.2247E+00  0.1526E+00  0.2698E-01  0.1488E+00  0.1488E+00
  0.2253E+00  0.1417E+00  0.2739E-01  0.1474E+00  0.1474E+00
  0.2259E+00  0.1588E+00  0.2645E-01  0.1460E+00  0.1460E+00
  0.2265E+00  0.1092E+00  0.2717E-01  0.1446E+00  0.1446E+00
  0.2271E+00  0.1203E+00  0.2697E-01  0.1432E+00  0.1432E+00
  0.2277E+00  0.8665E-01  0.2697E-01  0.1418E+00  0.1418E+00
  0.2283E+00  0.1111E+00  0.2738E-01  0.1404E+00  0.1404E+00
  0.2289E+00  0.1017E+00  0.2714E-01  0.1391E+00  0.1391E+00
  0.2295E+00  0.1502E+00  0.2866E-01  0.1377E+00  0.1377E+00
  0.2301E+00  0.1503E+00  0.2731E-01  0.1363E+00  0.1363E+00
  0.2308E+00  0.1491E+00  0.2775E-01  0.1349E+00  0.1349E+00
  0.2314E+00  0.1531E+00  0.2844E-01  0.1336E+00  0.1336E+00
  0.2320E+00  0.1510E+00  0.2785E-01  0.1322E+00  0.1322E+00
  0.2326E+00  0.1292E+00  0.2849E-01  0.1309E+00  0.1309E+00
  0.2332E+00  0.1332E+00  0.2621E-01  0.1296E+00  0.1296E+00
  0.2338E+00  0.1325E+00  0.2730E-01  0.1283E+00  0.1283E+00
  0.2344E+00  0.1130E+00  0.2808E-01  0.1270E+00  0.1270E+00
  0.2350E+00  0.1450E+00  0.2609E-01  0.1257E+00  0.1257E+00
  0.2356E+00  0.1574E+00  0.2609E-01  0.1245E+00  0.1245E+00
  0.2362E+00  0.1733E+00  0.2745E-01  0.1232E+00  0.1232E+00
  0.2368E+00  0.1064E+00  0.2655E-01  0.1220E+00  0.1220E+00
  0.2374E+00  0.1208E+00  0.2538E-01  0.1208E+00  0.1208E+00
  0.2380E+00  0.1612E+00  0.2712E-01  0.1197E+00  0.1197E+00
  0.2387E+00  0.8780E-01  0.2747E-01  0.1185E+00  0.1185E+00
  0.2393E+00  0.9538E-01  0.2771E-01  0.1174E+00  0.1174E+00
  0.2399E+00  0.8539E-01  0.2852E-01  0.1163E+00  0.1163E+00
  0.2405E+00  0.1237E+00  0.2527E-01  0.1152E+00  0.1152E+00
  0.2411E+00  0.1595E+00  0.2577E-01  0.1142E+00  0.1142E+00
  0.2417E+00  0.1448E+00  0.2602E-01  0.1132E+00  0.1132E+00
  0.2423E+00  0.1587E+00  0.2595E-01  0.1122E+00  0.1122E+00
  0.2429E+00  0.1479E+00  0.2760E-01  0.1113E+00  0.1113E+00
  0.2435E+00  0.1012E+00  0.2800E-01  0.1104E+00  0.1104E+00
  0.2441E+00  0.1033E+00  0.2610E-01  0.1095E+00  0.1095E+00
  0.2447E+00  0.1194E+00  0.2636E-01  0.1086E+00  0.1086E+00
  0.2453E+00  0.1110E+00  0.2593E-01  0.1078E+00  0.1078E+00
  0.2460E+00  0.1105E+00  0.2544E-01  0.1070E+00  0.1070E+00
  0.2466E+00  0.7085E-01  0.2622E-01  0.1062E+00  0.1062E+00
  0.2472E+00  0.1102E+00  0.2662E-01  0.1055E+00  0.1055E+00
  0.2478E+00  0.1437E+00  0.2591E-01  0.1048E+00  0.1048E+00
  0.2484E+00  0.1525E+00  0.2767E-01  0.1041E+00  0.1041E+00
  0.2490E+00  0.1238E+00  0.2572E-01  0.1035E+00  0.1035E+00
  0.2496E+00  0.1397E+00  0.2560E-01  0.1029E+00  0.1029E+00
  0.2502E+00  0.1174E+00  0.2599E-01  0.1024E+00  0.1024E+00
  0.2508E+00  0.1928E+00  0.2660E-01  0.1018E+00  0.1018E+00
  0.2514E+00  0.1600E+00  0.2665E-01  0.1013E+00  0.1013E+00
  0.2520E+00  0.1429E+00  0.2466E-01  0.1009E+00  0.1009E+00
  0.2526E+00  0.1186E+00  0.2808E-01  0.1004E+00  0.1004E+00
  0.2532E+00  0.1165E+00  0.2797E-01  0.1000E+00  0.1000E+00
  0.2539E+00  0.1339E+00  0.2575E-01  0.9966E-01  0.9966E-01
  0.2545E+00  0.8831E-01  0.2656E-01  0.9933E-01  0.9933E-01
  0.2551E+00  0.8315E-01  0.2544E-01  0.9902E-01  0.9902E-01
  0.2557E+00  0.1132E+00  0.2364E-01  0.9875E-01  0.9875E-01
  0.2563E+00  0.1088E+00  0.2590E-01  0.9851E-01  0.9851E-01
  0.2569E+00  0.7279E-01  0.2505E-01  0.9830E-01  0.9830E-01
  0.2575E+00  0.1342E+00  0.2584E-01  0.9811E-01  0.9811E-01
  0.2581E+00  0.7140E-01  0.2622E-01  0.9796E-01  0.9796E-01
  0.2587E+00  0.6673E-01  0.2596E-01  0.9783E-01  0.9783E-01
  0.2593E+00  0.6393E-01  0.2486E-01  0.9773E-01  0.9773E-01
  0.2599E+00  0.1611E+00  0.2624E-01  0.9766E-01  0.9766E-01
  0.2605E+00  0.1249E+00  0.2602E-01  0.9762E-01  0.9762E-01
  0.2612E+00  0.1626E+00  0.2560E-01  0.9760E-01  0.9760E-01
  0.2618E+00  0.1540E+00  0.2620E-01  0.9760E-01  0.9760E-01
  0.2624E+00  0.1366E+00  0.2484E-01  0.9763E-01  0.9763E-01
  0.2630E+00  0.9331E-01  0.2510E-01  0.9768E-01  0.9768E-01
  0.2636E+00  0.8208E-01  0.2505E-01  0.9776E-01  0.9776E-01
  0.2642E+00  0.5344E-01  0.2463E-01  0.9786E-01  0.9786E-01
  0.2648E+00  0.5510E-01  0.2391E-01  0.9797E-01  0.9797E-01
  0.2654E+00  0.4854E-01  0.2508E-01  0.9811E-01  0.9811E-01
  0.2660E+00  0.8470E-01  0.2442E-01  0.9826E-01  0.9826E-01
  0.2666E+00  0.1368E+00  0.2489E-01  0.9844E-01  0.9844E-01
  0.2672E+00  0.3835E-01  0.2531E-01  0.9863E-01  0.9863E-01
  0.2678E+00  0.8782E-01  0.2472E-01  0.9883E-01  0.9883E-01
  0.2684E+00  0.5144E-01  0.2445E-01  0.9905E-01  0.9905E-01
  0.2691E+00  0.9239E-01  0.2467E-01  0.9929E-01  0.9929E-01
  0.2697E+00  0.1133E+00  0.2449E-01  0.9953E-01  0.9953E-01
  0.2703E+00  0.8594E-01  0.2562E-01  0.9979E-01  0.9979E-01
  0.2709E+00  0.1057E+00  0.2574E-01  0.1001E+00  0.1001E+00
  0.2715E+00  0.1124E+00  0.2359E-01  0.1003E+00  0.1003E+00
  0.2721E+00  0.9971E-01  0.2381E-01  0.1006E+00  0.1006E+00
  0.2727E+00  0.1200E+00  0.2560E-01  0.1009E+00  0.1009E+00
  0.2733E+00  0.9665E-01  0.2399E-01  0.1012E+00  0.1012E+00
  0.2739E+00  0.1357E+00  0.2483E-01  0.1015E+00  0.1015E+00
  0.2745E+00  0.1233E+00  0.2250E-01  0.1019E+00  0.1019E+00
  0.2751E+00  0.8790E-01  0.2364E-01  0.1022E+00  0.1022E+00
  0.2757E+00  0.9822E-01  0.2299E-01  0.1025E+00  0.1025E+00
  0.2763E+00  0.1076E+00  0.2455E-01  0.1028E+00  0.1028E+00
  0.2770E+00  0.1079E+00  0.2328E-01  0.1031E+00  0.1031E+00
  0.2776E+00  0.1052E+00  0.2377E-01  0.1035E+00  0.1035E+00
  0.2782E+00  0.5626E-01  0.2391E-01  0.1038E+00  0.1038E+00
  0.2788E+00  0.1126E+00  0.2309E-01  0.1041E+00  0.1041E+00
  0.2794E+00  0.7399E-01  0.2437E-01  0.1044E+00  0.1044E+00
  0.2800E+00  0.9272E-01  0.2369E-01  0.1047E+00  0.1047E+00
  0.2806E+00  0.7370E-01  0.2254E-01  0.1051E+00  0.1051E+00
  0.2812E+00  0.5821E-01  0.2321E-01  0.1054E+00  0.1054E+00
  0.2818E+00  0.1267E+00  0.2368E-01  0.1057E+00  0.1057E+00
  0.2824E+00  0.1136E+00  0.2281E-01  0.1059E+00  0.1059E+00
  0.2830E+00  0.1309E+00  0.2417E-01  0.1062E+00  0.1062E+00
  0.2836E+00  0.1238E+00  0.2306E-01  0.1065E+00  0.1065E+00
  0.2843E+00  0.6699E-01  0.2254E-01  0.1068E+00  0.1068E+00
  0.2849E+00  0.1225E+00  0.2224E-01  0.1070E+00  0.1070E+00
  0.2855E+00  0.9406E-01  0.2264E-01  0.1073E+00  0.1073E+00
  0.2861E+00  0.7384E-01  0.2229E-01  0.1075E+00  0.1075E+00
  0.2867E+00  0.1102E+00  0.2346E-01  0.1077E+00  0.1077E+00
  0.2873E+00  0.6179E-01  0.2306E-01  0.1080E+00  0.1080E+00
  0.2879E+00  0.9963E-01  0.2260E-01  0.1082E+00  0.1082E+00
  0.2885E+00  0.8256E-01  0.2362E-01  0.1083E+00  0.1083E+00
  0.2891E+00  0.1042E+00  0.2354E-01  0.1085E+00  0.1085E+00
  0.2897E+00  0.5972E-01  0.2198E-01  0.1087E+00  0.1087E+00
  0.2903E+00  0.9818E-01  0.2227E-01  0.1088E+00  0.1088E+00
  0.2909E+00  0.8058E-01  0.2264E-01  0.1090E+00  0.1090E+00
  0.2915E+00  0.6647E-01  0.2205E-01  0.1091E+00  0.1091E+00
  0.2922E+00  0.1255E+00  0.2272E-01  0.1092E+00  0.1092E+00
  0.2928E+00  0.1301E+00  0.2273E-01  0.1093E+00  0.1093E+00
  0.2934E+00  0.1486E+00  0.2156E-01  0.1093E+00  0.1093E+00
  0.2940E+00  0.1136E+00  0.2236E-01  0.1094E+00  0.1094E+00
  0.2946E+00  0.1255E+00  0.2333E-01  0.1094E+00  0.1094E+00
  0.2952E+00  0.6921E-01  0.2224E-01  0.1094E+00  0.1094E+00
  0.2958E+00  0.9734E-01  0.2261E-01  0.1094E+00  0.1094E+00
  0.2964E+00  0.6273E-01  0.2311E-01  0.1094E+00  0.1094E+00
  0.2970E+00  0.1055E+00  0.2173E-01  0.1094E+00  0.1094E+00
  0.2976E+00  0.1162E+00  0.2103E-01  0.1093E+00  0.1093E+00
  0.2982E+00  0.1016E+00  0.2090E-01  0.1093E+00  0.1093E+00
  0.2988E+00  0.1203E+00  0.2151E-01  0.1092E+00  0.1092E+00
  0.2995E+00  0.1420E+00  0.2187E-01  0.1091E+00  0.1091E+00
  0.3001E+00  0.7120E-01  0.2298E-01  0.1090E+00  0.1090E+00
  0.3007E+00  0.9874E-01  0.2230E-01  0.1089E+00  0.1089E+00
  0.3013E+00  0.9335E-01  0.2070E-01  0.1087E+00  0.1087E+00
  0.3019E+00  0.1300E+00  0.2213E-01  0.1086E+00  0.1086E+00
  0.3025E+00  0.1523E+00  0.2125E-01  0.1084E+00  0.1084E+00
  0.3031E+00  0.8130E-01  0.2257E-01  0.1082E+00  0.1082E+00
  0.3037E+00  0.1165E+00  0.2262E-01  0.1080E+00  0.1080E+00
  0.3043E+00  0.6769E-01  0.2054E-01  0.1078E+00  0.1078E+00
  0.3049E+00  0.8326E-01  0.2274E-01  0.1075E+00  0.1075E+00
  0.3055E+00  0.1197E+00  0.2060E-01  0.1073E+00  0.1073E+00
  0.3061E+00  0.1079E+00  0.2151E-01  0.1070E+00  0.1070E+00
  0.3067E+00  0.1152E+00  0.2032E-01  0.1068E+00  0.1068E+00
  0.3074E+00  0.1117E+00  0.2110E-01  0.1065E+00  0.1065E+00
  0.3080E+00  0.1165E+00  0.2062E-01  0.1062E+00  0.1062E+00
  0.3086E+00  0.1292E+00  0.2098E-01  0.1059E+00  0.1059E+00
  0.3092E+00  0.9818E-01  0.2165E-01  0.1056E+00  0.1056E+00
  0.3098E+00  0.1172E+00  0.2045E-01  0.1052E+00  0.1052E+00
  0.3104E+00  0.1077E+00  0.2074E-01  0.1049E+00  0.1049E+00
  0.3110E+00  0.1351E+00  0.2097E-01  0.1045E+00  0.1045E+00
  0.3116E+00  0.1292E+00  0.2046E-01  0.1042E+00  0.1042E+00
  0.3122E+00  0.8914E-01  0.2001E-01  0.1038E+00  0.1038E+00
  0.3128E+00  0.1487E+00  0.1972E-01  0.1034E+00  0.1034E+00
  0.3134E+00  0.1081E+00  0.2128E-01  0.1030E+00  0.1030E+00
  0.3140E+00  0.1301E+00  0.2273E-01  0.1026E+00  0.1026E+00
  0.3146E+00  0.1798E+00  0.2461E-01  0.1022E+00  0.1022E+00
  0.3153E+00  0.8817E-01  0.2545E-01  0.1018E+00  0.1018E+00
  0.3159E+00  0.1348E+00  0.2740E-01  0.1014E+00  0.1014E+00
  0.3165E+00  0.1150E+00  0.2968E-01  0.1010E+00  0.1010E+00
  0.3171E+00  0.6386E-01  0.2881E-01  0.1006E+00  0.1006E+00
  0.3177E+00  0.1928E+00  0.3059E-01  0.1002E+00  0.1002E+00
  0.3183E+00  0.6534E-01  0.3390E-01  0.9972E-01  0.9972E-01
  0.3189E+00  0.1214E+00  0.3933E-01  0.9929E-01  0.9929E-01
  0.3195E+00  0.2491E-01  0.4427E-01  0.9886E-01  0.9886E-01
  0.3201E+00  0.8935E-01  0.7830E-01  0.9842E-01  0.9842E-01

           Distance distribution  function of particle  


       R          P(R)      ERROR

  0.0000E+00  0.0000E+00  0.0000E+00
  0.7561E+00  0.6695E-03  0.2399E-04
  0.1512E+01  0.1387E-02  0.3992E-04
  0.2268E+01  0.2156E-02  0.4827E-04
  0.3024E+01  0.2978E-02  0.4977E-04
  0.3780E+01  0.3859E-02  0.4545E-04
  0.4537E+01  0.4804E-02  0.3665E-04
  0.5293E+01  0.5820E-02  0.2547E-04
  0.6049E+01  0.6911E-02  0.1693E-04
  0.6805E+01  0.8083E-02  0.2110E-04
  0.7561E+01  0.9341E-02  0.3395E-04
  0.8317E+01  0.1069E-01  0.4774E-04
  0.9073E+01  0.1213E-01  0.5983E-04
  0.9829E+01  0.1366E-01  0.6903E-04
  0.1059E+02  0.1528E-01  0.7466E-04
  0.1134E+02  0.1699E-01  0.7638E-04
  0.1210E+02  0.1877E-01  0.7423E-04
  0.1285E+02  0.2062E-01  0.6857E-04
  0.1361E+02  0.2253E-01  0.6020E-04
  0.1437E+02  0.2449E-01  0.5052E-04
  0.1512E+02  0.2648E-01  0.4193E-04
  0.1588E+02  0.2849E-01  0.3807E-04
  0.1663E+02  0.3049E-01  0.4147E-04
  0.1739E+02  0.3248E-01  0.5033E-04
  0.1815E+02  0.3443E-01  0.6106E-04
  0.1890E+02  0.3634E-01  0.7116E-04
  0.1966E+02  0.3817E-01  0.7916E-04
  0.2041E+02  0.3993E-01  0.8423E-04
  0.2117E+02  0.4160E-01  0.8602E-04
  0.2193E+02  0.4316E-01  0.8454E-04
  0.2268E+02  0.4461E-01  0.8024E-04
  0.2344E+02  0.4594E-01  0.7401E-04
  0.2420E+02  0.4714E-01  0.6734E-04
  0.2495E+02  0.4822E-01  0.6234E-04
  0.2571E+02  0.4916E-01  0.6123E-04
  0.2646E+02  0.4997E-01  0.6515E-04
  0.2722E+02  0.5066E-01  0.7323E-04
  0.2798E+02  0.5121E-01  0.8348E-04
  0.2873E+02  0.5164E-01  0.9399E-04
  0.2949E+02  0.5194E-01  0.1033E-03
  0.3024E+02  0.5212E-01  0.1106E-03
  0.3100E+02  0.5217E-01  0.1152E-03
  0.3176E+02  0.5211E-01  0.1172E-03
  0.3251E+02  0.5193E-01  0.1167E-03
  0.3327E+02  0.5164E-01  0.1143E-03
  0.3402E+02  0.5123E-01  0.1109E-03
  0.3478E+02  0.5071E-01  0.1075E-03
  0.3554E+02  0.5007E-01  0.1051E-03
  0.3629E+02  0.4933E-01  0.1046E-03
  0.3705E+02  0.4847E-01  0.1062E-03
  0.3780E+02  0.4750E-01  0.1095E-03
  0.3856E+02  0.4643E-01  0.1135E-03
  0.3932E+02  0.4525E-01  0.1173E-03
  0.4007E+02  0.4397E-01  0.1201E-03
  0.4083E+02  0.4260E-01  0.1211E-03
  0.4159E+02  0.4115E-01  0.1201E-03
  0.4234E+02  0.3962E-01  0.1173E-03
  0.4310E+02  0.3802E-01  0.1132E-03
  0.4385E+02  0.3636E-01  0.1087E-03
  0.4461E+02  0.3467E-01  0.1051E-03
  0.4537E+02  0.3294E-01  0.1037E-03
  0.4612E+02  0.3119E-01  0.1053E-03
  0.4688E+02  0.2944E-01  0.1100E-03
  0.4763E+02  0.2769E-01  0.1170E-03
  0.4839E+02  0.2597E-01  0.1250E-03
  0.4915E+02  0.2428E-01  0.1327E-03
  0.4990E+02  0.2264E-01  0.1390E-03
  0.5066E+02  0.2105E-01  0.1430E-03
  0.5141E+02  0.1952E-01  0.1442E-03
  0.5217E+02  0.1806E-01  0.1425E-03
  0.5293E+02  0.1668E-01  0.1382E-03
  0.5368E+02  0.1538E-01  0.1320E-03
  0.5444E+02  0.1416E-01  0.1248E-03
  0.5520E+02  0.1302E-01  0.1182E-03
  0.5595E+02  0.1196E-01  0.1137E-03
  0.5671E+02  0.1099E-01  0.1127E-03
  0.5746E+02  0.1010E-01  0.1154E-03
  0.5822E+02  0.9284E-02  0.1213E-03
  0.5898E+02  0.8546E-02  0.1289E-03
  0.5973E+02  0.7882E-02  0.1367E-03
  0.6049E+02  0.7288E-02  0.1434E-03
  0.6124E+02  0.6762E-02  0.1478E-03
  0.6200E+02  0.6301E-02  0.1497E-03
  0.6276E+02  0.5901E-02  0.1491E-03
  0.6351E+02  0.5559E-02  0.1468E-03
  0.6427E+02  0.5271E-02  0.1441E-03
  0.6502E+02  0.5031E-02  0.1430E-03
  0.6578E+02  0.4834E-02  0.1457E-03
  0.6654E+02  0.4672E-02  0.1536E-03
  0.6729E+02  0.4535E-02  0.1668E-03
  0.6805E+02  0.4414E-02  0.1838E-03
  0.6881E+02  0.4295E-02  0.2024E-03
  0.6956E+02  0.4161E-02  0.2199E-03
  0.7032E+02  0.3996E-02  0.2334E-03
  0.7107E+02  0.3778E-02  0.2404E-03
  0.7183E+02  0.3486E-02  0.2381E-03
  0.7259E+02  0.3094E-02  0.2240E-03
  0.7334E+02  0.2577E-02  0.1954E-03
  0.7410E+02  0.1907E-02  0.1501E-03
  0.7485E+02  0.1057E-02  0.8565E-04
  0.7561E+02  0.0000E+00  0.0000E+00
          Reciprocal space: Rg =   25.37     , I(0) =   0.2307E+02
     Real space: Rg =   25.34 +- 0.039  I(0) =   0.2307E+02 +-  0.3477E-01
