
           ####    G N O M   ---   Version 4.5a revised 09/02/02     ####

                                                  Mon May 24 13:26:22 2010
           ===    Run No   1   ===
 Run title:   Merge of: p2_A2_2.mccd p2_A3_2.mccd p2_A6_2.mccd p2_A2_1.mccd p2


  Number of points omitted at the beginning:           7
   *******   Working Directory :
   *******    Input file(s) :
           Condition P(rmin) = 0 is used. 
           Condition P(rmax) = 0 is used. 

          Experimental conditions for the first run
          -----------------------------------------

          Highest ALPHA is found to be   0.2290E+02

  The measure of inconsistency AN1 equals to    0.8730E+00
     Alpha    Discrp  Oscill  Stabil  Sysdev  Positv  Valcen    Total   
  0.2290E+05 17.6369  1.2255  0.9574  0.0000  1.0000  0.8508  0.32793
  0.4579E+04 15.6459  1.2156  0.8478  0.0000  1.0000  0.8537  0.32963
  0.9159E+03 10.3891  1.1802  0.5597  0.0811  1.0000  0.8650  0.34094
  0.1832E+03  4.9290  1.1318  0.2499  0.0649  1.0000  0.8902  0.35230
  0.3664E+02  2.2439  1.1904  0.0966  0.1379  1.0000  0.9171  0.48227
  0.7327E+01  0.9587  1.3540  0.0475  0.4868  1.0000  0.9332  0.68377
  0.1465E+01  0.6396  1.4504  0.0170  0.6085  1.0000  0.9381  0.79428
  0.2931E+00  0.5966  1.5062  0.0143  0.5842  1.0000  0.9387  0.76094
  0.5862E-01  0.5867  1.5725  0.0167  0.5923  1.0000  0.9381  0.74367
  0.1172E-01  0.5800  1.8234  0.0564  0.5842  0.9999  0.9350  0.62609
  0.2345E-02  0.5645  3.6207  0.2109  0.5801  0.9966  0.9139  0.38105
  0.4689E-03  0.5359  7.9096  0.2921  0.5882  0.9632  0.8175  0.32089
  0.9379E-04  0.5202 10.7709  0.2663  0.5801  0.9115  0.6320  0.26938
  0.1876E-04  0.5117 13.5590  0.6531  0.5923  0.8449  0.5336  0.00000

          ***  Golden section search to maximize estimate ***
     Alpha    Discrp  Oscill  Stabil  Sysdev  Positv  Valcen    Total   
  0.5420E+00  0.6057  1.4850  0.0151  0.6004  1.0000  0.9387  0.77741
  0.1002E+01  0.6222  1.4642  0.0155  0.6247  1.0000  0.9384  0.79956
  0.1159E+01  0.6279  1.4591  0.0159  0.6085  1.0000  0.9383  0.79147
  0.9162E+00  0.6191  1.4673  0.0154  0.6247  1.0000  0.9385  0.79847
  0.1059E+01  0.6242  1.4622  0.0156  0.6329  1.0000  0.9384  0.80520
  0.1096E+01  0.6256  1.4610  0.0157  0.6166  1.0000  0.9383  0.79572
  0.1037E+01  0.6234  1.4630  0.0156  0.6329  1.0000  0.9384  0.80494
  0.1073E+01  0.6247  1.4618  0.0157  0.6247  1.0000  0.9384  0.80040
  0.1051E+01  0.6239  1.4625  0.0156  0.6329  1.0000  0.9384  0.80510
  0.1065E+01  0.6244  1.4621  0.0157  0.6329  1.0000  0.9384  0.80526
  0.1068E+01  0.6245  1.4620  0.0157  0.6329  1.0000  0.9384  0.80530
  0.1070E+01  0.6246  1.4619  0.0157  0.6329  1.0000  0.9384  0.80532
  0.1071E+01  0.6247  1.4618  0.0157  0.6247  1.0000  0.9384  0.80038
  0.1069E+01  0.6246  1.4619  0.0157  0.6329  1.0000  0.9384  0.80531
  0.1070E+01  0.6246  1.4619  0.0157  0.6329  1.0000  0.9384  0.80533
  0.1071E+01  0.6246  1.4619  0.0157  0.6329  1.0000  0.9384  0.80533
  0.1071E+01  0.6247  1.4619  0.0157  0.6247  1.0000  0.9384  0.80038
  0.1071E+01  0.6246  1.4619  0.0157  0.6329  1.0000  0.9384  0.80533
  0.1071E+01  0.6247  1.4619  0.0157  0.6329  1.0000  0.9384  0.80533
  0.1071E+01  0.6247  1.4619  0.0157  0.6247  1.0000  0.9384  0.80037
  0.1071E+01  0.6247  1.4619  0.0157  0.6329  1.0000  0.9384  0.80533



             ####            Final results            ####

 Parameter    DISCRP    OSCILL    STABIL    SYSDEV    POSITV    VALCEN
 Weight        1.000     3.000     3.000     5.000     1.000     1.000
 Sigma         0.300     0.600     0.120     0.500     0.120     0.120
 Ideal         0.700     1.200     0.000     1.000     1.000     0.950
 Current       0.625     1.462     0.016     0.633     1.000     0.938
                - - - - - - - - - - - - - - - - - - - - - - - - - 
 Estimate      0.939     0.827     0.983     0.583     1.000     0.991

  Angular   range    :     from    0.0198   to    0.3195
  Real space range   :     from      0.00   to     87.13

  Highest ALPHA (theor) :   0.229E+05                 JOB = 0
  Current ALPHA         :   0.107E+01   Rg :  0.267E+02   I(0) :   0.459E+01

           Total  estimate : 0.805  which is    A GOOD      solution

      S          J EXP       ERROR       J REG       I REG

  0.0000E+00                                      0.4589E+01
  0.7058E-03                                      0.4589E+01
  0.1412E-02                                      0.4587E+01
  0.2117E-02                                      0.4585E+01
  0.2823E-02                                      0.4581E+01
  0.3529E-02                                      0.4576E+01
  0.4235E-02                                      0.4570E+01
  0.4941E-02                                      0.4563E+01
  0.5647E-02                                      0.4555E+01
  0.6352E-02                                      0.4546E+01
  0.7058E-02                                      0.4535E+01
  0.7764E-02                                      0.4524E+01
  0.8470E-02                                      0.4512E+01
  0.9176E-02                                      0.4498E+01
  0.9882E-02                                      0.4484E+01
  0.1059E-01                                      0.4469E+01
  0.1129E-01                                      0.4452E+01
  0.1200E-01                                      0.4435E+01
  0.1270E-01                                      0.4417E+01
  0.1341E-01                                      0.4397E+01
  0.1412E-01                                      0.4377E+01
  0.1482E-01                                      0.4356E+01
  0.1553E-01                                      0.4334E+01
  0.1623E-01                                      0.4311E+01
  0.1694E-01                                      0.4287E+01
  0.1765E-01                                      0.4262E+01
  0.1835E-01                                      0.4236E+01
  0.1906E-01                                      0.4210E+01
  0.1976E-01  0.4280E+01  0.2388E+00  0.4183E+01  0.4183E+01
  0.2037E-01  0.4443E+01  0.2025E+00  0.4159E+01  0.4159E+01
  0.2098E-01  0.4419E+01  0.1930E+00  0.4134E+01  0.4134E+01
  0.2159E-01  0.4409E+01  0.1834E+00  0.4109E+01  0.4109E+01
  0.2220E-01  0.4495E+01  0.2083E+00  0.4083E+01  0.4083E+01
  0.2280E-01  0.4008E+01  0.6429E+00  0.4056E+01  0.4056E+01
  0.2341E-01  0.4069E+01  0.1876E+00  0.4030E+01  0.4030E+01
  0.2402E-01  0.4130E+01  0.1693E+00  0.4002E+01  0.4002E+01
  0.2463E-01  0.4245E+01  0.1621E+00  0.3974E+01  0.3974E+01
  0.2524E-01  0.4199E+01  0.1475E+00  0.3946E+01  0.3946E+01
  0.2584E-01  0.4202E+01  0.1387E+00  0.3917E+01  0.3917E+01
  0.2645E-01  0.4206E+01  0.1508E+00  0.3888E+01  0.3888E+01
  0.2706E-01  0.4116E+01  0.1351E+00  0.3858E+01  0.3858E+01
  0.2767E-01  0.3985E+01  0.1360E+00  0.3828E+01  0.3828E+01
  0.2828E-01  0.3789E+01  0.1243E+00  0.3797E+01  0.3797E+01
  0.2888E-01  0.3735E+01  0.1266E+00  0.3766E+01  0.3766E+01
  0.2949E-01  0.3839E+01  0.1298E+00  0.3735E+01  0.3735E+01
  0.3010E-01  0.3613E+01  0.1340E+00  0.3703E+01  0.3703E+01
  0.3071E-01  0.3633E+01  0.1205E+00  0.3671E+01  0.3671E+01
  0.3132E-01  0.3574E+01  0.1296E+00  0.3638E+01  0.3638E+01
  0.3192E-01  0.3699E+01  0.1418E+00  0.3606E+01  0.3606E+01
  0.3253E-01  0.3605E+01  0.1025E+00  0.3573E+01  0.3573E+01
  0.3314E-01  0.3555E+01  0.7504E-01  0.3539E+01  0.3539E+01
  0.3375E-01  0.3580E+01  0.7797E-01  0.3505E+01  0.3505E+01
  0.3436E-01  0.3538E+01  0.1537E+00  0.3472E+01  0.3472E+01
  0.3497E-01  0.3483E+01  0.8116E-01  0.3437E+01  0.3437E+01
  0.3557E-01  0.3433E+01  0.8036E-01  0.3403E+01  0.3403E+01
  0.3618E-01  0.3346E+01  0.7741E-01  0.3368E+01  0.3368E+01
  0.3679E-01  0.3313E+01  0.7560E-01  0.3333E+01  0.3333E+01
  0.3740E-01  0.3384E+01  0.7189E-01  0.3298E+01  0.3298E+01
  0.3801E-01  0.3359E+01  0.7128E-01  0.3263E+01  0.3263E+01
  0.3861E-01  0.3325E+01  0.7163E-01  0.3228E+01  0.3228E+01
  0.3922E-01  0.3200E+01  0.7523E-01  0.3192E+01  0.3192E+01
  0.3983E-01  0.3216E+01  0.8337E-01  0.3157E+01  0.3157E+01
  0.4044E-01  0.3108E+01  0.6989E-01  0.3121E+01  0.3121E+01
  0.4105E-01  0.3090E+01  0.6404E-01  0.3085E+01  0.3085E+01
  0.4165E-01  0.2922E+01  0.6398E-01  0.3049E+01  0.3049E+01
  0.4226E-01  0.2941E+01  0.6169E-01  0.3013E+01  0.3013E+01
  0.4287E-01  0.2879E+01  0.6396E-01  0.2977E+01  0.2977E+01
  0.4348E-01  0.2898E+01  0.6254E-01  0.2941E+01  0.2941E+01
  0.4409E-01  0.2897E+01  0.6482E-01  0.2905E+01  0.2905E+01
  0.4469E-01  0.2717E+01  0.6195E-01  0.2869E+01  0.2869E+01
  0.4530E-01  0.2627E+01  0.5967E-01  0.2833E+01  0.2833E+01
  0.4591E-01  0.2613E+01  0.5989E-01  0.2797E+01  0.2797E+01
  0.4652E-01  0.2612E+01  0.5812E-01  0.2760E+01  0.2760E+01
  0.4713E-01  0.2638E+01  0.5953E-01  0.2724E+01  0.2724E+01
  0.4773E-01  0.2576E+01  0.5186E-01  0.2688E+01  0.2688E+01
  0.4834E-01  0.2629E+01  0.5176E-01  0.2652E+01  0.2652E+01
  0.4895E-01  0.2518E+01  0.5064E-01  0.2616E+01  0.2616E+01
  0.4956E-01  0.2620E+01  0.6238E-01  0.2580E+01  0.2580E+01
  0.5017E-01  0.2526E+01  0.6032E-01  0.2545E+01  0.2545E+01
  0.5078E-01  0.2556E+01  0.6477E-01  0.2509E+01  0.2509E+01
  0.5138E-01  0.2457E+01  0.6291E-01  0.2474E+01  0.2474E+01
  0.5199E-01  0.2370E+01  0.6464E-01  0.2438E+01  0.2438E+01
  0.5260E-01  0.2439E+01  0.5865E-01  0.2403E+01  0.2403E+01
  0.5321E-01  0.2389E+01  0.6175E-01  0.2368E+01  0.2368E+01
  0.5382E-01  0.2374E+01  0.5508E-01  0.2333E+01  0.2333E+01
  0.5442E-01  0.2369E+01  0.5811E-01  0.2298E+01  0.2298E+01
  0.5503E-01  0.2387E+01  0.5750E-01  0.2264E+01  0.2264E+01
  0.5564E-01  0.2269E+01  0.5863E-01  0.2229E+01  0.2229E+01
  0.5625E-01  0.2281E+01  0.5538E-01  0.2195E+01  0.2195E+01
  0.5686E-01  0.2132E+01  0.5408E-01  0.2161E+01  0.2161E+01
  0.5746E-01  0.2127E+01  0.5634E-01  0.2127E+01  0.2127E+01
  0.5807E-01  0.2112E+01  0.6168E-01  0.2094E+01  0.2094E+01
  0.5868E-01  0.2045E+01  0.6214E-01  0.2061E+01  0.2061E+01
  0.5929E-01  0.2110E+01  0.5406E-01  0.2027E+01  0.2027E+01
  0.5990E-01  0.1968E+01  0.5654E-01  0.1995E+01  0.1995E+01
  0.6050E-01  0.1978E+01  0.5330E-01  0.1962E+01  0.1962E+01
  0.6111E-01  0.1970E+01  0.5384E-01  0.1930E+01  0.1930E+01
  0.6172E-01  0.1919E+01  0.5096E-01  0.1898E+01  0.1898E+01
  0.6233E-01  0.1900E+01  0.5348E-01  0.1866E+01  0.1866E+01
  0.6294E-01  0.1882E+01  0.5391E-01  0.1835E+01  0.1835E+01
  0.6354E-01  0.1888E+01  0.5420E-01  0.1803E+01  0.1803E+01
  0.6415E-01  0.1813E+01  0.5375E-01  0.1773E+01  0.1773E+01
  0.6476E-01  0.1727E+01  0.5466E-01  0.1742E+01  0.1742E+01
  0.6537E-01  0.1629E+01  0.5491E-01  0.1712E+01  0.1712E+01
  0.6598E-01  0.1607E+01  0.5449E-01  0.1682E+01  0.1682E+01
  0.6659E-01  0.1615E+01  0.5199E-01  0.1652E+01  0.1652E+01
  0.6719E-01  0.1638E+01  0.5030E-01  0.1623E+01  0.1623E+01
  0.6780E-01  0.1650E+01  0.5302E-01  0.1594E+01  0.1594E+01
  0.6841E-01  0.1611E+01  0.5006E-01  0.1565E+01  0.1565E+01
  0.6902E-01  0.1637E+01  0.5099E-01  0.1537E+01  0.1537E+01
  0.6963E-01  0.1499E+01  0.5059E-01  0.1509E+01  0.1509E+01
  0.7023E-01  0.1448E+01  0.5066E-01  0.1481E+01  0.1481E+01
  0.7084E-01  0.1457E+01  0.4761E-01  0.1454E+01  0.1454E+01
  0.7145E-01  0.1495E+01  0.4636E-01  0.1427E+01  0.1427E+01
  0.7206E-01  0.1394E+01  0.4613E-01  0.1400E+01  0.1400E+01
  0.7267E-01  0.1433E+01  0.4757E-01  0.1374E+01  0.1374E+01
  0.7327E-01  0.1439E+01  0.4851E-01  0.1348E+01  0.1348E+01
  0.7388E-01  0.1360E+01  0.4408E-01  0.1322E+01  0.1322E+01
  0.7449E-01  0.1265E+01  0.4663E-01  0.1297E+01  0.1297E+01
  0.7510E-01  0.1271E+01  0.4621E-01  0.1272E+01  0.1272E+01
  0.7571E-01  0.1291E+01  0.4587E-01  0.1247E+01  0.1247E+01
  0.7631E-01  0.1302E+01  0.4732E-01  0.1223E+01  0.1223E+01
  0.7692E-01  0.1236E+01  0.4373E-01  0.1199E+01  0.1199E+01
  0.7753E-01  0.1151E+01  0.4673E-01  0.1175E+01  0.1175E+01
  0.7814E-01  0.1155E+01  0.4474E-01  0.1152E+01  0.1152E+01
  0.7875E-01  0.1150E+01  0.4341E-01  0.1129E+01  0.1129E+01
  0.7935E-01  0.1132E+01  0.4428E-01  0.1107E+01  0.1107E+01
  0.7996E-01  0.1129E+01  0.4605E-01  0.1085E+01  0.1085E+01
  0.8057E-01  0.1070E+01  0.4642E-01  0.1063E+01  0.1063E+01
  0.8118E-01  0.1041E+01  0.4362E-01  0.1042E+01  0.1042E+01
  0.8179E-01  0.1073E+01  0.4435E-01  0.1020E+01  0.1020E+01
  0.8239E-01  0.9810E+00  0.4360E-01  0.9997E+00  0.9997E+00
  0.8300E-01  0.1050E+01  0.4267E-01  0.9793E+00  0.9793E+00
  0.8361E-01  0.9912E+00  0.4155E-01  0.9592E+00  0.9592E+00
  0.8422E-01  0.9343E+00  0.4312E-01  0.9395E+00  0.9395E+00
  0.8483E-01  0.9445E+00  0.4125E-01  0.9201E+00  0.9201E+00
  0.8544E-01  0.8322E+00  0.4075E-01  0.9011E+00  0.9011E+00
  0.8604E-01  0.9388E+00  0.4089E-01  0.8824E+00  0.8824E+00
  0.8665E-01  0.7839E+00  0.3884E-01  0.8640E+00  0.8640E+00
  0.8726E-01  0.8530E+00  0.4254E-01  0.8460E+00  0.8460E+00
  0.8787E-01  0.7903E+00  0.4172E-01  0.8283E+00  0.8283E+00
  0.8848E-01  0.7793E+00  0.4215E-01  0.8109E+00  0.8109E+00
  0.8908E-01  0.8121E+00  0.4064E-01  0.7938E+00  0.7938E+00
  0.8969E-01  0.8434E+00  0.4366E-01  0.7771E+00  0.7771E+00
  0.9030E-01  0.8330E+00  0.3970E-01  0.7607E+00  0.7607E+00
  0.9091E-01  0.7866E+00  0.4264E-01  0.7446E+00  0.7446E+00
  0.9151E-01  0.7595E+00  0.4143E-01  0.7288E+00  0.7288E+00
  0.9212E-01  0.7564E+00  0.4180E-01  0.7133E+00  0.7133E+00
  0.9273E-01  0.7698E+00  0.4082E-01  0.6980E+00  0.6980E+00
  0.9334E-01  0.7390E+00  0.4050E-01  0.6832E+00  0.6832E+00
  0.9395E-01  0.7342E+00  0.4090E-01  0.6686E+00  0.6686E+00
  0.9456E-01  0.6315E+00  0.4198E-01  0.6543E+00  0.6543E+00
  0.9516E-01  0.5911E+00  0.4105E-01  0.6403E+00  0.6403E+00
  0.9577E-01  0.6020E+00  0.3999E-01  0.6266E+00  0.6266E+00
  0.9638E-01  0.5800E+00  0.3973E-01  0.6131E+00  0.6131E+00
  0.9699E-01  0.6013E+00  0.4040E-01  0.6000E+00  0.6000E+00
  0.9760E-01  0.5534E+00  0.3928E-01  0.5871E+00  0.5871E+00
  0.9820E-01  0.5581E+00  0.3836E-01  0.5745E+00  0.5745E+00
  0.9881E-01  0.5314E+00  0.3978E-01  0.5622E+00  0.5622E+00
  0.9942E-01  0.5692E+00  0.3853E-01  0.5501E+00  0.5501E+00
  0.1000E+00  0.5088E+00  0.3953E-01  0.5383E+00  0.5383E+00
  0.1006E+00  0.5192E+00  0.3906E-01  0.5268E+00  0.5268E+00
  0.1012E+00  0.4633E+00  0.3905E-01  0.5155E+00  0.5155E+00
  0.1019E+00  0.4580E+00  0.3969E-01  0.5045E+00  0.5045E+00
  0.1025E+00  0.4950E+00  0.3646E-01  0.4936E+00  0.4936E+00
  0.1031E+00  0.5679E+00  0.3814E-01  0.4831E+00  0.4831E+00
  0.1037E+00  0.5301E+00  0.4082E-01  0.4728E+00  0.4728E+00
  0.1043E+00  0.4338E+00  0.4048E-01  0.4627E+00  0.4627E+00
  0.1049E+00  0.4621E+00  0.3926E-01  0.4529E+00  0.4529E+00
  0.1055E+00  0.4360E+00  0.3969E-01  0.4433E+00  0.4433E+00
  0.1061E+00  0.4269E+00  0.3875E-01  0.4339E+00  0.4339E+00
  0.1067E+00  0.3702E+00  0.4045E-01  0.4247E+00  0.4247E+00
  0.1073E+00  0.3988E+00  0.4108E-01  0.4158E+00  0.4158E+00
  0.1079E+00  0.3870E+00  0.3960E-01  0.4070E+00  0.4070E+00
  0.1085E+00  0.3814E+00  0.3877E-01  0.3985E+00  0.3985E+00
  0.1091E+00  0.4166E+00  0.3786E-01  0.3902E+00  0.3902E+00
  0.1098E+00  0.4174E+00  0.3961E-01  0.3821E+00  0.3821E+00
  0.1104E+00  0.3862E+00  0.3902E-01  0.3742E+00  0.3742E+00
  0.1110E+00  0.3767E+00  0.4308E-01  0.3665E+00  0.3665E+00
  0.1116E+00  0.3509E+00  0.2599E-01  0.3589E+00  0.3589E+00
  0.1122E+00  0.3396E+00  0.2570E-01  0.3516E+00  0.3516E+00
  0.1128E+00  0.2965E+00  0.2674E-01  0.3444E+00  0.3444E+00
  0.1134E+00  0.3368E+00  0.2585E-01  0.3375E+00  0.3375E+00
  0.1140E+00  0.3419E+00  0.2578E-01  0.3307E+00  0.3307E+00
  0.1146E+00  0.3222E+00  0.2774E-01  0.3240E+00  0.3240E+00
  0.1152E+00  0.3279E+00  0.2626E-01  0.3176E+00  0.3176E+00
  0.1158E+00  0.2959E+00  0.2563E-01  0.3113E+00  0.3113E+00
  0.1164E+00  0.2701E+00  0.2667E-01  0.3052E+00  0.3052E+00
  0.1171E+00  0.2786E+00  0.2606E-01  0.2992E+00  0.2992E+00
  0.1177E+00  0.2487E+00  0.2521E-01  0.2934E+00  0.2934E+00
  0.1183E+00  0.2725E+00  0.2481E-01  0.2878E+00  0.2878E+00
  0.1189E+00  0.3001E+00  0.2363E-01  0.2823E+00  0.2823E+00
  0.1195E+00  0.2917E+00  0.2531E-01  0.2770E+00  0.2770E+00
  0.1201E+00  0.2951E+00  0.2600E-01  0.2718E+00  0.2718E+00
  0.1207E+00  0.2873E+00  0.2476E-01  0.2667E+00  0.2667E+00
  0.1213E+00  0.2606E+00  0.2526E-01  0.2618E+00  0.2618E+00
  0.1219E+00  0.2775E+00  0.2560E-01  0.2571E+00  0.2571E+00
  0.1225E+00  0.2780E+00  0.2494E-01  0.2524E+00  0.2524E+00
  0.1231E+00  0.2683E+00  0.2448E-01  0.2479E+00  0.2479E+00
  0.1237E+00  0.2517E+00  0.2477E-01  0.2435E+00  0.2435E+00
  0.1244E+00  0.2229E+00  0.2497E-01  0.2393E+00  0.2393E+00
  0.1250E+00  0.2371E+00  0.2348E-01  0.2352E+00  0.2352E+00
  0.1256E+00  0.2181E+00  0.2436E-01  0.2312E+00  0.2312E+00
  0.1262E+00  0.1892E+00  0.2433E-01  0.2273E+00  0.2273E+00
  0.1268E+00  0.2210E+00  0.2318E-01  0.2235E+00  0.2235E+00
  0.1274E+00  0.1703E+00  0.2461E-01  0.2199E+00  0.2199E+00
  0.1280E+00  0.1793E+00  0.2565E-01  0.2163E+00  0.2163E+00
  0.1286E+00  0.1812E+00  0.2471E-01  0.2129E+00  0.2129E+00
  0.1292E+00  0.1700E+00  0.2487E-01  0.2095E+00  0.2095E+00
  0.1298E+00  0.1970E+00  0.2425E-01  0.2063E+00  0.2063E+00
  0.1304E+00  0.2076E+00  0.2409E-01  0.2032E+00  0.2032E+00
  0.1310E+00  0.1677E+00  0.2430E-01  0.2002E+00  0.2002E+00
  0.1316E+00  0.1654E+00  0.2451E-01  0.1972E+00  0.1972E+00
  0.1323E+00  0.1352E+00  0.2470E-01  0.1944E+00  0.1944E+00
  0.1329E+00  0.1619E+00  0.2406E-01  0.1917E+00  0.1917E+00
  0.1335E+00  0.1571E+00  0.2430E-01  0.1890E+00  0.1890E+00
  0.1341E+00  0.1804E+00  0.2395E-01  0.1864E+00  0.1864E+00
  0.1347E+00  0.1736E+00  0.2405E-01  0.1840E+00  0.1840E+00
  0.1353E+00  0.1897E+00  0.2316E-01  0.1816E+00  0.1816E+00
  0.1359E+00  0.1881E+00  0.2315E-01  0.1793E+00  0.1793E+00
  0.1365E+00  0.1482E+00  0.2472E-01  0.1770E+00  0.1770E+00
  0.1371E+00  0.2033E+00  0.2356E-01  0.1749E+00  0.1749E+00
  0.1377E+00  0.2035E+00  0.2343E-01  0.1728E+00  0.1728E+00
  0.1383E+00  0.2033E+00  0.2498E-01  0.1708E+00  0.1708E+00
  0.1389E+00  0.2091E+00  0.2682E-01  0.1689E+00  0.1689E+00
  0.1396E+00  0.1637E+00  0.2696E-01  0.1670E+00  0.1670E+00
  0.1402E+00  0.1476E+00  0.2773E-01  0.1652E+00  0.1652E+00
  0.1408E+00  0.1404E+00  0.2565E-01  0.1635E+00  0.1635E+00
  0.1414E+00  0.1296E+00  0.2363E-01  0.1619E+00  0.1619E+00
  0.1420E+00  0.1296E+00  0.2308E-01  0.1603E+00  0.1603E+00
  0.1426E+00  0.1230E+00  0.2281E-01  0.1587E+00  0.1587E+00
  0.1432E+00  0.1198E+00  0.2210E-01  0.1573E+00  0.1573E+00
  0.1438E+00  0.1490E+00  0.2250E-01  0.1559E+00  0.1559E+00
  0.1444E+00  0.1475E+00  0.2311E-01  0.1545E+00  0.1545E+00
  0.1450E+00  0.1664E+00  0.2281E-01  0.1532E+00  0.1532E+00
  0.1456E+00  0.1651E+00  0.2381E-01  0.1520E+00  0.1520E+00
  0.1462E+00  0.1725E+00  0.2284E-01  0.1508E+00  0.1508E+00
  0.1468E+00  0.1437E+00  0.2216E-01  0.1497E+00  0.1497E+00
  0.1475E+00  0.1093E+00  0.2349E-01  0.1486E+00  0.1486E+00
  0.1481E+00  0.1376E+00  0.2163E-01  0.1476E+00  0.1476E+00
  0.1487E+00  0.1347E+00  0.2123E-01  0.1466E+00  0.1466E+00
  0.1493E+00  0.1834E+00  0.2149E-01  0.1457E+00  0.1457E+00
  0.1499E+00  0.1883E+00  0.2185E-01  0.1448E+00  0.1448E+00
  0.1505E+00  0.1868E+00  0.2186E-01  0.1439E+00  0.1439E+00
  0.1511E+00  0.2040E+00  0.2248E-01  0.1431E+00  0.1431E+00
  0.1517E+00  0.1639E+00  0.2246E-01  0.1424E+00  0.1424E+00
  0.1523E+00  0.1546E+00  0.2239E-01  0.1416E+00  0.1416E+00
  0.1529E+00  0.1579E+00  0.2253E-01  0.1409E+00  0.1409E+00
  0.1535E+00  0.1632E+00  0.2181E-01  0.1403E+00  0.1403E+00
  0.1541E+00  0.1537E+00  0.2220E-01  0.1397E+00  0.1397E+00
  0.1548E+00  0.1368E+00  0.2241E-01  0.1391E+00  0.1391E+00
  0.1554E+00  0.9979E-01  0.2135E-01  0.1386E+00  0.1386E+00
  0.1560E+00  0.8588E-01  0.2202E-01  0.1381E+00  0.1381E+00
  0.1566E+00  0.9153E-01  0.2185E-01  0.1376E+00  0.1376E+00
  0.1572E+00  0.1065E+00  0.2111E-01  0.1371E+00  0.1371E+00
  0.1578E+00  0.1007E+00  0.2159E-01  0.1367E+00  0.1367E+00
  0.1584E+00  0.1128E+00  0.2115E-01  0.1363E+00  0.1363E+00
  0.1590E+00  0.1347E+00  0.2000E-01  0.1360E+00  0.1360E+00
  0.1596E+00  0.1537E+00  0.2088E-01  0.1356E+00  0.1356E+00
  0.1602E+00  0.1577E+00  0.2049E-01  0.1353E+00  0.1353E+00
  0.1608E+00  0.1566E+00  0.2082E-01  0.1350E+00  0.1350E+00
  0.1614E+00  0.1481E+00  0.2045E-01  0.1348E+00  0.1348E+00
  0.1620E+00  0.1630E+00  0.2098E-01  0.1345E+00  0.1345E+00
  0.1627E+00  0.1368E+00  0.2083E-01  0.1343E+00  0.1343E+00
  0.1633E+00  0.1382E+00  0.2086E-01  0.1341E+00  0.1341E+00
  0.1639E+00  0.1409E+00  0.2037E-01  0.1339E+00  0.1339E+00
  0.1645E+00  0.1423E+00  0.2025E-01  0.1338E+00  0.1338E+00
  0.1651E+00  0.1497E+00  0.2061E-01  0.1336E+00  0.1336E+00
  0.1657E+00  0.1341E+00  0.2101E-01  0.1335E+00  0.1335E+00
  0.1663E+00  0.1496E+00  0.2050E-01  0.1334E+00  0.1334E+00
  0.1669E+00  0.1592E+00  0.2007E-01  0.1333E+00  0.1333E+00
  0.1675E+00  0.1508E+00  0.2044E-01  0.1333E+00  0.1333E+00
  0.1681E+00  0.1536E+00  0.2102E-01  0.1332E+00  0.1332E+00
  0.1687E+00  0.1246E+00  0.2114E-01  0.1332E+00  0.1332E+00
  0.1693E+00  0.1442E+00  0.2098E-01  0.1331E+00  0.1331E+00
  0.1700E+00  0.1557E+00  0.2081E-01  0.1331E+00  0.1331E+00
  0.1706E+00  0.1541E+00  0.2046E-01  0.1331E+00  0.1331E+00
  0.1712E+00  0.1484E+00  0.2001E-01  0.1331E+00  0.1331E+00
  0.1718E+00  0.1324E+00  0.2038E-01  0.1331E+00  0.1331E+00
  0.1724E+00  0.1252E+00  0.2115E-01  0.1331E+00  0.1331E+00
  0.1730E+00  0.1237E+00  0.2063E-01  0.1332E+00  0.1332E+00
  0.1736E+00  0.1490E+00  0.2055E-01  0.1332E+00  0.1332E+00
  0.1742E+00  0.1332E+00  0.2029E-01  0.1333E+00  0.1333E+00
  0.1748E+00  0.1381E+00  0.2164E-01  0.1333E+00  0.1333E+00
  0.1754E+00  0.1570E+00  0.2094E-01  0.1334E+00  0.1334E+00
  0.1760E+00  0.1480E+00  0.2118E-01  0.1334E+00  0.1334E+00
  0.1766E+00  0.1242E+00  0.2073E-01  0.1335E+00  0.1335E+00
  0.1773E+00  0.1176E+00  0.2043E-01  0.1336E+00  0.1336E+00
  0.1779E+00  0.1138E+00  0.2098E-01  0.1337E+00  0.1337E+00
  0.1785E+00  0.1271E+00  0.2044E-01  0.1338E+00  0.1338E+00
  0.1791E+00  0.1458E+00  0.2058E-01  0.1339E+00  0.1339E+00
  0.1797E+00  0.1275E+00  0.2037E-01  0.1340E+00  0.1340E+00
  0.1803E+00  0.1468E+00  0.2029E-01  0.1341E+00  0.1341E+00
  0.1809E+00  0.1240E+00  0.2038E-01  0.1342E+00  0.1342E+00
  0.1815E+00  0.1129E+00  0.2072E-01  0.1343E+00  0.1343E+00
  0.1821E+00  0.9994E-01  0.2094E-01  0.1344E+00  0.1344E+00
  0.1827E+00  0.1211E+00  0.2009E-01  0.1345E+00  0.1345E+00
  0.1833E+00  0.1078E+00  0.1962E-01  0.1346E+00  0.1346E+00
  0.1839E+00  0.1288E+00  0.2025E-01  0.1347E+00  0.1347E+00
  0.1845E+00  0.1250E+00  0.1947E-01  0.1348E+00  0.1348E+00
  0.1852E+00  0.1042E+00  0.2036E-01  0.1349E+00  0.1349E+00
  0.1858E+00  0.1119E+00  0.1985E-01  0.1351E+00  0.1351E+00
  0.1864E+00  0.1132E+00  0.1978E-01  0.1352E+00  0.1352E+00
  0.1870E+00  0.8441E-01  0.1949E-01  0.1353E+00  0.1353E+00
  0.1876E+00  0.9405E-01  0.1965E-01  0.1354E+00  0.1354E+00
  0.1882E+00  0.9718E-01  0.1916E-01  0.1355E+00  0.1355E+00
  0.1888E+00  0.1167E+00  0.1998E-01  0.1356E+00  0.1356E+00
  0.1894E+00  0.1246E+00  0.1997E-01  0.1357E+00  0.1357E+00
  0.1900E+00  0.1061E+00  0.1972E-01  0.1359E+00  0.1359E+00
  0.1906E+00  0.1256E+00  0.1983E-01  0.1360E+00  0.1360E+00
  0.1912E+00  0.1262E+00  0.2004E-01  0.1361E+00  0.1361E+00
  0.1918E+00  0.1375E+00  0.2102E-01  0.1362E+00  0.1362E+00
  0.1925E+00  0.1331E+00  0.1984E-01  0.1363E+00  0.1363E+00
  0.1931E+00  0.1341E+00  0.2042E-01  0.1364E+00  0.1364E+00
  0.1937E+00  0.1304E+00  0.1906E-01  0.1365E+00  0.1365E+00
  0.1943E+00  0.1374E+00  0.1903E-01  0.1366E+00  0.1366E+00
  0.1949E+00  0.1486E+00  0.1905E-01  0.1367E+00  0.1367E+00
  0.1955E+00  0.1187E+00  0.1881E-01  0.1368E+00  0.1368E+00
  0.1961E+00  0.1070E+00  0.1967E-01  0.1369E+00  0.1369E+00
  0.1967E+00  0.8130E-01  0.1888E-01  0.1370E+00  0.1370E+00
  0.1973E+00  0.9036E-01  0.1879E-01  0.1370E+00  0.1370E+00
  0.1979E+00  0.1010E+00  0.1930E-01  0.1371E+00  0.1371E+00
  0.1985E+00  0.1246E+00  0.1985E-01  0.1372E+00  0.1372E+00
  0.1991E+00  0.1395E+00  0.1907E-01  0.1373E+00  0.1373E+00
  0.1997E+00  0.1342E+00  0.1949E-01  0.1374E+00  0.1374E+00
  0.2004E+00  0.1584E+00  0.1914E-01  0.1374E+00  0.1374E+00
  0.2010E+00  0.1373E+00  0.1825E-01  0.1375E+00  0.1375E+00
  0.2016E+00  0.1589E+00  0.1829E-01  0.1376E+00  0.1376E+00
  0.2022E+00  0.1569E+00  0.1841E-01  0.1376E+00  0.1376E+00
  0.2028E+00  0.1294E+00  0.1896E-01  0.1377E+00  0.1377E+00
  0.2034E+00  0.1125E+00  0.1887E-01  0.1377E+00  0.1377E+00
  0.2040E+00  0.1434E+00  0.1795E-01  0.1378E+00  0.1378E+00
  0.2046E+00  0.1406E+00  0.1852E-01  0.1378E+00  0.1378E+00
  0.2052E+00  0.1546E+00  0.1872E-01  0.1379E+00  0.1379E+00
  0.2058E+00  0.1746E+00  0.1922E-01  0.1379E+00  0.1379E+00
  0.2064E+00  0.1573E+00  0.1831E-01  0.1380E+00  0.1380E+00
  0.2070E+00  0.1746E+00  0.1876E-01  0.1380E+00  0.1380E+00
  0.2077E+00  0.1475E+00  0.1798E-01  0.1380E+00  0.1380E+00
  0.2083E+00  0.1569E+00  0.1813E-01  0.1381E+00  0.1381E+00
  0.2089E+00  0.1485E+00  0.1879E-01  0.1381E+00  0.1381E+00
  0.2095E+00  0.1382E+00  0.1825E-01  0.1381E+00  0.1381E+00
  0.2101E+00  0.1324E+00  0.2002E-01  0.1381E+00  0.1381E+00
  0.2107E+00  0.1153E+00  0.2723E-01  0.1382E+00  0.1382E+00
  0.2113E+00  0.1346E+00  0.1995E-01  0.1382E+00  0.1382E+00
  0.2119E+00  0.1720E+00  0.1830E-01  0.1382E+00  0.1382E+00
  0.2125E+00  0.1582E+00  0.1783E-01  0.1382E+00  0.1382E+00
  0.2131E+00  0.1731E+00  0.1841E-01  0.1382E+00  0.1382E+00
  0.2137E+00  0.1968E+00  0.1793E-01  0.1382E+00  0.1382E+00
  0.2143E+00  0.1631E+00  0.1764E-01  0.1382E+00  0.1382E+00
  0.2149E+00  0.1543E+00  0.1784E-01  0.1382E+00  0.1382E+00
  0.2156E+00  0.1480E+00  0.1857E-01  0.1382E+00  0.1382E+00
  0.2162E+00  0.1502E+00  0.2107E-01  0.1382E+00  0.1382E+00
  0.2168E+00  0.1449E+00  0.1916E-01  0.1382E+00  0.1382E+00
  0.2174E+00  0.1553E+00  0.2290E-01  0.1381E+00  0.1381E+00
  0.2180E+00  0.1597E+00  0.1904E-01  0.1381E+00  0.1381E+00
  0.2186E+00  0.1580E+00  0.1771E-01  0.1381E+00  0.1381E+00
  0.2192E+00  0.1357E+00  0.1838E-01  0.1381E+00  0.1381E+00
  0.2198E+00  0.1291E+00  0.2021E-01  0.1380E+00  0.1380E+00
  0.2204E+00  0.1169E+00  0.2162E-01  0.1380E+00  0.1380E+00
  0.2210E+00  0.1221E+00  0.1835E-01  0.1380E+00  0.1380E+00
  0.2216E+00  0.1289E+00  0.1882E-01  0.1379E+00  0.1379E+00
  0.2222E+00  0.1400E+00  0.1812E-01  0.1379E+00  0.1379E+00
  0.2228E+00  0.1486E+00  0.1734E-01  0.1378E+00  0.1378E+00
  0.2235E+00  0.1279E+00  0.1750E-01  0.1378E+00  0.1378E+00
  0.2241E+00  0.1451E+00  0.1704E-01  0.1377E+00  0.1377E+00
  0.2247E+00  0.1186E+00  0.1699E-01  0.1377E+00  0.1377E+00
  0.2253E+00  0.1360E+00  0.1674E-01  0.1376E+00  0.1376E+00
  0.2259E+00  0.1451E+00  0.1678E-01  0.1376E+00  0.1376E+00
  0.2265E+00  0.1372E+00  0.1712E-01  0.1375E+00  0.1375E+00
  0.2271E+00  0.1436E+00  0.1781E-01  0.1374E+00  0.1374E+00
  0.2277E+00  0.1392E+00  0.1753E-01  0.1374E+00  0.1374E+00
  0.2283E+00  0.1296E+00  0.1806E-01  0.1373E+00  0.1373E+00
  0.2289E+00  0.1132E+00  0.2100E-01  0.1372E+00  0.1372E+00
  0.2295E+00  0.1349E+00  0.2163E-01  0.1371E+00  0.1371E+00
  0.2301E+00  0.1300E+00  0.1828E-01  0.1370E+00  0.1370E+00
  0.2308E+00  0.1417E+00  0.1785E-01  0.1370E+00  0.1370E+00
  0.2314E+00  0.1735E+00  0.1712E-01  0.1369E+00  0.1369E+00
  0.2320E+00  0.1724E+00  0.1728E-01  0.1368E+00  0.1368E+00
  0.2326E+00  0.1421E+00  0.1724E-01  0.1367E+00  0.1367E+00
  0.2332E+00  0.1445E+00  0.1708E-01  0.1366E+00  0.1366E+00
  0.2338E+00  0.1462E+00  0.1727E-01  0.1365E+00  0.1365E+00
  0.2344E+00  0.1274E+00  0.1751E-01  0.1364E+00  0.1364E+00
  0.2350E+00  0.1518E+00  0.1749E-01  0.1363E+00  0.1363E+00
  0.2356E+00  0.1365E+00  0.1707E-01  0.1362E+00  0.1362E+00
  0.2362E+00  0.1367E+00  0.1713E-01  0.1361E+00  0.1361E+00
  0.2368E+00  0.1229E+00  0.1667E-01  0.1359E+00  0.1359E+00
  0.2374E+00  0.1369E+00  0.1646E-01  0.1358E+00  0.1358E+00
  0.2380E+00  0.1206E+00  0.1705E-01  0.1357E+00  0.1357E+00
  0.2387E+00  0.1361E+00  0.1638E-01  0.1356E+00  0.1356E+00
  0.2393E+00  0.1306E+00  0.1722E-01  0.1355E+00  0.1355E+00
  0.2399E+00  0.1442E+00  0.1699E-01  0.1353E+00  0.1353E+00
  0.2405E+00  0.1563E+00  0.1659E-01  0.1352E+00  0.1352E+00
  0.2411E+00  0.1394E+00  0.1670E-01  0.1351E+00  0.1351E+00
  0.2417E+00  0.1385E+00  0.1670E-01  0.1349E+00  0.1349E+00
  0.2423E+00  0.1244E+00  0.1638E-01  0.1348E+00  0.1348E+00
  0.2429E+00  0.1261E+00  0.1661E-01  0.1346E+00  0.1346E+00
  0.2435E+00  0.1079E+00  0.1650E-01  0.1345E+00  0.1345E+00
  0.2441E+00  0.1161E+00  0.1598E-01  0.1344E+00  0.1344E+00
  0.2447E+00  0.1275E+00  0.1599E-01  0.1342E+00  0.1342E+00
  0.2453E+00  0.1153E+00  0.1626E-01  0.1341E+00  0.1341E+00
  0.2460E+00  0.1220E+00  0.1645E-01  0.1339E+00  0.1339E+00
  0.2466E+00  0.1212E+00  0.1665E-01  0.1337E+00  0.1337E+00
  0.2472E+00  0.1212E+00  0.1646E-01  0.1336E+00  0.1336E+00
  0.2478E+00  0.1224E+00  0.1622E-01  0.1334E+00  0.1334E+00
  0.2484E+00  0.1471E+00  0.1631E-01  0.1333E+00  0.1333E+00
  0.2490E+00  0.1242E+00  0.1665E-01  0.1331E+00  0.1331E+00
  0.2496E+00  0.1449E+00  0.1603E-01  0.1329E+00  0.1329E+00
  0.2502E+00  0.1460E+00  0.1606E-01  0.1328E+00  0.1328E+00
  0.2508E+00  0.1441E+00  0.1609E-01  0.1326E+00  0.1326E+00
  0.2514E+00  0.1357E+00  0.1660E-01  0.1324E+00  0.1324E+00
  0.2520E+00  0.1324E+00  0.1644E-01  0.1322E+00  0.1322E+00
  0.2526E+00  0.1105E+00  0.1695E-01  0.1321E+00  0.1321E+00
  0.2532E+00  0.1359E+00  0.1706E-01  0.1319E+00  0.1319E+00
  0.2539E+00  0.1339E+00  0.1745E-01  0.1317E+00  0.1317E+00
  0.2545E+00  0.1315E+00  0.1718E-01  0.1315E+00  0.1315E+00
  0.2551E+00  0.1344E+00  0.1638E-01  0.1314E+00  0.1314E+00
  0.2557E+00  0.1384E+00  0.1609E-01  0.1312E+00  0.1312E+00
  0.2563E+00  0.1205E+00  0.1675E-01  0.1310E+00  0.1310E+00
  0.2569E+00  0.1357E+00  0.1664E-01  0.1308E+00  0.1308E+00
  0.2575E+00  0.1212E+00  0.1841E-01  0.1306E+00  0.1306E+00
  0.2581E+00  0.1082E+00  0.1633E-01  0.1304E+00  0.1304E+00
  0.2587E+00  0.9811E-01  0.1552E-01  0.1302E+00  0.1302E+00
  0.2593E+00  0.1089E+00  0.1541E-01  0.1301E+00  0.1301E+00
  0.2599E+00  0.1121E+00  0.1557E-01  0.1299E+00  0.1299E+00
  0.2605E+00  0.1174E+00  0.1593E-01  0.1297E+00  0.1297E+00
  0.2612E+00  0.1196E+00  0.1576E-01  0.1295E+00  0.1295E+00
  0.2618E+00  0.1169E+00  0.1604E-01  0.1293E+00  0.1293E+00
  0.2624E+00  0.1216E+00  0.1564E-01  0.1291E+00  0.1291E+00
  0.2630E+00  0.1182E+00  0.1576E-01  0.1289E+00  0.1289E+00
  0.2636E+00  0.1234E+00  0.1602E-01  0.1287E+00  0.1287E+00
  0.2642E+00  0.1101E+00  0.1558E-01  0.1285E+00  0.1285E+00
  0.2648E+00  0.1333E+00  0.1608E-01  0.1283E+00  0.1283E+00
  0.2654E+00  0.1485E+00  0.1552E-01  0.1281E+00  0.1281E+00
  0.2660E+00  0.1331E+00  0.1523E-01  0.1279E+00  0.1279E+00
  0.2666E+00  0.1682E+00  0.1569E-01  0.1277E+00  0.1277E+00
  0.2672E+00  0.1687E+00  0.1582E-01  0.1276E+00  0.1276E+00
  0.2678E+00  0.1624E+00  0.1615E-01  0.1274E+00  0.1274E+00
  0.2684E+00  0.1520E+00  0.1660E-01  0.1272E+00  0.1272E+00
  0.2691E+00  0.1297E+00  0.1596E-01  0.1270E+00  0.1270E+00
  0.2697E+00  0.1163E+00  0.1570E-01  0.1268E+00  0.1268E+00
  0.2703E+00  0.1238E+00  0.1567E-01  0.1266E+00  0.1266E+00
  0.2709E+00  0.1177E+00  0.1593E-01  0.1264E+00  0.1264E+00
  0.2715E+00  0.1274E+00  0.1606E-01  0.1262E+00  0.1262E+00
  0.2721E+00  0.1137E+00  0.1776E-01  0.1260E+00  0.1260E+00
  0.2727E+00  0.1200E+00  0.1846E-01  0.1258E+00  0.1258E+00
  0.2733E+00  0.1346E+00  0.2337E-01  0.1256E+00  0.1256E+00
  0.2739E+00  0.1254E+00  0.1840E-01  0.1254E+00  0.1254E+00
  0.2745E+00  0.1250E+00  0.1634E-01  0.1252E+00  0.1252E+00
  0.2751E+00  0.1111E+00  0.2008E-01  0.1250E+00  0.1250E+00
  0.2757E+00  0.1449E+00  0.1582E-01  0.1249E+00  0.1249E+00
  0.2763E+00  0.1466E+00  0.1493E-01  0.1247E+00  0.1247E+00
  0.2770E+00  0.1460E+00  0.1486E-01  0.1245E+00  0.1245E+00
  0.2776E+00  0.1333E+00  0.1505E-01  0.1243E+00  0.1243E+00
  0.2782E+00  0.1052E+00  0.1507E-01  0.1241E+00  0.1241E+00
  0.2788E+00  0.1120E+00  0.1522E-01  0.1239E+00  0.1239E+00
  0.2794E+00  0.1081E+00  0.1479E-01  0.1237E+00  0.1237E+00
  0.2800E+00  0.1342E+00  0.1554E-01  0.1235E+00  0.1235E+00
  0.2806E+00  0.1321E+00  0.1527E-01  0.1233E+00  0.1233E+00
  0.2812E+00  0.1488E+00  0.1578E-01  0.1232E+00  0.1232E+00
  0.2818E+00  0.1486E+00  0.1521E-01  0.1230E+00  0.1230E+00
  0.2824E+00  0.1385E+00  0.1505E-01  0.1228E+00  0.1228E+00
  0.2830E+00  0.1443E+00  0.1478E-01  0.1226E+00  0.1226E+00
  0.2836E+00  0.1519E+00  0.1483E-01  0.1224E+00  0.1224E+00
  0.2843E+00  0.1283E+00  0.1451E-01  0.1222E+00  0.1222E+00
  0.2849E+00  0.1321E+00  0.1443E-01  0.1220E+00  0.1220E+00
  0.2855E+00  0.1274E+00  0.1483E-01  0.1218E+00  0.1218E+00
  0.2861E+00  0.1268E+00  0.1461E-01  0.1217E+00  0.1217E+00
  0.2867E+00  0.8687E-01  0.1480E-01  0.1215E+00  0.1215E+00
  0.2873E+00  0.9861E-01  0.1456E-01  0.1213E+00  0.1213E+00
  0.2879E+00  0.1006E+00  0.1436E-01  0.1211E+00  0.1211E+00
  0.2885E+00  0.1161E+00  0.1404E-01  0.1209E+00  0.1209E+00
  0.2891E+00  0.9660E-01  0.1466E-01  0.1207E+00  0.1207E+00
  0.2897E+00  0.1059E+00  0.1438E-01  0.1205E+00  0.1205E+00
  0.2903E+00  0.1166E+00  0.1418E-01  0.1203E+00  0.1203E+00
  0.2909E+00  0.1271E+00  0.1445E-01  0.1201E+00  0.1201E+00
  0.2915E+00  0.1188E+00  0.1420E-01  0.1200E+00  0.1200E+00
  0.2922E+00  0.1149E+00  0.1429E-01  0.1198E+00  0.1198E+00
  0.2928E+00  0.8963E-01  0.1454E-01  0.1196E+00  0.1196E+00
  0.2934E+00  0.1087E+00  0.1447E-01  0.1194E+00  0.1194E+00
  0.2940E+00  0.1138E+00  0.1442E-01  0.1192E+00  0.1192E+00
  0.2946E+00  0.1190E+00  0.1436E-01  0.1190E+00  0.1190E+00
  0.2952E+00  0.1372E+00  0.1412E-01  0.1188E+00  0.1188E+00
  0.2958E+00  0.1332E+00  0.1367E-01  0.1186E+00  0.1186E+00
  0.2964E+00  0.1230E+00  0.1379E-01  0.1184E+00  0.1184E+00
  0.2970E+00  0.1044E+00  0.1400E-01  0.1182E+00  0.1182E+00
  0.2976E+00  0.1013E+00  0.1344E-01  0.1180E+00  0.1180E+00
  0.2982E+00  0.1234E+00  0.1370E-01  0.1178E+00  0.1178E+00
  0.2988E+00  0.1070E+00  0.1441E-01  0.1176E+00  0.1176E+00
  0.2995E+00  0.1205E+00  0.1567E-01  0.1174E+00  0.1174E+00
  0.3001E+00  0.1180E+00  0.1520E-01  0.1172E+00  0.1172E+00
  0.3007E+00  0.1154E+00  0.1456E-01  0.1170E+00  0.1170E+00
  0.3013E+00  0.1133E+00  0.1790E-01  0.1167E+00  0.1167E+00
  0.3019E+00  0.1253E+00  0.1471E-01  0.1165E+00  0.1165E+00
  0.3025E+00  0.1288E+00  0.1378E-01  0.1163E+00  0.1163E+00
  0.3031E+00  0.1277E+00  0.1367E-01  0.1161E+00  0.1161E+00
  0.3037E+00  0.1144E+00  0.1378E-01  0.1159E+00  0.1159E+00
  0.3043E+00  0.1186E+00  0.1320E-01  0.1156E+00  0.1156E+00
  0.3049E+00  0.1204E+00  0.1309E-01  0.1154E+00  0.1154E+00
  0.3055E+00  0.1229E+00  0.1331E-01  0.1152E+00  0.1152E+00
  0.3061E+00  0.1269E+00  0.1366E-01  0.1149E+00  0.1149E+00
  0.3067E+00  0.1297E+00  0.1356E-01  0.1147E+00  0.1147E+00
  0.3074E+00  0.1145E+00  0.1362E-01  0.1145E+00  0.1145E+00
  0.3080E+00  0.1242E+00  0.1322E-01  0.1142E+00  0.1142E+00
  0.3086E+00  0.1373E+00  0.1329E-01  0.1140E+00  0.1140E+00
  0.3092E+00  0.1316E+00  0.1316E-01  0.1137E+00  0.1137E+00
  0.3098E+00  0.1100E+00  0.1311E-01  0.1135E+00  0.1135E+00
  0.3104E+00  0.9830E-01  0.1332E-01  0.1132E+00  0.1132E+00
  0.3110E+00  0.1016E+00  0.1352E-01  0.1130E+00  0.1130E+00
  0.3116E+00  0.1116E+00  0.1337E-01  0.1127E+00  0.1127E+00
  0.3122E+00  0.1239E+00  0.1334E-01  0.1124E+00  0.1124E+00
  0.3128E+00  0.1196E+00  0.1282E-01  0.1122E+00  0.1122E+00
  0.3134E+00  0.1467E+00  0.1313E-01  0.1119E+00  0.1119E+00
  0.3140E+00  0.1417E+00  0.1451E-01  0.1116E+00  0.1116E+00
  0.3146E+00  0.1353E+00  0.1525E-01  0.1113E+00  0.1113E+00
  0.3153E+00  0.1337E+00  0.1599E-01  0.1110E+00  0.1110E+00
  0.3159E+00  0.1289E+00  0.1611E-01  0.1108E+00  0.1108E+00
  0.3165E+00  0.1453E+00  0.1715E-01  0.1105E+00  0.1105E+00
  0.3171E+00  0.1174E+00  0.1768E-01  0.1102E+00  0.1102E+00
  0.3177E+00  0.1084E+00  0.1875E-01  0.1099E+00  0.1099E+00
  0.3183E+00  0.9677E-01  0.2133E-01  0.1096E+00  0.1096E+00
  0.3189E+00  0.1176E+00  0.2472E-01  0.1093E+00  0.1093E+00
  0.3195E+00  0.1184E+00  0.3023E-01  0.1090E+00  0.1090E+00

           Distance distribution  function of particle  


       R          P(R)      ERROR

  0.0000E+00  0.0000E+00  0.0000E+00
  0.8713E+00  0.7130E-03  0.1124E-04
  0.1743E+01  0.1301E-02  0.1824E-04
  0.2614E+01  0.1769E-02  0.2133E-04
  0.3485E+01  0.2127E-02  0.2104E-04
  0.4356E+01  0.2388E-02  0.1815E-04
  0.5228E+01  0.2569E-02  0.1389E-04
  0.6099E+01  0.2685E-02  0.1076E-04
  0.6970E+01  0.2757E-02  0.1239E-04
  0.7842E+01  0.2802E-02  0.1783E-04
  0.8713E+01  0.2840E-02  0.2401E-04
  0.9584E+01  0.2887E-02  0.2943E-04
  0.1046E+02  0.2958E-02  0.3337E-04
  0.1133E+02  0.3067E-02  0.3548E-04
  0.1220E+02  0.3222E-02  0.3569E-04
  0.1307E+02  0.3430E-02  0.3419E-04
  0.1394E+02  0.3693E-02  0.3147E-04
  0.1481E+02  0.4011E-02  0.2835E-04
  0.1568E+02  0.4380E-02  0.2605E-04
  0.1655E+02  0.4794E-02  0.2580E-04
  0.1743E+02  0.5244E-02  0.2802E-04
  0.1830E+02  0.5718E-02  0.3193E-04
  0.1917E+02  0.6206E-02  0.3635E-04
  0.2004E+02  0.6696E-02  0.4032E-04
  0.2091E+02  0.7175E-02  0.4322E-04
  0.2178E+02  0.7632E-02  0.4474E-04
  0.2265E+02  0.8057E-02  0.4487E-04
  0.2353E+02  0.8441E-02  0.4385E-04
  0.2440E+02  0.8779E-02  0.4219E-04
  0.2527E+02  0.9064E-02  0.4063E-04
  0.2614E+02  0.9296E-02  0.4002E-04
  0.2701E+02  0.9473E-02  0.4097E-04
  0.2788E+02  0.9596E-02  0.4360E-04
  0.2875E+02  0.9669E-02  0.4746E-04
  0.2962E+02  0.9695E-02  0.5184E-04
  0.3050E+02  0.9679E-02  0.5606E-04
  0.3137E+02  0.9626E-02  0.5964E-04
  0.3224E+02  0.9542E-02  0.6225E-04
  0.3311E+02  0.9432E-02  0.6382E-04
  0.3398E+02  0.9301E-02  0.6443E-04
  0.3485E+02  0.9152E-02  0.6430E-04
  0.3572E+02  0.8988E-02  0.6376E-04
  0.3659E+02  0.8812E-02  0.6315E-04
  0.3747E+02  0.8625E-02  0.6274E-04
  0.3834E+02  0.8428E-02  0.6267E-04
  0.3921E+02  0.8220E-02  0.6290E-04
  0.4008E+02  0.8001E-02  0.6327E-04
  0.4095E+02  0.7770E-02  0.6354E-04
  0.4182E+02  0.7528E-02  0.6351E-04
  0.4269E+02  0.7272E-02  0.6308E-04
  0.4356E+02  0.7004E-02  0.6227E-04
  0.4444E+02  0.6724E-02  0.6127E-04
  0.4531E+02  0.6433E-02  0.6037E-04
  0.4618E+02  0.6133E-02  0.5992E-04
  0.4705E+02  0.5826E-02  0.6019E-04
  0.4792E+02  0.5515E-02  0.6129E-04
  0.4879E+02  0.5204E-02  0.6313E-04
  0.4966E+02  0.4897E-02  0.6543E-04
  0.5054E+02  0.4596E-02  0.6782E-04
  0.5141E+02  0.4305E-02  0.6996E-04
  0.5228E+02  0.4028E-02  0.7160E-04
  0.5315E+02  0.3767E-02  0.7260E-04
  0.5402E+02  0.3524E-02  0.7300E-04
  0.5489E+02  0.3300E-02  0.7293E-04
  0.5576E+02  0.3096E-02  0.7266E-04
  0.5663E+02  0.2910E-02  0.7246E-04
  0.5751E+02  0.2742E-02  0.7259E-04
  0.5838E+02  0.2589E-02  0.7319E-04
  0.5925E+02  0.2450E-02  0.7426E-04
  0.6012E+02  0.2322E-02  0.7569E-04
  0.6099E+02  0.2201E-02  0.7726E-04
  0.6186E+02  0.2085E-02  0.7879E-04
  0.6273E+02  0.1971E-02  0.8015E-04
  0.6360E+02  0.1858E-02  0.8132E-04
  0.6448E+02  0.1743E-02  0.8243E-04
  0.6535E+02  0.1626E-02  0.8373E-04
  0.6622E+02  0.1506E-02  0.8550E-04
  0.6709E+02  0.1384E-02  0.8803E-04
  0.6796E+02  0.1261E-02  0.9151E-04
  0.6883E+02  0.1139E-02  0.9594E-04
  0.6970E+02  0.1019E-02  0.1012E-03
  0.7058E+02  0.9048E-03  0.1070E-03
  0.7145E+02  0.7977E-03  0.1129E-03
  0.7232E+02  0.7002E-03  0.1187E-03
  0.7319E+02  0.6142E-03  0.1241E-03
  0.7406E+02  0.5414E-03  0.1287E-03
  0.7493E+02  0.4825E-03  0.1324E-03
  0.7580E+02  0.4378E-03  0.1351E-03
  0.7667E+02  0.4067E-03  0.1367E-03
  0.7755E+02  0.3877E-03  0.1371E-03
  0.7842E+02  0.3787E-03  0.1361E-03
  0.7929E+02  0.3768E-03  0.1336E-03
  0.8016E+02  0.3785E-03  0.1295E-03
  0.8103E+02  0.3797E-03  0.1234E-03
  0.8190E+02  0.3761E-03  0.1150E-03
  0.8277E+02  0.3630E-03  0.1040E-03
  0.8364E+02  0.3358E-03  0.9015E-04
  0.8452E+02  0.2900E-03  0.7304E-04
  0.8539E+02  0.2213E-03  0.5243E-04
  0.8626E+02  0.1258E-03  0.2813E-04
  0.8713E+02  0.0000E+00  0.0000E+00
          Reciprocal space: Rg =   26.70     , I(0) =   0.4589E+01
     Real space: Rg =   26.73 +- 0.233  I(0) =   0.4589E+01 +-  0.3367E-01
