
           ####    G N O M   ---   Version 4.5a revised 09/02/02     ####

                                                  Mon May 24 13:26:43 2010
           ===    Run No   1   ===
 Run title:   Merge of: p2_A2_2.mccd p2_A3_2.mccd p2_A6_2.mccd p2_A2_1.mccd p2


  Number of points omitted at the beginning:           6
  Number of points omitted at the end:          73
   *******   Working Directory :
   *******    Input file(s) : 24412_merged.dat
           Condition P(rmin) = 0 is used. 
           Condition P(rmax) = 0 is used. 

          Experimental conditions for the first run
          -----------------------------------------

          Highest ALPHA is found to be   0.1814E+02

  The measure of inconsistency AN1 equals to    0.8921E+00
     Alpha    Discrp  Oscill  Stabil  Sysdev  Positv  Valcen    Total   
  0.1814E+05 18.6462  1.2072  0.9495  0.0000  1.0000  0.8537  0.00001
  0.3628E+04 16.1065  1.1956  0.8189  0.0000  1.0000  0.8572  0.00001
  0.7256E+03 10.0602  1.1574  0.5103  0.1330  1.0000  0.8700  0.00001
  0.1451E+03  4.5157  1.1166  0.2159  0.0665  1.0000  0.8950  0.00001
  0.2902E+02  1.9795  1.1779  0.0853  0.1710  1.0000  0.9188  0.43807
  0.5805E+01  0.8582  1.3171  0.0409  0.4466  1.0000  0.9332  0.55595
  0.1161E+01  0.6090  1.3926  0.0121  0.6128  1.0000  0.9382  0.51449
  0.2322E+00  0.5843  1.4278  0.0187  0.5843  1.0000  0.9395  0.10000
  0.4644E-01  0.5609  1.6439  0.0648  0.5843  1.0000  0.9390  0.10000
  0.9287E-02  0.5227  2.6441  0.0919  0.5653  0.9976  0.9292  0.10000
  0.1857E-02  0.5031  3.9433  0.1394  0.5558  0.9906  0.9065  0.10000
  0.3715E-03  0.4874  6.7244  0.3623  0.5653  0.9655  0.8374  0.10000
  0.7430E-04  0.4726  9.3121  0.2559  0.5938  0.9166  0.5978  0.10000
  0.1486E-04  0.4692  9.7631  0.1105  0.5938  0.8947  0.5551  0.10000
  0.2972E-05  0.4689  9.4415  0.1815  0.5938  0.8882  0.5516  0.10000
  0.5944E-06  0.4687  9.2161  0.2728  0.6033  0.8757  0.5517  0.10000
  0.1189E-06  0.4686 10.4337  0.6130  0.5938  0.8348  0.5174  0.10000
  0.2378E-07  0.4681 12.3476  0.7234  0.5938  0.7534  0.3896  0.10000
  0.4755E-08  0.4674 13.3075  0.4018  0.5796  0.7246  0.3292  0.10000
  0.9510E-09  0.4669 16.7609  0.5556  0.5701  0.6979  0.2510  0.10000
  0.1902E-09  0.4660 19.6632  1.0207  0.5701  0.6673  0.2646  0.10000
  0.3804E-10  0.4621 18.5319  0.9329  0.5891  0.6571  0.3129  0.10000
  0.7608E-11  0.4481 18.7975  0.8366  0.5701  0.6362  0.3170  0.10000
  0.1522E-11  0.4092 20.6816  0.6700  0.5701  0.6330  0.3354  0.10000
  0.3043E-12  0.3340 24.9248  0.4973  0.5891  0.6434  0.4132  0.10000
  0.6087E-13  0.2233 32.5565  0.3796  0.5986  0.6528  0.4595  0.10000
  0.1217E-13  0.1040 40.1657  0.2317  0.6081  0.6748  0.4439  0.10000
  0.2435E-14  0.0312 44.2664  0.0879  0.6081  0.6818  0.4242  0.10000
  0.4869E-15  0.0071 45.5633  0.0220  0.6176  0.6833  0.4172  0.10000
  0.9738E-16  0.0015 45.8601  0.0046  0.6176  0.6836  0.4155  0.10000
  0.1948E-16  0.0003 45.9212  0.0009  0.6176  0.6836  0.4151  0.10000

          ***  Golden section search to maximize estimate ***
     Alpha    Discrp  Oscill  Stabil  Sysdev  Positv  Valcen    Total   
  0.1073E+02  1.1572  1.2666  0.0583  0.3800  1.0000  0.9291  0.53622
  0.4590E+01  0.7830  1.3333  0.0349  0.5321  1.0000  0.9344  0.55450
  0.7341E+01  0.9541  1.2991  0.0474  0.4371  1.0000  0.9318  0.55422
  0.5307E+01  0.8272  1.3235  0.0386  0.4941  1.0000  0.9337  0.55570
  0.6349E+01  0.8923  1.3104  0.0434  0.4561  1.0000  0.9327  0.55592
  0.5609E+01  0.8460  1.3196  0.0400  0.4561  1.0000  0.9334  0.55585
  0.6007E+01  0.8709  1.3146  0.0419  0.4561  1.0000  0.9330  0.55603
  0.6135E+01  0.8789  1.3130  0.0424  0.4561  1.0000  0.9329  0.55602
  0.5929E+01  0.8660  1.3156  0.0415  0.4561  1.0000  0.9331  0.55602
  0.6056E+01  0.8739  1.3140  0.0421  0.4561  1.0000  0.9330  0.55603
  0.5977E+01  0.8690  1.3150  0.0417  0.4561  1.0000  0.9331  0.55603
  0.6025E+01  0.8720  1.3144  0.0420  0.4561  1.0000  0.9330  0.55603
  0.6037E+01  0.8727  1.3142  0.0420  0.4561  1.0000  0.9330  0.55603
  0.6018E+01  0.8716  1.3144  0.0419  0.4561  1.0000  0.9330  0.55603
  0.6025E+01  0.8720  1.3144  0.0420  0.4561  1.0000  0.9330  0.55603



             ####            Final results            ####

 Parameter    DISCRP    OSCILL    STABIL    SYSDEV    POSITV    VALCEN
 Weight        1.000     3.000     3.000     4.000     1.000     1.000
 Sigma         0.500     0.600     0.120     0.200     0.120     0.120
 Ideal         1.000     1.100     0.000     1.000     1.000     0.950
 Current       0.872     1.314     0.042     0.456     1.000     0.933
                - - - - - - - - - - - - - - - - - - - - - - - - - 
 Estimate      0.937     0.880     0.885     0.001     1.000     0.980

  Angular   range    :     from    0.0192   to    0.2751
  Real space range   :     from      0.00   to     86.41

  Highest ALPHA (theor) :   0.181E+05                 JOB = 0
  Current ALPHA         :   0.603E+01   Rg :  0.272E+02   I(0) :   0.463E+01

           Total  estimate : 0.556  which is  A REASONABLE  solution

      S          J EXP       ERROR       J REG       I REG

  0.0000E+00                                      0.4627E+01
  0.6841E-03                                      0.4627E+01
  0.1368E-02                                      0.4625E+01
  0.2052E-02                                      0.4622E+01
  0.2736E-02                                      0.4619E+01
  0.3421E-02                                      0.4614E+01
  0.4105E-02                                      0.4608E+01
  0.4789E-02                                      0.4601E+01
  0.5473E-02                                      0.4593E+01
  0.6157E-02                                      0.4584E+01
  0.6841E-02                                      0.4574E+01
  0.7525E-02                                      0.4563E+01
  0.8209E-02                                      0.4551E+01
  0.8893E-02                                      0.4538E+01
  0.9577E-02                                      0.4523E+01
  0.1026E-01                                      0.4508E+01
  0.1095E-01                                      0.4492E+01
  0.1163E-01                                      0.4475E+01
  0.1231E-01                                      0.4457E+01
  0.1300E-01                                      0.4438E+01
  0.1368E-01                                      0.4418E+01
  0.1437E-01                                      0.4397E+01
  0.1505E-01                                      0.4375E+01
  0.1573E-01                                      0.4353E+01
  0.1642E-01                                      0.4329E+01
  0.1710E-01                                      0.4305E+01
  0.1779E-01                                      0.4279E+01
  0.1847E-01                                      0.4253E+01
  0.1915E-01  0.4331E+01  0.2880E+00  0.4226E+01  0.4226E+01
  0.1976E-01  0.4280E+01  0.2388E+00  0.4202E+01  0.4202E+01
  0.2037E-01  0.4443E+01  0.2025E+00  0.4177E+01  0.4177E+01
  0.2098E-01  0.4419E+01  0.1930E+00  0.4151E+01  0.4151E+01
  0.2159E-01  0.4409E+01  0.1834E+00  0.4124E+01  0.4124E+01
  0.2219E-01  0.4495E+01  0.2083E+00  0.4097E+01  0.4097E+01
  0.2280E-01  0.4008E+01  0.6429E+00  0.4070E+01  0.4070E+01
  0.2341E-01  0.4069E+01  0.1876E+00  0.4042E+01  0.4042E+01
  0.2402E-01  0.4130E+01  0.1693E+00  0.4013E+01  0.4013E+01
  0.2463E-01  0.4245E+01  0.1621E+00  0.3984E+01  0.3984E+01
  0.2524E-01  0.4199E+01  0.1475E+00  0.3955E+01  0.3955E+01
  0.2584E-01  0.4202E+01  0.1387E+00  0.3925E+01  0.3925E+01
  0.2645E-01  0.4206E+01  0.1508E+00  0.3894E+01  0.3894E+01
  0.2706E-01  0.4116E+01  0.1351E+00  0.3863E+01  0.3863E+01
  0.2767E-01  0.3985E+01  0.1360E+00  0.3832E+01  0.3832E+01
  0.2828E-01  0.3789E+01  0.1243E+00  0.3800E+01  0.3800E+01
  0.2888E-01  0.3735E+01  0.1266E+00  0.3768E+01  0.3768E+01
  0.2949E-01  0.3839E+01  0.1298E+00  0.3735E+01  0.3735E+01
  0.3010E-01  0.3613E+01  0.1340E+00  0.3702E+01  0.3702E+01
  0.3071E-01  0.3633E+01  0.1205E+00  0.3669E+01  0.3669E+01
  0.3132E-01  0.3574E+01  0.1296E+00  0.3635E+01  0.3635E+01
  0.3192E-01  0.3699E+01  0.1418E+00  0.3601E+01  0.3601E+01
  0.3253E-01  0.3605E+01  0.1025E+00  0.3567E+01  0.3567E+01
  0.3314E-01  0.3555E+01  0.7504E-01  0.3532E+01  0.3532E+01
  0.3375E-01  0.3580E+01  0.7797E-01  0.3498E+01  0.3498E+01
  0.3436E-01  0.3538E+01  0.1537E+00  0.3462E+01  0.3462E+01
  0.3496E-01  0.3483E+01  0.8116E-01  0.3427E+01  0.3427E+01
  0.3557E-01  0.3433E+01  0.8036E-01  0.3391E+01  0.3391E+01
  0.3618E-01  0.3346E+01  0.7741E-01  0.3356E+01  0.3356E+01
  0.3679E-01  0.3313E+01  0.7560E-01  0.3320E+01  0.3320E+01
  0.3740E-01  0.3384E+01  0.7189E-01  0.3284E+01  0.3284E+01
  0.3800E-01  0.3359E+01  0.7128E-01  0.3247E+01  0.3247E+01
  0.3861E-01  0.3325E+01  0.7163E-01  0.3211E+01  0.3211E+01
  0.3922E-01  0.3200E+01  0.7523E-01  0.3174E+01  0.3174E+01
  0.3983E-01  0.3216E+01  0.8337E-01  0.3138E+01  0.3138E+01
  0.4044E-01  0.3108E+01  0.6989E-01  0.3101E+01  0.3101E+01
  0.4105E-01  0.3090E+01  0.6404E-01  0.3064E+01  0.3064E+01
  0.4165E-01  0.2922E+01  0.6398E-01  0.3027E+01  0.3027E+01
  0.4226E-01  0.2941E+01  0.6169E-01  0.2990E+01  0.2990E+01
  0.4287E-01  0.2879E+01  0.6396E-01  0.2953E+01  0.2953E+01
  0.4348E-01  0.2898E+01  0.6254E-01  0.2916E+01  0.2916E+01
  0.4409E-01  0.2897E+01  0.6482E-01  0.2879E+01  0.2879E+01
  0.4469E-01  0.2717E+01  0.6195E-01  0.2842E+01  0.2842E+01
  0.4530E-01  0.2627E+01  0.5967E-01  0.2805E+01  0.2805E+01
  0.4591E-01  0.2613E+01  0.5989E-01  0.2768E+01  0.2768E+01
  0.4652E-01  0.2612E+01  0.5812E-01  0.2731E+01  0.2731E+01
  0.4713E-01  0.2638E+01  0.5953E-01  0.2694E+01  0.2694E+01
  0.4773E-01  0.2576E+01  0.5186E-01  0.2657E+01  0.2657E+01
  0.4834E-01  0.2629E+01  0.5176E-01  0.2620E+01  0.2620E+01
  0.4895E-01  0.2518E+01  0.5064E-01  0.2584E+01  0.2584E+01
  0.4956E-01  0.2620E+01  0.6238E-01  0.2547E+01  0.2547E+01
  0.5017E-01  0.2526E+01  0.6032E-01  0.2511E+01  0.2511E+01
  0.5078E-01  0.2556E+01  0.6477E-01  0.2474E+01  0.2474E+01
  0.5138E-01  0.2457E+01  0.6291E-01  0.2438E+01  0.2438E+01
  0.5199E-01  0.2370E+01  0.6464E-01  0.2402E+01  0.2402E+01
  0.5260E-01  0.2439E+01  0.5865E-01  0.2367E+01  0.2367E+01
  0.5321E-01  0.2389E+01  0.6175E-01  0.2331E+01  0.2331E+01
  0.5382E-01  0.2374E+01  0.5508E-01  0.2296E+01  0.2296E+01
  0.5442E-01  0.2369E+01  0.5811E-01  0.2260E+01  0.2260E+01
  0.5503E-01  0.2387E+01  0.5750E-01  0.2225E+01  0.2225E+01
  0.5564E-01  0.2269E+01  0.5863E-01  0.2191E+01  0.2191E+01
  0.5625E-01  0.2281E+01  0.5538E-01  0.2156E+01  0.2156E+01
  0.5686E-01  0.2132E+01  0.5408E-01  0.2122E+01  0.2122E+01
  0.5746E-01  0.2127E+01  0.5634E-01  0.2088E+01  0.2088E+01
  0.5807E-01  0.2112E+01  0.6168E-01  0.2054E+01  0.2054E+01
  0.5868E-01  0.2045E+01  0.6214E-01  0.2021E+01  0.2021E+01
  0.5929E-01  0.2110E+01  0.5406E-01  0.1987E+01  0.1987E+01
  0.5990E-01  0.1968E+01  0.5654E-01  0.1954E+01  0.1954E+01
  0.6050E-01  0.1978E+01  0.5330E-01  0.1922E+01  0.1922E+01
  0.6111E-01  0.1970E+01  0.5384E-01  0.1889E+01  0.1889E+01
  0.6172E-01  0.1919E+01  0.5096E-01  0.1857E+01  0.1857E+01
  0.6233E-01  0.1900E+01  0.5348E-01  0.1826E+01  0.1826E+01
  0.6294E-01  0.1882E+01  0.5391E-01  0.1794E+01  0.1794E+01
  0.6354E-01  0.1888E+01  0.5420E-01  0.1763E+01  0.1763E+01
  0.6415E-01  0.1813E+01  0.5375E-01  0.1732E+01  0.1732E+01
  0.6476E-01  0.1727E+01  0.5466E-01  0.1702E+01  0.1702E+01
  0.6537E-01  0.1629E+01  0.5491E-01  0.1672E+01  0.1672E+01
  0.6598E-01  0.1607E+01  0.5449E-01  0.1642E+01  0.1642E+01
  0.6659E-01  0.1615E+01  0.5199E-01  0.1612E+01  0.1612E+01
  0.6719E-01  0.1638E+01  0.5030E-01  0.1583E+01  0.1583E+01
  0.6780E-01  0.1650E+01  0.5302E-01  0.1555E+01  0.1555E+01
  0.6841E-01  0.1611E+01  0.5006E-01  0.1526E+01  0.1526E+01
  0.6902E-01  0.1637E+01  0.5099E-01  0.1498E+01  0.1498E+01
  0.6962E-01  0.1499E+01  0.5059E-01  0.1471E+01  0.1471E+01
  0.7023E-01  0.1448E+01  0.5066E-01  0.1443E+01  0.1443E+01
  0.7084E-01  0.1457E+01  0.4761E-01  0.1416E+01  0.1416E+01
  0.7145E-01  0.1495E+01  0.4636E-01  0.1390E+01  0.1390E+01
  0.7206E-01  0.1394E+01  0.4613E-01  0.1364E+01  0.1364E+01
  0.7267E-01  0.1433E+01  0.4757E-01  0.1338E+01  0.1338E+01
  0.7327E-01  0.1439E+01  0.4851E-01  0.1312E+01  0.1312E+01
  0.7388E-01  0.1360E+01  0.4408E-01  0.1287E+01  0.1287E+01
  0.7449E-01  0.1265E+01  0.4663E-01  0.1262E+01  0.1262E+01
  0.7510E-01  0.1271E+01  0.4621E-01  0.1238E+01  0.1238E+01
  0.7571E-01  0.1291E+01  0.4587E-01  0.1214E+01  0.1214E+01
  0.7631E-01  0.1302E+01  0.4732E-01  0.1190E+01  0.1190E+01
  0.7692E-01  0.1236E+01  0.4373E-01  0.1167E+01  0.1167E+01
  0.7753E-01  0.1151E+01  0.4673E-01  0.1144E+01  0.1144E+01
  0.7814E-01  0.1155E+01  0.4474E-01  0.1122E+01  0.1122E+01
  0.7875E-01  0.1150E+01  0.4341E-01  0.1100E+01  0.1100E+01
  0.7935E-01  0.1132E+01  0.4428E-01  0.1078E+01  0.1078E+01
  0.7996E-01  0.1129E+01  0.4605E-01  0.1056E+01  0.1056E+01
  0.8057E-01  0.1070E+01  0.4642E-01  0.1035E+01  0.1035E+01
  0.8118E-01  0.1041E+01  0.4362E-01  0.1015E+01  0.1015E+01
  0.8179E-01  0.1073E+01  0.4435E-01  0.9945E+00  0.9945E+00
  0.8239E-01  0.9810E+00  0.4360E-01  0.9745E+00  0.9745E+00
  0.8300E-01  0.1050E+01  0.4267E-01  0.9549E+00  0.9549E+00
  0.8361E-01  0.9912E+00  0.4155E-01  0.9356E+00  0.9356E+00
  0.8422E-01  0.9343E+00  0.4312E-01  0.9167E+00  0.9167E+00
  0.8483E-01  0.9445E+00  0.4125E-01  0.8982E+00  0.8982E+00
  0.8544E-01  0.8322E+00  0.4075E-01  0.8800E+00  0.8800E+00
  0.8604E-01  0.9388E+00  0.4089E-01  0.8621E+00  0.8621E+00
  0.8665E-01  0.7839E+00  0.3884E-01  0.8446E+00  0.8446E+00
  0.8726E-01  0.8530E+00  0.4254E-01  0.8274E+00  0.8274E+00
  0.8787E-01  0.7903E+00  0.4172E-01  0.8105E+00  0.8105E+00
  0.8847E-01  0.7793E+00  0.4215E-01  0.7940E+00  0.7940E+00
  0.8908E-01  0.8121E+00  0.4064E-01  0.7778E+00  0.7778E+00
  0.8969E-01  0.8434E+00  0.4366E-01  0.7619E+00  0.7619E+00
  0.9030E-01  0.8330E+00  0.3970E-01  0.7464E+00  0.7464E+00
  0.9091E-01  0.7866E+00  0.4264E-01  0.7311E+00  0.7311E+00
  0.9151E-01  0.7595E+00  0.4143E-01  0.7162E+00  0.7162E+00
  0.9212E-01  0.7564E+00  0.4180E-01  0.7015E+00  0.7015E+00
  0.9273E-01  0.7698E+00  0.4082E-01  0.6872E+00  0.6872E+00
  0.9334E-01  0.7390E+00  0.4050E-01  0.6732E+00  0.6732E+00
  0.9395E-01  0.7342E+00  0.4090E-01  0.6594E+00  0.6594E+00
  0.9456E-01  0.6315E+00  0.4198E-01  0.6460E+00  0.6460E+00
  0.9516E-01  0.5911E+00  0.4105E-01  0.6328E+00  0.6328E+00
  0.9577E-01  0.6020E+00  0.3999E-01  0.6199E+00  0.6199E+00
  0.9638E-01  0.5800E+00  0.3973E-01  0.6073E+00  0.6073E+00
  0.9699E-01  0.6013E+00  0.4040E-01  0.5950E+00  0.5950E+00
  0.9760E-01  0.5534E+00  0.3928E-01  0.5829E+00  0.5829E+00
  0.9820E-01  0.5581E+00  0.3836E-01  0.5711E+00  0.5711E+00
  0.9881E-01  0.5314E+00  0.3978E-01  0.5596E+00  0.5596E+00
  0.9942E-01  0.5692E+00  0.3853E-01  0.5483E+00  0.5483E+00
  0.1000E+00  0.5088E+00  0.3953E-01  0.5373E+00  0.5373E+00
  0.1006E+00  0.5192E+00  0.3906E-01  0.5265E+00  0.5265E+00
  0.1012E+00  0.4633E+00  0.3905E-01  0.5159E+00  0.5159E+00
  0.1019E+00  0.4580E+00  0.3969E-01  0.5056E+00  0.5056E+00
  0.1025E+00  0.4950E+00  0.3646E-01  0.4956E+00  0.4956E+00
  0.1031E+00  0.5679E+00  0.3814E-01  0.4857E+00  0.4857E+00
  0.1037E+00  0.5301E+00  0.4082E-01  0.4761E+00  0.4761E+00
  0.1043E+00  0.4338E+00  0.4048E-01  0.4667E+00  0.4667E+00
  0.1049E+00  0.4621E+00  0.3926E-01  0.4576E+00  0.4576E+00
  0.1055E+00  0.4360E+00  0.3969E-01  0.4486E+00  0.4486E+00
  0.1061E+00  0.4269E+00  0.3875E-01  0.4398E+00  0.4398E+00
  0.1067E+00  0.3702E+00  0.4045E-01  0.4313E+00  0.4313E+00
  0.1073E+00  0.3988E+00  0.4108E-01  0.4230E+00  0.4230E+00
  0.1079E+00  0.3870E+00  0.3960E-01  0.4148E+00  0.4148E+00
  0.1085E+00  0.3814E+00  0.3877E-01  0.4069E+00  0.4069E+00
  0.1091E+00  0.4166E+00  0.3786E-01  0.3991E+00  0.3991E+00
  0.1098E+00  0.4174E+00  0.3961E-01  0.3915E+00  0.3915E+00
  0.1104E+00  0.3862E+00  0.3902E-01  0.3841E+00  0.3841E+00
  0.1110E+00  0.3767E+00  0.4308E-01  0.3769E+00  0.3769E+00
  0.1116E+00  0.3509E+00  0.2599E-01  0.3699E+00  0.3699E+00
  0.1122E+00  0.3396E+00  0.2570E-01  0.3630E+00  0.3630E+00
  0.1128E+00  0.2965E+00  0.2674E-01  0.3563E+00  0.3563E+00
  0.1134E+00  0.3368E+00  0.2585E-01  0.3498E+00  0.3498E+00
  0.1140E+00  0.3419E+00  0.2578E-01  0.3434E+00  0.3434E+00
  0.1146E+00  0.3222E+00  0.2774E-01  0.3372E+00  0.3372E+00
  0.1152E+00  0.3279E+00  0.2626E-01  0.3311E+00  0.3311E+00
  0.1158E+00  0.2959E+00  0.2563E-01  0.3252E+00  0.3252E+00
  0.1164E+00  0.2701E+00  0.2667E-01  0.3194E+00  0.3194E+00
  0.1171E+00  0.2786E+00  0.2606E-01  0.3138E+00  0.3138E+00
  0.1177E+00  0.2487E+00  0.2521E-01  0.3083E+00  0.3083E+00
  0.1183E+00  0.2725E+00  0.2481E-01  0.3030E+00  0.3030E+00
  0.1189E+00  0.3001E+00  0.2363E-01  0.2977E+00  0.2977E+00
  0.1195E+00  0.2917E+00  0.2531E-01  0.2927E+00  0.2927E+00
  0.1201E+00  0.2951E+00  0.2600E-01  0.2877E+00  0.2877E+00
  0.1207E+00  0.2873E+00  0.2476E-01  0.2829E+00  0.2829E+00
  0.1213E+00  0.2606E+00  0.2526E-01  0.2782E+00  0.2782E+00
  0.1219E+00  0.2775E+00  0.2560E-01  0.2736E+00  0.2736E+00
  0.1225E+00  0.2780E+00  0.2494E-01  0.2692E+00  0.2692E+00
  0.1231E+00  0.2683E+00  0.2448E-01  0.2648E+00  0.2648E+00
  0.1237E+00  0.2517E+00  0.2477E-01  0.2606E+00  0.2606E+00
  0.1244E+00  0.2229E+00  0.2497E-01  0.2565E+00  0.2565E+00
  0.1250E+00  0.2371E+00  0.2348E-01  0.2524E+00  0.2524E+00
  0.1256E+00  0.2181E+00  0.2436E-01  0.2485E+00  0.2485E+00
  0.1262E+00  0.1892E+00  0.2433E-01  0.2447E+00  0.2447E+00
  0.1268E+00  0.2210E+00  0.2318E-01  0.2410E+00  0.2410E+00
  0.1274E+00  0.1703E+00  0.2461E-01  0.2374E+00  0.2374E+00
  0.1280E+00  0.1793E+00  0.2565E-01  0.2339E+00  0.2339E+00
  0.1286E+00  0.1812E+00  0.2471E-01  0.2305E+00  0.2305E+00
  0.1292E+00  0.1700E+00  0.2487E-01  0.2272E+00  0.2272E+00
  0.1298E+00  0.1970E+00  0.2425E-01  0.2240E+00  0.2240E+00
  0.1304E+00  0.2076E+00  0.2409E-01  0.2208E+00  0.2208E+00
  0.1310E+00  0.1677E+00  0.2430E-01  0.2178E+00  0.2178E+00
  0.1316E+00  0.1654E+00  0.2451E-01  0.2148E+00  0.2148E+00
  0.1323E+00  0.1352E+00  0.2470E-01  0.2120E+00  0.2120E+00
  0.1329E+00  0.1619E+00  0.2406E-01  0.2092E+00  0.2092E+00
  0.1335E+00  0.1571E+00  0.2430E-01  0.2064E+00  0.2064E+00
  0.1341E+00  0.1804E+00  0.2395E-01  0.2038E+00  0.2038E+00
  0.1347E+00  0.1736E+00  0.2405E-01  0.2012E+00  0.2012E+00
  0.1353E+00  0.1897E+00  0.2316E-01  0.1988E+00  0.1988E+00
  0.1359E+00  0.1881E+00  0.2315E-01  0.1963E+00  0.1963E+00
  0.1365E+00  0.1482E+00  0.2472E-01  0.1940E+00  0.1940E+00
  0.1371E+00  0.2033E+00  0.2356E-01  0.1917E+00  0.1917E+00
  0.1377E+00  0.2035E+00  0.2343E-01  0.1895E+00  0.1895E+00
  0.1383E+00  0.2033E+00  0.2498E-01  0.1874E+00  0.1874E+00
  0.1389E+00  0.2091E+00  0.2682E-01  0.1853E+00  0.1853E+00
  0.1396E+00  0.1637E+00  0.2696E-01  0.1833E+00  0.1833E+00
  0.1402E+00  0.1476E+00  0.2773E-01  0.1814E+00  0.1814E+00
  0.1408E+00  0.1404E+00  0.2565E-01  0.1795E+00  0.1795E+00
  0.1414E+00  0.1296E+00  0.2363E-01  0.1777E+00  0.1777E+00
  0.1420E+00  0.1296E+00  0.2308E-01  0.1759E+00  0.1759E+00
  0.1426E+00  0.1230E+00  0.2281E-01  0.1742E+00  0.1742E+00
  0.1432E+00  0.1198E+00  0.2210E-01  0.1726E+00  0.1726E+00
  0.1438E+00  0.1490E+00  0.2250E-01  0.1710E+00  0.1710E+00
  0.1444E+00  0.1475E+00  0.2311E-01  0.1695E+00  0.1695E+00
  0.1450E+00  0.1664E+00  0.2281E-01  0.1680E+00  0.1680E+00
  0.1456E+00  0.1651E+00  0.2381E-01  0.1666E+00  0.1666E+00
  0.1462E+00  0.1725E+00  0.2284E-01  0.1652E+00  0.1652E+00
  0.1468E+00  0.1437E+00  0.2216E-01  0.1639E+00  0.1639E+00
  0.1475E+00  0.1093E+00  0.2349E-01  0.1626E+00  0.1626E+00
  0.1481E+00  0.1376E+00  0.2163E-01  0.1614E+00  0.1614E+00
  0.1487E+00  0.1347E+00  0.2123E-01  0.1602E+00  0.1602E+00
  0.1493E+00  0.1833E+00  0.2149E-01  0.1591E+00  0.1591E+00
  0.1499E+00  0.1883E+00  0.2185E-01  0.1580E+00  0.1580E+00
  0.1505E+00  0.1868E+00  0.2186E-01  0.1569E+00  0.1569E+00
  0.1511E+00  0.2040E+00  0.2248E-01  0.1559E+00  0.1559E+00
  0.1517E+00  0.1639E+00  0.2246E-01  0.1549E+00  0.1549E+00
  0.1523E+00  0.1546E+00  0.2239E-01  0.1540E+00  0.1540E+00
  0.1529E+00  0.1579E+00  0.2253E-01  0.1531E+00  0.1531E+00
  0.1535E+00  0.1632E+00  0.2181E-01  0.1523E+00  0.1523E+00
  0.1541E+00  0.1537E+00  0.2220E-01  0.1514E+00  0.1514E+00
  0.1548E+00  0.1368E+00  0.2241E-01  0.1507E+00  0.1507E+00
  0.1554E+00  0.9979E-01  0.2135E-01  0.1499E+00  0.1499E+00
  0.1560E+00  0.8588E-01  0.2202E-01  0.1492E+00  0.1492E+00
  0.1566E+00  0.9153E-01  0.2185E-01  0.1485E+00  0.1485E+00
  0.1572E+00  0.1065E+00  0.2111E-01  0.1479E+00  0.1479E+00
  0.1578E+00  0.1007E+00  0.2159E-01  0.1473E+00  0.1473E+00
  0.1584E+00  0.1128E+00  0.2115E-01  0.1467E+00  0.1467E+00
  0.1590E+00  0.1347E+00  0.2000E-01  0.1461E+00  0.1461E+00
  0.1596E+00  0.1537E+00  0.2088E-01  0.1456E+00  0.1456E+00
  0.1602E+00  0.1577E+00  0.2049E-01  0.1451E+00  0.1451E+00
  0.1608E+00  0.1566E+00  0.2082E-01  0.1446E+00  0.1446E+00
  0.1614E+00  0.1481E+00  0.2045E-01  0.1442E+00  0.1442E+00
  0.1620E+00  0.1630E+00  0.2098E-01  0.1438E+00  0.1438E+00
  0.1627E+00  0.1368E+00  0.2083E-01  0.1434E+00  0.1434E+00
  0.1633E+00  0.1382E+00  0.2086E-01  0.1430E+00  0.1430E+00
  0.1639E+00  0.1409E+00  0.2037E-01  0.1426E+00  0.1426E+00
  0.1645E+00  0.1423E+00  0.2025E-01  0.1423E+00  0.1423E+00
  0.1651E+00  0.1497E+00  0.2061E-01  0.1420E+00  0.1420E+00
  0.1657E+00  0.1341E+00  0.2101E-01  0.1417E+00  0.1417E+00
  0.1663E+00  0.1496E+00  0.2050E-01  0.1414E+00  0.1414E+00
  0.1669E+00  0.1592E+00  0.2007E-01  0.1412E+00  0.1412E+00
  0.1675E+00  0.1508E+00  0.2044E-01  0.1409E+00  0.1409E+00
  0.1681E+00  0.1536E+00  0.2102E-01  0.1407E+00  0.1407E+00
  0.1687E+00  0.1246E+00  0.2114E-01  0.1405E+00  0.1405E+00
  0.1693E+00  0.1442E+00  0.2098E-01  0.1403E+00  0.1403E+00
  0.1700E+00  0.1557E+00  0.2081E-01  0.1402E+00  0.1402E+00
  0.1706E+00  0.1541E+00  0.2046E-01  0.1400E+00  0.1400E+00
  0.1712E+00  0.1484E+00  0.2001E-01  0.1398E+00  0.1398E+00
  0.1718E+00  0.1324E+00  0.2038E-01  0.1397E+00  0.1397E+00
  0.1724E+00  0.1252E+00  0.2115E-01  0.1396E+00  0.1396E+00
  0.1730E+00  0.1237E+00  0.2063E-01  0.1395E+00  0.1395E+00
  0.1736E+00  0.1490E+00  0.2055E-01  0.1393E+00  0.1393E+00
  0.1742E+00  0.1332E+00  0.2029E-01  0.1392E+00  0.1392E+00
  0.1748E+00  0.1381E+00  0.2164E-01  0.1392E+00  0.1392E+00
  0.1754E+00  0.1570E+00  0.2094E-01  0.1391E+00  0.1391E+00
  0.1760E+00  0.1480E+00  0.2118E-01  0.1390E+00  0.1390E+00
  0.1766E+00  0.1242E+00  0.2073E-01  0.1389E+00  0.1389E+00
  0.1773E+00  0.1176E+00  0.2043E-01  0.1389E+00  0.1389E+00
  0.1779E+00  0.1138E+00  0.2098E-01  0.1388E+00  0.1388E+00
  0.1785E+00  0.1271E+00  0.2044E-01  0.1388E+00  0.1388E+00
  0.1791E+00  0.1458E+00  0.2058E-01  0.1387E+00  0.1387E+00
  0.1797E+00  0.1275E+00  0.2037E-01  0.1387E+00  0.1387E+00
  0.1803E+00  0.1468E+00  0.2029E-01  0.1387E+00  0.1387E+00
  0.1809E+00  0.1240E+00  0.2038E-01  0.1386E+00  0.1386E+00
  0.1815E+00  0.1129E+00  0.2072E-01  0.1386E+00  0.1386E+00
  0.1821E+00  0.9994E-01  0.2094E-01  0.1386E+00  0.1386E+00
  0.1827E+00  0.1211E+00  0.2009E-01  0.1385E+00  0.1385E+00
  0.1833E+00  0.1078E+00  0.1962E-01  0.1385E+00  0.1385E+00
  0.1839E+00  0.1288E+00  0.2025E-01  0.1385E+00  0.1385E+00
  0.1845E+00  0.1250E+00  0.1947E-01  0.1385E+00  0.1385E+00
  0.1852E+00  0.1042E+00  0.2036E-01  0.1385E+00  0.1385E+00
  0.1858E+00  0.1119E+00  0.1985E-01  0.1384E+00  0.1384E+00
  0.1864E+00  0.1132E+00  0.1978E-01  0.1384E+00  0.1384E+00
  0.1870E+00  0.8441E-01  0.1949E-01  0.1384E+00  0.1384E+00
  0.1876E+00  0.9405E-01  0.1965E-01  0.1384E+00  0.1384E+00
  0.1882E+00  0.9718E-01  0.1916E-01  0.1383E+00  0.1383E+00
  0.1888E+00  0.1167E+00  0.1998E-01  0.1383E+00  0.1383E+00
  0.1894E+00  0.1246E+00  0.1997E-01  0.1383E+00  0.1383E+00
  0.1900E+00  0.1061E+00  0.1972E-01  0.1383E+00  0.1383E+00
  0.1906E+00  0.1256E+00  0.1983E-01  0.1382E+00  0.1382E+00
  0.1912E+00  0.1262E+00  0.2004E-01  0.1382E+00  0.1382E+00
  0.1918E+00  0.1375E+00  0.2102E-01  0.1382E+00  0.1382E+00
  0.1925E+00  0.1331E+00  0.1984E-01  0.1381E+00  0.1381E+00
  0.1931E+00  0.1341E+00  0.2042E-01  0.1381E+00  0.1381E+00
  0.1937E+00  0.1304E+00  0.1906E-01  0.1380E+00  0.1380E+00
  0.1943E+00  0.1374E+00  0.1903E-01  0.1380E+00  0.1380E+00
  0.1949E+00  0.1486E+00  0.1905E-01  0.1379E+00  0.1379E+00
  0.1955E+00  0.1187E+00  0.1881E-01  0.1379E+00  0.1379E+00
  0.1961E+00  0.1070E+00  0.1967E-01  0.1378E+00  0.1378E+00
  0.1967E+00  0.8130E-01  0.1888E-01  0.1377E+00  0.1377E+00
  0.1973E+00  0.9036E-01  0.1879E-01  0.1377E+00  0.1377E+00
  0.1979E+00  0.1010E+00  0.1930E-01  0.1376E+00  0.1376E+00
  0.1985E+00  0.1246E+00  0.1985E-01  0.1375E+00  0.1375E+00
  0.1991E+00  0.1395E+00  0.1907E-01  0.1374E+00  0.1374E+00
  0.1997E+00  0.1342E+00  0.1949E-01  0.1374E+00  0.1374E+00
  0.2004E+00  0.1583E+00  0.1914E-01  0.1373E+00  0.1373E+00
  0.2010E+00  0.1373E+00  0.1825E-01  0.1372E+00  0.1372E+00
  0.2016E+00  0.1589E+00  0.1829E-01  0.1371E+00  0.1371E+00
  0.2022E+00  0.1569E+00  0.1841E-01  0.1370E+00  0.1370E+00
  0.2028E+00  0.1294E+00  0.1896E-01  0.1369E+00  0.1369E+00
  0.2034E+00  0.1125E+00  0.1887E-01  0.1368E+00  0.1368E+00
  0.2040E+00  0.1434E+00  0.1795E-01  0.1367E+00  0.1367E+00
  0.2046E+00  0.1406E+00  0.1852E-01  0.1366E+00  0.1366E+00
  0.2052E+00  0.1546E+00  0.1872E-01  0.1364E+00  0.1364E+00
  0.2058E+00  0.1746E+00  0.1922E-01  0.1363E+00  0.1363E+00
  0.2064E+00  0.1573E+00  0.1831E-01  0.1362E+00  0.1362E+00
  0.2070E+00  0.1746E+00  0.1876E-01  0.1361E+00  0.1361E+00
  0.2077E+00  0.1475E+00  0.1798E-01  0.1359E+00  0.1359E+00
  0.2083E+00  0.1569E+00  0.1813E-01  0.1358E+00  0.1358E+00
  0.2089E+00  0.1485E+00  0.1879E-01  0.1356E+00  0.1356E+00
  0.2095E+00  0.1382E+00  0.1825E-01  0.1355E+00  0.1355E+00
  0.2101E+00  0.1324E+00  0.2002E-01  0.1353E+00  0.1353E+00
  0.2107E+00  0.1153E+00  0.2723E-01  0.1352E+00  0.1352E+00
  0.2113E+00  0.1346E+00  0.1995E-01  0.1350E+00  0.1350E+00
  0.2119E+00  0.1720E+00  0.1830E-01  0.1349E+00  0.1349E+00
  0.2125E+00  0.1582E+00  0.1783E-01  0.1347E+00  0.1347E+00
  0.2131E+00  0.1731E+00  0.1841E-01  0.1346E+00  0.1346E+00
  0.2137E+00  0.1968E+00  0.1793E-01  0.1344E+00  0.1344E+00
  0.2143E+00  0.1631E+00  0.1764E-01  0.1342E+00  0.1342E+00
  0.2149E+00  0.1543E+00  0.1784E-01  0.1340E+00  0.1340E+00
  0.2156E+00  0.1480E+00  0.1857E-01  0.1339E+00  0.1339E+00
  0.2162E+00  0.1502E+00  0.2107E-01  0.1337E+00  0.1337E+00
  0.2168E+00  0.1449E+00  0.1916E-01  0.1335E+00  0.1335E+00
  0.2174E+00  0.1553E+00  0.2290E-01  0.1333E+00  0.1333E+00
  0.2180E+00  0.1597E+00  0.1904E-01  0.1331E+00  0.1331E+00
  0.2186E+00  0.1580E+00  0.1771E-01  0.1329E+00  0.1329E+00
  0.2192E+00  0.1357E+00  0.1838E-01  0.1327E+00  0.1327E+00
  0.2198E+00  0.1291E+00  0.2021E-01  0.1325E+00  0.1325E+00
  0.2204E+00  0.1169E+00  0.2162E-01  0.1323E+00  0.1323E+00
  0.2210E+00  0.1221E+00  0.1835E-01  0.1321E+00  0.1321E+00
  0.2216E+00  0.1289E+00  0.1882E-01  0.1319E+00  0.1319E+00
  0.2222E+00  0.1400E+00  0.1812E-01  0.1317E+00  0.1317E+00
  0.2228E+00  0.1486E+00  0.1734E-01  0.1315E+00  0.1315E+00
  0.2235E+00  0.1279E+00  0.1750E-01  0.1313E+00  0.1313E+00
  0.2241E+00  0.1451E+00  0.1704E-01  0.1311E+00  0.1311E+00
  0.2247E+00  0.1186E+00  0.1699E-01  0.1308E+00  0.1308E+00
  0.2253E+00  0.1360E+00  0.1674E-01  0.1306E+00  0.1306E+00
  0.2259E+00  0.1451E+00  0.1678E-01  0.1304E+00  0.1304E+00
  0.2265E+00  0.1372E+00  0.1712E-01  0.1302E+00  0.1302E+00
  0.2271E+00  0.1436E+00  0.1781E-01  0.1300E+00  0.1300E+00
  0.2277E+00  0.1392E+00  0.1753E-01  0.1297E+00  0.1297E+00
  0.2283E+00  0.1296E+00  0.1806E-01  0.1295E+00  0.1295E+00
  0.2289E+00  0.1132E+00  0.2100E-01  0.1293E+00  0.1293E+00
  0.2295E+00  0.1349E+00  0.2163E-01  0.1290E+00  0.1290E+00
  0.2301E+00  0.1300E+00  0.1828E-01  0.1288E+00  0.1288E+00
  0.2308E+00  0.1417E+00  0.1785E-01  0.1285E+00  0.1285E+00
  0.2314E+00  0.1735E+00  0.1712E-01  0.1283E+00  0.1283E+00
  0.2320E+00  0.1724E+00  0.1728E-01  0.1281E+00  0.1281E+00
  0.2326E+00  0.1421E+00  0.1724E-01  0.1278E+00  0.1278E+00
  0.2332E+00  0.1445E+00  0.1708E-01  0.1276E+00  0.1276E+00
  0.2338E+00  0.1462E+00  0.1727E-01  0.1273E+00  0.1273E+00
  0.2344E+00  0.1274E+00  0.1751E-01  0.1270E+00  0.1270E+00
  0.2350E+00  0.1518E+00  0.1749E-01  0.1268E+00  0.1268E+00
  0.2356E+00  0.1365E+00  0.1707E-01  0.1265E+00  0.1265E+00
  0.2362E+00  0.1367E+00  0.1713E-01  0.1263E+00  0.1263E+00
  0.2368E+00  0.1229E+00  0.1666E-01  0.1260E+00  0.1260E+00
  0.2374E+00  0.1369E+00  0.1646E-01  0.1257E+00  0.1257E+00
  0.2380E+00  0.1206E+00  0.1705E-01  0.1255E+00  0.1255E+00
  0.2387E+00  0.1361E+00  0.1638E-01  0.1252E+00  0.1252E+00
  0.2393E+00  0.1306E+00  0.1722E-01  0.1249E+00  0.1249E+00
  0.2399E+00  0.1442E+00  0.1699E-01  0.1246E+00  0.1246E+00
  0.2405E+00  0.1563E+00  0.1659E-01  0.1244E+00  0.1244E+00
  0.2411E+00  0.1394E+00  0.1670E-01  0.1241E+00  0.1241E+00
  0.2417E+00  0.1385E+00  0.1670E-01  0.1238E+00  0.1238E+00
  0.2423E+00  0.1244E+00  0.1638E-01  0.1235E+00  0.1235E+00
  0.2429E+00  0.1261E+00  0.1661E-01  0.1232E+00  0.1232E+00
  0.2435E+00  0.1079E+00  0.1650E-01  0.1229E+00  0.1229E+00
  0.2441E+00  0.1161E+00  0.1598E-01  0.1226E+00  0.1226E+00
  0.2447E+00  0.1275E+00  0.1599E-01  0.1223E+00  0.1223E+00
  0.2453E+00  0.1153E+00  0.1626E-01  0.1220E+00  0.1220E+00
  0.2460E+00  0.1220E+00  0.1645E-01  0.1217E+00  0.1217E+00
  0.2466E+00  0.1212E+00  0.1665E-01  0.1214E+00  0.1214E+00
  0.2472E+00  0.1212E+00  0.1646E-01  0.1211E+00  0.1211E+00
  0.2478E+00  0.1224E+00  0.1622E-01  0.1208E+00  0.1208E+00
  0.2484E+00  0.1471E+00  0.1631E-01  0.1204E+00  0.1204E+00
  0.2490E+00  0.1242E+00  0.1665E-01  0.1201E+00  0.1201E+00
  0.2496E+00  0.1449E+00  0.1603E-01  0.1198E+00  0.1198E+00
  0.2502E+00  0.1460E+00  0.1606E-01  0.1195E+00  0.1195E+00
  0.2508E+00  0.1441E+00  0.1609E-01  0.1191E+00  0.1191E+00
  0.2514E+00  0.1357E+00  0.1660E-01  0.1188E+00  0.1188E+00
  0.2520E+00  0.1324E+00  0.1644E-01  0.1184E+00  0.1184E+00
  0.2526E+00  0.1105E+00  0.1695E-01  0.1181E+00  0.1181E+00
  0.2532E+00  0.1359E+00  0.1706E-01  0.1177E+00  0.1177E+00
  0.2539E+00  0.1339E+00  0.1745E-01  0.1174E+00  0.1174E+00
  0.2545E+00  0.1315E+00  0.1718E-01  0.1170E+00  0.1170E+00
  0.2551E+00  0.1344E+00  0.1638E-01  0.1167E+00  0.1167E+00
  0.2557E+00  0.1384E+00  0.1609E-01  0.1163E+00  0.1163E+00
  0.2563E+00  0.1205E+00  0.1675E-01  0.1160E+00  0.1160E+00
  0.2569E+00  0.1357E+00  0.1664E-01  0.1156E+00  0.1156E+00
  0.2575E+00  0.1212E+00  0.1841E-01  0.1152E+00  0.1152E+00
  0.2581E+00  0.1082E+00  0.1633E-01  0.1148E+00  0.1148E+00
  0.2587E+00  0.9811E-01  0.1552E-01  0.1145E+00  0.1145E+00
  0.2593E+00  0.1089E+00  0.1541E-01  0.1141E+00  0.1141E+00
  0.2599E+00  0.1121E+00  0.1557E-01  0.1137E+00  0.1137E+00
  0.2605E+00  0.1174E+00  0.1593E-01  0.1133E+00  0.1133E+00
  0.2612E+00  0.1196E+00  0.1576E-01  0.1129E+00  0.1129E+00
  0.2618E+00  0.1169E+00  0.1604E-01  0.1125E+00  0.1125E+00
  0.2624E+00  0.1216E+00  0.1564E-01  0.1121E+00  0.1121E+00
  0.2630E+00  0.1182E+00  0.1576E-01  0.1117E+00  0.1117E+00
  0.2636E+00  0.1234E+00  0.1602E-01  0.1113E+00  0.1113E+00
  0.2642E+00  0.1101E+00  0.1558E-01  0.1109E+00  0.1109E+00
  0.2648E+00  0.1333E+00  0.1608E-01  0.1105E+00  0.1105E+00
  0.2654E+00  0.1485E+00  0.1552E-01  0.1101E+00  0.1101E+00
  0.2660E+00  0.1331E+00  0.1523E-01  0.1097E+00  0.1097E+00
  0.2666E+00  0.1682E+00  0.1569E-01  0.1093E+00  0.1093E+00
  0.2672E+00  0.1687E+00  0.1582E-01  0.1089E+00  0.1089E+00
  0.2678E+00  0.1624E+00  0.1615E-01  0.1084E+00  0.1084E+00
  0.2684E+00  0.1520E+00  0.1660E-01  0.1080E+00  0.1080E+00
  0.2691E+00  0.1297E+00  0.1596E-01  0.1076E+00  0.1076E+00
  0.2697E+00  0.1163E+00  0.1570E-01  0.1072E+00  0.1072E+00
  0.2703E+00  0.1238E+00  0.1567E-01  0.1067E+00  0.1067E+00
  0.2709E+00  0.1177E+00  0.1593E-01  0.1063E+00  0.1063E+00
  0.2715E+00  0.1274E+00  0.1606E-01  0.1059E+00  0.1059E+00
  0.2721E+00  0.1137E+00  0.1776E-01  0.1055E+00  0.1055E+00
  0.2727E+00  0.1200E+00  0.1846E-01  0.1050E+00  0.1050E+00
  0.2733E+00  0.1346E+00  0.2337E-01  0.1046E+00  0.1046E+00
  0.2739E+00  0.1254E+00  0.1840E-01  0.1042E+00  0.1042E+00
  0.2745E+00  0.1250E+00  0.1634E-01  0.1037E+00  0.1037E+00
  0.2751E+00  0.1111E+00  0.2008E-01  0.1033E+00  0.1033E+00

           Distance distribution  function of particle  


       R          P(R)      ERROR

  0.0000E+00  0.0000E+00  0.0000E+00
  0.8641E+00  0.5105E-03  0.6611E-05
  0.1728E+01  0.9657E-03  0.1135E-04
  0.2592E+01  0.1368E-02  0.1433E-04
  0.3456E+01  0.1720E-02  0.1574E-04
  0.4321E+01  0.2026E-02  0.1582E-04
  0.5185E+01  0.2292E-02  0.1495E-04
  0.6049E+01  0.2523E-02  0.1361E-04
  0.6913E+01  0.2728E-02  0.1248E-04
  0.7777E+01  0.2911E-02  0.1235E-04
  0.8641E+01  0.3082E-02  0.1359E-04
  0.9505E+01  0.3246E-02  0.1593E-04
  0.1037E+02  0.3411E-02  0.1874E-04
  0.1123E+02  0.3583E-02  0.2153E-04
  0.1210E+02  0.3766E-02  0.2395E-04
  0.1296E+02  0.3967E-02  0.2578E-04
  0.1383E+02  0.4187E-02  0.2690E-04
  0.1469E+02  0.4429E-02  0.2731E-04
  0.1555E+02  0.4694E-02  0.2705E-04
  0.1642E+02  0.4983E-02  0.2630E-04
  0.1728E+02  0.5292E-02  0.2531E-04
  0.1815E+02  0.5621E-02  0.2441E-04
  0.1901E+02  0.5965E-02  0.2401E-04
  0.1987E+02  0.6320E-02  0.2442E-04
  0.2074E+02  0.6682E-02  0.2579E-04
  0.2160E+02  0.7043E-02  0.2800E-04
  0.2247E+02  0.7399E-02  0.3081E-04
  0.2333E+02  0.7743E-02  0.3388E-04
  0.2419E+02  0.8070E-02  0.3693E-04
  0.2506E+02  0.8373E-02  0.3975E-04
  0.2592E+02  0.8648E-02  0.4218E-04
  0.2679E+02  0.8890E-02  0.4412E-04
  0.2765E+02  0.9096E-02  0.4554E-04
  0.2852E+02  0.9262E-02  0.4646E-04
  0.2938E+02  0.9386E-02  0.4691E-04
  0.3024E+02  0.9467E-02  0.4700E-04
  0.3111E+02  0.9504E-02  0.4682E-04
  0.3197E+02  0.9499E-02  0.4649E-04
  0.3284E+02  0.9453E-02  0.4612E-04
  0.3370E+02  0.9368E-02  0.4578E-04
  0.3456E+02  0.9247E-02  0.4555E-04
  0.3543E+02  0.9093E-02  0.4543E-04
  0.3629E+02  0.8911E-02  0.4542E-04
  0.3716E+02  0.8704E-02  0.4549E-04
  0.3802E+02  0.8476E-02  0.4560E-04
  0.3888E+02  0.8231E-02  0.4572E-04
  0.3975E+02  0.7974E-02  0.4583E-04
  0.4061E+02  0.7708E-02  0.4594E-04
  0.4148E+02  0.7437E-02  0.4605E-04
  0.4234E+02  0.7164E-02  0.4620E-04
  0.4320E+02  0.6891E-02  0.4643E-04
  0.4407E+02  0.6621E-02  0.4676E-04
  0.4493E+02  0.6355E-02  0.4722E-04
  0.4580E+02  0.6095E-02  0.4781E-04
  0.4666E+02  0.5842E-02  0.4852E-04
  0.4753E+02  0.5595E-02  0.4931E-04
  0.4839E+02  0.5356E-02  0.5014E-04
  0.4925E+02  0.5124E-02  0.5097E-04
  0.5012E+02  0.4899E-02  0.5178E-04
  0.5098E+02  0.4680E-02  0.5253E-04
  0.5185E+02  0.4467E-02  0.5324E-04
  0.5271E+02  0.4260E-02  0.5390E-04
  0.5357E+02  0.4057E-02  0.5456E-04
  0.5444E+02  0.3858E-02  0.5523E-04
  0.5530E+02  0.3664E-02  0.5595E-04
  0.5617E+02  0.3474E-02  0.5674E-04
  0.5703E+02  0.3288E-02  0.5763E-04
  0.5789E+02  0.3105E-02  0.5862E-04
  0.5876E+02  0.2927E-02  0.5970E-04
  0.5962E+02  0.2754E-02  0.6084E-04
  0.6049E+02  0.2586E-02  0.6202E-04
  0.6135E+02  0.2423E-02  0.6320E-04
  0.6222E+02  0.2267E-02  0.6436E-04
  0.6308E+02  0.2117E-02  0.6547E-04
  0.6394E+02  0.1974E-02  0.6652E-04
  0.6481E+02  0.1839E-02  0.6749E-04
  0.6567E+02  0.1711E-02  0.6839E-04
  0.6654E+02  0.1591E-02  0.6920E-04
  0.6740E+02  0.1480E-02  0.6992E-04
  0.6826E+02  0.1376E-02  0.7054E-04
  0.6913E+02  0.1279E-02  0.7102E-04
  0.6999E+02  0.1190E-02  0.7135E-04
  0.7086E+02  0.1108E-02  0.7148E-04
  0.7172E+02  0.1032E-02  0.7137E-04
  0.7258E+02  0.9616E-03  0.7097E-04
  0.7345E+02  0.8959E-03  0.7023E-04
  0.7431E+02  0.8343E-03  0.6910E-04
  0.7518E+02  0.7760E-03  0.6755E-04
  0.7604E+02  0.7201E-03  0.6554E-04
  0.7690E+02  0.6659E-03  0.6305E-04
  0.7777E+02  0.6127E-03  0.6004E-04
  0.7863E+02  0.5596E-03  0.5651E-04
  0.7950E+02  0.5062E-03  0.5245E-04
  0.8036E+02  0.4516E-03  0.4785E-04
  0.8123E+02  0.3955E-03  0.4270E-04
  0.8209E+02  0.3373E-03  0.3701E-04
  0.8295E+02  0.2765E-03  0.3075E-04
  0.8382E+02  0.2128E-03  0.2393E-04
  0.8468E+02  0.1457E-03  0.1653E-04
  0.8555E+02  0.7487E-04  0.8559E-05
  0.8641E+02  0.0000E+00  0.0000E+00
          Reciprocal space: Rg =   27.22     , I(0) =   0.4627E+01
     Real space: Rg =   27.25 +- 0.143  I(0) =   0.4627E+01 +-  0.2927E-01
