
           ####    G N O M   ---   Version 4.5a revised 09/02/02     ####

                                                  Tue Nov  3 18:04:57 2009
           ===    Run No   1   ===
 Run title:  0.010642 8.068518 0.286613


  Number of points omitted at the beginning:          10
   *******   Working Directory :
   *******    Input file(s) :
           Condition P(rmin) = 0 is used. 
           Condition P(rmax) = 0 is used. 

          Experimental conditions for the first run
          -----------------------------------------

          Highest ALPHA is found to be   0.5963E+02

  The measure of inconsistency AN1 equals to    0.8370E+00
     Alpha    Discrp  Oscill  Stabil  Sysdev  Positv  Valcen    Total   
  0.5963E+05 18.9947  1.2663  0.9719  0.0653  1.0000  0.8364  0.32310
  0.1193E+05 17.7286  1.2604  0.9063  0.3636  1.0000  0.8378  0.38402
  0.2385E+04 13.4860  1.2369  0.6882  0.4382  1.0000  0.8435  0.41847
  0.4770E+03  6.8514  1.1890  0.3532  0.1678  1.0000  0.8578  0.34766
  0.9541E+02  2.5149  1.1870  0.1218  0.3263  1.0000  0.8673  0.46464
  0.1908E+02  0.9362  1.2262  0.0385  0.7646  1.0000  0.8628  0.84534
  0.3816E+01  0.6093  1.2561  0.0203  0.8438  1.0000  0.8568  0.92032
  0.7633E+00  0.5525  1.2889  0.0161  0.8811  1.0000  0.8537  0.92262
  0.1527E+00  0.5273  1.3822  0.0191  0.9277  1.0000  0.8522  0.91354
  0.3053E-01  0.5090  1.6891  0.0359  0.9184  1.0000  0.8518  0.80958
  0.6106E-02  0.4924  2.6094  0.0491  0.9464  1.0000  0.8513  0.68718
  0.1221E-02  0.4844  3.9176  0.0830  0.9464  0.9999  0.8433  0.63236
  0.2442E-03  0.4791  6.6158  0.1322  0.9557  0.9974  0.8155  0.55403
  0.4885E-04  0.4761 10.3802  0.2365  0.9744  0.9874  0.7751  0.48166
  0.9770E-05  0.4733 16.9520  0.4758  0.9650  0.9464  0.6918  0.00000

          ***  Golden section search to maximize estimate ***
     Alpha    Discrp  Oscill  Stabil  Sysdev  Positv  Valcen    Total   
  0.2823E+00  0.5358  1.3333  0.0176  0.9184  1.0000  0.8526  0.92278
  0.5220E+00  0.5456  1.3021  0.0165  0.9091  1.0000  0.8532  0.92749
  0.6035E+00  0.5481  1.2966  0.0163  0.9091  1.0000  0.8534  0.92877
  0.6602E+00  0.5498  1.2935  0.0162  0.9091  1.0000  0.8535  0.92951
  0.6978E+00  0.5508  1.2917  0.0162  0.8998  1.0000  0.8536  0.92750
  0.6379E+00  0.5491  1.2946  0.0163  0.9091  1.0000  0.8535  0.92923
  0.6743E+00  0.5502  1.2928  0.0162  0.8998  1.0000  0.8535  0.92723
  0.6516E+00  0.5495  1.2939  0.0162  0.9091  1.0000  0.8535  0.92941
  0.6655E+00  0.5499  1.2932  0.0162  0.9091  1.0000  0.8535  0.92958
  0.6689E+00  0.5500  1.2930  0.0162  0.9091  1.0000  0.8535  0.92962
  0.6709E+00  0.5501  1.2929  0.0162  0.8998  1.0000  0.8535  0.92719
  0.6676E+00  0.5500  1.2931  0.0162  0.9091  1.0000  0.8535  0.92960
  0.6696E+00  0.5500  1.2930  0.0162  0.9091  1.0000  0.8535  0.92963
  0.6701E+00  0.5500  1.2930  0.0162  0.8998  1.0000  0.8535  0.92718
  0.6693E+00  0.5500  1.2930  0.0162  0.9091  1.0000  0.8535  0.92962
  0.6698E+00  0.5500  1.2930  0.0162  0.8998  1.0000  0.8535  0.92717
  0.6696E+00  0.5500  1.2930  0.0162  0.9091  1.0000  0.8535  0.92963



             ####            Final results            ####

 Parameter    DISCRP    OSCILL    STABIL    SYSDEV    POSITV    VALCEN
 Weight        1.000     3.000     3.000     5.000     1.000     1.000
 Sigma         0.300     0.600     0.120     0.500     0.120     0.120
 Ideal         0.700     1.200     0.000     1.000     1.000     0.950
 Current       0.550     1.293     0.016     0.909     1.000     0.854
                - - - - - - - - - - - - - - - - - - - - - - - - - 
 Estimate      0.779     0.976     0.982     0.967     1.000     0.524

  Angular   range    :     from    0.0173   to    0.3250
  Real space range   :     from      0.00   to    134.90

  Highest ALPHA (theor) :   0.596E+05                 JOB = 0
  Current ALPHA         :   0.670E+00   Rg :  0.472E+02   I(0) :   0.909E+01

           Total  estimate : 0.930  which is  AN EXCELLENT  solution

      S          J EXP       ERROR       J REG       I REG

  0.0000E+00                                      0.9091E+01
  0.6190E-03                                      0.9089E+01
  0.1238E-02                                      0.9081E+01
  0.1857E-02                                      0.9068E+01
  0.2476E-02                                      0.9050E+01
  0.3095E-02                                      0.9026E+01
  0.3714E-02                                      0.8998E+01
  0.4333E-02                                      0.8965E+01
  0.4952E-02                                      0.8926E+01
  0.5571E-02                                      0.8883E+01
  0.6190E-02                                      0.8835E+01
  0.6809E-02                                      0.8782E+01
  0.7428E-02                                      0.8724E+01
  0.8047E-02                                      0.8662E+01
  0.8666E-02                                      0.8596E+01
  0.9285E-02                                      0.8525E+01
  0.9904E-02                                      0.8450E+01
  0.1052E-01                                      0.8371E+01
  0.1114E-01                                      0.8289E+01
  0.1176E-01                                      0.8202E+01
  0.1238E-01                                      0.8112E+01
  0.1300E-01                                      0.8019E+01
  0.1362E-01                                      0.7922E+01
  0.1424E-01                                      0.7822E+01
  0.1486E-01                                      0.7720E+01
  0.1548E-01                                      0.7614E+01
  0.1609E-01                                      0.7506E+01
  0.1671E-01                                      0.7396E+01
  0.1733E-01  0.7114E+01  0.2272E+00  0.7284E+01  0.7284E+01
  0.1794E-01  0.6894E+01  0.1864E+00  0.7171E+01  0.7171E+01
  0.1855E-01  0.6797E+01  0.1834E+00  0.7057E+01  0.7057E+01
  0.1916E-01  0.7047E+01  0.1481E+00  0.6941E+01  0.6941E+01
  0.1976E-01  0.6821E+01  0.1472E+00  0.6824E+01  0.6824E+01
  0.2037E-01  0.6745E+01  0.1221E+00  0.6706E+01  0.6706E+01
  0.2098E-01  0.6830E+01  0.1280E+00  0.6587E+01  0.6587E+01
  0.2159E-01  0.6577E+01  0.1242E+00  0.6466E+01  0.6466E+01
  0.2220E-01  0.6403E+01  0.1297E+00  0.6345E+01  0.6345E+01
  0.2281E-01  0.6370E+01  0.1208E+00  0.6224E+01  0.6224E+01
  0.2341E-01  0.6101E+01  0.1180E+00  0.6102E+01  0.6102E+01
  0.2402E-01  0.6112E+01  0.1086E+00  0.5980E+01  0.5980E+01
  0.2463E-01  0.6120E+01  0.1152E+00  0.5858E+01  0.5858E+01
  0.2524E-01  0.5913E+01  0.9983E-01  0.5736E+01  0.5736E+01
  0.2585E-01  0.5738E+01  0.9375E-01  0.5615E+01  0.5615E+01
  0.2645E-01  0.5487E+01  0.9118E-01  0.5493E+01  0.5493E+01
  0.2706E-01  0.5567E+01  0.9710E-01  0.5373E+01  0.5373E+01
  0.2767E-01  0.5197E+01  0.8061E-01  0.5253E+01  0.5253E+01
  0.2828E-01  0.5250E+01  0.9571E-01  0.5134E+01  0.5134E+01
  0.2889E-01  0.5120E+01  0.8370E-01  0.5016E+01  0.5016E+01
  0.2949E-01  0.4911E+01  0.8210E-01  0.4899E+01  0.4899E+01
  0.3010E-01  0.4725E+01  0.8644E-01  0.4783E+01  0.4783E+01
  0.3071E-01  0.4762E+01  0.8680E-01  0.4669E+01  0.4669E+01
  0.3132E-01  0.4478E+01  0.9369E-01  0.4556E+01  0.4556E+01
  0.3193E-01  0.4336E+01  0.9178E-01  0.4445E+01  0.4445E+01
  0.3254E-01  0.4267E+01  0.9248E-01  0.4335E+01  0.4335E+01
  0.3314E-01  0.4089E+01  0.7658E-01  0.4227E+01  0.4227E+01
  0.3375E-01  0.4012E+01  0.8973E-01  0.4121E+01  0.4121E+01
  0.3436E-01  0.4047E+01  0.6654E-01  0.4017E+01  0.4017E+01
  0.3497E-01  0.3932E+01  0.6855E-01  0.3914E+01  0.3914E+01
  0.3558E-01  0.3707E+01  0.8750E-01  0.3814E+01  0.3814E+01
  0.3618E-01  0.3577E+01  0.7580E-01  0.3716E+01  0.3716E+01
  0.3679E-01  0.3454E+01  0.7337E-01  0.3619E+01  0.3619E+01
  0.3740E-01  0.3366E+01  0.6802E-01  0.3526E+01  0.3526E+01
  0.3801E-01  0.3184E+01  0.8857E-01  0.3434E+01  0.3434E+01
  0.3862E-01  0.3337E+01  0.7112E-01  0.3344E+01  0.3344E+01
  0.3922E-01  0.2944E+01  0.6573E-01  0.3257E+01  0.3257E+01
  0.3983E-01  0.3162E+01  0.6924E-01  0.3172E+01  0.3172E+01
  0.4044E-01  0.3059E+01  0.7903E-01  0.3089E+01  0.3089E+01
  0.4105E-01  0.2913E+01  0.5557E-01  0.3008E+01  0.3008E+01
  0.4166E-01  0.3038E+01  0.6867E-01  0.2930E+01  0.2930E+01
  0.4227E-01  0.2775E+01  0.6472E-01  0.2854E+01  0.2854E+01
  0.4287E-01  0.2834E+01  0.6017E-01  0.2780E+01  0.2780E+01
  0.4348E-01  0.2607E+01  0.5865E-01  0.2709E+01  0.2709E+01
  0.4409E-01  0.2668E+01  0.5688E-01  0.2640E+01  0.2640E+01
  0.4470E-01  0.2562E+01  0.5923E-01  0.2573E+01  0.2573E+01
  0.4531E-01  0.2488E+01  0.5268E-01  0.2508E+01  0.2508E+01
  0.4591E-01  0.2479E+01  0.5322E-01  0.2445E+01  0.2445E+01
  0.4652E-01  0.2366E+01  0.5761E-01  0.2384E+01  0.2384E+01
  0.4713E-01  0.2432E+01  0.6251E-01  0.2326E+01  0.2326E+01
  0.4774E-01  0.2207E+01  0.5597E-01  0.2269E+01  0.2269E+01
  0.4835E-01  0.2334E+01  0.6052E-01  0.2214E+01  0.2214E+01
  0.4895E-01  0.2211E+01  0.4489E-01  0.2162E+01  0.2162E+01
  0.4956E-01  0.2258E+01  0.5091E-01  0.2111E+01  0.2111E+01
  0.5017E-01  0.2148E+01  0.5725E-01  0.2062E+01  0.2062E+01
  0.5078E-01  0.2178E+01  0.4953E-01  0.2015E+01  0.2015E+01
  0.5139E-01  0.1990E+01  0.4963E-01  0.1969E+01  0.1969E+01
  0.5200E-01  0.1949E+01  0.6118E-01  0.1925E+01  0.1925E+01
  0.5260E-01  0.1901E+01  0.5032E-01  0.1883E+01  0.1883E+01
  0.5321E-01  0.1849E+01  0.4711E-01  0.1842E+01  0.1842E+01
  0.5382E-01  0.1755E+01  0.5065E-01  0.1802E+01  0.1802E+01
  0.5443E-01  0.1747E+01  0.4469E-01  0.1764E+01  0.1764E+01
  0.5504E-01  0.1724E+01  0.4675E-01  0.1728E+01  0.1728E+01
  0.5564E-01  0.1746E+01  0.4691E-01  0.1692E+01  0.1692E+01
  0.5625E-01  0.1737E+01  0.5159E-01  0.1658E+01  0.1658E+01
  0.5686E-01  0.1708E+01  0.4734E-01  0.1625E+01  0.1625E+01
  0.5747E-01  0.1635E+01  0.4435E-01  0.1593E+01  0.1593E+01
  0.5808E-01  0.1669E+01  0.4510E-01  0.1562E+01  0.1562E+01
  0.5868E-01  0.1464E+01  0.5246E-01  0.1532E+01  0.1532E+01
  0.5929E-01  0.1459E+01  0.5108E-01  0.1503E+01  0.1503E+01
  0.5990E-01  0.1509E+01  0.4373E-01  0.1475E+01  0.1475E+01
  0.6051E-01  0.1411E+01  0.4992E-01  0.1448E+01  0.1448E+01
  0.6112E-01  0.1438E+01  0.4650E-01  0.1421E+01  0.1421E+01
  0.6173E-01  0.1342E+01  0.4392E-01  0.1395E+01  0.1395E+01
  0.6233E-01  0.1423E+01  0.4418E-01  0.1370E+01  0.1370E+01
  0.6294E-01  0.1319E+01  0.4494E-01  0.1346E+01  0.1346E+01
  0.6355E-01  0.1388E+01  0.4522E-01  0.1321E+01  0.1321E+01
  0.6416E-01  0.1297E+01  0.4897E-01  0.1298E+01  0.1298E+01
  0.6477E-01  0.1199E+01  0.4549E-01  0.1275E+01  0.1275E+01
  0.6537E-01  0.1258E+01  0.4409E-01  0.1252E+01  0.1252E+01
  0.6598E-01  0.1237E+01  0.4314E-01  0.1230E+01  0.1230E+01
  0.6659E-01  0.1204E+01  0.4656E-01  0.1209E+01  0.1209E+01
  0.6720E-01  0.1087E+01  0.4622E-01  0.1187E+01  0.1187E+01
  0.6781E-01  0.1155E+01  0.4251E-01  0.1166E+01  0.1166E+01
  0.6841E-01  0.1116E+01  0.3866E-01  0.1145E+01  0.1145E+01
  0.6902E-01  0.1105E+01  0.3918E-01  0.1125E+01  0.1125E+01
  0.6963E-01  0.1044E+01  0.4166E-01  0.1105E+01  0.1105E+01
  0.7024E-01  0.1088E+01  0.4311E-01  0.1085E+01  0.1085E+01
  0.7085E-01  0.1088E+01  0.4266E-01  0.1065E+01  0.1065E+01
  0.7146E-01  0.1153E+01  0.3989E-01  0.1045E+01  0.1045E+01
  0.7206E-01  0.1089E+01  0.3936E-01  0.1026E+01  0.1026E+01
  0.7267E-01  0.9756E+00  0.3978E-01  0.1007E+01  0.1007E+01
  0.7328E-01  0.9144E+00  0.3834E-01  0.9881E+00  0.9881E+00
  0.7389E-01  0.9646E+00  0.3980E-01  0.9693E+00  0.9693E+00
  0.7450E-01  0.9607E+00  0.3858E-01  0.9507E+00  0.9507E+00
  0.7510E-01  0.9442E+00  0.3459E-01  0.9323E+00  0.9323E+00
  0.7571E-01  0.9526E+00  0.3704E-01  0.9140E+00  0.9140E+00
  0.7632E-01  0.9617E+00  0.3655E-01  0.8959E+00  0.8959E+00
  0.7693E-01  0.9139E+00  0.3729E-01  0.8780E+00  0.8780E+00
  0.7754E-01  0.8554E+00  0.3627E-01  0.8602E+00  0.8602E+00
  0.7814E-01  0.8499E+00  0.3773E-01  0.8426E+00  0.8426E+00
  0.7875E-01  0.8465E+00  0.3398E-01  0.8252E+00  0.8252E+00
  0.7936E-01  0.7037E+00  0.3428E-01  0.8079E+00  0.8079E+00
  0.7997E-01  0.7408E+00  0.3512E-01  0.7909E+00  0.7909E+00
  0.8058E-01  0.7454E+00  0.3653E-01  0.7740E+00  0.7740E+00
  0.8118E-01  0.7388E+00  0.3920E-01  0.7574E+00  0.7574E+00
  0.8179E-01  0.7249E+00  0.3222E-01  0.7409E+00  0.7409E+00
  0.8240E-01  0.7590E+00  0.3421E-01  0.7246E+00  0.7246E+00
  0.8301E-01  0.7204E+00  0.3080E-01  0.7086E+00  0.7086E+00
  0.8362E-01  0.6786E+00  0.3648E-01  0.6928E+00  0.6928E+00
  0.8423E-01  0.6280E+00  0.3192E-01  0.6772E+00  0.6772E+00
  0.8483E-01  0.6287E+00  0.3446E-01  0.6619E+00  0.6619E+00
  0.8544E-01  0.5793E+00  0.3481E-01  0.6468E+00  0.6468E+00
  0.8605E-01  0.5940E+00  0.3562E-01  0.6320E+00  0.6320E+00
  0.8666E-01  0.6425E+00  0.3501E-01  0.6174E+00  0.6174E+00
  0.8727E-01  0.5831E+00  0.3685E-01  0.6032E+00  0.6032E+00
  0.8787E-01  0.6383E+00  0.3149E-01  0.5892E+00  0.5892E+00
  0.8848E-01  0.5420E+00  0.3404E-01  0.5754E+00  0.5754E+00
  0.8909E-01  0.5788E+00  0.3252E-01  0.5620E+00  0.5620E+00
  0.8970E-01  0.5098E+00  0.3165E-01  0.5489E+00  0.5489E+00
  0.9031E-01  0.4816E+00  0.3734E-01  0.5360E+00  0.5360E+00
  0.9091E-01  0.5288E+00  0.2767E-01  0.5235E+00  0.5235E+00
  0.9152E-01  0.4845E+00  0.4289E-01  0.5112E+00  0.5112E+00
  0.9213E-01  0.4547E+00  0.3286E-01  0.4993E+00  0.4993E+00
  0.9274E-01  0.5004E+00  0.4986E-01  0.4876E+00  0.4876E+00
  0.9335E-01  0.4615E+00  0.3851E-01  0.4763E+00  0.4763E+00
  0.9396E-01  0.4544E+00  0.3766E-01  0.4653E+00  0.4653E+00
  0.9456E-01  0.5251E+00  0.3560E-01  0.4545E+00  0.4545E+00
  0.9517E-01  0.4582E+00  0.3592E-01  0.4441E+00  0.4441E+00
  0.9578E-01  0.4807E+00  0.3218E-01  0.4340E+00  0.4340E+00
  0.9639E-01  0.4567E+00  0.3512E-01  0.4241E+00  0.4241E+00
  0.9700E-01  0.4432E+00  0.3212E-01  0.4146E+00  0.4146E+00
  0.9760E-01  0.4056E+00  0.3270E-01  0.4053E+00  0.4053E+00
  0.9821E-01  0.3974E+00  0.3158E-01  0.3963E+00  0.3963E+00
  0.9882E-01  0.4661E+00  0.3146E-01  0.3876E+00  0.3876E+00
  0.9943E-01  0.3915E+00  0.2955E-01  0.3791E+00  0.3791E+00
  0.1000E+00  0.4015E+00  0.3213E-01  0.3709E+00  0.3709E+00
  0.1006E+00  0.3771E+00  0.3143E-01  0.3630E+00  0.3630E+00
  0.1013E+00  0.3564E+00  0.3202E-01  0.3553E+00  0.3553E+00
  0.1019E+00  0.3522E+00  0.3165E-01  0.3478E+00  0.3478E+00
  0.1025E+00  0.3737E+00  0.3043E-01  0.3406E+00  0.3406E+00
  0.1031E+00  0.3473E+00  0.3113E-01  0.3335E+00  0.3335E+00
  0.1037E+00  0.3024E+00  0.3304E-01  0.3267E+00  0.3267E+00
  0.1043E+00  0.3510E+00  0.3175E-01  0.3201E+00  0.3201E+00
  0.1049E+00  0.2583E+00  0.3055E-01  0.3136E+00  0.3136E+00
  0.1055E+00  0.2949E+00  0.3161E-01  0.3074E+00  0.3074E+00
  0.1061E+00  0.3268E+00  0.2968E-01  0.3013E+00  0.3013E+00
  0.1067E+00  0.3248E+00  0.2715E-01  0.2954E+00  0.2954E+00
  0.1073E+00  0.3003E+00  0.2854E-01  0.2896E+00  0.2896E+00
  0.1079E+00  0.2664E+00  0.2879E-01  0.2840E+00  0.2840E+00
  0.1085E+00  0.2596E+00  0.2836E-01  0.2784E+00  0.2784E+00
  0.1092E+00  0.3315E+00  0.3014E-01  0.2731E+00  0.2731E+00
  0.1098E+00  0.3088E+00  0.3011E-01  0.2678E+00  0.2678E+00
  0.1104E+00  0.2571E+00  0.2660E-01  0.2626E+00  0.2626E+00
  0.1110E+00  0.2980E+00  0.2642E-01  0.2575E+00  0.2575E+00
  0.1116E+00  0.2466E+00  0.2854E-01  0.2525E+00  0.2525E+00
  0.1122E+00  0.2713E+00  0.3035E-01  0.2476E+00  0.2476E+00
  0.1128E+00  0.2813E+00  0.2921E-01  0.2428E+00  0.2428E+00
  0.1134E+00  0.2313E+00  0.3017E-01  0.2380E+00  0.2380E+00
  0.1140E+00  0.2621E+00  0.2668E-01  0.2333E+00  0.2333E+00
  0.1146E+00  0.2283E+00  0.2719E-01  0.2286E+00  0.2286E+00
  0.1152E+00  0.1743E+00  0.2678E-01  0.2240E+00  0.2240E+00
  0.1158E+00  0.1634E+00  0.2991E-01  0.2194E+00  0.2194E+00
  0.1165E+00  0.1703E+00  0.2944E-01  0.2148E+00  0.2148E+00
  0.1171E+00  0.1849E+00  0.3163E-01  0.2103E+00  0.2103E+00
  0.1177E+00  0.1441E+00  0.2773E-01  0.2059E+00  0.2059E+00
  0.1183E+00  0.2382E+00  0.2835E-01  0.2014E+00  0.2014E+00
  0.1189E+00  0.2339E+00  0.2789E-01  0.1970E+00  0.1970E+00
  0.1195E+00  0.2145E+00  0.2440E-01  0.1926E+00  0.1926E+00
  0.1201E+00  0.2151E+00  0.2744E-01  0.1882E+00  0.1882E+00
  0.1207E+00  0.1851E+00  0.2642E-01  0.1839E+00  0.1839E+00
  0.1213E+00  0.1875E+00  0.2918E-01  0.1795E+00  0.1795E+00
  0.1219E+00  0.1559E+00  0.2604E-01  0.1752E+00  0.1752E+00
  0.1225E+00  0.1608E+00  0.2759E-01  0.1710E+00  0.1710E+00
  0.1231E+00  0.1263E+00  0.2719E-01  0.1667E+00  0.1667E+00
  0.1238E+00  0.1520E+00  0.2552E-01  0.1625E+00  0.1625E+00
  0.1244E+00  0.1216E+00  0.2678E-01  0.1583E+00  0.1583E+00
  0.1250E+00  0.1618E+00  0.2972E-01  0.1541E+00  0.1541E+00
  0.1256E+00  0.1102E+00  0.2685E-01  0.1500E+00  0.1500E+00
  0.1262E+00  0.1866E+00  0.2879E-01  0.1459E+00  0.1459E+00
  0.1268E+00  0.6841E-01  0.2765E-01  0.1418E+00  0.1418E+00
  0.1274E+00  0.1407E+00  0.2899E-01  0.1378E+00  0.1378E+00
  0.1280E+00  0.6834E-01  0.2796E-01  0.1338E+00  0.1338E+00
  0.1286E+00  0.7793E-01  0.2970E-01  0.1299E+00  0.1299E+00
  0.1292E+00  0.1485E+00  0.2960E-01  0.1260E+00  0.1260E+00
  0.1298E+00  0.1301E+00  0.2823E-01  0.1222E+00  0.1222E+00
  0.1304E+00  0.7828E-01  0.2947E-01  0.1185E+00  0.1185E+00
  0.1310E+00  0.1506E+00  0.8957E-01  0.1148E+00  0.1148E+00
  0.1317E+00  0.1001E+00  0.6845E-01  0.1112E+00  0.1112E+00
  0.1323E+00  0.7861E-01  0.2627E-01  0.1077E+00  0.1077E+00
  0.1329E+00  0.5198E-01  0.2761E-01  0.1042E+00  0.1042E+00
  0.1335E+00  0.9160E-01  0.2688E-01  0.1008E+00  0.1008E+00
  0.1341E+00  0.4932E-01  0.2608E-01  0.9752E-01  0.9752E-01
  0.1347E+00  0.5965E-01  0.2714E-01  0.9431E-01  0.9431E-01
  0.1353E+00  0.9328E-01  0.2382E-01  0.9119E-01  0.9119E-01
  0.1359E+00  0.1474E+00  0.2609E-01  0.8817E-01  0.8817E-01
  0.1365E+00  0.1120E+00  0.2694E-01  0.8525E-01  0.8525E-01
  0.1371E+00  0.7702E-01  0.2518E-01  0.8242E-01  0.8242E-01
  0.1377E+00  0.1432E+00  0.2568E-01  0.7970E-01  0.7970E-01
  0.1383E+00  0.6109E-01  0.2567E-01  0.7708E-01  0.7708E-01
  0.1390E+00  0.7869E-01  0.2535E-01  0.7456E-01  0.7456E-01
  0.1396E+00  0.4880E-01  0.2629E-01  0.7215E-01  0.7215E-01
  0.1402E+00  0.4308E-01  0.2549E-01  0.6985E-01  0.6985E-01
  0.1408E+00  0.1945E-01  0.2624E-01  0.6765E-01  0.6765E-01
  0.1414E+00  0.9448E-01  0.2544E-01  0.6556E-01  0.6556E-01
  0.1420E+00  0.9664E-01  0.2507E-01  0.6359E-01  0.6359E-01
  0.1426E+00  0.1107E+00  0.2558E-01  0.6171E-01  0.6171E-01
  0.1432E+00  0.1237E+00  0.2593E-01  0.5995E-01  0.5995E-01
  0.1438E+00  0.7221E-01  0.2618E-01  0.5829E-01  0.5829E-01
  0.1444E+00  0.1081E+00  0.2655E-01  0.5674E-01  0.5674E-01
  0.1450E+00  0.8868E-01  0.2754E-01  0.5529E-01  0.5529E-01
  0.1456E+00  0.9702E-01  0.2503E-01  0.5394E-01  0.5394E-01
  0.1463E+00  0.1120E+00  0.2526E-01  0.5269E-01  0.5269E-01
  0.1469E+00  0.4129E-01  0.2515E-01  0.5153E-01  0.5153E-01
  0.1475E+00  0.1938E-02  0.2545E-01  0.5047E-01  0.5047E-01
  0.1481E+00  0.6696E-01  0.2439E-01  0.4949E-01  0.4949E-01
  0.1487E+00  0.1360E-01  0.2584E-01  0.4861E-01  0.4861E-01
  0.1493E+00  0.4497E-01  0.2436E-01  0.4780E-01  0.4780E-01
  0.1499E+00  0.1809E-01  0.2480E-01  0.4708E-01  0.4708E-01
  0.1505E+00  0.5419E-01  0.2316E-01  0.4643E-01  0.4643E-01
  0.1511E+00  0.2954E-01  0.2489E-01  0.4585E-01  0.4585E-01
  0.1517E+00  0.7506E-01  0.2593E-01  0.4534E-01  0.4534E-01
  0.1523E+00  0.4904E-01  0.2563E-01  0.4489E-01  0.4489E-01
  0.1529E+00  0.1766E-01  0.2334E-01  0.4450E-01  0.4450E-01
  0.1535E+00  0.1659E-01  0.2244E-01  0.4417E-01  0.4417E-01
  0.1542E+00  0.5446E-01  0.2306E-01  0.4388E-01  0.4388E-01
  0.1548E+00  0.1705E-01  0.2211E-01  0.4364E-01  0.4364E-01
  0.1554E+00  0.5040E-01  0.2399E-01  0.4343E-01  0.4343E-01
  0.1560E+00  0.7542E-01  0.2400E-01  0.4326E-01  0.4326E-01
  0.1566E+00  0.6485E-01  0.2277E-01  0.4313E-01  0.4313E-01
  0.1572E+00  0.4846E-01  0.2338E-01  0.4302E-01  0.4302E-01
  0.1578E+00  0.2377E-01  0.2542E-01  0.4294E-01  0.4294E-01
  0.1584E+00  0.3416E-01  0.2192E-01  0.4287E-01  0.4287E-01
  0.1590E+00  0.5204E-01  0.2264E-01  0.4282E-01  0.4282E-01
  0.1596E+00  0.2610E-01  0.2556E-01  0.4278E-01  0.4278E-01
  0.1602E+00  0.3807E-01  0.2325E-01  0.4274E-01  0.4274E-01
  0.1608E+00  0.4085E-01  0.2240E-01  0.4271E-01  0.4271E-01
  0.1615E+00  0.3227E-01  0.2399E-01  0.4268E-01  0.4268E-01
  0.1621E+00  0.1130E-01  0.2395E-01  0.4265E-01  0.4265E-01
  0.1627E+00  0.3726E-01  0.2404E-01  0.4261E-01  0.4261E-01
  0.1633E+00  0.4125E-01  0.2287E-01  0.4256E-01  0.4256E-01
  0.1645E+00  0.2996E-01  0.2505E-01  0.4243E-01  0.4243E-01
  0.1651E+00  0.3004E-01  0.2198E-01  0.4234E-01  0.4234E-01
  0.1657E+00  0.4446E-01  0.2453E-01  0.4224E-01  0.4224E-01
  0.1669E+00  0.2579E-01  0.2344E-01  0.4197E-01  0.4197E-01
  0.1675E+00  0.6184E-02  0.2076E-01  0.4181E-01  0.4181E-01
  0.1681E+00  0.3288E-01  0.2205E-01  0.4163E-01  0.4163E-01
  0.1688E+00  0.3935E-01  0.2392E-01  0.4143E-01  0.4143E-01
  0.1694E+00  0.4141E-01  0.2141E-01  0.4120E-01  0.4120E-01
  0.1700E+00  0.4736E-01  0.2361E-01  0.4095E-01  0.4095E-01
  0.1706E+00  0.5301E-01  0.2366E-01  0.4068E-01  0.4068E-01
  0.1718E+00  0.4713E-01  0.2342E-01  0.4008E-01  0.4008E-01
  0.1724E+00  0.9010E-03  0.2287E-01  0.3975E-01  0.3975E-01
  0.1730E+00  0.5867E-01  0.2307E-01  0.3940E-01  0.3940E-01
  0.1736E+00  0.6015E-01  0.2258E-01  0.3903E-01  0.3903E-01
  0.1742E+00  0.3813E-01  0.2181E-01  0.3865E-01  0.3865E-01
  0.1748E+00  0.5339E-01  0.2258E-01  0.3825E-01  0.3825E-01
  0.1754E+00  0.3125E-01  0.2136E-01  0.3785E-01  0.3785E-01
  0.1760E+00  0.1844E-01  0.2417E-01  0.3743E-01  0.3743E-01
  0.1767E+00  0.5200E-01  0.2121E-01  0.3700E-01  0.3700E-01
  0.1773E+00  0.3796E-02  0.2408E-01  0.3656E-01  0.3656E-01
  0.1779E+00  0.3103E-01  0.2336E-01  0.3611E-01  0.3611E-01
  0.1785E+00  0.5522E-01  0.2130E-01  0.3567E-01  0.3567E-01
  0.1791E+00  0.6530E-02  0.2225E-01  0.3522E-01  0.3522E-01
  0.1797E+00  0.3525E-01  0.2378E-01  0.3477E-01  0.3477E-01
  0.1803E+00  0.1323E-01  0.2409E-01  0.3432E-01  0.3432E-01
  0.1809E+00  0.2889E-01  0.2270E-01  0.3388E-01  0.3388E-01
  0.1821E+00  0.1953E-01  0.2723E-01  0.3301E-01  0.3301E-01
  0.1833E+00  0.5360E-01  0.2380E-01  0.3219E-01  0.3219E-01
  0.1840E+00  0.1343E-01  0.2371E-01  0.3180E-01  0.3180E-01
  0.1846E+00  0.1907E-01  0.2426E-01  0.3142E-01  0.3142E-01
  0.1852E+00  0.3106E-01  0.2166E-01  0.3106E-01  0.3106E-01
  0.1858E+00  0.2468E-01  0.2450E-01  0.3071E-01  0.3071E-01
  0.1864E+00  0.5931E-01  0.2603E-01  0.3039E-01  0.3039E-01
  0.1876E+00  0.9275E-02  0.3405E-01  0.2979E-01  0.2979E-01
  0.1882E+00  0.2523E-01  0.2869E-01  0.2953E-01  0.2953E-01
  0.1888E+00  0.2341E-01  0.2879E-01  0.2929E-01  0.2929E-01
  0.1894E+00  0.4130E-01  0.2257E-01  0.2907E-01  0.2907E-01
  0.1900E+00  0.4155E-01  0.2245E-01  0.2887E-01  0.2887E-01
  0.1906E+00  0.5345E-01  0.2212E-01  0.2870E-01  0.2870E-01
  0.1912E+00  0.1864E-01  0.2384E-01  0.2855E-01  0.2855E-01
  0.1919E+00  0.2815E-01  0.2394E-01  0.2842E-01  0.2842E-01
  0.1925E+00  0.3809E-01  0.2093E-01  0.2831E-01  0.2831E-01
  0.1931E+00  0.7710E-01  0.2235E-01  0.2823E-01  0.2823E-01
  0.1937E+00  0.3604E-01  0.2012E-01  0.2817E-01  0.2817E-01
  0.1943E+00  0.3130E-01  0.2150E-01  0.2813E-01  0.2813E-01
  0.1955E+00  0.4905E-01  0.2178E-01  0.2811E-01  0.2811E-01
  0.1961E+00  0.2831E-01  0.2258E-01  0.2813E-01  0.2813E-01
  0.1973E+00  0.1277E-01  0.2226E-01  0.2821E-01  0.2821E-01
  0.1985E+00  0.2262E-01  0.2208E-01  0.2836E-01  0.2836E-01
  0.1998E+00  0.4155E-01  0.2185E-01  0.2855E-01  0.2855E-01
  0.2004E+00  0.7950E-02  0.2281E-01  0.2866E-01  0.2866E-01
  0.2010E+00  0.4879E-01  0.2143E-01  0.2877E-01  0.2877E-01
  0.2016E+00  0.1675E-01  0.2207E-01  0.2889E-01  0.2889E-01
  0.2022E+00  0.4844E-01  0.2220E-01  0.2902E-01  0.2902E-01
  0.2028E+00  0.3125E-01  0.2165E-01  0.2914E-01  0.2914E-01
  0.2034E+00  0.5340E-02  0.2453E-01  0.2927E-01  0.2927E-01
  0.2040E+00  0.2285E-01  0.2304E-01  0.2939E-01  0.2939E-01
  0.2046E+00  0.4070E-01  0.2378E-01  0.2951E-01  0.2951E-01
  0.2058E+00  0.3193E-01  0.2257E-01  0.2974E-01  0.2974E-01
  0.2065E+00  0.1381E-01  0.2241E-01  0.2985E-01  0.2985E-01
  0.2071E+00  0.2312E-01  0.2287E-01  0.2994E-01  0.2994E-01
  0.2077E+00  0.4797E-01  0.2126E-01  0.3003E-01  0.3003E-01
  0.2083E+00  0.3280E-01  0.2221E-01  0.3010E-01  0.3010E-01
  0.2089E+00  0.4810E-01  0.2154E-01  0.3016E-01  0.3016E-01
  0.2095E+00  0.6146E-01  0.2278E-01  0.3021E-01  0.3021E-01
  0.2101E+00  0.7010E-02  0.2081E-01  0.3025E-01  0.3025E-01
  0.2107E+00  0.3705E-01  0.2077E-01  0.3027E-01  0.3027E-01
  0.2113E+00  0.3449E-01  0.2096E-01  0.3027E-01  0.3027E-01
  0.2119E+00  0.8700E-02  0.2029E-01  0.3026E-01  0.3026E-01
  0.2125E+00  0.5792E-01  0.2267E-01  0.3023E-01  0.3023E-01
  0.2131E+00  0.2190E-01  0.2106E-01  0.3019E-01  0.3019E-01
  0.2137E+00  0.4896E-01  0.2307E-01  0.3012E-01  0.3012E-01
  0.2144E+00  0.1803E-01  0.2064E-01  0.3005E-01  0.3005E-01
  0.2150E+00  0.3220E-01  0.2392E-01  0.2995E-01  0.2995E-01
  0.2162E+00  0.2290E-01  0.2162E-01  0.2971E-01  0.2971E-01
  0.2168E+00  0.9063E-02  0.2032E-01  0.2956E-01  0.2956E-01
  0.2180E+00  0.2008E-01  0.2185E-01  0.2922E-01  0.2922E-01
  0.2186E+00  0.2816E-01  0.2254E-01  0.2903E-01  0.2903E-01
  0.2192E+00  0.1474E-01  0.2022E-01  0.2883E-01  0.2883E-01
  0.2198E+00  0.1983E-01  0.2242E-01  0.2861E-01  0.2861E-01
  0.2204E+00  0.1339E-01  0.2170E-01  0.2838E-01  0.2838E-01
  0.2210E+00  0.4071E-02  0.2180E-01  0.2814E-01  0.2814E-01
  0.2223E+00  0.2684E-01  0.2051E-01  0.2764E-01  0.2764E-01
  0.2229E+00  0.5004E-01  0.2214E-01  0.2737E-01  0.2737E-01
  0.2235E+00  0.1312E-02  0.2052E-01  0.2711E-01  0.2711E-01
  0.2253E+00  0.3532E-01  0.2043E-01  0.2627E-01  0.2627E-01
  0.2259E+00  0.2961E-01  0.2100E-01  0.2599E-01  0.2599E-01
  0.2265E+00  0.1535E-01  0.2171E-01  0.2571E-01  0.2571E-01
  0.2271E+00  0.3414E-01  0.1998E-01  0.2544E-01  0.2544E-01
  0.2283E+00  0.3101E-01  0.2297E-01  0.2489E-01  0.2489E-01
  0.2296E+00  0.2577E-02  0.4285E+00  0.2437E-01  0.2437E-01
  0.2302E+00  0.1020E-01  0.2090E-01  0.2412E-01  0.2412E-01
  0.2308E+00  0.3416E-02  0.6430E-01  0.2388E-01  0.2388E-01
  0.2320E+00  0.1473E-01  0.2061E-01  0.2343E-01  0.2343E-01
  0.2332E+00  0.2172E-01  0.2214E-01  0.2302E-01  0.2302E-01
  0.2338E+00  0.2495E-01  0.1969E-01  0.2284E-01  0.2284E-01
  0.2344E+00  0.4297E-01  0.2172E-01  0.2267E-01  0.2267E-01
  0.2350E+00  0.3456E-01  0.2095E-01  0.2251E-01  0.2251E-01
  0.2356E+00  0.2786E-01  0.2309E-01  0.2237E-01  0.2237E-01
  0.2362E+00  0.3392E-01  0.1982E-01  0.2224E-01  0.2224E-01
  0.2369E+00  0.1188E-01  0.3285E-01  0.2212E-01  0.2212E-01
  0.2381E+00  0.4177E-01  0.2849E-01  0.2194E-01  0.2194E-01
  0.2387E+00  0.3194E-01  0.2128E-01  0.2186E-01  0.2186E-01
  0.2393E+00  0.5940E-01  0.2080E-01  0.2181E-01  0.2181E-01
  0.2399E+00  0.4131E-01  0.2130E-01  0.2176E-01  0.2176E-01
  0.2405E+00  0.1516E-01  0.2126E-01  0.2173E-01  0.2173E-01
  0.2411E+00  0.2885E-01  0.1880E-01  0.2171E-01  0.2171E-01
  0.2417E+00  0.5686E-01  0.2077E-01  0.2171E-01  0.2171E-01
  0.2423E+00  0.1137E-01  0.2016E-01  0.2171E-01  0.2171E-01
  0.2429E+00  0.1613E-01  0.2067E-01  0.2173E-01  0.2173E-01
  0.2435E+00  0.1893E-02  0.2042E-01  0.2175E-01  0.2175E-01
  0.2448E+00  0.6081E-02  0.2065E-01  0.2183E-01  0.2183E-01
  0.2460E+00  0.7785E-02  0.1952E-01  0.2193E-01  0.2193E-01
  0.2466E+00  0.3477E-01  0.1976E-01  0.2199E-01  0.2199E-01
  0.2472E+00  0.2807E-01  0.2112E-01  0.2205E-01  0.2205E-01
  0.2478E+00  0.5500E-01  0.2228E-01  0.2212E-01  0.2212E-01
  0.2484E+00  0.4314E-01  0.2131E-01  0.2218E-01  0.2218E-01
  0.2490E+00  0.6328E-01  0.2147E-01  0.2225E-01  0.2225E-01
  0.2496E+00  0.1294E-01  0.2128E-01  0.2231E-01  0.2231E-01
  0.2502E+00  0.3043E-01  0.2002E-01  0.2238E-01  0.2238E-01
  0.2521E+00  0.7246E-02  0.2122E-01  0.2254E-01  0.2254E-01
  0.2527E+00  0.1636E-01  0.2257E-01  0.2259E-01  0.2259E-01
  0.2539E+00  0.1586E-01  0.2125E-01  0.2265E-01  0.2265E-01
  0.2557E+00  0.2389E-01  0.2073E-01  0.2268E-01  0.2268E-01
  0.2569E+00  0.2747E-01  0.2079E-01  0.2264E-01  0.2264E-01
  0.2575E+00  0.1756E-01  0.2003E-01  0.2260E-01  0.2260E-01
  0.2581E+00  0.3868E-01  0.2113E-01  0.2255E-01  0.2255E-01
  0.2587E+00  0.3756E-02  0.1952E-01  0.2249E-01  0.2249E-01
  0.2593E+00  0.6915E-01  0.2210E-01  0.2241E-01  0.2241E-01
  0.2606E+00  0.3146E-02  0.2151E-01  0.2222E-01  0.2222E-01
  0.2612E+00  0.3538E-01  0.2105E-01  0.2210E-01  0.2210E-01
  0.2624E+00  0.3819E-02  0.2143E-01  0.2182E-01  0.2182E-01
  0.2630E+00  0.1433E-01  0.2571E-01  0.2166E-01  0.2166E-01
  0.2642E+00  0.5855E-01  0.1980E-01  0.2131E-01  0.2131E-01
  0.2648E+00  0.1539E-01  0.2042E-01  0.2111E-01  0.2111E-01
  0.2654E+00  0.1900E-01  0.1968E-01  0.2091E-01  0.2091E-01
  0.2666E+00  0.1598E-01  0.2094E-01  0.2046E-01  0.2046E-01
  0.2673E+00  0.2457E-02  0.2050E-01  0.2023E-01  0.2023E-01
  0.2679E+00  0.2533E-01  0.1859E-01  0.1998E-01  0.1998E-01
  0.2685E+00  0.2888E-01  0.2075E-01  0.1973E-01  0.1973E-01
  0.2691E+00  0.1387E-01  0.1926E-01  0.1947E-01  0.1947E-01
  0.2697E+00  0.7071E-02  0.2042E-01  0.1921E-01  0.1921E-01
  0.2703E+00  0.2326E-01  0.1967E-01  0.1894E-01  0.1894E-01
  0.2709E+00  0.7387E-02  0.1903E-01  0.1866E-01  0.1866E-01
  0.2715E+00  0.2238E-02  0.1892E-01  0.1839E-01  0.1839E-01
  0.2733E+00  0.3340E-03  0.2071E-01  0.1756E-01  0.1756E-01
  0.2752E+00  0.6187E-02  0.1874E-01  0.1675E-01  0.1675E-01
  0.2770E+00  0.3870E-01  0.1945E-01  0.1598E-01  0.1598E-01
  0.2776E+00  0.2844E-01  0.6003E-01  0.1574E-01  0.1574E-01
  0.2782E+00  0.5725E-02  0.1991E-01  0.1551E-01  0.1551E-01
  0.2788E+00  0.2289E-01  0.1889E-01  0.1528E-01  0.1528E-01
  0.2794E+00  0.1205E-01  0.1898E-01  0.1507E-01  0.1507E-01
  0.2800E+00  0.2550E-01  0.3382E-01  0.1487E-01  0.1487E-01
  0.2806E+00  0.2750E-02  0.1913E-01  0.1468E-01  0.1468E-01
  0.2831E+00  0.2363E-01  0.1898E-01  0.1404E-01  0.1404E-01
  0.2843E+00  0.2059E-01  0.1848E-01  0.1380E-01  0.1380E-01
  0.2849E+00  0.6090E-03  0.1931E-01  0.1370E-01  0.1370E-01
  0.2873E+00  0.2905E-02  0.1894E-01  0.1343E-01  0.1343E-01
  0.2879E+00  0.6360E-02  0.1874E-01  0.1340E-01  0.1340E-01
  0.2885E+00  0.6272E-02  0.1835E-01  0.1338E-01  0.1338E-01
  0.2891E+00  0.2511E-01  0.1895E-01  0.1338E-01  0.1338E-01
  0.2897E+00  0.2553E-01  0.1833E-01  0.1338E-01  0.1338E-01
  0.2916E+00  0.3413E-01  0.1852E-01  0.1346E-01  0.1346E-01
  0.2928E+00  0.3377E-01  0.2015E-01  0.1356E-01  0.1356E-01
  0.2952E+00  0.4977E-02  0.1952E-01  0.1385E-01  0.1385E-01
  0.2958E+00  0.2263E-01  0.1755E-01  0.1394E-01  0.1394E-01
  0.2964E+00  0.1444E-01  0.1771E-01  0.1403E-01  0.1403E-01
  0.2970E+00  0.1295E-01  0.1830E-01  0.1412E-01  0.1412E-01
  0.2983E+00  0.8056E-02  0.1759E-01  0.1431E-01  0.1431E-01
  0.3025E+00  0.4385E-02  0.1873E-01  0.1493E-01  0.1493E-01
  0.3031E+00  0.1392E-02  0.1782E-01  0.1500E-01  0.1500E-01
  0.3037E+00  0.6305E-02  0.1734E-01  0.1506E-01  0.1506E-01
  0.3056E+00  0.1862E-01  0.1853E-01  0.1522E-01  0.1522E-01
  0.3068E+00  0.4571E-01  0.1779E-01  0.1528E-01  0.1528E-01
  0.3074E+00  0.1796E-01  0.1741E-01  0.1530E-01  0.1530E-01
  0.3080E+00  0.1967E-01  0.1764E-01  0.1530E-01  0.1530E-01
  0.3086E+00  0.7538E-02  0.1768E-01  0.1530E-01  0.1530E-01
  0.3098E+00  0.7390E-03  0.1683E-01  0.1527E-01  0.1527E-01
  0.3122E+00  0.1346E-01  0.2409E-01  0.1509E-01  0.1509E-01
  0.3128E+00  0.2650E-01  0.1893E-01  0.1503E-01  0.1503E-01
  0.3135E+00  0.6798E-02  0.1947E-01  0.1495E-01  0.1495E-01
  0.3141E+00  0.1766E-01  0.2048E-01  0.1487E-01  0.1487E-01
  0.3159E+00  0.2989E-01  0.1906E-01  0.1457E-01  0.1457E-01
  0.3171E+00  0.1339E-01  0.1887E-01  0.1434E-01  0.1434E-01
  0.3177E+00  0.3012E-01  0.2267E-01  0.1421E-01  0.1421E-01
  0.3195E+00  0.1091E-01  0.2568E-01  0.1381E-01  0.1381E-01
  0.3201E+00  0.1782E-02  0.2570E-01  0.1367E-01  0.1367E-01
  0.3226E+00  0.1793E-01  0.3186E-01  0.1310E-01  0.1310E-01
  0.3250E+00  0.9336E-01  0.8071E-01  0.1254E-01  0.1254E-01

           Distance distribution  function of particle  


       R          P(R)      ERROR

  0.0000E+00  0.0000E+00  0.0000E+00
  0.1349E+01  0.1761E-03  0.2761E-04
  0.2698E+01  0.4050E-03  0.3897E-04
  0.4047E+01  0.6858E-03  0.3687E-04
  0.5396E+01  0.1017E-02  0.2607E-04
  0.6745E+01  0.1397E-02  0.1689E-04
  0.8094E+01  0.1821E-02  0.2528E-04
  0.9443E+01  0.2286E-02  0.3973E-04
  0.1079E+02  0.2787E-02  0.5022E-04
  0.1214E+02  0.3317E-02  0.5404E-04
  0.1349E+02  0.3868E-02  0.5128E-04
  0.1484E+02  0.4433E-02  0.4437E-04
  0.1619E+02  0.5003E-02  0.3847E-04
  0.1754E+02  0.5569E-02  0.3954E-04
  0.1889E+02  0.6121E-02  0.4728E-04
  0.2023E+02  0.6652E-02  0.5614E-04
  0.2158E+02  0.7154E-02  0.6204E-04
  0.2293E+02  0.7621E-02  0.6357E-04
  0.2428E+02  0.8046E-02  0.6146E-04
  0.2563E+02  0.8425E-02  0.5822E-04
  0.2698E+02  0.8755E-02  0.5704E-04
  0.2833E+02  0.9032E-02  0.5976E-04
  0.2968E+02  0.9257E-02  0.6525E-04
  0.3103E+02  0.9428E-02  0.7092E-04
  0.3238E+02  0.9546E-02  0.7476E-04
  0.3373E+02  0.9612E-02  0.7608E-04
  0.3507E+02  0.9629E-02  0.7540E-04
  0.3642E+02  0.9600E-02  0.7389E-04
  0.3777E+02  0.9531E-02  0.7270E-04
  0.3912E+02  0.9426E-02  0.7238E-04
  0.4047E+02  0.9292E-02  0.7283E-04
  0.4182E+02  0.9135E-02  0.7378E-04
  0.4317E+02  0.8964E-02  0.7532E-04
  0.4452E+02  0.8784E-02  0.7782E-04
  0.4587E+02  0.8604E-02  0.8138E-04
  0.4721E+02  0.8429E-02  0.8538E-04
  0.4856E+02  0.8264E-02  0.8855E-04
  0.4991E+02  0.8111E-02  0.8954E-04
  0.5126E+02  0.7974E-02  0.8763E-04
  0.5261E+02  0.7852E-02  0.8325E-04
  0.5396E+02  0.7744E-02  0.7828E-04
  0.5531E+02  0.7648E-02  0.7568E-04
  0.5666E+02  0.7562E-02  0.7781E-04
  0.5801E+02  0.7481E-02  0.8443E-04
  0.5936E+02  0.7404E-02  0.9285E-04
  0.6070E+02  0.7327E-02  0.1001E-03
  0.6205E+02  0.7250E-02  0.1042E-03
  0.6340E+02  0.7171E-02  0.1048E-03
  0.6475E+02  0.7090E-02  0.1029E-03
  0.6610E+02  0.7008E-02  0.1006E-03
  0.6745E+02  0.6925E-02  0.1004E-03
  0.6880E+02  0.6842E-02  0.1038E-03
  0.7015E+02  0.6760E-02  0.1102E-03
  0.7150E+02  0.6678E-02  0.1179E-03
  0.7285E+02  0.6596E-02  0.1250E-03
  0.7419E+02  0.6513E-02  0.1302E-03
  0.7554E+02  0.6425E-02  0.1327E-03
  0.7689E+02  0.6332E-02  0.1326E-03
  0.7824E+02  0.6231E-02  0.1302E-03
  0.7959E+02  0.6120E-02  0.1263E-03
  0.8094E+02  0.5998E-02  0.1216E-03
  0.8229E+02  0.5863E-02  0.1172E-03
  0.8364E+02  0.5718E-02  0.1141E-03
  0.8499E+02  0.5564E-02  0.1131E-03
  0.8634E+02  0.5403E-02  0.1144E-03
  0.8769E+02  0.5240E-02  0.1173E-03
  0.8903E+02  0.5077E-02  0.1206E-03
  0.9038E+02  0.4919E-02  0.1231E-03
  0.9173E+02  0.4770E-02  0.1241E-03
  0.9308E+02  0.4631E-02  0.1238E-03
  0.9443E+02  0.4504E-02  0.1230E-03
  0.9578E+02  0.4389E-02  0.1230E-03
  0.9713E+02  0.4286E-02  0.1247E-03
  0.9848E+02  0.4193E-02  0.1284E-03
  0.9983E+02  0.4106E-02  0.1333E-03
  0.1012E+03  0.4022E-02  0.1382E-03
  0.1025E+03  0.3938E-02  0.1421E-03
  0.1039E+03  0.3851E-02  0.1446E-03
  0.1052E+03  0.3758E-02  0.1458E-03
  0.1066E+03  0.3657E-02  0.1462E-03
  0.1079E+03  0.3548E-02  0.1464E-03
  0.1093E+03  0.3431E-02  0.1467E-03
  0.1106E+03  0.3308E-02  0.1471E-03
  0.1120E+03  0.3181E-02  0.1475E-03
  0.1133E+03  0.3053E-02  0.1475E-03
  0.1147E+03  0.2928E-02  0.1473E-03
  0.1160E+03  0.2808E-02  0.1469E-03
  0.1174E+03  0.2695E-02  0.1467E-03
  0.1187E+03  0.2591E-02  0.1468E-03
  0.1201E+03  0.2495E-02  0.1471E-03
  0.1214E+03  0.2405E-02  0.1470E-03
  0.1228E+03  0.2317E-02  0.1461E-03
  0.1241E+03  0.2223E-02  0.1438E-03
  0.1255E+03  0.2115E-02  0.1397E-03
  0.1268E+03  0.1982E-02  0.1333E-03
  0.1282E+03  0.1814E-02  0.1241E-03
  0.1295E+03  0.1596E-02  0.1113E-03
  0.1309E+03  0.1317E-02  0.9395E-04
  0.1322E+03  0.9649E-03  0.7060E-04
  0.1336E+03  0.5287E-03  0.3978E-04
  0.1349E+03  0.0000E+00  0.0000E+00
          Reciprocal space: Rg =   47.20     , I(0) =   0.9090E+01
     Real space: Rg =   47.39 +- 0.213  I(0) =   0.9091E+01 +-  0.5820E-01
