
           ####    G N O M   ---   Version 4.5a revised 09/02/02     ####

                                                  Tue Nov  3 18:05:17 2009
           ===    Run No   1   ===
 Run title:  0.010642 15.114749 0.133878


  Number of points omitted at the beginning:           8
   *******   Working Directory :
   *******    Input file(s) :
           Condition P(rmin) = 0 is used. 
           Condition P(rmax) = 0 is used. 

          Experimental conditions for the first run
          -----------------------------------------

          Highest ALPHA is found to be   0.2398E+03

  The measure of inconsistency AN1 equals to    0.7171E+00
     Alpha    Discrp  Oscill  Stabil  Sysdev  Positv  Valcen    Total   
  0.2398E+06 30.3368  1.3735  0.9767  0.1196  1.0000  0.8086  0.30244
  0.4796E+05 28.8565  1.3670  0.9273  0.3696  1.0000  0.8100  0.36090
  0.9591E+04 23.4811  1.3402  0.7502  0.1196  1.0000  0.8159  0.31089
  0.1918E+04 13.4854  1.2791  0.4344  0.0326  1.0000  0.8323  0.31775
  0.3836E+03  5.3110  1.2628  0.1756  0.0435  1.0000  0.8473  0.35209
  0.7673E+02  1.6266  1.2948  0.0515  0.3696  1.0000  0.8476  0.56602
  0.1535E+02  0.6935  1.3162  0.0199  0.7826  1.0000  0.8444  0.88621
  0.3069E+01  0.5351  1.3337  0.0133  0.8152  1.0000  0.8427  0.88346
  0.6138E+00  0.4946  1.3683  0.0120  0.8587  1.0000  0.8421  0.88787
  0.1228E+00  0.4647  1.5138  0.0206  0.8696  1.0000  0.8413  0.84617
  0.2455E-01  0.4416  1.9303  0.0327  0.8804  1.0000  0.8400  0.72126
  0.4911E-02  0.4230  3.0931  0.0686  0.9239  1.0000  0.8372  0.63493
  0.9821E-03  0.4113  4.9366  0.0601  0.9239  0.9990  0.8287  0.64117
  0.1964E-03  0.4068  7.3493  0.1554  0.9565  0.9954  0.8109  0.51466
  0.3929E-04  0.4030 12.5642  0.2438  0.9620  0.9792  0.7612  0.46273
  0.7857E-05  0.3993 19.9625  0.6515  0.9620  0.9248  0.6197  0.00000

          ***  Golden section search to maximize estimate ***
     Alpha    Discrp  Oscill  Stabil  Sysdev  Positv  Valcen    Total   
  0.4488E+01  0.5532  1.3290  0.0144  0.7935  1.0000  0.8430  0.87683
  0.1312E+01  0.5096  1.3476  0.0115  0.8370  1.0000  0.8424  0.88627
  0.2806E+01  0.5316  1.3349  0.0131  0.8370  1.0000  0.8427  0.89224
  0.3357E+01  0.5388  1.3325  0.0136  0.8152  1.0000  0.8428  0.88429
  0.2511E+01  0.5276  1.3365  0.0128  0.8261  1.0000  0.8426  0.88663
  0.3005E+01  0.5342  1.3340  0.0133  0.8152  1.0000  0.8427  0.88327
  0.2690E+01  0.5301  1.3355  0.0130  0.8261  1.0000  0.8427  0.88721
  0.2880E+01  0.5326  1.3346  0.0132  0.8261  1.0000  0.8427  0.88780
  0.2761E+01  0.5310  1.3352  0.0131  0.8370  1.0000  0.8427  0.89210
  0.2834E+01  0.5320  1.3348  0.0131  0.8261  1.0000  0.8427  0.88766
  0.2789E+01  0.5314  1.3350  0.0131  0.8370  1.0000  0.8427  0.89219
  0.2817E+01  0.5318  1.3349  0.0131  0.8261  1.0000  0.8427  0.88760
  0.2799E+01  0.5315  1.3350  0.0131  0.8370  1.0000  0.8427  0.89222
  0.2810E+01  0.5317  1.3349  0.0131  0.8370  1.0000  0.8427  0.89225
  0.2812E+01  0.5317  1.3349  0.0131  0.8370  1.0000  0.8427  0.89226
  0.2812E+01  0.5317  1.3349  0.0131  0.8370  1.0000  0.8427  0.89226



             ####            Final results            ####

 Parameter    DISCRP    OSCILL    STABIL    SYSDEV    POSITV    VALCEN
 Weight        1.000     3.000     3.000     5.000     1.000     1.000
 Sigma         0.300     0.600     0.120     0.500     0.120     0.120
 Ideal         0.700     1.200     0.000     1.000     1.000     0.950
 Current       0.532     1.335     0.013     0.837     1.000     0.843
                - - - - - - - - - - - - - - - - - - - - - - - - - 
 Estimate      0.730     0.951     0.988     0.899     1.000     0.449

  Angular   range    :     from    0.0161   to    0.3250
  Real space range   :     from      0.00   to    148.40

  Highest ALPHA (theor) :   0.240E+06                 JOB = 0
  Current ALPHA         :   0.281E+01   Rg :  0.500E+02   I(0) :   0.182E+02

           Total  estimate : 0.892  which is    A GOOD      solution

      S          J EXP       ERROR       J REG       I REG

  0.0000E+00                                      0.1820E+02
  0.6198E-03                                      0.1819E+02
  0.1240E-02                                      0.1818E+02
  0.1859E-02                                      0.1815E+02
  0.2479E-02                                      0.1811E+02
  0.3099E-02                                      0.1805E+02
  0.3719E-02                                      0.1799E+02
  0.4339E-02                                      0.1791E+02
  0.4958E-02                                      0.1783E+02
  0.5578E-02                                      0.1773E+02
  0.6198E-02                                      0.1762E+02
  0.6818E-02                                      0.1750E+02
  0.7438E-02                                      0.1737E+02
  0.8058E-02                                      0.1724E+02
  0.8677E-02                                      0.1709E+02
  0.9297E-02                                      0.1693E+02
  0.9917E-02                                      0.1676E+02
  0.1054E-01                                      0.1659E+02
  0.1116E-01                                      0.1640E+02
  0.1178E-01                                      0.1621E+02
  0.1240E-01                                      0.1601E+02
  0.1302E-01                                      0.1580E+02
  0.1364E-01                                      0.1559E+02
  0.1426E-01                                      0.1537E+02
  0.1488E-01                                      0.1514E+02
  0.1550E-01                                      0.1491E+02
  0.1612E-01  0.1495E+02  0.3245E+00  0.1468E+02  0.1468E+02
  0.1672E-01  0.1471E+02  0.2998E+00  0.1444E+02  0.1444E+02
  0.1733E-01  0.1412E+02  0.2383E+00  0.1420E+02  0.1420E+02
  0.1794E-01  0.1454E+02  0.2594E+00  0.1396E+02  0.1396E+02
  0.1855E-01  0.1390E+02  0.2166E+00  0.1371E+02  0.1371E+02
  0.1916E-01  0.1364E+02  0.2439E+00  0.1346E+02  0.1346E+02
  0.1976E-01  0.1357E+02  0.2151E+00  0.1321E+02  0.1321E+02
  0.2037E-01  0.1313E+02  0.1589E+00  0.1296E+02  0.1296E+02
  0.2098E-01  0.1279E+02  0.2032E+00  0.1270E+02  0.1270E+02
  0.2159E-01  0.1261E+02  0.1588E+00  0.1244E+02  0.1244E+02
  0.2220E-01  0.1230E+02  0.1584E+00  0.1219E+02  0.1219E+02
  0.2281E-01  0.1206E+02  0.1641E+00  0.1193E+02  0.1193E+02
  0.2341E-01  0.1193E+02  0.1954E+00  0.1167E+02  0.1167E+02
  0.2402E-01  0.1155E+02  0.1886E+00  0.1142E+02  0.1142E+02
  0.2463E-01  0.1131E+02  0.1589E+00  0.1116E+02  0.1116E+02
  0.2524E-01  0.1115E+02  0.1421E+00  0.1091E+02  0.1091E+02
  0.2585E-01  0.1058E+02  0.1244E+00  0.1065E+02  0.1065E+02
  0.2645E-01  0.1040E+02  0.1203E+00  0.1040E+02  0.1040E+02
  0.2706E-01  0.1025E+02  0.1235E+00  0.1015E+02  0.1015E+02
  0.2767E-01  0.9812E+01  0.1176E+00  0.9908E+01  0.9908E+01
  0.2828E-01  0.9760E+01  0.1140E+00  0.9664E+01  0.9664E+01
  0.2889E-01  0.9547E+01  0.1310E+00  0.9423E+01  0.9423E+01
  0.2949E-01  0.9059E+01  0.1057E+00  0.9186E+01  0.9186E+01
  0.3010E-01  0.8866E+01  0.1069E+00  0.8952E+01  0.8952E+01
  0.3071E-01  0.8597E+01  0.1012E+00  0.8722E+01  0.8722E+01
  0.3132E-01  0.8424E+01  0.9919E-01  0.8495E+01  0.8495E+01
  0.3193E-01  0.8163E+01  0.9739E-01  0.8273E+01  0.8273E+01
  0.3254E-01  0.7905E+01  0.1057E+00  0.8055E+01  0.8055E+01
  0.3314E-01  0.7662E+01  0.9961E-01  0.7841E+01  0.7841E+01
  0.3375E-01  0.7554E+01  0.8472E-01  0.7632E+01  0.7632E+01
  0.3436E-01  0.7366E+01  0.1068E+00  0.7427E+01  0.7427E+01
  0.3497E-01  0.7273E+01  0.7858E-01  0.7227E+01  0.7227E+01
  0.3558E-01  0.6878E+01  0.8490E-01  0.7032E+01  0.7032E+01
  0.3618E-01  0.6801E+01  0.7664E-01  0.6841E+01  0.6841E+01
  0.3679E-01  0.6587E+01  0.8576E-01  0.6656E+01  0.6656E+01
  0.3740E-01  0.6352E+01  0.8392E-01  0.6476E+01  0.6476E+01
  0.3801E-01  0.6179E+01  0.8615E-01  0.6301E+01  0.6301E+01
  0.3862E-01  0.6200E+01  0.7239E-01  0.6130E+01  0.6130E+01
  0.3922E-01  0.5849E+01  0.8575E-01  0.5965E+01  0.5965E+01
  0.3983E-01  0.5951E+01  0.7124E-01  0.5804E+01  0.5804E+01
  0.4044E-01  0.5571E+01  0.7770E-01  0.5649E+01  0.5649E+01
  0.4105E-01  0.5399E+01  0.6984E-01  0.5498E+01  0.5498E+01
  0.4166E-01  0.5380E+01  0.7406E-01  0.5352E+01  0.5352E+01
  0.4227E-01  0.5175E+01  0.6797E-01  0.5211E+01  0.5211E+01
  0.4287E-01  0.5168E+01  0.7439E-01  0.5075E+01  0.5075E+01
  0.4348E-01  0.5010E+01  0.6929E-01  0.4943E+01  0.4943E+01
  0.4409E-01  0.4831E+01  0.6643E-01  0.4816E+01  0.4816E+01
  0.4470E-01  0.4743E+01  0.6721E-01  0.4693E+01  0.4693E+01
  0.4531E-01  0.4621E+01  0.5842E-01  0.4575E+01  0.4575E+01
  0.4591E-01  0.4462E+01  0.6460E-01  0.4461E+01  0.4461E+01
  0.4652E-01  0.4325E+01  0.6619E-01  0.4351E+01  0.4351E+01
  0.4713E-01  0.4261E+01  0.6393E-01  0.4244E+01  0.4244E+01
  0.4774E-01  0.4148E+01  0.6179E-01  0.4142E+01  0.4142E+01
  0.4835E-01  0.4076E+01  0.5682E-01  0.4043E+01  0.4043E+01
  0.4895E-01  0.3966E+01  0.4992E-01  0.3948E+01  0.3948E+01
  0.4956E-01  0.3958E+01  0.6174E-01  0.3857E+01  0.3857E+01
  0.5017E-01  0.3839E+01  0.5829E-01  0.3768E+01  0.3768E+01
  0.5078E-01  0.3803E+01  0.5531E-01  0.3683E+01  0.3683E+01
  0.5139E-01  0.3512E+01  0.5256E-01  0.3601E+01  0.3601E+01
  0.5200E-01  0.3468E+01  0.5594E-01  0.3522E+01  0.3522E+01
  0.5260E-01  0.3415E+01  0.5125E-01  0.3445E+01  0.3445E+01
  0.5321E-01  0.3357E+01  0.5775E-01  0.3371E+01  0.3371E+01
  0.5382E-01  0.3285E+01  0.5704E-01  0.3300E+01  0.3300E+01
  0.5443E-01  0.3245E+01  0.5140E-01  0.3231E+01  0.3231E+01
  0.5504E-01  0.3215E+01  0.4575E-01  0.3164E+01  0.3164E+01
  0.5564E-01  0.3275E+01  0.5355E-01  0.3099E+01  0.3099E+01
  0.5625E-01  0.3151E+01  0.4837E-01  0.3036E+01  0.3036E+01
  0.5686E-01  0.3048E+01  0.4586E-01  0.2975E+01  0.2975E+01
  0.5747E-01  0.3007E+01  0.5570E-01  0.2916E+01  0.2916E+01
  0.5808E-01  0.2867E+01  0.4790E-01  0.2859E+01  0.2859E+01
  0.5868E-01  0.2877E+01  0.5119E-01  0.2803E+01  0.2803E+01
  0.5929E-01  0.2725E+01  0.5337E-01  0.2748E+01  0.2748E+01
  0.5990E-01  0.2802E+01  0.5503E-01  0.2695E+01  0.2695E+01
  0.6051E-01  0.2606E+01  0.5071E-01  0.2643E+01  0.2643E+01
  0.6112E-01  0.2661E+01  0.4831E-01  0.2592E+01  0.2592E+01
  0.6173E-01  0.2477E+01  0.4715E-01  0.2543E+01  0.2543E+01
  0.6233E-01  0.2489E+01  0.4389E-01  0.2494E+01  0.2494E+01
  0.6294E-01  0.2427E+01  0.4678E-01  0.2446E+01  0.2446E+01
  0.6355E-01  0.2466E+01  0.4550E-01  0.2400E+01  0.2400E+01
  0.6416E-01  0.2339E+01  0.5089E-01  0.2354E+01  0.2354E+01
  0.6477E-01  0.2273E+01  0.4783E-01  0.2309E+01  0.2309E+01
  0.6537E-01  0.2242E+01  0.4952E-01  0.2265E+01  0.2265E+01
  0.6598E-01  0.2262E+01  0.4958E-01  0.2221E+01  0.2221E+01
  0.6659E-01  0.2143E+01  0.5381E-01  0.2178E+01  0.2178E+01
  0.6720E-01  0.2097E+01  0.4439E-01  0.2136E+01  0.2136E+01
  0.6781E-01  0.2072E+01  0.4196E-01  0.2094E+01  0.2094E+01
  0.6841E-01  0.1995E+01  0.4204E-01  0.2053E+01  0.2053E+01
  0.6902E-01  0.1964E+01  0.4365E-01  0.2013E+01  0.2013E+01
  0.6963E-01  0.2026E+01  0.5174E-01  0.1973E+01  0.1973E+01
  0.7024E-01  0.1861E+01  0.3941E-01  0.1934E+01  0.1934E+01
  0.7085E-01  0.1894E+01  0.4245E-01  0.1895E+01  0.1895E+01
  0.7146E-01  0.1834E+01  0.3774E-01  0.1857E+01  0.1857E+01
  0.7206E-01  0.1841E+01  0.4116E-01  0.1819E+01  0.1819E+01
  0.7267E-01  0.1774E+01  0.4511E-01  0.1782E+01  0.1782E+01
  0.7328E-01  0.1659E+01  0.4166E-01  0.1746E+01  0.1746E+01
  0.7389E-01  0.1681E+01  0.4022E-01  0.1710E+01  0.1710E+01
  0.7450E-01  0.1674E+01  0.4031E-01  0.1674E+01  0.1674E+01
  0.7510E-01  0.1579E+01  0.4027E-01  0.1639E+01  0.1639E+01
  0.7571E-01  0.1564E+01  0.4164E-01  0.1605E+01  0.1605E+01
  0.7632E-01  0.1593E+01  0.3895E-01  0.1571E+01  0.1571E+01
  0.7693E-01  0.1526E+01  0.3931E-01  0.1538E+01  0.1538E+01
  0.7754E-01  0.1485E+01  0.3678E-01  0.1505E+01  0.1505E+01
  0.7814E-01  0.1507E+01  0.3861E-01  0.1473E+01  0.1473E+01
  0.7875E-01  0.1440E+01  0.3769E-01  0.1442E+01  0.1442E+01
  0.7936E-01  0.1361E+01  0.3504E-01  0.1411E+01  0.1411E+01
  0.7997E-01  0.1377E+01  0.3380E-01  0.1381E+01  0.1381E+01
  0.8058E-01  0.1336E+01  0.3586E-01  0.1351E+01  0.1351E+01
  0.8118E-01  0.1365E+01  0.3849E-01  0.1322E+01  0.1322E+01
  0.8179E-01  0.1246E+01  0.3311E-01  0.1293E+01  0.1293E+01
  0.8240E-01  0.1251E+01  0.3461E-01  0.1265E+01  0.1265E+01
  0.8301E-01  0.1275E+01  0.3484E-01  0.1238E+01  0.1238E+01
  0.8362E-01  0.1156E+01  0.3454E-01  0.1212E+01  0.1212E+01
  0.8423E-01  0.1242E+01  0.3606E-01  0.1186E+01  0.1186E+01
  0.8483E-01  0.1155E+01  0.3640E-01  0.1160E+01  0.1160E+01
  0.8544E-01  0.1089E+01  0.3601E-01  0.1135E+01  0.1135E+01
  0.8605E-01  0.1116E+01  0.3591E-01  0.1111E+01  0.1111E+01
  0.8666E-01  0.1127E+01  0.3744E-01  0.1088E+01  0.1088E+01
  0.8727E-01  0.1125E+01  0.3656E-01  0.1065E+01  0.1065E+01
  0.8787E-01  0.1090E+01  0.3555E-01  0.1042E+01  0.1042E+01
  0.8848E-01  0.1083E+01  0.3606E-01  0.1020E+01  0.1020E+01
  0.8909E-01  0.1045E+01  0.3746E-01  0.9991E+00  0.9991E+00
  0.8970E-01  0.9827E+00  0.3053E-01  0.9784E+00  0.9784E+00
  0.9031E-01  0.9634E+00  0.3614E-01  0.9582E+00  0.9582E+00
  0.9091E-01  0.9633E+00  0.3413E-01  0.9385E+00  0.9385E+00
  0.9152E-01  0.9219E+00  0.4480E-01  0.9194E+00  0.9194E+00
  0.9213E-01  0.8627E+00  0.3346E-01  0.9006E+00  0.9006E+00
  0.9274E-01  0.9550E+00  0.5158E-01  0.8824E+00  0.8824E+00
  0.9335E-01  0.8257E+00  0.3886E-01  0.8647E+00  0.8647E+00
  0.9396E-01  0.8533E+00  0.3352E-01  0.8473E+00  0.8473E+00
  0.9456E-01  0.8496E+00  0.3610E-01  0.8304E+00  0.8304E+00
  0.9517E-01  0.8534E+00  0.3284E-01  0.8138E+00  0.8138E+00
  0.9578E-01  0.8349E+00  0.3211E-01  0.7977E+00  0.7977E+00
  0.9639E-01  0.8225E+00  0.3454E-01  0.7818E+00  0.7818E+00
  0.9700E-01  0.8314E+00  0.3328E-01  0.7663E+00  0.7663E+00
  0.9760E-01  0.7997E+00  0.3385E-01  0.7511E+00  0.7511E+00
  0.9821E-01  0.7710E+00  0.3340E-01  0.7362E+00  0.7362E+00
  0.9882E-01  0.7233E+00  0.2996E-01  0.7216E+00  0.7216E+00
  0.9943E-01  0.7055E+00  0.3092E-01  0.7073E+00  0.7073E+00
  0.1000E+00  0.6991E+00  0.3082E-01  0.6932E+00  0.6932E+00
  0.1006E+00  0.6851E+00  0.3042E-01  0.6793E+00  0.6793E+00
  0.1013E+00  0.6756E+00  0.3127E-01  0.6656E+00  0.6656E+00
  0.1019E+00  0.6587E+00  0.2948E-01  0.6521E+00  0.6521E+00
  0.1025E+00  0.6688E+00  0.2911E-01  0.6388E+00  0.6388E+00
  0.1031E+00  0.6365E+00  0.2947E-01  0.6256E+00  0.6256E+00
  0.1037E+00  0.6271E+00  0.3443E-01  0.6126E+00  0.6126E+00
  0.1043E+00  0.6401E+00  0.9737E-01  0.5997E+00  0.5997E+00
  0.1049E+00  0.5415E+00  0.2238E+00  0.5870E+00  0.5870E+00
  0.1055E+00  0.6018E+00  0.3087E-01  0.5743E+00  0.5743E+00
  0.1061E+00  0.5801E+00  0.3319E-01  0.5618E+00  0.5618E+00
  0.1067E+00  0.5591E+00  0.2858E-01  0.5494E+00  0.5494E+00
  0.1073E+00  0.5365E+00  0.2903E-01  0.5371E+00  0.5371E+00
  0.1079E+00  0.5169E+00  0.2706E-01  0.5249E+00  0.5249E+00
  0.1085E+00  0.4366E+00  0.2984E-01  0.5128E+00  0.5128E+00
  0.1092E+00  0.4902E+00  0.2668E-01  0.5008E+00  0.5008E+00
  0.1098E+00  0.5039E+00  0.3066E-01  0.4888E+00  0.4888E+00
  0.1104E+00  0.4264E+00  0.2839E-01  0.4770E+00  0.4770E+00
  0.1110E+00  0.4438E+00  0.2928E-01  0.4652E+00  0.4652E+00
  0.1116E+00  0.4043E+00  0.2814E-01  0.4536E+00  0.4536E+00
  0.1122E+00  0.4460E+00  0.2992E-01  0.4420E+00  0.4420E+00
  0.1128E+00  0.4103E+00  0.3186E-01  0.4306E+00  0.4306E+00
  0.1134E+00  0.3935E+00  0.3200E-01  0.4192E+00  0.4192E+00
  0.1140E+00  0.4499E+00  0.2970E-01  0.4080E+00  0.4080E+00
  0.1146E+00  0.3511E+00  0.2884E-01  0.3969E+00  0.3969E+00
  0.1152E+00  0.3664E+00  0.2903E-01  0.3859E+00  0.3859E+00
  0.1158E+00  0.3215E+00  0.2964E-01  0.3750E+00  0.3750E+00
  0.1165E+00  0.3075E+00  0.2887E-01  0.3643E+00  0.3643E+00
  0.1171E+00  0.3352E+00  0.2900E-01  0.3537E+00  0.3537E+00
  0.1177E+00  0.2843E+00  0.2742E-01  0.3433E+00  0.3433E+00
  0.1183E+00  0.3038E+00  0.3007E-01  0.3331E+00  0.3331E+00
  0.1189E+00  0.3429E+00  0.2871E-01  0.3230E+00  0.3230E+00
  0.1195E+00  0.3049E+00  0.2761E-01  0.3131E+00  0.3131E+00
  0.1201E+00  0.3520E+00  0.3026E-01  0.3034E+00  0.3034E+00
  0.1207E+00  0.2938E+00  0.2800E-01  0.2939E+00  0.2939E+00
  0.1213E+00  0.2714E+00  0.3006E-01  0.2846E+00  0.2846E+00
  0.1219E+00  0.2909E+00  0.2672E-01  0.2755E+00  0.2755E+00
  0.1225E+00  0.2063E+00  0.2817E-01  0.2666E+00  0.2666E+00
  0.1231E+00  0.2821E+00  0.2765E-01  0.2580E+00  0.2580E+00
  0.1238E+00  0.2761E+00  0.2858E-01  0.2495E+00  0.2495E+00
  0.1244E+00  0.1980E+00  0.2861E-01  0.2414E+00  0.2414E+00
  0.1250E+00  0.2536E+00  0.3016E-01  0.2334E+00  0.2334E+00
  0.1256E+00  0.2086E+00  0.2618E-01  0.2258E+00  0.2258E+00
  0.1262E+00  0.2589E+00  0.2781E-01  0.2183E+00  0.2183E+00
  0.1268E+00  0.2108E+00  0.2700E-01  0.2111E+00  0.2111E+00
  0.1274E+00  0.2202E+00  0.2463E-01  0.2042E+00  0.2042E+00
  0.1280E+00  0.1891E+00  0.2537E-01  0.1975E+00  0.1975E+00
  0.1286E+00  0.1168E+00  0.2739E-01  0.1911E+00  0.1911E+00
  0.1292E+00  0.2519E+00  0.2808E-01  0.1849E+00  0.1849E+00
  0.1298E+00  0.1866E+00  0.2874E-01  0.1790E+00  0.1790E+00
  0.1304E+00  0.1768E+00  0.2953E-01  0.1733E+00  0.1733E+00
  0.1310E+00  0.2257E+00  0.8946E-01  0.1679E+00  0.1679E+00
  0.1317E+00  0.1957E+00  0.6813E-01  0.1627E+00  0.1627E+00
  0.1323E+00  0.1822E+00  0.2660E-01  0.1578E+00  0.1578E+00
  0.1329E+00  0.1479E+00  0.2941E-01  0.1531E+00  0.1531E+00
  0.1335E+00  0.1845E+00  0.2560E-01  0.1486E+00  0.1486E+00
  0.1341E+00  0.1685E+00  0.2587E-01  0.1443E+00  0.1443E+00
  0.1347E+00  0.1562E+00  0.2574E-01  0.1403E+00  0.1403E+00
  0.1353E+00  0.1201E+00  0.2364E-01  0.1364E+00  0.1364E+00
  0.1359E+00  0.1505E+00  0.2498E-01  0.1328E+00  0.1328E+00
  0.1365E+00  0.1049E+00  0.2748E-01  0.1293E+00  0.1293E+00
  0.1371E+00  0.1452E+00  0.2629E-01  0.1260E+00  0.1260E+00
  0.1377E+00  0.1685E+00  0.2524E-01  0.1229E+00  0.1229E+00
  0.1383E+00  0.1616E+00  0.2553E-01  0.1200E+00  0.1200E+00
  0.1390E+00  0.1297E+00  0.2519E-01  0.1172E+00  0.1172E+00
  0.1396E+00  0.1639E+00  0.2524E-01  0.1146E+00  0.1146E+00
  0.1402E+00  0.1030E+00  0.2642E-01  0.1120E+00  0.1120E+00
  0.1408E+00  0.5927E-01  0.2594E-01  0.1096E+00  0.1096E+00
  0.1414E+00  0.1013E+00  0.2591E-01  0.1073E+00  0.1073E+00
  0.1420E+00  0.8994E-01  0.2619E-01  0.1051E+00  0.1051E+00
  0.1426E+00  0.1189E+00  0.2678E-01  0.1030E+00  0.1030E+00
  0.1432E+00  0.1102E+00  0.2676E-01  0.1010E+00  0.1010E+00
  0.1438E+00  0.3698E-01  0.2659E-01  0.9907E-01  0.9907E-01
  0.1444E+00  0.5493E-01  0.2560E-01  0.9719E-01  0.9719E-01
  0.1450E+00  0.6098E-01  0.2774E-01  0.9536E-01  0.9536E-01
  0.1456E+00  0.5393E-01  0.2451E-01  0.9358E-01  0.9358E-01
  0.1463E+00  0.9271E-01  0.2641E-01  0.9183E-01  0.9183E-01
  0.1469E+00  0.6456E-01  0.2519E-01  0.9011E-01  0.9011E-01
  0.1475E+00  0.3802E-01  0.2543E-01  0.8842E-01  0.8842E-01
  0.1481E+00  0.8443E-01  0.2671E-01  0.8674E-01  0.8674E-01
  0.1487E+00  0.6687E-01  0.2637E-01  0.8508E-01  0.8508E-01
  0.1493E+00  0.1061E+00  0.2394E-01  0.8342E-01  0.8342E-01
  0.1499E+00  0.8908E-01  0.2583E-01  0.8177E-01  0.8177E-01
  0.1505E+00  0.1061E+00  0.2389E-01  0.8011E-01  0.8011E-01
  0.1511E+00  0.6855E-01  0.2513E-01  0.7845E-01  0.7845E-01
  0.1517E+00  0.9553E-01  0.2520E-01  0.7678E-01  0.7678E-01
  0.1523E+00  0.4551E-01  0.2468E-01  0.7510E-01  0.7510E-01
  0.1529E+00  0.5292E-01  0.2387E-01  0.7341E-01  0.7341E-01
  0.1535E+00  0.7171E-01  0.2344E-01  0.7171E-01  0.7171E-01
  0.1542E+00  0.4315E-01  0.2247E-01  0.6999E-01  0.6999E-01
  0.1548E+00  0.1027E+00  0.2453E-01  0.6826E-01  0.6826E-01
  0.1554E+00  0.7434E-01  0.2499E-01  0.6652E-01  0.6652E-01
  0.1560E+00  0.8387E-01  0.2292E-01  0.6476E-01  0.6476E-01
  0.1566E+00  0.4352E-01  0.2323E-01  0.6301E-01  0.6301E-01
  0.1572E+00  0.5141E-01  0.2249E-01  0.6125E-01  0.6125E-01
  0.1578E+00  0.1972E-01  0.2575E-01  0.5948E-01  0.5948E-01
  0.1584E+00  0.3444E-01  0.1999E-01  0.5771E-01  0.5771E-01
  0.1590E+00  0.3883E-01  0.2373E-01  0.5595E-01  0.5595E-01
  0.1596E+00  0.3222E-01  0.2247E-01  0.5419E-01  0.5419E-01
  0.1602E+00  0.6504E-01  0.2354E-01  0.5244E-01  0.5244E-01
  0.1608E+00  0.4596E-01  0.2407E-01  0.5071E-01  0.5071E-01
  0.1615E+00  0.6067E-01  0.2469E-01  0.4899E-01  0.4899E-01
  0.1621E+00  0.5016E-01  0.2347E-01  0.4730E-01  0.4730E-01
  0.1627E+00  0.6275E-01  0.2489E-01  0.4564E-01  0.4564E-01
  0.1633E+00  0.5475E-01  0.2324E-01  0.4401E-01  0.4401E-01
  0.1639E+00  0.2048E-01  0.2184E-01  0.4241E-01  0.4241E-01
  0.1645E+00  0.5874E-01  0.2626E-01  0.4085E-01  0.4085E-01
  0.1651E+00  0.4463E-01  0.2289E-01  0.3935E-01  0.3935E-01
  0.1657E+00  0.5419E-01  0.2302E-01  0.3789E-01  0.3789E-01
  0.1663E+00  0.2333E-01  0.2294E-01  0.3648E-01  0.3648E-01
  0.1675E+00  0.3769E-02  0.2274E-01  0.3385E-01  0.3385E-01
  0.1688E+00  0.3631E-01  0.2370E-01  0.3148E-01  0.3148E-01
  0.1694E+00  0.1973E-01  0.2334E-01  0.3039E-01  0.3039E-01
  0.1700E+00  0.4276E-01  0.2232E-01  0.2938E-01  0.2938E-01
  0.1706E+00  0.5166E-01  0.2305E-01  0.2844E-01  0.2844E-01
  0.1712E+00  0.3046E-01  0.2163E-01  0.2757E-01  0.2757E-01
  0.1718E+00  0.3267E-01  0.2467E-01  0.2679E-01  0.2679E-01
  0.1724E+00  0.8435E-02  0.2395E-01  0.2608E-01  0.2608E-01
  0.1730E+00  0.1139E-01  0.2341E-01  0.2544E-01  0.2544E-01
  0.1736E+00  0.3419E-01  0.2309E-01  0.2489E-01  0.2489E-01
  0.1742E+00  0.1936E-01  0.2420E-01  0.2441E-01  0.2441E-01
  0.1748E+00  0.2562E-01  0.2562E-01  0.2401E-01  0.2401E-01
  0.1754E+00  0.1059E-01  0.2206E-01  0.2368E-01  0.2368E-01
  0.1767E+00  0.2341E-01  0.2342E-01  0.2323E-01  0.2323E-01
  0.1779E+00  0.1561E-01  0.7948E-01  0.2306E-01  0.2306E-01
  0.1785E+00  0.1258E-01  0.2441E-01  0.2307E-01  0.2307E-01
  0.1791E+00  0.2211E-01  0.2204E-01  0.2314E-01  0.2314E-01
  0.1803E+00  0.8886E-02  0.2407E-01  0.2343E-01  0.2343E-01
  0.1821E+00  0.2642E-01  0.2180E-01  0.2420E-01  0.2420E-01
  0.1833E+00  0.5138E-01  0.2325E-01  0.2489E-01  0.2489E-01
  0.1846E+00  0.2523E-02  0.2462E-01  0.2567E-01  0.2567E-01
  0.1858E+00  0.1619E-01  0.2328E-01  0.2650E-01  0.2650E-01
  0.1864E+00  0.2228E-01  0.2513E-01  0.2692E-01  0.2692E-01
  0.1876E+00  0.2241E-01  0.2175E-01  0.2776E-01  0.2776E-01
  0.1882E+00  0.2551E-01  0.2275E-01  0.2817E-01  0.2817E-01
  0.1888E+00  0.6684E-01  0.2333E-01  0.2856E-01  0.2856E-01
  0.1894E+00  0.1025E+00  0.2262E-01  0.2893E-01  0.2893E-01
  0.1900E+00  0.8104E-01  0.2303E-01  0.2929E-01  0.2929E-01
  0.1906E+00  0.7197E-01  0.2282E-01  0.2961E-01  0.2961E-01
  0.1912E+00  0.4656E-01  0.2205E-01  0.2991E-01  0.2991E-01
  0.1919E+00  0.2669E-01  0.2195E-01  0.3018E-01  0.3018E-01
  0.1931E+00  0.3622E-01  0.2213E-01  0.3061E-01  0.3061E-01
  0.1937E+00  0.1139E-01  0.2137E-01  0.3077E-01  0.3077E-01
  0.1943E+00  0.3127E-01  0.2289E-01  0.3088E-01  0.3088E-01
  0.1955E+00  0.4641E-01  0.2094E-01  0.3101E-01  0.3101E-01
  0.1961E+00  0.1309E-02  0.2176E-01  0.3100E-01  0.3100E-01
  0.1967E+00  0.2441E-02  0.2387E-01  0.3095E-01  0.3095E-01
  0.2022E+00  0.2396E-01  0.2206E-01  0.2875E-01  0.2875E-01
  0.2028E+00  0.1443E-02  0.2252E-01  0.2834E-01  0.2834E-01
  0.2046E+00  0.2913E-01  0.2098E-01  0.2696E-01  0.2696E-01
  0.2058E+00  0.7085E-02  0.2241E-01  0.2596E-01  0.2596E-01
  0.2065E+00  0.2581E-01  0.2179E-01  0.2545E-01  0.2545E-01
  0.2071E+00  0.5902E-02  0.2113E-01  0.2493E-01  0.2493E-01
  0.2077E+00  0.6446E-01  0.2043E-01  0.2441E-01  0.2441E-01
  0.2083E+00  0.2179E-01  0.2137E-01  0.2388E-01  0.2388E-01
  0.2089E+00  0.4128E-01  0.2156E-01  0.2335E-01  0.2335E-01
  0.2095E+00  0.3547E-01  0.2329E-01  0.2284E-01  0.2284E-01
  0.2107E+00  0.2217E-02  0.1980E-01  0.2185E-01  0.2185E-01
  0.2113E+00  0.4362E-02  0.2083E-01  0.2137E-01  0.2137E-01
  0.2125E+00  0.4430E-01  0.2333E-01  0.2047E-01  0.2047E-01
  0.2137E+00  0.2578E-01  0.2199E-01  0.1966E-01  0.1966E-01
  0.2150E+00  0.2089E-01  0.2338E-01  0.1895E-01  0.1895E-01
  0.2162E+00  0.3741E-01  0.2142E-01  0.1836E-01  0.1836E-01
  0.2168E+00  0.8331E-02  0.1955E-01  0.1811E-01  0.1811E-01
  0.2174E+00  0.3497E-01  0.2014E-01  0.1789E-01  0.1789E-01
  0.2180E+00  0.3079E-01  0.2099E-01  0.1770E-01  0.1770E-01
  0.2186E+00  0.4655E-01  0.2280E-01  0.1754E-01  0.1754E-01
  0.2198E+00  0.2482E-01  0.2243E-01  0.1732E-01  0.1732E-01
  0.2204E+00  0.1111E-01  0.2169E-01  0.1726E-01  0.1726E-01
  0.2210E+00  0.1026E-01  0.2149E-01  0.1721E-01  0.1721E-01
  0.2253E+00  0.4315E-01  0.2053E-01  0.1765E-01  0.1765E-01
  0.2259E+00  0.4353E-02  0.2119E-01  0.1779E-01  0.1779E-01
  0.2271E+00  0.9456E-02  0.2186E-01  0.1811E-01  0.1811E-01
  0.2277E+00  0.5775E-02  0.2112E-01  0.1828E-01  0.1828E-01
  0.2283E+00  0.1142E-02  0.2023E-01  0.1846E-01  0.1846E-01
  0.2289E+00  0.7500E-02  0.2123E-01  0.1864E-01  0.1864E-01
  0.2344E+00  0.2943E-01  0.3531E-01  0.2003E-01  0.2003E-01
  0.2369E+00  0.2294E-01  0.3298E-01  0.2026E-01  0.2026E-01
  0.2381E+00  0.3147E-01  0.2729E-01  0.2025E-01  0.2025E-01
  0.2393E+00  0.2232E-01  0.2063E-01  0.2014E-01  0.2014E-01
  0.2405E+00  0.3383E-02  0.2059E-01  0.1993E-01  0.1993E-01
  0.2411E+00  0.1756E-01  0.2033E-01  0.1979E-01  0.1979E-01
  0.2417E+00  0.9668E-02  0.2134E-01  0.1963E-01  0.1963E-01
  0.2435E+00  0.1674E-01  0.2070E-01  0.1900E-01  0.1900E-01
  0.2448E+00  0.2291E-01  0.2108E-01  0.1848E-01  0.1848E-01
  0.2460E+00  0.9244E-02  0.2206E-01  0.1790E-01  0.1790E-01
  0.2466E+00  0.3242E-01  0.2085E-01  0.1758E-01  0.1758E-01
  0.2472E+00  0.3049E-01  0.2026E-01  0.1725E-01  0.1725E-01
  0.2478E+00  0.4144E-01  0.2054E-01  0.1692E-01  0.1692E-01
  0.2484E+00  0.2550E-01  0.2156E-01  0.1656E-01  0.1656E-01
  0.2490E+00  0.1794E-01  0.1971E-01  0.1620E-01  0.1620E-01
  0.2496E+00  0.2288E-02  0.2151E-01  0.1584E-01  0.1584E-01
  0.2575E+00  0.1237E-01  0.2047E-01  0.1151E-01  0.1151E-01
  0.2593E+00  0.4051E-01  0.2203E-01  0.1084E-01  0.1084E-01
  0.2606E+00  0.2620E-02  0.2111E-01  0.1047E-01  0.1047E-01
  0.2612E+00  0.5989E-02  0.1893E-01  0.1032E-01  0.1032E-01
  0.2642E+00  0.2055E-01  0.2168E-01  0.9903E-02  0.9903E-02
  0.2679E+00  0.4267E-02  0.1907E-01  0.1003E-01  0.1003E-01
  0.2685E+00  0.3151E-01  0.2076E-01  0.1011E-01  0.1011E-01
  0.2691E+00  0.7003E-02  0.1918E-01  0.1020E-01  0.1020E-01
  0.2721E+00  0.1104E-02  0.1876E-01  0.1079E-01  0.1079E-01
  0.2752E+00  0.1772E-01  0.1920E-01  0.1150E-01  0.1150E-01
  0.2770E+00  0.1357E-02  0.2052E-01  0.1190E-01  0.1190E-01
  0.2794E+00  0.8995E-02  0.1829E-01  0.1235E-01  0.1235E-01
  0.2806E+00  0.1956E-02  0.1808E-01  0.1252E-01  0.1252E-01
  0.2812E+00  0.4374E-02  0.1857E-01  0.1258E-01  0.1258E-01
  0.2825E+00  0.1084E-01  0.1774E-01  0.1268E-01  0.1268E-01
  0.2831E+00  0.7859E-02  0.1914E-01  0.1272E-01  0.1272E-01
  0.2843E+00  0.5733E-02  0.1769E-01  0.1274E-01  0.1274E-01
  0.2849E+00  0.1123E-01  0.1969E-01  0.1274E-01  0.1274E-01
  0.2879E+00  0.7105E-02  0.1839E-01  0.1254E-01  0.1254E-01
  0.2897E+00  0.2670E-02  0.1718E-01  0.1230E-01  0.1230E-01
  0.2928E+00  0.2399E-01  0.1912E-01  0.1177E-01  0.1177E-01
  0.2940E+00  0.2702E-01  0.1796E-01  0.1153E-01  0.1153E-01
  0.2946E+00  0.6019E-02  0.1740E-01  0.1141E-01  0.1141E-01
  0.2952E+00  0.2179E-01  0.1831E-01  0.1129E-01  0.1129E-01
  0.2970E+00  0.1903E-01  0.1837E-01  0.1093E-01  0.1093E-01
  0.2983E+00  0.4600E-03  0.1746E-01  0.1072E-01  0.1072E-01
  0.3001E+00  0.1300E-01  0.1637E-01  0.1041E-01  0.1041E-01
  0.3007E+00  0.3775E-01  0.1641E-01  0.1033E-01  0.1033E-01
  0.3013E+00  0.2211E-01  0.1745E-01  0.1026E-01  0.1026E-01
  0.3025E+00  0.3747E-01  0.1863E-01  0.1013E-01  0.1013E-01
  0.3031E+00  0.1606E-02  0.1753E-01  0.1007E-01  0.1007E-01
  0.3068E+00  0.2056E-01  0.1798E-01  0.9933E-02  0.9933E-02
  0.3080E+00  0.1356E-01  0.1741E-01  0.9949E-02  0.9949E-02
  0.3086E+00  0.1531E-01  0.1810E-01  0.9967E-02  0.9967E-02
  0.3092E+00  0.1088E-01  0.1573E-01  0.9992E-02  0.9992E-02
  0.3183E+00  0.2263E-02  0.2237E-01  0.1064E-01  0.1064E-01
  0.3195E+00  0.4268E-02  0.2311E-01  0.1069E-01  0.1069E-01
  0.3220E+00  0.4761E-02  0.2900E-01  0.1072E-01  0.1072E-01
  0.3250E+00  0.4391E-01  0.7829E-01  0.1057E-01  0.1057E-01

           Distance distribution  function of particle  


       R          P(R)      ERROR

  0.0000E+00  0.0000E+00  0.0000E+00
  0.1484E+01  0.2048E-03  0.3972E-04
  0.2968E+01  0.5818E-03  0.5216E-04
  0.4452E+01  0.1124E-02  0.4374E-04
  0.5936E+01  0.1822E-02  0.2739E-04
  0.7420E+01  0.2660E-02  0.3148E-04
  0.8904E+01  0.3619E-02  0.5252E-04
  0.1039E+02  0.4680E-02  0.6829E-04
  0.1187E+02  0.5818E-02  0.7241E-04
  0.1336E+02  0.7009E-02  0.6544E-04
  0.1484E+02  0.8227E-02  0.5438E-04
  0.1632E+02  0.9446E-02  0.5273E-04
  0.1781E+02  0.1064E-01  0.6563E-04
  0.1929E+02  0.1179E-01  0.8160E-04
  0.2078E+02  0.1287E-01  0.9082E-04
  0.2226E+02  0.1386E-01  0.8982E-04
  0.2374E+02  0.1476E-01  0.8083E-04
  0.2523E+02  0.1554E-01  0.7191E-04
  0.2671E+02  0.1621E-01  0.7358E-04
  0.2820E+02  0.1675E-01  0.8632E-04
  0.2968E+02  0.1718E-01  0.1001E-03
  0.3116E+02  0.1749E-01  0.1066E-03
  0.3265E+02  0.1769E-01  0.1027E-03
  0.3413E+02  0.1780E-01  0.9106E-04
  0.3562E+02  0.1781E-01  0.8035E-04
  0.3710E+02  0.1775E-01  0.8225E-04
  0.3858E+02  0.1761E-01  0.9748E-04
  0.4007E+02  0.1742E-01  0.1151E-03
  0.4155E+02  0.1719E-01  0.1257E-03
  0.4304E+02  0.1692E-01  0.1252E-03
  0.4452E+02  0.1663E-01  0.1143E-03
  0.4600E+02  0.1633E-01  0.9849E-04
  0.4749E+02  0.1603E-01  0.8765E-04
  0.4897E+02  0.1574E-01  0.9021E-04
  0.5046E+02  0.1547E-01  0.1030E-03
  0.5194E+02  0.1523E-01  0.1165E-03
  0.5342E+02  0.1502E-01  0.1245E-03
  0.5491E+02  0.1485E-01  0.1259E-03
  0.5639E+02  0.1470E-01  0.1234E-03
  0.5788E+02  0.1458E-01  0.1217E-03
  0.5936E+02  0.1448E-01  0.1237E-03
  0.6084E+02  0.1439E-01  0.1284E-03
  0.6233E+02  0.1431E-01  0.1326E-03
  0.6381E+02  0.1421E-01  0.1333E-03
  0.6530E+02  0.1411E-01  0.1303E-03
  0.6678E+02  0.1398E-01  0.1262E-03
  0.6826E+02  0.1383E-01  0.1250E-03
  0.6975E+02  0.1367E-01  0.1288E-03
  0.7123E+02  0.1348E-01  0.1362E-03
  0.7272E+02  0.1328E-01  0.1436E-03
  0.7420E+02  0.1306E-01  0.1477E-03
  0.7568E+02  0.1285E-01  0.1476E-03
  0.7717E+02  0.1262E-01  0.1445E-03
  0.7865E+02  0.1240E-01  0.1414E-03
  0.8014E+02  0.1218E-01  0.1410E-03
  0.8162E+02  0.1195E-01  0.1441E-03
  0.8310E+02  0.1172E-01  0.1494E-03
  0.8459E+02  0.1148E-01  0.1540E-03
  0.8607E+02  0.1122E-01  0.1560E-03
  0.8756E+02  0.1096E-01  0.1544E-03
  0.8904E+02  0.1067E-01  0.1503E-03
  0.9052E+02  0.1037E-01  0.1456E-03
  0.9201E+02  0.1007E-01  0.1428E-03
  0.9349E+02  0.9758E-02  0.1435E-03
  0.9498E+02  0.9448E-02  0.1477E-03
  0.9646E+02  0.9145E-02  0.1537E-03
  0.9794E+02  0.8850E-02  0.1594E-03
  0.9943E+02  0.8567E-02  0.1635E-03
  0.1009E+03  0.8295E-02  0.1658E-03
  0.1024E+03  0.8032E-02  0.1671E-03
  0.1039E+03  0.7774E-02  0.1690E-03
  0.1054E+03  0.7517E-02  0.1727E-03
  0.1068E+03  0.7257E-02  0.1781E-03
  0.1083E+03  0.6992E-02  0.1839E-03
  0.1098E+03  0.6722E-02  0.1882E-03
  0.1113E+03  0.6448E-02  0.1893E-03
  0.1128E+03  0.6175E-02  0.1870E-03
  0.1143E+03  0.5907E-02  0.1823E-03
  0.1158E+03  0.5650E-02  0.1770E-03
  0.1172E+03  0.5410E-02  0.1732E-03
  0.1187E+03  0.5192E-02  0.1715E-03
  0.1202E+03  0.4996E-02  0.1716E-03
  0.1217E+03  0.4824E-02  0.1718E-03
  0.1232E+03  0.4672E-02  0.1708E-03
  0.1247E+03  0.4535E-02  0.1680E-03
  0.1261E+03  0.4407E-02  0.1640E-03
  0.1276E+03  0.4281E-02  0.1597E-03
  0.1291E+03  0.4152E-02  0.1565E-03
  0.1306E+03  0.4014E-02  0.1551E-03
  0.1321E+03  0.3863E-02  0.1558E-03
  0.1336E+03  0.3697E-02  0.1580E-03
  0.1350E+03  0.3512E-02  0.1608E-03
  0.1365E+03  0.3306E-02  0.1632E-03
  0.1380E+03  0.3075E-02  0.1640E-03
  0.1395E+03  0.2813E-02  0.1617E-03
  0.1410E+03  0.2511E-02  0.1548E-03
  0.1425E+03  0.2160E-02  0.1416E-03
  0.1439E+03  0.1746E-02  0.1208E-03
  0.1454E+03  0.1257E-02  0.9103E-04
  0.1469E+03  0.6785E-03  0.5109E-04
  0.1484E+03  0.0000E+00  0.0000E+00
          Reciprocal space: Rg =   50.04     , I(0) =   0.1820E+02
     Real space: Rg =   50.27 +- 0.169  I(0) =   0.1820E+02 +-  0.8909E-01
