
           ####    G N O M   ---   Version 4.5a revised 09/02/02     ####

                                                  Tue Nov  3 18:04:50 2009
           ===    Run No   1   ===
 Run title:  0.010642 6.905212 0.786905


  Number of points omitted at the beginning:           7
   *******   Working Directory :
   *******    Input file(s) :
           Condition P(rmin) = 0 is used. 
           Condition P(rmax) = 0 is used. 

          Experimental conditions for the first run
          -----------------------------------------

          Highest ALPHA is found to be   0.4305E+03

  The measure of inconsistency AN1 equals to    0.8060E+00
     Alpha    Discrp  Oscill  Stabil  Sysdev  Positv  Valcen    Total   
  0.4305E+06 35.9485  1.4033  0.9791  0.1550  1.0000  0.8004  0.29810
  0.8611E+05 34.5055  1.3974  0.9381  0.3928  1.0000  0.8016  0.36092
  0.1722E+05 29.0115  1.3720  0.7838  0.1240  1.0000  0.8068  0.30260
  0.3444E+04 17.6700  1.3089  0.4789  0.0207  1.0000  0.8224  0.30954
  0.6889E+03  7.3359  1.2841  0.2052  0.0620  1.0000  0.8392  0.33409
  0.1378E+03  2.2482  1.3186  0.0577  0.2584  1.0000  0.8413  0.51854
  0.2755E+02  0.8810  1.3462  0.0179  0.7855  1.0000  0.8388  0.85994
  0.5511E+01  0.6652  1.3635  0.0103  0.8992  1.0000  0.8374  0.92609
  0.1102E+01  0.6276  1.3853  0.0088  0.9096  1.0000  0.8370  0.92182
  0.2204E+00  0.6083  1.4579  0.0158  0.8992  1.0000  0.8368  0.89750
  0.4409E-01  0.5820  1.9053  0.0443  0.9096  1.0000  0.8365  0.74826
  0.8817E-02  0.5528  3.2188  0.0475  0.9199  0.9999  0.8333  0.68662
  0.1763E-02  0.5419  4.6383  0.0717  0.9509  0.9989  0.8260  0.65718
  0.3527E-03  0.5353  7.6456  0.1623  0.9716  0.9942  0.8089  0.53355
  0.7054E-04  0.5260 15.5254  0.5447  0.9509  0.9637  0.7109  0.00000

          ***  Golden section search to maximize estimate ***
     Alpha    Discrp  Oscill  Stabil  Sysdev  Positv  Valcen    Total   
  0.1019E+02  0.7037  1.3574  0.0120  0.8786  1.0000  0.8378  0.92151
  0.4358E+01  0.6562  1.3659  0.0099  0.8992  1.0000  0.8373  0.92518
  0.6969E+01  0.6768  1.3612  0.0109  0.8889  1.0000  0.8375  0.92394
  0.5038E+01  0.6615  1.3644  0.0102  0.8992  1.0000  0.8374  0.92575
  0.6028E+01  0.6693  1.3626  0.0105  0.8992  1.0000  0.8374  0.92643
  0.6372E+01  0.6720  1.3620  0.0106  0.8992  1.0000  0.8375  0.92663
  0.6594E+01  0.6738  1.3617  0.0107  0.8992  1.0000  0.8375  0.92675
  0.6735E+01  0.6749  1.3615  0.0108  0.8889  1.0000  0.8375  0.92383
  0.6508E+01  0.6731  1.3618  0.0107  0.8992  1.0000  0.8375  0.92670
  0.6647E+01  0.6742  1.3616  0.0107  0.8992  1.0000  0.8375  0.92678
  0.6680E+01  0.6745  1.3616  0.0108  0.8889  1.0000  0.8375  0.92380
  0.6627E+01  0.6741  1.3616  0.0107  0.8992  1.0000  0.8375  0.92677
  0.6660E+01  0.6743  1.3616  0.0107  0.8992  1.0000  0.8375  0.92678
  0.6668E+01  0.6744  1.3616  0.0107  0.8889  1.0000  0.8375  0.92380
  0.6660E+01  0.6743  1.3616  0.0107  0.8992  1.0000  0.8375  0.92678



             ####            Final results            ####

 Parameter    DISCRP    OSCILL    STABIL    SYSDEV    POSITV    VALCEN
 Weight        1.000     3.000     3.000     5.000     1.000     1.000
 Sigma         0.300     0.600     0.120     0.500     0.120     0.120
 Ideal         0.700     1.200     0.000     1.000     1.000     0.950
 Current       0.674     1.362     0.011     0.899     1.000     0.837
                - - - - - - - - - - - - - - - - - - - - - - - - - 
 Estimate      0.993     0.930     0.992     0.960     1.000     0.415

  Angular   range    :     from    0.0155   to    0.3250
  Real space range   :     from      0.00   to    151.40

  Highest ALPHA (theor) :   0.431E+06                 JOB = 0
  Current ALPHA         :   0.666E+01   Rg :  0.496E+02   I(0) :   0.950E+01

           Total  estimate : 0.927  which is  AN EXCELLENT  solution

      S          J EXP       ERROR       J REG       I REG

  0.0000E+00                                      0.9497E+01
  0.6203E-03                                      0.9494E+01
  0.1241E-02                                      0.9485E+01
  0.1861E-02                                      0.9470E+01
  0.2481E-02                                      0.9449E+01
  0.3101E-02                                      0.9422E+01
  0.3722E-02                                      0.9389E+01
  0.4342E-02                                      0.9350E+01
  0.4962E-02                                      0.9306E+01
  0.5583E-02                                      0.9256E+01
  0.6203E-02                                      0.9200E+01
  0.6823E-02                                      0.9139E+01
  0.7443E-02                                      0.9073E+01
  0.8064E-02                                      0.9002E+01
  0.8684E-02                                      0.8925E+01
  0.9304E-02                                      0.8844E+01
  0.9924E-02                                      0.8758E+01
  0.1054E-01                                      0.8668E+01
  0.1117E-01                                      0.8573E+01
  0.1179E-01                                      0.8475E+01
  0.1241E-01                                      0.8372E+01
  0.1303E-01                                      0.8266E+01
  0.1365E-01                                      0.8156E+01
  0.1427E-01                                      0.8043E+01
  0.1489E-01                                      0.7927E+01
  0.1551E-01  0.8173E+01  0.1357E+00  0.7808E+01  0.7808E+01
  0.1612E-01  0.7826E+01  0.9626E-01  0.7689E+01  0.7689E+01
  0.1672E-01  0.7865E+01  0.1306E+00  0.7567E+01  0.7567E+01
  0.1733E-01  0.7632E+01  0.9961E-01  0.7444E+01  0.7444E+01
  0.1794E-01  0.7648E+01  0.1404E+00  0.7319E+01  0.7319E+01
  0.1855E-01  0.7319E+01  0.8136E-01  0.7192E+01  0.7192E+01
  0.1916E-01  0.7437E+01  0.1088E+00  0.7063E+01  0.7063E+01
  0.1976E-01  0.6982E+01  0.9213E-01  0.6934E+01  0.6934E+01
  0.2037E-01  0.7053E+01  0.9177E-01  0.6803E+01  0.6803E+01
  0.2098E-01  0.6797E+01  0.9839E-01  0.6672E+01  0.6672E+01
  0.2159E-01  0.6514E+01  0.7106E-01  0.6540E+01  0.6540E+01
  0.2220E-01  0.6577E+01  0.8700E-01  0.6408E+01  0.6408E+01
  0.2281E-01  0.6196E+01  0.8204E-01  0.6275E+01  0.6275E+01
  0.2341E-01  0.6297E+01  0.7519E-01  0.6143E+01  0.6143E+01
  0.2402E-01  0.5967E+01  0.8522E-01  0.6010E+01  0.6010E+01
  0.2463E-01  0.5989E+01  0.6411E-01  0.5878E+01  0.5878E+01
  0.2524E-01  0.5710E+01  0.7004E-01  0.5747E+01  0.5747E+01
  0.2585E-01  0.5644E+01  0.6770E-01  0.5616E+01  0.5616E+01
  0.2645E-01  0.5458E+01  0.5551E-01  0.5487E+01  0.5487E+01
  0.2706E-01  0.5374E+01  0.5513E-01  0.5358E+01  0.5358E+01
  0.2767E-01  0.5148E+01  0.4740E-01  0.5230E+01  0.5230E+01
  0.2828E-01  0.5007E+01  0.5023E-01  0.5104E+01  0.5104E+01
  0.2889E-01  0.4956E+01  0.6015E-01  0.4980E+01  0.4980E+01
  0.2949E-01  0.4794E+01  0.4938E-01  0.4857E+01  0.4857E+01
  0.3010E-01  0.4744E+01  0.5201E-01  0.4735E+01  0.4735E+01
  0.3071E-01  0.4572E+01  0.4328E-01  0.4616E+01  0.4616E+01
  0.3132E-01  0.4521E+01  0.4420E-01  0.4498E+01  0.4498E+01
  0.3193E-01  0.4234E+01  0.5062E-01  0.4382E+01  0.4382E+01
  0.3254E-01  0.4258E+01  0.4237E-01  0.4269E+01  0.4269E+01
  0.3314E-01  0.4078E+01  0.4499E-01  0.4158E+01  0.4158E+01
  0.3375E-01  0.4005E+01  0.4364E-01  0.4049E+01  0.4049E+01
  0.3436E-01  0.3900E+01  0.4845E-01  0.3942E+01  0.3942E+01
  0.3497E-01  0.3873E+01  0.3970E-01  0.3838E+01  0.3838E+01
  0.3558E-01  0.3703E+01  0.5080E-01  0.3736E+01  0.3736E+01
  0.3618E-01  0.3649E+01  0.4141E-01  0.3636E+01  0.3636E+01
  0.3679E-01  0.3513E+01  0.4236E-01  0.3539E+01  0.3539E+01
  0.3740E-01  0.3406E+01  0.3557E-01  0.3445E+01  0.3445E+01
  0.3801E-01  0.3243E+01  0.3905E-01  0.3353E+01  0.3353E+01
  0.3862E-01  0.3172E+01  0.3664E-01  0.3263E+01  0.3263E+01
  0.3922E-01  0.3112E+01  0.3475E-01  0.3176E+01  0.3176E+01
  0.3983E-01  0.3098E+01  0.3082E-01  0.3092E+01  0.3092E+01
  0.4044E-01  0.3086E+01  0.3631E-01  0.3010E+01  0.3010E+01
  0.4105E-01  0.2884E+01  0.3156E-01  0.2930E+01  0.2930E+01
  0.4166E-01  0.2922E+01  0.3224E-01  0.2853E+01  0.2853E+01
  0.4227E-01  0.2751E+01  0.3152E-01  0.2778E+01  0.2778E+01
  0.4287E-01  0.2715E+01  0.3067E-01  0.2706E+01  0.2706E+01
  0.4348E-01  0.2647E+01  0.3212E-01  0.2636E+01  0.2636E+01
  0.4409E-01  0.2626E+01  0.2983E-01  0.2569E+01  0.2569E+01
  0.4470E-01  0.2529E+01  0.3293E-01  0.2503E+01  0.2503E+01
  0.4531E-01  0.2522E+01  0.3108E-01  0.2440E+01  0.2440E+01
  0.4591E-01  0.2383E+01  0.3161E-01  0.2379E+01  0.2379E+01
  0.4652E-01  0.2387E+01  0.2900E-01  0.2320E+01  0.2320E+01
  0.4713E-01  0.2308E+01  0.2628E-01  0.2263E+01  0.2263E+01
  0.4774E-01  0.2226E+01  0.2594E-01  0.2209E+01  0.2209E+01
  0.4835E-01  0.2198E+01  0.2638E-01  0.2156E+01  0.2156E+01
  0.4895E-01  0.2076E+01  0.2413E-01  0.2104E+01  0.2104E+01
  0.4956E-01  0.2112E+01  0.2833E-01  0.2055E+01  0.2055E+01
  0.5017E-01  0.2023E+01  0.2275E-01  0.2008E+01  0.2008E+01
  0.5078E-01  0.1935E+01  0.2607E-01  0.1961E+01  0.1961E+01
  0.5139E-01  0.1904E+01  0.2410E-01  0.1917E+01  0.1917E+01
  0.5200E-01  0.1893E+01  0.2556E-01  0.1874E+01  0.1874E+01
  0.5260E-01  0.1838E+01  0.2180E-01  0.1833E+01  0.1833E+01
  0.5321E-01  0.1837E+01  0.2283E-01  0.1793E+01  0.1793E+01
  0.5382E-01  0.1800E+01  0.2138E-01  0.1754E+01  0.1754E+01
  0.5443E-01  0.1770E+01  0.2014E-01  0.1716E+01  0.1716E+01
  0.5504E-01  0.1704E+01  0.2329E-01  0.1680E+01  0.1680E+01
  0.5564E-01  0.1683E+01  0.2221E-01  0.1645E+01  0.1645E+01
  0.5625E-01  0.1674E+01  0.2363E-01  0.1611E+01  0.1611E+01
  0.5686E-01  0.1646E+01  0.2568E-01  0.1578E+01  0.1578E+01
  0.5747E-01  0.1571E+01  0.2363E-01  0.1546E+01  0.1546E+01
  0.5808E-01  0.1529E+01  0.2023E-01  0.1514E+01  0.1514E+01
  0.5868E-01  0.1466E+01  0.2499E-01  0.1484E+01  0.1484E+01
  0.5929E-01  0.1495E+01  0.2144E-01  0.1455E+01  0.1455E+01
  0.5990E-01  0.1428E+01  0.2251E-01  0.1426E+01  0.1426E+01
  0.6051E-01  0.1402E+01  0.2223E-01  0.1398E+01  0.1398E+01
  0.6112E-01  0.1390E+01  0.2207E-01  0.1370E+01  0.1370E+01
  0.6173E-01  0.1298E+01  0.2021E-01  0.1344E+01  0.1344E+01
  0.6233E-01  0.1330E+01  0.2177E-01  0.1317E+01  0.1317E+01
  0.6294E-01  0.1259E+01  0.2112E-01  0.1292E+01  0.1292E+01
  0.6355E-01  0.1255E+01  0.1930E-01  0.1267E+01  0.1267E+01
  0.6416E-01  0.1231E+01  0.1750E-01  0.1242E+01  0.1242E+01
  0.6477E-01  0.1198E+01  0.2121E-01  0.1218E+01  0.1218E+01
  0.6537E-01  0.1149E+01  0.2105E-01  0.1195E+01  0.1195E+01
  0.6598E-01  0.1124E+01  0.1837E-01  0.1171E+01  0.1171E+01
  0.6659E-01  0.1112E+01  0.2009E-01  0.1149E+01  0.1149E+01
  0.6720E-01  0.1085E+01  0.1866E-01  0.1126E+01  0.1126E+01
  0.6781E-01  0.1082E+01  0.2069E-01  0.1104E+01  0.1104E+01
  0.6841E-01  0.1061E+01  0.1905E-01  0.1083E+01  0.1083E+01
  0.6902E-01  0.1056E+01  0.2055E-01  0.1062E+01  0.1062E+01
  0.6963E-01  0.1007E+01  0.1741E-01  0.1041E+01  0.1041E+01
  0.7024E-01  0.1019E+01  0.1920E-01  0.1020E+01  0.1020E+01
  0.7085E-01  0.9773E+00  0.1902E-01  0.1000E+01  0.1000E+01
  0.7146E-01  0.9822E+00  0.1860E-01  0.9803E+00  0.9803E+00
  0.7206E-01  0.9718E+00  0.1794E-01  0.9608E+00  0.9608E+00
  0.7267E-01  0.9378E+00  0.1751E-01  0.9416E+00  0.9416E+00
  0.7328E-01  0.9222E+00  0.1958E-01  0.9227E+00  0.9227E+00
  0.7389E-01  0.9113E+00  0.1587E-01  0.9041E+00  0.9041E+00
  0.7450E-01  0.8498E+00  0.1748E-01  0.8859E+00  0.8859E+00
  0.7510E-01  0.8525E+00  0.1569E-01  0.8679E+00  0.8679E+00
  0.7571E-01  0.8485E+00  0.1692E-01  0.8503E+00  0.8503E+00
  0.7632E-01  0.8270E+00  0.1655E-01  0.8330E+00  0.8330E+00
  0.7693E-01  0.8047E+00  0.1635E-01  0.8160E+00  0.8160E+00
  0.7754E-01  0.8105E+00  0.1600E-01  0.7993E+00  0.7993E+00
  0.7814E-01  0.7825E+00  0.1848E-01  0.7829E+00  0.7829E+00
  0.7875E-01  0.8039E+00  0.1626E-01  0.7669E+00  0.7669E+00
  0.7936E-01  0.7474E+00  0.1532E-01  0.7511E+00  0.7511E+00
  0.7997E-01  0.7719E+00  0.1628E-01  0.7357E+00  0.7357E+00
  0.8058E-01  0.7253E+00  0.1804E-01  0.7206E+00  0.7206E+00
  0.8118E-01  0.7023E+00  0.1779E-01  0.7058E+00  0.7058E+00
  0.8179E-01  0.7047E+00  0.1485E-01  0.6913E+00  0.6913E+00
  0.8240E-01  0.6545E+00  0.1606E-01  0.6771E+00  0.6771E+00
  0.8301E-01  0.6771E+00  0.1507E-01  0.6632E+00  0.6632E+00
  0.8362E-01  0.6798E+00  0.1571E-01  0.6497E+00  0.6497E+00
  0.8423E-01  0.6502E+00  0.1531E-01  0.6364E+00  0.6364E+00
  0.8483E-01  0.6687E+00  0.1605E-01  0.6235E+00  0.6235E+00
  0.8544E-01  0.6122E+00  0.1520E-01  0.6108E+00  0.6108E+00
  0.8605E-01  0.5934E+00  0.1700E-01  0.5985E+00  0.5985E+00
  0.8666E-01  0.5826E+00  0.1492E-01  0.5864E+00  0.5864E+00
  0.8727E-01  0.5793E+00  0.1517E-01  0.5746E+00  0.5746E+00
  0.8787E-01  0.5754E+00  0.1463E-01  0.5631E+00  0.5631E+00
  0.8848E-01  0.5653E+00  0.1573E-01  0.5519E+00  0.5519E+00
  0.8909E-01  0.5486E+00  0.1555E-01  0.5409E+00  0.5409E+00
  0.8970E-01  0.5476E+00  0.1606E-01  0.5302E+00  0.5302E+00
  0.9031E-01  0.5246E+00  0.1551E-01  0.5198E+00  0.5198E+00
  0.9091E-01  0.5207E+00  0.1461E-01  0.5095E+00  0.5095E+00
  0.9152E-01  0.4906E+00  0.1407E-01  0.4996E+00  0.4996E+00
  0.9213E-01  0.5288E+00  0.1369E-01  0.4898E+00  0.4898E+00
  0.9274E-01  0.5001E+00  0.1589E-01  0.4802E+00  0.4802E+00
  0.9335E-01  0.4820E+00  0.1446E-01  0.4709E+00  0.4709E+00
  0.9396E-01  0.4787E+00  0.1715E-01  0.4618E+00  0.4618E+00
  0.9456E-01  0.4608E+00  0.1456E-01  0.4528E+00  0.4528E+00
  0.9517E-01  0.4317E+00  0.1440E-01  0.4441E+00  0.4441E+00
  0.9578E-01  0.4210E+00  0.1349E-01  0.4355E+00  0.4355E+00
  0.9639E-01  0.4217E+00  0.1439E-01  0.4270E+00  0.4270E+00
  0.9700E-01  0.4234E+00  0.1488E-01  0.4187E+00  0.4187E+00
  0.9760E-01  0.4256E+00  0.1283E-01  0.4106E+00  0.4106E+00
  0.9821E-01  0.3959E+00  0.1456E-01  0.4026E+00  0.4026E+00
  0.9882E-01  0.3887E+00  0.1444E-01  0.3947E+00  0.3947E+00
  0.9943E-01  0.3823E+00  0.1426E-01  0.3870E+00  0.3870E+00
  0.1000E+00  0.3844E+00  0.1475E-01  0.3793E+00  0.3793E+00
  0.1006E+00  0.3547E+00  0.1611E-01  0.3718E+00  0.3718E+00
  0.1013E+00  0.3444E+00  0.1437E-01  0.3643E+00  0.3643E+00
  0.1019E+00  0.3387E+00  0.1490E-01  0.3570E+00  0.3570E+00
  0.1025E+00  0.3533E+00  0.1354E-01  0.3497E+00  0.3497E+00
  0.1031E+00  0.3217E+00  0.1342E-01  0.3425E+00  0.3425E+00
  0.1037E+00  0.3675E+00  0.1366E-01  0.3354E+00  0.3354E+00
  0.1043E+00  0.3202E+00  0.1386E-01  0.3284E+00  0.3284E+00
  0.1049E+00  0.3490E+00  0.1322E-01  0.3214E+00  0.3214E+00
  0.1055E+00  0.3287E+00  0.1284E-01  0.3145E+00  0.3145E+00
  0.1061E+00  0.3061E+00  0.1239E-01  0.3077E+00  0.3077E+00
  0.1067E+00  0.3480E+00  0.1269E-01  0.3009E+00  0.3009E+00
  0.1073E+00  0.2974E+00  0.1329E-01  0.2942E+00  0.2942E+00
  0.1079E+00  0.2954E+00  0.1363E-01  0.2875E+00  0.2875E+00
  0.1085E+00  0.2806E+00  0.1287E-01  0.2809E+00  0.2809E+00
  0.1092E+00  0.2692E+00  0.1296E-01  0.2743E+00  0.2743E+00
  0.1098E+00  0.2774E+00  0.1327E-01  0.2678E+00  0.2678E+00
  0.1104E+00  0.2503E+00  0.1274E-01  0.2613E+00  0.2613E+00
  0.1110E+00  0.2717E+00  0.1268E-01  0.2549E+00  0.2549E+00
  0.1116E+00  0.2403E+00  0.1252E-01  0.2486E+00  0.2486E+00
  0.1122E+00  0.2264E+00  0.1260E-01  0.2423E+00  0.2423E+00
  0.1128E+00  0.2215E+00  0.1176E-01  0.2361E+00  0.2361E+00
  0.1134E+00  0.2126E+00  0.1318E-01  0.2300E+00  0.2300E+00
  0.1140E+00  0.1944E+00  0.1266E-01  0.2239E+00  0.2239E+00
  0.1146E+00  0.1994E+00  0.1364E-01  0.2179E+00  0.2179E+00
  0.1152E+00  0.1996E+00  0.1313E-01  0.2120E+00  0.2120E+00
  0.1158E+00  0.2061E+00  0.1357E-01  0.2061E+00  0.2061E+00
  0.1165E+00  0.1976E+00  0.1286E-01  0.2003E+00  0.2003E+00
  0.1171E+00  0.1823E+00  0.1331E-01  0.1947E+00  0.1947E+00
  0.1177E+00  0.1726E+00  0.1212E-01  0.1891E+00  0.1891E+00
  0.1183E+00  0.1671E+00  0.1184E-01  0.1836E+00  0.1836E+00
  0.1189E+00  0.1591E+00  0.1332E-01  0.1782E+00  0.1782E+00
  0.1195E+00  0.1736E+00  0.1239E-01  0.1729E+00  0.1729E+00
  0.1201E+00  0.1828E+00  0.1367E-01  0.1677E+00  0.1677E+00
  0.1207E+00  0.1564E+00  0.1238E-01  0.1626E+00  0.1626E+00
  0.1213E+00  0.1587E+00  0.1308E-01  0.1576E+00  0.1576E+00
  0.1219E+00  0.1546E+00  0.1149E-01  0.1527E+00  0.1527E+00
  0.1225E+00  0.1221E+00  0.1232E-01  0.1479E+00  0.1479E+00
  0.1231E+00  0.1483E+00  0.1244E-01  0.1433E+00  0.1433E+00
  0.1238E+00  0.1379E+00  0.1217E-01  0.1388E+00  0.1388E+00
  0.1244E+00  0.1305E+00  0.1219E-01  0.1344E+00  0.1344E+00
  0.1250E+00  0.1339E+00  0.1206E-01  0.1301E+00  0.1301E+00
  0.1256E+00  0.1341E+00  0.1164E-01  0.1259E+00  0.1259E+00
  0.1262E+00  0.1239E+00  0.1211E-01  0.1219E+00  0.1219E+00
  0.1268E+00  0.1370E+00  0.1172E-01  0.1180E+00  0.1180E+00
  0.1274E+00  0.1287E+00  0.1197E-01  0.1142E+00  0.1142E+00
  0.1280E+00  0.1166E+00  0.1249E-01  0.1106E+00  0.1106E+00
  0.1286E+00  0.1038E+00  0.1218E-01  0.1071E+00  0.1071E+00
  0.1292E+00  0.1010E+00  0.1156E-01  0.1037E+00  0.1037E+00
  0.1298E+00  0.8904E-01  0.1227E-01  0.1004E+00  0.1004E+00
  0.1304E+00  0.1114E+00  0.1186E-01  0.9724E-01  0.9724E-01
  0.1310E+00  0.9689E-01  0.1051E-01  0.9419E-01  0.9419E-01
  0.1317E+00  0.1048E+00  0.1217E-01  0.9128E-01  0.9128E-01
  0.1323E+00  0.1031E+00  0.1173E-01  0.8849E-01  0.8849E-01
  0.1329E+00  0.9630E-01  0.1245E-01  0.8580E-01  0.8580E-01
  0.1335E+00  0.7264E-01  0.1227E-01  0.8323E-01  0.8323E-01
  0.1341E+00  0.9295E-01  0.1258E-01  0.8077E-01  0.8077E-01
  0.1347E+00  0.6909E-01  0.1168E-01  0.7841E-01  0.7841E-01
  0.1353E+00  0.9212E-01  0.1190E-01  0.7616E-01  0.7616E-01
  0.1359E+00  0.5871E-01  0.1204E-01  0.7400E-01  0.7400E-01
  0.1365E+00  0.6355E-01  0.1328E-01  0.7193E-01  0.7193E-01
  0.1371E+00  0.5800E-01  0.1131E-01  0.6996E-01  0.6996E-01
  0.1377E+00  0.6362E-01  0.1220E-01  0.6807E-01  0.6807E-01
  0.1383E+00  0.7142E-01  0.1176E-01  0.6627E-01  0.6627E-01
  0.1390E+00  0.6454E-01  0.1093E-01  0.6454E-01  0.6454E-01
  0.1396E+00  0.5098E-01  0.1170E-01  0.6289E-01  0.6289E-01
  0.1402E+00  0.5051E-01  0.1144E-01  0.6131E-01  0.6131E-01
  0.1408E+00  0.4700E-01  0.1136E-01  0.5979E-01  0.5979E-01
  0.1414E+00  0.5249E-01  0.1065E-01  0.5833E-01  0.5833E-01
  0.1420E+00  0.4645E-01  0.1029E-01  0.5693E-01  0.5693E-01
  0.1426E+00  0.6783E-01  0.1125E-01  0.5559E-01  0.5559E-01
  0.1432E+00  0.5141E-01  0.1108E-01  0.5429E-01  0.5429E-01
  0.1438E+00  0.4173E-01  0.1183E-01  0.5304E-01  0.5304E-01
  0.1444E+00  0.6476E-01  0.1063E-01  0.5184E-01  0.5184E-01
  0.1450E+00  0.4573E-01  0.1265E-01  0.5067E-01  0.5067E-01
  0.1456E+00  0.4225E-01  0.1081E-01  0.4954E-01  0.4954E-01
  0.1463E+00  0.4912E-01  0.1095E-01  0.4844E-01  0.4844E-01
  0.1469E+00  0.6229E-01  0.1111E-01  0.4737E-01  0.4737E-01
  0.1475E+00  0.4121E-01  0.1192E-01  0.4633E-01  0.4633E-01
  0.1481E+00  0.3161E-01  0.1086E-01  0.4531E-01  0.4531E-01
  0.1487E+00  0.4034E-01  0.1128E-01  0.4432E-01  0.4432E-01
  0.1493E+00  0.1982E-01  0.1059E-01  0.4334E-01  0.4334E-01
  0.1499E+00  0.2705E-01  0.1058E-01  0.4239E-01  0.4239E-01
  0.1505E+00  0.4796E-01  0.1042E-01  0.4145E-01  0.4145E-01
  0.1511E+00  0.2334E-01  0.1046E-01  0.4053E-01  0.4053E-01
  0.1517E+00  0.2545E-01  0.1089E-01  0.3963E-01  0.3963E-01
  0.1523E+00  0.1831E-01  0.1065E-01  0.3874E-01  0.3874E-01
  0.1529E+00  0.9210E-02  0.1035E-01  0.3786E-01  0.3786E-01
  0.1535E+00  0.1980E-01  0.1036E-01  0.3700E-01  0.3700E-01
  0.1542E+00  0.3904E-01  0.1008E-01  0.3614E-01  0.3614E-01
  0.1548E+00  0.3960E-01  0.1016E-01  0.3530E-01  0.3530E-01
  0.1554E+00  0.2700E-01  0.1010E-01  0.3447E-01  0.3447E-01
  0.1560E+00  0.2963E-01  0.9910E-02  0.3366E-01  0.3366E-01
  0.1566E+00  0.9067E-02  0.1066E-01  0.3286E-01  0.3286E-01
  0.1572E+00  0.3338E-01  0.9799E-02  0.3207E-01  0.3207E-01
  0.1578E+00  0.2017E-01  0.1038E-01  0.3130E-01  0.3130E-01
  0.1584E+00  0.3317E-01  0.9277E-02  0.3054E-01  0.3054E-01
  0.1590E+00  0.4653E-01  0.1016E-01  0.2980E-01  0.2980E-01
  0.1596E+00  0.3694E-01  0.9489E-02  0.2907E-01  0.2907E-01
  0.1602E+00  0.2547E-01  0.1019E-01  0.2836E-01  0.2836E-01
  0.1608E+00  0.1117E-01  0.9892E-02  0.2767E-01  0.2767E-01
  0.1615E+00  0.1881E-01  0.1029E-01  0.2699E-01  0.2699E-01
  0.1627E+00  0.1138E-01  0.9426E-02  0.2570E-01  0.2570E-01
  0.1633E+00  0.2000E-01  0.1015E-01  0.2509E-01  0.2509E-01
  0.1639E+00  0.2355E-01  0.9115E-02  0.2450E-01  0.2450E-01
  0.1645E+00  0.2193E-01  0.9658E-02  0.2393E-01  0.2393E-01
  0.1651E+00  0.4281E-01  0.9956E-02  0.2338E-01  0.2338E-01
  0.1657E+00  0.1079E-01  0.9823E-02  0.2286E-01  0.2286E-01
  0.1663E+00  0.2313E-01  0.1032E-01  0.2236E-01  0.2236E-01
  0.1669E+00  0.1848E-01  0.1051E-01  0.2189E-01  0.2189E-01
  0.1675E+00  0.1737E-01  0.9886E-02  0.2144E-01  0.2144E-01
  0.1681E+00  0.2869E-01  0.1025E-01  0.2102E-01  0.2102E-01
  0.1688E+00  0.1680E-01  0.1003E-01  0.2062E-01  0.2062E-01
  0.1694E+00  0.3310E-01  0.1033E-01  0.2025E-01  0.2025E-01
  0.1700E+00  0.2319E-01  0.9522E-02  0.1990E-01  0.1990E-01
  0.1706E+00  0.2106E-01  0.1054E-01  0.1958E-01  0.1958E-01
  0.1712E+00  0.4620E-01  0.9346E-02  0.1928E-01  0.1928E-01
  0.1718E+00  0.2851E-01  0.9972E-02  0.1900E-01  0.1900E-01
  0.1724E+00  0.3426E-01  0.9531E-02  0.1875E-01  0.1875E-01
  0.1730E+00  0.3902E-01  0.1008E-01  0.1851E-01  0.1851E-01
  0.1736E+00  0.1189E-01  0.1034E-01  0.1830E-01  0.1830E-01
  0.1742E+00  0.3105E-01  0.1032E-01  0.1811E-01  0.1811E-01
  0.1748E+00  0.1478E-01  0.1057E-01  0.1794E-01  0.1794E-01
  0.1754E+00  0.7933E-02  0.9457E-02  0.1779E-01  0.1779E-01
  0.1760E+00  0.3886E-01  0.1066E-01  0.1765E-01  0.1765E-01
  0.1773E+00  0.1288E-01  0.9839E-02  0.1741E-01  0.1741E-01
  0.1779E+00  0.9641E-02  0.9611E-02  0.1731E-01  0.1731E-01
  0.1797E+00  0.1724E-01  0.9543E-02  0.1707E-01  0.1707E-01
  0.1803E+00  0.2653E-01  0.9769E-02  0.1700E-01  0.1700E-01
  0.1809E+00  0.1006E-01  0.9951E-02  0.1694E-01  0.1694E-01
  0.1815E+00  0.4155E-02  0.1100E-01  0.1688E-01  0.1688E-01
  0.1821E+00  0.2132E-02  0.1318E-01  0.1681E-01  0.1681E-01
  0.1827E+00  0.1480E-02  0.1032E-01  0.1675E-01  0.1675E-01
  0.1833E+00  0.7986E-02  0.1067E-01  0.1669E-01  0.1669E-01
  0.1840E+00  0.2604E-01  0.9680E-02  0.1662E-01  0.1662E-01
  0.1846E+00  0.3615E-01  0.9315E-02  0.1654E-01  0.1654E-01
  0.1852E+00  0.1577E-01  0.9252E-02  0.1646E-01  0.1646E-01
  0.1858E+00  0.5871E-02  0.9427E-02  0.1637E-01  0.1637E-01
  0.1864E+00  0.1619E-01  0.9694E-02  0.1628E-01  0.1628E-01
  0.1870E+00  0.1740E-02  0.9544E-02  0.1617E-01  0.1617E-01
  0.1876E+00  0.1750E-01  0.9856E-02  0.1605E-01  0.1605E-01
  0.1882E+00  0.6567E-02  0.9447E-02  0.1592E-01  0.1592E-01
  0.1888E+00  0.2076E-01  0.9639E-02  0.1578E-01  0.1578E-01
  0.1894E+00  0.2586E-01  0.9839E-02  0.1562E-01  0.1562E-01
  0.1900E+00  0.3445E-01  0.9491E-02  0.1545E-01  0.1545E-01
  0.1906E+00  0.3627E-01  0.1153E-01  0.1527E-01  0.1527E-01
  0.1912E+00  0.2735E-01  0.9795E-02  0.1508E-01  0.1508E-01
  0.1919E+00  0.2320E-01  0.2057E-01  0.1487E-01  0.1487E-01
  0.1925E+00  0.1613E-01  0.1142E-01  0.1465E-01  0.1465E-01
  0.1931E+00  0.1349E-01  0.1011E-01  0.1441E-01  0.1441E-01
  0.1937E+00  0.3900E-04  0.9010E-02  0.1416E-01  0.1416E-01
  0.1955E+00  0.1546E-02  0.1211E-01  0.1335E-01  0.1335E-01
  0.1967E+00  0.4390E-02  0.1242E-01  0.1275E-01  0.1275E-01
  0.1973E+00  0.9554E-02  0.9036E-02  0.1243E-01  0.1243E-01
  0.1979E+00  0.8008E-02  0.9801E-02  0.1211E-01  0.1211E-01
  0.1985E+00  0.5937E-02  0.8524E-02  0.1179E-01  0.1179E-01
  0.1992E+00  0.1975E-02  0.9793E-02  0.1146E-01  0.1146E-01
  0.1998E+00  0.2102E-01  0.9243E-02  0.1112E-01  0.1112E-01
  0.2004E+00  0.2280E-03  0.9136E-02  0.1078E-01  0.1078E-01
  0.2010E+00  0.2901E-01  0.9742E-02  0.1044E-01  0.1044E-01
  0.2016E+00  0.6779E-02  0.9162E-02  0.1010E-01  0.1010E-01
  0.2022E+00  0.8768E-02  0.9950E-02  0.9767E-02  0.9767E-02
  0.2028E+00  0.1934E-02  0.1426E-01  0.9433E-02  0.9433E-02
  0.2034E+00  0.1291E-01  0.1479E-01  0.9103E-02  0.9103E-02
  0.2046E+00  0.1319E-01  0.9364E-02  0.8459E-02  0.8459E-02
  0.2058E+00  0.9636E-02  0.9523E-02  0.7848E-02  0.7848E-02
  0.2065E+00  0.6439E-02  0.8486E-02  0.7558E-02  0.7558E-02
  0.2071E+00  0.8726E-02  0.9496E-02  0.7278E-02  0.7278E-02
  0.2101E+00  0.8670E-03  0.9022E-02  0.6088E-02  0.6088E-02
  0.2137E+00  0.6001E-02  0.8641E-02  0.5191E-02  0.5191E-02
  0.2144E+00  0.4175E-02  0.8195E-02  0.5102E-02  0.5102E-02
  0.2156E+00  0.7426E-02  0.8035E-02  0.4974E-02  0.4974E-02
  0.2162E+00  0.9529E-02  0.9182E-02  0.4936E-02  0.4936E-02
  0.2168E+00  0.2233E-02  0.8537E-02  0.4913E-02  0.4913E-02
  0.2204E+00  0.2994E-02  0.9154E-02  0.5083E-02  0.5083E-02
  0.2217E+00  0.5797E-02  0.8420E-02  0.5229E-02  0.5229E-02
  0.2223E+00  0.3692E-02  0.8328E-02  0.5311E-02  0.5311E-02
  0.2229E+00  0.2231E-02  0.8625E-02  0.5405E-02  0.5405E-02
  0.2235E+00  0.6769E-02  0.8313E-02  0.5506E-02  0.5506E-02
  0.2241E+00  0.1124E-01  0.9112E-02  0.5612E-02  0.5612E-02
  0.2247E+00  0.5159E-02  0.8342E-02  0.5721E-02  0.5721E-02
  0.2253E+00  0.1233E-01  0.8534E-02  0.5834E-02  0.5834E-02
  0.2259E+00  0.2355E-02  0.8128E-02  0.5948E-02  0.5948E-02
  0.2271E+00  0.1581E-02  0.8308E-02  0.6177E-02  0.6177E-02
  0.2277E+00  0.5900E-03  0.8628E-02  0.6291E-02  0.6291E-02
  0.2289E+00  0.5332E-02  0.8916E-02  0.6510E-02  0.6510E-02
  0.2296E+00  0.1700E-04  0.7976E-02  0.6614E-02  0.6614E-02
  0.2332E+00  0.1012E-01  0.8280E-02  0.7108E-02  0.7108E-02
  0.2344E+00  0.1564E-02  0.8438E-02  0.7216E-02  0.7216E-02
  0.2350E+00  0.1688E-02  0.8182E-02  0.7252E-02  0.7252E-02
  0.2362E+00  0.5276E-02  0.8144E-02  0.7307E-02  0.7307E-02
  0.2369E+00  0.1059E-01  0.8796E-02  0.7320E-02  0.7320E-02
  0.2375E+00  0.1026E-02  0.7871E-02  0.7324E-02  0.7324E-02
  0.2381E+00  0.1546E-01  0.9351E-02  0.7320E-02  0.7320E-02
  0.2387E+00  0.1987E-02  0.8077E-02  0.7308E-02  0.7308E-02
  0.2393E+00  0.9378E-02  0.7801E-02  0.7287E-02  0.7287E-02
  0.2399E+00  0.1950E-03  0.8410E-02  0.7259E-02  0.7259E-02
  0.2405E+00  0.1410E-01  0.9306E-02  0.7224E-02  0.7224E-02
  0.2423E+00  0.1006E-01  0.8435E-02  0.7081E-02  0.7081E-02
  0.2429E+00  0.1377E-01  0.7913E-02  0.7023E-02  0.7023E-02
  0.2435E+00  0.5696E-02  0.8887E-02  0.6961E-02  0.6961E-02
  0.2441E+00  0.2549E-02  0.9070E-02  0.6895E-02  0.6895E-02
  0.2454E+00  0.7317E-02  0.8317E-02  0.6755E-02  0.6755E-02
  0.2466E+00  0.8875E-02  0.7609E-02  0.6612E-02  0.6612E-02
  0.2496E+00  0.9569E-02  0.7488E-02  0.6259E-02  0.6259E-02
  0.2502E+00  0.4089E-02  0.8232E-02  0.6196E-02  0.6196E-02
  0.2508E+00  0.8610E-02  0.7711E-02  0.6137E-02  0.6137E-02
  0.2521E+00  0.2202E-01  0.7967E-02  0.6032E-02  0.6032E-02
  0.2527E+00  0.8370E-02  0.7758E-02  0.5987E-02  0.5987E-02
  0.2533E+00  0.9690E-03  0.7664E-02  0.5949E-02  0.5949E-02
  0.2539E+00  0.2265E-02  0.7967E-02  0.5914E-02  0.5914E-02
  0.2618E+00  0.2984E-02  0.7547E-02  0.6046E-02  0.6046E-02
  0.2630E+00  0.6779E-02  0.7454E-02  0.6148E-02  0.6148E-02
  0.2636E+00  0.9025E-02  0.7895E-02  0.6205E-02  0.6205E-02
  0.2648E+00  0.1077E-01  0.7804E-02  0.6326E-02  0.6326E-02
  0.2660E+00  0.1302E-01  0.7361E-02  0.6455E-02  0.6455E-02
  0.2666E+00  0.3413E-02  0.7525E-02  0.6521E-02  0.6521E-02
  0.2673E+00  0.7770E-03  0.7986E-02  0.6587E-02  0.6587E-02
  0.2679E+00  0.7530E-02  0.7516E-02  0.6653E-02  0.6653E-02
  0.2703E+00  0.4771E-02  0.7629E-02  0.6901E-02  0.6901E-02
  0.2709E+00  0.3611E-02  0.8044E-02  0.6957E-02  0.6957E-02
  0.2715E+00  0.7576E-02  0.7684E-02  0.7010E-02  0.7010E-02
  0.2721E+00  0.1534E-01  0.7901E-02  0.7056E-02  0.7056E-02
  0.2764E+00  0.2966E-02  0.7082E-02  0.7265E-02  0.7265E-02
  0.2770E+00  0.9046E-02  0.7411E-02  0.7273E-02  0.7273E-02
  0.2776E+00  0.1882E-02  0.7722E-02  0.7275E-02  0.7275E-02
  0.2782E+00  0.1840E-01  0.7161E-02  0.7271E-02  0.7271E-02
  0.2794E+00  0.6026E-02  0.7458E-02  0.7247E-02  0.7247E-02
  0.2873E+00  0.7358E-02  0.7193E-02  0.6649E-02  0.6649E-02
  0.2879E+00  0.7130E-03  0.6963E-02  0.6586E-02  0.6586E-02
  0.2891E+00  0.1138E-02  0.1757E-01  0.6457E-02  0.6457E-02
  0.3007E+00  0.1549E-01  0.9019E-02  0.5676E-02  0.5676E-02
  0.3049E+00  0.1680E-03  0.6856E-02  0.5713E-02  0.5713E-02
  0.3062E+00  0.1067E-01  0.6973E-02  0.5746E-02  0.5746E-02
  0.3074E+00  0.1180E-03  0.6524E-02  0.5787E-02  0.5787E-02
  0.3128E+00  0.3349E-02  0.1123E-01  0.5968E-02  0.5968E-02
  0.3135E+00  0.9540E-02  0.7151E-02  0.5979E-02  0.5979E-02
  0.3147E+00  0.2740E-02  0.7623E-02  0.5999E-02  0.5999E-02
  0.3183E+00  0.8222E-02  0.7919E-02  0.5985E-02  0.5985E-02
  0.3189E+00  0.2743E-02  0.9467E-02  0.5971E-02  0.5971E-02
  0.3195E+00  0.4762E-02  0.8799E-02  0.5953E-02  0.5953E-02
  0.3201E+00  0.4643E-02  0.9885E-02  0.5932E-02  0.5932E-02
  0.3208E+00  0.4524E-02  0.9606E-02  0.5907E-02  0.5907E-02
  0.3214E+00  0.6071E-02  0.1043E-01  0.5879E-02  0.5879E-02
  0.3220E+00  0.5260E-03  0.9954E-02  0.5848E-02  0.5848E-02
  0.3226E+00  0.1085E-01  0.1130E-01  0.5814E-02  0.5814E-02
  0.3232E+00  0.2582E-01  0.1222E-01  0.5777E-02  0.5777E-02
  0.3244E+00  0.2108E-01  0.1752E-01  0.5695E-02  0.5695E-02
  0.3250E+00  0.4552E-01  0.2637E-01  0.5648E-02  0.5648E-02

           Distance distribution  function of particle  


       R          P(R)      ERROR

  0.0000E+00  0.0000E+00  0.0000E+00
  0.1514E+01  0.1161E-03  0.1607E-04
  0.3028E+01  0.3233E-03  0.2134E-04
  0.4542E+01  0.6191E-03  0.1814E-04
  0.6056E+01  0.9992E-03  0.1104E-04
  0.7570E+01  0.1457E-02  0.1153E-04
  0.9084E+01  0.1984E-02  0.2045E-04
  0.1060E+02  0.2569E-02  0.2782E-04
  0.1211E+02  0.3200E-02  0.3063E-04
  0.1363E+02  0.3861E-02  0.2853E-04
  0.1514E+02  0.4536E-02  0.2323E-04
  0.1665E+02  0.5209E-02  0.1930E-04
  0.1817E+02  0.5864E-02  0.2205E-04
  0.1968E+02  0.6485E-02  0.2898E-04
  0.2120E+02  0.7058E-02  0.3483E-04
  0.2271E+02  0.7572E-02  0.3706E-04
  0.2422E+02  0.8021E-02  0.3525E-04
  0.2574E+02  0.8399E-02  0.3085E-04
  0.2725E+02  0.8705E-02  0.2727E-04
  0.2877E+02  0.8942E-02  0.2832E-04
  0.3028E+02  0.9114E-02  0.3356E-04
  0.3179E+02  0.9226E-02  0.3923E-04
  0.3331E+02  0.9286E-02  0.4256E-04
  0.3482E+02  0.9301E-02  0.4257E-04
  0.3634E+02  0.9280E-02  0.3985E-04
  0.3785E+02  0.9228E-02  0.3637E-04
  0.3936E+02  0.9151E-02  0.3478E-04
  0.4088E+02  0.9055E-02  0.3651E-04
  0.4239E+02  0.8943E-02  0.4035E-04
  0.4391E+02  0.8819E-02  0.4396E-04
  0.4542E+02  0.8687E-02  0.4574E-04
  0.4693E+02  0.8549E-02  0.4526E-04
  0.4845E+02  0.8408E-02  0.4313E-04
  0.4996E+02  0.8267E-02  0.4062E-04
  0.5148E+02  0.8128E-02  0.3911E-04
  0.5299E+02  0.7996E-02  0.3921E-04
  0.5450E+02  0.7872E-02  0.4040E-04
  0.5602E+02  0.7758E-02  0.4164E-04
  0.5753E+02  0.7657E-02  0.4214E-04
  0.5905E+02  0.7570E-02  0.4182E-04
  0.6056E+02  0.7495E-02  0.4124E-04
  0.6207E+02  0.7433E-02  0.4131E-04
  0.6359E+02  0.7382E-02  0.4269E-04
  0.6510E+02  0.7338E-02  0.4531E-04
  0.6662E+02  0.7298E-02  0.4848E-04
  0.6813E+02  0.7258E-02  0.5134E-04
  0.6964E+02  0.7215E-02  0.5333E-04
  0.7116E+02  0.7164E-02  0.5436E-04
  0.7267E+02  0.7101E-02  0.5472E-04
  0.7419E+02  0.7025E-02  0.5493E-04
  0.7570E+02  0.6933E-02  0.5545E-04
  0.7721E+02  0.6823E-02  0.5645E-04
  0.7873E+02  0.6695E-02  0.5776E-04
  0.8024E+02  0.6551E-02  0.5907E-04
  0.8176E+02  0.6391E-02  0.6011E-04
  0.8327E+02  0.6217E-02  0.6079E-04
  0.8478E+02  0.6032E-02  0.6117E-04
  0.8630E+02  0.5839E-02  0.6135E-04
  0.8781E+02  0.5642E-02  0.6140E-04
  0.8933E+02  0.5443E-02  0.6130E-04
  0.9084E+02  0.5245E-02  0.6102E-04
  0.9235E+02  0.5052E-02  0.6060E-04
  0.9387E+02  0.4865E-02  0.6015E-04
  0.9538E+02  0.4686E-02  0.5977E-04
  0.9690E+02  0.4517E-02  0.5950E-04
  0.9841E+02  0.4357E-02  0.5933E-04
  0.9992E+02  0.4206E-02  0.5920E-04
  0.1014E+03  0.4065E-02  0.5912E-04
  0.1030E+03  0.3931E-02  0.5921E-04
  0.1045E+03  0.3804E-02  0.5958E-04
  0.1060E+03  0.3680E-02  0.6028E-04
  0.1075E+03  0.3559E-02  0.6126E-04
  0.1090E+03  0.3440E-02  0.6239E-04
  0.1105E+03  0.3319E-02  0.6363E-04
  0.1120E+03  0.3198E-02  0.6498E-04
  0.1135E+03  0.3075E-02  0.6645E-04
  0.1151E+03  0.2951E-02  0.6787E-04
  0.1166E+03  0.2826E-02  0.6890E-04
  0.1181E+03  0.2702E-02  0.6907E-04
  0.1196E+03  0.2579E-02  0.6807E-04
  0.1211E+03  0.2460E-02  0.6593E-04
  0.1226E+03  0.2345E-02  0.6317E-04
  0.1241E+03  0.2235E-02  0.6066E-04
  0.1257E+03  0.2131E-02  0.5930E-04
  0.1272E+03  0.2033E-02  0.5948E-04
  0.1287E+03  0.1939E-02  0.6085E-04
  0.1302E+03  0.1849E-02  0.6263E-04
  0.1317E+03  0.1761E-02  0.6413E-04
  0.1332E+03  0.1675E-02  0.6499E-04
  0.1347E+03  0.1589E-02  0.6522E-04
  0.1363E+03  0.1500E-02  0.6496E-04
  0.1378E+03  0.1407E-02  0.6423E-04
  0.1393E+03  0.1309E-02  0.6286E-04
  0.1408E+03  0.1203E-02  0.6057E-04
  0.1423E+03  0.1087E-02  0.5711E-04
  0.1438E+03  0.9583E-03  0.5235E-04
  0.1453E+03  0.8132E-03  0.4620E-04
  0.1469E+03  0.6485E-03  0.3843E-04
  0.1484E+03  0.4605E-03  0.2860E-04
  0.1499E+03  0.2454E-03  0.1603E-04
  0.1514E+03  0.0000E+00  0.0000E+00
          Reciprocal space: Rg =   49.59     , I(0) =   0.9496E+01
     Real space: Rg =   49.82 +- 0.143  I(0) =   0.9497E+01 +-  0.3781E-01
