
           ####    G N O M   ---   Version 4.5a revised 09/02/02     ####

                                                  Tue Nov  3 18:05:46 2009
           ===    Run No   1   ===
 Run title:  0.010642 154.032082 0.466065


  Number of points omitted at the beginning:           1

          To optimize the performance, some input data points 
           have been joined. New number of points equals to 258

   *******   Working Directory :
   *******    Input file(s) :
           Condition P(rmin) = 0 is used. 
           Condition P(rmax) = 0 is used. 

          Experimental conditions for the first run
          -----------------------------------------

          Highest ALPHA is found to be   0.1662E+06

  The measure of inconsistency AN1 equals to    0.1034E+01

          Warning: using the chosen range in the real space 
             it is not possible to fit the data set within the
             given error band. 
     Alpha    Discrp  Oscill  Stabil  Sysdev  Positv  Valcen    Total   
  0.1662E+09193.5685  2.3806  0.9852  0.0000  1.0000  0.6473  0.08256
  0.3324E+08190.8331  2.3719  0.9664  0.0000  1.0000  0.6474  0.08282
  0.6648E+07179.1348  2.3316  0.8866  0.0000  1.0000  0.6477  0.08421
  0.1330E+07146.8259  2.1864  0.6818  0.0623  1.0000  0.6490  0.09652
  0.2659E+06103.2428  1.9654  0.5065  0.0156  1.0000  0.6546  0.12109
  0.5319E+05 56.7924  1.8349  0.3824  0.0467  1.0000  0.6825  0.15129
  0.1064E+05 23.2955  1.6281  0.2646  0.1868  1.0000  0.7464  0.23124
  0.2127E+04  7.8937  1.4303  0.1483  0.2802  1.0000  0.8071  0.36514
  0.4255E+03  2.5170  1.3454  0.0496  0.4825  1.0000  0.8342  0.60468
  0.8510E+02  1.5883  1.3236  0.0124  0.4825  1.0000  0.8414  0.64267
  0.1702E+02  1.4669  1.3288  0.0064  0.4669  1.0000  0.8429  0.63666
  0.3404E+01  1.3963  1.3759  0.0094  0.4825  1.0000  0.8433  0.63611
  0.6808E+00  1.3233  1.6227  0.0231  0.4825  1.0000  0.8438  0.56431
  0.1362E+00  1.2540  2.3684  0.0339  0.5447  0.9998  0.8433  0.46475
  0.2723E-01  1.1963  4.3162  0.1078  0.5603  0.9986  0.8360  0.36546
  0.5446E-02  1.1249  8.9917  0.1366  0.5603  0.9906  0.8076  0.32156
  0.1089E-02  1.0867 14.4244  0.2926  0.5603  0.9679  0.7560  0.00000

          ***  Golden section search to maximize estimate ***
     Alpha    Discrp  Oscill  Stabil  Sysdev  Positv  Valcen    Total   
  0.3147E+02  1.5018  1.3234  0.0069  0.4669  1.0000  0.8426  0.63714
  0.5820E+02  1.5462  1.3224  0.0093  0.4825  1.0000  0.8420  0.64413
  0.3980E+02  1.5169  1.3226  0.0075  0.4825  1.0000  0.8424  0.64477
  0.3639E+02  1.5110  1.3228  0.0072  0.4669  1.0000  0.8425  0.63709
  0.4207E+02  1.5207  1.3225  0.0077  0.4825  1.0000  0.8424  0.64472
  0.3846E+02  1.5146  1.3227  0.0074  0.4825  1.0000  0.8424  0.64480
  0.3766E+02  1.5132  1.3227  0.0073  0.4825  1.0000  0.8425  0.64482
  0.3717E+02  1.5124  1.3227  0.0073  0.4825  1.0000  0.8425  0.64482
  0.3687E+02  1.5118  1.3228  0.0073  0.4669  1.0000  0.8425  0.63708
  0.3735E+02  1.5127  1.3227  0.0073  0.4825  1.0000  0.8425  0.64482
  0.3705E+02  1.5122  1.3228  0.0073  0.4669  1.0000  0.8425  0.63708
  0.3717E+02  1.5124  1.3227  0.0073  0.4825  1.0000  0.8425  0.64482



             ####            Final results            ####

 Parameter    DISCRP    OSCILL    STABIL    SYSDEV    POSITV    VALCEN
 Weight        1.000     3.000     3.000     5.000     1.000     1.000
 Sigma         0.300     0.600     0.120     0.500     0.120     0.120
 Ideal         0.700     1.200     0.000     1.000     1.000     0.950
 Current       1.512     1.323     0.007     0.482     1.000     0.842
                - - - - - - - - - - - - - - - - - - - - - - - - - 
 Estimate      0.001     0.959     0.996     0.343     1.000     0.448

  Angular   range    :     from    0.0122   to    0.3247
  Real space range   :     from      0.00   to    172.90

  Highest ALPHA (theor) :   0.166E+09                 JOB = 0
  Current ALPHA         :   0.372E+02   Rg :  0.551E+02   I(0) :   0.163E+03

           Total  estimate : 0.645  which is  A REASONABLE  solution

      S          J EXP       ERROR       J REG       I REG

  0.0000E+00                                      0.1634E+03
  0.1216E-02                                      0.1631E+03
  0.2433E-02                                      0.1624E+03
  0.3649E-02                                      0.1612E+03
  0.4865E-02                                      0.1595E+03
  0.6081E-02                                      0.1573E+03
  0.7298E-02                                      0.1547E+03
  0.8514E-02                                      0.1518E+03
  0.9730E-02                                      0.1484E+03
  0.1095E-01                                      0.1447E+03
  0.1216E-01  0.1468E+03  0.6352E+00  0.1407E+03  0.1407E+03
  0.1338E-01  0.1421E+03  0.8562E+00  0.1364E+03  0.1364E+03
  0.1460E-01  0.1404E+03  0.1392E+01  0.1319E+03  0.1319E+03
  0.1581E-01  0.1339E+03  0.1212E+01  0.1272E+03  0.1272E+03
  0.1703E-01  0.1275E+03  0.1089E+01  0.1223E+03  0.1223E+03
  0.1824E-01  0.1221E+03  0.1005E+01  0.1173E+03  0.1173E+03
  0.1946E-01  0.1148E+03  0.8968E+00  0.1123E+03  0.1123E+03
  0.2068E-01  0.1086E+03  0.7908E+00  0.1072E+03  0.1072E+03
  0.2189E-01  0.1032E+03  0.7407E+00  0.1021E+03  0.1021E+03
  0.2311E-01  0.9700E+02  0.6663E+00  0.9704E+02  0.9704E+02
  0.2433E-01  0.9135E+02  0.6352E+00  0.9206E+02  0.9206E+02
  0.2554E-01  0.8667E+02  0.5743E+00  0.8718E+02  0.8718E+02
  0.2676E-01  0.8159E+02  0.5212E+00  0.8242E+02  0.8242E+02
  0.2797E-01  0.7601E+02  0.4114E+00  0.7780E+02  0.7780E+02
  0.2919E-01  0.7201E+02  0.3850E+00  0.7336E+02  0.7336E+02
  0.3041E-01  0.6771E+02  0.3562E+00  0.6910E+02  0.6910E+02
  0.3162E-01  0.6357E+02  0.3008E+00  0.6503E+02  0.6503E+02
  0.3284E-01  0.6025E+02  0.2913E+00  0.6116E+02  0.6116E+02
  0.3406E-01  0.5667E+02  0.2701E+00  0.5752E+02  0.5752E+02
  0.3527E-01  0.5326E+02  0.2556E+00  0.5408E+02  0.5408E+02
  0.3649E-01  0.5036E+02  0.2247E+00  0.5086E+02  0.5086E+02
  0.3770E-01  0.4747E+02  0.2154E+00  0.4785E+02  0.4785E+02
  0.3892E-01  0.4491E+02  0.1912E+00  0.4505E+02  0.4505E+02
  0.4014E-01  0.4263E+02  0.1803E+00  0.4245E+02  0.4245E+02
  0.4135E-01  0.4032E+02  0.1649E+00  0.4005E+02  0.4005E+02
  0.4257E-01  0.3808E+02  0.1453E+00  0.3783E+02  0.3783E+02
  0.4379E-01  0.3600E+02  0.1359E+00  0.3578E+02  0.3578E+02
  0.4500E-01  0.3417E+02  0.1213E+00  0.3389E+02  0.3389E+02
  0.4622E-01  0.3238E+02  0.1136E+00  0.3215E+02  0.3215E+02
  0.4743E-01  0.3074E+02  0.1027E+00  0.3054E+02  0.3054E+02
  0.4865E-01  0.2940E+02  0.9547E-01  0.2906E+02  0.2906E+02
  0.4987E-01  0.2800E+02  0.8699E-01  0.2769E+02  0.2769E+02
  0.5108E-01  0.2660E+02  0.8220E-01  0.2642E+02  0.2642E+02
  0.5230E-01  0.2548E+02  0.7895E-01  0.2524E+02  0.2524E+02
  0.5352E-01  0.2431E+02  0.7230E-01  0.2414E+02  0.2414E+02
  0.5473E-01  0.2327E+02  0.6668E-01  0.2311E+02  0.2311E+02
  0.5595E-01  0.2228E+02  0.6089E-01  0.2213E+02  0.2213E+02
  0.5716E-01  0.2129E+02  0.5981E-01  0.2122E+02  0.2122E+02
  0.5838E-01  0.2028E+02  0.5568E-01  0.2034E+02  0.2034E+02
  0.5960E-01  0.1944E+02  0.4956E-01  0.1951E+02  0.1951E+02
  0.6081E-01  0.1864E+02  0.5071E-01  0.1872E+02  0.1872E+02
  0.6203E-01  0.1782E+02  0.4482E-01  0.1796E+02  0.1796E+02
  0.6325E-01  0.1714E+02  0.4549E-01  0.1723E+02  0.1723E+02
  0.6446E-01  0.1643E+02  0.4422E-01  0.1653E+02  0.1653E+02
  0.6568E-01  0.1575E+02  0.3950E-01  0.1586E+02  0.1586E+02
  0.6689E-01  0.1516E+02  0.4118E-01  0.1521E+02  0.1521E+02
  0.6811E-01  0.1451E+02  0.3630E-01  0.1459E+02  0.1459E+02
  0.6933E-01  0.1392E+02  0.3382E-01  0.1399E+02  0.1399E+02
  0.7054E-01  0.1336E+02  0.4474E-01  0.1341E+02  0.1341E+02
  0.7176E-01  0.1283E+02  0.7835E-01  0.1286E+02  0.1286E+02
  0.7298E-01  0.1228E+02  0.3152E-01  0.1233E+02  0.1233E+02
  0.7419E-01  0.1182E+02  0.2926E-01  0.1182E+02  0.1182E+02
  0.7541E-01  0.1136E+02  0.2689E-01  0.1134E+02  0.1134E+02
  0.7662E-01  0.1091E+02  0.2366E-01  0.1087E+02  0.1087E+02
  0.7784E-01  0.1045E+02  0.2500E-01  0.1044E+02  0.1044E+02
  0.7906E-01  0.1005E+02  0.2527E-01  0.1002E+02  0.1002E+02
  0.8027E-01  0.9650E+01  0.2349E-01  0.9624E+01  0.9624E+01
  0.8149E-01  0.9281E+01  0.2360E-01  0.9248E+01  0.9248E+01
  0.8271E-01  0.8958E+01  0.2237E-01  0.8892E+01  0.8892E+01
  0.8392E-01  0.8628E+01  0.2195E-01  0.8553E+01  0.8553E+01
  0.8514E-01  0.8261E+01  0.2012E-01  0.8231E+01  0.8231E+01
  0.8635E-01  0.7967E+01  0.2035E-01  0.7925E+01  0.7925E+01
  0.8757E-01  0.7657E+01  0.1918E-01  0.7633E+01  0.7633E+01
  0.8879E-01  0.7348E+01  0.1819E-01  0.7354E+01  0.7354E+01
  0.9000E-01  0.7080E+01  0.1713E-01  0.7087E+01  0.7087E+01
  0.9122E-01  0.6824E+01  0.1837E-01  0.6831E+01  0.6831E+01
  0.9244E-01  0.6568E+01  0.1702E-01  0.6583E+01  0.6583E+01
  0.9365E-01  0.6326E+01  0.1939E-01  0.6344E+01  0.6344E+01
  0.9487E-01  0.6101E+01  0.4083E-01  0.6113E+01  0.6113E+01
  0.9608E-01  0.5874E+01  0.2561E-01  0.5888E+01  0.5888E+01
  0.9730E-01  0.5670E+01  0.1520E-01  0.5670E+01  0.5670E+01
  0.9852E-01  0.5432E+01  0.1539E-01  0.5456E+01  0.5456E+01
  0.9973E-01  0.5206E+01  0.1438E-01  0.5249E+01  0.5249E+01
  0.1009E+00  0.5013E+01  0.1363E-01  0.5046E+01  0.5046E+01
  0.1022E+00  0.4805E+01  0.1423E-01  0.4847E+01  0.4847E+01
  0.1034E+00  0.4620E+01  0.1352E-01  0.4654E+01  0.4654E+01
  0.1046E+00  0.4440E+01  0.1352E-01  0.4465E+01  0.4465E+01
  0.1058E+00  0.4281E+01  0.1328E-01  0.4281E+01  0.4281E+01
  0.1070E+00  0.4103E+01  0.1294E-01  0.4102E+01  0.4102E+01
  0.1082E+00  0.3946E+01  0.1206E-01  0.3929E+01  0.3929E+01
  0.1095E+00  0.3799E+01  0.1139E-01  0.3760E+01  0.3760E+01
  0.1107E+00  0.3624E+01  0.1127E-01  0.3597E+01  0.3597E+01
  0.1119E+00  0.3470E+01  0.1250E-01  0.3440E+01  0.3440E+01
  0.1131E+00  0.3292E+01  0.1162E-01  0.3288E+01  0.3288E+01
  0.1143E+00  0.3147E+01  0.1228E-01  0.3142E+01  0.3142E+01
  0.1155E+00  0.3018E+01  0.1109E-01  0.3002E+01  0.3002E+01
  0.1168E+00  0.2878E+01  0.1180E-01  0.2868E+01  0.2868E+01
  0.1180E+00  0.2751E+01  0.1275E-01  0.2739E+01  0.2739E+01
  0.1192E+00  0.2628E+01  0.1147E-01  0.2616E+01  0.2616E+01
  0.1204E+00  0.2506E+01  0.1199E-01  0.2499E+01  0.2499E+01
  0.1216E+00  0.2395E+01  0.1241E-01  0.2387E+01  0.2387E+01
  0.1228E+00  0.2270E+01  0.1330E-01  0.2280E+01  0.2280E+01
  0.1241E+00  0.2183E+01  0.9949E-02  0.2179E+01  0.2179E+01
  0.1253E+00  0.2077E+01  0.1198E-01  0.2082E+01  0.2082E+01
  0.1265E+00  0.1959E+01  0.1397E-01  0.1990E+01  0.1990E+01
  0.1277E+00  0.1870E+01  0.9639E-02  0.1902E+01  0.1902E+01
  0.1289E+00  0.1796E+01  0.9097E-02  0.1818E+01  0.1818E+01
  0.1301E+00  0.1736E+01  0.9278E-02  0.1738E+01  0.1738E+01
  0.1314E+00  0.1678E+01  0.9186E-02  0.1661E+01  0.1661E+01
  0.1326E+00  0.1601E+01  0.9537E-02  0.1589E+01  0.1589E+01
  0.1338E+00  0.1516E+01  0.8892E-02  0.1519E+01  0.1519E+01
  0.1350E+00  0.1463E+01  0.8454E-02  0.1453E+01  0.1453E+01
  0.1362E+00  0.1377E+01  0.8831E-02  0.1390E+01  0.1390E+01
  0.1374E+00  0.1311E+01  0.8736E-02  0.1331E+01  0.1331E+01
  0.1387E+00  0.1255E+01  0.8875E-02  0.1274E+01  0.1274E+01
  0.1399E+00  0.1197E+01  0.9010E-02  0.1220E+01  0.1220E+01
  0.1411E+00  0.1159E+01  0.8578E-02  0.1169E+01  0.1169E+01
  0.1423E+00  0.1116E+01  0.8673E-02  0.1121E+01  0.1121E+01
  0.1435E+00  0.1080E+01  0.8261E-02  0.1076E+01  0.1076E+01
  0.1447E+00  0.1064E+01  0.8137E-02  0.1034E+01  0.1034E+01
  0.1459E+00  0.1011E+01  0.8212E-02  0.9948E+00  0.9948E+00
  0.1472E+00  0.9640E+00  0.8052E-02  0.9579E+00  0.9579E+00
  0.1484E+00  0.9293E+00  0.7825E-02  0.9236E+00  0.9236E+00
  0.1496E+00  0.8992E+00  0.8131E-02  0.8918E+00  0.8918E+00
  0.1508E+00  0.8587E+00  0.7801E-02  0.8622E+00  0.8622E+00
  0.1520E+00  0.8295E+00  0.8356E-02  0.8349E+00  0.8349E+00
  0.1532E+00  0.8230E+00  0.7758E-02  0.8095E+00  0.8095E+00
  0.1545E+00  0.7941E+00  0.7974E-02  0.7860E+00  0.7860E+00
  0.1557E+00  0.7783E+00  0.7917E-02  0.7642E+00  0.7642E+00
  0.1569E+00  0.7432E+00  0.1017E-01  0.7438E+00  0.7438E+00
  0.1581E+00  0.7247E+00  0.7804E-02  0.7247E+00  0.7247E+00
  0.1593E+00  0.6993E+00  0.7269E-02  0.7068E+00  0.7068E+00
  0.1605E+00  0.6845E+00  0.7369E-02  0.6898E+00  0.6898E+00
  0.1618E+00  0.6628E+00  0.7283E-02  0.6737E+00  0.6737E+00
  0.1630E+00  0.6492E+00  0.7514E-02  0.6581E+00  0.6581E+00
  0.1642E+00  0.6527E+00  0.7336E-02  0.6431E+00  0.6431E+00
  0.1654E+00  0.6258E+00  0.7391E-02  0.6286E+00  0.6286E+00
  0.1666E+00  0.6132E+00  0.7414E-02  0.6144E+00  0.6144E+00
  0.1678E+00  0.5981E+00  0.7498E-02  0.6005E+00  0.6005E+00
  0.1691E+00  0.5812E+00  0.7473E-02  0.5869E+00  0.5869E+00
  0.1703E+00  0.5536E+00  0.6823E-02  0.5736E+00  0.5736E+00
  0.1715E+00  0.5601E+00  0.6667E-02  0.5606E+00  0.5606E+00
  0.1727E+00  0.5429E+00  0.6931E-02  0.5478E+00  0.5478E+00
  0.1739E+00  0.5260E+00  0.7195E-02  0.5355E+00  0.5355E+00
  0.1751E+00  0.5238E+00  0.6966E-02  0.5235E+00  0.5235E+00
  0.1764E+00  0.5173E+00  0.7624E-02  0.5120E+00  0.5120E+00
  0.1776E+00  0.5030E+00  0.8637E-02  0.5010E+00  0.5010E+00
  0.1788E+00  0.4977E+00  0.7600E-02  0.4907E+00  0.4907E+00
  0.1800E+00  0.4927E+00  0.7154E-02  0.4810E+00  0.4810E+00
  0.1812E+00  0.4745E+00  0.7118E-02  0.4720E+00  0.4720E+00
  0.1824E+00  0.4691E+00  0.7258E-02  0.4639E+00  0.4639E+00
  0.1836E+00  0.4599E+00  0.7147E-02  0.4562E+00  0.4562E+00
  0.1849E+00  0.4476E+00  0.6781E-02  0.4495E+00  0.4495E+00
  0.1861E+00  0.4238E+00  0.7126E-02  0.4436E+00  0.4436E+00
  0.1873E+00  0.4396E+00  0.6797E-02  0.4383E+00  0.4383E+00
  0.1885E+00  0.4421E+00  0.6942E-02  0.4338E+00  0.4338E+00
  0.1897E+00  0.4398E+00  0.6805E-02  0.4299E+00  0.4299E+00
  0.1909E+00  0.4281E+00  0.6739E-02  0.4267E+00  0.4267E+00
  0.1922E+00  0.4380E+00  0.6953E-02  0.4239E+00  0.4239E+00
  0.1934E+00  0.4405E+00  0.6819E-02  0.4215E+00  0.4215E+00
  0.1946E+00  0.4228E+00  0.7211E-02  0.4195E+00  0.4195E+00
  0.1958E+00  0.4273E+00  0.7421E-02  0.4176E+00  0.4176E+00
  0.1970E+00  0.4075E+00  0.6519E-02  0.4161E+00  0.4161E+00
  0.1982E+00  0.3973E+00  0.9896E-02  0.4145E+00  0.4145E+00
  0.1995E+00  0.4107E+00  0.6475E-02  0.4130E+00  0.4130E+00
  0.2007E+00  0.4042E+00  0.6816E-02  0.4114E+00  0.4114E+00
  0.2019E+00  0.4021E+00  0.6401E-02  0.4097E+00  0.4097E+00
  0.2031E+00  0.4011E+00  0.6216E-02  0.4079E+00  0.4079E+00
  0.2043E+00  0.3964E+00  0.6562E-02  0.4058E+00  0.4058E+00
  0.2055E+00  0.3935E+00  0.8314E-02  0.4036E+00  0.4036E+00
  0.2068E+00  0.3913E+00  0.6118E-02  0.4012E+00  0.4012E+00
  0.2080E+00  0.3869E+00  0.6347E-02  0.3986E+00  0.3986E+00
  0.2092E+00  0.3864E+00  0.6420E-02  0.3959E+00  0.3959E+00
  0.2104E+00  0.3841E+00  0.6272E-02  0.3931E+00  0.3931E+00
  0.2116E+00  0.3952E+00  0.6700E-02  0.3901E+00  0.3901E+00
  0.2128E+00  0.3921E+00  0.6344E-02  0.3871E+00  0.3871E+00
  0.2141E+00  0.3872E+00  0.6767E-02  0.3842E+00  0.3842E+00
  0.2153E+00  0.3981E+00  0.7198E-02  0.3812E+00  0.3812E+00
  0.2165E+00  0.3869E+00  0.6434E-02  0.3783E+00  0.3783E+00
  0.2177E+00  0.3919E+00  0.6350E-02  0.3756E+00  0.3756E+00
  0.2189E+00  0.3847E+00  0.6180E-02  0.3730E+00  0.3730E+00
  0.2201E+00  0.3738E+00  0.5838E-02  0.3707E+00  0.3707E+00
  0.2213E+00  0.3648E+00  0.6027E-02  0.3682E+00  0.3682E+00
  0.2226E+00  0.3702E+00  0.5731E-02  0.3661E+00  0.3661E+00
  0.2238E+00  0.3704E+00  0.6022E-02  0.3642E+00  0.3642E+00
  0.2250E+00  0.3670E+00  0.6449E-02  0.3624E+00  0.3624E+00
  0.2262E+00  0.3693E+00  0.6151E-02  0.3607E+00  0.3607E+00
  0.2274E+00  0.3596E+00  0.6281E-02  0.3591E+00  0.3591E+00
  0.2286E+00  0.3579E+00  0.5723E-02  0.3576E+00  0.3576E+00
  0.2299E+00  0.3471E+00  0.5917E-02  0.3561E+00  0.3561E+00
  0.2311E+00  0.3452E+00  0.5774E-02  0.3545E+00  0.3545E+00
  0.2323E+00  0.3544E+00  0.5706E-02  0.3529E+00  0.3529E+00
  0.2335E+00  0.3468E+00  0.5969E-02  0.3512E+00  0.3512E+00
  0.2347E+00  0.3421E+00  0.6307E-02  0.3494E+00  0.3494E+00
  0.2359E+00  0.3302E+00  0.1158E-01  0.3473E+00  0.3473E+00
  0.2372E+00  0.3291E+00  0.8180E-02  0.3451E+00  0.3451E+00
  0.2384E+00  0.3325E+00  0.1117E-01  0.3427E+00  0.3427E+00
  0.2396E+00  0.3447E+00  0.1185E-01  0.3401E+00  0.3401E+00
  0.2408E+00  0.3395E+00  0.5816E-02  0.3374E+00  0.3374E+00
  0.2420E+00  0.3338E+00  0.5618E-02  0.3344E+00  0.3344E+00
  0.2432E+00  0.3286E+00  0.5659E-02  0.3313E+00  0.3313E+00
  0.2445E+00  0.3132E+00  0.5587E-02  0.3280E+00  0.3280E+00
  0.2457E+00  0.3200E+00  0.5710E-02  0.3247E+00  0.3247E+00
  0.2469E+00  0.3208E+00  0.5678E-02  0.3213E+00  0.3213E+00
  0.2481E+00  0.3287E+00  0.5655E-02  0.3180E+00  0.3180E+00
  0.2493E+00  0.3136E+00  0.5593E-02  0.3147E+00  0.3147E+00
  0.2505E+00  0.3225E+00  0.6080E-02  0.3114E+00  0.3114E+00
  0.2517E+00  0.3062E+00  0.5691E-02  0.3083E+00  0.3083E+00
  0.2530E+00  0.3200E+00  0.5719E-02  0.3054E+00  0.3054E+00
  0.2542E+00  0.3181E+00  0.5486E-02  0.3026E+00  0.3026E+00
  0.2554E+00  0.3004E+00  0.7498E-02  0.3001E+00  0.3001E+00
  0.2566E+00  0.3032E+00  0.5719E-02  0.2978E+00  0.2978E+00
  0.2578E+00  0.2949E+00  0.6652E-02  0.2957E+00  0.2957E+00
  0.2590E+00  0.2900E+00  0.6280E-02  0.2941E+00  0.2941E+00
  0.2603E+00  0.2984E+00  0.5259E-02  0.2924E+00  0.2924E+00
  0.2615E+00  0.2864E+00  0.5573E-02  0.2911E+00  0.2911E+00
  0.2627E+00  0.2890E+00  0.5474E-02  0.2900E+00  0.2900E+00
  0.2639E+00  0.2767E+00  0.5583E-02  0.2892E+00  0.2892E+00
  0.2651E+00  0.2826E+00  0.5767E-02  0.2885E+00  0.2885E+00
  0.2663E+00  0.2885E+00  0.5126E-02  0.2879E+00  0.2879E+00
  0.2676E+00  0.2803E+00  0.5556E-02  0.2874E+00  0.2874E+00
  0.2688E+00  0.2800E+00  0.5313E-02  0.2870E+00  0.2870E+00
  0.2700E+00  0.2921E+00  0.5211E-02  0.2866E+00  0.2866E+00
  0.2712E+00  0.2942E+00  0.5428E-02  0.2862E+00  0.2862E+00
  0.2724E+00  0.2832E+00  0.5327E-02  0.2858E+00  0.2858E+00
  0.2736E+00  0.2888E+00  0.5027E-02  0.2854E+00  0.2854E+00
  0.2749E+00  0.2858E+00  0.5251E-02  0.2848E+00  0.2848E+00
  0.2761E+00  0.2712E+00  0.5208E-02  0.2843E+00  0.2843E+00
  0.2773E+00  0.2804E+00  0.5465E-02  0.2836E+00  0.2836E+00
  0.2785E+00  0.2878E+00  0.5024E-02  0.2829E+00  0.2829E+00
  0.2797E+00  0.2810E+00  0.5013E-02  0.2821E+00  0.2821E+00
  0.2809E+00  0.2793E+00  0.5180E-02  0.2812E+00  0.2812E+00
  0.2821E+00  0.2786E+00  0.5535E-02  0.2803E+00  0.2803E+00
  0.2834E+00  0.2770E+00  0.5278E-02  0.2794E+00  0.2794E+00
  0.2846E+00  0.2874E+00  0.5180E-02  0.2785E+00  0.2785E+00
  0.2858E+00  0.2728E+00  0.4970E-02  0.2776E+00  0.2776E+00
  0.2870E+00  0.2657E+00  0.4893E-02  0.2767E+00  0.2767E+00
  0.2882E+00  0.2762E+00  0.5067E-02  0.2759E+00  0.2759E+00
  0.2894E+00  0.2768E+00  0.5186E-02  0.2751E+00  0.2751E+00
  0.2907E+00  0.2799E+00  0.4919E-02  0.2744E+00  0.2744E+00
  0.2919E+00  0.2837E+00  0.4835E-02  0.2738E+00  0.2738E+00
  0.2931E+00  0.2847E+00  0.5303E-02  0.2733E+00  0.2733E+00
  0.2943E+00  0.2744E+00  0.5116E-02  0.2728E+00  0.2728E+00
  0.2955E+00  0.2789E+00  0.4653E-02  0.2724E+00  0.2724E+00
  0.2967E+00  0.2678E+00  0.4729E-02  0.2721E+00  0.2721E+00
  0.2980E+00  0.2791E+00  0.4694E-02  0.2719E+00  0.2719E+00
  0.2992E+00  0.2761E+00  0.4687E-02  0.2715E+00  0.2715E+00
  0.3004E+00  0.2673E+00  0.4706E-02  0.2713E+00  0.2713E+00
  0.3016E+00  0.2716E+00  0.4637E-02  0.2710E+00  0.2710E+00
  0.3028E+00  0.2658E+00  0.5034E-02  0.2707E+00  0.2707E+00
  0.3040E+00  0.2636E+00  0.5162E-02  0.2704E+00  0.2704E+00
  0.3052E+00  0.2601E+00  0.4484E-02  0.2699E+00  0.2699E+00
  0.3065E+00  0.2643E+00  0.4665E-02  0.2694E+00  0.2694E+00
  0.3077E+00  0.2592E+00  0.4404E-02  0.2688E+00  0.2688E+00
  0.3089E+00  0.2636E+00  0.4592E-02  0.2681E+00  0.2681E+00
  0.3101E+00  0.2714E+00  0.4420E-02  0.2673E+00  0.2673E+00
  0.3113E+00  0.2692E+00  0.4377E-02  0.2664E+00  0.2664E+00
  0.3125E+00  0.2702E+00  0.4729E-02  0.2654E+00  0.2654E+00
  0.3138E+00  0.2645E+00  0.5100E-02  0.2643E+00  0.2643E+00
  0.3150E+00  0.2711E+00  0.5427E-02  0.2631E+00  0.2631E+00
  0.3162E+00  0.2709E+00  0.5795E-02  0.2619E+00  0.2619E+00
  0.3174E+00  0.2548E+00  0.6477E-02  0.2606E+00  0.2606E+00
  0.3186E+00  0.2533E+00  0.6469E-02  0.2593E+00  0.2593E+00
  0.3198E+00  0.2533E+00  0.6755E-02  0.2580E+00  0.2580E+00
  0.3211E+00  0.2623E+00  0.7150E-02  0.2568E+00  0.2568E+00
  0.3223E+00  0.2659E+00  0.8146E-02  0.2556E+00  0.2556E+00
  0.3235E+00  0.2687E+00  0.9964E-02  0.2544E+00  0.2544E+00
  0.3247E+00  0.2782E+00  0.1740E-01  0.2533E+00  0.2533E+00

           Distance distribution  function of particle  


       R          P(R)      ERROR

  0.0000E+00  0.0000E+00  0.0000E+00
  0.1729E+01  0.4139E-02  0.3289E-04
  0.3458E+01  0.8764E-02  0.3463E-04
  0.5187E+01  0.1401E-01  0.1506E-04
  0.6916E+01  0.2004E-01  0.1664E-04
  0.8645E+01  0.2703E-01  0.4183E-04
  0.1037E+02  0.3506E-01  0.5457E-04
  0.1210E+02  0.4410E-01  0.5103E-04
  0.1383E+02  0.5396E-01  0.3616E-04
  0.1556E+02  0.6437E-01  0.3051E-04
  0.1729E+02  0.7492E-01  0.4719E-04
  0.1902E+02  0.8519E-01  0.6323E-04
  0.2075E+02  0.9481E-01  0.6751E-04
  0.2248E+02  0.1035E+00  0.6142E-04
  0.2421E+02  0.1109E+00  0.5730E-04
  0.2594E+02  0.1172E+00  0.6831E-04
  0.2766E+02  0.1223E+00  0.8734E-04
  0.2939E+02  0.1264E+00  0.1014E-03
  0.3112E+02  0.1295E+00  0.1058E-03
  0.3285E+02  0.1319E+00  0.1045E-03
  0.3458E+02  0.1336E+00  0.1062E-03
  0.3631E+02  0.1347E+00  0.1158E-03
  0.3804E+02  0.1353E+00  0.1286E-03
  0.3977E+02  0.1354E+00  0.1379E-03
  0.4150E+02  0.1350E+00  0.1425E-03
  0.4323E+02  0.1342E+00  0.1469E-03
  0.4495E+02  0.1331E+00  0.1564E-03
  0.4668E+02  0.1319E+00  0.1705E-03
  0.4841E+02  0.1306E+00  0.1841E-03
  0.5014E+02  0.1295E+00  0.1931E-03
  0.5187E+02  0.1287E+00  0.1980E-03
  0.5360E+02  0.1281E+00  0.2028E-03
  0.5533E+02  0.1277E+00  0.2103E-03
  0.5706E+02  0.1275E+00  0.2191E-03
  0.5879E+02  0.1274E+00  0.2260E-03
  0.6052E+02  0.1271E+00  0.2296E-03
  0.6224E+02  0.1267E+00  0.2325E-03
  0.6397E+02  0.1261E+00  0.2380E-03
  0.6570E+02  0.1252E+00  0.2470E-03
  0.6743E+02  0.1241E+00  0.2565E-03
  0.6916E+02  0.1228E+00  0.2631E-03
  0.7089E+02  0.1215E+00  0.2668E-03
  0.7262E+02  0.1200E+00  0.2703E-03
  0.7435E+02  0.1185E+00  0.2766E-03
  0.7608E+02  0.1169E+00  0.2853E-03
  0.7781E+02  0.1153E+00  0.2936E-03
  0.7953E+02  0.1135E+00  0.2994E-03
  0.8126E+02  0.1116E+00  0.3034E-03
  0.8299E+02  0.1095E+00  0.3081E-03
  0.8472E+02  0.1072E+00  0.3150E-03
  0.8645E+02  0.1048E+00  0.3222E-03
  0.8818E+02  0.1022E+00  0.3269E-03
  0.8991E+02  0.9959E-01  0.3282E-03
  0.9164E+02  0.9692E-01  0.3285E-03
  0.9337E+02  0.9420E-01  0.3313E-03
  0.9509E+02  0.9144E-01  0.3381E-03
  0.9682E+02  0.8866E-01  0.3470E-03
  0.9855E+02  0.8587E-01  0.3552E-03
  0.1003E+03  0.8309E-01  0.3620E-03
  0.1020E+03  0.8036E-01  0.3689E-03
  0.1037E+03  0.7772E-01  0.3779E-03
  0.1055E+03  0.7521E-01  0.3884E-03
  0.1072E+03  0.7285E-01  0.3974E-03
  0.1089E+03  0.7063E-01  0.4020E-03
  0.1107E+03  0.6854E-01  0.4016E-03
  0.1124E+03  0.6652E-01  0.3981E-03
  0.1141E+03  0.6450E-01  0.3944E-03
  0.1158E+03  0.6244E-01  0.3923E-03
  0.1176E+03  0.6030E-01  0.3923E-03
  0.1193E+03  0.5807E-01  0.3939E-03
  0.1210E+03  0.5577E-01  0.3966E-03
  0.1228E+03  0.5345E-01  0.3998E-03
  0.1245E+03  0.5116E-01  0.4023E-03
  0.1262E+03  0.4893E-01  0.4023E-03
  0.1279E+03  0.4679E-01  0.3981E-03
  0.1297E+03  0.4471E-01  0.3894E-03
  0.1314E+03  0.4265E-01  0.3768E-03
  0.1331E+03  0.4056E-01  0.3620E-03
  0.1349E+03  0.3838E-01  0.3474E-03
  0.1366E+03  0.3610E-01  0.3358E-03
  0.1383E+03  0.3371E-01  0.3295E-03
  0.1400E+03  0.3129E-01  0.3285E-03
  0.1418E+03  0.2890E-01  0.3302E-03
  0.1435E+03  0.2664E-01  0.3305E-03
  0.1452E+03  0.2458E-01  0.3276E-03
  0.1470E+03  0.2273E-01  0.3224E-03
  0.1487E+03  0.2108E-01  0.3178E-03
  0.1504E+03  0.1954E-01  0.3142E-03
  0.1522E+03  0.1802E-01  0.3086E-03
  0.1539E+03  0.1641E-01  0.2970E-03
  0.1556E+03  0.1470E-01  0.2793E-03
  0.1573E+03  0.1290E-01  0.2611E-03
  0.1591E+03  0.1112E-01  0.2503E-03
  0.1608E+03  0.9521E-02  0.2496E-03
  0.1625E+03  0.8257E-02  0.2554E-03
  0.1643E+03  0.7408E-02  0.2637E-03
  0.1660E+03  0.6912E-02  0.2733E-03
  0.1677E+03  0.6505E-02  0.2776E-03
  0.1694E+03  0.5697E-02  0.2558E-03
  0.1712E+03  0.3802E-02  0.1752E-03
  0.1729E+03  0.0000E+00  0.0000E+00
          Reciprocal space: Rg =   55.13     , I(0) =   0.1633E+03
     Real space: Rg =   55.35 +- 0.083  I(0) =   0.1634E+03 +-  0.4149E+00
