
           ####    G N O M   ---   Version 4.5a revised 09/02/02     ####

                                                  Tue Nov  3 18:05:41 2009
           ===    Run No   1   ===
 Run title:  0.010642 151.499242 1.309337


  Number of points omitted at the beginning:           1

          To optimize the performance, some input data points 
           have been joined. New number of points equals to 258

   *******   Working Directory :
   *******    Input file(s) :
           Condition P(rmin) = 0 is used. 
           Condition P(rmax) = 0 is used. 

          Experimental conditions for the first run
          -----------------------------------------

          Highest ALPHA is found to be   0.2868E+05

  The measure of inconsistency AN1 equals to    0.1011E+01

          Warning: using the chosen range in the real space 
             it is not possible to fit the data set within the
             given error band. 
     Alpha    Discrp  Oscill  Stabil  Sysdev  Positv  Valcen    Total   
  0.2868E+08125.9283  2.0670  0.9841  0.0000  1.0000  0.6709  0.10484
  0.5736E+07123.5542  2.0580  0.9613  0.0000  1.0000  0.6714  0.10602
  0.1147E+07113.6600  2.0171  0.8678  0.0000  1.0000  0.6737  0.11186
  0.2295E+06 87.9737  1.8838  0.6483  0.1167  1.0000  0.6824  0.14615
  0.4589E+05 54.3431  1.7170  0.4528  0.0233  1.0000  0.7061  0.18243
  0.9178E+04 23.9239  1.5870  0.2899  0.1245  1.0000  0.7520  0.23474
  0.1836E+04  7.8131  1.4355  0.1532  0.3424  1.0000  0.8026  0.37622
  0.3671E+03  2.2600  1.3557  0.0521  0.5447  1.0000  0.8286  0.63082
  0.7343E+02  1.1566  1.3341  0.0133  0.5837  1.0000  0.8360  0.70149
  0.1469E+02  1.0415  1.3327  0.0043  0.6848  1.0000  0.8376  0.77879
  0.2937E+01  1.0142  1.3458  0.0059  0.6770  1.0000  0.8379  0.77622
  0.5874E+00  0.9759  1.4680  0.0204  0.6537  1.0000  0.8384  0.73689
  0.1175E+00  0.9093  2.1782  0.0350  0.7160  1.0000  0.8388  0.61610
  0.2350E-01  0.8689  3.3369  0.0467  0.7160  0.9996  0.8367  0.59549
  0.4699E-02  0.8430  5.7694  0.1122  0.7315  0.9970  0.8254  0.50965
  0.9398E-03  0.8202 10.6259  0.2077  0.7004  0.9852  0.7933  0.40427
  0.1880E-03  0.7933 19.7595  0.5611  0.7160  0.9365  0.6542  0.00000

          ***  Golden section search to maximize estimate ***
     Alpha    Discrp  Oscill  Stabil  Sysdev  Positv  Valcen    Total   
  0.5431E+01  1.0238  1.3376  0.0042  0.7160  1.0000  0.8378  0.79949
  0.4294E+01  1.0202  1.3400  0.0046  0.6848  1.0000  0.8379  0.78105
  0.6279E+01  1.0260  1.3365  0.0040  0.7160  1.0000  0.8378  0.79933
  0.4965E+01  1.0224  1.3385  0.0043  0.6848  1.0000  0.8379  0.78097
  0.5741E+01  1.0246  1.3372  0.0041  0.7160  1.0000  0.8378  0.79943
  0.5248E+01  1.0232  1.3379  0.0042  0.7004  1.0000  0.8378  0.79029
  0.5547E+01  1.0241  1.3374  0.0042  0.7160  1.0000  0.8378  0.79947
  0.5361E+01  1.0236  1.3377  0.0042  0.7160  1.0000  0.8378  0.79950
  0.5317E+01  1.0234  1.3378  0.0042  0.7160  1.0000  0.8378  0.79951
  0.5291E+01  1.0234  1.3379  0.0042  0.7160  1.0000  0.8378  0.79952
  0.5275E+01  1.0233  1.3379  0.0042  0.7004  1.0000  0.8378  0.79029
  0.5301E+01  1.0234  1.3378  0.0042  0.7160  1.0000  0.8378  0.79951
  0.5285E+01  1.0234  1.3379  0.0042  0.7004  1.0000  0.8378  0.79029
  0.5291E+01  1.0234  1.3379  0.0042  0.7160  1.0000  0.8378  0.79952



             ####            Final results            ####

 Parameter    DISCRP    OSCILL    STABIL    SYSDEV    POSITV    VALCEN
 Weight        1.000     3.000     3.000     5.000     1.000     1.000
 Sigma         0.300     0.600     0.120     0.500     0.120     0.120
 Ideal         0.700     1.200     0.000     1.000     1.000     0.950
 Current       1.023     1.338     0.004     0.716     1.000     0.838
                - - - - - - - - - - - - - - - - - - - - - - - - - 
 Estimate      0.313     0.949     0.999     0.724     1.000     0.417

  Angular   range    :     from    0.0122   to    0.3247
  Real space range   :     from      0.00   to    174.80

  Highest ALPHA (theor) :   0.287E+08                 JOB = 0
  Current ALPHA         :   0.529E+01   Rg :  0.563E+02   I(0) :   0.162E+03

           Total  estimate : 0.800  which is    A GOOD      solution

      S          J EXP       ERROR       J REG       I REG

  0.0000E+00                                      0.1621E+03
  0.1216E-02                                      0.1618E+03
  0.2433E-02                                      0.1611E+03
  0.3649E-02                                      0.1598E+03
  0.4865E-02                                      0.1581E+03
  0.6081E-02                                      0.1558E+03
  0.7298E-02                                      0.1532E+03
  0.8514E-02                                      0.1501E+03
  0.9730E-02                                      0.1466E+03
  0.1095E-01                                      0.1428E+03
  0.1216E-01  0.1418E+03  0.5199E+00  0.1387E+03  0.1387E+03
  0.1338E-01  0.1374E+03  0.7467E+00  0.1343E+03  0.1343E+03
  0.1460E-01  0.1355E+03  0.1546E+01  0.1296E+03  0.1296E+03
  0.1581E-01  0.1281E+03  0.1577E+01  0.1248E+03  0.1248E+03
  0.1703E-01  0.1231E+03  0.1179E+01  0.1199E+03  0.1199E+03
  0.1824E-01  0.1177E+03  0.1203E+01  0.1148E+03  0.1148E+03
  0.1946E-01  0.1090E+03  0.1436E+01  0.1097E+03  0.1097E+03
  0.2068E-01  0.1036E+03  0.1121E+01  0.1046E+03  0.1046E+03
  0.2189E-01  0.9681E+02  0.1147E+01  0.9945E+02  0.9945E+02
  0.2311E-01  0.9225E+02  0.8809E+00  0.9439E+02  0.9439E+02
  0.2433E-01  0.8784E+02  0.7216E+00  0.8942E+02  0.8942E+02
  0.2554E-01  0.8351E+02  0.6415E+00  0.8456E+02  0.8456E+02
  0.2676E-01  0.7895E+02  0.5498E+00  0.7985E+02  0.7985E+02
  0.2797E-01  0.7379E+02  0.4412E+00  0.7530E+02  0.7530E+02
  0.2919E-01  0.6981E+02  0.4079E+00  0.7093E+02  0.7093E+02
  0.3041E-01  0.6607E+02  0.3702E+00  0.6677E+02  0.6677E+02
  0.3162E-01  0.6188E+02  0.3198E+00  0.6281E+02  0.6281E+02
  0.3284E-01  0.5850E+02  0.3007E+00  0.5907E+02  0.5907E+02
  0.3406E-01  0.5512E+02  0.2817E+00  0.5554E+02  0.5554E+02
  0.3527E-01  0.5204E+02  0.2632E+00  0.5224E+02  0.5224E+02
  0.3649E-01  0.4919E+02  0.2417E+00  0.4916E+02  0.4916E+02
  0.3770E-01  0.4628E+02  0.2207E+00  0.4629E+02  0.4629E+02
  0.3892E-01  0.4365E+02  0.2029E+00  0.4363E+02  0.4363E+02
  0.4014E-01  0.4114E+02  0.1833E+00  0.4117E+02  0.4117E+02
  0.4135E-01  0.3921E+02  0.1640E+00  0.3889E+02  0.3889E+02
  0.4257E-01  0.3694E+02  0.1585E+00  0.3679E+02  0.3679E+02
  0.4379E-01  0.3516E+02  0.1452E+00  0.3486E+02  0.3486E+02
  0.4500E-01  0.3350E+02  0.1387E+00  0.3307E+02  0.3307E+02
  0.4622E-01  0.3166E+02  0.1205E+00  0.3143E+02  0.3143E+02
  0.4743E-01  0.3002E+02  0.1217E+00  0.2991E+02  0.2991E+02
  0.4865E-01  0.2860E+02  0.1119E+00  0.2850E+02  0.2850E+02
  0.4987E-01  0.2729E+02  0.1040E+00  0.2719E+02  0.2719E+02
  0.5108E-01  0.2609E+02  0.1014E+00  0.2597E+02  0.2597E+02
  0.5230E-01  0.2502E+02  0.9247E-01  0.2483E+02  0.2483E+02
  0.5352E-01  0.2382E+02  0.9376E-01  0.2375E+02  0.2375E+02
  0.5473E-01  0.2269E+02  0.8165E-01  0.2274E+02  0.2274E+02
  0.5595E-01  0.2164E+02  0.7565E-01  0.2179E+02  0.2179E+02
  0.5716E-01  0.2084E+02  0.7649E-01  0.2088E+02  0.2088E+02
  0.5838E-01  0.1991E+02  0.6955E-01  0.2001E+02  0.2001E+02
  0.5960E-01  0.1911E+02  0.7530E-01  0.1918E+02  0.1918E+02
  0.6081E-01  0.1841E+02  0.7105E-01  0.1839E+02  0.1839E+02
  0.6203E-01  0.1756E+02  0.6480E-01  0.1763E+02  0.1763E+02
  0.6325E-01  0.1678E+02  0.6041E-01  0.1689E+02  0.1689E+02
  0.6446E-01  0.1612E+02  0.6500E-01  0.1619E+02  0.1619E+02
  0.6568E-01  0.1547E+02  0.5790E-01  0.1552E+02  0.1552E+02
  0.6689E-01  0.1480E+02  0.5230E-01  0.1487E+02  0.1487E+02
  0.6811E-01  0.1420E+02  0.6081E-01  0.1425E+02  0.1425E+02
  0.6933E-01  0.1365E+02  0.5755E-01  0.1366E+02  0.1366E+02
  0.7054E-01  0.1305E+02  0.4777E-01  0.1309E+02  0.1309E+02
  0.7176E-01  0.1256E+02  0.4338E-01  0.1255E+02  0.1255E+02
  0.7298E-01  0.1200E+02  0.4252E-01  0.1204E+02  0.1204E+02
  0.7419E-01  0.1164E+02  0.4345E-01  0.1155E+02  0.1155E+02
  0.7541E-01  0.1111E+02  0.3980E-01  0.1108E+02  0.1108E+02
  0.7662E-01  0.1064E+02  0.4063E-01  0.1064E+02  0.1064E+02
  0.7784E-01  0.1024E+02  0.4171E-01  0.1023E+02  0.1023E+02
  0.7906E-01  0.9837E+01  0.3683E-01  0.9830E+01  0.9830E+01
  0.8027E-01  0.9535E+01  0.3499E-01  0.9455E+01  0.9455E+01
  0.8149E-01  0.9183E+01  0.3556E-01  0.9099E+01  0.9099E+01
  0.8271E-01  0.8879E+01  0.3532E-01  0.8761E+01  0.8761E+01
  0.8392E-01  0.8472E+01  0.3317E-01  0.8439E+01  0.8439E+01
  0.8514E-01  0.8131E+01  0.3299E-01  0.8132E+01  0.8132E+01
  0.8635E-01  0.7909E+01  0.3365E-01  0.7838E+01  0.7838E+01
  0.8757E-01  0.7491E+01  0.3536E-01  0.7555E+01  0.7555E+01
  0.8879E-01  0.7185E+01  0.4031E-01  0.7284E+01  0.7284E+01
  0.9000E-01  0.6976E+01  0.1274E+00  0.7021E+01  0.7021E+01
  0.9122E-01  0.6728E+01  0.9926E-01  0.6767E+01  0.6767E+01
  0.9244E-01  0.6390E+01  0.3155E-01  0.6519E+01  0.6519E+01
  0.9365E-01  0.6188E+01  0.3214E-01  0.6279E+01  0.6279E+01
  0.9487E-01  0.6032E+01  0.2946E-01  0.6044E+01  0.6044E+01
  0.9608E-01  0.5778E+01  0.2932E-01  0.5815E+01  0.5815E+01
  0.9730E-01  0.5595E+01  0.2872E-01  0.5592E+01  0.5592E+01
  0.9852E-01  0.5357E+01  0.2926E-01  0.5373E+01  0.5373E+01
  0.9973E-01  0.5136E+01  0.2823E-01  0.5160E+01  0.5160E+01
  0.1009E+00  0.4978E+01  0.2776E-01  0.4953E+01  0.4953E+01
  0.1022E+00  0.4735E+01  0.2784E-01  0.4751E+01  0.4751E+01
  0.1034E+00  0.4556E+01  0.2861E-01  0.4554E+01  0.4554E+01
  0.1046E+00  0.4363E+01  0.2706E-01  0.4363E+01  0.4363E+01
  0.1058E+00  0.4238E+01  0.2595E-01  0.4179E+01  0.4179E+01
  0.1070E+00  0.4039E+01  0.2545E-01  0.4001E+01  0.4001E+01
  0.1082E+00  0.3858E+01  0.2410E-01  0.3829E+01  0.3829E+01
  0.1095E+00  0.3690E+01  0.2307E-01  0.3663E+01  0.3663E+01
  0.1107E+00  0.3475E+01  0.2287E-01  0.3505E+01  0.3505E+01
  0.1119E+00  0.3364E+01  0.2522E-01  0.3353E+01  0.3353E+01
  0.1131E+00  0.3260E+01  0.2577E-01  0.3207E+01  0.3207E+01
  0.1143E+00  0.3041E+01  0.2871E-01  0.3068E+01  0.3068E+01
  0.1155E+00  0.2918E+01  0.2514E-01  0.2934E+01  0.2934E+01
  0.1168E+00  0.2797E+01  0.2220E-01  0.2807E+01  0.2807E+01
  0.1180E+00  0.2708E+01  0.2304E-01  0.2685E+01  0.2685E+01
  0.1192E+00  0.2598E+01  0.2441E-01  0.2568E+01  0.2568E+01
  0.1204E+00  0.2471E+01  0.2320E-01  0.2456E+01  0.2456E+01
  0.1216E+00  0.2357E+01  0.2156E-01  0.2349E+01  0.2349E+01
  0.1228E+00  0.2225E+01  0.2103E-01  0.2246E+01  0.2246E+01
  0.1241E+00  0.2104E+01  0.1947E-01  0.2147E+01  0.2147E+01
  0.1253E+00  0.2036E+01  0.2086E-01  0.2051E+01  0.2051E+01
  0.1265E+00  0.1945E+01  0.2055E-01  0.1959E+01  0.1959E+01
  0.1277E+00  0.1856E+01  0.2760E-01  0.1870E+01  0.1870E+01
  0.1289E+00  0.1785E+01  0.2267E-01  0.1785E+01  0.1785E+01
  0.1301E+00  0.1707E+01  0.2131E-01  0.1702E+01  0.1702E+01
  0.1314E+00  0.1628E+01  0.2010E-01  0.1623E+01  0.1623E+01
  0.1326E+00  0.1577E+01  0.2018E-01  0.1546E+01  0.1546E+01
  0.1338E+00  0.1467E+01  0.2048E-01  0.1473E+01  0.1473E+01
  0.1350E+00  0.1387E+01  0.2001E-01  0.1403E+01  0.1403E+01
  0.1362E+00  0.1335E+01  0.1929E-01  0.1336E+01  0.1336E+01
  0.1374E+00  0.1241E+01  0.1933E-01  0.1273E+01  0.1273E+01
  0.1387E+00  0.1192E+01  0.2038E-01  0.1213E+01  0.1213E+01
  0.1399E+00  0.1174E+01  0.1960E-01  0.1156E+01  0.1156E+01
  0.1411E+00  0.1100E+01  0.1894E-01  0.1104E+01  0.1104E+01
  0.1423E+00  0.1043E+01  0.1927E-01  0.1054E+01  0.1054E+01
  0.1435E+00  0.9721E+00  0.1899E-01  0.1009E+01  0.1009E+01
  0.1447E+00  0.9936E+00  0.1905E-01  0.9669E+00  0.9669E+00
  0.1459E+00  0.9496E+00  0.1986E-01  0.9283E+00  0.9283E+00
  0.1472E+00  0.8918E+00  0.1867E-01  0.8931E+00  0.8931E+00
  0.1484E+00  0.8807E+00  0.1848E-01  0.8610E+00  0.8610E+00
  0.1496E+00  0.8789E+00  0.1857E-01  0.8318E+00  0.8318E+00
  0.1508E+00  0.8485E+00  0.1764E-01  0.8053E+00  0.8053E+00
  0.1520E+00  0.7866E+00  0.1694E-01  0.7811E+00  0.7811E+00
  0.1532E+00  0.7593E+00  0.1651E-01  0.7591E+00  0.7591E+00
  0.1545E+00  0.7228E+00  0.1850E-01  0.7388E+00  0.7388E+00
  0.1557E+00  0.6840E+00  0.1658E-01  0.7200E+00  0.7200E+00
  0.1569E+00  0.7136E+00  0.1759E-01  0.7024E+00  0.7024E+00
  0.1581E+00  0.7107E+00  0.1622E-01  0.6857E+00  0.6857E+00
  0.1593E+00  0.6450E+00  0.1808E-01  0.6697E+00  0.6697E+00
  0.1605E+00  0.6161E+00  0.1743E-01  0.6542E+00  0.6542E+00
  0.1618E+00  0.6278E+00  0.1694E-01  0.6391E+00  0.6391E+00
  0.1630E+00  0.6407E+00  0.1686E-01  0.6241E+00  0.6241E+00
  0.1642E+00  0.5801E+00  0.1680E-01  0.6091E+00  0.6091E+00
  0.1654E+00  0.5931E+00  0.1584E-01  0.5943E+00  0.5943E+00
  0.1666E+00  0.5836E+00  0.1616E-01  0.5795E+00  0.5795E+00
  0.1678E+00  0.5629E+00  0.1553E-01  0.5647E+00  0.5647E+00
  0.1691E+00  0.5357E+00  0.1614E-01  0.5501E+00  0.5501E+00
  0.1703E+00  0.5388E+00  0.1690E-01  0.5359E+00  0.5359E+00
  0.1715E+00  0.5442E+00  0.1610E-01  0.5219E+00  0.5219E+00
  0.1727E+00  0.5023E+00  0.1610E-01  0.5084E+00  0.5084E+00
  0.1739E+00  0.5223E+00  0.1662E-01  0.4956E+00  0.4956E+00
  0.1751E+00  0.4454E+00  0.1685E-01  0.4836E+00  0.4836E+00
  0.1764E+00  0.4653E+00  0.1568E-01  0.4723E+00  0.4723E+00
  0.1776E+00  0.4464E+00  0.1646E-01  0.4620E+00  0.4620E+00
  0.1788E+00  0.4669E+00  0.1591E-01  0.4528E+00  0.4528E+00
  0.1800E+00  0.4113E+00  0.1607E-01  0.4447E+00  0.4447E+00
  0.1812E+00  0.4384E+00  0.1581E-01  0.4377E+00  0.4377E+00
  0.1824E+00  0.4184E+00  0.2109E-01  0.4319E+00  0.4319E+00
  0.1836E+00  0.4479E+00  0.1754E-01  0.4269E+00  0.4269E+00
  0.1849E+00  0.4917E+00  0.1616E-01  0.4230E+00  0.4230E+00
  0.1861E+00  0.4589E+00  0.1586E-01  0.4199E+00  0.4199E+00
  0.1873E+00  0.4257E+00  0.1610E-01  0.4176E+00  0.4176E+00
  0.1885E+00  0.4127E+00  0.1593E-01  0.4160E+00  0.4160E+00
  0.1897E+00  0.4275E+00  0.4863E-01  0.4148E+00  0.4148E+00
  0.1909E+00  0.4327E+00  0.1550E-01  0.4139E+00  0.4139E+00
  0.1922E+00  0.3979E+00  0.1596E-01  0.4131E+00  0.4131E+00
  0.1934E+00  0.3827E+00  0.1653E-01  0.4123E+00  0.4123E+00
  0.1946E+00  0.4090E+00  0.1585E-01  0.4114E+00  0.4114E+00
  0.1958E+00  0.4163E+00  0.1514E-01  0.4102E+00  0.4102E+00
  0.1970E+00  0.3928E+00  0.1539E-01  0.4087E+00  0.4087E+00
  0.1982E+00  0.3717E+00  0.1469E-01  0.4067E+00  0.4067E+00
  0.1995E+00  0.4116E+00  0.1559E-01  0.4043E+00  0.4043E+00
  0.2007E+00  0.4205E+00  0.1561E-01  0.4013E+00  0.4013E+00
  0.2019E+00  0.4036E+00  0.1551E-01  0.3979E+00  0.3979E+00
  0.2031E+00  0.3824E+00  0.1441E-01  0.3941E+00  0.3941E+00
  0.2043E+00  0.3554E+00  0.1589E-01  0.3899E+00  0.3899E+00
  0.2055E+00  0.3452E+00  0.1554E-01  0.3853E+00  0.3853E+00
  0.2068E+00  0.3570E+00  0.1569E-01  0.3806E+00  0.3806E+00
  0.2080E+00  0.3693E+00  0.1428E-01  0.3757E+00  0.3757E+00
  0.2092E+00  0.3688E+00  0.1624E-01  0.3709E+00  0.3709E+00
  0.2104E+00  0.3656E+00  0.1537E-01  0.3662E+00  0.3662E+00
  0.2116E+00  0.3812E+00  0.1579E-01  0.3617E+00  0.3617E+00
  0.2128E+00  0.4012E+00  0.1428E-01  0.3576E+00  0.3576E+00
  0.2141E+00  0.3571E+00  0.1447E-01  0.3538E+00  0.3538E+00
  0.2153E+00  0.3803E+00  0.1490E-01  0.3505E+00  0.3505E+00
  0.2165E+00  0.3701E+00  0.1549E-01  0.3477E+00  0.3477E+00
  0.2177E+00  0.3546E+00  0.1411E-01  0.3453E+00  0.3453E+00
  0.2189E+00  0.3518E+00  0.1418E-01  0.3435E+00  0.3435E+00
  0.2201E+00  0.3603E+00  0.1468E-01  0.3423E+00  0.3423E+00
  0.2213E+00  0.3376E+00  0.1568E-01  0.3412E+00  0.3412E+00
  0.2226E+00  0.3370E+00  0.1501E-01  0.3405E+00  0.3405E+00
  0.2238E+00  0.3353E+00  0.1450E-01  0.3402E+00  0.3402E+00
  0.2250E+00  0.3726E+00  0.1434E-01  0.3399E+00  0.3399E+00
  0.2262E+00  0.3325E+00  0.1373E-01  0.3397E+00  0.3397E+00
  0.2274E+00  0.3120E+00  0.1543E-01  0.3394E+00  0.3394E+00
  0.2286E+00  0.3177E+00  0.1448E-01  0.3390E+00  0.3390E+00
  0.2299E+00  0.3228E+00  0.1405E-01  0.3382E+00  0.3382E+00
  0.2311E+00  0.3242E+00  0.1473E-01  0.3372E+00  0.3372E+00
  0.2323E+00  0.3162E+00  0.1398E-01  0.3357E+00  0.3357E+00
  0.2335E+00  0.2988E+00  0.1374E-01  0.3337E+00  0.3337E+00
  0.2347E+00  0.3396E+00  0.1403E-01  0.3312E+00  0.3312E+00
  0.2359E+00  0.3293E+00  0.2377E-01  0.3281E+00  0.3281E+00
  0.2372E+00  0.3268E+00  0.1482E-01  0.3246E+00  0.3246E+00
  0.2384E+00  0.3307E+00  0.1379E-01  0.3206E+00  0.3206E+00
  0.2396E+00  0.3075E+00  0.1396E-01  0.3161E+00  0.3161E+00
  0.2408E+00  0.3127E+00  0.1472E-01  0.3114E+00  0.3114E+00
  0.2420E+00  0.3019E+00  0.1410E-01  0.3063E+00  0.3063E+00
  0.2432E+00  0.3202E+00  0.1435E-01  0.3012E+00  0.3012E+00
  0.2445E+00  0.2881E+00  0.1462E-01  0.2960E+00  0.2960E+00
  0.2457E+00  0.3036E+00  0.1432E-01  0.2908E+00  0.2908E+00
  0.2469E+00  0.3006E+00  0.1446E-01  0.2858E+00  0.2858E+00
  0.2481E+00  0.3164E+00  0.1425E-01  0.2811E+00  0.2811E+00
  0.2493E+00  0.2983E+00  0.1504E-01  0.2768E+00  0.2768E+00
  0.2505E+00  0.2750E+00  0.1374E-01  0.2730E+00  0.2730E+00
  0.2517E+00  0.2611E+00  0.1353E-01  0.2696E+00  0.2696E+00
  0.2530E+00  0.2756E+00  0.1336E-01  0.2668E+00  0.2668E+00
  0.2542E+00  0.2775E+00  0.1470E-01  0.2645E+00  0.2645E+00
  0.2554E+00  0.2441E+00  0.1495E-01  0.2628E+00  0.2628E+00
  0.2566E+00  0.2493E+00  0.1479E-01  0.2617E+00  0.2617E+00
  0.2578E+00  0.2619E+00  0.1499E-01  0.2610E+00  0.2610E+00
  0.2590E+00  0.2471E+00  0.1371E-01  0.2610E+00  0.2610E+00
  0.2603E+00  0.2450E+00  0.1420E-01  0.2611E+00  0.2611E+00
  0.2615E+00  0.2408E+00  0.1407E-01  0.2616E+00  0.2616E+00
  0.2627E+00  0.2606E+00  0.1427E-01  0.2624E+00  0.2624E+00
  0.2639E+00  0.2551E+00  0.1431E-01  0.2633E+00  0.2633E+00
  0.2651E+00  0.2645E+00  0.1380E-01  0.2642E+00  0.2642E+00
  0.2663E+00  0.2490E+00  0.1423E-01  0.2650E+00  0.2650E+00
  0.2676E+00  0.2596E+00  0.1448E-01  0.2657E+00  0.2657E+00
  0.2688E+00  0.3021E+00  0.1395E-01  0.2662E+00  0.2662E+00
  0.2700E+00  0.2781E+00  0.1375E-01  0.2664E+00  0.2664E+00
  0.2712E+00  0.2855E+00  0.1395E-01  0.2663E+00  0.2663E+00
  0.2724E+00  0.2859E+00  0.1444E-01  0.2659E+00  0.2659E+00
  0.2736E+00  0.2542E+00  0.1394E-01  0.2652E+00  0.2652E+00
  0.2749E+00  0.2591E+00  0.1404E-01  0.2640E+00  0.2640E+00
  0.2761E+00  0.2404E+00  0.1374E-01  0.2625E+00  0.2625E+00
  0.2773E+00  0.2501E+00  0.1360E-01  0.2608E+00  0.2608E+00
  0.2785E+00  0.2437E+00  0.1345E-01  0.2588E+00  0.2588E+00
  0.2797E+00  0.2404E+00  0.1302E-01  0.2566E+00  0.2566E+00
  0.2809E+00  0.2385E+00  0.1277E-01  0.2543E+00  0.2543E+00
  0.2821E+00  0.2713E+00  0.1445E-01  0.2519E+00  0.2519E+00
  0.2834E+00  0.2772E+00  0.1325E-01  0.2496E+00  0.2496E+00
  0.2846E+00  0.2609E+00  0.1376E-01  0.2473E+00  0.2473E+00
  0.2858E+00  0.2624E+00  0.1355E-01  0.2451E+00  0.2451E+00
  0.2870E+00  0.2592E+00  0.1395E-01  0.2431E+00  0.2431E+00
  0.2882E+00  0.2414E+00  0.1359E-01  0.2415E+00  0.2415E+00
  0.2894E+00  0.2339E+00  0.1410E-01  0.2400E+00  0.2400E+00
  0.2907E+00  0.2346E+00  0.2450E-01  0.2388E+00  0.2388E+00
  0.2919E+00  0.2379E+00  0.1280E-01  0.2379E+00  0.2379E+00
  0.2931E+00  0.2336E+00  0.1240E-01  0.2371E+00  0.2371E+00
  0.2943E+00  0.2690E+00  0.1292E-01  0.2367E+00  0.2367E+00
  0.2955E+00  0.2165E+00  0.1231E-01  0.2364E+00  0.2364E+00
  0.2967E+00  0.2248E+00  0.1224E-01  0.2362E+00  0.2362E+00
  0.2980E+00  0.2269E+00  0.1224E-01  0.2362E+00  0.2362E+00
  0.2992E+00  0.2247E+00  0.1348E-01  0.2362E+00  0.2362E+00
  0.3004E+00  0.2231E+00  0.2375E-01  0.2361E+00  0.2361E+00
  0.3016E+00  0.2133E+00  0.5048E-01  0.2360E+00  0.2360E+00
  0.3028E+00  0.2293E+00  0.1321E-01  0.2357E+00  0.2357E+00
  0.3040E+00  0.2435E+00  0.1264E-01  0.2352E+00  0.2352E+00
  0.3052E+00  0.2439E+00  0.1606E-01  0.2345E+00  0.2345E+00
  0.3065E+00  0.2500E+00  0.2437E-01  0.2336E+00  0.2336E+00
  0.3077E+00  0.2213E+00  0.1309E-01  0.2323E+00  0.2323E+00
  0.3089E+00  0.2374E+00  0.1343E-01  0.2307E+00  0.2307E+00
  0.3101E+00  0.2076E+00  0.1230E-01  0.2289E+00  0.2289E+00
  0.3113E+00  0.2154E+00  0.1251E-01  0.2268E+00  0.2268E+00
  0.3125E+00  0.2313E+00  0.1362E-01  0.2244E+00  0.2244E+00
  0.3138E+00  0.2239E+00  0.1398E-01  0.2218E+00  0.2218E+00
  0.3150E+00  0.2705E+00  0.1491E-01  0.2190E+00  0.2190E+00
  0.3162E+00  0.2482E+00  0.1600E-01  0.2161E+00  0.2161E+00
  0.3174E+00  0.2287E+00  0.1587E-01  0.2132E+00  0.2132E+00
  0.3186E+00  0.2158E+00  0.1780E-01  0.2102E+00  0.2102E+00
  0.3198E+00  0.1871E+00  0.1789E-01  0.2073E+00  0.2073E+00
  0.3211E+00  0.1753E+00  0.1887E-01  0.2045E+00  0.2045E+00
  0.3223E+00  0.1969E+00  0.2152E-01  0.2018E+00  0.2018E+00
  0.3235E+00  0.1492E+00  0.2524E-01  0.1992E+00  0.1992E+00
  0.3247E+00  0.1977E+00  0.4855E-01  0.1970E+00  0.1970E+00

           Distance distribution  function of particle  


       R          P(R)      ERROR

  0.0000E+00  0.0000E+00  0.0000E+00
  0.1748E+01  0.3455E-02  0.8545E-04
  0.3496E+01  0.7925E-02  0.8925E-04
  0.5244E+01  0.1341E-01  0.3747E-04
  0.6992E+01  0.1988E-01  0.4361E-04
  0.8740E+01  0.2730E-01  0.1077E-03
  0.1049E+02  0.3559E-01  0.1374E-03
  0.1224E+02  0.4463E-01  0.1225E-03
  0.1398E+02  0.5424E-01  0.7344E-04
  0.1573E+02  0.6418E-01  0.5034E-04
  0.1748E+02  0.7420E-01  0.1023E-03
  0.1923E+02  0.8399E-01  0.1417E-03
  0.2098E+02  0.9326E-01  0.1424E-03
  0.2272E+02  0.1017E+00  0.1068E-03
  0.2447E+02  0.1092E+00  0.7058E-04
  0.2622E+02  0.1156E+00  0.1017E-03
  0.2797E+02  0.1207E+00  0.1540E-03
  0.2972E+02  0.1247E+00  0.1799E-03
  0.3146E+02  0.1276E+00  0.1702E-03
  0.3321E+02  0.1296E+00  0.1407E-03
  0.3496E+02  0.1308E+00  0.1316E-03
  0.3671E+02  0.1314E+00  0.1618E-03
  0.3846E+02  0.1315E+00  0.1956E-03
  0.4020E+02  0.1312E+00  0.2058E-03
  0.4195E+02  0.1306E+00  0.1928E-03
  0.4370E+02  0.1298E+00  0.1809E-03
  0.4545E+02  0.1288E+00  0.1965E-03
  0.4720E+02  0.1277E+00  0.2304E-03
  0.4894E+02  0.1266E+00  0.2548E-03
  0.5069E+02  0.1255E+00  0.2574E-03
  0.5244E+02  0.1245E+00  0.2471E-03
  0.5419E+02  0.1237E+00  0.2448E-03
  0.5594E+02  0.1232E+00  0.2604E-03
  0.5768E+02  0.1228E+00  0.2795E-03
  0.5943E+02  0.1227E+00  0.2844E-03
  0.6118E+02  0.1226E+00  0.2738E-03
  0.6293E+02  0.1224E+00  0.2642E-03
  0.6468E+02  0.1222E+00  0.2739E-03
  0.6642E+02  0.1216E+00  0.2987E-03
  0.6817E+02  0.1208E+00  0.3183E-03
  0.6992E+02  0.1196E+00  0.3211E-03
  0.7167E+02  0.1182E+00  0.3138E-03
  0.7342E+02  0.1166E+00  0.3148E-03
  0.7516E+02  0.1148E+00  0.3335E-03
  0.7691E+02  0.1130E+00  0.3579E-03
  0.7866E+02  0.1112E+00  0.3709E-03
  0.8041E+02  0.1093E+00  0.3683E-03
  0.8216E+02  0.1074E+00  0.3618E-03
  0.8390E+02  0.1054E+00  0.3666E-03
  0.8565E+02  0.1033E+00  0.3829E-03
  0.8740E+02  0.1011E+00  0.3957E-03
  0.8915E+02  0.9866E-01  0.3926E-03
  0.9090E+02  0.9609E-01  0.3775E-03
  0.9264E+02  0.9342E-01  0.3689E-03
  0.9439E+02  0.9069E-01  0.3819E-03
  0.9614E+02  0.8797E-01  0.4099E-03
  0.9789E+02  0.8530E-01  0.4337E-03
  0.9964E+02  0.8272E-01  0.4431E-03
  0.1014E+03  0.8023E-01  0.4445E-03
  0.1031E+03  0.7785E-01  0.4528E-03
  0.1049E+03  0.7555E-01  0.4748E-03
  0.1066E+03  0.7334E-01  0.5010E-03
  0.1084E+03  0.7119E-01  0.5167E-03
  0.1101E+03  0.6911E-01  0.5159E-03
  0.1119E+03  0.6708E-01  0.5046E-03
  0.1136E+03  0.6510E-01  0.4955E-03
  0.1154E+03  0.6314E-01  0.4962E-03
  0.1171E+03  0.6118E-01  0.5044E-03
  0.1189E+03  0.5919E-01  0.5141E-03
  0.1206E+03  0.5714E-01  0.5231E-03
  0.1224E+03  0.5503E-01  0.5331E-03
  0.1241E+03  0.5286E-01  0.5441E-03
  0.1259E+03  0.5065E-01  0.5512E-03
  0.1276E+03  0.4846E-01  0.5478E-03
  0.1294E+03  0.4631E-01  0.5315E-03
  0.1311E+03  0.4425E-01  0.5057E-03
  0.1328E+03  0.4227E-01  0.4779E-03
  0.1346E+03  0.4037E-01  0.4554E-03
  0.1363E+03  0.3850E-01  0.4435E-03
  0.1381E+03  0.3662E-01  0.4453E-03
  0.1398E+03  0.3468E-01  0.4600E-03
  0.1416E+03  0.3266E-01  0.4802E-03
  0.1433E+03  0.3059E-01  0.4950E-03
  0.1451E+03  0.2850E-01  0.4980E-03
  0.1468E+03  0.2646E-01  0.4935E-03
  0.1486E+03  0.2453E-01  0.4945E-03
  0.1503E+03  0.2276E-01  0.5086E-03
  0.1521E+03  0.2113E-01  0.5264E-03
  0.1538E+03  0.1963E-01  0.5288E-03
  0.1556E+03  0.1820E-01  0.5047E-03
  0.1573E+03  0.1679E-01  0.4639E-03
  0.1591E+03  0.1538E-01  0.4346E-03
  0.1608E+03  0.1402E-01  0.4390E-03
  0.1626E+03  0.1280E-01  0.4648E-03
  0.1643E+03  0.1184E-01  0.4852E-03
  0.1661E+03  0.1119E-01  0.4958E-03
  0.1678E+03  0.1078E-01  0.5170E-03
  0.1696E+03  0.1027E-01  0.5531E-03
  0.1713E+03  0.9018E-02  0.5493E-03
  0.1731E+03  0.6032E-02  0.4044E-03
  0.1748E+03  0.0000E+00  0.0000E+00
          Reciprocal space: Rg =   56.35     , I(0) =   0.1621E+03
     Real space: Rg =   56.61 +- 0.110  I(0) =   0.1621E+03 +-  0.4701E+00
