
           ####    G N O M   ---   Version 4.5a revised 09/02/02     ####

                                                  Tue Nov  3 18:05:22 2009
           ===    Run No   1   ===
 Run title:  0.010642 52.102378 0.246886


  Number of points omitted at the beginning:           3

          To optimize the performance, some input data points 
           have been joined. New number of points equals to 257

   *******   Working Directory :
   *******    Input file(s) :
           Condition P(rmin) = 0 is used. 
           Condition P(rmax) = 0 is used. 

          Experimental conditions for the first run
          -----------------------------------------

          Highest ALPHA is found to be   0.3506E+04

  The measure of inconsistency AN1 equals to    0.8810E+00
     Alpha    Discrp  Oscill  Stabil  Sysdev  Positv  Valcen    Total   
  0.3506E+07 82.9132  1.6644  0.9798  0.0000  1.0000  0.7392  0.19894
  0.7012E+06 79.8565  1.6547  0.9413  0.0000  1.0000  0.7407  0.20205
  0.1402E+06 68.2305  1.6125  0.7977  0.0391  1.0000  0.7470  0.21797
  0.2805E+05 44.0920  1.4991  0.5263  0.0703  1.0000  0.7675  0.25689
  0.5610E+04 20.2413  1.3982  0.2885  0.1484  1.0000  0.7994  0.29866
  0.1122E+04  6.3968  1.3503  0.1163  0.2891  1.0000  0.8231  0.42705
  0.2244E+03  1.8882  1.3296  0.0357  0.4766  1.0000  0.8329  0.61901
  0.4488E+02  1.0382  1.3268  0.0111  0.6641  1.0000  0.8353  0.76490
  0.8976E+01  0.9168  1.3350  0.0069  0.7109  1.0000  0.8357  0.81561
  0.1795E+01  0.8700  1.3676  0.0087  0.6641  1.0000  0.8357  0.79086
  0.3590E+00  0.8344  1.4966  0.0171  0.6172  1.0000  0.8351  0.73497
  0.7181E-01  0.8107  1.8156  0.0147  0.6484  1.0000  0.8339  0.66552
  0.1436E-01  0.8021  2.3088  0.0349  0.6797  1.0000  0.8336  0.60376
  0.2872E-02  0.7919  4.3391  0.1312  0.6953  0.9993  0.8321  0.47487
  0.5744E-03  0.7660 12.1568  0.4190  0.7422  0.9829  0.7642  0.41830
  0.1149E-03  0.7221 19.8429  0.3776  0.8047  0.9097  0.3386  0.00000

          ***  Golden section search to maximize estimate ***
     Alpha    Discrp  Oscill  Stabil  Sysdev  Positv  Valcen    Total   
  0.3320E+01  0.8853  1.3501  0.0074  0.6953  1.0000  0.8358  0.81017
  0.6139E+01  0.9035  1.3394  0.0069  0.6953  1.0000  0.8358  0.80835
  0.4198E+01  0.8919  1.3454  0.0072  0.6953  1.0000  0.8358  0.80970
  0.5309E+01  0.8989  1.3415  0.0070  0.6953  1.0000  0.8358  0.80894
  0.4592E+01  0.8945  1.3438  0.0071  0.7266  1.0000  0.8358  0.82790
  0.4437E+01  0.8935  1.3444  0.0071  0.7109  1.0000  0.8358  0.81886
  0.4690E+01  0.8951  1.3434  0.0071  0.7109  1.0000  0.8358  0.81869
  0.4532E+01  0.8941  1.3440  0.0071  0.7266  1.0000  0.8358  0.82794
  0.4496E+01  0.8939  1.3442  0.0071  0.7266  1.0000  0.8358  0.82797
  0.4473E+01  0.8937  1.3443  0.0071  0.7266  1.0000  0.8358  0.82798
  0.4460E+01  0.8936  1.3443  0.0071  0.7266  1.0000  0.8358  0.82799
  0.4451E+01  0.8936  1.3443  0.0071  0.7266  1.0000  0.8358  0.82800
  0.4446E+01  0.8935  1.3444  0.0071  0.7266  1.0000  0.8358  0.82800
  0.4446E+01  0.8935  1.3444  0.0071  0.7266  1.0000  0.8358  0.82800



             ####            Final results            ####

 Parameter    DISCRP    OSCILL    STABIL    SYSDEV    POSITV    VALCEN
 Weight        1.000     3.000     3.000     5.000     1.000     1.000
 Sigma         0.300     0.600     0.120     0.500     0.120     0.120
 Ideal         0.700     1.200     0.000     1.000     1.000     0.950
 Current       0.894     1.344     0.007     0.727     1.000     0.836
                - - - - - - - - - - - - - - - - - - - - - - - - - 
 Estimate      0.660     0.944     0.997     0.742     1.000     0.404

  Angular   range    :     from    0.0134   to    0.3247
  Real space range   :     from      0.00   to    162.00

  Highest ALPHA (theor) :   0.351E+07                 JOB = 0
  Current ALPHA         :   0.445E+01   Rg :  0.532E+02   I(0) :   0.564E+02

           Total  estimate : 0.828  which is    A GOOD      solution

      S          J EXP       ERROR       J REG       I REG

  0.0000E+00                                      0.5643E+02
  0.1216E-02                                      0.5635E+02
  0.2433E-02                                      0.5611E+02
  0.3649E-02                                      0.5572E+02
  0.4865E-02                                      0.5517E+02
  0.6081E-02                                      0.5448E+02
  0.7298E-02                                      0.5365E+02
  0.8514E-02                                      0.5268E+02
  0.9730E-02                                      0.5159E+02
  0.1095E-01                                      0.5038E+02
  0.1216E-01                                      0.4908E+02
  0.1338E-01  0.4897E+02  0.5811E+00  0.4768E+02  0.4768E+02
  0.1460E-01  0.4759E+02  0.5288E+00  0.4620E+02  0.4620E+02
  0.1581E-01  0.4606E+02  0.4042E+00  0.4466E+02  0.4466E+02
  0.1703E-01  0.4393E+02  0.4096E+00  0.4306E+02  0.4306E+02
  0.1824E-01  0.4267E+02  0.3253E+00  0.4142E+02  0.4142E+02
  0.1946E-01  0.4044E+02  0.3162E+00  0.3975E+02  0.3975E+02
  0.2068E-01  0.3819E+02  0.3230E+00  0.3807E+02  0.3807E+02
  0.2189E-01  0.3650E+02  0.2849E+00  0.3638E+02  0.3638E+02
  0.2311E-01  0.3457E+02  0.2305E+00  0.3469E+02  0.3469E+02
  0.2433E-01  0.3293E+02  0.2035E+00  0.3303E+02  0.3303E+02
  0.2554E-01  0.3139E+02  0.1966E+00  0.3139E+02  0.3139E+02
  0.2676E-01  0.2978E+02  0.1924E+00  0.2978E+02  0.2978E+02
  0.2797E-01  0.2780E+02  0.1601E+00  0.2822E+02  0.2822E+02
  0.2919E-01  0.2637E+02  0.1506E+00  0.2672E+02  0.2672E+02
  0.3041E-01  0.2494E+02  0.1503E+00  0.2526E+02  0.2526E+02
  0.3162E-01  0.2351E+02  0.1428E+00  0.2387E+02  0.2387E+02
  0.3284E-01  0.2236E+02  0.1241E+00  0.2254E+02  0.2254E+02
  0.3406E-01  0.2122E+02  0.1232E+00  0.2128E+02  0.2128E+02
  0.3527E-01  0.1988E+02  0.1112E+00  0.2008E+02  0.2008E+02
  0.3649E-01  0.1876E+02  0.1077E+00  0.1896E+02  0.1896E+02
  0.3770E-01  0.1773E+02  0.1029E+00  0.1790E+02  0.1790E+02
  0.3892E-01  0.1685E+02  0.8244E-01  0.1691E+02  0.1691E+02
  0.4014E-01  0.1597E+02  0.8879E-01  0.1599E+02  0.1599E+02
  0.4135E-01  0.1522E+02  0.7902E-01  0.1514E+02  0.1514E+02
  0.4257E-01  0.1448E+02  0.7851E-01  0.1434E+02  0.1434E+02
  0.4379E-01  0.1372E+02  0.6949E-01  0.1361E+02  0.1361E+02
  0.4500E-01  0.1312E+02  0.7003E-01  0.1292E+02  0.1292E+02
  0.4622E-01  0.1246E+02  0.6684E-01  0.1229E+02  0.1229E+02
  0.4743E-01  0.1175E+02  0.5979E-01  0.1171E+02  0.1171E+02
  0.4865E-01  0.1126E+02  0.5701E-01  0.1117E+02  0.1117E+02
  0.4987E-01  0.1070E+02  0.5300E-01  0.1067E+02  0.1067E+02
  0.5108E-01  0.1023E+02  0.5608E-01  0.1020E+02  0.1020E+02
  0.5230E-01  0.9848E+01  0.5744E-01  0.9763E+01  0.9763E+01
  0.5352E-01  0.9460E+01  0.4736E-01  0.9356E+01  0.9356E+01
  0.5473E-01  0.8977E+01  0.4532E-01  0.8974E+01  0.8974E+01
  0.5595E-01  0.8592E+01  0.4642E-01  0.8614E+01  0.8614E+01
  0.5716E-01  0.8275E+01  0.4446E-01  0.8273E+01  0.8273E+01
  0.5838E-01  0.7866E+01  0.4628E-01  0.7949E+01  0.7949E+01
  0.5960E-01  0.7618E+01  0.4281E-01  0.7639E+01  0.7639E+01
  0.6081E-01  0.7324E+01  0.4036E-01  0.7343E+01  0.7343E+01
  0.6203E-01  0.6973E+01  0.4173E-01  0.7059E+01  0.7059E+01
  0.6325E-01  0.6794E+01  0.4147E-01  0.6786E+01  0.6786E+01
  0.6446E-01  0.6441E+01  0.4343E-01  0.6522E+01  0.6522E+01
  0.6568E-01  0.6168E+01  0.4122E-01  0.6267E+01  0.6267E+01
  0.6689E-01  0.5973E+01  0.4054E-01  0.6021E+01  0.6021E+01
  0.6811E-01  0.5791E+01  0.3599E-01  0.5784E+01  0.5784E+01
  0.6933E-01  0.5527E+01  0.3794E-01  0.5555E+01  0.5555E+01
  0.7054E-01  0.5302E+01  0.3371E-01  0.5334E+01  0.5334E+01
  0.7176E-01  0.5099E+01  0.3245E-01  0.5121E+01  0.5121E+01
  0.7298E-01  0.4881E+01  0.3316E-01  0.4916E+01  0.4916E+01
  0.7419E-01  0.4777E+01  0.2956E-01  0.4719E+01  0.4719E+01
  0.7541E-01  0.4541E+01  0.3047E-01  0.4531E+01  0.4531E+01
  0.7662E-01  0.4348E+01  0.3000E-01  0.4350E+01  0.4350E+01
  0.7784E-01  0.4227E+01  0.2914E-01  0.4179E+01  0.4179E+01
  0.7906E-01  0.4048E+01  0.2815E-01  0.4015E+01  0.4015E+01
  0.8027E-01  0.3850E+01  0.2952E-01  0.3859E+01  0.3859E+01
  0.8149E-01  0.3683E+01  0.2753E-01  0.3710E+01  0.3710E+01
  0.8271E-01  0.3586E+01  0.2831E-01  0.3569E+01  0.3569E+01
  0.8392E-01  0.3475E+01  0.2813E-01  0.3435E+01  0.3435E+01
  0.8514E-01  0.3362E+01  0.2539E-01  0.3308E+01  0.3308E+01
  0.8635E-01  0.3254E+01  0.2604E-01  0.3187E+01  0.3187E+01
  0.8757E-01  0.3109E+01  0.2766E-01  0.3071E+01  0.3071E+01
  0.8879E-01  0.2971E+01  0.2826E-01  0.2961E+01  0.2961E+01
  0.9000E-01  0.2851E+01  0.2608E-01  0.2855E+01  0.2855E+01
  0.9122E-01  0.2703E+01  0.2875E-01  0.2754E+01  0.2754E+01
  0.9244E-01  0.2621E+01  0.2763E-01  0.2656E+01  0.2656E+01
  0.9365E-01  0.2597E+01  0.2627E-01  0.2561E+01  0.2561E+01
  0.9487E-01  0.2431E+01  0.2636E-01  0.2470E+01  0.2470E+01
  0.9608E-01  0.2323E+01  0.2572E-01  0.2381E+01  0.2381E+01
  0.9730E-01  0.2297E+01  0.2566E-01  0.2293E+01  0.2293E+01
  0.9852E-01  0.2217E+01  0.3258E-01  0.2208E+01  0.2208E+01
  0.9973E-01  0.2071E+01  0.5663E-01  0.2125E+01  0.2125E+01
  0.1009E+00  0.1977E+01  0.3883E-01  0.2043E+01  0.2043E+01
  0.1022E+00  0.1937E+01  0.2527E-01  0.1962E+01  0.1962E+01
  0.1034E+00  0.1846E+01  0.2431E-01  0.1883E+01  0.1883E+01
  0.1046E+00  0.1790E+01  0.2182E-01  0.1805E+01  0.1805E+01
  0.1058E+00  0.1725E+01  0.2234E-01  0.1729E+01  0.1729E+01
  0.1070E+00  0.1671E+01  0.2049E-01  0.1654E+01  0.1654E+01
  0.1082E+00  0.1580E+01  0.2174E-01  0.1581E+01  0.1581E+01
  0.1095E+00  0.1532E+01  0.3561E-01  0.1510E+01  0.1510E+01
  0.1107E+00  0.1449E+01  0.5396E-01  0.1440E+01  0.1440E+01
  0.1119E+00  0.1371E+01  0.3076E-01  0.1373E+01  0.1373E+01
  0.1131E+00  0.1295E+01  0.2168E-01  0.1309E+01  0.1309E+01
  0.1143E+00  0.1231E+01  0.2170E-01  0.1247E+01  0.1247E+01
  0.1155E+00  0.1231E+01  0.2154E-01  0.1187E+01  0.1187E+01
  0.1168E+00  0.1153E+01  0.2114E-01  0.1130E+01  0.1130E+01
  0.1180E+00  0.1077E+01  0.2089E-01  0.1075E+01  0.1075E+01
  0.1192E+00  0.1054E+01  0.1959E-01  0.1024E+01  0.1024E+01
  0.1204E+00  0.9912E+00  0.2076E-01  0.9750E+00  0.9750E+00
  0.1216E+00  0.9218E+00  0.1983E-01  0.9289E+00  0.9289E+00
  0.1228E+00  0.8857E+00  0.2015E-01  0.8854E+00  0.8854E+00
  0.1241E+00  0.8901E+00  0.1920E-01  0.8446E+00  0.8446E+00
  0.1253E+00  0.8128E+00  0.2035E-01  0.8062E+00  0.8062E+00
  0.1265E+00  0.7503E+00  0.1992E-01  0.7702E+00  0.7702E+00
  0.1277E+00  0.6952E+00  0.2005E-01  0.7363E+00  0.7363E+00
  0.1289E+00  0.6902E+00  0.2052E-01  0.7046E+00  0.7046E+00
  0.1301E+00  0.6732E+00  0.1878E-01  0.6747E+00  0.6747E+00
  0.1314E+00  0.6368E+00  0.1844E-01  0.6465E+00  0.6465E+00
  0.1326E+00  0.6478E+00  0.1960E-01  0.6199E+00  0.6199E+00
  0.1338E+00  0.6060E+00  0.1861E-01  0.5948E+00  0.5948E+00
  0.1350E+00  0.5743E+00  0.1869E-01  0.5709E+00  0.5709E+00
  0.1362E+00  0.5311E+00  0.1967E-01  0.5482E+00  0.5482E+00
  0.1374E+00  0.5201E+00  0.1858E-01  0.5265E+00  0.5265E+00
  0.1387E+00  0.4832E+00  0.1966E-01  0.5058E+00  0.5058E+00
  0.1399E+00  0.4452E+00  0.1962E-01  0.4860E+00  0.4860E+00
  0.1411E+00  0.4499E+00  0.1966E-01  0.4671E+00  0.4671E+00
  0.1423E+00  0.4415E+00  0.1824E-01  0.4489E+00  0.4489E+00
  0.1435E+00  0.4090E+00  0.1930E-01  0.4316E+00  0.4316E+00
  0.1447E+00  0.4152E+00  0.1846E-01  0.4150E+00  0.4150E+00
  0.1459E+00  0.4144E+00  0.1788E-01  0.3993E+00  0.3993E+00
  0.1472E+00  0.3876E+00  0.1867E-01  0.3843E+00  0.3843E+00
  0.1484E+00  0.3701E+00  0.1717E-01  0.3701E+00  0.3701E+00
  0.1496E+00  0.3619E+00  0.1835E-01  0.3568E+00  0.3568E+00
  0.1508E+00  0.3495E+00  0.1685E-01  0.3444E+00  0.3444E+00
  0.1520E+00  0.3421E+00  0.2517E-01  0.3328E+00  0.3328E+00
  0.1532E+00  0.2875E+00  0.2909E-01  0.3221E+00  0.3221E+00
  0.1545E+00  0.2930E+00  0.2227E-01  0.3123E+00  0.3123E+00
  0.1557E+00  0.3515E+00  0.1696E-01  0.3033E+00  0.3033E+00
  0.1569E+00  0.3224E+00  0.1682E-01  0.2951E+00  0.2951E+00
  0.1581E+00  0.2953E+00  0.1738E-01  0.2877E+00  0.2877E+00
  0.1593E+00  0.2515E+00  0.1700E-01  0.2811E+00  0.2811E+00
  0.1605E+00  0.2613E+00  0.1601E-01  0.2752E+00  0.2752E+00
  0.1618E+00  0.2718E+00  0.1668E-01  0.2698E+00  0.2698E+00
  0.1630E+00  0.2714E+00  0.1588E-01  0.2650E+00  0.2650E+00
  0.1642E+00  0.2733E+00  0.1596E-01  0.2607E+00  0.2607E+00
  0.1654E+00  0.2742E+00  0.1561E-01  0.2567E+00  0.2567E+00
  0.1666E+00  0.2481E+00  0.1516E-01  0.2530E+00  0.2530E+00
  0.1678E+00  0.2623E+00  0.1619E-01  0.2495E+00  0.2495E+00
  0.1691E+00  0.2529E+00  0.1636E-01  0.2461E+00  0.2461E+00
  0.1703E+00  0.2228E+00  0.1641E-01  0.2427E+00  0.2427E+00
  0.1715E+00  0.2063E+00  0.1540E-01  0.2394E+00  0.2394E+00
  0.1727E+00  0.2188E+00  0.1643E-01  0.2360E+00  0.2360E+00
  0.1739E+00  0.2059E+00  0.1614E-01  0.2324E+00  0.2324E+00
  0.1751E+00  0.2195E+00  0.1604E-01  0.2288E+00  0.2288E+00
  0.1764E+00  0.2484E+00  0.1669E-01  0.2250E+00  0.2250E+00
  0.1776E+00  0.2460E+00  0.1876E-01  0.2211E+00  0.2211E+00
  0.1788E+00  0.2476E+00  0.1711E-01  0.2171E+00  0.2171E+00
  0.1800E+00  0.2212E+00  0.1569E-01  0.2130E+00  0.2130E+00
  0.1812E+00  0.1978E+00  0.1522E-01  0.2088E+00  0.2088E+00
  0.1824E+00  0.2052E+00  0.1607E-01  0.2048E+00  0.2048E+00
  0.1836E+00  0.2003E+00  0.1555E-01  0.2007E+00  0.2007E+00
  0.1849E+00  0.1827E+00  0.1623E-01  0.1967E+00  0.1967E+00
  0.1861E+00  0.1769E+00  0.1585E-01  0.1930E+00  0.1930E+00
  0.1873E+00  0.1932E+00  0.1587E-01  0.1895E+00  0.1895E+00
  0.1885E+00  0.1504E+00  0.1535E-01  0.1863E+00  0.1863E+00
  0.1897E+00  0.1837E+00  0.1635E-01  0.1834E+00  0.1834E+00
  0.1909E+00  0.1876E+00  0.1598E-01  0.1810E+00  0.1810E+00
  0.1922E+00  0.1803E+00  0.1532E-01  0.1790E+00  0.1790E+00
  0.1934E+00  0.1828E+00  0.1528E-01  0.1774E+00  0.1774E+00
  0.1946E+00  0.1853E+00  0.1453E-01  0.1763E+00  0.1763E+00
  0.1958E+00  0.1878E+00  0.1567E-01  0.1756E+00  0.1756E+00
  0.1970E+00  0.1808E+00  0.1640E-01  0.1754E+00  0.1754E+00
  0.1982E+00  0.1520E+00  0.1555E-01  0.1756E+00  0.1756E+00
  0.1995E+00  0.1664E+00  0.1542E-01  0.1761E+00  0.1761E+00
  0.2007E+00  0.1985E+00  0.1457E-01  0.1769E+00  0.1769E+00
  0.2019E+00  0.1876E+00  0.1557E-01  0.1779E+00  0.1779E+00
  0.2031E+00  0.2136E+00  0.1567E-01  0.1791E+00  0.1791E+00
  0.2043E+00  0.1893E+00  0.1789E-01  0.1804E+00  0.1804E+00
  0.2055E+00  0.1764E+00  0.4960E-01  0.1817E+00  0.1817E+00
  0.2068E+00  0.1694E+00  0.5786E-01  0.1830E+00  0.1830E+00
  0.2080E+00  0.1989E+00  0.1475E-01  0.1841E+00  0.1841E+00
  0.2092E+00  0.1695E+00  0.1407E-01  0.1850E+00  0.1850E+00
  0.2104E+00  0.1641E+00  0.1448E-01  0.1856E+00  0.1856E+00
  0.2116E+00  0.1689E+00  0.1485E-01  0.1860E+00  0.1860E+00
  0.2128E+00  0.1876E+00  0.1457E-01  0.1860E+00  0.1860E+00
  0.2141E+00  0.1799E+00  0.1525E-01  0.1856E+00  0.1856E+00
  0.2153E+00  0.1926E+00  0.1531E-01  0.1848E+00  0.1848E+00
  0.2165E+00  0.1677E+00  0.1497E-01  0.1836E+00  0.1836E+00
  0.2177E+00  0.1798E+00  0.1460E-01  0.1820E+00  0.1820E+00
  0.2189E+00  0.2053E+00  0.1560E-01  0.1801E+00  0.1801E+00
  0.2201E+00  0.1794E+00  0.1523E-01  0.1778E+00  0.1778E+00
  0.2213E+00  0.1726E+00  0.1517E-01  0.1753E+00  0.1753E+00
  0.2226E+00  0.1764E+00  0.1416E-01  0.1725E+00  0.1725E+00
  0.2238E+00  0.1761E+00  0.1457E-01  0.1696E+00  0.1696E+00
  0.2250E+00  0.1832E+00  0.1505E-01  0.1665E+00  0.1665E+00
  0.2262E+00  0.1524E+00  0.1498E-01  0.1635E+00  0.1635E+00
  0.2274E+00  0.1374E+00  0.1421E-01  0.1604E+00  0.1604E+00
  0.2286E+00  0.1323E+00  0.1419E-01  0.1575E+00  0.1575E+00
  0.2299E+00  0.1770E+00  0.1435E-01  0.1547E+00  0.1547E+00
  0.2311E+00  0.1548E+00  0.1453E-01  0.1521E+00  0.1521E+00
  0.2323E+00  0.1696E+00  0.1479E-01  0.1498E+00  0.1498E+00
  0.2335E+00  0.1401E+00  0.1419E-01  0.1478E+00  0.1478E+00
  0.2347E+00  0.1362E+00  0.1353E-01  0.1460E+00  0.1460E+00
  0.2359E+00  0.1342E+00  0.1484E-01  0.1447E+00  0.1447E+00
  0.2372E+00  0.1343E+00  0.1445E-01  0.1437E+00  0.1437E+00
  0.2384E+00  0.1361E+00  0.1409E-01  0.1430E+00  0.1430E+00
  0.2396E+00  0.1487E+00  0.1418E-01  0.1426E+00  0.1426E+00
  0.2408E+00  0.1660E+00  0.1440E-01  0.1425E+00  0.1425E+00
  0.2420E+00  0.1367E+00  0.1462E-01  0.1427E+00  0.1427E+00
  0.2432E+00  0.1535E+00  0.1507E-01  0.1432E+00  0.1432E+00
  0.2445E+00  0.1522E+00  0.1515E-01  0.1438E+00  0.1438E+00
  0.2457E+00  0.1481E+00  0.1457E-01  0.1445E+00  0.1445E+00
  0.2469E+00  0.1709E+00  0.1452E-01  0.1453E+00  0.1453E+00
  0.2481E+00  0.1735E+00  0.1485E-01  0.1462E+00  0.1462E+00
  0.2493E+00  0.1619E+00  0.1415E-01  0.1470E+00  0.1470E+00
  0.2505E+00  0.1443E+00  0.1476E-01  0.1477E+00  0.1477E+00
  0.2517E+00  0.1181E+00  0.1425E-01  0.1484E+00  0.1484E+00
  0.2530E+00  0.1267E+00  0.1437E-01  0.1489E+00  0.1489E+00
  0.2542E+00  0.1335E+00  0.1452E-01  0.1492E+00  0.1492E+00
  0.2554E+00  0.1325E+00  0.1342E-01  0.1493E+00  0.1493E+00
  0.2566E+00  0.1365E+00  0.1391E-01  0.1493E+00  0.1493E+00
  0.2578E+00  0.1430E+00  0.1452E-01  0.1490E+00  0.1490E+00
  0.2590E+00  0.1323E+00  0.1383E-01  0.1485E+00  0.1485E+00
  0.2603E+00  0.1619E+00  0.1420E-01  0.1477E+00  0.1477E+00
  0.2615E+00  0.1215E+00  0.1740E-01  0.1469E+00  0.1469E+00
  0.2627E+00  0.1653E+00  0.2804E-01  0.1458E+00  0.1458E+00
  0.2639E+00  0.1389E+00  0.1426E-01  0.1446E+00  0.1446E+00
  0.2651E+00  0.1385E+00  0.1403E-01  0.1433E+00  0.1433E+00
  0.2663E+00  0.1750E+00  0.1408E-01  0.1420E+00  0.1420E+00
  0.2676E+00  0.1754E+00  0.1379E-01  0.1406E+00  0.1406E+00
  0.2688E+00  0.1421E+00  0.1514E-01  0.1392E+00  0.1392E+00
  0.2700E+00  0.1420E+00  0.1469E-01  0.1379E+00  0.1379E+00
  0.2712E+00  0.1301E+00  0.1427E-01  0.1366E+00  0.1366E+00
  0.2724E+00  0.1345E+00  0.1293E-01  0.1354E+00  0.1354E+00
  0.2736E+00  0.1480E+00  0.1347E-01  0.1344E+00  0.1344E+00
  0.2749E+00  0.1527E+00  0.1361E-01  0.1334E+00  0.1334E+00
  0.2761E+00  0.1101E+00  0.1331E-01  0.1326E+00  0.1326E+00
  0.2773E+00  0.1180E+00  0.1401E-01  0.1319E+00  0.1319E+00
  0.2785E+00  0.1207E+00  0.1478E-01  0.1314E+00  0.1314E+00
  0.2797E+00  0.1328E+00  0.1378E-01  0.1311E+00  0.1311E+00
  0.2809E+00  0.1452E+00  0.1773E-01  0.1308E+00  0.1308E+00
  0.2821E+00  0.1164E+00  0.1696E-01  0.1307E+00  0.1307E+00
  0.2834E+00  0.1083E+00  0.1312E-01  0.1306E+00  0.1306E+00
  0.2846E+00  0.1493E+00  0.1292E-01  0.1307E+00  0.1307E+00
  0.2858E+00  0.1460E+00  0.1450E-01  0.1308E+00  0.1308E+00
  0.2870E+00  0.1432E+00  0.1334E-01  0.1309E+00  0.1309E+00
  0.2882E+00  0.1267E+00  0.1321E-01  0.1310E+00  0.1310E+00
  0.2894E+00  0.1291E+00  0.1328E-01  0.1312E+00  0.1312E+00
  0.2907E+00  0.1398E+00  0.1718E-01  0.1313E+00  0.1313E+00
  0.2919E+00  0.1417E+00  0.1513E-01  0.1313E+00  0.1313E+00
  0.2931E+00  0.1061E+00  0.1277E-01  0.1313E+00  0.1313E+00
  0.2943E+00  0.1181E+00  0.1234E-01  0.1313E+00  0.1313E+00
  0.2955E+00  0.1464E+00  0.1293E-01  0.1311E+00  0.1311E+00
  0.2967E+00  0.1283E+00  0.1257E-01  0.1309E+00  0.1309E+00
  0.2980E+00  0.1169E+00  0.1248E-01  0.1307E+00  0.1307E+00
  0.2992E+00  0.1426E+00  0.1276E-01  0.1303E+00  0.1303E+00
  0.3004E+00  0.1216E+00  0.1532E-01  0.1299E+00  0.1299E+00
  0.3016E+00  0.1407E+00  0.1270E-01  0.1295E+00  0.1295E+00
  0.3028E+00  0.1398E+00  0.1294E-01  0.1291E+00  0.1291E+00
  0.3040E+00  0.1140E+00  0.1272E-01  0.1286E+00  0.1286E+00
  0.3052E+00  0.7942E-01  0.1299E-01  0.1282E+00  0.1282E+00
  0.3065E+00  0.1279E+00  0.1346E-01  0.1278E+00  0.1278E+00
  0.3077E+00  0.1246E+00  0.1167E-01  0.1275E+00  0.1275E+00
  0.3089E+00  0.1132E+00  0.1227E-01  0.1272E+00  0.1272E+00
  0.3101E+00  0.1417E+00  0.1232E-01  0.1270E+00  0.1270E+00
  0.3113E+00  0.1512E+00  0.1240E-01  0.1268E+00  0.1268E+00
  0.3125E+00  0.1211E+00  0.1344E-01  0.1267E+00  0.1267E+00
  0.3138E+00  0.1297E+00  0.3000E-01  0.1267E+00  0.1267E+00
  0.3150E+00  0.1563E+00  0.1425E-01  0.1267E+00  0.1267E+00
  0.3162E+00  0.1582E+00  0.1469E-01  0.1268E+00  0.1268E+00
  0.3174E+00  0.1570E+00  0.1604E-01  0.1270E+00  0.1270E+00
  0.3186E+00  0.1447E+00  0.1783E-01  0.1272E+00  0.1272E+00
  0.3198E+00  0.1081E+00  0.1724E-01  0.1273E+00  0.1273E+00
  0.3211E+00  0.1226E+00  0.2008E-01  0.1275E+00  0.1275E+00
  0.3223E+00  0.1076E+00  0.2004E-01  0.1276E+00  0.1276E+00
  0.3235E+00  0.1075E+00  0.2331E-01  0.1277E+00  0.1277E+00
  0.3247E+00  0.5341E-01  0.4113E-01  0.1277E+00  0.1277E+00

           Distance distribution  function of particle  


       R          P(R)      ERROR

  0.0000E+00  0.0000E+00  0.0000E+00
  0.1620E+01  0.1750E-02  0.4346E-04
  0.3240E+01  0.3520E-02  0.5039E-04
  0.4860E+01  0.5371E-02  0.3081E-04
  0.6480E+01  0.7390E-02  0.1513E-04
  0.8100E+01  0.9666E-02  0.4547E-04
  0.9720E+01  0.1227E-01  0.6967E-04
  0.1134E+02  0.1524E-01  0.7634E-04
  0.1296E+02  0.1856E-01  0.6459E-04
  0.1458E+02  0.2216E-01  0.4246E-04
  0.1620E+02  0.2594E-01  0.3587E-04
  0.1782E+02  0.2974E-01  0.5660E-04
  0.1944E+02  0.3342E-01  0.7511E-04
  0.2106E+02  0.3683E-01  0.7886E-04
  0.2268E+02  0.3987E-01  0.6744E-04
  0.2430E+02  0.4246E-01  0.5163E-04
  0.2592E+02  0.4459E-01  0.5507E-04
  0.2754E+02  0.4627E-01  0.7795E-04
  0.2916E+02  0.4754E-01  0.9834E-04
  0.3078E+02  0.4847E-01  0.1053E-03
  0.3240E+02  0.4913E-01  0.9747E-04
  0.3402E+02  0.4955E-01  0.8247E-04
  0.3564E+02  0.4978E-01  0.7623E-04
  0.3726E+02  0.4983E-01  0.8813E-04
  0.3888E+02  0.4970E-01  0.1064E-03
  0.4050E+02  0.4940E-01  0.1180E-03
  0.4212E+02  0.4893E-01  0.1194E-03
  0.4374E+02  0.4832E-01  0.1154E-03
  0.4536E+02  0.4760E-01  0.1153E-03
  0.4698E+02  0.4683E-01  0.1243E-03
  0.4860E+02  0.4606E-01  0.1373E-03
  0.5022E+02  0.4536E-01  0.1464E-03
  0.5184E+02  0.4477E-01  0.1481E-03
  0.5346E+02  0.4431E-01  0.1448E-03
  0.5508E+02  0.4398E-01  0.1427E-03
  0.5670E+02  0.4377E-01  0.1461E-03
  0.5832E+02  0.4362E-01  0.1529E-03
  0.5994E+02  0.4350E-01  0.1577E-03
  0.6156E+02  0.4336E-01  0.1579E-03
  0.6318E+02  0.4315E-01  0.1559E-03
  0.6480E+02  0.4287E-01  0.1570E-03
  0.6642E+02  0.4251E-01  0.1638E-03
  0.6804E+02  0.4210E-01  0.1736E-03
  0.6966E+02  0.4164E-01  0.1808E-03
  0.7128E+02  0.4117E-01  0.1826E-03
  0.7290E+02  0.4071E-01  0.1811E-03
  0.7452E+02  0.4025E-01  0.1812E-03
  0.7614E+02  0.3978E-01  0.1869E-03
  0.7776E+02  0.3928E-01  0.1974E-03
  0.7938E+02  0.3872E-01  0.2085E-03
  0.8100E+02  0.3808E-01  0.2169E-03
  0.8262E+02  0.3735E-01  0.2220E-03
  0.8424E+02  0.3653E-01  0.2247E-03
  0.8586E+02  0.3563E-01  0.2255E-03
  0.8748E+02  0.3470E-01  0.2233E-03
  0.8910E+02  0.3375E-01  0.2174E-03
  0.9072E+02  0.3282E-01  0.2102E-03
  0.9234E+02  0.3194E-01  0.2076E-03
  0.9396E+02  0.3109E-01  0.2152E-03
  0.9558E+02  0.3028E-01  0.2315E-03
  0.9720E+02  0.2946E-01  0.2490E-03
  0.9882E+02  0.2861E-01  0.2600E-03
  0.1004E+03  0.2771E-01  0.2617E-03
  0.1021E+03  0.2674E-01  0.2586E-03
  0.1037E+03  0.2570E-01  0.2594E-03
  0.1053E+03  0.2463E-01  0.2704E-03
  0.1069E+03  0.2356E-01  0.2892E-03
  0.1085E+03  0.2256E-01  0.3071E-03
  0.1102E+03  0.2166E-01  0.3162E-03
  0.1118E+03  0.2091E-01  0.3143E-03
  0.1134E+03  0.2030E-01  0.3056E-03
  0.1150E+03  0.1983E-01  0.2979E-03
  0.1166E+03  0.1945E-01  0.2971E-03
  0.1183E+03  0.1911E-01  0.3032E-03
  0.1199E+03  0.1874E-01  0.3109E-03
  0.1215E+03  0.1828E-01  0.3156E-03
  0.1231E+03  0.1771E-01  0.3158E-03
  0.1247E+03  0.1700E-01  0.3134E-03
  0.1264E+03  0.1618E-01  0.3104E-03
  0.1280E+03  0.1528E-01  0.3066E-03
  0.1296E+03  0.1435E-01  0.2999E-03
  0.1312E+03  0.1344E-01  0.2890E-03
  0.1328E+03  0.1260E-01  0.2762E-03
  0.1345E+03  0.1184E-01  0.2670E-03
  0.1361E+03  0.1115E-01  0.2659E-03
  0.1377E+03  0.1053E-01  0.2718E-03
  0.1393E+03  0.9930E-02  0.2785E-03
  0.1409E+03  0.9338E-02  0.2799E-03
  0.1426E+03  0.8734E-02  0.2743E-03
  0.1442E+03  0.8123E-02  0.2661E-03
  0.1458E+03  0.7527E-02  0.2637E-03
  0.1474E+03  0.6981E-02  0.2728E-03
  0.1490E+03  0.6523E-02  0.2921E-03
  0.1507E+03  0.6171E-02  0.3149E-03
  0.1523E+03  0.5914E-02  0.3345E-03
  0.1539E+03  0.5695E-02  0.3464E-03
  0.1555E+03  0.5405E-02  0.3465E-03
  0.1571E+03  0.4889E-02  0.3274E-03
  0.1588E+03  0.3955E-02  0.2761E-03
  0.1604E+03  0.2393E-02  0.1741E-03
  0.1620E+03  0.0000E+00  0.0000E+00
          Reciprocal space: Rg =   53.25     , I(0) =   0.5642E+02
     Real space: Rg =   53.52 +- 0.135  I(0) =   0.5643E+02 +-  0.2023E+00
