
           ####    G N O M   ---   Version 4.5a revised 09/02/02     ####

                                                  Tue Nov  3 18:04:44 2009
           ===    Run No   1   ===
 Run title:  0.010642 8.723921 1.025301


  Number of points omitted at the beginning:           5
   *******   Working Directory :
   *******    Input file(s) :
           Condition P(rmin) = 0 is used. 
           Condition P(rmax) = 0 is used. 

          Experimental conditions for the first run
          -----------------------------------------

          Highest ALPHA is found to be   0.7802E+02

  The measure of inconsistency AN1 equals to    0.7456E+00
     Alpha    Discrp  Oscill  Stabil  Sysdev  Positv  Valcen    Total   
  0.7802E+05 18.6151  1.3030  0.9735  0.0559  1.0000  0.8270  0.31457
  0.1560E+05 17.4741  1.2975  0.9128  0.2793  1.0000  0.8282  0.35033
  0.3121E+04 13.5427  1.2755  0.7052  0.2682  1.0000  0.8331  0.35191
  0.6241E+03  7.0637  1.2302  0.3670  0.1285  1.0000  0.8453  0.33569
  0.1248E+03  2.6396  1.2372  0.1244  0.2514  1.0000  0.8518  0.43260
  0.2497E+02  0.9432  1.2923  0.0355  0.5698  1.0000  0.8445  0.71744
  0.4993E+01  0.5864  1.3281  0.0143  0.7709  1.0000  0.8383  0.86886
  0.9986E+00  0.5450  1.3481  0.0085  0.7821  1.0000  0.8365  0.86555
  0.1997E+00  0.5365  1.3789  0.0104  0.8156  1.0000  0.8367  0.87429
  0.3994E-01  0.5304  1.5021  0.0196  0.8156  1.0000  0.8364  0.83919
  0.7989E-02  0.5258  1.8733  0.0281  0.8045  1.0000  0.8352  0.72119
  0.1598E-02  0.5225  2.8454  0.0599  0.8156  0.9998  0.8330  0.62820
  0.3196E-03  0.5203  4.6500  0.0718  0.8156  0.9980  0.8257  0.60735
  0.6391E-04  0.5189  8.2241  0.2041  0.8156  0.9908  0.8013  0.45963
  0.1278E-04  0.5173 15.8242  0.3848  0.8156  0.9543  0.7145  0.00000

          ***  Golden section search to maximize estimate ***
     Alpha    Discrp  Oscill  Stabil  Sysdev  Positv  Valcen    Total   
  0.1080E+00  0.5342  1.4057  0.0135  0.8156  1.0000  0.8367  0.86723
  0.3194E+00  0.5384  1.3663  0.0090  0.7933  1.0000  0.8366  0.86666
  0.1579E+00  0.5356  1.3874  0.0114  0.8156  1.0000  0.8367  0.87213
  0.2390E+00  0.5372  1.3736  0.0097  0.8156  1.0000  0.8367  0.87562
  0.2670E+00  0.5377  1.3706  0.0094  0.8156  1.0000  0.8366  0.87634
  0.2859E+00  0.5380  1.3689  0.0093  0.8045  1.0000  0.8366  0.87150
  0.2559E+00  0.5375  1.3717  0.0095  0.8156  1.0000  0.8366  0.87608
  0.2741E+00  0.5378  1.3699  0.0094  0.8156  1.0000  0.8366  0.87650
  0.2785E+00  0.5378  1.3695  0.0093  0.8156  1.0000  0.8366  0.87660
  0.2813E+00  0.5379  1.3693  0.0093  0.8156  1.0000  0.8366  0.87666
  0.2831E+00  0.5379  1.3692  0.0093  0.8156  1.0000  0.8366  0.87669
  0.2842E+00  0.5379  1.3691  0.0093  0.8156  1.0000  0.8366  0.87672
  0.2848E+00  0.5379  1.3690  0.0093  0.8156  1.0000  0.8366  0.87673
  0.2852E+00  0.5379  1.3690  0.0093  0.8045  1.0000  0.8366  0.87149
  0.2846E+00  0.5379  1.3690  0.0093  0.8156  1.0000  0.8366  0.87672
  0.2848E+00  0.5379  1.3690  0.0093  0.8156  1.0000  0.8366  0.87673



             ####            Final results            ####

 Parameter    DISCRP    OSCILL    STABIL    SYSDEV    POSITV    VALCEN
 Weight        1.000     3.000     3.000     5.000     1.000     1.000
 Sigma         0.300     0.600     0.120     0.500     0.120     0.120
 Ideal         0.700     1.200     0.000     1.000     1.000     0.950
 Current       0.538     1.369     0.009     0.816     1.000     0.837
                - - - - - - - - - - - - - - - - - - - - - - - - - 
 Estimate      0.747     0.924     0.994     0.873     1.000     0.410

  Angular   range    :     from    0.0143   to    0.3226
  Real space range   :     from      0.00   to    148.40

  Highest ALPHA (theor) :   0.780E+05                 JOB = 0
  Current ALPHA         :   0.285E+00   Rg :  0.498E+02   I(0) :   0.943E+01

           Total  estimate : 0.877  which is    A GOOD      solution

      S          J EXP       ERROR       J REG       I REG

  0.0000E+00                                      0.9432E+01
  0.6213E-03                                      0.9429E+01
  0.1243E-02                                      0.9420E+01
  0.1864E-02                                      0.9405E+01
  0.2485E-02                                      0.9384E+01
  0.3107E-02                                      0.9357E+01
  0.3728E-02                                      0.9324E+01
  0.4349E-02                                      0.9285E+01
  0.4971E-02                                      0.9240E+01
  0.5592E-02                                      0.9190E+01
  0.6213E-02                                      0.9134E+01
  0.6835E-02                                      0.9073E+01
  0.7456E-02                                      0.9006E+01
  0.8078E-02                                      0.8934E+01
  0.8699E-02                                      0.8858E+01
  0.9320E-02                                      0.8776E+01
  0.9942E-02                                      0.8690E+01
  0.1056E-01                                      0.8599E+01
  0.1118E-01                                      0.8504E+01
  0.1181E-01                                      0.8405E+01
  0.1243E-01                                      0.8302E+01
  0.1305E-01                                      0.8195E+01
  0.1367E-01                                      0.8085E+01
  0.1429E-01  0.8458E+01  0.3857E+00  0.7971E+01  0.7971E+01
  0.1490E-01  0.8108E+01  0.3753E+00  0.7857E+01  0.7857E+01
  0.1551E-01  0.8002E+01  0.3482E+00  0.7741E+01  0.7741E+01
  0.1612E-01  0.8112E+01  0.2855E+00  0.7622E+01  0.7622E+01
  0.1672E-01  0.8016E+01  0.2786E+00  0.7500E+01  0.7500E+01
  0.1733E-01  0.7357E+01  0.1872E+00  0.7377E+01  0.7377E+01
  0.1794E-01  0.7291E+01  0.1936E+00  0.7251E+01  0.7251E+01
  0.1855E-01  0.7012E+01  0.1887E+00  0.7124E+01  0.7124E+01
  0.1916E-01  0.7093E+01  0.1621E+00  0.6996E+01  0.6996E+01
  0.1976E-01  0.6593E+01  0.1290E+00  0.6866E+01  0.6866E+01
  0.2037E-01  0.6965E+01  0.1155E+00  0.6736E+01  0.6736E+01
  0.2098E-01  0.6717E+01  0.1348E+00  0.6605E+01  0.6605E+01
  0.2159E-01  0.6866E+01  0.1384E+00  0.6473E+01  0.6473E+01
  0.2220E-01  0.6446E+01  0.1239E+00  0.6340E+01  0.6340E+01
  0.2281E-01  0.6423E+01  0.1371E+00  0.6208E+01  0.6208E+01
  0.2341E-01  0.6057E+01  0.1282E+00  0.6076E+01  0.6076E+01
  0.2402E-01  0.5838E+01  0.1442E+00  0.5944E+01  0.5944E+01
  0.2463E-01  0.5920E+01  0.1147E+00  0.5812E+01  0.5812E+01
  0.2524E-01  0.5597E+01  0.1055E+00  0.5681E+01  0.5681E+01
  0.2585E-01  0.5414E+01  0.6967E-01  0.5551E+01  0.5551E+01
  0.2645E-01  0.5382E+01  0.9372E-01  0.5422E+01  0.5422E+01
  0.2706E-01  0.5320E+01  0.2058E+00  0.5293E+01  0.5293E+01
  0.2767E-01  0.5116E+01  0.8903E-01  0.5166E+01  0.5166E+01
  0.2828E-01  0.5043E+01  0.1472E+00  0.5041E+01  0.5041E+01
  0.2889E-01  0.5015E+01  0.8741E-01  0.4917E+01  0.4917E+01
  0.2949E-01  0.4730E+01  0.7173E-01  0.4795E+01  0.4795E+01
  0.3010E-01  0.4666E+01  0.8340E-01  0.4674E+01  0.4674E+01
  0.3071E-01  0.4512E+01  0.8106E-01  0.4555E+01  0.4555E+01
  0.3132E-01  0.4402E+01  0.7731E-01  0.4439E+01  0.4439E+01
  0.3193E-01  0.4180E+01  0.7790E-01  0.4324E+01  0.4324E+01
  0.3254E-01  0.4194E+01  0.8305E-01  0.4212E+01  0.4212E+01
  0.3314E-01  0.3984E+01  0.6924E-01  0.4102E+01  0.4102E+01
  0.3375E-01  0.3976E+01  0.6935E-01  0.3994E+01  0.3994E+01
  0.3436E-01  0.3846E+01  0.8447E-01  0.3888E+01  0.3888E+01
  0.3497E-01  0.3848E+01  0.7343E-01  0.3785E+01  0.3785E+01
  0.3558E-01  0.3681E+01  0.7890E-01  0.3685E+01  0.3685E+01
  0.3618E-01  0.3485E+01  0.6759E-01  0.3587E+01  0.3587E+01
  0.3679E-01  0.3316E+01  0.7954E-01  0.3491E+01  0.3491E+01
  0.3740E-01  0.3289E+01  0.7234E-01  0.3398E+01  0.3398E+01
  0.3801E-01  0.3334E+01  0.8932E-01  0.3308E+01  0.3308E+01
  0.3862E-01  0.3265E+01  0.6627E-01  0.3220E+01  0.3220E+01
  0.3922E-01  0.3177E+01  0.7314E-01  0.3135E+01  0.3135E+01
  0.3983E-01  0.3120E+01  0.7188E-01  0.3053E+01  0.3053E+01
  0.4044E-01  0.3079E+01  0.7798E-01  0.2973E+01  0.2973E+01
  0.4105E-01  0.2863E+01  0.5873E-01  0.2895E+01  0.2895E+01
  0.4166E-01  0.2928E+01  0.7083E-01  0.2820E+01  0.2820E+01
  0.4227E-01  0.2766E+01  0.6129E-01  0.2748E+01  0.2748E+01
  0.4287E-01  0.2760E+01  0.7031E-01  0.2678E+01  0.2678E+01
  0.4348E-01  0.2642E+01  0.5898E-01  0.2610E+01  0.2610E+01
  0.4409E-01  0.2553E+01  0.6779E-01  0.2545E+01  0.2545E+01
  0.4470E-01  0.2492E+01  0.6257E-01  0.2482E+01  0.2482E+01
  0.4531E-01  0.2423E+01  0.5361E-01  0.2421E+01  0.2421E+01
  0.4591E-01  0.2400E+01  0.6200E-01  0.2362E+01  0.2362E+01
  0.4652E-01  0.2253E+01  0.5156E-01  0.2306E+01  0.2306E+01
  0.4713E-01  0.2251E+01  0.5207E-01  0.2251E+01  0.2251E+01
  0.4774E-01  0.2167E+01  0.5394E-01  0.2199E+01  0.2199E+01
  0.4835E-01  0.2117E+01  0.6354E-01  0.2148E+01  0.2148E+01
  0.4895E-01  0.2138E+01  0.5262E-01  0.2100E+01  0.2100E+01
  0.4956E-01  0.2120E+01  0.5019E-01  0.2053E+01  0.2053E+01
  0.5017E-01  0.1986E+01  0.5233E-01  0.2008E+01  0.2008E+01
  0.5078E-01  0.2095E+01  0.5510E-01  0.1964E+01  0.1964E+01
  0.5139E-01  0.1862E+01  0.5184E-01  0.1922E+01  0.1922E+01
  0.5200E-01  0.1978E+01  0.5334E-01  0.1881E+01  0.1881E+01
  0.5260E-01  0.1892E+01  0.5115E-01  0.1842E+01  0.1842E+01
  0.5321E-01  0.1802E+01  0.4319E-01  0.1804E+01  0.1804E+01
  0.5382E-01  0.1781E+01  0.6077E-01  0.1768E+01  0.1768E+01
  0.5443E-01  0.1757E+01  0.4473E-01  0.1733E+01  0.1733E+01
  0.5504E-01  0.1745E+01  0.5404E-01  0.1698E+01  0.1698E+01
  0.5564E-01  0.1728E+01  0.4887E-01  0.1665E+01  0.1665E+01
  0.5625E-01  0.1693E+01  0.4151E-01  0.1633E+01  0.1633E+01
  0.5686E-01  0.1612E+01  0.4455E-01  0.1602E+01  0.1602E+01
  0.5747E-01  0.1542E+01  0.4772E-01  0.1572E+01  0.1572E+01
  0.5808E-01  0.1555E+01  0.4225E-01  0.1542E+01  0.1542E+01
  0.5868E-01  0.1462E+01  0.4415E-01  0.1513E+01  0.1513E+01
  0.5929E-01  0.1507E+01  0.4803E-01  0.1485E+01  0.1485E+01
  0.5990E-01  0.1425E+01  0.4807E-01  0.1458E+01  0.1458E+01
  0.6051E-01  0.1359E+01  0.4460E-01  0.1431E+01  0.1431E+01
  0.6112E-01  0.1476E+01  0.4689E-01  0.1405E+01  0.1405E+01
  0.6173E-01  0.1379E+01  0.4810E-01  0.1379E+01  0.1379E+01
  0.6233E-01  0.1386E+01  0.4566E-01  0.1354E+01  0.1354E+01
  0.6294E-01  0.1341E+01  0.4614E-01  0.1330E+01  0.1330E+01
  0.6355E-01  0.1340E+01  0.4564E-01  0.1305E+01  0.1305E+01
  0.6416E-01  0.1282E+01  0.4976E-01  0.1281E+01  0.1281E+01
  0.6477E-01  0.1158E+01  0.5244E-01  0.1258E+01  0.1258E+01
  0.6537E-01  0.1192E+01  0.4942E-01  0.1235E+01  0.1235E+01
  0.6598E-01  0.1088E+01  0.4493E-01  0.1212E+01  0.1212E+01
  0.6659E-01  0.1151E+01  0.5428E-01  0.1189E+01  0.1189E+01
  0.6720E-01  0.1038E+01  0.4800E-01  0.1167E+01  0.1167E+01
  0.6781E-01  0.1124E+01  0.4463E-01  0.1145E+01  0.1145E+01
  0.6841E-01  0.1053E+01  0.3927E-01  0.1123E+01  0.1123E+01
  0.6902E-01  0.1034E+01  0.4215E-01  0.1102E+01  0.1102E+01
  0.6963E-01  0.1017E+01  0.3819E-01  0.1081E+01  0.1081E+01
  0.7024E-01  0.1071E+01  0.3984E-01  0.1059E+01  0.1059E+01
  0.7085E-01  0.1084E+01  0.4201E-01  0.1039E+01  0.1039E+01
  0.7146E-01  0.1091E+01  0.3951E-01  0.1018E+01  0.1018E+01
  0.7206E-01  0.1077E+01  0.4181E-01  0.9977E+00  0.9977E+00
  0.7267E-01  0.1011E+01  0.4058E-01  0.9776E+00  0.9776E+00
  0.7328E-01  0.8968E+00  0.4113E-01  0.9577E+00  0.9577E+00
  0.7389E-01  0.8982E+00  0.3801E-01  0.9380E+00  0.9380E+00
  0.7450E-01  0.8930E+00  0.3896E-01  0.9185E+00  0.9185E+00
  0.7510E-01  0.8739E+00  0.3463E-01  0.8994E+00  0.8994E+00
  0.7571E-01  0.9002E+00  0.3774E-01  0.8804E+00  0.8804E+00
  0.7632E-01  0.8670E+00  0.3763E-01  0.8617E+00  0.8617E+00
  0.7693E-01  0.8751E+00  0.3755E-01  0.8432E+00  0.8432E+00
  0.7754E-01  0.8339E+00  0.3559E-01  0.8251E+00  0.8251E+00
  0.7814E-01  0.8177E+00  0.3822E-01  0.8072E+00  0.8072E+00
  0.7875E-01  0.8165E+00  0.3323E-01  0.7895E+00  0.7895E+00
  0.7936E-01  0.7358E+00  0.3465E-01  0.7722E+00  0.7722E+00
  0.7997E-01  0.8112E+00  0.3381E-01  0.7551E+00  0.7551E+00
  0.8058E-01  0.7631E+00  0.3370E-01  0.7384E+00  0.7384E+00
  0.8118E-01  0.7937E+00  0.3408E-01  0.7219E+00  0.7219E+00
  0.8179E-01  0.7029E+00  0.3173E-01  0.7058E+00  0.7058E+00
  0.8240E-01  0.6993E+00  0.3684E-01  0.6899E+00  0.6899E+00
  0.8301E-01  0.6832E+00  0.3576E-01  0.6744E+00  0.6744E+00
  0.8362E-01  0.6157E+00  0.3391E-01  0.6592E+00  0.6592E+00
  0.8423E-01  0.6448E+00  0.3242E-01  0.6444E+00  0.6444E+00
  0.8483E-01  0.5996E+00  0.3258E-01  0.6298E+00  0.6298E+00
  0.8544E-01  0.5476E+00  0.3463E-01  0.6156E+00  0.6156E+00
  0.8605E-01  0.5795E+00  0.3462E-01  0.6018E+00  0.6018E+00
  0.8666E-01  0.5467E+00  0.3559E-01  0.5882E+00  0.5882E+00
  0.8727E-01  0.6013E+00  0.3836E-01  0.5750E+00  0.5750E+00
  0.8787E-01  0.6341E+00  0.3390E-01  0.5621E+00  0.5621E+00
  0.8848E-01  0.5872E+00  0.3415E-01  0.5495E+00  0.5495E+00
  0.8909E-01  0.6110E+00  0.3520E-01  0.5373E+00  0.5373E+00
  0.8970E-01  0.5738E+00  0.3315E-01  0.5254E+00  0.5254E+00
  0.9031E-01  0.5509E+00  0.3329E-01  0.5137E+00  0.5137E+00
  0.9091E-01  0.5256E+00  0.3363E-01  0.5024E+00  0.5024E+00
  0.9152E-01  0.4922E+00  0.4316E-01  0.4914E+00  0.4914E+00
  0.9213E-01  0.4470E+00  0.3189E-01  0.4807E+00  0.4807E+00
  0.9274E-01  0.4424E+00  0.5004E-01  0.4703E+00  0.4703E+00
  0.9335E-01  0.4431E+00  0.3925E-01  0.4602E+00  0.4602E+00
  0.9396E-01  0.4165E+00  0.3298E-01  0.4503E+00  0.4503E+00
  0.9456E-01  0.4361E+00  0.3347E-01  0.4407E+00  0.4407E+00
  0.9517E-01  0.4514E+00  0.3295E-01  0.4313E+00  0.4313E+00
  0.9578E-01  0.4512E+00  0.3271E-01  0.4222E+00  0.4222E+00
  0.9639E-01  0.4231E+00  0.3555E-01  0.4133E+00  0.4133E+00
  0.9700E-01  0.4335E+00  0.3084E-01  0.4047E+00  0.4047E+00
  0.9760E-01  0.3833E+00  0.3154E-01  0.3962E+00  0.3962E+00
  0.9821E-01  0.3166E+00  0.2976E-01  0.3880E+00  0.3880E+00
  0.9882E-01  0.4346E+00  0.3060E-01  0.3800E+00  0.3800E+00
  0.9943E-01  0.3855E+00  0.2985E-01  0.3721E+00  0.3721E+00
  0.1000E+00  0.3605E+00  0.2905E-01  0.3644E+00  0.3644E+00
  0.1006E+00  0.4161E+00  0.3016E-01  0.3569E+00  0.3569E+00
  0.1013E+00  0.3118E+00  0.2907E-01  0.3495E+00  0.3495E+00
  0.1019E+00  0.3274E+00  0.3076E-01  0.3423E+00  0.3423E+00
  0.1025E+00  0.3721E+00  0.3080E-01  0.3352E+00  0.3352E+00
  0.1031E+00  0.2836E+00  0.3078E-01  0.3282E+00  0.3282E+00
  0.1037E+00  0.2582E+00  0.3032E-01  0.3213E+00  0.3213E+00
  0.1043E+00  0.3483E+00  0.3325E-01  0.3146E+00  0.3146E+00
  0.1049E+00  0.2553E+00  0.3086E-01  0.3080E+00  0.3080E+00
  0.1055E+00  0.2639E+00  0.2964E-01  0.3014E+00  0.3014E+00
  0.1061E+00  0.3355E+00  0.3067E-01  0.2950E+00  0.2950E+00
  0.1067E+00  0.3084E+00  0.2879E-01  0.2886E+00  0.2886E+00
  0.1073E+00  0.2791E+00  0.2971E-01  0.2823E+00  0.2823E+00
  0.1079E+00  0.2868E+00  0.2646E-01  0.2761E+00  0.2761E+00
  0.1085E+00  0.2512E+00  0.3133E-01  0.2699E+00  0.2699E+00
  0.1092E+00  0.2420E+00  0.3047E-01  0.2638E+00  0.2638E+00
  0.1098E+00  0.2534E+00  0.2852E-01  0.2578E+00  0.2578E+00
  0.1104E+00  0.2103E+00  0.2724E-01  0.2518E+00  0.2518E+00
  0.1110E+00  0.1977E+00  0.2603E-01  0.2459E+00  0.2459E+00
  0.1116E+00  0.2172E+00  0.2895E-01  0.2401E+00  0.2401E+00
  0.1122E+00  0.2180E+00  0.2854E-01  0.2343E+00  0.2343E+00
  0.1128E+00  0.2070E+00  0.2800E-01  0.2285E+00  0.2285E+00
  0.1134E+00  0.2304E+00  0.2993E-01  0.2228E+00  0.2228E+00
  0.1140E+00  0.2536E+00  0.2956E-01  0.2172E+00  0.2172E+00
  0.1146E+00  0.2000E+00  0.2907E-01  0.2116E+00  0.2116E+00
  0.1152E+00  0.1701E+00  0.2737E-01  0.2061E+00  0.2061E+00
  0.1158E+00  0.2100E+00  0.2790E-01  0.2007E+00  0.2007E+00
  0.1165E+00  0.2001E+00  0.2950E-01  0.1953E+00  0.1953E+00
  0.1171E+00  0.2010E+00  0.2733E-01  0.1899E+00  0.1899E+00
  0.1177E+00  0.2258E+00  0.2733E-01  0.1847E+00  0.1847E+00
  0.1183E+00  0.2367E+00  0.2686E-01  0.1795E+00  0.1795E+00
  0.1189E+00  0.2621E+00  0.2762E-01  0.1743E+00  0.1743E+00
  0.1195E+00  0.1382E+00  0.2597E-01  0.1693E+00  0.1693E+00
  0.1201E+00  0.1988E+00  0.2662E-01  0.1643E+00  0.1643E+00
  0.1207E+00  0.1713E+00  0.2565E-01  0.1595E+00  0.1595E+00
  0.1213E+00  0.1622E+00  0.2724E-01  0.1547E+00  0.1547E+00
  0.1219E+00  0.1570E+00  0.2536E-01  0.1500E+00  0.1500E+00
  0.1225E+00  0.1212E+00  0.2923E-01  0.1454E+00  0.1454E+00
  0.1231E+00  0.1409E+00  0.2823E-01  0.1409E+00  0.1409E+00
  0.1238E+00  0.1201E+00  0.2687E-01  0.1365E+00  0.1365E+00
  0.1244E+00  0.1369E+00  0.2758E-01  0.1322E+00  0.1322E+00
  0.1250E+00  0.1536E+00  0.2890E-01  0.1280E+00  0.1280E+00
  0.1256E+00  0.1263E+00  0.2634E-01  0.1239E+00  0.1239E+00
  0.1262E+00  0.1451E+00  0.2713E-01  0.1199E+00  0.1199E+00
  0.1268E+00  0.9549E-01  0.2547E-01  0.1160E+00  0.1160E+00
  0.1274E+00  0.7749E-01  0.2710E-01  0.1123E+00  0.1123E+00
  0.1280E+00  0.6514E-01  0.2725E-01  0.1087E+00  0.1087E+00
  0.1286E+00  0.5640E-01  0.2847E-01  0.1051E+00  0.1051E+00
  0.1292E+00  0.9253E-01  0.2936E-01  0.1018E+00  0.1018E+00
  0.1298E+00  0.6778E-01  0.2654E-01  0.9849E-01  0.9849E-01
  0.1304E+00  0.8757E-01  0.2794E-01  0.9534E-01  0.9534E-01
  0.1310E+00  0.1623E+00  0.9068E-01  0.9232E-01  0.9232E-01
  0.1317E+00  0.1436E+00  0.6907E-01  0.8941E-01  0.8941E-01
  0.1323E+00  0.1135E+00  0.2708E-01  0.8662E-01  0.8662E-01
  0.1329E+00  0.1058E+00  0.2825E-01  0.8395E-01  0.8395E-01
  0.1335E+00  0.1020E+00  0.2593E-01  0.8139E-01  0.8139E-01
  0.1341E+00  0.7250E-01  0.2781E-01  0.7895E-01  0.7895E-01
  0.1347E+00  0.7597E-01  0.2801E-01  0.7662E-01  0.7662E-01
  0.1353E+00  0.5336E-01  0.2402E-01  0.7440E-01  0.7440E-01
  0.1359E+00  0.1045E+00  0.2462E-01  0.7229E-01  0.7229E-01
  0.1365E+00  0.1243E+00  0.2650E-01  0.7029E-01  0.7029E-01
  0.1371E+00  0.5330E-01  0.2779E-01  0.6839E-01  0.6839E-01
  0.1377E+00  0.1563E+00  0.2750E-01  0.6658E-01  0.6658E-01
  0.1383E+00  0.6815E-01  0.2675E-01  0.6487E-01  0.6487E-01
  0.1390E+00  0.7498E-01  0.2473E-01  0.6325E-01  0.6325E-01
  0.1396E+00  0.8838E-01  0.2644E-01  0.6171E-01  0.6171E-01
  0.1402E+00  0.4394E-01  0.2668E-01  0.6026E-01  0.6026E-01
  0.1408E+00  0.1183E-01  0.2565E-01  0.5888E-01  0.5888E-01
  0.1414E+00  0.5696E-01  0.2472E-01  0.5757E-01  0.5757E-01
  0.1420E+00  0.3041E-01  0.2568E-01  0.5633E-01  0.5633E-01
  0.1426E+00  0.2882E-01  0.2397E-01  0.5517E-01  0.5517E-01
  0.1432E+00  0.6652E-01  0.2633E-01  0.5406E-01  0.5406E-01
  0.1438E+00  0.3195E-01  0.2452E-01  0.5301E-01  0.5301E-01
  0.1444E+00  0.2822E-01  0.2577E-01  0.5200E-01  0.5200E-01
  0.1450E+00  0.5563E-01  0.2488E-01  0.5105E-01  0.5105E-01
  0.1456E+00  0.7045E-01  0.2438E-01  0.5014E-01  0.5014E-01
  0.1463E+00  0.6985E-01  0.2438E-01  0.4926E-01  0.4926E-01
  0.1469E+00  0.6842E-02  0.2341E-01  0.4842E-01  0.4842E-01
  0.1481E+00  0.1784E-01  0.2284E-01  0.4683E-01  0.4683E-01
  0.1487E+00  0.3614E-01  0.2693E-01  0.4607E-01  0.4607E-01
  0.1493E+00  0.4701E-01  0.2402E-01  0.4533E-01  0.4533E-01
  0.1499E+00  0.1264E-01  0.2546E-01  0.4461E-01  0.4461E-01
  0.1505E+00  0.1589E-01  0.2476E-01  0.4391E-01  0.4391E-01
  0.1517E+00  0.4963E-01  0.2457E-01  0.4253E-01  0.4253E-01
  0.1529E+00  0.5440E-01  0.2328E-01  0.4119E-01  0.4119E-01
  0.1535E+00  0.4680E-01  0.2387E-01  0.4052E-01  0.4052E-01
  0.1542E+00  0.5817E-01  0.2394E-01  0.3986E-01  0.3986E-01
  0.1548E+00  0.7367E-01  0.2219E-01  0.3920E-01  0.3920E-01
  0.1554E+00  0.7785E-01  0.2365E-01  0.3855E-01  0.3855E-01
  0.1560E+00  0.5911E-01  0.2480E-01  0.3789E-01  0.3789E-01
  0.1566E+00  0.2343E-01  0.2223E-01  0.3723E-01  0.3723E-01
  0.1572E+00  0.3844E-01  0.2246E-01  0.3658E-01  0.3658E-01
  0.1578E+00  0.5515E-01  0.2492E-01  0.3593E-01  0.3593E-01
  0.1584E+00  0.1622E-01  0.2298E-01  0.3527E-01  0.3527E-01
  0.1590E+00  0.1539E-02  0.2454E-01  0.3462E-01  0.3462E-01
  0.1596E+00  0.1079E-01  0.2242E-01  0.3398E-01  0.3398E-01
  0.1602E+00  0.2308E-01  0.2340E-01  0.3334E-01  0.3334E-01
  0.1608E+00  0.2601E-01  0.2293E-01  0.3270E-01  0.3270E-01
  0.1615E+00  0.1637E-01  0.2343E-01  0.3207E-01  0.3207E-01
  0.1621E+00  0.2492E-01  0.2294E-01  0.3145E-01  0.3145E-01
  0.1627E+00  0.5848E-01  0.2484E-01  0.3083E-01  0.3083E-01
  0.1633E+00  0.4490E-01  0.2329E-01  0.3023E-01  0.3023E-01
  0.1639E+00  0.9208E-02  0.2299E-01  0.2964E-01  0.2964E-01
  0.1645E+00  0.3572E-01  0.2321E-01  0.2906E-01  0.2906E-01
  0.1657E+00  0.4099E-01  0.2214E-01  0.2796E-01  0.2796E-01
  0.1669E+00  0.3749E-01  0.2176E-01  0.2694E-01  0.2694E-01
  0.1675E+00  0.1720E-01  0.2257E-01  0.2646E-01  0.2646E-01
  0.1688E+00  0.4371E-01  0.2237E-01  0.2557E-01  0.2557E-01
  0.1706E+00  0.4006E-02  0.2360E-01  0.2445E-01  0.2445E-01
  0.1718E+00  0.2833E-01  0.2262E-01  0.2385E-01  0.2385E-01
  0.1724E+00  0.1156E-01  0.2301E-01  0.2360E-01  0.2360E-01
  0.1730E+00  0.3165E-01  0.2366E-01  0.2338E-01  0.2338E-01
  0.1736E+00  0.3430E-01  0.2276E-01  0.2320E-01  0.2320E-01
  0.1742E+00  0.3743E-02  0.2409E-01  0.2305E-01  0.2305E-01
  0.1748E+00  0.4238E-01  0.2175E-01  0.2293E-01  0.2293E-01
  0.1760E+00  0.1763E-01  0.2378E-01  0.2279E-01  0.2279E-01
  0.1767E+00  0.5534E-01  0.2080E-01  0.2277E-01  0.2277E-01
  0.1779E+00  0.1779E-01  0.2354E-01  0.2283E-01  0.2283E-01
  0.1785E+00  0.1122E-01  0.2201E-01  0.2291E-01  0.2291E-01
  0.1833E+00  0.7531E-02  0.2332E-01  0.2442E-01  0.2442E-01
  0.1858E+00  0.7309E-02  0.2309E-01  0.2560E-01  0.2560E-01
  0.1864E+00  0.3668E-01  0.2314E-01  0.2592E-01  0.2592E-01
  0.1876E+00  0.3478E-01  0.2188E-01  0.2656E-01  0.2656E-01
  0.1882E+00  0.2494E-01  0.2395E-01  0.2688E-01  0.2688E-01
  0.1888E+00  0.5904E-01  0.2279E-01  0.2720E-01  0.2720E-01
  0.1894E+00  0.6612E-01  0.2317E-01  0.2751E-01  0.2751E-01
  0.1900E+00  0.4813E-01  0.2309E-01  0.2781E-01  0.2781E-01
  0.1906E+00  0.7161E-01  0.2223E-01  0.2811E-01  0.2811E-01
  0.1912E+00  0.5025E-01  0.2175E-01  0.2839E-01  0.2839E-01
  0.1919E+00  0.1435E-01  0.3004E-01  0.2866E-01  0.2866E-01
  0.1925E+00  0.1378E-01  0.2511E-01  0.2892E-01  0.2892E-01
  0.1931E+00  0.3979E-01  0.2223E-01  0.2916E-01  0.2916E-01
  0.1937E+00  0.4051E-01  0.2248E-01  0.2937E-01  0.2937E-01
  0.1943E+00  0.4362E-01  0.2169E-01  0.2957E-01  0.2957E-01
  0.1949E+00  0.9254E-02  0.2167E-01  0.2975E-01  0.2975E-01
  0.1955E+00  0.3700E-01  0.2163E-01  0.2990E-01  0.2990E-01
  0.1961E+00  0.2122E-01  0.2147E-01  0.3003E-01  0.3003E-01
  0.1973E+00  0.5627E-02  0.2019E-01  0.3021E-01  0.3021E-01
  0.1985E+00  0.1979E-02  0.2103E-01  0.3029E-01  0.3029E-01
  0.2004E+00  0.3517E-01  0.2233E-01  0.3021E-01  0.3021E-01
  0.2010E+00  0.3013E-01  0.2124E-01  0.3013E-01  0.3013E-01
  0.2016E+00  0.4360E-01  0.2196E-01  0.3002E-01  0.3002E-01
  0.2022E+00  0.4004E-01  0.2350E-01  0.2988E-01  0.2988E-01
  0.2028E+00  0.3713E-01  0.2176E-01  0.2972E-01  0.2972E-01
  0.2040E+00  0.4507E-01  0.2369E-01  0.2933E-01  0.2933E-01
  0.2046E+00  0.3942E-01  0.2183E-01  0.2909E-01  0.2909E-01
  0.2052E+00  0.1777E-01  0.2088E-01  0.2884E-01  0.2884E-01
  0.2058E+00  0.2300E-01  0.2134E-01  0.2856E-01  0.2856E-01
  0.2065E+00  0.1485E-01  0.2206E-01  0.2827E-01  0.2827E-01
  0.2095E+00  0.6613E-01  0.2341E-01  0.2655E-01  0.2655E-01
  0.2125E+00  0.1258E-01  0.2376E-01  0.2457E-01  0.2457E-01
  0.2137E+00  0.3005E-01  0.2109E-01  0.2375E-01  0.2375E-01
  0.2150E+00  0.1540E-01  0.2294E-01  0.2293E-01  0.2293E-01
  0.2168E+00  0.1068E-01  0.2106E-01  0.2174E-01  0.2174E-01
  0.2180E+00  0.6425E-02  0.2155E-01  0.2098E-01  0.2098E-01
  0.2186E+00  0.4707E-01  0.2277E-01  0.2061E-01  0.2061E-01
  0.2192E+00  0.7781E-02  0.2031E-01  0.2026E-01  0.2026E-01
  0.2198E+00  0.1523E-01  0.2229E-01  0.1992E-01  0.1992E-01
  0.2229E+00  0.1640E-01  0.2174E-01  0.1843E-01  0.1843E-01
  0.2247E+00  0.1044E-01  0.2088E-01  0.1773E-01  0.1773E-01
  0.2253E+00  0.2124E-01  0.2151E-01  0.1753E-01  0.1753E-01
  0.2259E+00  0.3524E-01  0.2091E-01  0.1734E-01  0.1734E-01
  0.2271E+00  0.3989E-01  0.1964E-01  0.1702E-01  0.1702E-01
  0.2277E+00  0.1512E-01  0.2085E-01  0.1688E-01  0.1688E-01
  0.2283E+00  0.1226E-01  0.2120E-01  0.1676E-01  0.1676E-01
  0.2289E+00  0.1498E-01  0.2038E-01  0.1665E-01  0.1665E-01
  0.2308E+00  0.3230E-02  0.2077E-01  0.1642E-01  0.1642E-01
  0.2332E+00  0.6627E-02  0.2114E-01  0.1629E-01  0.1629E-01
  0.2344E+00  0.1971E-01  0.2089E-01  0.1629E-01  0.1629E-01
  0.2393E+00  0.3414E-01  0.2026E-01  0.1653E-01  0.1653E-01
  0.2399E+00  0.3180E-01  0.2197E-01  0.1658E-01  0.1658E-01
  0.2405E+00  0.3307E-02  0.2092E-01  0.1663E-01  0.1663E-01
  0.2472E+00  0.4996E-02  0.2154E-01  0.1699E-01  0.1699E-01
  0.2484E+00  0.3638E-01  0.2141E-01  0.1699E-01  0.1699E-01
  0.2490E+00  0.2128E-01  0.2004E-01  0.1699E-01  0.1699E-01
  0.2496E+00  0.3401E-01  0.2081E-01  0.1697E-01  0.1697E-01
  0.2502E+00  0.8395E-02  0.2004E-01  0.1695E-01  0.1695E-01
  0.2527E+00  0.2617E-01  0.2197E-01  0.1680E-01  0.1680E-01
  0.2539E+00  0.1273E-02  0.2032E-01  0.1668E-01  0.1668E-01
  0.2593E+00  0.5686E-01  0.2068E-01  0.1586E-01  0.1586E-01
  0.2600E+00  0.1331E-02  0.1890E-01  0.1574E-01  0.1574E-01
  0.2606E+00  0.1339E-01  0.2108E-01  0.1562E-01  0.1562E-01
  0.2618E+00  0.9707E-02  0.1970E-01  0.1536E-01  0.1536E-01
  0.2630E+00  0.3671E-02  0.2507E-01  0.1510E-01  0.1510E-01
  0.2642E+00  0.3178E-01  0.2018E-01  0.1483E-01  0.1483E-01
  0.2654E+00  0.1917E-01  0.1959E-01  0.1455E-01  0.1455E-01
  0.2666E+00  0.1223E-01  0.2045E-01  0.1426E-01  0.1426E-01
  0.2673E+00  0.6165E-02  0.2015E-01  0.1412E-01  0.1412E-01
  0.2679E+00  0.4623E-01  0.1954E-01  0.1398E-01  0.1398E-01
  0.2685E+00  0.1965E-02  0.2125E-01  0.1384E-01  0.1384E-01
  0.2770E+00  0.1087E-01  0.1964E-01  0.1214E-01  0.1214E-01
  0.2776E+00  0.1868E-01  0.5921E-01  0.1205E-01  0.1205E-01
  0.2812E+00  0.8440E-03  0.1824E-01  0.1163E-01  0.1163E-01
  0.2825E+00  0.1265E-01  0.1829E-01  0.1154E-01  0.1154E-01
  0.2831E+00  0.1860E-01  0.1785E-01  0.1150E-01  0.1150E-01
  0.2843E+00  0.5825E-02  0.1804E-01  0.1146E-01  0.1146E-01
  0.2897E+00  0.8983E-02  0.1845E-01  0.1158E-01  0.1158E-01
  0.2904E+00  0.7456E-02  0.1744E-01  0.1163E-01  0.1163E-01
  0.2910E+00  0.3743E-02  0.1864E-01  0.1169E-01  0.1169E-01
  0.2916E+00  0.1319E-01  0.1867E-01  0.1175E-01  0.1175E-01
  0.2946E+00  0.8309E-02  0.1741E-01  0.1213E-01  0.1213E-01
  0.2952E+00  0.1545E-01  0.1863E-01  0.1223E-01  0.1223E-01
  0.2958E+00  0.2031E-01  0.1798E-01  0.1232E-01  0.1232E-01
  0.2970E+00  0.1499E-01  0.1829E-01  0.1252E-01  0.1252E-01
  0.2989E+00  0.4633E-02  0.1828E-01  0.1285E-01  0.1285E-01
  0.3007E+00  0.2647E-02  0.1757E-01  0.1319E-01  0.1319E-01
  0.3013E+00  0.2352E-01  0.1798E-01  0.1331E-01  0.1331E-01
  0.3025E+00  0.3609E-01  0.1831E-01  0.1354E-01  0.1354E-01
  0.3056E+00  0.2481E-01  0.1763E-01  0.1408E-01  0.1408E-01
  0.3068E+00  0.1967E-01  0.1863E-01  0.1427E-01  0.1427E-01
  0.3074E+00  0.7209E-02  0.1857E-01  0.1436E-01  0.1436E-01
  0.3080E+00  0.9366E-02  0.1716E-01  0.1445E-01  0.1445E-01
  0.3086E+00  0.5385E-02  0.1871E-01  0.1453E-01  0.1453E-01
  0.3104E+00  0.1560E-02  0.2148E-01  0.1473E-01  0.1473E-01
  0.3128E+00  0.2174E-01  0.1828E-01  0.1491E-01  0.1491E-01
  0.3183E+00  0.6305E-02  0.2180E-01  0.1485E-01  0.1485E-01
  0.3189E+00  0.1890E-01  0.2444E-01  0.1481E-01  0.1481E-01
  0.3226E+00  0.1808E-01  0.3120E-01  0.1439E-01  0.1439E-01

           Distance distribution  function of particle  


       R          P(R)      ERROR

  0.0000E+00  0.0000E+00  0.0000E+00
  0.1484E+01  0.1923E-03  0.5266E-04
  0.2968E+01  0.4343E-03  0.6855E-04
  0.4452E+01  0.7283E-03  0.5596E-04
  0.5936E+01  0.1077E-02  0.3134E-04
  0.7420E+01  0.1483E-02  0.3720E-04
  0.8904E+01  0.1948E-02  0.6698E-04
  0.1039E+02  0.2468E-02  0.8807E-04
  0.1187E+02  0.3039E-02  0.9268E-04
  0.1336E+02  0.3650E-02  0.8154E-04
  0.1484E+02  0.4288E-02  0.6356E-04
  0.1632E+02  0.4938E-02  0.5839E-04
  0.1781E+02  0.5581E-02  0.7539E-04
  0.1929E+02  0.6202E-02  0.9671E-04
  0.2078E+02  0.6786E-02  0.1085E-03
  0.2226E+02  0.7319E-02  0.1068E-03
  0.2374E+02  0.7794E-02  0.9475E-04
  0.2523E+02  0.8207E-02  0.8344E-04
  0.2671E+02  0.8557E-02  0.8636E-04
  0.2820E+02  0.8847E-02  0.1026E-03
  0.2968E+02  0.9078E-02  0.1188E-03
  0.3116E+02  0.9256E-02  0.1255E-03
  0.3265E+02  0.9385E-02  0.1203E-03
  0.3413E+02  0.9465E-02  0.1076E-03
  0.3562E+02  0.9499E-02  0.9813E-04
  0.3710E+02  0.9487E-02  0.1021E-03
  0.3858E+02  0.9429E-02  0.1166E-03
  0.4007E+02  0.9326E-02  0.1301E-03
  0.4155E+02  0.9181E-02  0.1345E-03
  0.4304E+02  0.8998E-02  0.1286E-03
  0.4452E+02  0.8788E-02  0.1173E-03
  0.4600E+02  0.8559E-02  0.1106E-03
  0.4749E+02  0.8324E-02  0.1156E-03
  0.4897E+02  0.8097E-02  0.1285E-03
  0.5046E+02  0.7887E-02  0.1398E-03
  0.5194E+02  0.7706E-02  0.1435E-03
  0.5342E+02  0.7559E-02  0.1400E-03
  0.5491E+02  0.7446E-02  0.1355E-03
  0.5639E+02  0.7367E-02  0.1382E-03
  0.5788E+02  0.7313E-02  0.1506E-03
  0.5936E+02  0.7278E-02  0.1666E-03
  0.6084E+02  0.7251E-02  0.1782E-03
  0.6233E+02  0.7223E-02  0.1809E-03
  0.6381E+02  0.7186E-02  0.1757E-03
  0.6530E+02  0.7136E-02  0.1685E-03
  0.6678E+02  0.7071E-02  0.1666E-03
  0.6826E+02  0.6991E-02  0.1731E-03
  0.6975E+02  0.6901E-02  0.1835E-03
  0.7123E+02  0.6803E-02  0.1905E-03
  0.7272E+02  0.6701E-02  0.1897E-03
  0.7420E+02  0.6599E-02  0.1819E-03
  0.7568E+02  0.6497E-02  0.1730E-03
  0.7717E+02  0.6394E-02  0.1714E-03
  0.7865E+02  0.6287E-02  0.1805E-03
  0.8014E+02  0.6171E-02  0.1956E-03
  0.8162E+02  0.6044E-02  0.2083E-03
  0.8310E+02  0.5904E-02  0.2129E-03
  0.8459E+02  0.5751E-02  0.2087E-03
  0.8607E+02  0.5588E-02  0.2000E-03
  0.8756E+02  0.5421E-02  0.1941E-03
  0.8904E+02  0.5257E-02  0.1971E-03
  0.9052E+02  0.5104E-02  0.2088E-03
  0.9201E+02  0.4970E-02  0.2231E-03
  0.9349E+02  0.4858E-02  0.2334E-03
  0.9498E+02  0.4770E-02  0.2362E-03
  0.9646E+02  0.4704E-02  0.2317E-03
  0.9794E+02  0.4650E-02  0.2235E-03
  0.9943E+02  0.4600E-02  0.2168E-03
  0.1009E+03  0.4541E-02  0.2158E-03
  0.1024E+03  0.4462E-02  0.2216E-03
  0.1039E+03  0.4353E-02  0.2323E-03
  0.1054E+03  0.4211E-02  0.2444E-03
  0.1068E+03  0.4036E-02  0.2552E-03
  0.1083E+03  0.3834E-02  0.2632E-03
  0.1098E+03  0.3616E-02  0.2674E-03
  0.1113E+03  0.3397E-02  0.2675E-03
  0.1128E+03  0.3192E-02  0.2633E-03
  0.1143E+03  0.3015E-02  0.2547E-03
  0.1158E+03  0.2876E-02  0.2426E-03
  0.1172E+03  0.2779E-02  0.2288E-03
  0.1187E+03  0.2722E-02  0.2158E-03
  0.1202E+03  0.2696E-02  0.2071E-03
  0.1217E+03  0.2687E-02  0.2052E-03
  0.1232E+03  0.2679E-02  0.2110E-03
  0.1247E+03  0.2656E-02  0.2227E-03
  0.1261E+03  0.2603E-02  0.2370E-03
  0.1276E+03  0.2511E-02  0.2504E-03
  0.1291E+03  0.2378E-02  0.2604E-03
  0.1306E+03  0.2207E-02  0.2654E-03
  0.1321E+03  0.2008E-02  0.2657E-03
  0.1336E+03  0.1795E-02  0.2628E-03
  0.1350E+03  0.1585E-02  0.2592E-03
  0.1365E+03  0.1391E-02  0.2579E-03
  0.1380E+03  0.1223E-02  0.2609E-03
  0.1395E+03  0.1083E-02  0.2672E-03
  0.1410E+03  0.9654E-03  0.2723E-03
  0.1425E+03  0.8561E-03  0.2691E-03
  0.1439E+03  0.7331E-03  0.2488E-03
  0.1454E+03  0.5694E-03  0.2023E-03
  0.1469E+03  0.3349E-03  0.1215E-03
  0.1484E+03  0.0000E+00  0.0000E+00
          Reciprocal space: Rg =   49.81     , I(0) =   0.9431E+01
     Real space: Rg =   50.04 +- 0.338  I(0) =   0.9432E+01 +-  0.7702E-01
