
           ####    G N O M   ---   Version 4.5a revised 09/02/02     ####

                                                  Tue Nov  3 18:05:35 2009
           ===    Run No   1   ===
 Run title:  0.010642 51.804084 1.208032


  Number of points omitted at the beginning:           4
   *******   Working Directory :
   *******    Input file(s) :
           Condition P(rmin) = 0 is used. 
           Condition P(rmax) = 0 is used. 

          Experimental conditions for the first run
          -----------------------------------------

          Highest ALPHA is found to be   0.3911E+04

  The measure of inconsistency AN1 equals to    0.9861E+00
     Alpha    Discrp  Oscill  Stabil  Sysdev  Positv  Valcen    Total   
  0.3911E+07 59.3241  1.6979  0.9853  0.0000  1.0000  0.7338  0.18839
  0.7822E+06 58.2774  1.6931  0.9667  0.0000  1.0000  0.7345  0.18988
  0.1564E+06 53.7158  1.6706  0.8866  0.0000  1.0000  0.7376  0.19692
  0.3129E+05 40.3452  1.5888  0.6628  0.2583  1.0000  0.7499  0.25622
  0.6257E+04 22.0880  1.4571  0.3986  0.0705  1.0000  0.7779  0.27019
  0.1251E+04  8.2481  1.3918  0.1859  0.2661  1.0000  0.8065  0.34283
  0.2503E+03  2.3423  1.3621  0.0616  0.5010  1.0000  0.8222  0.59010
  0.5006E+02  0.9141  1.3544  0.0167  0.7280  1.0000  0.8273  0.81580
  0.1001E+02  0.7277  1.3571  0.0079  0.7750  1.0000  0.8285  0.87297
  0.2002E+01  0.6787  1.3785  0.0079  0.7906  1.0000  0.8288  0.87743
  0.4005E+00  0.6486  1.4557  0.0116  0.7906  1.0000  0.8285  0.85710
  0.8010E-01  0.6231  1.7565  0.0303  0.7750  1.0000  0.8277  0.74693
  0.1602E-01  0.5919  2.9257  0.0507  0.8141  0.9999  0.8251  0.64874
  0.3204E-02  0.5708  4.9882  0.1064  0.8180  0.9985  0.8201  0.56330
  0.6408E-03  0.5492 10.0566  0.2164  0.8297  0.9875  0.7961  0.46624
  0.1282E-03  0.5333 16.3395  0.2513  0.8454  0.9546  0.7262  0.00000

          ***  Golden section search to maximize estimate ***
     Alpha    Discrp  Oscill  Stabil  Sysdev  Positv  Valcen    Total   
  0.3703E+01  0.6937  1.3669  0.0076  0.7906  1.0000  0.8287  0.88001
  0.5414E+01  0.7049  1.3621  0.0076  0.7984  1.0000  0.8287  0.88475
  0.6847E+01  0.7128  1.3598  0.0077  0.7984  1.0000  0.8286  0.88500
  0.7917E+01  0.7181  1.3587  0.0077  0.7906  1.0000  0.8286  0.88117
  0.6260E+01  0.7097  1.3606  0.0076  0.7984  1.0000  0.8287  0.88493
  0.7238E+01  0.7148  1.3594  0.0077  0.7984  1.0000  0.8286  0.88503
  0.7490E+01  0.7160  1.3591  0.0077  0.7984  1.0000  0.8286  0.88504
  0.7650E+01  0.7168  1.3589  0.0077  0.7906  1.0000  0.8286  0.88116
  0.7392E+01  0.7155  1.3592  0.0077  0.7984  1.0000  0.8286  0.88504
  0.7551E+01  0.7163  1.3590  0.0077  0.7906  1.0000  0.8286  0.88116
  0.7452E+01  0.7158  1.3591  0.0077  0.7984  1.0000  0.8286  0.88504
  0.7513E+01  0.7161  1.3591  0.0077  0.7906  1.0000  0.8286  0.88116
  0.7475E+01  0.7160  1.3591  0.0077  0.7984  1.0000  0.8286  0.88504
  0.7499E+01  0.7161  1.3591  0.0077  0.7906  1.0000  0.8286  0.88116
  0.7490E+01  0.7160  1.3591  0.0077  0.7984  1.0000  0.8286  0.88504



             ####            Final results            ####

 Parameter    DISCRP    OSCILL    STABIL    SYSDEV    POSITV    VALCEN
 Weight        1.000     3.000     3.000     5.000     1.000     1.000
 Sigma         0.300     0.600     0.120     0.500     0.120     0.120
 Ideal         0.700     1.200     0.000     1.000     1.000     0.950
 Current       0.716     1.359     0.008     0.798     1.000     0.829
                - - - - - - - - - - - - - - - - - - - - - - - - - 
 Estimate      0.997     0.932     0.996     0.850     1.000     0.359

  Angular   range    :     from    0.0137   to    0.3244
  Real space range   :     from      0.00   to    166.70

  Highest ALPHA (theor) :   0.391E+07                 JOB = 0
  Current ALPHA         :   0.749E+01   Rg :  0.536E+02   I(0) :   0.563E+02

           Total  estimate : 0.885  which is    A GOOD      solution

      S          J EXP       ERROR       J REG       I REG

  0.0000E+00                                      0.5631E+02
  0.6220E-03                                      0.5629E+02
  0.1244E-02                                      0.5623E+02
  0.1866E-02                                      0.5612E+02
  0.2488E-02                                      0.5597E+02
  0.3110E-02                                      0.5579E+02
  0.3732E-02                                      0.5556E+02
  0.4354E-02                                      0.5529E+02
  0.4976E-02                                      0.5498E+02
  0.5598E-02                                      0.5463E+02
  0.6220E-02                                      0.5425E+02
  0.6842E-02                                      0.5383E+02
  0.7463E-02                                      0.5337E+02
  0.8085E-02                                      0.5288E+02
  0.8707E-02                                      0.5235E+02
  0.9329E-02                                      0.5179E+02
  0.9951E-02                                      0.5120E+02
  0.1057E-01                                      0.5059E+02
  0.1120E-01                                      0.4994E+02
  0.1182E-01                                      0.4927E+02
  0.1244E-01                                      0.4857E+02
  0.1306E-01                                      0.4785E+02
  0.1368E-01  0.4842E+02  0.6473E+00  0.4711E+02  0.4711E+02
  0.1429E-01  0.5023E+02  0.8286E+00  0.4637E+02  0.4637E+02
  0.1490E-01  0.4668E+02  0.4913E+00  0.4561E+02  0.4561E+02
  0.1551E-01  0.4731E+02  0.7513E+00  0.4483E+02  0.4483E+02
  0.1612E-01  0.4516E+02  0.5713E+00  0.4404E+02  0.4404E+02
  0.1672E-01  0.4565E+02  0.6333E+00  0.4324E+02  0.4324E+02
  0.1733E-01  0.4296E+02  0.5154E+00  0.4242E+02  0.4242E+02
  0.1794E-01  0.4380E+02  0.6218E+00  0.4160E+02  0.4160E+02
  0.1855E-01  0.4152E+02  0.5038E+00  0.4077E+02  0.4077E+02
  0.1916E-01  0.4047E+02  0.4941E+00  0.3994E+02  0.3994E+02
  0.1976E-01  0.3959E+02  0.4925E+00  0.3910E+02  0.3910E+02
  0.2037E-01  0.3857E+02  0.4408E+00  0.3825E+02  0.3825E+02
  0.2098E-01  0.3752E+02  0.3980E+00  0.3741E+02  0.3741E+02
  0.2159E-01  0.3684E+02  0.3679E+00  0.3656E+02  0.3656E+02
  0.2220E-01  0.3609E+02  0.3444E+00  0.3572E+02  0.3572E+02
  0.2281E-01  0.3436E+02  0.3498E+00  0.3488E+02  0.3488E+02
  0.2341E-01  0.3439E+02  0.3199E+00  0.3404E+02  0.3404E+02
  0.2402E-01  0.3263E+02  0.3037E+00  0.3321E+02  0.3321E+02
  0.2463E-01  0.3262E+02  0.3198E+00  0.3239E+02  0.3239E+02
  0.2524E-01  0.3155E+02  0.2972E+00  0.3157E+02  0.3157E+02
  0.2585E-01  0.3072E+02  0.3120E+00  0.3077E+02  0.3077E+02
  0.2645E-01  0.2974E+02  0.2961E+00  0.2997E+02  0.2997E+02
  0.2706E-01  0.2943E+02  0.2575E+00  0.2918E+02  0.2918E+02
  0.2767E-01  0.2812E+02  0.2342E+00  0.2841E+02  0.2841E+02
  0.2828E-01  0.2740E+02  0.1970E+00  0.2764E+02  0.2764E+02
  0.2889E-01  0.2694E+02  0.2386E+00  0.2690E+02  0.2690E+02
  0.2949E-01  0.2595E+02  0.1810E+00  0.2616E+02  0.2616E+02
  0.3010E-01  0.2520E+02  0.1870E+00  0.2544E+02  0.2544E+02
  0.3071E-01  0.2449E+02  0.1999E+00  0.2474E+02  0.2474E+02
  0.3132E-01  0.2391E+02  0.1665E+00  0.2404E+02  0.2404E+02
  0.3193E-01  0.2287E+02  0.1688E+00  0.2337E+02  0.2337E+02
  0.3254E-01  0.2255E+02  0.1671E+00  0.2271E+02  0.2271E+02
  0.3314E-01  0.2165E+02  0.1658E+00  0.2207E+02  0.2207E+02
  0.3375E-01  0.2131E+02  0.1741E+00  0.2145E+02  0.2145E+02
  0.3436E-01  0.2044E+02  0.2090E+00  0.2085E+02  0.2085E+02
  0.3497E-01  0.2014E+02  0.1577E+00  0.2026E+02  0.2026E+02
  0.3558E-01  0.1934E+02  0.1524E+00  0.1969E+02  0.1969E+02
  0.3618E-01  0.1904E+02  0.1476E+00  0.1913E+02  0.1913E+02
  0.3679E-01  0.1866E+02  0.1277E+00  0.1859E+02  0.1859E+02
  0.3740E-01  0.1796E+02  0.1219E+00  0.1807E+02  0.1807E+02
  0.3801E-01  0.1763E+02  0.1449E+00  0.1757E+02  0.1757E+02
  0.3862E-01  0.1704E+02  0.1167E+00  0.1709E+02  0.1709E+02
  0.3922E-01  0.1642E+02  0.1283E+00  0.1662E+02  0.1662E+02
  0.3983E-01  0.1634E+02  0.1236E+00  0.1616E+02  0.1616E+02
  0.4044E-01  0.1599E+02  0.1484E+00  0.1573E+02  0.1573E+02
  0.4105E-01  0.1530E+02  0.1240E+00  0.1530E+02  0.1530E+02
  0.4166E-01  0.1508E+02  0.1144E+00  0.1490E+02  0.1490E+02
  0.4227E-01  0.1448E+02  0.1080E+00  0.1451E+02  0.1451E+02
  0.4287E-01  0.1423E+02  0.1093E+00  0.1413E+02  0.1413E+02
  0.4348E-01  0.1399E+02  0.1216E+00  0.1377E+02  0.1377E+02
  0.4409E-01  0.1359E+02  0.1153E+00  0.1342E+02  0.1342E+02
  0.4470E-01  0.1307E+02  0.1081E+00  0.1308E+02  0.1308E+02
  0.4531E-01  0.1282E+02  0.1051E+00  0.1276E+02  0.1276E+02
  0.4591E-01  0.1243E+02  0.9044E-01  0.1245E+02  0.1245E+02
  0.4652E-01  0.1222E+02  0.9406E-01  0.1215E+02  0.1215E+02
  0.4713E-01  0.1197E+02  0.8546E-01  0.1186E+02  0.1186E+02
  0.4774E-01  0.1167E+02  0.8484E-01  0.1158E+02  0.1158E+02
  0.4835E-01  0.1155E+02  0.9215E-01  0.1131E+02  0.1131E+02
  0.4895E-01  0.1130E+02  0.7898E-01  0.1105E+02  0.1105E+02
  0.4956E-01  0.1096E+02  0.8870E-01  0.1080E+02  0.1080E+02
  0.5017E-01  0.1076E+02  0.7879E-01  0.1056E+02  0.1056E+02
  0.5078E-01  0.1051E+02  0.8771E-01  0.1033E+02  0.1033E+02
  0.5139E-01  0.1010E+02  0.7163E-01  0.1010E+02  0.1010E+02
  0.5200E-01  0.1003E+02  0.7701E-01  0.9888E+01  0.9888E+01
  0.5260E-01  0.9713E+01  0.7488E-01  0.9678E+01  0.9678E+01
  0.5321E-01  0.9539E+01  0.7300E-01  0.9474E+01  0.9474E+01
  0.5382E-01  0.9393E+01  0.7710E-01  0.9276E+01  0.9276E+01
  0.5443E-01  0.9112E+01  0.6951E-01  0.9085E+01  0.9085E+01
  0.5504E-01  0.8999E+01  0.7147E-01  0.8899E+01  0.8899E+01
  0.5564E-01  0.8729E+01  0.7104E-01  0.8717E+01  0.8717E+01
  0.5625E-01  0.8492E+01  0.5994E-01  0.8541E+01  0.8541E+01
  0.5686E-01  0.8330E+01  0.6963E-01  0.8369E+01  0.8369E+01
  0.5747E-01  0.8139E+01  0.6245E-01  0.8202E+01  0.8202E+01
  0.5808E-01  0.8016E+01  0.5122E-01  0.8038E+01  0.8038E+01
  0.5868E-01  0.7850E+01  0.6188E-01  0.7879E+01  0.7879E+01
  0.5929E-01  0.7728E+01  0.5696E-01  0.7723E+01  0.7723E+01
  0.5990E-01  0.7546E+01  0.5751E-01  0.7570E+01  0.7570E+01
  0.6051E-01  0.7450E+01  0.5410E-01  0.7421E+01  0.7421E+01
  0.6112E-01  0.7301E+01  0.5781E-01  0.7274E+01  0.7274E+01
  0.6173E-01  0.7134E+01  0.5948E-01  0.7131E+01  0.7131E+01
  0.6233E-01  0.7015E+01  0.6004E-01  0.6990E+01  0.6990E+01
  0.6294E-01  0.6744E+01  0.5562E-01  0.6852E+01  0.6852E+01
  0.6355E-01  0.6623E+01  0.5950E-01  0.6717E+01  0.6717E+01
  0.6416E-01  0.6465E+01  0.5589E-01  0.6584E+01  0.6584E+01
  0.6477E-01  0.6318E+01  0.6009E-01  0.6454E+01  0.6454E+01
  0.6537E-01  0.6045E+01  0.5248E-01  0.6326E+01  0.6326E+01
  0.6598E-01  0.6057E+01  0.5766E-01  0.6200E+01  0.6200E+01
  0.6659E-01  0.5933E+01  0.5662E-01  0.6076E+01  0.6076E+01
  0.6720E-01  0.5978E+01  0.5420E-01  0.5955E+01  0.5955E+01
  0.6781E-01  0.5814E+01  0.5233E-01  0.5836E+01  0.5836E+01
  0.6841E-01  0.5688E+01  0.5547E-01  0.5719E+01  0.5719E+01
  0.6902E-01  0.5525E+01  0.4894E-01  0.5604E+01  0.5604E+01
  0.6963E-01  0.5410E+01  0.5193E-01  0.5492E+01  0.5492E+01
  0.7024E-01  0.5407E+01  0.4685E-01  0.5382E+01  0.5382E+01
  0.7085E-01  0.5285E+01  0.5441E-01  0.5273E+01  0.5273E+01
  0.7146E-01  0.5151E+01  0.4794E-01  0.5167E+01  0.5167E+01
  0.7206E-01  0.5096E+01  0.4902E-01  0.5063E+01  0.5063E+01
  0.7267E-01  0.4923E+01  0.4786E-01  0.4961E+01  0.4961E+01
  0.7328E-01  0.4836E+01  0.4620E-01  0.4862E+01  0.4862E+01
  0.7389E-01  0.4783E+01  0.4744E-01  0.4764E+01  0.4764E+01
  0.7450E-01  0.4652E+01  0.4566E-01  0.4669E+01  0.4669E+01
  0.7510E-01  0.4626E+01  0.4136E-01  0.4575E+01  0.4575E+01
  0.7571E-01  0.4566E+01  0.4469E-01  0.4484E+01  0.4484E+01
  0.7632E-01  0.4411E+01  0.4169E-01  0.4394E+01  0.4394E+01
  0.7693E-01  0.4436E+01  0.4595E-01  0.4307E+01  0.4307E+01
  0.7754E-01  0.4240E+01  0.3723E-01  0.4222E+01  0.4222E+01
  0.7814E-01  0.4169E+01  0.4374E-01  0.4139E+01  0.4139E+01
  0.7875E-01  0.4046E+01  0.3919E-01  0.4058E+01  0.4058E+01
  0.7936E-01  0.4058E+01  0.4201E-01  0.3978E+01  0.3978E+01
  0.7997E-01  0.3914E+01  0.4340E-01  0.3901E+01  0.3901E+01
  0.8058E-01  0.3917E+01  0.4046E-01  0.3825E+01  0.3825E+01
  0.8118E-01  0.3758E+01  0.3469E-01  0.3751E+01  0.3751E+01
  0.8179E-01  0.3719E+01  0.3969E-01  0.3679E+01  0.3679E+01
  0.8240E-01  0.3672E+01  0.3857E-01  0.3609E+01  0.3609E+01
  0.8301E-01  0.3627E+01  0.3769E-01  0.3541E+01  0.3541E+01
  0.8362E-01  0.3527E+01  0.4448E-01  0.3474E+01  0.3474E+01
  0.8423E-01  0.3517E+01  0.3766E-01  0.3408E+01  0.3408E+01
  0.8483E-01  0.3441E+01  0.3499E-01  0.3344E+01  0.3344E+01
  0.8544E-01  0.3325E+01  0.3528E-01  0.3282E+01  0.3282E+01
  0.8605E-01  0.3259E+01  0.3963E-01  0.3221E+01  0.3221E+01
  0.8666E-01  0.3160E+01  0.3819E-01  0.3161E+01  0.3161E+01
  0.8727E-01  0.3048E+01  0.3731E-01  0.3103E+01  0.3103E+01
  0.8787E-01  0.3039E+01  0.3820E-01  0.3045E+01  0.3045E+01
  0.8848E-01  0.2937E+01  0.3818E-01  0.2989E+01  0.2989E+01
  0.8909E-01  0.2909E+01  0.3624E-01  0.2934E+01  0.2934E+01
  0.8970E-01  0.2892E+01  0.4095E-01  0.2881E+01  0.2881E+01
  0.9031E-01  0.2738E+01  0.3857E-01  0.2828E+01  0.2828E+01
  0.9091E-01  0.2779E+01  0.3859E-01  0.2776E+01  0.2776E+01
  0.9152E-01  0.2697E+01  0.3809E-01  0.2725E+01  0.2725E+01
  0.9213E-01  0.2611E+01  0.4146E-01  0.2675E+01  0.2675E+01
  0.9274E-01  0.2673E+01  0.4504E-01  0.2625E+01  0.2625E+01
  0.9335E-01  0.2566E+01  0.3725E-01  0.2577E+01  0.2577E+01
  0.9396E-01  0.2542E+01  0.3678E-01  0.2529E+01  0.2529E+01
  0.9456E-01  0.2486E+01  0.3699E-01  0.2482E+01  0.2482E+01
  0.9517E-01  0.2401E+01  0.3369E-01  0.2435E+01  0.2435E+01
  0.9578E-01  0.2337E+01  0.3519E-01  0.2389E+01  0.2389E+01
  0.9639E-01  0.2376E+01  0.3751E-01  0.2344E+01  0.2344E+01
  0.9700E-01  0.2251E+01  0.3420E-01  0.2299E+01  0.2299E+01
  0.9760E-01  0.2234E+01  0.3617E-01  0.2255E+01  0.2255E+01
  0.9821E-01  0.2134E+01  0.3408E-01  0.2211E+01  0.2211E+01
  0.9882E-01  0.2168E+01  0.3705E-01  0.2168E+01  0.2168E+01
  0.9943E-01  0.2031E+01  0.3517E-01  0.2125E+01  0.2125E+01
  0.1000E+00  0.2038E+01  0.3179E-01  0.2083E+01  0.2083E+01
  0.1006E+00  0.2040E+01  0.3329E-01  0.2042E+01  0.2042E+01
  0.1013E+00  0.1953E+01  0.3331E-01  0.2000E+01  0.2000E+01
  0.1019E+00  0.1941E+01  0.4086E-01  0.1960E+01  0.1960E+01
  0.1025E+00  0.1937E+01  0.3285E-01  0.1920E+01  0.1920E+01
  0.1031E+00  0.1851E+01  0.4034E-01  0.1880E+01  0.1880E+01
  0.1037E+00  0.1826E+01  0.3321E-01  0.1841E+01  0.1841E+01
  0.1043E+00  0.1826E+01  0.3483E-01  0.1802E+01  0.1802E+01
  0.1049E+00  0.1802E+01  0.3129E-01  0.1764E+01  0.1764E+01
  0.1055E+00  0.1781E+01  0.3089E-01  0.1726E+01  0.1726E+01
  0.1061E+00  0.1685E+01  0.3049E-01  0.1689E+01  0.1689E+01
  0.1067E+00  0.1687E+01  0.3239E-01  0.1653E+01  0.1653E+01
  0.1073E+00  0.1627E+01  0.3341E-01  0.1617E+01  0.1617E+01
  0.1079E+00  0.1557E+01  0.2990E-01  0.1582E+01  0.1582E+01
  0.1085E+00  0.1497E+01  0.2943E-01  0.1547E+01  0.1547E+01
  0.1092E+00  0.1549E+01  0.2966E-01  0.1513E+01  0.1513E+01
  0.1098E+00  0.1474E+01  0.3090E-01  0.1479E+01  0.1479E+01
  0.1104E+00  0.1417E+01  0.2805E-01  0.1446E+01  0.1446E+01
  0.1110E+00  0.1381E+01  0.3029E-01  0.1414E+01  0.1414E+01
  0.1116E+00  0.1408E+01  0.2949E-01  0.1382E+01  0.1382E+01
  0.1122E+00  0.1398E+01  0.2911E-01  0.1351E+01  0.1351E+01
  0.1128E+00  0.1368E+01  0.2864E-01  0.1321E+01  0.1321E+01
  0.1134E+00  0.1313E+01  0.3023E-01  0.1291E+01  0.1291E+01
  0.1140E+00  0.1293E+01  0.3436E-01  0.1262E+01  0.1262E+01
  0.1146E+00  0.1261E+01  0.2890E-01  0.1234E+01  0.1234E+01
  0.1152E+00  0.1192E+01  0.3237E-01  0.1206E+01  0.1206E+01
  0.1158E+00  0.1191E+01  0.3109E-01  0.1179E+01  0.1179E+01
  0.1165E+00  0.1137E+01  0.2701E-01  0.1152E+01  0.1152E+01
  0.1171E+00  0.1150E+01  0.2849E-01  0.1127E+01  0.1127E+01
  0.1177E+00  0.1073E+01  0.2737E-01  0.1102E+01  0.1102E+01
  0.1183E+00  0.1088E+01  0.2781E-01  0.1077E+01  0.1077E+01
  0.1189E+00  0.1085E+01  0.2889E-01  0.1053E+01  0.1053E+01
  0.1195E+00  0.1076E+01  0.2706E-01  0.1030E+01  0.1030E+01
  0.1201E+00  0.1024E+01  0.2884E-01  0.1007E+01  0.1007E+01
  0.1207E+00  0.9736E+00  0.2602E-01  0.9853E+00  0.9853E+00
  0.1213E+00  0.9520E+00  0.2918E-01  0.9638E+00  0.9638E+00
  0.1219E+00  0.9295E+00  0.2749E-01  0.9429E+00  0.9429E+00
  0.1225E+00  0.9031E+00  0.3012E-01  0.9225E+00  0.9225E+00
  0.1231E+00  0.9147E+00  0.2739E-01  0.9027E+00  0.9027E+00
  0.1238E+00  0.9228E+00  0.2876E-01  0.8834E+00  0.8834E+00
  0.1244E+00  0.8715E+00  0.2663E-01  0.8646E+00  0.8646E+00
  0.1250E+00  0.8991E+00  0.2886E-01  0.8462E+00  0.8462E+00
  0.1256E+00  0.8570E+00  0.2659E-01  0.8283E+00  0.8283E+00
  0.1262E+00  0.7990E+00  0.2960E-01  0.8109E+00  0.8109E+00
  0.1268E+00  0.7982E+00  0.3135E-01  0.7938E+00  0.7938E+00
  0.1274E+00  0.7504E+00  0.2690E-01  0.7772E+00  0.7772E+00
  0.1280E+00  0.7475E+00  0.2759E-01  0.7609E+00  0.7609E+00
  0.1286E+00  0.7082E+00  0.2566E-01  0.7450E+00  0.7450E+00
  0.1292E+00  0.7431E+00  0.2747E-01  0.7295E+00  0.7295E+00
  0.1298E+00  0.7559E+00  0.2478E-01  0.7143E+00  0.7143E+00
  0.1304E+00  0.6628E+00  0.2829E-01  0.6994E+00  0.6994E+00
  0.1310E+00  0.6720E+00  0.2585E-01  0.6849E+00  0.6849E+00
  0.1317E+00  0.6260E+00  0.2694E-01  0.6706E+00  0.6706E+00
  0.1323E+00  0.6067E+00  0.2873E-01  0.6566E+00  0.6566E+00
  0.1329E+00  0.6278E+00  0.2750E-01  0.6429E+00  0.6429E+00
  0.1335E+00  0.5896E+00  0.2696E-01  0.6294E+00  0.6294E+00
  0.1341E+00  0.5977E+00  0.2708E-01  0.6162E+00  0.6162E+00
  0.1347E+00  0.6253E+00  0.2712E-01  0.6033E+00  0.6033E+00
  0.1353E+00  0.5879E+00  0.2782E-01  0.5906E+00  0.5906E+00
  0.1359E+00  0.6028E+00  0.2666E-01  0.5781E+00  0.5781E+00
  0.1365E+00  0.5603E+00  0.2684E-01  0.5659E+00  0.5659E+00
  0.1371E+00  0.5614E+00  0.2885E-01  0.5539E+00  0.5539E+00
  0.1377E+00  0.5095E+00  0.3760E-01  0.5421E+00  0.5421E+00
  0.1383E+00  0.4979E+00  0.6634E-01  0.5306E+00  0.5306E+00
  0.1390E+00  0.5492E+00  0.1027E+00  0.5193E+00  0.5193E+00
  0.1396E+00  0.4850E+00  0.2757E-01  0.5082E+00  0.5082E+00
  0.1402E+00  0.4668E+00  0.2721E-01  0.4974E+00  0.4974E+00
  0.1408E+00  0.4647E+00  0.2781E-01  0.4868E+00  0.4868E+00
  0.1414E+00  0.4185E+00  0.2679E-01  0.4764E+00  0.4764E+00
  0.1420E+00  0.4789E+00  0.2776E-01  0.4663E+00  0.4663E+00
  0.1426E+00  0.4102E+00  0.2913E-01  0.4564E+00  0.4564E+00
  0.1432E+00  0.4610E+00  0.2616E-01  0.4469E+00  0.4469E+00
  0.1438E+00  0.4126E+00  0.2497E-01  0.4374E+00  0.4374E+00
  0.1444E+00  0.3896E+00  0.2607E-01  0.4283E+00  0.4283E+00
  0.1450E+00  0.3730E+00  0.2567E-01  0.4194E+00  0.4194E+00
  0.1456E+00  0.4164E+00  0.2600E-01  0.4109E+00  0.4109E+00
  0.1463E+00  0.3846E+00  0.2629E-01  0.4025E+00  0.4025E+00
  0.1469E+00  0.4093E+00  0.2492E-01  0.3945E+00  0.3945E+00
  0.1475E+00  0.3859E+00  0.2646E-01  0.3867E+00  0.3867E+00
  0.1481E+00  0.4075E+00  0.2434E-01  0.3792E+00  0.3792E+00
  0.1487E+00  0.3372E+00  0.2530E-01  0.3720E+00  0.3720E+00
  0.1493E+00  0.3938E+00  0.2339E-01  0.3651E+00  0.3651E+00
  0.1499E+00  0.3918E+00  0.2460E-01  0.3584E+00  0.3584E+00
  0.1505E+00  0.3551E+00  0.2280E-01  0.3521E+00  0.3521E+00
  0.1511E+00  0.3994E+00  0.2383E-01  0.3460E+00  0.3460E+00
  0.1517E+00  0.3773E+00  0.2461E-01  0.3401E+00  0.3401E+00
  0.1523E+00  0.3385E+00  0.2514E-01  0.3346E+00  0.3346E+00
  0.1529E+00  0.3167E+00  0.2381E-01  0.3293E+00  0.3293E+00
  0.1535E+00  0.2909E+00  0.2287E-01  0.3243E+00  0.3243E+00
  0.1542E+00  0.3099E+00  0.2347E-01  0.3195E+00  0.3195E+00
  0.1548E+00  0.2787E+00  0.2416E-01  0.3150E+00  0.3150E+00
  0.1554E+00  0.3010E+00  0.2269E-01  0.3107E+00  0.3107E+00
  0.1560E+00  0.3050E+00  0.2299E-01  0.3066E+00  0.3066E+00
  0.1566E+00  0.3491E+00  0.2584E-01  0.3028E+00  0.3028E+00
  0.1572E+00  0.3355E+00  0.2392E-01  0.2992E+00  0.2992E+00
  0.1578E+00  0.3181E+00  0.2524E-01  0.2957E+00  0.2957E+00
  0.1584E+00  0.2848E+00  0.2326E-01  0.2925E+00  0.2925E+00
  0.1590E+00  0.2843E+00  0.2312E-01  0.2894E+00  0.2894E+00
  0.1596E+00  0.2753E+00  0.2309E-01  0.2866E+00  0.2866E+00
  0.1602E+00  0.2531E+00  0.2298E-01  0.2838E+00  0.2838E+00
  0.1608E+00  0.3431E+00  0.2402E-01  0.2812E+00  0.2812E+00
  0.1615E+00  0.2820E+00  0.2291E-01  0.2788E+00  0.2788E+00
  0.1621E+00  0.3422E+00  0.2120E-01  0.2764E+00  0.2764E+00
  0.1627E+00  0.2432E+00  0.2315E-01  0.2742E+00  0.2742E+00
  0.1633E+00  0.2900E+00  0.2265E-01  0.2720E+00  0.2720E+00
  0.1639E+00  0.2285E+00  0.2105E-01  0.2700E+00  0.2700E+00
  0.1645E+00  0.2516E+00  0.2388E-01  0.2680E+00  0.2680E+00
  0.1651E+00  0.2542E+00  0.2379E-01  0.2661E+00  0.2661E+00
  0.1657E+00  0.2517E+00  0.2401E-01  0.2642E+00  0.2642E+00
  0.1663E+00  0.2407E+00  0.2384E-01  0.2623E+00  0.2623E+00
  0.1669E+00  0.2756E+00  0.2470E-01  0.2605E+00  0.2605E+00
  0.1675E+00  0.2664E+00  0.2221E-01  0.2587E+00  0.2587E+00
  0.1681E+00  0.2523E+00  0.2458E-01  0.2569E+00  0.2569E+00
  0.1688E+00  0.2596E+00  0.2205E-01  0.2551E+00  0.2551E+00
  0.1694E+00  0.2476E+00  0.2334E-01  0.2534E+00  0.2534E+00
  0.1700E+00  0.2526E+00  0.2210E-01  0.2516E+00  0.2516E+00
  0.1706E+00  0.2808E+00  0.2414E-01  0.2498E+00  0.2498E+00
  0.1712E+00  0.2657E+00  0.2168E-01  0.2480E+00  0.2480E+00
  0.1718E+00  0.2465E+00  0.2689E-01  0.2461E+00  0.2461E+00
  0.1724E+00  0.2698E+00  0.2605E-01  0.2443E+00  0.2443E+00
  0.1730E+00  0.2653E+00  0.2507E-01  0.2424E+00  0.2424E+00
  0.1736E+00  0.2191E+00  0.2637E-01  0.2405E+00  0.2405E+00
  0.1742E+00  0.2021E+00  0.2144E-01  0.2386E+00  0.2386E+00
  0.1748E+00  0.2024E+00  0.2208E-01  0.2367E+00  0.2367E+00
  0.1754E+00  0.2018E+00  0.2182E-01  0.2347E+00  0.2347E+00
  0.1760E+00  0.2036E+00  0.2306E-01  0.2328E+00  0.2328E+00
  0.1767E+00  0.2182E+00  0.2273E-01  0.2308E+00  0.2308E+00
  0.1773E+00  0.1901E+00  0.2316E-01  0.2288E+00  0.2288E+00
  0.1779E+00  0.2035E+00  0.2374E-01  0.2269E+00  0.2269E+00
  0.1785E+00  0.2050E+00  0.2354E-01  0.2249E+00  0.2249E+00
  0.1791E+00  0.1997E+00  0.2322E-01  0.2230E+00  0.2230E+00
  0.1797E+00  0.2155E+00  0.2344E-01  0.2210E+00  0.2210E+00
  0.1803E+00  0.2186E+00  0.2227E-01  0.2191E+00  0.2191E+00
  0.1809E+00  0.1948E+00  0.2268E-01  0.2172E+00  0.2172E+00
  0.1815E+00  0.1788E+00  0.2262E-01  0.2154E+00  0.2154E+00
  0.1821E+00  0.1953E+00  0.2416E-01  0.2136E+00  0.2136E+00
  0.1827E+00  0.2200E+00  0.2293E-01  0.2118E+00  0.2118E+00
  0.1833E+00  0.1906E+00  0.2265E-01  0.2101E+00  0.2101E+00
  0.1840E+00  0.2008E+00  0.2314E-01  0.2084E+00  0.2084E+00
  0.1846E+00  0.2413E+00  0.2281E-01  0.2069E+00  0.2069E+00
  0.1852E+00  0.2348E+00  0.2253E-01  0.2053E+00  0.2053E+00
  0.1858E+00  0.2618E+00  0.2329E-01  0.2039E+00  0.2039E+00
  0.1864E+00  0.2336E+00  0.2161E-01  0.2025E+00  0.2025E+00
  0.1870E+00  0.2063E+00  0.2083E-01  0.2013E+00  0.2013E+00
  0.1876E+00  0.1816E+00  0.2109E-01  0.2001E+00  0.2001E+00
  0.1882E+00  0.1977E+00  0.2221E-01  0.1990E+00  0.1990E+00
  0.1888E+00  0.2154E+00  0.2194E-01  0.1980E+00  0.1980E+00
  0.1894E+00  0.2110E+00  0.2322E-01  0.1970E+00  0.1970E+00
  0.1900E+00  0.1981E+00  0.2232E-01  0.1962E+00  0.1962E+00
  0.1906E+00  0.2093E+00  0.2165E-01  0.1955E+00  0.1955E+00
  0.1912E+00  0.1886E+00  0.2279E-01  0.1948E+00  0.1948E+00
  0.1919E+00  0.2394E+00  0.2335E-01  0.1943E+00  0.1943E+00
  0.1925E+00  0.1831E+00  0.2121E-01  0.1938E+00  0.1938E+00
  0.1931E+00  0.1526E+00  0.2187E-01  0.1934E+00  0.1934E+00
  0.1937E+00  0.1969E+00  0.2680E-01  0.1931E+00  0.1931E+00
  0.1943E+00  0.1950E+00  0.2972E-01  0.1929E+00  0.1929E+00
  0.1949E+00  0.1982E+00  0.2307E-01  0.1927E+00  0.1927E+00
  0.1955E+00  0.2627E+00  0.2970E-01  0.1926E+00  0.1926E+00
  0.1961E+00  0.1672E+00  0.2179E-01  0.1925E+00  0.1925E+00
  0.1967E+00  0.2117E+00  0.2221E-01  0.1926E+00  0.1926E+00
  0.1973E+00  0.2015E+00  0.2259E-01  0.1926E+00  0.1926E+00
  0.1979E+00  0.1856E+00  0.2281E-01  0.1927E+00  0.1927E+00
  0.1985E+00  0.1787E+00  0.2077E-01  0.1929E+00  0.1929E+00
  0.1992E+00  0.1474E+00  0.2116E-01  0.1930E+00  0.1930E+00
  0.1998E+00  0.1832E+00  0.2090E-01  0.1932E+00  0.1932E+00
  0.2004E+00  0.2307E+00  0.2231E-01  0.1934E+00  0.1934E+00
  0.2010E+00  0.1674E+00  0.2122E-01  0.1936E+00  0.1936E+00
  0.2016E+00  0.2285E+00  0.1988E-01  0.1938E+00  0.1938E+00
  0.2022E+00  0.2181E+00  0.2104E-01  0.1939E+00  0.1939E+00
  0.2028E+00  0.1914E+00  0.2016E-01  0.1941E+00  0.1941E+00
  0.2034E+00  0.1790E+00  0.2258E-01  0.1942E+00  0.1942E+00
  0.2040E+00  0.2075E+00  0.2054E-01  0.1944E+00  0.1944E+00
  0.2046E+00  0.2092E+00  0.2244E-01  0.1944E+00  0.1944E+00
  0.2052E+00  0.2195E+00  0.2027E-01  0.1945E+00  0.1945E+00
  0.2058E+00  0.1984E+00  0.2176E-01  0.1944E+00  0.1944E+00
  0.2065E+00  0.1953E+00  0.2155E-01  0.1944E+00  0.1944E+00
  0.2071E+00  0.2199E+00  0.2213E-01  0.1943E+00  0.1943E+00
  0.2077E+00  0.1858E+00  0.2029E-01  0.1941E+00  0.1941E+00
  0.2083E+00  0.2141E+00  0.2163E-01  0.1939E+00  0.1939E+00
  0.2089E+00  0.1833E+00  0.1941E-01  0.1936E+00  0.1936E+00
  0.2095E+00  0.1867E+00  0.2168E-01  0.1932E+00  0.1932E+00
  0.2101E+00  0.1827E+00  0.1930E-01  0.1928E+00  0.1928E+00
  0.2107E+00  0.2008E+00  0.2104E-01  0.1923E+00  0.1923E+00
  0.2113E+00  0.1940E+00  0.2253E-01  0.1918E+00  0.1918E+00
  0.2119E+00  0.1740E+00  0.2013E-01  0.1911E+00  0.1911E+00
  0.2125E+00  0.1719E+00  0.2136E-01  0.1905E+00  0.1905E+00
  0.2131E+00  0.2091E+00  0.2039E-01  0.1897E+00  0.1897E+00
  0.2137E+00  0.1919E+00  0.2025E-01  0.1890E+00  0.1890E+00
  0.2144E+00  0.1252E+00  0.2001E-01  0.1881E+00  0.1881E+00
  0.2150E+00  0.1608E+00  0.2112E-01  0.1872E+00  0.1872E+00
  0.2156E+00  0.1690E+00  0.2032E-01  0.1863E+00  0.1863E+00
  0.2162E+00  0.1748E+00  0.2045E-01  0.1854E+00  0.1854E+00
  0.2168E+00  0.1710E+00  0.2066E-01  0.1844E+00  0.1844E+00
  0.2174E+00  0.1690E+00  0.2019E-01  0.1833E+00  0.1833E+00
  0.2180E+00  0.1624E+00  0.1882E-01  0.1823E+00  0.1823E+00
  0.2186E+00  0.1746E+00  0.2163E-01  0.1812E+00  0.1812E+00
  0.2192E+00  0.1754E+00  0.2477E-01  0.1801E+00  0.1801E+00
  0.2198E+00  0.1698E+00  0.2120E-01  0.1790E+00  0.1790E+00
  0.2204E+00  0.1893E+00  0.2396E-01  0.1780E+00  0.1780E+00
  0.2210E+00  0.1809E+00  0.2035E-01  0.1769E+00  0.1769E+00
  0.2217E+00  0.1735E+00  0.2261E-01  0.1758E+00  0.1758E+00
  0.2223E+00  0.1835E+00  0.2053E-01  0.1748E+00  0.1748E+00
  0.2229E+00  0.2029E+00  0.2141E-01  0.1737E+00  0.1737E+00
  0.2235E+00  0.2057E+00  0.1932E-01  0.1727E+00  0.1727E+00
  0.2241E+00  0.2036E+00  0.2141E-01  0.1717E+00  0.1717E+00
  0.2247E+00  0.1874E+00  0.1869E-01  0.1708E+00  0.1708E+00
  0.2253E+00  0.1582E+00  0.2150E-01  0.1699E+00  0.1699E+00
  0.2259E+00  0.1702E+00  0.2083E-01  0.1690E+00  0.1690E+00
  0.2265E+00  0.1538E+00  0.2293E-01  0.1682E+00  0.1682E+00
  0.2271E+00  0.1783E+00  0.2070E-01  0.1674E+00  0.1674E+00
  0.2277E+00  0.1456E+00  0.2240E-01  0.1667E+00  0.1667E+00
  0.2283E+00  0.1732E+00  0.2053E-01  0.1660E+00  0.1660E+00
  0.2289E+00  0.1471E+00  0.2138E-01  0.1654E+00  0.1654E+00
  0.2296E+00  0.1549E+00  0.2106E-01  0.1648E+00  0.1648E+00
  0.2302E+00  0.2025E+00  0.1936E-01  0.1643E+00  0.1643E+00
  0.2308E+00  0.1496E+00  0.2119E-01  0.1638E+00  0.1638E+00
  0.2314E+00  0.1586E+00  0.2095E-01  0.1634E+00  0.1634E+00
  0.2320E+00  0.1337E+00  0.2043E-01  0.1630E+00  0.1630E+00
  0.2326E+00  0.1899E+00  0.5690E-01  0.1626E+00  0.1626E+00
  0.2332E+00  0.1361E+00  0.2154E-01  0.1623E+00  0.1623E+00
  0.2338E+00  0.1799E+00  0.2110E-01  0.1620E+00  0.1620E+00
  0.2344E+00  0.1858E+00  0.2055E-01  0.1619E+00  0.1619E+00
  0.2350E+00  0.2009E+00  0.2077E-01  0.1616E+00  0.1616E+00
  0.2356E+00  0.1772E+00  0.2139E-01  0.1614E+00  0.1614E+00
  0.2362E+00  0.1942E+00  0.2036E-01  0.1613E+00  0.1613E+00
  0.2369E+00  0.1974E+00  0.2156E-01  0.1612E+00  0.1612E+00
  0.2375E+00  0.1523E+00  0.1833E-01  0.1610E+00  0.1610E+00
  0.2381E+00  0.1986E+00  0.2211E-01  0.1609E+00  0.1609E+00
  0.2387E+00  0.1707E+00  0.1993E-01  0.1608E+00  0.1608E+00
  0.2393E+00  0.1768E+00  0.1851E-01  0.1607E+00  0.1607E+00
  0.2399E+00  0.1563E+00  0.2523E-01  0.1606E+00  0.1606E+00
  0.2405E+00  0.1461E+00  0.3083E-01  0.1604E+00  0.1604E+00
  0.2411E+00  0.1380E+00  0.2304E-01  0.1603E+00  0.1603E+00
  0.2417E+00  0.1144E+00  0.2761E-01  0.1601E+00  0.1601E+00
  0.2423E+00  0.1670E+00  0.2106E-01  0.1599E+00  0.1599E+00
  0.2429E+00  0.1495E+00  0.1963E-01  0.1597E+00  0.1597E+00
  0.2435E+00  0.1568E+00  0.2021E-01  0.1595E+00  0.1595E+00
  0.2441E+00  0.1542E+00  0.2215E-01  0.1592E+00  0.1592E+00
  0.2448E+00  0.1438E+00  0.1939E-01  0.1589E+00  0.1589E+00
  0.2454E+00  0.1241E+00  0.1845E-01  0.1585E+00  0.1585E+00
  0.2460E+00  0.1257E+00  0.1957E-01  0.1581E+00  0.1581E+00
  0.2466E+00  0.1226E+00  0.1970E-01  0.1577E+00  0.1577E+00
  0.2472E+00  0.1590E+00  0.2082E-01  0.1572E+00  0.1572E+00
  0.2478E+00  0.1975E+00  0.1967E-01  0.1567E+00  0.1567E+00
  0.2484E+00  0.1741E+00  0.2136E-01  0.1561E+00  0.1561E+00
  0.2490E+00  0.1689E+00  0.2168E-01  0.1555E+00  0.1555E+00
  0.2496E+00  0.1891E+00  0.1944E-01  0.1548E+00  0.1548E+00
  0.2502E+00  0.1367E+00  0.2166E-01  0.1541E+00  0.1541E+00
  0.2508E+00  0.1743E+00  0.2022E-01  0.1534E+00  0.1534E+00
  0.2514E+00  0.1522E+00  0.2020E-01  0.1526E+00  0.1526E+00
  0.2521E+00  0.1301E+00  0.1998E-01  0.1518E+00  0.1518E+00
  0.2527E+00  0.1428E+00  0.2042E-01  0.1510E+00  0.1510E+00
  0.2533E+00  0.1379E+00  0.2127E-01  0.1501E+00  0.1501E+00
  0.2539E+00  0.1709E+00  0.2126E-01  0.1492E+00  0.1492E+00
  0.2545E+00  0.1447E+00  0.2121E-01  0.1483E+00  0.1483E+00
  0.2551E+00  0.1159E+00  0.2094E-01  0.1474E+00  0.1474E+00
  0.2557E+00  0.1558E+00  0.2010E-01  0.1464E+00  0.1464E+00
  0.2563E+00  0.1523E+00  0.2032E-01  0.1455E+00  0.1455E+00
  0.2569E+00  0.1350E+00  0.1968E-01  0.1445E+00  0.1445E+00
  0.2575E+00  0.1081E+00  0.1976E-01  0.1436E+00  0.1436E+00
  0.2581E+00  0.1031E+00  0.1965E-01  0.1426E+00  0.1426E+00
  0.2587E+00  0.7549E-01  0.2044E-01  0.1417E+00  0.1417E+00
  0.2593E+00  0.1899E+00  0.2010E-01  0.1407E+00  0.1407E+00
  0.2600E+00  0.1441E+00  0.2001E-01  0.1398E+00  0.1398E+00
  0.2606E+00  0.1739E+00  0.2049E-01  0.1389E+00  0.1389E+00
  0.2612E+00  0.1542E+00  0.1905E-01  0.1381E+00  0.1381E+00
  0.2618E+00  0.1301E+00  0.2186E-01  0.1373E+00  0.1373E+00
  0.2624E+00  0.1744E+00  0.3028E-01  0.1365E+00  0.1365E+00
  0.2630E+00  0.1497E+00  0.2000E-01  0.1357E+00  0.1357E+00
  0.2636E+00  0.2085E+00  0.5680E-01  0.1350E+00  0.1350E+00
  0.2642E+00  0.1020E+00  0.1971E-01  0.1343E+00  0.1343E+00
  0.2648E+00  0.1431E+00  0.3063E-01  0.1337E+00  0.1337E+00
  0.2654E+00  0.1102E+00  0.1953E-01  0.1331E+00  0.1331E+00
  0.2660E+00  0.1600E+00  0.1830E-01  0.1326E+00  0.1326E+00
  0.2666E+00  0.1506E+00  0.2233E-01  0.1321E+00  0.1321E+00
  0.2673E+00  0.1546E+00  0.2141E-01  0.1317E+00  0.1317E+00
  0.2679E+00  0.1462E+00  0.2064E-01  0.1313E+00  0.1313E+00
  0.2685E+00  0.1110E+00  0.1927E-01  0.1309E+00  0.1309E+00
  0.2691E+00  0.9508E-01  0.2023E-01  0.1306E+00  0.1306E+00
  0.2697E+00  0.1211E+00  0.2035E-01  0.1304E+00  0.1304E+00
  0.2703E+00  0.1136E+00  0.2084E-01  0.1302E+00  0.1302E+00
  0.2709E+00  0.1511E+00  0.2297E-01  0.1301E+00  0.1301E+00
  0.2715E+00  0.1510E+00  0.2199E-01  0.1299E+00  0.1299E+00
  0.2721E+00  0.1537E+00  0.2346E-01  0.1299E+00  0.1299E+00
  0.2727E+00  0.1167E+00  0.1871E-01  0.1299E+00  0.1299E+00
  0.2733E+00  0.1068E+00  0.1838E-01  0.1299E+00  0.1299E+00
  0.2739E+00  0.1301E+00  0.1828E-01  0.1299E+00  0.1299E+00
  0.2745E+00  0.1305E+00  0.2157E-01  0.1300E+00  0.1300E+00
  0.2752E+00  0.1478E+00  0.1962E-01  0.1300E+00  0.1300E+00
  0.2758E+00  0.1178E+00  0.1964E-01  0.1301E+00  0.1301E+00
  0.2764E+00  0.1248E+00  0.2035E-01  0.1303E+00  0.1303E+00
  0.2770E+00  0.1030E+00  0.1924E-01  0.1304E+00  0.1304E+00
  0.2776E+00  0.1496E+00  0.1988E-01  0.1305E+00  0.1305E+00
  0.2782E+00  0.1305E+00  0.1948E-01  0.1307E+00  0.1307E+00
  0.2788E+00  0.1333E+00  0.1816E-01  0.1308E+00  0.1308E+00
  0.2794E+00  0.1384E+00  0.1789E-01  0.1309E+00  0.1309E+00
  0.2800E+00  0.1495E+00  0.1862E-01  0.1310E+00  0.1310E+00
  0.2806E+00  0.1505E+00  0.1853E-01  0.1311E+00  0.1311E+00
  0.2812E+00  0.1197E+00  0.2001E-01  0.1312E+00  0.1312E+00
  0.2818E+00  0.1689E+00  0.1969E-01  0.1313E+00  0.1313E+00
  0.2825E+00  0.1364E+00  0.1881E-01  0.1313E+00  0.1313E+00
  0.2831E+00  0.1368E+00  0.1825E-01  0.1313E+00  0.1313E+00
  0.2837E+00  0.1308E+00  0.1887E-01  0.1313E+00  0.1313E+00
  0.2843E+00  0.1143E+00  0.1907E-01  0.1313E+00  0.1313E+00
  0.2849E+00  0.1197E+00  0.2042E-01  0.1312E+00  0.1312E+00
  0.2855E+00  0.1518E+00  0.1900E-01  0.1311E+00  0.1311E+00
  0.2861E+00  0.1301E+00  0.1978E-01  0.1309E+00  0.1309E+00
  0.2867E+00  0.1314E+00  0.1824E-01  0.1307E+00  0.1307E+00
  0.2873E+00  0.9788E-01  0.1858E-01  0.1305E+00  0.1305E+00
  0.2879E+00  0.1368E+00  0.1727E-01  0.1303E+00  0.1303E+00
  0.2885E+00  0.1379E+00  0.1827E-01  0.1300E+00  0.1300E+00
  0.2891E+00  0.1250E+00  0.1818E-01  0.1297E+00  0.1297E+00
  0.2897E+00  0.9164E-01  0.1876E-01  0.1293E+00  0.1293E+00
  0.2904E+00  0.1182E+00  0.1693E-01  0.1289E+00  0.1289E+00
  0.2910E+00  0.1210E+00  0.1790E-01  0.1285E+00  0.1285E+00
  0.2916E+00  0.1536E+00  0.1876E-01  0.1280E+00  0.1280E+00
  0.2922E+00  0.1215E+00  0.1865E-01  0.1275E+00  0.1275E+00
  0.2928E+00  0.1188E+00  0.1892E-01  0.1270E+00  0.1270E+00
  0.2934E+00  0.1236E+00  0.1891E-01  0.1265E+00  0.1265E+00
  0.2940E+00  0.1291E+00  0.1884E-01  0.1259E+00  0.1259E+00
  0.2946E+00  0.1277E+00  0.1817E-01  0.1253E+00  0.1253E+00
  0.2952E+00  0.1320E+00  0.1798E-01  0.1248E+00  0.1248E+00
  0.2958E+00  0.1247E+00  0.1745E-01  0.1242E+00  0.1242E+00
  0.2964E+00  0.1055E+00  0.1750E-01  0.1236E+00  0.1236E+00
  0.2970E+00  0.9754E-01  0.1730E-01  0.1230E+00  0.1230E+00
  0.2976E+00  0.1025E+00  0.1723E-01  0.1224E+00  0.1224E+00
  0.2983E+00  0.1123E+00  0.1747E-01  0.1217E+00  0.1217E+00
  0.2989E+00  0.1401E+00  0.1827E-01  0.1211E+00  0.1211E+00
  0.2995E+00  0.1211E+00  0.1832E-01  0.1206E+00  0.1206E+00
  0.3001E+00  0.1666E+00  0.1780E-01  0.1200E+00  0.1200E+00
  0.3007E+00  0.1319E+00  0.1717E-01  0.1194E+00  0.1194E+00
  0.3013E+00  0.1217E+00  0.1747E-01  0.1188E+00  0.1188E+00
  0.3019E+00  0.1559E+00  0.1682E-01  0.1183E+00  0.1183E+00
  0.3025E+00  0.1004E+00  0.1712E-01  0.1178E+00  0.1178E+00
  0.3031E+00  0.1029E+00  0.1795E-01  0.1173E+00  0.1173E+00
  0.3037E+00  0.1092E+00  0.1714E-01  0.1169E+00  0.1169E+00
  0.3043E+00  0.1313E+00  0.1763E-01  0.1164E+00  0.1164E+00
  0.3049E+00  0.1653E+00  0.1838E-01  0.1160E+00  0.1160E+00
  0.3056E+00  0.1307E+00  0.1734E-01  0.1156E+00  0.1156E+00
  0.3062E+00  0.1379E+00  0.1727E-01  0.1153E+00  0.1153E+00
  0.3068E+00  0.8341E-01  0.1674E-01  0.1149E+00  0.1149E+00
  0.3074E+00  0.1185E+00  0.1730E-01  0.1147E+00  0.1147E+00
  0.3080E+00  0.9015E-01  0.1781E-01  0.1144E+00  0.1144E+00
  0.3086E+00  0.1086E+00  0.1767E-01  0.1141E+00  0.1141E+00
  0.3092E+00  0.1026E+00  0.1739E-01  0.1139E+00  0.1139E+00
  0.3098E+00  0.8962E-01  0.1812E-01  0.1137E+00  0.1137E+00
  0.3104E+00  0.1376E+00  0.1779E-01  0.1135E+00  0.1135E+00
  0.3110E+00  0.1253E+00  0.2611E-01  0.1134E+00  0.1134E+00
  0.3116E+00  0.1219E+00  0.1752E-01  0.1133E+00  0.1133E+00
  0.3122E+00  0.9217E-01  0.2921E-01  0.1132E+00  0.1132E+00
  0.3128E+00  0.8897E-01  0.1940E-01  0.1131E+00  0.1131E+00
  0.3135E+00  0.9372E-01  0.2012E-01  0.1130E+00  0.1130E+00
  0.3141E+00  0.1071E+00  0.2096E-01  0.1129E+00  0.1129E+00
  0.3147E+00  0.1221E+00  0.2115E-01  0.1129E+00  0.1129E+00
  0.3153E+00  0.1161E+00  0.2183E-01  0.1128E+00  0.1128E+00
  0.3159E+00  0.1005E+00  0.2226E-01  0.1127E+00  0.1127E+00
  0.3165E+00  0.1270E+00  0.2301E-01  0.1127E+00  0.1127E+00
  0.3171E+00  0.1151E+00  0.2058E-01  0.1126E+00  0.1126E+00
  0.3177E+00  0.1620E+00  0.2548E-01  0.1125E+00  0.1125E+00
  0.3183E+00  0.1341E+00  0.2246E-01  0.1125E+00  0.1125E+00
  0.3189E+00  0.1465E+00  0.2625E-01  0.1124E+00  0.1124E+00
  0.3195E+00  0.9445E-01  0.2539E-01  0.1123E+00  0.1123E+00
  0.3201E+00  0.9559E-01  0.2652E-01  0.1121E+00  0.1121E+00
  0.3208E+00  0.1161E+00  0.2576E-01  0.1120E+00  0.1120E+00
  0.3214E+00  0.1409E+00  0.2767E-01  0.1118E+00  0.1118E+00
  0.3220E+00  0.1116E+00  0.2767E-01  0.1116E+00  0.1116E+00
  0.3226E+00  0.1637E+00  0.3084E-01  0.1114E+00  0.1114E+00
  0.3232E+00  0.1368E+00  0.3508E-01  0.1112E+00  0.1112E+00
  0.3238E+00  0.3750E-01  0.3403E-01  0.1109E+00  0.1109E+00
  0.3244E+00  0.1318E+00  0.4137E-01  0.1106E+00  0.1106E+00

           Distance distribution  function of particle  


       R          P(R)      ERROR

  0.0000E+00  0.0000E+00  0.0000E+00
  0.1667E+01  0.1632E-02  0.2466E-04
  0.3334E+01  0.3443E-02  0.2852E-04
  0.5001E+01  0.5461E-02  0.1871E-04
  0.6668E+01  0.7724E-02  0.1538E-04
  0.8335E+01  0.1027E-01  0.3043E-04
  0.1000E+02  0.1311E-01  0.4238E-04
  0.1167E+02  0.1626E-01  0.4462E-04
  0.1334E+02  0.1967E-01  0.3793E-04
  0.1500E+02  0.2327E-01  0.3077E-04
  0.1667E+02  0.2697E-01  0.3651E-04
  0.1834E+02  0.3066E-01  0.5053E-04
  0.2000E+02  0.3420E-01  0.6107E-04
  0.2167E+02  0.3750E-01  0.6351E-04
  0.2334E+02  0.4046E-01  0.5951E-04
  0.2500E+02  0.4301E-01  0.5643E-04
  0.2667E+02  0.4512E-01  0.6212E-04
  0.2834E+02  0.4680E-01  0.7453E-04
  0.3001E+02  0.4806E-01  0.8564E-04
  0.3167E+02  0.4893E-01  0.9045E-04
  0.3334E+02  0.4948E-01  0.8887E-04
  0.3501E+02  0.4973E-01  0.8496E-04
  0.3667E+02  0.4975E-01  0.8419E-04
  0.3834E+02  0.4955E-01  0.8829E-04
  0.4001E+02  0.4918E-01  0.9376E-04
  0.4167E+02  0.4868E-01  0.9626E-04
  0.4334E+02  0.4806E-01  0.9457E-04
  0.4501E+02  0.4738E-01  0.9110E-04
  0.4668E+02  0.4667E-01  0.9000E-04
  0.4834E+02  0.4597E-01  0.9344E-04
  0.5001E+02  0.4532E-01  0.9979E-04
  0.5168E+02  0.4476E-01  0.1060E-03
  0.5334E+02  0.4429E-01  0.1105E-03
  0.5501E+02  0.4392E-01  0.1136E-03
  0.5668E+02  0.4364E-01  0.1162E-03
  0.5834E+02  0.4342E-01  0.1186E-03
  0.6001E+02  0.4324E-01  0.1206E-03
  0.6168E+02  0.4306E-01  0.1226E-03
  0.6335E+02  0.4283E-01  0.1261E-03
  0.6501E+02  0.4255E-01  0.1323E-03
  0.6668E+02  0.4220E-01  0.1404E-03
  0.6835E+02  0.4176E-01  0.1480E-03
  0.7001E+02  0.4126E-01  0.1527E-03
  0.7168E+02  0.4070E-01  0.1546E-03
  0.7335E+02  0.4011E-01  0.1570E-03
  0.7501E+02  0.3949E-01  0.1649E-03
  0.7668E+02  0.3886E-01  0.1799E-03
  0.7835E+02  0.3822E-01  0.1989E-03
  0.8002E+02  0.3756E-01  0.2160E-03
  0.8168E+02  0.3688E-01  0.2264E-03
  0.8335E+02  0.3616E-01  0.2280E-03
  0.8502E+02  0.3540E-01  0.2217E-03
  0.8668E+02  0.3460E-01  0.2109E-03
  0.8835E+02  0.3376E-01  0.2000E-03
  0.9002E+02  0.3288E-01  0.1926E-03
  0.9168E+02  0.3197E-01  0.1900E-03
  0.9335E+02  0.3105E-01  0.1915E-03
  0.9502E+02  0.3012E-01  0.1956E-03
  0.9669E+02  0.2921E-01  0.2010E-03
  0.9835E+02  0.2832E-01  0.2072E-03
  0.1000E+03  0.2745E-01  0.2142E-03
  0.1017E+03  0.2660E-01  0.2225E-03
  0.1034E+03  0.2577E-01  0.2324E-03
  0.1050E+03  0.2497E-01  0.2435E-03
  0.1067E+03  0.2418E-01  0.2547E-03
  0.1084E+03  0.2340E-01  0.2642E-03
  0.1100E+03  0.2264E-01  0.2703E-03
  0.1117E+03  0.2188E-01  0.2720E-03
  0.1134E+03  0.2113E-01  0.2693E-03
  0.1150E+03  0.2039E-01  0.2633E-03
  0.1167E+03  0.1966E-01  0.2555E-03
  0.1184E+03  0.1893E-01  0.2473E-03
  0.1200E+03  0.1820E-01  0.2398E-03
  0.1217E+03  0.1747E-01  0.2338E-03
  0.1234E+03  0.1675E-01  0.2297E-03
  0.1250E+03  0.1603E-01  0.2279E-03
  0.1267E+03  0.1532E-01  0.2284E-03
  0.1284E+03  0.1462E-01  0.2307E-03
  0.1300E+03  0.1393E-01  0.2338E-03
  0.1317E+03  0.1325E-01  0.2370E-03
  0.1334E+03  0.1257E-01  0.2396E-03
  0.1350E+03  0.1189E-01  0.2409E-03
  0.1367E+03  0.1122E-01  0.2405E-03
  0.1384E+03  0.1054E-01  0.2383E-03
  0.1400E+03  0.9850E-02  0.2354E-03
  0.1417E+03  0.9165E-02  0.2333E-03
  0.1434E+03  0.8491E-02  0.2341E-03
  0.1450E+03  0.7844E-02  0.2382E-03
  0.1467E+03  0.7242E-02  0.2446E-03
  0.1484E+03  0.6704E-02  0.2513E-03
  0.1500E+03  0.6243E-02  0.2568E-03
  0.1517E+03  0.5865E-02  0.2613E-03
  0.1534E+03  0.5562E-02  0.2666E-03
  0.1550E+03  0.5310E-02  0.2740E-03
  0.1567E+03  0.5066E-02  0.2822E-03
  0.1584E+03  0.4775E-02  0.2863E-03
  0.1600E+03  0.4367E-02  0.2792E-03
  0.1617E+03  0.3761E-02  0.2530E-03
  0.1634E+03  0.2880E-02  0.2007E-03
  0.1650E+03  0.1648E-02  0.1173E-03
  0.1667E+03  0.0000E+00  0.0000E+00
          Reciprocal space: Rg =   53.61     , I(0) =   0.5630E+02
     Real space: Rg =   53.88 +- 0.142  I(0) =   0.5631E+02 +-  0.2052E+00
