
           ####    G N O M   ---   Version 4.5a revised 09/02/02     ####

                                                  Tue Nov  3 18:07:46 2009
           ===    Run No   1   ===
 Run title:  0.011250 2.689330 0.601785


  Number of points omitted at the beginning:          23
   *******   Working Directory :
   *******    Input file(s) :
           Condition P(rmin) = 0 is used. 
           Condition P(rmax) = 0 is used. 

          Experimental conditions for the first run
          -----------------------------------------

          Highest ALPHA is found to be   0.5771E+00

  The measure of inconsistency AN1 equals to    0.8877E+00
     Alpha    Discrp  Oscill  Stabil  Sysdev  Positv  Valcen    Total   
  0.5771E+03  5.5779  1.0709  0.8205  0.2208  1.0000  0.8866  0.36152
  0.1154E+03  3.4801  1.0495  0.5068  0.4415  1.0000  0.8940  0.43264
  0.2308E+02  1.5380  1.0157  0.2238  0.5386  1.0000  0.9101  0.48946
  0.4617E+01  0.7623  1.0178  0.0848  0.7682  1.0000  0.9261  0.82198
  0.9233E+00  0.5586  1.0782  0.0429  0.9139  1.0000  0.9398  0.94049
  0.1847E+00  0.5116  1.1598  0.0240  0.9051  1.0000  0.9460  0.95460
  0.3693E-01  0.5037  1.2303  0.0267  0.8874  1.0000  0.9469  0.94653
  0.7387E-02  0.5018  1.3124  0.0281  0.8786  1.0000  0.9478  0.93548
  0.1477E-02  0.5011  1.4861  0.0560  0.8786  1.0000  0.9520  0.86862
  0.2955E-03  0.5005  1.9815  0.0641  0.8786  1.0000  0.9514  0.72588
  0.5909E-04  0.5001  3.2055  0.2428  0.8786  0.9961  0.9156  0.52325
  0.1182E-04  0.4993  6.6191  0.4720  0.8962  0.9584  0.7138  0.45256
  0.2364E-05  0.4985  8.5842  0.2875  0.8786  0.8869  0.5804  0.41228
  0.4727E-06  0.4982 10.5335  0.7400  0.8786  0.8220  0.4683  0.39004
  0.9455E-07  0.4974  9.8898  0.8320  0.8874  0.7524  0.4178  0.38578
  0.1891E-07  0.4963  9.0612  0.4812  0.8962  0.7202  0.4050  0.38745
  0.3782E-08  0.4958  8.3232  0.4722  0.9051  0.7107  0.4257  0.38965
  0.7564E-09  0.4950  8.8044  0.7529  0.9051  0.7050  0.4161  0.38944
  0.1513E-09  0.4927  9.5565  0.6589  0.9051  0.7026  0.3942  0.38897
  0.3026E-10  0.4904  9.6316  0.3452  0.9139  0.7007  0.3928  0.39074
  0.6051E-11  0.4895  9.6187  0.4257  0.9227  0.6869  0.3960  0.39245
  0.1210E-11  0.4880 11.5497  0.7599  0.9007  0.6589  0.4164  0.38669
  0.2420E-12  0.4826 14.1078  0.7225  0.9007  0.6736  0.4427  0.00000

          ***  Golden section search to maximize estimate ***
     Alpha    Discrp  Oscill  Stabil  Sysdev  Positv  Valcen    Total   
  0.3415E+00  0.5207  1.1308  0.0291  0.8874  1.0000  0.9446  0.94569
  0.1460E+00  0.5095  1.1700  0.0233  0.9051  1.0000  0.9463  0.95510
  0.1263E+00  0.5085  1.1762  0.0233  0.8962  1.0000  0.9464  0.95274
  0.1597E+00  0.5102  1.1662  0.0235  0.9051  1.0000  0.9462  0.95497
  0.1381E+00  0.5091  1.1724  0.0233  0.8962  1.0000  0.9463  0.95273
  0.1511E+00  0.5098  1.1686  0.0234  0.9051  1.0000  0.9462  0.95506
  0.1430E+00  0.5093  1.1709  0.0233  0.9051  1.0000  0.9463  0.95512
  0.1411E+00  0.5092  1.1715  0.0233  0.9051  1.0000  0.9463  0.95513
  0.1400E+00  0.5092  1.1718  0.0233  0.8962  1.0000  0.9463  0.95272
  0.1418E+00  0.5093  1.1713  0.0233  0.9051  1.0000  0.9463  0.95512
  0.1407E+00  0.5092  1.1716  0.0233  0.9051  1.0000  0.9463  0.95513
  0.1404E+00  0.5092  1.1717  0.0233  0.9051  1.0000  0.9463  0.95513
  0.1402E+00  0.5092  1.1717  0.0233  0.9051  1.0000  0.9463  0.95513
  0.1402E+00  0.5092  1.1717  0.0233  0.9051  1.0000  0.9463  0.95513



             ####            Final results            ####

 Parameter    DISCRP    OSCILL    STABIL    SYSDEV    POSITV    VALCEN
 Weight        1.000     3.000     3.000     5.000     1.000     1.000
 Sigma         0.300     0.600     0.120     0.500     0.120     0.120
 Ideal         0.700     1.200     0.000     1.000     1.000     0.950
 Current       0.509     1.172     0.023     0.905     1.000     0.946
                - - - - - - - - - - - - - - - - - - - - - - - - - 
 Estimate      0.667     0.998     0.963     0.965     1.000     0.999

  Angular   range    :     from    0.0258   to    0.3226
  Real space range   :     from      0.00   to     52.50

  Highest ALPHA (theor) :   0.577E+03                 JOB = 0
  Current ALPHA         :   0.140E+00   Rg :  0.197E+02   I(0) :   0.941E+00

           Total  estimate : 0.955  which is  AN EXCELLENT  solution

      S          J EXP       ERROR       J REG       I REG

  0.0000E+00                                      0.9408E+00
  0.9230E-03                                      0.9407E+00
  0.1846E-02                                      0.9403E+00
  0.2769E-02                                      0.9398E+00
  0.3692E-02                                      0.9391E+00
  0.4615E-02                                      0.9382E+00
  0.5538E-02                                      0.9371E+00
  0.6461E-02                                      0.9357E+00
  0.7384E-02                                      0.9342E+00
  0.8307E-02                                      0.9324E+00
  0.9230E-02                                      0.9305E+00
  0.1015E-01                                      0.9284E+00
  0.1108E-01                                      0.9260E+00
  0.1200E-01                                      0.9235E+00
  0.1292E-01                                      0.9208E+00
  0.1385E-01                                      0.9178E+00
  0.1477E-01                                      0.9147E+00
  0.1569E-01                                      0.9114E+00
  0.1661E-01                                      0.9079E+00
  0.1754E-01                                      0.9042E+00
  0.1846E-01                                      0.9003E+00
  0.1938E-01                                      0.8963E+00
  0.2031E-01                                      0.8921E+00
  0.2123E-01                                      0.8877E+00
  0.2215E-01                                      0.8831E+00
  0.2308E-01                                      0.8783E+00
  0.2400E-01                                      0.8734E+00
  0.2492E-01                                      0.8683E+00
  0.2585E-01  0.8475E+00  0.8445E-01  0.8631E+00  0.8631E+00
  0.2645E-01  0.1011E+01  0.8800E-01  0.8595E+00  0.8595E+00
  0.2706E-01  0.8168E+00  0.8074E-01  0.8559E+00  0.8559E+00
  0.2767E-01  0.9267E+00  0.7152E-01  0.8522E+00  0.8522E+00
  0.2828E-01  0.8556E+00  0.7280E-01  0.8485E+00  0.8485E+00
  0.2889E-01  0.7958E+00  0.6457E-01  0.8447E+00  0.8447E+00
  0.2949E-01  0.7606E+00  0.5627E-01  0.8408E+00  0.8408E+00
  0.3010E-01  0.8080E+00  0.7263E-01  0.8368E+00  0.8368E+00
  0.3071E-01  0.7941E+00  0.6147E-01  0.8328E+00  0.8328E+00
  0.3132E-01  0.7906E+00  0.6717E-01  0.8288E+00  0.8288E+00
  0.3193E-01  0.8653E+00  0.7235E-01  0.8246E+00  0.8246E+00
  0.3254E-01  0.7239E+00  0.6905E-01  0.8204E+00  0.8204E+00
  0.3314E-01  0.8055E+00  0.6422E-01  0.8162E+00  0.8162E+00
  0.3375E-01  0.7895E+00  0.7077E-01  0.8119E+00  0.8119E+00
  0.3436E-01  0.7985E+00  0.7080E-01  0.8075E+00  0.8075E+00
  0.3497E-01  0.7278E+00  0.6864E-01  0.8031E+00  0.8031E+00
  0.3558E-01  0.7748E+00  0.6735E-01  0.7986E+00  0.7986E+00
  0.3618E-01  0.8019E+00  0.6452E-01  0.7941E+00  0.7941E+00
  0.3679E-01  0.7315E+00  0.6713E-01  0.7895E+00  0.7895E+00
  0.3740E-01  0.7599E+00  0.5803E-01  0.7849E+00  0.7849E+00
  0.3801E-01  0.7371E+00  0.7399E-01  0.7802E+00  0.7802E+00
  0.3862E-01  0.7578E+00  0.6871E-01  0.7755E+00  0.7755E+00
  0.3922E-01  0.8664E+00  0.5621E-01  0.7707E+00  0.7707E+00
  0.3983E-01  0.8976E+00  0.5586E-01  0.7659E+00  0.7659E+00
  0.4044E-01  0.8781E+00  0.6200E-01  0.7610E+00  0.7610E+00
  0.4105E-01  0.7831E+00  0.5670E-01  0.7561E+00  0.7561E+00
  0.4166E-01  0.8902E+00  0.6251E-01  0.7511E+00  0.7511E+00
  0.4227E-01  0.6659E+00  0.6052E-01  0.7461E+00  0.7461E+00
  0.4287E-01  0.7185E+00  0.5994E-01  0.7411E+00  0.7411E+00
  0.4348E-01  0.7785E+00  0.5282E-01  0.7360E+00  0.7360E+00
  0.4409E-01  0.6153E+00  0.5426E-01  0.7309E+00  0.7309E+00
  0.4470E-01  0.7460E+00  0.4585E-01  0.7258E+00  0.7258E+00
  0.4531E-01  0.6494E+00  0.5082E-01  0.7206E+00  0.7206E+00
  0.4591E-01  0.7082E+00  0.4854E-01  0.7153E+00  0.7153E+00
  0.4652E-01  0.7273E+00  0.5110E-01  0.7101E+00  0.7101E+00
  0.4713E-01  0.7579E+00  0.4622E-01  0.7048E+00  0.7048E+00
  0.4774E-01  0.7204E+00  0.4556E-01  0.6995E+00  0.6995E+00
  0.4835E-01  0.7473E+00  0.5245E-01  0.6941E+00  0.6941E+00
  0.4895E-01  0.6526E+00  0.4117E-01  0.6887E+00  0.6887E+00
  0.4956E-01  0.7186E+00  0.5265E-01  0.6833E+00  0.6833E+00
  0.5017E-01  0.7024E+00  0.3720E-01  0.6779E+00  0.6779E+00
  0.5078E-01  0.6889E+00  0.4409E-01  0.6724E+00  0.6724E+00
  0.5139E-01  0.6664E+00  0.3997E-01  0.6669E+00  0.6669E+00
  0.5200E-01  0.7106E+00  0.3996E-01  0.6614E+00  0.6614E+00
  0.5260E-01  0.6857E+00  0.4703E-01  0.6559E+00  0.6559E+00
  0.5321E-01  0.7453E+00  0.4085E-01  0.6503E+00  0.6503E+00
  0.5382E-01  0.7160E+00  0.4862E-01  0.6448E+00  0.6448E+00
  0.5443E-01  0.6189E+00  0.3904E-01  0.6392E+00  0.6392E+00
  0.5504E-01  0.6893E+00  0.4369E-01  0.6336E+00  0.6336E+00
  0.5564E-01  0.6030E+00  0.4339E-01  0.6280E+00  0.6280E+00
  0.5625E-01  0.6557E+00  0.4399E-01  0.6223E+00  0.6223E+00
  0.5686E-01  0.6740E+00  0.3967E-01  0.6167E+00  0.6167E+00
  0.5747E-01  0.6583E+00  0.4336E-01  0.6110E+00  0.6110E+00
  0.5808E-01  0.5995E+00  0.4917E-01  0.6053E+00  0.6053E+00
  0.5868E-01  0.5417E+00  0.4811E-01  0.5997E+00  0.5997E+00
  0.5929E-01  0.5604E+00  0.4592E-01  0.5940E+00  0.5940E+00
  0.5990E-01  0.5014E+00  0.4320E-01  0.5883E+00  0.5883E+00
  0.6051E-01  0.4686E+00  0.4575E-01  0.5826E+00  0.5826E+00
  0.6112E-01  0.5916E+00  0.4381E-01  0.5769E+00  0.5769E+00
  0.6173E-01  0.5273E+00  0.4412E-01  0.5711E+00  0.5711E+00
  0.6233E-01  0.6180E+00  0.4618E-01  0.5654E+00  0.5654E+00
  0.6294E-01  0.4857E+00  0.4814E-01  0.5597E+00  0.5597E+00
  0.6355E-01  0.4916E+00  0.4231E-01  0.5540E+00  0.5540E+00
  0.6416E-01  0.5222E+00  0.4680E-01  0.5483E+00  0.5483E+00
  0.6477E-01  0.5214E+00  0.3884E-01  0.5426E+00  0.5426E+00
  0.6537E-01  0.5110E+00  0.3737E-01  0.5369E+00  0.5369E+00
  0.6598E-01  0.4964E+00  0.4509E-01  0.5311E+00  0.5311E+00
  0.6659E-01  0.5195E+00  0.3882E-01  0.5254E+00  0.5254E+00
  0.6720E-01  0.4636E+00  0.3984E-01  0.5197E+00  0.5197E+00
  0.6781E-01  0.5699E+00  0.3952E-01  0.5141E+00  0.5141E+00
  0.6841E-01  0.4809E+00  0.3984E-01  0.5084E+00  0.5084E+00
  0.6902E-01  0.4976E+00  0.3762E-01  0.5027E+00  0.5027E+00
  0.6963E-01  0.4906E+00  0.4262E-01  0.4970E+00  0.4970E+00
  0.7024E-01  0.4757E+00  0.3595E-01  0.4914E+00  0.4914E+00
  0.7085E-01  0.5293E+00  0.3836E-01  0.4858E+00  0.4858E+00
  0.7146E-01  0.4469E+00  0.3282E-01  0.4801E+00  0.4801E+00
  0.7206E-01  0.4761E+00  0.3795E-01  0.4745E+00  0.4745E+00
  0.7267E-01  0.3877E+00  0.3436E-01  0.4689E+00  0.4689E+00
  0.7328E-01  0.4934E+00  0.3766E-01  0.4633E+00  0.4633E+00
  0.7389E-01  0.4793E+00  0.3416E-01  0.4578E+00  0.4578E+00
  0.7450E-01  0.4043E+00  0.3308E-01  0.4522E+00  0.4522E+00
  0.7510E-01  0.4532E+00  0.3301E-01  0.4467E+00  0.4467E+00
  0.7571E-01  0.4768E+00  0.3748E-01  0.4412E+00  0.4412E+00
  0.7632E-01  0.4684E+00  0.3373E-01  0.4357E+00  0.4357E+00
  0.7693E-01  0.4913E+00  0.3614E-01  0.4303E+00  0.4303E+00
  0.7754E-01  0.4450E+00  0.3674E-01  0.4248E+00  0.4248E+00
  0.7814E-01  0.5102E+00  0.3447E-01  0.4194E+00  0.4194E+00
  0.7875E-01  0.4641E+00  0.3778E-01  0.4140E+00  0.4140E+00
  0.7936E-01  0.4283E+00  0.3341E-01  0.4086E+00  0.4086E+00
  0.7997E-01  0.4588E+00  0.3088E-01  0.4033E+00  0.4033E+00
  0.8058E-01  0.3911E+00  0.3377E-01  0.3980E+00  0.3980E+00
  0.8118E-01  0.3993E+00  0.3126E-01  0.3927E+00  0.3927E+00
  0.8179E-01  0.3919E+00  0.3275E-01  0.3874E+00  0.3874E+00
  0.8240E-01  0.3892E+00  0.3390E-01  0.3822E+00  0.3822E+00
  0.8301E-01  0.3897E+00  0.3338E-01  0.3770E+00  0.3770E+00
  0.8362E-01  0.3444E+00  0.3630E-01  0.3718E+00  0.3718E+00
  0.8423E-01  0.3922E+00  0.3276E-01  0.3667E+00  0.3667E+00
  0.8483E-01  0.3313E+00  0.3189E-01  0.3616E+00  0.3616E+00
  0.8544E-01  0.3263E+00  0.3015E-01  0.3565E+00  0.3565E+00
  0.8605E-01  0.2976E+00  0.3087E-01  0.3515E+00  0.3515E+00
  0.8666E-01  0.3806E+00  0.3285E-01  0.3465E+00  0.3465E+00
  0.8727E-01  0.3111E+00  0.3084E-01  0.3415E+00  0.3415E+00
  0.8787E-01  0.3255E+00  0.3270E-01  0.3365E+00  0.3365E+00
  0.8848E-01  0.3390E+00  0.3178E-01  0.3316E+00  0.3316E+00
  0.8909E-01  0.3349E+00  0.3374E-01  0.3268E+00  0.3268E+00
  0.8970E-01  0.3090E+00  0.3373E-01  0.3219E+00  0.3219E+00
  0.9031E-01  0.3245E+00  0.3071E-01  0.3171E+00  0.3171E+00
  0.9091E-01  0.2918E+00  0.3300E-01  0.3124E+00  0.3124E+00
  0.9152E-01  0.2372E+00  0.3040E-01  0.3077E+00  0.3077E+00
  0.9213E-01  0.2259E+00  0.3237E-01  0.3030E+00  0.3030E+00
  0.9274E-01  0.2885E+00  0.3426E-01  0.2983E+00  0.2983E+00
  0.9335E-01  0.2510E+00  0.3067E-01  0.2937E+00  0.2937E+00
  0.9396E-01  0.2005E+00  0.2777E-01  0.2892E+00  0.2892E+00
  0.9456E-01  0.2466E+00  0.3286E-01  0.2847E+00  0.2847E+00
  0.9517E-01  0.2836E+00  0.2897E-01  0.2802E+00  0.2802E+00
  0.9578E-01  0.2409E+00  0.3193E-01  0.2757E+00  0.2757E+00
  0.9639E-01  0.3153E+00  0.3078E-01  0.2713E+00  0.2713E+00
  0.9700E-01  0.2139E+00  0.3002E-01  0.2670E+00  0.2670E+00
  0.9760E-01  0.2888E+00  0.2949E-01  0.2627E+00  0.2627E+00
  0.9821E-01  0.2768E+00  0.3264E-01  0.2584E+00  0.2584E+00
  0.9882E-01  0.2727E+00  0.3043E-01  0.2542E+00  0.2542E+00
  0.9943E-01  0.2268E+00  0.2872E-01  0.2500E+00  0.2500E+00
  0.1000E+00  0.2389E+00  0.2698E-01  0.2459E+00  0.2459E+00
  0.1006E+00  0.2674E+00  0.2816E-01  0.2418E+00  0.2418E+00
  0.1013E+00  0.2756E+00  0.2691E-01  0.2377E+00  0.2377E+00
  0.1019E+00  0.3158E+00  0.2950E-01  0.2337E+00  0.2337E+00
  0.1025E+00  0.3204E+00  0.3082E-01  0.2297E+00  0.2297E+00
  0.1031E+00  0.3159E+00  0.2826E-01  0.2258E+00  0.2258E+00
  0.1037E+00  0.2673E+00  0.2945E-01  0.2219E+00  0.2219E+00
  0.1043E+00  0.2556E+00  0.2725E-01  0.2181E+00  0.2181E+00
  0.1049E+00  0.2086E+00  0.2816E-01  0.2143E+00  0.2143E+00
  0.1055E+00  0.2657E+00  0.2854E-01  0.2106E+00  0.2106E+00
  0.1061E+00  0.2199E+00  0.2729E-01  0.2069E+00  0.2069E+00
  0.1067E+00  0.1972E+00  0.2734E-01  0.2032E+00  0.2032E+00
  0.1073E+00  0.2255E+00  0.2591E-01  0.1996E+00  0.1996E+00
  0.1079E+00  0.1673E+00  0.2616E-01  0.1961E+00  0.1961E+00
  0.1085E+00  0.1155E+00  0.2946E-01  0.1926E+00  0.1926E+00
  0.1092E+00  0.1462E+00  0.2555E-01  0.1891E+00  0.1891E+00
  0.1098E+00  0.1594E+00  0.2709E-01  0.1857E+00  0.1857E+00
  0.1104E+00  0.1531E+00  0.3047E-01  0.1823E+00  0.1823E+00
  0.1110E+00  0.1984E+00  0.3014E-01  0.1790E+00  0.1790E+00
  0.1116E+00  0.1778E+00  0.3170E-01  0.1757E+00  0.1757E+00
  0.1122E+00  0.2046E+00  0.3252E-01  0.1724E+00  0.1724E+00
  0.1128E+00  0.2305E+00  0.2696E-01  0.1692E+00  0.1692E+00
  0.1134E+00  0.1290E+00  0.2806E-01  0.1661E+00  0.1661E+00
  0.1140E+00  0.1478E+00  0.2676E-01  0.1630E+00  0.1630E+00
  0.1146E+00  0.1520E+00  0.2693E-01  0.1599E+00  0.1599E+00
  0.1152E+00  0.1238E+00  0.2500E-01  0.1569E+00  0.1569E+00
  0.1158E+00  0.1702E+00  0.2682E-01  0.1539E+00  0.1539E+00
  0.1165E+00  0.1370E+00  0.2659E-01  0.1510E+00  0.1510E+00
  0.1171E+00  0.1351E+00  0.2659E-01  0.1481E+00  0.1481E+00
  0.1177E+00  0.1031E+00  0.2686E-01  0.1453E+00  0.1453E+00
  0.1183E+00  0.1438E+00  0.2705E-01  0.1425E+00  0.1425E+00
  0.1189E+00  0.1378E+00  0.3135E-01  0.1398E+00  0.1398E+00
  0.1195E+00  0.1579E+00  0.8432E-01  0.1371E+00  0.1371E+00
  0.1201E+00  0.1620E+00  0.1444E+00  0.1344E+00  0.1344E+00
  0.1207E+00  0.1443E+00  0.1959E+00  0.1318E+00  0.1318E+00
  0.1213E+00  0.1237E+00  0.3655E+00  0.1292E+00  0.1292E+00
  0.1219E+00  0.1531E+00  0.2621E-01  0.1267E+00  0.1267E+00
  0.1225E+00  0.1265E+00  0.2586E-01  0.1242E+00  0.1242E+00
  0.1231E+00  0.1239E+00  0.3239E-01  0.1218E+00  0.1218E+00
  0.1238E+00  0.1228E+00  0.2482E-01  0.1194E+00  0.1194E+00
  0.1244E+00  0.1129E+00  0.2599E-01  0.1170E+00  0.1170E+00
  0.1250E+00  0.1356E+00  0.2505E-01  0.1147E+00  0.1147E+00
  0.1256E+00  0.1321E+00  0.2575E-01  0.1125E+00  0.1125E+00
  0.1262E+00  0.1367E+00  0.2829E-01  0.1102E+00  0.1102E+00
  0.1268E+00  0.1781E+00  0.2615E-01  0.1080E+00  0.1080E+00
  0.1274E+00  0.1205E+00  0.2600E-01  0.1059E+00  0.1059E+00
  0.1280E+00  0.1243E+00  0.2578E-01  0.1038E+00  0.1038E+00
  0.1286E+00  0.1147E+00  0.2458E-01  0.1017E+00  0.1017E+00
  0.1292E+00  0.1153E+00  0.9258E-01  0.9970E-01  0.9970E-01
  0.1298E+00  0.8698E-01  0.2404E-01  0.9771E-01  0.9771E-01
  0.1304E+00  0.9195E-01  0.5591E-01  0.9576E-01  0.9576E-01
  0.1310E+00  0.1371E+00  0.2664E-01  0.9385E-01  0.9385E-01
  0.1317E+00  0.6504E-01  0.2553E-01  0.9198E-01  0.9198E-01
  0.1323E+00  0.1334E+00  0.2497E-01  0.9015E-01  0.9015E-01
  0.1329E+00  0.8614E-01  0.2341E-01  0.8836E-01  0.8836E-01
  0.1335E+00  0.4189E-01  0.2527E-01  0.8660E-01  0.8660E-01
  0.1341E+00  0.1166E+00  0.2646E-01  0.8488E-01  0.8488E-01
  0.1347E+00  0.6226E-01  0.2408E-01  0.8319E-01  0.8319E-01
  0.1353E+00  0.9408E-01  0.2485E-01  0.8155E-01  0.8155E-01
  0.1359E+00  0.8683E-01  0.2549E-01  0.7994E-01  0.7994E-01
  0.1365E+00  0.2048E-01  0.2394E-01  0.7836E-01  0.7836E-01
  0.1371E+00  0.6026E-01  0.2562E-01  0.7682E-01  0.7682E-01
  0.1377E+00  0.4308E-01  0.2427E-01  0.7531E-01  0.7531E-01
  0.1383E+00  0.3916E-01  0.2516E-01  0.7384E-01  0.7384E-01
  0.1390E+00  0.8988E-01  0.2443E-01  0.7240E-01  0.7240E-01
  0.1396E+00  0.1123E+00  0.2439E-01  0.7100E-01  0.7100E-01
  0.1402E+00  0.4369E-01  0.2376E-01  0.6962E-01  0.6962E-01
  0.1408E+00  0.8972E-01  0.2319E-01  0.6828E-01  0.6828E-01
  0.1414E+00  0.5706E-01  0.2258E-01  0.6697E-01  0.6697E-01
  0.1420E+00  0.4950E-01  0.2382E-01  0.6570E-01  0.6570E-01
  0.1426E+00  0.3580E-01  0.2648E-01  0.6445E-01  0.6445E-01
  0.1432E+00  0.1148E+00  0.2624E-01  0.6324E-01  0.6324E-01
  0.1438E+00  0.8860E-01  0.2521E-01  0.6205E-01  0.6205E-01
  0.1444E+00  0.1019E+00  0.3328E-01  0.6090E-01  0.6090E-01
  0.1450E+00  0.9171E-01  0.2730E-01  0.5978E-01  0.5978E-01
  0.1456E+00  0.2196E-01  0.2240E-01  0.5868E-01  0.5868E-01
  0.1463E+00  0.6251E-01  0.2735E-01  0.5761E-01  0.5761E-01
  0.1469E+00  0.4062E-01  0.2377E-01  0.5657E-01  0.5657E-01
  0.1475E+00  0.7035E-01  0.2524E-01  0.5556E-01  0.5556E-01
  0.1481E+00  0.3496E-01  0.2477E-01  0.5457E-01  0.5457E-01
  0.1487E+00  0.4721E-01  0.2538E-01  0.5362E-01  0.5362E-01
  0.1493E+00  0.9834E-02  0.2381E-01  0.5268E-01  0.5268E-01
  0.1499E+00  0.3988E-01  0.2428E-01  0.5178E-01  0.5178E-01
  0.1505E+00  0.4195E-01  0.2238E-01  0.5090E-01  0.5090E-01
  0.1511E+00  0.4197E-01  0.2271E-01  0.5004E-01  0.5004E-01
  0.1517E+00  0.5803E-01  0.2370E-01  0.4921E-01  0.4921E-01
  0.1523E+00  0.2853E-01  0.2294E-01  0.4840E-01  0.4840E-01
  0.1529E+00  0.5475E-01  0.2353E-01  0.4762E-01  0.4762E-01
  0.1535E+00  0.5057E-02  0.2172E-01  0.4686E-01  0.4686E-01
  0.1542E+00  0.2778E-01  0.2205E-01  0.4612E-01  0.4612E-01
  0.1548E+00  0.2036E-01  0.2329E-01  0.4541E-01  0.4541E-01
  0.1554E+00  0.4188E-01  0.2249E-01  0.4471E-01  0.4471E-01
  0.1560E+00  0.4303E-01  0.2270E-01  0.4404E-01  0.4404E-01
  0.1566E+00  0.6336E-01  0.2234E-01  0.4339E-01  0.4339E-01
  0.1572E+00  0.3094E-01  0.2244E-01  0.4276E-01  0.4276E-01
  0.1578E+00  0.4559E-01  0.2272E-01  0.4214E-01  0.4214E-01
  0.1584E+00  0.4440E-01  0.2189E-01  0.4155E-01  0.4155E-01
  0.1590E+00  0.2021E-01  0.2354E-01  0.4098E-01  0.4098E-01
  0.1596E+00  0.2708E-01  0.2283E-01  0.4043E-01  0.4043E-01
  0.1602E+00  0.7337E-01  0.2285E-01  0.3989E-01  0.3989E-01
  0.1608E+00  0.5281E-01  0.2262E-01  0.3938E-01  0.3938E-01
  0.1615E+00  0.7464E-01  0.2302E-01  0.3888E-01  0.3888E-01
  0.1621E+00  0.7372E-01  0.2398E-01  0.3840E-01  0.3840E-01
  0.1627E+00  0.6140E-01  0.2236E-01  0.3793E-01  0.3793E-01
  0.1633E+00  0.2314E-01  0.2150E-01  0.3748E-01  0.3748E-01
  0.1639E+00  0.8520E-01  0.2043E-01  0.3705E-01  0.3705E-01
  0.1645E+00  0.6648E-01  0.2183E-01  0.3663E-01  0.3663E-01
  0.1651E+00  0.3423E-01  0.2075E-01  0.3623E-01  0.3623E-01
  0.1657E+00  0.6190E-01  0.5959E-01  0.3584E-01  0.3584E-01
  0.1663E+00  0.5918E-01  0.2171E-01  0.3547E-01  0.3547E-01
  0.1669E+00  0.4587E-01  0.5323E-01  0.3511E-01  0.3511E-01
  0.1688E+00  0.8326E-02  0.2046E-01  0.3412E-01  0.3412E-01
  0.1700E+00  0.2725E-01  0.2115E-01  0.3352E-01  0.3352E-01
  0.1712E+00  0.2905E-01  0.2161E-01  0.3297E-01  0.3297E-01
  0.1724E+00  0.8382E-02  0.2156E-01  0.3246E-01  0.3246E-01
  0.1730E+00  0.5903E-02  0.2059E-01  0.3223E-01  0.3223E-01
  0.1742E+00  0.2864E-01  0.2113E-01  0.3178E-01  0.3178E-01
  0.1748E+00  0.2149E-01  0.2362E-01  0.3158E-01  0.3158E-01
  0.1754E+00  0.3932E-01  0.2209E-01  0.3138E-01  0.3138E-01
  0.1767E+00  0.3131E-01  0.2063E-01  0.3101E-01  0.3101E-01
  0.1773E+00  0.2961E-01  0.2325E-01  0.3084E-01  0.3084E-01
  0.1779E+00  0.3654E-01  0.2223E-01  0.3068E-01  0.3068E-01
  0.1785E+00  0.2990E-01  0.2252E-01  0.3052E-01  0.3052E-01
  0.1791E+00  0.4442E-01  0.2194E-01  0.3037E-01  0.3037E-01
  0.1797E+00  0.3295E-02  0.2046E-01  0.3023E-01  0.3023E-01
  0.1803E+00  0.3202E-01  0.2143E-01  0.3010E-01  0.3010E-01
  0.1821E+00  0.3781E-02  0.2320E-01  0.2974E-01  0.2974E-01
  0.1827E+00  0.1436E-01  0.2205E-01  0.2964E-01  0.2964E-01
  0.1833E+00  0.1346E-01  0.2104E-01  0.2954E-01  0.2954E-01
  0.1846E+00  0.2052E-01  0.2083E-01  0.2935E-01  0.2935E-01
  0.1852E+00  0.5595E-02  0.2174E-01  0.2927E-01  0.2927E-01
  0.1858E+00  0.3718E-01  0.2833E-01  0.2919E-01  0.2919E-01
  0.1870E+00  0.2465E-01  0.2043E-01  0.2905E-01  0.2905E-01
  0.1876E+00  0.3849E-01  0.2215E-01  0.2898E-01  0.2898E-01
  0.1882E+00  0.6047E-01  0.1990E-01  0.2892E-01  0.2892E-01
  0.1888E+00  0.2287E-01  0.2155E-01  0.2886E-01  0.2886E-01
  0.1894E+00  0.2848E-01  0.2029E-01  0.2881E-01  0.2881E-01
  0.1906E+00  0.4778E-01  0.2153E-01  0.2872E-01  0.2872E-01
  0.1912E+00  0.8899E-02  0.2165E-01  0.2867E-01  0.2867E-01
  0.1919E+00  0.3470E-01  0.2220E-01  0.2863E-01  0.2863E-01
  0.1925E+00  0.7532E-02  0.2073E-01  0.2860E-01  0.2860E-01
  0.1931E+00  0.2358E-01  0.2065E-01  0.2857E-01  0.2857E-01
  0.1949E+00  0.3354E-01  0.2236E-01  0.2848E-01  0.2848E-01
  0.1955E+00  0.1011E-01  0.2265E-01  0.2846E-01  0.2846E-01
  0.1967E+00  0.1295E-01  0.2156E-01  0.2842E-01  0.2842E-01
  0.1979E+00  0.5685E-01  0.2073E-01  0.2839E-01  0.2839E-01
  0.1985E+00  0.5034E-01  0.2065E-01  0.2838E-01  0.2838E-01
  0.1992E+00  0.8086E-01  0.2070E-01  0.2837E-01  0.2837E-01
  0.1998E+00  0.3056E-01  0.2033E-01  0.2836E-01  0.2836E-01
  0.2004E+00  0.4993E-01  0.1928E-01  0.2835E-01  0.2835E-01
  0.2010E+00  0.1714E-01  0.1985E-01  0.2835E-01  0.2835E-01
  0.2022E+00  0.2139E-01  0.2137E-01  0.2834E-01  0.2834E-01
  0.2028E+00  0.1873E-01  0.1930E-01  0.2833E-01  0.2833E-01
  0.2034E+00  0.1639E-01  0.2023E-01  0.2833E-01  0.2833E-01
  0.2052E+00  0.1844E-01  0.1862E-01  0.2833E-01  0.2833E-01
  0.2058E+00  0.3354E-01  0.2066E-01  0.2834E-01  0.2834E-01
  0.2065E+00  0.4010E-01  0.2005E-01  0.2834E-01  0.2834E-01
  0.2071E+00  0.6441E-01  0.2076E-01  0.2834E-01  0.2834E-01
  0.2077E+00  0.4205E-01  0.2007E-01  0.2835E-01  0.2835E-01
  0.2083E+00  0.1170E-01  0.1969E-01  0.2835E-01  0.2835E-01
  0.2089E+00  0.2290E-02  0.2031E-01  0.2836E-01  0.2836E-01
  0.2101E+00  0.4926E-01  0.1960E-01  0.2837E-01  0.2837E-01
  0.2107E+00  0.1685E-01  0.1979E-01  0.2838E-01  0.2838E-01
  0.2113E+00  0.8744E-02  0.2101E-01  0.2838E-01  0.2838E-01
  0.2119E+00  0.2285E-01  0.1936E-01  0.2839E-01  0.2839E-01
  0.2125E+00  0.1917E-01  0.2001E-01  0.2840E-01  0.2840E-01
  0.2131E+00  0.3522E-01  0.2009E-01  0.2841E-01  0.2841E-01
  0.2137E+00  0.3476E-01  0.2034E-01  0.2842E-01  0.2842E-01
  0.2144E+00  0.1858E-01  0.1947E-01  0.2843E-01  0.2843E-01
  0.2150E+00  0.4611E-01  0.2046E-01  0.2844E-01  0.2844E-01
  0.2156E+00  0.4065E-01  0.1928E-01  0.2845E-01  0.2845E-01
  0.2162E+00  0.6165E-01  0.2274E-01  0.2846E-01  0.2846E-01
  0.2168E+00  0.4151E-01  0.1893E-01  0.2847E-01  0.2847E-01
  0.2174E+00  0.7354E-01  0.2022E-01  0.2848E-01  0.2848E-01
  0.2180E+00  0.2849E-01  0.2109E-01  0.2849E-01  0.2849E-01
  0.2186E+00  0.3830E-01  0.1964E-01  0.2850E-01  0.2850E-01
  0.2192E+00  0.2146E-01  0.1875E-01  0.2851E-01  0.2851E-01
  0.2198E+00  0.9597E-02  0.2021E-01  0.2852E-01  0.2852E-01
  0.2204E+00  0.5703E-01  0.2028E-01  0.2853E-01  0.2853E-01
  0.2210E+00  0.3555E-01  0.1946E-01  0.2854E-01  0.2854E-01
  0.2217E+00  0.3872E-01  0.2153E-01  0.2855E-01  0.2855E-01
  0.2223E+00  0.1444E-01  0.2043E-01  0.2856E-01  0.2856E-01
  0.2229E+00  0.8765E-02  0.2068E-01  0.2858E-01  0.2858E-01
  0.2235E+00  0.1644E-01  0.2016E-01  0.2859E-01  0.2859E-01
  0.2247E+00  0.6200E-04  0.1959E-01  0.2861E-01  0.2861E-01
  0.2253E+00  0.1078E-01  0.2061E-01  0.2863E-01  0.2863E-01
  0.2259E+00  0.5996E-01  0.2078E-01  0.2864E-01  0.2864E-01
  0.2265E+00  0.2287E-01  0.2136E-01  0.2865E-01  0.2865E-01
  0.2271E+00  0.1679E-01  0.2100E-01  0.2866E-01  0.2866E-01
  0.2277E+00  0.2263E-01  0.2146E-01  0.2868E-01  0.2868E-01
  0.2289E+00  0.9990E-03  0.1855E-01  0.2871E-01  0.2871E-01
  0.2296E+00  0.3087E-01  0.2061E-01  0.2872E-01  0.2872E-01
  0.2302E+00  0.7523E-02  0.1944E-01  0.2873E-01  0.2873E-01
  0.2308E+00  0.3748E-01  0.2027E-01  0.2875E-01  0.2875E-01
  0.2314E+00  0.5436E-01  0.2067E-01  0.2876E-01  0.2876E-01
  0.2320E+00  0.3815E-01  0.2051E-01  0.2878E-01  0.2878E-01
  0.2326E+00  0.4715E-01  0.1975E-01  0.2880E-01  0.2880E-01
  0.2332E+00  0.1802E-01  0.1978E-01  0.2881E-01  0.2881E-01
  0.2338E+00  0.3776E-01  0.1908E-01  0.2883E-01  0.2883E-01
  0.2344E+00  0.1808E-01  0.2042E-01  0.2884E-01  0.2884E-01
  0.2350E+00  0.5617E-01  0.1956E-01  0.2886E-01  0.2886E-01
  0.2356E+00  0.4180E-01  0.1889E-01  0.2888E-01  0.2888E-01
  0.2362E+00  0.2588E-01  0.2028E-01  0.2890E-01  0.2890E-01
  0.2369E+00  0.4227E-01  0.1855E-01  0.2891E-01  0.2891E-01
  0.2375E+00  0.2019E-01  0.1871E-01  0.2893E-01  0.2893E-01
  0.2381E+00  0.4995E-01  0.1966E-01  0.2895E-01  0.2895E-01
  0.2387E+00  0.6220E-02  0.1999E-01  0.2897E-01  0.2897E-01
  0.2399E+00  0.2997E-01  0.2079E-01  0.2901E-01  0.2901E-01
  0.2405E+00  0.2692E-01  0.2216E-01  0.2903E-01  0.2903E-01
  0.2411E+00  0.4661E-01  0.3340E-01  0.2905E-01  0.2905E-01
  0.2417E+00  0.1613E-01  0.2053E-01  0.2907E-01  0.2907E-01
  0.2423E+00  0.6871E-01  0.3377E-01  0.2910E-01  0.2910E-01
  0.2429E+00  0.5922E-01  0.2034E-01  0.2912E-01  0.2912E-01
  0.2435E+00  0.5187E-02  0.1986E-01  0.2914E-01  0.2914E-01
  0.2441E+00  0.3440E-01  0.1962E-01  0.2916E-01  0.2916E-01
  0.2448E+00  0.2048E-01  0.1995E-01  0.2919E-01  0.2919E-01
  0.2454E+00  0.3798E-01  0.1856E-01  0.2921E-01  0.2921E-01
  0.2460E+00  0.4249E-01  0.2004E-01  0.2924E-01  0.2924E-01
  0.2466E+00  0.2431E-01  0.1899E-01  0.2926E-01  0.2926E-01
  0.2472E+00  0.5292E-01  0.2028E-01  0.2929E-01  0.2929E-01
  0.2478E+00  0.1854E-01  0.2067E-01  0.2931E-01  0.2931E-01
  0.2484E+00  0.1435E-01  0.1888E-01  0.2934E-01  0.2934E-01
  0.2490E+00  0.4479E-01  0.1925E-01  0.2937E-01  0.2937E-01
  0.2496E+00  0.2043E-01  0.1957E-01  0.2940E-01  0.2940E-01
  0.2502E+00  0.2050E-01  0.2076E-01  0.2942E-01  0.2942E-01
  0.2514E+00  0.1228E-01  0.1997E-01  0.2948E-01  0.2948E-01
  0.2533E+00  0.3183E-01  0.2039E-01  0.2957E-01  0.2957E-01
  0.2539E+00  0.4189E-01  0.1998E-01  0.2960E-01  0.2960E-01
  0.2545E+00  0.4135E-01  0.2023E-01  0.2963E-01  0.2963E-01
  0.2551E+00  0.7487E-01  0.3572E-01  0.2967E-01  0.2967E-01
  0.2557E+00  0.5489E-01  0.1921E-01  0.2970E-01  0.2970E-01
  0.2563E+00  0.3555E-01  0.9734E-01  0.2973E-01  0.2973E-01
  0.2569E+00  0.4257E-01  0.1991E-01  0.2976E-01  0.2976E-01
  0.2575E+00  0.2740E-01  0.1949E-01  0.2980E-01  0.2980E-01
  0.2581E+00  0.1512E-01  0.2033E-01  0.2983E-01  0.2983E-01
  0.2587E+00  0.3834E-01  0.2033E-01  0.2987E-01  0.2987E-01
  0.2593E+00  0.1388E-01  0.1947E-01  0.2990E-01  0.2990E-01
  0.2612E+00  0.2664E-01  0.1860E-01  0.3000E-01  0.3000E-01
  0.2618E+00  0.5316E-02  0.1939E-01  0.3004E-01  0.3004E-01
  0.2630E+00  0.6555E-02  0.1909E-01  0.3011E-01  0.3011E-01
  0.2636E+00  0.4346E-01  0.1920E-01  0.3015E-01  0.3015E-01
  0.2642E+00  0.2854E-02  0.1925E-01  0.3018E-01  0.3018E-01
  0.2648E+00  0.5017E-01  0.1968E-01  0.3022E-01  0.3022E-01
  0.2654E+00  0.3038E-01  0.1914E-01  0.3026E-01  0.3026E-01
  0.2660E+00  0.4296E-01  0.1955E-01  0.3029E-01  0.3029E-01
  0.2666E+00  0.3471E-01  0.1895E-01  0.3033E-01  0.3033E-01
  0.2673E+00  0.4987E-01  0.2024E-01  0.3037E-01  0.3037E-01
  0.2679E+00  0.3266E-01  0.1890E-01  0.3040E-01  0.3040E-01
  0.2685E+00  0.1486E-01  0.2101E-01  0.3044E-01  0.3044E-01
  0.2691E+00  0.2789E-01  0.1967E-01  0.3048E-01  0.3048E-01
  0.2697E+00  0.1819E-01  0.2169E-01  0.3051E-01  0.3051E-01
  0.2703E+00  0.2895E-01  0.1839E-01  0.3055E-01  0.3055E-01
  0.2709E+00  0.1782E-01  0.1863E-01  0.3059E-01  0.3059E-01
  0.2715E+00  0.1105E-01  0.1982E-01  0.3062E-01  0.3062E-01
  0.2727E+00  0.1692E-01  0.1941E-01  0.3070E-01  0.3070E-01
  0.2745E+00  0.5585E-02  0.1927E-01  0.3080E-01  0.3080E-01
  0.2752E+00  0.2363E-01  0.1893E-01  0.3084E-01  0.3084E-01
  0.2758E+00  0.3168E-01  0.1948E-01  0.3087E-01  0.3087E-01
  0.2764E+00  0.1832E-01  0.2047E-01  0.3091E-01  0.3091E-01
  0.2770E+00  0.1287E-01  0.1878E-01  0.3094E-01  0.3094E-01
  0.2776E+00  0.4991E-01  0.1969E-01  0.3097E-01  0.3097E-01
  0.2782E+00  0.1482E-01  0.1904E-01  0.3101E-01  0.3101E-01
  0.2788E+00  0.5828E-01  0.1909E-01  0.3104E-01  0.3104E-01
  0.2794E+00  0.6439E-01  0.1885E-01  0.3107E-01  0.3107E-01
  0.2800E+00  0.4401E-01  0.1898E-01  0.3110E-01  0.3110E-01
  0.2806E+00  0.5971E-01  0.1773E-01  0.3113E-01  0.3113E-01
  0.2812E+00  0.3337E-01  0.1920E-01  0.3116E-01  0.3116E-01
  0.2818E+00  0.2609E-01  0.1765E-01  0.3119E-01  0.3119E-01
  0.2825E+00  0.2234E-01  0.1903E-01  0.3122E-01  0.3122E-01
  0.2831E+00  0.4174E-01  0.1813E-01  0.3125E-01  0.3125E-01
  0.2837E+00  0.1574E-01  0.1830E-01  0.3128E-01  0.3128E-01
  0.2843E+00  0.3897E-01  0.1854E-01  0.3130E-01  0.3130E-01
  0.2855E+00  0.3595E-01  0.1865E-01  0.3136E-01  0.3136E-01
  0.2861E+00  0.2002E-01  0.1943E-01  0.3138E-01  0.3138E-01
  0.2867E+00  0.1485E-01  0.2008E-01  0.3140E-01  0.3140E-01
  0.2873E+00  0.1506E-01  0.1824E-01  0.3142E-01  0.3142E-01
  0.2879E+00  0.3589E-01  0.2114E-01  0.3145E-01  0.3145E-01
  0.2885E+00  0.7307E-02  0.1802E-01  0.3147E-01  0.3147E-01
  0.2891E+00  0.2413E-01  0.1705E-01  0.3149E-01  0.3149E-01
  0.2897E+00  0.3771E-01  0.1901E-01  0.3150E-01  0.3150E-01
  0.2904E+00  0.4892E-01  0.1687E-01  0.3152E-01  0.3152E-01
  0.2910E+00  0.3622E-01  0.3992E-01  0.3154E-01  0.3154E-01
  0.2916E+00  0.6516E-02  0.1800E-01  0.3155E-01  0.3155E-01
  0.2922E+00  0.5851E-01  0.2060E-01  0.3157E-01  0.3157E-01
  0.2928E+00  0.2479E-01  0.1814E-01  0.3158E-01  0.3158E-01
  0.2934E+00  0.1666E-01  0.1975E-01  0.3159E-01  0.3159E-01
  0.2940E+00  0.2672E-01  0.1842E-01  0.3160E-01  0.3160E-01
  0.2946E+00  0.5097E-01  0.1770E-01  0.3161E-01  0.3161E-01
  0.2952E+00  0.3104E-01  0.1792E-01  0.3162E-01  0.3162E-01
  0.2958E+00  0.4616E-01  0.1761E-01  0.3162E-01  0.3162E-01
  0.2970E+00  0.8527E-01  0.1835E-01  0.3163E-01  0.3163E-01
  0.2976E+00  0.7029E-01  0.1723E-01  0.3163E-01  0.3163E-01
  0.2983E+00  0.6479E-01  0.1730E-01  0.3164E-01  0.3164E-01
  0.2989E+00  0.6591E-01  0.1782E-01  0.3164E-01  0.3164E-01
  0.2995E+00  0.5608E-01  0.1749E-01  0.3163E-01  0.3163E-01
  0.3001E+00  0.2383E-01  0.1813E-01  0.3163E-01  0.3163E-01
  0.3007E+00  0.6501E-01  0.1805E-01  0.3163E-01  0.3163E-01
  0.3013E+00  0.1526E-01  0.1806E-01  0.3162E-01  0.3162E-01
  0.3019E+00  0.5240E-01  0.1803E-01  0.3161E-01  0.3161E-01
  0.3025E+00  0.1871E-01  0.1612E-01  0.3160E-01  0.3160E-01
  0.3031E+00  0.2202E-01  0.1832E-01  0.3159E-01  0.3159E-01
  0.3037E+00  0.3368E-02  0.1672E-01  0.3158E-01  0.3158E-01
  0.3043E+00  0.4111E-01  0.1732E-01  0.3157E-01  0.3157E-01
  0.3049E+00  0.4550E-01  0.1823E-01  0.3155E-01  0.3155E-01
  0.3056E+00  0.3749E-01  0.1724E-01  0.3153E-01  0.3153E-01
  0.3062E+00  0.1775E-01  0.1852E-01  0.3152E-01  0.3152E-01
  0.3068E+00  0.2088E-01  0.2644E-01  0.3150E-01  0.3150E-01
  0.3074E+00  0.2569E-01  0.1983E-01  0.3148E-01  0.3148E-01
  0.3080E+00  0.2487E-01  0.1726E-01  0.3145E-01  0.3145E-01
  0.3086E+00  0.2056E-01  0.1746E-01  0.3143E-01  0.3143E-01
  0.3092E+00  0.2022E-01  0.1787E-01  0.3140E-01  0.3140E-01
  0.3098E+00  0.1142E-01  0.1761E-01  0.3137E-01  0.3137E-01
  0.3110E+00  0.8878E-02  0.1653E-01  0.3131E-01  0.3131E-01
  0.3116E+00  0.1568E-01  0.1846E-01  0.3128E-01  0.3128E-01
  0.3122E+00  0.2374E-01  0.1755E-01  0.3125E-01  0.3125E-01
  0.3128E+00  0.5140E-01  0.1895E-01  0.3121E-01  0.3121E-01
  0.3135E+00  0.4990E-01  0.1912E-01  0.3117E-01  0.3117E-01
  0.3141E+00  0.6778E-01  0.1904E-01  0.3114E-01  0.3114E-01
  0.3147E+00  0.4401E-01  0.1907E-01  0.3110E-01  0.3110E-01
  0.3153E+00  0.1374E-01  0.2352E-01  0.3105E-01  0.3105E-01
  0.3159E+00  0.3979E-01  0.2031E-01  0.3101E-01  0.3101E-01
  0.3165E+00  0.5422E-01  0.2368E-01  0.3096E-01  0.3096E-01
  0.3171E+00  0.7326E-01  0.2261E-01  0.3092E-01  0.3092E-01
  0.3177E+00  0.3954E-01  0.2370E-01  0.3087E-01  0.3087E-01
  0.3183E+00  0.5333E-01  0.2362E-01  0.3082E-01  0.3082E-01
  0.3189E+00  0.6380E-01  0.2352E-01  0.3077E-01  0.3077E-01
  0.3195E+00  0.2159E-01  0.2490E-01  0.3072E-01  0.3072E-01
  0.3201E+00  0.4637E-01  0.2575E-01  0.3066E-01  0.3066E-01
  0.3208E+00  0.5643E-01  0.2771E-01  0.3060E-01  0.3060E-01
  0.3214E+00  0.2757E-01  0.2732E-01  0.3055E-01  0.3055E-01
  0.3220E+00  0.3100E-01  0.3424E-01  0.3049E-01  0.3049E-01
  0.3226E+00  0.5510E-01  0.2881E-01  0.3043E-01  0.3043E-01

           Distance distribution  function of particle  


       R          P(R)      ERROR

  0.0000E+00  0.0000E+00  0.0000E+00
  0.5250E+00  0.1263E-03  0.7153E-05
  0.1050E+01  0.2395E-03  0.1285E-04
  0.1575E+01  0.3398E-03  0.1714E-04
  0.2100E+01  0.4277E-03  0.2008E-04
  0.2625E+01  0.5040E-03  0.2179E-04
  0.3150E+01  0.5693E-03  0.2238E-04
  0.3675E+01  0.6245E-03  0.2201E-04
  0.4200E+01  0.6709E-03  0.2087E-04
  0.4725E+01  0.7095E-03  0.1923E-04
  0.5250E+01  0.7415E-03  0.1741E-04
  0.5775E+01  0.7684E-03  0.1586E-04
  0.6300E+01  0.7914E-03  0.1509E-04
  0.6825E+01  0.8119E-03  0.1552E-04
  0.7350E+01  0.8313E-03  0.1715E-04
  0.7875E+01  0.8507E-03  0.1964E-04
  0.8400E+01  0.8715E-03  0.2259E-04
  0.8925E+01  0.8948E-03  0.2563E-04
  0.9450E+01  0.9215E-03  0.2853E-04
  0.9975E+01  0.9526E-03  0.3110E-04
  0.1050E+02  0.9889E-03  0.3324E-04
  0.1103E+02  0.1031E-02  0.3488E-04
  0.1155E+02  0.1079E-02  0.3597E-04
  0.1208E+02  0.1134E-02  0.3653E-04
  0.1260E+02  0.1195E-02  0.3659E-04
  0.1312E+02  0.1262E-02  0.3621E-04
  0.1365E+02  0.1335E-02  0.3550E-04
  0.1418E+02  0.1415E-02  0.3460E-04
  0.1470E+02  0.1499E-02  0.3367E-04
  0.1523E+02  0.1588E-02  0.3290E-04
  0.1575E+02  0.1680E-02  0.3246E-04
  0.1628E+02  0.1775E-02  0.3251E-04
  0.1680E+02  0.1871E-02  0.3313E-04
  0.1732E+02  0.1968E-02  0.3431E-04
  0.1785E+02  0.2065E-02  0.3599E-04
  0.1838E+02  0.2159E-02  0.3802E-04
  0.1890E+02  0.2251E-02  0.4024E-04
  0.1943E+02  0.2339E-02  0.4252E-04
  0.1995E+02  0.2422E-02  0.4470E-04
  0.2048E+02  0.2499E-02  0.4669E-04
  0.2100E+02  0.2570E-02  0.4841E-04
  0.2153E+02  0.2632E-02  0.4979E-04
  0.2205E+02  0.2687E-02  0.5082E-04
  0.2257E+02  0.2732E-02  0.5149E-04
  0.2310E+02  0.2768E-02  0.5183E-04
  0.2362E+02  0.2795E-02  0.5189E-04
  0.2415E+02  0.2812E-02  0.5174E-04
  0.2468E+02  0.2820E-02  0.5145E-04
  0.2520E+02  0.2818E-02  0.5112E-04
  0.2573E+02  0.2806E-02  0.5085E-04
  0.2625E+02  0.2786E-02  0.5073E-04
  0.2678E+02  0.2757E-02  0.5082E-04
  0.2730E+02  0.2721E-02  0.5118E-04
  0.2783E+02  0.2677E-02  0.5183E-04
  0.2835E+02  0.2627E-02  0.5274E-04
  0.2888E+02  0.2572E-02  0.5388E-04
  0.2940E+02  0.2511E-02  0.5517E-04
  0.2993E+02  0.2447E-02  0.5656E-04
  0.3045E+02  0.2379E-02  0.5795E-04
  0.3098E+02  0.2309E-02  0.5927E-04
  0.3150E+02  0.2238E-02  0.6047E-04
  0.3202E+02  0.2165E-02  0.6148E-04
  0.3255E+02  0.2093E-02  0.6228E-04
  0.3308E+02  0.2020E-02  0.6283E-04
  0.3360E+02  0.1949E-02  0.6313E-04
  0.3412E+02  0.1879E-02  0.6319E-04
  0.3465E+02  0.1810E-02  0.6303E-04
  0.3518E+02  0.1743E-02  0.6268E-04
  0.3570E+02  0.1679E-02  0.6217E-04
  0.3623E+02  0.1617E-02  0.6156E-04
  0.3675E+02  0.1557E-02  0.6089E-04
  0.3727E+02  0.1499E-02  0.6021E-04
  0.3780E+02  0.1443E-02  0.5957E-04
  0.3833E+02  0.1389E-02  0.5903E-04
  0.3885E+02  0.1336E-02  0.5862E-04
  0.3938E+02  0.1285E-02  0.5837E-04
  0.3990E+02  0.1235E-02  0.5832E-04
  0.4043E+02  0.1185E-02  0.5847E-04
  0.4095E+02  0.1137E-02  0.5883E-04
  0.4148E+02  0.1088E-02  0.5940E-04
  0.4200E+02  0.1039E-02  0.6014E-04
  0.4252E+02  0.9899E-03  0.6104E-04
  0.4305E+02  0.9402E-03  0.6204E-04
  0.4358E+02  0.8898E-03  0.6311E-04
  0.4410E+02  0.8385E-03  0.6417E-04
  0.4462E+02  0.7865E-03  0.6516E-04
  0.4515E+02  0.7336E-03  0.6599E-04
  0.4568E+02  0.6798E-03  0.6658E-04
  0.4620E+02  0.6254E-03  0.6682E-04
  0.4673E+02  0.5704E-03  0.6662E-04
  0.4725E+02  0.5150E-03  0.6587E-04
  0.4777E+02  0.4595E-03  0.6443E-04
  0.4830E+02  0.4042E-03  0.6220E-04
  0.4883E+02  0.3492E-03  0.5904E-04
  0.4935E+02  0.2950E-03  0.5483E-04
  0.4988E+02  0.2418E-03  0.4944E-04
  0.5040E+02  0.1898E-03  0.4272E-04
  0.5093E+02  0.1394E-03  0.3455E-04
  0.5145E+02  0.9089E-04  0.2480E-04
  0.5198E+02  0.4435E-04  0.1332E-04
  0.5250E+02  0.0000E+00  0.0000E+00
          Reciprocal space: Rg =   19.68     , I(0) =   0.9408E+00
     Real space: Rg =   19.64 +- 0.145  I(0) =   0.9408E+00 +-  0.9383E-02
