
           ####    G N O M   ---   Version 4.5a revised 09/02/02     ####

                                                  Tue Nov  3 18:08:15 2009
           ===    Run No   1   ===
 Run title:  0.010642 4.080260 0.459454


  Number of points omitted at the beginning:          14
   *******   Working Directory :
   *******    Input file(s) :
           Condition P(rmin) = 0 is used. 
           Condition P(rmax) = 0 is used. 

          Experimental conditions for the first run
          -----------------------------------------

          Highest ALPHA is found to be   0.1115E+02

  The measure of inconsistency AN1 equals to    0.9517E+00
     Alpha    Discrp  Oscill  Stabil  Sysdev  Positv  Valcen    Total   
  0.1115E+05 23.9962  1.0914  0.8774  0.0561  1.0000  0.8818  0.34065
  0.2230E+04 16.9763  1.0757  0.6144  0.3246  1.0000  0.8882  0.38910
  0.4460E+03  8.0362  1.0493  0.2822  0.1403  1.0000  0.9054  0.35424
  0.8919E+02  3.1971  1.0753  0.1033  0.3086  1.0000  0.9274  0.50043
  0.1784E+02  1.2015  1.1599  0.0561  0.5731  1.0000  0.9444  0.70489
  0.3568E+01  0.5492  1.2234  0.0204  0.7575  1.0000  0.9521  0.90273
  0.7136E+00  0.4682  1.2451  0.0051  0.8537  1.0000  0.9541  0.93690
  0.1427E+00  0.4636  1.2510  0.0042  0.8537  1.0000  0.9544  0.93575
  0.2854E-01  0.4624  1.2646  0.0177  0.8537  1.0000  0.9533  0.93030
  0.5708E-02  0.4599  1.4001  0.0416  0.8697  1.0000  0.9486  0.89602
  0.1142E-02  0.4577  1.8244  0.0539  0.8697  0.9991  0.9410  0.76104
  0.2283E-03  0.4559  3.1223  0.2181  0.8778  0.9934  0.9312  0.52206
  0.4567E-04  0.4522  6.8291  0.3913  0.8778  0.9572  0.8559  0.47405
  0.9134E-05  0.4494  9.1862  0.2338  0.8858  0.8953  0.5315  0.41273
  0.1827E-05  0.4483 11.6805  0.6961  0.8858  0.8288  0.4424  0.38366
  0.3653E-06  0.4462 11.5187  0.7434  0.8858  0.7740  0.3931  0.37596
  0.7307E-07  0.4439 10.9253  0.3308  0.8697  0.7410  0.3798  0.36897
  0.1461E-07  0.4434 10.9115  0.0909  0.8457  0.7339  0.3777  0.48037
  0.2923E-08  0.4433 11.5986  0.2105  0.8537  0.7333  0.3763  0.37257
  0.5845E-09  0.4433 14.9106  0.6652  0.8537  0.7256  0.4104  0.00000

          ***  Golden section search to maximize estimate ***
     Alpha    Discrp  Oscill  Stabil  Sysdev  Positv  Valcen    Total   
  0.1320E+01  0.4782  1.2400  0.0088  0.8216  1.0000  0.9536  0.92508
  0.5642E+00  0.4665  1.2464  0.0042  0.8537  1.0000  0.9542  0.93661
  0.9024E+00  0.4707  1.2434  0.0063  0.8377  1.0000  0.9539  0.93089
  0.6523E+00  0.4674  1.2456  0.0048  0.8537  1.0000  0.9541  0.93677
  0.7805E+00  0.4690  1.2445  0.0056  0.8457  1.0000  0.9540  0.93389
  0.6895E+00  0.4679  1.2453  0.0050  0.8537  1.0000  0.9541  0.93685
  0.7384E+00  0.4685  1.2449  0.0053  0.8457  1.0000  0.9541  0.93380
  0.7043E+00  0.4680  1.2452  0.0051  0.8537  1.0000  0.9541  0.93688
  0.7230E+00  0.4683  1.2450  0.0052  0.8457  1.0000  0.9541  0.93377
  0.7100E+00  0.4681  1.2451  0.0051  0.8537  1.0000  0.9541  0.93689
  0.7171E+00  0.4682  1.2450  0.0052  0.8457  1.0000  0.9541  0.93376
  0.7122E+00  0.4681  1.2451  0.0051  0.8537  1.0000  0.9541  0.93689
  0.7149E+00  0.4682  1.2451  0.0052  0.8537  1.0000  0.9541  0.93690
  0.7158E+00  0.4682  1.2451  0.0052  0.8457  1.0000  0.9541  0.93376
  0.7144E+00  0.4682  1.2451  0.0052  0.8537  1.0000  0.9541  0.93690
  0.7152E+00  0.4682  1.2451  0.0052  0.8457  1.0000  0.9541  0.93375
  0.7147E+00  0.4682  1.2451  0.0052  0.8537  1.0000  0.9541  0.93690
  0.7149E+00  0.4682  1.2451  0.0052  0.8537  1.0000  0.9541  0.93690



             ####            Final results            ####

 Parameter    DISCRP    OSCILL    STABIL    SYSDEV    POSITV    VALCEN
 Weight        1.000     3.000     3.000     5.000     1.000     1.000
 Sigma         0.300     0.600     0.120     0.500     0.120     0.120
 Ideal         0.700     1.200     0.000     1.000     1.000     0.950
 Current       0.468     1.245     0.005     0.854     1.000     0.954
                - - - - - - - - - - - - - - - - - - - - - - - - - 
 Estimate      0.550     0.994     0.998     0.918     1.000     0.999

  Angular   range    :     from    0.0198   to    0.3232
  Real space range   :     from      0.00   to     60.29

  Highest ALPHA (theor) :   0.111E+05                 JOB = 0
  Current ALPHA         :   0.715E+00   Rg :  0.197E+02   I(0) :   0.413E+01

           Total  estimate : 0.937  which is  AN EXCELLENT  solution

      S          J EXP       ERROR       J REG       I REG

  0.0000E+00                                      0.4135E+01
  0.7059E-03                                      0.4134E+01
  0.1412E-02                                      0.4134E+01
  0.2118E-02                                      0.4132E+01
  0.2823E-02                                      0.4130E+01
  0.3529E-02                                      0.4128E+01
  0.4235E-02                                      0.4125E+01
  0.4941E-02                                      0.4122E+01
  0.5647E-02                                      0.4118E+01
  0.6353E-02                                      0.4113E+01
  0.7059E-02                                      0.4108E+01
  0.7764E-02                                      0.4102E+01
  0.8470E-02                                      0.4096E+01
  0.9176E-02                                      0.4090E+01
  0.9882E-02                                      0.4083E+01
  0.1059E-01                                      0.4075E+01
  0.1129E-01                                      0.4067E+01
  0.1200E-01                                      0.4058E+01
  0.1271E-01                                      0.4049E+01
  0.1341E-01                                      0.4039E+01
  0.1412E-01                                      0.4029E+01
  0.1482E-01                                      0.4019E+01
  0.1553E-01                                      0.4007E+01
  0.1623E-01                                      0.3996E+01
  0.1694E-01                                      0.3984E+01
  0.1765E-01                                      0.3971E+01
  0.1835E-01                                      0.3958E+01
  0.1906E-01                                      0.3945E+01
  0.1976E-01  0.4012E+01  0.1504E+00  0.3931E+01  0.3931E+01
  0.2037E-01  0.3859E+01  0.1133E+00  0.3918E+01  0.3918E+01
  0.2098E-01  0.4044E+01  0.1290E+00  0.3905E+01  0.3905E+01
  0.2159E-01  0.3818E+01  0.9886E-01  0.3892E+01  0.3892E+01
  0.2220E-01  0.3910E+01  0.1138E+00  0.3879E+01  0.3879E+01
  0.2281E-01  0.3912E+01  0.7465E-01  0.3865E+01  0.3865E+01
  0.2341E-01  0.3998E+01  0.1140E+00  0.3851E+01  0.3851E+01
  0.2402E-01  0.3938E+01  0.1098E+00  0.3837E+01  0.3837E+01
  0.2463E-01  0.3926E+01  0.1119E+00  0.3822E+01  0.3822E+01
  0.2524E-01  0.3920E+01  0.9676E-01  0.3807E+01  0.3807E+01
  0.2585E-01  0.3773E+01  0.7701E-01  0.3792E+01  0.3792E+01
  0.2645E-01  0.3852E+01  0.7055E-01  0.3776E+01  0.3776E+01
  0.2706E-01  0.3751E+01  0.7174E-01  0.3760E+01  0.3760E+01
  0.2767E-01  0.3683E+01  0.6524E-01  0.3744E+01  0.3744E+01
  0.2828E-01  0.3684E+01  0.7545E-01  0.3727E+01  0.3727E+01
  0.2889E-01  0.3725E+01  0.6253E-01  0.3710E+01  0.3710E+01
  0.2949E-01  0.3670E+01  0.6827E-01  0.3693E+01  0.3693E+01
  0.3010E-01  0.3576E+01  0.8085E-01  0.3676E+01  0.3676E+01
  0.3071E-01  0.3508E+01  0.8502E-01  0.3658E+01  0.3658E+01
  0.3132E-01  0.3615E+01  0.6981E-01  0.3640E+01  0.3640E+01
  0.3193E-01  0.3635E+01  0.5456E-01  0.3622E+01  0.3622E+01
  0.3254E-01  0.3685E+01  0.6714E-01  0.3604E+01  0.3604E+01
  0.3314E-01  0.3681E+01  0.6549E-01  0.3585E+01  0.3585E+01
  0.3375E-01  0.3694E+01  0.7774E-01  0.3566E+01  0.3566E+01
  0.3436E-01  0.3551E+01  0.7439E-01  0.3547E+01  0.3547E+01
  0.3497E-01  0.3560E+01  0.7494E-01  0.3528E+01  0.3528E+01
  0.3558E-01  0.3601E+01  0.7998E-01  0.3508E+01  0.3508E+01
  0.3618E-01  0.3680E+01  0.7835E-01  0.3488E+01  0.3488E+01
  0.3679E-01  0.3519E+01  0.6772E-01  0.3468E+01  0.3468E+01
  0.3740E-01  0.3495E+01  0.6130E-01  0.3447E+01  0.3447E+01
  0.3801E-01  0.3263E+01  0.6997E-01  0.3427E+01  0.3427E+01
  0.3862E-01  0.3436E+01  0.6739E-01  0.3406E+01  0.3406E+01
  0.3922E-01  0.3304E+01  0.5949E-01  0.3385E+01  0.3385E+01
  0.3983E-01  0.3292E+01  0.5410E-01  0.3364E+01  0.3364E+01
  0.4044E-01  0.3346E+01  0.6842E-01  0.3343E+01  0.3343E+01
  0.4105E-01  0.3334E+01  0.6604E-01  0.3321E+01  0.3321E+01
  0.4166E-01  0.3248E+01  0.5505E-01  0.3299E+01  0.3299E+01
  0.4227E-01  0.3309E+01  0.5296E-01  0.3277E+01  0.3277E+01
  0.4287E-01  0.3223E+01  0.6368E-01  0.3255E+01  0.3255E+01
  0.4348E-01  0.3137E+01  0.5380E-01  0.3233E+01  0.3233E+01
  0.4409E-01  0.3115E+01  0.5793E-01  0.3210E+01  0.3210E+01
  0.4470E-01  0.3034E+01  0.5390E-01  0.3188E+01  0.3188E+01
  0.4531E-01  0.3191E+01  0.5301E-01  0.3165E+01  0.3165E+01
  0.4591E-01  0.3201E+01  0.5413E-01  0.3142E+01  0.3142E+01
  0.4652E-01  0.3228E+01  0.5431E-01  0.3119E+01  0.3119E+01
  0.4713E-01  0.3159E+01  0.5969E-01  0.3096E+01  0.3096E+01
  0.4774E-01  0.3162E+01  0.5556E-01  0.3073E+01  0.3073E+01
  0.4835E-01  0.3064E+01  0.6056E-01  0.3049E+01  0.3049E+01
  0.4895E-01  0.3048E+01  0.4985E-01  0.3026E+01  0.3026E+01
  0.4956E-01  0.2977E+01  0.5465E-01  0.3002E+01  0.3002E+01
  0.5017E-01  0.2988E+01  0.4542E-01  0.2978E+01  0.2978E+01
  0.5078E-01  0.3025E+01  0.4905E-01  0.2954E+01  0.2954E+01
  0.5139E-01  0.2829E+01  0.4336E-01  0.2930E+01  0.2930E+01
  0.5200E-01  0.2983E+01  0.4480E-01  0.2906E+01  0.2906E+01
  0.5260E-01  0.2862E+01  0.4844E-01  0.2882E+01  0.2882E+01
  0.5321E-01  0.2858E+01  0.4612E-01  0.2857E+01  0.2857E+01
  0.5382E-01  0.2957E+01  0.5020E-01  0.2833E+01  0.2833E+01
  0.5443E-01  0.2890E+01  0.5136E-01  0.2809E+01  0.2809E+01
  0.5504E-01  0.2812E+01  0.4653E-01  0.2784E+01  0.2784E+01
  0.5564E-01  0.2830E+01  0.4865E-01  0.2760E+01  0.2760E+01
  0.5625E-01  0.2705E+01  0.4238E-01  0.2735E+01  0.2735E+01
  0.5686E-01  0.2644E+01  0.4656E-01  0.2710E+01  0.2710E+01
  0.5747E-01  0.2598E+01  0.5141E-01  0.2686E+01  0.2686E+01
  0.5808E-01  0.2640E+01  0.4758E-01  0.2661E+01  0.2661E+01
  0.5868E-01  0.2524E+01  0.5583E-01  0.2636E+01  0.2636E+01
  0.5929E-01  0.2507E+01  0.4731E-01  0.2611E+01  0.2611E+01
  0.5990E-01  0.2560E+01  0.4578E-01  0.2586E+01  0.2586E+01
  0.6051E-01  0.2486E+01  0.4899E-01  0.2561E+01  0.2561E+01
  0.6112E-01  0.2537E+01  0.4298E-01  0.2536E+01  0.2536E+01
  0.6173E-01  0.2509E+01  0.4637E-01  0.2511E+01  0.2511E+01
  0.6233E-01  0.2585E+01  0.4691E-01  0.2487E+01  0.2487E+01
  0.6294E-01  0.2395E+01  0.5271E-01  0.2462E+01  0.2462E+01
  0.6355E-01  0.2489E+01  0.5775E-01  0.2437E+01  0.2437E+01
  0.6416E-01  0.2395E+01  0.1618E+00  0.2412E+01  0.2412E+01
  0.6477E-01  0.2443E+01  0.1618E+00  0.2387E+01  0.2387E+01
  0.6537E-01  0.2429E+01  0.4322E-01  0.2362E+01  0.2362E+01
  0.6598E-01  0.2328E+01  0.3935E-01  0.2337E+01  0.2337E+01
  0.6659E-01  0.2360E+01  0.4624E-01  0.2312E+01  0.2312E+01
  0.6720E-01  0.2328E+01  0.4320E-01  0.2287E+01  0.2287E+01
  0.6781E-01  0.2200E+01  0.4619E-01  0.2263E+01  0.2263E+01
  0.6841E-01  0.2223E+01  0.4132E-01  0.2238E+01  0.2238E+01
  0.6902E-01  0.2188E+01  0.3963E-01  0.2213E+01  0.2213E+01
  0.6963E-01  0.2143E+01  0.4126E-01  0.2188E+01  0.2188E+01
  0.7024E-01  0.2188E+01  0.4206E-01  0.2164E+01  0.2164E+01
  0.7085E-01  0.2058E+01  0.4015E-01  0.2139E+01  0.2139E+01
  0.7146E-01  0.2075E+01  0.4016E-01  0.2115E+01  0.2115E+01
  0.7206E-01  0.2062E+01  0.3918E-01  0.2090E+01  0.2090E+01
  0.7267E-01  0.2048E+01  0.3953E-01  0.2066E+01  0.2066E+01
  0.7328E-01  0.2044E+01  0.3984E-01  0.2042E+01  0.2042E+01
  0.7389E-01  0.2053E+01  0.3646E-01  0.2017E+01  0.2017E+01
  0.7450E-01  0.1983E+01  0.3587E-01  0.1993E+01  0.1993E+01
  0.7510E-01  0.1968E+01  0.3437E-01  0.1969E+01  0.1969E+01
  0.7571E-01  0.1994E+01  0.3700E-01  0.1945E+01  0.1945E+01
  0.7632E-01  0.1940E+01  0.3645E-01  0.1921E+01  0.1921E+01
  0.7693E-01  0.1913E+01  0.3630E-01  0.1898E+01  0.1898E+01
  0.7754E-01  0.1838E+01  0.3118E-01  0.1874E+01  0.1874E+01
  0.7814E-01  0.1853E+01  0.3768E-01  0.1850E+01  0.1850E+01
  0.7875E-01  0.1811E+01  0.3963E-01  0.1827E+01  0.1827E+01
  0.7936E-01  0.1813E+01  0.3727E-01  0.1804E+01  0.1804E+01
  0.7997E-01  0.1816E+01  0.3885E-01  0.1780E+01  0.1780E+01
  0.8058E-01  0.1777E+01  0.3846E-01  0.1757E+01  0.1757E+01
  0.8118E-01  0.1757E+01  0.3552E-01  0.1734E+01  0.1734E+01
  0.8179E-01  0.1708E+01  0.3511E-01  0.1711E+01  0.1711E+01
  0.8240E-01  0.1677E+01  0.3594E-01  0.1688E+01  0.1688E+01
  0.8301E-01  0.1713E+01  0.3696E-01  0.1666E+01  0.1666E+01
  0.8362E-01  0.1621E+01  0.3903E-01  0.1643E+01  0.1643E+01
  0.8423E-01  0.1641E+01  0.3406E-01  0.1621E+01  0.1621E+01
  0.8483E-01  0.1595E+01  0.6500E-01  0.1599E+01  0.1599E+01
  0.8544E-01  0.1615E+01  0.6057E-01  0.1577E+01  0.1577E+01
  0.8605E-01  0.1515E+01  0.3688E-01  0.1555E+01  0.1555E+01
  0.8666E-01  0.1555E+01  0.4120E-01  0.1533E+01  0.1533E+01
  0.8727E-01  0.1476E+01  0.4268E-01  0.1511E+01  0.1511E+01
  0.8787E-01  0.1391E+01  0.7310E-01  0.1490E+01  0.1490E+01
  0.8848E-01  0.1436E+01  0.5770E-01  0.1468E+01  0.1468E+01
  0.8909E-01  0.1386E+01  0.1017E+00  0.1447E+01  0.1447E+01
  0.8970E-01  0.1409E+01  0.1029E+00  0.1426E+01  0.1426E+01
  0.9031E-01  0.1411E+01  0.3440E-01  0.1405E+01  0.1405E+01
  0.9091E-01  0.1346E+01  0.5821E-01  0.1384E+01  0.1384E+01
  0.9152E-01  0.1395E+01  0.3604E-01  0.1364E+01  0.1364E+01
  0.9213E-01  0.1345E+01  0.3218E-01  0.1343E+01  0.1343E+01
  0.9274E-01  0.1313E+01  0.3632E-01  0.1323E+01  0.1323E+01
  0.9335E-01  0.1349E+01  0.3438E-01  0.1303E+01  0.1303E+01
  0.9396E-01  0.1298E+01  0.3202E-01  0.1283E+01  0.1283E+01
  0.9456E-01  0.1218E+01  0.3563E-01  0.1264E+01  0.1264E+01
  0.9517E-01  0.1275E+01  0.3287E-01  0.1244E+01  0.1244E+01
  0.9578E-01  0.1232E+01  0.3282E-01  0.1225E+01  0.1225E+01
  0.9639E-01  0.1175E+01  0.3122E-01  0.1205E+01  0.1205E+01
  0.9700E-01  0.1241E+01  0.3277E-01  0.1186E+01  0.1186E+01
  0.9760E-01  0.1190E+01  0.2871E-01  0.1167E+01  0.1167E+01
  0.9821E-01  0.1176E+01  0.3069E-01  0.1149E+01  0.1149E+01
  0.9882E-01  0.1167E+01  0.3088E-01  0.1130E+01  0.1130E+01
  0.9943E-01  0.1078E+01  0.2976E-01  0.1112E+01  0.1112E+01
  0.1000E+00  0.1109E+01  0.3073E-01  0.1094E+01  0.1094E+01
  0.1006E+00  0.1021E+01  0.2799E-01  0.1076E+01  0.1076E+01
  0.1013E+00  0.1054E+01  0.2824E-01  0.1058E+01  0.1058E+01
  0.1019E+00  0.1102E+01  0.3067E-01  0.1041E+01  0.1041E+01
  0.1025E+00  0.1025E+01  0.2803E-01  0.1023E+01  0.1023E+01
  0.1031E+00  0.1071E+01  0.3064E-01  0.1006E+01  0.1006E+01
  0.1037E+00  0.9939E+00  0.3046E-01  0.9889E+00  0.9889E+00
  0.1043E+00  0.9609E+00  0.3121E-01  0.9720E+00  0.9720E+00
  0.1049E+00  0.9416E+00  0.2930E-01  0.9554E+00  0.9554E+00
  0.1055E+00  0.9562E+00  0.3033E-01  0.9389E+00  0.9389E+00
  0.1061E+00  0.8947E+00  0.2781E-01  0.9227E+00  0.9227E+00
  0.1067E+00  0.9208E+00  0.3110E-01  0.9066E+00  0.9066E+00
  0.1073E+00  0.8898E+00  0.2970E-01  0.8907E+00  0.8907E+00
  0.1079E+00  0.8761E+00  0.2915E-01  0.8750E+00  0.8750E+00
  0.1085E+00  0.8435E+00  0.2968E-01  0.8595E+00  0.8595E+00
  0.1092E+00  0.8628E+00  0.2751E-01  0.8441E+00  0.8441E+00
  0.1098E+00  0.7797E+00  0.2966E-01  0.8290E+00  0.8290E+00
  0.1104E+00  0.7858E+00  0.2598E-01  0.8140E+00  0.8140E+00
  0.1110E+00  0.7903E+00  0.2838E-01  0.7993E+00  0.7993E+00
  0.1116E+00  0.7486E+00  0.2879E-01  0.7847E+00  0.7847E+00
  0.1122E+00  0.7885E+00  0.2884E-01  0.7703E+00  0.7703E+00
  0.1128E+00  0.7619E+00  0.3090E-01  0.7561E+00  0.7561E+00
  0.1134E+00  0.7152E+00  0.2837E-01  0.7421E+00  0.7421E+00
  0.1140E+00  0.7080E+00  0.2845E-01  0.7283E+00  0.7283E+00
  0.1146E+00  0.7099E+00  0.2698E-01  0.7147E+00  0.7147E+00
  0.1152E+00  0.7151E+00  0.2573E-01  0.7012E+00  0.7012E+00
  0.1158E+00  0.7074E+00  0.2815E-01  0.6880E+00  0.6880E+00
  0.1165E+00  0.7084E+00  0.2714E-01  0.6749E+00  0.6749E+00
  0.1171E+00  0.6899E+00  0.2684E-01  0.6620E+00  0.6620E+00
  0.1177E+00  0.6901E+00  0.2869E-01  0.6493E+00  0.6493E+00
  0.1183E+00  0.6545E+00  0.2715E-01  0.6368E+00  0.6368E+00
  0.1189E+00  0.6008E+00  0.2797E-01  0.6245E+00  0.6245E+00
  0.1195E+00  0.6434E+00  0.2664E-01  0.6123E+00  0.6123E+00
  0.1201E+00  0.6090E+00  0.2834E-01  0.6004E+00  0.6004E+00
  0.1207E+00  0.6310E+00  0.2669E-01  0.5886E+00  0.5886E+00
  0.1213E+00  0.5787E+00  0.2630E-01  0.5769E+00  0.5769E+00
  0.1219E+00  0.6070E+00  0.2464E-01  0.5655E+00  0.5655E+00
  0.1225E+00  0.5473E+00  0.2669E-01  0.5543E+00  0.5543E+00
  0.1231E+00  0.5559E+00  0.2391E-01  0.5432E+00  0.5432E+00
  0.1238E+00  0.5502E+00  0.2628E-01  0.5323E+00  0.5323E+00
  0.1244E+00  0.5554E+00  0.2577E-01  0.5216E+00  0.5216E+00
  0.1250E+00  0.4947E+00  0.2649E-01  0.5110E+00  0.5110E+00
  0.1256E+00  0.5458E+00  0.2471E-01  0.5006E+00  0.5006E+00
  0.1262E+00  0.4901E+00  0.2609E-01  0.4904E+00  0.4904E+00
  0.1268E+00  0.4591E+00  0.2623E-01  0.4804E+00  0.4804E+00
  0.1274E+00  0.4753E+00  0.2668E-01  0.4705E+00  0.4705E+00
  0.1280E+00  0.4758E+00  0.2413E-01  0.4608E+00  0.4608E+00
  0.1286E+00  0.4416E+00  0.2761E-01  0.4512E+00  0.4512E+00
  0.1292E+00  0.4665E+00  0.2484E-01  0.4419E+00  0.4419E+00
  0.1298E+00  0.4538E+00  0.2500E-01  0.4326E+00  0.4326E+00
  0.1304E+00  0.4236E+00  0.2775E-01  0.4236E+00  0.4236E+00
  0.1310E+00  0.4453E+00  0.2569E-01  0.4147E+00  0.4147E+00
  0.1317E+00  0.4117E+00  0.2603E-01  0.4060E+00  0.4060E+00
  0.1323E+00  0.4060E+00  0.2732E-01  0.3974E+00  0.3974E+00
  0.1329E+00  0.3790E+00  0.2613E-01  0.3890E+00  0.3890E+00
  0.1335E+00  0.3985E+00  0.2639E-01  0.3807E+00  0.3807E+00
  0.1341E+00  0.4074E+00  0.2510E-01  0.3726E+00  0.3726E+00
  0.1347E+00  0.3537E+00  0.2636E-01  0.3646E+00  0.3646E+00
  0.1353E+00  0.3221E+00  0.2602E-01  0.3568E+00  0.3568E+00
  0.1359E+00  0.3236E+00  0.2574E-01  0.3492E+00  0.3492E+00
  0.1365E+00  0.3487E+00  0.2432E-01  0.3417E+00  0.3417E+00
  0.1371E+00  0.2984E+00  0.2508E-01  0.3343E+00  0.3343E+00
  0.1377E+00  0.3185E+00  0.2376E-01  0.3271E+00  0.3271E+00
  0.1383E+00  0.3047E+00  0.2513E-01  0.3200E+00  0.3200E+00
  0.1390E+00  0.3073E+00  0.2375E-01  0.3130E+00  0.3130E+00
  0.1396E+00  0.3084E+00  0.2451E-01  0.3062E+00  0.3062E+00
  0.1402E+00  0.3092E+00  0.2449E-01  0.2996E+00  0.2996E+00
  0.1408E+00  0.2916E+00  0.2500E-01  0.2930E+00  0.2930E+00
  0.1414E+00  0.2593E+00  0.2502E-01  0.2866E+00  0.2866E+00
  0.1420E+00  0.3010E+00  0.2538E-01  0.2804E+00  0.2804E+00
  0.1426E+00  0.2785E+00  0.2559E-01  0.2742E+00  0.2742E+00
  0.1432E+00  0.3164E+00  0.2496E-01  0.2682E+00  0.2682E+00
  0.1438E+00  0.2944E+00  0.2399E-01  0.2624E+00  0.2624E+00
  0.1444E+00  0.2752E+00  0.2398E-01  0.2566E+00  0.2566E+00
  0.1450E+00  0.2550E+00  0.2366E-01  0.2510E+00  0.2510E+00
  0.1456E+00  0.2127E+00  0.2511E-01  0.2455E+00  0.2455E+00
  0.1463E+00  0.2025E+00  0.2240E-01  0.2401E+00  0.2401E+00
  0.1469E+00  0.2518E+00  0.2355E-01  0.2348E+00  0.2348E+00
  0.1475E+00  0.2011E+00  0.2441E-01  0.2297E+00  0.2297E+00
  0.1481E+00  0.2238E+00  0.2562E-01  0.2247E+00  0.2247E+00
  0.1487E+00  0.1884E+00  0.2551E-01  0.2197E+00  0.2197E+00
  0.1493E+00  0.2083E+00  0.2432E-01  0.2149E+00  0.2149E+00
  0.1499E+00  0.1870E+00  0.2314E-01  0.2102E+00  0.2102E+00
  0.1505E+00  0.1883E+00  0.2332E-01  0.2056E+00  0.2056E+00
  0.1511E+00  0.1605E+00  0.2317E-01  0.2012E+00  0.2012E+00
  0.1517E+00  0.1714E+00  0.2416E-01  0.1968E+00  0.1968E+00
  0.1523E+00  0.1996E+00  0.2431E-01  0.1925E+00  0.1925E+00
  0.1529E+00  0.1933E+00  0.2400E-01  0.1884E+00  0.1884E+00
  0.1535E+00  0.2059E+00  0.2474E-01  0.1843E+00  0.1843E+00
  0.1542E+00  0.1712E+00  0.2564E-01  0.1803E+00  0.1803E+00
  0.1548E+00  0.1638E+00  0.2278E-01  0.1765E+00  0.1765E+00
  0.1554E+00  0.1416E+00  0.2450E-01  0.1727E+00  0.1727E+00
  0.1560E+00  0.1454E+00  0.2299E-01  0.1690E+00  0.1690E+00
  0.1566E+00  0.1645E+00  0.2316E-01  0.1654E+00  0.1654E+00
  0.1572E+00  0.1674E+00  0.2219E-01  0.1619E+00  0.1619E+00
  0.1578E+00  0.1670E+00  0.2269E-01  0.1585E+00  0.1585E+00
  0.1584E+00  0.1042E+00  0.2128E-01  0.1552E+00  0.1552E+00
  0.1590E+00  0.1319E+00  0.2262E-01  0.1519E+00  0.1519E+00
  0.1596E+00  0.8123E-01  0.2278E-01  0.1488E+00  0.1488E+00
  0.1602E+00  0.1321E+00  0.2129E-01  0.1457E+00  0.1457E+00
  0.1608E+00  0.1155E+00  0.2025E-01  0.1427E+00  0.1427E+00
  0.1615E+00  0.8402E-01  0.2311E-01  0.1398E+00  0.1398E+00
  0.1621E+00  0.1023E+00  0.2030E-01  0.1370E+00  0.1370E+00
  0.1627E+00  0.9704E-01  0.2227E-01  0.1343E+00  0.1343E+00
  0.1633E+00  0.1600E+00  0.2041E-01  0.1316E+00  0.1316E+00
  0.1639E+00  0.1846E+00  0.2148E-01  0.1290E+00  0.1290E+00
  0.1645E+00  0.1518E+00  0.2286E-01  0.1265E+00  0.1265E+00
  0.1651E+00  0.1933E+00  0.2276E-01  0.1240E+00  0.1240E+00
  0.1657E+00  0.1085E+00  0.2253E-01  0.1216E+00  0.1216E+00
  0.1663E+00  0.1140E+00  0.2164E-01  0.1193E+00  0.1193E+00
  0.1669E+00  0.9543E-01  0.2168E-01  0.1170E+00  0.1170E+00
  0.1675E+00  0.9348E-01  0.2143E-01  0.1149E+00  0.1149E+00
  0.1681E+00  0.8024E-01  0.2237E-01  0.1127E+00  0.1127E+00
  0.1688E+00  0.3237E-01  0.2002E-01  0.1107E+00  0.1107E+00
  0.1694E+00  0.1091E+00  0.2226E-01  0.1087E+00  0.1087E+00
  0.1700E+00  0.6395E-01  0.2120E-01  0.1067E+00  0.1067E+00
  0.1706E+00  0.9883E-01  0.2158E-01  0.1049E+00  0.1049E+00
  0.1712E+00  0.7376E-01  0.2169E-01  0.1031E+00  0.1031E+00
  0.1718E+00  0.1098E+00  0.2217E-01  0.1013E+00  0.1013E+00
  0.1724E+00  0.1398E+00  0.2099E-01  0.9958E-01  0.9958E-01
  0.1730E+00  0.1279E+00  0.2078E-01  0.9792E-01  0.9792E-01
  0.1736E+00  0.1054E+00  0.2169E-01  0.9632E-01  0.9632E-01
  0.1742E+00  0.1091E+00  0.2323E-01  0.9477E-01  0.9477E-01
  0.1748E+00  0.1323E+00  0.2279E-01  0.9327E-01  0.9327E-01
  0.1754E+00  0.7973E-01  0.2237E-01  0.9182E-01  0.9182E-01
  0.1760E+00  0.1227E+00  0.2411E-01  0.9042E-01  0.9042E-01
  0.1767E+00  0.9858E-01  0.2176E-01  0.8906E-01  0.8906E-01
  0.1773E+00  0.8483E-01  0.2179E-01  0.8775E-01  0.8775E-01
  0.1779E+00  0.8311E-01  0.2170E-01  0.8649E-01  0.8649E-01
  0.1785E+00  0.4877E-01  0.2135E-01  0.8527E-01  0.8527E-01
  0.1791E+00  0.1254E+00  0.1915E-01  0.8409E-01  0.8409E-01
  0.1797E+00  0.6326E-01  0.2089E-01  0.8295E-01  0.8295E-01
  0.1803E+00  0.7052E-01  0.2059E-01  0.8185E-01  0.8185E-01
  0.1809E+00  0.6815E-01  0.2145E-01  0.8080E-01  0.8080E-01
  0.1815E+00  0.7281E-01  0.2167E-01  0.7978E-01  0.7978E-01
  0.1821E+00  0.9136E-01  0.2129E-01  0.7879E-01  0.7879E-01
  0.1827E+00  0.6891E-01  0.2142E-01  0.7785E-01  0.7785E-01
  0.1833E+00  0.7630E-01  0.3593E-01  0.7694E-01  0.7694E-01
  0.1840E+00  0.7606E-01  0.1992E-01  0.7606E-01  0.7606E-01
  0.1846E+00  0.5668E-01  0.2328E-01  0.7522E-01  0.7522E-01
  0.1852E+00  0.8223E-01  0.2188E-01  0.7441E-01  0.7441E-01
  0.1858E+00  0.6586E-01  0.2264E-01  0.7363E-01  0.7363E-01
  0.1864E+00  0.1014E+00  0.2243E-01  0.7288E-01  0.7288E-01
  0.1870E+00  0.5612E-01  0.1936E-01  0.7217E-01  0.7217E-01
  0.1876E+00  0.1204E+00  0.2135E-01  0.7148E-01  0.7148E-01
  0.1882E+00  0.3547E-01  0.2014E-01  0.7082E-01  0.7082E-01
  0.1888E+00  0.7106E-01  0.2099E-01  0.7019E-01  0.7019E-01
  0.1894E+00  0.5138E-01  0.2027E-01  0.6958E-01  0.6958E-01
  0.1900E+00  0.7834E-01  0.2292E-01  0.6901E-01  0.6901E-01
  0.1906E+00  0.7615E-01  0.1947E-01  0.6845E-01  0.6845E-01
  0.1912E+00  0.7621E-01  0.2118E-01  0.6792E-01  0.6792E-01
  0.1919E+00  0.1233E+00  0.2220E-01  0.6742E-01  0.6742E-01
  0.1925E+00  0.9999E-01  0.2116E-01  0.6694E-01  0.6694E-01
  0.1931E+00  0.8965E-01  0.2090E-01  0.6648E-01  0.6648E-01
  0.1937E+00  0.9779E-01  0.2085E-01  0.6604E-01  0.6604E-01
  0.1943E+00  0.8459E-01  0.2020E-01  0.6562E-01  0.6562E-01
  0.1949E+00  0.6078E-01  0.2016E-01  0.6522E-01  0.6522E-01
  0.1955E+00  0.1017E+00  0.2688E-01  0.6485E-01  0.6485E-01
  0.1961E+00  0.8042E-01  0.3369E-01  0.6449E-01  0.6449E-01
  0.1967E+00  0.9548E-01  0.2173E-01  0.6415E-01  0.6415E-01
  0.1973E+00  0.6487E-01  0.2091E-01  0.6383E-01  0.6383E-01
  0.1979E+00  0.6042E-01  0.2168E-01  0.6352E-01  0.6352E-01
  0.1985E+00  0.3259E-01  0.1959E-01  0.6323E-01  0.6323E-01
  0.1992E+00  0.5591E-01  0.2128E-01  0.6296E-01  0.6296E-01
  0.1998E+00  0.4567E-01  0.1914E-01  0.6271E-01  0.6271E-01
  0.2004E+00  0.7595E-01  0.2122E-01  0.6247E-01  0.6247E-01
  0.2010E+00  0.8959E-01  0.2071E-01  0.6224E-01  0.6224E-01
  0.2016E+00  0.8190E-01  0.2061E-01  0.6203E-01  0.6203E-01
  0.2022E+00  0.8009E-01  0.2172E-01  0.6183E-01  0.6183E-01
  0.2028E+00  0.9316E-01  0.2029E-01  0.6164E-01  0.6164E-01
  0.2034E+00  0.9595E-01  0.2142E-01  0.6146E-01  0.6146E-01
  0.2040E+00  0.4958E-01  0.2072E-01  0.6130E-01  0.6130E-01
  0.2046E+00  0.5981E-01  0.2061E-01  0.6115E-01  0.6115E-01
  0.2052E+00  0.5629E-01  0.1967E-01  0.6101E-01  0.6101E-01
  0.2058E+00  0.7324E-01  0.2088E-01  0.6088E-01  0.6088E-01
  0.2065E+00  0.5797E-01  0.1831E-01  0.6076E-01  0.6076E-01
  0.2071E+00  0.7276E-01  0.1989E-01  0.6065E-01  0.6065E-01
  0.2077E+00  0.9147E-01  0.1922E-01  0.6055E-01  0.6055E-01
  0.2083E+00  0.6405E-01  0.2026E-01  0.6046E-01  0.6046E-01
  0.2089E+00  0.3367E-01  0.1972E-01  0.6038E-01  0.6038E-01
  0.2095E+00  0.2611E-01  0.2044E-01  0.6031E-01  0.6031E-01
  0.2101E+00  0.1947E-01  0.1869E-01  0.6024E-01  0.6024E-01
  0.2107E+00  0.3099E-01  0.2017E-01  0.6018E-01  0.6018E-01
  0.2113E+00  0.4889E-01  0.2016E-01  0.6013E-01  0.6013E-01
  0.2119E+00  0.4756E-01  0.2002E-01  0.6009E-01  0.6009E-01
  0.2125E+00  0.6605E-01  0.1948E-01  0.6005E-01  0.6005E-01
  0.2131E+00  0.5258E-01  0.2040E-01  0.6001E-01  0.6001E-01
  0.2137E+00  0.3028E-01  0.2124E-01  0.5999E-01  0.5999E-01
  0.2144E+00  0.2988E-01  0.2035E-01  0.5997E-01  0.5997E-01
  0.2150E+00  0.4491E-01  0.2031E-01  0.5995E-01  0.5995E-01
  0.2156E+00  0.5262E-01  0.1931E-01  0.5994E-01  0.5994E-01
  0.2162E+00  0.7126E-01  0.2249E-01  0.5993E-01  0.5993E-01
  0.2168E+00  0.3511E-01  0.1873E-01  0.5993E-01  0.5993E-01
  0.2174E+00  0.5109E-01  0.1963E-01  0.5993E-01  0.5993E-01
  0.2180E+00  0.3563E-01  0.1941E-01  0.5994E-01  0.5994E-01
  0.2186E+00  0.6966E-01  0.2047E-01  0.5995E-01  0.5995E-01
  0.2192E+00  0.6470E-01  0.2070E-01  0.5996E-01  0.5996E-01
  0.2198E+00  0.4937E-01  0.1871E-01  0.5997E-01  0.5997E-01
  0.2204E+00  0.5861E-01  0.2122E-01  0.5999E-01  0.5999E-01
  0.2210E+00  0.4731E-01  0.2679E-01  0.6001E-01  0.6001E-01
  0.2217E+00  0.3050E-01  0.2000E-01  0.6004E-01  0.6004E-01
  0.2223E+00  0.7424E-01  0.1995E-01  0.6006E-01  0.6006E-01
  0.2229E+00  0.1097E-01  0.1917E-01  0.6009E-01  0.6009E-01
  0.2235E+00  0.9116E-01  0.1920E-01  0.6012E-01  0.6012E-01
  0.2241E+00  0.7749E-01  0.2063E-01  0.6015E-01  0.6015E-01
  0.2247E+00  0.3240E-01  0.1828E-01  0.6018E-01  0.6018E-01
  0.2253E+00  0.4131E-01  0.2053E-01  0.6021E-01  0.6021E-01
  0.2259E+00  0.3537E-01  0.2005E-01  0.6025E-01  0.6025E-01
  0.2265E+00  0.3786E-01  0.2112E-01  0.6028E-01  0.6028E-01
  0.2271E+00  0.3181E-01  0.1912E-01  0.6032E-01  0.6032E-01
  0.2277E+00  0.6373E-01  0.1981E-01  0.6036E-01  0.6036E-01
  0.2283E+00  0.6420E-01  0.1922E-01  0.6039E-01  0.6039E-01
  0.2289E+00  0.1018E+00  0.2047E-01  0.6043E-01  0.6043E-01
  0.2296E+00  0.7349E-01  0.1961E-01  0.6047E-01  0.6047E-01
  0.2302E+00  0.3932E-01  0.2035E-01  0.6050E-01  0.6050E-01
  0.2308E+00  0.8067E-01  0.2015E-01  0.6054E-01  0.6054E-01
  0.2314E+00  0.6851E-01  0.2373E-01  0.6057E-01  0.6057E-01
  0.2320E+00  0.6305E-01  0.1960E-01  0.6061E-01  0.6061E-01
  0.2326E+00  0.5010E-01  0.2011E-01  0.6064E-01  0.6064E-01
  0.2332E+00  0.9073E-01  0.2071E-01  0.6068E-01  0.6068E-01
  0.2338E+00  0.4184E-01  0.1933E-01  0.6071E-01  0.6071E-01
  0.2344E+00  0.7850E-01  0.1977E-01  0.6074E-01  0.6074E-01
  0.2350E+00  0.9306E-01  0.1906E-01  0.6077E-01  0.6077E-01
  0.2356E+00  0.7289E-01  0.2095E-01  0.6080E-01  0.6080E-01
  0.2362E+00  0.7214E-01  0.2004E-01  0.6083E-01  0.6083E-01
  0.2369E+00  0.9587E-01  0.1934E-01  0.6086E-01  0.6086E-01
  0.2375E+00  0.6954E-01  0.1944E-01  0.6088E-01  0.6088E-01
  0.2381E+00  0.7330E-01  0.1990E-01  0.6091E-01  0.6091E-01
  0.2387E+00  0.6833E-01  0.1842E-01  0.6093E-01  0.6093E-01
  0.2393E+00  0.7260E-01  0.1892E-01  0.6095E-01  0.6095E-01
  0.2399E+00  0.4974E-01  0.1974E-01  0.6097E-01  0.6097E-01
  0.2405E+00  0.7240E-01  0.3550E-01  0.6098E-01  0.6098E-01
  0.2411E+00  0.8687E-01  0.2184E-01  0.6100E-01  0.6100E-01
  0.2417E+00  0.9469E-01  0.2739E-01  0.6101E-01  0.6101E-01
  0.2423E+00  0.8926E-01  0.3962E-01  0.6102E-01  0.6102E-01
  0.2429E+00  0.6978E-01  0.2019E-01  0.6103E-01  0.6103E-01
  0.2435E+00  0.8288E-01  0.2014E-01  0.6103E-01  0.6103E-01
  0.2441E+00  0.6922E-01  0.2000E-01  0.6104E-01  0.6104E-01
  0.2448E+00  0.8054E-01  0.1903E-01  0.6104E-01  0.6104E-01
  0.2454E+00  0.3563E-01  0.1876E-01  0.6103E-01  0.6103E-01
  0.2460E+00  0.7310E-01  0.2079E-01  0.6103E-01  0.6103E-01
  0.2466E+00  0.2329E-01  0.1976E-01  0.6102E-01  0.6102E-01
  0.2472E+00  0.3687E-01  0.1949E-01  0.6102E-01  0.6102E-01
  0.2478E+00  0.4399E-01  0.2028E-01  0.6100E-01  0.6100E-01
  0.2484E+00  0.9151E-02  0.2179E-01  0.6099E-01  0.6099E-01
  0.2490E+00  0.6347E-01  0.1957E-01  0.6097E-01  0.6097E-01
  0.2496E+00  0.3744E-01  0.1963E-01  0.6095E-01  0.6095E-01
  0.2502E+00  0.5982E-01  0.1948E-01  0.6093E-01  0.6093E-01
  0.2508E+00  0.6066E-01  0.1938E-01  0.6090E-01  0.6090E-01
  0.2514E+00  0.6447E-01  0.2037E-01  0.6087E-01  0.6087E-01
  0.2521E+00  0.3475E-01  0.1896E-01  0.6084E-01  0.6084E-01
  0.2527E+00  0.1264E-01  0.2102E-01  0.6081E-01  0.6081E-01
  0.2533E+00  0.4257E-01  0.1868E-01  0.6077E-01  0.6077E-01
  0.2539E+00  0.6779E-01  0.2078E-01  0.6073E-01  0.6073E-01
  0.2545E+00  0.8917E-01  0.2004E-01  0.6069E-01  0.6069E-01
  0.2551E+00  0.5077E-01  0.2111E-01  0.6064E-01  0.6064E-01
  0.2557E+00  0.5528E-01  0.1877E-01  0.6059E-01  0.6059E-01
  0.2563E+00  0.6125E-01  0.2075E-01  0.6054E-01  0.6054E-01
  0.2569E+00  0.5519E-01  0.3276E-01  0.6049E-01  0.6049E-01
  0.2575E+00  0.1061E+00  0.1120E+00  0.6043E-01  0.6043E-01
  0.2581E+00  0.5915E-01  0.2067E-01  0.6037E-01  0.6037E-01
  0.2587E+00  0.9314E-01  0.2999E-01  0.6030E-01  0.6030E-01
  0.2593E+00  0.9073E-01  0.1898E-01  0.6024E-01  0.6024E-01
  0.2600E+00  0.8815E-01  0.1884E-01  0.6017E-01  0.6017E-01
  0.2606E+00  0.6540E-01  0.1989E-01  0.6009E-01  0.6009E-01
  0.2612E+00  0.7603E-01  0.1818E-01  0.6002E-01  0.6002E-01
  0.2618E+00  0.6359E-01  0.2376E-01  0.5994E-01  0.5994E-01
  0.2624E+00  0.6438E-01  0.2064E-01  0.5986E-01  0.5986E-01
  0.2630E+00  0.6598E-01  0.2993E-01  0.5977E-01  0.5977E-01
  0.2636E+00  0.8345E-01  0.2010E-01  0.5968E-01  0.5968E-01
  0.2642E+00  0.4936E-01  0.1992E-01  0.5959E-01  0.5959E-01
  0.2648E+00  0.5604E-01  0.1965E-01  0.5950E-01  0.5950E-01
  0.2654E+00  0.9010E-01  0.2972E-01  0.5940E-01  0.5940E-01
  0.2660E+00  0.5874E-01  0.2001E-01  0.5930E-01  0.5930E-01
  0.2666E+00  0.4748E-01  0.2006E-01  0.5920E-01  0.5920E-01
  0.2673E+00  0.6979E-01  0.1937E-01  0.5910E-01  0.5910E-01
  0.2679E+00  0.5749E-01  0.1945E-01  0.5899E-01  0.5899E-01
  0.2685E+00  0.3337E-01  0.2026E-01  0.5888E-01  0.5888E-01
  0.2691E+00  0.6571E-01  0.1843E-01  0.5877E-01  0.5877E-01
  0.2697E+00  0.2588E-01  0.1902E-01  0.5865E-01  0.5865E-01
  0.2703E+00  0.1073E+00  0.2131E-01  0.5853E-01  0.5853E-01
  0.2709E+00  0.5116E-01  0.2098E-01  0.5841E-01  0.5841E-01
  0.2715E+00  0.8503E-01  0.1806E-01  0.5829E-01  0.5829E-01
  0.2721E+00  0.4189E-01  0.1845E-01  0.5816E-01  0.5816E-01
  0.2727E+00  0.4371E-01  0.1894E-01  0.5803E-01  0.5803E-01
  0.2733E+00  0.7257E-01  0.1958E-01  0.5790E-01  0.5790E-01
  0.2739E+00  0.3858E-01  0.1843E-01  0.5777E-01  0.5777E-01
  0.2745E+00  0.4399E-01  0.2025E-01  0.5763E-01  0.5763E-01
  0.2752E+00  0.3949E-01  0.1977E-01  0.5749E-01  0.5749E-01
  0.2758E+00  0.4763E-01  0.1929E-01  0.5735E-01  0.5735E-01
  0.2764E+00  0.5663E-01  0.1839E-01  0.5721E-01  0.5721E-01
  0.2770E+00  0.3956E-01  0.1895E-01  0.5707E-01  0.5707E-01
  0.2776E+00  0.4861E-01  0.1837E-01  0.5692E-01  0.5692E-01
  0.2782E+00  0.4135E-01  0.1870E-01  0.5677E-01  0.5677E-01
  0.2788E+00  0.6682E-01  0.1832E-01  0.5662E-01  0.5662E-01
  0.2794E+00  0.5529E-01  0.1955E-01  0.5646E-01  0.5646E-01
  0.2800E+00  0.7139E-01  0.1875E-01  0.5631E-01  0.5631E-01
  0.2806E+00  0.9125E-01  0.1741E-01  0.5615E-01  0.5615E-01
  0.2812E+00  0.6622E-01  0.1948E-01  0.5599E-01  0.5599E-01
  0.2818E+00  0.6963E-01  0.1801E-01  0.5583E-01  0.5583E-01
  0.2825E+00  0.4923E-01  0.1872E-01  0.5567E-01  0.5567E-01
  0.2831E+00  0.8905E-01  0.1889E-01  0.5550E-01  0.5550E-01
  0.2837E+00  0.3352E-01  0.1996E-01  0.5533E-01  0.5533E-01
  0.2843E+00  0.3699E-01  0.1904E-01  0.5517E-01  0.5517E-01
  0.2849E+00  0.5719E-01  0.1901E-01  0.5499E-01  0.5499E-01
  0.2855E+00  0.7141E-01  0.1765E-01  0.5482E-01  0.5482E-01
  0.2861E+00  0.5486E-01  0.1731E-01  0.5465E-01  0.5465E-01
  0.2867E+00  0.7057E-01  0.1899E-01  0.5448E-01  0.5448E-01
  0.2873E+00  0.5888E-01  0.1831E-01  0.5430E-01  0.5430E-01
  0.2879E+00  0.5841E-01  0.1806E-01  0.5412E-01  0.5412E-01
  0.2885E+00  0.6016E-01  0.1935E-01  0.5394E-01  0.5394E-01
  0.2891E+00  0.2929E-01  0.1787E-01  0.5376E-01  0.5376E-01
  0.2897E+00  0.3319E-01  0.1804E-01  0.5358E-01  0.5358E-01
  0.2904E+00  0.6714E-01  0.1649E-01  0.5340E-01  0.5340E-01
  0.2910E+00  0.4055E-01  0.1859E-01  0.5322E-01  0.5322E-01
  0.2916E+00  0.6207E-01  0.1802E-01  0.5303E-01  0.5303E-01
  0.2922E+00  0.7657E-01  0.1812E-01  0.5285E-01  0.5285E-01
  0.2928E+00  0.6623E-01  0.1866E-01  0.5266E-01  0.5266E-01
  0.2934E+00  0.6425E-01  0.1776E-01  0.5248E-01  0.5248E-01
  0.2940E+00  0.8789E-01  0.1875E-01  0.5229E-01  0.5229E-01
  0.2946E+00  0.6111E-01  0.1713E-01  0.5210E-01  0.5210E-01
  0.2952E+00  0.7010E-01  0.1833E-01  0.5191E-01  0.5191E-01
  0.2958E+00  0.5439E-01  0.1805E-01  0.5172E-01  0.5172E-01
  0.2964E+00  0.5938E-01  0.1759E-01  0.5153E-01  0.5153E-01
  0.2970E+00  0.2574E-01  0.1905E-01  0.5134E-01  0.5134E-01
  0.2976E+00  0.4440E-01  0.1870E-01  0.5115E-01  0.5115E-01
  0.2983E+00  0.3399E-01  0.1809E-01  0.5096E-01  0.5096E-01
  0.2989E+00  0.2363E-01  0.1861E-01  0.5076E-01  0.5076E-01
  0.2995E+00  0.3478E-01  0.1757E-01  0.5057E-01  0.5057E-01
  0.3001E+00  0.4630E-01  0.1792E-01  0.5038E-01  0.5038E-01
  0.3007E+00  0.8271E-01  0.1842E-01  0.5019E-01  0.5019E-01
  0.3013E+00  0.4937E-01  0.1964E-01  0.4999E-01  0.4999E-01
  0.3019E+00  0.5479E-01  0.1713E-01  0.4980E-01  0.4980E-01
  0.3025E+00  0.2271E-01  0.1766E-01  0.4961E-01  0.4961E-01
  0.3031E+00  0.2970E-01  0.1773E-01  0.4941E-01  0.4941E-01
  0.3037E+00  0.3034E-01  0.1853E-01  0.4922E-01  0.4922E-01
  0.3043E+00  0.5096E-01  0.1734E-01  0.4903E-01  0.4903E-01
  0.3049E+00  0.3268E-01  0.1724E-01  0.4883E-01  0.4883E-01
  0.3056E+00  0.7145E-01  0.1876E-01  0.4864E-01  0.4864E-01
  0.3062E+00  0.2293E-01  0.2832E-01  0.4845E-01  0.4845E-01
  0.3068E+00  0.3810E-01  0.1791E-01  0.4826E-01  0.4826E-01
  0.3074E+00  0.4160E-01  0.2486E-01  0.4806E-01  0.4806E-01
  0.3080E+00  0.3741E-01  0.1597E-01  0.4787E-01  0.4787E-01
  0.3086E+00  0.5772E-01  0.1782E-01  0.4768E-01  0.4768E-01
  0.3092E+00  0.6618E-01  0.1674E-01  0.4749E-01  0.4749E-01
  0.3098E+00  0.5477E-01  0.1673E-01  0.4730E-01  0.4730E-01
  0.3104E+00  0.8053E-01  0.1801E-01  0.4711E-01  0.4711E-01
  0.3110E+00  0.6688E-01  0.1616E-01  0.4692E-01  0.4692E-01
  0.3116E+00  0.4975E-01  0.1698E-01  0.4673E-01  0.4673E-01
  0.3122E+00  0.7688E-01  0.1943E-01  0.4655E-01  0.4655E-01
  0.3128E+00  0.3860E-01  0.1911E-01  0.4636E-01  0.4636E-01
  0.3135E+00  0.3331E-01  0.1944E-01  0.4617E-01  0.4617E-01
  0.3141E+00  0.5609E-01  0.1936E-01  0.4599E-01  0.4599E-01
  0.3147E+00  0.5687E-01  0.2141E-01  0.4580E-01  0.4580E-01
  0.3153E+00  0.6305E-01  0.2156E-01  0.4562E-01  0.4562E-01
  0.3159E+00  0.2955E-02  0.2202E-01  0.4543E-01  0.4543E-01
  0.3165E+00  0.4114E-01  0.2256E-01  0.4525E-01  0.4525E-01
  0.3171E+00  0.2129E-01  0.2075E-01  0.4507E-01  0.4507E-01
  0.3177E+00  0.2307E-01  0.2510E-01  0.4489E-01  0.4489E-01
  0.3183E+00  0.2852E-01  0.2239E-01  0.4471E-01  0.4471E-01
  0.3189E+00  0.1522E-01  0.2588E-01  0.4453E-01  0.4453E-01
  0.3195E+00  0.4270E-01  0.2663E-01  0.4435E-01  0.4435E-01
  0.3201E+00  0.4561E-01  0.2419E-01  0.4417E-01  0.4417E-01
  0.3208E+00  0.4121E-01  0.2676E-01  0.4400E-01  0.4400E-01
  0.3214E+00  0.6985E-01  0.2609E-01  0.4382E-01  0.4382E-01
  0.3220E+00  0.2452E-01  0.2983E-01  0.4365E-01  0.4365E-01
  0.3226E+00  0.7676E-01  0.2998E-01  0.4347E-01  0.4347E-01
  0.3232E+00  0.3680E-01  0.2939E-01  0.4330E-01  0.4330E-01

           Distance distribution  function of particle  


       R          P(R)      ERROR

  0.0000E+00  0.0000E+00  0.0000E+00
  0.6029E+00  0.2221E-03  0.1118E-04
  0.1206E+01  0.4526E-03  0.1947E-04
  0.1809E+01  0.6913E-03  0.2497E-04
  0.2412E+01  0.9386E-03  0.2787E-04
  0.3014E+01  0.1195E-02  0.2843E-04
  0.3617E+01  0.1460E-02  0.2697E-04
  0.4220E+01  0.1734E-02  0.2393E-04
  0.4823E+01  0.2018E-02  0.1991E-04
  0.5426E+01  0.2311E-02  0.1588E-04
  0.6029E+01  0.2615E-02  0.1358E-04
  0.6632E+01  0.2929E-02  0.1487E-04
  0.7235E+01  0.3253E-02  0.1920E-04
  0.7838E+01  0.3587E-02  0.2475E-04
  0.8441E+01  0.3931E-02  0.3036E-04
  0.9043E+01  0.4285E-02  0.3539E-04
  0.9646E+01  0.4648E-02  0.3948E-04
  0.1025E+02  0.5020E-02  0.4239E-04
  0.1085E+02  0.5400E-02  0.4401E-04
  0.1146E+02  0.5786E-02  0.4429E-04
  0.1206E+02  0.6177E-02  0.4331E-04
  0.1266E+02  0.6573E-02  0.4122E-04
  0.1326E+02  0.6971E-02  0.3829E-04
  0.1387E+02  0.7369E-02  0.3497E-04
  0.1447E+02  0.7765E-02  0.3187E-04
  0.1507E+02  0.8158E-02  0.2981E-04
  0.1568E+02  0.8544E-02  0.2954E-04
  0.1628E+02  0.8922E-02  0.3140E-04
  0.1688E+02  0.9288E-02  0.3502E-04
  0.1748E+02  0.9641E-02  0.3970E-04
  0.1809E+02  0.9978E-02  0.4474E-04
  0.1869E+02  0.1030E-01  0.4958E-04
  0.1929E+02  0.1059E-01  0.5383E-04
  0.1990E+02  0.1086E-01  0.5722E-04
  0.2050E+02  0.1111E-01  0.5959E-04
  0.2110E+02  0.1133E-01  0.6086E-04
  0.2170E+02  0.1152E-01  0.6105E-04
  0.2231E+02  0.1167E-01  0.6026E-04
  0.2291E+02  0.1180E-01  0.5869E-04
  0.2351E+02  0.1189E-01  0.5661E-04
  0.2412E+02  0.1194E-01  0.5439E-04
  0.2472E+02  0.1196E-01  0.5244E-04
  0.2532E+02  0.1195E-01  0.5119E-04
  0.2592E+02  0.1190E-01  0.5096E-04
  0.2653E+02  0.1181E-01  0.5190E-04
  0.2713E+02  0.1169E-01  0.5391E-04
  0.2773E+02  0.1154E-01  0.5671E-04
  0.2834E+02  0.1136E-01  0.5992E-04
  0.2894E+02  0.1114E-01  0.6315E-04
  0.2954E+02  0.1090E-01  0.6608E-04
  0.3014E+02  0.1064E-01  0.6846E-04
  0.3075E+02  0.1035E-01  0.7012E-04
  0.3135E+02  0.1004E-01  0.7098E-04
  0.3195E+02  0.9708E-02  0.7105E-04
  0.3256E+02  0.9363E-02  0.7042E-04
  0.3316E+02  0.9006E-02  0.6926E-04
  0.3376E+02  0.8639E-02  0.6778E-04
  0.3437E+02  0.8265E-02  0.6627E-04
  0.3497E+02  0.7885E-02  0.6502E-04
  0.3557E+02  0.7503E-02  0.6426E-04
  0.3617E+02  0.7122E-02  0.6417E-04
  0.3678E+02  0.6742E-02  0.6481E-04
  0.3738E+02  0.6367E-02  0.6608E-04
  0.3798E+02  0.5998E-02  0.6779E-04
  0.3859E+02  0.5637E-02  0.6968E-04
  0.3919E+02  0.5285E-02  0.7149E-04
  0.3979E+02  0.4944E-02  0.7296E-04
  0.4039E+02  0.4615E-02  0.7391E-04
  0.4100E+02  0.4299E-02  0.7421E-04
  0.4160E+02  0.3996E-02  0.7381E-04
  0.4220E+02  0.3707E-02  0.7273E-04
  0.4281E+02  0.3432E-02  0.7106E-04
  0.4341E+02  0.3171E-02  0.6899E-04
  0.4401E+02  0.2925E-02  0.6674E-04
  0.4461E+02  0.2693E-02  0.6457E-04
  0.4522E+02  0.2476E-02  0.6278E-04
  0.4582E+02  0.2272E-02  0.6160E-04
  0.4642E+02  0.2081E-02  0.6121E-04
  0.4703E+02  0.1904E-02  0.6166E-04
  0.4763E+02  0.1739E-02  0.6286E-04
  0.4823E+02  0.1585E-02  0.6463E-04
  0.4883E+02  0.1443E-02  0.6677E-04
  0.4944E+02  0.1312E-02  0.6905E-04
  0.5004E+02  0.1191E-02  0.7131E-04
  0.5064E+02  0.1080E-02  0.7341E-04
  0.5125E+02  0.9770E-03  0.7532E-04
  0.5185E+02  0.8827E-03  0.7701E-04
  0.5245E+02  0.7960E-03  0.7852E-04
  0.5306E+02  0.7163E-03  0.7986E-04
  0.5366E+02  0.6429E-03  0.8102E-04
  0.5426E+02  0.5751E-03  0.8192E-04
  0.5486E+02  0.5120E-03  0.8241E-04
  0.5547E+02  0.4529E-03  0.8221E-04
  0.5607E+02  0.3969E-03  0.8097E-04
  0.5667E+02  0.3429E-03  0.7825E-04
  0.5728E+02  0.2901E-03  0.7354E-04
  0.5788E+02  0.2372E-03  0.6628E-04
  0.5848E+02  0.1831E-03  0.5588E-04
  0.5908E+02  0.1265E-03  0.4176E-04
  0.5969E+02  0.6594E-04  0.2332E-04
  0.6029E+02  0.0000E+00  0.0000E+00
          Reciprocal space: Rg =   19.71     , I(0) =   0.4135E+01
     Real space: Rg =   19.70 +- 0.062  I(0) =   0.4135E+01 +-  0.1178E-01
