
           ####    G N O M   ---   Version 4.5a revised 09/02/02     ####

                                                  Tue Nov  3 18:07:32 2009
           ===    Run No   1   ===
 Run title:  0.010642 1.379233 0.701673


  Number of points omitted at the beginning:          19
   *******   Working Directory :
   *******    Input file(s) :
           Condition P(rmin) = 0 is used. 
           Condition P(rmax) = 0 is used. 

          Experimental conditions for the first run
          -----------------------------------------

          Highest ALPHA is found to be   0.3643E+00

  The measure of inconsistency AN1 equals to    0.9007E+00
     Alpha    Discrp  Oscill  Stabil  Sysdev  Positv  Valcen    Total   
  0.3643E+03  5.1030  1.0411  0.7395  0.2447  1.0000  0.8910  0.36378
  0.7286E+02  2.9429  1.0161  0.4070  0.6160  1.0000  0.8977  0.52361
  0.1457E+02  1.4386  1.0046  0.1970  0.6329  1.0000  0.9010  0.54758
  0.2915E+01  0.8246  1.0493  0.0973  0.7257  1.0000  0.8821  0.75997
  0.5829E+00  0.6542  1.1339  0.0552  0.7679  1.0000  0.8513  0.85058
  0.1166E+00  0.5854  1.3663  0.0964  0.7764  1.0000  0.8248  0.76038
  0.2332E-01  0.5232  2.0136  0.1037  0.7975  1.0000  0.8010  0.57596
  0.4663E-02  0.4977  2.7816  0.1762  0.8143  1.0000  0.7919  0.46551
  0.9327E-03  0.4736  4.6260  0.3726  0.8312  0.9995  0.7831  0.44085
  0.1865E-03  0.4542  6.2336  0.2408  0.8397  0.9741  0.6851  0.43128
  0.3731E-04  0.4463  7.9973  0.6769  0.8312  0.9309  0.6215  0.40495
  0.7461E-05  0.4307  7.9729  0.7757  0.8481  0.8040  0.4566  0.36253
  0.1492E-05  0.4112  7.3927  0.3843  0.8439  0.7420  0.4526  0.35296
  0.2985E-06  0.4052  6.8747  0.2822  0.8439  0.7255  0.4723  0.35239
  0.5969E-07  0.4020  6.6686  0.5742  0.8608  0.7122  0.4877  0.35735
  0.1194E-07  0.3948  7.4671  0.5475  0.8523  0.7059  0.4573  0.35286
  0.2388E-08  0.3890  7.8946  0.2224  0.8439  0.7046  0.4363  0.35542
  0.4775E-09  0.3878  8.5617  0.2175  0.8354  0.7057  0.4388  0.35286
  0.9550E-10  0.3872 10.5715  0.7843  0.8439  0.7051  0.4644  0.34823
  0.1910E-10  0.3858  9.9787  0.6813  0.8523  0.7161  0.4140  0.35143
  0.3820E-11  0.3846  9.7942  0.2996  0.8776  0.7270  0.4239  0.36086
  0.7640E-12  0.3840 12.1377  0.5197  0.8776  0.7383  0.5083  0.36055
  0.1528E-12  0.3822 16.4892  0.9076  0.8861  0.7047  0.4906  0.00000

          ***  Golden section search to maximize estimate ***
     Alpha    Discrp  Oscill  Stabil  Sysdev  Positv  Valcen    Total   
  0.1078E+01  0.6938  1.0965  0.0642  0.7342  1.0000  0.8631  0.82325
  0.4609E+00  0.6429  1.1515  0.0552  0.7764  1.0000  0.8470  0.85320
  0.3987E+00  0.6365  1.1639  0.0564  0.7679  1.0000  0.8445  0.84587
  0.5042E+00  0.6471  1.1445  0.0549  0.7595  1.0000  0.8486  0.84527
  0.4361E+00  0.6404  1.1561  0.0556  0.7679  1.0000  0.8460  0.84781
  0.4770E+00  0.6445  1.1488  0.0551  0.7764  1.0000  0.8476  0.85367
  0.4872E+00  0.6455  1.1471  0.0550  0.7679  1.0000  0.8480  0.84947
  0.4708E+00  0.6439  1.1498  0.0551  0.7764  1.0000  0.8474  0.85350
  0.4809E+00  0.6448  1.1482  0.0550  0.7679  1.0000  0.8478  0.84931
  0.4746E+00  0.6442  1.1492  0.0551  0.7764  1.0000  0.8475  0.85361
  0.4785E+00  0.6446  1.1486  0.0550  0.7679  1.0000  0.8477  0.84925
  0.4761E+00  0.6444  1.1490  0.0551  0.7764  1.0000  0.8476  0.85365
  0.4775E+00  0.6445  1.1487  0.0551  0.7679  1.0000  0.8476  0.84922
  0.4766E+00  0.6444  1.1489  0.0551  0.7764  1.0000  0.8476  0.85366
  0.4772E+00  0.6445  1.1488  0.0551  0.7764  1.0000  0.8476  0.85368
  0.4772E+00  0.6445  1.1488  0.0551  0.7764  1.0000  0.8476  0.85368



             ####            Final results            ####

 Parameter    DISCRP    OSCILL    STABIL    SYSDEV    POSITV    VALCEN
 Weight        1.000     3.000     3.000     5.000     1.000     1.000
 Sigma         0.300     0.600     0.120     0.500     0.120     0.120
 Ideal         0.700     1.200     0.000     1.000     1.000     0.950
 Current       0.644     1.149     0.055     0.776     1.000     0.848
                - - - - - - - - - - - - - - - - - - - - - - - - - 
 Estimate      0.966     0.993     0.810     0.819     1.000     0.483

  Angular   range    :     from    0.0228   to    0.3238
  Real space range   :     from      0.00   to     41.12

  Highest ALPHA (theor) :   0.364E+03                 JOB = 0
  Current ALPHA         :   0.477E+00   Rg :  0.177E+02   I(0) :   0.852E+00

           Total  estimate : 0.854  which is    A GOOD      solution

      S          J EXP       ERROR       J REG       I REG

  0.0000E+00                                      0.8515E+00
  0.8145E-03                                      0.8515E+00
  0.1629E-02                                      0.8513E+00
  0.2443E-02                                      0.8510E+00
  0.3258E-02                                      0.8506E+00
  0.4072E-02                                      0.8501E+00
  0.4887E-02                                      0.8494E+00
  0.5701E-02                                      0.8487E+00
  0.6516E-02                                      0.8478E+00
  0.7330E-02                                      0.8468E+00
  0.8145E-02                                      0.8457E+00
  0.8959E-02                                      0.8445E+00
  0.9774E-02                                      0.8431E+00
  0.1059E-01                                      0.8417E+00
  0.1140E-01                                      0.8401E+00
  0.1222E-01                                      0.8384E+00
  0.1303E-01                                      0.8367E+00
  0.1385E-01                                      0.8348E+00
  0.1466E-01                                      0.8327E+00
  0.1547E-01                                      0.8306E+00
  0.1629E-01                                      0.8284E+00
  0.1710E-01                                      0.8260E+00
  0.1792E-01                                      0.8236E+00
  0.1873E-01                                      0.8210E+00
  0.1955E-01                                      0.8184E+00
  0.2036E-01                                      0.8156E+00
  0.2118E-01                                      0.8127E+00
  0.2199E-01                                      0.8098E+00
  0.2281E-01  0.8652E+00  0.9417E-01  0.8067E+00  0.8067E+00
  0.2341E-01  0.8430E+00  0.9950E-01  0.8043E+00  0.8043E+00
  0.2402E-01  0.8674E+00  0.8119E-01  0.8019E+00  0.8019E+00
  0.2463E-01  0.7015E+00  0.8330E-01  0.7994E+00  0.7994E+00
  0.2524E-01  0.8014E+00  0.8253E-01  0.7969E+00  0.7969E+00
  0.2585E-01  0.6876E+00  0.8185E-01  0.7943E+00  0.7943E+00
  0.2645E-01  0.9132E+00  0.8855E-01  0.7917E+00  0.7917E+00
  0.2706E-01  0.7792E+00  0.7914E-01  0.7890E+00  0.7890E+00
  0.2767E-01  0.8364E+00  0.7695E-01  0.7862E+00  0.7862E+00
  0.2828E-01  0.7827E+00  0.6247E-01  0.7834E+00  0.7834E+00
  0.2889E-01  0.7814E+00  0.7697E-01  0.7806E+00  0.7806E+00
  0.2949E-01  0.7686E+00  0.6355E-01  0.7777E+00  0.7777E+00
  0.3010E-01  0.7159E+00  0.7419E-01  0.7747E+00  0.7747E+00
  0.3071E-01  0.7050E+00  0.6640E-01  0.7717E+00  0.7717E+00
  0.3132E-01  0.7804E+00  0.5987E-01  0.7687E+00  0.7687E+00
  0.3193E-01  0.8255E+00  0.6219E-01  0.7656E+00  0.7656E+00
  0.3254E-01  0.8949E+00  0.6434E-01  0.7624E+00  0.7624E+00
  0.3314E-01  0.8493E+00  0.5996E-01  0.7592E+00  0.7592E+00
  0.3375E-01  0.8131E+00  0.6524E-01  0.7560E+00  0.7560E+00
  0.3436E-01  0.7937E+00  0.6433E-01  0.7527E+00  0.7527E+00
  0.3497E-01  0.8001E+00  0.6491E-01  0.7494E+00  0.7494E+00
  0.3558E-01  0.8126E+00  0.6496E-01  0.7460E+00  0.7460E+00
  0.3618E-01  0.7983E+00  0.6330E-01  0.7426E+00  0.7426E+00
  0.3679E-01  0.7612E+00  0.5946E-01  0.7391E+00  0.7391E+00
  0.3740E-01  0.7580E+00  0.7152E-01  0.7356E+00  0.7356E+00
  0.3801E-01  0.7678E+00  0.7071E-01  0.7320E+00  0.7320E+00
  0.3862E-01  0.8751E+00  0.6250E-01  0.7284E+00  0.7284E+00
  0.3922E-01  0.6592E+00  0.5990E-01  0.7248E+00  0.7248E+00
  0.3983E-01  0.6548E+00  0.5615E-01  0.7211E+00  0.7211E+00
  0.4044E-01  0.7386E+00  0.6511E-01  0.7174E+00  0.7174E+00
  0.4105E-01  0.7543E+00  0.5537E-01  0.7136E+00  0.7136E+00
  0.4166E-01  0.6880E+00  0.5379E-01  0.7098E+00  0.7098E+00
  0.4227E-01  0.7206E+00  0.5294E-01  0.7060E+00  0.7060E+00
  0.4287E-01  0.7124E+00  0.5408E-01  0.7021E+00  0.7021E+00
  0.4348E-01  0.7142E+00  0.5242E-01  0.6982E+00  0.6982E+00
  0.4409E-01  0.7090E+00  0.5191E-01  0.6943E+00  0.6943E+00
  0.4470E-01  0.6452E+00  0.5341E-01  0.6903E+00  0.6903E+00
  0.4531E-01  0.7209E+00  0.5084E-01  0.6863E+00  0.6863E+00
  0.4591E-01  0.7737E+00  0.4911E-01  0.6822E+00  0.6822E+00
  0.4652E-01  0.7965E+00  0.4615E-01  0.6782E+00  0.6782E+00
  0.4713E-01  0.7387E+00  0.5663E-01  0.6740E+00  0.6740E+00
  0.4774E-01  0.7932E+00  0.4441E-01  0.6699E+00  0.6699E+00
  0.4835E-01  0.7177E+00  0.5116E-01  0.6657E+00  0.6657E+00
  0.4895E-01  0.8419E+00  0.4851E-01  0.6615E+00  0.6615E+00
  0.4956E-01  0.8520E+00  0.4506E-01  0.6573E+00  0.6573E+00
  0.5017E-01  0.8056E+00  0.4576E-01  0.6531E+00  0.6531E+00
  0.5078E-01  0.8348E+00  0.4486E-01  0.6488E+00  0.6488E+00
  0.5139E-01  0.6898E+00  0.4492E-01  0.6445E+00  0.6445E+00
  0.5200E-01  0.7036E+00  0.4501E-01  0.6401E+00  0.6401E+00
  0.5260E-01  0.6480E+00  0.4700E-01  0.6358E+00  0.6358E+00
  0.5321E-01  0.6665E+00  0.3905E-01  0.6314E+00  0.6314E+00
  0.5382E-01  0.7091E+00  0.5067E-01  0.6270E+00  0.6270E+00
  0.5443E-01  0.6644E+00  0.3952E-01  0.6225E+00  0.6225E+00
  0.5504E-01  0.6275E+00  0.4138E-01  0.6181E+00  0.6181E+00
  0.5564E-01  0.7164E+00  0.4201E-01  0.6136E+00  0.6136E+00
  0.5625E-01  0.6373E+00  0.3563E-01  0.6091E+00  0.6091E+00
  0.5686E-01  0.6919E+00  0.4041E-01  0.6046E+00  0.6046E+00
  0.5747E-01  0.5850E+00  0.4653E-01  0.6001E+00  0.6001E+00
  0.5808E-01  0.7066E+00  0.4681E-01  0.5955E+00  0.5955E+00
  0.5868E-01  0.5754E+00  0.4901E-01  0.5909E+00  0.5909E+00
  0.5929E-01  0.5929E+00  0.4330E-01  0.5864E+00  0.5864E+00
  0.5990E-01  0.6023E+00  0.4015E-01  0.5818E+00  0.5818E+00
  0.6051E-01  0.4966E+00  0.3745E-01  0.5771E+00  0.5771E+00
  0.6112E-01  0.6090E+00  0.4641E-01  0.5725E+00  0.5725E+00
  0.6173E-01  0.5868E+00  0.4707E-01  0.5679E+00  0.5679E+00
  0.6233E-01  0.6127E+00  0.4219E-01  0.5632E+00  0.5632E+00
  0.6294E-01  0.5391E+00  0.4243E-01  0.5585E+00  0.5585E+00
  0.6355E-01  0.5727E+00  0.4875E-01  0.5539E+00  0.5539E+00
  0.6416E-01  0.4687E+00  0.1590E+00  0.5492E+00  0.5492E+00
  0.6477E-01  0.5223E+00  0.1561E+00  0.5445E+00  0.5445E+00
  0.6537E-01  0.5334E+00  0.4265E-01  0.5398E+00  0.5398E+00
  0.6598E-01  0.4816E+00  0.4518E-01  0.5351E+00  0.5351E+00
  0.6659E-01  0.5378E+00  0.3725E-01  0.5304E+00  0.5304E+00
  0.6720E-01  0.5253E+00  0.4186E-01  0.5256E+00  0.5256E+00
  0.6781E-01  0.5166E+00  0.4305E-01  0.5209E+00  0.5209E+00
  0.6841E-01  0.5362E+00  0.4063E-01  0.5162E+00  0.5162E+00
  0.6902E-01  0.5560E+00  0.4362E-01  0.5114E+00  0.5114E+00
  0.6963E-01  0.5084E+00  0.3648E-01  0.5067E+00  0.5067E+00
  0.7024E-01  0.5528E+00  0.3873E-01  0.5020E+00  0.5020E+00
  0.7085E-01  0.4258E+00  0.3854E-01  0.4972E+00  0.4972E+00
  0.7146E-01  0.4987E+00  0.3323E-01  0.4925E+00  0.4925E+00
  0.7206E-01  0.5015E+00  0.3761E-01  0.4877E+00  0.4877E+00
  0.7267E-01  0.4437E+00  0.3797E-01  0.4830E+00  0.4830E+00
  0.7328E-01  0.5051E+00  0.3750E-01  0.4782E+00  0.4782E+00
  0.7389E-01  0.4723E+00  0.3342E-01  0.4735E+00  0.4735E+00
  0.7450E-01  0.4753E+00  0.3656E-01  0.4688E+00  0.4688E+00
  0.7510E-01  0.5210E+00  0.3478E-01  0.4640E+00  0.4640E+00
  0.7571E-01  0.4680E+00  0.3605E-01  0.4593E+00  0.4593E+00
  0.7632E-01  0.4342E+00  0.3397E-01  0.4546E+00  0.4546E+00
  0.7693E-01  0.4747E+00  0.3926E-01  0.4499E+00  0.4499E+00
  0.7754E-01  0.3974E+00  0.3161E-01  0.4452E+00  0.4452E+00
  0.7814E-01  0.3948E+00  0.3840E-01  0.4405E+00  0.4405E+00
  0.7875E-01  0.3644E+00  0.3339E-01  0.4358E+00  0.4358E+00
  0.7936E-01  0.4034E+00  0.3930E-01  0.4311E+00  0.4311E+00
  0.7997E-01  0.3667E+00  0.3788E-01  0.4264E+00  0.4264E+00
  0.8058E-01  0.3809E+00  0.3292E-01  0.4217E+00  0.4217E+00
  0.8118E-01  0.4084E+00  0.3242E-01  0.4171E+00  0.4171E+00
  0.8179E-01  0.3996E+00  0.3367E-01  0.4124E+00  0.4124E+00
  0.8240E-01  0.3668E+00  0.3603E-01  0.4078E+00  0.4078E+00
  0.8301E-01  0.3736E+00  0.3528E-01  0.4032E+00  0.4032E+00
  0.8362E-01  0.3672E+00  0.3710E-01  0.3986E+00  0.3986E+00
  0.8423E-01  0.3789E+00  0.3315E-01  0.3940E+00  0.3940E+00
  0.8483E-01  0.3965E+00  0.6222E-01  0.3894E+00  0.3894E+00
  0.8544E-01  0.4301E+00  0.5641E-01  0.3848E+00  0.3848E+00
  0.8605E-01  0.3271E+00  0.3378E-01  0.3803E+00  0.3803E+00
  0.8666E-01  0.3819E+00  0.3787E-01  0.3758E+00  0.3758E+00
  0.8727E-01  0.3021E+00  0.3874E-01  0.3712E+00  0.3712E+00
  0.8787E-01  0.2797E+00  0.7362E-01  0.3668E+00  0.3668E+00
  0.8848E-01  0.3021E+00  0.5670E-01  0.3623E+00  0.3623E+00
  0.8909E-01  0.3077E+00  0.9800E-01  0.3578E+00  0.3578E+00
  0.8970E-01  0.3186E+00  0.1013E+00  0.3534E+00  0.3534E+00
  0.9031E-01  0.3439E+00  0.3104E-01  0.3490E+00  0.3490E+00
  0.9091E-01  0.3408E+00  0.5672E-01  0.3446E+00  0.3446E+00
  0.9152E-01  0.3511E+00  0.3189E-01  0.3402E+00  0.3402E+00
  0.9213E-01  0.3646E+00  0.3849E-01  0.3358E+00  0.3358E+00
  0.9274E-01  0.3913E+00  0.4243E-01  0.3315E+00  0.3315E+00
  0.9335E-01  0.3569E+00  0.6029E-01  0.3272E+00  0.3272E+00
  0.9396E-01  0.3352E+00  0.9349E-01  0.3229E+00  0.3229E+00
  0.9456E-01  0.2859E+00  0.2920E-01  0.3186E+00  0.3186E+00
  0.9517E-01  0.2839E+00  0.5100E-01  0.3144E+00  0.3144E+00
  0.9578E-01  0.2672E+00  0.3203E-01  0.3102E+00  0.3102E+00
  0.9639E-01  0.2637E+00  0.3256E-01  0.3060E+00  0.3060E+00
  0.9700E-01  0.2230E+00  0.3051E-01  0.3018E+00  0.3018E+00
  0.9760E-01  0.2503E+00  0.3246E-01  0.2977E+00  0.2977E+00
  0.9821E-01  0.2638E+00  0.3081E-01  0.2936E+00  0.2936E+00
  0.9882E-01  0.2672E+00  0.2980E-01  0.2895E+00  0.2895E+00
  0.9943E-01  0.2199E+00  0.3238E-01  0.2854E+00  0.2854E+00
  0.1000E+00  0.2713E+00  0.3033E-01  0.2814E+00  0.2814E+00
  0.1006E+00  0.2534E+00  0.3073E-01  0.2774E+00  0.2774E+00
  0.1013E+00  0.2120E+00  0.2760E-01  0.2734E+00  0.2734E+00
  0.1019E+00  0.2787E+00  0.2866E-01  0.2695E+00  0.2695E+00
  0.1025E+00  0.1883E+00  0.2868E-01  0.2656E+00  0.2656E+00
  0.1031E+00  0.2218E+00  0.3122E-01  0.2617E+00  0.2617E+00
  0.1037E+00  0.2015E+00  0.2872E-01  0.2579E+00  0.2579E+00
  0.1043E+00  0.1978E+00  0.2831E-01  0.2540E+00  0.2540E+00
  0.1049E+00  0.2233E+00  0.2789E-01  0.2502E+00  0.2502E+00
  0.1055E+00  0.2312E+00  0.2911E-01  0.2465E+00  0.2465E+00
  0.1061E+00  0.2114E+00  0.2975E-01  0.2427E+00  0.2427E+00
  0.1067E+00  0.2225E+00  0.2891E-01  0.2391E+00  0.2391E+00
  0.1073E+00  0.1933E+00  0.2883E-01  0.2354E+00  0.2354E+00
  0.1079E+00  0.2402E+00  0.2780E-01  0.2318E+00  0.2318E+00
  0.1085E+00  0.1923E+00  0.2982E-01  0.2282E+00  0.2282E+00
  0.1092E+00  0.2139E+00  0.2618E-01  0.2246E+00  0.2246E+00
  0.1098E+00  0.1818E+00  0.2853E-01  0.2210E+00  0.2210E+00
  0.1104E+00  0.2051E+00  0.2607E-01  0.2175E+00  0.2175E+00
  0.1110E+00  0.1863E+00  0.2618E-01  0.2141E+00  0.2141E+00
  0.1116E+00  0.1753E+00  0.2618E-01  0.2106E+00  0.2106E+00
  0.1122E+00  0.1790E+00  0.2788E-01  0.2072E+00  0.2072E+00
  0.1128E+00  0.1653E+00  0.2970E-01  0.2039E+00  0.2039E+00
  0.1134E+00  0.1295E+00  0.2854E-01  0.2006E+00  0.2006E+00
  0.1140E+00  0.1318E+00  0.2691E-01  0.1973E+00  0.1973E+00
  0.1146E+00  0.1485E+00  0.2808E-01  0.1940E+00  0.1940E+00
  0.1152E+00  0.1884E+00  0.2457E-01  0.1908E+00  0.1908E+00
  0.1158E+00  0.1638E+00  0.2757E-01  0.1876E+00  0.1876E+00
  0.1165E+00  0.1642E+00  0.2763E-01  0.1844E+00  0.1844E+00
  0.1171E+00  0.1459E+00  0.2662E-01  0.1813E+00  0.1813E+00
  0.1177E+00  0.1732E+00  0.2566E-01  0.1782E+00  0.1782E+00
  0.1183E+00  0.1752E+00  0.2549E-01  0.1752E+00  0.1752E+00
  0.1189E+00  0.1346E+00  0.2335E-01  0.1722E+00  0.1722E+00
  0.1195E+00  0.1948E+00  0.2545E-01  0.1692E+00  0.1692E+00
  0.1201E+00  0.1530E+00  0.2585E-01  0.1662E+00  0.1662E+00
  0.1207E+00  0.1339E+00  0.2629E-01  0.1633E+00  0.1633E+00
  0.1213E+00  0.1196E+00  0.2856E-01  0.1605E+00  0.1605E+00
  0.1219E+00  0.1629E+00  0.2419E-01  0.1576E+00  0.1576E+00
  0.1225E+00  0.1457E+00  0.2688E-01  0.1549E+00  0.1549E+00
  0.1231E+00  0.1019E+00  0.2435E-01  0.1521E+00  0.1521E+00
  0.1238E+00  0.1312E+00  0.2639E-01  0.1494E+00  0.1494E+00
  0.1244E+00  0.1513E+00  0.2724E-01  0.1467E+00  0.1467E+00
  0.1250E+00  0.9343E-01  0.2631E-01  0.1440E+00  0.1440E+00
  0.1256E+00  0.1777E+00  0.2590E-01  0.1414E+00  0.1414E+00
  0.1262E+00  0.1327E+00  0.2468E-01  0.1389E+00  0.1389E+00
  0.1268E+00  0.1130E+00  0.2691E-01  0.1363E+00  0.1363E+00
  0.1274E+00  0.1381E+00  0.2564E-01  0.1338E+00  0.1338E+00
  0.1280E+00  0.1275E+00  0.2449E-01  0.1313E+00  0.1313E+00
  0.1286E+00  0.1437E+00  0.2639E-01  0.1289E+00  0.1289E+00
  0.1292E+00  0.1727E+00  0.2587E-01  0.1265E+00  0.1265E+00
  0.1298E+00  0.1362E+00  0.2558E-01  0.1242E+00  0.1242E+00
  0.1304E+00  0.1721E+00  0.2876E-01  0.1219E+00  0.1219E+00
  0.1310E+00  0.1441E+00  0.2577E-01  0.1196E+00  0.1196E+00
  0.1317E+00  0.7937E-01  0.2708E-01  0.1173E+00  0.1173E+00
  0.1323E+00  0.9466E-01  0.2719E-01  0.1151E+00  0.1151E+00
  0.1329E+00  0.7983E-01  0.2651E-01  0.1129E+00  0.1129E+00
  0.1335E+00  0.1329E+00  0.2841E-01  0.1108E+00  0.1108E+00
  0.1341E+00  0.1427E+00  0.2556E-01  0.1087E+00  0.1087E+00
  0.1347E+00  0.1152E+00  0.2482E-01  0.1066E+00  0.1066E+00
  0.1353E+00  0.1100E+00  0.2356E-01  0.1046E+00  0.1046E+00
  0.1359E+00  0.1051E+00  0.2526E-01  0.1026E+00  0.1026E+00
  0.1365E+00  0.7915E-01  0.2461E-01  0.1006E+00  0.1006E+00
  0.1371E+00  0.6004E-01  0.2458E-01  0.9871E-01  0.9871E-01
  0.1377E+00  0.7295E-01  0.2458E-01  0.9682E-01  0.9682E-01
  0.1383E+00  0.1034E+00  0.2444E-01  0.9497E-01  0.9497E-01
  0.1390E+00  0.8836E-01  0.2477E-01  0.9315E-01  0.9315E-01
  0.1396E+00  0.1146E+00  0.2542E-01  0.9136E-01  0.9136E-01
  0.1402E+00  0.9583E-01  0.3506E-01  0.8961E-01  0.8961E-01
  0.1408E+00  0.1119E+00  0.5085E-01  0.8788E-01  0.8788E-01
  0.1414E+00  0.6244E-01  0.1116E+00  0.8620E-01  0.8620E-01
  0.1420E+00  0.1121E+00  0.1992E+00  0.8455E-01  0.8455E-01
  0.1426E+00  0.5175E-01  0.2524E-01  0.8293E-01  0.8293E-01
  0.1432E+00  0.1371E+00  0.2293E-01  0.8135E-01  0.8135E-01
  0.1438E+00  0.9731E-01  0.2151E-01  0.7980E-01  0.7980E-01
  0.1444E+00  0.9180E-01  0.2335E-01  0.7828E-01  0.7828E-01
  0.1450E+00  0.8762E-01  0.2378E-01  0.7679E-01  0.7679E-01
  0.1456E+00  0.6588E-01  0.2570E-01  0.7534E-01  0.7534E-01
  0.1463E+00  0.5921E-01  0.2588E-01  0.7392E-01  0.7392E-01
  0.1469E+00  0.8350E-01  0.2411E-01  0.7253E-01  0.7253E-01
  0.1475E+00  0.4746E-01  0.2578E-01  0.7117E-01  0.7117E-01
  0.1481E+00  0.1039E+00  0.2408E-01  0.6984E-01  0.6984E-01
  0.1487E+00  0.3942E-01  0.5325E-01  0.6855E-01  0.6855E-01
  0.1493E+00  0.1291E+00  0.3400E-01  0.6728E-01  0.6728E-01
  0.1499E+00  0.5790E-01  0.2341E-01  0.6605E-01  0.6605E-01
  0.1505E+00  0.1024E+00  0.2226E-01  0.6485E-01  0.6485E-01
  0.1511E+00  0.5101E-01  0.2396E-01  0.6367E-01  0.6367E-01
  0.1517E+00  0.9459E-01  0.2210E-01  0.6253E-01  0.6253E-01
  0.1523E+00  0.1005E+00  0.2356E-01  0.6141E-01  0.6141E-01
  0.1529E+00  0.9895E-01  0.2286E-01  0.6033E-01  0.6033E-01
  0.1535E+00  0.8907E-01  0.3116E-01  0.5927E-01  0.5927E-01
  0.1542E+00  0.1127E+00  0.4045E-01  0.5824E-01  0.5824E-01
  0.1548E+00  0.5440E-01  0.2624E-01  0.5724E-01  0.5724E-01
  0.1554E+00  0.7960E-01  0.2431E-01  0.5627E-01  0.5627E-01
  0.1560E+00  0.5059E-01  0.2195E-01  0.5532E-01  0.5532E-01
  0.1566E+00  0.8072E-01  0.2316E-01  0.5440E-01  0.5440E-01
  0.1572E+00  0.3513E-01  0.2189E-01  0.5351E-01  0.5351E-01
  0.1578E+00  0.8718E-01  0.2310E-01  0.5265E-01  0.5265E-01
  0.1584E+00  0.2920E-01  0.2275E-01  0.5181E-01  0.5181E-01
  0.1590E+00  0.8186E-01  0.2251E-01  0.5100E-01  0.5100E-01
  0.1596E+00  0.1400E-01  0.2282E-01  0.5021E-01  0.5021E-01
  0.1602E+00  0.8947E-01  0.2242E-01  0.4945E-01  0.4945E-01
  0.1608E+00  0.5991E-01  0.2239E-01  0.4871E-01  0.4871E-01
  0.1615E+00  0.4215E-01  0.2326E-01  0.4800E-01  0.4800E-01
  0.1621E+00  0.4216E-01  0.2111E-01  0.4731E-01  0.4731E-01
  0.1627E+00  0.5129E-01  0.1964E-01  0.4665E-01  0.4665E-01
  0.1633E+00  0.6585E-01  0.2100E-01  0.4600E-01  0.4600E-01
  0.1639E+00  0.1101E+00  0.2087E-01  0.4539E-01  0.4539E-01
  0.1645E+00  0.6590E-01  0.2275E-01  0.4479E-01  0.4479E-01
  0.1651E+00  0.1169E+00  0.2385E-01  0.4422E-01  0.4422E-01
  0.1657E+00  0.5790E-01  0.2185E-01  0.4367E-01  0.4367E-01
  0.1663E+00  0.4520E-01  0.2301E-01  0.4314E-01  0.4314E-01
  0.1669E+00  0.4413E-01  0.2266E-01  0.4263E-01  0.4263E-01
  0.1675E+00  0.3609E-01  0.2214E-01  0.4214E-01  0.4214E-01
  0.1681E+00  0.7936E-02  0.2358E-01  0.4167E-01  0.4167E-01
  0.1688E+00  0.4638E-02  0.2207E-01  0.4123E-01  0.4123E-01
  0.1694E+00  0.2604E-01  0.2429E-01  0.4080E-01  0.4080E-01
  0.1700E+00  0.2283E-01  0.2085E-01  0.4039E-01  0.4039E-01
  0.1706E+00  0.7478E-01  0.2221E-01  0.4000E-01  0.4000E-01
  0.1712E+00  0.2373E-01  0.2131E-01  0.3963E-01  0.3963E-01
  0.1718E+00  0.5822E-01  0.2087E-01  0.3928E-01  0.3928E-01
  0.1724E+00  0.5629E-01  0.2101E-01  0.3895E-01  0.3895E-01
  0.1730E+00  0.8364E-01  0.2038E-01  0.3863E-01  0.3863E-01
  0.1736E+00  0.7194E-01  0.1998E-01  0.3834E-01  0.3834E-01
  0.1742E+00  0.5471E-01  0.2179E-01  0.3805E-01  0.3805E-01
  0.1748E+00  0.8103E-01  0.2033E-01  0.3779E-01  0.3779E-01
  0.1754E+00  0.5283E-01  0.2260E-01  0.3754E-01  0.3754E-01
  0.1760E+00  0.9184E-01  0.2275E-01  0.3731E-01  0.3731E-01
  0.1767E+00  0.3585E-01  0.2291E-01  0.3709E-01  0.3709E-01
  0.1773E+00  0.4614E-01  0.2241E-01  0.3689E-01  0.3689E-01
  0.1779E+00  0.2537E-01  0.2243E-01  0.3670E-01  0.3670E-01
  0.1785E+00  0.3352E-01  0.2198E-01  0.3653E-01  0.3653E-01
  0.1791E+00  0.7626E-01  0.1979E-01  0.3637E-01  0.3637E-01
  0.1797E+00  0.2234E-01  0.2247E-01  0.3622E-01  0.3622E-01
  0.1803E+00  0.3795E-01  0.2097E-01  0.3609E-01  0.3609E-01
  0.1809E+00  0.7162E-01  0.2190E-01  0.3597E-01  0.3597E-01
  0.1815E+00  0.4960E-01  0.2264E-01  0.3586E-01  0.3586E-01
  0.1821E+00  0.5298E-01  0.2080E-01  0.3576E-01  0.3576E-01
  0.1827E+00  0.4023E-01  0.2166E-01  0.3568E-01  0.3568E-01
  0.1833E+00  0.6238E-02  0.3614E-01  0.3561E-01  0.3561E-01
  0.1840E+00  0.3920E-01  0.2008E-01  0.3555E-01  0.3555E-01
  0.1846E+00  0.2595E-01  0.2312E-01  0.3550E-01  0.3550E-01
  0.1852E+00  0.9559E-02  0.2067E-01  0.3546E-01  0.3546E-01
  0.1864E+00  0.5629E-01  0.2034E-01  0.3541E-01  0.3541E-01
  0.1876E+00  0.2763E-01  0.2177E-01  0.3540E-01  0.3540E-01
  0.1882E+00  0.1408E-01  0.2080E-01  0.3541E-01  0.3541E-01
  0.1888E+00  0.3758E-01  0.2212E-01  0.3542E-01  0.3542E-01
  0.1894E+00  0.4682E-01  0.2078E-01  0.3545E-01  0.3545E-01
  0.1900E+00  0.6216E-01  0.2157E-01  0.3548E-01  0.3548E-01
  0.1906E+00  0.5634E-01  0.2065E-01  0.3552E-01  0.3552E-01
  0.1912E+00  0.7081E-01  0.2106E-01  0.3557E-01  0.3557E-01
  0.1919E+00  0.6232E-01  0.2241E-01  0.3562E-01  0.3562E-01
  0.1925E+00  0.8738E-01  0.2125E-01  0.3568E-01  0.3568E-01
  0.1931E+00  0.3046E-01  0.2091E-01  0.3575E-01  0.3575E-01
  0.1937E+00  0.8706E-01  0.2117E-01  0.3582E-01  0.3582E-01
  0.1943E+00  0.1791E-01  0.2112E-01  0.3590E-01  0.3590E-01
  0.1955E+00  0.5606E-01  0.2620E-01  0.3607E-01  0.3607E-01
  0.1961E+00  0.4040E-01  0.3360E-01  0.3616E-01  0.3616E-01
  0.1967E+00  0.6193E-01  0.2198E-01  0.3626E-01  0.3626E-01
  0.1973E+00  0.4247E-01  0.2146E-01  0.3636E-01  0.3636E-01
  0.1979E+00  0.1972E-01  0.2294E-01  0.3647E-01  0.3647E-01
  0.1985E+00  0.2868E-01  0.1999E-01  0.3658E-01  0.3658E-01
  0.1992E+00  0.2062E-01  0.2153E-01  0.3669E-01  0.3669E-01
  0.1998E+00  0.5226E-01  0.2017E-01  0.3681E-01  0.3681E-01
  0.2004E+00  0.7721E-01  0.2222E-01  0.3692E-01  0.3692E-01
  0.2010E+00  0.6052E-01  0.2215E-01  0.3705E-01  0.3705E-01
  0.2016E+00  0.3123E-01  0.2179E-01  0.3717E-01  0.3717E-01
  0.2022E+00  0.6579E-01  0.2041E-01  0.3729E-01  0.3729E-01
  0.2028E+00  0.6079E-01  0.2907E-01  0.3742E-01  0.3742E-01
  0.2034E+00  0.3952E-01  0.2198E-01  0.3755E-01  0.3755E-01
  0.2040E+00  0.3115E-01  0.2688E-01  0.3768E-01  0.3768E-01
  0.2046E+00  0.2764E-02  0.2136E-01  0.3781E-01  0.3781E-01
  0.2052E+00  0.4302E-01  0.2090E-01  0.3795E-01  0.3795E-01
  0.2058E+00  0.5578E-01  0.2080E-01  0.3808E-01  0.3808E-01
  0.2065E+00  0.6019E-01  0.1990E-01  0.3821E-01  0.3821E-01
  0.2071E+00  0.2710E-01  0.1990E-01  0.3835E-01  0.3835E-01
  0.2077E+00  0.2698E-01  0.2133E-01  0.3848E-01  0.3848E-01
  0.2083E+00  0.1984E-01  0.2018E-01  0.3861E-01  0.3861E-01
  0.2089E+00  0.1181E-01  0.2111E-01  0.3875E-01  0.3875E-01
  0.2095E+00  0.3491E-01  0.2070E-01  0.3888E-01  0.3888E-01
  0.2101E+00  0.1812E-01  0.1885E-01  0.3901E-01  0.3901E-01
  0.2107E+00  0.1870E-01  0.1933E-01  0.3914E-01  0.3914E-01
  0.2113E+00  0.5954E-01  0.2191E-01  0.3927E-01  0.3927E-01
  0.2119E+00  0.5135E-01  0.2000E-01  0.3940E-01  0.3940E-01
  0.2125E+00  0.4132E-01  0.2027E-01  0.3953E-01  0.3953E-01
  0.2131E+00  0.4185E-01  0.2058E-01  0.3965E-01  0.3965E-01
  0.2137E+00  0.3060E-01  0.2093E-01  0.3978E-01  0.3978E-01
  0.2144E+00  0.1693E-02  0.2065E-01  0.3990E-01  0.3990E-01
  0.2150E+00  0.3390E-01  0.2016E-01  0.4002E-01  0.4002E-01
  0.2156E+00  0.4631E-01  0.1976E-01  0.4014E-01  0.4014E-01
  0.2162E+00  0.6374E-01  0.2182E-01  0.4025E-01  0.4025E-01
  0.2168E+00  0.4080E-01  0.1917E-01  0.4036E-01  0.4036E-01
  0.2174E+00  0.1213E-01  0.2056E-01  0.4047E-01  0.4047E-01
  0.2180E+00  0.8078E-02  0.2259E-01  0.4058E-01  0.4058E-01
  0.2192E+00  0.4035E-01  0.2084E-01  0.4078E-01  0.4078E-01
  0.2198E+00  0.1472E-02  0.1903E-01  0.4088E-01  0.4088E-01
  0.2204E+00  0.4829E-01  0.2101E-01  0.4097E-01  0.4097E-01
  0.2210E+00  0.3239E-01  0.2024E-01  0.4106E-01  0.4106E-01
  0.2217E+00  0.2607E-01  0.2111E-01  0.4115E-01  0.4115E-01
  0.2223E+00  0.8329E-01  0.1942E-01  0.4123E-01  0.4123E-01
  0.2229E+00  0.2954E-01  0.2138E-01  0.4131E-01  0.4131E-01
  0.2235E+00  0.3533E-01  0.2138E-01  0.4139E-01  0.4139E-01
  0.2241E+00  0.1745E-01  0.2143E-01  0.4146E-01  0.4146E-01
  0.2265E+00  0.1926E-01  0.2059E-01  0.4170E-01  0.4170E-01
  0.2271E+00  0.1423E-01  0.1796E-01  0.4175E-01  0.4175E-01
  0.2277E+00  0.3883E-01  0.2127E-01  0.4180E-01  0.4180E-01
  0.2283E+00  0.3361E-01  0.1949E-01  0.4184E-01  0.4184E-01
  0.2289E+00  0.3137E-01  0.2188E-01  0.4187E-01  0.4187E-01
  0.2296E+00  0.7459E-01  0.1993E-01  0.4190E-01  0.4190E-01
  0.2302E+00  0.1330E-01  0.2091E-01  0.4193E-01  0.4193E-01
  0.2308E+00  0.4522E-01  0.1922E-01  0.4195E-01  0.4195E-01
  0.2314E+00  0.5065E-01  0.1971E-01  0.4197E-01  0.4197E-01
  0.2320E+00  0.1180E-03  0.2021E-01  0.4198E-01  0.4198E-01
  0.2326E+00  0.2824E-01  0.1818E-01  0.4199E-01  0.4199E-01
  0.2332E+00  0.2269E-01  0.2033E-01  0.4200E-01  0.4200E-01
  0.2338E+00  0.1463E-01  0.1925E-01  0.4199E-01  0.4199E-01
  0.2344E+00  0.2848E-01  0.1848E-01  0.4199E-01  0.4199E-01
  0.2350E+00  0.8520E-02  0.2055E-01  0.4198E-01  0.4198E-01
  0.2356E+00  0.4278E-01  0.2151E-01  0.4196E-01  0.4196E-01
  0.2362E+00  0.6595E-01  0.2089E-01  0.4194E-01  0.4194E-01
  0.2369E+00  0.5821E-01  0.2017E-01  0.4191E-01  0.4191E-01
  0.2375E+00  0.3471E-01  0.1867E-01  0.4188E-01  0.4188E-01
  0.2381E+00  0.2817E-01  0.2078E-01  0.4185E-01  0.4185E-01
  0.2387E+00  0.4222E-01  0.1950E-01  0.4181E-01  0.4181E-01
  0.2393E+00  0.1655E-01  0.2157E-01  0.4176E-01  0.4176E-01
  0.2399E+00  0.4507E-01  0.1868E-01  0.4171E-01  0.4171E-01
  0.2405E+00  0.4368E-01  0.3563E-01  0.4165E-01  0.4165E-01
  0.2411E+00  0.7337E-01  0.2223E-01  0.4159E-01  0.4159E-01
  0.2417E+00  0.6983E-01  0.2694E-01  0.4153E-01  0.4153E-01
  0.2423E+00  0.2396E-01  0.4143E-01  0.4146E-01  0.4146E-01
  0.2429E+00  0.2742E-01  0.2004E-01  0.4138E-01  0.4138E-01
  0.2435E+00  0.3096E-01  0.2125E-01  0.4130E-01  0.4130E-01
  0.2441E+00  0.1738E-01  0.1919E-01  0.4122E-01  0.4122E-01
  0.2448E+00  0.3713E-01  0.2048E-01  0.4113E-01  0.4113E-01
  0.2454E+00  0.1241E-01  0.1948E-01  0.4103E-01  0.4103E-01
  0.2460E+00  0.3119E-01  0.2026E-01  0.4094E-01  0.4094E-01
  0.2466E+00  0.1872E-02  0.2061E-01  0.4083E-01  0.4083E-01
  0.2472E+00  0.1960E-01  0.1925E-01  0.4073E-01  0.4073E-01
  0.2478E+00  0.8157E-02  0.2003E-01  0.4061E-01  0.4061E-01
  0.2490E+00  0.6139E-01  0.1978E-01  0.4037E-01  0.4037E-01
  0.2496E+00  0.3613E-01  0.1993E-01  0.4025E-01  0.4025E-01
  0.2502E+00  0.3474E-01  0.2060E-01  0.4012E-01  0.4012E-01
  0.2508E+00  0.3673E-01  0.1949E-01  0.3999E-01  0.3999E-01
  0.2514E+00  0.7392E-02  0.2180E-01  0.3985E-01  0.3985E-01
  0.2521E+00  0.2585E-01  0.1852E-01  0.3970E-01  0.3970E-01
  0.2533E+00  0.2903E-01  0.2101E-01  0.3941E-01  0.3941E-01
  0.2539E+00  0.1951E-01  0.2023E-01  0.3925E-01  0.3925E-01
  0.2545E+00  0.3289E-01  0.2001E-01  0.3910E-01  0.3910E-01
  0.2551E+00  0.1619E-01  0.2087E-01  0.3893E-01  0.3893E-01
  0.2557E+00  0.2205E-01  0.1992E-01  0.3877E-01  0.3877E-01
  0.2563E+00  0.1472E-01  0.2026E-01  0.3860E-01  0.3860E-01
  0.2569E+00  0.1566E-01  0.3217E-01  0.3843E-01  0.3843E-01
  0.2575E+00  0.4398E-01  0.1120E+00  0.3825E-01  0.3825E-01
  0.2581E+00  0.4369E-01  0.2036E-01  0.3807E-01  0.3807E-01
  0.2587E+00  0.6122E-01  0.2992E-01  0.3789E-01  0.3789E-01
  0.2593E+00  0.7664E-01  0.1913E-01  0.3770E-01  0.3770E-01
  0.2600E+00  0.5887E-01  0.2030E-01  0.3751E-01  0.3751E-01
  0.2606E+00  0.5802E-01  0.1962E-01  0.3732E-01  0.3732E-01
  0.2612E+00  0.4681E-01  0.2085E-01  0.3712E-01  0.3712E-01
  0.2618E+00  0.5551E-01  0.2198E-01  0.3692E-01  0.3692E-01
  0.2624E+00  0.3132E-01  0.1947E-01  0.3672E-01  0.3672E-01
  0.2630E+00  0.6004E-01  0.2941E-01  0.3652E-01  0.3652E-01
  0.2636E+00  0.3248E-01  0.2061E-01  0.3631E-01  0.3631E-01
  0.2642E+00  0.6925E-02  0.1949E-01  0.3610E-01  0.3610E-01
  0.2648E+00  0.5397E-02  0.2101E-01  0.3589E-01  0.3589E-01
  0.2654E+00  0.5453E-01  0.2982E-01  0.3568E-01  0.3568E-01
  0.2660E+00  0.9092E-02  0.2123E-01  0.3546E-01  0.3546E-01
  0.2666E+00  0.4173E-01  0.1785E-01  0.3525E-01  0.3525E-01
  0.2673E+00  0.8255E-01  0.2115E-01  0.3503E-01  0.3503E-01
  0.2679E+00  0.3007E-01  0.1813E-01  0.3480E-01  0.3480E-01
  0.2685E+00  0.1328E-01  0.1827E-01  0.3458E-01  0.3458E-01
  0.2691E+00  0.5648E-01  0.1868E-01  0.3435E-01  0.3435E-01
  0.2697E+00  0.3913E-01  0.1872E-01  0.3413E-01  0.3413E-01
  0.2703E+00  0.7088E-01  0.1900E-01  0.3390E-01  0.3390E-01
  0.2709E+00  0.2259E-01  0.2089E-01  0.3367E-01  0.3367E-01
  0.2715E+00  0.1629E-01  0.1851E-01  0.3344E-01  0.3344E-01
  0.2721E+00  0.2350E-01  0.1965E-01  0.3320E-01  0.3320E-01
  0.2727E+00  0.5420E-01  0.1828E-01  0.3297E-01  0.3297E-01
  0.2733E+00  0.6245E-01  0.1975E-01  0.3273E-01  0.3273E-01
  0.2739E+00  0.4071E-01  0.1813E-01  0.3250E-01  0.3250E-01
  0.2745E+00  0.3375E-01  0.1943E-01  0.3226E-01  0.3226E-01
  0.2752E+00  0.2105E-01  0.1938E-01  0.3202E-01  0.3202E-01
  0.2758E+00  0.3393E-01  0.2041E-01  0.3178E-01  0.3178E-01
  0.2764E+00  0.1723E-01  0.1935E-01  0.3154E-01  0.3154E-01
  0.2770E+00  0.4835E-01  0.1974E-01  0.3130E-01  0.3130E-01
  0.2776E+00  0.3700E-01  0.1916E-01  0.3106E-01  0.3106E-01
  0.2782E+00  0.5034E-01  0.1905E-01  0.3082E-01  0.3082E-01
  0.2788E+00  0.5599E-01  0.1887E-01  0.3058E-01  0.3058E-01
  0.2794E+00  0.3537E-01  0.1963E-01  0.3034E-01  0.3034E-01
  0.2800E+00  0.2678E-01  0.1867E-01  0.3010E-01  0.3010E-01
  0.2806E+00  0.3215E-01  0.1876E-01  0.2986E-01  0.2986E-01
  0.2812E+00  0.4026E-01  0.1905E-01  0.2962E-01  0.2962E-01
  0.2818E+00  0.3549E-01  0.1921E-01  0.2938E-01  0.2938E-01
  0.2825E+00  0.3430E-01  0.1797E-01  0.2914E-01  0.2914E-01
  0.2831E+00  0.3263E-01  0.1906E-01  0.2890E-01  0.2890E-01
  0.2837E+00  0.1293E-01  0.1896E-01  0.2866E-01  0.2866E-01
  0.2843E+00  0.4580E-03  0.1856E-01  0.2842E-01  0.2842E-01
  0.2849E+00  0.3963E-01  0.1922E-01  0.2818E-01  0.2818E-01
  0.2855E+00  0.3393E-01  0.1873E-01  0.2794E-01  0.2794E-01
  0.2861E+00  0.2145E-01  0.1767E-01  0.2770E-01  0.2770E-01
  0.2867E+00  0.5372E-01  0.1812E-01  0.2747E-01  0.2747E-01
  0.2873E+00  0.1761E-01  0.1813E-01  0.2723E-01  0.2723E-01
  0.2879E+00  0.3851E-01  0.1833E-01  0.2700E-01  0.2700E-01
  0.2885E+00  0.9040E-02  0.1890E-01  0.2676E-01  0.2676E-01
  0.2897E+00  0.1712E-01  0.1820E-01  0.2630E-01  0.2630E-01
  0.2904E+00  0.2745E-01  0.1826E-01  0.2607E-01  0.2607E-01
  0.2910E+00  0.1704E-01  0.1883E-01  0.2584E-01  0.2584E-01
  0.2916E+00  0.4369E-01  0.1852E-01  0.2562E-01  0.2562E-01
  0.2922E+00  0.1901E-01  0.1843E-01  0.2539E-01  0.2539E-01
  0.2928E+00  0.2987E-01  0.1824E-01  0.2517E-01  0.2517E-01
  0.2934E+00  0.1860E-01  0.1766E-01  0.2495E-01  0.2495E-01
  0.2940E+00  0.2997E-01  0.1899E-01  0.2473E-01  0.2473E-01
  0.2952E+00  0.3708E-01  0.1777E-01  0.2429E-01  0.2429E-01
  0.2958E+00  0.1227E-01  0.1848E-01  0.2408E-01  0.2408E-01
  0.2970E+00  0.1503E-01  0.1761E-01  0.2366E-01  0.2366E-01
  0.2989E+00  0.4362E-02  0.1644E-01  0.2304E-01  0.2304E-01
  0.2995E+00  0.1589E-01  0.1705E-01  0.2284E-01  0.2284E-01
  0.3001E+00  0.3952E-01  0.1818E-01  0.2264E-01  0.2264E-01
  0.3007E+00  0.2700E-01  0.1947E-01  0.2244E-01  0.2244E-01
  0.3013E+00  0.2224E-01  0.1740E-01  0.2225E-01  0.2225E-01
  0.3019E+00  0.1738E-01  0.1788E-01  0.2205E-01  0.2205E-01
  0.3031E+00  0.1629E-01  0.1830E-01  0.2168E-01  0.2168E-01
  0.3037E+00  0.1733E-01  0.1665E-01  0.2149E-01  0.2149E-01
  0.3043E+00  0.3161E-01  0.1703E-01  0.2131E-01  0.2131E-01
  0.3056E+00  0.2246E-01  0.1921E-01  0.2096E-01  0.2096E-01
  0.3068E+00  0.3960E-01  0.2841E-01  0.2061E-01  0.2061E-01
  0.3074E+00  0.3737E-01  0.2994E-01  0.2044E-01  0.2044E-01
  0.3080E+00  0.3688E-02  0.2369E-01  0.2028E-01  0.2028E-01
  0.3092E+00  0.1078E-01  0.1680E-01  0.1996E-01  0.1996E-01
  0.3098E+00  0.8878E-02  0.1780E-01  0.1980E-01  0.1980E-01
  0.3104E+00  0.4677E-01  0.1748E-01  0.1965E-01  0.1965E-01
  0.3110E+00  0.3853E-01  0.1699E-01  0.1950E-01  0.1950E-01
  0.3116E+00  0.1789E-01  0.1611E-01  0.1935E-01  0.1935E-01
  0.3122E+00  0.4471E-01  0.1835E-01  0.1920E-01  0.1920E-01
  0.3128E+00  0.2443E-01  0.1870E-01  0.1906E-01  0.1906E-01
  0.3141E+00  0.9059E-02  0.2027E-01  0.1879E-01  0.1879E-01
  0.3147E+00  0.6021E-01  0.2169E-01  0.1865E-01  0.1865E-01
  0.3159E+00  0.3172E-01  0.2189E-01  0.1840E-01  0.1840E-01
  0.3171E+00  0.1337E-01  0.2075E-01  0.1815E-01  0.1815E-01
  0.3177E+00  0.2508E-01  0.2289E-01  0.1803E-01  0.1803E-01
  0.3183E+00  0.1701E-01  0.2360E-01  0.1792E-01  0.1792E-01
  0.3189E+00  0.4071E-01  0.2536E-01  0.1781E-01  0.1781E-01
  0.3195E+00  0.3318E-01  0.2768E-01  0.1770E-01  0.1770E-01
  0.3201E+00  0.3855E-01  0.2480E-01  0.1759E-01  0.1759E-01
  0.3208E+00  0.3497E-01  0.2484E-01  0.1749E-01  0.1749E-01
  0.3214E+00  0.7178E-01  0.2602E-01  0.1739E-01  0.1739E-01
  0.3220E+00  0.3462E-01  0.3014E-01  0.1729E-01  0.1729E-01
  0.3226E+00  0.8511E-01  0.2661E-01  0.1720E-01  0.1720E-01
  0.3232E+00  0.2074E-01  0.3152E-01  0.1711E-01  0.1711E-01
  0.3238E+00  0.2740E-01  0.3749E-01  0.1702E-01  0.1702E-01

           Distance distribution  function of particle  


       R          P(R)      ERROR

  0.0000E+00  0.0000E+00  0.0000E+00
  0.4112E+00  0.7446E-04  0.4878E-05
  0.8224E+00  0.1462E-03  0.9020E-05
  0.1234E+01  0.2151E-03  0.1244E-04
  0.1645E+01  0.2814E-03  0.1515E-04
  0.2056E+01  0.3452E-03  0.1720E-04
  0.2467E+01  0.4064E-03  0.1861E-04
  0.2878E+01  0.4651E-03  0.1942E-04
  0.3290E+01  0.5217E-03  0.1969E-04
  0.3701E+01  0.5760E-03  0.1949E-04
  0.4112E+01  0.6284E-03  0.1888E-04
  0.4523E+01  0.6790E-03  0.1795E-04
  0.4934E+01  0.7279E-03  0.1682E-04
  0.5346E+01  0.7753E-03  0.1562E-04
  0.5757E+01  0.8214E-03  0.1451E-04
  0.6168E+01  0.8664E-03  0.1369E-04
  0.6579E+01  0.9104E-03  0.1336E-04
  0.6990E+01  0.9537E-03  0.1364E-04
  0.7402E+01  0.9963E-03  0.1454E-04
  0.7813E+01  0.1038E-02  0.1596E-04
  0.8224E+01  0.1080E-02  0.1773E-04
  0.8635E+01  0.1122E-02  0.1970E-04
  0.9046E+01  0.1164E-02  0.2173E-04
  0.9458E+01  0.1206E-02  0.2372E-04
  0.9869E+01  0.1248E-02  0.2560E-04
  0.1028E+02  0.1290E-02  0.2730E-04
  0.1069E+02  0.1332E-02  0.2878E-04
  0.1110E+02  0.1375E-02  0.3002E-04
  0.1151E+02  0.1418E-02  0.3099E-04
  0.1192E+02  0.1462E-02  0.3168E-04
  0.1234E+02  0.1505E-02  0.3210E-04
  0.1275E+02  0.1549E-02  0.3225E-04
  0.1316E+02  0.1594E-02  0.3216E-04
  0.1357E+02  0.1638E-02  0.3185E-04
  0.1398E+02  0.1683E-02  0.3136E-04
  0.1439E+02  0.1727E-02  0.3075E-04
  0.1480E+02  0.1772E-02  0.3007E-04
  0.1521E+02  0.1816E-02  0.2939E-04
  0.1563E+02  0.1860E-02  0.2877E-04
  0.1604E+02  0.1903E-02  0.2830E-04
  0.1645E+02  0.1945E-02  0.2804E-04
  0.1686E+02  0.1987E-02  0.2805E-04
  0.1727E+02  0.2028E-02  0.2835E-04
  0.1768E+02  0.2068E-02  0.2895E-04
  0.1809E+02  0.2106E-02  0.2983E-04
  0.1850E+02  0.2143E-02  0.3095E-04
  0.1892E+02  0.2179E-02  0.3226E-04
  0.1933E+02  0.2213E-02  0.3369E-04
  0.1974E+02  0.2246E-02  0.3519E-04
  0.2015E+02  0.2277E-02  0.3668E-04
  0.2056E+02  0.2305E-02  0.3812E-04
  0.2097E+02  0.2332E-02  0.3947E-04
  0.2138E+02  0.2358E-02  0.4068E-04
  0.2179E+02  0.2381E-02  0.4173E-04
  0.2220E+02  0.2402E-02  0.4260E-04
  0.2262E+02  0.2421E-02  0.4326E-04
  0.2303E+02  0.2438E-02  0.4373E-04
  0.2344E+02  0.2453E-02  0.4399E-04
  0.2385E+02  0.2466E-02  0.4406E-04
  0.2426E+02  0.2477E-02  0.4395E-04
  0.2467E+02  0.2486E-02  0.4368E-04
  0.2508E+02  0.2493E-02  0.4329E-04
  0.2549E+02  0.2499E-02  0.4280E-04
  0.2591E+02  0.2502E-02  0.4227E-04
  0.2632E+02  0.2504E-02  0.4172E-04
  0.2673E+02  0.2503E-02  0.4121E-04
  0.2714E+02  0.2501E-02  0.4078E-04
  0.2755E+02  0.2498E-02  0.4047E-04
  0.2796E+02  0.2492E-02  0.4032E-04
  0.2837E+02  0.2484E-02  0.4037E-04
  0.2878E+02  0.2475E-02  0.4062E-04
  0.2920E+02  0.2463E-02  0.4107E-04
  0.2961E+02  0.2450E-02  0.4173E-04
  0.3002E+02  0.2434E-02  0.4257E-04
  0.3043E+02  0.2416E-02  0.4356E-04
  0.3084E+02  0.2395E-02  0.4466E-04
  0.3125E+02  0.2372E-02  0.4583E-04
  0.3166E+02  0.2345E-02  0.4703E-04
  0.3207E+02  0.2315E-02  0.4821E-04
  0.3248E+02  0.2282E-02  0.4933E-04
  0.3290E+02  0.2244E-02  0.5036E-04
  0.3331E+02  0.2203E-02  0.5124E-04
  0.3372E+02  0.2157E-02  0.5195E-04
  0.3413E+02  0.2106E-02  0.5244E-04
  0.3454E+02  0.2049E-02  0.5269E-04
  0.3495E+02  0.1986E-02  0.5267E-04
  0.3536E+02  0.1917E-02  0.5234E-04
  0.3577E+02  0.1841E-02  0.5168E-04
  0.3619E+02  0.1758E-02  0.5065E-04
  0.3660E+02  0.1667E-02  0.4923E-04
  0.3701E+02  0.1568E-02  0.4739E-04
  0.3742E+02  0.1459E-02  0.4511E-04
  0.3783E+02  0.1341E-02  0.4235E-04
  0.3824E+02  0.1213E-02  0.3910E-04
  0.3865E+02  0.1075E-02  0.3531E-04
  0.3906E+02  0.9260E-03  0.3097E-04
  0.3948E+02  0.7654E-03  0.2604E-04
  0.3989E+02  0.5929E-03  0.2051E-04
  0.4030E+02  0.4081E-03  0.1434E-04
  0.4071E+02  0.2106E-03  0.7513E-05
  0.4112E+02  0.0000E+00  0.0000E+00
          Reciprocal space: Rg =   17.67     , I(0) =   0.8516E+00
     Real space: Rg =   17.64 +- 0.065  I(0) =   0.8515E+00 +-  0.6387E-02
