
           ####    G N O M   ---   Version 4.5a revised 09/02/02     ####

                                                  Tue Nov  3 18:09:22 2009
           ===    Run No   1   ===
 Run title:  0.010642 38.535208 0.940897


  Number of points omitted at the beginning:          38
   *******   Working Directory :
   *******    Input file(s) :
           Condition P(rmin) = 0 is used. 
           Condition P(rmax) = 0 is used. 

          Experimental conditions for the first run
          -----------------------------------------

          Highest ALPHA is found to be   0.5570E+03

  The measure of inconsistency AN1 equals to    0.1013E+01

          Warning: using the chosen range in the real space 
             it is not possible to fit the data set within the
             given error band. 
     Alpha    Discrp  Oscill  Stabil  Sysdev  Positv  Valcen    Total   
  0.5570E+06137.9971  1.1733  0.9239  0.0000  1.0000  0.8627  0.33389
  0.1114E+06113.8604  1.1435  0.7464  0.0586  1.0000  0.8731  0.34150
  0.2228E+05 70.3861  1.0876  0.4587  0.0042  1.0000  0.9005  0.34536
  0.4456E+04 30.8283  1.0961  0.2038  0.0418  1.0000  0.9296  0.36983
  0.8912E+03 10.0619  1.1660  0.0671  0.1088  1.0000  0.9466  0.52806
  0.1782E+03  2.6729  1.2275  0.0229  0.3013  1.0000  0.9542  0.61389
  0.3565E+02  0.8636  1.2500  0.0066  0.7029  1.0000  0.9564  0.87307
  0.7129E+01  0.5882  1.2587  0.0075  0.8954  1.0000  0.9577  0.97227
  0.1426E+01  0.5210  1.2685  0.0046  0.9163  1.0000  0.9585  0.96530
  0.2852E+00  0.5103  1.2758  0.0057  0.9163  1.0000  0.9584  0.96236
  0.5704E-01  0.5067  1.2903  0.0085  0.9331  1.0000  0.9576  0.96323
  0.1141E-01  0.5042  1.3485  0.0328  0.9498  1.0000  0.9579  0.94316
  0.2281E-02  0.4981  1.9178  0.1072  0.9414  0.9995  0.9586  0.68793
  0.4563E-03  0.4896  3.6600  0.1259  0.9414  0.9941  0.9462  0.60983
  0.9126E-04  0.4859  5.5184  0.2404  0.9498  0.9795  0.9132  0.53474
  0.1825E-04  0.4812  9.4520  0.7018  0.9331  0.9190  0.6093  0.43804
  0.3650E-05  0.4715 10.7446  0.5359  0.9665  0.8192  0.4661  0.40452
  0.7301E-06  0.4659 11.0283  0.1806  0.9498  0.7772  0.4145  0.41692
  0.1460E-06  0.4649 12.7374  0.3849  0.9372  0.7644  0.3881  0.39172
  0.2920E-07  0.4638 14.9130  0.8240  0.9372  0.7306  0.3744  0.00000

          ***  Golden section search to maximize estimate ***
     Alpha    Discrp  Oscill  Stabil  Sysdev  Positv  Valcen    Total   
  0.3855E+01  0.5505  1.2624  0.0071  0.9372  1.0000  0.9581  0.97532
  0.2637E+01  0.5353  1.2648  0.0063  0.9372  1.0000  0.9583  0.97242
  0.4876E+01  0.5628  1.2609  0.0074  0.9205  1.0000  0.9579  0.97427
  0.3335E+01  0.5440  1.2633  0.0068  0.9289  1.0000  0.9582  0.97252
  0.4217E+01  0.5549  1.2618  0.0073  0.9372  1.0000  0.9580  0.97615
  0.4458E+01  0.5578  1.2615  0.0073  0.9289  1.0000  0.9580  0.97512
  0.4075E+01  0.5532  1.2620  0.0072  0.9372  1.0000  0.9580  0.97582
  0.4307E+01  0.5560  1.2617  0.0073  0.9289  1.0000  0.9580  0.97478
  0.4162E+01  0.5542  1.2619  0.0073  0.9372  1.0000  0.9580  0.97602
  0.4251E+01  0.5553  1.2618  0.0073  0.9372  1.0000  0.9580  0.97623
  0.4273E+01  0.5556  1.2617  0.0073  0.9289  1.0000  0.9580  0.97470
  0.4238E+01  0.5551  1.2618  0.0073  0.9372  1.0000  0.9580  0.97620
  0.4260E+01  0.5554  1.2618  0.0073  0.9372  1.0000  0.9580  0.97624
  0.4265E+01  0.5555  1.2618  0.0073  0.9372  1.0000  0.9580  0.97625
  0.4265E+01  0.5555  1.2618  0.0073  0.9372  1.0000  0.9580  0.97625



             ####            Final results            ####

 Parameter    DISCRP    OSCILL    STABIL    SYSDEV    POSITV    VALCEN
 Weight        1.000     3.000     3.000     5.000     1.000     1.000
 Sigma         0.300     0.600     0.120     0.500     0.120     0.120
 Ideal         0.700     1.200     0.000     1.000     1.000     0.950
 Current       0.555     1.262     0.007     0.937     1.000     0.958
                - - - - - - - - - - - - - - - - - - - - - - - - - 
 Estimate      0.793     0.989     0.996     0.984     1.000     0.996

  Angular   range    :     from    0.0344   to    0.3250
  Real space range   :     from      0.00   to     58.89

  Highest ALPHA (theor) :   0.557E+06                 JOB = 0
  Current ALPHA         :   0.426E+01   Rg :  0.194E+02   I(0) :   0.364E+02

           Total  estimate : 0.976  which is  AN EXCELLENT  solution

      S          J EXP       ERROR       J REG       I REG

  0.0000E+00                                      0.3644E+02
  0.1227E-02                                      0.3643E+02
  0.2454E-02                                      0.3641E+02
  0.3681E-02                                      0.3638E+02
  0.4908E-02                                      0.3633E+02
  0.6136E-02                                      0.3627E+02
  0.7363E-02                                      0.3619E+02
  0.8590E-02                                      0.3611E+02
  0.9817E-02                                      0.3600E+02
  0.1104E-01                                      0.3589E+02
  0.1227E-01                                      0.3576E+02
  0.1350E-01                                      0.3562E+02
  0.1473E-01                                      0.3547E+02
  0.1595E-01                                      0.3530E+02
  0.1718E-01                                      0.3512E+02
  0.1841E-01                                      0.3493E+02
  0.1963E-01                                      0.3473E+02
  0.2086E-01                                      0.3451E+02
  0.2209E-01                                      0.3428E+02
  0.2332E-01                                      0.3405E+02
  0.2454E-01                                      0.3380E+02
  0.2577E-01                                      0.3354E+02
  0.2700E-01                                      0.3327E+02
  0.2822E-01                                      0.3299E+02
  0.2945E-01                                      0.3269E+02
  0.3068E-01                                      0.3239E+02
  0.3190E-01                                      0.3208E+02
  0.3313E-01                                      0.3176E+02
  0.3436E-01  0.3166E+02  0.1301E+00  0.3143E+02  0.3143E+02
  0.3497E-01  0.3126E+02  0.1193E+00  0.3127E+02  0.3127E+02
  0.3558E-01  0.3118E+02  0.1395E+00  0.3110E+02  0.3110E+02
  0.3618E-01  0.3116E+02  0.1260E+00  0.3093E+02  0.3093E+02
  0.3679E-01  0.3089E+02  0.1428E+00  0.3076E+02  0.3076E+02
  0.3740E-01  0.3076E+02  0.1061E+00  0.3058E+02  0.3058E+02
  0.3801E-01  0.3063E+02  0.1329E+00  0.3041E+02  0.3041E+02
  0.3862E-01  0.3030E+02  0.1099E+00  0.3023E+02  0.3023E+02
  0.3922E-01  0.3012E+02  0.1230E+00  0.3005E+02  0.3005E+02
  0.3983E-01  0.2987E+02  0.1067E+00  0.2987E+02  0.2987E+02
  0.4044E-01  0.2979E+02  0.1209E+00  0.2969E+02  0.2969E+02
  0.4105E-01  0.2976E+02  0.9954E-01  0.2950E+02  0.2950E+02
  0.4166E-01  0.2957E+02  0.1089E+00  0.2932E+02  0.2932E+02
  0.4227E-01  0.2908E+02  0.1016E+00  0.2913E+02  0.2913E+02
  0.4287E-01  0.2911E+02  0.1110E+00  0.2894E+02  0.2894E+02
  0.4348E-01  0.2887E+02  0.9002E-01  0.2875E+02  0.2875E+02
  0.4409E-01  0.2858E+02  0.1096E+00  0.2856E+02  0.2856E+02
  0.4470E-01  0.2839E+02  0.9573E-01  0.2836E+02  0.2836E+02
  0.4531E-01  0.2817E+02  0.9466E-01  0.2817E+02  0.2817E+02
  0.4591E-01  0.2790E+02  0.1012E+00  0.2797E+02  0.2797E+02
  0.4652E-01  0.2792E+02  0.8840E-01  0.2777E+02  0.2777E+02
  0.4713E-01  0.2754E+02  0.9242E-01  0.2757E+02  0.2757E+02
  0.4774E-01  0.2748E+02  0.9530E-01  0.2737E+02  0.2737E+02
  0.4835E-01  0.2728E+02  0.9979E-01  0.2717E+02  0.2717E+02
  0.4895E-01  0.2686E+02  0.9077E-01  0.2697E+02  0.2697E+02
  0.4956E-01  0.2677E+02  0.1047E+00  0.2677E+02  0.2677E+02
  0.5017E-01  0.2648E+02  0.9207E-01  0.2656E+02  0.2656E+02
  0.5078E-01  0.2642E+02  0.9775E-01  0.2636E+02  0.2636E+02
  0.5139E-01  0.2586E+02  0.9252E-01  0.2615E+02  0.2615E+02
  0.5200E-01  0.2595E+02  0.8607E-01  0.2594E+02  0.2594E+02
  0.5260E-01  0.2561E+02  0.9339E-01  0.2573E+02  0.2573E+02
  0.5321E-01  0.2560E+02  0.7708E-01  0.2553E+02  0.2553E+02
  0.5382E-01  0.2533E+02  0.9789E-01  0.2532E+02  0.2532E+02
  0.5443E-01  0.2525E+02  0.7557E-01  0.2511E+02  0.2511E+02
  0.5504E-01  0.2481E+02  0.8091E-01  0.2489E+02  0.2489E+02
  0.5564E-01  0.2479E+02  0.8065E-01  0.2468E+02  0.2468E+02
  0.5625E-01  0.2434E+02  0.7926E-01  0.2447E+02  0.2447E+02
  0.5686E-01  0.2417E+02  0.8369E-01  0.2426E+02  0.2426E+02
  0.5747E-01  0.2411E+02  0.8240E-01  0.2404E+02  0.2404E+02
  0.5808E-01  0.2373E+02  0.7535E-01  0.2383E+02  0.2383E+02
  0.5868E-01  0.2343E+02  0.1048E+00  0.2362E+02  0.2362E+02
  0.5929E-01  0.2344E+02  0.7683E-01  0.2340E+02  0.2340E+02
  0.5990E-01  0.2310E+02  0.7453E-01  0.2319E+02  0.2319E+02
  0.6051E-01  0.2304E+02  0.7841E-01  0.2297E+02  0.2297E+02
  0.6112E-01  0.2277E+02  0.7947E-01  0.2276E+02  0.2276E+02
  0.6173E-01  0.2245E+02  0.7899E-01  0.2254E+02  0.2254E+02
  0.6233E-01  0.2227E+02  0.7434E-01  0.2233E+02  0.2233E+02
  0.6294E-01  0.2217E+02  0.7440E-01  0.2211E+02  0.2211E+02
  0.6355E-01  0.2185E+02  0.7256E-01  0.2189E+02  0.2189E+02
  0.6416E-01  0.2159E+02  0.7975E-01  0.2168E+02  0.2168E+02
  0.6477E-01  0.2156E+02  0.7044E-01  0.2146E+02  0.2146E+02
  0.6537E-01  0.2134E+02  0.8106E-01  0.2125E+02  0.2125E+02
  0.6598E-01  0.2103E+02  0.7186E-01  0.2103E+02  0.2103E+02
  0.6659E-01  0.2079E+02  0.7705E-01  0.2082E+02  0.2082E+02
  0.6720E-01  0.2061E+02  0.6591E-01  0.2060E+02  0.2060E+02
  0.6781E-01  0.2059E+02  0.7155E-01  0.2038E+02  0.2038E+02
  0.6841E-01  0.2016E+02  0.7745E-01  0.2017E+02  0.2017E+02
  0.6902E-01  0.1992E+02  0.7280E-01  0.1996E+02  0.1996E+02
  0.6963E-01  0.1962E+02  0.6323E-01  0.1974E+02  0.1974E+02
  0.7024E-01  0.1946E+02  0.6705E-01  0.1953E+02  0.1953E+02
  0.7085E-01  0.1927E+02  0.7255E-01  0.1931E+02  0.1931E+02
  0.7146E-01  0.1901E+02  0.7330E-01  0.1910E+02  0.1910E+02
  0.7206E-01  0.1888E+02  0.7227E-01  0.1889E+02  0.1889E+02
  0.7267E-01  0.1865E+02  0.6587E-01  0.1868E+02  0.1868E+02
  0.7328E-01  0.1848E+02  0.6377E-01  0.1846E+02  0.1846E+02
  0.7389E-01  0.1829E+02  0.6120E-01  0.1825E+02  0.1825E+02
  0.7450E-01  0.1800E+02  0.5972E-01  0.1804E+02  0.1804E+02
  0.7510E-01  0.1782E+02  0.5982E-01  0.1783E+02  0.1783E+02
  0.7571E-01  0.1771E+02  0.5837E-01  0.1762E+02  0.1762E+02
  0.7632E-01  0.1743E+02  0.6173E-01  0.1741E+02  0.1741E+02
  0.7693E-01  0.1716E+02  0.5972E-01  0.1721E+02  0.1721E+02
  0.7754E-01  0.1702E+02  0.5657E-01  0.1700E+02  0.1700E+02
  0.7814E-01  0.1663E+02  0.6593E-01  0.1679E+02  0.1679E+02
  0.7875E-01  0.1646E+02  0.5497E-01  0.1659E+02  0.1659E+02
  0.7936E-01  0.1623E+02  0.5902E-01  0.1638E+02  0.1638E+02
  0.7997E-01  0.1604E+02  0.6041E-01  0.1618E+02  0.1618E+02
  0.8058E-01  0.1586E+02  0.6160E-01  0.1598E+02  0.1598E+02
  0.8118E-01  0.1565E+02  0.6080E-01  0.1577E+02  0.1577E+02
  0.8179E-01  0.1546E+02  0.5130E-01  0.1557E+02  0.1557E+02
  0.8240E-01  0.1528E+02  0.6582E-01  0.1537E+02  0.1537E+02
  0.8301E-01  0.1526E+02  0.5410E-01  0.1517E+02  0.1517E+02
  0.8362E-01  0.1493E+02  0.5423E-01  0.1498E+02  0.1498E+02
  0.8423E-01  0.1479E+02  0.5187E-01  0.1478E+02  0.1478E+02
  0.8483E-01  0.1456E+02  0.5422E-01  0.1458E+02  0.1458E+02
  0.8544E-01  0.1429E+02  0.4832E-01  0.1439E+02  0.1439E+02
  0.8605E-01  0.1423E+02  0.5648E-01  0.1420E+02  0.1420E+02
  0.8666E-01  0.1397E+02  0.5466E-01  0.1400E+02  0.1400E+02
  0.8727E-01  0.1383E+02  0.5257E-01  0.1381E+02  0.1381E+02
  0.8787E-01  0.1364E+02  0.5205E-01  0.1362E+02  0.1362E+02
  0.8848E-01  0.1352E+02  0.5768E-01  0.1343E+02  0.1343E+02
  0.8909E-01  0.1331E+02  0.5067E-01  0.1325E+02  0.1325E+02
  0.8970E-01  0.1311E+02  0.5699E-01  0.1306E+02  0.1306E+02
  0.9031E-01  0.1287E+02  0.5492E-01  0.1287E+02  0.1287E+02
  0.9091E-01  0.1265E+02  0.5199E-01  0.1269E+02  0.1269E+02
  0.9152E-01  0.1247E+02  0.5331E-01  0.1251E+02  0.1251E+02
  0.9213E-01  0.1235E+02  0.4565E-01  0.1233E+02  0.1233E+02
  0.9274E-01  0.1214E+02  0.5366E-01  0.1215E+02  0.1215E+02
  0.9335E-01  0.1199E+02  0.5363E-01  0.1197E+02  0.1197E+02
  0.9396E-01  0.1183E+02  0.4729E-01  0.1179E+02  0.1179E+02
  0.9456E-01  0.1159E+02  0.4874E-01  0.1162E+02  0.1162E+02
  0.9517E-01  0.1140E+02  0.5348E-01  0.1144E+02  0.1144E+02
  0.9578E-01  0.1120E+02  0.5007E-01  0.1127E+02  0.1127E+02
  0.9639E-01  0.1110E+02  0.4805E-01  0.1110E+02  0.1110E+02
  0.9700E-01  0.1100E+02  0.4508E-01  0.1093E+02  0.1093E+02
  0.9760E-01  0.1074E+02  0.5242E-01  0.1076E+02  0.1076E+02
  0.9821E-01  0.1067E+02  0.4719E-01  0.1059E+02  0.1059E+02
  0.9882E-01  0.1040E+02  0.4829E-01  0.1043E+02  0.1043E+02
  0.9943E-01  0.1025E+02  0.4559E-01  0.1026E+02  0.1026E+02
  0.1000E+00  0.1011E+02  0.4321E-01  0.1010E+02  0.1010E+02
  0.1006E+00  0.9918E+01  0.4878E-01  0.9940E+01  0.9940E+01
  0.1013E+00  0.9783E+01  0.3890E-01  0.9781E+01  0.9781E+01
  0.1019E+00  0.9706E+01  0.4564E-01  0.9623E+01  0.9623E+01
  0.1025E+00  0.9537E+01  0.4559E-01  0.9467E+01  0.9467E+01
  0.1031E+00  0.9410E+01  0.3980E-01  0.9312E+01  0.9312E+01
  0.1037E+00  0.9178E+01  0.4439E-01  0.9159E+01  0.9159E+01
  0.1043E+00  0.9083E+01  0.4086E-01  0.9007E+01  0.9007E+01
  0.1049E+00  0.8828E+01  0.4091E-01  0.8857E+01  0.8857E+01
  0.1055E+00  0.8839E+01  0.3696E-01  0.8708E+01  0.8708E+01
  0.1061E+00  0.8549E+01  0.3875E-01  0.8561E+01  0.8561E+01
  0.1067E+00  0.8467E+01  0.4411E-01  0.8416E+01  0.8416E+01
  0.1073E+00  0.8264E+01  0.4012E-01  0.8272E+01  0.8272E+01
  0.1079E+00  0.8176E+01  0.3906E-01  0.8130E+01  0.8130E+01
  0.1085E+00  0.7982E+01  0.3929E-01  0.7989E+01  0.7989E+01
  0.1092E+00  0.7878E+01  0.3871E-01  0.7850E+01  0.7850E+01
  0.1098E+00  0.7747E+01  0.4144E-01  0.7712E+01  0.7712E+01
  0.1104E+00  0.7698E+01  0.3835E-01  0.7577E+01  0.7577E+01
  0.1110E+00  0.7396E+01  0.4049E-01  0.7442E+01  0.7442E+01
  0.1116E+00  0.7366E+01  0.3885E-01  0.7310E+01  0.7310E+01
  0.1122E+00  0.7124E+01  0.4023E-01  0.7179E+01  0.7179E+01
  0.1128E+00  0.7036E+01  0.3344E-01  0.7049E+01  0.7049E+01
  0.1134E+00  0.6894E+01  0.3758E-01  0.6921E+01  0.6921E+01
  0.1140E+00  0.6772E+01  0.3892E-01  0.6795E+01  0.6795E+01
  0.1146E+00  0.6656E+01  0.3867E-01  0.6670E+01  0.6670E+01
  0.1152E+00  0.6522E+01  0.3363E-01  0.6547E+01  0.6547E+01
  0.1158E+00  0.6413E+01  0.3676E-01  0.6425E+01  0.6425E+01
  0.1165E+00  0.6315E+01  0.3648E-01  0.6305E+01  0.6305E+01
  0.1171E+00  0.6240E+01  0.3582E-01  0.6187E+01  0.6187E+01
  0.1177E+00  0.6069E+01  0.3595E-01  0.6070E+01  0.6070E+01
  0.1183E+00  0.5944E+01  0.3529E-01  0.5955E+01  0.5955E+01
  0.1189E+00  0.5847E+01  0.3530E-01  0.5841E+01  0.5841E+01
  0.1195E+00  0.5716E+01  0.3486E-01  0.5729E+01  0.5729E+01
  0.1201E+00  0.5638E+01  0.3516E-01  0.5618E+01  0.5618E+01
  0.1207E+00  0.5534E+01  0.3359E-01  0.5509E+01  0.5509E+01
  0.1213E+00  0.5454E+01  0.3652E-01  0.5402E+01  0.5402E+01
  0.1219E+00  0.5294E+01  0.3516E-01  0.5296E+01  0.5296E+01
  0.1225E+00  0.5223E+01  0.3682E-01  0.5191E+01  0.5191E+01
  0.1231E+00  0.5105E+01  0.3331E-01  0.5088E+01  0.5088E+01
  0.1238E+00  0.5004E+01  0.4008E-01  0.4987E+01  0.4987E+01
  0.1244E+00  0.4851E+01  0.3236E-01  0.4887E+01  0.4887E+01
  0.1250E+00  0.4777E+01  0.3473E-01  0.4789E+01  0.4789E+01
  0.1256E+00  0.4670E+01  0.3614E-01  0.4692E+01  0.4692E+01
  0.1262E+00  0.4575E+01  0.3079E-01  0.4596E+01  0.4596E+01
  0.1268E+00  0.4524E+01  0.3435E-01  0.4502E+01  0.4502E+01
  0.1274E+00  0.4420E+01  0.2991E-01  0.4410E+01  0.4410E+01
  0.1280E+00  0.4370E+01  0.3115E-01  0.4319E+01  0.4319E+01
  0.1286E+00  0.4282E+01  0.3303E-01  0.4229E+01  0.4229E+01
  0.1292E+00  0.4186E+01  0.3058E-01  0.4141E+01  0.4141E+01
  0.1298E+00  0.4078E+01  0.2865E-01  0.4054E+01  0.4054E+01
  0.1304E+00  0.3957E+01  0.3329E-01  0.3969E+01  0.3969E+01
  0.1310E+00  0.3930E+01  0.2995E-01  0.3885E+01  0.3885E+01
  0.1317E+00  0.3786E+01  0.3108E-01  0.3803E+01  0.3803E+01
  0.1323E+00  0.3686E+01  0.2918E-01  0.3722E+01  0.3722E+01
  0.1329E+00  0.3623E+01  0.2930E-01  0.3642E+01  0.3642E+01
  0.1335E+00  0.3583E+01  0.2785E-01  0.3564E+01  0.3564E+01
  0.1341E+00  0.3499E+01  0.2996E-01  0.3487E+01  0.3487E+01
  0.1347E+00  0.3436E+01  0.3128E-01  0.3411E+01  0.3411E+01
  0.1353E+00  0.3392E+01  0.3148E-01  0.3337E+01  0.3337E+01
  0.1359E+00  0.3240E+01  0.2858E-01  0.3264E+01  0.3264E+01
  0.1365E+00  0.3243E+01  0.3133E-01  0.3192E+01  0.3192E+01
  0.1371E+00  0.3105E+01  0.3148E-01  0.3122E+01  0.3122E+01
  0.1377E+00  0.3069E+01  0.3057E-01  0.3053E+01  0.3053E+01
  0.1383E+00  0.2963E+01  0.3123E-01  0.2985E+01  0.2985E+01
  0.1390E+00  0.2932E+01  0.2776E-01  0.2918E+01  0.2918E+01
  0.1396E+00  0.2866E+01  0.2821E-01  0.2853E+01  0.2853E+01
  0.1402E+00  0.2800E+01  0.2734E-01  0.2789E+01  0.2789E+01
  0.1408E+00  0.2731E+01  0.2712E-01  0.2726E+01  0.2726E+01
  0.1414E+00  0.2670E+01  0.2674E-01  0.2664E+01  0.2664E+01
  0.1420E+00  0.2631E+01  0.3006E-01  0.2604E+01  0.2604E+01
  0.1426E+00  0.2529E+01  0.2538E-01  0.2544E+01  0.2544E+01
  0.1432E+00  0.2501E+01  0.2980E-01  0.2486E+01  0.2486E+01
  0.1438E+00  0.2388E+01  0.2973E-01  0.2429E+01  0.2429E+01
  0.1444E+00  0.2374E+01  0.2577E-01  0.2373E+01  0.2373E+01
  0.1450E+00  0.2341E+01  0.2855E-01  0.2319E+01  0.2319E+01
  0.1456E+00  0.2305E+01  0.2626E-01  0.2265E+01  0.2265E+01
  0.1463E+00  0.2242E+01  0.3656E-01  0.2213E+01  0.2213E+01
  0.1469E+00  0.2164E+01  0.2555E-01  0.2161E+01  0.2161E+01
  0.1475E+00  0.2099E+01  0.2506E-01  0.2111E+01  0.2111E+01
  0.1481E+00  0.2028E+01  0.2548E-01  0.2062E+01  0.2062E+01
  0.1487E+00  0.1985E+01  0.2751E-01  0.2013E+01  0.2013E+01
  0.1493E+00  0.1964E+01  0.2399E-01  0.1966E+01  0.1966E+01
  0.1499E+00  0.1928E+01  0.2711E-01  0.1920E+01  0.1920E+01
  0.1505E+00  0.1888E+01  0.2648E-01  0.1875E+01  0.1875E+01
  0.1511E+00  0.1806E+01  0.2467E-01  0.1831E+01  0.1831E+01
  0.1517E+00  0.1800E+01  0.2494E-01  0.1788E+01  0.1788E+01
  0.1523E+00  0.1698E+01  0.2643E-01  0.1746E+01  0.1746E+01
  0.1529E+00  0.1636E+01  0.2346E-01  0.1704E+01  0.1704E+01
  0.1535E+00  0.1661E+01  0.2454E-01  0.1664E+01  0.1664E+01
  0.1542E+00  0.1593E+01  0.2534E-01  0.1625E+01  0.1625E+01
  0.1548E+00  0.1540E+01  0.2326E-01  0.1586E+01  0.1586E+01
  0.1554E+00  0.1579E+01  0.2453E-01  0.1549E+01  0.1549E+01
  0.1560E+00  0.1489E+01  0.2262E-01  0.1512E+01  0.1512E+01
  0.1566E+00  0.1477E+01  0.2398E-01  0.1476E+01  0.1476E+01
  0.1572E+00  0.1435E+01  0.2367E-01  0.1441E+01  0.1441E+01
  0.1578E+00  0.1382E+01  0.2272E-01  0.1407E+01  0.1407E+01
  0.1584E+00  0.1381E+01  0.2426E-01  0.1374E+01  0.1374E+01
  0.1590E+00  0.1374E+01  0.2390E-01  0.1341E+01  0.1341E+01
  0.1596E+00  0.1308E+01  0.2375E-01  0.1310E+01  0.1310E+01
  0.1602E+00  0.1287E+01  0.2450E-01  0.1279E+01  0.1279E+01
  0.1608E+00  0.1223E+01  0.2209E-01  0.1249E+01  0.1249E+01
  0.1615E+00  0.1179E+01  0.2331E-01  0.1220E+01  0.1220E+01
  0.1621E+00  0.1182E+01  0.2171E-01  0.1191E+01  0.1191E+01
  0.1627E+00  0.1153E+01  0.2281E-01  0.1163E+01  0.1163E+01
  0.1633E+00  0.1153E+01  0.2287E-01  0.1136E+01  0.1136E+01
  0.1639E+00  0.1085E+01  0.2140E-01  0.1110E+01  0.1110E+01
  0.1645E+00  0.1087E+01  0.2303E-01  0.1084E+01  0.1084E+01
  0.1651E+00  0.1086E+01  0.2274E-01  0.1059E+01  0.1059E+01
  0.1657E+00  0.1005E+01  0.2306E-01  0.1035E+01  0.1035E+01
  0.1663E+00  0.1070E+01  0.2186E-01  0.1012E+01  0.1012E+01
  0.1669E+00  0.9984E+00  0.2347E-01  0.9886E+00  0.9886E+00
  0.1675E+00  0.9783E+00  0.2202E-01  0.9663E+00  0.9663E+00
  0.1681E+00  0.9207E+00  0.2123E-01  0.9447E+00  0.9447E+00
  0.1688E+00  0.9169E+00  0.2109E-01  0.9237E+00  0.9237E+00
  0.1694E+00  0.8635E+00  0.2128E-01  0.9032E+00  0.9032E+00
  0.1700E+00  0.8237E+00  0.2289E-01  0.8834E+00  0.8834E+00
  0.1706E+00  0.7969E+00  0.2157E-01  0.8642E+00  0.8642E+00
  0.1712E+00  0.7856E+00  0.2166E-01  0.8456E+00  0.8456E+00
  0.1718E+00  0.8134E+00  0.2226E-01  0.8275E+00  0.8275E+00
  0.1724E+00  0.7932E+00  0.2138E-01  0.8099E+00  0.8099E+00
  0.1730E+00  0.7900E+00  0.2181E-01  0.7929E+00  0.7929E+00
  0.1736E+00  0.7999E+00  0.2084E-01  0.7765E+00  0.7765E+00
  0.1742E+00  0.7393E+00  0.2052E-01  0.7606E+00  0.7606E+00
  0.1748E+00  0.7645E+00  0.1925E-01  0.7451E+00  0.7451E+00
  0.1754E+00  0.7488E+00  0.2129E-01  0.7302E+00  0.7302E+00
  0.1760E+00  0.7329E+00  0.2145E-01  0.7158E+00  0.7158E+00
  0.1767E+00  0.7369E+00  0.2130E-01  0.7018E+00  0.7018E+00
  0.1773E+00  0.7245E+00  0.2241E-01  0.6883E+00  0.6883E+00
  0.1779E+00  0.6529E+00  0.2205E-01  0.6753E+00  0.6753E+00
  0.1785E+00  0.6355E+00  0.2167E-01  0.6627E+00  0.6627E+00
  0.1791E+00  0.6052E+00  0.2222E-01  0.6505E+00  0.6505E+00
  0.1797E+00  0.6246E+00  0.2265E-01  0.6388E+00  0.6388E+00
  0.1803E+00  0.6130E+00  0.2129E-01  0.6275E+00  0.6275E+00
  0.1809E+00  0.6706E+00  0.2331E-01  0.6166E+00  0.6166E+00
  0.1815E+00  0.6036E+00  0.2082E-01  0.6061E+00  0.6061E+00
  0.1821E+00  0.5808E+00  0.2266E-01  0.5959E+00  0.5959E+00
  0.1827E+00  0.5983E+00  0.2214E-01  0.5862E+00  0.5862E+00
  0.1833E+00  0.5234E+00  0.2134E-01  0.5769E+00  0.5769E+00
  0.1840E+00  0.5416E+00  0.2010E-01  0.5679E+00  0.5679E+00
  0.1846E+00  0.5564E+00  0.2100E-01  0.5592E+00  0.5592E+00
  0.1852E+00  0.5621E+00  0.2134E-01  0.5509E+00  0.5509E+00
  0.1858E+00  0.5777E+00  0.2189E-01  0.5429E+00  0.5429E+00
  0.1864E+00  0.5525E+00  0.2266E-01  0.5353E+00  0.5353E+00
  0.1870E+00  0.5763E+00  0.2060E-01  0.5280E+00  0.5280E+00
  0.1876E+00  0.5639E+00  0.2011E-01  0.5210E+00  0.5210E+00
  0.1882E+00  0.5103E+00  0.1217E+00  0.5143E+00  0.5143E+00
  0.1888E+00  0.5210E+00  0.2931E-01  0.5079E+00  0.5079E+00
  0.1894E+00  0.4932E+00  0.3450E-01  0.5018E+00  0.5018E+00
  0.1900E+00  0.5232E+00  0.2204E-01  0.4959E+00  0.4959E+00
  0.1906E+00  0.4773E+00  0.1987E-01  0.4903E+00  0.4903E+00
  0.1912E+00  0.4780E+00  0.2127E-01  0.4850E+00  0.4850E+00
  0.1919E+00  0.4598E+00  0.2109E-01  0.4800E+00  0.4800E+00
  0.1925E+00  0.4776E+00  0.2078E-01  0.4752E+00  0.4752E+00
  0.1931E+00  0.4668E+00  0.2033E-01  0.4706E+00  0.4706E+00
  0.1937E+00  0.4377E+00  0.2004E-01  0.4663E+00  0.4663E+00
  0.1943E+00  0.4693E+00  0.2055E-01  0.4622E+00  0.4622E+00
  0.1949E+00  0.4525E+00  0.2023E-01  0.4584E+00  0.4584E+00
  0.1955E+00  0.4424E+00  0.2115E-01  0.4547E+00  0.4547E+00
  0.1961E+00  0.4348E+00  0.2033E-01  0.4513E+00  0.4513E+00
  0.1967E+00  0.4505E+00  0.2104E-01  0.4480E+00  0.4480E+00
  0.1973E+00  0.4311E+00  0.2005E-01  0.4450E+00  0.4450E+00
  0.1979E+00  0.4519E+00  0.2052E-01  0.4421E+00  0.4421E+00
  0.1985E+00  0.4422E+00  0.1947E-01  0.4394E+00  0.4394E+00
  0.1992E+00  0.4127E+00  0.2016E-01  0.4369E+00  0.4369E+00
  0.1998E+00  0.4897E+00  0.2080E-01  0.4346E+00  0.4346E+00
  0.2004E+00  0.4472E+00  0.2001E-01  0.4324E+00  0.4324E+00
  0.2010E+00  0.4485E+00  0.1977E-01  0.4304E+00  0.4304E+00
  0.2016E+00  0.4104E+00  0.2014E-01  0.4286E+00  0.4286E+00
  0.2022E+00  0.4049E+00  0.1991E-01  0.4269E+00  0.4269E+00
  0.2028E+00  0.4526E+00  0.1929E-01  0.4253E+00  0.4253E+00
  0.2034E+00  0.4200E+00  0.2138E-01  0.4239E+00  0.4239E+00
  0.2040E+00  0.3929E+00  0.1987E-01  0.4226E+00  0.4226E+00
  0.2046E+00  0.4026E+00  0.1986E-01  0.4214E+00  0.4214E+00
  0.2052E+00  0.4114E+00  0.2014E-01  0.4204E+00  0.4204E+00
  0.2058E+00  0.3824E+00  0.1992E-01  0.4195E+00  0.4195E+00
  0.2065E+00  0.4123E+00  0.1994E-01  0.4187E+00  0.4187E+00
  0.2071E+00  0.3862E+00  0.1898E-01  0.4180E+00  0.4180E+00
  0.2077E+00  0.3973E+00  0.1991E-01  0.4174E+00  0.4174E+00
  0.2083E+00  0.3741E+00  0.2020E-01  0.4169E+00  0.4169E+00
  0.2089E+00  0.3946E+00  0.1913E-01  0.4165E+00  0.4165E+00
  0.2095E+00  0.4038E+00  0.2034E-01  0.4162E+00  0.4162E+00
  0.2101E+00  0.4430E+00  0.1786E-01  0.4160E+00  0.4160E+00
  0.2107E+00  0.4255E+00  0.1925E-01  0.4158E+00  0.4158E+00
  0.2113E+00  0.4336E+00  0.1961E-01  0.4158E+00  0.4158E+00
  0.2119E+00  0.4626E+00  0.1845E-01  0.4158E+00  0.4158E+00
  0.2125E+00  0.4186E+00  0.1990E-01  0.4158E+00  0.4158E+00
  0.2131E+00  0.3965E+00  0.1873E-01  0.4160E+00  0.4160E+00
  0.2137E+00  0.3896E+00  0.1971E-01  0.4162E+00  0.4162E+00
  0.2144E+00  0.4366E+00  0.2026E-01  0.4165E+00  0.4165E+00
  0.2150E+00  0.3951E+00  0.2990E-01  0.4168E+00  0.4168E+00
  0.2156E+00  0.4362E+00  0.2697E-01  0.4172E+00  0.4172E+00
  0.2162E+00  0.4239E+00  0.2039E-01  0.4176E+00  0.4176E+00
  0.2168E+00  0.4316E+00  0.1949E-01  0.4181E+00  0.4181E+00
  0.2174E+00  0.4296E+00  0.1933E-01  0.4186E+00  0.4186E+00
  0.2180E+00  0.4359E+00  0.1858E-01  0.4191E+00  0.4191E+00
  0.2186E+00  0.4167E+00  0.1863E-01  0.4197E+00  0.4197E+00
  0.2192E+00  0.4466E+00  0.1844E-01  0.4204E+00  0.4204E+00
  0.2198E+00  0.4187E+00  0.1819E-01  0.4210E+00  0.4210E+00
  0.2204E+00  0.4322E+00  0.1841E-01  0.4217E+00  0.4217E+00
  0.2210E+00  0.4361E+00  0.1809E-01  0.4224E+00  0.4224E+00
  0.2217E+00  0.4023E+00  0.1942E-01  0.4231E+00  0.4231E+00
  0.2223E+00  0.4382E+00  0.1899E-01  0.4239E+00  0.4239E+00
  0.2229E+00  0.4235E+00  0.1941E-01  0.4247E+00  0.4247E+00
  0.2235E+00  0.4226E+00  0.1758E-01  0.4255E+00  0.4255E+00
  0.2241E+00  0.4386E+00  0.2377E-01  0.4263E+00  0.4263E+00
  0.2247E+00  0.4913E+00  0.3540E-01  0.4271E+00  0.4271E+00
  0.2253E+00  0.4515E+00  0.3425E-01  0.4279E+00  0.4279E+00
  0.2259E+00  0.4576E+00  0.2307E-01  0.4287E+00  0.4287E+00
  0.2265E+00  0.4596E+00  0.2079E-01  0.4295E+00  0.4295E+00
  0.2271E+00  0.4634E+00  0.1751E-01  0.4304E+00  0.4304E+00
  0.2277E+00  0.4815E+00  0.1983E-01  0.4312E+00  0.4312E+00
  0.2283E+00  0.4877E+00  0.2487E-01  0.4320E+00  0.4320E+00
  0.2289E+00  0.4364E+00  0.1884E-01  0.4328E+00  0.4328E+00
  0.2296E+00  0.4609E+00  0.2373E-01  0.4337E+00  0.4337E+00
  0.2302E+00  0.4173E+00  0.1909E-01  0.4345E+00  0.4345E+00
  0.2308E+00  0.4381E+00  0.1944E-01  0.4353E+00  0.4353E+00
  0.2314E+00  0.4181E+00  0.1925E-01  0.4361E+00  0.4361E+00
  0.2320E+00  0.3933E+00  0.1890E-01  0.4368E+00  0.4368E+00
  0.2326E+00  0.4278E+00  0.3099E-01  0.4376E+00  0.4376E+00
  0.2332E+00  0.4139E+00  0.1863E-01  0.4384E+00  0.4384E+00
  0.2338E+00  0.4204E+00  0.2002E-01  0.4391E+00  0.4391E+00
  0.2344E+00  0.4405E+00  0.2030E-01  0.4398E+00  0.4398E+00
  0.2350E+00  0.4353E+00  0.1907E-01  0.4405E+00  0.4405E+00
  0.2356E+00  0.4681E+00  0.2099E-01  0.4412E+00  0.4412E+00
  0.2362E+00  0.4177E+00  0.2065E-01  0.4419E+00  0.4419E+00
  0.2369E+00  0.4328E+00  0.1996E-01  0.4425E+00  0.4425E+00
  0.2375E+00  0.4332E+00  0.1903E-01  0.4432E+00  0.4432E+00
  0.2381E+00  0.4424E+00  0.2195E-01  0.4438E+00  0.4438E+00
  0.2387E+00  0.4082E+00  0.1970E-01  0.4443E+00  0.4443E+00
  0.2393E+00  0.4440E+00  0.6891E-01  0.4449E+00  0.4449E+00
  0.2399E+00  0.4683E+00  0.3707E-01  0.4454E+00  0.4454E+00
  0.2405E+00  0.4418E+00  0.1859E-01  0.4459E+00  0.4459E+00
  0.2411E+00  0.4642E+00  0.1762E-01  0.4464E+00  0.4464E+00
  0.2417E+00  0.4374E+00  0.1826E-01  0.4468E+00  0.4468E+00
  0.2423E+00  0.4855E+00  0.1821E-01  0.4472E+00  0.4472E+00
  0.2429E+00  0.4297E+00  0.1837E-01  0.4476E+00  0.4476E+00
  0.2435E+00  0.4786E+00  0.1863E-01  0.4480E+00  0.4480E+00
  0.2441E+00  0.4445E+00  0.1977E-01  0.4483E+00  0.4483E+00
  0.2448E+00  0.4636E+00  0.1941E-01  0.4486E+00  0.4486E+00
  0.2454E+00  0.4643E+00  0.1790E-01  0.4488E+00  0.4488E+00
  0.2460E+00  0.4426E+00  0.1869E-01  0.4491E+00  0.4491E+00
  0.2466E+00  0.4240E+00  0.1789E-01  0.4493E+00  0.4493E+00
  0.2472E+00  0.4302E+00  0.1889E-01  0.4494E+00  0.4494E+00
  0.2478E+00  0.4603E+00  0.1883E-01  0.4496E+00  0.4496E+00
  0.2484E+00  0.4641E+00  0.1874E-01  0.4497E+00  0.4497E+00
  0.2490E+00  0.4503E+00  0.2169E-01  0.4497E+00  0.4497E+00
  0.2496E+00  0.4388E+00  0.1830E-01  0.4498E+00  0.4498E+00
  0.2502E+00  0.4487E+00  0.1841E-01  0.4498E+00  0.4498E+00
  0.2508E+00  0.4445E+00  0.1757E-01  0.4498E+00  0.4498E+00
  0.2514E+00  0.4333E+00  0.1866E-01  0.4497E+00  0.4497E+00
  0.2521E+00  0.4728E+00  0.1826E-01  0.4496E+00  0.4496E+00
  0.2527E+00  0.4045E+00  0.1867E-01  0.4495E+00  0.4495E+00
  0.2533E+00  0.4317E+00  0.1926E-01  0.4493E+00  0.4493E+00
  0.2539E+00  0.4311E+00  0.1818E-01  0.4492E+00  0.4492E+00
  0.2545E+00  0.4585E+00  0.1810E-01  0.4489E+00  0.4489E+00
  0.2551E+00  0.4897E+00  0.1801E-01  0.4487E+00  0.4487E+00
  0.2557E+00  0.4630E+00  0.1997E-01  0.4484E+00  0.4484E+00
  0.2563E+00  0.4285E+00  0.1928E-01  0.4481E+00  0.4481E+00
  0.2569E+00  0.4445E+00  0.1664E-01  0.4477E+00  0.4477E+00
  0.2575E+00  0.4264E+00  0.1907E-01  0.4474E+00  0.4474E+00
  0.2581E+00  0.4618E+00  0.1951E-01  0.4470E+00  0.4470E+00
  0.2587E+00  0.4438E+00  0.1867E-01  0.4465E+00  0.4465E+00
  0.2593E+00  0.4622E+00  0.1890E-01  0.4461E+00  0.4461E+00
  0.2600E+00  0.4591E+00  0.1774E-01  0.4456E+00  0.4456E+00
  0.2606E+00  0.4640E+00  0.1785E-01  0.4450E+00  0.4450E+00
  0.2612E+00  0.4641E+00  0.1747E-01  0.4445E+00  0.4445E+00
  0.2618E+00  0.4248E+00  0.1815E-01  0.4439E+00  0.4439E+00
  0.2624E+00  0.4639E+00  0.1729E-01  0.4433E+00  0.4433E+00
  0.2630E+00  0.3816E+00  0.1752E-01  0.4427E+00  0.4427E+00
  0.2636E+00  0.4455E+00  0.1829E-01  0.4420E+00  0.4420E+00
  0.2642E+00  0.4124E+00  0.1788E-01  0.4413E+00  0.4413E+00
  0.2648E+00  0.4370E+00  0.1902E-01  0.4406E+00  0.4406E+00
  0.2654E+00  0.3994E+00  0.1880E-01  0.4399E+00  0.4399E+00
  0.2660E+00  0.4197E+00  0.1874E-01  0.4391E+00  0.4391E+00
  0.2666E+00  0.4346E+00  0.1910E-01  0.4383E+00  0.4383E+00
  0.2673E+00  0.4871E+00  0.1972E-01  0.4375E+00  0.4375E+00
  0.2679E+00  0.4588E+00  0.1857E-01  0.4367E+00  0.4367E+00
  0.2685E+00  0.4841E+00  0.1890E-01  0.4358E+00  0.4358E+00
  0.2691E+00  0.4469E+00  0.1851E-01  0.4350E+00  0.4350E+00
  0.2697E+00  0.4554E+00  0.1838E-01  0.4341E+00  0.4341E+00
  0.2703E+00  0.4568E+00  0.1833E-01  0.4332E+00  0.4332E+00
  0.2709E+00  0.4478E+00  0.1829E-01  0.4322E+00  0.4322E+00
  0.2715E+00  0.4612E+00  0.1733E-01  0.4313E+00  0.4313E+00
  0.2721E+00  0.4617E+00  0.1788E-01  0.4303E+00  0.4303E+00
  0.2727E+00  0.4557E+00  0.1823E-01  0.4293E+00  0.4293E+00
  0.2733E+00  0.4757E+00  0.1882E-01  0.4283E+00  0.4283E+00
  0.2739E+00  0.4041E+00  0.1777E-01  0.4273E+00  0.4273E+00
  0.2745E+00  0.4381E+00  0.1773E-01  0.4263E+00  0.4263E+00
  0.2752E+00  0.4142E+00  0.1758E-01  0.4253E+00  0.4253E+00
  0.2758E+00  0.3830E+00  0.1792E-01  0.4242E+00  0.4242E+00
  0.2764E+00  0.4294E+00  0.1815E-01  0.4231E+00  0.4231E+00
  0.2770E+00  0.3723E+00  0.1731E-01  0.4221E+00  0.4221E+00
  0.2776E+00  0.4030E+00  0.1786E-01  0.4210E+00  0.4210E+00
  0.2782E+00  0.3822E+00  0.1750E-01  0.4199E+00  0.4199E+00
  0.2788E+00  0.3894E+00  0.1905E-01  0.4188E+00  0.4188E+00
  0.2794E+00  0.4180E+00  0.1701E-01  0.4176E+00  0.4176E+00
  0.2800E+00  0.3894E+00  0.1754E-01  0.4165E+00  0.4165E+00
  0.2806E+00  0.3952E+00  0.1691E-01  0.4154E+00  0.4154E+00
  0.2812E+00  0.3947E+00  0.1670E-01  0.4142E+00  0.4142E+00
  0.2818E+00  0.3841E+00  0.1626E-01  0.4131E+00  0.4131E+00
  0.2825E+00  0.4172E+00  0.1741E-01  0.4120E+00  0.4120E+00
  0.2831E+00  0.4047E+00  0.1794E-01  0.4108E+00  0.4108E+00
  0.2837E+00  0.3798E+00  0.1752E-01  0.4096E+00  0.4096E+00
  0.2843E+00  0.4103E+00  0.1690E-01  0.4085E+00  0.4085E+00
  0.2849E+00  0.3803E+00  0.1649E-01  0.4073E+00  0.4073E+00
  0.2855E+00  0.3801E+00  0.1808E-01  0.4062E+00  0.4062E+00
  0.2861E+00  0.4226E+00  0.1737E-01  0.4050E+00  0.4050E+00
  0.2867E+00  0.3983E+00  0.1727E-01  0.4038E+00  0.4038E+00
  0.2873E+00  0.4238E+00  0.1747E-01  0.4027E+00  0.4027E+00
  0.2879E+00  0.4067E+00  0.1555E-01  0.4015E+00  0.4015E+00
  0.2885E+00  0.3961E+00  0.1730E-01  0.4003E+00  0.4003E+00
  0.2891E+00  0.4060E+00  0.1639E-01  0.3992E+00  0.3992E+00
  0.2897E+00  0.3897E+00  0.1776E-01  0.3980E+00  0.3980E+00
  0.2904E+00  0.3925E+00  0.1762E-01  0.3969E+00  0.3969E+00
  0.2910E+00  0.4004E+00  0.1802E-01  0.3957E+00  0.3957E+00
  0.2916E+00  0.3911E+00  0.1622E-01  0.3946E+00  0.3946E+00
  0.2922E+00  0.4001E+00  0.1794E-01  0.3935E+00  0.3935E+00
  0.2928E+00  0.4077E+00  0.1800E-01  0.3923E+00  0.3923E+00
  0.2934E+00  0.4050E+00  0.1908E-01  0.3912E+00  0.3912E+00
  0.2940E+00  0.4118E+00  0.1701E-01  0.3901E+00  0.3901E+00
  0.2946E+00  0.3735E+00  0.1722E-01  0.3890E+00  0.3890E+00
  0.2952E+00  0.4087E+00  0.1742E-01  0.3879E+00  0.3879E+00
  0.2958E+00  0.3897E+00  0.1669E-01  0.3868E+00  0.3868E+00
  0.2964E+00  0.3834E+00  0.1726E-01  0.3857E+00  0.3857E+00
  0.2970E+00  0.3785E+00  0.1586E-01  0.3846E+00  0.3846E+00
  0.2976E+00  0.3670E+00  0.1719E-01  0.3836E+00  0.3836E+00
  0.2983E+00  0.3817E+00  0.1749E-01  0.3825E+00  0.3825E+00
  0.2989E+00  0.3769E+00  0.1786E-01  0.3815E+00  0.3815E+00
  0.2995E+00  0.3666E+00  0.1611E-01  0.3805E+00  0.3805E+00
  0.3001E+00  0.3774E+00  0.1718E-01  0.3794E+00  0.3794E+00
  0.3007E+00  0.3626E+00  0.1862E-01  0.3784E+00  0.3784E+00
  0.3013E+00  0.3926E+00  0.1725E-01  0.3774E+00  0.3774E+00
  0.3019E+00  0.3788E+00  0.1585E-01  0.3765E+00  0.3765E+00
  0.3025E+00  0.3541E+00  0.1686E-01  0.3755E+00  0.3755E+00
  0.3031E+00  0.3860E+00  0.1624E-01  0.3745E+00  0.3745E+00
  0.3037E+00  0.3756E+00  0.1634E-01  0.3736E+00  0.3736E+00
  0.3043E+00  0.3795E+00  0.1686E-01  0.3727E+00  0.3727E+00
  0.3049E+00  0.3603E+00  0.1676E-01  0.3718E+00  0.3718E+00
  0.3056E+00  0.3724E+00  0.1749E-01  0.3709E+00  0.3709E+00
  0.3062E+00  0.3614E+00  0.1934E-01  0.3700E+00  0.3700E+00
  0.3068E+00  0.3733E+00  0.1875E-01  0.3691E+00  0.3691E+00
  0.3074E+00  0.3750E+00  0.1845E-01  0.3683E+00  0.3683E+00
  0.3080E+00  0.3676E+00  0.1519E-01  0.3674E+00  0.3674E+00
  0.3086E+00  0.3481E+00  0.1719E-01  0.3666E+00  0.3666E+00
  0.3092E+00  0.3736E+00  0.2047E-01  0.3658E+00  0.3658E+00
  0.3098E+00  0.3567E+00  0.2541E-01  0.3650E+00  0.3650E+00
  0.3104E+00  0.3824E+00  0.1693E-01  0.3642E+00  0.3642E+00
  0.3110E+00  0.4016E+00  0.2298E-01  0.3635E+00  0.3635E+00
  0.3116E+00  0.3733E+00  0.3532E-01  0.3627E+00  0.3627E+00
  0.3122E+00  0.3839E+00  0.5533E-01  0.3620E+00  0.3620E+00
  0.3128E+00  0.3723E+00  0.4126E-01  0.3613E+00  0.3613E+00
  0.3135E+00  0.3620E+00  0.2120E-01  0.3606E+00  0.3606E+00
  0.3141E+00  0.3777E+00  0.2008E-01  0.3599E+00  0.3599E+00
  0.3147E+00  0.3949E+00  0.2124E-01  0.3592E+00  0.3592E+00
  0.3153E+00  0.3463E+00  0.2121E-01  0.3585E+00  0.3585E+00
  0.3159E+00  0.3762E+00  0.1910E-01  0.3579E+00  0.3579E+00
  0.3165E+00  0.3467E+00  0.2020E-01  0.3573E+00  0.3573E+00
  0.3171E+00  0.3776E+00  0.2170E-01  0.3566E+00  0.3566E+00
  0.3177E+00  0.3630E+00  0.2154E-01  0.3560E+00  0.3560E+00
  0.3183E+00  0.4116E+00  0.2370E-01  0.3555E+00  0.3555E+00
  0.3189E+00  0.3669E+00  0.2352E-01  0.3549E+00  0.3549E+00
  0.3195E+00  0.3784E+00  0.2177E-01  0.3543E+00  0.3543E+00
  0.3201E+00  0.3958E+00  0.2529E-01  0.3538E+00  0.3538E+00
  0.3208E+00  0.3437E+00  0.3148E-01  0.3533E+00  0.3533E+00
  0.3214E+00  0.3703E+00  0.4535E-01  0.3527E+00  0.3527E+00
  0.3220E+00  0.3714E+00  0.5028E-01  0.3522E+00  0.3522E+00
  0.3226E+00  0.3570E+00  0.1030E+00  0.3517E+00  0.3517E+00
  0.3232E+00  0.3261E+00  0.3386E-01  0.3513E+00  0.3513E+00
  0.3238E+00  0.3468E+00  0.3526E-01  0.3508E+00  0.3508E+00
  0.3244E+00  0.3760E+00  0.5036E-01  0.3503E+00  0.3503E+00
  0.3250E+00  0.3576E+00  0.8094E-01  0.3499E+00  0.3499E+00

           Distance distribution  function of particle  


       R          P(R)      ERROR

  0.0000E+00  0.0000E+00  0.0000E+00
  0.5889E+00  0.1968E-02  0.3384E-04
  0.1178E+01  0.3973E-02  0.5852E-04
  0.1767E+01  0.6017E-02  0.7437E-04
  0.2356E+01  0.8107E-02  0.8195E-04
  0.2944E+01  0.1025E-01  0.8198E-04
  0.3533E+01  0.1245E-01  0.7541E-04
  0.4122E+01  0.1472E-01  0.6331E-04
  0.4711E+01  0.1707E-01  0.4701E-04
  0.5300E+01  0.1951E-01  0.2842E-04
  0.5889E+01  0.2205E-01  0.1442E-04
  0.6478E+01  0.2470E-01  0.2518E-04
  0.7067E+01  0.2747E-01  0.4579E-04
  0.7656E+01  0.3036E-01  0.6637E-04
  0.8245E+01  0.3338E-01  0.8488E-04
  0.8833E+01  0.3652E-01  0.1003E-03
  0.9422E+01  0.3980E-01  0.1118E-03
  0.1001E+02  0.4320E-01  0.1189E-03
  0.1060E+02  0.4671E-01  0.1213E-03
  0.1119E+02  0.5033E-01  0.1189E-03
  0.1178E+02  0.5404E-01  0.1120E-03
  0.1237E+02  0.5782E-01  0.1009E-03
  0.1296E+02  0.6165E-01  0.8617E-04
  0.1354E+02  0.6551E-01  0.6903E-04
  0.1413E+02  0.6937E-01  0.5143E-04
  0.1472E+02  0.7320E-01  0.3787E-04
  0.1531E+02  0.7698E-01  0.3703E-04
  0.1590E+02  0.8068E-01  0.5018E-04
  0.1649E+02  0.8425E-01  0.6896E-04
  0.1708E+02  0.8768E-01  0.8831E-04
  0.1767E+02  0.9093E-01  0.1060E-03
  0.1826E+02  0.9397E-01  0.1209E-03
  0.1884E+02  0.9678E-01  0.1321E-03
  0.1943E+02  0.9933E-01  0.1391E-03
  0.2002E+02  0.1016E+00  0.1417E-03
  0.2061E+02  0.1036E+00  0.1398E-03
  0.2120E+02  0.1052E+00  0.1336E-03
  0.2179E+02  0.1066E+00  0.1235E-03
  0.2238E+02  0.1076E+00  0.1102E-03
  0.2297E+02  0.1083E+00  0.9498E-04
  0.2356E+02  0.1086E+00  0.7954E-04
  0.2414E+02  0.1086E+00  0.6685E-04
  0.2473E+02  0.1083E+00  0.6106E-04
  0.2532E+02  0.1076E+00  0.6494E-04
  0.2591E+02  0.1067E+00  0.7660E-04
  0.2650E+02  0.1055E+00  0.9188E-04
  0.2709E+02  0.1040E+00  0.1075E-03
  0.2768E+02  0.1022E+00  0.1216E-03
  0.2827E+02  0.1002E+00  0.1329E-03
  0.2886E+02  0.9805E-01  0.1406E-03
  0.2945E+02  0.9568E-01  0.1443E-03
  0.3003E+02  0.9313E-01  0.1438E-03
  0.3062E+02  0.9044E-01  0.1395E-03
  0.3121E+02  0.8762E-01  0.1317E-03
  0.3180E+02  0.8469E-01  0.1213E-03
  0.3239E+02  0.8167E-01  0.1096E-03
  0.3298E+02  0.7858E-01  0.9861E-04
  0.3357E+02  0.7543E-01  0.9085E-04
  0.3416E+02  0.7223E-01  0.8883E-04
  0.3475E+02  0.6900E-01  0.9358E-04
  0.3533E+02  0.6575E-01  0.1039E-03
  0.3592E+02  0.6249E-01  0.1172E-03
  0.3651E+02  0.5923E-01  0.1311E-03
  0.3710E+02  0.5598E-01  0.1438E-03
  0.3769E+02  0.5275E-01  0.1539E-03
  0.3828E+02  0.4955E-01  0.1604E-03
  0.3887E+02  0.4639E-01  0.1630E-03
  0.3946E+02  0.4327E-01  0.1613E-03
  0.4005E+02  0.4022E-01  0.1554E-03
  0.4063E+02  0.3723E-01  0.1459E-03
  0.4122E+02  0.3432E-01  0.1337E-03
  0.4181E+02  0.3150E-01  0.1203E-03
  0.4240E+02  0.2879E-01  0.1080E-03
  0.4299E+02  0.2619E-01  0.9984E-04
  0.4358E+02  0.2372E-01  0.9887E-04
  0.4417E+02  0.2138E-01  0.1060E-03
  0.4476E+02  0.1919E-01  0.1193E-03
  0.4535E+02  0.1717E-01  0.1358E-03
  0.4593E+02  0.1530E-01  0.1527E-03
  0.4652E+02  0.1362E-01  0.1677E-03
  0.4711E+02  0.1211E-01  0.1794E-03
  0.4770E+02  0.1079E-01  0.1867E-03
  0.4829E+02  0.9648E-02  0.1889E-03
  0.4888E+02  0.8686E-02  0.1858E-03
  0.4947E+02  0.7895E-02  0.1776E-03
  0.5006E+02  0.7267E-02  0.1652E-03
  0.5065E+02  0.6787E-02  0.1503E-03
  0.5123E+02  0.6436E-02  0.1356E-03
  0.5182E+02  0.6195E-02  0.1253E-03
  0.5241E+02  0.6037E-02  0.1238E-03
  0.5300E+02  0.5934E-02  0.1332E-03
  0.5359E+02  0.5855E-02  0.1510E-03
  0.5418E+02  0.5764E-02  0.1727E-03
  0.5477E+02  0.5625E-02  0.1934E-03
  0.5536E+02  0.5401E-02  0.2090E-03
  0.5595E+02  0.5049E-02  0.2158E-03
  0.5653E+02  0.4532E-02  0.2103E-03
  0.5712E+02  0.3807E-02  0.1892E-03
  0.5771E+02  0.2835E-02  0.1492E-03
  0.5830E+02  0.1578E-02  0.8719E-04
  0.5889E+02  0.0000E+00  0.0000E+00
          Reciprocal space: Rg =   19.37     , I(0) =   0.3644E+02
     Real space: Rg =   19.34 +- 0.012  I(0) =   0.3644E+02 +-  0.2551E-01
