
           ####    G N O M   ---   Version 4.5a revised 09/02/02     ####

                                                  Tue Nov  3 18:09:14 2009
           ===    Run No   1   ===
 Run title:  0.010642 35.839235 0.345332


  Number of points omitted at the beginning:          18
   *******   Working Directory :
   *******    Input file(s) :
           Condition P(rmin) = 0 is used. 
           Condition P(rmax) = 0 is used. 

          Experimental conditions for the first run
          -----------------------------------------

          Highest ALPHA is found to be   0.3514E+04

  The measure of inconsistency AN1 equals to    0.8642E+00
     Alpha    Discrp  Oscill  Stabil  Sysdev  Positv  Valcen    Total   
  0.3514E+07275.2633  1.1362  0.9367  0.0000  1.0000  0.8677  0.33446
  0.7028E+06235.9203  1.1085  0.7857  0.0080  1.0000  0.8771  0.33714
  0.1406E+06155.0320  1.0594  0.5082  0.0120  1.0000  0.9014  0.34209
  0.2811E+05 70.9929  1.0716  0.2289  0.0402  1.0000  0.9276  0.35969
  0.5623E+04 24.5395  1.1449  0.0807  0.0321  1.0000  0.9455  0.50006
  0.1125E+04  6.7454  1.2161  0.0305  0.1928  1.0000  0.9547  0.58410
  0.2249E+03  1.8506  1.2439  0.0087  0.3775  1.0000  0.9576  0.64469
  0.4498E+02  0.9338  1.2542  0.0072  0.7470  1.0000  0.9589  0.88391
  0.8996E+01  0.7152  1.2633  0.0039  0.8353  1.0000  0.9597  0.96005
  0.1799E+01  0.6852  1.2686  0.0034  0.8273  1.0000  0.9598  0.95625
  0.3598E+00  0.6792  1.2750  0.0058  0.8434  1.0000  0.9594  0.96202
  0.7197E-01  0.6741  1.3069  0.0253  0.8594  1.0000  0.9598  0.95583
  0.1439E-01  0.6606  1.6680  0.0804  0.8755  0.9998  0.9610  0.80147
  0.2879E-02  0.6424  2.8922  0.0915  0.9157  0.9971  0.9554  0.67853
  0.5758E-03  0.6349  4.2668  0.1756  0.9076  0.9900  0.9380  0.58014
  0.1152E-03  0.6258  8.0387  0.5798  0.9157  0.9489  0.8336  0.50176
  0.2303E-04  0.6075 10.6177  0.5020  0.9558  0.8556  0.5120  0.43889
  0.4606E-05  0.5967 11.5525  0.2456  0.9558  0.8018  0.4323  0.42850
  0.9212E-06  0.5926 13.8909  0.8142  0.9639  0.7627  0.4088  0.00000

          ***  Golden section search to maximize estimate ***
     Alpha    Discrp  Oscill  Stabil  Sysdev  Positv  Valcen    Total   
  0.2631E+01  0.6878  1.2675  0.0028  0.8112  1.0000  0.9598  0.94915
  0.7694E+00  0.6815  1.2712  0.0045  0.8514  1.0000  0.9595  0.96579
  0.1645E+01  0.6847  1.2688  0.0035  0.8273  1.0000  0.9597  0.95620
  0.1028E+01  0.6826  1.2702  0.0042  0.8514  1.0000  0.9596  0.96594
  0.1375E+01  0.6838  1.2693  0.0038  0.8353  1.0000  0.9597  0.95957
  0.1149E+01  0.6830  1.2699  0.0041  0.8514  1.0000  0.9597  0.96599
  0.1284E+01  0.6835  1.2695  0.0039  0.8514  1.0000  0.9597  0.96605
  0.1318E+01  0.6836  1.2694  0.0039  0.8434  1.0000  0.9597  0.96287
  0.1263E+01  0.6834  1.2696  0.0039  0.8514  1.0000  0.9597  0.96604
  0.1297E+01  0.6835  1.2695  0.0039  0.8514  1.0000  0.9597  0.96605
  0.1305E+01  0.6836  1.2695  0.0039  0.8514  1.0000  0.9597  0.96606
  0.1310E+01  0.6836  1.2695  0.0039  0.8434  1.0000  0.9597  0.96287
  0.1302E+01  0.6836  1.2695  0.0039  0.8514  1.0000  0.9597  0.96605
  0.1307E+01  0.6836  1.2695  0.0039  0.8514  1.0000  0.9597  0.96606
  0.1308E+01  0.6836  1.2695  0.0039  0.8514  1.0000  0.9597  0.96606
  0.1308E+01  0.6836  1.2695  0.0039  0.8514  1.0000  0.9597  0.96606
  0.1309E+01  0.6836  1.2695  0.0039  0.8514  1.0000  0.9597  0.96606
  0.1309E+01  0.6836  1.2695  0.0039  0.8434  1.0000  0.9597  0.96287
  0.1309E+01  0.6836  1.2695  0.0039  0.8514  1.0000  0.9597  0.96606



             ####            Final results            ####

 Parameter    DISCRP    OSCILL    STABIL    SYSDEV    POSITV    VALCEN
 Weight        1.000     3.000     3.000     5.000     1.000     1.000
 Sigma         0.300     0.600     0.120     0.500     0.120     0.120
 Ideal         0.700     1.200     0.000     1.000     1.000     0.950
 Current       0.684     1.269     0.004     0.851     1.000     0.960
                - - - - - - - - - - - - - - - - - - - - - - - - - 
 Estimate      0.997     0.987     0.999     0.915     1.000     0.994

  Angular   range    :     from    0.0222   to    0.3250
  Real space range   :     from      0.00   to     58.53

  Highest ALPHA (theor) :   0.351E+07                 JOB = 0
  Current ALPHA         :   0.131E+01   Rg :  0.193E+02   I(0) :   0.364E+02

           Total  estimate : 0.966  which is  AN EXCELLENT  solution

      S          J EXP       ERROR       J REG       I REG

  0.0000E+00                                      0.3638E+02
  0.7928E-03                                      0.3638E+02
  0.1586E-02                                      0.3637E+02
  0.2378E-02                                      0.3635E+02
  0.3171E-02                                      0.3633E+02
  0.3964E-02                                      0.3631E+02
  0.4757E-02                                      0.3628E+02
  0.5549E-02                                      0.3624E+02
  0.6342E-02                                      0.3620E+02
  0.7135E-02                                      0.3615E+02
  0.7928E-02                                      0.3610E+02
  0.8720E-02                                      0.3604E+02
  0.9513E-02                                      0.3597E+02
  0.1031E-01                                      0.3590E+02
  0.1110E-01                                      0.3583E+02
  0.1189E-01                                      0.3574E+02
  0.1268E-01                                      0.3566E+02
  0.1348E-01                                      0.3557E+02
  0.1427E-01                                      0.3547E+02
  0.1506E-01                                      0.3537E+02
  0.1586E-01                                      0.3526E+02
  0.1665E-01                                      0.3514E+02
  0.1744E-01                                      0.3503E+02
  0.1823E-01                                      0.3490E+02
  0.1903E-01                                      0.3477E+02
  0.1982E-01                                      0.3464E+02
  0.2061E-01                                      0.3450E+02
  0.2140E-01                                      0.3436E+02
  0.2220E-01  0.3434E+02  0.8610E-01  0.3421E+02  0.3421E+02
  0.2281E-01  0.3425E+02  0.1113E+00  0.3409E+02  0.3409E+02
  0.2341E-01  0.3408E+02  0.7988E-01  0.3398E+02  0.3398E+02
  0.2402E-01  0.3393E+02  0.6156E-01  0.3385E+02  0.3385E+02
  0.2463E-01  0.3384E+02  0.5887E-01  0.3373E+02  0.3373E+02
  0.2524E-01  0.3370E+02  0.7091E-01  0.3360E+02  0.3360E+02
  0.2585E-01  0.3358E+02  0.6393E-01  0.3347E+02  0.3347E+02
  0.2645E-01  0.3343E+02  0.7404E-01  0.3334E+02  0.3334E+02
  0.2706E-01  0.3327E+02  0.7021E-01  0.3320E+02  0.3320E+02
  0.2767E-01  0.3314E+02  0.5625E-01  0.3306E+02  0.3306E+02
  0.2828E-01  0.3293E+02  0.5268E-01  0.3292E+02  0.3292E+02
  0.2889E-01  0.3287E+02  0.5872E-01  0.3278E+02  0.3278E+02
  0.2949E-01  0.3265E+02  0.5713E-01  0.3264E+02  0.3264E+02
  0.3010E-01  0.3252E+02  0.5497E-01  0.3249E+02  0.3249E+02
  0.3071E-01  0.3238E+02  0.6235E-01  0.3234E+02  0.3234E+02
  0.3132E-01  0.3218E+02  0.4943E-01  0.3219E+02  0.3219E+02
  0.3193E-01  0.3199E+02  0.4635E-01  0.3203E+02  0.3203E+02
  0.3254E-01  0.3188E+02  0.4946E-01  0.3187E+02  0.3187E+02
  0.3314E-01  0.3169E+02  0.5195E-01  0.3171E+02  0.3171E+02
  0.3375E-01  0.3157E+02  0.6271E-01  0.3155E+02  0.3155E+02
  0.3436E-01  0.3147E+02  0.6309E-01  0.3139E+02  0.3139E+02
  0.3497E-01  0.3126E+02  0.5294E-01  0.3122E+02  0.3122E+02
  0.3558E-01  0.3096E+02  0.5546E-01  0.3106E+02  0.3106E+02
  0.3618E-01  0.3090E+02  0.5232E-01  0.3089E+02  0.3089E+02
  0.3679E-01  0.3070E+02  0.6120E-01  0.3072E+02  0.3072E+02
  0.3740E-01  0.3051E+02  0.5333E-01  0.3054E+02  0.3054E+02
  0.3801E-01  0.3052E+02  0.5971E-01  0.3037E+02  0.3037E+02
  0.3862E-01  0.3025E+02  0.5001E-01  0.3019E+02  0.3019E+02
  0.3922E-01  0.3003E+02  0.6290E-01  0.3001E+02  0.3001E+02
  0.3983E-01  0.2987E+02  0.4973E-01  0.2983E+02  0.2983E+02
  0.4044E-01  0.2973E+02  0.6136E-01  0.2965E+02  0.2965E+02
  0.4105E-01  0.2951E+02  0.5142E-01  0.2946E+02  0.2946E+02
  0.4166E-01  0.2935E+02  0.5268E-01  0.2928E+02  0.2928E+02
  0.4227E-01  0.2909E+02  0.4719E-01  0.2909E+02  0.2909E+02
  0.4287E-01  0.2899E+02  0.5089E-01  0.2890E+02  0.2890E+02
  0.4348E-01  0.2869E+02  0.5448E-01  0.2871E+02  0.2871E+02
  0.4409E-01  0.2851E+02  0.5576E-01  0.2852E+02  0.2852E+02
  0.4470E-01  0.2826E+02  0.4630E-01  0.2833E+02  0.2833E+02
  0.4531E-01  0.2807E+02  0.4768E-01  0.2813E+02  0.2813E+02
  0.4591E-01  0.2791E+02  0.4667E-01  0.2794E+02  0.2794E+02
  0.4652E-01  0.2771E+02  0.4512E-01  0.2774E+02  0.2774E+02
  0.4713E-01  0.2756E+02  0.4589E-01  0.2754E+02  0.2754E+02
  0.4774E-01  0.2736E+02  0.4565E-01  0.2734E+02  0.2734E+02
  0.4835E-01  0.2719E+02  0.5014E-01  0.2714E+02  0.2714E+02
  0.4895E-01  0.2694E+02  0.4648E-01  0.2694E+02  0.2694E+02
  0.4956E-01  0.2670E+02  0.5719E-01  0.2673E+02  0.2673E+02
  0.5017E-01  0.2652E+02  0.4908E-01  0.2653E+02  0.2653E+02
  0.5078E-01  0.2632E+02  0.4995E-01  0.2632E+02  0.2632E+02
  0.5139E-01  0.2603E+02  0.4364E-01  0.2612E+02  0.2612E+02
  0.5200E-01  0.2590E+02  0.4566E-01  0.2591E+02  0.2591E+02
  0.5260E-01  0.2571E+02  0.4076E-01  0.2570E+02  0.2570E+02
  0.5321E-01  0.2548E+02  0.3810E-01  0.2550E+02  0.2550E+02
  0.5382E-01  0.2526E+02  0.4738E-01  0.2529E+02  0.2529E+02
  0.5443E-01  0.2510E+02  0.3716E-01  0.2508E+02  0.2508E+02
  0.5504E-01  0.2477E+02  0.4541E-01  0.2487E+02  0.2487E+02
  0.5564E-01  0.2467E+02  0.4245E-01  0.2466E+02  0.2466E+02
  0.5625E-01  0.2446E+02  0.4112E-01  0.2444E+02  0.2444E+02
  0.5686E-01  0.2418E+02  0.3968E-01  0.2423E+02  0.2423E+02
  0.5747E-01  0.2403E+02  0.4433E-01  0.2402E+02  0.2402E+02
  0.5808E-01  0.2377E+02  0.4042E-01  0.2380E+02  0.2380E+02
  0.5868E-01  0.2348E+02  0.4690E-01  0.2359E+02  0.2359E+02
  0.5929E-01  0.2339E+02  0.4778E-01  0.2338E+02  0.2338E+02
  0.5990E-01  0.2316E+02  0.4502E-01  0.2316E+02  0.2316E+02
  0.6051E-01  0.2279E+02  0.4507E-01  0.2295E+02  0.2295E+02
  0.6112E-01  0.2276E+02  0.4583E-01  0.2273E+02  0.2273E+02
  0.6173E-01  0.2245E+02  0.4380E-01  0.2252E+02  0.2252E+02
  0.6233E-01  0.2229E+02  0.4156E-01  0.2230E+02  0.2230E+02
  0.6294E-01  0.2205E+02  0.4140E-01  0.2209E+02  0.2209E+02
  0.6355E-01  0.2181E+02  0.4432E-01  0.2187E+02  0.2187E+02
  0.6416E-01  0.2155E+02  0.4360E-01  0.2166E+02  0.2166E+02
  0.6477E-01  0.2141E+02  0.3959E-01  0.2144E+02  0.2144E+02
  0.6537E-01  0.2120E+02  0.4151E-01  0.2123E+02  0.2123E+02
  0.6598E-01  0.2100E+02  0.4054E-01  0.2101E+02  0.2101E+02
  0.6659E-01  0.2078E+02  0.4250E-01  0.2079E+02  0.2079E+02
  0.6720E-01  0.2051E+02  0.3991E-01  0.2058E+02  0.2058E+02
  0.6781E-01  0.2037E+02  0.3911E-01  0.2036E+02  0.2036E+02
  0.6841E-01  0.2014E+02  0.4078E-01  0.2015E+02  0.2015E+02
  0.6902E-01  0.1989E+02  0.3639E-01  0.1994E+02  0.1994E+02
  0.6963E-01  0.1968E+02  0.3768E-01  0.1972E+02  0.1972E+02
  0.7024E-01  0.1948E+02  0.4061E-01  0.1951E+02  0.1951E+02
  0.7085E-01  0.1926E+02  0.3775E-01  0.1929E+02  0.1929E+02
  0.7146E-01  0.1908E+02  0.4026E-01  0.1908E+02  0.1908E+02
  0.7206E-01  0.1891E+02  0.4011E-01  0.1887E+02  0.1887E+02
  0.7267E-01  0.1869E+02  0.3758E-01  0.1866E+02  0.1866E+02
  0.7328E-01  0.1840E+02  0.3903E-01  0.1845E+02  0.1845E+02
  0.7389E-01  0.1827E+02  0.3651E-01  0.1823E+02  0.1823E+02
  0.7450E-01  0.1798E+02  0.3951E-01  0.1802E+02  0.1802E+02
  0.7510E-01  0.1779E+02  0.3402E-01  0.1781E+02  0.1781E+02
  0.7571E-01  0.1759E+02  0.3625E-01  0.1761E+02  0.1761E+02
  0.7632E-01  0.1736E+02  0.3506E-01  0.1740E+02  0.1740E+02
  0.7693E-01  0.1719E+02  0.3562E-01  0.1719E+02  0.1719E+02
  0.7754E-01  0.1694E+02  0.3323E-01  0.1698E+02  0.1698E+02
  0.7814E-01  0.1676E+02  0.3585E-01  0.1678E+02  0.1678E+02
  0.7875E-01  0.1649E+02  0.2988E-01  0.1657E+02  0.1657E+02
  0.7936E-01  0.1638E+02  0.3394E-01  0.1637E+02  0.1637E+02
  0.7997E-01  0.1612E+02  0.3413E-01  0.1616E+02  0.1616E+02
  0.8058E-01  0.1597E+02  0.3176E-01  0.1596E+02  0.1596E+02
  0.8118E-01  0.1574E+02  0.3620E-01  0.1576E+02  0.1576E+02
  0.8179E-01  0.1558E+02  0.3033E-01  0.1556E+02  0.1556E+02
  0.8240E-01  0.1531E+02  0.3288E-01  0.1536E+02  0.1536E+02
  0.8301E-01  0.1516E+02  0.3208E-01  0.1516E+02  0.1516E+02
  0.8362E-01  0.1494E+02  0.3206E-01  0.1496E+02  0.1496E+02
  0.8423E-01  0.1475E+02  0.3183E-01  0.1476E+02  0.1476E+02
  0.8483E-01  0.1455E+02  0.3117E-01  0.1457E+02  0.1457E+02
  0.8544E-01  0.1430E+02  0.3369E-01  0.1437E+02  0.1437E+02
  0.8605E-01  0.1417E+02  0.3045E-01  0.1418E+02  0.1418E+02
  0.8666E-01  0.1396E+02  0.3000E-01  0.1399E+02  0.1399E+02
  0.8727E-01  0.1382E+02  0.3489E-01  0.1380E+02  0.1380E+02
  0.8787E-01  0.1362E+02  0.2980E-01  0.1361E+02  0.1361E+02
  0.8848E-01  0.1347E+02  0.3342E-01  0.1342E+02  0.1342E+02
  0.8909E-01  0.1321E+02  0.3172E-01  0.1323E+02  0.1323E+02
  0.8970E-01  0.1308E+02  0.3089E-01  0.1304E+02  0.1304E+02
  0.9031E-01  0.1281E+02  0.3127E-01  0.1286E+02  0.1286E+02
  0.9091E-01  0.1264E+02  0.3257E-01  0.1267E+02  0.1267E+02
  0.9152E-01  0.1251E+02  0.3409E-01  0.1249E+02  0.1249E+02
  0.9213E-01  0.1233E+02  0.2853E-01  0.1231E+02  0.1231E+02
  0.9274E-01  0.1207E+02  0.3220E-01  0.1213E+02  0.1213E+02
  0.9335E-01  0.1200E+02  0.3084E-01  0.1195E+02  0.1195E+02
  0.9396E-01  0.1177E+02  0.2840E-01  0.1177E+02  0.1177E+02
  0.9456E-01  0.1164E+02  0.2836E-01  0.1160E+02  0.1160E+02
  0.9517E-01  0.1143E+02  0.2890E-01  0.1142E+02  0.1142E+02
  0.9578E-01  0.1127E+02  0.2801E-01  0.1125E+02  0.1125E+02
  0.9639E-01  0.1113E+02  0.2938E-01  0.1108E+02  0.1108E+02
  0.9700E-01  0.1094E+02  0.2695E-01  0.1091E+02  0.1091E+02
  0.9760E-01  0.1074E+02  0.2565E-01  0.1074E+02  0.1074E+02
  0.9821E-01  0.1056E+02  0.2765E-01  0.1057E+02  0.1057E+02
  0.9882E-01  0.1043E+02  0.2663E-01  0.1041E+02  0.1041E+02
  0.9943E-01  0.1022E+02  0.2843E-01  0.1024E+02  0.1024E+02
  0.1000E+00  0.1008E+02  0.2524E-01  0.1008E+02  0.1008E+02
  0.1006E+00  0.9949E+01  0.2564E-01  0.9920E+01  0.9920E+01
  0.1013E+00  0.9767E+01  0.2366E-01  0.9760E+01  0.9760E+01
  0.1019E+00  0.9609E+01  0.2525E-01  0.9602E+01  0.9602E+01
  0.1025E+00  0.9457E+01  0.2431E-01  0.9445E+01  0.9445E+01
  0.1031E+00  0.9283E+01  0.2457E-01  0.9290E+01  0.9290E+01
  0.1037E+00  0.9152E+01  0.2597E-01  0.9136E+01  0.9136E+01
  0.1043E+00  0.8999E+01  0.2373E-01  0.8984E+01  0.8984E+01
  0.1049E+00  0.8859E+01  0.2430E-01  0.8834E+01  0.8834E+01
  0.1055E+00  0.8713E+01  0.2524E-01  0.8685E+01  0.8685E+01
  0.1061E+00  0.8544E+01  0.2230E-01  0.8538E+01  0.8538E+01
  0.1067E+00  0.8441E+01  0.2289E-01  0.8392E+01  0.8392E+01
  0.1073E+00  0.8250E+01  0.2402E-01  0.8248E+01  0.8248E+01
  0.1079E+00  0.8146E+01  0.2263E-01  0.8105E+01  0.8105E+01
  0.1085E+00  0.7985E+01  0.2490E-01  0.7964E+01  0.7964E+01
  0.1092E+00  0.7856E+01  0.2166E-01  0.7825E+01  0.7825E+01
  0.1098E+00  0.7675E+01  0.2252E-01  0.7687E+01  0.7687E+01
  0.1104E+00  0.7556E+01  0.1943E-01  0.7551E+01  0.7551E+01
  0.1110E+00  0.7383E+01  0.2063E-01  0.7416E+01  0.7416E+01
  0.1116E+00  0.7290E+01  0.1973E-01  0.7283E+01  0.7283E+01
  0.1122E+00  0.7176E+01  0.2273E-01  0.7151E+01  0.7151E+01
  0.1128E+00  0.7029E+01  0.2092E-01  0.7021E+01  0.7021E+01
  0.1134E+00  0.6888E+01  0.2192E-01  0.6893E+01  0.6893E+01
  0.1140E+00  0.6754E+01  0.2038E-01  0.6766E+01  0.6766E+01
  0.1146E+00  0.6667E+01  0.2039E-01  0.6641E+01  0.6641E+01
  0.1152E+00  0.6524E+01  0.1904E-01  0.6517E+01  0.6517E+01
  0.1158E+00  0.6420E+01  0.1891E-01  0.6395E+01  0.6395E+01
  0.1165E+00  0.6271E+01  0.1953E-01  0.6275E+01  0.6275E+01
  0.1171E+00  0.6205E+01  0.1975E-01  0.6156E+01  0.6156E+01
  0.1177E+00  0.6027E+01  0.2026E-01  0.6039E+01  0.6039E+01
  0.1183E+00  0.5951E+01  0.1976E-01  0.5923E+01  0.5923E+01
  0.1189E+00  0.5807E+01  0.2029E-01  0.5809E+01  0.5809E+01
  0.1195E+00  0.5711E+01  0.1852E-01  0.5696E+01  0.5696E+01
  0.1201E+00  0.5592E+01  0.1877E-01  0.5585E+01  0.5585E+01
  0.1207E+00  0.5488E+01  0.1696E-01  0.5476E+01  0.5476E+01
  0.1213E+00  0.5382E+01  0.1755E-01  0.5368E+01  0.5368E+01
  0.1219E+00  0.5261E+01  0.1844E-01  0.5261E+01  0.5261E+01
  0.1225E+00  0.5181E+01  0.1770E-01  0.5157E+01  0.5157E+01
  0.1231E+00  0.5055E+01  0.1678E-01  0.5053E+01  0.5053E+01
  0.1238E+00  0.4969E+01  0.1775E-01  0.4951E+01  0.4951E+01
  0.1244E+00  0.4848E+01  0.1671E-01  0.4851E+01  0.4851E+01
  0.1250E+00  0.4742E+01  0.1636E-01  0.4752E+01  0.4752E+01
  0.1256E+00  0.4652E+01  0.1705E-01  0.4655E+01  0.4655E+01
  0.1262E+00  0.4584E+01  0.1740E-01  0.4559E+01  0.4559E+01
  0.1268E+00  0.4457E+01  0.1999E-01  0.4465E+01  0.4465E+01
  0.1274E+00  0.4397E+01  0.1540E-01  0.4372E+01  0.4372E+01
  0.1280E+00  0.4286E+01  0.1723E-01  0.4280E+01  0.4280E+01
  0.1286E+00  0.4186E+01  0.1682E-01  0.4190E+01  0.4190E+01
  0.1292E+00  0.4119E+01  0.1588E-01  0.4102E+01  0.4102E+01
  0.1298E+00  0.4020E+01  0.1699E-01  0.4015E+01  0.4015E+01
  0.1304E+00  0.3932E+01  0.1602E-01  0.3929E+01  0.3929E+01
  0.1310E+00  0.3862E+01  0.1400E-01  0.3845E+01  0.3845E+01
  0.1317E+00  0.3719E+01  0.1527E-01  0.3762E+01  0.3762E+01
  0.1323E+00  0.3677E+01  0.1504E-01  0.3680E+01  0.3680E+01
  0.1329E+00  0.3603E+01  0.1546E-01  0.3600E+01  0.3600E+01
  0.1335E+00  0.3523E+01  0.1450E-01  0.3522E+01  0.3522E+01
  0.1341E+00  0.3441E+01  0.1569E-01  0.3444E+01  0.3444E+01
  0.1347E+00  0.3374E+01  0.1462E-01  0.3368E+01  0.3368E+01
  0.1353E+00  0.3306E+01  0.1534E-01  0.3293E+01  0.3293E+01
  0.1359E+00  0.3200E+01  0.1469E-01  0.3220E+01  0.3220E+01
  0.1365E+00  0.3170E+01  0.1420E-01  0.3148E+01  0.3148E+01
  0.1371E+00  0.3046E+01  0.1527E-01  0.3077E+01  0.3077E+01
  0.1377E+00  0.3012E+01  0.1469E-01  0.3008E+01  0.3008E+01
  0.1383E+00  0.2932E+01  0.1467E-01  0.2940E+01  0.2940E+01
  0.1390E+00  0.2894E+01  0.1416E-01  0.2873E+01  0.2873E+01
  0.1396E+00  0.2807E+01  0.1407E-01  0.2807E+01  0.2807E+01
  0.1402E+00  0.2766E+01  0.1530E-01  0.2743E+01  0.2743E+01
  0.1408E+00  0.2676E+01  0.1374E-01  0.2679E+01  0.2679E+01
  0.1414E+00  0.2637E+01  0.1448E-01  0.2617E+01  0.2617E+01
  0.1420E+00  0.2564E+01  0.1345E-01  0.2557E+01  0.2557E+01
  0.1426E+00  0.2496E+01  0.1355E-01  0.2497E+01  0.2497E+01
  0.1432E+00  0.2430E+01  0.1408E-01  0.2439E+01  0.2439E+01
  0.1438E+00  0.2391E+01  0.1344E-01  0.2381E+01  0.2381E+01
  0.1444E+00  0.2334E+01  0.1278E-01  0.2325E+01  0.2325E+01
  0.1450E+00  0.2266E+01  0.1284E-01  0.2270E+01  0.2270E+01
  0.1456E+00  0.2228E+01  0.1346E-01  0.2216E+01  0.2216E+01
  0.1463E+00  0.2161E+01  0.1279E-01  0.2164E+01  0.2164E+01
  0.1469E+00  0.2123E+01  0.1176E-01  0.2112E+01  0.2112E+01
  0.1475E+00  0.2040E+01  0.1253E-01  0.2061E+01  0.2061E+01
  0.1481E+00  0.1998E+01  0.1333E-01  0.2012E+01  0.2012E+01
  0.1487E+00  0.1957E+01  0.1781E-01  0.1963E+01  0.1963E+01
  0.1493E+00  0.1880E+01  0.1180E-01  0.1916E+01  0.1916E+01
  0.1499E+00  0.1862E+01  0.1363E-01  0.1870E+01  0.1870E+01
  0.1505E+00  0.1796E+01  0.1225E-01  0.1824E+01  0.1824E+01
  0.1511E+00  0.1763E+01  0.1162E-01  0.1780E+01  0.1780E+01
  0.1517E+00  0.1724E+01  0.1157E-01  0.1737E+01  0.1737E+01
  0.1523E+00  0.1689E+01  0.1191E-01  0.1694E+01  0.1694E+01
  0.1529E+00  0.1642E+01  0.1152E-01  0.1653E+01  0.1653E+01
  0.1535E+00  0.1599E+01  0.1095E-01  0.1612E+01  0.1612E+01
  0.1542E+00  0.1556E+01  0.1088E-01  0.1573E+01  0.1573E+01
  0.1548E+00  0.1519E+01  0.1077E-01  0.1534E+01  0.1534E+01
  0.1554E+00  0.1477E+01  0.1173E-01  0.1497E+01  0.1497E+01
  0.1560E+00  0.1449E+01  0.1064E-01  0.1460E+01  0.1460E+01
  0.1566E+00  0.1400E+01  0.1077E-01  0.1424E+01  0.1424E+01
  0.1572E+00  0.1373E+01  0.1119E-01  0.1389E+01  0.1389E+01
  0.1578E+00  0.1342E+01  0.1217E-01  0.1355E+01  0.1355E+01
  0.1584E+00  0.1310E+01  0.1172E-01  0.1321E+01  0.1321E+01
  0.1590E+00  0.1283E+01  0.1172E-01  0.1289E+01  0.1289E+01
  0.1596E+00  0.1246E+01  0.2780E-01  0.1257E+01  0.1257E+01
  0.1602E+00  0.1230E+01  0.2332E-01  0.1226E+01  0.1226E+01
  0.1608E+00  0.1189E+01  0.1015E-01  0.1196E+01  0.1196E+01
  0.1615E+00  0.1162E+01  0.1098E-01  0.1167E+01  0.1167E+01
  0.1621E+00  0.1136E+01  0.1007E-01  0.1138E+01  0.1138E+01
  0.1627E+00  0.1119E+01  0.2332E-01  0.1110E+01  0.1110E+01
  0.1633E+00  0.1078E+01  0.1025E-01  0.1083E+01  0.1083E+01
  0.1639E+00  0.1060E+01  0.1006E-01  0.1057E+01  0.1057E+01
  0.1645E+00  0.1049E+01  0.9653E-02  0.1031E+01  0.1031E+01
  0.1651E+00  0.1012E+01  0.9767E-02  0.1006E+01  0.1006E+01
  0.1657E+00  0.9896E+00  0.1027E-01  0.9822E+00  0.9822E+00
  0.1663E+00  0.9655E+00  0.1013E-01  0.9587E+00  0.9587E+00
  0.1669E+00  0.9357E+00  0.9746E-02  0.9358E+00  0.9358E+00
  0.1675E+00  0.9113E+00  0.9748E-02  0.9136E+00  0.9136E+00
  0.1681E+00  0.8877E+00  0.1074E-01  0.8920E+00  0.8920E+00
  0.1688E+00  0.8649E+00  0.1019E-01  0.8710E+00  0.8710E+00
  0.1694E+00  0.8349E+00  0.1079E-01  0.8506E+00  0.8506E+00
  0.1700E+00  0.8062E+00  0.9465E-02  0.8309E+00  0.8309E+00
  0.1706E+00  0.8019E+00  0.9991E-02  0.8117E+00  0.8117E+00
  0.1712E+00  0.7829E+00  0.9149E-02  0.7932E+00  0.7932E+00
  0.1718E+00  0.7908E+00  0.9705E-02  0.7752E+00  0.7752E+00
  0.1724E+00  0.7786E+00  0.9287E-02  0.7577E+00  0.7577E+00
  0.1730E+00  0.7687E+00  0.9496E-02  0.7408E+00  0.7408E+00
  0.1736E+00  0.7368E+00  0.1008E-01  0.7244E+00  0.7244E+00
  0.1742E+00  0.7346E+00  0.1004E-01  0.7086E+00  0.7086E+00
  0.1748E+00  0.6843E+00  0.9691E-02  0.6933E+00  0.6933E+00
  0.1754E+00  0.7045E+00  0.9559E-02  0.6785E+00  0.6785E+00
  0.1760E+00  0.6721E+00  0.1031E-01  0.6642E+00  0.6642E+00
  0.1767E+00  0.6602E+00  0.9546E-02  0.6503E+00  0.6503E+00
  0.1773E+00  0.6409E+00  0.9800E-02  0.6370E+00  0.6370E+00
  0.1779E+00  0.6383E+00  0.9927E-02  0.6241E+00  0.6241E+00
  0.1785E+00  0.6151E+00  0.1030E-01  0.6116E+00  0.6116E+00
  0.1791E+00  0.6101E+00  0.9828E-02  0.5996E+00  0.5996E+00
  0.1797E+00  0.5864E+00  0.9968E-02  0.5880E+00  0.5880E+00
  0.1803E+00  0.5626E+00  0.1051E-01  0.5769E+00  0.5769E+00
  0.1809E+00  0.5542E+00  0.9845E-02  0.5661E+00  0.5661E+00
  0.1815E+00  0.5410E+00  0.9365E-02  0.5558E+00  0.5558E+00
  0.1821E+00  0.5398E+00  0.9299E-02  0.5458E+00  0.5458E+00
  0.1827E+00  0.5109E+00  0.9295E-02  0.5362E+00  0.5362E+00
  0.1833E+00  0.5263E+00  0.9637E-02  0.5270E+00  0.5270E+00
  0.1840E+00  0.5255E+00  0.9079E-02  0.5182E+00  0.5182E+00
  0.1846E+00  0.5098E+00  0.8985E-02  0.5097E+00  0.5097E+00
  0.1852E+00  0.4997E+00  0.9098E-02  0.5016E+00  0.5016E+00
  0.1858E+00  0.4906E+00  0.8822E-02  0.4938E+00  0.4938E+00
  0.1864E+00  0.4723E+00  0.9473E-02  0.4864E+00  0.4864E+00
  0.1870E+00  0.4679E+00  0.9057E-02  0.4792E+00  0.4792E+00
  0.1876E+00  0.4543E+00  0.1179E-01  0.4724E+00  0.4724E+00
  0.1882E+00  0.4630E+00  0.8902E-02  0.4659E+00  0.4659E+00
  0.1888E+00  0.4412E+00  0.9306E-02  0.4596E+00  0.4596E+00
  0.1894E+00  0.4710E+00  0.7881E-02  0.4537E+00  0.4537E+00
  0.1900E+00  0.4499E+00  0.9582E-02  0.4480E+00  0.4480E+00
  0.1906E+00  0.4486E+00  0.9104E-02  0.4427E+00  0.4427E+00
  0.1912E+00  0.4420E+00  0.9212E-02  0.4375E+00  0.4375E+00
  0.1919E+00  0.4271E+00  0.9455E-02  0.4327E+00  0.4327E+00
  0.1925E+00  0.4376E+00  0.8288E-02  0.4280E+00  0.4280E+00
  0.1931E+00  0.4293E+00  0.9198E-02  0.4236E+00  0.4236E+00
  0.1937E+00  0.4256E+00  0.9346E-02  0.4195E+00  0.4195E+00
  0.1943E+00  0.4241E+00  0.9359E-02  0.4156E+00  0.4156E+00
  0.1949E+00  0.4151E+00  0.8518E-02  0.4119E+00  0.4119E+00
  0.1955E+00  0.4091E+00  0.9068E-02  0.4084E+00  0.4084E+00
  0.1961E+00  0.4150E+00  0.8477E-02  0.4051E+00  0.4051E+00
  0.1967E+00  0.4042E+00  0.8578E-02  0.4020E+00  0.4020E+00
  0.1973E+00  0.4179E+00  0.8761E-02  0.3991E+00  0.3991E+00
  0.1979E+00  0.3939E+00  0.9051E-02  0.3964E+00  0.3964E+00
  0.1985E+00  0.4082E+00  0.8226E-02  0.3939E+00  0.3939E+00
  0.1992E+00  0.3977E+00  0.9707E-02  0.3916E+00  0.3916E+00
  0.1998E+00  0.3871E+00  0.8885E-02  0.3894E+00  0.3894E+00
  0.2004E+00  0.3793E+00  0.8627E-02  0.3874E+00  0.3874E+00
  0.2010E+00  0.3840E+00  0.8926E-02  0.3855E+00  0.3855E+00
  0.2016E+00  0.3798E+00  0.8691E-02  0.3838E+00  0.3838E+00
  0.2022E+00  0.3872E+00  0.9057E-02  0.3822E+00  0.3822E+00
  0.2028E+00  0.3863E+00  0.8195E-02  0.3808E+00  0.3808E+00
  0.2034E+00  0.3684E+00  0.8419E-02  0.3795E+00  0.3795E+00
  0.2040E+00  0.3824E+00  0.8500E-02  0.3783E+00  0.3783E+00
  0.2046E+00  0.3815E+00  0.8731E-02  0.3773E+00  0.3773E+00
  0.2052E+00  0.3867E+00  0.8509E-02  0.3763E+00  0.3763E+00
  0.2058E+00  0.3813E+00  0.8855E-02  0.3755E+00  0.3755E+00
  0.2065E+00  0.3871E+00  0.8100E-02  0.3748E+00  0.3748E+00
  0.2071E+00  0.3749E+00  0.8609E-02  0.3742E+00  0.3742E+00
  0.2077E+00  0.3925E+00  0.8905E-02  0.3737E+00  0.3737E+00
  0.2083E+00  0.3820E+00  0.8723E-02  0.3733E+00  0.3733E+00
  0.2089E+00  0.3795E+00  0.8178E-02  0.3730E+00  0.3730E+00
  0.2095E+00  0.3651E+00  0.8162E-02  0.3727E+00  0.3727E+00
  0.2101E+00  0.3729E+00  0.8705E-02  0.3725E+00  0.3725E+00
  0.2107E+00  0.3720E+00  0.7796E-02  0.3725E+00  0.3725E+00
  0.2113E+00  0.3629E+00  0.8055E-02  0.3725E+00  0.3725E+00
  0.2119E+00  0.3883E+00  0.7957E-02  0.3725E+00  0.3725E+00
  0.2125E+00  0.3732E+00  0.8212E-02  0.3726E+00  0.3726E+00
  0.2131E+00  0.3950E+00  0.8515E-02  0.3728E+00  0.3728E+00
  0.2137E+00  0.3705E+00  0.8389E-02  0.3730E+00  0.3730E+00
  0.2144E+00  0.3842E+00  0.7964E-02  0.3733E+00  0.3733E+00
  0.2150E+00  0.3731E+00  0.8548E-02  0.3737E+00  0.3737E+00
  0.2156E+00  0.3812E+00  0.8286E-02  0.3741E+00  0.3741E+00
  0.2162E+00  0.3769E+00  0.8544E-02  0.3745E+00  0.3745E+00
  0.2168E+00  0.3792E+00  0.8944E-02  0.3749E+00  0.3749E+00
  0.2174E+00  0.3662E+00  0.8482E-02  0.3754E+00  0.3754E+00
  0.2180E+00  0.3752E+00  0.8243E-02  0.3760E+00  0.3760E+00
  0.2186E+00  0.3699E+00  0.8766E-02  0.3765E+00  0.3765E+00
  0.2192E+00  0.3656E+00  0.8150E-02  0.3771E+00  0.3771E+00
  0.2198E+00  0.3719E+00  0.8223E-02  0.3778E+00  0.3778E+00
  0.2204E+00  0.3828E+00  0.8578E-02  0.3784E+00  0.3784E+00
  0.2210E+00  0.3774E+00  0.8110E-02  0.3790E+00  0.3790E+00
  0.2217E+00  0.3551E+00  0.8815E-02  0.3797E+00  0.3797E+00
  0.2223E+00  0.3728E+00  0.8000E-02  0.3804E+00  0.3804E+00
  0.2229E+00  0.3747E+00  0.8315E-02  0.3811E+00  0.3811E+00
  0.2235E+00  0.3720E+00  0.7615E-02  0.3818E+00  0.3818E+00
  0.2241E+00  0.3819E+00  0.8526E-02  0.3825E+00  0.3825E+00
  0.2247E+00  0.3789E+00  0.7845E-02  0.3832E+00  0.3832E+00
  0.2253E+00  0.3749E+00  0.7855E-02  0.3839E+00  0.3839E+00
  0.2259E+00  0.3672E+00  0.8420E-02  0.3847E+00  0.3847E+00
  0.2265E+00  0.3783E+00  0.8235E-02  0.3854E+00  0.3854E+00
  0.2271E+00  0.3921E+00  0.7955E-02  0.3861E+00  0.3861E+00
  0.2277E+00  0.3942E+00  0.7780E-02  0.3868E+00  0.3868E+00
  0.2283E+00  0.3760E+00  0.8149E-02  0.3875E+00  0.3875E+00
  0.2289E+00  0.3829E+00  0.7960E-02  0.3882E+00  0.3882E+00
  0.2296E+00  0.3906E+00  0.8409E-02  0.3889E+00  0.3889E+00
  0.2302E+00  0.3987E+00  0.8065E-02  0.3895E+00  0.3895E+00
  0.2308E+00  0.4030E+00  0.8276E-02  0.3902E+00  0.3902E+00
  0.2314E+00  0.3722E+00  0.7972E-02  0.3908E+00  0.3908E+00
  0.2320E+00  0.3949E+00  0.8252E-02  0.3914E+00  0.3914E+00
  0.2326E+00  0.3842E+00  0.8096E-02  0.3921E+00  0.3921E+00
  0.2332E+00  0.3849E+00  0.8483E-02  0.3926E+00  0.3926E+00
  0.2338E+00  0.3885E+00  0.8230E-02  0.3932E+00  0.3932E+00
  0.2344E+00  0.3924E+00  0.8223E-02  0.3937E+00  0.3937E+00
  0.2350E+00  0.3896E+00  0.7709E-02  0.3943E+00  0.3943E+00
  0.2356E+00  0.3845E+00  0.7631E-02  0.3948E+00  0.3948E+00
  0.2362E+00  0.4031E+00  0.7403E-02  0.3952E+00  0.3952E+00
  0.2369E+00  0.3865E+00  0.7710E-02  0.3957E+00  0.3957E+00
  0.2375E+00  0.3980E+00  0.7790E-02  0.3961E+00  0.3961E+00
  0.2381E+00  0.3797E+00  0.8499E-02  0.3965E+00  0.3965E+00
  0.2387E+00  0.3973E+00  0.7987E-02  0.3969E+00  0.3969E+00
  0.2393E+00  0.4009E+00  0.7691E-02  0.3972E+00  0.3972E+00
  0.2399E+00  0.4074E+00  0.7776E-02  0.3976E+00  0.3976E+00
  0.2405E+00  0.3905E+00  0.7709E-02  0.3978E+00  0.3978E+00
  0.2411E+00  0.3961E+00  0.7690E-02  0.3981E+00  0.3981E+00
  0.2417E+00  0.3906E+00  0.7886E-02  0.3983E+00  0.3983E+00
  0.2423E+00  0.3860E+00  0.8137E-02  0.3985E+00  0.3985E+00
  0.2429E+00  0.4041E+00  0.7772E-02  0.3987E+00  0.3987E+00
  0.2435E+00  0.3971E+00  0.7442E-02  0.3988E+00  0.3988E+00
  0.2441E+00  0.3996E+00  0.7723E-02  0.3989E+00  0.3989E+00
  0.2448E+00  0.3917E+00  0.7856E-02  0.3990E+00  0.3990E+00
  0.2454E+00  0.4119E+00  0.8287E-02  0.3991E+00  0.3991E+00
  0.2460E+00  0.3934E+00  0.7775E-02  0.3991E+00  0.3991E+00
  0.2466E+00  0.4045E+00  0.7484E-02  0.3991E+00  0.3991E+00
  0.2472E+00  0.4041E+00  0.7791E-02  0.3990E+00  0.3990E+00
  0.2478E+00  0.3915E+00  0.8062E-02  0.3989E+00  0.3989E+00
  0.2484E+00  0.4128E+00  0.7792E-02  0.3988E+00  0.3988E+00
  0.2490E+00  0.3870E+00  0.7712E-02  0.3987E+00  0.3987E+00
  0.2496E+00  0.4026E+00  0.7681E-02  0.3985E+00  0.3985E+00
  0.2502E+00  0.4007E+00  0.7451E-02  0.3983E+00  0.3983E+00
  0.2508E+00  0.3940E+00  0.7937E-02  0.3981E+00  0.3981E+00
  0.2514E+00  0.4060E+00  0.7786E-02  0.3978E+00  0.3978E+00
  0.2521E+00  0.4067E+00  0.8123E-02  0.3975E+00  0.3975E+00
  0.2527E+00  0.4037E+00  0.8085E-02  0.3972E+00  0.3972E+00
  0.2533E+00  0.4086E+00  0.7395E-02  0.3968E+00  0.3968E+00
  0.2539E+00  0.4146E+00  0.7502E-02  0.3965E+00  0.3965E+00
  0.2545E+00  0.4102E+00  0.7688E-02  0.3960E+00  0.3960E+00
  0.2551E+00  0.3968E+00  0.7825E-02  0.3956E+00  0.3956E+00
  0.2557E+00  0.3985E+00  0.7726E-02  0.3951E+00  0.3951E+00
  0.2563E+00  0.3895E+00  0.1278E-01  0.3947E+00  0.3947E+00
  0.2569E+00  0.3984E+00  0.7138E-02  0.3941E+00  0.3941E+00
  0.2575E+00  0.3780E+00  0.7662E-02  0.3936E+00  0.3936E+00
  0.2581E+00  0.3878E+00  0.7531E-02  0.3930E+00  0.3930E+00
  0.2587E+00  0.3897E+00  0.7113E-02  0.3924E+00  0.3924E+00
  0.2593E+00  0.3822E+00  0.7206E-02  0.3918E+00  0.3918E+00
  0.2600E+00  0.3841E+00  0.7391E-02  0.3912E+00  0.3912E+00
  0.2606E+00  0.3883E+00  0.7696E-02  0.3905E+00  0.3905E+00
  0.2612E+00  0.3759E+00  0.7865E-02  0.3898E+00  0.3898E+00
  0.2618E+00  0.4060E+00  0.7658E-02  0.3891E+00  0.3891E+00
  0.2624E+00  0.3989E+00  0.7454E-02  0.3884E+00  0.3884E+00
  0.2630E+00  0.3993E+00  0.7319E-02  0.3877E+00  0.3877E+00
  0.2636E+00  0.3977E+00  0.7336E-02  0.3869E+00  0.3869E+00
  0.2642E+00  0.3964E+00  0.7303E-02  0.3861E+00  0.3861E+00
  0.2648E+00  0.3835E+00  0.7636E-02  0.3853E+00  0.3853E+00
  0.2654E+00  0.3800E+00  0.7756E-02  0.3845E+00  0.3845E+00
  0.2660E+00  0.3871E+00  0.7126E-02  0.3837E+00  0.3837E+00
  0.2666E+00  0.3746E+00  0.7246E-02  0.3828E+00  0.3828E+00
  0.2673E+00  0.3786E+00  0.7523E-02  0.3820E+00  0.3820E+00
  0.2679E+00  0.3669E+00  0.7082E-02  0.3811E+00  0.3811E+00
  0.2685E+00  0.3696E+00  0.7335E-02  0.3802E+00  0.3802E+00
  0.2691E+00  0.3702E+00  0.7111E-02  0.3793E+00  0.3793E+00
  0.2697E+00  0.3796E+00  0.7220E-02  0.3784E+00  0.3784E+00
  0.2703E+00  0.3812E+00  0.8921E-02  0.3775E+00  0.3775E+00
  0.2709E+00  0.3740E+00  0.7123E-02  0.3765E+00  0.3765E+00
  0.2715E+00  0.3777E+00  0.7248E-02  0.3756E+00  0.3756E+00
  0.2721E+00  0.3784E+00  0.6962E-02  0.3747E+00  0.3747E+00
  0.2727E+00  0.3799E+00  0.7494E-02  0.3737E+00  0.3737E+00
  0.2733E+00  0.3697E+00  0.7591E-02  0.3728E+00  0.3728E+00
  0.2739E+00  0.3834E+00  0.6465E-02  0.3718E+00  0.3718E+00
  0.2745E+00  0.3601E+00  0.7280E-02  0.3708E+00  0.3708E+00
  0.2752E+00  0.3851E+00  0.7040E-02  0.3699E+00  0.3699E+00
  0.2758E+00  0.3671E+00  0.7353E-02  0.3689E+00  0.3689E+00
  0.2764E+00  0.3764E+00  0.7708E-02  0.3679E+00  0.3679E+00
  0.2770E+00  0.3635E+00  0.6923E-02  0.3669E+00  0.3669E+00
  0.2776E+00  0.3627E+00  0.9135E-02  0.3660E+00  0.3660E+00
  0.2782E+00  0.3697E+00  0.7318E-02  0.3650E+00  0.3650E+00
  0.2788E+00  0.3747E+00  0.6937E-02  0.3640E+00  0.3640E+00
  0.2794E+00  0.3587E+00  0.7236E-02  0.3630E+00  0.3630E+00
  0.2800E+00  0.3566E+00  0.6965E-02  0.3621E+00  0.3621E+00
  0.2806E+00  0.3454E+00  0.6808E-02  0.3611E+00  0.3611E+00
  0.2812E+00  0.3614E+00  0.7123E-02  0.3602E+00  0.3602E+00
  0.2818E+00  0.3642E+00  0.7181E-02  0.3592E+00  0.3592E+00
  0.2825E+00  0.3520E+00  0.7133E-02  0.3583E+00  0.3583E+00
  0.2831E+00  0.3521E+00  0.6946E-02  0.3573E+00  0.3573E+00
  0.2837E+00  0.3675E+00  0.7077E-02  0.3564E+00  0.3564E+00
  0.2843E+00  0.3562E+00  0.7009E-02  0.3555E+00  0.3555E+00
  0.2849E+00  0.3570E+00  0.7117E-02  0.3546E+00  0.3546E+00
  0.2855E+00  0.3618E+00  0.7555E-02  0.3537E+00  0.3537E+00
  0.2861E+00  0.3497E+00  0.6714E-02  0.3528E+00  0.3528E+00
  0.2867E+00  0.3504E+00  0.7603E-02  0.3519E+00  0.3519E+00
  0.2873E+00  0.3470E+00  0.6836E-02  0.3510E+00  0.3510E+00
  0.2879E+00  0.3455E+00  0.6306E-02  0.3502E+00  0.3502E+00
  0.2885E+00  0.3486E+00  0.6911E-02  0.3493E+00  0.3493E+00
  0.2891E+00  0.3448E+00  0.7006E-02  0.3485E+00  0.3485E+00
  0.2897E+00  0.3531E+00  0.7987E-02  0.3477E+00  0.3477E+00
  0.2904E+00  0.3408E+00  0.9775E-02  0.3469E+00  0.3469E+00
  0.2910E+00  0.3463E+00  0.1301E-01  0.3461E+00  0.3461E+00
  0.2916E+00  0.3377E+00  0.1913E-01  0.3453E+00  0.3453E+00
  0.2922E+00  0.3436E+00  0.7232E-02  0.3445E+00  0.3445E+00
  0.2928E+00  0.3470E+00  0.6619E-02  0.3438E+00  0.3438E+00
  0.2934E+00  0.3316E+00  0.6383E-02  0.3431E+00  0.3431E+00
  0.2940E+00  0.3534E+00  0.7296E-02  0.3424E+00  0.3424E+00
  0.2946E+00  0.3349E+00  0.6340E-02  0.3417E+00  0.3417E+00
  0.2952E+00  0.3393E+00  0.6699E-02  0.3410E+00  0.3410E+00
  0.2958E+00  0.3485E+00  0.6538E-02  0.3404E+00  0.3404E+00
  0.2964E+00  0.3317E+00  0.6780E-02  0.3397E+00  0.3397E+00
  0.2970E+00  0.3515E+00  0.6388E-02  0.3391E+00  0.3391E+00
  0.2976E+00  0.3419E+00  0.6445E-02  0.3385E+00  0.3385E+00
  0.2983E+00  0.3354E+00  0.6151E-02  0.3379E+00  0.3379E+00
  0.2989E+00  0.3305E+00  0.6024E-02  0.3374E+00  0.3374E+00
  0.2995E+00  0.3344E+00  0.6429E-02  0.3368E+00  0.3368E+00
  0.3001E+00  0.3359E+00  0.6408E-02  0.3363E+00  0.3363E+00
  0.3007E+00  0.3332E+00  0.6608E-02  0.3358E+00  0.3358E+00
  0.3013E+00  0.3423E+00  0.6090E-02  0.3353E+00  0.3353E+00
  0.3019E+00  0.3393E+00  0.6700E-02  0.3349E+00  0.3349E+00
  0.3025E+00  0.3337E+00  0.6196E-02  0.3344E+00  0.3344E+00
  0.3031E+00  0.3432E+00  0.6998E-02  0.3340E+00  0.3340E+00
  0.3037E+00  0.3376E+00  0.7349E-02  0.3336E+00  0.3336E+00
  0.3043E+00  0.3287E+00  0.6409E-02  0.3332E+00  0.3332E+00
  0.3049E+00  0.3264E+00  0.7000E-02  0.3329E+00  0.3329E+00
  0.3056E+00  0.3316E+00  0.6045E-02  0.3325E+00  0.3325E+00
  0.3062E+00  0.3362E+00  0.6323E-02  0.3322E+00  0.3322E+00
  0.3068E+00  0.3266E+00  0.6398E-02  0.3319E+00  0.3319E+00
  0.3074E+00  0.3385E+00  0.6383E-02  0.3317E+00  0.3317E+00
  0.3080E+00  0.3478E+00  0.6106E-02  0.3314E+00  0.3314E+00
  0.3086E+00  0.3352E+00  0.6387E-02  0.3312E+00  0.3312E+00
  0.3092E+00  0.3305E+00  0.5975E-02  0.3309E+00  0.3309E+00
  0.3098E+00  0.3222E+00  0.6458E-02  0.3307E+00  0.3307E+00
  0.3104E+00  0.3352E+00  0.6082E-02  0.3305E+00  0.3305E+00
  0.3110E+00  0.3142E+00  0.6349E-02  0.3304E+00  0.3304E+00
  0.3116E+00  0.3186E+00  0.6029E-02  0.3302E+00  0.3302E+00
  0.3122E+00  0.3349E+00  0.6483E-02  0.3301E+00  0.3301E+00
  0.3128E+00  0.3238E+00  0.6898E-02  0.3300E+00  0.3300E+00
  0.3135E+00  0.3246E+00  0.6947E-02  0.3299E+00  0.3299E+00
  0.3141E+00  0.3318E+00  0.7458E-02  0.3298E+00  0.3298E+00
  0.3147E+00  0.3221E+00  0.7306E-02  0.3298E+00  0.3298E+00
  0.3153E+00  0.3369E+00  0.7863E-02  0.3297E+00  0.3297E+00
  0.3159E+00  0.3146E+00  0.7879E-02  0.3297E+00  0.3297E+00
  0.3165E+00  0.3318E+00  0.7858E-02  0.3297E+00  0.3297E+00
  0.3171E+00  0.3387E+00  0.7232E-02  0.3297E+00  0.3297E+00
  0.3177E+00  0.3242E+00  0.8045E-02  0.3297E+00  0.3297E+00
  0.3183E+00  0.3397E+00  0.8687E-02  0.3297E+00  0.3297E+00
  0.3189E+00  0.3411E+00  0.8889E-02  0.3298E+00  0.3298E+00
  0.3195E+00  0.3265E+00  0.1400E-01  0.3298E+00  0.3298E+00
  0.3201E+00  0.3376E+00  0.9858E-02  0.3299E+00  0.3299E+00
  0.3208E+00  0.3172E+00  0.9101E-02  0.3300E+00  0.3300E+00
  0.3214E+00  0.3364E+00  0.1047E-01  0.3301E+00  0.3301E+00
  0.3220E+00  0.3298E+00  0.1033E-01  0.3302E+00  0.3302E+00
  0.3226E+00  0.3404E+00  0.1023E-01  0.3303E+00  0.3303E+00
  0.3232E+00  0.3253E+00  0.1175E-01  0.3304E+00  0.3304E+00
  0.3238E+00  0.3393E+00  0.1179E-01  0.3305E+00  0.3305E+00
  0.3244E+00  0.3472E+00  0.1450E-01  0.3307E+00  0.3307E+00
  0.3250E+00  0.3429E+00  0.2741E-01  0.3308E+00  0.3308E+00

           Distance distribution  function of particle  


       R          P(R)      ERROR

  0.0000E+00  0.0000E+00  0.0000E+00
  0.5853E+00  0.1906E-02  0.6958E-04
  0.1171E+01  0.3843E-02  0.1189E-03
  0.1756E+01  0.5815E-02  0.1487E-03
  0.2341E+01  0.7827E-02  0.1604E-03
  0.2927E+01  0.9888E-02  0.1559E-03
  0.3512E+01  0.1201E-01  0.1373E-03
  0.4097E+01  0.1420E-01  0.1073E-03
  0.4682E+01  0.1647E-01  0.6864E-04
  0.5268E+01  0.1883E-01  0.2531E-04
  0.5853E+01  0.2130E-01  0.2661E-04
  0.6438E+01  0.2389E-01  0.7295E-04
  0.7024E+01  0.2661E-01  0.1177E-03
  0.7609E+01  0.2946E-01  0.1576E-03
  0.8194E+01  0.3245E-01  0.1904E-03
  0.8780E+01  0.3558E-01  0.2145E-03
  0.9365E+01  0.3885E-01  0.2286E-03
  0.9950E+01  0.4227E-01  0.2322E-03
  0.1054E+02  0.4581E-01  0.2250E-03
  0.1112E+02  0.4947E-01  0.2074E-03
  0.1171E+02  0.5324E-01  0.1804E-03
  0.1229E+02  0.5709E-01  0.1452E-03
  0.1288E+02  0.6100E-01  0.1038E-03
  0.1346E+02  0.6495E-01  0.5967E-04
  0.1405E+02  0.6891E-01  0.2817E-04
  0.1463E+02  0.7285E-01  0.5542E-04
  0.1522E+02  0.7673E-01  0.1004E-03
  0.1580E+02  0.8053E-01  0.1439E-03
  0.1639E+02  0.8420E-01  0.1820E-03
  0.1697E+02  0.8772E-01  0.2127E-03
  0.1756E+02  0.9106E-01  0.2345E-03
  0.1814E+02  0.9418E-01  0.2463E-03
  0.1873E+02  0.9706E-01  0.2476E-03
  0.1931E+02  0.9966E-01  0.2382E-03
  0.1990E+02  0.1020E+00  0.2188E-03
  0.2049E+02  0.1040E+00  0.1902E-03
  0.2107E+02  0.1057E+00  0.1540E-03
  0.2166E+02  0.1070E+00  0.1129E-03
  0.2224E+02  0.1080E+00  0.7236E-04
  0.2283E+02  0.1086E+00  0.5069E-04
  0.2341E+02  0.1089E+00  0.7302E-04
  0.2400E+02  0.1089E+00  0.1147E-03
  0.2458E+02  0.1085E+00  0.1575E-03
  0.2517E+02  0.1079E+00  0.1957E-03
  0.2575E+02  0.1069E+00  0.2268E-03
  0.2634E+02  0.1056E+00  0.2488E-03
  0.2692E+02  0.1041E+00  0.2606E-03
  0.2751E+02  0.1023E+00  0.2617E-03
  0.2809E+02  0.1003E+00  0.2518E-03
  0.2868E+02  0.9814E-01  0.2315E-03
  0.2927E+02  0.9579E-01  0.2019E-03
  0.2985E+02  0.9328E-01  0.1650E-03
  0.3044E+02  0.9065E-01  0.1241E-03
  0.3102E+02  0.8791E-01  0.8619E-04
  0.3161E+02  0.8507E-01  0.6929E-04
  0.3219E+02  0.8217E-01  0.8985E-04
  0.3278E+02  0.7921E-01  0.1294E-03
  0.3336E+02  0.7620E-01  0.1711E-03
  0.3395E+02  0.7315E-01  0.2086E-03
  0.3453E+02  0.7009E-01  0.2383E-03
  0.3512E+02  0.6700E-01  0.2583E-03
  0.3570E+02  0.6391E-01  0.2673E-03
  0.3629E+02  0.6081E-01  0.2647E-03
  0.3687E+02  0.5771E-01  0.2505E-03
  0.3746E+02  0.5461E-01  0.2256E-03
  0.3804E+02  0.5152E-01  0.1917E-03
  0.3863E+02  0.4845E-01  0.1521E-03
  0.3922E+02  0.4539E-01  0.1130E-03
  0.3980E+02  0.4235E-01  0.8875E-04
  0.4039E+02  0.3935E-01  0.9808E-04
  0.4097E+02  0.3639E-01  0.1338E-03
  0.4156E+02  0.3348E-01  0.1769E-03
  0.4214E+02  0.3062E-01  0.2175E-03
  0.4273E+02  0.2785E-01  0.2504E-03
  0.4331E+02  0.2516E-01  0.2728E-03
  0.4390E+02  0.2257E-01  0.2826E-03
  0.4448E+02  0.2011E-01  0.2788E-03
  0.4507E+02  0.1778E-01  0.2615E-03
  0.4565E+02  0.1561E-01  0.2317E-03
  0.4624E+02  0.1360E-01  0.1920E-03
  0.4682E+02  0.1179E-01  0.1479E-03
  0.4741E+02  0.1017E-01  0.1115E-03
  0.4799E+02  0.8773E-02  0.1060E-03
  0.4858E+02  0.7594E-02  0.1384E-03
  0.4917E+02  0.6642E-02  0.1868E-03
  0.4975E+02  0.5916E-02  0.2346E-03
  0.5034E+02  0.5412E-02  0.2732E-03
  0.5092E+02  0.5119E-02  0.2974E-03
  0.5151E+02  0.5019E-02  0.3040E-03
  0.5209E+02  0.5086E-02  0.2909E-03
  0.5268E+02  0.5286E-02  0.2586E-03
  0.5326E+02  0.5576E-02  0.2103E-03
  0.5385E+02  0.5903E-02  0.1555E-03
  0.5443E+02  0.6203E-02  0.1210E-03
  0.5502E+02  0.6405E-02  0.1436E-03
  0.5560E+02  0.6422E-02  0.2029E-03
  0.5619E+02  0.6160E-02  0.2596E-03
  0.5677E+02  0.5511E-02  0.2889E-03
  0.5736E+02  0.4357E-02  0.2699E-03
  0.5794E+02  0.2567E-02  0.1812E-03
  0.5853E+02  0.0000E+00  0.0000E+00
          Reciprocal space: Rg =   19.34     , I(0) =   0.3638E+02
     Real space: Rg =   19.33 +- 0.006  I(0) =   0.3638E+02 +-  0.1027E-01
