
           ####    G N O M   ---   Version 4.5a revised 09/02/02     ####

                                                  Tue Nov  3 18:08:07 2009
           ===    Run No   1   ===
 Run title:  0.010642 0.202425 0.416172


  Number of points omitted at the beginning:          30
   *******   Working Directory :
   *******    Input file(s) :
           Condition P(rmin) = 0 is used. 
           Condition P(rmax) = 0 is used. 

          Experimental conditions for the first run
          -----------------------------------------

          Highest ALPHA is found to be   0.2084E+01

  The measure of inconsistency AN1 equals to    0.8663E+00
     Alpha    Discrp  Oscill  Stabil  Sysdev  Positv  Valcen    Total   
  0.2084E+04 11.7070  1.0913  0.8552  0.1453  1.0000  0.8834  0.35052
  0.4167E+03  7.8653  1.0718  0.5694  0.3718  1.0000  0.8909  0.40588
  0.8335E+02  3.5789  1.0396  0.2582  0.3120  1.0000  0.9099  0.39068
  0.1667E+02  1.4621  1.0545  0.0940  0.3675  1.0000  0.9322  0.53157
  0.3334E+01  0.7117  1.1282  0.0512  0.7436  1.0000  0.9500  0.87860
  0.6668E+00  0.5080  1.2006  0.0211  0.8291  1.0000  0.9587  0.92967
  0.1334E+00  0.4825  1.2390  0.0148  0.8376  1.0000  0.9621  0.93019
  0.2667E-01  0.4778  1.2841  0.0273  0.8376  1.0000  0.9654  0.91796
  0.5334E-02  0.4749  1.4053  0.0267  0.8376  1.0000  0.9689  0.89771
  0.1067E-02  0.4743  1.5097  0.0148  0.8462  1.0000  0.9701  0.88153
  0.2134E-03  0.4742  1.6162  0.0512  0.8462  0.9999  0.9686  0.81767
  0.4267E-04  0.4739  2.8251  0.2381  0.8462  0.9963  0.9503  0.51246
  0.8535E-05  0.4726  7.3989  0.6626  0.8462  0.9429  0.6834  0.42257
  0.1707E-05  0.4692  9.6143  0.5923  0.8291  0.8176  0.4844  0.36436
  0.3414E-06  0.4661 10.7767  0.3758  0.8120  0.7645  0.4197  0.35046
  0.6828E-07  0.4637 12.3536  0.9333  0.8120  0.7347  0.3438  0.34899
  0.1366E-07  0.4570 10.9332  0.8229  0.8120  0.7128  0.3653  0.34734
  0.2731E-08  0.4465 10.4482  0.4345  0.8462  0.7062  0.3682  0.36004
  0.5462E-09  0.4425 10.2268  0.1522  0.8462  0.7033  0.3696  0.40215
  0.1092E-09  0.4420  9.8164  0.1944  0.8547  0.6957  0.3932  0.37796
  0.2185E-10  0.4416 10.7350  0.4908  0.8547  0.6797  0.4534  0.36230
  0.4370E-11  0.4402 15.0477  0.8067  0.8632  0.6926  0.4603  0.00000

          ***  Golden section search to maximize estimate ***
     Alpha    Discrp  Oscill  Stabil  Sysdev  Positv  Valcen    Total   
  0.4932E-01  0.4793  1.2610  0.0211  0.8462  1.0000  0.9640  0.92818
  0.9120E-01  0.4810  1.2465  0.0162  0.8376  1.0000  0.9628  0.92877
  0.6237E-01  0.4799  1.2549  0.0189  0.8462  1.0000  0.9635  0.93005
  0.7888E-01  0.4805  1.2495  0.0171  0.8462  1.0000  0.9630  0.93153
  0.8338E-01  0.4807  1.2483  0.0168  0.8376  1.0000  0.9629  0.92833
  0.7623E-01  0.4804  1.2503  0.0174  0.8462  1.0000  0.9631  0.93134
  0.8057E-01  0.4806  1.2491  0.0170  0.8462  1.0000  0.9630  0.93164
  0.8163E-01  0.4807  1.2488  0.0169  0.8462  1.0000  0.9630  0.93171
  0.8230E-01  0.4807  1.2486  0.0168  0.8462  1.0000  0.9630  0.93176
  0.8271E-01  0.4807  1.2485  0.0168  0.8462  1.0000  0.9629  0.93178
  0.8296E-01  0.4807  1.2485  0.0168  0.8376  1.0000  0.9629  0.92830
  0.8255E-01  0.4807  1.2486  0.0168  0.8462  1.0000  0.9629  0.93177
  0.8271E-01  0.4807  1.2485  0.0168  0.8462  1.0000  0.9629  0.93178



             ####            Final results            ####

 Parameter    DISCRP    OSCILL    STABIL    SYSDEV    POSITV    VALCEN
 Weight        1.000     3.000     3.000     5.000     1.000     1.000
 Sigma         0.300     0.600     0.120     0.500     0.120     0.120
 Ideal         0.700     1.200     0.000     1.000     1.000     0.950
 Current       0.481     1.249     0.017     0.846     1.000     0.963
                - - - - - - - - - - - - - - - - - - - - - - - - - 
 Estimate      0.586     0.993     0.981     0.910     1.000     0.988

  Angular   range    :     from    0.0295   to    0.3244
  Real space range   :     from      0.00   to     56.67

  Highest ALPHA (theor) :   0.208E+04                 JOB = 0
  Current ALPHA         :   0.827E-01   Rg :  0.192E+02   I(0) :   0.195E+01

           Total  estimate : 0.932  which is  AN EXCELLENT  solution

      S          J EXP       ERROR       J REG       I REG

  0.0000E+00                                      0.1947E+01
  0.1053E-02                                      0.1947E+01
  0.2107E-02                                      0.1946E+01
  0.3160E-02                                      0.1945E+01
  0.4213E-02                                      0.1943E+01
  0.5267E-02                                      0.1940E+01
  0.6320E-02                                      0.1938E+01
  0.7374E-02                                      0.1934E+01
  0.8427E-02                                      0.1930E+01
  0.9480E-02                                      0.1926E+01
  0.1053E-01                                      0.1921E+01
  0.1159E-01                                      0.1915E+01
  0.1264E-01                                      0.1909E+01
  0.1369E-01                                      0.1903E+01
  0.1475E-01                                      0.1896E+01
  0.1580E-01                                      0.1888E+01
  0.1685E-01                                      0.1880E+01
  0.1791E-01                                      0.1872E+01
  0.1896E-01                                      0.1863E+01
  0.2001E-01                                      0.1854E+01
  0.2107E-01                                      0.1844E+01
  0.2212E-01                                      0.1834E+01
  0.2317E-01                                      0.1823E+01
  0.2423E-01                                      0.1812E+01
  0.2528E-01                                      0.1800E+01
  0.2633E-01                                      0.1788E+01
  0.2739E-01                                      0.1776E+01
  0.2844E-01                                      0.1763E+01
  0.2949E-01  0.1653E+01  0.6973E-01  0.1749E+01  0.1749E+01
  0.3010E-01  0.1704E+01  0.7530E-01  0.1742E+01  0.1742E+01
  0.3071E-01  0.1762E+01  0.6821E-01  0.1734E+01  0.1734E+01
  0.3132E-01  0.1830E+01  0.7097E-01  0.1726E+01  0.1726E+01
  0.3193E-01  0.1788E+01  0.5761E-01  0.1717E+01  0.1717E+01
  0.3254E-01  0.1585E+01  0.7551E-01  0.1709E+01  0.1709E+01
  0.3314E-01  0.1778E+01  0.7431E-01  0.1701E+01  0.1701E+01
  0.3375E-01  0.1610E+01  0.6047E-01  0.1692E+01  0.1692E+01
  0.3436E-01  0.1735E+01  0.6619E-01  0.1683E+01  0.1683E+01
  0.3497E-01  0.1571E+01  0.5572E-01  0.1675E+01  0.1675E+01
  0.3558E-01  0.1546E+01  0.6341E-01  0.1666E+01  0.1666E+01
  0.3618E-01  0.1672E+01  0.6332E-01  0.1657E+01  0.1657E+01
  0.3679E-01  0.1576E+01  0.7070E-01  0.1648E+01  0.1648E+01
  0.3740E-01  0.1590E+01  0.5795E-01  0.1639E+01  0.1639E+01
  0.3801E-01  0.1457E+01  0.7218E-01  0.1629E+01  0.1629E+01
  0.3862E-01  0.1619E+01  0.5941E-01  0.1620E+01  0.1620E+01
  0.3922E-01  0.1643E+01  0.6139E-01  0.1610E+01  0.1610E+01
  0.3983E-01  0.1633E+01  0.5444E-01  0.1601E+01  0.1601E+01
  0.4044E-01  0.1663E+01  0.6672E-01  0.1591E+01  0.1591E+01
  0.4105E-01  0.1651E+01  0.6143E-01  0.1581E+01  0.1581E+01
  0.4166E-01  0.1551E+01  0.6307E-01  0.1571E+01  0.1571E+01
  0.4227E-01  0.1582E+01  0.6582E-01  0.1561E+01  0.1561E+01
  0.4287E-01  0.1495E+01  0.5345E-01  0.1551E+01  0.1551E+01
  0.4348E-01  0.1597E+01  0.4912E-01  0.1541E+01  0.1541E+01
  0.4409E-01  0.1501E+01  0.4947E-01  0.1531E+01  0.1531E+01
  0.4470E-01  0.1587E+01  0.5657E-01  0.1521E+01  0.1521E+01
  0.4531E-01  0.1498E+01  0.5594E-01  0.1510E+01  0.1510E+01
  0.4591E-01  0.1507E+01  0.5732E-01  0.1500E+01  0.1500E+01
  0.4652E-01  0.1507E+01  0.5503E-01  0.1489E+01  0.1489E+01
  0.4713E-01  0.1403E+01  0.5249E-01  0.1479E+01  0.1479E+01
  0.4774E-01  0.1491E+01  0.5217E-01  0.1468E+01  0.1468E+01
  0.4835E-01  0.1409E+01  0.5749E-01  0.1457E+01  0.1457E+01
  0.4895E-01  0.1462E+01  0.4544E-01  0.1447E+01  0.1447E+01
  0.4956E-01  0.1364E+01  0.5279E-01  0.1436E+01  0.1436E+01
  0.5017E-01  0.1408E+01  0.4471E-01  0.1425E+01  0.1425E+01
  0.5078E-01  0.1441E+01  0.4555E-01  0.1414E+01  0.1414E+01
  0.5139E-01  0.1438E+01  0.4581E-01  0.1403E+01  0.1403E+01
  0.5200E-01  0.1409E+01  0.4639E-01  0.1392E+01  0.1392E+01
  0.5260E-01  0.1464E+01  0.4926E-01  0.1381E+01  0.1381E+01
  0.5321E-01  0.1382E+01  0.4410E-01  0.1370E+01  0.1370E+01
  0.5382E-01  0.1327E+01  0.4545E-01  0.1359E+01  0.1359E+01
  0.5443E-01  0.1335E+01  0.3959E-01  0.1347E+01  0.1347E+01
  0.5504E-01  0.1285E+01  0.4421E-01  0.1336E+01  0.1336E+01
  0.5564E-01  0.1376E+01  0.4518E-01  0.1325E+01  0.1325E+01
  0.5625E-01  0.1327E+01  0.4233E-01  0.1313E+01  0.1313E+01
  0.5686E-01  0.1258E+01  0.4448E-01  0.1302E+01  0.1302E+01
  0.5747E-01  0.1333E+01  0.4469E-01  0.1291E+01  0.1291E+01
  0.5808E-01  0.1285E+01  0.4509E-01  0.1279E+01  0.1279E+01
  0.5868E-01  0.1314E+01  0.5023E-01  0.1268E+01  0.1268E+01
  0.5929E-01  0.1268E+01  0.4470E-01  0.1256E+01  0.1256E+01
  0.5990E-01  0.1238E+01  0.4356E-01  0.1245E+01  0.1245E+01
  0.6051E-01  0.1241E+01  0.4406E-01  0.1233E+01  0.1233E+01
  0.6112E-01  0.1282E+01  0.4306E-01  0.1222E+01  0.1222E+01
  0.6173E-01  0.1185E+01  0.4478E-01  0.1210E+01  0.1210E+01
  0.6233E-01  0.1192E+01  0.4529E-01  0.1199E+01  0.1199E+01
  0.6294E-01  0.1134E+01  0.4510E-01  0.1187E+01  0.1187E+01
  0.6355E-01  0.1187E+01  0.5017E-01  0.1176E+01  0.1176E+01
  0.6416E-01  0.1203E+01  0.4481E-01  0.1164E+01  0.1164E+01
  0.6477E-01  0.1253E+01  0.4007E-01  0.1152E+01  0.1152E+01
  0.6537E-01  0.1177E+01  0.4480E-01  0.1141E+01  0.1141E+01
  0.6598E-01  0.1163E+01  0.4664E-01  0.1129E+01  0.1129E+01
  0.6659E-01  0.1114E+01  0.3983E-01  0.1118E+01  0.1118E+01
  0.6720E-01  0.1039E+01  0.3999E-01  0.1106E+01  0.1106E+01
  0.6781E-01  0.1137E+01  0.3674E-01  0.1095E+01  0.1095E+01
  0.6841E-01  0.1110E+01  0.3739E-01  0.1083E+01  0.1083E+01
  0.6902E-01  0.1023E+01  0.4125E-01  0.1072E+01  0.1072E+01
  0.6963E-01  0.1073E+01  0.4232E-01  0.1060E+01  0.1060E+01
  0.7024E-01  0.1089E+01  0.3991E-01  0.1049E+01  0.1049E+01
  0.7085E-01  0.1027E+01  0.3915E-01  0.1037E+01  0.1037E+01
  0.7146E-01  0.1016E+01  0.3611E-01  0.1026E+01  0.1026E+01
  0.7206E-01  0.1000E+01  0.3993E-01  0.1014E+01  0.1014E+01
  0.7267E-01  0.9343E+00  0.3581E-01  0.1003E+01  0.1003E+01
  0.7328E-01  0.9778E+00  0.3939E-01  0.9913E+00  0.9913E+00
  0.7389E-01  0.1022E+01  0.3260E-01  0.9799E+00  0.9799E+00
  0.7450E-01  0.9748E+00  0.3979E-01  0.9686E+00  0.9686E+00
  0.7510E-01  0.9696E+00  0.3226E-01  0.9573E+00  0.9573E+00
  0.7571E-01  0.9356E+00  0.4020E-01  0.9460E+00  0.9460E+00
  0.7632E-01  0.9515E+00  0.3076E-01  0.9347E+00  0.9347E+00
  0.7693E-01  0.9279E+00  0.3533E-01  0.9235E+00  0.9235E+00
  0.7754E-01  0.9481E+00  0.3605E-01  0.9123E+00  0.9123E+00
  0.7814E-01  0.9215E+00  0.3552E-01  0.9012E+00  0.9012E+00
  0.7875E-01  0.8694E+00  0.3746E-01  0.8901E+00  0.8901E+00
  0.7936E-01  0.8552E+00  0.3678E-01  0.8791E+00  0.8791E+00
  0.7997E-01  0.8954E+00  0.3199E-01  0.8681E+00  0.8681E+00
  0.8058E-01  0.8456E+00  0.3320E-01  0.8571E+00  0.8571E+00
  0.8118E-01  0.8803E+00  0.3207E-01  0.8462E+00  0.8462E+00
  0.8179E-01  0.8602E+00  0.3245E-01  0.8353E+00  0.8353E+00
  0.8240E-01  0.8405E+00  0.3486E-01  0.8245E+00  0.8245E+00
  0.8301E-01  0.8413E+00  0.3666E-01  0.8138E+00  0.8138E+00
  0.8362E-01  0.7669E+00  0.3655E-01  0.8031E+00  0.8031E+00
  0.8423E-01  0.8187E+00  0.3164E-01  0.7924E+00  0.7924E+00
  0.8483E-01  0.7351E+00  0.3408E-01  0.7818E+00  0.7818E+00
  0.8544E-01  0.7312E+00  0.3447E-01  0.7713E+00  0.7713E+00
  0.8605E-01  0.7386E+00  0.3373E-01  0.7608E+00  0.7608E+00
  0.8666E-01  0.7796E+00  0.3434E-01  0.7504E+00  0.7504E+00
  0.8727E-01  0.7908E+00  0.3168E-01  0.7400E+00  0.7400E+00
  0.8787E-01  0.7609E+00  0.3345E-01  0.7298E+00  0.7298E+00
  0.8848E-01  0.7522E+00  0.3457E-01  0.7195E+00  0.7195E+00
  0.8909E-01  0.7303E+00  0.3301E-01  0.7094E+00  0.7094E+00
  0.8970E-01  0.6999E+00  0.3412E-01  0.6993E+00  0.6993E+00
  0.9031E-01  0.6623E+00  0.3321E-01  0.6893E+00  0.6893E+00
  0.9091E-01  0.6997E+00  0.3016E-01  0.6793E+00  0.6793E+00
  0.9152E-01  0.6103E+00  0.3537E-01  0.6694E+00  0.6694E+00
  0.9213E-01  0.6264E+00  0.3138E-01  0.6596E+00  0.6596E+00
  0.9274E-01  0.6278E+00  0.3331E-01  0.6499E+00  0.6499E+00
  0.9335E-01  0.5864E+00  0.3021E-01  0.6402E+00  0.6402E+00
  0.9396E-01  0.5679E+00  0.2732E-01  0.6306E+00  0.6306E+00
  0.9456E-01  0.5258E+00  0.3571E-01  0.6211E+00  0.6211E+00
  0.9517E-01  0.6139E+00  0.2887E-01  0.6116E+00  0.6116E+00
  0.9578E-01  0.5399E+00  0.3223E-01  0.6023E+00  0.6023E+00
  0.9639E-01  0.6338E+00  0.3576E-01  0.5930E+00  0.5930E+00
  0.9700E-01  0.5592E+00  0.3114E-01  0.5838E+00  0.5838E+00
  0.9760E-01  0.5849E+00  0.3127E-01  0.5746E+00  0.5746E+00
  0.9821E-01  0.5493E+00  0.3582E-01  0.5656E+00  0.5656E+00
  0.9882E-01  0.5294E+00  0.3235E-01  0.5566E+00  0.5566E+00
  0.9943E-01  0.5274E+00  0.2983E-01  0.5477E+00  0.5477E+00
  0.1000E+00  0.5164E+00  0.2795E-01  0.5389E+00  0.5389E+00
  0.1006E+00  0.5050E+00  0.3080E-01  0.5302E+00  0.5302E+00
  0.1013E+00  0.5694E+00  0.3145E-01  0.5215E+00  0.5215E+00
  0.1019E+00  0.5379E+00  0.3161E-01  0.5130E+00  0.5130E+00
  0.1025E+00  0.5586E+00  0.2893E-01  0.5045E+00  0.5045E+00
  0.1031E+00  0.5660E+00  0.2977E-01  0.4961E+00  0.4961E+00
  0.1037E+00  0.4878E+00  0.3045E-01  0.4878E+00  0.4878E+00
  0.1043E+00  0.4828E+00  0.2936E-01  0.4796E+00  0.4796E+00
  0.1049E+00  0.4365E+00  0.2774E-01  0.4715E+00  0.4715E+00
  0.1055E+00  0.5086E+00  0.2753E-01  0.4634E+00  0.4634E+00
  0.1061E+00  0.4503E+00  0.2995E-01  0.4555E+00  0.4555E+00
  0.1067E+00  0.4862E+00  0.3079E-01  0.4476E+00  0.4476E+00
  0.1073E+00  0.4964E+00  0.2875E-01  0.4398E+00  0.4398E+00
  0.1079E+00  0.4670E+00  0.2716E-01  0.4321E+00  0.4321E+00
  0.1085E+00  0.4138E+00  0.2885E-01  0.4245E+00  0.4245E+00
  0.1092E+00  0.4066E+00  0.2578E-01  0.4169E+00  0.4169E+00
  0.1098E+00  0.3892E+00  0.2888E-01  0.4095E+00  0.4095E+00
  0.1104E+00  0.3974E+00  0.2820E-01  0.4022E+00  0.4022E+00
  0.1110E+00  0.4156E+00  0.3163E-01  0.3949E+00  0.3949E+00
  0.1116E+00  0.3734E+00  0.2676E-01  0.3877E+00  0.3877E+00
  0.1122E+00  0.3844E+00  0.2774E-01  0.3807E+00  0.3807E+00
  0.1128E+00  0.3559E+00  0.2681E-01  0.3737E+00  0.3737E+00
  0.1134E+00  0.3220E+00  0.2598E-01  0.3668E+00  0.3668E+00
  0.1140E+00  0.3440E+00  0.2538E-01  0.3599E+00  0.3599E+00
  0.1146E+00  0.3665E+00  0.2804E-01  0.3532E+00  0.3532E+00
  0.1152E+00  0.3373E+00  0.2807E-01  0.3466E+00  0.3466E+00
  0.1158E+00  0.3071E+00  0.2799E-01  0.3400E+00  0.3400E+00
  0.1165E+00  0.3032E+00  0.2603E-01  0.3336E+00  0.3336E+00
  0.1171E+00  0.3001E+00  0.4702E-01  0.3272E+00  0.3272E+00
  0.1177E+00  0.2890E+00  0.2439E-01  0.3209E+00  0.3209E+00
  0.1183E+00  0.3116E+00  0.3504E-01  0.3147E+00  0.3147E+00
  0.1189E+00  0.3126E+00  0.2671E-01  0.3086E+00  0.3086E+00
  0.1195E+00  0.2963E+00  0.2790E-01  0.3026E+00  0.3026E+00
  0.1201E+00  0.2958E+00  0.2794E-01  0.2966E+00  0.2966E+00
  0.1207E+00  0.3087E+00  0.2736E-01  0.2908E+00  0.2908E+00
  0.1213E+00  0.3058E+00  0.3062E-01  0.2850E+00  0.2850E+00
  0.1219E+00  0.3484E+00  0.2535E-01  0.2793E+00  0.2793E+00
  0.1225E+00  0.2626E+00  0.2720E-01  0.2738E+00  0.2738E+00
  0.1231E+00  0.2480E+00  0.3260E-01  0.2683E+00  0.2683E+00
  0.1238E+00  0.2973E+00  0.2698E-01  0.2628E+00  0.2628E+00
  0.1244E+00  0.2376E+00  0.2436E-01  0.2575E+00  0.2575E+00
  0.1250E+00  0.2466E+00  0.2601E-01  0.2523E+00  0.2523E+00
  0.1256E+00  0.2144E+00  0.2416E-01  0.2471E+00  0.2471E+00
  0.1262E+00  0.2268E+00  0.2820E-01  0.2420E+00  0.2420E+00
  0.1268E+00  0.2684E+00  0.2483E-01  0.2370E+00  0.2370E+00
  0.1274E+00  0.2358E+00  0.2435E-01  0.2321E+00  0.2321E+00
  0.1280E+00  0.2297E+00  0.2453E-01  0.2273E+00  0.2273E+00
  0.1286E+00  0.2513E+00  0.2604E-01  0.2225E+00  0.2225E+00
  0.1292E+00  0.2514E+00  0.2638E-01  0.2179E+00  0.2179E+00
  0.1298E+00  0.2390E+00  0.2918E-01  0.2133E+00  0.2133E+00
  0.1304E+00  0.1823E+00  0.2868E-01  0.2088E+00  0.2088E+00
  0.1310E+00  0.2467E+00  0.2587E-01  0.2043E+00  0.2043E+00
  0.1317E+00  0.1621E+00  0.2690E-01  0.2000E+00  0.2000E+00
  0.1323E+00  0.2006E+00  0.2665E-01  0.1957E+00  0.1957E+00
  0.1329E+00  0.1583E+00  0.2476E-01  0.1915E+00  0.1915E+00
  0.1335E+00  0.1743E+00  0.2510E-01  0.1874E+00  0.1874E+00
  0.1341E+00  0.1773E+00  0.2498E-01  0.1834E+00  0.1834E+00
  0.1347E+00  0.1511E+00  0.2405E-01  0.1794E+00  0.1794E+00
  0.1353E+00  0.1877E+00  0.2464E-01  0.1755E+00  0.1755E+00
  0.1359E+00  0.1576E+00  0.2534E-01  0.1717E+00  0.1717E+00
  0.1365E+00  0.1216E+00  0.2425E-01  0.1679E+00  0.1679E+00
  0.1371E+00  0.1401E+00  0.2651E-01  0.1643E+00  0.1643E+00
  0.1377E+00  0.1693E+00  0.2465E-01  0.1607E+00  0.1607E+00
  0.1383E+00  0.1624E+00  0.2479E-01  0.1572E+00  0.1572E+00
  0.1390E+00  0.1573E+00  0.2398E-01  0.1537E+00  0.1537E+00
  0.1396E+00  0.1815E+00  0.2451E-01  0.1503E+00  0.1503E+00
  0.1402E+00  0.1160E+00  0.2253E-01  0.1470E+00  0.1470E+00
  0.1408E+00  0.1424E+00  0.2280E-01  0.1438E+00  0.1438E+00
  0.1414E+00  0.1493E+00  0.2262E-01  0.1406E+00  0.1406E+00
  0.1420E+00  0.1334E+00  0.2653E-01  0.1375E+00  0.1375E+00
  0.1426E+00  0.1328E+00  0.2622E-01  0.1344E+00  0.1344E+00
  0.1432E+00  0.1695E+00  0.2767E-01  0.1315E+00  0.1315E+00
  0.1438E+00  0.1396E+00  0.2328E-01  0.1286E+00  0.1286E+00
  0.1444E+00  0.1882E+00  0.2467E-01  0.1257E+00  0.1257E+00
  0.1450E+00  0.1109E+00  0.2421E-01  0.1229E+00  0.1229E+00
  0.1456E+00  0.9010E-01  0.2505E-01  0.1202E+00  0.1202E+00
  0.1463E+00  0.1085E+00  0.2601E-01  0.1176E+00  0.1176E+00
  0.1469E+00  0.7709E-01  0.2426E-01  0.1150E+00  0.1150E+00
  0.1475E+00  0.1034E+00  0.2354E-01  0.1124E+00  0.1124E+00
  0.1481E+00  0.1125E+00  0.2419E-01  0.1099E+00  0.1099E+00
  0.1487E+00  0.1154E+00  0.2487E-01  0.1075E+00  0.1075E+00
  0.1493E+00  0.8898E-01  0.2291E-01  0.1052E+00  0.1052E+00
  0.1499E+00  0.1335E+00  0.2306E-01  0.1028E+00  0.1028E+00
  0.1505E+00  0.1319E+00  0.2401E-01  0.1006E+00  0.1006E+00
  0.1511E+00  0.7304E-01  0.2280E-01  0.9841E-01  0.9841E-01
  0.1517E+00  0.1421E+00  0.2379E-01  0.9627E-01  0.9627E-01
  0.1523E+00  0.8686E-01  0.2440E-01  0.9418E-01  0.9418E-01
  0.1529E+00  0.8862E-01  0.2247E-01  0.9215E-01  0.9215E-01
  0.1535E+00  0.7244E-01  0.2244E-01  0.9017E-01  0.9017E-01
  0.1542E+00  0.8138E-01  0.2310E-01  0.8824E-01  0.8824E-01
  0.1548E+00  0.8112E-01  0.2373E-01  0.8636E-01  0.8636E-01
  0.1554E+00  0.1080E+00  0.2399E-01  0.8453E-01  0.8453E-01
  0.1560E+00  0.1315E+00  0.2450E-01  0.8275E-01  0.8275E-01
  0.1566E+00  0.9770E-01  0.2170E-01  0.8101E-01  0.8101E-01
  0.1572E+00  0.1062E+00  0.2599E-01  0.7933E-01  0.7933E-01
  0.1578E+00  0.9816E-01  0.2352E-01  0.7769E-01  0.7769E-01
  0.1584E+00  0.1090E+00  0.2175E-01  0.7609E-01  0.7609E-01
  0.1590E+00  0.5884E-01  0.2391E-01  0.7454E-01  0.7454E-01
  0.1596E+00  0.9714E-01  0.2312E-01  0.7304E-01  0.7304E-01
  0.1602E+00  0.8199E-01  0.2250E-01  0.7158E-01  0.7158E-01
  0.1608E+00  0.1016E+00  0.2097E-01  0.7016E-01  0.7016E-01
  0.1615E+00  0.8376E-01  0.2143E-01  0.6878E-01  0.6878E-01
  0.1621E+00  0.8505E-01  0.2656E-01  0.6744E-01  0.6744E-01
  0.1627E+00  0.1267E+00  0.2207E-01  0.6614E-01  0.6614E-01
  0.1633E+00  0.6266E-01  0.2505E-01  0.6488E-01  0.6488E-01
  0.1639E+00  0.1093E+00  0.2352E-01  0.6366E-01  0.6366E-01
  0.1645E+00  0.1056E+00  0.2350E-01  0.6248E-01  0.6248E-01
  0.1651E+00  0.4781E-01  0.2289E-01  0.6133E-01  0.6133E-01
  0.1657E+00  0.7493E-01  0.2290E-01  0.6022E-01  0.6022E-01
  0.1663E+00  0.7691E-01  0.2107E-01  0.5914E-01  0.5914E-01
  0.1669E+00  0.5823E-01  0.2167E-01  0.5810E-01  0.5810E-01
  0.1675E+00  0.1192E-01  0.2106E-01  0.5710E-01  0.5710E-01
  0.1681E+00  0.1671E-01  0.2168E-01  0.5612E-01  0.5612E-01
  0.1688E+00  0.5156E-01  0.2051E-01  0.5518E-01  0.5518E-01
  0.1694E+00  0.5265E-01  0.2009E-01  0.5427E-01  0.5427E-01
  0.1700E+00  0.5037E-01  0.2160E-01  0.5339E-01  0.5339E-01
  0.1706E+00  0.5794E-01  0.2154E-01  0.5254E-01  0.5254E-01
  0.1712E+00  0.3842E-01  0.2258E-01  0.5173E-01  0.5173E-01
  0.1724E+00  0.1096E-01  0.2211E-01  0.5017E-01  0.5017E-01
  0.1730E+00  0.1057E-01  0.2109E-01  0.4944E-01  0.4944E-01
  0.1736E+00  0.1342E-01  0.2180E-01  0.4873E-01  0.4873E-01
  0.1742E+00  0.3537E-01  0.2191E-01  0.4805E-01  0.4805E-01
  0.1748E+00  0.4507E-01  0.2354E-01  0.4739E-01  0.4739E-01
  0.1754E+00  0.4301E-01  0.2021E-01  0.4676E-01  0.4676E-01
  0.1760E+00  0.5032E-01  0.2327E-01  0.4616E-01  0.4616E-01
  0.1767E+00  0.6473E-01  0.2055E-01  0.4557E-01  0.4557E-01
  0.1773E+00  0.5446E-01  0.2410E-01  0.4501E-01  0.4501E-01
  0.1779E+00  0.4276E-01  0.2303E-01  0.4448E-01  0.4448E-01
  0.1785E+00  0.3258E-01  0.2393E-01  0.4396E-01  0.4396E-01
  0.1791E+00  0.4384E-01  0.2181E-01  0.4347E-01  0.4347E-01
  0.1797E+00  0.4179E-01  0.2136E-01  0.4299E-01  0.4299E-01
  0.1803E+00  0.1487E-01  0.2538E-01  0.4254E-01  0.4254E-01
  0.1809E+00  0.1574E-01  0.2181E-01  0.4210E-01  0.4210E-01
  0.1846E+00  0.8004E-02  0.2199E-01  0.3988E-01  0.3988E-01
  0.1852E+00  0.2572E-01  0.2324E-01  0.3956E-01  0.3956E-01
  0.1858E+00  0.1500E-01  0.2123E-01  0.3927E-01  0.3927E-01
  0.1864E+00  0.7503E-02  0.2345E-01  0.3898E-01  0.3898E-01
  0.1870E+00  0.3456E-01  0.2061E-01  0.3871E-01  0.3871E-01
  0.1876E+00  0.5368E-01  0.2139E-01  0.3846E-01  0.3846E-01
  0.1882E+00  0.7342E-01  0.2124E-01  0.3822E-01  0.3822E-01
  0.1888E+00  0.3692E-01  0.2150E-01  0.3799E-01  0.3799E-01
  0.1894E+00  0.4064E-01  0.2038E-01  0.3778E-01  0.3778E-01
  0.1906E+00  0.7019E-01  0.2033E-01  0.3738E-01  0.3738E-01
  0.1912E+00  0.5504E-01  0.2230E-01  0.3720E-01  0.3720E-01
  0.1919E+00  0.2966E-01  0.2145E-01  0.3703E-01  0.3703E-01
  0.1925E+00  0.6962E-01  0.2122E-01  0.3687E-01  0.3687E-01
  0.1931E+00  0.3906E-01  0.2162E-01  0.3672E-01  0.3672E-01
  0.1949E+00  0.1019E-01  0.2672E-01  0.3633E-01  0.3633E-01
  0.1955E+00  0.1933E-02  0.2150E-01  0.3622E-01  0.3622E-01
  0.1967E+00  0.1635E-01  0.2000E-01  0.3602E-01  0.3602E-01
  0.1973E+00  0.9503E-02  0.7664E-01  0.3594E-01  0.3594E-01
  0.1979E+00  0.2854E-01  0.2072E-01  0.3586E-01  0.3586E-01
  0.1985E+00  0.7783E-01  0.1936E-01  0.3578E-01  0.3578E-01
  0.1992E+00  0.7175E-01  0.2006E-01  0.3572E-01  0.3572E-01
  0.1998E+00  0.8144E-01  0.1934E-01  0.3566E-01  0.3566E-01
  0.2004E+00  0.4365E-01  0.1992E-01  0.3560E-01  0.3560E-01
  0.2010E+00  0.2154E-01  0.1904E-01  0.3556E-01  0.3556E-01
  0.2016E+00  0.2339E-02  0.1981E-01  0.3551E-01  0.3551E-01
  0.2022E+00  0.2648E-01  0.2203E-01  0.3548E-01  0.3548E-01
  0.2028E+00  0.1825E-01  0.2038E-01  0.3545E-01  0.3545E-01
  0.2034E+00  0.3782E-01  0.2007E-01  0.3542E-01  0.3542E-01
  0.2040E+00  0.2043E-01  0.2068E-01  0.3540E-01  0.3540E-01
  0.2046E+00  0.2150E-01  0.2313E-01  0.3538E-01  0.3538E-01
  0.2052E+00  0.3117E-01  0.2001E-01  0.3537E-01  0.3537E-01
  0.2058E+00  0.6231E-01  0.2209E-01  0.3536E-01  0.3536E-01
  0.2065E+00  0.5439E-01  0.2102E-01  0.3536E-01  0.3536E-01
  0.2071E+00  0.8770E-01  0.2635E-01  0.3536E-01  0.3536E-01
  0.2077E+00  0.2323E-01  0.2023E-01  0.3536E-01  0.3536E-01
  0.2083E+00  0.1888E-01  0.1987E-01  0.3537E-01  0.3537E-01
  0.2095E+00  0.1874E-01  0.2051E-01  0.3539E-01  0.3539E-01
  0.2101E+00  0.2647E-01  0.1946E-01  0.3540E-01  0.3540E-01
  0.2107E+00  0.2313E-01  0.2062E-01  0.3542E-01  0.3542E-01
  0.2113E+00  0.3364E-01  0.2039E-01  0.3544E-01  0.3544E-01
  0.2119E+00  0.4118E-01  0.2026E-01  0.3546E-01  0.3546E-01
  0.2125E+00  0.3200E-01  0.2149E-01  0.3549E-01  0.3549E-01
  0.2131E+00  0.2203E-01  0.1989E-01  0.3551E-01  0.3551E-01
  0.2137E+00  0.6584E-02  0.2142E-01  0.3554E-01  0.3554E-01
  0.2144E+00  0.2769E-01  0.1951E-01  0.3557E-01  0.3557E-01
  0.2150E+00  0.1150E-01  0.2170E-01  0.3560E-01  0.3560E-01
  0.2156E+00  0.1538E-01  0.1924E-01  0.3564E-01  0.3564E-01
  0.2162E+00  0.6082E-01  0.2071E-01  0.3567E-01  0.3567E-01
  0.2168E+00  0.2190E-01  0.1991E-01  0.3571E-01  0.3571E-01
  0.2174E+00  0.4639E-01  0.2164E-01  0.3575E-01  0.3575E-01
  0.2180E+00  0.5259E-01  0.1976E-01  0.3579E-01  0.3579E-01
  0.2186E+00  0.2600E-01  0.2116E-01  0.3583E-01  0.3583E-01
  0.2192E+00  0.3886E-01  0.1914E-01  0.3587E-01  0.3587E-01
  0.2198E+00  0.3610E-01  0.2043E-01  0.3591E-01  0.3591E-01
  0.2204E+00  0.4901E-01  0.2285E-01  0.3596E-01  0.3596E-01
  0.2210E+00  0.5093E-01  0.1908E-01  0.3600E-01  0.3600E-01
  0.2217E+00  0.5655E-01  0.2110E-01  0.3604E-01  0.3604E-01
  0.2223E+00  0.2911E-01  0.2176E-01  0.3609E-01  0.3609E-01
  0.2229E+00  0.6123E-01  0.2059E-01  0.3614E-01  0.3614E-01
  0.2235E+00  0.4453E-01  0.2019E-01  0.3618E-01  0.3618E-01
  0.2241E+00  0.4042E-01  0.1983E-01  0.3623E-01  0.3623E-01
  0.2247E+00  0.1517E-01  0.1781E-01  0.3628E-01  0.3628E-01
  0.2253E+00  0.4438E-01  0.1933E-01  0.3633E-01  0.3633E-01
  0.2259E+00  0.4727E-01  0.2035E-01  0.3638E-01  0.3638E-01
  0.2265E+00  0.5214E-01  0.2047E-01  0.3642E-01  0.3642E-01
  0.2271E+00  0.4992E-01  0.1956E-01  0.3647E-01  0.3647E-01
  0.2277E+00  0.4268E-01  0.2081E-01  0.3652E-01  0.3652E-01
  0.2283E+00  0.2100E-01  0.2015E-01  0.3657E-01  0.3657E-01
  0.2289E+00  0.2450E-01  0.1953E-01  0.3662E-01  0.3662E-01
  0.2296E+00  0.1802E-01  0.2006E-01  0.3667E-01  0.3667E-01
  0.2302E+00  0.1615E-01  0.1923E-01  0.3673E-01  0.3673E-01
  0.2308E+00  0.2917E-01  0.1966E-01  0.3678E-01  0.3678E-01
  0.2314E+00  0.4304E-01  0.1975E-01  0.3683E-01  0.3683E-01
  0.2320E+00  0.5773E-01  0.2087E-01  0.3688E-01  0.3688E-01
  0.2326E+00  0.8668E-01  0.1998E-01  0.3693E-01  0.3693E-01
  0.2332E+00  0.6535E-01  0.2006E-01  0.3698E-01  0.3698E-01
  0.2338E+00  0.4857E-01  0.1937E-01  0.3703E-01  0.3703E-01
  0.2344E+00  0.6385E-01  0.2088E-01  0.3708E-01  0.3708E-01
  0.2350E+00  0.4656E-01  0.1929E-01  0.3713E-01  0.3713E-01
  0.2356E+00  0.6944E-01  0.2115E-01  0.3719E-01  0.3719E-01
  0.2362E+00  0.5335E-01  0.2080E-01  0.3724E-01  0.3724E-01
  0.2369E+00  0.7393E-01  0.2543E-01  0.3729E-01  0.3729E-01
  0.2375E+00  0.6729E-01  0.1958E-01  0.3734E-01  0.3734E-01
  0.2381E+00  0.6989E-01  0.2463E-01  0.3739E-01  0.3739E-01
  0.2387E+00  0.5718E-01  0.1939E-01  0.3745E-01  0.3745E-01
  0.2393E+00  0.2719E-01  0.1882E-01  0.3750E-01  0.3750E-01
  0.2399E+00  0.6250E-01  0.2002E-01  0.3755E-01  0.3755E-01
  0.2405E+00  0.4073E-01  0.2322E-01  0.3760E-01  0.3760E-01
  0.2411E+00  0.2985E-01  0.3333E-01  0.3765E-01  0.3765E-01
  0.2417E+00  0.6704E-02  0.2155E-01  0.3771E-01  0.3771E-01
  0.2423E+00  0.5652E-01  0.3412E-01  0.3776E-01  0.3776E-01
  0.2429E+00  0.1876E-01  0.2023E-01  0.3781E-01  0.3781E-01
  0.2435E+00  0.3930E-01  0.1822E-01  0.3786E-01  0.3786E-01
  0.2441E+00  0.1169E-01  0.1937E-01  0.3792E-01  0.3792E-01
  0.2448E+00  0.2656E-01  0.2052E-01  0.3797E-01  0.3797E-01
  0.2454E+00  0.2277E-01  0.1954E-01  0.3802E-01  0.3802E-01
  0.2460E+00  0.4092E-01  0.2030E-01  0.3808E-01  0.3808E-01
  0.2466E+00  0.5196E-01  0.2044E-01  0.3813E-01  0.3813E-01
  0.2472E+00  0.6764E-01  0.2125E-01  0.3818E-01  0.3818E-01
  0.2478E+00  0.3494E-01  0.1994E-01  0.3824E-01  0.3824E-01
  0.2484E+00  0.2602E-01  0.1921E-01  0.3829E-01  0.3829E-01
  0.2490E+00  0.6880E-01  0.1973E-01  0.3834E-01  0.3834E-01
  0.2502E+00  0.3341E-01  0.2106E-01  0.3845E-01  0.3845E-01
  0.2508E+00  0.3829E-01  0.1981E-01  0.3850E-01  0.3850E-01
  0.2514E+00  0.9760E-02  0.2061E-01  0.3856E-01  0.3856E-01
  0.2521E+00  0.3513E-01  0.1952E-01  0.3861E-01  0.3861E-01
  0.2527E+00  0.2147E-01  0.2054E-01  0.3867E-01  0.3867E-01
  0.2533E+00  0.5933E-01  0.2104E-01  0.3872E-01  0.3872E-01
  0.2539E+00  0.5748E-01  0.1928E-01  0.3878E-01  0.3878E-01
  0.2545E+00  0.6733E-01  0.1883E-01  0.3883E-01  0.3883E-01
  0.2551E+00  0.6306E-01  0.2028E-01  0.3889E-01  0.3889E-01
  0.2557E+00  0.6307E-01  0.2061E-01  0.3894E-01  0.3894E-01
  0.2563E+00  0.3423E-01  0.2024E-01  0.3900E-01  0.3900E-01
  0.2569E+00  0.3448E-01  0.1884E-01  0.3905E-01  0.3905E-01
  0.2575E+00  0.2531E-01  0.2048E-01  0.3911E-01  0.3911E-01
  0.2581E+00  0.4352E-02  0.2164E-01  0.3917E-01  0.3917E-01
  0.2587E+00  0.2539E-01  0.2096E-01  0.3922E-01  0.3922E-01
  0.2593E+00  0.1937E-01  0.1951E-01  0.3928E-01  0.3928E-01
  0.2600E+00  0.8372E-02  0.2001E-01  0.3933E-01  0.3933E-01
  0.2606E+00  0.2460E-03  0.1893E-01  0.3939E-01  0.3939E-01
  0.2612E+00  0.1065E-01  0.2053E-01  0.3945E-01  0.3945E-01
  0.2618E+00  0.3596E-01  0.1992E-01  0.3950E-01  0.3950E-01
  0.2624E+00  0.1363E-01  0.1737E-01  0.3956E-01  0.3956E-01
  0.2630E+00  0.2181E-01  0.1910E-01  0.3962E-01  0.3962E-01
  0.2636E+00  0.3154E-01  0.1944E-01  0.3968E-01  0.3968E-01
  0.2648E+00  0.3467E-01  0.2047E-01  0.3979E-01  0.3979E-01
  0.2654E+00  0.4083E-01  0.1877E-01  0.3985E-01  0.3985E-01
  0.2660E+00  0.4015E-01  0.3416E-01  0.3991E-01  0.3991E-01
  0.2666E+00  0.3912E-01  0.1975E-01  0.3996E-01  0.3996E-01
  0.2673E+00  0.5755E-01  0.2004E-01  0.4002E-01  0.4002E-01
  0.2679E+00  0.4379E-01  0.1966E-01  0.4008E-01  0.4008E-01
  0.2685E+00  0.7119E-02  0.2013E-01  0.4014E-01  0.4014E-01
  0.2691E+00  0.4656E-01  0.1932E-01  0.4020E-01  0.4020E-01
  0.2697E+00  0.4377E-01  0.1327E+00  0.4025E-01  0.4025E-01
  0.2703E+00  0.5488E-01  0.3831E-01  0.4031E-01  0.4031E-01
  0.2709E+00  0.6586E-02  0.1990E-01  0.4037E-01  0.4037E-01
  0.2715E+00  0.5969E-01  0.1935E-01  0.4043E-01  0.4043E-01
  0.2721E+00  0.1344E-01  0.1901E-01  0.4048E-01  0.4048E-01
  0.2727E+00  0.3509E-01  0.1957E-01  0.4054E-01  0.4054E-01
  0.2739E+00  0.9325E-02  0.1891E-01  0.4066E-01  0.4066E-01
  0.2752E+00  0.3778E-01  0.1880E-01  0.4077E-01  0.4077E-01
  0.2758E+00  0.4477E-01  0.1846E-01  0.4083E-01  0.4083E-01
  0.2764E+00  0.6720E-01  0.2016E-01  0.4088E-01  0.4088E-01
  0.2770E+00  0.3558E-01  0.1884E-01  0.4094E-01  0.4094E-01
  0.2776E+00  0.4536E-01  0.1843E-01  0.4099E-01  0.4099E-01
  0.2782E+00  0.6513E-01  0.1947E-01  0.4105E-01  0.4105E-01
  0.2788E+00  0.5861E-01  0.1934E-01  0.4111E-01  0.4111E-01
  0.2794E+00  0.5520E-01  0.1980E-01  0.4116E-01  0.4116E-01
  0.2800E+00  0.6758E-01  0.1916E-01  0.4121E-01  0.4121E-01
  0.2806E+00  0.5221E-01  0.1790E-01  0.4127E-01  0.4127E-01
  0.2812E+00  0.4747E-01  0.1938E-01  0.4132E-01  0.4132E-01
  0.2818E+00  0.1980E-01  0.1896E-01  0.4138E-01  0.4138E-01
  0.2825E+00  0.4239E-01  0.1950E-01  0.4143E-01  0.4143E-01
  0.2831E+00  0.5932E-01  0.1737E-01  0.4148E-01  0.4148E-01
  0.2837E+00  0.2217E-01  0.1932E-01  0.4153E-01  0.4153E-01
  0.2843E+00  0.4791E-01  0.1826E-01  0.4158E-01  0.4158E-01
  0.2855E+00  0.2322E-01  0.1780E-01  0.4168E-01  0.4168E-01
  0.2861E+00  0.9956E-02  0.1724E-01  0.4173E-01  0.4173E-01
  0.2867E+00  0.2652E-01  0.1798E-01  0.4178E-01  0.4178E-01
  0.2873E+00  0.3526E-01  0.1774E-01  0.4183E-01  0.4183E-01
  0.2879E+00  0.3190E-01  0.1849E-01  0.4187E-01  0.4187E-01
  0.2885E+00  0.1411E-01  0.1769E-01  0.4192E-01  0.4192E-01
  0.2891E+00  0.6054E-01  0.1735E-01  0.4197E-01  0.4197E-01
  0.2897E+00  0.5536E-01  0.1823E-01  0.4201E-01  0.4201E-01
  0.2904E+00  0.5627E-01  0.1723E-01  0.4205E-01  0.4205E-01
  0.2910E+00  0.4700E-01  0.1949E-01  0.4210E-01  0.4210E-01
  0.2916E+00  0.2274E-01  0.1812E-01  0.4214E-01  0.4214E-01
  0.2922E+00  0.6886E-01  0.2004E-01  0.4218E-01  0.4218E-01
  0.2928E+00  0.3410E-01  0.1791E-01  0.4222E-01  0.4222E-01
  0.2934E+00  0.5148E-01  0.1834E-01  0.4226E-01  0.4226E-01
  0.2940E+00  0.5101E-01  0.1968E-01  0.4230E-01  0.4230E-01
  0.2946E+00  0.7524E-01  0.1835E-01  0.4233E-01  0.4233E-01
  0.2952E+00  0.6145E-01  0.2885E-01  0.4237E-01  0.4237E-01
  0.2958E+00  0.5685E-01  0.1749E-01  0.4240E-01  0.4240E-01
  0.2964E+00  0.3981E-01  0.4340E-01  0.4244E-01  0.4244E-01
  0.2970E+00  0.6912E-01  0.1774E-01  0.4247E-01  0.4247E-01
  0.2976E+00  0.3896E-01  0.2093E-01  0.4250E-01  0.4250E-01
  0.2983E+00  0.4728E-01  0.1663E-01  0.4253E-01  0.4253E-01
  0.2989E+00  0.4026E-01  0.2011E-01  0.4256E-01  0.4256E-01
  0.2995E+00  0.4401E-01  0.1687E-01  0.4258E-01  0.4258E-01
  0.3001E+00  0.4656E-01  0.2072E-01  0.4261E-01  0.4261E-01
  0.3007E+00  0.5265E-01  0.1781E-01  0.4263E-01  0.4263E-01
  0.3013E+00  0.3179E-01  0.1714E-01  0.4266E-01  0.4266E-01
  0.3019E+00  0.6432E-01  0.1792E-01  0.4268E-01  0.4268E-01
  0.3025E+00  0.1955E-01  0.1640E-01  0.4270E-01  0.4270E-01
  0.3031E+00  0.3977E-01  0.1836E-01  0.4272E-01  0.4272E-01
  0.3037E+00  0.2259E-01  0.1716E-01  0.4274E-01  0.4274E-01
  0.3043E+00  0.4901E-01  0.1799E-01  0.4275E-01  0.4275E-01
  0.3049E+00  0.2459E-01  0.1794E-01  0.4277E-01  0.4277E-01
  0.3056E+00  0.6010E-01  0.1795E-01  0.4278E-01  0.4278E-01
  0.3062E+00  0.5020E-01  0.1694E-01  0.4279E-01  0.4279E-01
  0.3068E+00  0.3076E-01  0.2713E-01  0.4280E-01  0.4280E-01
  0.3074E+00  0.4103E-01  0.1954E-01  0.4281E-01  0.4281E-01
  0.3080E+00  0.3996E-01  0.1740E-01  0.4281E-01  0.4281E-01
  0.3086E+00  0.6157E-01  0.1760E-01  0.4282E-01  0.4282E-01
  0.3092E+00  0.3746E-01  0.1701E-01  0.4282E-01  0.4282E-01
  0.3098E+00  0.3597E-01  0.1729E-01  0.4282E-01  0.4282E-01
  0.3104E+00  0.5677E-01  0.1613E-01  0.4282E-01  0.4282E-01
  0.3110E+00  0.3892E-01  0.1671E-01  0.4282E-01  0.4282E-01
  0.3116E+00  0.2856E-01  0.1714E-01  0.4282E-01  0.4282E-01
  0.3122E+00  0.6264E-01  0.1743E-01  0.4281E-01  0.4281E-01
  0.3128E+00  0.3254E-01  0.1854E-01  0.4281E-01  0.4281E-01
  0.3135E+00  0.5514E-01  0.1986E-01  0.4280E-01  0.4280E-01
  0.3141E+00  0.5417E-01  0.2010E-01  0.4279E-01  0.4279E-01
  0.3147E+00  0.3247E-01  0.1981E-01  0.4278E-01  0.4278E-01
  0.3153E+00  0.2927E-01  0.2262E-01  0.4276E-01  0.4276E-01
  0.3159E+00  0.4369E-01  0.2191E-01  0.4275E-01  0.4275E-01
  0.3165E+00  0.3418E-01  0.2362E-01  0.4273E-01  0.4273E-01
  0.3171E+00  0.7382E-01  0.2160E-01  0.4271E-01  0.4271E-01
  0.3177E+00  0.2834E-01  0.2256E-01  0.4269E-01  0.4269E-01
  0.3183E+00  0.5166E-01  0.2376E-01  0.4266E-01  0.4266E-01
  0.3189E+00  0.5876E-01  0.2330E-01  0.4264E-01  0.4264E-01
  0.3195E+00  0.6549E-01  0.2373E-01  0.4261E-01  0.4261E-01
  0.3201E+00  0.4651E-01  0.2456E-01  0.4259E-01  0.4259E-01
  0.3208E+00  0.6517E-01  0.2615E-01  0.4256E-01  0.4256E-01
  0.3214E+00  0.3852E-01  0.2688E-01  0.4252E-01  0.4252E-01
  0.3220E+00  0.3458E-01  0.2985E-01  0.4249E-01  0.4249E-01
  0.3226E+00  0.5539E-01  0.3020E-01  0.4245E-01  0.4245E-01
  0.3232E+00  0.7612E-01  0.3397E-01  0.4242E-01  0.4242E-01
  0.3244E+00  0.2188E-01  0.4275E-01  0.4234E-01  0.4234E-01

           Distance distribution  function of particle  


       R          P(R)      ERROR

  0.0000E+00  0.0000E+00  0.0000E+00
  0.5667E+00  0.2044E-03  0.1467E-04
  0.1133E+01  0.3897E-03  0.2568E-04
  0.1700E+01  0.5567E-03  0.3313E-04
  0.2267E+01  0.7064E-03  0.3725E-04
  0.2833E+01  0.8401E-03  0.3832E-04
  0.3400E+01  0.9597E-03  0.3670E-04
  0.3967E+01  0.1067E-02  0.3286E-04
  0.4534E+01  0.1164E-02  0.2739E-04
  0.5100E+01  0.1254E-02  0.2120E-04
  0.5667E+01  0.1339E-02  0.1610E-04
  0.6234E+01  0.1422E-02  0.1538E-04
  0.6800E+01  0.1504E-02  0.2015E-04
  0.7367E+01  0.1590E-02  0.2754E-04
  0.7934E+01  0.1680E-02  0.3541E-04
  0.8500E+01  0.1778E-02  0.4274E-04
  0.9067E+01  0.1884E-02  0.4901E-04
  0.9634E+01  0.2001E-02  0.5386E-04
  0.1020E+02  0.2130E-02  0.5708E-04
  0.1077E+02  0.2271E-02  0.5854E-04
  0.1133E+02  0.2425E-02  0.5823E-04
  0.1190E+02  0.2591E-02  0.5622E-04
  0.1247E+02  0.2770E-02  0.5270E-04
  0.1303E+02  0.2960E-02  0.4797E-04
  0.1360E+02  0.3161E-02  0.4253E-04
  0.1417E+02  0.3370E-02  0.3713E-04
  0.1473E+02  0.3586E-02  0.3288E-04
  0.1530E+02  0.3806E-02  0.3114E-04
  0.1587E+02  0.4029E-02  0.3277E-04
  0.1643E+02  0.4250E-02  0.3734E-04
  0.1700E+02  0.4469E-02  0.4363E-04
  0.1757E+02  0.4682E-02  0.5049E-04
  0.1813E+02  0.4886E-02  0.5711E-04
  0.1870E+02  0.5079E-02  0.6294E-04
  0.1927E+02  0.5259E-02  0.6763E-04
  0.1983E+02  0.5422E-02  0.7095E-04
  0.2040E+02  0.5569E-02  0.7277E-04
  0.2097E+02  0.5695E-02  0.7308E-04
  0.2153E+02  0.5801E-02  0.7195E-04
  0.2210E+02  0.5885E-02  0.6956E-04
  0.2267E+02  0.5947E-02  0.6620E-04
  0.2323E+02  0.5986E-02  0.6229E-04
  0.2380E+02  0.6002E-02  0.5836E-04
  0.2437E+02  0.5996E-02  0.5505E-04
  0.2493E+02  0.5968E-02  0.5301E-04
  0.2550E+02  0.5920E-02  0.5274E-04
  0.2607E+02  0.5852E-02  0.5437E-04
  0.2663E+02  0.5767E-02  0.5759E-04
  0.2720E+02  0.5666E-02  0.6185E-04
  0.2777E+02  0.5550E-02  0.6654E-04
  0.2834E+02  0.5423E-02  0.7109E-04
  0.2890E+02  0.5284E-02  0.7509E-04
  0.2947E+02  0.5138E-02  0.7823E-04
  0.3004E+02  0.4985E-02  0.8035E-04
  0.3060E+02  0.4827E-02  0.8136E-04
  0.3117E+02  0.4666E-02  0.8131E-04
  0.3174E+02  0.4503E-02  0.8032E-04
  0.3230E+02  0.4340E-02  0.7863E-04
  0.3287E+02  0.4177E-02  0.7654E-04
  0.3344E+02  0.4016E-02  0.7439E-04
  0.3400E+02  0.3857E-02  0.7258E-04
  0.3457E+02  0.3700E-02  0.7142E-04
  0.3514E+02  0.3546E-02  0.7115E-04
  0.3570E+02  0.3396E-02  0.7182E-04
  0.3627E+02  0.3248E-02  0.7331E-04
  0.3684E+02  0.3103E-02  0.7538E-04
  0.3740E+02  0.2960E-02  0.7769E-04
  0.3797E+02  0.2819E-02  0.7992E-04
  0.3854E+02  0.2680E-02  0.8179E-04
  0.3910E+02  0.2542E-02  0.8309E-04
  0.3967E+02  0.2405E-02  0.8371E-04
  0.4024E+02  0.2268E-02  0.8365E-04
  0.4080E+02  0.2132E-02  0.8299E-04
  0.4137E+02  0.1997E-02  0.8191E-04
  0.4194E+02  0.1862E-02  0.8065E-04
  0.4250E+02  0.1727E-02  0.7952E-04
  0.4307E+02  0.1594E-02  0.7878E-04
  0.4364E+02  0.1462E-02  0.7867E-04
  0.4420E+02  0.1332E-02  0.7931E-04
  0.4477E+02  0.1205E-02  0.8068E-04
  0.4534E+02  0.1081E-02  0.8267E-04
  0.4590E+02  0.9619E-03  0.8505E-04
  0.4647E+02  0.8478E-03  0.8759E-04
  0.4704E+02  0.7397E-03  0.9008E-04
  0.4760E+02  0.6385E-03  0.9237E-04
  0.4817E+02  0.5449E-03  0.9443E-04
  0.4874E+02  0.4594E-03  0.9627E-04
  0.4930E+02  0.3827E-03  0.9800E-04
  0.4987E+02  0.3149E-03  0.9974E-04
  0.5044E+02  0.2561E-03  0.1016E-03
  0.5100E+02  0.2062E-03  0.1035E-03
  0.5157E+02  0.1649E-03  0.1053E-03
  0.5214E+02  0.1315E-03  0.1067E-03
  0.5270E+02  0.1051E-03  0.1070E-03
  0.5327E+02  0.8457E-04  0.1054E-03
  0.5384E+02  0.6869E-04  0.1011E-03
  0.5440E+02  0.5588E-04  0.9296E-04
  0.5497E+02  0.4446E-04  0.7993E-04
  0.5554E+02  0.3261E-04  0.6087E-04
  0.5610E+02  0.1843E-04  0.3460E-04
  0.5667E+02  0.0000E+00  0.0000E+00
          Reciprocal space: Rg =   19.21     , I(0) =   0.1947E+01
     Real space: Rg =   19.17 +- 0.126  I(0) =   0.1947E+01 +-  0.1257E-01
