
           ####    G N O M   ---   Version 4.5a revised 09/02/02     ####

                                                  Wed May 19 15:23:59 2010
           ===    Run No   1   ===
 Run title:   Merge of: p1_E2_2.mccd p1_E3_2.mccd p1_E6_2.mccd p1_E7_1.mccd p1


  Number of points omitted at the beginning:          27
   *******   Working Directory :
   *******    Input file(s) :
           Condition P(rmin) = 0 is used. 
           Condition P(rmax) = 0 is used. 

          Experimental conditions for the first run
          -----------------------------------------

          Highest ALPHA is found to be   0.1484E+03

  The measure of inconsistency AN1 equals to    0.8542E+00
     Alpha    Discrp  Oscill  Stabil  Sysdev  Positv  Valcen    Total   
  0.1484E+06 36.1639  1.3014  0.9651  0.0000  1.0000  0.8333  0.31396
  0.2968E+05 33.3950  1.2762  0.8820  0.0000  1.0000  0.8395  0.31941
  0.5936E+04 25.7047  1.1944  0.6679  0.0755  1.0000  0.8614  0.33882
  0.1187E+04 15.1448  1.1039  0.4116  0.1006  1.0000  0.8999  0.35435
  0.2374E+03  6.3363  1.1254  0.1696  0.1761  1.0000  0.9295  0.40454
  0.4749E+02  2.0124  1.2034  0.0545  0.3187  1.0000  0.9457  0.58718
  0.9498E+01  0.6936  1.2556  0.0175  0.4780  1.0000  0.9520  0.75654
  0.1900E+01  0.5003  1.2738  0.0046  0.5367  1.0000  0.9536  0.76504
  0.3799E+00  0.4885  1.2788  0.0028  0.5535  1.0000  0.9540  0.77187
  0.7598E-01  0.4863  1.2874  0.0125  0.5618  1.0000  0.9539  0.77324
  0.1520E-01  0.4793  1.4364  0.0548  0.5618  1.0000  0.9524  0.70757
  0.3039E-02  0.4593  2.6503  0.1433  0.5535  0.9988  0.9411  0.39291
  0.6079E-03  0.4399  4.7282  0.1244  0.5786  0.9904  0.9087  0.41683
  0.1216E-03  0.4356  5.6756  0.0877  0.5451  0.9838  0.8876  0.43912
  0.2431E-04  0.4349  6.2080  0.2212  0.5535  0.9840  0.8797  0.32162
  0.4863E-05  0.4341  8.0917  0.4809  0.5451  0.9596  0.6567  0.25257
  0.9726E-06  0.4317 11.2571  0.8221  0.5451  0.8316  0.4849  0.19814
  0.1945E-06  0.4234 12.2974  0.7655  0.5451  0.7434  0.3666  0.18733
  0.3890E-07  0.4098 12.5458  0.4190  0.5618  0.7216  0.3372  0.19405
  0.7781E-08  0.4043 13.0436  0.1512  0.5786  0.7145  0.3315  0.00000

          ***  Golden section search to maximize estimate ***
     Alpha    Discrp  Oscill  Stabil  Sysdev  Positv  Valcen    Total   
  0.2054E+00  0.4877  1.2802  0.0047  0.5618  1.0000  0.9540  0.77622
  0.2598E+00  0.4880  1.2796  0.0038  0.5618  1.0000  0.9540  0.77645
  0.3004E+00  0.4882  1.2793  0.0034  0.5535  1.0000  0.9540  0.77172
  0.2375E+00  0.4879  1.2798  0.0041  0.5618  1.0000  0.9540  0.77637
  0.2746E+00  0.4880  1.2795  0.0036  0.5618  1.0000  0.9540  0.77649
  0.2842E+00  0.4881  1.2794  0.0035  0.5618  1.0000  0.9540  0.77652
  0.2903E+00  0.4881  1.2793  0.0035  0.5618  1.0000  0.9540  0.77654
  0.2941E+00  0.4881  1.2793  0.0034  0.5618  1.0000  0.9540  0.77655
  0.2965E+00  0.4881  1.2793  0.0034  0.5618  1.0000  0.9540  0.77655
  0.2980E+00  0.4881  1.2793  0.0034  0.5535  1.0000  0.9540  0.77171
  0.2956E+00  0.4881  1.2793  0.0034  0.5618  1.0000  0.9540  0.77655
  0.2971E+00  0.4881  1.2793  0.0034  0.5618  1.0000  0.9540  0.77655
  0.2974E+00  0.4881  1.2793  0.0034  0.5618  1.0000  0.9540  0.77655
  0.2976E+00  0.4881  1.2793  0.0034  0.5535  1.0000  0.9540  0.77171
  0.2974E+00  0.4881  1.2793  0.0034  0.5618  1.0000  0.9540  0.77655



             ####            Final results            ####

 Parameter    DISCRP    OSCILL    STABIL    SYSDEV    POSITV    VALCEN
 Weight        1.000     3.000     3.000     5.000     1.000     1.000
 Sigma         0.300     0.600     0.120     0.500     0.120     0.120
 Ideal         0.700     1.200     0.000     1.000     1.000     0.950
 Current       0.488     1.279     0.003     0.562     1.000     0.954
                - - - - - - - - - - - - - - - - - - - - - - - - - 
 Estimate      0.607     0.983     0.999     0.464     1.000     0.999

  Angular   range    :     from    0.0295   to    0.3195
  Real space range   :     from      0.00   to     74.36

  Highest ALPHA (theor) :   0.148E+06                 JOB = 0
  Current ALPHA         :   0.297E+00   Rg :  0.243E+02   I(0) :   0.134E+02

           Total  estimate : 0.777  which is    A GOOD      solution

      S          J EXP       ERROR       J REG       I REG

  0.0000E+00                                      0.1345E+02
  0.1053E-02                                      0.1344E+02
  0.2107E-02                                      0.1343E+02
  0.3160E-02                                      0.1342E+02
  0.4213E-02                                      0.1340E+02
  0.5266E-02                                      0.1337E+02
  0.6320E-02                                      0.1334E+02
  0.7373E-02                                      0.1330E+02
  0.8426E-02                                      0.1326E+02
  0.9480E-02                                      0.1321E+02
  0.1053E-01                                      0.1316E+02
  0.1159E-01                                      0.1310E+02
  0.1264E-01                                      0.1303E+02
  0.1369E-01                                      0.1296E+02
  0.1475E-01                                      0.1288E+02
  0.1580E-01                                      0.1280E+02
  0.1685E-01                                      0.1272E+02
  0.1791E-01                                      0.1263E+02
  0.1896E-01                                      0.1253E+02
  0.2001E-01                                      0.1243E+02
  0.2107E-01                                      0.1232E+02
  0.2212E-01                                      0.1222E+02
  0.2317E-01                                      0.1210E+02
  0.2423E-01                                      0.1198E+02
  0.2528E-01                                      0.1186E+02
  0.2633E-01                                      0.1174E+02
  0.2739E-01                                      0.1161E+02
  0.2844E-01                                      0.1147E+02
  0.2949E-01  0.1147E+02  0.1597E+00  0.1134E+02  0.1134E+02
  0.3010E-01  0.1139E+02  0.1595E+00  0.1126E+02  0.1126E+02
  0.3071E-01  0.1134E+02  0.1399E+00  0.1117E+02  0.1117E+02
  0.3132E-01  0.1107E+02  0.1542E+00  0.1109E+02  0.1109E+02
  0.3192E-01  0.1086E+02  0.1599E+00  0.1101E+02  0.1101E+02
  0.3253E-01  0.1076E+02  0.1514E+00  0.1092E+02  0.1092E+02
  0.3314E-01  0.1062E+02  0.1493E+00  0.1084E+02  0.1084E+02
  0.3375E-01  0.1076E+02  0.1274E+00  0.1075E+02  0.1075E+02
  0.3436E-01  0.1068E+02  0.1272E+00  0.1066E+02  0.1066E+02
  0.3497E-01  0.1073E+02  0.1441E+00  0.1058E+02  0.1058E+02
  0.3557E-01  0.1054E+02  0.1433E+00  0.1049E+02  0.1049E+02
  0.3618E-01  0.1050E+02  0.1325E+00  0.1040E+02  0.1040E+02
  0.3679E-01  0.1040E+02  0.1333E+00  0.1031E+02  0.1031E+02
  0.3740E-01  0.1025E+02  0.1349E+00  0.1022E+02  0.1022E+02
  0.3801E-01  0.1033E+02  0.1446E+00  0.1012E+02  0.1012E+02
  0.3861E-01  0.1038E+02  0.1292E+00  0.1003E+02  0.1003E+02
  0.3922E-01  0.1024E+02  0.1269E+00  0.9939E+01  0.9939E+01
  0.3983E-01  0.1003E+02  0.1214E+00  0.9846E+01  0.9846E+01
  0.4044E-01  0.9873E+01  0.1257E+00  0.9751E+01  0.9751E+01
  0.4105E-01  0.9567E+01  0.1169E+00  0.9657E+01  0.9657E+01
  0.4165E-01  0.9525E+01  0.1239E+00  0.9562E+01  0.9562E+01
  0.4226E-01  0.9599E+01  0.1269E+00  0.9466E+01  0.9466E+01
  0.4287E-01  0.9555E+01  0.1192E+00  0.9370E+01  0.9370E+01
  0.4348E-01  0.9359E+01  0.1126E+00  0.9274E+01  0.9274E+01
  0.4409E-01  0.9393E+01  0.1153E+00  0.9177E+01  0.9177E+01
  0.4469E-01  0.9131E+01  0.1121E+00  0.9080E+01  0.9080E+01
  0.4530E-01  0.9082E+01  0.1106E+00  0.8983E+01  0.8983E+01
  0.4591E-01  0.8831E+01  0.1169E+00  0.8885E+01  0.8885E+01
  0.4652E-01  0.8709E+01  0.9944E-01  0.8787E+01  0.8787E+01
  0.4713E-01  0.8515E+01  0.1077E+00  0.8689E+01  0.8689E+01
  0.4773E-01  0.8512E+01  0.1023E+00  0.8591E+01  0.8591E+01
  0.4834E-01  0.8426E+01  0.1052E+00  0.8493E+01  0.8493E+01
  0.4895E-01  0.8420E+01  0.1005E+00  0.8394E+01  0.8394E+01
  0.4956E-01  0.8188E+01  0.1047E+00  0.8296E+01  0.8296E+01
  0.5017E-01  0.8141E+01  0.1059E+00  0.8197E+01  0.8197E+01
  0.5078E-01  0.7967E+01  0.9823E-01  0.8099E+01  0.8099E+01
  0.5138E-01  0.7934E+01  0.1032E+00  0.8000E+01  0.8000E+01
  0.5199E-01  0.7763E+01  0.1055E+00  0.7902E+01  0.7902E+01
  0.5260E-01  0.7617E+01  0.1027E+00  0.7803E+01  0.7803E+01
  0.5321E-01  0.7571E+01  0.1028E+00  0.7705E+01  0.7705E+01
  0.5382E-01  0.7533E+01  0.9987E-01  0.7607E+01  0.7607E+01
  0.5442E-01  0.7340E+01  0.9805E-01  0.7509E+01  0.7509E+01
  0.5503E-01  0.7346E+01  0.9478E-01  0.7411E+01  0.7411E+01
  0.5564E-01  0.7230E+01  0.9013E-01  0.7313E+01  0.7313E+01
  0.5625E-01  0.7255E+01  0.1006E+00  0.7216E+01  0.7216E+01
  0.5686E-01  0.7201E+01  0.9098E-01  0.7119E+01  0.7119E+01
  0.5746E-01  0.7109E+01  0.8752E-01  0.7022E+01  0.7022E+01
  0.5807E-01  0.6913E+01  0.9198E-01  0.6925E+01  0.6925E+01
  0.5868E-01  0.6851E+01  0.9814E-01  0.6829E+01  0.6829E+01
  0.5929E-01  0.6698E+01  0.9448E-01  0.6733E+01  0.6733E+01
  0.5990E-01  0.6506E+01  0.9846E-01  0.6638E+01  0.6638E+01
  0.6050E-01  0.6391E+01  0.8909E-01  0.6542E+01  0.6542E+01
  0.6111E-01  0.6320E+01  0.8302E-01  0.6448E+01  0.6448E+01
  0.6172E-01  0.6216E+01  0.8108E-01  0.6354E+01  0.6354E+01
  0.6233E-01  0.6206E+01  0.8886E-01  0.6260E+01  0.6260E+01
  0.6294E-01  0.6216E+01  0.8849E-01  0.6167E+01  0.6167E+01
  0.6354E-01  0.5983E+01  0.8637E-01  0.6074E+01  0.6074E+01
  0.6415E-01  0.5906E+01  0.8943E-01  0.5982E+01  0.5982E+01
  0.6476E-01  0.5864E+01  0.8258E-01  0.5890E+01  0.5890E+01
  0.6537E-01  0.5854E+01  0.8078E-01  0.5799E+01  0.5799E+01
  0.6598E-01  0.5704E+01  0.8492E-01  0.5708E+01  0.5708E+01
  0.6659E-01  0.5663E+01  0.8529E-01  0.5618E+01  0.5618E+01
  0.6719E-01  0.5483E+01  0.8490E-01  0.5529E+01  0.5529E+01
  0.6780E-01  0.5337E+01  0.8470E-01  0.5440E+01  0.5440E+01
  0.6841E-01  0.5243E+01  0.8290E-01  0.5352E+01  0.5352E+01
  0.6902E-01  0.5133E+01  0.8547E-01  0.5265E+01  0.5265E+01
  0.6963E-01  0.5237E+01  0.8294E-01  0.5178E+01  0.5178E+01
  0.7023E-01  0.5061E+01  0.8042E-01  0.5092E+01  0.5092E+01
  0.7084E-01  0.5095E+01  0.8537E-01  0.5007E+01  0.5007E+01
  0.7145E-01  0.4961E+01  0.8321E-01  0.4923E+01  0.4923E+01
  0.7206E-01  0.4909E+01  0.7621E-01  0.4839E+01  0.4839E+01
  0.7267E-01  0.4828E+01  0.7731E-01  0.4756E+01  0.4756E+01
  0.7327E-01  0.4661E+01  0.7624E-01  0.4674E+01  0.4674E+01
  0.7388E-01  0.4652E+01  0.6951E-01  0.4592E+01  0.4592E+01
  0.7449E-01  0.4599E+01  0.7059E-01  0.4511E+01  0.4511E+01
  0.7510E-01  0.4472E+01  0.7735E-01  0.4432E+01  0.4432E+01
  0.7571E-01  0.4432E+01  0.7287E-01  0.4352E+01  0.4352E+01
  0.7631E-01  0.4266E+01  0.7390E-01  0.4274E+01  0.4274E+01
  0.7692E-01  0.4151E+01  0.7254E-01  0.4197E+01  0.4197E+01
  0.7753E-01  0.4118E+01  0.7265E-01  0.4120E+01  0.4120E+01
  0.7814E-01  0.4072E+01  0.1534E+01  0.4044E+01  0.4044E+01
  0.7875E-01  0.4003E+01  0.3754E+01  0.3969E+01  0.3969E+01
  0.7935E-01  0.3930E+01  0.1753E+01  0.3895E+01  0.3895E+01
  0.7996E-01  0.3819E+01  0.5081E-01  0.3822E+01  0.3822E+01
  0.8057E-01  0.3816E+01  0.4972E-01  0.3750E+01  0.3750E+01
  0.8118E-01  0.3745E+01  0.5192E-01  0.3678E+01  0.3678E+01
  0.8179E-01  0.3647E+01  0.5387E-01  0.3608E+01  0.3608E+01
  0.8239E-01  0.3555E+01  0.5076E-01  0.3538E+01  0.3538E+01
  0.8300E-01  0.3426E+01  0.5203E-01  0.3469E+01  0.3469E+01
  0.8361E-01  0.3365E+01  0.5081E-01  0.3401E+01  0.3401E+01
  0.8422E-01  0.3357E+01  0.5132E-01  0.3334E+01  0.3334E+01
  0.8483E-01  0.3313E+01  0.4904E-01  0.3268E+01  0.3268E+01
  0.8544E-01  0.3287E+01  0.4872E-01  0.3203E+01  0.3203E+01
  0.8604E-01  0.3185E+01  0.5026E-01  0.3138E+01  0.3138E+01
  0.8665E-01  0.3076E+01  0.4854E-01  0.3075E+01  0.3075E+01
  0.8726E-01  0.2964E+01  0.5175E-01  0.3012E+01  0.3012E+01
  0.8787E-01  0.2938E+01  0.4866E-01  0.2951E+01  0.2951E+01
  0.8848E-01  0.2859E+01  0.4787E-01  0.2890E+01  0.2890E+01
  0.8908E-01  0.2821E+01  0.4709E-01  0.2830E+01  0.2830E+01
  0.8969E-01  0.2807E+01  0.4795E-01  0.2771E+01  0.2771E+01
  0.9030E-01  0.2715E+01  0.4768E-01  0.2713E+01  0.2713E+01
  0.9091E-01  0.2663E+01  0.5226E-01  0.2656E+01  0.2656E+01
  0.9151E-01  0.2619E+01  0.4855E-01  0.2599E+01  0.2599E+01
  0.9212E-01  0.2502E+01  0.4932E-01  0.2544E+01  0.2544E+01
  0.9273E-01  0.2468E+01  0.4859E-01  0.2489E+01  0.2489E+01
  0.9334E-01  0.2418E+01  0.4845E-01  0.2436E+01  0.2436E+01
  0.9395E-01  0.2407E+01  0.4660E-01  0.2383E+01  0.2383E+01
  0.9456E-01  0.2304E+01  0.4836E-01  0.2331E+01  0.2331E+01
  0.9516E-01  0.2242E+01  0.4687E-01  0.2280E+01  0.2280E+01
  0.9577E-01  0.2231E+01  0.4631E-01  0.2230E+01  0.2230E+01
  0.9638E-01  0.2161E+01  0.4807E-01  0.2180E+01  0.2180E+01
  0.9699E-01  0.2140E+01  0.4878E-01  0.2132E+01  0.2132E+01
  0.9760E-01  0.2105E+01  0.4438E-01  0.2084E+01  0.2084E+01
  0.9820E-01  0.1995E+01  0.4653E-01  0.2038E+01  0.2038E+01
  0.9881E-01  0.1974E+01  0.4718E-01  0.1992E+01  0.1992E+01
  0.9942E-01  0.1992E+01  0.4408E-01  0.1947E+01  0.1947E+01
  0.1000E+00  0.1894E+01  0.4557E-01  0.1903E+01  0.1903E+01
  0.1006E+00  0.1895E+01  0.4727E-01  0.1859E+01  0.1859E+01
  0.1012E+00  0.1851E+01  0.4649E-01  0.1817E+01  0.1817E+01
  0.1019E+00  0.1790E+01  0.4485E-01  0.1775E+01  0.1775E+01
  0.1025E+00  0.1794E+01  0.4352E-01  0.1734E+01  0.1734E+01
  0.1031E+00  0.1739E+01  0.4269E-01  0.1694E+01  0.1694E+01
  0.1037E+00  0.1674E+01  0.4404E-01  0.1654E+01  0.1654E+01
  0.1043E+00  0.1577E+01  0.4228E-01  0.1616E+01  0.1616E+01
  0.1049E+00  0.1581E+01  0.4284E-01  0.1578E+01  0.1578E+01
  0.1055E+00  0.1477E+01  0.4197E-01  0.1541E+01  0.1541E+01
  0.1061E+00  0.1466E+01  0.4194E-01  0.1504E+01  0.1504E+01
  0.1067E+00  0.1385E+01  0.4130E-01  0.1469E+01  0.1469E+01
  0.1073E+00  0.1382E+01  0.4133E-01  0.1434E+01  0.1434E+01
  0.1079E+00  0.1412E+01  0.4048E-01  0.1400E+01  0.1400E+01
  0.1085E+00  0.1423E+01  0.4266E-01  0.1366E+01  0.1366E+01
  0.1091E+00  0.1363E+01  0.4236E-01  0.1334E+01  0.1334E+01
  0.1098E+00  0.1367E+01  0.4250E-01  0.1302E+01  0.1302E+01
  0.1104E+00  0.1331E+01  0.4132E-01  0.1271E+01  0.1271E+01
  0.1110E+00  0.1321E+01  0.4258E-01  0.1240E+01  0.1240E+01
  0.1116E+00  0.1321E+01  0.5103E-01  0.1210E+01  0.1210E+01
  0.1122E+00  0.1228E+01  0.5090E-01  0.1181E+01  0.1181E+01
  0.1128E+00  0.1202E+01  0.5108E-01  0.1152E+01  0.1152E+01
  0.1134E+00  0.1202E+01  0.5043E-01  0.1125E+01  0.1125E+01
  0.1140E+00  0.1144E+01  0.5061E-01  0.1097E+01  0.1097E+01
  0.1146E+00  0.1131E+01  0.5369E-01  0.1071E+01  0.1071E+01
  0.1152E+00  0.1070E+01  0.5119E-01  0.1045E+01  0.1045E+01
  0.1158E+00  0.1013E+01  0.4942E-01  0.1019E+01  0.1019E+01
  0.1164E+00  0.9947E+00  0.5430E-01  0.9947E+00  0.9947E+00
  0.1171E+00  0.9169E+00  0.9183E-01  0.9705E+00  0.9705E+00
  0.1177E+00  0.9095E+00  0.2235E+00  0.9470E+00  0.9470E+00
  0.1183E+00  0.9044E+00  0.3520E+00  0.9240E+00  0.9240E+00
  0.1189E+00  0.9312E+00  0.1779E+00  0.9016E+00  0.9016E+00
  0.1195E+00  0.9161E+00  0.2059E+00  0.8797E+00  0.8797E+00
  0.1201E+00  0.8602E+00  0.1072E+00  0.8585E+00  0.8585E+00
  0.1207E+00  0.8257E+00  0.5389E-01  0.8377E+00  0.8377E+00
  0.1213E+00  0.7491E+00  0.4699E-01  0.8175E+00  0.8175E+00
  0.1219E+00  0.7821E+00  0.4699E-01  0.7978E+00  0.7978E+00
  0.1225E+00  0.7140E+00  0.4589E-01  0.7787E+00  0.7787E+00
  0.1231E+00  0.7478E+00  0.4474E-01  0.7600E+00  0.7600E+00
  0.1237E+00  0.7302E+00  0.4988E-01  0.7419E+00  0.7419E+00
  0.1244E+00  0.6763E+00  0.5528E-01  0.7242E+00  0.7242E+00
  0.1250E+00  0.7481E+00  0.6170E-01  0.7070E+00  0.7070E+00
  0.1256E+00  0.7019E+00  0.5154E-01  0.6903E+00  0.6903E+00
  0.1262E+00  0.6963E+00  0.4822E-01  0.6741E+00  0.6741E+00
  0.1268E+00  0.6717E+00  0.4572E-01  0.6583E+00  0.6583E+00
  0.1274E+00  0.5751E+00  0.5016E-01  0.6429E+00  0.6429E+00
  0.1280E+00  0.6189E+00  0.4995E-01  0.6280E+00  0.6280E+00
  0.1286E+00  0.5514E+00  0.4726E-01  0.6136E+00  0.6136E+00
  0.1292E+00  0.5471E+00  0.4652E-01  0.5995E+00  0.5995E+00
  0.1298E+00  0.5286E+00  0.4870E-01  0.5859E+00  0.5859E+00
  0.1304E+00  0.5147E+00  0.4808E-01  0.5726E+00  0.5726E+00
  0.1310E+00  0.5395E+00  0.4899E-01  0.5598E+00  0.5598E+00
  0.1316E+00  0.5265E+00  0.3726E-01  0.5473E+00  0.5473E+00
  0.1323E+00  0.5273E+00  0.3857E-01  0.5353E+00  0.5353E+00
  0.1329E+00  0.5225E+00  0.3796E-01  0.5236E+00  0.5236E+00
  0.1335E+00  0.5002E+00  0.3946E-01  0.5122E+00  0.5122E+00
  0.1341E+00  0.4736E+00  0.4035E-01  0.5013E+00  0.5013E+00
  0.1347E+00  0.4233E+00  0.4219E-01  0.4906E+00  0.4906E+00
  0.1353E+00  0.4064E+00  0.4124E-01  0.4804E+00  0.4804E+00
  0.1359E+00  0.4381E+00  0.4034E-01  0.4704E+00  0.4704E+00
  0.1365E+00  0.3863E+00  0.3851E-01  0.4608E+00  0.4608E+00
  0.1371E+00  0.3953E+00  0.3781E-01  0.4515E+00  0.4515E+00
  0.1377E+00  0.3883E+00  0.3799E-01  0.4425E+00  0.4425E+00
  0.1383E+00  0.4035E+00  0.3787E-01  0.4338E+00  0.4338E+00
  0.1389E+00  0.4054E+00  0.3701E-01  0.4254E+00  0.4254E+00
  0.1396E+00  0.4126E+00  0.3801E-01  0.4173E+00  0.4173E+00
  0.1402E+00  0.3663E+00  0.3819E-01  0.4095E+00  0.4095E+00
  0.1408E+00  0.3726E+00  0.3928E-01  0.4020E+00  0.4020E+00
  0.1414E+00  0.3530E+00  0.3668E-01  0.3947E+00  0.3947E+00
  0.1420E+00  0.3930E+00  0.2797E-01  0.3877E+00  0.3877E+00
  0.1426E+00  0.3931E+00  0.2094E-01  0.3810E+00  0.3810E+00
  0.1432E+00  0.3850E+00  0.1942E-01  0.3745E+00  0.3745E+00
  0.1438E+00  0.3881E+00  0.1982E-01  0.3683E+00  0.3683E+00
  0.1444E+00  0.3747E+00  0.1874E-01  0.3623E+00  0.3623E+00
  0.1450E+00  0.3601E+00  0.1903E-01  0.3565E+00  0.3565E+00
  0.1456E+00  0.3527E+00  0.1904E-01  0.3510E+00  0.3510E+00
  0.1462E+00  0.3875E+00  0.1870E-01  0.3456E+00  0.3456E+00
  0.1468E+00  0.3347E+00  0.1871E-01  0.3405E+00  0.3405E+00
  0.1475E+00  0.3188E+00  0.1982E-01  0.3357E+00  0.3357E+00
  0.1481E+00  0.3211E+00  0.1953E-01  0.3310E+00  0.3310E+00
  0.1487E+00  0.3320E+00  0.2013E-01  0.3265E+00  0.3265E+00
  0.1493E+00  0.2951E+00  0.1968E-01  0.3222E+00  0.3222E+00
  0.1499E+00  0.3197E+00  0.1896E-01  0.3181E+00  0.3181E+00
  0.1505E+00  0.2979E+00  0.1914E-01  0.3142E+00  0.3142E+00
  0.1511E+00  0.3037E+00  0.1923E-01  0.3104E+00  0.3104E+00
  0.1517E+00  0.3208E+00  0.1915E-01  0.3069E+00  0.3069E+00
  0.1523E+00  0.2935E+00  0.1943E-01  0.3035E+00  0.3035E+00
  0.1529E+00  0.2799E+00  0.1915E-01  0.3002E+00  0.3002E+00
  0.1535E+00  0.2840E+00  0.1790E-01  0.2971E+00  0.2971E+00
  0.1541E+00  0.3012E+00  0.1923E-01  0.2942E+00  0.2942E+00
  0.1548E+00  0.3111E+00  0.1915E-01  0.2914E+00  0.2914E+00
  0.1554E+00  0.3087E+00  0.1884E-01  0.2888E+00  0.2888E+00
  0.1560E+00  0.3416E+00  0.1845E-01  0.2863E+00  0.2863E+00
  0.1566E+00  0.3148E+00  0.1859E-01  0.2840E+00  0.2840E+00
  0.1572E+00  0.3008E+00  0.1835E-01  0.2817E+00  0.2817E+00
  0.1578E+00  0.2945E+00  0.1829E-01  0.2796E+00  0.2796E+00
  0.1584E+00  0.2896E+00  0.1815E-01  0.2777E+00  0.2777E+00
  0.1590E+00  0.2837E+00  0.1851E-01  0.2758E+00  0.2758E+00
  0.1596E+00  0.2880E+00  0.1773E-01  0.2741E+00  0.2741E+00
  0.1602E+00  0.2509E+00  0.1844E-01  0.2725E+00  0.2725E+00
  0.1608E+00  0.2635E+00  0.1835E-01  0.2709E+00  0.2709E+00
  0.1614E+00  0.2247E+00  0.1774E-01  0.2695E+00  0.2695E+00
  0.1620E+00  0.2502E+00  0.1838E-01  0.2682E+00  0.2682E+00
  0.1627E+00  0.2392E+00  0.1759E-01  0.2670E+00  0.2670E+00
  0.1633E+00  0.2647E+00  0.1717E-01  0.2659E+00  0.2659E+00
  0.1639E+00  0.2688E+00  0.1692E-01  0.2648E+00  0.2648E+00
  0.1645E+00  0.2738E+00  0.1728E-01  0.2639E+00  0.2639E+00
  0.1651E+00  0.2493E+00  0.1805E-01  0.2630E+00  0.2630E+00
  0.1657E+00  0.2643E+00  0.1724E-01  0.2622E+00  0.2622E+00
  0.1663E+00  0.2574E+00  0.1646E-01  0.2615E+00  0.2615E+00
  0.1669E+00  0.2587E+00  0.1720E-01  0.2609E+00  0.2609E+00
  0.1675E+00  0.2511E+00  0.1757E-01  0.2603E+00  0.2603E+00
  0.1681E+00  0.2420E+00  0.2158E-01  0.2598E+00  0.2598E+00
  0.1687E+00  0.2334E+00  0.1888E-01  0.2593E+00  0.2593E+00
  0.1693E+00  0.2445E+00  0.1797E-01  0.2590E+00  0.2590E+00
  0.1700E+00  0.2572E+00  0.1750E-01  0.2586E+00  0.2586E+00
  0.1706E+00  0.2540E+00  0.1712E-01  0.2584E+00  0.2584E+00
  0.1712E+00  0.2930E+00  0.1636E-01  0.2581E+00  0.2581E+00
  0.1718E+00  0.2547E+00  0.1676E-01  0.2580E+00  0.2580E+00
  0.1724E+00  0.2706E+00  0.1631E-01  0.2578E+00  0.2578E+00
  0.1730E+00  0.2585E+00  0.1670E-01  0.2578E+00  0.2578E+00
  0.1736E+00  0.2504E+00  0.1668E-01  0.2577E+00  0.2577E+00
  0.1742E+00  0.2493E+00  0.1696E-01  0.2577E+00  0.2577E+00
  0.1748E+00  0.2550E+00  0.1691E-01  0.2578E+00  0.2578E+00
  0.1754E+00  0.2559E+00  0.1699E-01  0.2578E+00  0.2578E+00
  0.1760E+00  0.2813E+00  0.1703E-01  0.2579E+00  0.2579E+00
  0.1766E+00  0.2892E+00  0.1758E-01  0.2581E+00  0.2581E+00
  0.1773E+00  0.2939E+00  0.1706E-01  0.2582E+00  0.2582E+00
  0.1779E+00  0.2669E+00  0.1747E-01  0.2584E+00  0.2584E+00
  0.1785E+00  0.2823E+00  0.1725E-01  0.2586E+00  0.2586E+00
  0.1791E+00  0.2843E+00  0.1652E-01  0.2588E+00  0.2588E+00
  0.1797E+00  0.2772E+00  0.1716E-01  0.2591E+00  0.2591E+00
  0.1803E+00  0.2705E+00  0.1732E-01  0.2594E+00  0.2594E+00
  0.1809E+00  0.2802E+00  0.1659E-01  0.2596E+00  0.2596E+00
  0.1815E+00  0.2527E+00  0.1724E-01  0.2599E+00  0.2599E+00
  0.1821E+00  0.2456E+00  0.1693E-01  0.2602E+00  0.2602E+00
  0.1827E+00  0.2251E+00  0.1734E-01  0.2605E+00  0.2605E+00
  0.1833E+00  0.2379E+00  0.1636E-01  0.2609E+00  0.2609E+00
  0.1839E+00  0.2346E+00  0.1712E-01  0.2612E+00  0.2612E+00
  0.1845E+00  0.2576E+00  0.1669E-01  0.2615E+00  0.2615E+00
  0.1852E+00  0.2634E+00  0.1708E-01  0.2618E+00  0.2618E+00
  0.1858E+00  0.2678E+00  0.1752E-01  0.2622E+00  0.2622E+00
  0.1864E+00  0.2897E+00  0.1702E-01  0.2625E+00  0.2625E+00
  0.1870E+00  0.2801E+00  0.1707E-01  0.2628E+00  0.2628E+00
  0.1876E+00  0.2786E+00  0.1686E-01  0.2632E+00  0.2632E+00
  0.1882E+00  0.2794E+00  0.1601E-01  0.2635E+00  0.2635E+00
  0.1888E+00  0.2695E+00  0.1640E-01  0.2638E+00  0.2638E+00
  0.1894E+00  0.2672E+00  0.1625E-01  0.2641E+00  0.2641E+00
  0.1900E+00  0.2759E+00  0.1664E-01  0.2644E+00  0.2644E+00
  0.1906E+00  0.2704E+00  0.1612E-01  0.2647E+00  0.2647E+00
  0.1912E+00  0.2721E+00  0.1563E-01  0.2650E+00  0.2650E+00
  0.1918E+00  0.2615E+00  0.1614E-01  0.2653E+00  0.2653E+00
  0.1925E+00  0.2595E+00  0.1716E-01  0.2655E+00  0.2655E+00
  0.1931E+00  0.2440E+00  0.2361E-01  0.2658E+00  0.2658E+00
  0.1937E+00  0.2371E+00  0.1824E-01  0.2660E+00  0.2660E+00
  0.1943E+00  0.2288E+00  0.1630E-01  0.2662E+00  0.2662E+00
  0.1949E+00  0.2330E+00  0.1710E-01  0.2664E+00  0.2664E+00
  0.1955E+00  0.2350E+00  0.1734E-01  0.2666E+00  0.2666E+00
  0.1961E+00  0.2558E+00  0.1707E-01  0.2668E+00  0.2668E+00
  0.1967E+00  0.2853E+00  0.1652E-01  0.2669E+00  0.2669E+00
  0.1973E+00  0.2712E+00  0.1640E-01  0.2671E+00  0.2671E+00
  0.1979E+00  0.2753E+00  0.1622E-01  0.2672E+00  0.2672E+00
  0.1985E+00  0.2431E+00  0.1586E-01  0.2673E+00  0.2673E+00
  0.1991E+00  0.2506E+00  0.1582E-01  0.2673E+00  0.2673E+00
  0.1997E+00  0.2400E+00  0.1585E-01  0.2674E+00  0.2674E+00
  0.2004E+00  0.2451E+00  0.1559E-01  0.2674E+00  0.2674E+00
  0.2010E+00  0.2502E+00  0.1600E-01  0.2674E+00  0.2674E+00
  0.2016E+00  0.2392E+00  0.1568E-01  0.2674E+00  0.2674E+00
  0.2022E+00  0.2620E+00  0.1515E-01  0.2674E+00  0.2674E+00
  0.2028E+00  0.2707E+00  0.1537E-01  0.2673E+00  0.2673E+00
  0.2034E+00  0.2780E+00  0.1525E-01  0.2672E+00  0.2672E+00
  0.2040E+00  0.2884E+00  0.1539E-01  0.2671E+00  0.2671E+00
  0.2046E+00  0.2926E+00  0.1523E-01  0.2670E+00  0.2670E+00
  0.2052E+00  0.2904E+00  0.1559E-01  0.2668E+00  0.2668E+00
  0.2058E+00  0.2951E+00  0.1581E-01  0.2667E+00  0.2667E+00
  0.2064E+00  0.2969E+00  0.1518E-01  0.2665E+00  0.2665E+00
  0.2070E+00  0.2955E+00  0.1495E-01  0.2663E+00  0.2663E+00
  0.2077E+00  0.2802E+00  0.1535E-01  0.2660E+00  0.2660E+00
  0.2083E+00  0.2576E+00  0.1494E-01  0.2657E+00  0.2657E+00
  0.2089E+00  0.2462E+00  0.1551E-01  0.2655E+00  0.2655E+00
  0.2095E+00  0.2630E+00  0.1555E-01  0.2651E+00  0.2651E+00
  0.2101E+00  0.2702E+00  0.1498E-01  0.2648E+00  0.2648E+00
  0.2107E+00  0.2782E+00  0.1570E-01  0.2645E+00  0.2645E+00
  0.2113E+00  0.2772E+00  0.1497E-01  0.2641E+00  0.2641E+00
  0.2119E+00  0.2659E+00  0.1461E-01  0.2637E+00  0.2637E+00
  0.2125E+00  0.2432E+00  0.1537E-01  0.2633E+00  0.2633E+00
  0.2131E+00  0.2334E+00  0.1526E-01  0.2628E+00  0.2628E+00
  0.2137E+00  0.2560E+00  0.1517E-01  0.2624E+00  0.2624E+00
  0.2143E+00  0.2650E+00  0.1540E-01  0.2619E+00  0.2619E+00
  0.2149E+00  0.2560E+00  0.1524E-01  0.2614E+00  0.2614E+00
  0.2156E+00  0.2562E+00  0.1515E-01  0.2609E+00  0.2609E+00
  0.2162E+00  0.2492E+00  0.1513E-01  0.2603E+00  0.2603E+00
  0.2168E+00  0.2593E+00  0.1475E-01  0.2598E+00  0.2598E+00
  0.2174E+00  0.2477E+00  0.1551E-01  0.2592E+00  0.2592E+00
  0.2180E+00  0.2626E+00  0.1569E-01  0.2586E+00  0.2586E+00
  0.2186E+00  0.2710E+00  0.1529E-01  0.2580E+00  0.2580E+00
  0.2192E+00  0.2464E+00  0.1538E-01  0.2574E+00  0.2574E+00
  0.2198E+00  0.2514E+00  0.1553E-01  0.2568E+00  0.2568E+00
  0.2204E+00  0.2357E+00  0.1499E-01  0.2561E+00  0.2561E+00
  0.2210E+00  0.2373E+00  0.1426E-01  0.2554E+00  0.2554E+00
  0.2216E+00  0.2428E+00  0.1466E-01  0.2548E+00  0.2548E+00
  0.2222E+00  0.2618E+00  0.1534E-01  0.2541E+00  0.2541E+00
  0.2228E+00  0.2609E+00  0.1469E-01  0.2534E+00  0.2534E+00
  0.2235E+00  0.2478E+00  0.1473E-01  0.2527E+00  0.2527E+00
  0.2241E+00  0.2573E+00  0.2049E-01  0.2519E+00  0.2519E+00
  0.2247E+00  0.2426E+00  0.3182E-01  0.2512E+00  0.2512E+00
  0.2253E+00  0.2382E+00  0.1877E-01  0.2505E+00  0.2505E+00
  0.2259E+00  0.2340E+00  0.1705E-01  0.2497E+00  0.2497E+00
  0.2265E+00  0.2381E+00  0.1545E-01  0.2489E+00  0.2489E+00
  0.2271E+00  0.2341E+00  0.1533E-01  0.2482E+00  0.2482E+00
  0.2277E+00  0.2613E+00  0.1449E-01  0.2474E+00  0.2474E+00
  0.2283E+00  0.2406E+00  0.1474E-01  0.2466E+00  0.2466E+00
  0.2289E+00  0.2430E+00  0.1478E-01  0.2459E+00  0.2459E+00
  0.2295E+00  0.2517E+00  0.1452E-01  0.2451E+00  0.2451E+00
  0.2301E+00  0.2329E+00  0.1462E-01  0.2443E+00  0.2443E+00
  0.2308E+00  0.2416E+00  0.1445E-01  0.2435E+00  0.2435E+00
  0.2314E+00  0.2578E+00  0.1416E-01  0.2427E+00  0.2427E+00
  0.2320E+00  0.2634E+00  0.1395E-01  0.2419E+00  0.2419E+00
  0.2326E+00  0.2513E+00  0.1438E-01  0.2411E+00  0.2411E+00
  0.2332E+00  0.2524E+00  0.1458E-01  0.2403E+00  0.2403E+00
  0.2338E+00  0.2416E+00  0.1439E-01  0.2396E+00  0.2396E+00
  0.2344E+00  0.2587E+00  0.1458E-01  0.2388E+00  0.2388E+00
  0.2350E+00  0.2350E+00  0.1434E-01  0.2380E+00  0.2380E+00
  0.2356E+00  0.2277E+00  0.1442E-01  0.2372E+00  0.2372E+00
  0.2362E+00  0.2196E+00  0.1455E-01  0.2364E+00  0.2364E+00
  0.2368E+00  0.2271E+00  0.1436E-01  0.2357E+00  0.2357E+00
  0.2374E+00  0.2371E+00  0.1431E-01  0.2349E+00  0.2349E+00
  0.2380E+00  0.2495E+00  0.1454E-01  0.2342E+00  0.2342E+00
  0.2387E+00  0.2585E+00  0.1431E-01  0.2334E+00  0.2334E+00
  0.2393E+00  0.2532E+00  0.1387E-01  0.2327E+00  0.2327E+00
  0.2399E+00  0.2398E+00  0.1364E-01  0.2319E+00  0.2319E+00
  0.2405E+00  0.2240E+00  0.1440E-01  0.2312E+00  0.2312E+00
  0.2411E+00  0.2174E+00  0.1650E-01  0.2305E+00  0.2305E+00
  0.2417E+00  0.2427E+00  0.2046E-01  0.2298E+00  0.2298E+00
  0.2423E+00  0.2327E+00  0.1742E-01  0.2291E+00  0.2291E+00
  0.2429E+00  0.2363E+00  0.1523E-01  0.2284E+00  0.2284E+00
  0.2435E+00  0.2229E+00  0.1460E-01  0.2278E+00  0.2278E+00
  0.2441E+00  0.2470E+00  0.1404E-01  0.2271E+00  0.2271E+00
  0.2447E+00  0.2403E+00  0.1368E-01  0.2265E+00  0.2265E+00
  0.2453E+00  0.2433E+00  0.1340E-01  0.2258E+00  0.2258E+00
  0.2460E+00  0.2247E+00  0.1328E-01  0.2252E+00  0.2252E+00
  0.2466E+00  0.2395E+00  0.1396E-01  0.2246E+00  0.2246E+00
  0.2472E+00  0.2269E+00  0.1357E-01  0.2240E+00  0.2240E+00
  0.2478E+00  0.2251E+00  0.1373E-01  0.2234E+00  0.2234E+00
  0.2484E+00  0.2250E+00  0.1332E-01  0.2229E+00  0.2229E+00
  0.2490E+00  0.2184E+00  0.1379E-01  0.2223E+00  0.2223E+00
  0.2496E+00  0.2030E+00  0.1334E-01  0.2218E+00  0.2218E+00
  0.2502E+00  0.1936E+00  0.1400E-01  0.2213E+00  0.2213E+00
  0.2508E+00  0.1920E+00  0.1386E-01  0.2208E+00  0.2208E+00
  0.2514E+00  0.2071E+00  0.1427E-01  0.2203E+00  0.2203E+00
  0.2520E+00  0.2153E+00  0.1374E-01  0.2198E+00  0.2198E+00
  0.2526E+00  0.2062E+00  0.1390E-01  0.2194E+00  0.2194E+00
  0.2532E+00  0.2140E+00  0.1380E-01  0.2190E+00  0.2190E+00
  0.2539E+00  0.2135E+00  0.1328E-01  0.2185E+00  0.2185E+00
  0.2545E+00  0.2037E+00  0.1366E-01  0.2181E+00  0.2181E+00
  0.2551E+00  0.2180E+00  0.1348E-01  0.2178E+00  0.2178E+00
  0.2557E+00  0.2218E+00  0.1347E-01  0.2174E+00  0.2174E+00
  0.2563E+00  0.2165E+00  0.1383E-01  0.2171E+00  0.2171E+00
  0.2569E+00  0.2151E+00  0.1327E-01  0.2167E+00  0.2167E+00
  0.2575E+00  0.2309E+00  0.1391E-01  0.2164E+00  0.2164E+00
  0.2581E+00  0.2274E+00  0.1394E-01  0.2161E+00  0.2161E+00
  0.2587E+00  0.2263E+00  0.1391E-01  0.2158E+00  0.2158E+00
  0.2593E+00  0.2283E+00  0.1349E-01  0.2156E+00  0.2156E+00
  0.2599E+00  0.2275E+00  0.1320E-01  0.2153E+00  0.2153E+00
  0.2605E+00  0.1973E+00  0.1313E-01  0.2151E+00  0.2151E+00
  0.2612E+00  0.2018E+00  0.1318E-01  0.2148E+00  0.2148E+00
  0.2618E+00  0.1960E+00  0.1370E-01  0.2146E+00  0.2146E+00
  0.2624E+00  0.2204E+00  0.1343E-01  0.2145E+00  0.2145E+00
  0.2630E+00  0.2254E+00  0.1332E-01  0.2143E+00  0.2143E+00
  0.2636E+00  0.2331E+00  0.1374E-01  0.2141E+00  0.2141E+00
  0.2642E+00  0.2277E+00  0.1328E-01  0.2140E+00  0.2140E+00
  0.2648E+00  0.2316E+00  0.1322E-01  0.2138E+00  0.2138E+00
  0.2654E+00  0.2227E+00  0.1342E-01  0.2137E+00  0.2137E+00
  0.2660E+00  0.2180E+00  0.1328E-01  0.2136E+00  0.2136E+00
  0.2666E+00  0.2252E+00  0.1360E-01  0.2135E+00  0.2135E+00
  0.2672E+00  0.2118E+00  0.1346E-01  0.2135E+00  0.2135E+00
  0.2678E+00  0.2073E+00  0.1304E-01  0.2134E+00  0.2134E+00
  0.2684E+00  0.2141E+00  0.1342E-01  0.2133E+00  0.2133E+00
  0.2691E+00  0.2043E+00  0.1347E-01  0.2133E+00  0.2133E+00
  0.2697E+00  0.2167E+00  0.1314E-01  0.2133E+00  0.2133E+00
  0.2703E+00  0.2097E+00  0.1289E-01  0.2132E+00  0.2132E+00
  0.2709E+00  0.2222E+00  0.1297E-01  0.2132E+00  0.2132E+00
  0.2715E+00  0.2199E+00  0.1298E-01  0.2132E+00  0.2132E+00
  0.2721E+00  0.2106E+00  0.1306E-01  0.2132E+00  0.2132E+00
  0.2727E+00  0.2098E+00  0.1365E-01  0.2132E+00  0.2132E+00
  0.2733E+00  0.2211E+00  0.1343E-01  0.2133E+00  0.2133E+00
  0.2739E+00  0.2158E+00  0.1305E-01  0.2133E+00  0.2133E+00
  0.2745E+00  0.2066E+00  0.1323E-01  0.2133E+00  0.2133E+00
  0.2751E+00  0.2102E+00  0.1292E-01  0.2134E+00  0.2134E+00
  0.2757E+00  0.2044E+00  0.1289E-01  0.2134E+00  0.2134E+00
  0.2763E+00  0.2145E+00  0.1266E-01  0.2135E+00  0.2135E+00
  0.2770E+00  0.2165E+00  0.1228E-01  0.2135E+00  0.2135E+00
  0.2776E+00  0.2036E+00  0.1261E-01  0.2136E+00  0.2136E+00
  0.2782E+00  0.2050E+00  0.1259E-01  0.2136E+00  0.2136E+00
  0.2788E+00  0.1977E+00  0.1254E-01  0.2137E+00  0.2137E+00
  0.2794E+00  0.2202E+00  0.1282E-01  0.2138E+00  0.2138E+00
  0.2800E+00  0.2081E+00  0.1282E-01  0.2138E+00  0.2138E+00
  0.2806E+00  0.2007E+00  0.1230E-01  0.2139E+00  0.2139E+00
  0.2812E+00  0.2192E+00  0.1242E-01  0.2140E+00  0.2140E+00
  0.2818E+00  0.2223E+00  0.1228E-01  0.2141E+00  0.2141E+00
  0.2824E+00  0.2312E+00  0.1223E-01  0.2141E+00  0.2141E+00
  0.2830E+00  0.2200E+00  0.1265E-01  0.2142E+00  0.2142E+00
  0.2836E+00  0.1985E+00  0.1242E-01  0.2143E+00  0.2143E+00
  0.2843E+00  0.1969E+00  0.1231E-01  0.2143E+00  0.2143E+00
  0.2849E+00  0.2030E+00  0.1216E-01  0.2144E+00  0.2144E+00
  0.2855E+00  0.1866E+00  0.1247E-01  0.2144E+00  0.2144E+00
  0.2861E+00  0.2087E+00  0.1205E-01  0.2145E+00  0.2145E+00
  0.2867E+00  0.2155E+00  0.1242E-01  0.2145E+00  0.2145E+00
  0.2873E+00  0.2125E+00  0.1278E-01  0.2146E+00  0.2146E+00
  0.2879E+00  0.2219E+00  0.1254E-01  0.2146E+00  0.2146E+00
  0.2885E+00  0.2204E+00  0.1250E-01  0.2146E+00  0.2146E+00
  0.2891E+00  0.2147E+00  0.1211E-01  0.2147E+00  0.2147E+00
  0.2897E+00  0.2217E+00  0.1188E-01  0.2147E+00  0.2147E+00
  0.2903E+00  0.2107E+00  0.1250E-01  0.2147E+00  0.2147E+00
  0.2909E+00  0.2098E+00  0.1197E-01  0.2147E+00  0.2147E+00
  0.2915E+00  0.2105E+00  0.1186E-01  0.2147E+00  0.2147E+00
  0.2922E+00  0.2069E+00  0.1209E-01  0.2147E+00  0.2147E+00
  0.2928E+00  0.1962E+00  0.1199E-01  0.2146E+00  0.2146E+00
  0.2934E+00  0.2080E+00  0.1172E-01  0.2146E+00  0.2146E+00
  0.2940E+00  0.2142E+00  0.1191E-01  0.2146E+00  0.2146E+00
  0.2946E+00  0.1979E+00  0.1224E-01  0.2145E+00  0.2145E+00
  0.2952E+00  0.1962E+00  0.1187E-01  0.2144E+00  0.2144E+00
  0.2958E+00  0.1872E+00  0.1151E-01  0.2144E+00  0.2144E+00
  0.2964E+00  0.2194E+00  0.1194E-01  0.2143E+00  0.2143E+00
  0.2970E+00  0.2161E+00  0.1150E-01  0.2142E+00  0.2142E+00
  0.2976E+00  0.2273E+00  0.1198E-01  0.2140E+00  0.2140E+00
  0.2982E+00  0.2368E+00  0.1200E-01  0.2139E+00  0.2139E+00
  0.2988E+00  0.2194E+00  0.1166E-01  0.2138E+00  0.2138E+00
  0.2995E+00  0.2248E+00  0.1159E-01  0.2136E+00  0.2136E+00
  0.3001E+00  0.2210E+00  0.1141E-01  0.2135E+00  0.2135E+00
  0.3007E+00  0.2257E+00  0.1103E-01  0.2133E+00  0.2133E+00
  0.3013E+00  0.2092E+00  0.1082E-01  0.2131E+00  0.2131E+00
  0.3019E+00  0.2035E+00  0.1156E-01  0.2129E+00  0.2129E+00
  0.3025E+00  0.2324E+00  0.1108E-01  0.2127E+00  0.2127E+00
  0.3031E+00  0.2116E+00  0.1126E-01  0.2124E+00  0.2124E+00
  0.3037E+00  0.2088E+00  0.1148E-01  0.2122E+00  0.2122E+00
  0.3043E+00  0.2080E+00  0.1120E-01  0.2119E+00  0.2119E+00
  0.3049E+00  0.2165E+00  0.1170E-01  0.2116E+00  0.2116E+00
  0.3055E+00  0.2135E+00  0.1122E-01  0.2114E+00  0.2114E+00
  0.3061E+00  0.2132E+00  0.1115E-01  0.2111E+00  0.2111E+00
  0.3067E+00  0.2178E+00  0.1133E-01  0.2107E+00  0.2107E+00
  0.3074E+00  0.2335E+00  0.1123E-01  0.2104E+00  0.2104E+00
  0.3080E+00  0.2315E+00  0.1121E-01  0.2101E+00  0.2101E+00
  0.3086E+00  0.2340E+00  0.1198E-01  0.2097E+00  0.2097E+00
  0.3092E+00  0.2411E+00  0.1271E-01  0.2093E+00  0.2093E+00
  0.3098E+00  0.2207E+00  0.1159E-01  0.2089E+00  0.2089E+00
  0.3104E+00  0.2261E+00  0.1303E-01  0.2085E+00  0.2085E+00
  0.3110E+00  0.2126E+00  0.1169E-01  0.2081E+00  0.2081E+00
  0.3116E+00  0.2103E+00  0.1460E-01  0.2077E+00  0.2077E+00
  0.3122E+00  0.1946E+00  0.2557E-01  0.2072E+00  0.2072E+00
  0.3128E+00  0.2047E+00  0.1481E-01  0.2068E+00  0.2068E+00
  0.3134E+00  0.2040E+00  0.1139E-01  0.2063E+00  0.2063E+00
  0.3140E+00  0.1964E+00  0.1223E-01  0.2058E+00  0.2058E+00
  0.3146E+00  0.1929E+00  0.1244E-01  0.2053E+00  0.2053E+00
  0.3153E+00  0.1856E+00  0.1299E-01  0.2048E+00  0.2048E+00
  0.3159E+00  0.2013E+00  0.1361E-01  0.2043E+00  0.2043E+00
  0.3165E+00  0.2154E+00  0.1564E-01  0.2038E+00  0.2038E+00
  0.3171E+00  0.1993E+00  0.1024E-01  0.2032E+00  0.2032E+00
  0.3177E+00  0.1886E+00  0.1058E-01  0.2027E+00  0.2027E+00
  0.3183E+00  0.1888E+00  0.1189E-01  0.2021E+00  0.2021E+00
  0.3189E+00  0.1717E+00  0.1454E-01  0.2015E+00  0.2015E+00
  0.3195E+00  0.2047E+00  0.1864E-01  0.2009E+00  0.2009E+00

           Distance distribution  function of particle  


       R          P(R)      ERROR

  0.0000E+00  0.0000E+00  0.0000E+00
  0.7436E+00  0.1134E-02  0.3571E-04
  0.1487E+01  0.2159E-02  0.5875E-04
  0.2231E+01  0.3080E-02  0.6987E-04
  0.2974E+01  0.3904E-02  0.7026E-04
  0.3718E+01  0.4644E-02  0.6153E-04
  0.4462E+01  0.5312E-02  0.4568E-04
  0.5205E+01  0.5924E-02  0.2538E-04
  0.5949E+01  0.6497E-02  0.1124E-04
  0.6692E+01  0.7049E-02  0.2939E-04
  0.7436E+01  0.7597E-02  0.5274E-04
  0.8180E+01  0.8158E-02  0.7378E-04
  0.8923E+01  0.8750E-02  0.9052E-04
  0.9667E+01  0.9386E-02  0.1017E-03
  0.1041E+02  0.1008E-01  0.1067E-03
  0.1115E+02  0.1084E-01  0.1051E-03
  0.1190E+02  0.1167E-01  0.9735E-04
  0.1264E+02  0.1257E-01  0.8414E-04
  0.1338E+02  0.1355E-01  0.6699E-04
  0.1413E+02  0.1461E-01  0.4869E-04
  0.1487E+02  0.1572E-01  0.3560E-04
  0.1562E+02  0.1690E-01  0.3820E-04
  0.1636E+02  0.1811E-01  0.5389E-04
  0.1710E+02  0.1936E-01  0.7245E-04
  0.1785E+02  0.2061E-01  0.8900E-04
  0.1859E+02  0.2187E-01  0.1013E-03
  0.1933E+02  0.2310E-01  0.1083E-03
  0.2008E+02  0.2429E-01  0.1094E-03
  0.2082E+02  0.2542E-01  0.1046E-03
  0.2156E+02  0.2648E-01  0.9446E-04
  0.2231E+02  0.2746E-01  0.8026E-04
  0.2305E+02  0.2834E-01  0.6437E-04
  0.2380E+02  0.2912E-01  0.5134E-04
  0.2454E+02  0.2978E-01  0.4846E-04
  0.2528E+02  0.3032E-01  0.5852E-04
  0.2603E+02  0.3074E-01  0.7546E-04
  0.2677E+02  0.3105E-01  0.9331E-04
  0.2751E+02  0.3125E-01  0.1088E-03
  0.2826E+02  0.3134E-01  0.1203E-03
  0.2900E+02  0.3132E-01  0.1269E-03
  0.2974E+02  0.3122E-01  0.1282E-03
  0.3049E+02  0.3103E-01  0.1248E-03
  0.3123E+02  0.3076E-01  0.1176E-03
  0.3197E+02  0.3044E-01  0.1084E-03
  0.3272E+02  0.3005E-01  0.9983E-04
  0.3346E+02  0.2962E-01  0.9476E-04
  0.3421E+02  0.2914E-01  0.9545E-04
  0.3495E+02  0.2863E-01  0.1019E-03
  0.3569E+02  0.2808E-01  0.1117E-03
  0.3644E+02  0.2749E-01  0.1222E-03
  0.3718E+02  0.2688E-01  0.1309E-03
  0.3792E+02  0.2624E-01  0.1360E-03
  0.3867E+02  0.2556E-01  0.1367E-03
  0.3941E+02  0.2484E-01  0.1328E-03
  0.4015E+02  0.2409E-01  0.1250E-03
  0.4090E+02  0.2330E-01  0.1147E-03
  0.4164E+02  0.2247E-01  0.1046E-03
  0.4239E+02  0.2160E-01  0.9795E-04
  0.4313E+02  0.2069E-01  0.9799E-04
  0.4387E+02  0.1974E-01  0.1055E-03
  0.4462E+02  0.1875E-01  0.1185E-03
  0.4536E+02  0.1774E-01  0.1334E-03
  0.4610E+02  0.1670E-01  0.1475E-03
  0.4685E+02  0.1565E-01  0.1588E-03
  0.4759E+02  0.1460E-01  0.1661E-03
  0.4833E+02  0.1355E-01  0.1691E-03
  0.4908E+02  0.1251E-01  0.1680E-03
  0.4982E+02  0.1151E-01  0.1640E-03
  0.5056E+02  0.1054E-01  0.1587E-03
  0.5131E+02  0.9621E-02  0.1541E-03
  0.5205E+02  0.8759E-02  0.1519E-03
  0.5280E+02  0.7962E-02  0.1530E-03
  0.5354E+02  0.7234E-02  0.1570E-03
  0.5428E+02  0.6580E-02  0.1624E-03
  0.5503E+02  0.6000E-02  0.1671E-03
  0.5577E+02  0.5493E-02  0.1694E-03
  0.5651E+02  0.5056E-02  0.1680E-03
  0.5726E+02  0.4683E-02  0.1628E-03
  0.5800E+02  0.4369E-02  0.1545E-03
  0.5874E+02  0.4105E-02  0.1452E-03
  0.5949E+02  0.3882E-02  0.1383E-03
  0.6023E+02  0.3691E-02  0.1374E-03
  0.6098E+02  0.3524E-02  0.1444E-03
  0.6172E+02  0.3372E-02  0.1583E-03
  0.6246E+02  0.3229E-02  0.1756E-03
  0.6321E+02  0.3087E-02  0.1927E-03
  0.6395E+02  0.2943E-02  0.2066E-03
  0.6469E+02  0.2793E-02  0.2157E-03
  0.6544E+02  0.2637E-02  0.2199E-03
  0.6618E+02  0.2475E-02  0.2214E-03
  0.6692E+02  0.2307E-02  0.2238E-03
  0.6767E+02  0.2134E-02  0.2320E-03
  0.6841E+02  0.1959E-02  0.2489E-03
  0.6915E+02  0.1780E-02  0.2738E-03
  0.6990E+02  0.1598E-02  0.3014E-03
  0.7064E+02  0.1409E-02  0.3237E-03
  0.7139E+02  0.1207E-02  0.3310E-03
  0.7213E+02  0.9810E-03  0.3131E-03
  0.7287E+02  0.7177E-03  0.2593E-03
  0.7362E+02  0.3985E-03  0.1585E-03
  0.7436E+02  0.0000E+00  0.0000E+00
          Reciprocal space: Rg =   24.26     , I(0) =   0.1345E+02
     Real space: Rg =   24.25 +- 0.088  I(0) =   0.1345E+02 +-  0.4686E-01
