
           ####    G N O M   ---   Version 4.5a revised 09/02/02     ####

                                                  Tue May 25 14:09:58 2010
           ===    Run No   1   ===
 Run title:   Merge of: p3_F2_2.mccd p3_F3_2.mccd p3_F6_2.mccd p3_F7_2.mccd p3


  Number of points omitted at the end:         161
   *******   Working Directory :
   *******    Input file(s) : 24165_merged.dat
           Condition P(rmin) = 0 is used. 
           Condition P(rmax) = 0 is used. 

          Experimental conditions for the first run
          -----------------------------------------

          Highest ALPHA is found to be   0.1803E+04

  The measure of inconsistency AN1 equals to    0.7526E+00
     Alpha    Discrp  Oscill  Stabil  Sysdev  Positv  Valcen    Total   
  0.1803E+07 89.2165  1.7778  0.9796  0.0000  1.0000  0.7285  0.00001
  0.3606E+06 85.8981  1.7642  0.9406  0.0000  1.0000  0.7305  0.00001
  0.7212E+05 73.5116  1.7041  0.7982  0.0000  1.0000  0.7392  0.00001
  0.1442E+05 49.2600  1.5303  0.5503  0.0071  1.0000  0.7664  0.00001
  0.2885E+04 25.4040  1.3807  0.3336  0.0212  1.0000  0.8016  0.00001
  0.5770E+03  8.3215  1.3755  0.1194  0.0071  1.0000  0.8172  0.00001
  0.1154E+03  2.2423  1.3864  0.0292  0.2191  1.0000  0.8224  0.42426
  0.2308E+02  1.1595  1.3914  0.0087  0.3463  1.0000  0.8244  0.45216
  0.4616E+01  1.0168  1.4004  0.0106  0.4028  1.0000  0.8251  0.10000
  0.9231E+00  0.9434  1.4433  0.0229  0.4028  1.0000  0.8246  0.10000
  0.1846E+00  0.8298  1.7585  0.0606  0.5018  1.0000  0.8199  0.10000
  0.3693E-01  0.7135  2.5903  0.0514  0.5936  0.9996  0.8099  0.10000
  0.7385E-02  0.6792  3.3431  0.0889  0.6572  0.9982  0.8011  0.10000
  0.1477E-02  0.6550  5.2975  0.2028  0.6714  0.9917  0.7827  0.10000
  0.2954E-03  0.6373  8.0996  0.1537  0.6714  0.9736  0.7476  0.10000
  0.5908E-04  0.6307 11.2598  0.4923  0.6431  0.9412  0.7072  0.10000
  0.1182E-04  0.6201 13.9294  0.6347  0.6572  0.8681  0.4003  0.10000
  0.2363E-05  0.6111 14.1302  0.2604  0.6148  0.8034  0.3525  0.10000
  0.4726E-06  0.6089 16.0194  0.4569  0.6431  0.7750  0.3488  0.10000
  0.9453E-07  0.6067 16.4301  0.8175  0.6714  0.7421  0.3055  0.10000
  0.1891E-07  0.6036 14.8023  0.4550  0.6714  0.7241  0.3319  0.10000
  0.3781E-08  0.6014 16.9614  0.4658  0.6996  0.7277  0.3758  0.10000
  0.7562E-09  0.5957 24.6098  0.8091  0.6996  0.7095  0.3683  0.10000
  0.1512E-09  0.5733 28.5587  0.8000  0.6855  0.6808  0.3459  0.10000
  0.3025E-10  0.5118 31.5862  0.6795  0.6714  0.6749  0.3414  0.10000
  0.6050E-11  0.3996 35.0881  0.5223  0.6996  0.6884  0.3300  0.10000
  0.1210E-11  0.2526 40.7398  0.3907  0.6431  0.6959  0.3066  0.10000
  0.2420E-12  0.1109 45.6533  0.2398  0.6431  0.7034  0.2808  0.10000
  0.4840E-13  0.0317 47.7033  0.0865  0.7138  0.7103  0.2916  0.10000
  0.9680E-14  0.0070 48.2507  0.0207  0.6996  0.7127  0.3087  0.10000
  0.1936E-14  0.0014 48.3690  0.0043  0.7138  0.7133  0.3126  0.10000

          ***  Golden section search to maximize estimate ***
     Alpha    Discrp  Oscill  Stabil  Sysdev  Positv  Valcen    Total   
  0.4268E+02  1.3324  1.3899  0.0122  0.3322  1.0000  0.8238  0.45085
  0.1317E+00  0.7996  1.9083  0.0652  0.5159  1.0000  0.8181  0.10000
  0.2919E+02  1.2081  1.3909  0.0095  0.3322  1.0000  0.8242  0.45402
  0.3375E+02  1.2475  1.3905  0.0103  0.3322  1.0000  0.8241  0.45391
  0.2668E+02  1.1876  1.3911  0.0091  0.3322  1.0000  0.8243  0.45356
  0.3085E+02  1.2221  1.3907  0.0098  0.3322  1.0000  0.8242  0.45411
  0.3193E+02  1.2314  1.3907  0.0100  0.3322  1.0000  0.8241  0.45409
  0.3020E+02  1.2166  1.3908  0.0097  0.3322  1.0000  0.8242  0.45409
  0.3126E+02  1.2256  1.3907  0.0099  0.3322  1.0000  0.8241  0.45411
  0.3060E+02  1.2200  1.3908  0.0097  0.3322  1.0000  0.8242  0.45411
  0.3100E+02  1.2235  1.3907  0.0098  0.3322  1.0000  0.8241  0.45411
  0.3110E+02  1.2243  1.3907  0.0098  0.3322  1.0000  0.8241  0.45411
  0.3100E+02  1.2235  1.3907  0.0098  0.3322  1.0000  0.8241  0.45411



             ####            Final results            ####

 Parameter    DISCRP    OSCILL    STABIL    SYSDEV    POSITV    VALCEN
 Weight        1.000     3.000     3.000     4.000     1.000     1.000
 Sigma         0.500     0.600     0.120     0.200     0.120     0.120
 Ideal         1.000     1.100     0.000     1.000     1.000     0.950
 Current       1.223     1.391     0.010     0.332     1.000     0.824
                - - - - - - - - - - - - - - - - - - - - - - - - - 
 Estimate      0.819     0.791     0.993     0.000     1.000     0.333

  Angular   range    :     from    0.0185   to    0.1906
  Real space range   :     from      0.00   to    134.00

  Highest ALPHA (theor) :   0.180E+07                 JOB = 0
  Current ALPHA         :   0.310E+02   Rg :  0.423E+02   I(0) :   0.203E+02

           Total  estimate : 0.454  which is  A SUSPICIOUS  solution

      S          J EXP       ERROR       J REG       I REG

  0.0000E+00                                      0.2034E+02
  0.6624E-03                                      0.2034E+02
  0.1325E-02                                      0.2032E+02
  0.1987E-02                                      0.2029E+02
  0.2649E-02                                      0.2026E+02
  0.3312E-02                                      0.2021E+02
  0.3974E-02                                      0.2015E+02
  0.4636E-02                                      0.2008E+02
  0.5299E-02                                      0.2000E+02
  0.5961E-02                                      0.1991E+02
  0.6624E-02                                      0.1981E+02
  0.7286E-02                                      0.1970E+02
  0.7948E-02                                      0.1959E+02
  0.8611E-02                                      0.1946E+02
  0.9273E-02                                      0.1932E+02
  0.9935E-02                                      0.1918E+02
  0.1060E-01                                      0.1902E+02
  0.1126E-01                                      0.1886E+02
  0.1192E-01                                      0.1869E+02
  0.1258E-01                                      0.1851E+02
  0.1325E-01                                      0.1832E+02
  0.1391E-01                                      0.1813E+02
  0.1457E-01                                      0.1793E+02
  0.1523E-01                                      0.1772E+02
  0.1590E-01                                      0.1751E+02
  0.1656E-01                                      0.1729E+02
  0.1722E-01                                      0.1706E+02
  0.1788E-01                                      0.1683E+02
  0.1855E-01  0.1707E+02  0.6676E+00  0.1660E+02  0.1660E+02
  0.1915E-01  0.1666E+02  0.5740E+00  0.1638E+02  0.1638E+02
  0.1976E-01  0.1676E+02  0.5519E+00  0.1616E+02  0.1616E+02
  0.2037E-01  0.1628E+02  0.4480E+00  0.1593E+02  0.1593E+02
  0.2098E-01  0.1585E+02  0.6747E+00  0.1571E+02  0.1571E+02
  0.2159E-01  0.1575E+02  0.3375E+00  0.1547E+02  0.1547E+02
  0.2219E-01  0.1556E+02  0.2534E+00  0.1524E+02  0.1524E+02
  0.2280E-01  0.1543E+02  0.1853E+00  0.1501E+02  0.1501E+02
  0.2341E-01  0.1527E+02  0.1250E+00  0.1477E+02  0.1477E+02
  0.2402E-01  0.1485E+02  0.1194E+00  0.1453E+02  0.1453E+02
  0.2463E-01  0.1458E+02  0.1174E+00  0.1429E+02  0.1429E+02
  0.2524E-01  0.1439E+02  0.1076E+00  0.1405E+02  0.1405E+02
  0.2584E-01  0.1403E+02  0.1266E+00  0.1381E+02  0.1381E+02
  0.2645E-01  0.1384E+02  0.1047E+00  0.1357E+02  0.1357E+02
  0.2706E-01  0.1356E+02  0.1035E+00  0.1333E+02  0.1333E+02
  0.2767E-01  0.1319E+02  0.1003E+00  0.1309E+02  0.1309E+02
  0.2828E-01  0.1295E+02  0.9791E-01  0.1285E+02  0.1285E+02
  0.2888E-01  0.1273E+02  0.8601E-01  0.1261E+02  0.1261E+02
  0.2949E-01  0.1270E+02  0.9271E-01  0.1237E+02  0.1237E+02
  0.3010E-01  0.1223E+02  0.9396E-01  0.1213E+02  0.1213E+02
  0.3071E-01  0.1204E+02  0.8753E-01  0.1189E+02  0.1189E+02
  0.3132E-01  0.1171E+02  0.9144E-01  0.1166E+02  0.1166E+02
  0.3192E-01  0.1169E+02  0.8010E-01  0.1143E+02  0.1143E+02
  0.3253E-01  0.1135E+02  0.8331E-01  0.1120E+02  0.1120E+02
  0.3314E-01  0.1113E+02  0.8331E-01  0.1097E+02  0.1097E+02
  0.3375E-01  0.1074E+02  0.8332E-01  0.1074E+02  0.1074E+02
  0.3436E-01  0.1042E+02  0.8148E-01  0.1052E+02  0.1052E+02
  0.3496E-01  0.1018E+02  0.8294E-01  0.1029E+02  0.1029E+02
  0.3557E-01  0.9945E+01  0.8097E-01  0.1007E+02  0.1007E+02
  0.3618E-01  0.9723E+01  0.7453E-01  0.9859E+01  0.9859E+01
  0.3679E-01  0.9607E+01  0.7490E-01  0.9647E+01  0.9647E+01
  0.3740E-01  0.9357E+01  0.7416E-01  0.9437E+01  0.9437E+01
  0.3800E-01  0.9072E+01  0.7769E-01  0.9231E+01  0.9231E+01
  0.3861E-01  0.8991E+01  0.7105E-01  0.9028E+01  0.9028E+01
  0.3922E-01  0.8816E+01  0.7233E-01  0.8829E+01  0.8829E+01
  0.3983E-01  0.8540E+01  0.7093E-01  0.8633E+01  0.8633E+01
  0.4044E-01  0.8394E+01  0.7172E-01  0.8441E+01  0.8441E+01
  0.4105E-01  0.8239E+01  0.7017E-01  0.8253E+01  0.8253E+01
  0.4165E-01  0.8076E+01  0.6760E-01  0.8068E+01  0.8068E+01
  0.4226E-01  0.7820E+01  0.6605E-01  0.7888E+01  0.7888E+01
  0.4287E-01  0.7612E+01  0.6703E-01  0.7711E+01  0.7711E+01
  0.4348E-01  0.7426E+01  0.6681E-01  0.7538E+01  0.7538E+01
  0.4409E-01  0.7285E+01  0.5985E-01  0.7370E+01  0.7370E+01
  0.4469E-01  0.7179E+01  0.6426E-01  0.7205E+01  0.7205E+01
  0.4530E-01  0.7006E+01  0.6107E-01  0.7044E+01  0.7044E+01
  0.4591E-01  0.6893E+01  0.6112E-01  0.6887E+01  0.6887E+01
  0.4652E-01  0.6788E+01  0.5744E-01  0.6734E+01  0.6734E+01
  0.4713E-01  0.6699E+01  0.5703E-01  0.6585E+01  0.6585E+01
  0.4773E-01  0.6534E+01  0.5455E-01  0.6440E+01  0.6440E+01
  0.4834E-01  0.6388E+01  0.5650E-01  0.6298E+01  0.6298E+01
  0.4895E-01  0.6214E+01  0.5272E-01  0.6161E+01  0.6161E+01
  0.4956E-01  0.6081E+01  0.5646E-01  0.6027E+01  0.6027E+01
  0.5017E-01  0.5932E+01  0.5135E-01  0.5897E+01  0.5897E+01
  0.5078E-01  0.5825E+01  0.5027E-01  0.5771E+01  0.5771E+01
  0.5138E-01  0.5696E+01  0.4956E-01  0.5648E+01  0.5648E+01
  0.5199E-01  0.5576E+01  0.5044E-01  0.5529E+01  0.5529E+01
  0.5260E-01  0.5442E+01  0.4714E-01  0.5414E+01  0.5414E+01
  0.5321E-01  0.5373E+01  0.5266E-01  0.5302E+01  0.5302E+01
  0.5382E-01  0.5215E+01  0.5071E-01  0.5193E+01  0.5193E+01
  0.5442E-01  0.5112E+01  0.5840E-01  0.5088E+01  0.5088E+01
  0.5503E-01  0.5035E+01  0.5607E-01  0.4986E+01  0.4986E+01
  0.5564E-01  0.4982E+01  0.5464E-01  0.4887E+01  0.4887E+01
  0.5625E-01  0.4845E+01  0.5750E-01  0.4791E+01  0.4791E+01
  0.5686E-01  0.4748E+01  0.5254E-01  0.4698E+01  0.4698E+01
  0.5746E-01  0.4629E+01  0.4830E-01  0.4608E+01  0.4608E+01
  0.5807E-01  0.4566E+01  0.4681E-01  0.4520E+01  0.4520E+01
  0.5868E-01  0.4518E+01  0.4597E-01  0.4435E+01  0.4435E+01
  0.5929E-01  0.4442E+01  0.3957E-01  0.4353E+01  0.4353E+01
  0.5990E-01  0.4384E+01  0.4452E-01  0.4274E+01  0.4274E+01
  0.6050E-01  0.4313E+01  0.4448E-01  0.4197E+01  0.4197E+01
  0.6111E-01  0.4236E+01  0.4303E-01  0.4122E+01  0.4122E+01
  0.6172E-01  0.4127E+01  0.4081E-01  0.4050E+01  0.4050E+01
  0.6233E-01  0.4077E+01  0.4160E-01  0.3979E+01  0.3979E+01
  0.6294E-01  0.4018E+01  0.4026E-01  0.3911E+01  0.3911E+01
  0.6354E-01  0.3938E+01  0.4208E-01  0.3845E+01  0.3845E+01
  0.6415E-01  0.3831E+01  0.4399E-01  0.3781E+01  0.3781E+01
  0.6476E-01  0.3709E+01  0.4196E-01  0.3718E+01  0.3718E+01
  0.6537E-01  0.3659E+01  0.4197E-01  0.3657E+01  0.3657E+01
  0.6598E-01  0.3638E+01  0.4072E-01  0.3598E+01  0.3598E+01
  0.6659E-01  0.3583E+01  0.4103E-01  0.3540E+01  0.3540E+01
  0.6719E-01  0.3522E+01  0.4010E-01  0.3484E+01  0.3484E+01
  0.6780E-01  0.3490E+01  0.3876E-01  0.3429E+01  0.3429E+01
  0.6841E-01  0.3401E+01  0.4338E-01  0.3376E+01  0.3376E+01
  0.6902E-01  0.3320E+01  0.3022E-01  0.3324E+01  0.3324E+01
  0.6962E-01  0.3327E+01  0.2840E-01  0.3273E+01  0.3273E+01
  0.7023E-01  0.3263E+01  0.2812E-01  0.3223E+01  0.3223E+01
  0.7084E-01  0.3228E+01  0.2763E-01  0.3175E+01  0.3175E+01
  0.7145E-01  0.3158E+01  0.2816E-01  0.3127E+01  0.3127E+01
  0.7206E-01  0.3121E+01  0.2615E-01  0.3080E+01  0.3080E+01
  0.7267E-01  0.3098E+01  0.2854E-01  0.3034E+01  0.3034E+01
  0.7327E-01  0.3059E+01  0.2935E-01  0.2990E+01  0.2990E+01
  0.7388E-01  0.2992E+01  0.2871E-01  0.2945E+01  0.2945E+01
  0.7449E-01  0.2925E+01  0.2726E-01  0.2902E+01  0.2902E+01
  0.7510E-01  0.2851E+01  0.2649E-01  0.2859E+01  0.2859E+01
  0.7571E-01  0.2826E+01  0.2611E-01  0.2817E+01  0.2817E+01
  0.7631E-01  0.2778E+01  0.2699E-01  0.2776E+01  0.2776E+01
  0.7692E-01  0.2768E+01  0.2736E-01  0.2735E+01  0.2735E+01
  0.7753E-01  0.2673E+01  0.2755E-01  0.2695E+01  0.2695E+01
  0.7814E-01  0.2645E+01  0.2818E-01  0.2656E+01  0.2656E+01
  0.7875E-01  0.2612E+01  0.2406E-01  0.2617E+01  0.2617E+01
  0.7935E-01  0.2562E+01  0.2443E-01  0.2578E+01  0.2578E+01
  0.7996E-01  0.2497E+01  0.2377E-01  0.2540E+01  0.2540E+01
  0.8057E-01  0.2467E+01  0.2226E-01  0.2502E+01  0.2502E+01
  0.8118E-01  0.2430E+01  0.2295E-01  0.2465E+01  0.2465E+01
  0.8179E-01  0.2409E+01  0.2596E-01  0.2428E+01  0.2428E+01
  0.8239E-01  0.2352E+01  0.2909E-01  0.2392E+01  0.2392E+01
  0.8300E-01  0.2322E+01  0.2275E-01  0.2356E+01  0.2356E+01
  0.8361E-01  0.2295E+01  0.2115E-01  0.2320E+01  0.2320E+01
  0.8422E-01  0.2246E+01  0.2184E-01  0.2284E+01  0.2284E+01
  0.8483E-01  0.2215E+01  0.2091E-01  0.2249E+01  0.2249E+01
  0.8544E-01  0.2183E+01  0.2076E-01  0.2215E+01  0.2215E+01
  0.8604E-01  0.2160E+01  0.2129E-01  0.2181E+01  0.2181E+01
  0.8665E-01  0.2098E+01  0.2115E-01  0.2147E+01  0.2147E+01
  0.8726E-01  0.2103E+01  0.2147E-01  0.2113E+01  0.2113E+01
  0.8787E-01  0.2061E+01  0.1929E-01  0.2080E+01  0.2080E+01
  0.8847E-01  0.2007E+01  0.1927E-01  0.2047E+01  0.2047E+01
  0.8908E-01  0.1985E+01  0.1949E-01  0.2014E+01  0.2014E+01
  0.8969E-01  0.1979E+01  0.1859E-01  0.1982E+01  0.1982E+01
  0.9030E-01  0.1932E+01  0.1691E-01  0.1950E+01  0.1950E+01
  0.9091E-01  0.1938E+01  0.1766E-01  0.1918E+01  0.1918E+01
  0.9151E-01  0.1900E+01  0.1742E-01  0.1887E+01  0.1887E+01
  0.9212E-01  0.1867E+01  0.1764E-01  0.1856E+01  0.1856E+01
  0.9273E-01  0.1848E+01  0.1784E-01  0.1825E+01  0.1825E+01
  0.9334E-01  0.1827E+01  0.1818E-01  0.1795E+01  0.1795E+01
  0.9395E-01  0.1781E+01  0.1765E-01  0.1765E+01  0.1765E+01
  0.9456E-01  0.1758E+01  0.1904E-01  0.1735E+01  0.1735E+01
  0.9516E-01  0.1719E+01  0.1800E-01  0.1706E+01  0.1706E+01
  0.9577E-01  0.1664E+01  0.1997E-01  0.1677E+01  0.1677E+01
  0.9638E-01  0.1656E+01  0.1215E-01  0.1648E+01  0.1648E+01
  0.9699E-01  0.1633E+01  0.1223E-01  0.1620E+01  0.1620E+01
  0.9760E-01  0.1614E+01  0.1212E-01  0.1592E+01  0.1592E+01
  0.9820E-01  0.1567E+01  0.1166E-01  0.1564E+01  0.1564E+01
  0.9881E-01  0.1551E+01  0.1214E-01  0.1537E+01  0.1537E+01
  0.9942E-01  0.1530E+01  0.1161E-01  0.1510E+01  0.1510E+01
  0.1000E+00  0.1501E+01  0.1241E-01  0.1484E+01  0.1484E+01
  0.1006E+00  0.1477E+01  0.1168E-01  0.1458E+01  0.1458E+01
  0.1012E+00  0.1456E+01  0.1155E-01  0.1432E+01  0.1432E+01
  0.1019E+00  0.1439E+01  0.1180E-01  0.1406E+01  0.1406E+01
  0.1025E+00  0.1404E+01  0.1175E-01  0.1381E+01  0.1381E+01
  0.1031E+00  0.1386E+01  0.1107E-01  0.1357E+01  0.1357E+01
  0.1037E+00  0.1351E+01  0.1162E-01  0.1332E+01  0.1332E+01
  0.1043E+00  0.1327E+01  0.1146E-01  0.1308E+01  0.1308E+01
  0.1049E+00  0.1318E+01  0.1113E-01  0.1285E+01  0.1285E+01
  0.1055E+00  0.1292E+01  0.1144E-01  0.1261E+01  0.1261E+01
  0.1061E+00  0.1254E+01  0.1117E-01  0.1238E+01  0.1238E+01
  0.1067E+00  0.1219E+01  0.1095E-01  0.1216E+01  0.1216E+01
  0.1073E+00  0.1196E+01  0.1124E-01  0.1193E+01  0.1193E+01
  0.1079E+00  0.1182E+01  0.1143E-01  0.1172E+01  0.1172E+01
  0.1085E+00  0.1161E+01  0.1127E-01  0.1150E+01  0.1150E+01
  0.1091E+00  0.1153E+01  0.1128E-01  0.1129E+01  0.1129E+01
  0.1098E+00  0.1126E+01  0.1098E-01  0.1108E+01  0.1108E+01
  0.1104E+00  0.1096E+01  0.9875E-02  0.1087E+01  0.1087E+01
  0.1110E+00  0.1076E+01  0.1134E-01  0.1067E+01  0.1067E+01
  0.1116E+00  0.1060E+01  0.9779E-02  0.1047E+01  0.1047E+01
  0.1122E+00  0.1032E+01  0.9471E-02  0.1028E+01  0.1028E+01
  0.1128E+00  0.1021E+01  0.9738E-02  0.1008E+01  0.1008E+01
  0.1134E+00  0.9862E+00  0.8254E-02  0.9894E+00  0.9894E+00
  0.1140E+00  0.9749E+00  0.8329E-02  0.9707E+00  0.9707E+00
  0.1146E+00  0.9519E+00  0.7946E-02  0.9524E+00  0.9524E+00
  0.1152E+00  0.9416E+00  0.7944E-02  0.9343E+00  0.9343E+00
  0.1158E+00  0.9258E+00  0.7969E-02  0.9166E+00  0.9166E+00
  0.1164E+00  0.9126E+00  0.8020E-02  0.8991E+00  0.8991E+00
  0.1171E+00  0.8828E+00  0.7994E-02  0.8820E+00  0.8820E+00
  0.1177E+00  0.8672E+00  0.7830E-02  0.8651E+00  0.8651E+00
  0.1183E+00  0.8492E+00  0.7831E-02  0.8485E+00  0.8485E+00
  0.1189E+00  0.8290E+00  0.7729E-02  0.8322E+00  0.8322E+00
  0.1195E+00  0.7995E+00  0.7723E-02  0.8161E+00  0.8161E+00
  0.1201E+00  0.7825E+00  0.7646E-02  0.8004E+00  0.8004E+00
  0.1207E+00  0.7669E+00  0.7696E-02  0.7849E+00  0.7849E+00
  0.1213E+00  0.7556E+00  0.7810E-02  0.7697E+00  0.7697E+00
  0.1219E+00  0.7314E+00  0.7820E-02  0.7547E+00  0.7547E+00
  0.1225E+00  0.7331E+00  0.7757E-02  0.7400E+00  0.7400E+00
  0.1231E+00  0.7143E+00  0.7816E-02  0.7255E+00  0.7255E+00
  0.1237E+00  0.7023E+00  0.7747E-02  0.7113E+00  0.7113E+00
  0.1244E+00  0.6882E+00  0.7568E-02  0.6974E+00  0.6974E+00
  0.1250E+00  0.6761E+00  0.7749E-02  0.6837E+00  0.6837E+00
  0.1256E+00  0.6609E+00  0.7929E-02  0.6702E+00  0.6702E+00
  0.1262E+00  0.6476E+00  0.7952E-02  0.6570E+00  0.6570E+00
  0.1268E+00  0.6347E+00  0.7501E-02  0.6441E+00  0.6441E+00
  0.1274E+00  0.6337E+00  0.7855E-02  0.6313E+00  0.6313E+00
  0.1280E+00  0.6165E+00  0.7860E-02  0.6189E+00  0.6189E+00
  0.1286E+00  0.6064E+00  0.8376E-02  0.6066E+00  0.6066E+00
  0.1292E+00  0.5995E+00  0.7639E-02  0.5946E+00  0.5946E+00
  0.1298E+00  0.5799E+00  0.7310E-02  0.5829E+00  0.5829E+00
  0.1304E+00  0.5659E+00  0.7253E-02  0.5713E+00  0.5713E+00
  0.1310E+00  0.5386E+00  0.7532E-02  0.5600E+00  0.5600E+00
  0.1316E+00  0.5304E+00  0.7521E-02  0.5490E+00  0.5490E+00
  0.1323E+00  0.5270E+00  0.7696E-02  0.5381E+00  0.5381E+00
  0.1329E+00  0.5173E+00  0.7708E-02  0.5275E+00  0.5275E+00
  0.1335E+00  0.5082E+00  0.7643E-02  0.5172E+00  0.5172E+00
  0.1341E+00  0.4974E+00  0.8400E-02  0.5070E+00  0.5070E+00
  0.1347E+00  0.4935E+00  0.1141E-01  0.4971E+00  0.4971E+00
  0.1353E+00  0.4806E+00  0.1289E-01  0.4874E+00  0.4874E+00
  0.1359E+00  0.4835E+00  0.9341E-02  0.4779E+00  0.4779E+00
  0.1365E+00  0.4584E+00  0.1180E-01  0.4686E+00  0.4686E+00
  0.1371E+00  0.4624E+00  0.1784E-01  0.4596E+00  0.4596E+00
  0.1377E+00  0.4416E+00  0.1563E-01  0.4507E+00  0.4507E+00
  0.1383E+00  0.4337E+00  0.1704E-01  0.4421E+00  0.4421E+00
  0.1389E+00  0.4321E+00  0.1055E-01  0.4337E+00  0.4337E+00
  0.1396E+00  0.4252E+00  0.1048E-01  0.4255E+00  0.4255E+00
  0.1402E+00  0.4101E+00  0.1481E-01  0.4175E+00  0.4175E+00
  0.1408E+00  0.4124E+00  0.2112E-01  0.4097E+00  0.4097E+00
  0.1414E+00  0.4070E+00  0.1062E-01  0.4022E+00  0.4022E+00
  0.1420E+00  0.4142E+00  0.7254E-02  0.3948E+00  0.3948E+00
  0.1426E+00  0.4059E+00  0.7474E-02  0.3876E+00  0.3876E+00
  0.1432E+00  0.3819E+00  0.7333E-02  0.3806E+00  0.3806E+00
  0.1438E+00  0.3749E+00  0.7377E-02  0.3738E+00  0.3738E+00
  0.1444E+00  0.3650E+00  0.7277E-02  0.3672E+00  0.3672E+00
  0.1450E+00  0.3675E+00  0.7306E-02  0.3608E+00  0.3608E+00
  0.1456E+00  0.3538E+00  0.7287E-02  0.3546E+00  0.3546E+00
  0.1462E+00  0.3453E+00  0.7179E-02  0.3485E+00  0.3485E+00
  0.1468E+00  0.3241E+00  0.7087E-02  0.3427E+00  0.3427E+00
  0.1475E+00  0.3315E+00  0.7162E-02  0.3370E+00  0.3370E+00
  0.1481E+00  0.3248E+00  0.7045E-02  0.3314E+00  0.3314E+00
  0.1487E+00  0.3233E+00  0.6989E-02  0.3261E+00  0.3261E+00
  0.1493E+00  0.3123E+00  0.6852E-02  0.3208E+00  0.3208E+00
  0.1499E+00  0.3219E+00  0.6890E-02  0.3158E+00  0.3158E+00
  0.1505E+00  0.3128E+00  0.6906E-02  0.3109E+00  0.3109E+00
  0.1511E+00  0.3072E+00  0.7716E-02  0.3061E+00  0.3061E+00
  0.1517E+00  0.3021E+00  0.9956E-02  0.3015E+00  0.3015E+00
  0.1523E+00  0.3003E+00  0.7693E-02  0.2970E+00  0.2970E+00
  0.1529E+00  0.3018E+00  0.7973E-02  0.2927E+00  0.2927E+00
  0.1535E+00  0.2965E+00  0.7029E-02  0.2884E+00  0.2884E+00
  0.1541E+00  0.2900E+00  0.7011E-02  0.2843E+00  0.2843E+00
  0.1548E+00  0.2907E+00  0.6796E-02  0.2804E+00  0.2804E+00
  0.1554E+00  0.2824E+00  0.6654E-02  0.2765E+00  0.2765E+00
  0.1560E+00  0.2906E+00  0.6627E-02  0.2727E+00  0.2727E+00
  0.1566E+00  0.2673E+00  0.6719E-02  0.2691E+00  0.2691E+00
  0.1572E+00  0.2660E+00  0.6547E-02  0.2656E+00  0.2656E+00
  0.1578E+00  0.2536E+00  0.6453E-02  0.2621E+00  0.2621E+00
  0.1584E+00  0.2695E+00  0.6610E-02  0.2587E+00  0.2587E+00
  0.1590E+00  0.2572E+00  0.6534E-02  0.2555E+00  0.2555E+00
  0.1596E+00  0.2569E+00  0.7590E-02  0.2523E+00  0.2523E+00
  0.1602E+00  0.2499E+00  0.6423E-02  0.2492E+00  0.2492E+00
  0.1608E+00  0.2424E+00  0.6571E-02  0.2462E+00  0.2462E+00
  0.1614E+00  0.2353E+00  0.6466E-02  0.2432E+00  0.2432E+00
  0.1620E+00  0.2370E+00  0.6397E-02  0.2403E+00  0.2403E+00
  0.1627E+00  0.2338E+00  0.6368E-02  0.2375E+00  0.2375E+00
  0.1633E+00  0.2265E+00  0.6250E-02  0.2348E+00  0.2348E+00
  0.1639E+00  0.2256E+00  0.6319E-02  0.2321E+00  0.2321E+00
  0.1645E+00  0.2103E+00  0.6448E-02  0.2294E+00  0.2294E+00
  0.1651E+00  0.2125E+00  0.6339E-02  0.2268E+00  0.2268E+00
  0.1657E+00  0.1918E+00  0.6607E-02  0.2243E+00  0.2243E+00
  0.1663E+00  0.2011E+00  0.6343E-02  0.2218E+00  0.2218E+00
  0.1669E+00  0.2084E+00  0.6590E-02  0.2194E+00  0.2194E+00
  0.1675E+00  0.2095E+00  0.6371E-02  0.2170E+00  0.2170E+00
  0.1681E+00  0.2028E+00  0.6377E-02  0.2146E+00  0.2146E+00
  0.1687E+00  0.2014E+00  0.6270E-02  0.2123E+00  0.2123E+00
  0.1693E+00  0.1981E+00  0.6274E-02  0.2100E+00  0.2100E+00
  0.1700E+00  0.2012E+00  0.6520E-02  0.2078E+00  0.2078E+00
  0.1706E+00  0.1892E+00  0.6373E-02  0.2056E+00  0.2056E+00
  0.1712E+00  0.1972E+00  0.6295E-02  0.2034E+00  0.2034E+00
  0.1718E+00  0.1938E+00  0.6298E-02  0.2013E+00  0.2013E+00
  0.1724E+00  0.2003E+00  0.6358E-02  0.1992E+00  0.1992E+00
  0.1730E+00  0.2068E+00  0.6464E-02  0.1971E+00  0.1971E+00
  0.1736E+00  0.2123E+00  0.6408E-02  0.1951E+00  0.1951E+00
  0.1742E+00  0.2016E+00  0.6294E-02  0.1931E+00  0.1931E+00
  0.1748E+00  0.1962E+00  0.6399E-02  0.1911E+00  0.1911E+00
  0.1754E+00  0.1826E+00  0.6265E-02  0.1891E+00  0.1891E+00
  0.1760E+00  0.1797E+00  0.6460E-02  0.1872E+00  0.1872E+00
  0.1766E+00  0.1863E+00  0.6331E-02  0.1853E+00  0.1853E+00
  0.1773E+00  0.1824E+00  0.6375E-02  0.1835E+00  0.1835E+00
  0.1779E+00  0.1874E+00  0.6279E-02  0.1817E+00  0.1817E+00
  0.1785E+00  0.1798E+00  0.6152E-02  0.1799E+00  0.1799E+00
  0.1791E+00  0.1698E+00  0.6137E-02  0.1781E+00  0.1781E+00
  0.1797E+00  0.1715E+00  0.6044E-02  0.1764E+00  0.1764E+00
  0.1803E+00  0.1685E+00  0.6179E-02  0.1747E+00  0.1747E+00
  0.1809E+00  0.1748E+00  0.6047E-02  0.1730E+00  0.1730E+00
  0.1815E+00  0.1717E+00  0.6179E-02  0.1714E+00  0.1714E+00
  0.1821E+00  0.1689E+00  0.6274E-02  0.1698E+00  0.1698E+00
  0.1827E+00  0.1667E+00  0.6206E-02  0.1682E+00  0.1682E+00
  0.1833E+00  0.1666E+00  0.6057E-02  0.1667E+00  0.1667E+00
  0.1839E+00  0.1711E+00  0.6339E-02  0.1652E+00  0.1652E+00
  0.1845E+00  0.1677E+00  0.6200E-02  0.1638E+00  0.1638E+00
  0.1852E+00  0.1719E+00  0.6968E-02  0.1624E+00  0.1624E+00
  0.1858E+00  0.1717E+00  0.6354E-02  0.1610E+00  0.1610E+00
  0.1864E+00  0.1642E+00  0.6692E-02  0.1596E+00  0.1596E+00
  0.1870E+00  0.1668E+00  0.8325E-02  0.1583E+00  0.1583E+00
  0.1876E+00  0.1598E+00  0.6516E-02  0.1571E+00  0.1571E+00
  0.1882E+00  0.1515E+00  0.6011E-02  0.1558E+00  0.1558E+00
  0.1888E+00  0.1462E+00  0.6087E-02  0.1546E+00  0.1546E+00
  0.1894E+00  0.1489E+00  0.6017E-02  0.1535E+00  0.1535E+00
  0.1900E+00  0.1453E+00  0.5954E-02  0.1523E+00  0.1523E+00
  0.1906E+00  0.1510E+00  0.5991E-02  0.1513E+00  0.1513E+00

           Distance distribution  function of particle  


       R          P(R)      ERROR

  0.0000E+00  0.0000E+00  0.0000E+00
  0.1340E+01  0.6862E-03  0.4340E-05
  0.2680E+01  0.1532E-02  0.7162E-05
  0.4020E+01  0.2530E-02  0.8576E-05
  0.5360E+01  0.3669E-02  0.8765E-05
  0.6700E+01  0.4935E-02  0.7997E-05
  0.8040E+01  0.6306E-02  0.6685E-05
  0.9380E+01  0.7763E-02  0.5547E-05
  0.1072E+02  0.9279E-02  0.5631E-05
  0.1206E+02  0.1083E-01  0.7220E-05
  0.1340E+02  0.1239E-01  0.9539E-05
  0.1474E+02  0.1393E-01  0.1194E-04
  0.1608E+02  0.1542E-01  0.1409E-04
  0.1742E+02  0.1685E-01  0.1583E-04
  0.1876E+02  0.1818E-01  0.1713E-04
  0.2010E+02  0.1940E-01  0.1804E-04
  0.2144E+02  0.2049E-01  0.1871E-04
  0.2278E+02  0.2143E-01  0.1934E-04
  0.2412E+02  0.2223E-01  0.2013E-04
  0.2546E+02  0.2287E-01  0.2123E-04
  0.2680E+02  0.2336E-01  0.2268E-04
  0.2814E+02  0.2369E-01  0.2443E-04
  0.2948E+02  0.2387E-01  0.2631E-04
  0.3082E+02  0.2391E-01  0.2816E-04
  0.3216E+02  0.2382E-01  0.2981E-04
  0.3350E+02  0.2362E-01  0.3116E-04
  0.3484E+02  0.2332E-01  0.3214E-04
  0.3618E+02  0.2294E-01  0.3279E-04
  0.3752E+02  0.2249E-01  0.3317E-04
  0.3886E+02  0.2200E-01  0.3344E-04
  0.4020E+02  0.2148E-01  0.3375E-04
  0.4154E+02  0.2095E-01  0.3428E-04
  0.4288E+02  0.2042E-01  0.3514E-04
  0.4422E+02  0.1991E-01  0.3637E-04
  0.4556E+02  0.1942E-01  0.3792E-04
  0.4690E+02  0.1896E-01  0.3971E-04
  0.4824E+02  0.1854E-01  0.4158E-04
  0.4958E+02  0.1816E-01  0.4342E-04
  0.5092E+02  0.1783E-01  0.4514E-04
  0.5226E+02  0.1754E-01  0.4669E-04
  0.5360E+02  0.1729E-01  0.4809E-04
  0.5494E+02  0.1708E-01  0.4937E-04
  0.5628E+02  0.1690E-01  0.5061E-04
  0.5762E+02  0.1675E-01  0.5190E-04
  0.5896E+02  0.1662E-01  0.5331E-04
  0.6030E+02  0.1651E-01  0.5486E-04
  0.6164E+02  0.1640E-01  0.5656E-04
  0.6298E+02  0.1629E-01  0.5835E-04
  0.6432E+02  0.1617E-01  0.6017E-04
  0.6566E+02  0.1604E-01  0.6193E-04
  0.6700E+02  0.1590E-01  0.6358E-04
  0.6834E+02  0.1574E-01  0.6507E-04
  0.6968E+02  0.1556E-01  0.6640E-04
  0.7102E+02  0.1535E-01  0.6760E-04
  0.7236E+02  0.1512E-01  0.6872E-04
  0.7370E+02  0.1487E-01  0.6983E-04
  0.7504E+02  0.1459E-01  0.7101E-04
  0.7638E+02  0.1428E-01  0.7231E-04
  0.7772E+02  0.1396E-01  0.7376E-04
  0.7906E+02  0.1362E-01  0.7534E-04
  0.8040E+02  0.1326E-01  0.7702E-04
  0.8174E+02  0.1288E-01  0.7875E-04
  0.8308E+02  0.1250E-01  0.8047E-04
  0.8442E+02  0.1210E-01  0.8215E-04
  0.8576E+02  0.1169E-01  0.8374E-04
  0.8710E+02  0.1127E-01  0.8525E-04
  0.8844E+02  0.1085E-01  0.8670E-04
  0.8978E+02  0.1042E-01  0.8811E-04
  0.9112E+02  0.9986E-02  0.8952E-04
  0.9246E+02  0.9550E-02  0.9094E-04
  0.9380E+02  0.9111E-02  0.9235E-04
  0.9514E+02  0.8671E-02  0.9372E-04
  0.9648E+02  0.8231E-02  0.9497E-04
  0.9782E+02  0.7792E-02  0.9603E-04
  0.9916E+02  0.7357E-02  0.9680E-04
  0.1005E+03  0.6926E-02  0.9720E-04
  0.1018E+03  0.6502E-02  0.9719E-04
  0.1032E+03  0.6087E-02  0.9675E-04
  0.1045E+03  0.5683E-02  0.9590E-04
  0.1059E+03  0.5293E-02  0.9473E-04
  0.1072E+03  0.4919E-02  0.9335E-04
  0.1085E+03  0.4562E-02  0.9191E-04
  0.1099E+03  0.4225E-02  0.9056E-04
  0.1112E+03  0.3910E-02  0.8943E-04
  0.1126E+03  0.3617E-02  0.8862E-04
  0.1139E+03  0.3346E-02  0.8814E-04
  0.1152E+03  0.3098E-02  0.8793E-04
  0.1166E+03  0.2870E-02  0.8786E-04
  0.1179E+03  0.2661E-02  0.8774E-04
  0.1193E+03  0.2469E-02  0.8732E-04
  0.1206E+03  0.2288E-02  0.8636E-04
  0.1219E+03  0.2116E-02  0.8460E-04
  0.1233E+03  0.1947E-02  0.8179E-04
  0.1246E+03  0.1776E-02  0.7772E-04
  0.1260E+03  0.1595E-02  0.7218E-04
  0.1273E+03  0.1400E-02  0.6500E-04
  0.1286E+03  0.1185E-02  0.5602E-04
  0.1300E+03  0.9419E-03  0.4511E-04
  0.1313E+03  0.6667E-03  0.3218E-04
  0.1327E+03  0.3542E-03  0.1716E-04
  0.1340E+03  0.0000E+00  0.0000E+00
          Reciprocal space: Rg =   42.28     , I(0) =   0.2034E+02
     Real space: Rg =   42.47 +- 0.106  I(0) =   0.2034E+02 +-  0.6828E-01
