
           ####    G N O M   ---   Version 4.5a revised 09/02/02     ####

                                                  Mon Dec 06 22:44:45 2010
           ===    Run No   1   ===
 Run title:   Merge of: 26882_03B_S0 26882_03C_S0 26882_03D_S0 26882_03E_S0 26


  Number of points omitted at the beginning:           5
   *******   Working Directory :
   *******    Input file(s) : 26882_merged_0609.dat
           Condition P(rmin) = 0 is used. 
           Condition P(rmax) = 0 is used. 

 Warning: Dmax*Smin =  3.270   is greater than Pi !


          Experimental conditions for the first run
          -----------------------------------------

          Highest ALPHA is found to be   0.2392E+04

  The measure of inconsistency AN1 equals to    0.4322E+00
     Alpha    Discrp  Oscill  Stabil  Sysdev  Positv  Valcen    Total   
  0.2392E+07210.6153  1.4135  0.9849  0.0000  1.0000  0.8202  0.00001
  0.4785E+06206.2232  1.4128  0.9648  0.0000  1.0000  0.8204  0.00001
  0.9569E+05186.8037  1.4091  0.8758  0.0000  1.0000  0.8214  0.00001
  0.1914E+05127.6423  1.3933  0.6059  0.0000  1.0000  0.8257  0.00001
  0.3828E+04 51.7390  1.3486  0.2637  0.0230  1.0000  0.8385  0.00001
  0.7655E+03 15.0869  1.3056  0.0854  0.0230  1.0000  0.8530  0.00001
  0.1531E+03  4.5288  1.2988  0.0255  0.0230  1.0000  0.8569  0.00001
  0.3062E+02  2.0415  1.3066  0.0148  0.2989  1.0000  0.8566  0.45646
  0.6124E+01  1.4231  1.3172  0.0125  0.5287  1.0000  0.8560  0.10000
  0.1225E+01  1.3063  1.3264  0.0064  0.7126  1.0000  0.8560  0.10000
  0.2450E+00  1.2889  1.3363  0.0091  0.8506  1.0000  0.8569  0.10000
  0.4899E-01  1.2804  1.3681  0.0244  0.8506  1.0000  0.8547  0.10000
  0.9799E-02  1.2642  1.6802  0.0942  0.7126  1.0000  0.8380  0.10000
  0.1960E-02  1.2337  3.1340  0.1537  0.7126  0.9974  0.7878  0.10000
  0.3920E-03  1.2169  4.7865  0.1493  0.6897  0.9862  0.7442  0.10000
  0.7839E-04  1.2066  7.7074  0.5713  0.6897  0.9489  0.7388  0.10000
  0.1568E-04  1.1835 10.0836  0.6233  0.6667  0.8500  0.4695  0.10000
  0.3136E-05  1.1631 10.8322  0.3235  0.6667  0.7846  0.4123  0.10000
  0.6271E-06  1.1522 12.6909  0.8837  0.7126  0.7476  0.3805  0.10000
  0.1254E-06  1.1221 11.0798  0.9001  0.8046  0.7249  0.3708  0.10000
  0.2509E-07  1.0567 10.4393  0.5429  0.8506  0.7157  0.3669  0.10000
  0.5017E-08  1.0180 10.3157  0.1911  0.7816  0.7137  0.3753  0.10000
  0.1003E-08  1.0123 10.3955  0.1485  0.7356  0.7120  0.4013  0.10000
  0.2007E-09  1.0097 12.1318  0.5105  0.7356  0.6971  0.4989  0.10000
  0.4014E-10  1.0000 16.3217  0.7874  0.7356  0.6646  0.5136  0.10000
  0.8027E-11  0.9680 19.5907  0.7196  0.7356  0.6857  0.4301  0.10000
  0.1605E-11  0.8838 23.8103  0.6943  0.7356  0.7239  0.3149  0.10000
  0.3211E-12  0.7201 25.7821  0.5625  0.7816  0.7323  0.3497  0.10000
  0.6422E-13  0.5461 26.1782  0.4684  0.8276  0.7145  0.4218  0.10000
  0.1284E-13  0.4045 26.4861  0.4404  0.8046  0.7145  0.4366  0.10000
  0.2569E-14  0.2886 27.2078  0.4126  0.8506  0.7480  0.3564  0.10000

          ***  Golden section search to maximize estimate ***
     Alpha    Discrp  Oscill  Stabil  Sysdev  Positv  Valcen    Total   
  0.2264E+04 35.2561  1.3309  0.1878  0.0230  1.0000  0.8440  0.00001
  0.1382E+00  1.2856  1.3429  0.0104  0.8966  1.0000  0.8568  0.10000
  0.1584E+03  4.6319  1.2987  0.0260  0.0230  1.0000  0.8569  0.00001
  0.3892E+01  1.3631  1.3203  0.0101  0.6207  1.0000  0.8559  0.10000
  0.5737E+02  2.6147  1.3030  0.0160  0.3448  1.0000  0.8569  0.00003
  0.1393E+02  1.6395  1.3114  0.0150  0.5287  1.0000  0.8563  0.44289
  0.3892E+02  2.2240  1.3052  0.0149  0.3908  1.0000  0.8567  0.46333
  0.4514E+02  2.3574  1.3044  0.0152  0.3908  1.0000  0.8568  0.46752
  0.4947E+02  2.4491  1.3038  0.0154  0.3448  1.0000  0.8568  0.46997
  0.5235E+02  2.5097  1.3035  0.0156  0.3448  1.0000  0.8568  0.47142
  0.5421E+02  2.5488  1.3033  0.0157  0.3448  1.0000  0.8569  0.00007
  0.5123E+02  2.4862  1.3036  0.0155  0.3448  1.0000  0.8568  0.47087
  0.5305E+02  2.5245  1.3035  0.0156  0.3448  1.0000  0.8568  0.00009
  0.5192E+02  2.5007  1.3036  0.0156  0.3448  1.0000  0.8568  0.47122
  0.5262E+02  2.5153  1.3035  0.0156  0.3448  1.0000  0.8568  0.47155
  0.5278E+02  2.5188  1.3035  0.0156  0.3448  1.0000  0.8568  0.00010
  0.5262E+02  2.5153  1.3035  0.0156  0.3448  1.0000  0.8568  0.47155



             ####            Final results            ####

 Parameter    DISCRP    OSCILL    STABIL    SYSDEV    POSITV    VALCEN
 Weight        1.000     3.000     3.000     4.000     1.000     1.000
 Sigma         0.500     0.600     0.120     0.200     0.120     0.120
 Ideal         1.000     1.100     0.000     1.000     1.000     0.950
 Current       2.515     1.304     0.016     0.345     1.000     0.857
                - - - - - - - - - - - - - - - - - - - - - - - - - 
 Estimate      0.000     0.891     0.983     0.000     1.000     0.547

  Angular   range    :     from    0.0190   to    0.0999
  Real space range   :     from      0.00   to    172.50

  Highest ALPHA (theor) :   0.239E+07                 JOB = 0
  Current ALPHA         :   0.526E+02   Rg :  0.531E+02   I(0) :   0.983E+03

           Total  estimate : 0.472  which is  A SUSPICIOUS  solution

      S          J EXP       ERROR       J REG       I REG

  0.0000E+00                                      0.9828E+03
  0.9478E-03                                      0.9819E+03
  0.1896E-02                                      0.9794E+03
  0.2843E-02                                      0.9752E+03
  0.3791E-02                                      0.9694E+03
  0.4739E-02                                      0.9620E+03
  0.5687E-02                                      0.9531E+03
  0.6634E-02                                      0.9426E+03
  0.7582E-02                                      0.9307E+03
  0.8530E-02                                      0.9175E+03
  0.9478E-02                                      0.9029E+03
  0.1043E-01                                      0.8871E+03
  0.1137E-01                                      0.8702E+03
  0.1232E-01                                      0.8523E+03
  0.1327E-01                                      0.8334E+03
  0.1422E-01                                      0.8137E+03
  0.1516E-01                                      0.7932E+03
  0.1611E-01                                      0.7721E+03
  0.1706E-01                                      0.7505E+03
  0.1801E-01                                      0.7284E+03
  0.1896E-01  0.7388E+03  0.5456E+01  0.7060E+03  0.7060E+03
  0.1989E-01  0.7067E+03  0.4899E+01  0.6839E+03  0.6839E+03
  0.2082E-01  0.6671E+03  0.4124E+01  0.6616E+03  0.6616E+03
  0.2175E-01  0.6534E+03  0.2553E+01  0.6392E+03  0.6392E+03
  0.2268E-01  0.6302E+03  0.2409E+01  0.6170E+03  0.6170E+03
  0.2361E-01  0.5978E+03  0.2297E+01  0.5948E+03  0.5948E+03
  0.2454E-01  0.5791E+03  0.1597E+01  0.5729E+03  0.5729E+03
  0.2547E-01  0.5541E+03  0.1586E+01  0.5512E+03  0.5512E+03
  0.2640E-01  0.5341E+03  0.1453E+01  0.5299E+03  0.5299E+03
  0.2733E-01  0.5127E+03  0.1367E+01  0.5091E+03  0.5091E+03
  0.2826E-01  0.4892E+03  0.1299E+01  0.4887E+03  0.4887E+03
  0.2919E-01  0.4669E+03  0.1271E+01  0.4688E+03  0.4688E+03
  0.3012E-01  0.4471E+03  0.1233E+01  0.4494E+03  0.4494E+03
  0.3105E-01  0.4300E+03  0.1211E+01  0.4307E+03  0.4307E+03
  0.3198E-01  0.4138E+03  0.1186E+01  0.4126E+03  0.4126E+03
  0.3291E-01  0.3964E+03  0.1155E+01  0.3951E+03  0.3951E+03
  0.3384E-01  0.3790E+03  0.1132E+01  0.3783E+03  0.3783E+03
  0.3477E-01  0.3639E+03  0.1095E+01  0.3622E+03  0.3622E+03
  0.3570E-01  0.3496E+03  0.1055E+01  0.3468E+03  0.3468E+03
  0.3663E-01  0.3328E+03  0.1045E+01  0.3320E+03  0.3320E+03
  0.3756E-01  0.3190E+03  0.1019E+01  0.3180E+03  0.3180E+03
  0.3849E-01  0.3071E+03  0.9967E+00  0.3046E+03  0.3046E+03
  0.3942E-01  0.2940E+03  0.9698E+00  0.2919E+03  0.2919E+03
  0.4035E-01  0.2810E+03  0.9627E+00  0.2799E+03  0.2799E+03
  0.4128E-01  0.2702E+03  0.9550E+00  0.2684E+03  0.2684E+03
  0.4221E-01  0.2611E+03  0.9367E+00  0.2576E+03  0.2576E+03
  0.4314E-01  0.2493E+03  0.9210E+00  0.2474E+03  0.2474E+03
  0.4407E-01  0.2379E+03  0.9203E+00  0.2378E+03  0.2378E+03
  0.4500E-01  0.2304E+03  0.9197E+00  0.2287E+03  0.2287E+03
  0.4593E-01  0.2216E+03  0.9013E+00  0.2201E+03  0.2201E+03
  0.4686E-01  0.2140E+03  0.8766E+00  0.2119E+03  0.2119E+03
  0.4779E-01  0.2084E+03  0.8583E+00  0.2043E+03  0.2043E+03
  0.4872E-01  0.2003E+03  0.8429E+00  0.1970E+03  0.1970E+03
  0.4965E-01  0.1919E+03  0.8210E+00  0.1901E+03  0.1901E+03
  0.5058E-01  0.1853E+03  0.8023E+00  0.1837E+03  0.1837E+03
  0.5151E-01  0.1772E+03  0.7824E+00  0.1775E+03  0.1775E+03
  0.5244E-01  0.1709E+03  0.7915E+00  0.1716E+03  0.1716E+03
  0.5337E-01  0.1654E+03  0.7998E+00  0.1661E+03  0.1661E+03
  0.5430E-01  0.1598E+03  0.7982E+00  0.1608E+03  0.1608E+03
  0.5523E-01  0.1553E+03  0.7891E+00  0.1557E+03  0.1557E+03
  0.5616E-01  0.1503E+03  0.7980E+00  0.1508E+03  0.1508E+03
  0.5709E-01  0.1452E+03  0.1128E+01  0.1462E+03  0.1462E+03
  0.5802E-01  0.1420E+03  0.1948E+01  0.1417E+03  0.1417E+03
  0.5895E-01  0.1368E+03  0.1353E+01  0.1374E+03  0.1374E+03
  0.5988E-01  0.1345E+03  0.9932E+00  0.1333E+03  0.1333E+03
  0.6081E-01  0.1312E+03  0.9694E+00  0.1292E+03  0.1292E+03
  0.6174E-01  0.1277E+03  0.9533E+00  0.1253E+03  0.1253E+03
  0.6267E-01  0.1240E+03  0.9562E+00  0.1216E+03  0.1216E+03
  0.6360E-01  0.1207E+03  0.9619E+00  0.1179E+03  0.1179E+03
  0.6453E-01  0.1152E+03  0.9374E+00  0.1144E+03  0.1144E+03
  0.6546E-01  0.1113E+03  0.9368E+00  0.1109E+03  0.1109E+03
  0.6639E-01  0.1088E+03  0.9388E+00  0.1076E+03  0.1076E+03
  0.6732E-01  0.1041E+03  0.9331E+00  0.1043E+03  0.1043E+03
  0.6825E-01  0.1006E+03  0.9291E+00  0.1011E+03  0.1011E+03
  0.6918E-01  0.9834E+02  0.9251E+00  0.9803E+02  0.9803E+02
  0.7011E-01  0.9400E+02  0.9222E+00  0.9502E+02  0.9502E+02
  0.7104E-01  0.9206E+02  0.8983E+00  0.9210E+02  0.9210E+02
  0.7197E-01  0.8956E+02  0.8858E+00  0.8926E+02  0.8926E+02
  0.7290E-01  0.8619E+02  0.8856E+00  0.8651E+02  0.8651E+02
  0.7383E-01  0.8327E+02  0.8695E+00  0.8384E+02  0.8384E+02
  0.7476E-01  0.8133E+02  0.8470E+00  0.8125E+02  0.8125E+02
  0.7569E-01  0.8019E+02  0.8448E+00  0.7874E+02  0.7874E+02
  0.7662E-01  0.7695E+02  0.8441E+00  0.7632E+02  0.7632E+02
  0.7755E-01  0.7473E+02  0.8450E+00  0.7397E+02  0.7397E+02
  0.7848E-01  0.7332E+02  0.5967E+00  0.7171E+02  0.7171E+02
  0.7941E-01  0.7105E+02  0.5618E+00  0.6952E+02  0.6952E+02
  0.8034E-01  0.6900E+02  0.5690E+00  0.6742E+02  0.6742E+02
  0.8127E-01  0.6644E+02  0.5617E+00  0.6539E+02  0.6539E+02
  0.8220E-01  0.6541E+02  0.5575E+00  0.6344E+02  0.6344E+02
  0.8313E-01  0.6283E+02  0.5506E+00  0.6156E+02  0.6156E+02
  0.8406E-01  0.6116E+02  0.5474E+00  0.5976E+02  0.5976E+02
  0.8499E-01  0.5927E+02  0.5487E+00  0.5802E+02  0.5802E+02
  0.8592E-01  0.5738E+02  0.5450E+00  0.5635E+02  0.5635E+02
  0.8685E-01  0.5588E+02  0.5309E+00  0.5475E+02  0.5475E+02
  0.8778E-01  0.5405E+02  0.5337E+00  0.5322E+02  0.5322E+02
  0.8871E-01  0.5254E+02  0.5259E+00  0.5174E+02  0.5174E+02
  0.8964E-01  0.5066E+02  0.5219E+00  0.5033E+02  0.5033E+02
  0.9057E-01  0.4871E+02  0.5081E+00  0.4897E+02  0.4897E+02
  0.9150E-01  0.4727E+02  0.5031E+00  0.4766E+02  0.4766E+02
  0.9243E-01  0.4626E+02  0.5084E+00  0.4641E+02  0.4641E+02
  0.9336E-01  0.4531E+02  0.5163E+00  0.4520E+02  0.4520E+02
  0.9429E-01  0.4317E+02  0.5098E+00  0.4405E+02  0.4405E+02
  0.9522E-01  0.4124E+02  0.5103E+00  0.4294E+02  0.4294E+02
  0.9615E-01  0.4069E+02  0.5399E+00  0.4187E+02  0.4187E+02
  0.9708E-01  0.3977E+02  0.2559E+00  0.4084E+02  0.4084E+02
  0.9801E-01  0.3833E+02  0.2515E+00  0.3986E+02  0.3986E+02
  0.9894E-01  0.3664E+02  0.2499E+00  0.3891E+02  0.3891E+02
  0.9987E-01  0.3552E+02  0.2451E+00  0.3801E+02  0.3801E+02

           Distance distribution  function of particle  


       R          P(R)      ERROR

  0.0000E+00  0.0000E+00  0.0000E+00
  0.2464E+01  0.7264E-01  0.1840E-03
  0.4929E+01  0.1450E+00  0.3082E-03
  0.7393E+01  0.2168E+00  0.3771E-03
  0.9857E+01  0.2877E+00  0.3984E-03
  0.1232E+02  0.3573E+00  0.3834E-03
  0.1479E+02  0.4250E+00  0.3498E-03
  0.1725E+02  0.4902E+00  0.3239E-03
  0.1971E+02  0.5522E+00  0.3360E-03
  0.2218E+02  0.6104E+00  0.3969E-03
  0.2464E+02  0.6640E+00  0.4905E-03
  0.2711E+02  0.7125E+00  0.5952E-03
  0.2957E+02  0.7554E+00  0.6957E-03
  0.3204E+02  0.7922E+00  0.7823E-03
  0.3450E+02  0.8227E+00  0.8498E-03
  0.3696E+02  0.8466E+00  0.8963E-03
  0.3943E+02  0.8640E+00  0.9235E-03
  0.4189E+02  0.8750E+00  0.9358E-03
  0.4436E+02  0.8798E+00  0.9407E-03
  0.4682E+02  0.8789E+00  0.9474E-03
  0.4929E+02  0.8728E+00  0.9654E-03
  0.5175E+02  0.8620E+00  0.1002E-02
  0.5421E+02  0.8473E+00  0.1058E-02
  0.5668E+02  0.8294E+00  0.1133E-02
  0.5914E+02  0.8089E+00  0.1220E-02
  0.6161E+02  0.7868E+00  0.1312E-02
  0.6407E+02  0.7635E+00  0.1401E-02
  0.6654E+02  0.7397E+00  0.1483E-02
  0.6900E+02  0.7161E+00  0.1553E-02
  0.7146E+02  0.6929E+00  0.1612E-02
  0.7393E+02  0.6706E+00  0.1658E-02
  0.7639E+02  0.6494E+00  0.1695E-02
  0.7886E+02  0.6294E+00  0.1725E-02
  0.8132E+02  0.6105E+00  0.1753E-02
  0.8379E+02  0.5928E+00  0.1782E-02
  0.8625E+02  0.5761E+00  0.1815E-02
  0.8871E+02  0.5600E+00  0.1853E-02
  0.9118E+02  0.5445E+00  0.1899E-02
  0.9364E+02  0.5290E+00  0.1950E-02
  0.9611E+02  0.5134E+00  0.2007E-02
  0.9857E+02  0.4974E+00  0.2067E-02
  0.1010E+03  0.4808E+00  0.2130E-02
  0.1035E+03  0.4632E+00  0.2196E-02
  0.1060E+03  0.4447E+00  0.2265E-02
  0.1084E+03  0.4251E+00  0.2336E-02
  0.1109E+03  0.4045E+00  0.2410E-02
  0.1134E+03  0.3830E+00  0.2486E-02
  0.1158E+03  0.3606E+00  0.2563E-02
  0.1183E+03  0.3376E+00  0.2639E-02
  0.1208E+03  0.3143E+00  0.2711E-02
  0.1232E+03  0.2910E+00  0.2776E-02
  0.1257E+03  0.2678E+00  0.2830E-02
  0.1281E+03  0.2452E+00  0.2870E-02
  0.1306E+03  0.2234E+00  0.2892E-02
  0.1331E+03  0.2026E+00  0.2894E-02
  0.1355E+03  0.1831E+00  0.2875E-02
  0.1380E+03  0.1650E+00  0.2833E-02
  0.1405E+03  0.1483E+00  0.2769E-02
  0.1429E+03  0.1330E+00  0.2684E-02
  0.1454E+03  0.1192E+00  0.2578E-02
  0.1479E+03  0.1067E+00  0.2453E-02
  0.1503E+03  0.9529E-01  0.2309E-02
  0.1528E+03  0.8475E-01  0.2146E-02
  0.1552E+03  0.7484E-01  0.1964E-02
  0.1577E+03  0.6527E-01  0.1762E-02
  0.1602E+03  0.5574E-01  0.1537E-02
  0.1626E+03  0.4599E-01  0.1287E-02
  0.1651E+03  0.3574E-01  0.1011E-02
  0.1676E+03  0.2477E-01  0.7050E-03
  0.1700E+03  0.1290E-01  0.3683E-03
  0.1725E+03  0.0000E+00  0.0000E+00
          Reciprocal space: Rg =   53.13     , I(0) =   0.9826E+03
     Real space: Rg =   53.39 +- 0.105  I(0) =   0.9828E+03 +-  0.2667E+01
