
           ####    G N O M   ---   Version 4.5a revised 09/02/02     ####

                                                  Tue Nov  3 18:13:20 2009
           ===    Run No   1   ===
 Run title:  0.010642 3.567096 0.067404


  Number of points omitted at the beginning:           9
   *******   Working Directory :
   *******    Input file(s) :
           Condition P(rmin) = 0 is used. 
           Condition P(rmax) = 0 is used. 

          Experimental conditions for the first run
          -----------------------------------------

          Highest ALPHA is found to be   0.8132E+02

  The measure of inconsistency AN1 equals to    0.8585E+00
     Alpha    Discrp  Oscill  Stabil  Sysdev  Positv  Valcen    Total   
  0.8132E+05 21.4644  1.2404  0.9734  0.0716  1.0000  0.8431  0.32842
  0.1626E+05 20.1522  1.2360  0.9127  0.3221  1.0000  0.8442  0.37462
  0.3253E+04 15.6182  1.2181  0.7035  0.5280  1.0000  0.8488  0.46707
  0.6506E+03  8.1182  1.1842  0.3592  0.1163  1.0000  0.8606  0.34230
  0.1301E+03  3.0226  1.2089  0.1160  0.3043  1.0000  0.8685  0.46637
  0.2602E+02  1.0109  1.2894  0.0370  0.6801  1.0000  0.8656  0.78100
  0.5205E+01  0.5440  1.3418  0.0152  0.8501  1.0000  0.8629  0.90807
  0.1041E+01  0.4936  1.3630  0.0061  0.8949  1.0000  0.8623  0.91229
  0.2082E+00  0.4892  1.3733  0.0051  0.8949  1.0000  0.8625  0.90970
  0.4164E-01  0.4873  1.4021  0.0122  0.9038  1.0000  0.8629  0.90440
  0.8328E-02  0.4852  1.5498  0.0172  0.8859  1.0000  0.8632  0.85802
  0.1666E-02  0.4838  1.9486  0.0399  0.8859  0.9996  0.8607  0.73100
  0.3331E-03  0.4825  3.1437  0.0558  0.8680  0.9980  0.8525  0.65629
  0.6662E-04  0.4819  4.9417  0.1137  0.8591  0.9942  0.8441  0.56338
  0.1332E-04  0.4812  9.7868  0.2568  0.8770  0.9758  0.8162  0.46950
  0.2665E-05  0.4806 16.7684  0.4055  0.8770  0.9185  0.7062  0.00000

          ***  Golden section search to maximize estimate ***
     Alpha    Discrp  Oscill  Stabil  Sysdev  Positv  Valcen    Total   
  0.1925E+01  0.5006  1.3572  0.0084  0.8770  1.0000  0.8624  0.90873
  0.8231E+00  0.4923  1.3648  0.0055  0.8949  1.0000  0.8623  0.91179
  0.1316E+01  0.4955  1.3610  0.0068  0.8859  1.0000  0.8623  0.91022
  0.9516E+00  0.4931  1.3637  0.0058  0.8949  1.0000  0.8623  0.91209
  0.1139E+01  0.4943  1.3623  0.0064  0.8949  1.0000  0.8623  0.91250
  0.1204E+01  0.4947  1.3618  0.0065  0.8949  1.0000  0.8623  0.91265
  0.1245E+01  0.4950  1.3615  0.0066  0.8859  1.0000  0.8623  0.91007
  0.1178E+01  0.4946  1.3620  0.0065  0.8949  1.0000  0.8623  0.91259
  0.1219E+01  0.4948  1.3617  0.0066  0.8859  1.0000  0.8623  0.91001
  0.1194E+01  0.4947  1.3619  0.0065  0.8949  1.0000  0.8623  0.91262
  0.1210E+01  0.4948  1.3617  0.0065  0.8859  1.0000  0.8623  0.90999
  0.1200E+01  0.4947  1.3618  0.0065  0.8949  1.0000  0.8623  0.91264
  0.1206E+01  0.4947  1.3618  0.0065  0.8949  1.0000  0.8623  0.91265
  0.1207E+01  0.4948  1.3618  0.0065  0.8859  1.0000  0.8623  0.90998
  0.1205E+01  0.4947  1.3618  0.0065  0.8949  1.0000  0.8623  0.91265
  0.1206E+01  0.4947  1.3618  0.0065  0.8949  1.0000  0.8623  0.91265
  0.1207E+01  0.4948  1.3618  0.0065  0.8949  1.0000  0.8623  0.91265
  0.1207E+01  0.4948  1.3618  0.0065  0.8859  1.0000  0.8623  0.90998
  0.1207E+01  0.4948  1.3618  0.0065  0.8949  1.0000  0.8623  0.91265



             ####            Final results            ####

 Parameter    DISCRP    OSCILL    STABIL    SYSDEV    POSITV    VALCEN
 Weight        1.000     3.000     3.000     5.000     1.000     1.000
 Sigma         0.300     0.600     0.120     0.500     0.120     0.120
 Ideal         0.700     1.200     0.000     1.000     1.000     0.950
 Current       0.495     1.362     0.007     0.895     1.000     0.862
                - - - - - - - - - - - - - - - - - - - - - - - - - 
 Estimate      0.626     0.930     0.997     0.957     1.000     0.586

  Angular   range    :     from    0.0167   to    0.3250
  Real space range   :     from      0.00   to    135.00

  Highest ALPHA (theor) :   0.813E+05                 JOB = 0
  Current ALPHA         :   0.121E+01   Rg :  0.412E+02   I(0) :   0.365E+01

           Total  estimate : 0.913  which is  AN EXCELLENT  solution

      S          J EXP       ERROR       J REG       I REG

  0.0000E+00                                      0.3649E+01
  0.6194E-03                                      0.3648E+01
  0.1239E-02                                      0.3646E+01
  0.1858E-02                                      0.3642E+01
  0.2478E-02                                      0.3636E+01
  0.3097E-02                                      0.3629E+01
  0.3716E-02                                      0.3621E+01
  0.4336E-02                                      0.3610E+01
  0.4955E-02                                      0.3599E+01
  0.5575E-02                                      0.3585E+01
  0.6194E-02                                      0.3570E+01
  0.6813E-02                                      0.3554E+01
  0.7433E-02                                      0.3536E+01
  0.8052E-02                                      0.3517E+01
  0.8672E-02                                      0.3497E+01
  0.9291E-02                                      0.3475E+01
  0.9911E-02                                      0.3451E+01
  0.1053E-01                                      0.3427E+01
  0.1115E-01                                      0.3401E+01
  0.1177E-01                                      0.3374E+01
  0.1239E-01                                      0.3346E+01
  0.1301E-01                                      0.3316E+01
  0.1363E-01                                      0.3285E+01
  0.1425E-01                                      0.3254E+01
  0.1487E-01                                      0.3221E+01
  0.1549E-01                                      0.3187E+01
  0.1610E-01                                      0.3153E+01
  0.1672E-01  0.3241E+01  0.9819E-01  0.3117E+01  0.3117E+01
  0.1733E-01  0.3313E+01  0.6544E-01  0.3081E+01  0.3081E+01
  0.1794E-01  0.3111E+01  0.6863E-01  0.3045E+01  0.3045E+01
  0.1855E-01  0.3239E+01  0.6605E-01  0.3007E+01  0.3007E+01
  0.1916E-01  0.3033E+01  0.6453E-01  0.2969E+01  0.2969E+01
  0.1976E-01  0.3035E+01  0.6509E-01  0.2931E+01  0.2931E+01
  0.2037E-01  0.3032E+01  0.6990E-01  0.2891E+01  0.2891E+01
  0.2098E-01  0.2907E+01  0.6518E-01  0.2852E+01  0.2852E+01
  0.2159E-01  0.2873E+01  0.5106E-01  0.2811E+01  0.2811E+01
  0.2220E-01  0.2777E+01  0.5754E-01  0.2770E+01  0.2770E+01
  0.2281E-01  0.2665E+01  0.4480E-01  0.2729E+01  0.2729E+01
  0.2341E-01  0.2682E+01  0.3964E-01  0.2688E+01  0.2688E+01
  0.2402E-01  0.2544E+01  0.3870E-01  0.2646E+01  0.2646E+01
  0.2463E-01  0.2561E+01  0.4397E-01  0.2604E+01  0.2604E+01
  0.2524E-01  0.2504E+01  0.3781E-01  0.2561E+01  0.2561E+01
  0.2585E-01  0.2524E+01  0.3573E-01  0.2518E+01  0.2518E+01
  0.2645E-01  0.2440E+01  0.4356E-01  0.2476E+01  0.2476E+01
  0.2706E-01  0.2439E+01  0.3269E-01  0.2433E+01  0.2433E+01
  0.2767E-01  0.2365E+01  0.3837E-01  0.2390E+01  0.2390E+01
  0.2828E-01  0.2268E+01  0.2827E-01  0.2347E+01  0.2347E+01
  0.2889E-01  0.2252E+01  0.3671E-01  0.2304E+01  0.2304E+01
  0.2949E-01  0.2211E+01  0.3078E-01  0.2261E+01  0.2261E+01
  0.3010E-01  0.2137E+01  0.3340E-01  0.2218E+01  0.2218E+01
  0.3071E-01  0.2144E+01  0.3163E-01  0.2175E+01  0.2175E+01
  0.3132E-01  0.2145E+01  0.2924E-01  0.2133E+01  0.2133E+01
  0.3193E-01  0.2143E+01  0.3074E-01  0.2091E+01  0.2091E+01
  0.3254E-01  0.2089E+01  0.3168E-01  0.2048E+01  0.2048E+01
  0.3314E-01  0.2009E+01  0.3608E-01  0.2007E+01  0.2007E+01
  0.3375E-01  0.2022E+01  0.3263E-01  0.1965E+01  0.1965E+01
  0.3436E-01  0.1850E+01  0.3369E-01  0.1924E+01  0.1924E+01
  0.3497E-01  0.1888E+01  0.2964E-01  0.1883E+01  0.1883E+01
  0.3558E-01  0.1783E+01  0.3553E-01  0.1843E+01  0.1843E+01
  0.3618E-01  0.1856E+01  0.2886E-01  0.1803E+01  0.1803E+01
  0.3679E-01  0.1717E+01  0.2881E-01  0.1763E+01  0.1763E+01
  0.3740E-01  0.1754E+01  0.3470E-01  0.1724E+01  0.1724E+01
  0.3801E-01  0.1730E+01  0.2552E-01  0.1686E+01  0.1686E+01
  0.3862E-01  0.1648E+01  0.3365E-01  0.1648E+01  0.1648E+01
  0.3922E-01  0.1678E+01  0.3363E-01  0.1610E+01  0.1610E+01
  0.3983E-01  0.1644E+01  0.2616E-01  0.1573E+01  0.1573E+01
  0.4044E-01  0.1575E+01  0.3325E-01  0.1537E+01  0.1537E+01
  0.4105E-01  0.1560E+01  0.2703E-01  0.1501E+01  0.1501E+01
  0.4166E-01  0.1417E+01  0.3288E-01  0.1466E+01  0.1466E+01
  0.4227E-01  0.1395E+01  0.3069E-01  0.1431E+01  0.1431E+01
  0.4287E-01  0.1380E+01  0.2918E-01  0.1397E+01  0.1397E+01
  0.4348E-01  0.1343E+01  0.2675E-01  0.1364E+01  0.1364E+01
  0.4409E-01  0.1316E+01  0.2723E-01  0.1331E+01  0.1331E+01
  0.4470E-01  0.1304E+01  0.2819E-01  0.1299E+01  0.1299E+01
  0.4531E-01  0.1302E+01  0.7307E-01  0.1267E+01  0.1267E+01
  0.4591E-01  0.1281E+01  0.2149E-01  0.1236E+01  0.1236E+01
  0.4652E-01  0.1238E+01  0.2416E-01  0.1206E+01  0.1206E+01
  0.4713E-01  0.1197E+01  0.6447E-01  0.1177E+01  0.1177E+01
  0.4774E-01  0.1171E+01  0.2363E-01  0.1148E+01  0.1148E+01
  0.4835E-01  0.1133E+01  0.2251E-01  0.1120E+01  0.1120E+01
  0.4895E-01  0.1124E+01  0.2076E-01  0.1092E+01  0.1092E+01
  0.4956E-01  0.1028E+01  0.2425E-01  0.1065E+01  0.1065E+01
  0.5017E-01  0.1017E+01  0.2044E-01  0.1039E+01  0.1039E+01
  0.5078E-01  0.1020E+01  0.2456E-01  0.1014E+01  0.1014E+01
  0.5139E-01  0.9436E+00  0.2227E-01  0.9888E+00  0.9888E+00
  0.5200E-01  0.9480E+00  0.2218E-01  0.9645E+00  0.9645E+00
  0.5260E-01  0.9393E+00  0.1993E-01  0.9409E+00  0.9409E+00
  0.5321E-01  0.9471E+00  0.2367E-01  0.9178E+00  0.9178E+00
  0.5382E-01  0.9176E+00  0.2522E-01  0.8954E+00  0.8954E+00
  0.5443E-01  0.8832E+00  0.2000E-01  0.8736E+00  0.8736E+00
  0.5504E-01  0.8296E+00  0.3209E-01  0.8524E+00  0.8524E+00
  0.5564E-01  0.8403E+00  0.2099E-01  0.8318E+00  0.8318E+00
  0.5625E-01  0.8117E+00  0.2028E-01  0.8117E+00  0.8117E+00
  0.5686E-01  0.8057E+00  0.1999E-01  0.7922E+00  0.7922E+00
  0.5747E-01  0.7668E+00  0.2243E-01  0.7733E+00  0.7733E+00
  0.5808E-01  0.7392E+00  0.1806E-01  0.7549E+00  0.7549E+00
  0.5868E-01  0.7620E+00  0.1805E-01  0.7370E+00  0.7370E+00
  0.5929E-01  0.7103E+00  0.1750E-01  0.7197E+00  0.7197E+00
  0.5990E-01  0.7032E+00  0.1884E-01  0.7028E+00  0.7028E+00
  0.6051E-01  0.6958E+00  0.1870E-01  0.6864E+00  0.6864E+00
  0.6112E-01  0.6943E+00  0.1930E-01  0.6705E+00  0.6705E+00
  0.6173E-01  0.6626E+00  0.1976E-01  0.6551E+00  0.6551E+00
  0.6233E-01  0.6631E+00  0.2035E-01  0.6401E+00  0.6401E+00
  0.6294E-01  0.6337E+00  0.1947E-01  0.6256E+00  0.6256E+00
  0.6355E-01  0.6088E+00  0.1988E-01  0.6114E+00  0.6114E+00
  0.6416E-01  0.5852E+00  0.2037E-01  0.5977E+00  0.5977E+00
  0.6477E-01  0.5997E+00  0.1664E-01  0.5844E+00  0.5844E+00
  0.6537E-01  0.5962E+00  0.1843E-01  0.5715E+00  0.5715E+00
  0.6598E-01  0.5350E+00  0.2037E-01  0.5589E+00  0.5589E+00
  0.6659E-01  0.5429E+00  0.1673E-01  0.5467E+00  0.5467E+00
  0.6720E-01  0.5463E+00  0.1731E-01  0.5348E+00  0.5348E+00
  0.6781E-01  0.5129E+00  0.1983E-01  0.5232E+00  0.5232E+00
  0.6841E-01  0.4995E+00  0.1665E-01  0.5120E+00  0.5120E+00
  0.6902E-01  0.4803E+00  0.2020E-01  0.5011E+00  0.5011E+00
  0.6963E-01  0.4351E+00  0.1764E-01  0.4905E+00  0.4905E+00
  0.7024E-01  0.4875E+00  0.1878E-01  0.4801E+00  0.4801E+00
  0.7085E-01  0.4204E+00  0.1783E-01  0.4700E+00  0.4700E+00
  0.7146E-01  0.4463E+00  0.1629E-01  0.4602E+00  0.4602E+00
  0.7206E-01  0.4588E+00  0.1787E-01  0.4507E+00  0.4507E+00
  0.7267E-01  0.4635E+00  0.1634E-01  0.4414E+00  0.4414E+00
  0.7328E-01  0.4490E+00  0.1657E-01  0.4323E+00  0.4323E+00
  0.7389E-01  0.4342E+00  0.1644E-01  0.4234E+00  0.4234E+00
  0.7450E-01  0.3960E+00  0.1603E-01  0.4147E+00  0.4147E+00
  0.7510E-01  0.4006E+00  0.1591E-01  0.4063E+00  0.4063E+00
  0.7571E-01  0.3957E+00  0.1695E-01  0.3980E+00  0.3980E+00
  0.7632E-01  0.3897E+00  0.1768E-01  0.3899E+00  0.3899E+00
  0.7693E-01  0.3905E+00  0.1556E-01  0.3820E+00  0.3820E+00
  0.7754E-01  0.3993E+00  0.1455E-01  0.3743E+00  0.3743E+00
  0.7814E-01  0.3558E+00  0.1436E-01  0.3668E+00  0.3668E+00
  0.7875E-01  0.3504E+00  0.1380E-01  0.3593E+00  0.3593E+00
  0.7936E-01  0.3410E+00  0.1586E-01  0.3521E+00  0.3521E+00
  0.7997E-01  0.3223E+00  0.1367E-01  0.3450E+00  0.3450E+00
  0.8058E-01  0.3235E+00  0.1475E-01  0.3380E+00  0.3380E+00
  0.8118E-01  0.3044E+00  0.1558E-01  0.3312E+00  0.3312E+00
  0.8179E-01  0.3185E+00  0.1427E-01  0.3244E+00  0.3244E+00
  0.8240E-01  0.3357E+00  0.1604E-01  0.3179E+00  0.3179E+00
  0.8301E-01  0.3166E+00  0.1468E-01  0.3114E+00  0.3114E+00
  0.8362E-01  0.3214E+00  0.1508E-01  0.3051E+00  0.3051E+00
  0.8423E-01  0.3085E+00  0.1491E-01  0.2988E+00  0.2988E+00
  0.8483E-01  0.3163E+00  0.1515E-01  0.2927E+00  0.2927E+00
  0.8544E-01  0.2899E+00  0.1461E-01  0.2867E+00  0.2867E+00
  0.8605E-01  0.3129E+00  0.1397E-01  0.2808E+00  0.2808E+00
  0.8666E-01  0.2985E+00  0.1379E-01  0.2749E+00  0.2749E+00
  0.8727E-01  0.2896E+00  0.1408E-01  0.2692E+00  0.2692E+00
  0.8787E-01  0.2634E+00  0.1463E-01  0.2636E+00  0.2636E+00
  0.8848E-01  0.2304E+00  0.1440E-01  0.2581E+00  0.2581E+00
  0.8909E-01  0.2514E+00  0.1400E-01  0.2526E+00  0.2526E+00
  0.8970E-01  0.2361E+00  0.1469E-01  0.2473E+00  0.2473E+00
  0.9031E-01  0.2633E+00  0.1543E-01  0.2420E+00  0.2420E+00
  0.9091E-01  0.2168E+00  0.1593E-01  0.2368E+00  0.2368E+00
  0.9152E-01  0.2284E+00  0.1478E-01  0.2317E+00  0.2317E+00
  0.9213E-01  0.2381E+00  0.1401E-01  0.2267E+00  0.2267E+00
  0.9274E-01  0.2526E+00  0.1517E-01  0.2218E+00  0.2218E+00
  0.9335E-01  0.2275E+00  0.1329E-01  0.2170E+00  0.2170E+00
  0.9396E-01  0.2037E+00  0.1369E-01  0.2122E+00  0.2122E+00
  0.9456E-01  0.1884E+00  0.1622E-01  0.2075E+00  0.2075E+00
  0.9517E-01  0.1914E+00  0.1402E-01  0.2029E+00  0.2029E+00
  0.9578E-01  0.1999E+00  0.1406E-01  0.1984E+00  0.1984E+00
  0.9639E-01  0.2071E+00  0.1440E-01  0.1940E+00  0.1940E+00
  0.9700E-01  0.1977E+00  0.1487E-01  0.1896E+00  0.1896E+00
  0.9760E-01  0.1886E+00  0.1481E-01  0.1853E+00  0.1853E+00
  0.9821E-01  0.1861E+00  0.1584E-01  0.1811E+00  0.1811E+00
  0.9882E-01  0.1953E+00  0.1334E-01  0.1770E+00  0.1770E+00
  0.9943E-01  0.1751E+00  0.1340E-01  0.1729E+00  0.1729E+00
  0.1000E+00  0.1606E+00  0.1259E-01  0.1690E+00  0.1690E+00
  0.1006E+00  0.1596E+00  0.1314E-01  0.1650E+00  0.1650E+00
  0.1013E+00  0.1683E+00  0.1266E-01  0.1612E+00  0.1612E+00
  0.1019E+00  0.1634E+00  0.1458E-01  0.1575E+00  0.1575E+00
  0.1025E+00  0.1448E+00  0.1267E-01  0.1538E+00  0.1538E+00
  0.1031E+00  0.1362E+00  0.1288E-01  0.1502E+00  0.1502E+00
  0.1037E+00  0.1435E+00  0.1214E-01  0.1466E+00  0.1466E+00
  0.1043E+00  0.1222E+00  0.1254E-01  0.1431E+00  0.1431E+00
  0.1049E+00  0.1126E+00  0.1331E-01  0.1397E+00  0.1397E+00
  0.1055E+00  0.1118E+00  0.1396E-01  0.1364E+00  0.1364E+00
  0.1061E+00  0.1231E+00  0.1430E-01  0.1332E+00  0.1332E+00
  0.1067E+00  0.1360E+00  0.1203E-01  0.1300E+00  0.1300E+00
  0.1073E+00  0.1381E+00  0.1374E-01  0.1268E+00  0.1268E+00
  0.1079E+00  0.1533E+00  0.1172E-01  0.1238E+00  0.1238E+00
  0.1085E+00  0.1330E+00  0.1304E-01  0.1208E+00  0.1208E+00
  0.1092E+00  0.1301E+00  0.1281E-01  0.1179E+00  0.1179E+00
  0.1098E+00  0.1376E+00  0.1302E-01  0.1150E+00  0.1150E+00
  0.1104E+00  0.9215E-01  0.1256E-01  0.1122E+00  0.1122E+00
  0.1110E+00  0.9764E-01  0.1318E-01  0.1095E+00  0.1095E+00
  0.1116E+00  0.1139E+00  0.1210E-01  0.1068E+00  0.1068E+00
  0.1122E+00  0.1022E+00  0.1178E-01  0.1042E+00  0.1042E+00
  0.1128E+00  0.8519E-01  0.1270E-01  0.1017E+00  0.1017E+00
  0.1134E+00  0.1008E+00  0.1271E-01  0.9920E-01  0.9920E-01
  0.1140E+00  0.9175E-01  0.1179E-01  0.9678E-01  0.9678E-01
  0.1146E+00  0.1056E+00  0.1232E-01  0.9441E-01  0.9441E-01
  0.1152E+00  0.1098E+00  0.1207E-01  0.9210E-01  0.9210E-01
  0.1158E+00  0.9723E-01  0.1436E-01  0.8984E-01  0.8984E-01
  0.1165E+00  0.8363E-01  0.1417E-01  0.8764E-01  0.8764E-01
  0.1171E+00  0.7705E-01  0.1265E-01  0.8549E-01  0.8549E-01
  0.1177E+00  0.7751E-01  0.1194E-01  0.8340E-01  0.8340E-01
  0.1183E+00  0.8286E-01  0.1248E-01  0.8136E-01  0.8136E-01
  0.1189E+00  0.6770E-01  0.1373E-01  0.7937E-01  0.7937E-01
  0.1195E+00  0.5394E-01  0.1201E-01  0.7743E-01  0.7743E-01
  0.1201E+00  0.5985E-01  0.1430E-01  0.7554E-01  0.7554E-01
  0.1207E+00  0.7480E-01  0.1094E-01  0.7370E-01  0.7370E-01
  0.1213E+00  0.8856E-01  0.1338E-01  0.7190E-01  0.7190E-01
  0.1219E+00  0.6530E-01  0.1542E-01  0.7015E-01  0.7015E-01
  0.1225E+00  0.6256E-01  0.1302E-01  0.6845E-01  0.6845E-01
  0.1231E+00  0.5595E-01  0.1352E-01  0.6679E-01  0.6679E-01
  0.1238E+00  0.5648E-01  0.3039E-01  0.6517E-01  0.6517E-01
  0.1244E+00  0.5792E-01  0.1176E-01  0.6359E-01  0.6359E-01
  0.1250E+00  0.4607E-01  0.1827E-01  0.6206E-01  0.6206E-01
  0.1256E+00  0.5927E-01  0.1082E-01  0.6057E-01  0.6057E-01
  0.1262E+00  0.4837E-01  0.1141E-01  0.5911E-01  0.5911E-01
  0.1268E+00  0.4325E-01  0.1292E-01  0.5770E-01  0.5770E-01
  0.1274E+00  0.7905E-01  0.1227E-01  0.5632E-01  0.5632E-01
  0.1280E+00  0.5450E-01  0.1163E-01  0.5498E-01  0.5498E-01
  0.1286E+00  0.5893E-01  0.1101E-01  0.5368E-01  0.5368E-01
  0.1292E+00  0.5590E-01  0.1121E-01  0.5241E-01  0.5241E-01
  0.1298E+00  0.4729E-01  0.1111E-01  0.5118E-01  0.5118E-01
  0.1304E+00  0.6383E-01  0.1174E-01  0.4999E-01  0.4999E-01
  0.1310E+00  0.6159E-01  0.1129E-01  0.4882E-01  0.4882E-01
  0.1317E+00  0.5540E-01  0.1269E-01  0.4769E-01  0.4769E-01
  0.1323E+00  0.5068E-01  0.1178E-01  0.4659E-01  0.4659E-01
  0.1329E+00  0.3638E-01  0.1168E-01  0.4552E-01  0.4552E-01
  0.1335E+00  0.4117E-01  0.1203E-01  0.4449E-01  0.4449E-01
  0.1341E+00  0.4903E-01  0.1231E-01  0.4348E-01  0.4348E-01
  0.1347E+00  0.4626E-01  0.1109E-01  0.4250E-01  0.4250E-01
  0.1353E+00  0.4174E-01  0.1186E-01  0.4155E-01  0.4155E-01
  0.1359E+00  0.3214E-01  0.1156E-01  0.4063E-01  0.4063E-01
  0.1365E+00  0.4261E-01  0.1094E-01  0.3974E-01  0.3974E-01
  0.1371E+00  0.3496E-01  0.1136E-01  0.3888E-01  0.3888E-01
  0.1377E+00  0.1521E-01  0.1221E-01  0.3804E-01  0.3804E-01
  0.1383E+00  0.4329E-01  0.1240E-01  0.3722E-01  0.3722E-01
  0.1390E+00  0.2081E-01  0.1361E-01  0.3643E-01  0.3643E-01
  0.1396E+00  0.9996E-02  0.1150E-01  0.3567E-01  0.3567E-01
  0.1402E+00  0.3018E-01  0.1103E-01  0.3493E-01  0.3493E-01
  0.1408E+00  0.4572E-01  0.1184E-01  0.3421E-01  0.3421E-01
  0.1414E+00  0.2619E-01  0.1099E-01  0.3352E-01  0.3352E-01
  0.1420E+00  0.3944E-01  0.1156E-01  0.3285E-01  0.3285E-01
  0.1426E+00  0.3080E-01  0.1280E-01  0.3220E-01  0.3220E-01
  0.1432E+00  0.1862E-01  0.1160E-01  0.3157E-01  0.3157E-01
  0.1438E+00  0.5497E-01  0.1208E-01  0.3096E-01  0.3096E-01
  0.1444E+00  0.2390E-01  0.1275E-01  0.3037E-01  0.3037E-01
  0.1450E+00  0.1620E-01  0.1129E-01  0.2981E-01  0.2981E-01
  0.1456E+00  0.2605E-01  0.1136E-01  0.2926E-01  0.2926E-01
  0.1469E+00  0.2031E-01  0.1051E-01  0.2821E-01  0.2821E-01
  0.1475E+00  0.2737E-01  0.1144E-01  0.2771E-01  0.2771E-01
  0.1481E+00  0.3008E-01  0.1086E-01  0.2723E-01  0.2723E-01
  0.1487E+00  0.1957E-01  0.1181E-01  0.2677E-01  0.2677E-01
  0.1493E+00  0.4199E-01  0.1047E-01  0.2632E-01  0.2632E-01
  0.1499E+00  0.2966E-01  0.1071E-01  0.2588E-01  0.2588E-01
  0.1505E+00  0.4963E-01  0.1068E-01  0.2546E-01  0.2546E-01
  0.1511E+00  0.2185E-01  0.9665E-02  0.2505E-01  0.2505E-01
  0.1517E+00  0.3391E-01  0.1107E-01  0.2466E-01  0.2466E-01
  0.1523E+00  0.4172E-01  0.1097E-01  0.2428E-01  0.2428E-01
  0.1529E+00  0.2471E-01  0.1085E-01  0.2391E-01  0.2391E-01
  0.1535E+00  0.3583E-01  0.1047E-01  0.2355E-01  0.2355E-01
  0.1542E+00  0.1333E-01  0.1040E-01  0.2320E-01  0.2320E-01
  0.1548E+00  0.2560E-01  0.1065E-01  0.2286E-01  0.2286E-01
  0.1554E+00  0.7222E-02  0.9952E-02  0.2253E-01  0.2253E-01
  0.1560E+00  0.2553E-01  0.9578E-02  0.2221E-01  0.2221E-01
  0.1566E+00  0.2135E-01  0.9253E-02  0.2190E-01  0.2190E-01
  0.1572E+00  0.1987E-01  0.9869E-02  0.2160E-01  0.2160E-01
  0.1578E+00  0.3544E-01  0.9862E-02  0.2131E-01  0.2131E-01
  0.1584E+00  0.3473E-02  0.9190E-02  0.2102E-01  0.2102E-01
  0.1590E+00  0.9165E-02  0.1060E-01  0.2074E-01  0.2074E-01
  0.1596E+00  0.2665E-02  0.9402E-02  0.2047E-01  0.2047E-01
  0.1602E+00  0.5182E-02  0.1016E-01  0.2020E-01  0.2020E-01
  0.1608E+00  0.1694E-01  0.9312E-02  0.1994E-01  0.1994E-01
  0.1615E+00  0.5385E-02  0.1102E-01  0.1968E-01  0.1968E-01
  0.1621E+00  0.3516E-01  0.9626E-02  0.1943E-01  0.1943E-01
  0.1627E+00  0.7148E-02  0.1026E-01  0.1918E-01  0.1918E-01
  0.1633E+00  0.3572E-01  0.9744E-02  0.1893E-01  0.1893E-01
  0.1639E+00  0.2709E-01  0.1073E-01  0.1869E-01  0.1869E-01
  0.1645E+00  0.9927E-02  0.1204E-01  0.1845E-01  0.1845E-01
  0.1651E+00  0.1915E-01  0.1198E-01  0.1822E-01  0.1822E-01
  0.1657E+00  0.1199E-01  0.9582E-02  0.1799E-01  0.1799E-01
  0.1663E+00  0.1629E-01  0.1005E-01  0.1776E-01  0.1776E-01
  0.1669E+00  0.2873E-01  0.1073E-01  0.1753E-01  0.1753E-01
  0.1675E+00  0.1196E-01  0.1086E-01  0.1731E-01  0.1731E-01
  0.1681E+00  0.3150E-01  0.1035E-01  0.1709E-01  0.1709E-01
  0.1688E+00  0.1879E-01  0.1210E-01  0.1687E-01  0.1687E-01
  0.1694E+00  0.6080E-02  0.9960E-02  0.1665E-01  0.1665E-01
  0.1700E+00  0.1306E-01  0.9952E-02  0.1644E-01  0.1644E-01
  0.1712E+00  0.8386E-02  0.9682E-02  0.1601E-01  0.1601E-01
  0.1718E+00  0.1196E-01  0.1067E-01  0.1580E-01  0.1580E-01
  0.1724E+00  0.1900E-01  0.9112E-02  0.1559E-01  0.1559E-01
  0.1730E+00  0.1779E-01  0.8985E-02  0.1539E-01  0.1539E-01
  0.1736E+00  0.2327E-01  0.9774E-02  0.1518E-01  0.1518E-01
  0.1742E+00  0.1778E-01  0.9359E-02  0.1498E-01  0.1498E-01
  0.1748E+00  0.1776E-01  0.9291E-02  0.1478E-01  0.1478E-01
  0.1754E+00  0.7458E-02  0.9286E-02  0.1458E-01  0.1458E-01
  0.1760E+00  0.1698E-01  0.1020E-01  0.1438E-01  0.1438E-01
  0.1767E+00  0.2084E-01  0.9838E-02  0.1419E-01  0.1419E-01
  0.1773E+00  0.1393E-01  0.9851E-02  0.1399E-01  0.1399E-01
  0.1779E+00  0.2731E-01  0.9119E-02  0.1381E-01  0.1381E-01
  0.1785E+00  0.1263E-01  0.9586E-02  0.1362E-01  0.1362E-01
  0.1791E+00  0.2208E-01  0.9880E-02  0.1343E-01  0.1343E-01
  0.1803E+00  0.4020E-03  0.9660E-02  0.1308E-01  0.1308E-01
  0.1809E+00  0.1461E-01  0.1082E-01  0.1290E-01  0.1290E-01
  0.1815E+00  0.1348E-02  0.9162E-02  0.1273E-01  0.1273E-01
  0.1821E+00  0.1860E-01  0.1014E-01  0.1256E-01  0.1256E-01
  0.1833E+00  0.1765E-01  0.9140E-02  0.1224E-01  0.1224E-01
  0.1840E+00  0.1296E-02  0.9036E-02  0.1209E-01  0.1209E-01
  0.1852E+00  0.1078E-01  0.9213E-02  0.1179E-01  0.1179E-01
  0.1858E+00  0.9137E-02  0.9133E-02  0.1165E-01  0.1165E-01
  0.1876E+00  0.3214E-02  0.9207E-02  0.1126E-01  0.1126E-01
  0.1882E+00  0.2014E-01  0.9445E-02  0.1114E-01  0.1114E-01
  0.1888E+00  0.1368E-01  0.9164E-02  0.1103E-01  0.1103E-01
  0.1894E+00  0.9091E-02  0.8933E-02  0.1092E-01  0.1092E-01
  0.1906E+00  0.2325E-01  0.9321E-02  0.1072E-01  0.1072E-01
  0.1912E+00  0.1903E-01  0.9431E-02  0.1063E-01  0.1063E-01
  0.1919E+00  0.2843E-02  0.9891E-02  0.1055E-01  0.1055E-01
  0.1937E+00  0.1550E-03  0.8770E-02  0.1033E-01  0.1033E-01
  0.1943E+00  0.1207E-01  0.9417E-02  0.1027E-01  0.1027E-01
  0.1949E+00  0.1558E-01  0.9029E-02  0.1021E-01  0.1021E-01
  0.1955E+00  0.1436E-01  0.9081E-02  0.1017E-01  0.1017E-01
  0.1961E+00  0.2348E-01  0.9008E-02  0.1012E-01  0.1012E-01
  0.1967E+00  0.8028E-02  0.9197E-02  0.1009E-01  0.1009E-01
  0.1985E+00  0.2272E-02  0.8384E-02  0.1001E-01  0.1001E-01
  0.2010E+00  0.7070E-03  0.9940E-02  0.9980E-02  0.9980E-02
  0.2022E+00  0.1816E-01  0.8784E-02  0.9994E-02  0.9994E-02
  0.2028E+00  0.6087E-02  0.8502E-02  0.1001E-01  0.1001E-01
  0.2034E+00  0.1094E-01  0.8868E-02  0.1002E-01  0.1002E-01
  0.2040E+00  0.2191E-01  0.8677E-02  0.1005E-01  0.1005E-01
  0.2046E+00  0.1200E-01  0.9021E-02  0.1007E-01  0.1007E-01
  0.2058E+00  0.1597E-01  0.9073E-02  0.1013E-01  0.1013E-01
  0.2071E+00  0.9104E-02  0.8517E-02  0.1020E-01  0.1020E-01
  0.2077E+00  0.1601E-01  0.8522E-02  0.1024E-01  0.1024E-01
  0.2083E+00  0.1405E-01  0.8782E-02  0.1027E-01  0.1027E-01
  0.2089E+00  0.1640E-01  0.8481E-02  0.1032E-01  0.1032E-01
  0.2095E+00  0.5298E-02  0.9102E-02  0.1036E-01  0.1036E-01
  0.2119E+00  0.4692E-02  0.8266E-02  0.1054E-01  0.1054E-01
  0.2125E+00  0.1283E-02  0.8481E-02  0.1058E-01  0.1058E-01
  0.2131E+00  0.4767E-02  0.8410E-02  0.1063E-01  0.1063E-01
  0.2137E+00  0.1923E-01  0.8244E-02  0.1067E-01  0.1067E-01
  0.2144E+00  0.1549E-01  0.7695E-02  0.1072E-01  0.1072E-01
  0.2150E+00  0.5871E-02  0.8485E-02  0.1076E-01  0.1076E-01
  0.2156E+00  0.7512E-02  0.8272E-02  0.1080E-01  0.1080E-01
  0.2162E+00  0.1622E-02  0.8285E-02  0.1085E-01  0.1085E-01
  0.2168E+00  0.7155E-02  0.8205E-02  0.1088E-01  0.1088E-01
  0.2174E+00  0.3827E-02  0.8460E-02  0.1092E-01  0.1092E-01
  0.2186E+00  0.1733E-01  0.9228E-02  0.1099E-01  0.1099E-01
  0.2192E+00  0.6943E-02  0.8129E-02  0.1103E-01  0.1103E-01
  0.2198E+00  0.2272E-01  0.8757E-02  0.1105E-01  0.1105E-01
  0.2204E+00  0.2101E-01  0.8475E-02  0.1108E-01  0.1108E-01
  0.2210E+00  0.1063E-01  0.7928E-02  0.1111E-01  0.1111E-01
  0.2217E+00  0.1069E-01  0.8700E-02  0.1113E-01  0.1113E-01
  0.2223E+00  0.1860E-02  0.7887E-02  0.1115E-01  0.1115E-01
  0.2229E+00  0.1243E-01  0.8596E-02  0.1117E-01  0.1117E-01
  0.2235E+00  0.6752E-02  0.7705E-02  0.1118E-01  0.1118E-01
  0.2241E+00  0.1930E-01  0.8127E-02  0.1119E-01  0.1119E-01
  0.2247E+00  0.2191E-01  0.8195E-02  0.1120E-01  0.1120E-01
  0.2253E+00  0.1174E-01  0.8411E-02  0.1121E-01  0.1121E-01
  0.2259E+00  0.8082E-02  0.8398E-02  0.1121E-01  0.1121E-01
  0.2265E+00  0.1806E-01  0.8572E-02  0.1121E-01  0.1121E-01
  0.2277E+00  0.7727E-02  0.9344E-02  0.1120E-01  0.1120E-01
  0.2283E+00  0.1858E-02  0.7590E-02  0.1120E-01  0.1120E-01
  0.2289E+00  0.2448E-01  0.8208E-02  0.1119E-01  0.1119E-01
  0.2296E+00  0.4893E-02  0.8532E-02  0.1117E-01  0.1117E-01
  0.2302E+00  0.1586E-01  0.8267E-02  0.1116E-01  0.1116E-01
  0.2308E+00  0.8321E-02  0.8311E-02  0.1114E-01  0.1114E-01
  0.2314E+00  0.2023E-01  0.7759E-02  0.1112E-01  0.1112E-01
  0.2320E+00  0.1818E-01  0.7855E-02  0.1110E-01  0.1110E-01
  0.2326E+00  0.8155E-02  0.7746E-02  0.1108E-01  0.1108E-01
  0.2332E+00  0.1069E-01  0.8359E-02  0.1105E-01  0.1105E-01
  0.2338E+00  0.1547E-01  0.8076E-02  0.1102E-01  0.1102E-01
  0.2344E+00  0.1268E-01  0.8321E-02  0.1099E-01  0.1099E-01
  0.2350E+00  0.1395E-01  0.7864E-02  0.1096E-01  0.1096E-01
  0.2356E+00  0.1760E-01  0.9111E-02  0.1093E-01  0.1093E-01
  0.2362E+00  0.1804E-01  0.7944E-02  0.1090E-01  0.1090E-01
  0.2369E+00  0.1442E-01  0.8200E-02  0.1086E-01  0.1086E-01
  0.2375E+00  0.6065E-02  0.7648E-02  0.1082E-01  0.1082E-01
  0.2381E+00  0.6011E-02  0.8385E-02  0.1079E-01  0.1079E-01
  0.2387E+00  0.7346E-02  0.7596E-02  0.1075E-01  0.1075E-01
  0.2393E+00  0.2566E-02  0.8112E-02  0.1071E-01  0.1071E-01
  0.2399E+00  0.1548E-01  0.8160E-02  0.1067E-01  0.1067E-01
  0.2405E+00  0.1555E-02  0.8189E-02  0.1063E-01  0.1063E-01
  0.2411E+00  0.1722E-01  0.8453E-02  0.1059E-01  0.1059E-01
  0.2417E+00  0.1798E-01  0.8393E-02  0.1055E-01  0.1055E-01
  0.2423E+00  0.6700E-02  0.8210E-02  0.1051E-01  0.1051E-01
  0.2429E+00  0.1507E-01  0.7912E-02  0.1047E-01  0.1047E-01
  0.2441E+00  0.1226E-01  0.8059E-02  0.1039E-01  0.1039E-01
  0.2448E+00  0.1226E-01  0.8061E-02  0.1035E-01  0.1035E-01
  0.2454E+00  0.3429E-02  0.7840E-02  0.1031E-01  0.1031E-01
  0.2460E+00  0.2429E-02  0.8057E-02  0.1028E-01  0.1028E-01
  0.2466E+00  0.7023E-02  0.8919E-02  0.1024E-01  0.1024E-01
  0.2472E+00  0.2934E-02  0.8675E-02  0.1020E-01  0.1020E-01
  0.2478E+00  0.1646E-01  0.7870E-02  0.1016E-01  0.1016E-01
  0.2484E+00  0.2458E-01  0.7786E-02  0.1013E-01  0.1013E-01
  0.2490E+00  0.1682E-01  0.7101E-02  0.1009E-01  0.1009E-01
  0.2496E+00  0.2154E-02  0.7633E-02  0.1006E-01  0.1006E-01
  0.2502E+00  0.6526E-02  0.7332E-02  0.1002E-01  0.1002E-01
  0.2514E+00  0.2405E-01  0.8145E-02  0.9961E-02  0.9961E-02
  0.2521E+00  0.9844E-02  0.7384E-02  0.9930E-02  0.9930E-02
  0.2527E+00  0.7748E-02  0.7799E-02  0.9900E-02  0.9900E-02
  0.2533E+00  0.3116E-02  0.7779E-02  0.9872E-02  0.9872E-02
  0.2539E+00  0.2664E-02  0.9551E-02  0.9844E-02  0.9844E-02
  0.2587E+00  0.1372E-01  0.7357E-02  0.9653E-02  0.9653E-02
  0.2593E+00  0.7146E-02  0.7751E-02  0.9633E-02  0.9633E-02
  0.2606E+00  0.3398E-02  0.7749E-02  0.9595E-02  0.9595E-02
  0.2612E+00  0.2684E-02  0.7490E-02  0.9577E-02  0.9577E-02
  0.2636E+00  0.7074E-02  0.1692E-01  0.9509E-02  0.9509E-02
  0.2648E+00  0.2087E-01  0.8097E-02  0.9478E-02  0.9478E-02
  0.2654E+00  0.7185E-02  0.1230E-01  0.9463E-02  0.9463E-02
  0.2660E+00  0.1037E-01  0.9690E-02  0.9447E-02  0.9447E-02
  0.2685E+00  0.5050E-03  0.7352E-02  0.9388E-02  0.9388E-02
  0.2691E+00  0.8568E-02  0.7081E-02  0.9374E-02  0.9374E-02
  0.2697E+00  0.1521E-01  0.7458E-02  0.9360E-02  0.9360E-02
  0.2703E+00  0.1527E-01  0.6824E-02  0.9345E-02  0.9345E-02
  0.2709E+00  0.7799E-02  0.7232E-02  0.9330E-02  0.9330E-02
  0.2715E+00  0.7563E-02  0.7373E-02  0.9315E-02  0.9315E-02
  0.2721E+00  0.2458E-02  0.7232E-02  0.9300E-02  0.9300E-02
  0.2727E+00  0.4250E-03  0.6805E-02  0.9285E-02  0.9285E-02
  0.2733E+00  0.5049E-02  0.7290E-02  0.9269E-02  0.9269E-02
  0.2739E+00  0.3274E-02  0.6787E-02  0.9253E-02  0.9253E-02
  0.2745E+00  0.1615E-01  0.7658E-02  0.9238E-02  0.9238E-02
  0.2752E+00  0.9162E-02  0.7657E-02  0.9222E-02  0.9222E-02
  0.2758E+00  0.1539E-01  0.7304E-02  0.9206E-02  0.9206E-02
  0.2764E+00  0.2107E-01  0.6770E-02  0.9189E-02  0.9189E-02
  0.2770E+00  0.2533E-01  0.6759E-02  0.9172E-02  0.9172E-02
  0.2782E+00  0.1078E-01  0.6933E-02  0.9138E-02  0.9138E-02
  0.2788E+00  0.5411E-02  0.8962E-02  0.9120E-02  0.9120E-02
  0.2794E+00  0.3427E-02  0.6680E-02  0.9102E-02  0.9102E-02
  0.2806E+00  0.1530E-01  0.7112E-02  0.9066E-02  0.9066E-02
  0.2812E+00  0.8474E-02  0.7058E-02  0.9047E-02  0.9047E-02
  0.2818E+00  0.6461E-02  0.7030E-02  0.9028E-02  0.9028E-02
  0.2825E+00  0.9564E-02  0.7054E-02  0.9009E-02  0.9009E-02
  0.2831E+00  0.6480E-02  0.6953E-02  0.8989E-02  0.8989E-02
  0.2843E+00  0.1670E-01  0.7032E-02  0.8950E-02  0.8950E-02
  0.2849E+00  0.9860E-03  0.7534E-02  0.8930E-02  0.8930E-02
  0.2873E+00  0.6621E-02  0.6979E-02  0.8848E-02  0.8848E-02
  0.2879E+00  0.1246E-01  0.6612E-02  0.8827E-02  0.8827E-02
  0.2885E+00  0.2089E-01  0.6693E-02  0.8806E-02  0.8806E-02
  0.2897E+00  0.2253E-02  0.6573E-02  0.8764E-02  0.8764E-02
  0.2904E+00  0.1189E-01  0.6569E-02  0.8743E-02  0.8743E-02
  0.2910E+00  0.9998E-02  0.7114E-02  0.8722E-02  0.8722E-02
  0.2916E+00  0.1009E-01  0.6855E-02  0.8701E-02  0.8701E-02
  0.2922E+00  0.2691E-02  0.6475E-02  0.8680E-02  0.8680E-02
  0.2934E+00  0.1082E-01  0.6436E-02  0.8638E-02  0.8638E-02
  0.2940E+00  0.5556E-02  0.6995E-02  0.8617E-02  0.8617E-02
  0.2946E+00  0.1062E-01  0.6426E-02  0.8596E-02  0.8596E-02
  0.2952E+00  0.1050E-01  0.7009E-02  0.8574E-02  0.8574E-02
  0.2958E+00  0.1690E-02  0.6682E-02  0.8553E-02  0.8553E-02
  0.2964E+00  0.1334E-01  0.6612E-02  0.8532E-02  0.8532E-02
  0.2970E+00  0.1717E-01  0.6343E-02  0.8511E-02  0.8511E-02
  0.2976E+00  0.9572E-02  0.6256E-02  0.8490E-02  0.8490E-02
  0.2983E+00  0.8606E-02  0.6633E-02  0.8469E-02  0.8469E-02
  0.2989E+00  0.5638E-02  0.6210E-02  0.8449E-02  0.8449E-02
  0.2995E+00  0.4890E-03  0.6623E-02  0.8428E-02  0.8428E-02
  0.3001E+00  0.6573E-02  0.6259E-02  0.8406E-02  0.8406E-02
  0.3007E+00  0.6574E-02  0.7433E-02  0.8386E-02  0.8386E-02
  0.3013E+00  0.1086E-01  0.8715E-02  0.8365E-02  0.8365E-02
  0.3019E+00  0.6834E-02  0.6869E-02  0.8345E-02  0.8345E-02
  0.3031E+00  0.6900E-02  0.6608E-02  0.8303E-02  0.8303E-02
  0.3049E+00  0.1870E-02  0.6418E+00  0.8241E-02  0.8241E-02
  0.3056E+00  0.1800E-02  0.6225E+00  0.8220E-02  0.8220E-02
  0.3062E+00  0.9957E-02  0.8858E+00  0.8199E-02  0.8199E-02
  0.3068E+00  0.5045E-02  0.6242E+00  0.8178E-02  0.8178E-02
  0.3080E+00  0.8768E-02  0.6290E-02  0.8136E-02  0.8136E-02
  0.3086E+00  0.7992E-02  0.6640E-02  0.8115E-02  0.8115E-02
  0.3092E+00  0.1540E-01  0.6274E-02  0.8093E-02  0.8093E-02
  0.3098E+00  0.2432E-02  0.6504E-02  0.8072E-02  0.8072E-02
  0.3104E+00  0.1707E-01  0.6092E-02  0.8050E-02  0.8050E-02
  0.3110E+00  0.5795E-02  0.6317E-02  0.8028E-02  0.8028E-02
  0.3116E+00  0.2064E-02  0.6192E-02  0.8007E-02  0.8007E-02
  0.3122E+00  0.2026E-02  0.7552E-02  0.7985E-02  0.7985E-02
  0.3141E+00  0.8723E-02  0.7247E-02  0.7919E-02  0.7919E-02
  0.3147E+00  0.2107E-02  0.7615E-02  0.7896E-02  0.7896E-02
  0.3159E+00  0.1998E-01  0.7277E-02  0.7851E-02  0.7851E-02
  0.3171E+00  0.6886E-02  0.8400E-02  0.7805E-02  0.7805E-02
  0.3189E+00  0.1081E-01  0.9189E-02  0.7734E-02  0.7734E-02
  0.3195E+00  0.1206E-01  0.8223E-02  0.7711E-02  0.7711E-02
  0.3201E+00  0.7113E-02  0.8647E-02  0.7687E-02  0.7687E-02
  0.3208E+00  0.1231E-02  0.1008E-01  0.7663E-02  0.7663E-02
  0.3214E+00  0.5335E-02  0.1054E-01  0.7639E-02  0.7639E-02
  0.3226E+00  0.2342E-01  0.1080E-01  0.7590E-02  0.7590E-02
  0.3232E+00  0.1657E-02  0.1206E-01  0.7565E-02  0.7565E-02
  0.3244E+00  0.9348E-02  0.1536E-01  0.7517E-02  0.7517E-02
  0.3250E+00  0.1347E-01  0.3661E-01  0.7491E-02  0.7491E-02

           Distance distribution  function of particle  


       R          P(R)      ERROR

  0.0000E+00  0.0000E+00  0.0000E+00
  0.1350E+01  0.9424E-04  0.7638E-05
  0.2700E+01  0.2037E-03  0.1077E-04
  0.4050E+01  0.3293E-03  0.1025E-04
  0.5400E+01  0.4723E-03  0.7692E-05
  0.6750E+01  0.6344E-03  0.6341E-05
  0.8100E+01  0.8166E-03  0.9011E-05
  0.9450E+01  0.1020E-02  0.1287E-04
  0.1080E+02  0.1243E-02  0.1570E-04
  0.1215E+02  0.1486E-02  0.1679E-04
  0.1350E+02  0.1744E-02  0.1626E-04
  0.1485E+02  0.2016E-02  0.1487E-04
  0.1620E+02  0.2294E-02  0.1392E-04
  0.1755E+02  0.2575E-02  0.1449E-04
  0.1890E+02  0.2851E-02  0.1631E-04
  0.2025E+02  0.3116E-02  0.1830E-04
  0.2160E+02  0.3366E-02  0.1962E-04
  0.2295E+02  0.3595E-02  0.2008E-04
  0.2430E+02  0.3800E-02  0.2005E-04
  0.2565E+02  0.3978E-02  0.2024E-04
  0.2700E+02  0.4128E-02  0.2118E-04
  0.2835E+02  0.4250E-02  0.2282E-04
  0.2970E+02  0.4344E-02  0.2459E-04
  0.3105E+02  0.4414E-02  0.2594E-04
  0.3240E+02  0.4460E-02  0.2657E-04
  0.3375E+02  0.4485E-02  0.2659E-04
  0.3510E+02  0.4492E-02  0.2638E-04
  0.3645E+02  0.4483E-02  0.2635E-04
  0.3780E+02  0.4461E-02  0.2664E-04
  0.3915E+02  0.4427E-02  0.2705E-04
  0.4050E+02  0.4383E-02  0.2725E-04
  0.4185E+02  0.4331E-02  0.2702E-04
  0.4320E+02  0.4273E-02  0.2650E-04
  0.4455E+02  0.4209E-02  0.2611E-04
  0.4590E+02  0.4141E-02  0.2634E-04
  0.4725E+02  0.4070E-02  0.2730E-04
  0.4860E+02  0.3997E-02  0.2861E-04
  0.4995E+02  0.3923E-02  0.2965E-04
  0.5130E+02  0.3849E-02  0.2997E-04
  0.5265E+02  0.3775E-02  0.2953E-04
  0.5400E+02  0.3701E-02  0.2882E-04
  0.5535E+02  0.3628E-02  0.2869E-04
  0.5670E+02  0.3554E-02  0.2987E-04
  0.5805E+02  0.3480E-02  0.3236E-04
  0.5940E+02  0.3405E-02  0.3543E-04
  0.6075E+02  0.3329E-02  0.3813E-04
  0.6210E+02  0.3252E-02  0.3977E-04
  0.6345E+02  0.3173E-02  0.4009E-04
  0.6480E+02  0.3093E-02  0.3932E-04
  0.6615E+02  0.3013E-02  0.3811E-04
  0.6750E+02  0.2933E-02  0.3733E-04
  0.6885E+02  0.2853E-02  0.3771E-04
  0.7020E+02  0.2775E-02  0.3945E-04
  0.7155E+02  0.2699E-02  0.4214E-04
  0.7290E+02  0.2626E-02  0.4510E-04
  0.7425E+02  0.2555E-02  0.4774E-04
  0.7560E+02  0.2487E-02  0.4968E-04
  0.7695E+02  0.2421E-02  0.5072E-04
  0.7830E+02  0.2356E-02  0.5086E-04
  0.7965E+02  0.2291E-02  0.5020E-04
  0.8100E+02  0.2226E-02  0.4896E-04
  0.8235E+02  0.2160E-02  0.4745E-04
  0.8370E+02  0.2090E-02  0.4611E-04
  0.8505E+02  0.2018E-02  0.4534E-04
  0.8640E+02  0.1941E-02  0.4541E-04
  0.8775E+02  0.1861E-02  0.4624E-04
  0.8910E+02  0.1776E-02  0.4752E-04
  0.9045E+02  0.1688E-02  0.4879E-04
  0.9180E+02  0.1597E-02  0.4971E-04
  0.9315E+02  0.1504E-02  0.5017E-04
  0.9450E+02  0.1410E-02  0.5034E-04
  0.9585E+02  0.1316E-02  0.5052E-04
  0.9720E+02  0.1224E-02  0.5101E-04
  0.9855E+02  0.1133E-02  0.5195E-04
  0.9990E+02  0.1047E-02  0.5321E-04
  0.1012E+03  0.9644E-03  0.5451E-04
  0.1026E+03  0.8875E-03  0.5559E-04
  0.1040E+03  0.8166E-03  0.5629E-04
  0.1053E+03  0.7518E-03  0.5666E-04
  0.1067E+03  0.6931E-03  0.5683E-04
  0.1080E+03  0.6402E-03  0.5692E-04
  0.1094E+03  0.5926E-03  0.5696E-04
  0.1107E+03  0.5494E-03  0.5689E-04
  0.1121E+03  0.5096E-03  0.5660E-04
  0.1134E+03  0.4722E-03  0.5603E-04
  0.1148E+03  0.4362E-03  0.5531E-04
  0.1161E+03  0.4008E-03  0.5467E-04
  0.1175E+03  0.3654E-03  0.5436E-04
  0.1188E+03  0.3297E-03  0.5448E-04
  0.1202E+03  0.2937E-03  0.5490E-04
  0.1215E+03  0.2578E-03  0.5526E-04
  0.1229E+03  0.2226E-03  0.5513E-04
  0.1242E+03  0.1887E-03  0.5414E-04
  0.1256E+03  0.1569E-03  0.5211E-04
  0.1269E+03  0.1279E-03  0.4897E-04
  0.1282E+03  0.1019E-03  0.4474E-04
  0.1296E+03  0.7886E-04  0.3937E-04
  0.1310E+03  0.5833E-04  0.3266E-04
  0.1323E+03  0.3932E-04  0.2421E-04
  0.1337E+03  0.2045E-04  0.1350E-04
  0.1350E+03  0.0000E+00  0.0000E+00
          Reciprocal space: Rg =   41.19     , I(0) =   0.3649E+01
     Real space: Rg =   41.31 +- 0.273  I(0) =   0.3649E+01 +-  0.2261E-01
