
           ####    G N O M   ---   Version 4.5a revised 09/02/02     ####

                                                  Tue Nov  3 18:14:34 2009
           ===    Run No   1   ===
 Run title:  0.010642 135.354007 0.392448


  Number of points omitted at the beginning:           1

          To optimize the performance, some input data points 
           have been joined. New number of points equals to 258

   *******   Working Directory :
   *******    Input file(s) :
           Condition P(rmin) = 0 is used. 
           Condition P(rmax) = 0 is used. 

          Experimental conditions for the first run
          -----------------------------------------

          Highest ALPHA is found to be   0.1452E+06

  The measure of inconsistency AN1 equals to    0.1186E+01

          Warning: using the chosen range in the real space 
             it is not possible to fit the data set within the
             given error band. 
     Alpha    Discrp  Oscill  Stabil  Sysdev  Positv  Valcen    Total   
  0.1452E+09169.4315  2.4410  0.9862  0.0000  1.0000  0.6497  0.08108
  0.2904E+08167.5726  2.4337  0.9712  0.0000  1.0000  0.6498  0.08123
  0.5809E+07159.3882  2.3991  0.9057  0.0000  1.0000  0.6501  0.08206
  0.1162E+07134.7071  2.2664  0.7188  0.0000  1.0000  0.6513  0.08722
  0.2324E+06 98.5454  2.0240  0.5342  0.0311  1.0000  0.6559  0.11247
  0.4647E+05 58.6289  1.8744  0.4201  0.0156  1.0000  0.6769  0.13980
  0.9294E+04 25.2564  1.7010  0.2753  0.1401  1.0000  0.7270  0.20004
  0.1859E+04  8.1382  1.5580  0.1263  0.2646  1.0000  0.7740  0.34168
  0.3718E+03  2.6200  1.5063  0.0362  0.5447  1.0000  0.7943  0.60136
  0.7435E+02  1.7703  1.4965  0.0092  0.4825  1.0000  0.7996  0.58953
  0.1487E+02  1.6514  1.5070  0.0073  0.4669  1.0000  0.8009  0.57972
  0.2974E+01  1.5640  1.5812  0.0103  0.5292  1.0000  0.8013  0.58979
  0.5948E+00  1.4904  1.8755  0.0269  0.5759  1.0000  0.8018  0.52511
  0.1190E+00  1.4009  3.0253  0.0450  0.5759  0.9997  0.8011  0.44714
  0.2379E-01  1.3223  5.7110  0.1374  0.5914  0.9973  0.7908  0.32561
  0.4759E-02  1.2027 12.8303  0.2468  0.6070  0.9799  0.7425  0.27302
  0.9517E-03  1.1220 19.4201  0.2186  0.6304  0.9409  0.6348  0.00000

          ***  Golden section search to maximize estimate ***
     Alpha    Discrp  Oscill  Stabil  Sysdev  Positv  Valcen    Total   
  0.6875E+03  3.8277  1.5181  0.0609  0.4669  1.0000  0.7892  0.52523
  0.1838E+03  2.0144  1.4995  0.0193  0.5447  1.0000  0.7975  0.61735
  0.1189E+03  1.8572  1.4974  0.0132  0.5136  1.0000  0.7987  0.60395
  0.2405E+03  2.1782  1.5015  0.0246  0.5447  1.0000  0.7965  0.61318
  0.1556E+03  1.9418  1.4986  0.0167  0.5447  1.0000  0.7981  0.61916
  0.1404E+03  1.9053  1.4981  0.0153  0.5136  1.0000  0.7983  0.60280
  0.1658E+03  1.9674  1.4989  0.0176  0.5447  1.0000  0.7979  0.61852
  0.1496E+03  1.9272  1.4984  0.0161  0.5447  1.0000  0.7982  0.61951
  0.1461E+03  1.9186  1.4983  0.0158  0.5447  1.0000  0.7982  0.61972
  0.1439E+03  1.9134  1.4982  0.0156  0.5447  1.0000  0.7983  0.61985
  0.1426E+03  1.9103  1.4981  0.0155  0.5447  1.0000  0.7983  0.61993
  0.1417E+03  1.9084  1.4981  0.0154  0.5447  1.0000  0.7983  0.61997
  0.1412E+03  1.9072  1.4981  0.0153  0.5447  1.0000  0.7983  0.62000
  0.1412E+03  1.9072  1.4981  0.0153  0.5447  1.0000  0.7983  0.62000



             ####            Final results            ####

 Parameter    DISCRP    OSCILL    STABIL    SYSDEV    POSITV    VALCEN
 Weight        1.000     3.000     3.000     5.000     1.000     1.000
 Sigma         0.300     0.600     0.120     0.500     0.120     0.120
 Ideal         0.700     1.200     0.000     1.000     1.000     0.950
 Current       1.907     1.498     0.015     0.545     1.000     0.798
                - - - - - - - - - - - - - - - - - - - - - - - - - 
 Estimate      0.000     0.781     0.984     0.436     1.000     0.202

  Angular   range    :     from    0.0122   to    0.3247
  Real space range   :     from      0.00   to    191.60

  Highest ALPHA (theor) :   0.145E+09                 JOB = 0
  Current ALPHA         :   0.141E+03   Rg :  0.565E+02   I(0) :   0.134E+03

           Total  estimate : 0.620  which is  A REASONABLE  solution

      S          J EXP       ERROR       J REG       I REG

  0.0000E+00                                      0.1344E+03
  0.1216E-02                                      0.1342E+03
  0.2433E-02                                      0.1336E+03
  0.3649E-02                                      0.1325E+03
  0.4865E-02                                      0.1311E+03
  0.6081E-02                                      0.1292E+03
  0.7298E-02                                      0.1270E+03
  0.8514E-02                                      0.1244E+03
  0.9730E-02                                      0.1215E+03
  0.1095E-01                                      0.1184E+03
  0.1216E-01  0.1263E+03  0.6498E+00  0.1150E+03  0.1150E+03
  0.1338E-01  0.1210E+03  0.9256E+00  0.1114E+03  0.1114E+03
  0.1460E-01  0.1192E+03  0.1610E+01  0.1076E+03  0.1076E+03
  0.1581E-01  0.1123E+03  0.1295E+01  0.1036E+03  0.1036E+03
  0.1703E-01  0.1058E+03  0.1116E+01  0.9957E+02  0.9957E+02
  0.1824E-01  0.1006E+03  0.9791E+00  0.9546E+02  0.9546E+02
  0.1946E-01  0.9405E+02  0.8318E+00  0.9132E+02  0.9132E+02
  0.2068E-01  0.8830E+02  0.7009E+00  0.8717E+02  0.8717E+02
  0.2189E-01  0.8352E+02  0.6333E+00  0.8305E+02  0.8305E+02
  0.2311E-01  0.7846E+02  0.5359E+00  0.7899E+02  0.7899E+02
  0.2433E-01  0.7408E+02  0.4997E+00  0.7501E+02  0.7501E+02
  0.2554E-01  0.7040E+02  0.4278E+00  0.7114E+02  0.7114E+02
  0.2676E-01  0.6658E+02  0.3649E+00  0.6739E+02  0.6739E+02
  0.2797E-01  0.6253E+02  0.2943E+00  0.6378E+02  0.6378E+02
  0.2919E-01  0.5965E+02  0.2789E+00  0.6031E+02  0.6031E+02
  0.3041E-01  0.5644E+02  0.2623E+00  0.5701E+02  0.5701E+02
  0.3162E-01  0.5340E+02  0.2294E+00  0.5387E+02  0.5387E+02
  0.3284E-01  0.5098E+02  0.2149E+00  0.5090E+02  0.5090E+02
  0.3406E-01  0.4818E+02  0.2112E+00  0.4809E+02  0.4809E+02
  0.3527E-01  0.4565E+02  0.1891E+00  0.4545E+02  0.4545E+02
  0.3649E-01  0.4355E+02  0.1722E+00  0.4297E+02  0.4297E+02
  0.3770E-01  0.4135E+02  0.1646E+00  0.4065E+02  0.4065E+02
  0.3892E-01  0.3924E+02  0.1467E+00  0.3848E+02  0.3848E+02
  0.4014E-01  0.3733E+02  0.1469E+00  0.3644E+02  0.3644E+02
  0.4135E-01  0.3536E+02  0.1319E+00  0.3454E+02  0.3454E+02
  0.4257E-01  0.3343E+02  0.1227E+00  0.3276E+02  0.3276E+02
  0.4379E-01  0.3167E+02  0.1174E+00  0.3110E+02  0.3110E+02
  0.4500E-01  0.3016E+02  0.1083E+00  0.2954E+02  0.2954E+02
  0.4622E-01  0.2856E+02  0.1061E+00  0.2807E+02  0.2807E+02
  0.4743E-01  0.2703E+02  0.9647E-01  0.2669E+02  0.2669E+02
  0.4865E-01  0.2572E+02  0.9580E-01  0.2539E+02  0.2539E+02
  0.4987E-01  0.2437E+02  0.8990E-01  0.2416E+02  0.2416E+02
  0.5108E-01  0.2312E+02  0.7912E-01  0.2299E+02  0.2299E+02
  0.5230E-01  0.2203E+02  0.7290E-01  0.2189E+02  0.2189E+02
  0.5352E-01  0.2083E+02  0.7091E-01  0.2084E+02  0.2084E+02
  0.5473E-01  0.1979E+02  0.6547E-01  0.1984E+02  0.1984E+02
  0.5595E-01  0.1884E+02  0.6195E-01  0.1888E+02  0.1888E+02
  0.5716E-01  0.1783E+02  0.5854E-01  0.1797E+02  0.1797E+02
  0.5838E-01  0.1694E+02  0.5554E-01  0.1711E+02  0.1711E+02
  0.5960E-01  0.1617E+02  0.5065E-01  0.1628E+02  0.1628E+02
  0.6081E-01  0.1536E+02  0.4602E-01  0.1550E+02  0.1550E+02
  0.6203E-01  0.1463E+02  0.4310E-01  0.1475E+02  0.1475E+02
  0.6325E-01  0.1395E+02  0.4147E-01  0.1404E+02  0.1404E+02
  0.6446E-01  0.1334E+02  0.4036E-01  0.1337E+02  0.1337E+02
  0.6568E-01  0.1267E+02  0.3863E-01  0.1273E+02  0.1273E+02
  0.6689E-01  0.1215E+02  0.3529E-01  0.1212E+02  0.1212E+02
  0.6811E-01  0.1153E+02  0.3448E-01  0.1155E+02  0.1155E+02
  0.6933E-01  0.1100E+02  0.3112E-01  0.1102E+02  0.1102E+02
  0.7054E-01  0.1052E+02  0.2946E-01  0.1051E+02  0.1051E+02
  0.7176E-01  0.1009E+02  0.2805E-01  0.1003E+02  0.1003E+02
  0.7298E-01  0.9646E+01  0.2889E-01  0.9582E+01  0.9582E+01
  0.7419E-01  0.9228E+01  0.2789E-01  0.9159E+01  0.9159E+01
  0.7541E-01  0.8841E+01  0.2518E-01  0.8761E+01  0.8761E+01
  0.7662E-01  0.8460E+01  0.2398E-01  0.8386E+01  0.8386E+01
  0.7784E-01  0.8099E+01  0.2121E-01  0.8032E+01  0.8032E+01
  0.7906E-01  0.7725E+01  0.2028E-01  0.7698E+01  0.7698E+01
  0.8027E-01  0.7419E+01  0.2089E-01  0.7381E+01  0.7381E+01
  0.8149E-01  0.7096E+01  0.2020E-01  0.7080E+01  0.7080E+01
  0.8271E-01  0.6819E+01  0.1965E-01  0.6794E+01  0.6794E+01
  0.8392E-01  0.6510E+01  0.1847E-01  0.6521E+01  0.6521E+01
  0.8514E-01  0.6206E+01  0.1707E-01  0.6259E+01  0.6259E+01
  0.8635E-01  0.5972E+01  0.1832E-01  0.6008E+01  0.6008E+01
  0.8757E-01  0.5723E+01  0.1938E-01  0.5767E+01  0.5767E+01
  0.8879E-01  0.5492E+01  0.2726E-01  0.5535E+01  0.5535E+01
  0.9000E-01  0.5284E+01  0.1554E-01  0.5311E+01  0.5311E+01
  0.9122E-01  0.5071E+01  0.1544E-01  0.5095E+01  0.5095E+01
  0.9244E-01  0.4864E+01  0.1595E-01  0.4886E+01  0.4886E+01
  0.9365E-01  0.4665E+01  0.1501E-01  0.4684E+01  0.4684E+01
  0.9487E-01  0.4458E+01  0.1491E-01  0.4489E+01  0.4489E+01
  0.9608E-01  0.4288E+01  0.1512E-01  0.4301E+01  0.4301E+01
  0.9730E-01  0.4123E+01  0.1350E-01  0.4119E+01  0.4119E+01
  0.9852E-01  0.3942E+01  0.1288E-01  0.3944E+01  0.3944E+01
  0.9973E-01  0.3770E+01  0.1250E-01  0.3776E+01  0.3776E+01
  0.1009E+00  0.3622E+01  0.1308E-01  0.3613E+01  0.3613E+01
  0.1022E+00  0.3470E+01  0.1236E-01  0.3457E+01  0.3457E+01
  0.1034E+00  0.3323E+01  0.1113E-01  0.3307E+01  0.3307E+01
  0.1046E+00  0.3188E+01  0.1220E-01  0.3164E+01  0.3164E+01
  0.1058E+00  0.3054E+01  0.1103E-01  0.3026E+01  0.3026E+01
  0.1070E+00  0.2922E+01  0.1221E-01  0.2893E+01  0.2893E+01
  0.1082E+00  0.2786E+01  0.1164E-01  0.2766E+01  0.2766E+01
  0.1095E+00  0.2662E+01  0.1158E-01  0.2644E+01  0.2644E+01
  0.1107E+00  0.2546E+01  0.1095E-01  0.2526E+01  0.2526E+01
  0.1119E+00  0.2422E+01  0.1536E-01  0.2414E+01  0.2414E+01
  0.1131E+00  0.2320E+01  0.1090E-01  0.2305E+01  0.2305E+01
  0.1143E+00  0.2216E+01  0.1167E-01  0.2201E+01  0.2201E+01
  0.1155E+00  0.2094E+01  0.1050E-01  0.2101E+01  0.2101E+01
  0.1168E+00  0.1994E+01  0.9974E-02  0.2004E+01  0.2004E+01
  0.1180E+00  0.1881E+01  0.1009E-01  0.1911E+01  0.1911E+01
  0.1192E+00  0.1799E+01  0.9907E-02  0.1821E+01  0.1821E+01
  0.1204E+00  0.1718E+01  0.9766E-02  0.1735E+01  0.1735E+01
  0.1216E+00  0.1628E+01  0.9453E-02  0.1652E+01  0.1652E+01
  0.1228E+00  0.1537E+01  0.9609E-02  0.1573E+01  0.1573E+01
  0.1241E+00  0.1475E+01  0.9227E-02  0.1497E+01  0.1497E+01
  0.1253E+00  0.1416E+01  0.9803E-02  0.1425E+01  0.1425E+01
  0.1265E+00  0.1364E+01  0.9147E-02  0.1356E+01  0.1356E+01
  0.1277E+00  0.1292E+01  0.8770E-02  0.1291E+01  0.1291E+01
  0.1289E+00  0.1227E+01  0.8483E-02  0.1229E+01  0.1229E+01
  0.1301E+00  0.1152E+01  0.8840E-02  0.1171E+01  0.1171E+01
  0.1314E+00  0.1111E+01  0.8919E-02  0.1117E+01  0.1117E+01
  0.1326E+00  0.1081E+01  0.8778E-02  0.1067E+01  0.1067E+01
  0.1338E+00  0.1018E+01  0.8401E-02  0.1020E+01  0.1020E+01
  0.1350E+00  0.9942E+00  0.7961E-02  0.9760E+00  0.9760E+00
  0.1362E+00  0.9526E+00  0.7849E-02  0.9358E+00  0.9358E+00
  0.1374E+00  0.8992E+00  0.8668E-02  0.8987E+00  0.8987E+00
  0.1387E+00  0.8922E+00  0.8725E-02  0.8646E+00  0.8646E+00
  0.1399E+00  0.8433E+00  0.8298E-02  0.8332E+00  0.8332E+00
  0.1411E+00  0.8125E+00  0.8092E-02  0.8043E+00  0.8043E+00
  0.1423E+00  0.7876E+00  0.8392E-02  0.7777E+00  0.7777E+00
  0.1435E+00  0.7642E+00  0.7918E-02  0.7531E+00  0.7531E+00
  0.1447E+00  0.7126E+00  0.8375E-02  0.7301E+00  0.7301E+00
  0.1459E+00  0.6854E+00  0.7536E-02  0.7087E+00  0.7087E+00
  0.1472E+00  0.6805E+00  0.7365E-02  0.6884E+00  0.6884E+00
  0.1484E+00  0.6474E+00  0.7960E-02  0.6692E+00  0.6692E+00
  0.1496E+00  0.6550E+00  0.7922E-02  0.6508E+00  0.6508E+00
  0.1508E+00  0.6243E+00  0.7824E-02  0.6331E+00  0.6331E+00
  0.1520E+00  0.6023E+00  0.8068E-02  0.6160E+00  0.6160E+00
  0.1532E+00  0.5783E+00  0.7427E-02  0.5993E+00  0.5993E+00
  0.1545E+00  0.5655E+00  0.7733E-02  0.5830E+00  0.5830E+00
  0.1557E+00  0.5646E+00  0.7397E-02  0.5671E+00  0.5671E+00
  0.1569E+00  0.5614E+00  0.7477E-02  0.5516E+00  0.5516E+00
  0.1581E+00  0.5351E+00  0.7195E-02  0.5365E+00  0.5365E+00
  0.1593E+00  0.5159E+00  0.7398E-02  0.5218E+00  0.5218E+00
  0.1605E+00  0.4883E+00  0.7710E-02  0.5076E+00  0.5076E+00
  0.1618E+00  0.4930E+00  0.7002E-02  0.4940E+00  0.4940E+00
  0.1630E+00  0.4954E+00  0.7096E-02  0.4810E+00  0.4810E+00
  0.1642E+00  0.4818E+00  0.6994E-02  0.4686E+00  0.4686E+00
  0.1654E+00  0.4683E+00  0.6603E-02  0.4569E+00  0.4569E+00
  0.1666E+00  0.4510E+00  0.6428E-02  0.4460E+00  0.4460E+00
  0.1678E+00  0.4407E+00  0.6374E-02  0.4359E+00  0.4359E+00
  0.1691E+00  0.4365E+00  0.6890E-02  0.4265E+00  0.4265E+00
  0.1703E+00  0.4201E+00  0.7015E-02  0.4180E+00  0.4180E+00
  0.1715E+00  0.4093E+00  0.6761E-02  0.4101E+00  0.4101E+00
  0.1727E+00  0.4056E+00  0.6786E-02  0.4030E+00  0.4030E+00
  0.1739E+00  0.4027E+00  0.7080E-02  0.3965E+00  0.3965E+00
  0.1751E+00  0.3813E+00  0.6890E-02  0.3906E+00  0.3906E+00
  0.1764E+00  0.3721E+00  0.6958E-02  0.3852E+00  0.3852E+00
  0.1776E+00  0.3748E+00  0.8381E-02  0.3802E+00  0.3802E+00
  0.1788E+00  0.3658E+00  0.1280E-01  0.3757E+00  0.3757E+00
  0.1800E+00  0.3742E+00  0.6788E-02  0.3714E+00  0.3714E+00
  0.1812E+00  0.3655E+00  0.6616E-02  0.3675E+00  0.3675E+00
  0.1824E+00  0.3668E+00  0.6763E-02  0.3636E+00  0.3636E+00
  0.1836E+00  0.3467E+00  0.6472E-02  0.3599E+00  0.3599E+00
  0.1849E+00  0.3598E+00  0.6315E-02  0.3563E+00  0.3563E+00
  0.1861E+00  0.3630E+00  0.6646E-02  0.3528E+00  0.3528E+00
  0.1873E+00  0.3386E+00  0.6577E-02  0.3495E+00  0.3495E+00
  0.1885E+00  0.3244E+00  0.6603E-02  0.3462E+00  0.3462E+00
  0.1897E+00  0.3306E+00  0.6284E-02  0.3430E+00  0.3430E+00
  0.1909E+00  0.3233E+00  0.6484E-02  0.3399E+00  0.3399E+00
  0.1922E+00  0.3301E+00  0.9081E-02  0.3370E+00  0.3370E+00
  0.1934E+00  0.3356E+00  0.7439E-02  0.3342E+00  0.3342E+00
  0.1946E+00  0.3355E+00  0.6520E-02  0.3316E+00  0.3316E+00
  0.1958E+00  0.3308E+00  0.6209E-02  0.3292E+00  0.3292E+00
  0.1970E+00  0.3336E+00  0.6461E-02  0.3271E+00  0.3271E+00
  0.1982E+00  0.3378E+00  0.6346E-02  0.3252E+00  0.3252E+00
  0.1995E+00  0.3239E+00  0.6635E-02  0.3236E+00  0.3236E+00
  0.2007E+00  0.3265E+00  0.6333E-02  0.3221E+00  0.3221E+00
  0.2019E+00  0.3292E+00  0.6352E-02  0.3209E+00  0.3209E+00
  0.2031E+00  0.3165E+00  0.6415E-02  0.3198E+00  0.3198E+00
  0.2043E+00  0.3297E+00  0.5998E-02  0.3189E+00  0.3189E+00
  0.2055E+00  0.3273E+00  0.6225E-02  0.3182E+00  0.3182E+00
  0.2068E+00  0.3273E+00  0.6182E-02  0.3175E+00  0.3175E+00
  0.2080E+00  0.3205E+00  0.6289E-02  0.3168E+00  0.3168E+00
  0.2092E+00  0.3158E+00  0.6006E-02  0.3161E+00  0.3161E+00
  0.2104E+00  0.3305E+00  0.6281E-02  0.3154E+00  0.3154E+00
  0.2116E+00  0.3142E+00  0.6128E-02  0.3146E+00  0.3146E+00
  0.2128E+00  0.2989E+00  0.6177E-02  0.3136E+00  0.3136E+00
  0.2141E+00  0.3045E+00  0.5946E-02  0.3125E+00  0.3125E+00
  0.2153E+00  0.3059E+00  0.6185E-02  0.3111E+00  0.3111E+00
  0.2165E+00  0.3096E+00  0.5950E-02  0.3096E+00  0.3096E+00
  0.2177E+00  0.3012E+00  0.6126E-02  0.3079E+00  0.3079E+00
  0.2189E+00  0.2982E+00  0.5799E-02  0.3060E+00  0.3060E+00
  0.2201E+00  0.2886E+00  0.6092E-02  0.3040E+00  0.3040E+00
  0.2213E+00  0.2873E+00  0.5948E-02  0.3016E+00  0.3016E+00
  0.2226E+00  0.2874E+00  0.5887E-02  0.2992E+00  0.2992E+00
  0.2238E+00  0.2838E+00  0.5798E-02  0.2968E+00  0.2968E+00
  0.2250E+00  0.2963E+00  0.5838E-02  0.2942E+00  0.2942E+00
  0.2262E+00  0.3034E+00  0.5919E-02  0.2916E+00  0.2916E+00
  0.2274E+00  0.3021E+00  0.5931E-02  0.2890E+00  0.2890E+00
  0.2286E+00  0.2978E+00  0.5863E-02  0.2865E+00  0.2865E+00
  0.2299E+00  0.2972E+00  0.5969E-02  0.2839E+00  0.2839E+00
  0.2311E+00  0.2984E+00  0.5724E-02  0.2814E+00  0.2814E+00
  0.2323E+00  0.2883E+00  0.5872E-02  0.2790E+00  0.2790E+00
  0.2335E+00  0.2867E+00  0.5537E-02  0.2767E+00  0.2767E+00
  0.2347E+00  0.2680E+00  0.5450E-02  0.2745E+00  0.2745E+00
  0.2359E+00  0.2726E+00  0.5583E-02  0.2721E+00  0.2721E+00
  0.2372E+00  0.2815E+00  0.5399E-02  0.2699E+00  0.2699E+00
  0.2384E+00  0.2704E+00  0.5681E-02  0.2677E+00  0.2677E+00
  0.2396E+00  0.2672E+00  0.5717E-02  0.2655E+00  0.2655E+00
  0.2408E+00  0.2614E+00  0.1406E-01  0.2633E+00  0.2633E+00
  0.2420E+00  0.2595E+00  0.6603E-02  0.2611E+00  0.2611E+00
  0.2432E+00  0.2497E+00  0.5557E-02  0.2588E+00  0.2588E+00
  0.2445E+00  0.2423E+00  0.6567E-02  0.2564E+00  0.2564E+00
  0.2457E+00  0.2415E+00  0.1073E-01  0.2539E+00  0.2539E+00
  0.2469E+00  0.2530E+00  0.6356E-02  0.2514E+00  0.2514E+00
  0.2481E+00  0.2478E+00  0.6653E-02  0.2488E+00  0.2488E+00
  0.2493E+00  0.2320E+00  0.5405E-02  0.2463E+00  0.2463E+00
  0.2505E+00  0.2392E+00  0.5390E-02  0.2437E+00  0.2437E+00
  0.2517E+00  0.2265E+00  0.5359E-02  0.2410E+00  0.2410E+00
  0.2530E+00  0.2385E+00  0.5282E-02  0.2385E+00  0.2385E+00
  0.2542E+00  0.2407E+00  0.5563E-02  0.2360E+00  0.2360E+00
  0.2554E+00  0.2296E+00  0.5452E-02  0.2336E+00  0.2336E+00
  0.2566E+00  0.2381E+00  0.5492E-02  0.2313E+00  0.2313E+00
  0.2578E+00  0.2302E+00  0.5210E-02  0.2293E+00  0.2293E+00
  0.2590E+00  0.2263E+00  0.5372E-02  0.2275E+00  0.2275E+00
  0.2603E+00  0.2313E+00  0.5275E-02  0.2258E+00  0.2258E+00
  0.2615E+00  0.2192E+00  0.6714E-02  0.2245E+00  0.2245E+00
  0.2627E+00  0.2183E+00  0.5276E-02  0.2234E+00  0.2234E+00
  0.2639E+00  0.2294E+00  0.6278E-02  0.2227E+00  0.2227E+00
  0.2651E+00  0.2326E+00  0.7042E-02  0.2221E+00  0.2221E+00
  0.2663E+00  0.2227E+00  0.6618E-02  0.2218E+00  0.2218E+00
  0.2676E+00  0.2156E+00  0.5151E-02  0.2218E+00  0.2218E+00
  0.2688E+00  0.2247E+00  0.6341E-02  0.2219E+00  0.2219E+00
  0.2700E+00  0.2238E+00  0.5355E-02  0.2222E+00  0.2222E+00
  0.2712E+00  0.2234E+00  0.5253E-02  0.2226E+00  0.2226E+00
  0.2724E+00  0.2228E+00  0.5415E-02  0.2230E+00  0.2230E+00
  0.2736E+00  0.2196E+00  0.5173E-02  0.2235E+00  0.2235E+00
  0.2749E+00  0.2195E+00  0.5176E-02  0.2240E+00  0.2240E+00
  0.2761E+00  0.2231E+00  0.5135E-02  0.2243E+00  0.2243E+00
  0.2773E+00  0.2322E+00  0.4980E-02  0.2246E+00  0.2246E+00
  0.2785E+00  0.2328E+00  0.4940E-02  0.2248E+00  0.2248E+00
  0.2797E+00  0.2302E+00  0.5133E-02  0.2248E+00  0.2248E+00
  0.2809E+00  0.2180E+00  0.5091E-02  0.2247E+00  0.2247E+00
  0.2821E+00  0.2229E+00  0.5208E-02  0.2244E+00  0.2244E+00
  0.2834E+00  0.2169E+00  0.5121E-02  0.2240E+00  0.2240E+00
  0.2846E+00  0.2089E+00  0.5028E-02  0.2233E+00  0.2233E+00
  0.2858E+00  0.2121E+00  0.5031E-02  0.2227E+00  0.2227E+00
  0.2870E+00  0.2253E+00  0.4998E-02  0.2219E+00  0.2219E+00
  0.2882E+00  0.2246E+00  0.4723E-02  0.2210E+00  0.2210E+00
  0.2894E+00  0.2197E+00  0.5145E-02  0.2201E+00  0.2201E+00
  0.2907E+00  0.2117E+00  0.4801E-02  0.2192E+00  0.2192E+00
  0.2919E+00  0.2261E+00  0.4647E-02  0.2183E+00  0.2183E+00
  0.2931E+00  0.2284E+00  0.5110E-02  0.2175E+00  0.2175E+00
  0.2943E+00  0.2214E+00  0.5586E-02  0.2167E+00  0.2167E+00
  0.2955E+00  0.2158E+00  0.4563E-02  0.2161E+00  0.2161E+00
  0.2967E+00  0.2241E+00  0.4624E-02  0.2156E+00  0.2156E+00
  0.2980E+00  0.2163E+00  0.4548E-02  0.2152E+00  0.2152E+00
  0.2992E+00  0.2155E+00  0.4822E-02  0.2149E+00  0.2149E+00
  0.3004E+00  0.2113E+00  0.6222E-02  0.2147E+00  0.2147E+00
  0.3016E+00  0.2130E+00  0.8991E-02  0.2146E+00  0.2146E+00
  0.3028E+00  0.2097E+00  0.4655E-02  0.2145E+00  0.2145E+00
  0.3040E+00  0.2050E+00  0.4720E-02  0.2145E+00  0.2145E+00
  0.3052E+00  0.2154E+00  0.4792E-02  0.2144E+00  0.2144E+00
  0.3065E+00  0.2181E+00  0.5037E-02  0.2144E+00  0.2144E+00
  0.3077E+00  0.2225E+00  0.5949E-02  0.2142E+00  0.2142E+00
  0.3089E+00  0.2239E+00  0.4621E-02  0.2139E+00  0.2139E+00
  0.3101E+00  0.2199E+00  0.4566E-02  0.2135E+00  0.2135E+00
  0.3113E+00  0.2185E+00  0.4578E-02  0.2129E+00  0.2129E+00
  0.3125E+00  0.2101E+00  0.5012E-02  0.2121E+00  0.2121E+00
  0.3138E+00  0.2052E+00  0.5186E-02  0.2112E+00  0.2112E+00
  0.3150E+00  0.2100E+00  0.5523E-02  0.2100E+00  0.2100E+00
  0.3162E+00  0.2074E+00  0.5574E-02  0.2087E+00  0.2087E+00
  0.3174E+00  0.2111E+00  0.5480E-02  0.2071E+00  0.2071E+00
  0.3186E+00  0.1917E+00  0.6404E-02  0.2054E+00  0.2054E+00
  0.3198E+00  0.1994E+00  0.6452E-02  0.2036E+00  0.2036E+00
  0.3211E+00  0.2104E+00  0.6947E-02  0.2016E+00  0.2016E+00
  0.3223E+00  0.2076E+00  0.7511E-02  0.1996E+00  0.1996E+00
  0.3235E+00  0.2123E+00  0.9155E-02  0.1975E+00  0.1975E+00
  0.3247E+00  0.2305E+00  0.1879E-01  0.1955E+00  0.1955E+00

           Distance distribution  function of particle  


       R          P(R)      ERROR

  0.0000E+00  0.0000E+00  0.0000E+00
  0.1916E+01  0.3527E-02  0.1747E-04
  0.3832E+01  0.7637E-02  0.1672E-04
  0.5748E+01  0.1245E-01  0.6197E-05
  0.7664E+01  0.1810E-01  0.1515E-04
  0.9580E+01  0.2472E-01  0.2756E-04
  0.1150E+02  0.3233E-01  0.3195E-04
  0.1341E+02  0.4084E-01  0.2871E-04
  0.1533E+02  0.5002E-01  0.2535E-04
  0.1724E+02  0.5952E-01  0.3050E-04
  0.1916E+02  0.6896E-01  0.3909E-04
  0.2108E+02  0.7793E-01  0.4424E-04
  0.2299E+02  0.8612E-01  0.4635E-04
  0.2491E+02  0.9331E-01  0.5102E-04
  0.2682E+02  0.9939E-01  0.6118E-04
  0.2874E+02  0.1044E+00  0.7287E-04
  0.3066E+02  0.1084E+00  0.8132E-04
  0.3257E+02  0.1115E+00  0.8561E-04
  0.3449E+02  0.1139E+00  0.8869E-04
  0.3640E+02  0.1156E+00  0.9412E-04
  0.3832E+02  0.1167E+00  0.1024E-03
  0.4024E+02  0.1171E+00  0.1112E-03
  0.4215E+02  0.1170E+00  0.1192E-03
  0.4407E+02  0.1164E+00  0.1273E-03
  0.4598E+02  0.1153E+00  0.1368E-03
  0.4790E+02  0.1140E+00  0.1471E-03
  0.4982E+02  0.1125E+00  0.1563E-03
  0.5173E+02  0.1110E+00  0.1635E-03
  0.5365E+02  0.1096E+00  0.1692E-03
  0.5556E+02  0.1085E+00  0.1749E-03
  0.5748E+02  0.1074E+00  0.1812E-03
  0.5940E+02  0.1065E+00  0.1875E-03
  0.6131E+02  0.1055E+00  0.1929E-03
  0.6323E+02  0.1044E+00  0.1980E-03
  0.6514E+02  0.1030E+00  0.2039E-03
  0.6706E+02  0.1014E+00  0.2109E-03
  0.6898E+02  0.9947E-01  0.2181E-03
  0.7089E+02  0.9735E-01  0.2247E-03
  0.7281E+02  0.9511E-01  0.2306E-03
  0.7472E+02  0.9285E-01  0.2370E-03
  0.7664E+02  0.9064E-01  0.2447E-03
  0.7856E+02  0.8850E-01  0.2531E-03
  0.8047E+02  0.8640E-01  0.2614E-03
  0.8239E+02  0.8431E-01  0.2690E-03
  0.8430E+02  0.8215E-01  0.2761E-03
  0.8622E+02  0.7987E-01  0.2827E-03
  0.8814E+02  0.7742E-01  0.2885E-03
  0.9005E+02  0.7480E-01  0.2935E-03
  0.9197E+02  0.7206E-01  0.2983E-03
  0.9388E+02  0.6924E-01  0.3046E-03
  0.9580E+02  0.6641E-01  0.3128E-03
  0.9772E+02  0.6366E-01  0.3223E-03
  0.9963E+02  0.6103E-01  0.3315E-03
  0.1015E+03  0.5855E-01  0.3394E-03
  0.1035E+03  0.5625E-01  0.3469E-03
  0.1054E+03  0.5410E-01  0.3547E-03
  0.1073E+03  0.5211E-01  0.3629E-03
  0.1092E+03  0.5026E-01  0.3699E-03
  0.1111E+03  0.4852E-01  0.3744E-03
  0.1130E+03  0.4688E-01  0.3764E-03
  0.1150E+03  0.4533E-01  0.3773E-03
  0.1169E+03  0.4386E-01  0.3788E-03
  0.1188E+03  0.4245E-01  0.3814E-03
  0.1207E+03  0.4109E-01  0.3843E-03
  0.1226E+03  0.3975E-01  0.3863E-03
  0.1245E+03  0.3841E-01  0.3867E-03
  0.1265E+03  0.3708E-01  0.3852E-03
  0.1284E+03  0.3574E-01  0.3816E-03
  0.1303E+03  0.3439E-01  0.3758E-03
  0.1322E+03  0.3305E-01  0.3683E-03
  0.1341E+03  0.3172E-01  0.3606E-03
  0.1360E+03  0.3039E-01  0.3550E-03
  0.1380E+03  0.2907E-01  0.3525E-03
  0.1399E+03  0.2774E-01  0.3524E-03
  0.1418E+03  0.2640E-01  0.3527E-03
  0.1437E+03  0.2504E-01  0.3517E-03
  0.1456E+03  0.2365E-01  0.3492E-03
  0.1475E+03  0.2225E-01  0.3458E-03
  0.1494E+03  0.2086E-01  0.3419E-03
  0.1514E+03  0.1953E-01  0.3376E-03
  0.1533E+03  0.1828E-01  0.3321E-03
  0.1552E+03  0.1713E-01  0.3248E-03
  0.1571E+03  0.1610E-01  0.3163E-03
  0.1590E+03  0.1517E-01  0.3077E-03
  0.1609E+03  0.1432E-01  0.3002E-03
  0.1629E+03  0.1349E-01  0.2941E-03
  0.1648E+03  0.1264E-01  0.2883E-03
  0.1667E+03  0.1173E-01  0.2812E-03
  0.1686E+03  0.1074E-01  0.2715E-03
  0.1705E+03  0.9691E-02  0.2592E-03
  0.1724E+03  0.8623E-02  0.2454E-03
  0.1744E+03  0.7601E-02  0.2324E-03
  0.1763E+03  0.6692E-02  0.2226E-03
  0.1782E+03  0.5951E-02  0.2169E-03
  0.1801E+03  0.5393E-02  0.2139E-03
  0.1820E+03  0.4978E-02  0.2095E-03
  0.1839E+03  0.4610E-02  0.1986E-03
  0.1859E+03  0.4130E-02  0.1764E-03
  0.1878E+03  0.3342E-02  0.1388E-03
  0.1897E+03  0.2032E-02  0.8150E-04
  0.1916E+03  0.0000E+00  0.0000E+00
          Reciprocal space: Rg =   56.53     , I(0) =   0.1344E+03
     Real space: Rg =   56.86 +- 0.136  I(0) =   0.1344E+03 +-  0.4411E+00
