
           ####    G N O M   ---   Version 4.5a revised 09/02/02     ####

                                                  Tue Nov  3 18:13:40 2009
           ===    Run No   1   ===
 Run title:  0.010642 8.870456 0.195630


  Number of points omitted at the beginning:           6
   *******   Working Directory :
   *******    Input file(s) :
           Condition P(rmin) = 0 is used. 
           Condition P(rmax) = 0 is used. 

          Experimental conditions for the first run
          -----------------------------------------

          Highest ALPHA is found to be   0.5650E+03

  The measure of inconsistency AN1 equals to    0.1021E+01

          Warning: using the chosen range in the real space 
             it is not possible to fit the data set within the
             given error band. 
     Alpha    Discrp  Oscill  Stabil  Sysdev  Positv  Valcen    Total   
  0.5650E+06 44.1209  1.3042  0.9784  0.0158  1.0000  0.8269  0.31171
  0.1130E+06 42.2315  1.2988  0.9349  0.0631  1.0000  0.8282  0.31613
  0.2260E+05 35.1242  1.2762  0.7729  0.4813  1.0000  0.8336  0.43188
  0.4520E+04 20.8466  1.2231  0.4593  0.0552  1.0000  0.8494  0.33080
  0.9040E+03  8.3669  1.2130  0.1830  0.1183  1.0000  0.8661  0.36632
  0.1808E+03  2.4867  1.2644  0.0466  0.4260  1.0000  0.8695  0.60872
  0.3616E+02  0.8653  1.3044  0.0136  0.7811  1.0000  0.8689  0.88364
  0.7232E+01  0.6036  1.3243  0.0066  0.8284  1.0000  0.8690  0.91752
  0.1446E+01  0.5648  1.3397  0.0050  0.8836  1.0000  0.8694  0.93041
  0.2893E+00  0.5501  1.3787  0.0144  0.9231  1.0000  0.8698  0.92889
  0.5786E-01  0.5278  1.6333  0.0262  0.9073  1.0000  0.8701  0.84532
  0.1157E-01  0.5103  2.3218  0.0546  0.9152  0.9997  0.8668  0.69124
  0.2314E-02  0.4922  4.3936  0.1104  0.9152  0.9969  0.8504  0.59032
  0.4629E-03  0.4798  7.4478  0.1455  0.8915  0.9870  0.8220  0.52520
  0.9257E-04  0.4713 12.6533  0.4107  0.9073  0.9572  0.7731  0.45604
  0.1851E-04  0.4621 17.3230  0.3150  0.9231  0.8973  0.3934  0.00000

          ***  Golden section search to maximize estimate ***
     Alpha    Discrp  Oscill  Stabil  Sysdev  Positv  Valcen    Total   
  0.5349E+00  0.5563  1.3546  0.0092  0.9152  1.0000  0.8696  0.93436
  0.9892E+00  0.5614  1.3439  0.0060  0.9152  1.0000  0.8694  0.93773
  0.6765E+00  0.5583  1.3496  0.0077  0.9231  1.0000  0.8695  0.93769
  0.8556E+00  0.5602  1.3458  0.0065  0.9231  1.0000  0.8695  0.93889
  0.9044E+00  0.5607  1.3450  0.0063  0.9231  1.0000  0.8695  0.93914
  0.9359E+00  0.5610  1.3446  0.0062  0.9231  1.0000  0.8695  0.93928
  0.9559E+00  0.5611  1.3443  0.0061  0.9152  1.0000  0.8694  0.93759
  0.9237E+00  0.5609  1.3448  0.0062  0.9231  1.0000  0.8695  0.93923
  0.9435E+00  0.5610  1.3445  0.0061  0.9231  1.0000  0.8695  0.93931
  0.9482E+00  0.5611  1.3444  0.0061  0.9152  1.0000  0.8695  0.93756
  0.9406E+00  0.5610  1.3445  0.0061  0.9231  1.0000  0.8695  0.93930
  0.9453E+00  0.5611  1.3444  0.0061  0.9231  1.0000  0.8695  0.93932
  0.9464E+00  0.5611  1.3444  0.0061  0.9152  1.0000  0.8695  0.93755
  0.9446E+00  0.5610  1.3445  0.0061  0.9231  1.0000  0.8695  0.93932
  0.9457E+00  0.5611  1.3444  0.0061  0.9152  1.0000  0.8695  0.93755
  0.9450E+00  0.5611  1.3445  0.0061  0.9231  1.0000  0.8695  0.93932
  0.9454E+00  0.5611  1.3444  0.0061  0.9231  1.0000  0.8695  0.93932
  0.9455E+00  0.5611  1.3444  0.0061  0.9231  1.0000  0.8695  0.93932
  0.9456E+00  0.5611  1.3444  0.0061  0.9152  1.0000  0.8695  0.93755
  0.9455E+00  0.5611  1.3444  0.0061  0.9231  1.0000  0.8695  0.93932
  0.9455E+00  0.5611  1.3444  0.0061  0.9231  1.0000  0.8695  0.93932



             ####            Final results            ####

 Parameter    DISCRP    OSCILL    STABIL    SYSDEV    POSITV    VALCEN
 Weight        1.000     3.000     3.000     5.000     1.000     1.000
 Sigma         0.300     0.600     0.120     0.500     0.120     0.120
 Ideal         0.700     1.200     0.000     1.000     1.000     0.950
 Current       0.561     1.344     0.006     0.923     1.000     0.869
                - - - - - - - - - - - - - - - - - - - - - - - - - 
 Estimate      0.807     0.944     0.997     0.977     1.000     0.637

  Angular   range    :     from    0.0149   to    0.3244
  Real space range   :     from      0.00   to    133.90

  Highest ALPHA (theor) :   0.565E+06                 JOB = 0
  Current ALPHA         :   0.946E+00   Rg :  0.423E+02   I(0) :   0.925E+01

           Total  estimate : 0.939  which is  AN EXCELLENT  solution

      S          J EXP       ERROR       J REG       I REG

  0.0000E+00                                      0.9247E+01
  0.6208E-03                                      0.9245E+01
  0.1242E-02                                      0.9238E+01
  0.1862E-02                                      0.9228E+01
  0.2483E-02                                      0.9213E+01
  0.3104E-02                                      0.9193E+01
  0.3725E-02                                      0.9170E+01
  0.4346E-02                                      0.9143E+01
  0.4966E-02                                      0.9111E+01
  0.5587E-02                                      0.9075E+01
  0.6208E-02                                      0.9036E+01
  0.6829E-02                                      0.8992E+01
  0.7450E-02                                      0.8944E+01
  0.8070E-02                                      0.8893E+01
  0.8691E-02                                      0.8838E+01
  0.9312E-02                                      0.8779E+01
  0.9933E-02                                      0.8717E+01
  0.1055E-01                                      0.8651E+01
  0.1117E-01                                      0.8582E+01
  0.1180E-01                                      0.8510E+01
  0.1242E-01                                      0.8434E+01
  0.1304E-01                                      0.8356E+01
  0.1366E-01                                      0.8274E+01
  0.1428E-01                                      0.8190E+01
  0.1490E-01  0.8242E+01  0.1208E+00  0.8102E+01  0.8102E+01
  0.1551E-01  0.8346E+01  0.1117E+00  0.8015E+01  0.8015E+01
  0.1612E-01  0.8108E+01  0.1060E+00  0.7925E+01  0.7925E+01
  0.1672E-01  0.8201E+01  0.1627E+00  0.7832E+01  0.7832E+01
  0.1733E-01  0.8063E+01  0.9598E-01  0.7737E+01  0.7737E+01
  0.1794E-01  0.7860E+01  0.1264E+00  0.7641E+01  0.7641E+01
  0.1855E-01  0.7584E+01  0.8553E-01  0.7543E+01  0.7543E+01
  0.1916E-01  0.7634E+01  0.7898E-01  0.7442E+01  0.7442E+01
  0.1976E-01  0.7429E+01  0.8591E-01  0.7341E+01  0.7341E+01
  0.2037E-01  0.7498E+01  0.8176E-01  0.7237E+01  0.7237E+01
  0.2098E-01  0.7267E+01  0.8983E-01  0.7133E+01  0.7133E+01
  0.2159E-01  0.7245E+01  0.7995E-01  0.7027E+01  0.7027E+01
  0.2220E-01  0.6983E+01  0.8879E-01  0.6920E+01  0.6920E+01
  0.2281E-01  0.6761E+01  0.7566E-01  0.6812E+01  0.6812E+01
  0.2341E-01  0.6768E+01  0.6876E-01  0.6703E+01  0.6703E+01
  0.2402E-01  0.6508E+01  0.5863E-01  0.6594E+01  0.6594E+01
  0.2463E-01  0.6452E+01  0.5594E-01  0.6484E+01  0.6484E+01
  0.2524E-01  0.6295E+01  0.6341E-01  0.6373E+01  0.6373E+01
  0.2585E-01  0.6304E+01  0.5196E-01  0.6262E+01  0.6262E+01
  0.2645E-01  0.6052E+01  0.5877E-01  0.6151E+01  0.6151E+01
  0.2706E-01  0.6010E+01  0.4687E-01  0.6039E+01  0.6039E+01
  0.2767E-01  0.5861E+01  0.4578E-01  0.5928E+01  0.5928E+01
  0.2828E-01  0.5662E+01  0.4994E-01  0.5817E+01  0.5817E+01
  0.2889E-01  0.5589E+01  0.4847E-01  0.5705E+01  0.5705E+01
  0.2949E-01  0.5503E+01  0.4086E-01  0.5595E+01  0.5595E+01
  0.3010E-01  0.5383E+01  0.4305E-01  0.5484E+01  0.5484E+01
  0.3071E-01  0.5346E+01  0.4155E-01  0.5374E+01  0.5374E+01
  0.3132E-01  0.5323E+01  0.4357E-01  0.5265E+01  0.5265E+01
  0.3193E-01  0.5153E+01  0.3765E-01  0.5156E+01  0.5156E+01
  0.3254E-01  0.5060E+01  0.3621E-01  0.5049E+01  0.5049E+01
  0.3314E-01  0.4873E+01  0.3773E-01  0.4942E+01  0.4942E+01
  0.3375E-01  0.4810E+01  0.3708E-01  0.4836E+01  0.4836E+01
  0.3436E-01  0.4647E+01  0.3725E-01  0.4731E+01  0.4731E+01
  0.3497E-01  0.4588E+01  0.4261E-01  0.4627E+01  0.4627E+01
  0.3558E-01  0.4427E+01  0.4244E-01  0.4524E+01  0.4524E+01
  0.3618E-01  0.4382E+01  0.3441E-01  0.4422E+01  0.4422E+01
  0.3679E-01  0.4296E+01  0.3681E-01  0.4322E+01  0.4322E+01
  0.3740E-01  0.4240E+01  0.3977E-01  0.4223E+01  0.4223E+01
  0.3801E-01  0.4143E+01  0.3580E-01  0.4126E+01  0.4126E+01
  0.3862E-01  0.3983E+01  0.3597E-01  0.4030E+01  0.4030E+01
  0.3922E-01  0.3971E+01  0.3992E-01  0.3936E+01  0.3936E+01
  0.3983E-01  0.3872E+01  0.3537E-01  0.3843E+01  0.3843E+01
  0.4044E-01  0.3742E+01  0.3417E-01  0.3751E+01  0.3751E+01
  0.4105E-01  0.3719E+01  0.2945E-01  0.3661E+01  0.3661E+01
  0.4166E-01  0.3572E+01  0.3277E-01  0.3573E+01  0.3573E+01
  0.4227E-01  0.3484E+01  0.2685E-01  0.3487E+01  0.3487E+01
  0.4287E-01  0.3437E+01  0.3172E-01  0.3402E+01  0.3402E+01
  0.4348E-01  0.3332E+01  0.2632E-01  0.3319E+01  0.3319E+01
  0.4409E-01  0.3250E+01  0.3019E-01  0.3238E+01  0.3238E+01
  0.4470E-01  0.3169E+01  0.2946E-01  0.3158E+01  0.3158E+01
  0.4531E-01  0.3114E+01  0.7314E-01  0.3080E+01  0.3080E+01
  0.4591E-01  0.2996E+01  0.3042E-01  0.3004E+01  0.3004E+01
  0.4652E-01  0.2973E+01  0.2950E-01  0.2930E+01  0.2930E+01
  0.4713E-01  0.2870E+01  0.6653E-01  0.2857E+01  0.2857E+01
  0.4774E-01  0.2803E+01  0.2486E-01  0.2786E+01  0.2786E+01
  0.4835E-01  0.2769E+01  0.2929E-01  0.2717E+01  0.2717E+01
  0.4895E-01  0.2696E+01  0.2499E-01  0.2650E+01  0.2650E+01
  0.4956E-01  0.2547E+01  0.2733E-01  0.2584E+01  0.2584E+01
  0.5017E-01  0.2541E+01  0.2292E-01  0.2520E+01  0.2520E+01
  0.5078E-01  0.2457E+01  0.2681E-01  0.2458E+01  0.2458E+01
  0.5139E-01  0.2406E+01  0.2125E-01  0.2397E+01  0.2397E+01
  0.5200E-01  0.2344E+01  0.2419E-01  0.2338E+01  0.2338E+01
  0.5260E-01  0.2313E+01  0.2244E-01  0.2281E+01  0.2281E+01
  0.5321E-01  0.2210E+01  0.2281E-01  0.2225E+01  0.2225E+01
  0.5382E-01  0.2189E+01  0.2231E-01  0.2170E+01  0.2170E+01
  0.5443E-01  0.2103E+01  0.2090E-01  0.2118E+01  0.2118E+01
  0.5504E-01  0.2051E+01  0.2066E-01  0.2066E+01  0.2066E+01
  0.5564E-01  0.2020E+01  0.2169E-01  0.2016E+01  0.2016E+01
  0.5625E-01  0.1970E+01  0.2186E-01  0.1968E+01  0.1968E+01
  0.5686E-01  0.1938E+01  0.2037E-01  0.1921E+01  0.1921E+01
  0.5747E-01  0.1859E+01  0.2385E-01  0.1875E+01  0.1875E+01
  0.5808E-01  0.1842E+01  0.1999E-01  0.1831E+01  0.1831E+01
  0.5868E-01  0.1795E+01  0.2202E-01  0.1788E+01  0.1788E+01
  0.5929E-01  0.1767E+01  0.2160E-01  0.1746E+01  0.1746E+01
  0.5990E-01  0.1741E+01  0.2098E-01  0.1706E+01  0.1706E+01
  0.6051E-01  0.1686E+01  0.2457E-01  0.1666E+01  0.1666E+01
  0.6112E-01  0.1671E+01  0.2003E-01  0.1628E+01  0.1628E+01
  0.6173E-01  0.1637E+01  0.2249E-01  0.1591E+01  0.1591E+01
  0.6233E-01  0.1543E+01  0.2189E-01  0.1555E+01  0.1555E+01
  0.6294E-01  0.1531E+01  0.2129E-01  0.1520E+01  0.1520E+01
  0.6355E-01  0.1458E+01  0.2200E-01  0.1486E+01  0.1486E+01
  0.6416E-01  0.1428E+01  0.2453E-01  0.1453E+01  0.1453E+01
  0.6477E-01  0.1479E+01  0.2049E-01  0.1421E+01  0.1421E+01
  0.6537E-01  0.1388E+01  0.1914E-01  0.1390E+01  0.1390E+01
  0.6598E-01  0.1364E+01  0.1996E-01  0.1360E+01  0.1360E+01
  0.6659E-01  0.1307E+01  0.2227E-01  0.1330E+01  0.1330E+01
  0.6720E-01  0.1308E+01  0.1748E-01  0.1302E+01  0.1302E+01
  0.6781E-01  0.1265E+01  0.2121E-01  0.1274E+01  0.1274E+01
  0.6841E-01  0.1211E+01  0.2015E-01  0.1246E+01  0.1246E+01
  0.6902E-01  0.1202E+01  0.1995E-01  0.1220E+01  0.1220E+01
  0.6963E-01  0.1141E+01  0.2001E-01  0.1194E+01  0.1194E+01
  0.7024E-01  0.1183E+01  0.1864E-01  0.1169E+01  0.1169E+01
  0.7085E-01  0.1106E+01  0.1920E-01  0.1145E+01  0.1145E+01
  0.7146E-01  0.1064E+01  0.1739E-01  0.1121E+01  0.1121E+01
  0.7206E-01  0.1060E+01  0.1818E-01  0.1098E+01  0.1098E+01
  0.7267E-01  0.1062E+01  0.1731E-01  0.1075E+01  0.1075E+01
  0.7328E-01  0.1026E+01  0.1784E-01  0.1053E+01  0.1053E+01
  0.7389E-01  0.1032E+01  0.1542E-01  0.1031E+01  0.1031E+01
  0.7450E-01  0.1001E+01  0.1885E-01  0.1010E+01  0.1010E+01
  0.7510E-01  0.9670E+00  0.1668E-01  0.9891E+00  0.9891E+00
  0.7571E-01  0.9595E+00  0.1723E-01  0.9689E+00  0.9689E+00
  0.7632E-01  0.9517E+00  0.1673E-01  0.9490E+00  0.9490E+00
  0.7693E-01  0.9248E+00  0.1718E-01  0.9296E+00  0.9296E+00
  0.7754E-01  0.9409E+00  0.1527E-01  0.9106E+00  0.9106E+00
  0.7814E-01  0.9101E+00  0.1767E-01  0.8920E+00  0.8920E+00
  0.7875E-01  0.8830E+00  0.1660E-01  0.8737E+00  0.8737E+00
  0.7936E-01  0.8650E+00  0.1590E-01  0.8558E+00  0.8558E+00
  0.7997E-01  0.8435E+00  0.1620E-01  0.8383E+00  0.8383E+00
  0.8058E-01  0.8040E+00  0.1666E-01  0.8211E+00  0.8211E+00
  0.8118E-01  0.8280E+00  0.1589E-01  0.8042E+00  0.8042E+00
  0.8179E-01  0.7996E+00  0.1674E-01  0.7876E+00  0.7876E+00
  0.8240E-01  0.7828E+00  0.1635E-01  0.7713E+00  0.7713E+00
  0.8301E-01  0.7465E+00  0.1579E-01  0.7554E+00  0.7554E+00
  0.8362E-01  0.7321E+00  0.1568E-01  0.7397E+00  0.7397E+00
  0.8423E-01  0.7381E+00  0.1455E-01  0.7243E+00  0.7243E+00
  0.8483E-01  0.7134E+00  0.1609E-01  0.7092E+00  0.7092E+00
  0.8544E-01  0.7045E+00  0.1459E-01  0.6943E+00  0.6943E+00
  0.8605E-01  0.6689E+00  0.1474E-01  0.6797E+00  0.6797E+00
  0.8666E-01  0.6489E+00  0.2059E-01  0.6654E+00  0.6654E+00
  0.8727E-01  0.6700E+00  0.1512E-01  0.6513E+00  0.6513E+00
  0.8787E-01  0.6074E+00  0.1524E-01  0.6375E+00  0.6375E+00
  0.8848E-01  0.6019E+00  0.1567E-01  0.6239E+00  0.6239E+00
  0.8909E-01  0.6100E+00  0.1476E-01  0.6105E+00  0.6105E+00
  0.8970E-01  0.6151E+00  0.1544E-01  0.5974E+00  0.5974E+00
  0.9031E-01  0.5713E+00  0.1592E-01  0.5845E+00  0.5845E+00
  0.9091E-01  0.5765E+00  0.1466E-01  0.5719E+00  0.5719E+00
  0.9152E-01  0.5584E+00  0.1353E-01  0.5595E+00  0.5595E+00
  0.9213E-01  0.5671E+00  0.1486E-01  0.5472E+00  0.5472E+00
  0.9274E-01  0.5443E+00  0.1761E-01  0.5353E+00  0.5353E+00
  0.9335E-01  0.5272E+00  0.1479E-01  0.5235E+00  0.5235E+00
  0.9396E-01  0.5129E+00  0.1378E-01  0.5120E+00  0.5120E+00
  0.9456E-01  0.4843E+00  0.1471E-01  0.5006E+00  0.5006E+00
  0.9517E-01  0.4678E+00  0.1424E-01  0.4895E+00  0.4895E+00
  0.9578E-01  0.4819E+00  0.1417E-01  0.4786E+00  0.4786E+00
  0.9639E-01  0.4748E+00  0.1412E-01  0.4679E+00  0.4679E+00
  0.9700E-01  0.4703E+00  0.1535E-01  0.4574E+00  0.4574E+00
  0.9760E-01  0.4631E+00  0.1390E-01  0.4470E+00  0.4470E+00
  0.9821E-01  0.4696E+00  0.1592E-01  0.4369E+00  0.4369E+00
  0.9882E-01  0.4266E+00  0.1324E-01  0.4270E+00  0.4270E+00
  0.9943E-01  0.4187E+00  0.1533E-01  0.4173E+00  0.4173E+00
  0.1000E+00  0.4011E+00  0.1423E-01  0.4078E+00  0.4078E+00
  0.1006E+00  0.4055E+00  0.1450E-01  0.3984E+00  0.3984E+00
  0.1013E+00  0.3986E+00  0.1514E-01  0.3893E+00  0.3893E+00
  0.1019E+00  0.3910E+00  0.1457E-01  0.3803E+00  0.3803E+00
  0.1025E+00  0.3791E+00  0.1249E-01  0.3715E+00  0.3715E+00
  0.1031E+00  0.3702E+00  0.1228E-01  0.3629E+00  0.3629E+00
  0.1037E+00  0.3511E+00  0.1164E-01  0.3545E+00  0.3545E+00
  0.1043E+00  0.3497E+00  0.1298E-01  0.3462E+00  0.3462E+00
  0.1049E+00  0.3358E+00  0.1325E-01  0.3381E+00  0.3381E+00
  0.1055E+00  0.3202E+00  0.1302E-01  0.3302E+00  0.3302E+00
  0.1061E+00  0.3291E+00  0.1345E-01  0.3224E+00  0.3224E+00
  0.1067E+00  0.3183E+00  0.1268E-01  0.3148E+00  0.3148E+00
  0.1073E+00  0.3072E+00  0.1321E-01  0.3074E+00  0.3074E+00
  0.1079E+00  0.3237E+00  0.1267E-01  0.3001E+00  0.3001E+00
  0.1085E+00  0.2912E+00  0.1337E-01  0.2930E+00  0.2930E+00
  0.1092E+00  0.2925E+00  0.1280E-01  0.2860E+00  0.2860E+00
  0.1098E+00  0.2777E+00  0.1380E-01  0.2791E+00  0.2791E+00
  0.1104E+00  0.2517E+00  0.1244E-01  0.2724E+00  0.2724E+00
  0.1110E+00  0.2657E+00  0.1310E-01  0.2659E+00  0.2659E+00
  0.1116E+00  0.2562E+00  0.1169E-01  0.2595E+00  0.2595E+00
  0.1122E+00  0.2533E+00  0.1280E-01  0.2532E+00  0.2532E+00
  0.1128E+00  0.2408E+00  0.1203E-01  0.2470E+00  0.2470E+00
  0.1134E+00  0.2379E+00  0.1215E-01  0.2410E+00  0.2410E+00
  0.1140E+00  0.2419E+00  0.1290E-01  0.2351E+00  0.2351E+00
  0.1146E+00  0.2257E+00  0.1368E-01  0.2294E+00  0.2294E+00
  0.1152E+00  0.2300E+00  0.1184E-01  0.2237E+00  0.2237E+00
  0.1158E+00  0.2057E+00  0.1285E-01  0.2182E+00  0.2182E+00
  0.1165E+00  0.2033E+00  0.1144E-01  0.2128E+00  0.2128E+00
  0.1171E+00  0.1916E+00  0.1281E-01  0.2075E+00  0.2075E+00
  0.1177E+00  0.2081E+00  0.1099E-01  0.2023E+00  0.2023E+00
  0.1183E+00  0.1970E+00  0.1264E-01  0.1973E+00  0.1973E+00
  0.1189E+00  0.1858E+00  0.1457E-01  0.1923E+00  0.1923E+00
  0.1195E+00  0.1983E+00  0.1268E-01  0.1875E+00  0.1875E+00
  0.1201E+00  0.1740E+00  0.1545E-01  0.1828E+00  0.1828E+00
  0.1207E+00  0.1890E+00  0.1142E-01  0.1781E+00  0.1781E+00
  0.1213E+00  0.1781E+00  0.1262E-01  0.1736E+00  0.1736E+00
  0.1219E+00  0.1649E+00  0.1095E-01  0.1692E+00  0.1692E+00
  0.1225E+00  0.1456E+00  0.1289E-01  0.1649E+00  0.1649E+00
  0.1231E+00  0.1570E+00  0.1192E-01  0.1606E+00  0.1606E+00
  0.1238E+00  0.1282E+00  0.1226E-01  0.1565E+00  0.1565E+00
  0.1244E+00  0.1477E+00  0.1099E-01  0.1525E+00  0.1525E+00
  0.1250E+00  0.1184E+00  0.1136E-01  0.1486E+00  0.1486E+00
  0.1256E+00  0.1326E+00  0.1105E-01  0.1447E+00  0.1447E+00
  0.1262E+00  0.1282E+00  0.1204E-01  0.1410E+00  0.1410E+00
  0.1268E+00  0.1394E+00  0.1094E-01  0.1373E+00  0.1373E+00
  0.1274E+00  0.1444E+00  0.1241E-01  0.1338E+00  0.1338E+00
  0.1280E+00  0.1421E+00  0.1104E-01  0.1303E+00  0.1303E+00
  0.1286E+00  0.1427E+00  0.1168E-01  0.1269E+00  0.1269E+00
  0.1292E+00  0.1408E+00  0.1177E-01  0.1236E+00  0.1236E+00
  0.1298E+00  0.1272E+00  0.1115E-01  0.1204E+00  0.1204E+00
  0.1304E+00  0.1351E+00  0.1165E-01  0.1173E+00  0.1173E+00
  0.1310E+00  0.1249E+00  0.1080E-01  0.1143E+00  0.1143E+00
  0.1317E+00  0.1075E+00  0.1187E-01  0.1114E+00  0.1114E+00
  0.1323E+00  0.1201E+00  0.1111E-01  0.1085E+00  0.1085E+00
  0.1329E+00  0.9521E-01  0.1119E-01  0.1058E+00  0.1058E+00
  0.1335E+00  0.9417E-01  0.1087E-01  0.1031E+00  0.1031E+00
  0.1341E+00  0.8768E-01  0.1168E-01  0.1005E+00  0.1005E+00
  0.1347E+00  0.1048E+00  0.1097E-01  0.9797E-01  0.9797E-01
  0.1353E+00  0.1051E+00  0.1129E-01  0.9554E-01  0.9554E-01
  0.1359E+00  0.1113E+00  0.1142E-01  0.9319E-01  0.9319E-01
  0.1365E+00  0.1024E+00  0.1110E-01  0.9092E-01  0.9092E-01
  0.1371E+00  0.7973E-01  0.1118E-01  0.8873E-01  0.8873E-01
  0.1377E+00  0.8265E-01  0.1090E-01  0.8661E-01  0.8661E-01
  0.1383E+00  0.8275E-01  0.1142E-01  0.8458E-01  0.8458E-01
  0.1390E+00  0.7885E-01  0.1273E-01  0.8261E-01  0.8261E-01
  0.1396E+00  0.5048E-01  0.1123E-01  0.8073E-01  0.8073E-01
  0.1402E+00  0.7344E-01  0.1096E-01  0.7891E-01  0.7891E-01
  0.1408E+00  0.6821E-01  0.1118E-01  0.7716E-01  0.7716E-01
  0.1414E+00  0.7018E-01  0.1169E-01  0.7549E-01  0.7549E-01
  0.1420E+00  0.5461E-01  0.1088E-01  0.7389E-01  0.7389E-01
  0.1426E+00  0.5919E-01  0.1123E-01  0.7235E-01  0.7235E-01
  0.1432E+00  0.3496E-01  0.1125E-01  0.7088E-01  0.7088E-01
  0.1438E+00  0.7197E-01  0.1148E-01  0.6947E-01  0.6947E-01
  0.1444E+00  0.6237E-01  0.1193E-01  0.6812E-01  0.6812E-01
  0.1450E+00  0.6781E-01  0.1169E-01  0.6683E-01  0.6683E-01
  0.1456E+00  0.8413E-01  0.1151E-01  0.6560E-01  0.6560E-01
  0.1463E+00  0.6835E-01  0.1087E-01  0.6443E-01  0.6443E-01
  0.1469E+00  0.8802E-01  0.1100E-01  0.6331E-01  0.6331E-01
  0.1475E+00  0.7160E-01  0.1143E-01  0.6224E-01  0.6224E-01
  0.1481E+00  0.6947E-01  0.1065E-01  0.6123E-01  0.6123E-01
  0.1487E+00  0.5073E-01  0.1174E-01  0.6026E-01  0.6026E-01
  0.1493E+00  0.6930E-01  0.1057E-01  0.5933E-01  0.5933E-01
  0.1499E+00  0.6670E-01  0.1124E-01  0.5846E-01  0.5846E-01
  0.1505E+00  0.6639E-01  0.1078E-01  0.5762E-01  0.5762E-01
  0.1511E+00  0.5553E-01  0.1024E-01  0.5682E-01  0.5682E-01
  0.1517E+00  0.6641E-01  0.1077E-01  0.5606E-01  0.5606E-01
  0.1523E+00  0.6347E-01  0.1105E-01  0.5534E-01  0.5534E-01
  0.1529E+00  0.7401E-01  0.1134E-01  0.5465E-01  0.5465E-01
  0.1535E+00  0.5671E-01  0.1044E-01  0.5398E-01  0.5398E-01
  0.1542E+00  0.7093E-01  0.1134E-01  0.5335E-01  0.5335E-01
  0.1548E+00  0.5023E-01  0.1068E-01  0.5274E-01  0.5274E-01
  0.1554E+00  0.6794E-01  0.1048E-01  0.5217E-01  0.5217E-01
  0.1560E+00  0.5672E-01  0.9554E-02  0.5160E-01  0.5160E-01
  0.1566E+00  0.6359E-01  0.1041E-01  0.5106E-01  0.5106E-01
  0.1572E+00  0.5761E-01  0.9230E-02  0.5054E-01  0.5054E-01
  0.1578E+00  0.7257E-01  0.1091E-01  0.5004E-01  0.5004E-01
  0.1584E+00  0.3704E-01  0.9274E-02  0.4955E-01  0.4955E-01
  0.1590E+00  0.5689E-01  0.1024E-01  0.4908E-01  0.4908E-01
  0.1596E+00  0.3352E-01  0.9521E-02  0.4861E-01  0.4861E-01
  0.1602E+00  0.3887E-01  0.9762E-02  0.4816E-01  0.4816E-01
  0.1608E+00  0.3980E-01  0.9978E-02  0.4771E-01  0.4771E-01
  0.1615E+00  0.3844E-01  0.1132E-01  0.4728E-01  0.4728E-01
  0.1621E+00  0.4871E-01  0.9984E-02  0.4685E-01  0.4685E-01
  0.1627E+00  0.4076E-01  0.1073E-01  0.4642E-01  0.4642E-01
  0.1633E+00  0.5732E-01  0.1017E-01  0.4599E-01  0.4599E-01
  0.1639E+00  0.3847E-01  0.1059E-01  0.4557E-01  0.4557E-01
  0.1645E+00  0.3260E-01  0.9590E-02  0.4515E-01  0.4515E-01
  0.1651E+00  0.3605E-01  0.1054E-01  0.4473E-01  0.4473E-01
  0.1657E+00  0.4258E-01  0.9676E-02  0.4431E-01  0.4431E-01
  0.1663E+00  0.4057E-01  0.9466E-02  0.4389E-01  0.4389E-01
  0.1669E+00  0.5282E-01  0.1013E-01  0.4347E-01  0.4347E-01
  0.1675E+00  0.3418E-01  0.9598E-02  0.4305E-01  0.4305E-01
  0.1681E+00  0.6136E-01  0.1021E-01  0.4263E-01  0.4263E-01
  0.1688E+00  0.2810E-01  0.9352E-02  0.4220E-01  0.4220E-01
  0.1694E+00  0.3564E-01  0.1015E-01  0.4177E-01  0.4177E-01
  0.1700E+00  0.1394E-01  0.9695E-02  0.4135E-01  0.4135E-01
  0.1706E+00  0.1584E-01  0.9906E-02  0.4092E-01  0.4092E-01
  0.1712E+00  0.1408E-01  0.9144E-02  0.4048E-01  0.4048E-01
  0.1718E+00  0.3179E-01  0.1074E-01  0.4005E-01  0.4005E-01
  0.1724E+00  0.3319E-01  0.9108E-02  0.3961E-01  0.3961E-01
  0.1730E+00  0.3866E-01  0.1005E-01  0.3917E-01  0.3917E-01
  0.1736E+00  0.3158E-01  0.9375E-02  0.3873E-01  0.3873E-01
  0.1742E+00  0.2959E-01  0.1003E-01  0.3829E-01  0.3829E-01
  0.1748E+00  0.2367E-01  0.1027E-01  0.3786E-01  0.3786E-01
  0.1754E+00  0.3469E-01  0.9321E-02  0.3742E-01  0.3742E-01
  0.1760E+00  0.4817E-01  0.1015E-01  0.3698E-01  0.3698E-01
  0.1767E+00  0.6232E-01  0.9677E-02  0.3655E-01  0.3655E-01
  0.1773E+00  0.3116E-01  0.9663E-02  0.3612E-01  0.3612E-01
  0.1779E+00  0.6514E-01  0.8883E-02  0.3569E-01  0.3569E-01
  0.1785E+00  0.4626E-01  0.9151E-02  0.3527E-01  0.3527E-01
  0.1791E+00  0.5142E-01  0.9400E-02  0.3485E-01  0.3485E-01
  0.1797E+00  0.4219E-01  0.9575E-02  0.3444E-01  0.3444E-01
  0.1803E+00  0.3328E-01  0.9309E-02  0.3404E-01  0.3404E-01
  0.1809E+00  0.4614E-01  0.1044E-01  0.3364E-01  0.3364E-01
  0.1815E+00  0.2413E-01  0.8837E-02  0.3326E-01  0.3326E-01
  0.1821E+00  0.3623E-01  0.9920E-02  0.3289E-01  0.3289E-01
  0.1827E+00  0.2109E-01  0.9762E-02  0.3251E-01  0.3251E-01
  0.1833E+00  0.3778E-01  0.9577E-02  0.3215E-01  0.3215E-01
  0.1840E+00  0.1963E-01  0.9341E-02  0.3181E-01  0.3181E-01
  0.1846E+00  0.2001E-01  0.9666E-02  0.3147E-01  0.3147E-01
  0.1852E+00  0.4039E-01  0.9364E-02  0.3115E-01  0.3115E-01
  0.1858E+00  0.2521E-01  0.9562E-02  0.3085E-01  0.3085E-01
  0.1864E+00  0.2512E-01  0.1015E-01  0.3055E-01  0.3055E-01
  0.1870E+00  0.1757E-01  0.8961E-02  0.3027E-01  0.3027E-01
  0.1876E+00  0.3332E-01  0.9656E-02  0.3001E-01  0.3001E-01
  0.1882E+00  0.4310E-01  0.9142E-02  0.2976E-01  0.2976E-01
  0.1888E+00  0.2126E-01  0.9805E-02  0.2952E-01  0.2952E-01
  0.1894E+00  0.3787E-01  0.9109E-02  0.2930E-01  0.2930E-01
  0.1900E+00  0.1939E-01  0.9294E-02  0.2910E-01  0.2910E-01
  0.1906E+00  0.4095E-01  0.9213E-02  0.2891E-01  0.2891E-01
  0.1912E+00  0.5064E-01  0.9389E-02  0.2874E-01  0.2874E-01
  0.1919E+00  0.4665E-01  0.9618E-02  0.2859E-01  0.2859E-01
  0.1925E+00  0.2714E-01  0.9871E-02  0.2845E-01  0.2845E-01
  0.1931E+00  0.2441E-01  0.9418E-02  0.2833E-01  0.2833E-01
  0.1937E+00  0.1498E-01  0.9078E-02  0.2822E-01  0.2822E-01
  0.1943E+00  0.3372E-01  0.8854E-02  0.2814E-01  0.2814E-01
  0.1949E+00  0.2783E-01  0.8372E-02  0.2805E-01  0.2805E-01
  0.1955E+00  0.3960E-01  0.9216E-02  0.2799E-01  0.2799E-01
  0.1961E+00  0.3703E-01  0.8733E-02  0.2795E-01  0.2795E-01
  0.1967E+00  0.3236E-01  0.9362E-02  0.2792E-01  0.2792E-01
  0.1973E+00  0.3813E-01  0.8678E-02  0.2790E-01  0.2790E-01
  0.1979E+00  0.2679E-01  0.9963E-02  0.2789E-01  0.2789E-01
  0.1985E+00  0.3594E-01  0.1477E-01  0.2790E-01  0.2790E-01
  0.1992E+00  0.1133E-01  0.8682E-02  0.2792E-01  0.2792E-01
  0.1998E+00  0.1700E-01  0.9226E-02  0.2794E-01  0.2794E-01
  0.2004E+00  0.8471E-02  0.9357E-02  0.2798E-01  0.2798E-01
  0.2010E+00  0.4364E-01  0.9267E-02  0.2803E-01  0.2803E-01
  0.2016E+00  0.1030E-01  0.8847E-02  0.2809E-01  0.2809E-01
  0.2022E+00  0.4375E-01  0.9345E-02  0.2816E-01  0.2816E-01
  0.2028E+00  0.2427E-01  0.8407E-02  0.2823E-01  0.2823E-01
  0.2034E+00  0.4092E-01  0.8710E-02  0.2831E-01  0.2831E-01
  0.2040E+00  0.2518E-01  0.8408E-02  0.2839E-01  0.2839E-01
  0.2046E+00  0.3868E-01  0.9026E-02  0.2848E-01  0.2848E-01
  0.2052E+00  0.1251E-01  0.9595E-02  0.2857E-01  0.2857E-01
  0.2058E+00  0.3219E-01  0.1374E-01  0.2867E-01  0.2867E-01
  0.2065E+00  0.3086E-01  0.8891E-02  0.2877E-01  0.2877E-01
  0.2071E+00  0.3349E-01  0.1077E-01  0.2886E-01  0.2886E-01
  0.2077E+00  0.3926E-01  0.9745E-02  0.2896E-01  0.2896E-01
  0.2083E+00  0.3086E-01  0.1064E-01  0.2906E-01  0.2906E-01
  0.2089E+00  0.4477E-01  0.8535E-02  0.2916E-01  0.2916E-01
  0.2095E+00  0.3195E-01  0.1308E-01  0.2925E-01  0.2925E-01
  0.2101E+00  0.1459E-01  0.8781E-02  0.2934E-01  0.2934E-01
  0.2107E+00  0.2487E-01  0.1049E-01  0.2943E-01  0.2943E-01
  0.2113E+00  0.3019E-01  0.8646E-02  0.2952E-01  0.2952E-01
  0.2119E+00  0.1978E-01  0.8088E-02  0.2959E-01  0.2959E-01
  0.2125E+00  0.2412E-01  0.8648E-02  0.2967E-01  0.2967E-01
  0.2131E+00  0.3060E-01  0.8667E-02  0.2973E-01  0.2973E-01
  0.2137E+00  0.3316E-01  0.8015E-02  0.2979E-01  0.2979E-01
  0.2144E+00  0.3234E-01  0.7737E-02  0.2985E-01  0.2985E-01
  0.2150E+00  0.2747E-01  0.8932E-02  0.2989E-01  0.2989E-01
  0.2156E+00  0.2874E-01  0.9048E-02  0.2993E-01  0.2993E-01
  0.2162E+00  0.1762E-01  0.8424E-02  0.2996E-01  0.2996E-01
  0.2168E+00  0.2835E-01  0.8791E-02  0.2998E-01  0.2998E-01
  0.2174E+00  0.2583E-01  0.8700E-02  0.2999E-01  0.2999E-01
  0.2180E+00  0.1392E-01  0.8348E-02  0.2999E-01  0.2999E-01
  0.2186E+00  0.3340E-01  0.8147E-02  0.2998E-01  0.2998E-01
  0.2192E+00  0.3332E-01  0.7869E-02  0.2996E-01  0.2996E-01
  0.2198E+00  0.3091E-01  0.8452E-02  0.2993E-01  0.2993E-01
  0.2204E+00  0.2664E-01  0.7917E-02  0.2989E-01  0.2989E-01
  0.2210E+00  0.2515E-01  0.8100E-02  0.2985E-01  0.2985E-01
  0.2217E+00  0.1205E-01  0.8730E-02  0.2979E-01  0.2979E-01
  0.2223E+00  0.2990E-01  0.8357E-02  0.2972E-01  0.2972E-01
  0.2229E+00  0.1076E-01  0.8985E-02  0.2964E-01  0.2964E-01
  0.2235E+00  0.2797E-01  0.8481E-02  0.2955E-01  0.2955E-01
  0.2241E+00  0.2503E-01  0.8489E-02  0.2946E-01  0.2946E-01
  0.2247E+00  0.2724E-01  0.7780E-02  0.2935E-01  0.2935E-01
  0.2253E+00  0.2656E-01  0.8358E-02  0.2923E-01  0.2923E-01
  0.2259E+00  0.2250E-01  0.8358E-02  0.2911E-01  0.2911E-01
  0.2265E+00  0.1938E-01  0.8374E-02  0.2898E-01  0.2898E-01
  0.2271E+00  0.3421E-01  0.8080E-02  0.2883E-01  0.2883E-01
  0.2277E+00  0.2861E-01  0.8043E-02  0.2868E-01  0.2868E-01
  0.2283E+00  0.3852E-01  0.9922E-02  0.2853E-01  0.2853E-01
  0.2289E+00  0.4707E-01  0.7965E-02  0.2836E-01  0.2836E-01
  0.2296E+00  0.2439E-01  0.7448E-02  0.2819E-01  0.2819E-01
  0.2302E+00  0.4396E-01  0.7990E-02  0.2801E-01  0.2801E-01
  0.2308E+00  0.2131E-01  0.8315E-02  0.2783E-01  0.2783E-01
  0.2314E+00  0.4309E-01  0.8281E-02  0.2764E-01  0.2764E-01
  0.2320E+00  0.2835E-01  0.7889E-02  0.2744E-01  0.2744E-01
  0.2326E+00  0.3605E-01  0.8182E-02  0.2724E-01  0.2724E-01
  0.2332E+00  0.2934E-01  0.8119E-02  0.2704E-01  0.2704E-01
  0.2338E+00  0.2739E-01  0.8073E-02  0.2682E-01  0.2682E-01
  0.2344E+00  0.2625E-01  0.8285E-02  0.2661E-01  0.2661E-01
  0.2350E+00  0.2356E-01  0.7657E-02  0.2639E-01  0.2639E-01
  0.2356E+00  0.3653E-01  0.8255E-02  0.2617E-01  0.2617E-01
  0.2362E+00  0.3970E-01  0.8306E-02  0.2595E-01  0.2595E-01
  0.2369E+00  0.3243E-01  0.7992E-02  0.2572E-01  0.2572E-01
  0.2375E+00  0.3347E-01  0.7783E-02  0.2550E-01  0.2550E-01
  0.2381E+00  0.2556E-01  0.7967E-02  0.2527E-01  0.2527E-01
  0.2387E+00  0.2863E-01  0.7841E-02  0.2504E-01  0.2504E-01
  0.2393E+00  0.2588E-01  0.7941E-02  0.2481E-01  0.2481E-01
  0.2399E+00  0.3558E-01  0.8712E-02  0.2458E-01  0.2458E-01
  0.2405E+00  0.1559E-01  0.8158E-02  0.2434E-01  0.2434E-01
  0.2411E+00  0.3883E-01  0.7850E-02  0.2411E-01  0.2411E-01
  0.2417E+00  0.3605E-01  0.7869E-02  0.2388E-01  0.2388E-01
  0.2423E+00  0.2607E-01  0.7919E-02  0.2365E-01  0.2365E-01
  0.2429E+00  0.2190E-01  0.7524E-02  0.2342E-01  0.2342E-01
  0.2435E+00  0.2540E-01  0.8131E-02  0.2319E-01  0.2319E-01
  0.2441E+00  0.1948E-01  0.7623E-02  0.2296E-01  0.2296E-01
  0.2448E+00  0.2526E-01  0.7916E-02  0.2274E-01  0.2274E-01
  0.2454E+00  0.2004E-01  0.7504E-02  0.2251E-01  0.2251E-01
  0.2460E+00  0.1892E-01  0.7715E-02  0.2229E-01  0.2229E-01
  0.2466E+00  0.2994E-01  0.7654E-02  0.2207E-01  0.2207E-01
  0.2472E+00  0.1245E-01  0.8119E-02  0.2186E-01  0.2186E-01
  0.2478E+00  0.2441E-01  0.7518E-02  0.2164E-01  0.2164E-01
  0.2484E+00  0.2551E-01  0.7919E-02  0.2142E-01  0.2142E-01
  0.2490E+00  0.1074E-01  0.7536E-02  0.2121E-01  0.2121E-01
  0.2496E+00  0.1279E-01  0.8001E-02  0.2101E-01  0.2101E-01
  0.2502E+00  0.1027E-01  0.7065E-02  0.2080E-01  0.2080E-01
  0.2508E+00  0.1448E-01  0.7561E-02  0.2060E-01  0.2060E-01
  0.2514E+00  0.3165E-01  0.7395E-02  0.2040E-01  0.2040E-01
  0.2521E+00  0.1552E-01  0.7321E-02  0.2021E-01  0.2021E-01
  0.2527E+00  0.3366E-01  0.7619E-02  0.2001E-01  0.2001E-01
  0.2533E+00  0.1381E-01  0.7614E-02  0.1983E-01  0.1983E-01
  0.2539E+00  0.2656E-01  0.9246E-02  0.1964E-01  0.1964E-01
  0.2545E+00  0.8431E-02  0.8265E-02  0.1946E-01  0.1946E-01
  0.2551E+00  0.2969E-01  0.7735E-02  0.1928E-01  0.1928E-01
  0.2557E+00  0.2428E-01  0.7667E-02  0.1911E-01  0.1911E-01
  0.2563E+00  0.2462E-01  0.8146E-02  0.1894E-01  0.1894E-01
  0.2569E+00  0.1220E-01  0.7817E-02  0.1878E-01  0.1878E-01
  0.2575E+00  0.5265E-02  0.7971E-02  0.1862E-01  0.1862E-01
  0.2581E+00  0.1245E-02  0.7991E-02  0.1846E-01  0.1846E-01
  0.2587E+00  0.1601E-01  0.7644E-02  0.1831E-01  0.1831E-01
  0.2593E+00  0.1819E-01  0.7686E-02  0.1816E-01  0.1816E-01
  0.2600E+00  0.1546E-02  0.7599E-02  0.1802E-01  0.1802E-01
  0.2606E+00  0.2111E-01  0.7884E-02  0.1788E-01  0.1788E-01
  0.2612E+00  0.1218E-02  0.7711E-02  0.1775E-01  0.1775E-01
  0.2618E+00  0.1214E-01  0.7749E-02  0.1763E-01  0.1763E-01
  0.2624E+00  0.1261E-01  0.7804E-02  0.1751E-01  0.1751E-01
  0.2630E+00  0.4891E-02  0.7512E-02  0.1739E-01  0.1739E-01
  0.2636E+00  0.6855E-02  0.7229E-02  0.1728E-01  0.1728E-01
  0.2642E+00  0.4416E-02  0.7642E-02  0.1717E-01  0.1717E-01
  0.2648E+00  0.2385E-01  0.7152E-02  0.1708E-01  0.1708E-01
  0.2654E+00  0.1909E-01  0.7100E-02  0.1698E-01  0.1698E-01
  0.2660E+00  0.1577E-01  0.7266E-02  0.1690E-01  0.1690E-01
  0.2666E+00  0.2220E-01  0.7280E-02  0.1682E-01  0.1682E-01
  0.2673E+00  0.2828E-01  0.7873E-02  0.1674E-01  0.1674E-01
  0.2679E+00  0.7001E-02  0.7622E-02  0.1668E-01  0.1668E-01
  0.2685E+00  0.7454E-02  0.7504E-02  0.1662E-01  0.1662E-01
  0.2691E+00  0.1657E-01  0.7211E-02  0.1656E-01  0.1656E-01
  0.2697E+00  0.1500E-01  0.7242E-02  0.1652E-01  0.1652E-01
  0.2703E+00  0.1061E-01  0.7320E-02  0.1648E-01  0.1648E-01
  0.2709E+00  0.2743E-01  0.7483E-02  0.1645E-01  0.1645E-01
  0.2715E+00  0.1701E-01  0.6874E-02  0.1642E-01  0.1642E-01
  0.2721E+00  0.1178E-01  0.7078E-02  0.1641E-01  0.1641E-01
  0.2727E+00  0.1670E-01  0.6998E-02  0.1639E-01  0.1639E-01
  0.2733E+00  0.2056E-01  0.7332E-02  0.1640E-01  0.1640E-01
  0.2739E+00  0.7225E-02  0.6774E-02  0.1640E-01  0.1640E-01
  0.2745E+00  0.3443E-01  0.7047E-02  0.1641E-01  0.1641E-01
  0.2752E+00  0.2972E-01  0.6892E-02  0.1643E-01  0.1643E-01
  0.2758E+00  0.4268E-01  0.7643E-02  0.1646E-01  0.1646E-01
  0.2764E+00  0.3268E-01  0.6804E-02  0.1649E-01  0.1649E-01
  0.2770E+00  0.3084E-01  0.7095E-02  0.1653E-01  0.1653E-01
  0.2776E+00  0.1005E-01  0.7132E-02  0.1658E-01  0.1658E-01
  0.2782E+00  0.2069E-01  0.7339E-02  0.1664E-01  0.1664E-01
  0.2788E+00  0.2506E-01  0.7239E-02  0.1670E-01  0.1670E-01
  0.2794E+00  0.4293E-02  0.8659E-02  0.1677E-01  0.1677E-01
  0.2800E+00  0.1143E-01  0.7667E-02  0.1685E-01  0.1685E-01
  0.2806E+00  0.2646E-01  0.7959E-02  0.1693E-01  0.1693E-01
  0.2812E+00  0.2079E-01  0.7813E-02  0.1702E-01  0.1702E-01
  0.2818E+00  0.1892E-01  0.8868E-02  0.1712E-01  0.1712E-01
  0.2825E+00  0.1847E-01  0.7187E-02  0.1722E-01  0.1722E-01
  0.2831E+00  0.2114E-01  0.7224E-02  0.1733E-01  0.1733E-01
  0.2837E+00  0.7201E-02  0.7040E-02  0.1744E-01  0.1744E-01
  0.2843E+00  0.1724E-01  0.6881E-02  0.1756E-01  0.1756E-01
  0.2849E+00  0.7550E-02  0.7206E-02  0.1769E-01  0.1769E-01
  0.2855E+00  0.1242E-01  0.6889E-02  0.1782E-01  0.1782E-01
  0.2867E+00  0.3430E-02  0.7058E-02  0.1809E-01  0.1809E-01
  0.2873E+00  0.1228E-01  0.7022E-02  0.1823E-01  0.1823E-01
  0.2879E+00  0.2603E-01  0.6864E-02  0.1837E-01  0.1837E-01
  0.2885E+00  0.2261E-01  0.7196E-02  0.1852E-01  0.1852E-01
  0.2891E+00  0.1114E-01  0.7238E-02  0.1867E-01  0.1867E-01
  0.2897E+00  0.8283E-02  0.6727E-02  0.1882E-01  0.1882E-01
  0.2904E+00  0.2794E-01  0.6983E-02  0.1898E-01  0.1898E-01
  0.2910E+00  0.1419E-01  0.7189E-02  0.1913E-01  0.1913E-01
  0.2916E+00  0.2004E-01  0.6795E-02  0.1929E-01  0.1929E-01
  0.2922E+00  0.1935E-01  0.6568E-02  0.1944E-01  0.1944E-01
  0.2928E+00  0.8602E-02  0.6877E-02  0.1960E-01  0.1960E-01
  0.2934E+00  0.2511E-01  0.6666E-02  0.1975E-01  0.1975E-01
  0.2940E+00  0.1421E-01  0.6234E-02  0.1991E-01  0.1991E-01
  0.2946E+00  0.3187E-01  0.6229E-02  0.2006E-01  0.2006E-01
  0.2952E+00  0.1624E-01  0.6826E-02  0.2022E-01  0.2022E-01
  0.2958E+00  0.2164E-01  0.6315E-02  0.2037E-01  0.2037E-01
  0.2964E+00  0.1896E-01  0.6781E-02  0.2052E-01  0.2052E-01
  0.2970E+00  0.3152E-01  0.6520E-02  0.2066E-01  0.2066E-01
  0.2976E+00  0.2046E-01  0.6497E-02  0.2080E-01  0.2080E-01
  0.2983E+00  0.2183E-01  0.6521E-02  0.2094E-01  0.2094E-01
  0.2989E+00  0.2097E-01  0.6497E-02  0.2108E-01  0.2108E-01
  0.2995E+00  0.2232E-01  0.6489E-02  0.2121E-01  0.2121E-01
  0.3001E+00  0.2435E-01  0.6399E-02  0.2134E-01  0.2134E-01
  0.3007E+00  0.2364E-01  0.7913E-02  0.2146E-01  0.2146E-01
  0.3013E+00  0.1893E-01  0.8404E-02  0.2158E-01  0.2158E-01
  0.3019E+00  0.3513E-01  0.7521E-02  0.2169E-01  0.2169E-01
  0.3025E+00  0.1814E-01  0.7326E-02  0.2180E-01  0.2180E-01
  0.3031E+00  0.1845E-01  0.6296E-02  0.2191E-01  0.2191E-01
  0.3043E+00  0.1489E-01  0.6659E-02  0.2210E-01  0.2210E-01
  0.3049E+00  0.1181E-01  0.6425E+00  0.2218E-01  0.2218E-01
  0.3056E+00  0.1214E-01  0.6226E+00  0.2226E-01  0.2226E-01
  0.3062E+00  0.2523E-01  0.8862E+00  0.2234E-01  0.2234E-01
  0.3068E+00  0.2426E-01  0.6245E+00  0.2240E-01  0.2240E-01
  0.3074E+00  0.1417E-01  0.6243E+00  0.2247E-01  0.2247E-01
  0.3080E+00  0.1892E-01  0.6238E-02  0.2252E-01  0.2252E-01
  0.3086E+00  0.1976E-01  0.6531E-02  0.2257E-01  0.2257E-01
  0.3092E+00  0.2403E-01  0.6264E-02  0.2262E-01  0.2262E-01
  0.3098E+00  0.1487E-01  0.6749E-02  0.2266E-01  0.2266E-01
  0.3104E+00  0.2198E-01  0.6393E-02  0.2269E-01  0.2269E-01
  0.3110E+00  0.1538E-01  0.6353E-02  0.2272E-01  0.2272E-01
  0.3116E+00  0.1976E-01  0.6563E-02  0.2274E-01  0.2274E-01
  0.3122E+00  0.2913E-01  0.7076E-02  0.2276E-01  0.2276E-01
  0.3128E+00  0.2637E-01  0.7473E-02  0.2277E-01  0.2277E-01
  0.3135E+00  0.2772E-01  0.7002E-02  0.2277E-01  0.2277E-01
  0.3141E+00  0.3306E-01  0.7706E-02  0.2277E-01  0.2277E-01
  0.3147E+00  0.1876E-01  0.7581E-02  0.2277E-01  0.2277E-01
  0.3153E+00  0.2661E-01  0.7739E-02  0.2276E-01  0.2276E-01
  0.3159E+00  0.2337E-01  0.7777E-02  0.2275E-01  0.2275E-01
  0.3165E+00  0.1844E-01  0.7976E-02  0.2274E-01  0.2274E-01
  0.3171E+00  0.3281E-01  0.7983E-02  0.2272E-01  0.2272E-01
  0.3177E+00  0.2123E-01  0.8558E-02  0.2269E-01  0.2269E-01
  0.3183E+00  0.3486E-01  0.8046E-02  0.2267E-01  0.2267E-01
  0.3189E+00  0.2639E-01  0.8993E-02  0.2264E-01  0.2264E-01
  0.3195E+00  0.2648E-01  0.8357E-02  0.2261E-01  0.2261E-01
  0.3201E+00  0.2865E-01  0.8541E-02  0.2257E-01  0.2257E-01
  0.3208E+00  0.1030E-01  0.9999E-02  0.2254E-01  0.2254E-01
  0.3214E+00  0.8467E-02  0.1065E-01  0.2250E-01  0.2250E-01
  0.3220E+00  0.2518E-01  0.1140E-01  0.2246E-01  0.2246E-01
  0.3226E+00  0.4290E-01  0.1008E-01  0.2242E-01  0.2242E-01
  0.3232E+00  0.3478E-01  0.1191E-01  0.2238E-01  0.2238E-01
  0.3238E+00  0.2068E-01  0.1367E-01  0.2233E-01  0.2233E-01
  0.3244E+00  0.4627E-01  0.1640E-01  0.2229E-01  0.2229E-01

           Distance distribution  function of particle  


       R          P(R)      ERROR

  0.0000E+00  0.0000E+00  0.0000E+00
  0.1339E+01  0.2679E-03  0.1071E-04
  0.2678E+01  0.5425E-03  0.1431E-04
  0.4017E+01  0.8316E-03  0.1221E-04
  0.5356E+01  0.1147E-02  0.7090E-05
  0.6695E+01  0.1502E-02  0.6824E-05
  0.8034E+01  0.1908E-02  0.1328E-04
  0.9373E+01  0.2377E-02  0.1887E-04
  0.1071E+02  0.2910E-02  0.2143E-04
  0.1205E+02  0.3508E-02  0.2047E-04
  0.1339E+02  0.4161E-02  0.1674E-04
  0.1473E+02  0.4855E-02  0.1285E-04
  0.1607E+02  0.5569E-02  0.1359E-04
  0.1741E+02  0.6284E-02  0.1892E-04
  0.1875E+02  0.6977E-02  0.2444E-04
  0.2009E+02  0.7628E-02  0.2776E-04
  0.2142E+02  0.8223E-02  0.2814E-04
  0.2276E+02  0.8753E-02  0.2606E-04
  0.2410E+02  0.9214E-02  0.2336E-04
  0.2544E+02  0.9607E-02  0.2283E-04
  0.2678E+02  0.9940E-02  0.2580E-04
  0.2812E+02  0.1022E-01  0.3047E-04
  0.2946E+02  0.1046E-01  0.3435E-04
  0.3080E+02  0.1066E-01  0.3602E-04
  0.3214E+02  0.1083E-01  0.3525E-04
  0.3348E+02  0.1097E-01  0.3295E-04
  0.3481E+02  0.1108E-01  0.3088E-04
  0.3615E+02  0.1116E-01  0.3083E-04
  0.3749E+02  0.1119E-01  0.3299E-04
  0.3883E+02  0.1118E-01  0.3580E-04
  0.4017E+02  0.1111E-01  0.3750E-04
  0.4151E+02  0.1099E-01  0.3715E-04
  0.4285E+02  0.1082E-01  0.3486E-04
  0.4419E+02  0.1061E-01  0.3175E-04
  0.4553E+02  0.1036E-01  0.2960E-04
  0.4687E+02  0.1010E-01  0.2982E-04
  0.4820E+02  0.9841E-02  0.3210E-04
  0.4954E+02  0.9591E-02  0.3484E-04
  0.5088E+02  0.9365E-02  0.3674E-04
  0.5222E+02  0.9171E-02  0.3734E-04
  0.5356E+02  0.9011E-02  0.3704E-04
  0.5490E+02  0.8883E-02  0.3668E-04
  0.5624E+02  0.8780E-02  0.3696E-04
  0.5758E+02  0.8691E-02  0.3792E-04
  0.5892E+02  0.8604E-02  0.3902E-04
  0.6025E+02  0.8507E-02  0.3977E-04
  0.6159E+02  0.8391E-02  0.4018E-04
  0.6293E+02  0.8249E-02  0.4087E-04
  0.6427E+02  0.8077E-02  0.4261E-04
  0.6561E+02  0.7879E-02  0.4561E-04
  0.6695E+02  0.7659E-02  0.4917E-04
  0.6829E+02  0.7425E-02  0.5217E-04
  0.6963E+02  0.7189E-02  0.5369E-04
  0.7097E+02  0.6959E-02  0.5351E-04
  0.7231E+02  0.6744E-02  0.5239E-04
  0.7364E+02  0.6550E-02  0.5199E-04
  0.7498E+02  0.6378E-02  0.5410E-04
  0.7632E+02  0.6227E-02  0.5932E-04
  0.7766E+02  0.6094E-02  0.6654E-04
  0.7900E+02  0.5972E-02  0.7386E-04
  0.8034E+02  0.5852E-02  0.7955E-04
  0.8168E+02  0.5726E-02  0.8252E-04
  0.8302E+02  0.5588E-02  0.8243E-04
  0.8436E+02  0.5431E-02  0.7959E-04
  0.8570E+02  0.5254E-02  0.7494E-04
  0.8703E+02  0.5055E-02  0.6977E-04
  0.8837E+02  0.4837E-02  0.6552E-04
  0.8971E+02  0.4602E-02  0.6323E-04
  0.9105E+02  0.4355E-02  0.6315E-04
  0.9239E+02  0.4102E-02  0.6471E-04
  0.9373E+02  0.3849E-02  0.6695E-04
  0.9507E+02  0.3599E-02  0.6906E-04
  0.9641E+02  0.3358E-02  0.7061E-04
  0.9775E+02  0.3129E-02  0.7157E-04
  0.9909E+02  0.2914E-02  0.7226E-04
  0.1004E+03  0.2716E-02  0.7319E-04
  0.1018E+03  0.2534E-02  0.7485E-04
  0.1031E+03  0.2370E-02  0.7743E-04
  0.1044E+03  0.2223E-02  0.8075E-04
  0.1058E+03  0.2093E-02  0.8433E-04
  0.1071E+03  0.1977E-02  0.8758E-04
  0.1085E+03  0.1872E-02  0.9004E-04
  0.1098E+03  0.1775E-02  0.9151E-04
  0.1111E+03  0.1682E-02  0.9206E-04
  0.1125E+03  0.1590E-02  0.9197E-04
  0.1138E+03  0.1494E-02  0.9154E-04
  0.1152E+03  0.1392E-02  0.9097E-04
  0.1165E+03  0.1284E-02  0.9026E-04
  0.1178E+03  0.1172E-02  0.8923E-04
  0.1192E+03  0.1059E-02  0.8768E-04
  0.1205E+03  0.9501E-03  0.8561E-04
  0.1218E+03  0.8517E-03  0.8347E-04
  0.1232E+03  0.7693E-03  0.8212E-04
  0.1245E+03  0.7062E-03  0.8257E-04
  0.1259E+03  0.6622E-03  0.8514E-04
  0.1272E+03  0.6314E-03  0.8873E-04
  0.1285E+03  0.6015E-03  0.9061E-04
  0.1299E+03  0.5530E-03  0.8700E-04
  0.1312E+03  0.4590E-03  0.7356E-04
  0.1326E+03  0.2870E-03  0.4593E-04
  0.1339E+03  0.0000E+00  0.0000E+00
          Reciprocal space: Rg =   42.27     , I(0) =   0.9246E+01
     Real space: Rg =   42.43 +- 0.135  I(0) =   0.9247E+01 +-  0.3037E-01
