
           ####    G N O M   ---   Version 4.5a revised 09/02/02     ####

                                                  Tue Nov  3 18:13:54 2009
           ===    Run No   1   ===
 Run title:  0.010642 18.484186 0.611513


  Number of points omitted at the beginning:           8
   *******   Working Directory :
   *******    Input file(s) :
           Condition P(rmin) = 0 is used. 
           Condition P(rmax) = 0 is used. 

          Experimental conditions for the first run
          -----------------------------------------

          Highest ALPHA is found to be   0.4182E+03

  The measure of inconsistency AN1 equals to    0.1032E+01

          Warning: using the chosen range in the real space 
             it is not possible to fit the data set within the
             given error band. 
     Alpha    Discrp  Oscill  Stabil  Sysdev  Positv  Valcen    Total   
  0.4182E+06 34.9710  1.4027  0.9816  0.0164  1.0000  0.8019  0.28563
  0.8364E+05 33.8698  1.3984  0.9494  0.1232  1.0000  0.8028  0.29587
  0.1673E+05 29.4330  1.3793  0.8204  0.5092  1.0000  0.8066  0.42082
  0.3346E+04 18.9857  1.3260  0.5255  0.0616  1.0000  0.8191  0.30873
  0.6691E+03  8.3333  1.3024  0.2284  0.0780  1.0000  0.8342  0.32536
  0.1338E+03  2.5973  1.3674  0.0606  0.4189  1.0000  0.8334  0.55605
  0.2676E+02  0.8793  1.4249  0.0179  0.7392  1.0000  0.8276  0.81450
  0.5353E+01  0.6032  1.4503  0.0089  0.7721  1.0000  0.8253  0.84334
  0.1071E+01  0.5600  1.4720  0.0095  0.7639  1.0000  0.8247  0.82606
  0.2141E+00  0.5370  1.5382  0.0126  0.8214  1.0000  0.8244  0.83072
  0.4282E-01  0.5228  1.7237  0.0191  0.8049  1.0000  0.8243  0.76133
  0.8565E-02  0.5142  2.1816  0.0340  0.8131  1.0000  0.8232  0.66659
  0.1713E-02  0.5063  3.6945  0.0815  0.8131  0.9995  0.8171  0.58513
  0.3426E-03  0.4982  7.2724  0.1877  0.8049  0.9941  0.7989  0.45659
  0.6852E-04  0.4867 15.4174  0.4803  0.8214  0.9505  0.6933  0.00000

          ***  Golden section search to maximize estimate ***
     Alpha    Discrp  Oscill  Stabil  Sysdev  Positv  Valcen    Total   
  0.9899E+01  0.6495  1.4429  0.0107  0.7556  1.0000  0.8258  0.84110
  0.3347E+01  0.5849  1.4554  0.0083  0.7721  1.0000  0.8250  0.83937
  0.6770E+01  0.6168  1.4476  0.0095  0.7556  1.0000  0.8254  0.83684
  0.4474E+01  0.5951  1.4523  0.0086  0.7721  1.0000  0.8252  0.84172
  0.5855E+01  0.6080  1.4493  0.0091  0.7556  1.0000  0.8253  0.83534
  0.4998E+01  0.5999  1.4510  0.0088  0.7803  1.0000  0.8252  0.84700
  0.4791E+01  0.5980  1.4515  0.0087  0.7803  1.0000  0.8252  0.84662
  0.5131E+01  0.6012  1.4508  0.0089  0.7721  1.0000  0.8252  0.84294
  0.4918E+01  0.5992  1.4512  0.0088  0.7803  1.0000  0.8252  0.84685
  0.5049E+01  0.6004  1.4509  0.0088  0.7803  1.0000  0.8252  0.84709
  0.5080E+01  0.6007  1.4509  0.0088  0.7721  1.0000  0.8252  0.84285
  0.5029E+01  0.6002  1.4510  0.0088  0.7803  1.0000  0.8252  0.84706
  0.5061E+01  0.6005  1.4509  0.0088  0.7721  1.0000  0.8252  0.84281
  0.5041E+01  0.6003  1.4510  0.0088  0.7803  1.0000  0.8252  0.84708
  0.5049E+01  0.6004  1.4509  0.0088  0.7803  1.0000  0.8252  0.84709



             ####            Final results            ####

 Parameter    DISCRP    OSCILL    STABIL    SYSDEV    POSITV    VALCEN
 Weight        1.000     3.000     3.000     5.000     1.000     1.000
 Sigma         0.300     0.600     0.120     0.500     0.120     0.120
 Ideal         0.700     1.200     0.000     1.000     1.000     0.950
 Current       0.600     1.451     0.009     0.780     1.000     0.825
                - - - - - - - - - - - - - - - - - - - - - - - - - 
 Estimate      0.896     0.840     0.995     0.824     1.000     0.339

  Angular   range    :     from    0.0161   to    0.3238
  Real space range   :     from      0.00   to    154.70

  Highest ALPHA (theor) :   0.418E+06                 JOB = 0
  Current ALPHA         :   0.505E+01   Rg :  0.467E+02   I(0) :   0.193E+02

           Total  estimate : 0.847  which is    A GOOD      solution

      S          J EXP       ERROR       J REG       I REG

  0.0000E+00                                      0.1928E+02
  0.6198E-03                                      0.1928E+02
  0.1240E-02                                      0.1926E+02
  0.1859E-02                                      0.1924E+02
  0.2479E-02                                      0.1920E+02
  0.3099E-02                                      0.1915E+02
  0.3719E-02                                      0.1909E+02
  0.4339E-02                                      0.1902E+02
  0.4958E-02                                      0.1894E+02
  0.5578E-02                                      0.1885E+02
  0.6198E-02                                      0.1875E+02
  0.6818E-02                                      0.1864E+02
  0.7438E-02                                      0.1852E+02
  0.8058E-02                                      0.1839E+02
  0.8677E-02                                      0.1825E+02
  0.9297E-02                                      0.1811E+02
  0.9917E-02                                      0.1795E+02
  0.1054E-01                                      0.1779E+02
  0.1116E-01                                      0.1762E+02
  0.1178E-01                                      0.1744E+02
  0.1240E-01                                      0.1725E+02
  0.1302E-01                                      0.1706E+02
  0.1364E-01                                      0.1686E+02
  0.1426E-01                                      0.1665E+02
  0.1488E-01                                      0.1644E+02
  0.1550E-01                                      0.1622E+02
  0.1612E-01  0.1625E+02  0.2910E+00  0.1600E+02  0.1600E+02
  0.1672E-01  0.1667E+02  0.3330E+00  0.1578E+02  0.1578E+02
  0.1733E-01  0.1620E+02  0.2370E+00  0.1555E+02  0.1555E+02
  0.1794E-01  0.1595E+02  0.2453E+00  0.1532E+02  0.1532E+02
  0.1855E-01  0.1560E+02  0.2453E+00  0.1509E+02  0.1509E+02
  0.1916E-01  0.1560E+02  0.1639E+00  0.1485E+02  0.1485E+02
  0.1976E-01  0.1528E+02  0.2683E+00  0.1461E+02  0.1461E+02
  0.2037E-01  0.1474E+02  0.2331E+00  0.1437E+02  0.1437E+02
  0.2098E-01  0.1428E+02  0.1858E+00  0.1413E+02  0.1413E+02
  0.2159E-01  0.1414E+02  0.1632E+00  0.1388E+02  0.1388E+02
  0.2220E-01  0.1348E+02  0.1858E+00  0.1363E+02  0.1363E+02
  0.2281E-01  0.1327E+02  0.1631E+00  0.1339E+02  0.1339E+02
  0.2341E-01  0.1303E+02  0.1556E+00  0.1314E+02  0.1314E+02
  0.2402E-01  0.1266E+02  0.1437E+00  0.1289E+02  0.1289E+02
  0.2463E-01  0.1243E+02  0.1148E+00  0.1264E+02  0.1264E+02
  0.2524E-01  0.1226E+02  0.1486E+00  0.1239E+02  0.1239E+02
  0.2585E-01  0.1218E+02  0.1180E+00  0.1215E+02  0.1215E+02
  0.2645E-01  0.1171E+02  0.1362E+00  0.1190E+02  0.1190E+02
  0.2706E-01  0.1177E+02  0.1319E+00  0.1166E+02  0.1166E+02
  0.2767E-01  0.1114E+02  0.1428E+00  0.1141E+02  0.1141E+02
  0.2828E-01  0.1104E+02  0.1320E+00  0.1117E+02  0.1117E+02
  0.2889E-01  0.1075E+02  0.1391E+00  0.1093E+02  0.1093E+02
  0.2949E-01  0.1052E+02  0.1210E+00  0.1069E+02  0.1069E+02
  0.3010E-01  0.1039E+02  0.1049E+00  0.1046E+02  0.1046E+02
  0.3071E-01  0.1019E+02  0.1032E+00  0.1022E+02  0.1022E+02
  0.3132E-01  0.9888E+01  0.1072E+00  0.9994E+01  0.9994E+01
  0.3193E-01  0.9643E+01  0.1001E+00  0.9767E+01  0.9767E+01
  0.3254E-01  0.9465E+01  0.1044E+00  0.9543E+01  0.9543E+01
  0.3314E-01  0.9167E+01  0.1014E+00  0.9323E+01  0.9323E+01
  0.3375E-01  0.9079E+01  0.9155E-01  0.9106E+01  0.9106E+01
  0.3436E-01  0.8920E+01  0.9152E-01  0.8892E+01  0.8892E+01
  0.3497E-01  0.8699E+01  0.8172E-01  0.8682E+01  0.8682E+01
  0.3558E-01  0.8128E+01  0.9163E-01  0.8476E+01  0.8476E+01
  0.3618E-01  0.8363E+01  0.8588E-01  0.8274E+01  0.8274E+01
  0.3679E-01  0.7907E+01  0.9354E-01  0.8075E+01  0.8075E+01
  0.3740E-01  0.7849E+01  0.8712E-01  0.7881E+01  0.7881E+01
  0.3801E-01  0.7612E+01  0.1078E+00  0.7690E+01  0.7690E+01
  0.3862E-01  0.7539E+01  0.6495E-01  0.7504E+01  0.7504E+01
  0.3922E-01  0.7431E+01  0.8445E-01  0.7322E+01  0.7322E+01
  0.3983E-01  0.7250E+01  0.7738E-01  0.7144E+01  0.7144E+01
  0.4044E-01  0.7063E+01  0.8264E-01  0.6969E+01  0.6969E+01
  0.4105E-01  0.6869E+01  0.7268E-01  0.6799E+01  0.6799E+01
  0.4166E-01  0.6703E+01  0.7503E-01  0.6633E+01  0.6633E+01
  0.4227E-01  0.6463E+01  0.7719E-01  0.6471E+01  0.6471E+01
  0.4287E-01  0.6472E+01  0.6947E-01  0.6313E+01  0.6313E+01
  0.4348E-01  0.6416E+01  0.7666E-01  0.6159E+01  0.6159E+01
  0.4409E-01  0.6103E+01  0.7258E-01  0.6009E+01  0.6009E+01
  0.4470E-01  0.6026E+01  0.7149E-01  0.5863E+01  0.5863E+01
  0.4531E-01  0.5769E+01  0.6131E-01  0.5720E+01  0.5720E+01
  0.4591E-01  0.5697E+01  0.6703E-01  0.5581E+01  0.5581E+01
  0.4652E-01  0.5573E+01  0.7351E-01  0.5446E+01  0.5446E+01
  0.4713E-01  0.5268E+01  0.7173E-01  0.5315E+01  0.5315E+01
  0.4774E-01  0.5218E+01  0.6567E-01  0.5187E+01  0.5187E+01
  0.4835E-01  0.5039E+01  0.6405E-01  0.5063E+01  0.5063E+01
  0.4895E-01  0.4930E+01  0.6237E-01  0.4942E+01  0.4942E+01
  0.4956E-01  0.4791E+01  0.6280E-01  0.4824E+01  0.4824E+01
  0.5017E-01  0.4758E+01  0.5717E-01  0.4709E+01  0.4709E+01
  0.5078E-01  0.4668E+01  0.6593E-01  0.4598E+01  0.4598E+01
  0.5139E-01  0.4478E+01  0.5853E-01  0.4489E+01  0.4489E+01
  0.5200E-01  0.4582E+01  0.6155E-01  0.4384E+01  0.4384E+01
  0.5260E-01  0.4317E+01  0.5647E-01  0.4281E+01  0.4281E+01
  0.5321E-01  0.4311E+01  0.5726E-01  0.4181E+01  0.4181E+01
  0.5382E-01  0.4138E+01  0.5941E-01  0.4084E+01  0.4084E+01
  0.5443E-01  0.4097E+01  0.5253E-01  0.3990E+01  0.3990E+01
  0.5504E-01  0.3818E+01  0.6495E-01  0.3898E+01  0.3898E+01
  0.5564E-01  0.3908E+01  0.5177E-01  0.3808E+01  0.3808E+01
  0.5625E-01  0.3741E+01  0.5285E-01  0.3720E+01  0.3720E+01
  0.5686E-01  0.3668E+01  0.5052E-01  0.3635E+01  0.3635E+01
  0.5747E-01  0.3644E+01  0.5792E-01  0.3553E+01  0.3553E+01
  0.5808E-01  0.3488E+01  0.4461E-01  0.3472E+01  0.3472E+01
  0.5868E-01  0.3470E+01  0.5748E-01  0.3393E+01  0.3393E+01
  0.5929E-01  0.3288E+01  0.5301E-01  0.3316E+01  0.3316E+01
  0.5990E-01  0.3175E+01  0.5795E-01  0.3241E+01  0.3241E+01
  0.6051E-01  0.3083E+01  0.5140E-01  0.3168E+01  0.3168E+01
  0.6112E-01  0.2979E+01  0.5085E-01  0.3097E+01  0.3097E+01
  0.6173E-01  0.2981E+01  0.5071E-01  0.3027E+01  0.3027E+01
  0.6233E-01  0.2914E+01  0.4581E-01  0.2959E+01  0.2959E+01
  0.6294E-01  0.2855E+01  0.4648E-01  0.2893E+01  0.2893E+01
  0.6355E-01  0.2762E+01  0.5340E-01  0.2828E+01  0.2828E+01
  0.6416E-01  0.2678E+01  0.4971E-01  0.2765E+01  0.2765E+01
  0.6477E-01  0.2626E+01  0.4571E-01  0.2703E+01  0.2703E+01
  0.6537E-01  0.2692E+01  0.4740E-01  0.2643E+01  0.2643E+01
  0.6598E-01  0.2568E+01  0.5005E-01  0.2584E+01  0.2584E+01
  0.6659E-01  0.2541E+01  0.4887E-01  0.2526E+01  0.2526E+01
  0.6720E-01  0.2465E+01  0.4763E-01  0.2470E+01  0.2470E+01
  0.6781E-01  0.2442E+01  0.4597E-01  0.2415E+01  0.2415E+01
  0.6841E-01  0.2289E+01  0.4521E-01  0.2361E+01  0.2361E+01
  0.6902E-01  0.2240E+01  0.4450E-01  0.2309E+01  0.2309E+01
  0.6963E-01  0.2195E+01  0.4433E-01  0.2257E+01  0.2257E+01
  0.7024E-01  0.2150E+01  0.4336E-01  0.2207E+01  0.2207E+01
  0.7085E-01  0.2158E+01  0.4468E-01  0.2158E+01  0.2158E+01
  0.7146E-01  0.2112E+01  0.3954E-01  0.2110E+01  0.2110E+01
  0.7206E-01  0.2072E+01  0.4010E-01  0.2063E+01  0.2063E+01
  0.7267E-01  0.2084E+01  0.4050E-01  0.2017E+01  0.2017E+01
  0.7328E-01  0.1917E+01  0.4083E-01  0.1972E+01  0.1972E+01
  0.7389E-01  0.1935E+01  0.3948E-01  0.1929E+01  0.1929E+01
  0.7450E-01  0.1872E+01  0.4471E-01  0.1886E+01  0.1886E+01
  0.7510E-01  0.1878E+01  0.4040E-01  0.1844E+01  0.1844E+01
  0.7571E-01  0.1793E+01  0.3768E-01  0.1804E+01  0.1804E+01
  0.7632E-01  0.1794E+01  0.3232E-01  0.1764E+01  0.1764E+01
  0.7693E-01  0.1775E+01  0.3984E-01  0.1725E+01  0.1725E+01
  0.7754E-01  0.1708E+01  0.3334E-01  0.1687E+01  0.1687E+01
  0.7814E-01  0.1690E+01  0.3999E-01  0.1650E+01  0.1650E+01
  0.7875E-01  0.1641E+01  0.4057E-01  0.1614E+01  0.1614E+01
  0.7936E-01  0.1600E+01  0.3927E-01  0.1579E+01  0.1579E+01
  0.7997E-01  0.1531E+01  0.3626E-01  0.1544E+01  0.1544E+01
  0.8058E-01  0.1512E+01  0.3564E-01  0.1511E+01  0.1511E+01
  0.8118E-01  0.1515E+01  0.3381E-01  0.1478E+01  0.1478E+01
  0.8179E-01  0.1390E+01  0.3360E-01  0.1446E+01  0.1446E+01
  0.8240E-01  0.1411E+01  0.3744E-01  0.1415E+01  0.1415E+01
  0.8301E-01  0.1398E+01  0.3646E-01  0.1385E+01  0.1385E+01
  0.8362E-01  0.1360E+01  0.3739E-01  0.1355E+01  0.1355E+01
  0.8423E-01  0.1374E+01  0.3623E-01  0.1326E+01  0.1326E+01
  0.8483E-01  0.1334E+01  0.3728E-01  0.1298E+01  0.1298E+01
  0.8544E-01  0.1268E+01  0.3794E-01  0.1270E+01  0.1270E+01
  0.8605E-01  0.1221E+01  0.3765E-01  0.1244E+01  0.1244E+01
  0.8666E-01  0.1204E+01  0.3512E-01  0.1217E+01  0.1217E+01
  0.8727E-01  0.1197E+01  0.3642E-01  0.1192E+01  0.1192E+01
  0.8787E-01  0.1200E+01  0.4082E-01  0.1167E+01  0.1167E+01
  0.8848E-01  0.1218E+01  0.3565E-01  0.1142E+01  0.1142E+01
  0.8909E-01  0.1075E+01  0.3742E-01  0.1119E+01  0.1119E+01
  0.8970E-01  0.1068E+01  0.3592E-01  0.1095E+01  0.1095E+01
  0.9031E-01  0.1112E+01  0.3682E-01  0.1072E+01  0.1072E+01
  0.9091E-01  0.1109E+01  0.3716E-01  0.1050E+01  0.1050E+01
  0.9152E-01  0.1036E+01  0.3695E-01  0.1028E+01  0.1028E+01
  0.9213E-01  0.1030E+01  0.3450E-01  0.1007E+01  0.1007E+01
  0.9274E-01  0.9712E+00  0.3643E-01  0.9859E+00  0.9859E+00
  0.9335E-01  0.9511E+00  0.3409E-01  0.9654E+00  0.9654E+00
  0.9396E-01  0.9217E+00  0.3718E-01  0.9452E+00  0.9452E+00
  0.9456E-01  0.9646E+00  0.3176E-01  0.9255E+00  0.9255E+00
  0.9517E-01  0.9347E+00  0.3310E-01  0.9061E+00  0.9061E+00
  0.9578E-01  0.9360E+00  0.3206E-01  0.8871E+00  0.8871E+00
  0.9639E-01  0.8850E+00  0.3204E-01  0.8683E+00  0.8683E+00
  0.9700E-01  0.8496E+00  0.3212E-01  0.8499E+00  0.8499E+00
  0.9760E-01  0.7923E+00  0.3365E-01  0.8318E+00  0.8318E+00
  0.9821E-01  0.7477E+00  0.3399E-01  0.8140E+00  0.8140E+00
  0.9882E-01  0.7636E+00  0.3260E-01  0.7965E+00  0.7965E+00
  0.9943E-01  0.8253E+00  0.2842E-01  0.7792E+00  0.7792E+00
  0.1000E+00  0.8214E+00  0.3265E-01  0.7622E+00  0.7622E+00
  0.1006E+00  0.7452E+00  0.3350E-01  0.7454E+00  0.7454E+00
  0.1013E+00  0.7660E+00  0.3141E-01  0.7289E+00  0.7289E+00
  0.1019E+00  0.6714E+00  0.6933E-01  0.7126E+00  0.7126E+00
  0.1025E+00  0.6284E+00  0.3001E-01  0.6966E+00  0.6966E+00
  0.1031E+00  0.6894E+00  0.3602E-01  0.6807E+00  0.6807E+00
  0.1037E+00  0.6690E+00  0.2883E-01  0.6650E+00  0.6650E+00
  0.1043E+00  0.7187E+00  0.3330E-01  0.6496E+00  0.6496E+00
  0.1049E+00  0.6498E+00  0.2998E-01  0.6344E+00  0.6344E+00
  0.1055E+00  0.6244E+00  0.3314E-01  0.6194E+00  0.6194E+00
  0.1061E+00  0.5948E+00  0.2947E-01  0.6046E+00  0.6046E+00
  0.1067E+00  0.5805E+00  0.2877E-01  0.5900E+00  0.5900E+00
  0.1073E+00  0.5208E+00  0.2851E-01  0.5756E+00  0.5756E+00
  0.1079E+00  0.4733E+00  0.2779E-01  0.5614E+00  0.5614E+00
  0.1085E+00  0.5164E+00  0.3059E-01  0.5475E+00  0.5475E+00
  0.1092E+00  0.5244E+00  0.2772E-01  0.5337E+00  0.5337E+00
  0.1098E+00  0.5341E+00  0.2754E-01  0.5202E+00  0.5202E+00
  0.1104E+00  0.5106E+00  0.2908E-01  0.5069E+00  0.5069E+00
  0.1110E+00  0.5305E+00  0.3030E-01  0.4938E+00  0.4938E+00
  0.1116E+00  0.4766E+00  0.2835E-01  0.4809E+00  0.4809E+00
  0.1122E+00  0.5171E+00  0.3045E-01  0.4683E+00  0.4683E+00
  0.1128E+00  0.4835E+00  0.3025E-01  0.4559E+00  0.4559E+00
  0.1134E+00  0.5244E+00  0.2888E-01  0.4438E+00  0.4438E+00
  0.1140E+00  0.4343E+00  0.2918E-01  0.4319E+00  0.4319E+00
  0.1146E+00  0.4441E+00  0.3118E-01  0.4202E+00  0.4202E+00
  0.1152E+00  0.3421E+00  0.2938E-01  0.4088E+00  0.4088E+00
  0.1158E+00  0.3767E+00  0.3111E-01  0.3977E+00  0.3977E+00
  0.1165E+00  0.3110E+00  0.2734E-01  0.3868E+00  0.3868E+00
  0.1171E+00  0.3499E+00  0.2705E-01  0.3762E+00  0.3762E+00
  0.1177E+00  0.3176E+00  0.2423E-01  0.3659E+00  0.3659E+00
  0.1183E+00  0.3564E+00  0.2841E-01  0.3558E+00  0.3558E+00
  0.1189E+00  0.3088E+00  0.2749E-01  0.3460E+00  0.3460E+00
  0.1195E+00  0.3034E+00  0.9123E-01  0.3365E+00  0.3365E+00
  0.1201E+00  0.3235E+00  0.2967E-01  0.3273E+00  0.3273E+00
  0.1207E+00  0.3223E+00  0.4460E-01  0.3184E+00  0.3184E+00
  0.1213E+00  0.3038E+00  0.3191E-01  0.3097E+00  0.3097E+00
  0.1219E+00  0.2873E+00  0.3552E-01  0.3013E+00  0.3013E+00
  0.1225E+00  0.3195E+00  0.5126E-01  0.2932E+00  0.2932E+00
  0.1231E+00  0.2281E+00  0.2689E-01  0.2854E+00  0.2854E+00
  0.1238E+00  0.2172E+00  0.3427E-01  0.2779E+00  0.2779E+00
  0.1244E+00  0.2555E+00  0.2379E-01  0.2706E+00  0.2706E+00
  0.1250E+00  0.2545E+00  0.2883E-01  0.2637E+00  0.2637E+00
  0.1256E+00  0.2434E+00  0.2453E-01  0.2569E+00  0.2569E+00
  0.1262E+00  0.2415E+00  0.2695E-01  0.2505E+00  0.2505E+00
  0.1268E+00  0.2061E+00  0.3032E-01  0.2443E+00  0.2443E+00
  0.1274E+00  0.2361E+00  0.2702E-01  0.2384E+00  0.2384E+00
  0.1280E+00  0.2545E+00  0.2527E-01  0.2327E+00  0.2327E+00
  0.1286E+00  0.2002E+00  0.2718E-01  0.2272E+00  0.2272E+00
  0.1292E+00  0.1930E+00  0.2422E-01  0.2220E+00  0.2220E+00
  0.1298E+00  0.2368E+00  0.2559E-01  0.2170E+00  0.2170E+00
  0.1304E+00  0.1599E+00  0.2766E-01  0.2122E+00  0.2122E+00
  0.1310E+00  0.2351E+00  0.2633E-01  0.2077E+00  0.2077E+00
  0.1317E+00  0.2452E+00  0.2781E-01  0.2033E+00  0.2033E+00
  0.1323E+00  0.2530E+00  0.2396E-01  0.1992E+00  0.1992E+00
  0.1329E+00  0.2380E+00  0.2757E-01  0.1952E+00  0.1952E+00
  0.1335E+00  0.2624E+00  0.2693E-01  0.1914E+00  0.1914E+00
  0.1341E+00  0.2532E+00  0.2722E-01  0.1877E+00  0.1877E+00
  0.1347E+00  0.2450E+00  0.2759E-01  0.1843E+00  0.1843E+00
  0.1353E+00  0.1961E+00  0.2452E-01  0.1809E+00  0.1809E+00
  0.1359E+00  0.1955E+00  0.2557E-01  0.1777E+00  0.1777E+00
  0.1365E+00  0.2118E+00  0.2669E-01  0.1747E+00  0.1747E+00
  0.1371E+00  0.2019E+00  0.2554E-01  0.1717E+00  0.1717E+00
  0.1377E+00  0.1669E+00  0.2479E-01  0.1689E+00  0.1689E+00
  0.1383E+00  0.1589E+00  0.2574E-01  0.1662E+00  0.1662E+00
  0.1390E+00  0.1424E+00  0.2726E-01  0.1635E+00  0.1635E+00
  0.1396E+00  0.1467E+00  0.2691E-01  0.1610E+00  0.1610E+00
  0.1402E+00  0.1451E+00  0.2579E-01  0.1585E+00  0.1585E+00
  0.1408E+00  0.1271E+00  0.2658E-01  0.1561E+00  0.1561E+00
  0.1414E+00  0.7989E-01  0.2782E-01  0.1537E+00  0.1537E+00
  0.1420E+00  0.8497E-01  0.2619E-01  0.1514E+00  0.1514E+00
  0.1426E+00  0.1183E+00  0.2561E-01  0.1491E+00  0.1491E+00
  0.1432E+00  0.1117E+00  0.2651E-01  0.1469E+00  0.1469E+00
  0.1438E+00  0.1059E+00  0.2368E-01  0.1448E+00  0.1448E+00
  0.1444E+00  0.5407E-01  0.2337E-01  0.1426E+00  0.1426E+00
  0.1450E+00  0.1386E+00  0.2708E-01  0.1405E+00  0.1405E+00
  0.1456E+00  0.7930E-01  0.2236E-01  0.1384E+00  0.1384E+00
  0.1463E+00  0.1273E+00  0.2660E-01  0.1364E+00  0.1364E+00
  0.1469E+00  0.1057E+00  0.2319E-01  0.1343E+00  0.1343E+00
  0.1475E+00  0.1178E+00  0.2503E-01  0.1323E+00  0.1323E+00
  0.1481E+00  0.1600E+00  0.2464E-01  0.1302E+00  0.1302E+00
  0.1487E+00  0.1764E+00  0.2694E-01  0.1282E+00  0.1282E+00
  0.1493E+00  0.1236E+00  0.2451E-01  0.1262E+00  0.1262E+00
  0.1499E+00  0.9688E-01  0.2690E-01  0.1242E+00  0.1242E+00
  0.1505E+00  0.5005E-01  0.2225E-01  0.1222E+00  0.1222E+00
  0.1511E+00  0.7154E-01  0.2614E-01  0.1202E+00  0.1202E+00
  0.1517E+00  0.9987E-01  0.2504E-01  0.1182E+00  0.1182E+00
  0.1523E+00  0.1332E+00  0.2651E-01  0.1162E+00  0.1162E+00
  0.1529E+00  0.1502E+00  0.2311E-01  0.1142E+00  0.1142E+00
  0.1535E+00  0.1584E+00  0.2424E-01  0.1122E+00  0.1122E+00
  0.1542E+00  0.1394E+00  0.2338E-01  0.1103E+00  0.1103E+00
  0.1548E+00  0.1552E+00  0.2401E-01  0.1083E+00  0.1083E+00
  0.1554E+00  0.1121E+00  0.2539E-01  0.1064E+00  0.1064E+00
  0.1560E+00  0.1647E+00  0.2286E-01  0.1045E+00  0.1045E+00
  0.1566E+00  0.1140E+00  0.2380E-01  0.1026E+00  0.1026E+00
  0.1572E+00  0.1419E+00  0.2214E-01  0.1007E+00  0.1007E+00
  0.1578E+00  0.9074E-01  0.2218E-01  0.9889E-01  0.9889E-01
  0.1584E+00  0.1362E+00  0.2288E-01  0.9707E-01  0.9707E-01
  0.1590E+00  0.8745E-01  0.2258E-01  0.9528E-01  0.9528E-01
  0.1596E+00  0.6836E-01  0.2299E-01  0.9352E-01  0.9352E-01
  0.1602E+00  0.7879E-01  0.2223E-01  0.9179E-01  0.9179E-01
  0.1608E+00  0.3570E-01  0.2352E-01  0.9010E-01  0.9010E-01
  0.1615E+00  0.4560E-01  0.2374E-01  0.8846E-01  0.8846E-01
  0.1621E+00  0.5513E-01  0.2287E-01  0.8685E-01  0.8685E-01
  0.1627E+00  0.7229E-01  0.2325E-01  0.8528E-01  0.8528E-01
  0.1633E+00  0.6232E-01  0.2315E-01  0.8376E-01  0.8376E-01
  0.1639E+00  0.5772E-01  0.2288E-01  0.8229E-01  0.8229E-01
  0.1645E+00  0.4287E-01  0.2287E-01  0.8086E-01  0.8086E-01
  0.1651E+00  0.4150E-01  0.2266E-01  0.7949E-01  0.7949E-01
  0.1657E+00  0.7384E-01  0.2054E-01  0.7816E-01  0.7816E-01
  0.1663E+00  0.1069E+00  0.2152E-01  0.7689E-01  0.7689E-01
  0.1669E+00  0.8245E-01  0.2270E-01  0.7566E-01  0.7566E-01
  0.1675E+00  0.8145E-01  0.2305E-01  0.7449E-01  0.7449E-01
  0.1681E+00  0.1118E+00  0.2236E-01  0.7338E-01  0.7338E-01
  0.1688E+00  0.7269E-01  0.2269E-01  0.7232E-01  0.7232E-01
  0.1694E+00  0.8989E-01  0.2254E-01  0.7130E-01  0.7130E-01
  0.1700E+00  0.6217E-01  0.2254E-01  0.7034E-01  0.7034E-01
  0.1706E+00  0.1097E+00  0.2387E-01  0.6943E-01  0.6943E-01
  0.1712E+00  0.1260E+00  0.2270E-01  0.6857E-01  0.6857E-01
  0.1718E+00  0.5654E-01  0.2301E-01  0.6776E-01  0.6776E-01
  0.1724E+00  0.1207E+00  0.2563E-01  0.6699E-01  0.6699E-01
  0.1730E+00  0.9959E-01  0.2351E-01  0.6627E-01  0.6627E-01
  0.1736E+00  0.3625E-01  0.2478E-01  0.6560E-01  0.6560E-01
  0.1742E+00  0.9093E-01  0.2429E-01  0.6496E-01  0.6496E-01
  0.1748E+00  0.4443E-01  0.2262E-01  0.6437E-01  0.6437E-01
  0.1754E+00  0.1012E+00  0.2399E-01  0.6382E-01  0.6382E-01
  0.1760E+00  0.5023E-01  0.2321E-01  0.6330E-01  0.6330E-01
  0.1767E+00  0.3499E-01  0.2218E-01  0.6281E-01  0.6281E-01
  0.1773E+00  0.7956E-01  0.2370E-01  0.6235E-01  0.6235E-01
  0.1779E+00  0.8076E-01  0.2427E-01  0.6193E-01  0.6193E-01
  0.1785E+00  0.6636E-01  0.2391E-01  0.6152E-01  0.6152E-01
  0.1791E+00  0.4708E-01  0.2421E-01  0.6115E-01  0.6115E-01
  0.1797E+00  0.2078E-01  0.2352E-01  0.6079E-01  0.6079E-01
  0.1803E+00  0.5831E-01  0.2223E-01  0.6045E-01  0.6045E-01
  0.1809E+00  0.3154E-01  0.2181E-01  0.6015E-01  0.6015E-01
  0.1815E+00  0.2252E-01  0.2150E-01  0.5982E-01  0.5982E-01
  0.1821E+00  0.4717E-01  0.2126E-01  0.5952E-01  0.5952E-01
  0.1827E+00  0.3519E-01  0.2212E-01  0.5925E-01  0.5925E-01
  0.1833E+00  0.8656E-01  0.2203E-01  0.5897E-01  0.5897E-01
  0.1840E+00  0.4750E-01  0.2241E-01  0.5870E-01  0.5870E-01
  0.1846E+00  0.1841E-01  0.2211E-01  0.5844E-01  0.5844E-01
  0.1852E+00  0.6724E-01  0.2233E-01  0.5818E-01  0.5818E-01
  0.1858E+00  0.2025E-01  0.2307E-01  0.5791E-01  0.5791E-01
  0.1864E+00  0.5500E-01  0.2113E-01  0.5765E-01  0.5765E-01
  0.1870E+00  0.4034E-01  0.2091E-01  0.5739E-01  0.5739E-01
  0.1876E+00  0.4708E-01  0.2063E-01  0.5714E-01  0.5714E-01
  0.1882E+00  0.2650E-01  0.2112E-01  0.5686E-01  0.5686E-01
  0.1888E+00  0.8494E-01  0.2273E-01  0.5660E-01  0.5660E-01
  0.1894E+00  0.5765E-01  0.2082E-01  0.5633E-01  0.5633E-01
  0.1900E+00  0.6834E-01  0.2147E-01  0.5605E-01  0.5605E-01
  0.1906E+00  0.3703E-01  0.2240E-01  0.5577E-01  0.5577E-01
  0.1912E+00  0.5845E-01  0.2254E-01  0.5549E-01  0.5549E-01
  0.1919E+00  0.8703E-02  0.2171E-01  0.5520E-01  0.5520E-01
  0.1925E+00  0.6685E-01  0.2079E-01  0.5491E-01  0.5491E-01
  0.1931E+00  0.6536E-01  0.3389E-01  0.5461E-01  0.5461E-01
  0.1937E+00  0.2321E-01  0.2022E-01  0.5431E-01  0.5431E-01
  0.1943E+00  0.2471E-01  0.2336E-01  0.5401E-01  0.5401E-01
  0.1949E+00  0.5002E-01  0.2139E-01  0.5374E-01  0.5374E-01
  0.1955E+00  0.5054E-01  0.2163E-01  0.5342E-01  0.5342E-01
  0.1961E+00  0.3374E-01  0.2103E-01  0.5312E-01  0.5312E-01
  0.1967E+00  0.8697E-01  0.1973E-01  0.5282E-01  0.5282E-01
  0.1973E+00  0.3945E-01  0.2082E-01  0.5252E-01  0.5252E-01
  0.1979E+00  0.6764E-01  0.1999E-01  0.5223E-01  0.5223E-01
  0.1985E+00  0.1050E-01  0.2118E-01  0.5194E-01  0.5194E-01
  0.1992E+00  0.7881E-01  0.2105E-01  0.5166E-01  0.5166E-01
  0.1998E+00  0.6371E-01  0.2265E-01  0.5138E-01  0.5138E-01
  0.2004E+00  0.9023E-01  0.1979E-01  0.5111E-01  0.5111E-01
  0.2010E+00  0.4423E-01  0.2286E-01  0.5085E-01  0.5085E-01
  0.2016E+00  0.7020E-01  0.2121E-01  0.5060E-01  0.5060E-01
  0.2022E+00  0.2772E-01  0.2346E-01  0.5035E-01  0.5035E-01
  0.2028E+00  0.3371E-01  0.1911E-01  0.5012E-01  0.5012E-01
  0.2034E+00  0.7283E-01  0.2227E-01  0.4990E-01  0.4990E-01
  0.2040E+00  0.4897E-01  0.2163E-01  0.4969E-01  0.4969E-01
  0.2046E+00  0.6491E-01  0.2079E-01  0.4950E-01  0.4950E-01
  0.2052E+00  0.1163E-01  0.2134E-01  0.4931E-01  0.4931E-01
  0.2058E+00  0.4552E-01  0.2214E-01  0.4914E-01  0.4914E-01
  0.2065E+00  0.3673E-01  0.2635E-01  0.4897E-01  0.4897E-01
  0.2071E+00  0.3868E-01  0.2122E-01  0.4883E-01  0.4883E-01
  0.2077E+00  0.5769E-01  0.2093E-01  0.4870E-01  0.4870E-01
  0.2083E+00  0.6083E-01  0.2238E-01  0.4858E-01  0.4858E-01
  0.2089E+00  0.4344E-01  0.2144E-01  0.4848E-01  0.4848E-01
  0.2095E+00  0.8076E-01  0.2001E-01  0.4838E-01  0.4838E-01
  0.2101E+00  0.3520E-01  0.2116E-01  0.4830E-01  0.4830E-01
  0.2107E+00  0.8105E-01  0.2111E-01  0.4823E-01  0.4823E-01
  0.2113E+00  0.6374E-01  0.2223E-01  0.4817E-01  0.4817E-01
  0.2119E+00  0.4089E-01  0.1906E-01  0.4812E-01  0.4812E-01
  0.2125E+00  0.6026E-01  0.2013E-01  0.4808E-01  0.4808E-01
  0.2131E+00  0.5217E-01  0.2153E-01  0.4804E-01  0.4804E-01
  0.2137E+00  0.5111E-01  0.1996E-01  0.4801E-01  0.4801E-01
  0.2144E+00  0.5594E-01  0.1877E-01  0.4799E-01  0.4799E-01
  0.2150E+00  0.3361E-01  0.1992E-01  0.4797E-01  0.4797E-01
  0.2156E+00  0.5695E-01  0.2069E-01  0.4795E-01  0.4795E-01
  0.2162E+00  0.8811E-01  0.2227E-01  0.4794E-01  0.4794E-01
  0.2168E+00  0.4792E-01  0.1958E-01  0.4792E-01  0.4792E-01
  0.2174E+00  0.9397E-01  0.2068E-01  0.4790E-01  0.4790E-01
  0.2180E+00  0.2733E-01  0.2159E-01  0.4789E-01  0.4789E-01
  0.2186E+00  0.9340E-01  0.2016E-01  0.4786E-01  0.4786E-01
  0.2192E+00  0.3005E-01  0.2084E-01  0.4783E-01  0.4783E-01
  0.2198E+00  0.7008E-01  0.2113E-01  0.4780E-01  0.4780E-01
  0.2204E+00  0.4670E-02  0.1963E-01  0.4776E-01  0.4776E-01
  0.2210E+00  0.2627E-01  0.1921E-01  0.4770E-01  0.4770E-01
  0.2217E+00  0.1638E-01  0.2143E-01  0.4765E-01  0.4765E-01
  0.2223E+00  0.2495E-01  0.2050E-01  0.4757E-01  0.4757E-01
  0.2229E+00  0.3809E-01  0.2041E-01  0.4749E-01  0.4749E-01
  0.2235E+00  0.4611E-01  0.3156E-01  0.4739E-01  0.4739E-01
  0.2241E+00  0.7618E-01  0.2797E-01  0.4728E-01  0.4728E-01
  0.2247E+00  0.5324E-01  0.2365E-01  0.4716E-01  0.4716E-01
  0.2253E+00  0.7463E-01  0.2193E-01  0.4702E-01  0.4702E-01
  0.2259E+00  0.5349E-01  0.2011E-01  0.4686E-01  0.4686E-01
  0.2265E+00  0.6000E-01  0.2055E-01  0.4669E-01  0.4669E-01
  0.2271E+00  0.5481E-01  0.2080E-01  0.4650E-01  0.4650E-01
  0.2277E+00  0.2754E-01  0.2169E-01  0.4629E-01  0.4629E-01
  0.2283E+00  0.6767E-01  0.2080E-01  0.4607E-01  0.4607E-01
  0.2289E+00  0.4390E-01  0.2174E-01  0.4583E-01  0.4583E-01
  0.2296E+00  0.6582E-01  0.2095E-01  0.4557E-01  0.4557E-01
  0.2302E+00  0.6535E-01  0.2029E-01  0.4530E-01  0.4530E-01
  0.2308E+00  0.4667E-01  0.2234E-01  0.4501E-01  0.4501E-01
  0.2314E+00  0.4660E-01  0.1988E-01  0.4471E-01  0.4471E-01
  0.2320E+00  0.4414E-01  0.2241E-01  0.4439E-01  0.4439E-01
  0.2326E+00  0.5435E-01  0.2151E-01  0.4408E-01  0.4408E-01
  0.2332E+00  0.8852E-01  0.2080E-01  0.4371E-01  0.4371E-01
  0.2338E+00  0.5584E-01  0.2749E-01  0.4337E-01  0.4337E-01
  0.2344E+00  0.2025E-01  0.1942E-01  0.4299E-01  0.4299E-01
  0.2350E+00  0.5509E-01  0.2064E-01  0.4261E-01  0.4261E-01
  0.2356E+00  0.1149E-01  0.2071E-01  0.4222E-01  0.4222E-01
  0.2362E+00  0.2422E-01  0.2096E-01  0.4183E-01  0.4183E-01
  0.2375E+00  0.7157E-02  0.2029E-01  0.4101E-01  0.4101E-01
  0.2387E+00  0.3412E-01  0.1850E-01  0.4018E-01  0.4018E-01
  0.2393E+00  0.5285E-01  0.2050E-01  0.3976E-01  0.3976E-01
  0.2399E+00  0.7477E-01  0.2035E-01  0.3935E-01  0.3935E-01
  0.2405E+00  0.6250E-03  0.2174E-01  0.3893E-01  0.3893E-01
  0.2411E+00  0.2030E-01  0.1997E-01  0.3851E-01  0.3851E-01
  0.2417E+00  0.2647E-01  0.1971E-01  0.3810E-01  0.3810E-01
  0.2423E+00  0.2794E-01  0.2059E-01  0.3769E-01  0.3769E-01
  0.2429E+00  0.6966E-01  0.1945E-01  0.3728E-01  0.3728E-01
  0.2435E+00  0.2246E-01  0.1982E-01  0.3689E-01  0.3689E-01
  0.2441E+00  0.6943E-01  0.1955E-01  0.3650E-01  0.3650E-01
  0.2448E+00  0.4563E-02  0.2144E-01  0.3611E-01  0.3611E-01
  0.2454E+00  0.7736E-01  0.2063E-01  0.3574E-01  0.3574E-01
  0.2460E+00  0.3715E-01  0.2112E-01  0.3538E-01  0.3538E-01
  0.2466E+00  0.4486E-01  0.1878E-01  0.3502E-01  0.3502E-01
  0.2472E+00  0.4453E-01  0.2034E-01  0.3468E-01  0.3468E-01
  0.2478E+00  0.6259E-01  0.1946E-01  0.3435E-01  0.3435E-01
  0.2484E+00  0.3504E-01  0.2149E-01  0.3404E-01  0.3404E-01
  0.2490E+00  0.5163E-01  0.2156E-01  0.3373E-01  0.3373E-01
  0.2496E+00  0.3337E-01  0.1875E-01  0.3344E-01  0.3344E-01
  0.2502E+00  0.7061E-01  0.2086E-01  0.3316E-01  0.3316E-01
  0.2508E+00  0.7584E-01  0.2077E-01  0.3289E-01  0.3289E-01
  0.2514E+00  0.4795E-01  0.1998E-01  0.3264E-01  0.3264E-01
  0.2521E+00  0.3742E-01  0.2072E-01  0.3240E-01  0.3240E-01
  0.2539E+00  0.1094E-01  0.2047E-01  0.3175E-01  0.3175E-01
  0.2545E+00  0.2214E-01  0.2174E-01  0.3156E-01  0.3156E-01
  0.2551E+00  0.1160E-01  0.2092E-01  0.3138E-01  0.3138E-01
  0.2557E+00  0.2477E-02  0.2020E-01  0.3121E-01  0.3121E-01
  0.2569E+00  0.4389E-01  0.1960E-01  0.3089E-01  0.3089E-01
  0.2581E+00  0.4501E-02  0.2000E-01  0.3061E-01  0.3061E-01
  0.2587E+00  0.1636E-01  0.2053E-01  0.3049E-01  0.3049E-01
  0.2593E+00  0.1707E-01  0.1933E-01  0.3036E-01  0.3036E-01
  0.2600E+00  0.5484E-01  0.2039E-01  0.3025E-01  0.3025E-01
  0.2606E+00  0.2187E-01  0.1998E-01  0.3013E-01  0.3013E-01
  0.2612E+00  0.1317E-01  0.1911E-01  0.3003E-01  0.3003E-01
  0.2618E+00  0.2625E-01  0.2102E-01  0.2992E-01  0.2992E-01
  0.2624E+00  0.2261E-01  0.2037E-01  0.2982E-01  0.2982E-01
  0.2630E+00  0.2217E-01  0.1879E-01  0.2971E-01  0.2971E-01
  0.2636E+00  0.6407E-02  0.1991E-01  0.2961E-01  0.2961E-01
  0.2648E+00  0.3687E-01  0.2115E-01  0.2941E-01  0.2941E-01
  0.2654E+00  0.9182E-02  0.2016E-01  0.2931E-01  0.2931E-01
  0.2660E+00  0.3040E-01  0.2061E-01  0.2921E-01  0.2921E-01
  0.2666E+00  0.3623E-01  0.1878E-01  0.2911E-01  0.2911E-01
  0.2673E+00  0.3013E-01  0.2111E-01  0.2900E-01  0.2900E-01
  0.2679E+00  0.2372E-01  0.2114E-01  0.2889E-01  0.2889E-01
  0.2685E+00  0.2811E-01  0.1944E-01  0.2878E-01  0.2878E-01
  0.2691E+00  0.1347E-01  0.1926E-01  0.2866E-01  0.2866E-01
  0.2697E+00  0.1765E-01  0.2004E-01  0.2855E-01  0.2855E-01
  0.2703E+00  0.7636E-01  0.1776E-01  0.2843E-01  0.2843E-01
  0.2709E+00  0.5817E-01  0.2096E-01  0.2830E-01  0.2830E-01
  0.2715E+00  0.2969E-01  0.1878E-01  0.2818E-01  0.2818E-01
  0.2721E+00  0.4387E-01  0.1988E-01  0.2804E-01  0.2804E-01
  0.2727E+00  0.1344E-01  0.1994E-01  0.2792E-01  0.2792E-01
  0.2733E+00  0.8882E-02  0.2142E-01  0.2778E-01  0.2778E-01
  0.2752E+00  0.1504E-01  0.1881E-01  0.2736E-01  0.2736E-01
  0.2764E+00  0.2447E-01  0.1903E-01  0.2707E-01  0.2707E-01
  0.2782E+00  0.8302E-02  0.1943E-01  0.2665E-01  0.2665E-01
  0.2788E+00  0.1559E-01  0.2019E-01  0.2650E-01  0.2650E-01
  0.2794E+00  0.3731E-01  0.1963E-01  0.2637E-01  0.2637E-01
  0.2800E+00  0.2311E-01  0.1993E-01  0.2623E-01  0.2623E-01
  0.2806E+00  0.3159E-01  0.1918E-01  0.2610E-01  0.2610E-01
  0.2818E+00  0.1987E-01  0.1880E-01  0.2584E-01  0.2584E-01
  0.2831E+00  0.1725E-01  0.2673E-01  0.2561E-01  0.2561E-01
  0.2837E+00  0.7582E-02  0.1891E-01  0.2550E-01  0.2550E-01
  0.2843E+00  0.2582E-01  0.1863E-01  0.2540E-01  0.2540E-01
  0.2849E+00  0.1625E-01  0.1947E-01  0.2529E-01  0.2529E-01
  0.2855E+00  0.9107E-02  0.1775E-01  0.2521E-01  0.2521E-01
  0.2861E+00  0.3489E-01  0.1767E-01  0.2511E-01  0.2511E-01
  0.2867E+00  0.1421E-01  0.1785E-01  0.2504E-01  0.2504E-01
  0.2873E+00  0.3714E-01  0.1898E-01  0.2497E-01  0.2497E-01
  0.2879E+00  0.2015E-01  0.1815E-01  0.2491E-01  0.2491E-01
  0.2885E+00  0.1665E-01  0.1850E-01  0.2486E-01  0.2486E-01
  0.2891E+00  0.4471E-02  0.1862E-01  0.2481E-01  0.2481E-01
  0.2897E+00  0.5265E-02  0.1998E-01  0.2477E-01  0.2477E-01
  0.2910E+00  0.2590E-01  0.1971E-01  0.2471E-01  0.2471E-01
  0.2922E+00  0.2535E-01  0.1819E-01  0.2468E-01  0.2468E-01
  0.2928E+00  0.1894E-01  0.1955E-01  0.2467E-01  0.2467E-01
  0.2934E+00  0.2764E-01  0.1693E-01  0.2467E-01  0.2467E-01
  0.2940E+00  0.2506E-01  0.1890E-01  0.2468E-01  0.2468E-01
  0.2946E+00  0.1710E-01  0.1769E-01  0.2469E-01  0.2469E-01
  0.2952E+00  0.4591E-01  0.1751E-01  0.2470E-01  0.2470E-01
  0.2958E+00  0.4661E-01  0.4459E-01  0.2472E-01  0.2472E-01
  0.2964E+00  0.2193E-02  0.1089E+00  0.2474E-01  0.2474E-01
  0.2970E+00  0.5470E-01  0.1788E-01  0.2476E-01  0.2476E-01
  0.2976E+00  0.6055E-01  0.3381E-01  0.2478E-01  0.2478E-01
  0.2983E+00  0.5005E-01  0.1778E-01  0.2481E-01  0.2481E-01
  0.2989E+00  0.3575E-01  0.1835E-01  0.2485E-01  0.2485E-01
  0.2995E+00  0.1361E-01  0.1691E-01  0.2486E-01  0.2486E-01
  0.3001E+00  0.5678E-01  0.1740E-01  0.2489E-01  0.2489E-01
  0.3007E+00  0.3755E-01  0.1718E-01  0.2491E-01  0.2491E-01
  0.3013E+00  0.6262E-01  0.1791E-01  0.2493E-01  0.2493E-01
  0.3019E+00  0.4069E-01  0.1767E-01  0.2495E-01  0.2495E-01
  0.3025E+00  0.2506E-02  0.1622E-01  0.2496E-01  0.2496E-01
  0.3031E+00  0.4207E-01  0.1801E-01  0.2497E-01  0.2497E-01
  0.3037E+00  0.1856E-01  0.1661E-01  0.2498E-01  0.2498E-01
  0.3043E+00  0.3229E-01  0.1828E-01  0.2498E-01  0.2498E-01
  0.3049E+00  0.2489E-01  0.1765E-01  0.2497E-01  0.2497E-01
  0.3056E+00  0.1971E-01  0.1840E-01  0.2496E-01  0.2496E-01
  0.3062E+00  0.3125E-01  0.1777E-01  0.2494E-01  0.2494E-01
  0.3074E+00  0.4454E-01  0.1830E-01  0.2488E-01  0.2488E-01
  0.3080E+00  0.2502E-01  0.1676E-01  0.2483E-01  0.2483E-01
  0.3086E+00  0.2340E-01  0.1719E-01  0.2479E-01  0.2479E-01
  0.3092E+00  0.2620E-01  0.1761E-01  0.2473E-01  0.2473E-01
  0.3098E+00  0.2626E-01  0.1682E-01  0.2466E-01  0.2466E-01
  0.3104E+00  0.7319E-02  0.1835E-01  0.2459E-01  0.2459E-01
  0.3110E+00  0.2057E-01  0.1691E-01  0.2450E-01  0.2450E-01
  0.3122E+00  0.5839E-02  0.1885E-01  0.2432E-01  0.2432E-01
  0.3128E+00  0.2382E-01  0.1708E-01  0.2421E-01  0.2421E-01
  0.3135E+00  0.5948E-02  0.2045E-01  0.2410E-01  0.2410E-01
  0.3141E+00  0.5682E-01  0.2040E-01  0.2398E-01  0.2398E-01
  0.3153E+00  0.6716E-02  0.1944E-01  0.2372E-01  0.2372E-01
  0.3159E+00  0.1679E-01  0.2046E-01  0.2358E-01  0.2358E-01
  0.3165E+00  0.2836E-01  0.2264E-01  0.2344E-01  0.2344E-01
  0.3171E+00  0.5071E-01  0.2205E-01  0.2329E-01  0.2329E-01
  0.3177E+00  0.3115E-01  0.2443E-01  0.2314E-01  0.2314E-01
  0.3183E+00  0.2493E-01  0.2383E-01  0.2298E-01  0.2298E-01
  0.3189E+00  0.8410E-03  0.2389E-01  0.2283E-01  0.2283E-01
  0.3195E+00  0.8548E-02  0.2302E-01  0.2267E-01  0.2267E-01
  0.3201E+00  0.2457E-01  0.2494E-01  0.2250E-01  0.2250E-01
  0.3208E+00  0.2333E-01  0.2742E-01  0.2234E-01  0.2234E-01
  0.3214E+00  0.1604E-01  0.2683E-01  0.2218E-01  0.2218E-01
  0.3220E+00  0.2988E-01  0.3157E-01  0.2201E-01  0.2201E-01
  0.3226E+00  0.1793E-02  0.2909E-01  0.2185E-01  0.2185E-01
  0.3232E+00  0.3760E-01  0.3330E-01  0.2169E-01  0.2169E-01
  0.3238E+00  0.2593E-01  0.3740E-01  0.2153E-01  0.2153E-01

           Distance distribution  function of particle  


       R          P(R)      ERROR

  0.0000E+00  0.0000E+00  0.0000E+00
  0.1547E+01  0.3717E-03  0.1911E-04
  0.3094E+01  0.9151E-03  0.2507E-04
  0.4641E+01  0.1625E-02  0.2125E-04
  0.6188E+01  0.2492E-02  0.1478E-04
  0.7735E+01  0.3504E-02  0.1837E-04
  0.9282E+01  0.4645E-02  0.2869E-04
  0.1083E+02  0.5893E-02  0.3653E-04
  0.1238E+02  0.7225E-02  0.3901E-04
  0.1392E+02  0.8615E-02  0.3649E-04
  0.1547E+02  0.1003E-01  0.3226E-04
  0.1702E+02  0.1145E-01  0.3181E-04
  0.1856E+02  0.1284E-01  0.3744E-04
  0.2011E+02  0.1418E-01  0.4523E-04
  0.2166E+02  0.1543E-01  0.5102E-04
  0.2320E+02  0.1659E-01  0.5318E-04
  0.2475E+02  0.1763E-01  0.5233E-04
  0.2630E+02  0.1854E-01  0.5080E-04
  0.2785E+02  0.1933E-01  0.5111E-04
  0.2939E+02  0.1998E-01  0.5397E-04
  0.3094E+02  0.2049E-01  0.5784E-04
  0.3249E+02  0.2088E-01  0.6075E-04
  0.3403E+02  0.2114E-01  0.6189E-04
  0.3558E+02  0.2128E-01  0.6184E-04
  0.3713E+02  0.2131E-01  0.6189E-04
  0.3867E+02  0.2124E-01  0.6284E-04
  0.4022E+02  0.2108E-01  0.6425E-04
  0.4177E+02  0.2085E-01  0.6491E-04
  0.4332E+02  0.2054E-01  0.6395E-04
  0.4486E+02  0.2020E-01  0.6166E-04
  0.4641E+02  0.1982E-01  0.5959E-04
  0.4796E+02  0.1942E-01  0.5964E-04
  0.4950E+02  0.1902E-01  0.6240E-04
  0.5105E+02  0.1862E-01  0.6649E-04
  0.5260E+02  0.1825E-01  0.6985E-04
  0.5414E+02  0.1789E-01  0.7107E-04
  0.5569E+02  0.1755E-01  0.7016E-04
  0.5724E+02  0.1723E-01  0.6845E-04
  0.5879E+02  0.1691E-01  0.6799E-04
  0.6033E+02  0.1660E-01  0.7025E-04
  0.6188E+02  0.1628E-01  0.7495E-04
  0.6343E+02  0.1594E-01  0.8050E-04
  0.6497E+02  0.1559E-01  0.8518E-04
  0.6652E+02  0.1522E-01  0.8811E-04
  0.6807E+02  0.1483E-01  0.8947E-04
  0.6961E+02  0.1444E-01  0.9041E-04
  0.7116E+02  0.1404E-01  0.9257E-04
  0.7271E+02  0.1365E-01  0.9722E-04
  0.7426E+02  0.1327E-01  0.1045E-03
  0.7580E+02  0.1291E-01  0.1132E-03
  0.7735E+02  0.1258E-01  0.1216E-03
  0.7890E+02  0.1226E-01  0.1281E-03
  0.8044E+02  0.1195E-01  0.1314E-03
  0.8199E+02  0.1165E-01  0.1312E-03
  0.8354E+02  0.1134E-01  0.1281E-03
  0.8508E+02  0.1102E-01  0.1233E-03
  0.8663E+02  0.1068E-01  0.1185E-03
  0.8818E+02  0.1032E-01  0.1150E-03
  0.8973E+02  0.9928E-02  0.1135E-03
  0.9127E+02  0.9511E-02  0.1137E-03
  0.9282E+02  0.9075E-02  0.1147E-03
  0.9437E+02  0.8627E-02  0.1158E-03
  0.9591E+02  0.8175E-02  0.1168E-03
  0.9746E+02  0.7730E-02  0.1178E-03
  0.9901E+02  0.7298E-02  0.1193E-03
  0.1006E+03  0.6885E-02  0.1216E-03
  0.1021E+03  0.6494E-02  0.1246E-03
  0.1036E+03  0.6126E-02  0.1280E-03
  0.1052E+03  0.5782E-02  0.1314E-03
  0.1067E+03  0.5459E-02  0.1345E-03
  0.1083E+03  0.5156E-02  0.1370E-03
  0.1098E+03  0.4871E-02  0.1389E-03
  0.1114E+03  0.4603E-02  0.1399E-03
  0.1129E+03  0.4354E-02  0.1400E-03
  0.1145E+03  0.4124E-02  0.1391E-03
  0.1160E+03  0.3915E-02  0.1375E-03
  0.1176E+03  0.3728E-02  0.1355E-03
  0.1191E+03  0.3562E-02  0.1335E-03
  0.1207E+03  0.3418E-02  0.1320E-03
  0.1222E+03  0.3291E-02  0.1313E-03
  0.1238E+03  0.3178E-02  0.1316E-03
  0.1253E+03  0.3073E-02  0.1329E-03
  0.1269E+03  0.2970E-02  0.1347E-03
  0.1284E+03  0.2866E-02  0.1364E-03
  0.1299E+03  0.2757E-02  0.1376E-03
  0.1315E+03  0.2640E-02  0.1376E-03
  0.1330E+03  0.2517E-02  0.1364E-03
  0.1346E+03  0.2390E-02  0.1344E-03
  0.1361E+03  0.2261E-02  0.1321E-03
  0.1377E+03  0.2134E-02  0.1302E-03
  0.1392E+03  0.2010E-02  0.1291E-03
  0.1408E+03  0.1891E-02  0.1286E-03
  0.1423E+03  0.1774E-02  0.1277E-03
  0.1439E+03  0.1655E-02  0.1255E-03
  0.1454E+03  0.1526E-02  0.1209E-03
  0.1470E+03  0.1378E-02  0.1129E-03
  0.1485E+03  0.1201E-02  0.1008E-03
  0.1501E+03  0.9828E-03  0.8417E-04
  0.1516E+03  0.7151E-03  0.6227E-04
  0.1532E+03  0.3894E-03  0.3446E-04
  0.1547E+03  0.0000E+00  0.0000E+00
          Reciprocal space: Rg =   46.66     , I(0) =   0.1928E+02
     Real space: Rg =   46.92 +- 0.204  I(0) =   0.1928E+02 +-  0.9020E-01
