
           ####    G N O M   ---   Version 4.5a revised 09/02/02     ####

                                                  Tue Nov  3 18:13:33 2009
           ===    Run No   1   ===
 Run title:  0.010642 9.546999 0.303975


  Number of points omitted at the beginning:          20
   *******   Working Directory :
   *******    Input file(s) :
           Condition P(rmin) = 0 is used. 
           Condition P(rmax) = 0 is used. 

          Experimental conditions for the first run
          -----------------------------------------

          Highest ALPHA is found to be   0.4353E+02

  The measure of inconsistency AN1 equals to    0.8028E+00
     Alpha    Discrp  Oscill  Stabil  Sysdev  Positv  Valcen    Total   
  0.4353E+05 20.2848  1.2459  0.9664  0.0952  1.0000  0.8437  0.33059
  0.8707E+04 18.6030  1.2371  0.8837  0.4000  1.0000  0.8461  0.40327
  0.1741E+04 13.5202  1.2046  0.6384  0.3429  1.0000  0.8556  0.38768
  0.3483E+03  6.6752  1.1537  0.3248  0.1762  1.0000  0.8768  0.35750
  0.6965E+02  2.3224  1.1587  0.1130  0.4190  1.0000  0.8920  0.52216
  0.1393E+02  0.7739  1.1874  0.0309  0.8000  1.0000  0.8938  0.91512
  0.2786E+01  0.4884  1.2049  0.0090  0.9238  1.0000  0.8923  0.94784
  0.5572E+00  0.4638  1.2128  0.0041  0.9667  1.0000  0.8915  0.95157
  0.1114E+00  0.4603  1.2239  0.0079  0.9667  1.0000  0.8912  0.94979
  0.2229E-01  0.4569  1.2853  0.0128  0.9619  1.0000  0.8907  0.94345
  0.4458E-02  0.4546  1.4729  0.0244  0.9714  1.0000  0.8906  0.90087
  0.8916E-03  0.4521  2.2740  0.0608  0.9619  0.9999  0.8895  0.69458
  0.1783E-03  0.4483  5.2248  0.2342  0.9476  0.9959  0.8703  0.51063
  0.3566E-04  0.4396 12.4432  0.4813  0.9429  0.9552  0.6478  0.44837
  0.7133E-05  0.4308 16.2288  0.2751  0.9524  0.8794  0.3708  0.00000

          ***  Golden section search to maximize estimate ***
     Alpha    Discrp  Oscill  Stabil  Sysdev  Positv  Valcen    Total   
  0.1030E+01  0.4673  1.2104  0.0048  0.9381  1.0000  0.8917  0.94687
  0.4406E+00  0.4631  1.2138  0.0041  0.9667  1.0000  0.8915  0.95137
  0.7047E+00  0.4648  1.2119  0.0042  0.9476  1.0000  0.8916  0.94790
  0.5094E+00  0.4635  1.2132  0.0041  0.9667  1.0000  0.8915  0.95149
  0.6095E+00  0.4642  1.2125  0.0041  0.9667  1.0000  0.8916  0.95165
  0.6443E+00  0.4644  1.2123  0.0042  0.9667  1.0000  0.8916  0.95170
  0.6667E+00  0.4646  1.2121  0.0042  0.9667  1.0000  0.8916  0.95174
  0.6810E+00  0.4647  1.2121  0.0042  0.9476  1.0000  0.8916  0.94786
  0.6580E+00  0.4645  1.2122  0.0042  0.9667  1.0000  0.8916  0.95172
  0.6721E+00  0.4646  1.2121  0.0042  0.9476  1.0000  0.8916  0.94785
  0.6634E+00  0.4645  1.2122  0.0042  0.9667  1.0000  0.8916  0.95173
  0.6688E+00  0.4646  1.2121  0.0042  0.9476  1.0000  0.8916  0.94784
  0.6654E+00  0.4645  1.2121  0.0042  0.9667  1.0000  0.8916  0.95174
  0.6675E+00  0.4646  1.2121  0.0042  0.9667  1.0000  0.8916  0.95174
  0.6680E+00  0.4646  1.2121  0.0042  0.9571  1.0000  0.8916  0.95174
  0.6683E+00  0.4646  1.2121  0.0042  0.9571  1.0000  0.8916  0.95174
  0.6685E+00  0.4646  1.2121  0.0042  0.9571  1.0000  0.8916  0.95174
  0.6685E+00  0.4646  1.2121  0.0042  0.9571  1.0000  0.8916  0.95174



             ####            Final results            ####

 Parameter    DISCRP    OSCILL    STABIL    SYSDEV    POSITV    VALCEN
 Weight        1.000     3.000     3.000     5.000     1.000     1.000
 Sigma         0.300     0.600     0.120     0.500     0.120     0.120
 Ideal         0.700     1.200     0.000     1.000     1.000     0.950
 Current       0.465     1.212     0.004     0.957     1.000     0.892
                - - - - - - - - - - - - - - - - - - - - - - - - - 
 Estimate      0.540     1.000     0.999     1.000     1.000     0.789

  Angular   range    :     from    0.0234   to    0.3244
  Real space range   :     from      0.00   to    117.90

  Highest ALPHA (theor) :   0.435E+05                 JOB = 0
  Current ALPHA         :   0.668E+00   Rg :  0.404E+02   I(0) :   0.871E+01

           Total  estimate : 0.952  which is  AN EXCELLENT  solution

      S          J EXP       ERROR       J REG       I REG

  0.0000E+00                                      0.8708E+01
  0.8362E-03                                      0.8705E+01
  0.1672E-02                                      0.8695E+01
  0.2509E-02                                      0.8679E+01
  0.3345E-02                                      0.8655E+01
  0.4181E-02                                      0.8626E+01
  0.5017E-02                                      0.8590E+01
  0.5853E-02                                      0.8547E+01
  0.6689E-02                                      0.8499E+01
  0.7526E-02                                      0.8444E+01
  0.8362E-02                                      0.8383E+01
  0.9198E-02                                      0.8316E+01
  0.1003E-01                                      0.8244E+01
  0.1087E-01                                      0.8166E+01
  0.1171E-01                                      0.8083E+01
  0.1254E-01                                      0.7994E+01
  0.1338E-01                                      0.7901E+01
  0.1422E-01                                      0.7803E+01
  0.1505E-01                                      0.7700E+01
  0.1589E-01                                      0.7593E+01
  0.1672E-01                                      0.7482E+01
  0.1756E-01                                      0.7368E+01
  0.1840E-01                                      0.7249E+01
  0.1923E-01                                      0.7128E+01
  0.2007E-01                                      0.7003E+01
  0.2090E-01                                      0.6876E+01
  0.2174E-01                                      0.6746E+01
  0.2258E-01                                      0.6614E+01
  0.2341E-01  0.6462E+01  0.1217E+00  0.6480E+01  0.6480E+01
  0.2402E-01  0.6346E+01  0.1112E+00  0.6381E+01  0.6381E+01
  0.2463E-01  0.6397E+01  0.1036E+00  0.6282E+01  0.6282E+01
  0.2524E-01  0.6234E+01  0.1053E+00  0.6182E+01  0.6182E+01
  0.2585E-01  0.6128E+01  0.1165E+00  0.6081E+01  0.6081E+01
  0.2645E-01  0.6066E+01  0.1050E+00  0.5980E+01  0.5980E+01
  0.2706E-01  0.5935E+01  0.9899E-01  0.5878E+01  0.5878E+01
  0.2767E-01  0.5680E+01  0.9478E-01  0.5777E+01  0.5777E+01
  0.2828E-01  0.5644E+01  0.9391E-01  0.5675E+01  0.5675E+01
  0.2889E-01  0.5574E+01  0.9407E-01  0.5573E+01  0.5573E+01
  0.2949E-01  0.5500E+01  0.8821E-01  0.5470E+01  0.5470E+01
  0.3010E-01  0.5523E+01  0.6802E-01  0.5368E+01  0.5368E+01
  0.3071E-01  0.5344E+01  0.9774E-01  0.5266E+01  0.5266E+01
  0.3132E-01  0.5182E+01  0.7917E-01  0.5165E+01  0.5165E+01
  0.3193E-01  0.5012E+01  0.7035E-01  0.5063E+01  0.5063E+01
  0.3254E-01  0.5000E+01  0.8135E-01  0.4963E+01  0.4963E+01
  0.3314E-01  0.4901E+01  0.8822E-01  0.4862E+01  0.4862E+01
  0.3375E-01  0.4798E+01  0.8414E-01  0.4763E+01  0.4763E+01
  0.3436E-01  0.4736E+01  0.8461E-01  0.4664E+01  0.4664E+01
  0.3497E-01  0.4580E+01  0.7430E-01  0.4565E+01  0.4565E+01
  0.3558E-01  0.4420E+01  0.8219E-01  0.4468E+01  0.4468E+01
  0.3618E-01  0.4408E+01  0.6888E-01  0.4371E+01  0.4371E+01
  0.3679E-01  0.4063E+01  0.7921E-01  0.4275E+01  0.4275E+01
  0.3740E-01  0.4229E+01  0.7532E-01  0.4181E+01  0.4181E+01
  0.3801E-01  0.3976E+01  0.8634E-01  0.4087E+01  0.4087E+01
  0.3862E-01  0.3959E+01  0.6289E-01  0.3994E+01  0.3994E+01
  0.3922E-01  0.3840E+01  0.8278E-01  0.3903E+01  0.3903E+01
  0.3983E-01  0.3793E+01  0.5408E-01  0.3813E+01  0.3813E+01
  0.4044E-01  0.3662E+01  0.6977E-01  0.3724E+01  0.3724E+01
  0.4105E-01  0.3642E+01  0.5826E-01  0.3636E+01  0.3636E+01
  0.4166E-01  0.3507E+01  0.6925E-01  0.3550E+01  0.3550E+01
  0.4227E-01  0.3554E+01  0.6468E-01  0.3466E+01  0.3466E+01
  0.4287E-01  0.3376E+01  0.6617E-01  0.3382E+01  0.3382E+01
  0.4348E-01  0.3393E+01  0.6886E-01  0.3300E+01  0.3300E+01
  0.4409E-01  0.3183E+01  0.5324E-01  0.3220E+01  0.3220E+01
  0.4470E-01  0.3079E+01  0.6152E-01  0.3141E+01  0.3141E+01
  0.4531E-01  0.3114E+01  0.5167E-01  0.3064E+01  0.3064E+01
  0.4591E-01  0.2934E+01  0.6448E-01  0.2988E+01  0.2988E+01
  0.4652E-01  0.2950E+01  0.5474E-01  0.2913E+01  0.2913E+01
  0.4713E-01  0.2761E+01  0.6076E-01  0.2841E+01  0.2841E+01
  0.4774E-01  0.2706E+01  0.5113E-01  0.2770E+01  0.2770E+01
  0.4835E-01  0.2655E+01  0.6324E-01  0.2700E+01  0.2700E+01
  0.4895E-01  0.2539E+01  0.5557E-01  0.2632E+01  0.2632E+01
  0.4956E-01  0.2528E+01  0.5622E-01  0.2566E+01  0.2566E+01
  0.5017E-01  0.2458E+01  0.4767E-01  0.2501E+01  0.2501E+01
  0.5078E-01  0.2488E+01  0.5863E-01  0.2438E+01  0.2438E+01
  0.5139E-01  0.2341E+01  0.4955E-01  0.2376E+01  0.2376E+01
  0.5200E-01  0.2361E+01  0.5156E-01  0.2316E+01  0.2316E+01
  0.5260E-01  0.2220E+01  0.4760E-01  0.2258E+01  0.2258E+01
  0.5321E-01  0.2255E+01  0.4618E-01  0.2201E+01  0.2201E+01
  0.5382E-01  0.2183E+01  0.4868E-01  0.2146E+01  0.2146E+01
  0.5443E-01  0.2135E+01  0.4604E-01  0.2092E+01  0.2092E+01
  0.5504E-01  0.2052E+01  0.5534E-01  0.2040E+01  0.2040E+01
  0.5564E-01  0.1964E+01  0.4305E-01  0.1989E+01  0.1989E+01
  0.5625E-01  0.1955E+01  0.4448E-01  0.1940E+01  0.1940E+01
  0.5686E-01  0.1931E+01  0.4706E-01  0.1892E+01  0.1892E+01
  0.5747E-01  0.1974E+01  0.4925E-01  0.1846E+01  0.1846E+01
  0.5808E-01  0.1892E+01  0.4498E-01  0.1801E+01  0.1801E+01
  0.5868E-01  0.1873E+01  0.5092E-01  0.1757E+01  0.1757E+01
  0.5929E-01  0.1687E+01  0.4664E-01  0.1715E+01  0.1715E+01
  0.5990E-01  0.1663E+01  0.5309E-01  0.1674E+01  0.1674E+01
  0.6051E-01  0.1632E+01  0.4995E-01  0.1634E+01  0.1634E+01
  0.6112E-01  0.1559E+01  0.4808E-01  0.1595E+01  0.1595E+01
  0.6173E-01  0.1533E+01  0.5179E-01  0.1558E+01  0.1558E+01
  0.6233E-01  0.1483E+01  0.4458E-01  0.1522E+01  0.1522E+01
  0.6294E-01  0.1471E+01  0.4453E-01  0.1487E+01  0.1487E+01
  0.6355E-01  0.1433E+01  0.4629E-01  0.1453E+01  0.1453E+01
  0.6416E-01  0.1382E+01  0.4585E-01  0.1420E+01  0.1420E+01
  0.6477E-01  0.1346E+01  0.4045E-01  0.1388E+01  0.1388E+01
  0.6537E-01  0.1405E+01  0.4251E-01  0.1358E+01  0.1358E+01
  0.6598E-01  0.1278E+01  0.4488E-01  0.1328E+01  0.1328E+01
  0.6659E-01  0.1372E+01  0.4500E-01  0.1299E+01  0.1299E+01
  0.6720E-01  0.1231E+01  0.4135E-01  0.1271E+01  0.1271E+01
  0.6781E-01  0.1321E+01  0.3994E-01  0.1244E+01  0.1244E+01
  0.6841E-01  0.1217E+01  0.4251E-01  0.1217E+01  0.1217E+01
  0.6902E-01  0.1198E+01  0.4062E-01  0.1192E+01  0.1192E+01
  0.6963E-01  0.1159E+01  0.4609E-01  0.1167E+01  0.1167E+01
  0.7024E-01  0.1129E+01  0.4651E-01  0.1143E+01  0.1143E+01
  0.7085E-01  0.1164E+01  0.4621E-01  0.1120E+01  0.1120E+01
  0.7146E-01  0.1060E+01  0.4190E-01  0.1097E+01  0.1097E+01
  0.7206E-01  0.1104E+01  0.4012E-01  0.1075E+01  0.1075E+01
  0.7267E-01  0.1053E+01  0.3908E-01  0.1054E+01  0.1054E+01
  0.7328E-01  0.1062E+01  0.3763E-01  0.1033E+01  0.1033E+01
  0.7389E-01  0.1103E+01  0.4024E-01  0.1013E+01  0.1013E+01
  0.7450E-01  0.1032E+01  0.4561E-01  0.9932E+00  0.9932E+00
  0.7510E-01  0.9739E+00  0.3824E-01  0.9739E+00  0.9739E+00
  0.7571E-01  0.9618E+00  0.4193E-01  0.9552E+00  0.9552E+00
  0.7632E-01  0.9668E+00  0.3783E-01  0.9368E+00  0.9368E+00
  0.7693E-01  0.9169E+00  0.5803E-01  0.9189E+00  0.9189E+00
  0.7754E-01  0.8903E+00  0.3462E-01  0.9013E+00  0.9013E+00
  0.7814E-01  0.9151E+00  0.3755E-01  0.8842E+00  0.8842E+00
  0.7875E-01  0.8136E+00  0.3416E-01  0.8674E+00  0.8674E+00
  0.7936E-01  0.8626E+00  0.3473E-01  0.8509E+00  0.8509E+00
  0.7997E-01  0.7996E+00  0.3329E-01  0.8347E+00  0.8347E+00
  0.8058E-01  0.8361E+00  0.3304E-01  0.8189E+00  0.8189E+00
  0.8118E-01  0.8280E+00  0.3426E-01  0.8033E+00  0.8033E+00
  0.8179E-01  0.7550E+00  0.3029E-01  0.7879E+00  0.7879E+00
  0.8240E-01  0.7728E+00  0.3557E-01  0.7729E+00  0.7729E+00
  0.8301E-01  0.8074E+00  0.3331E-01  0.7580E+00  0.7580E+00
  0.8362E-01  0.7888E+00  0.3050E-01  0.7434E+00  0.7434E+00
  0.8423E-01  0.7561E+00  0.3229E-01  0.7290E+00  0.7290E+00
  0.8483E-01  0.7125E+00  0.3342E-01  0.7148E+00  0.7148E+00
  0.8544E-01  0.6727E+00  0.3419E-01  0.7007E+00  0.7007E+00
  0.8605E-01  0.6578E+00  0.3670E-01  0.6869E+00  0.6869E+00
  0.8666E-01  0.6156E+00  0.3278E-01  0.6732E+00  0.6732E+00
  0.8727E-01  0.6566E+00  0.3496E-01  0.6597E+00  0.6597E+00
  0.8787E-01  0.6480E+00  0.3332E-01  0.6463E+00  0.6463E+00
  0.8848E-01  0.6315E+00  0.3713E-01  0.6331E+00  0.6331E+00
  0.8909E-01  0.5694E+00  0.3569E-01  0.6201E+00  0.6201E+00
  0.8970E-01  0.5452E+00  0.3402E-01  0.6072E+00  0.6072E+00
  0.9031E-01  0.5601E+00  0.3511E-01  0.5944E+00  0.5944E+00
  0.9091E-01  0.5769E+00  0.3559E-01  0.5818E+00  0.5818E+00
  0.9152E-01  0.5323E+00  0.3241E-01  0.5694E+00  0.5694E+00
  0.9213E-01  0.5291E+00  0.3435E-01  0.5570E+00  0.5570E+00
  0.9274E-01  0.5405E+00  0.3274E-01  0.5448E+00  0.5448E+00
  0.9335E-01  0.4964E+00  0.3401E-01  0.5327E+00  0.5327E+00
  0.9396E-01  0.5617E+00  0.3662E-01  0.5208E+00  0.5208E+00
  0.9456E-01  0.5413E+00  0.3214E-01  0.5090E+00  0.5090E+00
  0.9517E-01  0.5139E+00  0.3052E-01  0.4973E+00  0.4973E+00
  0.9578E-01  0.4779E+00  0.2903E-01  0.4858E+00  0.4858E+00
  0.9639E-01  0.4781E+00  0.3305E-01  0.4744E+00  0.4744E+00
  0.9700E-01  0.4262E+00  0.3137E-01  0.4632E+00  0.4632E+00
  0.9760E-01  0.4363E+00  0.3182E-01  0.4521E+00  0.4521E+00
  0.9821E-01  0.3628E+00  0.3381E-01  0.4411E+00  0.4411E+00
  0.9882E-01  0.4633E+00  0.2901E-01  0.4304E+00  0.4304E+00
  0.9943E-01  0.4176E+00  0.3095E-01  0.4197E+00  0.4197E+00
  0.1000E+00  0.4736E+00  0.3100E-01  0.4092E+00  0.4092E+00
  0.1006E+00  0.4066E+00  0.2912E-01  0.3989E+00  0.3989E+00
  0.1013E+00  0.4402E+00  0.3040E-01  0.3888E+00  0.3888E+00
  0.1019E+00  0.3547E+00  0.6940E-01  0.3788E+00  0.3788E+00
  0.1025E+00  0.3549E+00  0.2773E-01  0.3690E+00  0.3690E+00
  0.1031E+00  0.4070E+00  0.3564E-01  0.3593E+00  0.3593E+00
  0.1037E+00  0.3373E+00  0.2829E-01  0.3498E+00  0.3498E+00
  0.1043E+00  0.4217E+00  0.3286E-01  0.3405E+00  0.3405E+00
  0.1049E+00  0.3381E+00  0.2925E-01  0.3314E+00  0.3314E+00
  0.1055E+00  0.3573E+00  0.3161E-01  0.3225E+00  0.3225E+00
  0.1061E+00  0.2706E+00  0.2700E-01  0.3137E+00  0.3137E+00
  0.1067E+00  0.3412E+00  0.2656E-01  0.3051E+00  0.3051E+00
  0.1073E+00  0.2196E+00  0.2752E-01  0.2968E+00  0.2968E+00
  0.1079E+00  0.2185E+00  0.2775E-01  0.2886E+00  0.2886E+00
  0.1085E+00  0.2527E+00  0.2793E-01  0.2806E+00  0.2806E+00
  0.1092E+00  0.2039E+00  0.2902E-01  0.2728E+00  0.2728E+00
  0.1098E+00  0.2974E+00  0.2902E-01  0.2651E+00  0.2651E+00
  0.1104E+00  0.1863E+00  0.2889E-01  0.2577E+00  0.2577E+00
  0.1110E+00  0.2787E+00  0.3103E-01  0.2505E+00  0.2505E+00
  0.1116E+00  0.2054E+00  0.2769E-01  0.2435E+00  0.2435E+00
  0.1122E+00  0.2823E+00  0.2625E-01  0.2366E+00  0.2366E+00
  0.1128E+00  0.2738E+00  0.2574E-01  0.2300E+00  0.2300E+00
  0.1134E+00  0.2889E+00  0.2748E-01  0.2236E+00  0.2236E+00
  0.1140E+00  0.2379E+00  0.2566E-01  0.2173E+00  0.2173E+00
  0.1146E+00  0.2715E+00  0.2813E-01  0.2112E+00  0.2112E+00
  0.1152E+00  0.2235E+00  0.2942E-01  0.2053E+00  0.2053E+00
  0.1158E+00  0.2300E+00  0.3056E-01  0.1997E+00  0.1997E+00
  0.1165E+00  0.1883E+00  0.2781E-01  0.1942E+00  0.1942E+00
  0.1171E+00  0.1830E+00  0.2825E-01  0.1888E+00  0.1888E+00
  0.1177E+00  0.2271E+00  0.2496E-01  0.1837E+00  0.1837E+00
  0.1183E+00  0.2065E+00  0.2657E-01  0.1787E+00  0.1787E+00
  0.1189E+00  0.1645E+00  0.2949E-01  0.1739E+00  0.1739E+00
  0.1195E+00  0.1936E+00  0.9294E-01  0.1693E+00  0.1693E+00
  0.1201E+00  0.1593E+00  0.3124E-01  0.1649E+00  0.1649E+00
  0.1207E+00  0.1926E+00  0.4559E-01  0.1606E+00  0.1606E+00
  0.1213E+00  0.1073E+00  0.2928E-01  0.1564E+00  0.1564E+00
  0.1219E+00  0.1963E+00  0.3564E-01  0.1525E+00  0.1525E+00
  0.1225E+00  0.1329E+00  0.5116E-01  0.1486E+00  0.1486E+00
  0.1231E+00  0.1360E+00  0.2689E-01  0.1450E+00  0.1450E+00
  0.1238E+00  0.8275E-01  0.3134E-01  0.1414E+00  0.1414E+00
  0.1244E+00  0.1362E+00  0.2715E-01  0.1380E+00  0.1380E+00
  0.1250E+00  0.1383E+00  0.2827E-01  0.1348E+00  0.1348E+00
  0.1256E+00  0.1429E+00  0.2519E-01  0.1317E+00  0.1317E+00
  0.1262E+00  0.1506E+00  0.2620E-01  0.1286E+00  0.1286E+00
  0.1268E+00  0.1352E+00  0.2850E-01  0.1258E+00  0.1258E+00
  0.1274E+00  0.1719E+00  0.2621E-01  0.1230E+00  0.1230E+00
  0.1280E+00  0.1435E+00  0.7754E-01  0.1203E+00  0.1203E+00
  0.1286E+00  0.8463E-01  0.4629E-01  0.1177E+00  0.1177E+00
  0.1292E+00  0.7466E-01  0.3650E-01  0.1153E+00  0.1153E+00
  0.1298E+00  0.9050E-01  0.2942E-01  0.1129E+00  0.1129E+00
  0.1304E+00  0.6041E-01  0.2776E-01  0.1106E+00  0.1106E+00
  0.1310E+00  0.1531E+00  0.2408E-01  0.1085E+00  0.1085E+00
  0.1317E+00  0.8258E-01  0.2730E-01  0.1063E+00  0.1063E+00
  0.1323E+00  0.1104E+00  0.2645E-01  0.1043E+00  0.1043E+00
  0.1329E+00  0.8468E-01  0.2735E-01  0.1024E+00  0.1024E+00
  0.1335E+00  0.7751E-01  0.2419E-01  0.1005E+00  0.1005E+00
  0.1341E+00  0.7379E-01  0.2704E-01  0.9863E-01  0.9863E-01
  0.1347E+00  0.8959E-01  0.2602E-01  0.9686E-01  0.9686E-01
  0.1353E+00  0.5827E-01  0.2376E-01  0.9514E-01  0.9514E-01
  0.1359E+00  0.7258E-01  0.2447E-01  0.9348E-01  0.9348E-01
  0.1365E+00  0.1162E+00  0.2470E-01  0.9187E-01  0.9187E-01
  0.1371E+00  0.1245E+00  0.2589E-01  0.9030E-01  0.9030E-01
  0.1377E+00  0.1037E+00  0.2512E-01  0.8877E-01  0.8877E-01
  0.1383E+00  0.5677E-01  0.2383E-01  0.8728E-01  0.8728E-01
  0.1390E+00  0.7163E-01  0.2721E-01  0.8582E-01  0.8582E-01
  0.1396E+00  0.5925E-01  0.2571E-01  0.8440E-01  0.8440E-01
  0.1402E+00  0.5221E-01  0.2715E-01  0.8300E-01  0.8300E-01
  0.1408E+00  0.7067E-01  0.2605E-01  0.8163E-01  0.8163E-01
  0.1414E+00  0.8006E-02  0.2702E-01  0.8029E-01  0.8029E-01
  0.1420E+00  0.3032E-01  0.2835E-01  0.7897E-01  0.7897E-01
  0.1426E+00  0.5131E-01  0.2533E-01  0.7767E-01  0.7767E-01
  0.1432E+00  0.5503E-01  0.2565E-01  0.7638E-01  0.7638E-01
  0.1438E+00  0.9084E-01  0.2614E-01  0.7512E-01  0.7512E-01
  0.1444E+00  0.3330E-01  0.2390E-01  0.7387E-01  0.7387E-01
  0.1450E+00  0.8656E-01  0.2418E-01  0.7263E-01  0.7263E-01
  0.1456E+00  0.6252E-01  0.2376E-01  0.7141E-01  0.7141E-01
  0.1463E+00  0.7610E-01  0.2677E-01  0.7020E-01  0.7020E-01
  0.1469E+00  0.6184E-01  0.2434E-01  0.6900E-01  0.6900E-01
  0.1475E+00  0.8608E-01  0.2610E-01  0.6781E-01  0.6781E-01
  0.1481E+00  0.8462E-01  0.2426E-01  0.6663E-01  0.6663E-01
  0.1487E+00  0.5004E-01  0.2385E-01  0.6546E-01  0.6546E-01
  0.1499E+00  0.1913E-01  0.2455E-01  0.6315E-01  0.6315E-01
  0.1511E+00  0.6235E-01  0.2360E-01  0.6087E-01  0.6087E-01
  0.1517E+00  0.4428E-01  0.2359E-01  0.5975E-01  0.5975E-01
  0.1523E+00  0.1112E+00  0.2520E-01  0.5864E-01  0.5864E-01
  0.1529E+00  0.1104E+00  0.2353E-01  0.5753E-01  0.5753E-01
  0.1535E+00  0.7026E-01  0.2477E-01  0.5644E-01  0.5644E-01
  0.1542E+00  0.8759E-01  0.2323E-01  0.5535E-01  0.5535E-01
  0.1548E+00  0.5701E-01  0.2313E-01  0.5428E-01  0.5428E-01
  0.1554E+00  0.5521E-01  0.2412E-01  0.5322E-01  0.5322E-01
  0.1560E+00  0.9724E-01  0.2227E-01  0.5217E-01  0.5217E-01
  0.1566E+00  0.5870E-01  0.2344E-01  0.5113E-01  0.5113E-01
  0.1572E+00  0.9125E-01  0.2354E-01  0.5011E-01  0.5011E-01
  0.1578E+00  0.4713E-01  0.2316E-01  0.4910E-01  0.4910E-01
  0.1584E+00  0.8079E-01  0.2137E-01  0.4811E-01  0.4811E-01
  0.1590E+00  0.8047E-01  0.2332E-01  0.4713E-01  0.4713E-01
  0.1596E+00  0.8616E-01  0.2263E-01  0.4618E-01  0.4618E-01
  0.1602E+00  0.2759E-01  0.2381E-01  0.4523E-01  0.4523E-01
  0.1615E+00  0.1467E-01  0.1880E+00  0.4340E-01  0.4340E-01
  0.1627E+00  0.6167E-01  0.1217E+00  0.4165E-01  0.4165E-01
  0.1633E+00  0.3881E-01  0.2268E-01  0.4081E-01  0.4081E-01
  0.1639E+00  0.3385E-01  0.3311E-01  0.3998E-01  0.3998E-01
  0.1645E+00  0.1377E-01  0.2382E-01  0.3918E-01  0.3918E-01
  0.1651E+00  0.3426E-01  0.2190E-01  0.3840E-01  0.3840E-01
  0.1657E+00  0.1268E-01  0.2272E-01  0.3764E-01  0.3764E-01
  0.1663E+00  0.5062E-01  0.2284E-01  0.3691E-01  0.3691E-01
  0.1669E+00  0.6840E-01  0.2262E-01  0.3619E-01  0.3619E-01
  0.1675E+00  0.4979E-01  0.2270E-01  0.3551E-01  0.3551E-01
  0.1681E+00  0.4397E-01  0.2309E-01  0.3484E-01  0.3484E-01
  0.1688E+00  0.1537E-01  0.2200E-01  0.3420E-01  0.3420E-01
  0.1694E+00  0.3732E-01  0.2110E-01  0.3358E-01  0.3358E-01
  0.1700E+00  0.3706E-02  0.2209E-01  0.3299E-01  0.3299E-01
  0.1706E+00  0.1189E-01  0.2365E-01  0.3243E-01  0.3243E-01
  0.1712E+00  0.7365E-01  0.2178E-01  0.3188E-01  0.3188E-01
  0.1718E+00  0.2636E-02  0.2273E-01  0.3136E-01  0.3136E-01
  0.1724E+00  0.6424E-01  0.2455E-01  0.3086E-01  0.3086E-01
  0.1730E+00  0.4266E-01  0.2231E-01  0.3039E-01  0.3039E-01
  0.1748E+00  0.9786E-02  0.2188E-01  0.2911E-01  0.2911E-01
  0.1754E+00  0.2672E-01  0.2370E-01  0.2872E-01  0.2872E-01
  0.1760E+00  0.4263E-02  0.2202E-01  0.2836E-01  0.2836E-01
  0.1767E+00  0.1130E-03  0.2277E-01  0.2802E-01  0.2802E-01
  0.1773E+00  0.1404E-01  0.2433E-01  0.2769E-01  0.2769E-01
  0.1779E+00  0.2110E-01  0.2216E-01  0.2739E-01  0.2739E-01
  0.1785E+00  0.3266E-01  0.2437E-01  0.2710E-01  0.2710E-01
  0.1791E+00  0.3135E-01  0.2288E-01  0.2684E-01  0.2684E-01
  0.1803E+00  0.2648E-01  0.2184E-01  0.2635E-01  0.2635E-01
  0.1815E+00  0.9061E-02  0.2024E-01  0.2593E-01  0.2593E-01
  0.1821E+00  0.1324E-01  0.2244E-01  0.2574E-01  0.2574E-01
  0.1833E+00  0.1223E-01  0.2366E-01  0.2540E-01  0.2540E-01
  0.1840E+00  0.3621E-01  0.2068E-01  0.2524E-01  0.2524E-01
  0.1846E+00  0.2010E-01  0.2210E-01  0.2510E-01  0.2510E-01
  0.1852E+00  0.9085E-02  0.2371E-01  0.2497E-01  0.2497E-01
  0.1864E+00  0.3489E-01  0.2247E-01  0.2473E-01  0.2473E-01
  0.1870E+00  0.1665E-01  0.2260E-01  0.2462E-01  0.2462E-01
  0.1876E+00  0.2739E-01  0.2285E-01  0.2452E-01  0.2452E-01
  0.1882E+00  0.1274E-01  0.2056E-01  0.2443E-01  0.2443E-01
  0.1888E+00  0.3682E-01  0.2137E-01  0.2434E-01  0.2434E-01
  0.1900E+00  0.7979E-02  0.2119E-01  0.2417E-01  0.2417E-01
  0.1912E+00  0.9899E-02  0.2057E-01  0.2402E-01  0.2402E-01
  0.1931E+00  0.2120E-01  0.3304E-01  0.2381E-01  0.2381E-01
  0.1937E+00  0.8491E-02  0.2095E-01  0.2374E-01  0.2374E-01
  0.1943E+00  0.4732E-01  0.2251E-01  0.2368E-01  0.2368E-01
  0.1949E+00  0.1840E-01  0.2068E-01  0.2361E-01  0.2361E-01
  0.1955E+00  0.2393E-02  0.2226E-01  0.2354E-01  0.2354E-01
  0.1961E+00  0.3983E-01  0.5729E-01  0.2348E-01  0.2348E-01
  0.1967E+00  0.5124E-01  0.2583E-01  0.2341E-01  0.2341E-01
  0.1973E+00  0.1196E-01  0.1110E+00  0.2334E-01  0.2334E-01
  0.1979E+00  0.1762E-01  0.3239E-01  0.2327E-01  0.2327E-01
  0.1992E+00  0.2119E-01  0.2473E-01  0.2313E-01  0.2313E-01
  0.1998E+00  0.5188E-01  0.2515E-01  0.2306E-01  0.2306E-01
  0.2004E+00  0.4583E-01  0.2140E-01  0.2299E-01  0.2299E-01
  0.2010E+00  0.5081E-01  0.2084E-01  0.2292E-01  0.2292E-01
  0.2016E+00  0.7358E-01  0.2071E-01  0.2284E-01  0.2284E-01
  0.2022E+00  0.2107E-01  0.2309E-01  0.2277E-01  0.2277E-01
  0.2034E+00  0.5370E-02  0.2212E-01  0.2262E-01  0.2262E-01
  0.2040E+00  0.2427E-01  0.2185E-01  0.2254E-01  0.2254E-01
  0.2046E+00  0.3208E-01  0.2142E-01  0.2247E-01  0.2247E-01
  0.2052E+00  0.3404E-01  0.2122E-01  0.2239E-01  0.2239E-01
  0.2058E+00  0.5014E-02  0.2328E-01  0.2232E-01  0.2232E-01
  0.2071E+00  0.8340E-02  0.2414E-01  0.2217E-01  0.2217E-01
  0.2077E+00  0.1671E-01  0.2116E-01  0.2210E-01  0.2210E-01
  0.2089E+00  0.3237E-01  0.2124E-01  0.2196E-01  0.2196E-01
  0.2095E+00  0.2778E-01  0.2132E-01  0.2190E-01  0.2190E-01
  0.2101E+00  0.1438E-01  0.2180E-01  0.2184E-01  0.2184E-01
  0.2107E+00  0.2646E-01  0.2078E-01  0.2178E-01  0.2178E-01
  0.2119E+00  0.3515E-02  0.2038E-01  0.2167E-01  0.2167E-01
  0.2125E+00  0.1040E-01  0.2133E-01  0.2162E-01  0.2162E-01
  0.2131E+00  0.1723E-01  0.2093E-01  0.2158E-01  0.2158E-01
  0.2137E+00  0.2373E-01  0.2002E-01  0.2154E-01  0.2154E-01
  0.2156E+00  0.2939E-01  0.2225E-01  0.2145E-01  0.2145E-01
  0.2162E+00  0.5034E-01  0.2147E-01  0.2143E-01  0.2143E-01
  0.2168E+00  0.1098E-01  0.2185E-01  0.2141E-01  0.2141E-01
  0.2174E+00  0.3013E-01  0.2197E-01  0.2140E-01  0.2140E-01
  0.2186E+00  0.1156E-01  0.2265E-01  0.2140E-01  0.2140E-01
  0.2223E+00  0.9373E-02  0.2062E-01  0.2153E-01  0.2153E-01
  0.2235E+00  0.1072E-01  0.3141E-01  0.2162E-01  0.2162E-01
  0.2253E+00  0.4602E-01  0.2275E-01  0.2179E-01  0.2179E-01
  0.2259E+00  0.1154E-01  0.2072E-01  0.2185E-01  0.2185E-01
  0.2265E+00  0.4044E-01  0.2066E-01  0.2192E-01  0.2192E-01
  0.2271E+00  0.1446E-01  0.2100E-01  0.2200E-01  0.2200E-01
  0.2277E+00  0.2657E-01  0.2209E-01  0.2208E-01  0.2208E-01
  0.2283E+00  0.2250E-01  0.1980E-01  0.2216E-01  0.2216E-01
  0.2289E+00  0.5218E-02  0.2134E-01  0.2224E-01  0.2224E-01
  0.2296E+00  0.3636E-01  0.2127E-01  0.2233E-01  0.2233E-01
  0.2302E+00  0.7989E-01  0.2051E-01  0.2242E-01  0.2242E-01
  0.2308E+00  0.3010E-03  0.2113E-01  0.2251E-01  0.2251E-01
  0.2314E+00  0.2063E-01  0.2615E-01  0.2261E-01  0.2261E-01
  0.2326E+00  0.1573E-01  0.1950E-01  0.2280E-01  0.2280E-01
  0.2332E+00  0.1319E-01  0.2565E-01  0.2290E-01  0.2290E-01
  0.2338E+00  0.1585E-01  0.1966E-01  0.2299E-01  0.2299E-01
  0.2344E+00  0.1355E-01  0.1997E-01  0.2309E-01  0.2309E-01
  0.2350E+00  0.6755E-01  0.1861E-01  0.2319E-01  0.2319E-01
  0.2356E+00  0.3331E-01  0.2189E-01  0.2328E-01  0.2328E-01
  0.2362E+00  0.1948E-01  0.1977E-01  0.2338E-01  0.2338E-01
  0.2375E+00  0.9933E-02  0.1938E-01  0.2356E-01  0.2356E-01
  0.2387E+00  0.4826E-02  0.2026E-01  0.2373E-01  0.2373E-01
  0.2393E+00  0.2458E-02  0.2122E-01  0.2381E-01  0.2381E-01
  0.2399E+00  0.3182E-01  0.2085E-01  0.2389E-01  0.2389E-01
  0.2423E+00  0.6890E-02  0.2128E-01  0.2416E-01  0.2416E-01
  0.2429E+00  0.4474E-01  0.2110E-01  0.2422E-01  0.2422E-01
  0.2435E+00  0.1063E-01  0.2003E-01  0.2427E-01  0.2427E-01
  0.2441E+00  0.3722E-01  0.2063E-01  0.2431E-01  0.2431E-01
  0.2448E+00  0.3158E-01  0.2099E-01  0.2435E-01  0.2435E-01
  0.2454E+00  0.2499E-01  0.1949E-01  0.2439E-01  0.2439E-01
  0.2460E+00  0.3502E-01  0.2058E-01  0.2442E-01  0.2442E-01
  0.2472E+00  0.3743E-01  0.2075E-01  0.2446E-01  0.2446E-01
  0.2478E+00  0.2415E-01  0.2007E-01  0.2447E-01  0.2447E-01
  0.2484E+00  0.3897E-01  0.2132E-01  0.2448E-01  0.2448E-01
  0.2490E+00  0.3234E-01  0.2051E-01  0.2448E-01  0.2448E-01
  0.2496E+00  0.3951E-02  0.1978E-01  0.2448E-01  0.2448E-01
  0.2502E+00  0.2351E-01  0.2042E-01  0.2447E-01  0.2447E-01
  0.2508E+00  0.4599E-01  0.2251E-01  0.2445E-01  0.2445E-01
  0.2514E+00  0.3141E-01  0.2803E-01  0.2443E-01  0.2443E-01
  0.2527E+00  0.2027E-02  0.2242E-01  0.2438E-01  0.2438E-01
  0.2545E+00  0.2053E-01  0.1983E-01  0.2426E-01  0.2426E-01
  0.2557E+00  0.3085E-01  0.2002E-01  0.2416E-01  0.2416E-01
  0.2569E+00  0.3554E-01  0.2150E-01  0.2405E-01  0.2405E-01
  0.2575E+00  0.3307E-01  0.1991E-01  0.2399E-01  0.2399E-01
  0.2581E+00  0.1767E-01  0.2091E-01  0.2392E-01  0.2392E-01
  0.2587E+00  0.2796E-01  0.2011E-01  0.2386E-01  0.2386E-01
  0.2600E+00  0.1184E-01  0.2030E-01  0.2372E-01  0.2372E-01
  0.2618E+00  0.3020E-01  0.2070E-01  0.2351E-01  0.2351E-01
  0.2630E+00  0.1197E-01  0.1983E-01  0.2337E-01  0.2337E-01
  0.2636E+00  0.3452E-02  0.2118E-01  0.2329E-01  0.2329E-01
  0.2642E+00  0.1255E-01  0.1927E-01  0.2322E-01  0.2322E-01
  0.2648E+00  0.3734E-01  0.1965E-01  0.2315E-01  0.2315E-01
  0.2654E+00  0.3976E-01  0.1937E-01  0.2309E-01  0.2309E-01
  0.2660E+00  0.2474E-01  0.2063E-01  0.2302E-01  0.2302E-01
  0.2666E+00  0.5767E-01  0.1868E-01  0.2296E-01  0.2296E-01
  0.2673E+00  0.2583E-01  0.2123E-01  0.2289E-01  0.2289E-01
  0.2679E+00  0.3628E-01  0.1941E-01  0.2284E-01  0.2284E-01
  0.2685E+00  0.1595E-01  0.2004E-01  0.2278E-01  0.2278E-01
  0.2697E+00  0.9432E-02  0.1946E-01  0.2268E-01  0.2268E-01
  0.2703E+00  0.7499E-01  0.1848E-01  0.2263E-01  0.2263E-01
  0.2709E+00  0.3599E-01  0.2029E-01  0.2259E-01  0.2259E-01
  0.2715E+00  0.7618E-02  0.1881E-01  0.2255E-01  0.2255E-01
  0.2721E+00  0.2540E-01  0.1969E-01  0.2251E-01  0.2251E-01
  0.2733E+00  0.1785E-01  0.2029E-01  0.2245E-01  0.2245E-01
  0.2752E+00  0.1399E-01  0.1877E-01  0.2239E-01  0.2239E-01
  0.2758E+00  0.1355E-01  0.1873E-01  0.2238E-01  0.2238E-01
  0.2764E+00  0.8912E-02  0.2129E-01  0.2238E-01  0.2238E-01
  0.2770E+00  0.6715E-02  0.2017E-01  0.2237E-01  0.2237E-01
  0.2794E+00  0.2869E-01  0.1906E-01  0.2240E-01  0.2240E-01
  0.2800E+00  0.1568E-01  0.1874E-01  0.2242E-01  0.2242E-01
  0.2837E+00  0.9993E-02  0.2051E-01  0.2258E-01  0.2258E-01
  0.2843E+00  0.3251E-01  0.1823E-01  0.2262E-01  0.2262E-01
  0.2849E+00  0.2102E-01  0.2016E-01  0.2265E-01  0.2265E-01
  0.2855E+00  0.1928E-01  0.1801E-01  0.2269E-01  0.2269E-01
  0.2861E+00  0.2430E-01  0.1828E-01  0.2273E-01  0.2273E-01
  0.2867E+00  0.2598E-01  0.1954E-01  0.2278E-01  0.2278E-01
  0.2873E+00  0.4424E-01  0.1969E-01  0.2282E-01  0.2282E-01
  0.2879E+00  0.2286E-01  0.1845E-01  0.2286E-01  0.2286E-01
  0.2885E+00  0.4430E-01  0.2209E-01  0.2290E-01  0.2290E-01
  0.2891E+00  0.4902E-01  0.2033E-01  0.2295E-01  0.2295E-01
  0.2897E+00  0.3376E-01  0.1888E-01  0.2299E-01  0.2299E-01
  0.2904E+00  0.3368E-01  0.1794E-01  0.2303E-01  0.2303E-01
  0.2910E+00  0.9104E-02  0.1896E-01  0.2307E-01  0.2307E-01
  0.2916E+00  0.2463E-01  0.1717E-01  0.2311E-01  0.2311E-01
  0.2928E+00  0.1370E-01  0.1895E-01  0.2319E-01  0.2319E-01
  0.2952E+00  0.2968E-01  0.1869E-01  0.2332E-01  0.2332E-01
  0.2958E+00  0.3812E-01  0.1947E-01  0.2334E-01  0.2334E-01
  0.2970E+00  0.4736E-01  0.1817E-01  0.2338E-01  0.2338E-01
  0.2976E+00  0.1680E-01  0.1790E-01  0.2340E-01  0.2340E-01
  0.2983E+00  0.1969E-01  0.1907E-01  0.2341E-01  0.2341E-01
  0.2989E+00  0.2835E-01  0.1890E-01  0.2342E-01  0.2342E-01
  0.2995E+00  0.1543E-02  0.1704E-01  0.2342E-01  0.2342E-01
  0.3001E+00  0.2122E-02  0.1789E-01  0.2342E-01  0.2342E-01
  0.3007E+00  0.1073E-01  0.1791E-01  0.2342E-01  0.2342E-01
  0.3031E+00  0.3948E-01  0.1711E-01  0.2336E-01  0.2336E-01
  0.3037E+00  0.1920E-02  0.1631E-01  0.2333E-01  0.2333E-01
  0.3043E+00  0.4215E-01  0.1698E-01  0.2330E-01  0.2330E-01
  0.3062E+00  0.2191E-01  0.1656E-01  0.2319E-01  0.2319E-01
  0.3068E+00  0.1242E-01  0.1825E-01  0.2314E-01  0.2314E-01
  0.3074E+00  0.2580E-01  0.1685E-01  0.2309E-01  0.2309E-01
  0.3080E+00  0.1685E-01  0.1706E-01  0.2304E-01  0.2304E-01
  0.3086E+00  0.3704E-01  0.1843E-01  0.2298E-01  0.2298E-01
  0.3092E+00  0.1456E-01  0.1704E-01  0.2292E-01  0.2292E-01
  0.3098E+00  0.2574E-01  0.1704E-01  0.2286E-01  0.2286E-01
  0.3104E+00  0.1577E-01  0.1775E-01  0.2279E-01  0.2279E-01
  0.3110E+00  0.9691E-02  0.1641E-01  0.2272E-01  0.2272E-01
  0.3122E+00  0.1671E-01  0.1839E-01  0.2258E-01  0.2258E-01
  0.3128E+00  0.1733E-01  0.1778E-01  0.2249E-01  0.2249E-01
  0.3135E+00  0.2246E-01  0.1881E-01  0.2241E-01  0.2241E-01
  0.3141E+00  0.5777E-01  0.2054E-01  0.2233E-01  0.2233E-01
  0.3153E+00  0.1619E-01  0.1974E-01  0.2216E-01  0.2216E-01
  0.3171E+00  0.2448E-01  0.2124E-01  0.2189E-01  0.2189E-01
  0.3183E+00  0.3164E-01  0.2126E-01  0.2171E-01  0.2171E-01
  0.3195E+00  0.3346E-01  0.2320E-01  0.2153E-01  0.2153E-01
  0.3208E+00  0.9399E-02  0.2685E-01  0.2134E-01  0.2134E-01
  0.3214E+00  0.1196E-01  0.2974E-01  0.2125E-01  0.2125E-01
  0.3220E+00  0.3407E-01  0.3072E-01  0.2116E-01  0.2116E-01
  0.3226E+00  0.5485E-01  0.3246E-01  0.2107E-01  0.2107E-01
  0.3232E+00  0.1306E-01  0.3299E-01  0.2098E-01  0.2098E-01
  0.3238E+00  0.7236E-01  0.3525E-01  0.2090E-01  0.2090E-01
  0.3244E+00  0.2658E-01  0.4942E-01  0.2081E-01  0.2081E-01

           Distance distribution  function of particle  


       R          P(R)      ERROR

  0.0000E+00  0.0000E+00  0.0000E+00
  0.1179E+01  0.2188E-03  0.2359E-04
  0.2358E+01  0.4502E-03  0.3490E-04
  0.3537E+01  0.6976E-03  0.3563E-04
  0.4716E+01  0.9657E-03  0.2868E-04
  0.5895E+01  0.1261E-02  0.1928E-04
  0.7074E+01  0.1588E-02  0.1888E-04
  0.8253E+01  0.1954E-02  0.2983E-04
  0.9432E+01  0.2363E-02  0.4161E-04
  0.1061E+02  0.2817E-02  0.4960E-04
  0.1179E+02  0.3316E-02  0.5226E-04
  0.1297E+02  0.3855E-02  0.4960E-04
  0.1415E+02  0.4430E-02  0.4322E-04
  0.1533E+02  0.5031E-02  0.3676E-04
  0.1651E+02  0.5648E-02  0.3565E-04
  0.1769E+02  0.6268E-02  0.4205E-04
  0.1886E+02  0.6878E-02  0.5188E-04
  0.2004E+02  0.7466E-02  0.6065E-04
  0.2122E+02  0.8021E-02  0.6585E-04
  0.2240E+02  0.8532E-02  0.6660E-04
  0.2358E+02  0.8993E-02  0.6340E-04
  0.2476E+02  0.9398E-02  0.5816E-04
  0.2594E+02  0.9746E-02  0.5409E-04
  0.2712E+02  0.1004E-01  0.5449E-04
  0.2830E+02  0.1027E-01  0.6001E-04
  0.2948E+02  0.1046E-01  0.6817E-04
  0.3065E+02  0.1059E-01  0.7584E-04
  0.3183E+02  0.1069E-01  0.8086E-04
  0.3301E+02  0.1076E-01  0.8234E-04
  0.3419E+02  0.1079E-01  0.8052E-04
  0.3537E+02  0.1080E-01  0.7662E-04
  0.3655E+02  0.1078E-01  0.7262E-04
  0.3773E+02  0.1075E-01  0.7061E-04
  0.3891E+02  0.1070E-01  0.7172E-04
  0.4009E+02  0.1063E-01  0.7547E-04
  0.4127E+02  0.1054E-01  0.8026E-04
  0.4244E+02  0.1044E-01  0.8444E-04
  0.4362E+02  0.1033E-01  0.8701E-04
  0.4480E+02  0.1019E-01  0.8766E-04
  0.4598E+02  0.1005E-01  0.8672E-04
  0.4716E+02  0.9894E-02  0.8491E-04
  0.4834E+02  0.9730E-02  0.8309E-04
  0.4952E+02  0.9560E-02  0.8203E-04
  0.5070E+02  0.9386E-02  0.8222E-04
  0.5188E+02  0.9211E-02  0.8383E-04
  0.5305E+02  0.9036E-02  0.8670E-04
  0.5423E+02  0.8863E-02  0.9048E-04
  0.5541E+02  0.8693E-02  0.9462E-04
  0.5659E+02  0.8526E-02  0.9846E-04
  0.5777E+02  0.8361E-02  0.1013E-03
  0.5895E+02  0.8198E-02  0.1028E-03
  0.6013E+02  0.8036E-02  0.1026E-03
  0.6131E+02  0.7875E-02  0.1013E-03
  0.6249E+02  0.7713E-02  0.9999E-04
  0.6367E+02  0.7551E-02  0.1001E-03
  0.6484E+02  0.7388E-02  0.1030E-03
  0.6602E+02  0.7226E-02  0.1090E-03
  0.6720E+02  0.7066E-02  0.1175E-03
  0.6838E+02  0.6908E-02  0.1267E-03
  0.6956E+02  0.6753E-02  0.1348E-03
  0.7074E+02  0.6604E-02  0.1407E-03
  0.7192E+02  0.6460E-02  0.1436E-03
  0.7310E+02  0.6322E-02  0.1436E-03
  0.7428E+02  0.6191E-02  0.1415E-03
  0.7546E+02  0.6065E-02  0.1384E-03
  0.7664E+02  0.5944E-02  0.1356E-03
  0.7781E+02  0.5825E-02  0.1339E-03
  0.7899E+02  0.5707E-02  0.1335E-03
  0.8017E+02  0.5586E-02  0.1338E-03
  0.8135E+02  0.5462E-02  0.1340E-03
  0.8253E+02  0.5332E-02  0.1337E-03
  0.8371E+02  0.5194E-02  0.1327E-03
  0.8489E+02  0.5047E-02  0.1316E-03
  0.8607E+02  0.4891E-02  0.1313E-03
  0.8725E+02  0.4726E-02  0.1322E-03
  0.8842E+02  0.4552E-02  0.1347E-03
  0.8960E+02  0.4370E-02  0.1379E-03
  0.9078E+02  0.4182E-02  0.1411E-03
  0.9196E+02  0.3988E-02  0.1433E-03
  0.9314E+02  0.3790E-02  0.1442E-03
  0.9432E+02  0.3590E-02  0.1438E-03
  0.9550E+02  0.3390E-02  0.1430E-03
  0.9668E+02  0.3190E-02  0.1430E-03
  0.9786E+02  0.2991E-02  0.1444E-03
  0.9904E+02  0.2795E-02  0.1477E-03
  0.1002E+03  0.2602E-02  0.1524E-03
  0.1014E+03  0.2412E-02  0.1573E-03
  0.1026E+03  0.2227E-02  0.1614E-03
  0.1038E+03  0.2047E-02  0.1641E-03
  0.1049E+03  0.1871E-02  0.1652E-03
  0.1061E+03  0.1701E-02  0.1649E-03
  0.1073E+03  0.1536E-02  0.1638E-03
  0.1085E+03  0.1375E-02  0.1622E-03
  0.1096E+03  0.1218E-02  0.1600E-03
  0.1108E+03  0.1062E-02  0.1560E-03
  0.1120E+03  0.9067E-03  0.1487E-03
  0.1132E+03  0.7478E-03  0.1361E-03
  0.1144E+03  0.5820E-03  0.1163E-03
  0.1155E+03  0.4054E-03  0.8769E-04
  0.1167E+03  0.2131E-03  0.4910E-04
  0.1179E+03  0.0000E+00  0.0000E+00
          Reciprocal space: Rg =   40.36     , I(0) =   0.8708E+01
     Real space: Rg =   40.45 +- 0.199  I(0) =   0.8708E+01 +-  0.5751E-01
