
           ####    G N O M   ---   Version 4.5a revised 09/02/02     ####

                                                  Tue Nov  3 18:13:14 2009
           ===    Run No   1   ===
 Run title:  0.010642 2.472427 0.814802


  Number of points omitted at the beginning:          21
   *******   Working Directory :
   *******    Input file(s) :
           Condition P(rmin) = 0 is used. 
           Condition P(rmax) = 0 is used. 

          Experimental conditions for the first run
          -----------------------------------------

          Highest ALPHA is found to be   0.6674E+01

  The measure of inconsistency AN1 equals to    0.6852E+00
     Alpha    Discrp  Oscill  Stabil  Sysdev  Positv  Valcen    Total   
  0.6674E+04  8.9284  1.2373  0.9617  0.1202  1.0000  0.8469  0.33517
  0.1335E+04  8.0484  1.2282  0.8648  0.3607  1.0000  0.8494  0.39025
  0.2669E+03  5.5674  1.1952  0.5960  0.5027  1.0000  0.8594  0.45892
  0.5339E+02  2.6062  1.1480  0.2838  0.4372  1.0000  0.8806  0.43663
  0.1068E+02  0.9872  1.1614  0.0909  0.6557  1.0000  0.8962  0.71486
  0.2136E+01  0.5190  1.2101  0.0269  0.8525  1.0000  0.9004  0.92664
  0.4271E+00  0.4429  1.2557  0.0166  0.9399  1.0000  0.9007  0.94070
  0.8542E-01  0.4283  1.3104  0.0156  0.9508  1.0000  0.9003  0.93804
  0.1708E-01  0.4217  1.4411  0.0266  0.9344  1.0000  0.8995  0.89890
  0.3417E-02  0.4169  1.8211  0.0300  0.9563  0.9998  0.8974  0.79155
  0.6834E-03  0.4151  2.3515  0.0391  0.9781  0.9991  0.8949  0.71349
  0.1367E-03  0.4138  3.7606  0.1166  0.9672  0.9962  0.8882  0.59544
  0.2733E-04  0.4115  9.1567  0.4252  0.9891  0.9772  0.8286  0.48002
  0.5467E-05  0.4067 15.4606  0.4771  1.0000  0.8950  0.4218  0.00000

          ***  Golden section search to maximize estimate ***
     Alpha    Discrp  Oscill  Stabil  Sysdev  Positv  Valcen    Total   
  0.1580E+00  0.4319  1.2865  0.0149  0.9508  1.0000  0.9005  0.94185
  0.2921E+00  0.4375  1.2668  0.0158  0.9508  1.0000  0.9006  0.94436
  0.3377E+00  0.4394  1.2625  0.0161  0.9508  1.0000  0.9007  0.94491
  0.3694E+00  0.4406  1.2599  0.0163  0.9508  1.0000  0.9007  0.94525
  0.3905E+00  0.4414  1.2583  0.0164  0.9508  1.0000  0.9007  0.94546
  0.4041E+00  0.4420  1.2573  0.0165  0.9508  1.0000  0.9007  0.94560
  0.4127E+00  0.4423  1.2567  0.0166  0.9508  1.0000  0.9007  0.94568
  0.4182E+00  0.4425  1.2564  0.0166  0.9508  1.0000  0.9007  0.94574
  0.4216E+00  0.4427  1.2561  0.0166  0.9399  1.0000  0.9007  0.94065
  0.4161E+00  0.4424  1.2565  0.0166  0.9508  1.0000  0.9007  0.94572
  0.4195E+00  0.4426  1.2563  0.0166  0.9399  1.0000  0.9007  0.94063
  0.4174E+00  0.4425  1.2564  0.0166  0.9508  1.0000  0.9007  0.94573
  0.4187E+00  0.4425  1.2563  0.0166  0.9508  1.0000  0.9007  0.94574
  0.4190E+00  0.4426  1.2563  0.0166  0.9399  1.0000  0.9007  0.94062
  0.4187E+00  0.4425  1.2563  0.0166  0.9508  1.0000  0.9007  0.94574



             ####            Final results            ####

 Parameter    DISCRP    OSCILL    STABIL    SYSDEV    POSITV    VALCEN
 Weight        1.000     3.000     3.000     5.000     1.000     1.000
 Sigma         0.300     0.600     0.120     0.500     0.120     0.120
 Ideal         0.700     1.200     0.000     1.000     1.000     0.950
 Current       0.443     1.256     0.017     0.951     1.000     0.901
                - - - - - - - - - - - - - - - - - - - - - - - - - 
 Estimate      0.479     0.991     0.981     1.000     1.000     0.845

  Angular   range    :     from    0.0240   to    0.3244
  Real space range   :     from      0.00   to    118.90

  Highest ALPHA (theor) :   0.667E+04                 JOB = 0
  Current ALPHA         :   0.419E+00   Rg :  0.392E+02   I(0) :   0.348E+01

           Total  estimate : 0.946  which is  AN EXCELLENT  solution

      S          J EXP       ERROR       J REG       I REG

  0.0000E+00                                      0.3476E+01
  0.8579E-03                                      0.3475E+01
  0.1716E-02                                      0.3471E+01
  0.2574E-02                                      0.3464E+01
  0.3432E-02                                      0.3455E+01
  0.4289E-02                                      0.3443E+01
  0.5147E-02                                      0.3429E+01
  0.6005E-02                                      0.3412E+01
  0.6863E-02                                      0.3393E+01
  0.7721E-02                                      0.3371E+01
  0.8579E-02                                      0.3347E+01
  0.9437E-02                                      0.3321E+01
  0.1029E-01                                      0.3292E+01
  0.1115E-01                                      0.3261E+01
  0.1201E-01                                      0.3228E+01
  0.1287E-01                                      0.3193E+01
  0.1373E-01                                      0.3156E+01
  0.1458E-01                                      0.3117E+01
  0.1544E-01                                      0.3077E+01
  0.1630E-01                                      0.3034E+01
  0.1716E-01                                      0.2990E+01
  0.1802E-01                                      0.2945E+01
  0.1887E-01                                      0.2898E+01
  0.1973E-01                                      0.2850E+01
  0.2059E-01                                      0.2800E+01
  0.2145E-01                                      0.2750E+01
  0.2231E-01                                      0.2698E+01
  0.2316E-01                                      0.2646E+01
  0.2402E-01  0.2665E+01  0.8920E-01  0.2593E+01  0.2593E+01
  0.2463E-01  0.2554E+01  0.8074E-01  0.2554E+01  0.2554E+01
  0.2524E-01  0.2525E+01  0.7646E-01  0.2516E+01  0.2516E+01
  0.2585E-01  0.2525E+01  0.8577E-01  0.2477E+01  0.2477E+01
  0.2645E-01  0.2464E+01  0.9861E-01  0.2438E+01  0.2438E+01
  0.2706E-01  0.2419E+01  0.9190E-01  0.2399E+01  0.2399E+01
  0.2767E-01  0.2266E+01  0.9748E-01  0.2360E+01  0.2360E+01
  0.2828E-01  0.2394E+01  0.7306E-01  0.2320E+01  0.2320E+01
  0.2889E-01  0.2291E+01  0.9089E-01  0.2281E+01  0.2281E+01
  0.2949E-01  0.2285E+01  0.7894E-01  0.2241E+01  0.2241E+01
  0.3010E-01  0.2315E+01  0.8088E-01  0.2201E+01  0.2201E+01
  0.3071E-01  0.2171E+01  0.8283E-01  0.2162E+01  0.2162E+01
  0.3132E-01  0.2051E+01  0.7416E-01  0.2122E+01  0.2122E+01
  0.3193E-01  0.2042E+01  0.7372E-01  0.2083E+01  0.2083E+01
  0.3254E-01  0.1989E+01  0.7018E-01  0.2043E+01  0.2043E+01
  0.3314E-01  0.1988E+01  0.8384E-01  0.2004E+01  0.2004E+01
  0.3375E-01  0.1958E+01  0.6545E-01  0.1965E+01  0.1965E+01
  0.3436E-01  0.1991E+01  0.7120E-01  0.1926E+01  0.1926E+01
  0.3497E-01  0.1902E+01  0.6468E-01  0.1887E+01  0.1887E+01
  0.3558E-01  0.1809E+01  0.5983E-01  0.1849E+01  0.1849E+01
  0.3618E-01  0.1646E+01  0.6915E-01  0.1811E+01  0.1811E+01
  0.3679E-01  0.1819E+01  0.6659E-01  0.1773E+01  0.1773E+01
  0.3740E-01  0.1846E+01  0.7640E-01  0.1735E+01  0.1735E+01
  0.3801E-01  0.1797E+01  0.8026E-01  0.1698E+01  0.1698E+01
  0.3862E-01  0.1640E+01  0.6260E-01  0.1662E+01  0.1662E+01
  0.3922E-01  0.1698E+01  0.6598E-01  0.1625E+01  0.1625E+01
  0.3983E-01  0.1538E+01  0.6485E-01  0.1589E+01  0.1589E+01
  0.4044E-01  0.1437E+01  0.6206E-01  0.1554E+01  0.1554E+01
  0.4105E-01  0.1615E+01  0.6728E-01  0.1519E+01  0.1519E+01
  0.4166E-01  0.1584E+01  0.7294E-01  0.1484E+01  0.1484E+01
  0.4227E-01  0.1444E+01  0.5974E-01  0.1450E+01  0.1450E+01
  0.4287E-01  0.1458E+01  0.5972E-01  0.1416E+01  0.1416E+01
  0.4348E-01  0.1530E+01  0.6233E-01  0.1383E+01  0.1383E+01
  0.4409E-01  0.1356E+01  0.5702E-01  0.1351E+01  0.1351E+01
  0.4470E-01  0.1314E+01  0.6369E-01  0.1319E+01  0.1319E+01
  0.4531E-01  0.1210E+01  0.5351E-01  0.1287E+01  0.1287E+01
  0.4591E-01  0.1153E+01  0.6039E-01  0.1256E+01  0.1256E+01
  0.4652E-01  0.1273E+01  0.5274E-01  0.1226E+01  0.1226E+01
  0.4713E-01  0.1177E+01  0.5474E-01  0.1196E+01  0.1196E+01
  0.4774E-01  0.1188E+01  0.4982E-01  0.1167E+01  0.1167E+01
  0.4835E-01  0.1139E+01  0.5680E-01  0.1138E+01  0.1138E+01
  0.4895E-01  0.1089E+01  0.4667E-01  0.1110E+01  0.1110E+01
  0.4956E-01  0.1085E+01  0.4627E-01  0.1083E+01  0.1083E+01
  0.5017E-01  0.1036E+01  0.4330E-01  0.1056E+01  0.1056E+01
  0.5078E-01  0.1023E+01  0.5438E-01  0.1030E+01  0.1030E+01
  0.5139E-01  0.9718E+00  0.5263E-01  0.1004E+01  0.1004E+01
  0.5200E-01  0.1022E+01  0.5446E-01  0.9788E+00  0.9788E+00
  0.5260E-01  0.9975E+00  0.4390E-01  0.9543E+00  0.9543E+00
  0.5321E-01  0.9700E+00  0.4537E-01  0.9304E+00  0.9304E+00
  0.5382E-01  0.9220E+00  0.4463E-01  0.9071E+00  0.9071E+00
  0.5443E-01  0.9022E+00  0.4943E-01  0.8844E+00  0.8844E+00
  0.5504E-01  0.8079E+00  0.5246E-01  0.8623E+00  0.8623E+00
  0.5564E-01  0.8576E+00  0.4647E-01  0.8407E+00  0.8407E+00
  0.5625E-01  0.8447E+00  0.4173E-01  0.8197E+00  0.8197E+00
  0.5686E-01  0.8177E+00  0.4089E-01  0.7992E+00  0.7992E+00
  0.5747E-01  0.7838E+00  0.4677E-01  0.7793E+00  0.7793E+00
  0.5808E-01  0.8188E+00  0.4356E-01  0.7600E+00  0.7600E+00
  0.5868E-01  0.7743E+00  0.4727E-01  0.7412E+00  0.7412E+00
  0.5929E-01  0.6085E+00  0.4818E-01  0.7229E+00  0.7229E+00
  0.5990E-01  0.6217E+00  0.5121E-01  0.7051E+00  0.7051E+00
  0.6051E-01  0.6674E+00  0.4786E-01  0.6879E+00  0.6879E+00
  0.6112E-01  0.5656E+00  0.4842E-01  0.6711E+00  0.6711E+00
  0.6173E-01  0.5898E+00  0.4341E-01  0.6548E+00  0.6548E+00
  0.6233E-01  0.6397E+00  0.4447E-01  0.6390E+00  0.6390E+00
  0.6294E-01  0.6336E+00  0.3688E-01  0.6237E+00  0.6237E+00
  0.6355E-01  0.6008E+00  0.4731E-01  0.6088E+00  0.6088E+00
  0.6416E-01  0.5750E+00  0.4772E-01  0.5944E+00  0.5944E+00
  0.6477E-01  0.6124E+00  0.4254E-01  0.5804E+00  0.5804E+00
  0.6537E-01  0.6092E+00  0.4328E-01  0.5668E+00  0.5668E+00
  0.6598E-01  0.5812E+00  0.4061E-01  0.5536E+00  0.5536E+00
  0.6659E-01  0.6465E+00  0.4623E-01  0.5408E+00  0.5408E+00
  0.6720E-01  0.5158E+00  0.4226E-01  0.5284E+00  0.5284E+00
  0.6781E-01  0.5502E+00  0.4198E-01  0.5163E+00  0.5163E+00
  0.6841E-01  0.4913E+00  0.3829E-01  0.5046E+00  0.5046E+00
  0.6902E-01  0.4293E+00  0.4119E-01  0.4933E+00  0.4933E+00
  0.6963E-01  0.4907E+00  0.4043E-01  0.4823E+00  0.4823E+00
  0.7024E-01  0.4272E+00  0.4406E-01  0.4716E+00  0.4716E+00
  0.7085E-01  0.5062E+00  0.4041E-01  0.4612E+00  0.4612E+00
  0.7146E-01  0.4833E+00  0.3623E-01  0.4511E+00  0.4511E+00
  0.7206E-01  0.4817E+00  0.3650E-01  0.4413E+00  0.4413E+00
  0.7267E-01  0.4613E+00  0.3543E-01  0.4317E+00  0.4317E+00
  0.7328E-01  0.4890E+00  0.4010E-01  0.4225E+00  0.4225E+00
  0.7389E-01  0.4688E+00  0.3712E-01  0.4135E+00  0.4135E+00
  0.7450E-01  0.4139E+00  0.4174E-01  0.4047E+00  0.4047E+00
  0.7510E-01  0.4205E+00  0.3674E-01  0.3961E+00  0.3961E+00
  0.7571E-01  0.3311E+00  0.3823E-01  0.3878E+00  0.3878E+00
  0.7632E-01  0.4204E+00  0.3964E-01  0.3797E+00  0.3797E+00
  0.7693E-01  0.4080E+00  0.3612E-01  0.3717E+00  0.3717E+00
  0.7754E-01  0.3857E+00  0.3516E-01  0.3640E+00  0.3640E+00
  0.7814E-01  0.4156E+00  0.3689E-01  0.3565E+00  0.3565E+00
  0.7875E-01  0.3563E+00  0.3662E-01  0.3491E+00  0.3491E+00
  0.7936E-01  0.3533E+00  0.3317E-01  0.3419E+00  0.3419E+00
  0.7997E-01  0.2774E+00  0.3511E-01  0.3348E+00  0.3348E+00
  0.8058E-01  0.3140E+00  0.3483E-01  0.3279E+00  0.3279E+00
  0.8118E-01  0.2499E+00  0.3626E-01  0.3211E+00  0.3211E+00
  0.8179E-01  0.2637E+00  0.3212E-01  0.3145E+00  0.3145E+00
  0.8240E-01  0.2750E+00  0.3484E-01  0.3080E+00  0.3080E+00
  0.8301E-01  0.3315E+00  0.3259E-01  0.3016E+00  0.3016E+00
  0.8362E-01  0.3242E+00  0.3187E-01  0.2953E+00  0.2953E+00
  0.8423E-01  0.3328E+00  0.3534E-01  0.2892E+00  0.2892E+00
  0.8483E-01  0.2676E+00  0.3425E-01  0.2831E+00  0.2831E+00
  0.8544E-01  0.3130E+00  0.3591E-01  0.2772E+00  0.2772E+00
  0.8605E-01  0.2427E+00  0.3267E-01  0.2713E+00  0.2713E+00
  0.8666E-01  0.2452E+00  0.3257E-01  0.2655E+00  0.2655E+00
  0.8727E-01  0.2343E+00  0.3428E-01  0.2599E+00  0.2599E+00
  0.8787E-01  0.1842E+00  0.3459E-01  0.2543E+00  0.2543E+00
  0.8848E-01  0.2513E+00  0.3404E-01  0.2488E+00  0.2488E+00
  0.8909E-01  0.2150E+00  0.3225E-01  0.2433E+00  0.2433E+00
  0.8970E-01  0.2007E+00  0.3075E-01  0.2380E+00  0.2380E+00
  0.9031E-01  0.2296E+00  0.3396E-01  0.2327E+00  0.2327E+00
  0.9091E-01  0.2318E+00  0.3339E-01  0.2275E+00  0.2275E+00
  0.9152E-01  0.1771E+00  0.3516E-01  0.2223E+00  0.2223E+00
  0.9213E-01  0.2230E+00  0.3299E-01  0.2173E+00  0.2173E+00
  0.9274E-01  0.2011E+00  0.3570E-01  0.2123E+00  0.2123E+00
  0.9335E-01  0.1988E+00  0.3327E-01  0.2073E+00  0.2073E+00
  0.9396E-01  0.1687E+00  0.3658E-01  0.2025E+00  0.2025E+00
  0.9456E-01  0.2303E+00  0.3209E-01  0.1977E+00  0.1977E+00
  0.9517E-01  0.2147E+00  0.3043E-01  0.1929E+00  0.1929E+00
  0.9578E-01  0.2316E+00  0.3479E-01  0.1882E+00  0.1882E+00
  0.9639E-01  0.1858E+00  0.5853E-01  0.1836E+00  0.1836E+00
  0.9700E-01  0.1755E+00  0.3839E-01  0.1791E+00  0.1791E+00
  0.9760E-01  0.1338E+00  0.3217E-01  0.1746E+00  0.1746E+00
  0.9821E-01  0.1716E+00  0.3429E-01  0.1702E+00  0.1702E+00
  0.9882E-01  0.1434E+00  0.3180E-01  0.1658E+00  0.1658E+00
  0.9943E-01  0.1976E+00  0.3146E-01  0.1615E+00  0.1615E+00
  0.1000E+00  0.2253E+00  0.3124E-01  0.1573E+00  0.1573E+00
  0.1006E+00  0.1407E+00  0.3060E-01  0.1532E+00  0.1532E+00
  0.1013E+00  0.1940E+00  0.2912E-01  0.1491E+00  0.1491E+00
  0.1019E+00  0.1776E+00  0.6964E-01  0.1451E+00  0.1451E+00
  0.1025E+00  0.9916E-01  0.2817E-01  0.1411E+00  0.1411E+00
  0.1031E+00  0.1047E+00  0.3371E-01  0.1373E+00  0.1373E+00
  0.1037E+00  0.7178E-01  0.2676E-01  0.1335E+00  0.1335E+00
  0.1043E+00  0.1330E+00  0.3131E-01  0.1297E+00  0.1297E+00
  0.1049E+00  0.1492E+00  0.2841E-01  0.1261E+00  0.1261E+00
  0.1055E+00  0.1218E+00  0.2860E-01  0.1225E+00  0.1225E+00
  0.1061E+00  0.1422E+00  0.2678E-01  0.1190E+00  0.1190E+00
  0.1067E+00  0.1463E+00  0.2757E-01  0.1156E+00  0.1156E+00
  0.1073E+00  0.1144E+00  0.2674E-01  0.1123E+00  0.1123E+00
  0.1079E+00  0.9836E-01  0.3131E-01  0.1090E+00  0.1090E+00
  0.1085E+00  0.9481E-01  0.3198E-01  0.1058E+00  0.1058E+00
  0.1092E+00  0.1045E+00  0.2699E-01  0.1027E+00  0.1027E+00
  0.1098E+00  0.1410E+00  0.2913E-01  0.9965E-01  0.9965E-01
  0.1104E+00  0.9434E-01  0.2878E-01  0.9670E-01  0.9670E-01
  0.1110E+00  0.1010E+00  0.2900E-01  0.9383E-01  0.9383E-01
  0.1116E+00  0.7955E-01  0.2538E-01  0.9104E-01  0.9104E-01
  0.1122E+00  0.1119E+00  0.2765E-01  0.8833E-01  0.8833E-01
  0.1128E+00  0.1396E+00  0.2716E-01  0.8571E-01  0.8571E-01
  0.1134E+00  0.1184E+00  0.3065E-01  0.8316E-01  0.8316E-01
  0.1140E+00  0.1055E+00  0.2573E-01  0.8070E-01  0.8070E-01
  0.1146E+00  0.9159E-01  0.2854E-01  0.7832E-01  0.7832E-01
  0.1152E+00  0.8744E-01  0.2874E-01  0.7601E-01  0.7601E-01
  0.1158E+00  0.4850E-01  0.2859E-01  0.7379E-01  0.7379E-01
  0.1165E+00  0.3522E-01  0.3001E-01  0.7165E-01  0.7165E-01
  0.1183E+00  0.4278E-01  0.2882E-01  0.6570E-01  0.6570E-01
  0.1195E+00  0.5263E-01  0.9621E-01  0.6212E-01  0.6212E-01
  0.1201E+00  0.2812E-01  0.3256E-01  0.6045E-01  0.6045E-01
  0.1207E+00  0.7816E-01  0.4793E-01  0.5884E-01  0.5884E-01
  0.1213E+00  0.3174E-01  0.2775E-01  0.5731E-01  0.5731E-01
  0.1219E+00  0.6869E-01  0.3354E-01  0.5585E-01  0.5585E-01
  0.1225E+00  0.3925E-01  0.4924E-01  0.5446E-01  0.5446E-01
  0.1231E+00  0.2835E-01  0.2875E-01  0.5314E-01  0.5314E-01
  0.1238E+00  0.1825E-01  0.3294E-01  0.5189E-01  0.5189E-01
  0.1244E+00  0.6533E-01  0.2568E-01  0.5070E-01  0.5070E-01
  0.1250E+00  0.2503E-01  0.2833E-01  0.4958E-01  0.4958E-01
  0.1256E+00  0.5565E-01  0.2396E-01  0.4852E-01  0.4852E-01
  0.1262E+00  0.3467E-01  0.2632E-01  0.4752E-01  0.4752E-01
  0.1268E+00  0.4632E-01  0.2806E-01  0.4657E-01  0.4657E-01
  0.1274E+00  0.5865E-01  0.2661E-01  0.4568E-01  0.4568E-01
  0.1280E+00  0.7800E-01  0.2913E-01  0.4485E-01  0.4485E-01
  0.1292E+00  0.1366E-01  0.2415E-01  0.4334E-01  0.4334E-01
  0.1298E+00  0.3485E-01  0.2537E-01  0.4266E-01  0.4266E-01
  0.1304E+00  0.6568E-02  0.2613E-01  0.4203E-01  0.4203E-01
  0.1310E+00  0.9773E-01  0.2655E-01  0.4144E-01  0.4144E-01
  0.1317E+00  0.5490E-01  0.2514E-01  0.4089E-01  0.4089E-01
  0.1323E+00  0.7216E-01  0.2536E-01  0.4039E-01  0.4039E-01
  0.1329E+00  0.2816E-01  0.2661E-01  0.3992E-01  0.3992E-01
  0.1335E+00  0.4271E-01  0.2478E-01  0.3949E-01  0.3949E-01
  0.1341E+00  0.2007E-01  0.2800E-01  0.3909E-01  0.3909E-01
  0.1353E+00  0.1601E-02  0.2635E-01  0.3839E-01  0.3839E-01
  0.1359E+00  0.7900E-04  0.2656E-01  0.3809E-01  0.3809E-01
  0.1365E+00  0.4315E-01  0.2649E-01  0.3781E-01  0.3781E-01
  0.1371E+00  0.2502E-01  0.2475E-01  0.3756E-01  0.3756E-01
  0.1377E+00  0.3151E-01  0.2533E-01  0.3733E-01  0.3733E-01
  0.1383E+00  0.2077E-02  0.2387E-01  0.3712E-01  0.3712E-01
  0.1390E+00  0.1281E-01  0.2613E-01  0.3693E-01  0.3693E-01
  0.1396E+00  0.3320E-03  0.2648E-01  0.3676E-01  0.3676E-01
  0.1402E+00  0.1978E-02  0.2471E-01  0.3660E-01  0.3660E-01
  0.1408E+00  0.2770E-01  0.2582E-01  0.3646E-01  0.3646E-01
  0.1426E+00  0.1491E-01  0.2544E-01  0.3611E-01  0.3611E-01
  0.1438E+00  0.2639E-01  0.2515E-01  0.3592E-01  0.3592E-01
  0.1450E+00  0.5071E-01  0.2507E-01  0.3576E-01  0.3576E-01
  0.1456E+00  0.1746E-01  0.2408E-01  0.3568E-01  0.3568E-01
  0.1463E+00  0.3561E-01  0.2671E-01  0.3561E-01  0.3561E-01
  0.1469E+00  0.2256E-01  0.2281E-01  0.3554E-01  0.3554E-01
  0.1475E+00  0.4009E-01  0.2652E-01  0.3547E-01  0.3547E-01
  0.1481E+00  0.2130E-01  0.2413E-01  0.3540E-01  0.3540E-01
  0.1487E+00  0.4498E-01  0.2586E-01  0.3533E-01  0.3533E-01
  0.1511E+00  0.1965E-02  0.2702E-01  0.3503E-01  0.3503E-01
  0.1517E+00  0.4180E-01  0.2415E-01  0.3494E-01  0.3494E-01
  0.1523E+00  0.1101E-01  0.2424E-01  0.3485E-01  0.3485E-01
  0.1529E+00  0.9279E-01  0.2344E-01  0.3476E-01  0.3476E-01
  0.1535E+00  0.8685E-01  0.2468E-01  0.3466E-01  0.3466E-01
  0.1542E+00  0.6690E-01  0.2237E-01  0.3456E-01  0.3456E-01
  0.1548E+00  0.7827E-01  0.2289E-01  0.3445E-01  0.3445E-01
  0.1554E+00  0.4845E-01  0.2546E-01  0.3434E-01  0.3434E-01
  0.1560E+00  0.5033E-01  0.2326E-01  0.3422E-01  0.3422E-01
  0.1566E+00  0.7294E-02  0.2172E-01  0.3410E-01  0.3410E-01
  0.1572E+00  0.4131E-01  0.2204E-01  0.3397E-01  0.3397E-01
  0.1578E+00  0.2638E-01  0.2249E-01  0.3383E-01  0.3383E-01
  0.1584E+00  0.6929E-01  0.2120E-01  0.3369E-01  0.3369E-01
  0.1590E+00  0.1450E-01  0.2444E-01  0.3354E-01  0.3354E-01
  0.1596E+00  0.7802E-01  0.2479E-01  0.3339E-01  0.3339E-01
  0.1633E+00  0.4334E-01  0.2382E-01  0.3238E-01  0.3238E-01
  0.1651E+00  0.3230E-02  0.2307E-01  0.3181E-01  0.3181E-01
  0.1663E+00  0.4209E-01  0.2197E-01  0.3142E-01  0.3142E-01
  0.1669E+00  0.1474E-01  0.2207E-01  0.3122E-01  0.3122E-01
  0.1675E+00  0.1426E-01  0.2358E-01  0.3102E-01  0.3102E-01
  0.1688E+00  0.2954E-01  0.2243E-01  0.3061E-01  0.3061E-01
  0.1694E+00  0.1421E-01  0.2210E-01  0.3040E-01  0.3040E-01
  0.1700E+00  0.8230E-02  0.2165E-01  0.3020E-01  0.3020E-01
  0.1706E+00  0.3822E-01  0.2230E-01  0.2999E-01  0.2999E-01
  0.1712E+00  0.6877E-01  0.2226E-01  0.2978E-01  0.2978E-01
  0.1718E+00  0.1521E-02  0.2260E-01  0.2958E-01  0.2958E-01
  0.1724E+00  0.4462E-01  0.2428E-01  0.2937E-01  0.2937E-01
  0.1736E+00  0.2293E-01  0.3261E-01  0.2896E-01  0.2896E-01
  0.1742E+00  0.3655E-01  0.2251E-01  0.2876E-01  0.2876E-01
  0.1754E+00  0.3035E-01  0.2346E-01  0.2835E-01  0.2835E-01
  0.1760E+00  0.4020E-02  0.2333E-01  0.2815E-01  0.2815E-01
  0.1767E+00  0.2094E-01  0.2194E-01  0.2796E-01  0.2796E-01
  0.1773E+00  0.1757E-01  0.2314E-01  0.2776E-01  0.2776E-01
  0.1779E+00  0.1888E-01  0.2330E-01  0.2757E-01  0.2757E-01
  0.1785E+00  0.4485E-01  0.2433E-01  0.2738E-01  0.2738E-01
  0.1791E+00  0.1889E-02  0.2269E-01  0.2720E-01  0.2720E-01
  0.1821E+00  0.4238E-01  0.2208E-01  0.2631E-01  0.2631E-01
  0.1852E+00  0.2532E-01  0.2237E-01  0.2550E-01  0.2550E-01
  0.1864E+00  0.1273E-01  0.2145E-01  0.2520E-01  0.2520E-01
  0.1870E+00  0.1100E-01  0.2091E-01  0.2506E-01  0.2506E-01
  0.1876E+00  0.2251E-01  0.2130E-01  0.2492E-01  0.2492E-01
  0.1888E+00  0.4116E-01  0.2272E-01  0.2465E-01  0.2465E-01
  0.1894E+00  0.8340E-03  0.2088E-01  0.2452E-01  0.2452E-01
  0.1900E+00  0.5565E-01  0.2217E-01  0.2439E-01  0.2439E-01
  0.1906E+00  0.1866E-01  0.2093E-01  0.2427E-01  0.2427E-01
  0.1912E+00  0.6460E-03  0.2117E-01  0.2414E-01  0.2414E-01
  0.1925E+00  0.3425E-01  0.2004E-01  0.2391E-01  0.2391E-01
  0.1931E+00  0.4813E-02  0.3215E-01  0.2380E-01  0.2380E-01
  0.1937E+00  0.9275E-02  0.2090E-01  0.2369E-01  0.2369E-01
  0.1949E+00  0.2573E-01  0.2117E-01  0.2347E-01  0.2347E-01
  0.1955E+00  0.7720E-03  0.1985E-01  0.2337E-01  0.2337E-01
  0.1967E+00  0.2036E-01  0.2074E-01  0.2317E-01  0.2317E-01
  0.1979E+00  0.1318E-01  0.2165E-01  0.2298E-01  0.2298E-01
  0.1992E+00  0.3280E-01  0.2056E-01  0.2280E-01  0.2280E-01
  0.1998E+00  0.5170E-02  0.2163E-01  0.2272E-01  0.2272E-01
  0.2004E+00  0.5141E-01  0.2097E-01  0.2263E-01  0.2263E-01
  0.2010E+00  0.2501E-01  0.2224E-01  0.2255E-01  0.2255E-01
  0.2016E+00  0.5156E-01  0.2139E-01  0.2246E-01  0.2246E-01
  0.2022E+00  0.2306E-01  0.2166E-01  0.2238E-01  0.2238E-01
  0.2028E+00  0.1347E-01  0.2038E-01  0.2230E-01  0.2230E-01
  0.2034E+00  0.2608E-01  0.2167E-01  0.2223E-01  0.2223E-01
  0.2040E+00  0.8392E-02  0.2160E-01  0.2215E-01  0.2215E-01
  0.2046E+00  0.2071E-01  0.2439E-01  0.2208E-01  0.2208E-01
  0.2052E+00  0.2071E-01  0.2136E-01  0.2200E-01  0.2200E-01
  0.2071E+00  0.1548E-01  0.2184E-01  0.2179E-01  0.2179E-01
  0.2083E+00  0.1905E-01  0.2238E-01  0.2166E-01  0.2166E-01
  0.2089E+00  0.3437E-01  0.2709E-01  0.2159E-01  0.2159E-01
  0.2095E+00  0.3744E-01  0.2315E-01  0.2153E-01  0.2153E-01
  0.2107E+00  0.4397E-01  0.2243E-01  0.2140E-01  0.2140E-01
  0.2125E+00  0.1945E-01  0.2175E-01  0.2122E-01  0.2122E-01
  0.2137E+00  0.1059E-01  0.2094E-01  0.2111E-01  0.2111E-01
  0.2156E+00  0.2883E-01  0.2032E-01  0.2095E-01  0.2095E-01
  0.2162E+00  0.3561E-01  0.2192E-01  0.2089E-01  0.2089E-01
  0.2168E+00  0.4672E-02  0.2071E-01  0.2084E-01  0.2084E-01
  0.2174E+00  0.4189E-01  0.2114E-01  0.2079E-01  0.2079E-01
  0.2180E+00  0.1836E-01  0.1943E-01  0.2075E-01  0.2075E-01
  0.2186E+00  0.2557E-01  0.2138E-01  0.2070E-01  0.2070E-01
  0.2198E+00  0.2608E-01  0.2138E-01  0.2061E-01  0.2061E-01
  0.2210E+00  0.1956E-01  0.2030E-01  0.2052E-01  0.2052E-01
  0.2223E+00  0.4459E-02  0.2176E-01  0.2044E-01  0.2044E-01
  0.2235E+00  0.1864E-01  0.3067E-01  0.2036E-01  0.2036E-01
  0.2271E+00  0.9804E-02  0.2072E-01  0.2014E-01  0.2014E-01
  0.2289E+00  0.2108E-01  0.2171E-01  0.2005E-01  0.2005E-01
  0.2296E+00  0.2430E-01  0.2152E-01  0.2002E-01  0.2002E-01
  0.2302E+00  0.4061E-01  0.2118E-01  0.1999E-01  0.1999E-01
  0.2308E+00  0.1578E-01  0.2278E-01  0.1996E-01  0.1996E-01
  0.2314E+00  0.1687E-01  0.2000E-01  0.1993E-01  0.1993E-01
  0.2320E+00  0.3089E-02  0.1927E-01  0.1991E-01  0.1991E-01
  0.2326E+00  0.9017E-02  0.1896E-01  0.1988E-01  0.1988E-01
  0.2332E+00  0.1456E-01  0.1988E-01  0.1985E-01  0.1985E-01
  0.2350E+00  0.3669E-01  0.1952E-01  0.1978E-01  0.1978E-01
  0.2362E+00  0.1154E-01  0.2032E-01  0.1973E-01  0.1973E-01
  0.2399E+00  0.2057E-01  0.2483E-01  0.1958E-01  0.1958E-01
  0.2411E+00  0.6680E-03  0.2658E-01  0.1953E-01  0.1953E-01
  0.2429E+00  0.3409E-01  0.2114E-01  0.1945E-01  0.1945E-01
  0.2441E+00  0.1842E-01  0.1871E-01  0.1940E-01  0.1940E-01
  0.2448E+00  0.1919E-01  0.3766E-01  0.1937E-01  0.1937E-01
  0.2454E+00  0.2880E-01  0.1984E-01  0.1935E-01  0.1935E-01
  0.2460E+00  0.1159E-01  0.5116E-01  0.1932E-01  0.1932E-01
  0.2472E+00  0.1258E-01  0.3098E-01  0.1927E-01  0.1927E-01
  0.2478E+00  0.9489E-02  0.2218E-01  0.1924E-01  0.1924E-01
  0.2484E+00  0.2537E-01  0.2108E-01  0.1921E-01  0.1921E-01
  0.2490E+00  0.1249E-01  0.2107E-01  0.1918E-01  0.1918E-01
  0.2502E+00  0.1092E-01  0.2004E-01  0.1912E-01  0.1912E-01
  0.2508E+00  0.4148E-01  0.2085E-01  0.1909E-01  0.1909E-01
  0.2514E+00  0.4372E-01  0.1898E-01  0.1905E-01  0.1905E-01
  0.2521E+00  0.1875E-01  0.2037E-01  0.1902E-01  0.1902E-01
  0.2539E+00  0.5283E-02  0.2054E-01  0.1893E-01  0.1893E-01
  0.2545E+00  0.1240E-01  0.2180E-01  0.1889E-01  0.1889E-01
  0.2551E+00  0.1496E-01  0.1984E-01  0.1886E-01  0.1886E-01
  0.2569E+00  0.2315E-01  0.2059E-01  0.1876E-01  0.1876E-01
  0.2587E+00  0.2413E-01  0.1961E-01  0.1865E-01  0.1865E-01
  0.2606E+00  0.1018E-01  0.1868E-01  0.1855E-01  0.1855E-01
  0.2612E+00  0.1317E-01  0.2028E-01  0.1851E-01  0.1851E-01
  0.2618E+00  0.5154E-01  0.1995E-01  0.1848E-01  0.1848E-01
  0.2624E+00  0.2199E-01  0.2118E-01  0.1845E-01  0.1845E-01
  0.2630E+00  0.3333E-01  0.3014E-01  0.1841E-01  0.1841E-01
  0.2636E+00  0.1203E-01  0.1986E-01  0.1838E-01  0.1838E-01
  0.2648E+00  0.2571E-01  0.1955E-01  0.1831E-01  0.1831E-01
  0.2654E+00  0.1700E-01  0.2140E-01  0.1828E-01  0.1828E-01
  0.2660E+00  0.6767E-02  0.2019E-01  0.1825E-01  0.1825E-01
  0.2666E+00  0.1155E-01  0.1989E-01  0.1822E-01  0.1822E-01
  0.2679E+00  0.2492E-01  0.1965E-01  0.1816E-01  0.1816E-01
  0.2685E+00  0.7064E-02  0.1971E-01  0.1813E-01  0.1813E-01
  0.2703E+00  0.2941E-01  0.1884E-01  0.1805E-01  0.1805E-01
  0.2709E+00  0.1935E-01  0.2070E-01  0.1802E-01  0.1802E-01
  0.2733E+00  0.3856E-02  0.1891E-01  0.1793E-01  0.1793E-01
  0.2764E+00  0.1935E-01  0.1859E-01  0.1784E-01  0.1784E-01
  0.2794E+00  0.2632E-01  0.2061E-01  0.1777E-01  0.1777E-01
  0.2800E+00  0.5486E-02  0.2018E-01  0.1776E-01  0.1776E-01
  0.2806E+00  0.2505E-01  0.2009E-01  0.1775E-01  0.1775E-01
  0.2812E+00  0.2321E-01  0.1875E-01  0.1774E-01  0.1774E-01
  0.2818E+00  0.4316E-01  0.2577E-01  0.1773E-01  0.1773E-01
  0.2825E+00  0.1362E-02  0.1928E-01  0.1773E-01  0.1773E-01
  0.2837E+00  0.9600E-04  0.2007E-01  0.1772E-01  0.1772E-01
  0.2843E+00  0.2495E-01  0.1766E-01  0.1771E-01  0.1771E-01
  0.2855E+00  0.2957E-01  0.1799E-01  0.1770E-01  0.1770E-01
  0.2867E+00  0.1360E-01  0.2030E-01  0.1770E-01  0.1770E-01
  0.2879E+00  0.2274E-01  0.3237E-01  0.1770E-01  0.1770E-01
  0.2885E+00  0.2411E-01  0.1799E-01  0.1770E-01  0.1770E-01
  0.2891E+00  0.1855E-01  0.1795E-01  0.1770E-01  0.1770E-01
  0.2897E+00  0.3292E-02  0.1863E-01  0.1770E-01  0.1770E-01
  0.2904E+00  0.1662E-01  0.1854E-01  0.1770E-01  0.1770E-01
  0.2922E+00  0.8883E-02  0.1745E-01  0.1770E-01  0.1770E-01
  0.2928E+00  0.1606E-01  0.1831E-01  0.1770E-01  0.1770E-01
  0.2940E+00  0.4311E-02  0.1869E-01  0.1770E-01  0.1770E-01
  0.2946E+00  0.1996E-02  0.1688E-01  0.1770E-01  0.1770E-01
  0.2952E+00  0.1573E-01  0.1852E-01  0.1769E-01  0.1769E-01
  0.2958E+00  0.3892E-01  0.1699E-01  0.1769E-01  0.1769E-01
  0.2970E+00  0.1950E-01  0.1858E-01  0.1769E-01  0.1769E-01
  0.2976E+00  0.1281E-01  0.1801E-01  0.1769E-01  0.1769E-01
  0.2983E+00  0.1304E-02  0.1807E-01  0.1768E-01  0.1768E-01
  0.2989E+00  0.1259E-01  0.1724E-01  0.1768E-01  0.1768E-01
  0.3013E+00  0.1524E-01  0.1919E-01  0.1765E-01  0.1765E-01
  0.3019E+00  0.2808E-01  0.1714E-01  0.1764E-01  0.1764E-01
  0.3043E+00  0.2348E-01  0.1647E-01  0.1760E-01  0.1760E-01
  0.3062E+00  0.2338E-01  0.1817E-01  0.1755E-01  0.1755E-01
  0.3074E+00  0.1963E-01  0.1796E-01  0.1751E-01  0.1751E-01
  0.3080E+00  0.9150E-03  0.1680E-01  0.1749E-01  0.1749E-01
  0.3110E+00  0.3613E-01  0.1702E-01  0.1737E-01  0.1737E-01
  0.3122E+00  0.1691E-01  0.1756E-01  0.1731E-01  0.1731E-01
  0.3141E+00  0.2627E-01  0.1960E-01  0.1721E-01  0.1721E-01
  0.3171E+00  0.2860E-01  0.2210E-01  0.1703E-01  0.1703E-01
  0.3177E+00  0.8664E-02  0.2338E-01  0.1699E-01  0.1699E-01
  0.3183E+00  0.2556E-01  0.2114E-01  0.1695E-01  0.1695E-01
  0.3195E+00  0.1832E-01  0.2384E-01  0.1686E-01  0.1686E-01
  0.3208E+00  0.4099E-01  0.2689E-01  0.1677E-01  0.1677E-01
  0.3220E+00  0.5648E-01  0.2965E-01  0.1668E-01  0.1668E-01
  0.3238E+00  0.3379E-01  0.3652E-01  0.1654E-01  0.1654E-01
  0.3244E+00  0.2312E-01  0.4035E-01  0.1648E-01  0.1648E-01

           Distance distribution  function of particle  


       R          P(R)      ERROR

  0.0000E+00  0.0000E+00  0.0000E+00
  0.1189E+01  0.1573E-03  0.1879E-04
  0.2378E+01  0.2964E-03  0.2883E-04
  0.3567E+01  0.4205E-03  0.3129E-04
  0.4756E+01  0.5342E-03  0.2815E-04
  0.5945E+01  0.6434E-03  0.2262E-04
  0.7134E+01  0.7546E-03  0.2003E-04
  0.8323E+01  0.8742E-03  0.2442E-04
  0.9512E+01  0.1008E-02  0.3239E-04
  0.1070E+02  0.1160E-02  0.3977E-04
  0.1189E+02  0.1332E-02  0.4458E-04
  0.1308E+02  0.1527E-02  0.4624E-04
  0.1427E+02  0.1741E-02  0.4516E-04
  0.1546E+02  0.1973E-02  0.4261E-04
  0.1665E+02  0.2216E-02  0.4053E-04
  0.1784E+02  0.2466E-02  0.4077E-04
  0.1902E+02  0.2716E-02  0.4385E-04
  0.2021E+02  0.2960E-02  0.4860E-04
  0.2140E+02  0.3193E-02  0.5336E-04
  0.2259E+02  0.3409E-02  0.5690E-04
  0.2378E+02  0.3606E-02  0.5874E-04
  0.2497E+02  0.3781E-02  0.5902E-04
  0.2616E+02  0.3935E-02  0.5842E-04
  0.2735E+02  0.4069E-02  0.5782E-04
  0.2854E+02  0.4183E-02  0.5799E-04
  0.2973E+02  0.4280E-02  0.5919E-04
  0.3091E+02  0.4363E-02  0.6108E-04
  0.3210E+02  0.4433E-02  0.6303E-04
  0.3329E+02  0.4493E-02  0.6447E-04
  0.3448E+02  0.4542E-02  0.6506E-04
  0.3567E+02  0.4582E-02  0.6481E-04
  0.3686E+02  0.4612E-02  0.6399E-04
  0.3805E+02  0.4631E-02  0.6294E-04
  0.3924E+02  0.4636E-02  0.6200E-04
  0.4043E+02  0.4628E-02  0.6131E-04
  0.4162E+02  0.4604E-02  0.6088E-04
  0.4280E+02  0.4564E-02  0.6071E-04
  0.4399E+02  0.4508E-02  0.6087E-04
  0.4518E+02  0.4437E-02  0.6153E-04
  0.4637E+02  0.4352E-02  0.6292E-04
  0.4756E+02  0.4255E-02  0.6515E-04
  0.4875E+02  0.4150E-02  0.6807E-04
  0.4994E+02  0.4039E-02  0.7129E-04
  0.5113E+02  0.3924E-02  0.7434E-04
  0.5232E+02  0.3809E-02  0.7683E-04
  0.5351E+02  0.3697E-02  0.7857E-04
  0.5469E+02  0.3587E-02  0.7964E-04
  0.5588E+02  0.3483E-02  0.8037E-04
  0.5707E+02  0.3383E-02  0.8118E-04
  0.5826E+02  0.3288E-02  0.8244E-04
  0.5945E+02  0.3198E-02  0.8429E-04
  0.6064E+02  0.3111E-02  0.8659E-04
  0.6183E+02  0.3028E-02  0.8903E-04
  0.6302E+02  0.2946E-02  0.9127E-04
  0.6421E+02  0.2867E-02  0.9308E-04
  0.6540E+02  0.2790E-02  0.9444E-04
  0.6658E+02  0.2715E-02  0.9549E-04
  0.6777E+02  0.2644E-02  0.9648E-04
  0.6896E+02  0.2576E-02  0.9760E-04
  0.7015E+02  0.2514E-02  0.9886E-04
  0.7134E+02  0.2456E-02  0.1001E-03
  0.7253E+02  0.2405E-02  0.1009E-03
  0.7372E+02  0.2359E-02  0.1009E-03
  0.7491E+02  0.2318E-02  0.9998E-04
  0.7610E+02  0.2280E-02  0.9801E-04
  0.7728E+02  0.2245E-02  0.9528E-04
  0.7847E+02  0.2211E-02  0.9228E-04
  0.7966E+02  0.2174E-02  0.8968E-04
  0.8085E+02  0.2135E-02  0.8816E-04
  0.8204E+02  0.2090E-02  0.8812E-04
  0.8323E+02  0.2039E-02  0.8964E-04
  0.8442E+02  0.1981E-02  0.9240E-04
  0.8561E+02  0.1915E-02  0.9590E-04
  0.8680E+02  0.1841E-02  0.9963E-04
  0.8799E+02  0.1762E-02  0.1032E-03
  0.8918E+02  0.1677E-02  0.1065E-03
  0.9036E+02  0.1588E-02  0.1094E-03
  0.9155E+02  0.1496E-02  0.1120E-03
  0.9274E+02  0.1403E-02  0.1144E-03
  0.9393E+02  0.1310E-02  0.1164E-03
  0.9512E+02  0.1219E-02  0.1182E-03
  0.9631E+02  0.1129E-02  0.1194E-03
  0.9750E+02  0.1041E-02  0.1199E-03
  0.9869E+02  0.9547E-03  0.1193E-03
  0.9988E+02  0.8711E-03  0.1176E-03
  0.1011E+03  0.7896E-03  0.1147E-03
  0.1023E+03  0.7102E-03  0.1106E-03
  0.1034E+03  0.6330E-03  0.1056E-03
  0.1046E+03  0.5583E-03  0.1001E-03
  0.1058E+03  0.4866E-03  0.9448E-04
  0.1070E+03  0.4184E-03  0.8922E-04
  0.1082E+03  0.3545E-03  0.8459E-04
  0.1094E+03  0.2956E-03  0.8057E-04
  0.1106E+03  0.2423E-03  0.7681E-04
  0.1118E+03  0.1948E-03  0.7264E-04
  0.1130E+03  0.1531E-03  0.6726E-04
  0.1141E+03  0.1168E-03  0.5988E-04
  0.1153E+03  0.8483E-04  0.4984E-04
  0.1165E+03  0.5593E-04  0.3665E-04
  0.1177E+03  0.2833E-04  0.2005E-04
  0.1189E+03  0.0000E+00  0.0000E+00
          Reciprocal space: Rg =   39.18     , I(0) =   0.3476E+01
     Real space: Rg =   39.26 +- 0.388  I(0) =   0.3476E+01 +-  0.4604E-01
