
           ####    G N O M   ---   Version 4.5a revised 09/02/02     ####

                                                  Tue Nov  3 18:14:06 2009
           ===    Run No   1   ===
 Run title:  0.010642 19.789788 0.662397


  Number of points omitted at the beginning:          10
   *******   Working Directory :
   *******    Input file(s) :
           Condition P(rmin) = 0 is used. 
           Condition P(rmax) = 0 is used. 

          Experimental conditions for the first run
          -----------------------------------------

          Highest ALPHA is found to be   0.3802E+03

  The measure of inconsistency AN1 equals to    0.9719E+00
     Alpha    Discrp  Oscill  Stabil  Sysdev  Positv  Valcen    Total   
  0.3802E+06 35.5063  1.3753  0.9802  0.0251  1.0000  0.8087  0.29401
  0.7604E+05 34.2026  1.3704  0.9427  0.1336  1.0000  0.8098  0.30508
  0.1521E+05 29.1164  1.3490  0.7979  0.4092  1.0000  0.8143  0.38120
  0.3042E+04 18.0442  1.2934  0.4929  0.0501  1.0000  0.8285  0.31587
  0.6083E+03  7.6121  1.2754  0.2060  0.1336  1.0000  0.8442  0.34421
  0.1217E+03  2.3311  1.3365  0.0530  0.4092  1.0000  0.8443  0.57246
  0.2433E+02  0.8526  1.3868  0.0159  0.7349  1.0000  0.8398  0.83197
  0.4867E+01  0.6431  1.4079  0.0064  0.7766  1.0000  0.8378  0.86634
  0.9733E+00  0.6205  1.4209  0.0065  0.8267  1.0000  0.8371  0.88496
  0.1947E+00  0.6060  1.4792  0.0148  0.8184  1.0000  0.8367  0.86211
  0.3893E-01  0.5835  1.8730  0.0448  0.8601  1.0000  0.8365  0.73966
  0.7786E-02  0.5446  3.7086  0.0960  0.8935  0.9988  0.8332  0.60805
  0.1557E-02  0.5157  6.4288  0.0936  0.8935  0.9932  0.8171  0.59912
  0.3115E-03  0.5030  9.9351  0.2305  0.8852  0.9790  0.7759  0.46855
  0.6229E-04  0.4935 15.1008  0.1985  0.8601  0.9448  0.6962  0.00000

          ***  Golden section search to maximize estimate ***
     Alpha    Discrp  Oscill  Stabil  Sysdev  Positv  Valcen    Total   
  0.1800E+01  0.6259  1.4151  0.0055  0.7933  1.0000  0.8373  0.87150
  0.7696E+00  0.6186  1.4241  0.0072  0.8267  1.0000  0.8370  0.88383
  0.1231E+01  0.6224  1.4183  0.0060  0.8184  1.0000  0.8371  0.88217
  0.8898E+00  0.6198  1.4221  0.0068  0.8267  1.0000  0.8370  0.88456
  0.1065E+01  0.6212  1.4199  0.0063  0.8184  1.0000  0.8371  0.88161
  0.9405E+00  0.6202  1.4213  0.0066  0.8267  1.0000  0.8371  0.88481
  0.1007E+01  0.6208  1.4205  0.0065  0.8184  1.0000  0.8371  0.88138
  0.9607E+00  0.6204  1.4211  0.0066  0.8267  1.0000  0.8371  0.88491
  0.9861E+00  0.6206  1.4208  0.0065  0.8267  1.0000  0.8371  0.88502
  0.9941E+00  0.6206  1.4207  0.0065  0.8267  1.0000  0.8371  0.88506
  0.9991E+00  0.6207  1.4206  0.0065  0.8267  1.0000  0.8371  0.88508
  0.1002E+01  0.6207  1.4206  0.0065  0.8267  1.0000  0.8371  0.88509
  0.1004E+01  0.6207  1.4205  0.0065  0.8184  1.0000  0.8371  0.88137
  0.1001E+01  0.6207  1.4206  0.0065  0.8267  1.0000  0.8371  0.88509
  0.1003E+01  0.6207  1.4206  0.0065  0.8184  1.0000  0.8371  0.88136
  0.1002E+01  0.6207  1.4206  0.0065  0.8267  1.0000  0.8371  0.88509
  0.1002E+01  0.6207  1.4206  0.0065  0.8267  1.0000  0.8371  0.88509
  0.1003E+01  0.6207  1.4206  0.0065  0.8184  1.0000  0.8371  0.88136
  0.1002E+01  0.6207  1.4206  0.0065  0.8267  1.0000  0.8371  0.88509
  0.1003E+01  0.6207  1.4206  0.0065  0.8267  1.0000  0.8371  0.88509
  0.1003E+01  0.6207  1.4206  0.0065  0.8184  1.0000  0.8371  0.88136
  0.1003E+01  0.6207  1.4206  0.0065  0.8267  1.0000  0.8371  0.88509
  0.1003E+01  0.6207  1.4206  0.0065  0.8267  1.0000  0.8371  0.88509
  0.1003E+01  0.6207  1.4206  0.0065  0.8267  1.0000  0.8371  0.88509
  0.1003E+01  0.6207  1.4206  0.0065  0.8267  1.0000  0.8371  0.88509
  0.1003E+01  0.6207  1.4206  0.0065  0.8184  1.0000  0.8371  0.88136
  0.1003E+01  0.6207  1.4206  0.0065  0.8267  1.0000  0.8371  0.88509
  0.1003E+01  0.6207  1.4206  0.0065  0.8267  1.0000  0.8371  0.88509



             ####            Final results            ####

 Parameter    DISCRP    OSCILL    STABIL    SYSDEV    POSITV    VALCEN
 Weight        1.000     3.000     3.000     5.000     1.000     1.000
 Sigma         0.300     0.600     0.120     0.500     0.120     0.120
 Ideal         0.700     1.200     0.000     1.000     1.000     0.950
 Current       0.621     1.421     0.006     0.827     1.000     0.837
                - - - - - - - - - - - - - - - - - - - - - - - - - 
 Estimate      0.933     0.874     0.997     0.887     1.000     0.412

  Angular   range    :     from    0.0173   to    0.3244
  Real space range   :     from      0.00   to    149.00

  Highest ALPHA (theor) :   0.380E+06                 JOB = 0
  Current ALPHA         :   0.100E+01   Rg :  0.457E+02   I(0) :   0.189E+02

           Total  estimate : 0.885  which is    A GOOD      solution

      S          J EXP       ERROR       J REG       I REG

  0.0000E+00                                      0.1886E+02
  0.6190E-03                                      0.1886E+02
  0.1238E-02                                      0.1884E+02
  0.1857E-02                                      0.1882E+02
  0.2476E-02                                      0.1878E+02
  0.3095E-02                                      0.1874E+02
  0.3714E-02                                      0.1868E+02
  0.4333E-02                                      0.1862E+02
  0.4952E-02                                      0.1854E+02
  0.5571E-02                                      0.1846E+02
  0.6190E-02                                      0.1836E+02
  0.6809E-02                                      0.1826E+02
  0.7428E-02                                      0.1815E+02
  0.8047E-02                                      0.1803E+02
  0.8666E-02                                      0.1790E+02
  0.9285E-02                                      0.1776E+02
  0.9904E-02                                      0.1762E+02
  0.1052E-01                                      0.1746E+02
  0.1114E-01                                      0.1730E+02
  0.1176E-01                                      0.1713E+02
  0.1238E-01                                      0.1696E+02
  0.1300E-01                                      0.1678E+02
  0.1362E-01                                      0.1659E+02
  0.1424E-01                                      0.1639E+02
  0.1486E-01                                      0.1619E+02
  0.1548E-01                                      0.1599E+02
  0.1609E-01                                      0.1578E+02
  0.1671E-01                                      0.1556E+02
  0.1733E-01  0.1603E+02  0.2988E+00  0.1534E+02  0.1534E+02
  0.1794E-01  0.1631E+02  0.2443E+00  0.1513E+02  0.1513E+02
  0.1855E-01  0.1556E+02  0.2291E+00  0.1490E+02  0.1490E+02
  0.1916E-01  0.1547E+02  0.2421E+00  0.1468E+02  0.1468E+02
  0.1976E-01  0.1475E+02  0.1857E+00  0.1445E+02  0.1445E+02
  0.2037E-01  0.1462E+02  0.2223E+00  0.1422E+02  0.1422E+02
  0.2098E-01  0.1440E+02  0.1888E+00  0.1398E+02  0.1398E+02
  0.2159E-01  0.1411E+02  0.2132E+00  0.1375E+02  0.1375E+02
  0.2220E-01  0.1376E+02  0.1549E+00  0.1351E+02  0.1351E+02
  0.2281E-01  0.1314E+02  0.1860E+00  0.1327E+02  0.1327E+02
  0.2341E-01  0.1304E+02  0.1439E+00  0.1303E+02  0.1303E+02
  0.2402E-01  0.1258E+02  0.1325E+00  0.1280E+02  0.1280E+02
  0.2463E-01  0.1261E+02  0.1363E+00  0.1256E+02  0.1256E+02
  0.2524E-01  0.1243E+02  0.1281E+00  0.1232E+02  0.1232E+02
  0.2585E-01  0.1218E+02  0.1111E+00  0.1208E+02  0.1208E+02
  0.2645E-01  0.1170E+02  0.1279E+00  0.1184E+02  0.1184E+02
  0.2706E-01  0.1158E+02  0.1137E+00  0.1160E+02  0.1160E+02
  0.2767E-01  0.1105E+02  0.1065E+00  0.1136E+02  0.1136E+02
  0.2828E-01  0.1088E+02  0.9218E-01  0.1113E+02  0.1113E+02
  0.2889E-01  0.1069E+02  0.1093E+00  0.1089E+02  0.1089E+02
  0.2949E-01  0.1039E+02  0.9902E-01  0.1066E+02  0.1066E+02
  0.3010E-01  0.1006E+02  0.8547E-01  0.1043E+02  0.1043E+02
  0.3071E-01  0.1028E+02  0.1009E+00  0.1020E+02  0.1020E+02
  0.3132E-01  0.9866E+01  0.9130E-01  0.9976E+01  0.9976E+01
  0.3193E-01  0.9658E+01  0.1016E+00  0.9753E+01  0.9753E+01
  0.3254E-01  0.9541E+01  0.1189E+00  0.9533E+01  0.9533E+01
  0.3314E-01  0.9372E+01  0.1025E+00  0.9315E+01  0.9315E+01
  0.3375E-01  0.9076E+01  0.9807E-01  0.9101E+01  0.9101E+01
  0.3436E-01  0.9033E+01  0.1023E+00  0.8890E+01  0.8890E+01
  0.3497E-01  0.8623E+01  0.9282E-01  0.8682E+01  0.8682E+01
  0.3558E-01  0.8429E+01  0.8063E-01  0.8477E+01  0.8477E+01
  0.3618E-01  0.8209E+01  0.8506E-01  0.8276E+01  0.8276E+01
  0.3679E-01  0.8020E+01  0.9690E-01  0.8078E+01  0.8078E+01
  0.3740E-01  0.7775E+01  0.9709E-01  0.7885E+01  0.7885E+01
  0.3801E-01  0.7778E+01  0.1017E+00  0.7694E+01  0.7694E+01
  0.3862E-01  0.7472E+01  0.7379E-01  0.7508E+01  0.7508E+01
  0.3922E-01  0.7435E+01  0.7799E-01  0.7326E+01  0.7326E+01
  0.3983E-01  0.7086E+01  0.8553E-01  0.7147E+01  0.7147E+01
  0.4044E-01  0.6953E+01  0.8135E-01  0.6972E+01  0.6972E+01
  0.4105E-01  0.6652E+01  0.8004E-01  0.6801E+01  0.6801E+01
  0.4166E-01  0.6593E+01  0.8212E-01  0.6634E+01  0.6634E+01
  0.4227E-01  0.6479E+01  0.8058E-01  0.6471E+01  0.6471E+01
  0.4287E-01  0.6220E+01  0.6664E-01  0.6312E+01  0.6312E+01
  0.4348E-01  0.6246E+01  0.7467E-01  0.6156E+01  0.6156E+01
  0.4409E-01  0.6038E+01  0.6962E-01  0.6005E+01  0.6005E+01
  0.4470E-01  0.6011E+01  0.6790E-01  0.5857E+01  0.5857E+01
  0.4531E-01  0.5842E+01  0.7070E-01  0.5713E+01  0.5713E+01
  0.4591E-01  0.5651E+01  0.6801E-01  0.5573E+01  0.5573E+01
  0.4652E-01  0.5677E+01  0.6549E-01  0.5436E+01  0.5436E+01
  0.4713E-01  0.5364E+01  0.7099E-01  0.5303E+01  0.5303E+01
  0.4774E-01  0.5325E+01  0.5650E-01  0.5173E+01  0.5173E+01
  0.4835E-01  0.4982E+01  0.7447E-01  0.5047E+01  0.5047E+01
  0.4895E-01  0.5019E+01  0.5215E-01  0.4925E+01  0.4925E+01
  0.4956E-01  0.4863E+01  0.6409E-01  0.4806E+01  0.4806E+01
  0.5017E-01  0.4772E+01  0.5278E-01  0.4690E+01  0.4690E+01
  0.5078E-01  0.4623E+01  0.6178E-01  0.4577E+01  0.4577E+01
  0.5139E-01  0.4550E+01  0.6257E-01  0.4467E+01  0.4467E+01
  0.5200E-01  0.4389E+01  0.5608E-01  0.4360E+01  0.4360E+01
  0.5260E-01  0.4234E+01  0.5430E-01  0.4256E+01  0.4256E+01
  0.5321E-01  0.4116E+01  0.5681E-01  0.4156E+01  0.4156E+01
  0.5382E-01  0.4113E+01  0.5642E-01  0.4057E+01  0.4057E+01
  0.5443E-01  0.3946E+01  0.5634E-01  0.3962E+01  0.3962E+01
  0.5504E-01  0.3857E+01  0.5781E-01  0.3869E+01  0.3869E+01
  0.5564E-01  0.3762E+01  0.4709E-01  0.3779E+01  0.3779E+01
  0.5625E-01  0.3661E+01  0.5039E-01  0.3691E+01  0.3691E+01
  0.5686E-01  0.3671E+01  0.5198E-01  0.3605E+01  0.3605E+01
  0.5747E-01  0.3423E+01  0.5262E-01  0.3522E+01  0.3522E+01
  0.5808E-01  0.3520E+01  0.5311E-01  0.3441E+01  0.3441E+01
  0.5868E-01  0.3290E+01  0.5114E-01  0.3362E+01  0.3362E+01
  0.5929E-01  0.3272E+01  0.4954E-01  0.3286E+01  0.3286E+01
  0.5990E-01  0.3160E+01  0.5328E-01  0.3211E+01  0.3211E+01
  0.6051E-01  0.3102E+01  0.4967E-01  0.3138E+01  0.3138E+01
  0.6112E-01  0.3129E+01  0.5460E-01  0.3067E+01  0.3067E+01
  0.6173E-01  0.2955E+01  0.5271E-01  0.2998E+01  0.2998E+01
  0.6233E-01  0.2967E+01  0.5058E-01  0.2930E+01  0.2930E+01
  0.6294E-01  0.2665E+01  0.5111E-01  0.2864E+01  0.2864E+01
  0.6355E-01  0.2721E+01  0.5059E-01  0.2800E+01  0.2800E+01
  0.6416E-01  0.2656E+01  0.5530E-01  0.2737E+01  0.2737E+01
  0.6477E-01  0.2684E+01  0.4216E-01  0.2676E+01  0.2676E+01
  0.6537E-01  0.2673E+01  0.4715E-01  0.2617E+01  0.2617E+01
  0.6598E-01  0.2636E+01  0.4688E-01  0.2558E+01  0.2558E+01
  0.6659E-01  0.2577E+01  0.4958E-01  0.2501E+01  0.2501E+01
  0.6720E-01  0.2527E+01  0.4368E-01  0.2446E+01  0.2446E+01
  0.6781E-01  0.2436E+01  0.5191E-01  0.2392E+01  0.2392E+01
  0.6841E-01  0.2346E+01  0.4055E-01  0.2339E+01  0.2339E+01
  0.6902E-01  0.2244E+01  0.4235E-01  0.2287E+01  0.2287E+01
  0.6963E-01  0.2117E+01  0.3817E-01  0.2236E+01  0.2236E+01
  0.7024E-01  0.2126E+01  0.3483E-01  0.2187E+01  0.2187E+01
  0.7085E-01  0.2159E+01  0.4091E-01  0.2138E+01  0.2138E+01
  0.7146E-01  0.2087E+01  0.4023E-01  0.2091E+01  0.2091E+01
  0.7206E-01  0.2038E+01  0.3848E-01  0.2045E+01  0.2045E+01
  0.7267E-01  0.1994E+01  0.4434E-01  0.2000E+01  0.2000E+01
  0.7328E-01  0.1876E+01  0.3583E-01  0.1956E+01  0.1956E+01
  0.7389E-01  0.1958E+01  0.4143E-01  0.1913E+01  0.1913E+01
  0.7450E-01  0.1846E+01  0.3534E-01  0.1870E+01  0.1870E+01
  0.7510E-01  0.1874E+01  0.3596E-01  0.1829E+01  0.1829E+01
  0.7571E-01  0.1726E+01  0.3419E-01  0.1789E+01  0.1789E+01
  0.7632E-01  0.1779E+01  0.3961E-01  0.1750E+01  0.1750E+01
  0.7693E-01  0.1707E+01  0.3969E-01  0.1711E+01  0.1711E+01
  0.7754E-01  0.1660E+01  0.3829E-01  0.1674E+01  0.1674E+01
  0.7814E-01  0.1636E+01  0.4088E-01  0.1637E+01  0.1637E+01
  0.7875E-01  0.1595E+01  0.3782E-01  0.1602E+01  0.1602E+01
  0.7936E-01  0.1546E+01  0.3882E-01  0.1567E+01  0.1567E+01
  0.7997E-01  0.1513E+01  0.3847E-01  0.1533E+01  0.1533E+01
  0.8058E-01  0.1547E+01  0.4036E-01  0.1500E+01  0.1500E+01
  0.8118E-01  0.1466E+01  0.3872E-01  0.1467E+01  0.1467E+01
  0.8179E-01  0.1469E+01  0.3836E-01  0.1436E+01  0.1436E+01
  0.8240E-01  0.1431E+01  0.3826E-01  0.1405E+01  0.1405E+01
  0.8301E-01  0.1359E+01  0.3711E-01  0.1375E+01  0.1375E+01
  0.8362E-01  0.1366E+01  0.3790E-01  0.1346E+01  0.1346E+01
  0.8423E-01  0.1292E+01  0.3297E-01  0.1317E+01  0.1317E+01
  0.8483E-01  0.1315E+01  0.3512E-01  0.1289E+01  0.1289E+01
  0.8544E-01  0.1347E+01  0.3452E-01  0.1262E+01  0.1262E+01
  0.8605E-01  0.1283E+01  0.3417E-01  0.1235E+01  0.1235E+01
  0.8666E-01  0.1241E+01  0.3439E-01  0.1210E+01  0.1210E+01
  0.8727E-01  0.1229E+01  0.3743E-01  0.1184E+01  0.1184E+01
  0.8787E-01  0.1151E+01  0.3859E-01  0.1160E+01  0.1160E+01
  0.8848E-01  0.1149E+01  0.3737E-01  0.1136E+01  0.1136E+01
  0.8909E-01  0.1085E+01  0.3510E-01  0.1113E+01  0.1113E+01
  0.8970E-01  0.1081E+01  0.3707E-01  0.1090E+01  0.1090E+01
  0.9031E-01  0.1050E+01  0.3396E-01  0.1067E+01  0.1067E+01
  0.9091E-01  0.9832E+00  0.3102E-01  0.1046E+01  0.1046E+01
  0.9152E-01  0.1007E+01  0.3344E-01  0.1025E+01  0.1025E+01
  0.9213E-01  0.9677E+00  0.3274E-01  0.1004E+01  0.1004E+01
  0.9274E-01  0.9375E+00  0.3768E-01  0.9836E+00  0.9836E+00
  0.9335E-01  0.9590E+00  0.3642E-01  0.9639E+00  0.9639E+00
  0.9396E-01  0.9860E+00  0.3619E-01  0.9445E+00  0.9445E+00
  0.9456E-01  0.8957E+00  0.3362E-01  0.9256E+00  0.9256E+00
  0.9517E-01  0.9366E+00  0.3533E-01  0.9071E+00  0.9071E+00
  0.9578E-01  0.8880E+00  0.3339E-01  0.8890E+00  0.8890E+00
  0.9639E-01  0.8772E+00  0.3508E-01  0.8712E+00  0.8712E+00
  0.9700E-01  0.9475E+00  0.3607E-01  0.8538E+00  0.8538E+00
  0.9760E-01  0.9155E+00  0.3500E-01  0.8367E+00  0.8367E+00
  0.9821E-01  0.8676E+00  0.3222E-01  0.8199E+00  0.8199E+00
  0.9882E-01  0.8309E+00  0.3312E-01  0.8034E+00  0.8034E+00
  0.9943E-01  0.8381E+00  0.3252E-01  0.7872E+00  0.7872E+00
  0.1000E+00  0.7821E+00  0.3121E-01  0.7713E+00  0.7713E+00
  0.1006E+00  0.8238E+00  0.3310E-01  0.7556E+00  0.7556E+00
  0.1013E+00  0.7395E+00  0.3039E-01  0.7402E+00  0.7402E+00
  0.1019E+00  0.7959E+00  0.3242E-01  0.7250E+00  0.7250E+00
  0.1025E+00  0.6804E+00  0.2878E-01  0.7100E+00  0.7100E+00
  0.1031E+00  0.7133E+00  0.3015E-01  0.6952E+00  0.6952E+00
  0.1037E+00  0.6859E+00  0.3010E-01  0.6807E+00  0.6807E+00
  0.1043E+00  0.6917E+00  0.3052E-01  0.6662E+00  0.6662E+00
  0.1049E+00  0.6427E+00  0.2985E-01  0.6520E+00  0.6520E+00
  0.1055E+00  0.6311E+00  0.2970E-01  0.6380E+00  0.6380E+00
  0.1061E+00  0.6293E+00  0.2743E-01  0.6241E+00  0.6241E+00
  0.1067E+00  0.5381E+00  0.2758E-01  0.6104E+00  0.6104E+00
  0.1073E+00  0.5489E+00  0.2999E-01  0.5968E+00  0.5968E+00
  0.1079E+00  0.5706E+00  0.2651E-01  0.5834E+00  0.5834E+00
  0.1085E+00  0.5115E+00  0.3006E-01  0.5702E+00  0.5702E+00
  0.1092E+00  0.5472E+00  0.2918E-01  0.5570E+00  0.5570E+00
  0.1098E+00  0.5410E+00  0.3259E-01  0.5441E+00  0.5441E+00
  0.1104E+00  0.5051E+00  0.3016E-01  0.5313E+00  0.5313E+00
  0.1110E+00  0.4792E+00  0.2940E-01  0.5186E+00  0.5186E+00
  0.1116E+00  0.4838E+00  0.2978E-01  0.5061E+00  0.5061E+00
  0.1122E+00  0.4019E+00  0.2806E-01  0.4937E+00  0.4937E+00
  0.1128E+00  0.4746E+00  0.2818E-01  0.4814E+00  0.4814E+00
  0.1134E+00  0.4677E+00  0.3017E-01  0.4694E+00  0.4694E+00
  0.1140E+00  0.4298E+00  0.2758E-01  0.4574E+00  0.4574E+00
  0.1146E+00  0.4300E+00  0.2756E-01  0.4457E+00  0.4457E+00
  0.1152E+00  0.4289E+00  0.2749E-01  0.4341E+00  0.4341E+00
  0.1158E+00  0.4191E+00  0.3082E-01  0.4226E+00  0.4226E+00
  0.1165E+00  0.4022E+00  0.2908E-01  0.4114E+00  0.4114E+00
  0.1171E+00  0.4186E+00  0.2874E-01  0.4003E+00  0.4003E+00
  0.1177E+00  0.3407E+00  0.2564E-01  0.3894E+00  0.3894E+00
  0.1183E+00  0.4242E+00  0.2778E-01  0.3787E+00  0.3787E+00
  0.1189E+00  0.3848E+00  0.2944E-01  0.3682E+00  0.3682E+00
  0.1195E+00  0.3714E+00  0.2821E-01  0.3578E+00  0.3578E+00
  0.1201E+00  0.3660E+00  0.2641E-01  0.3477E+00  0.3477E+00
  0.1207E+00  0.3183E+00  0.2617E-01  0.3378E+00  0.3378E+00
  0.1213E+00  0.3686E+00  0.2826E-01  0.3281E+00  0.3281E+00
  0.1219E+00  0.3274E+00  0.2483E-01  0.3186E+00  0.3186E+00
  0.1225E+00  0.3377E+00  0.2774E-01  0.3094E+00  0.3094E+00
  0.1231E+00  0.2604E+00  0.2621E-01  0.3003E+00  0.3003E+00
  0.1238E+00  0.3062E+00  0.2854E-01  0.2915E+00  0.2915E+00
  0.1244E+00  0.2550E+00  0.2569E-01  0.2830E+00  0.2830E+00
  0.1250E+00  0.2796E+00  0.2862E-01  0.2746E+00  0.2746E+00
  0.1256E+00  0.2964E+00  0.2469E-01  0.2665E+00  0.2665E+00
  0.1262E+00  0.2661E+00  0.2553E-01  0.2587E+00  0.2587E+00
  0.1268E+00  0.2828E+00  0.2669E-01  0.2511E+00  0.2511E+00
  0.1274E+00  0.2575E+00  0.2451E-01  0.2437E+00  0.2437E+00
  0.1280E+00  0.2638E+00  0.2768E-01  0.2365E+00  0.2365E+00
  0.1286E+00  0.2624E+00  0.2639E-01  0.2297E+00  0.2297E+00
  0.1292E+00  0.2517E+00  0.2763E-01  0.2230E+00  0.2230E+00
  0.1298E+00  0.2327E+00  0.2476E-01  0.2166E+00  0.2166E+00
  0.1304E+00  0.1823E+00  0.2815E-01  0.2104E+00  0.2104E+00
  0.1310E+00  0.1938E+00  0.2720E-01  0.2045E+00  0.2045E+00
  0.1317E+00  0.2109E+00  0.2771E-01  0.1988E+00  0.1988E+00
  0.1323E+00  0.1883E+00  0.2462E-01  0.1934E+00  0.1934E+00
  0.1329E+00  0.1838E+00  0.2801E-01  0.1881E+00  0.1881E+00
  0.1335E+00  0.1716E+00  0.2516E-01  0.1831E+00  0.1831E+00
  0.1341E+00  0.2257E+00  0.2401E-01  0.1783E+00  0.1783E+00
  0.1347E+00  0.1619E+00  0.2497E-01  0.1737E+00  0.1737E+00
  0.1353E+00  0.1614E+00  0.2478E-01  0.1694E+00  0.1694E+00
  0.1359E+00  0.1232E+00  0.2634E-01  0.1652E+00  0.1652E+00
  0.1365E+00  0.1626E+00  0.2769E-01  0.1612E+00  0.1612E+00
  0.1371E+00  0.1679E+00  0.2582E-01  0.1575E+00  0.1575E+00
  0.1377E+00  0.1499E+00  0.2426E-01  0.1539E+00  0.1539E+00
  0.1383E+00  0.1529E+00  0.2359E-01  0.1505E+00  0.1505E+00
  0.1390E+00  0.8010E-01  0.2490E-01  0.1472E+00  0.1472E+00
  0.1396E+00  0.1436E+00  0.3301E-01  0.1441E+00  0.1441E+00
  0.1402E+00  0.2025E+00  0.2689E-01  0.1412E+00  0.1412E+00
  0.1408E+00  0.1171E+00  0.2660E-01  0.1384E+00  0.1384E+00
  0.1414E+00  0.1541E+00  0.2676E-01  0.1357E+00  0.1357E+00
  0.1420E+00  0.1033E+00  0.2595E-01  0.1332E+00  0.1332E+00
  0.1426E+00  0.1701E+00  0.2435E-01  0.1308E+00  0.1308E+00
  0.1432E+00  0.1094E+00  0.2441E-01  0.1285E+00  0.1285E+00
  0.1438E+00  0.1906E+00  0.2578E-01  0.1263E+00  0.1263E+00
  0.1444E+00  0.1367E+00  0.2735E-01  0.1242E+00  0.1242E+00
  0.1450E+00  0.1132E+00  0.2591E-01  0.1222E+00  0.1222E+00
  0.1456E+00  0.1213E+00  0.2516E-01  0.1203E+00  0.1203E+00
  0.1463E+00  0.9887E-01  0.2507E-01  0.1185E+00  0.1185E+00
  0.1469E+00  0.1155E+00  0.2592E-01  0.1167E+00  0.1167E+00
  0.1475E+00  0.7614E-01  0.2548E-01  0.1151E+00  0.1151E+00
  0.1481E+00  0.1223E+00  0.2599E-01  0.1134E+00  0.1134E+00
  0.1487E+00  0.1157E+00  0.2467E-01  0.1118E+00  0.1118E+00
  0.1493E+00  0.1360E+00  0.2444E-01  0.1103E+00  0.1103E+00
  0.1499E+00  0.1329E+00  0.2544E-01  0.1088E+00  0.1088E+00
  0.1505E+00  0.1106E+00  0.2485E-01  0.1073E+00  0.1073E+00
  0.1511E+00  0.8668E-01  0.2444E-01  0.1059E+00  0.1059E+00
  0.1517E+00  0.7138E-01  0.2315E-01  0.1045E+00  0.1045E+00
  0.1523E+00  0.1050E+00  0.2367E-01  0.1031E+00  0.1031E+00
  0.1529E+00  0.1227E+00  0.2408E-01  0.1017E+00  0.1017E+00
  0.1535E+00  0.5272E-01  0.2337E-01  0.1003E+00  0.1003E+00
  0.1542E+00  0.9257E-01  0.2373E-01  0.9900E-01  0.9900E-01
  0.1548E+00  0.7089E-01  0.2302E-01  0.9767E-01  0.9767E-01
  0.1554E+00  0.6051E-01  0.2467E-01  0.9636E-01  0.9636E-01
  0.1560E+00  0.6070E-01  0.2327E-01  0.9502E-01  0.9502E-01
  0.1566E+00  0.4294E-01  0.2382E-01  0.9369E-01  0.9369E-01
  0.1572E+00  0.2025E-01  0.2286E-01  0.9238E-01  0.9238E-01
  0.1578E+00  0.4581E-01  0.2267E-01  0.9106E-01  0.9106E-01
  0.1584E+00  0.7748E-01  0.2086E-01  0.8975E-01  0.8975E-01
  0.1590E+00  0.8324E-01  0.2389E-01  0.8844E-01  0.8844E-01
  0.1596E+00  0.7414E-01  0.2212E-01  0.8713E-01  0.8713E-01
  0.1602E+00  0.8634E-01  0.2171E-01  0.8582E-01  0.8582E-01
  0.1608E+00  0.1368E+00  0.2325E-01  0.8452E-01  0.8452E-01
  0.1615E+00  0.1065E+00  0.2193E-01  0.8321E-01  0.8321E-01
  0.1621E+00  0.1137E+00  0.2124E-01  0.8192E-01  0.8192E-01
  0.1627E+00  0.1186E+00  0.2465E-01  0.8062E-01  0.8062E-01
  0.1633E+00  0.1001E+00  0.2280E-01  0.7933E-01  0.7933E-01
  0.1639E+00  0.9876E-01  0.2231E-01  0.7804E-01  0.7804E-01
  0.1645E+00  0.8638E-01  0.2302E-01  0.7677E-01  0.7677E-01
  0.1651E+00  0.8418E-01  0.2325E-01  0.7551E-01  0.7551E-01
  0.1657E+00  0.7224E-01  0.2215E-01  0.7426E-01  0.7426E-01
  0.1663E+00  0.6181E-01  0.2394E-01  0.7303E-01  0.7303E-01
  0.1669E+00  0.8756E-01  0.2369E-01  0.7181E-01  0.7181E-01
  0.1675E+00  0.4538E-01  0.2312E-01  0.7061E-01  0.7061E-01
  0.1681E+00  0.8777E-01  0.2552E-01  0.6941E-01  0.6941E-01
  0.1688E+00  0.5657E-01  0.2167E-01  0.6825E-01  0.6825E-01
  0.1694E+00  0.7247E-01  0.2245E-01  0.6711E-01  0.6711E-01
  0.1700E+00  0.6475E-01  0.2289E-01  0.6601E-01  0.6601E-01
  0.1706E+00  0.5023E-01  0.2332E-01  0.6492E-01  0.6492E-01
  0.1712E+00  0.7438E-01  0.2219E-01  0.6386E-01  0.6386E-01
  0.1718E+00  0.8678E-01  0.2300E-01  0.6283E-01  0.6283E-01
  0.1724E+00  0.9970E-01  0.2238E-01  0.6183E-01  0.6183E-01
  0.1730E+00  0.6289E-01  0.2302E-01  0.6086E-01  0.6086E-01
  0.1736E+00  0.7420E-01  0.2230E-01  0.5992E-01  0.5992E-01
  0.1742E+00  0.4468E-01  0.2189E-01  0.5901E-01  0.5901E-01
  0.1748E+00  0.1072E+00  0.2246E-01  0.5814E-01  0.5814E-01
  0.1754E+00  0.8937E-01  0.2146E-01  0.5731E-01  0.5731E-01
  0.1760E+00  0.1029E+00  0.2207E-01  0.5651E-01  0.5651E-01
  0.1767E+00  0.6676E-01  0.2031E-01  0.5575E-01  0.5575E-01
  0.1773E+00  0.4408E-01  0.2499E-01  0.5502E-01  0.5502E-01
  0.1779E+00  0.6855E-01  0.2296E-01  0.5433E-01  0.5433E-01
  0.1785E+00  0.2645E-01  0.2344E-01  0.5368E-01  0.5368E-01
  0.1791E+00  0.3894E-01  0.2254E-01  0.5306E-01  0.5306E-01
  0.1797E+00  0.9250E-01  0.2399E-01  0.5247E-01  0.5247E-01
  0.1803E+00  0.2864E-01  0.2074E-01  0.5193E-01  0.5193E-01
  0.1809E+00  0.7343E-01  0.2386E-01  0.5141E-01  0.5141E-01
  0.1815E+00  0.5146E-01  0.2258E-01  0.5094E-01  0.5094E-01
  0.1821E+00  0.2848E-01  0.2317E-01  0.5050E-01  0.5050E-01
  0.1827E+00  0.8596E-01  0.2301E-01  0.5008E-01  0.5008E-01
  0.1833E+00  0.3410E-01  0.2117E-01  0.4971E-01  0.4971E-01
  0.1840E+00  0.5542E-01  0.2189E-01  0.4936E-01  0.4936E-01
  0.1846E+00  0.3703E-01  0.2139E-01  0.4904E-01  0.4904E-01
  0.1852E+00  0.4601E-02  0.2287E-01  0.4875E-01  0.4875E-01
  0.1858E+00  0.1080E-01  0.2129E-01  0.4849E-01  0.4849E-01
  0.1864E+00  0.1685E-01  0.2301E-01  0.4826E-01  0.4826E-01
  0.1870E+00  0.1612E-01  0.2165E-01  0.4805E-01  0.4805E-01
  0.1876E+00  0.1042E-01  0.2233E-01  0.4786E-01  0.4786E-01
  0.1882E+00  0.3223E-01  0.2317E-01  0.4770E-01  0.4770E-01
  0.1888E+00  0.5433E-01  0.2328E-01  0.4756E-01  0.4756E-01
  0.1894E+00  0.4882E-01  0.2189E-01  0.4744E-01  0.4744E-01
  0.1900E+00  0.4567E-01  0.2242E-01  0.4734E-01  0.4734E-01
  0.1906E+00  0.3692E-02  0.2171E-01  0.4726E-01  0.4726E-01
  0.1912E+00  0.4881E-01  0.2387E-01  0.4719E-01  0.4719E-01
  0.1919E+00  0.5449E-01  0.2308E-01  0.4714E-01  0.4714E-01
  0.1931E+00  0.8820E-01  0.2016E-01  0.4709E-01  0.4709E-01
  0.1937E+00  0.4244E-01  0.1973E-01  0.4707E-01  0.4707E-01
  0.1943E+00  0.2615E-01  0.2154E-01  0.4708E-01  0.4708E-01
  0.1949E+00  0.4769E-01  0.1905E-01  0.4708E-01  0.4708E-01
  0.1955E+00  0.4897E-02  0.2209E-01  0.4710E-01  0.4710E-01
  0.1961E+00  0.4852E-01  0.2138E-01  0.4713E-01  0.4713E-01
  0.1967E+00  0.3995E-01  0.2136E-01  0.4716E-01  0.4716E-01
  0.1973E+00  0.1488E-01  0.2242E-01  0.4720E-01  0.4720E-01
  0.1979E+00  0.3751E-01  0.2334E-01  0.4725E-01  0.4725E-01
  0.1985E+00  0.6638E-01  0.2273E-01  0.4730E-01  0.4730E-01
  0.1992E+00  0.4164E-01  0.2171E-01  0.4735E-01  0.4735E-01
  0.1998E+00  0.6438E-01  0.1980E-01  0.4741E-01  0.4741E-01
  0.2004E+00  0.7046E-01  0.2152E-01  0.4747E-01  0.4747E-01
  0.2010E+00  0.6614E-01  0.2083E-01  0.4754E-01  0.4754E-01
  0.2016E+00  0.3414E-01  0.2166E-01  0.4760E-01  0.4760E-01
  0.2022E+00  0.4822E-01  0.2577E-01  0.4767E-01  0.4767E-01
  0.2028E+00  0.6002E-01  0.2083E-01  0.4774E-01  0.4774E-01
  0.2034E+00  0.2912E-01  0.2278E-01  0.4780E-01  0.4780E-01
  0.2040E+00  0.3657E-01  0.2095E-01  0.4787E-01  0.4787E-01
  0.2046E+00  0.3790E-01  0.2304E-01  0.4794E-01  0.4794E-01
  0.2052E+00  0.1353E-01  0.2131E-01  0.4800E-01  0.4800E-01
  0.2058E+00  0.2255E-01  0.2234E-01  0.4807E-01  0.4807E-01
  0.2065E+00  0.4292E-01  0.2227E-01  0.4813E-01  0.4813E-01
  0.2071E+00  0.8534E-01  0.2300E-01  0.4820E-01  0.4820E-01
  0.2077E+00  0.9588E-01  0.2171E-01  0.4825E-01  0.4825E-01
  0.2083E+00  0.7886E-01  0.2026E-01  0.4833E-01  0.4833E-01
  0.2089E+00  0.2225E-01  0.2052E-01  0.4837E-01  0.4837E-01
  0.2095E+00  0.5783E-01  0.2178E-01  0.4842E-01  0.4842E-01
  0.2101E+00  0.1995E-01  0.2114E-01  0.4847E-01  0.4847E-01
  0.2107E+00  0.6436E-01  0.2275E-01  0.4851E-01  0.4851E-01
  0.2113E+00  0.5274E-01  0.2145E-01  0.4855E-01  0.4855E-01
  0.2119E+00  0.2811E-01  0.2111E-01  0.4858E-01  0.4858E-01
  0.2125E+00  0.3618E-01  0.2076E-01  0.4861E-01  0.4861E-01
  0.2131E+00  0.1761E-01  0.2214E-01  0.4864E-01  0.4864E-01
  0.2137E+00  0.4341E-01  0.2114E-01  0.4865E-01  0.4865E-01
  0.2144E+00  0.7570E-01  0.2142E-01  0.4866E-01  0.4866E-01
  0.2150E+00  0.6139E-01  0.2235E-01  0.4867E-01  0.4867E-01
  0.2156E+00  0.3694E-01  0.1973E-01  0.4867E-01  0.4867E-01
  0.2162E+00  0.8385E-01  0.2263E-01  0.4866E-01  0.4866E-01
  0.2168E+00  0.9753E-01  0.2166E-01  0.4863E-01  0.4863E-01
  0.2174E+00  0.3969E-01  0.1997E-01  0.4861E-01  0.4861E-01
  0.2180E+00  0.1117E+00  0.2045E-01  0.4857E-01  0.4857E-01
  0.2186E+00  0.5576E-01  0.2243E-01  0.4852E-01  0.4852E-01
  0.2192E+00  0.8292E-01  0.2065E-01  0.4847E-01  0.4847E-01
  0.2198E+00  0.5330E-01  0.2097E-01  0.4839E-01  0.4839E-01
  0.2204E+00  0.6319E-01  0.2114E-01  0.4832E-01  0.4832E-01
  0.2210E+00  0.6506E-01  0.2041E-01  0.4823E-01  0.4823E-01
  0.2217E+00  0.7852E-01  0.2238E-01  0.4813E-01  0.4813E-01
  0.2223E+00  0.8950E-03  0.3297E-01  0.4801E-01  0.4801E-01
  0.2229E+00  0.1184E-01  0.2125E-01  0.4789E-01  0.4789E-01
  0.2235E+00  0.1548E-01  0.5137E-01  0.4775E-01  0.4775E-01
  0.2241E+00  0.2844E-01  0.2045E-01  0.4760E-01  0.4760E-01
  0.2247E+00  0.7479E-01  0.2144E-01  0.4743E-01  0.4743E-01
  0.2253E+00  0.7788E-01  0.2036E-01  0.4726E-01  0.4726E-01
  0.2259E+00  0.5828E-01  0.2155E-01  0.4707E-01  0.4707E-01
  0.2265E+00  0.4613E-01  0.2172E-01  0.4686E-01  0.4686E-01
  0.2271E+00  0.3990E-01  0.2007E-01  0.4665E-01  0.4665E-01
  0.2277E+00  0.3464E-01  0.2099E-01  0.4642E-01  0.4642E-01
  0.2283E+00  0.2938E-01  0.1932E-01  0.4617E-01  0.4617E-01
  0.2289E+00  0.2170E-01  0.1924E-01  0.4592E-01  0.4592E-01
  0.2296E+00  0.3092E-01  0.2035E-01  0.4565E-01  0.4565E-01
  0.2302E+00  0.5207E-01  0.1843E-01  0.4537E-01  0.4537E-01
  0.2308E+00  0.5451E-01  0.2099E-01  0.4508E-01  0.4508E-01
  0.2314E+00  0.6045E-01  0.1997E-01  0.4478E-01  0.4478E-01
  0.2320E+00  0.6811E-01  0.2064E-01  0.4447E-01  0.4447E-01
  0.2326E+00  0.1038E-01  0.3257E-01  0.4414E-01  0.4414E-01
  0.2350E+00  0.3789E-01  0.2214E-01  0.4277E-01  0.4277E-01
  0.2356E+00  0.9300E-02  0.2270E-01  0.4241E-01  0.4241E-01
  0.2362E+00  0.4408E-01  0.2179E-01  0.4205E-01  0.4205E-01
  0.2375E+00  0.5967E-02  0.1998E-01  0.4131E-01  0.4131E-01
  0.2381E+00  0.3241E-01  0.2066E-01  0.4093E-01  0.4093E-01
  0.2387E+00  0.2630E-01  0.3939E-01  0.4056E-01  0.4056E-01
  0.2393E+00  0.6410E-03  0.1978E-01  0.4019E-01  0.4019E-01
  0.2399E+00  0.1236E-01  0.1058E+00  0.3981E-01  0.3981E-01
  0.2411E+00  0.1327E-01  0.8207E-01  0.3908E-01  0.3908E-01
  0.2423E+00  0.3024E-01  0.2129E-01  0.3836E-01  0.3836E-01
  0.2429E+00  0.2604E-01  0.2076E-01  0.3802E-01  0.3802E-01
  0.2435E+00  0.3222E-01  0.1984E-01  0.3768E-01  0.3768E-01
  0.2441E+00  0.1995E-01  0.2069E-01  0.3735E-01  0.3735E-01
  0.2448E+00  0.1721E-01  0.2176E-01  0.3703E-01  0.3703E-01
  0.2454E+00  0.3324E-01  0.2124E-01  0.3672E-01  0.3672E-01
  0.2460E+00  0.5024E-01  0.2193E-01  0.3643E-01  0.3643E-01
  0.2466E+00  0.5343E-01  0.1929E-01  0.3613E-01  0.3613E-01
  0.2472E+00  0.4147E-01  0.2086E-01  0.3587E-01  0.3587E-01
  0.2478E+00  0.4991E-01  0.1966E-01  0.3560E-01  0.3560E-01
  0.2484E+00  0.5022E-01  0.1995E-01  0.3536E-01  0.3536E-01
  0.2490E+00  0.5066E-01  0.2099E-01  0.3513E-01  0.3513E-01
  0.2496E+00  0.4573E-01  0.2009E-01  0.3492E-01  0.3492E-01
  0.2502E+00  0.7529E-01  0.1992E-01  0.3473E-01  0.3473E-01
  0.2508E+00  0.3869E-01  0.2081E-01  0.3455E-01  0.3455E-01
  0.2514E+00  0.3276E-01  0.2064E-01  0.3438E-01  0.3438E-01
  0.2521E+00  0.4841E-01  0.3103E-01  0.3424E-01  0.3424E-01
  0.2527E+00  0.2587E-01  0.2379E-01  0.3411E-01  0.3411E-01
  0.2533E+00  0.2954E-01  0.1886E-01  0.3399E-01  0.3399E-01
  0.2539E+00  0.2942E-01  0.2010E-01  0.3389E-01  0.3389E-01
  0.2545E+00  0.1596E-01  0.1944E-01  0.3381E-01  0.3381E-01
  0.2551E+00  0.2669E-01  0.1928E-01  0.3375E-01  0.3375E-01
  0.2557E+00  0.4611E-01  0.1902E-01  0.3370E-01  0.3370E-01
  0.2575E+00  0.3288E-01  0.1960E-01  0.3363E-01  0.3363E-01
  0.2581E+00  0.4119E-01  0.2231E-01  0.3363E-01  0.3363E-01
  0.2587E+00  0.5639E-01  0.2015E-01  0.3364E-01  0.3364E-01
  0.2593E+00  0.6305E-01  0.2214E-01  0.3367E-01  0.3367E-01
  0.2606E+00  0.3753E-01  0.1951E-01  0.3374E-01  0.3374E-01
  0.2612E+00  0.4146E-01  0.1963E-01  0.3380E-01  0.3380E-01
  0.2624E+00  0.6616E-01  0.2089E-01  0.3392E-01  0.3392E-01
  0.2630E+00  0.2878E-01  0.1918E-01  0.3399E-01  0.3399E-01
  0.2636E+00  0.7067E-01  0.5706E-01  0.3406E-01  0.3406E-01
  0.2648E+00  0.1128E-01  0.1996E-01  0.3420E-01  0.3420E-01
  0.2654E+00  0.1674E-01  0.1983E-01  0.3428E-01  0.3428E-01
  0.2660E+00  0.9562E-02  0.2083E-01  0.3435E-01  0.3435E-01
  0.2666E+00  0.2252E-02  0.2035E-01  0.3442E-01  0.3442E-01
  0.2673E+00  0.3869E-01  0.1996E-01  0.3449E-01  0.3449E-01
  0.2679E+00  0.3455E-01  0.1920E-01  0.3455E-01  0.3455E-01
  0.2685E+00  0.4725E-01  0.2144E-01  0.3460E-01  0.3460E-01
  0.2691E+00  0.4676E-01  0.2090E-01  0.3465E-01  0.3465E-01
  0.2721E+00  0.1273E-01  0.2102E-01  0.3477E-01  0.3477E-01
  0.2733E+00  0.2508E-01  0.2118E-01  0.3476E-01  0.3476E-01
  0.2739E+00  0.5992E-01  0.1798E-01  0.3472E-01  0.3472E-01
  0.2745E+00  0.3944E-01  0.2087E-01  0.3468E-01  0.3468E-01
  0.2752E+00  0.2635E-01  0.1927E-01  0.3462E-01  0.3462E-01
  0.2758E+00  0.4828E-01  0.1939E-01  0.3456E-01  0.3456E-01
  0.2764E+00  0.1290E-01  0.2050E-01  0.3448E-01  0.3448E-01
  0.2770E+00  0.2621E-01  0.1913E-01  0.3438E-01  0.3438E-01
  0.2776E+00  0.3184E-01  0.2047E-01  0.3428E-01  0.3428E-01
  0.2782E+00  0.3143E-01  0.1915E-01  0.3416E-01  0.3416E-01
  0.2788E+00  0.3087E-01  0.2533E-01  0.3403E-01  0.3403E-01
  0.2794E+00  0.2834E-01  0.2868E-01  0.3389E-01  0.3389E-01
  0.2800E+00  0.3813E-01  0.2018E-01  0.3374E-01  0.3374E-01
  0.2806E+00  0.2365E-01  0.1822E-01  0.3358E-01  0.3358E-01
  0.2825E+00  0.3503E-01  0.1922E-01  0.3303E-01  0.3303E-01
  0.2831E+00  0.8826E-02  0.1949E-01  0.3283E-01  0.3283E-01
  0.2837E+00  0.1848E-01  0.1995E-01  0.3263E-01  0.3263E-01
  0.2843E+00  0.3639E-01  0.1743E-01  0.3241E-01  0.3241E-01
  0.2849E+00  0.1707E-01  0.1988E-01  0.3220E-01  0.3220E-01
  0.2855E+00  0.3202E-01  0.1988E-01  0.3197E-01  0.3197E-01
  0.2861E+00  0.4281E-01  0.1987E-01  0.3174E-01  0.3174E-01
  0.2867E+00  0.5965E-01  0.1866E-01  0.3150E-01  0.3150E-01
  0.2873E+00  0.5756E-01  0.1925E-01  0.3127E-01  0.3127E-01
  0.2879E+00  0.3634E-01  0.2095E-01  0.3103E-01  0.3103E-01
  0.2885E+00  0.2584E-01  0.1889E-01  0.3079E-01  0.3079E-01
  0.2891E+00  0.2918E-01  0.1913E-01  0.3056E-01  0.3056E-01
  0.2897E+00  0.7818E-02  0.1813E-01  0.3032E-01  0.3032E-01
  0.2910E+00  0.1485E-01  0.1971E-01  0.2985E-01  0.2985E-01
  0.2916E+00  0.2640E-01  0.1881E-01  0.2962E-01  0.2962E-01
  0.2922E+00  0.4793E-01  0.1763E-01  0.2940E-01  0.2940E-01
  0.2928E+00  0.2322E-01  0.1964E-01  0.2917E-01  0.2917E-01
  0.2934E+00  0.3904E-01  0.1902E-01  0.2896E-01  0.2896E-01
  0.2940E+00  0.2944E-01  0.2367E-01  0.2875E-01  0.2875E-01
  0.2946E+00  0.5407E-01  0.1821E-01  0.2854E-01  0.2854E-01
  0.2952E+00  0.4269E-01  0.1763E-01  0.2834E-01  0.2834E-01
  0.2958E+00  0.2484E-01  0.1666E-01  0.2815E-01  0.2815E-01
  0.2964E+00  0.4968E-01  0.1905E-01  0.2796E-01  0.2796E-01
  0.2970E+00  0.5082E-01  0.1792E-01  0.2779E-01  0.2779E-01
  0.2976E+00  0.7567E-01  0.1866E-01  0.2762E-01  0.2762E-01
  0.2983E+00  0.3548E-01  0.1739E-01  0.2745E-01  0.2745E-01
  0.2989E+00  0.6989E-01  0.1779E-01  0.2730E-01  0.2730E-01
  0.2995E+00  0.3084E-01  0.1731E-01  0.2716E-01  0.2716E-01
  0.3001E+00  0.3349E-01  0.1800E-01  0.2701E-01  0.2701E-01
  0.3007E+00  0.6609E-02  0.1748E-01  0.2688E-01  0.2688E-01
  0.3013E+00  0.1759E-01  0.1798E-01  0.2676E-01  0.2676E-01
  0.3019E+00  0.2630E-01  0.1751E-01  0.2664E-01  0.2664E-01
  0.3025E+00  0.1252E-01  0.1787E-01  0.2653E-01  0.2653E-01
  0.3031E+00  0.5238E-01  0.1900E-01  0.2642E-01  0.2642E-01
  0.3037E+00  0.3532E-01  0.1772E-01  0.2632E-01  0.2632E-01
  0.3043E+00  0.2766E-01  0.1817E-01  0.2623E-01  0.2623E-01
  0.3049E+00  0.2614E-01  0.1878E-01  0.2614E-01  0.2614E-01
  0.3056E+00  0.9781E-02  0.1724E-01  0.2605E-01  0.2605E-01
  0.3062E+00  0.1529E-01  0.1815E-01  0.2597E-01  0.2597E-01
  0.3068E+00  0.7570E-02  0.1706E-01  0.2590E-01  0.2590E-01
  0.3074E+00  0.9022E-02  0.1763E-01  0.2582E-01  0.2582E-01
  0.3080E+00  0.2772E-01  0.1689E-01  0.2575E-01  0.2575E-01
  0.3086E+00  0.2593E-02  0.1731E-01  0.2568E-01  0.2568E-01
  0.3104E+00  0.1062E-01  0.1577E-01  0.2546E-01  0.2546E-01
  0.3110E+00  0.1014E-01  0.1786E-01  0.2539E-01  0.2539E-01
  0.3116E+00  0.2632E-01  0.1746E-01  0.2532E-01  0.2532E-01
  0.3122E+00  0.2412E-01  0.1804E-01  0.2525E-01  0.2525E-01
  0.3128E+00  0.3542E-01  0.1886E-01  0.2517E-01  0.2517E-01
  0.3135E+00  0.5003E-01  0.1886E-01  0.2510E-01  0.2510E-01
  0.3141E+00  0.2082E-01  0.9214E-01  0.2501E-01  0.2501E-01
  0.3147E+00  0.3237E-01  0.2127E-01  0.2493E-01  0.2493E-01
  0.3153E+00  0.2958E-01  0.3154E-01  0.2484E-01  0.2484E-01
  0.3159E+00  0.3176E-01  0.2038E-01  0.2475E-01  0.2475E-01
  0.3165E+00  0.6051E-02  0.2362E-01  0.2465E-01  0.2465E-01
  0.3183E+00  0.4042E-01  0.2192E-01  0.2432E-01  0.2432E-01
  0.3189E+00  0.7450E-03  0.2397E-01  0.2421E-01  0.2421E-01
  0.3201E+00  0.1774E-01  0.2529E-01  0.2396E-01  0.2396E-01
  0.3208E+00  0.2758E-01  0.2608E-01  0.2383E-01  0.2383E-01
  0.3214E+00  0.4557E-01  0.2437E-01  0.2369E-01  0.2369E-01
  0.3220E+00  0.1435E-01  0.2716E-01  0.2355E-01  0.2355E-01
  0.3232E+00  0.6513E-01  0.3279E-01  0.2326E-01  0.2326E-01
  0.3238E+00  0.1575E-01  0.3644E-01  0.2311E-01  0.2311E-01
  0.3244E+00  0.5228E-01  0.4284E-01  0.2295E-01  0.2295E-01

           Distance distribution  function of particle  


       R          P(R)      ERROR

  0.0000E+00  0.0000E+00  0.0000E+00
  0.1490E+01  0.3647E-03  0.3278E-04
  0.2980E+01  0.8823E-03  0.4134E-04
  0.4470E+01  0.1548E-02  0.3147E-04
  0.5960E+01  0.2356E-02  0.1612E-04
  0.7450E+01  0.3293E-02  0.2743E-04
  0.8940E+01  0.4349E-02  0.4789E-04
  0.1043E+02  0.5507E-02  0.6016E-04
  0.1192E+02  0.6749E-02  0.6046E-04
  0.1341E+02  0.8057E-02  0.5007E-04
  0.1490E+02  0.9407E-02  0.3671E-04
  0.1639E+02  0.1078E-01  0.3730E-04
  0.1788E+02  0.1214E-01  0.5340E-04
  0.1937E+02  0.1348E-01  0.6907E-04
  0.2086E+02  0.1476E-01  0.7621E-04
  0.2235E+02  0.1597E-01  0.7305E-04
  0.2384E+02  0.1708E-01  0.6270E-04
  0.2533E+02  0.1806E-01  0.5367E-04
  0.2682E+02  0.1892E-01  0.5602E-04
  0.2831E+02  0.1963E-01  0.6768E-04
  0.2980E+02  0.2019E-01  0.7839E-04
  0.3129E+02  0.2061E-01  0.8198E-04
  0.3278E+02  0.2089E-01  0.7779E-04
  0.3427E+02  0.2104E-01  0.7009E-04
  0.3576E+02  0.2108E-01  0.6679E-04
  0.3725E+02  0.2102E-01  0.7254E-04
  0.3874E+02  0.2088E-01  0.8260E-04
  0.4023E+02  0.2068E-01  0.8936E-04
  0.4172E+02  0.2043E-01  0.8871E-04
  0.4321E+02  0.2015E-01  0.8135E-04
  0.4470E+02  0.1985E-01  0.7297E-04
  0.4619E+02  0.1953E-01  0.7223E-04
  0.4768E+02  0.1920E-01  0.8198E-04
  0.4917E+02  0.1887E-01  0.9543E-04
  0.5066E+02  0.1854E-01  0.1050E-03
  0.5215E+02  0.1821E-01  0.1069E-03
  0.5364E+02  0.1788E-01  0.1016E-03
  0.5513E+02  0.1756E-01  0.9334E-04
  0.5662E+02  0.1725E-01  0.8821E-04
  0.5811E+02  0.1695E-01  0.9027E-04
  0.5960E+02  0.1666E-01  0.9757E-04
  0.6109E+02  0.1638E-01  0.1052E-03
  0.6258E+02  0.1611E-01  0.1100E-03
  0.6407E+02  0.1583E-01  0.1119E-03
  0.6556E+02  0.1555E-01  0.1131E-03
  0.6705E+02  0.1526E-01  0.1161E-03
  0.6854E+02  0.1495E-01  0.1216E-03
  0.7003E+02  0.1462E-01  0.1289E-03
  0.7152E+02  0.1426E-01  0.1367E-03
  0.7301E+02  0.1388E-01  0.1450E-03
  0.7450E+02  0.1349E-01  0.1540E-03
  0.7599E+02  0.1308E-01  0.1638E-03
  0.7748E+02  0.1267E-01  0.1728E-03
  0.7897E+02  0.1226E-01  0.1788E-03
  0.8046E+02  0.1186E-01  0.1797E-03
  0.8195E+02  0.1147E-01  0.1750E-03
  0.8344E+02  0.1109E-01  0.1662E-03
  0.8493E+02  0.1073E-01  0.1568E-03
  0.8642E+02  0.1037E-01  0.1502E-03
  0.8791E+02  0.1000E-01  0.1483E-03
  0.8940E+02  0.9621E-02  0.1498E-03
  0.9089E+02  0.9222E-02  0.1521E-03
  0.9238E+02  0.8799E-02  0.1536E-03
  0.9387E+02  0.8351E-02  0.1548E-03
  0.9536E+02  0.7881E-02  0.1572E-03
  0.9685E+02  0.7398E-02  0.1621E-03
  0.9834E+02  0.6913E-02  0.1688E-03
  0.9983E+02  0.6438E-02  0.1756E-03
  0.1013E+03  0.5988E-02  0.1810E-03
  0.1028E+03  0.5576E-02  0.1845E-03
  0.1043E+03  0.5209E-02  0.1868E-03
  0.1058E+03  0.4894E-02  0.1891E-03
  0.1073E+03  0.4631E-02  0.1915E-03
  0.1088E+03  0.4418E-02  0.1931E-03
  0.1103E+03  0.4248E-02  0.1925E-03
  0.1118E+03  0.4113E-02  0.1895E-03
  0.1132E+03  0.4004E-02  0.1851E-03
  0.1147E+03  0.3912E-02  0.1820E-03
  0.1162E+03  0.3828E-02  0.1824E-03
  0.1177E+03  0.3746E-02  0.1862E-03
  0.1192E+03  0.3660E-02  0.1911E-03
  0.1207E+03  0.3564E-02  0.1944E-03
  0.1222E+03  0.3454E-02  0.1945E-03
  0.1237E+03  0.3328E-02  0.1924E-03
  0.1252E+03  0.3182E-02  0.1906E-03
  0.1267E+03  0.3013E-02  0.1916E-03
  0.1281E+03  0.2824E-02  0.1956E-03
  0.1296E+03  0.2615E-02  0.2005E-03
  0.1311E+03  0.2394E-02  0.2030E-03
  0.1326E+03  0.2170E-02  0.2012E-03
  0.1341E+03  0.1954E-02  0.1958E-03
  0.1356E+03  0.1759E-02  0.1900E-03
  0.1371E+03  0.1597E-02  0.1883E-03
  0.1386E+03  0.1474E-02  0.1928E-03
  0.1401E+03  0.1387E-02  0.2010E-03
  0.1416E+03  0.1325E-02  0.2071E-03
  0.1430E+03  0.1260E-02  0.2043E-03
  0.1445E+03  0.1152E-02  0.1865E-03
  0.1460E+03  0.9482E-03  0.1491E-03
  0.1475E+03  0.5867E-03  0.8804E-04
  0.1490E+03  0.0000E+00  0.0000E+00
          Reciprocal space: Rg =   45.66     , I(0) =   0.1886E+02
     Real space: Rg =   45.89 +- 0.217  I(0) =   0.1886E+02 +-  0.9182E-01
