
           ####    G N O M   ---   Version 4.5a revised 09/02/02     ####

                                                  Tue Nov  3 18:14:40 2009
           ===    Run No   1   ===
 Run title:  0.010642 134.988620 0.916847


  Number of points omitted at the beginning:           2

          To optimize the performance, some input data points 
           have been joined. New number of points equals to 258

   *******   Working Directory :
   *******    Input file(s) :
           Condition P(rmin) = 0 is used. 
           Condition P(rmax) = 0 is used. 

          Experimental conditions for the first run
          -----------------------------------------

          Highest ALPHA is found to be   0.2519E+05

  The measure of inconsistency AN1 equals to    0.1086E+01

          Warning: using the chosen range in the real space 
             it is not possible to fit the data set within the
             given error band. 
     Alpha    Discrp  Oscill  Stabil  Sysdev  Positv  Valcen    Total   
  0.2519E+08114.5712  2.0929  0.9852  0.0000  1.0000  0.6730  0.10171
  0.5038E+07112.8172  2.0849  0.9664  0.0000  1.0000  0.6734  0.10266
  0.1008E+07105.2951  2.0482  0.8871  0.0000  1.0000  0.6753  0.10740
  0.2015E+06 84.1992  1.9198  0.6824  0.0934  1.0000  0.6829  0.13608
  0.4031E+05 54.6318  1.7355  0.4830  0.0778  1.0000  0.7032  0.18098
  0.8061E+04 25.4416  1.6288  0.3024  0.1245  1.0000  0.7394  0.22030
  0.1612E+04  8.1114  1.5338  0.1343  0.2957  1.0000  0.7775  0.34805
  0.3224E+03  2.2876  1.4881  0.0396  0.4669  1.0000  0.7963  0.56221
  0.6449E+02  1.2219  1.4766  0.0109  0.5136  1.0000  0.8016  0.61477
  0.1290E+02  1.1072  1.4777  0.0053  0.5447  1.0000  0.8029  0.64134
  0.2580E+01  1.0633  1.5056  0.0096  0.5447  1.0000  0.8031  0.63801
  0.5159E+00  1.0100  1.6692  0.0140  0.5292  1.0000  0.8029  0.58666
  0.1032E+00  0.9760  2.0850  0.0298  0.5292  1.0000  0.8030  0.49093
  0.2064E-01  0.9459  3.3363  0.0458  0.5292  0.9997  0.8023  0.45598
  0.4127E-02  0.9287  5.3664  0.0895  0.4981  0.9982  0.7957  0.37826
  0.8254E-03  0.9121 10.6568  0.1979  0.5136  0.9886  0.7639  0.27335
  0.1651E-03  0.8946 19.9619  0.4687  0.4981  0.9446  0.6717  0.23532
  0.3302E-04  0.8636 27.5058  0.7179  0.5136  0.8403  0.2481  0.00000

          ***  Golden section search to maximize estimate ***
     Alpha    Discrp  Oscill  Stabil  Sysdev  Positv  Valcen    Total   
  0.4770E+01  1.0814  1.4875  0.0069  0.5603  1.0000  0.8031  0.65030
  0.3772E+01  1.0748  1.4927  0.0078  0.5603  1.0000  0.8031  0.64948
  0.5515E+01  1.0852  1.4851  0.0064  0.5292  1.0000  0.8031  0.63293
  0.4361E+01  1.0789  1.4893  0.0072  0.5603  1.0000  0.8031  0.65004
  0.5042E+01  1.0829  1.4865  0.0067  0.5292  1.0000  0.8031  0.63276
  0.4609E+01  1.0804  1.4882  0.0070  0.5603  1.0000  0.8031  0.65020
  0.4872E+01  1.0819  1.4871  0.0068  0.5447  1.0000  0.8031  0.64142
  0.4708E+01  1.0810  1.4877  0.0069  0.5603  1.0000  0.8031  0.65026
  0.4809E+01  1.0816  1.4874  0.0068  0.5447  1.0000  0.8031  0.64138
  0.4746E+01  1.0812  1.4876  0.0069  0.5603  1.0000  0.8031  0.65028
  0.4785E+01  1.0815  1.4874  0.0069  0.5603  1.0000  0.8031  0.65030
  0.4794E+01  1.0815  1.4874  0.0069  0.5603  1.0000  0.8031  0.65031
  0.4800E+01  1.0815  1.4874  0.0069  0.5603  1.0000  0.8031  0.65031
  0.4800E+01  1.0815  1.4874  0.0069  0.5603  1.0000  0.8031  0.65031



             ####            Final results            ####

 Parameter    DISCRP    OSCILL    STABIL    SYSDEV    POSITV    VALCEN
 Weight        1.000     3.000     3.000     5.000     1.000     1.000
 Sigma         0.300     0.600     0.120     0.500     0.120     0.120
 Ideal         0.700     1.200     0.000     1.000     1.000     0.950
 Current       1.082     1.487     0.007     0.560     1.000     0.803
                - - - - - - - - - - - - - - - - - - - - - - - - - 
 Estimate      0.198     0.795     0.997     0.461     1.000     0.223

  Angular   range    :     from    0.0128   to    0.3250
  Real space range   :     from      0.00   to    191.40

  Highest ALPHA (theor) :   0.252E+08                 JOB = 0
  Current ALPHA         :   0.480E+01   Rg :  0.584E+02   I(0) :   0.139E+03

           Total  estimate : 0.650  which is  A REASONABLE  solution

      S          J EXP       ERROR       J REG       I REG

  0.0000E+00                                      0.1387E+03
  0.1277E-02                                      0.1384E+03
  0.2554E-02                                      0.1377E+03
  0.3831E-02                                      0.1364E+03
  0.5108E-02                                      0.1346E+03
  0.6386E-02                                      0.1324E+03
  0.7663E-02                                      0.1297E+03
  0.8940E-02                                      0.1266E+03
  0.1022E-01                                      0.1232E+03
  0.1149E-01                                      0.1195E+03
  0.1277E-01  0.1226E+03  0.8453E+00  0.1155E+03  0.1155E+03
  0.1399E-01  0.1197E+03  0.1495E+01  0.1114E+03  0.1114E+03
  0.1520E-01  0.1144E+03  0.1357E+01  0.1073E+03  0.1073E+03
  0.1642E-01  0.1082E+03  0.1174E+01  0.1030E+03  0.1030E+03
  0.1764E-01  0.1020E+03  0.9482E+00  0.9861E+02  0.9861E+02
  0.1885E-01  0.9552E+02  0.8416E+00  0.9421E+02  0.9421E+02
  0.2007E-01  0.8996E+02  0.7419E+00  0.8982E+02  0.8982E+02
  0.2128E-01  0.8494E+02  0.6248E+00  0.8547E+02  0.8547E+02
  0.2250E-01  0.8004E+02  0.5417E+00  0.8118E+02  0.8118E+02
  0.2372E-01  0.7577E+02  0.5163E+00  0.7699E+02  0.7699E+02
  0.2493E-01  0.7195E+02  0.4990E+00  0.7292E+02  0.7292E+02
  0.2615E-01  0.6772E+02  0.4305E+00  0.6900E+02  0.6900E+02
  0.2737E-01  0.6421E+02  0.3450E+00  0.6523E+02  0.6523E+02
  0.2858E-01  0.6077E+02  0.3126E+00  0.6163E+02  0.6163E+02
  0.2980E-01  0.5712E+02  0.2769E+00  0.5821E+02  0.5821E+02
  0.3101E-01  0.5429E+02  0.2644E+00  0.5497E+02  0.5497E+02
  0.3223E-01  0.5136E+02  0.2491E+00  0.5191E+02  0.5191E+02
  0.3345E-01  0.4881E+02  0.2312E+00  0.4904E+02  0.4904E+02
  0.3466E-01  0.4653E+02  0.2409E+00  0.4635E+02  0.4635E+02
  0.3588E-01  0.4400E+02  0.2088E+00  0.4382E+02  0.4382E+02
  0.3710E-01  0.4163E+02  0.1960E+00  0.4146E+02  0.4146E+02
  0.3831E-01  0.3960E+02  0.1759E+00  0.3926E+02  0.3926E+02
  0.3953E-01  0.3747E+02  0.1556E+00  0.3720E+02  0.3720E+02
  0.4074E-01  0.3563E+02  0.1476E+00  0.3527E+02  0.3527E+02
  0.4196E-01  0.3385E+02  0.1371E+00  0.3347E+02  0.3347E+02
  0.4318E-01  0.3218E+02  0.1303E+00  0.3178E+02  0.3178E+02
  0.4439E-01  0.3056E+02  0.1312E+00  0.3019E+02  0.3019E+02
  0.4561E-01  0.2897E+02  0.1133E+00  0.2869E+02  0.2869E+02
  0.4683E-01  0.2746E+02  0.1076E+00  0.2728E+02  0.2728E+02
  0.4804E-01  0.2608E+02  0.1122E+00  0.2594E+02  0.2594E+02
  0.4926E-01  0.2468E+02  0.1092E+00  0.2467E+02  0.2467E+02
  0.5047E-01  0.2340E+02  0.9493E-01  0.2346E+02  0.2346E+02
  0.5169E-01  0.2220E+02  0.8597E-01  0.2231E+02  0.2231E+02
  0.5291E-01  0.2105E+02  0.8377E-01  0.2121E+02  0.2121E+02
  0.5412E-01  0.1994E+02  0.7607E-01  0.2017E+02  0.2017E+02
  0.5534E-01  0.1902E+02  0.7765E-01  0.1917E+02  0.1917E+02
  0.5656E-01  0.1811E+02  0.7395E-01  0.1822E+02  0.1822E+02
  0.5777E-01  0.1721E+02  0.7254E-01  0.1731E+02  0.1731E+02
  0.5899E-01  0.1631E+02  0.6423E-01  0.1645E+02  0.1645E+02
  0.6020E-01  0.1562E+02  0.6061E-01  0.1563E+02  0.1563E+02
  0.6142E-01  0.1478E+02  0.6251E-01  0.1485E+02  0.1485E+02
  0.6264E-01  0.1416E+02  0.6224E-01  0.1412E+02  0.1412E+02
  0.6385E-01  0.1347E+02  0.5543E-01  0.1343E+02  0.1343E+02
  0.6507E-01  0.1272E+02  0.5219E-01  0.1278E+02  0.1278E+02
  0.6629E-01  0.1212E+02  0.5360E-01  0.1216E+02  0.1216E+02
  0.6750E-01  0.1162E+02  0.4971E-01  0.1159E+02  0.1159E+02
  0.6872E-01  0.1116E+02  0.4725E-01  0.1105E+02  0.1105E+02
  0.6993E-01  0.1065E+02  0.4606E-01  0.1055E+02  0.1055E+02
  0.7115E-01  0.1012E+02  0.4251E-01  0.1007E+02  0.1007E+02
  0.7237E-01  0.9659E+01  0.4434E-01  0.9633E+01  0.9633E+01
  0.7358E-01  0.9247E+01  0.4387E-01  0.9218E+01  0.9218E+01
  0.7480E-01  0.8875E+01  0.3988E-01  0.8828E+01  0.8828E+01
  0.7602E-01  0.8528E+01  0.3917E-01  0.8461E+01  0.8461E+01
  0.7723E-01  0.8180E+01  0.3753E-01  0.8113E+01  0.8113E+01
  0.7845E-01  0.7819E+01  0.3577E-01  0.7784E+01  0.7784E+01
  0.7966E-01  0.7456E+01  0.3947E-01  0.7471E+01  0.7471E+01
  0.8088E-01  0.7155E+01  0.3950E-01  0.7171E+01  0.7171E+01
  0.8210E-01  0.6858E+01  0.3253E-01  0.6884E+01  0.6884E+01
  0.8331E-01  0.6539E+01  0.3065E-01  0.6608E+01  0.6608E+01
  0.8453E-01  0.6297E+01  0.3062E-01  0.6341E+01  0.6341E+01
  0.8575E-01  0.6024E+01  0.2912E-01  0.6084E+01  0.6084E+01
  0.8696E-01  0.5798E+01  0.3038E-01  0.5834E+01  0.5834E+01
  0.8818E-01  0.5581E+01  0.3004E-01  0.5593E+01  0.5593E+01
  0.8939E-01  0.5282E+01  0.3023E-01  0.5360E+01  0.5360E+01
  0.9061E-01  0.5089E+01  0.2841E-01  0.5135E+01  0.5135E+01
  0.9183E-01  0.4979E+01  0.2796E-01  0.4917E+01  0.4917E+01
  0.9304E-01  0.4770E+01  0.2760E-01  0.4707E+01  0.4707E+01
  0.9426E-01  0.4522E+01  0.3042E-01  0.4506E+01  0.4506E+01
  0.9548E-01  0.4330E+01  0.2624E-01  0.4312E+01  0.4312E+01
  0.9669E-01  0.4111E+01  0.2640E-01  0.4127E+01  0.4127E+01
  0.9791E-01  0.3958E+01  0.2711E-01  0.3950E+01  0.3950E+01
  0.9912E-01  0.3775E+01  0.2672E-01  0.3782E+01  0.3782E+01
  0.1003E+00  0.3636E+01  0.2508E-01  0.3621E+01  0.3621E+01
  0.1016E+00  0.3493E+01  0.2471E-01  0.3469E+01  0.3469E+01
  0.1028E+00  0.3352E+01  0.2481E-01  0.3324E+01  0.3324E+01
  0.1040E+00  0.3207E+01  0.2450E-01  0.3186E+01  0.3186E+01
  0.1052E+00  0.3065E+01  0.2901E-01  0.3054E+01  0.3054E+01
  0.1064E+00  0.2935E+01  0.2305E-01  0.2929E+01  0.2929E+01
  0.1076E+00  0.2808E+01  0.2310E-01  0.2809E+01  0.2809E+01
  0.1089E+00  0.2684E+01  0.2263E-01  0.2693E+01  0.2693E+01
  0.1101E+00  0.2549E+01  0.2293E-01  0.2582E+01  0.2582E+01
  0.1113E+00  0.2475E+01  0.2025E-01  0.2475E+01  0.2475E+01
  0.1125E+00  0.2392E+01  0.2096E-01  0.2370E+01  0.2370E+01
  0.1137E+00  0.2270E+01  0.2155E-01  0.2269E+01  0.2269E+01
  0.1149E+00  0.2171E+01  0.2255E-01  0.2169E+01  0.2169E+01
  0.1162E+00  0.2058E+01  0.2299E-01  0.2072E+01  0.2072E+01
  0.1174E+00  0.1957E+01  0.2112E-01  0.1978E+01  0.1978E+01
  0.1186E+00  0.1914E+01  0.2070E-01  0.1885E+01  0.1885E+01
  0.1198E+00  0.1789E+01  0.2035E-01  0.1795E+01  0.1795E+01
  0.1210E+00  0.1659E+01  0.2091E-01  0.1708E+01  0.1708E+01
  0.1222E+00  0.1616E+01  0.2068E-01  0.1623E+01  0.1623E+01
  0.1234E+00  0.1549E+01  0.2149E-01  0.1541E+01  0.1541E+01
  0.1247E+00  0.1449E+01  0.1998E-01  0.1462E+01  0.1462E+01
  0.1259E+00  0.1357E+01  0.1851E-01  0.1387E+01  0.1387E+01
  0.1271E+00  0.1308E+01  0.1858E-01  0.1316E+01  0.1316E+01
  0.1283E+00  0.1237E+01  0.1961E-01  0.1249E+01  0.1249E+01
  0.1295E+00  0.1162E+01  0.1966E-01  0.1187E+01  0.1187E+01
  0.1307E+00  0.1171E+01  0.1937E-01  0.1129E+01  0.1129E+01
  0.1320E+00  0.1114E+01  0.1942E-01  0.1076E+01  0.1076E+01
  0.1332E+00  0.1023E+01  0.1941E-01  0.1027E+01  0.1027E+01
  0.1344E+00  0.9892E+00  0.1849E-01  0.9826E+00  0.9826E+00
  0.1356E+00  0.9585E+00  0.1868E-01  0.9425E+00  0.9425E+00
  0.1368E+00  0.9487E+00  0.1872E-01  0.9063E+00  0.9063E+00
  0.1380E+00  0.9167E+00  0.1805E-01  0.8737E+00  0.8737E+00
  0.1393E+00  0.8617E+00  0.1821E-01  0.8443E+00  0.8443E+00
  0.1405E+00  0.8164E+00  0.1774E-01  0.8176E+00  0.8176E+00
  0.1417E+00  0.7777E+00  0.1905E-01  0.7933E+00  0.7933E+00
  0.1429E+00  0.7680E+00  0.1834E-01  0.7708E+00  0.7708E+00
  0.1441E+00  0.7116E+00  0.1759E-01  0.7498E+00  0.7498E+00
  0.1453E+00  0.7248E+00  0.1804E-01  0.7299E+00  0.7299E+00
  0.1466E+00  0.6943E+00  0.1755E-01  0.7107E+00  0.7107E+00
  0.1478E+00  0.6454E+00  0.1757E-01  0.6919E+00  0.6919E+00
  0.1490E+00  0.6533E+00  0.1777E-01  0.6733E+00  0.6733E+00
  0.1502E+00  0.6676E+00  0.1796E-01  0.6547E+00  0.6547E+00
  0.1514E+00  0.6213E+00  0.1683E-01  0.6361E+00  0.6361E+00
  0.1526E+00  0.6035E+00  0.1736E-01  0.6174E+00  0.6174E+00
  0.1539E+00  0.5905E+00  0.1898E-01  0.5987E+00  0.5987E+00
  0.1551E+00  0.5989E+00  0.1809E-01  0.5801E+00  0.5801E+00
  0.1563E+00  0.5588E+00  0.1823E-01  0.5616E+00  0.5616E+00
  0.1575E+00  0.5648E+00  0.1626E-01  0.5435E+00  0.5435E+00
  0.1587E+00  0.5552E+00  0.1598E-01  0.5260E+00  0.5260E+00
  0.1599E+00  0.5203E+00  0.1618E-01  0.5092E+00  0.5092E+00
  0.1611E+00  0.4940E+00  0.1639E-01  0.4933E+00  0.4933E+00
  0.1624E+00  0.4881E+00  0.1611E-01  0.4785E+00  0.4785E+00
  0.1636E+00  0.4541E+00  0.1628E-01  0.4649E+00  0.4649E+00
  0.1648E+00  0.4544E+00  0.1618E-01  0.4527E+00  0.4527E+00
  0.1660E+00  0.4153E+00  0.1630E-01  0.4417E+00  0.4417E+00
  0.1672E+00  0.4402E+00  0.1590E-01  0.4322E+00  0.4322E+00
  0.1684E+00  0.4212E+00  0.1591E-01  0.4242E+00  0.4242E+00
  0.1697E+00  0.4144E+00  0.1634E-01  0.4173E+00  0.4173E+00
  0.1709E+00  0.4021E+00  0.1543E-01  0.4113E+00  0.4113E+00
  0.1721E+00  0.4015E+00  0.1613E-01  0.4064E+00  0.4064E+00
  0.1733E+00  0.4295E+00  0.1605E-01  0.4024E+00  0.4024E+00
  0.1745E+00  0.3991E+00  0.1494E-01  0.3991E+00  0.3991E+00
  0.1757E+00  0.4160E+00  0.1543E-01  0.3961E+00  0.3961E+00
  0.1770E+00  0.4034E+00  0.1532E-01  0.3934E+00  0.3934E+00
  0.1782E+00  0.4155E+00  0.1549E-01  0.3908E+00  0.3908E+00
  0.1794E+00  0.3769E+00  0.1594E-01  0.3881E+00  0.3881E+00
  0.1806E+00  0.3742E+00  0.1566E-01  0.3852E+00  0.3852E+00
  0.1818E+00  0.3627E+00  0.1608E-01  0.3819E+00  0.3819E+00
  0.1830E+00  0.3518E+00  0.1635E-01  0.3783E+00  0.3783E+00
  0.1843E+00  0.3297E+00  0.1654E-01  0.3744E+00  0.3744E+00
  0.1855E+00  0.3509E+00  0.1477E-01  0.3701E+00  0.3701E+00
  0.1867E+00  0.3465E+00  0.1641E-01  0.3655E+00  0.3655E+00
  0.1879E+00  0.3728E+00  0.1492E-01  0.3607E+00  0.3607E+00
  0.1891E+00  0.3855E+00  0.1462E-01  0.3557E+00  0.3557E+00
  0.1903E+00  0.3764E+00  0.1507E-01  0.3508E+00  0.3508E+00
  0.1916E+00  0.3682E+00  0.1525E-01  0.3459E+00  0.3459E+00
  0.1928E+00  0.3424E+00  0.1464E-01  0.3413E+00  0.3413E+00
  0.1940E+00  0.3258E+00  0.1509E-01  0.3370E+00  0.3370E+00
  0.1952E+00  0.3104E+00  0.1504E-01  0.3331E+00  0.3331E+00
  0.1964E+00  0.3275E+00  0.1472E-01  0.3298E+00  0.3298E+00
  0.1976E+00  0.3334E+00  0.1442E-01  0.3271E+00  0.3271E+00
  0.1988E+00  0.3088E+00  0.1422E-01  0.3250E+00  0.3250E+00
  0.2001E+00  0.3085E+00  0.1415E-01  0.3234E+00  0.3234E+00
  0.2013E+00  0.3342E+00  0.1481E-01  0.3224E+00  0.3224E+00
  0.2025E+00  0.3519E+00  0.1513E-01  0.3219E+00  0.3219E+00
  0.2037E+00  0.3534E+00  0.2101E-01  0.3218E+00  0.3218E+00
  0.2049E+00  0.3427E+00  0.1504E-01  0.3220E+00  0.3220E+00
  0.2061E+00  0.3300E+00  0.1432E-01  0.3224E+00  0.3224E+00
  0.2074E+00  0.3311E+00  0.1543E-01  0.3230E+00  0.3230E+00
  0.2086E+00  0.3263E+00  0.1475E-01  0.3232E+00  0.3232E+00
  0.2098E+00  0.3356E+00  0.1489E-01  0.3234E+00  0.3234E+00
  0.2110E+00  0.3177E+00  0.1487E-01  0.3234E+00  0.3234E+00
  0.2122E+00  0.3015E+00  0.1407E-01  0.3229E+00  0.3229E+00
  0.2134E+00  0.2868E+00  0.1451E-01  0.3220E+00  0.3220E+00
  0.2147E+00  0.2843E+00  0.1382E-01  0.3206E+00  0.3206E+00
  0.2159E+00  0.3014E+00  0.1363E-01  0.3188E+00  0.3188E+00
  0.2171E+00  0.3116E+00  0.1405E-01  0.3165E+00  0.3165E+00
  0.2183E+00  0.3236E+00  0.1449E-01  0.3137E+00  0.3137E+00
  0.2195E+00  0.3364E+00  0.1346E-01  0.3106E+00  0.3106E+00
  0.2207E+00  0.3289E+00  0.1438E-01  0.3072E+00  0.3072E+00
  0.2220E+00  0.3081E+00  0.1459E-01  0.3037E+00  0.3037E+00
  0.2232E+00  0.3025E+00  0.1370E-01  0.2999E+00  0.2999E+00
  0.2244E+00  0.3000E+00  0.1690E-01  0.2963E+00  0.2963E+00
  0.2256E+00  0.2923E+00  0.1545E-01  0.2928E+00  0.2928E+00
  0.2268E+00  0.2892E+00  0.1430E-01  0.2896E+00  0.2896E+00
  0.2280E+00  0.2940E+00  0.1379E-01  0.2867E+00  0.2867E+00
  0.2293E+00  0.2753E+00  0.1371E-01  0.2841E+00  0.2841E+00
  0.2305E+00  0.2660E+00  0.1484E-01  0.2820E+00  0.2820E+00
  0.2317E+00  0.2778E+00  0.1487E-01  0.2803E+00  0.2803E+00
  0.2329E+00  0.2781E+00  0.1403E-01  0.2791E+00  0.2791E+00
  0.2341E+00  0.2848E+00  0.1445E-01  0.2783E+00  0.2783E+00
  0.2353E+00  0.2733E+00  0.1926E-01  0.2780E+00  0.2780E+00
  0.2365E+00  0.2812E+00  0.1377E-01  0.2779E+00  0.2779E+00
  0.2378E+00  0.2727E+00  0.1297E-01  0.2780E+00  0.2780E+00
  0.2390E+00  0.2776E+00  0.1346E-01  0.2782E+00  0.2782E+00
  0.2402E+00  0.2868E+00  0.1370E-01  0.2785E+00  0.2785E+00
  0.2414E+00  0.3265E+00  0.1449E-01  0.2787E+00  0.2787E+00
  0.2426E+00  0.2899E+00  0.1393E-01  0.2786E+00  0.2786E+00
  0.2438E+00  0.2969E+00  0.1404E-01  0.2783E+00  0.2783E+00
  0.2451E+00  0.2645E+00  0.1358E-01  0.2777E+00  0.2777E+00
  0.2463E+00  0.2607E+00  0.1725E-01  0.2767E+00  0.2767E+00
  0.2475E+00  0.2546E+00  0.2186E-01  0.2751E+00  0.2751E+00
  0.2487E+00  0.2269E+00  0.1428E-01  0.2731E+00  0.2731E+00
  0.2499E+00  0.2471E+00  0.1406E-01  0.2707E+00  0.2707E+00
  0.2511E+00  0.2570E+00  0.1335E-01  0.2679E+00  0.2679E+00
  0.2524E+00  0.2761E+00  0.1445E-01  0.2648E+00  0.2648E+00
  0.2536E+00  0.2718E+00  0.1429E-01  0.2613E+00  0.2613E+00
  0.2548E+00  0.2679E+00  0.1428E-01  0.2577E+00  0.2577E+00
  0.2560E+00  0.2643E+00  0.3161E-01  0.2539E+00  0.2539E+00
  0.2572E+00  0.2412E+00  0.1336E-01  0.2502E+00  0.2502E+00
  0.2584E+00  0.2466E+00  0.1433E-01  0.2466E+00  0.2466E+00
  0.2597E+00  0.2288E+00  0.1465E-01  0.2432E+00  0.2432E+00
  0.2609E+00  0.2224E+00  0.1346E-01  0.2401E+00  0.2401E+00
  0.2621E+00  0.2662E+00  0.1509E-01  0.2372E+00  0.2372E+00
  0.2633E+00  0.2622E+00  0.3324E-01  0.2349E+00  0.2349E+00
  0.2645E+00  0.2686E+00  0.1471E-01  0.2330E+00  0.2330E+00
  0.2657E+00  0.2462E+00  0.1598E-01  0.2315E+00  0.2315E+00
  0.2669E+00  0.2460E+00  0.1554E-01  0.2306E+00  0.2306E+00
  0.2682E+00  0.2662E+00  0.1495E-01  0.2300E+00  0.2300E+00
  0.2694E+00  0.2388E+00  0.1450E-01  0.2299E+00  0.2299E+00
  0.2706E+00  0.2057E+00  0.1350E-01  0.2301E+00  0.2301E+00
  0.2718E+00  0.1903E+00  0.1351E-01  0.2305E+00  0.2305E+00
  0.2730E+00  0.2195E+00  0.1429E-01  0.2312E+00  0.2312E+00
  0.2742E+00  0.2351E+00  0.1389E-01  0.2319E+00  0.2319E+00
  0.2755E+00  0.2225E+00  0.1759E-01  0.2328E+00  0.2328E+00
  0.2767E+00  0.2545E+00  0.1523E-01  0.2335E+00  0.2335E+00
  0.2779E+00  0.2363E+00  0.1491E-01  0.2341E+00  0.2341E+00
  0.2791E+00  0.2353E+00  0.1324E-01  0.2345E+00  0.2345E+00
  0.2803E+00  0.2369E+00  0.1329E-01  0.2347E+00  0.2347E+00
  0.2815E+00  0.2384E+00  0.1359E-01  0.2346E+00  0.2346E+00
  0.2828E+00  0.2105E+00  0.1532E-01  0.2342E+00  0.2342E+00
  0.2840E+00  0.2210E+00  0.1328E-01  0.2335E+00  0.2335E+00
  0.2852E+00  0.2234E+00  0.1326E-01  0.2327E+00  0.2327E+00
  0.2864E+00  0.2233E+00  0.1314E-01  0.2315E+00  0.2315E+00
  0.2876E+00  0.2351E+00  0.1268E-01  0.2301E+00  0.2301E+00
  0.2888E+00  0.2319E+00  0.1316E-01  0.2286E+00  0.2286E+00
  0.2901E+00  0.1975E+00  0.1270E-01  0.2271E+00  0.2271E+00
  0.2913E+00  0.2322E+00  0.1295E-01  0.2255E+00  0.2255E+00
  0.2925E+00  0.2357E+00  0.1299E-01  0.2239E+00  0.2239E+00
  0.2937E+00  0.2369E+00  0.1266E-01  0.2225E+00  0.2225E+00
  0.2949E+00  0.2427E+00  0.1230E-01  0.2211E+00  0.2211E+00
  0.2961E+00  0.2335E+00  0.1277E-01  0.2200E+00  0.2200E+00
  0.2973E+00  0.2421E+00  0.1282E-01  0.2190E+00  0.2190E+00
  0.2986E+00  0.2297E+00  0.1255E-01  0.2183E+00  0.2183E+00
  0.2998E+00  0.2165E+00  0.1251E-01  0.2178E+00  0.2178E+00
  0.3010E+00  0.1878E+00  0.1271E-01  0.2175E+00  0.2175E+00
  0.3022E+00  0.1893E+00  0.1257E-01  0.2174E+00  0.2174E+00
  0.3034E+00  0.2272E+00  0.1274E-01  0.2175E+00  0.2175E+00
  0.3046E+00  0.2440E+00  0.4805E-01  0.2176E+00  0.2176E+00
  0.3059E+00  0.2248E+00  0.1263E-01  0.2179E+00  0.2179E+00
  0.3071E+00  0.2289E+00  0.1328E-01  0.2181E+00  0.2181E+00
  0.3083E+00  0.2396E+00  0.1301E-01  0.2183E+00  0.2183E+00
  0.3095E+00  0.2097E+00  0.1250E-01  0.2185E+00  0.2185E+00
  0.3107E+00  0.1936E+00  0.1327E-01  0.2185E+00  0.2185E+00
  0.3119E+00  0.1982E+00  0.1292E-01  0.2185E+00  0.2185E+00
  0.3132E+00  0.2018E+00  0.1381E-01  0.2183E+00  0.2183E+00
  0.3144E+00  0.1928E+00  0.1498E-01  0.2179E+00  0.2179E+00
  0.3156E+00  0.2072E+00  0.1558E-01  0.2174E+00  0.2174E+00
  0.3168E+00  0.2327E+00  0.1817E-01  0.2167E+00  0.2167E+00
  0.3180E+00  0.2401E+00  0.1807E-01  0.2158E+00  0.2158E+00
  0.3192E+00  0.2414E+00  0.1684E-01  0.2149E+00  0.2149E+00
  0.3204E+00  0.2321E+00  0.1870E-01  0.2139E+00  0.2139E+00
  0.3217E+00  0.2391E+00  0.1983E-01  0.2129E+00  0.2129E+00
  0.3229E+00  0.2287E+00  0.2381E-01  0.2118E+00  0.2118E+00
  0.3241E+00  0.1878E+00  0.2845E-01  0.2109E+00  0.2109E+00
  0.3250E+00  0.3196E+00  0.6775E-01  0.2102E+00  0.2102E+00

           Distance distribution  function of particle  


       R          P(R)      ERROR

  0.0000E+00  0.0000E+00  0.0000E+00
  0.1914E+01  0.3797E-02  0.7679E-04
  0.3828E+01  0.7893E-02  0.7200E-04
  0.5742E+01  0.1249E-01  0.1894E-04
  0.7656E+01  0.1787E-01  0.5999E-04
  0.9570E+01  0.2424E-01  0.1095E-03
  0.1148E+02  0.3170E-01  0.1173E-03
  0.1340E+02  0.4019E-01  0.8300E-04
  0.1531E+02  0.4943E-01  0.4262E-04
  0.1723E+02  0.5903E-01  0.7854E-04
  0.1914E+02  0.6851E-01  0.1186E-03
  0.2105E+02  0.7745E-01  0.1216E-03
  0.2297E+02  0.8553E-01  0.8932E-04
  0.2488E+02  0.9256E-01  0.6752E-04
  0.2680E+02  0.9851E-01  0.1092E-03
  0.2871E+02  0.1035E+00  0.1537E-03
  0.3062E+02  0.1075E+00  0.1657E-03
  0.3254E+02  0.1108E+00  0.1452E-03
  0.3445E+02  0.1134E+00  0.1219E-03
  0.3637E+02  0.1153E+00  0.1345E-03
  0.3828E+02  0.1166E+00  0.1661E-03
  0.4019E+02  0.1171E+00  0.1811E-03
  0.4211E+02  0.1169E+00  0.1746E-03
  0.4402E+02  0.1162E+00  0.1702E-03
  0.4594E+02  0.1152E+00  0.1915E-03
  0.4785E+02  0.1139E+00  0.2245E-03
  0.4976E+02  0.1127E+00  0.2432E-03
  0.5168E+02  0.1116E+00  0.2412E-03
  0.5359E+02  0.1106E+00  0.2341E-03
  0.5551E+02  0.1098E+00  0.2413E-03
  0.5742E+02  0.1090E+00  0.2596E-03
  0.5933E+02  0.1081E+00  0.2707E-03
  0.6125E+02  0.1070E+00  0.2680E-03
  0.6316E+02  0.1057E+00  0.2647E-03
  0.6508E+02  0.1041E+00  0.2770E-03
  0.6699E+02  0.1023E+00  0.2999E-03
  0.6890E+02  0.1005E+00  0.3142E-03
  0.7082E+02  0.9865E-01  0.3119E-03
  0.7273E+02  0.9679E-01  0.3053E-03
  0.7465E+02  0.9493E-01  0.3136E-03
  0.7656E+02  0.9301E-01  0.3385E-03
  0.7847E+02  0.9097E-01  0.3630E-03
  0.8039E+02  0.8877E-01  0.3762E-03
  0.8230E+02  0.8640E-01  0.3838E-03
  0.8422E+02  0.8387E-01  0.3982E-03
  0.8613E+02  0.8125E-01  0.4195E-03
  0.8804E+02  0.7860E-01  0.4341E-03
  0.8996E+02  0.7596E-01  0.4319E-03
  0.9187E+02  0.7338E-01  0.4196E-03
  0.9379E+02  0.7083E-01  0.4163E-03
  0.9570E+02  0.6831E-01  0.4324E-03
  0.9761E+02  0.6580E-01  0.4576E-03
  0.9953E+02  0.6330E-01  0.4769E-03
  0.1014E+03  0.6084E-01  0.4893E-03
  0.1034E+03  0.5848E-01  0.5066E-03
  0.1053E+03  0.5628E-01  0.5360E-03
  0.1072E+03  0.5427E-01  0.5682E-03
  0.1091E+03  0.5247E-01  0.5859E-03
  0.1110E+03  0.5084E-01  0.5814E-03
  0.1129E+03  0.4931E-01  0.5624E-03
  0.1148E+03  0.4782E-01  0.5461E-03
  0.1168E+03  0.4631E-01  0.5445E-03
  0.1187E+03  0.4477E-01  0.5556E-03
  0.1206E+03  0.4321E-01  0.5708E-03
  0.1225E+03  0.4172E-01  0.5860E-03
  0.1244E+03  0.4034E-01  0.6016E-03
  0.1263E+03  0.3912E-01  0.6160E-03
  0.1282E+03  0.3806E-01  0.6219E-03
  0.1302E+03  0.3708E-01  0.6118E-03
  0.1321E+03  0.3610E-01  0.5852E-03
  0.1340E+03  0.3500E-01  0.5515E-03
  0.1359E+03  0.3370E-01  0.5264E-03
  0.1378E+03  0.3220E-01  0.5219E-03
  0.1397E+03  0.3054E-01  0.5368E-03
  0.1416E+03  0.2885E-01  0.5588E-03
  0.1436E+03  0.2726E-01  0.5765E-03
  0.1455E+03  0.2587E-01  0.5863E-03
  0.1474E+03  0.2474E-01  0.5920E-03
  0.1493E+03  0.2381E-01  0.5980E-03
  0.1512E+03  0.2302E-01  0.6025E-03
  0.1531E+03  0.2222E-01  0.5982E-03
  0.1550E+03  0.2131E-01  0.5798E-03
  0.1569E+03  0.2026E-01  0.5522E-03
  0.1589E+03  0.1910E-01  0.5299E-03
  0.1608E+03  0.1793E-01  0.5256E-03
  0.1627E+03  0.1685E-01  0.5372E-03
  0.1646E+03  0.1596E-01  0.5509E-03
  0.1665E+03  0.1528E-01  0.5552E-03
  0.1684E+03  0.1473E-01  0.5472E-03
  0.1703E+03  0.1418E-01  0.5283E-03
  0.1723E+03  0.1350E-01  0.5007E-03
  0.1742E+03  0.1261E-01  0.4719E-03
  0.1761E+03  0.1155E-01  0.4590E-03
  0.1780E+03  0.1048E-01  0.4750E-03
  0.1799E+03  0.9621E-02  0.5063E-03
  0.1818E+03  0.9141E-02  0.5259E-03
  0.1837E+03  0.9026E-02  0.5261E-03
  0.1857E+03  0.8945E-02  0.5220E-03
  0.1876E+03  0.8181E-02  0.5015E-03
  0.1895E+03  0.5646E-02  0.3755E-03
  0.1914E+03  0.0000E+00  0.0000E+00
          Reciprocal space: Rg =   58.38     , I(0) =   0.1387E+03
     Real space: Rg =   58.80 +- 0.207  I(0) =   0.1387E+03 +-  0.6550E+00
