
           ####    G N O M   ---   Version 4.5a revised 09/02/02     ####

                                                  Tue Nov  3 18:14:29 2009
           ===    Run No   1   ===
 Run title:  0.010642 133.538874 0.918882


  Number of points omitted at the beginning:           2

          To optimize the performance, some input data points 
           have been joined. New number of points equals to 258

   *******   Working Directory :
   *******    Input file(s) :
           Condition P(rmin) = 0 is used. 
           Condition P(rmax) = 0 is used. 

          Experimental conditions for the first run
          -----------------------------------------

          Highest ALPHA is found to be   0.2376E+05

  The measure of inconsistency AN1 equals to    0.1153E+01

          Warning: using the chosen range in the real space 
             it is not possible to fit the data set within the
             given error band. 
     Alpha    Discrp  Oscill  Stabil  Sysdev  Positv  Valcen    Total   
  0.2376E+08116.8590  2.0499  0.9847  0.0000  1.0000  0.6761  0.10718
  0.4753E+07114.8907  2.0415  0.9642  0.0000  1.0000  0.6766  0.10835
  0.9505E+06106.5611  2.0029  0.8785  0.0000  1.0000  0.6789  0.11416
  0.1901E+06 84.0365  1.8728  0.6672  0.1323  1.0000  0.6879  0.15055
  0.3802E+05 53.4015  1.7007  0.4688  0.0700  1.0000  0.7109  0.19081
  0.7604E+04 24.0084  1.6029  0.2840  0.1167  1.0000  0.7487  0.22878
  0.1521E+04  7.4582  1.5191  0.1193  0.2412  1.0000  0.7843  0.35902
  0.3042E+03  2.2785  1.4829  0.0332  0.4436  1.0000  0.8003  0.56004
  0.6083E+02  1.4697  1.4754  0.0095  0.5525  1.0000  0.8046  0.63483
  0.1217E+02  1.3578  1.4840  0.0072  0.5370  1.0000  0.8057  0.62510
  0.2433E+01  1.2884  1.5426  0.0106  0.5992  1.0000  0.8062  0.64510
  0.4867E+00  1.2307  1.7710  0.0230  0.6615  1.0000  0.8060  0.61046
  0.9733E-01  1.1665  2.6789  0.0410  0.6304  0.9999  0.8042  0.49199
  0.1947E-01  1.1153  4.6876  0.1039  0.6459  0.9987  0.8007  0.41463
  0.3893E-02  1.0511 10.0813  0.2040  0.6148  0.9889  0.7818  0.30816
  0.7787E-03  1.0087 15.8709  0.1665  0.6148  0.9629  0.7228  0.00000

          ***  Golden section search to maximize estimate ***
     Alpha    Discrp  Oscill  Stabil  Sysdev  Positv  Valcen    Total   
  0.1316E+01  1.2655  1.5962  0.0127  0.6304  1.0000  0.8062  0.64772
  0.8999E+00  1.2524  1.6448  0.0155  0.6459  1.0000  0.8062  0.64154
  0.1664E+01  1.2740  1.5727  0.0116  0.6304  1.0000  0.8062  0.65500
  0.1924E+01  1.2793  1.5602  0.0111  0.6304  1.0000  0.8062  0.65879
  0.2105E+01  1.2827  1.5531  0.0109  0.6304  1.0000  0.8062  0.66091
  0.2225E+01  1.2849  1.5489  0.0108  0.6148  1.0000  0.8062  0.65265
  0.2034E+01  1.2814  1.5558  0.0110  0.6304  1.0000  0.8062  0.66012
  0.2150E+01  1.2836  1.5515  0.0108  0.6304  1.0000  0.8062  0.66139
  0.2178E+01  1.2841  1.5505  0.0108  0.6304  1.0000  0.8062  0.66168
  0.2196E+01  1.2844  1.5499  0.0108  0.6304  1.0000  0.8062  0.66186
  0.2207E+01  1.2846  1.5495  0.0108  0.6304  1.0000  0.8062  0.66197
  0.2213E+01  1.2847  1.5493  0.0108  0.6148  1.0000  0.8062  0.65254
  0.2202E+01  1.2845  1.5497  0.0108  0.6304  1.0000  0.8062  0.66192
  0.2209E+01  1.2846  1.5494  0.0108  0.6304  1.0000  0.8062  0.66199
  0.2211E+01  1.2846  1.5494  0.0108  0.6304  1.0000  0.8062  0.66201
  0.2211E+01  1.2846  1.5494  0.0108  0.6304  1.0000  0.8062  0.66201



             ####            Final results            ####

 Parameter    DISCRP    OSCILL    STABIL    SYSDEV    POSITV    VALCEN
 Weight        1.000     3.000     3.000     5.000     1.000     1.000
 Sigma         0.300     0.600     0.120     0.500     0.120     0.120
 Ideal         0.700     1.200     0.000     1.000     1.000     0.950
 Current       1.285     1.549     0.011     0.630     1.000     0.806
                - - - - - - - - - - - - - - - - - - - - - - - - - 
 Estimate      0.022     0.712     0.992     0.579     1.000     0.238

  Angular   range    :     from    0.0128   to    0.3250
  Real space range   :     from      0.00   to    185.50

  Highest ALPHA (theor) :   0.238E+08                 JOB = 0
  Current ALPHA         :   0.221E+01   Rg :  0.565E+02   I(0) :   0.133E+03

           Total  estimate : 0.662  which is  A REASONABLE  solution

      S          J EXP       ERROR       J REG       I REG

  0.0000E+00                                      0.1333E+03
  0.1277E-02                                      0.1330E+03
  0.2554E-02                                      0.1323E+03
  0.3831E-02                                      0.1312E+03
  0.5108E-02                                      0.1296E+03
  0.6386E-02                                      0.1276E+03
  0.7663E-02                                      0.1252E+03
  0.8940E-02                                      0.1224E+03
  0.1022E-01                                      0.1193E+03
  0.1149E-01                                      0.1159E+03
  0.1277E-01  0.1215E+03  0.8272E+00  0.1122E+03  0.1122E+03
  0.1399E-01  0.1181E+03  0.1815E+01  0.1086E+03  0.1086E+03
  0.1520E-01  0.1130E+03  0.1403E+01  0.1047E+03  0.1047E+03
  0.1642E-01  0.1079E+03  0.1163E+01  0.1008E+03  0.1008E+03
  0.1764E-01  0.1012E+03  0.1005E+01  0.9675E+02  0.9675E+02
  0.1885E-01  0.9494E+02  0.8496E+00  0.9267E+02  0.9267E+02
  0.2007E-01  0.8972E+02  0.7529E+00  0.8858E+02  0.8858E+02
  0.2128E-01  0.8454E+02  0.6841E+00  0.8450E+02  0.8450E+02
  0.2250E-01  0.7965E+02  0.5981E+00  0.8046E+02  0.8046E+02
  0.2372E-01  0.7537E+02  0.5234E+00  0.7650E+02  0.7650E+02
  0.2493E-01  0.7178E+02  0.4527E+00  0.7263E+02  0.7263E+02
  0.2615E-01  0.6729E+02  0.3772E+00  0.6887E+02  0.6887E+02
  0.2737E-01  0.6389E+02  0.3337E+00  0.6525E+02  0.6525E+02
  0.2858E-01  0.6044E+02  0.3230E+00  0.6176E+02  0.6176E+02
  0.2980E-01  0.5726E+02  0.2651E+00  0.5843E+02  0.5843E+02
  0.3101E-01  0.5446E+02  0.2521E+00  0.5526E+02  0.5526E+02
  0.3223E-01  0.5153E+02  0.2380E+00  0.5225E+02  0.5225E+02
  0.3345E-01  0.4870E+02  0.2137E+00  0.4941E+02  0.4941E+02
  0.3466E-01  0.4666E+02  0.2179E+00  0.4672E+02  0.4672E+02
  0.3588E-01  0.4457E+02  0.1942E+00  0.4420E+02  0.4420E+02
  0.3710E-01  0.4203E+02  0.1857E+00  0.4184E+02  0.4184E+02
  0.3831E-01  0.3982E+02  0.1661E+00  0.3962E+02  0.3962E+02
  0.3953E-01  0.3793E+02  0.1542E+00  0.3754E+02  0.3754E+02
  0.4074E-01  0.3613E+02  0.1597E+00  0.3559E+02  0.3559E+02
  0.4196E-01  0.3438E+02  0.1491E+00  0.3377E+02  0.3377E+02
  0.4318E-01  0.3252E+02  0.1341E+00  0.3206E+02  0.3206E+02
  0.4439E-01  0.3088E+02  0.1281E+00  0.3045E+02  0.3045E+02
  0.4561E-01  0.2912E+02  0.1135E+00  0.2894E+02  0.2894E+02
  0.4683E-01  0.2767E+02  0.1091E+00  0.2751E+02  0.2751E+02
  0.4804E-01  0.2615E+02  0.1031E+00  0.2617E+02  0.2617E+02
  0.4926E-01  0.2499E+02  0.9592E-01  0.2489E+02  0.2489E+02
  0.5047E-01  0.2389E+02  0.9750E-01  0.2369E+02  0.2369E+02
  0.5169E-01  0.2255E+02  0.9498E-01  0.2254E+02  0.2254E+02
  0.5291E-01  0.2136E+02  0.8984E-01  0.2145E+02  0.2145E+02
  0.5412E-01  0.2029E+02  0.7506E-01  0.2041E+02  0.2041E+02
  0.5534E-01  0.1932E+02  0.7692E-01  0.1942E+02  0.1942E+02
  0.5656E-01  0.1821E+02  0.7218E-01  0.1847E+02  0.1847E+02
  0.5777E-01  0.1735E+02  0.6830E-01  0.1757E+02  0.1757E+02
  0.5899E-01  0.1656E+02  0.6602E-01  0.1671E+02  0.1671E+02
  0.6020E-01  0.1578E+02  0.6480E-01  0.1590E+02  0.1590E+02
  0.6142E-01  0.1511E+02  0.5950E-01  0.1512E+02  0.1512E+02
  0.6264E-01  0.1439E+02  0.5836E-01  0.1438E+02  0.1438E+02
  0.6385E-01  0.1357E+02  0.5619E-01  0.1368E+02  0.1368E+02
  0.6507E-01  0.1302E+02  0.5212E-01  0.1302E+02  0.1302E+02
  0.6629E-01  0.1240E+02  0.5171E-01  0.1239E+02  0.1239E+02
  0.6750E-01  0.1178E+02  0.4936E-01  0.1180E+02  0.1180E+02
  0.6872E-01  0.1131E+02  0.4830E-01  0.1125E+02  0.1125E+02
  0.6993E-01  0.1073E+02  0.4514E-01  0.1073E+02  0.1073E+02
  0.7115E-01  0.1020E+02  0.4089E-01  0.1023E+02  0.1023E+02
  0.7237E-01  0.9875E+01  0.4000E-01  0.9774E+01  0.9774E+01
  0.7358E-01  0.9445E+01  0.3784E-01  0.9342E+01  0.9342E+01
  0.7480E-01  0.9035E+01  0.3625E-01  0.8936E+01  0.8936E+01
  0.7602E-01  0.8611E+01  0.3862E-01  0.8555E+01  0.8555E+01
  0.7723E-01  0.8213E+01  0.3671E-01  0.8195E+01  0.8195E+01
  0.7845E-01  0.7884E+01  0.3677E-01  0.7856E+01  0.7856E+01
  0.7966E-01  0.7554E+01  0.3891E-01  0.7535E+01  0.7535E+01
  0.8088E-01  0.7235E+01  0.3506E-01  0.7231E+01  0.7231E+01
  0.8210E-01  0.6939E+01  0.3273E-01  0.6942E+01  0.6942E+01
  0.8331E-01  0.6690E+01  0.3347E-01  0.6666E+01  0.6666E+01
  0.8453E-01  0.6372E+01  0.3247E-01  0.6401E+01  0.6401E+01
  0.8575E-01  0.6121E+01  0.3277E-01  0.6148E+01  0.6148E+01
  0.8696E-01  0.5845E+01  0.3156E-01  0.5903E+01  0.5903E+01
  0.8818E-01  0.5637E+01  0.3060E-01  0.5668E+01  0.5668E+01
  0.8939E-01  0.5392E+01  0.2907E-01  0.5440E+01  0.5440E+01
  0.9061E-01  0.5219E+01  0.2833E-01  0.5220E+01  0.5220E+01
  0.9183E-01  0.4975E+01  0.2883E-01  0.5008E+01  0.5008E+01
  0.9304E-01  0.4731E+01  0.2856E-01  0.4802E+01  0.4802E+01
  0.9426E-01  0.4573E+01  0.2790E-01  0.4603E+01  0.4603E+01
  0.9548E-01  0.4359E+01  0.2738E-01  0.4411E+01  0.4411E+01
  0.9669E-01  0.4199E+01  0.2800E-01  0.4226E+01  0.4226E+01
  0.9791E-01  0.4038E+01  0.2705E-01  0.4047E+01  0.4047E+01
  0.9912E-01  0.3867E+01  0.2529E-01  0.3874E+01  0.3874E+01
  0.1003E+00  0.3734E+01  0.2551E-01  0.3709E+01  0.3709E+01
  0.1016E+00  0.3553E+01  0.2525E-01  0.3550E+01  0.3550E+01
  0.1028E+00  0.3463E+01  0.2389E-01  0.3397E+01  0.3397E+01
  0.1040E+00  0.3341E+01  0.2359E-01  0.3250E+01  0.3250E+01
  0.1052E+00  0.3224E+01  0.2479E-01  0.3109E+01  0.3109E+01
  0.1064E+00  0.3013E+01  0.2352E-01  0.2975E+01  0.2975E+01
  0.1076E+00  0.2887E+01  0.2352E-01  0.2845E+01  0.2845E+01
  0.1089E+00  0.2721E+01  0.2418E-01  0.2721E+01  0.2721E+01
  0.1101E+00  0.2607E+01  0.2323E-01  0.2601E+01  0.2601E+01
  0.1113E+00  0.2450E+01  0.2314E-01  0.2486E+01  0.2486E+01
  0.1125E+00  0.2327E+01  0.2167E-01  0.2375E+01  0.2375E+01
  0.1137E+00  0.2233E+01  0.2205E-01  0.2268E+01  0.2268E+01
  0.1149E+00  0.2128E+01  0.2136E-01  0.2165E+01  0.2165E+01
  0.1162E+00  0.2040E+01  0.2105E-01  0.2065E+01  0.2065E+01
  0.1174E+00  0.1971E+01  0.2144E-01  0.1968E+01  0.1968E+01
  0.1186E+00  0.1883E+01  0.2147E-01  0.1875E+01  0.1875E+01
  0.1198E+00  0.1754E+01  0.2109E-01  0.1785E+01  0.1785E+01
  0.1210E+00  0.1671E+01  0.2124E-01  0.1698E+01  0.1698E+01
  0.1222E+00  0.1590E+01  0.2138E-01  0.1614E+01  0.1614E+01
  0.1234E+00  0.1509E+01  0.2026E-01  0.1534E+01  0.1534E+01
  0.1247E+00  0.1488E+01  0.2007E-01  0.1457E+01  0.1457E+01
  0.1259E+00  0.1408E+01  0.2131E-01  0.1384E+01  0.1384E+01
  0.1271E+00  0.1317E+01  0.2140E-01  0.1315E+01  0.1315E+01
  0.1283E+00  0.1247E+01  0.1938E-01  0.1249E+01  0.1249E+01
  0.1295E+00  0.1170E+01  0.1933E-01  0.1188E+01  0.1188E+01
  0.1307E+00  0.1163E+01  0.1928E-01  0.1130E+01  0.1130E+01
  0.1320E+00  0.1099E+01  0.1843E-01  0.1077E+01  0.1077E+01
  0.1332E+00  0.1030E+01  0.1944E-01  0.1028E+01  0.1028E+01
  0.1344E+00  0.9975E+00  0.1904E-01  0.9821E+00  0.9821E+00
  0.1356E+00  0.9365E+00  0.1891E-01  0.9405E+00  0.9405E+00
  0.1368E+00  0.8936E+00  0.1870E-01  0.9024E+00  0.9024E+00
  0.1380E+00  0.8836E+00  0.1893E-01  0.8677E+00  0.8677E+00
  0.1393E+00  0.8399E+00  0.1906E-01  0.8361E+00  0.8361E+00
  0.1405E+00  0.8194E+00  0.1905E-01  0.8073E+00  0.8073E+00
  0.1417E+00  0.7459E+00  0.1875E-01  0.7810E+00  0.7810E+00
  0.1429E+00  0.7750E+00  0.1828E-01  0.7568E+00  0.7568E+00
  0.1441E+00  0.7422E+00  0.1892E-01  0.7344E+00  0.7344E+00
  0.1453E+00  0.6922E+00  0.1905E-01  0.7135E+00  0.7135E+00
  0.1466E+00  0.6881E+00  0.1817E-01  0.6937E+00  0.6937E+00
  0.1478E+00  0.7048E+00  0.1815E-01  0.6748E+00  0.6748E+00
  0.1490E+00  0.6778E+00  0.1803E-01  0.6565E+00  0.6565E+00
  0.1502E+00  0.6212E+00  0.1738E-01  0.6388E+00  0.6388E+00
  0.1514E+00  0.6198E+00  0.1634E-01  0.6213E+00  0.6213E+00
  0.1526E+00  0.5981E+00  0.1667E-01  0.6042E+00  0.6042E+00
  0.1539E+00  0.5730E+00  0.1736E-01  0.5873E+00  0.5873E+00
  0.1551E+00  0.5239E+00  0.1668E-01  0.5705E+00  0.5705E+00
  0.1563E+00  0.5577E+00  0.2074E-01  0.5541E+00  0.5541E+00
  0.1575E+00  0.5414E+00  0.1661E-01  0.5381E+00  0.5381E+00
  0.1587E+00  0.5289E+00  0.1635E-01  0.5225E+00  0.5225E+00
  0.1599E+00  0.5170E+00  0.1645E-01  0.5075E+00  0.5075E+00
  0.1611E+00  0.4860E+00  0.1659E-01  0.4932E+00  0.4932E+00
  0.1624E+00  0.4971E+00  0.1817E-01  0.4798E+00  0.4798E+00
  0.1636E+00  0.4839E+00  0.1649E-01  0.4673E+00  0.4673E+00
  0.1648E+00  0.4180E+00  0.1601E-01  0.4558E+00  0.4558E+00
  0.1660E+00  0.4402E+00  0.1556E-01  0.4455E+00  0.4455E+00
  0.1672E+00  0.4602E+00  0.1530E-01  0.4363E+00  0.4363E+00
  0.1684E+00  0.4398E+00  0.1507E-01  0.4283E+00  0.4283E+00
  0.1697E+00  0.4030E+00  0.1569E-01  0.4214E+00  0.4214E+00
  0.1709E+00  0.4246E+00  0.1573E-01  0.4151E+00  0.4151E+00
  0.1721E+00  0.4090E+00  0.1613E-01  0.4100E+00  0.4100E+00
  0.1733E+00  0.4043E+00  0.1505E-01  0.4057E+00  0.4057E+00
  0.1745E+00  0.4008E+00  0.1489E-01  0.4019E+00  0.4019E+00
  0.1757E+00  0.3849E+00  0.1580E-01  0.3987E+00  0.3987E+00
  0.1770E+00  0.3879E+00  0.1564E-01  0.3957E+00  0.3957E+00
  0.1782E+00  0.4112E+00  0.1585E-01  0.3928E+00  0.3928E+00
  0.1794E+00  0.4129E+00  0.1597E-01  0.3899E+00  0.3899E+00
  0.1806E+00  0.4064E+00  0.1688E-01  0.3869E+00  0.3869E+00
  0.1818E+00  0.3798E+00  0.1507E-01  0.3835E+00  0.3835E+00
  0.1830E+00  0.4118E+00  0.1704E-01  0.3798E+00  0.3798E+00
  0.1843E+00  0.4002E+00  0.1553E-01  0.3758E+00  0.3758E+00
  0.1855E+00  0.3562E+00  0.1473E-01  0.3713E+00  0.3713E+00
  0.1867E+00  0.3590E+00  0.1560E-01  0.3664E+00  0.3664E+00
  0.1879E+00  0.3559E+00  0.1500E-01  0.3611E+00  0.3611E+00
  0.1891E+00  0.3719E+00  0.1535E-01  0.3556E+00  0.3556E+00
  0.1903E+00  0.3425E+00  0.1562E-01  0.3500E+00  0.3500E+00
  0.1916E+00  0.3236E+00  0.1551E-01  0.3443E+00  0.3443E+00
  0.1928E+00  0.2930E+00  0.1485E-01  0.3387E+00  0.3387E+00
  0.1940E+00  0.2891E+00  0.1505E-01  0.3334E+00  0.3334E+00
  0.1952E+00  0.2893E+00  0.1530E-01  0.3284E+00  0.3284E+00
  0.1964E+00  0.2949E+00  0.1535E-01  0.3240E+00  0.3240E+00
  0.1976E+00  0.3414E+00  0.1526E-01  0.3202E+00  0.3202E+00
  0.1988E+00  0.3440E+00  0.1449E-01  0.3170E+00  0.3170E+00
  0.2001E+00  0.3255E+00  0.1482E-01  0.3146E+00  0.3146E+00
  0.2013E+00  0.3219E+00  0.1543E-01  0.3130E+00  0.3130E+00
  0.2025E+00  0.3442E+00  0.1394E-01  0.3121E+00  0.3121E+00
  0.2037E+00  0.3309E+00  0.1410E-01  0.3119E+00  0.3119E+00
  0.2049E+00  0.3323E+00  0.1520E-01  0.3124E+00  0.3124E+00
  0.2061E+00  0.3164E+00  0.1495E-01  0.3134E+00  0.3134E+00
  0.2074E+00  0.3216E+00  0.1552E-01  0.3150E+00  0.3150E+00
  0.2086E+00  0.3295E+00  0.1569E-01  0.3167E+00  0.3167E+00
  0.2098E+00  0.3141E+00  0.1561E-01  0.3186E+00  0.3186E+00
  0.2110E+00  0.3076E+00  0.1788E-01  0.3205E+00  0.3205E+00
  0.2122E+00  0.3044E+00  0.1699E-01  0.3223E+00  0.3223E+00
  0.2134E+00  0.3443E+00  0.1524E-01  0.3238E+00  0.3238E+00
  0.2147E+00  0.3396E+00  0.1564E-01  0.3249E+00  0.3249E+00
  0.2159E+00  0.3358E+00  0.1332E-01  0.3255E+00  0.3255E+00
  0.2171E+00  0.3292E+00  0.1500E-01  0.3256E+00  0.3256E+00
  0.2183E+00  0.3175E+00  0.1442E-01  0.3250E+00  0.3250E+00
  0.2195E+00  0.3010E+00  0.1410E-01  0.3238E+00  0.3238E+00
  0.2207E+00  0.2992E+00  0.1404E-01  0.3220E+00  0.3220E+00
  0.2220E+00  0.2996E+00  0.1374E-01  0.3196E+00  0.3196E+00
  0.2232E+00  0.3103E+00  0.1415E-01  0.3166E+00  0.3166E+00
  0.2244E+00  0.3027E+00  0.1425E-01  0.3132E+00  0.3132E+00
  0.2256E+00  0.3133E+00  0.1391E-01  0.3094E+00  0.3094E+00
  0.2268E+00  0.3127E+00  0.1621E-01  0.3055E+00  0.3055E+00
  0.2280E+00  0.2913E+00  0.2447E-01  0.3014E+00  0.3014E+00
  0.2293E+00  0.2587E+00  0.1460E-01  0.2974E+00  0.2974E+00
  0.2305E+00  0.2676E+00  0.1399E-01  0.2934E+00  0.2934E+00
  0.2317E+00  0.2948E+00  0.1368E-01  0.2897E+00  0.2897E+00
  0.2329E+00  0.3034E+00  0.1343E-01  0.2863E+00  0.2863E+00
  0.2341E+00  0.3024E+00  0.1940E-01  0.2832E+00  0.2832E+00
  0.2353E+00  0.3123E+00  0.2523E-01  0.2805E+00  0.2805E+00
  0.2365E+00  0.3051E+00  0.1413E-01  0.2782E+00  0.2782E+00
  0.2378E+00  0.3167E+00  0.1356E-01  0.2763E+00  0.2763E+00
  0.2390E+00  0.2944E+00  0.1369E-01  0.2748E+00  0.2748E+00
  0.2402E+00  0.2786E+00  0.1708E-01  0.2736E+00  0.2736E+00
  0.2414E+00  0.2637E+00  0.2452E-01  0.2726E+00  0.2726E+00
  0.2426E+00  0.2683E+00  0.1357E-01  0.2718E+00  0.2718E+00
  0.2438E+00  0.2913E+00  0.1456E-01  0.2711E+00  0.2711E+00
  0.2451E+00  0.2811E+00  0.1377E-01  0.2703E+00  0.2703E+00
  0.2463E+00  0.2442E+00  0.1354E-01  0.2697E+00  0.2697E+00
  0.2475E+00  0.2550E+00  0.1752E-01  0.2685E+00  0.2685E+00
  0.2487E+00  0.2825E+00  0.1925E-01  0.2673E+00  0.2673E+00
  0.2499E+00  0.2611E+00  0.1431E-01  0.2658E+00  0.2658E+00
  0.2511E+00  0.2515E+00  0.1380E-01  0.2641E+00  0.2641E+00
  0.2524E+00  0.2326E+00  0.1396E-01  0.2619E+00  0.2619E+00
  0.2536E+00  0.2390E+00  0.1450E-01  0.2595E+00  0.2595E+00
  0.2548E+00  0.2473E+00  0.1478E-01  0.2568E+00  0.2568E+00
  0.2560E+00  0.2399E+00  0.1396E-01  0.2539E+00  0.2539E+00
  0.2572E+00  0.2578E+00  0.1465E-01  0.2509E+00  0.2509E+00
  0.2584E+00  0.2373E+00  0.1509E-01  0.2477E+00  0.2477E+00
  0.2597E+00  0.2318E+00  0.1729E-01  0.2446E+00  0.2446E+00
  0.2609E+00  0.2295E+00  0.1707E-01  0.2416E+00  0.2416E+00
  0.2621E+00  0.2592E+00  0.1374E-01  0.2387E+00  0.2387E+00
  0.2633E+00  0.2611E+00  0.1561E-01  0.2361E+00  0.2361E+00
  0.2645E+00  0.2190E+00  0.2219E-01  0.2338E+00  0.2338E+00
  0.2657E+00  0.2321E+00  0.1391E-01  0.2319E+00  0.2319E+00
  0.2669E+00  0.2228E+00  0.1448E-01  0.2304E+00  0.2304E+00
  0.2682E+00  0.2236E+00  0.1448E-01  0.2294E+00  0.2294E+00
  0.2694E+00  0.2508E+00  0.1376E-01  0.2288E+00  0.2288E+00
  0.2706E+00  0.2528E+00  0.1373E-01  0.2286E+00  0.2286E+00
  0.2718E+00  0.2369E+00  0.1290E-01  0.2288E+00  0.2288E+00
  0.2730E+00  0.2396E+00  0.1367E-01  0.2293E+00  0.2293E+00
  0.2742E+00  0.2566E+00  0.1390E-01  0.2300E+00  0.2300E+00
  0.2755E+00  0.2386E+00  0.1343E-01  0.2309E+00  0.2309E+00
  0.2767E+00  0.2482E+00  0.1283E-01  0.2318E+00  0.2318E+00
  0.2779E+00  0.2259E+00  0.1374E-01  0.2327E+00  0.2327E+00
  0.2791E+00  0.2248E+00  0.1304E-01  0.2334E+00  0.2334E+00
  0.2803E+00  0.1836E+00  0.1347E-01  0.2339E+00  0.2339E+00
  0.2815E+00  0.2157E+00  0.1276E-01  0.2342E+00  0.2342E+00
  0.2828E+00  0.2497E+00  0.1421E-01  0.2341E+00  0.2341E+00
  0.2840E+00  0.2247E+00  0.1248E-01  0.2336E+00  0.2336E+00
  0.2852E+00  0.2200E+00  0.1356E-01  0.2329E+00  0.2329E+00
  0.2864E+00  0.2218E+00  0.1316E-01  0.2316E+00  0.2316E+00
  0.2876E+00  0.2188E+00  0.1343E-01  0.2301E+00  0.2301E+00
  0.2888E+00  0.2283E+00  0.1339E-01  0.2283E+00  0.2283E+00
  0.2901E+00  0.2331E+00  0.1244E-01  0.2262E+00  0.2262E+00
  0.2913E+00  0.2182E+00  0.1344E-01  0.2241E+00  0.2241E+00
  0.2925E+00  0.2242E+00  0.1275E-01  0.2218E+00  0.2218E+00
  0.2937E+00  0.2103E+00  0.1274E-01  0.2197E+00  0.2197E+00
  0.2949E+00  0.2240E+00  0.1273E-01  0.2177E+00  0.2177E+00
  0.2961E+00  0.2374E+00  0.1281E-01  0.2159E+00  0.2159E+00
  0.2973E+00  0.2252E+00  0.1809E-01  0.2144E+00  0.2144E+00
  0.2986E+00  0.2411E+00  0.1353E-01  0.2133E+00  0.2133E+00
  0.2998E+00  0.2056E+00  0.1215E-01  0.2126E+00  0.2126E+00
  0.3010E+00  0.2071E+00  0.1222E-01  0.2124E+00  0.2124E+00
  0.3022E+00  0.2109E+00  0.1205E-01  0.2126E+00  0.2126E+00
  0.3034E+00  0.2144E+00  0.1237E-01  0.2132E+00  0.2132E+00
  0.3046E+00  0.2297E+00  0.1233E-01  0.2142E+00  0.2142E+00
  0.3059E+00  0.2347E+00  0.1234E-01  0.2155E+00  0.2155E+00
  0.3071E+00  0.2116E+00  0.1234E-01  0.2170E+00  0.2170E+00
  0.3083E+00  0.1979E+00  0.1265E-01  0.2185E+00  0.2185E+00
  0.3095E+00  0.2074E+00  0.1270E-01  0.2200E+00  0.2200E+00
  0.3107E+00  0.2127E+00  0.1239E-01  0.2214E+00  0.2214E+00
  0.3119E+00  0.2036E+00  0.6173E-01  0.2225E+00  0.2225E+00
  0.3132E+00  0.2215E+00  0.1466E-01  0.2232E+00  0.2232E+00
  0.3144E+00  0.2402E+00  0.1587E-01  0.2234E+00  0.2234E+00
  0.3156E+00  0.2248E+00  0.1546E-01  0.2230E+00  0.2230E+00
  0.3168E+00  0.2194E+00  0.1631E-01  0.2220E+00  0.2220E+00
  0.3180E+00  0.2329E+00  0.1651E-01  0.2202E+00  0.2202E+00
  0.3192E+00  0.2195E+00  0.1825E-01  0.2178E+00  0.2178E+00
  0.3204E+00  0.1973E+00  0.1921E-01  0.2147E+00  0.2147E+00
  0.3217E+00  0.2040E+00  0.2029E-01  0.2109E+00  0.2109E+00
  0.3229E+00  0.2245E+00  0.2113E-01  0.2065E+00  0.2065E+00
  0.3241E+00  0.1818E+00  0.3038E-01  0.2018E+00  0.2018E+00
  0.3250E+00  0.1311E+00  0.7038E-01  0.1978E+00  0.1978E+00

           Distance distribution  function of particle  


       R          P(R)      ERROR

  0.0000E+00  0.0000E+00  0.0000E+00
  0.1855E+01  0.3318E-02  0.1078E-03
  0.3710E+01  0.7302E-02  0.1041E-03
  0.5565E+01  0.1201E-01  0.2937E-04
  0.7420E+01  0.1750E-01  0.7465E-04
  0.9275E+01  0.2383E-01  0.1479E-03
  0.1113E+02  0.3100E-01  0.1653E-03
  0.1298E+02  0.3895E-01  0.1216E-03
  0.1484E+02  0.4753E-01  0.4932E-04
  0.1670E+02  0.5651E-01  0.8938E-04
  0.1855E+02  0.6560E-01  0.1572E-03
  0.2041E+02  0.7447E-01  0.1754E-03
  0.2226E+02  0.8282E-01  0.1362E-03
  0.2411E+02  0.9036E-01  0.7221E-04
  0.2597E+02  0.9693E-01  0.1015E-03
  0.2782E+02  0.1024E+00  0.1742E-03
  0.2968E+02  0.1068E+00  0.2071E-03
  0.3154E+02  0.1103E+00  0.1868E-03
  0.3339E+02  0.1128E+00  0.1375E-03
  0.3524E+02  0.1146E+00  0.1298E-03
  0.3710E+02  0.1158E+00  0.1799E-03
  0.3895E+02  0.1164E+00  0.2170E-03
  0.4081E+02  0.1166E+00  0.2116E-03
  0.4266E+02  0.1163E+00  0.1794E-03
  0.4452E+02  0.1156E+00  0.1742E-03
  0.4638E+02  0.1146E+00  0.2176E-03
  0.4823E+02  0.1134E+00  0.2605E-03
  0.5009E+02  0.1119E+00  0.2694E-03
  0.5194E+02  0.1105E+00  0.2492E-03
  0.5380E+02  0.1091E+00  0.2353E-03
  0.5565E+02  0.1078E+00  0.2549E-03
  0.5751E+02  0.1067E+00  0.2851E-03
  0.5936E+02  0.1057E+00  0.2933E-03
  0.6121E+02  0.1048E+00  0.2776E-03
  0.6307E+02  0.1038E+00  0.2679E-03
  0.6492E+02  0.1025E+00  0.2910E-03
  0.6678E+02  0.1010E+00  0.3278E-03
  0.6864E+02  0.9918E-01  0.3439E-03
  0.7049E+02  0.9710E-01  0.3296E-03
  0.7234E+02  0.9486E-01  0.3081E-03
  0.7420E+02  0.9258E-01  0.3143E-03
  0.7605E+02  0.9037E-01  0.3481E-03
  0.7791E+02  0.8829E-01  0.3776E-03
  0.7977E+02  0.8632E-01  0.3855E-03
  0.8162E+02  0.8439E-01  0.3849E-03
  0.8347E+02  0.8240E-01  0.4014E-03
  0.8533E+02  0.8022E-01  0.4361E-03
  0.8719E+02  0.7778E-01  0.4627E-03
  0.8904E+02  0.7505E-01  0.4604E-03
  0.9089E+02  0.7209E-01  0.4348E-03
  0.9275E+02  0.6900E-01  0.4152E-03
  0.9461E+02  0.6594E-01  0.4255E-03
  0.9646E+02  0.6305E-01  0.4541E-03
  0.9831E+02  0.6042E-01  0.4746E-03
  0.1002E+03  0.5808E-01  0.4814E-03
  0.1020E+03  0.5601E-01  0.4926E-03
  0.1039E+03  0.5411E-01  0.5252E-03
  0.1057E+03  0.5229E-01  0.5690E-03
  0.1076E+03  0.5047E-01  0.5985E-03
  0.1094E+03  0.4863E-01  0.5985E-03
  0.1113E+03  0.4678E-01  0.5757E-03
  0.1132E+03  0.4500E-01  0.5509E-03
  0.1150E+03  0.4338E-01  0.5408E-03
  0.1169E+03  0.4198E-01  0.5452E-03
  0.1187E+03  0.4083E-01  0.5557E-03
  0.1206E+03  0.3986E-01  0.5705E-03
  0.1224E+03  0.3896E-01  0.5922E-03
  0.1243E+03  0.3800E-01  0.6165E-03
  0.1261E+03  0.3685E-01  0.6306E-03
  0.1280E+03  0.3546E-01  0.6245E-03
  0.1298E+03  0.3386E-01  0.5991E-03
  0.1317E+03  0.3216E-01  0.5656E-03
  0.1336E+03  0.3052E-01  0.5359E-03
  0.1354E+03  0.2910E-01  0.5169E-03
  0.1373E+03  0.2800E-01  0.5131E-03
  0.1391E+03  0.2723E-01  0.5303E-03
  0.1410E+03  0.2667E-01  0.5659E-03
  0.1428E+03  0.2614E-01  0.6026E-03
  0.1447E+03  0.2541E-01  0.6195E-03
  0.1465E+03  0.2431E-01  0.6087E-03
  0.1484E+03  0.2279E-01  0.5829E-03
  0.1503E+03  0.2094E-01  0.5645E-03
  0.1521E+03  0.1897E-01  0.5611E-03
  0.1540E+03  0.1717E-01  0.5566E-03
  0.1558E+03  0.1581E-01  0.5351E-03
  0.1577E+03  0.1501E-01  0.5072E-03
  0.1595E+03  0.1473E-01  0.5055E-03
  0.1614E+03  0.1473E-01  0.5413E-03
  0.1632E+03  0.1465E-01  0.5822E-03
  0.1651E+03  0.1409E-01  0.5902E-03
  0.1669E+03  0.1282E-01  0.5570E-03
  0.1688E+03  0.1087E-01  0.5087E-03
  0.1707E+03  0.8589E-02  0.4806E-03
  0.1725E+03  0.6586E-02  0.4749E-03
  0.1744E+03  0.5569E-02  0.4671E-03
  0.1762E+03  0.6048E-02  0.4669E-03
  0.1781E+03  0.8017E-02  0.5294E-03
  0.1799E+03  0.1066E-01  0.6493E-03
  0.1818E+03  0.1218E-01  0.7119E-03
  0.1836E+03  0.9797E-02  0.5552E-03
  0.1855E+03  0.0000E+00  0.0000E+00
          Reciprocal space: Rg =   56.46     , I(0) =   0.1332E+03
     Real space: Rg =   56.84 +- 0.196  I(0) =   0.1333E+03 +-  0.6097E+00
